0.12036895751953125, 22771
0.12036895751953125, 22770
0.12036895751953125, 22769
0.12036895751953125, 22768
0.12102341651916504, 22767
0.12102341651916504, 22766
0.12102341651916504, 22765
0.12102341651916504, 22764
0.12102341651916504, 22763
0.12102341651916504, 22762
0.12102341651916504, 22761
0.12102341651916504, 22760
0.12203311920166016, 22759
0.12203311920166016, 22758
0.12203311920166016, 22757
0.12203311920166016, 22756
0.12203311920166016, 22755
0.12203311920166016, 22754
0.12203311920166016, 22753
0.12203311920166016, 22752
0.12303280830383301, 22751
0.12303280830383301, 22750
0.12303280830383301, 22749
0.12303280830383301, 22748
0.12303280830383301, 22747
0.12303280830383301, 22746
0.12303280830383301, 22745
0.12403345108032227, 22744
0.12403345108032227, 22743
0.12403345108032227, 22742
0.12403345108032227, 22741
0.12403345108032227, 22740
0.12403345108032227, 22739
0.12403345108032227, 22738
0.12503433227539062, 22737
0.12503433227539062, 22736
0.12503433227539062, 22735
0.12503433227539062, 22734
0.12503433227539062, 22733
0.12503433227539062, 22732
0.12503433227539062, 22731
0.12503433227539062, 22730
0.12603235244750977, 22729
0.12603235244750977, 22728
0.12603235244750977, 22727
0.12603235244750977, 22726
0.12603235244750977, 22725
0.12676048278808594, 22724
0.12676048278808594, 22723
0.12703347206115723, 22722
0.12703347206115723, 22721
0.12703347206115723, 22720
0.12703347206115723, 22719
0.12703347206115723, 22718
0.12703347206115723, 22717
0.12703347206115723, 22716
0.12703347206115723, 22715
0.12803244590759277, 22714
0.12803244590759277, 22713
0.12803244590759277, 22712
0.12803244590759277, 22711
0.12803244590759277, 22710
0.12803244590759277, 22709
0.12803244590759277, 22708
0.12903261184692383, 22707
0.12903261184692383, 22706
0.12903261184692383, 22705
0.12903261184692383, 22704
0.12903261184692383, 22703
0.12975621223449707, 22702
0.12975621223449707, 22701
0.12975621223449707, 22700
0.12975621223449707, 22699
0.13026189804077148, 22698
0.13026189804077148, 22697
0.13026189804077148, 22696
0.13026189804077148, 22695
0.13026189804077148, 22694
0.13026189804077148, 22693
0.13026189804077148, 22692
0.1312696933746338, 22691
0.1312696933746338, 22690
0.1312696933746338, 22689
0.1312696933746338, 22688
0.1312696933746338, 22687
0.1312696933746338, 22686
0.1312696933746338, 22685
0.1312696933746338, 22684
0.13235092163085938, 22683
0.13235092163085938, 22682
0.13235092163085938, 22681
0.13235092163085938, 22680
0.13235092163085938, 22679
0.13235092163085938, 22678
0.13235092163085938, 22677
0.1332695484161377, 22676
0.1332695484161377, 22675
0.1332695484161377, 22674
0.1332695484161377, 22673
0.1332695484161377, 22672
0.1332695484161377, 22671
0.1332695484161377, 22670
0.13426995277404785, 22669
0.13426995277404785, 22668
0.13426995277404785, 22667
0.13426995277404785, 22666
0.13478612899780273, 22665
0.13478612899780273, 22664
0.13478612899780273, 22663
0.13478612899780273, 22662
0.135270357131958, 22661
0.135270357131958, 22660
0.135270357131958, 22659
0.135270357131958, 22658
0.135270357131958, 22657
0.135270357131958, 22656
0.135270357131958, 22655
0.13627076148986816, 22654
0.13627076148986816, 22653
0.13627076148986816, 22652
0.13627076148986816, 22651
0.13627076148986816, 22650
0.13627076148986816, 22649
0.13727164268493652, 22648
0.13727164268493652, 22647
0.13727164268493652, 22646
0.13727164268493652, 22645
0.13727164268493652, 22644
0.13727164268493652, 22643
0.13727164268493652, 22642
0.13727164268493652, 22641
0.13826966285705566, 22640
0.13826966285705566, 22639
0.13826966285705566, 22638
0.13826966285705566, 22637
0.13826966285705566, 22636
0.13826966285705566, 22635
0.13826966285705566, 22634
0.13926911354064941, 22633
0.13926911354064941, 22632
0.13926911354064941, 22631
0.13926911354064941, 22630
0.13926911354064941, 22629
0.13926911354064941, 22628
0.13926911354064941, 22627
0.14027118682861328, 22626
0.14027118682861328, 22625
0.14027118682861328, 22624
0.14027118682861328, 22623
0.14027118682861328, 22622
0.14027118682861328, 22621
0.14027118682861328, 22620
0.14027118682861328, 22619
0.14127016067504883, 22618
0.14127016067504883, 22617
0.14127016067504883, 22616
0.14127016067504883, 22615
0.14127016067504883, 22614
0.14127016067504883, 22613
0.14127016067504883, 22612
0.14226865768432617, 22611
0.14226865768432617, 22610
0.14226865768432617, 22609
0.14226865768432617, 22608
0.14226865768432617, 22607
0.14226865768432617, 22606
0.14226865768432617, 22605
0.14226865768432617, 22604
0.14326930046081543, 22603
0.14326930046081543, 22602
0.14326930046081543, 22601
0.14326930046081543, 22600
0.14326930046081543, 22599
0.14326930046081543, 22598
0.14326930046081543, 22597
0.14426922798156738, 22596
0.14426922798156738, 22595
0.14426922798156738, 22594
0.14426922798156738, 22593
0.14426922798156738, 22592
0.14426922798156738, 22591
0.14426922798156738, 22590
0.14426922798156738, 22589
0.14526867866516113, 22588
0.14526867866516113, 22587
0.14526867866516113, 22586
0.14526867866516113, 22585
0.14526867866516113, 22584
0.14526867866516113, 22583
0.14526867866516113, 22582
0.1462695598602295, 22581
0.1462695598602295, 22580
0.1462695598602295, 22579
0.1462695598602295, 22578
0.1462695598602295, 22577
0.1462695598602295, 22576
0.1462695598602295, 22575
0.1462695598602295, 22574
0.14726924896240234, 22573
0.14726924896240234, 22572
0.14761066436767578, 22571
0.14761066436767578, 22570
0.14761066436767578, 22569
0.14761066436767578, 22568
0.14761066436767578, 22567
0.1482691764831543, 22566
0.1482691764831543, 22565
0.1482691764831543, 22564
0.1482691764831543, 22563
0.1482691764831543, 22562
0.1482691764831543, 22561
0.1482691764831543, 22560
0.14926886558532715, 22559
0.14934921264648438, 22558
0.14934921264648438, 22557
0.14934921264648438, 22556
0.14934921264648438, 22555
0.14934921264648438, 22554
0.14934921264648438, 22553
0.14934921264648438, 22552
0.15027165412902832, 22551
0.15027165412902832, 22550
0.15027165412902832, 22549
0.15027165412902832, 22548
0.15027165412902832, 22547
0.15027165412902832, 22546
0.15027165412902832, 22545
0.15127086639404297, 22544
0.15127086639404297, 22543
0.15127086639404297, 22542
0.15127086639404297, 22541
0.15127086639404297, 22540
0.15127086639404297, 22539
0.15227031707763672, 22538
0.15227031707763672, 22537
0.15227031707763672, 22536
0.15227031707763672, 22535
0.15227031707763672, 22534
0.15227031707763672, 22533
0.15227031707763672, 22532
0.15227031707763672, 22531
0.15327119827270508, 22530
0.15327119827270508, 22529
0.15327119827270508, 22528
0.15327119827270508, 22527
0.15327119827270508, 22526
0.15327119827270508, 22525
0.15327119827270508, 22524
0.15426921844482422, 22523
0.15426921844482422, 22522
0.15426921844482422, 22521
0.15426921844482422, 22520
0.15426921844482422, 22519
0.15426921844482422, 22518
0.15426921844482422, 22517
0.15426921844482422, 22516
0.15527105331420898, 22515
0.15527105331420898, 22514
0.15527105331420898, 22513
0.15527105331420898, 22512
0.15527105331420898, 22511
0.15527105331420898, 22510
0.15527105331420898, 22509
0.15627098083496094, 22508
0.15637493133544922, 22507
0.15637493133544922, 22506
0.15637493133544922, 22505
0.15637493133544922, 22504
0.15637493133544922, 22503
0.15637493133544922, 22502
0.1572716236114502, 22501
0.1572716236114502, 22500
0.1572716236114502, 22499
0.1572716236114502, 22498
0.1572716236114502, 22497
0.1572716236114502, 22496
0.1572716236114502, 22495
0.1572716236114502, 22494
0.15827250480651855, 22493
0.15827250480651855, 22492
0.15827250480651855, 22491
0.15827250480651855, 22490
0.15827250480651855, 22489
0.15827250480651855, 22488
0.15827250480651855, 22487
0.1592724323272705, 22486
0.1592724323272705, 22485
0.1592724323272705, 22484
0.1592724323272705, 22483
0.1592724323272705, 22482
0.1592724323272705, 22481
0.1592724323272705, 22480
0.16027021408081055, 22479
0.16027021408081055, 22478
0.16027021408081055, 22477
0.16027021408081055, 22476
0.16027021408081055, 22475
0.16027021408081055, 22474
0.16027021408081055, 22473
0.16027021408081055, 22472
0.1612694263458252, 22471
0.1612694263458252, 22470
0.1612694263458252, 22469
0.1612694263458252, 22468
0.1612694263458252, 22467
0.1612694263458252, 22466
0.1612694263458252, 22465
0.16226887702941895, 22464
0.16226887702941895, 22463
0.16226887702941895, 22462
0.16226887702941895, 22461
0.16226887702941895, 22460
0.16226887702941895, 22459
0.16226887702941895, 22458
0.16326904296875, 22457
0.16326904296875, 22456
0.16326904296875, 22455
0.16326904296875, 22454
0.16326904296875, 22453
0.16326904296875, 22452
0.16326904296875, 22451
0.16326904296875, 22450
0.16426944732666016, 22449
0.16426944732666016, 22448
0.16426944732666016, 22447
0.16426944732666016, 22446
0.16426944732666016, 22445
0.16426944732666016, 22444
0.16426944732666016, 22443
0.165269136428833, 22442
0.165269136428833, 22441
0.165269136428833, 22440
0.165269136428833, 22439
0.165269136428833, 22438
0.165269136428833, 22437
0.165269136428833, 22436
0.165269136428833, 22435
0.16626930236816406, 22434
0.16626930236816406, 22433
0.16626930236816406, 22432
0.16626930236816406, 22431
0.16626930236816406, 22430
0.16626930236816406, 22429
0.16626930236816406, 22428
0.16736507415771484, 22427
0.16736507415771484, 22426
0.16736507415771484, 22425
0.16736507415771484, 22424
0.16736507415771484, 22423
0.16736507415771484, 22422
0.16736507415771484, 22421
0.1682720184326172, 22420
0.1682720184326172, 22419
0.1682720184326172, 22418
0.1682720184326172, 22417
0.1682720184326172, 22416
0.1682720184326172, 22415
0.1682720184326172, 22414
0.16927289962768555, 22413
0.16927289962768555, 22412
0.16927289962768555, 22411
0.16927289962768555, 22410
0.16927289962768555, 22409
0.16927289962768555, 22408
0.16927289962768555, 22407
0.17026901245117188, 22406
0.17026901245117188, 22405
0.17026901245117188, 22404
0.17026901245117188, 22403
0.17026901245117188, 22402
0.17026901245117188, 22401
0.17026901245117188, 22400
0.17126917839050293, 22399
0.17126917839050293, 22398
0.17126917839050293, 22397
0.17126917839050293, 22396
0.17126917839050293, 22395
0.17126917839050293, 22394
0.17126917839050293, 22393
0.17126917839050293, 22392
0.17226862907409668, 22391
0.17226862907409668, 22390
0.17226862907409668, 22389
0.17226862907409668, 22388
0.17226862907409668, 22387
0.17226862907409668, 22386
0.17226862907409668, 22385
0.17326974868774414, 22384
0.17326974868774414, 22383
0.17326974868774414, 22382
0.17326974868774414, 22381
0.17326974868774414, 22380
0.17326974868774414, 22379
0.17326974868774414, 22378
0.17326974868774414, 22377
0.1742689609527588, 22376
0.1742689609527588, 22375
0.1742689609527588, 22374
0.1742689609527588, 22373
0.1742689609527588, 22372
0.1742689609527588, 22371
0.1742689609527588, 22370
0.17526865005493164, 22369
0.17526865005493164, 22368
0.17526865005493164, 22367
0.17526865005493164, 22366
0.17526865005493164, 22365
0.17526865005493164, 22364
0.17526865005493164, 22363
0.1762700080871582, 22362
0.1762700080871582, 22361
0.1762700080871582, 22360
0.1762700080871582, 22359
0.1762700080871582, 22358
0.1762700080871582, 22357
0.1762700080871582, 22356
0.1762700080871582, 22355
0.17726922035217285, 22354
0.17726922035217285, 22353
0.17726922035217285, 22352
0.17726922035217285, 22351
0.17726922035217285, 22350
0.17726922035217285, 22349
0.17726922035217285, 22348
0.1782691478729248, 22347
0.1782691478729248, 22346
0.1782691478729248, 22345
0.1782691478729248, 22344
0.1782691478729248, 22343
0.1782691478729248, 22342
0.17902684211730957, 22341
0.17902684211730957, 22340
0.17927002906799316, 22339
0.17927002906799316, 22338
0.17927002906799316, 22337
0.17927002906799316, 22336
0.17927002906799316, 22335
0.17927002906799316, 22334
0.17927002906799316, 22333
0.18022966384887695, 22332
0.18022966384887695, 22331
0.18022966384887695, 22330
0.18022966384887695, 22329
0.18022966384887695, 22328
0.18022966384887695, 22327
0.18111443519592285, 22326
0.18123984336853027, 22325
0.18123984336853027, 22324
0.18123984336853027, 22323
0.18123984336853027, 22322
0.18123984336853027, 22321
0.18123984336853027, 22320
0.18123984336853027, 22319
0.18223905563354492, 22318
0.18223905563354492, 22317
0.18223905563354492, 22316
0.18223905563354492, 22315
0.18223905563354492, 22314
0.18223905563354492, 22313
0.18223905563354492, 22312
0.18323898315429688, 22311
0.18323898315429688, 22310
0.18323898315429688, 22309
0.18323898315429688, 22308
0.18323898315429688, 22307
0.18323898315429688, 22306
0.18323898315429688, 22305
0.18424153327941895, 22304
0.18424153327941895, 22303
0.18424153327941895, 22302
0.18424153327941895, 22301
0.18424153327941895, 22300
0.18424153327941895, 22299
0.18424153327941895, 22298
0.1852409839630127, 22297
0.1852409839630127, 22296
0.1852409839630127, 22295
0.1852409839630127, 22294
0.1852409839630127, 22293
0.1852409839630127, 22292
0.1852409839630127, 22291
0.1852409839630127, 22290
0.18624043464660645, 22289
0.18624043464660645, 22288
0.18624043464660645, 22287
0.18624043464660645, 22286
0.18624043464660645, 22285
0.18624043464660645, 22284
0.18624043464660645, 22283
0.18719816207885742, 22282
0.18719816207885742, 22281
0.18719816207885742, 22280
0.18719816207885742, 22279
0.18719816207885742, 22278
0.18719816207885742, 22277
0.18719816207885742, 22276
0.18823981285095215, 22275
0.18823981285095215, 22274
0.18823981285095215, 22273
0.18823981285095215, 22272
0.18823981285095215, 22271
0.18888521194458008, 22270
0.18888521194458008, 22269
0.18888521194458008, 22268
0.1892402172088623, 22267
0.1892402172088623, 22266
0.1892402172088623, 22265
0.1892402172088623, 22264
0.1892402172088623, 22263
0.1892402172088623, 22262
0.1892402172088623, 22261
0.19023418426513672, 22260
0.19023418426513672, 22259
0.19023418426513672, 22258
0.19023418426513672, 22257
0.19023418426513672, 22256
0.19023418426513672, 22255
0.19023418426513672, 22254
0.19124341011047363, 22253
0.19124341011047363, 22252
0.19124341011047363, 22251
0.19124341011047363, 22250
0.19124341011047363, 22249
0.19124341011047363, 22248
0.19124341011047363, 22247
0.19124341011047363, 22246
0.19224333763122559, 22245
0.19224333763122559, 22244
0.19224333763122559, 22243
0.19224333763122559, 22242
0.19224333763122559, 22241
0.19224333763122559, 22240
0.19224333763122559, 22239
0.19324207305908203, 22238
0.19324207305908203, 22237
0.19324207305908203, 22236
0.19324207305908203, 22235
0.19324207305908203, 22234
0.19324207305908203, 22233
0.19324207305908203, 22232
0.1942427158355713, 22231
0.1942427158355713, 22230
0.1942427158355713, 22229
0.1942427158355713, 22228
0.1942427158355713, 22227
0.1942427158355713, 22226
0.1942427158355713, 22225
0.1942427158355713, 22224
0.19524192810058594, 22223
0.19524192810058594, 22222
0.19524192810058594, 22221
0.19524192810058594, 22220
0.19524192810058594, 22219
0.19524192810058594, 22218
0.19524192810058594, 22217
0.1962416172027588, 22216
0.1962416172027588, 22215
0.1962416172027588, 22214
0.1962416172027588, 22213
0.1962416172027588, 22212
0.1962416172027588, 22211
0.1962416172027588, 22210
0.1962416172027588, 22209
0.19724273681640625, 22208
0.19724273681640625, 22207
0.19724273681640625, 22206
0.19724273681640625, 22205
0.19724273681640625, 22204
0.19724273681640625, 22203
0.19724273681640625, 22202
0.1982417106628418, 22201
0.19833588600158691, 22200
0.19833588600158691, 22199
0.19833588600158691, 22198
0.19833588600158691, 22197
0.19833588600158691, 22196
0.19833588600158691, 22195
0.19924163818359375, 22194
0.19924163818359375, 22193
0.19924163818359375, 22192
0.19924163818359375, 22191
0.19924163818359375, 22190
0.19924163818359375, 22189
0.2002425193786621, 22188
0.2002425193786621, 22187
0.2002425193786621, 22186
0.2002425193786621, 22185
0.2002425193786621, 22184
0.2002425193786621, 22183
0.2002425193786621, 22182
0.20124125480651855, 22181
0.20124125480651855, 22180
0.20124125480651855, 22179
0.20124125480651855, 22178
0.20124125480651855, 22177
0.20124125480651855, 22176
0.20124125480651855, 22175
0.2022409439086914, 22174
0.2022409439086914, 22173
0.2022409439086914, 22172
0.2022409439086914, 22171
0.2022409439086914, 22170
0.2022409439086914, 22169
0.2022409439086914, 22168
0.20324110984802246, 22167
0.20324110984802246, 22166
0.20324110984802246, 22165
0.20324110984802246, 22164
0.20324110984802246, 22163
0.20324110984802246, 22162
0.20324110984802246, 22161
0.20424127578735352, 22160
0.20424127578735352, 22159
0.20424127578735352, 22158
0.20424127578735352, 22157
0.20424127578735352, 22156
0.20424127578735352, 22155
0.20424127578735352, 22154
0.20424127578735352, 22153
0.20524096488952637, 22152
0.20524096488952637, 22151
0.20524096488952637, 22150
0.20524096488952637, 22149
0.20524096488952637, 22148
0.20524096488952637, 22147
0.20524096488952637, 22146
0.20624113082885742, 22145
0.20624113082885742, 22144
0.20624113082885742, 22143
0.20624113082885742, 22142
0.20624113082885742, 22141
0.20624113082885742, 22140
0.20624113082885742, 22139
0.20724105834960938, 22138
0.20724105834960938, 22137
0.20724105834960938, 22136
0.20724105834960938, 22135
0.20724105834960938, 22134
0.20724105834960938, 22133
0.20724105834960938, 22132
0.20824098587036133, 22131
0.20824098587036133, 22130
0.20824098587036133, 22129
0.20824098587036133, 22128
0.20824098587036133, 22127
0.20824098587036133, 22126
0.20824098587036133, 22125
0.20824098587036133, 22124
0.20924091339111328, 22123
0.20924091339111328, 22122
0.20924091339111328, 22121
0.20924091339111328, 22120
0.20924091339111328, 22119
0.20924091339111328, 22118
0.20924091339111328, 22117
0.21024060249328613, 22116
0.21024060249328613, 22115
0.21024060249328613, 22114
0.21024060249328613, 22113
0.21024060249328613, 22112
0.21024060249328613, 22111
0.21024060249328613, 22110
0.2112584114074707, 22109
0.2112584114074707, 22108
0.2112584114074707, 22107
0.2112584114074707, 22106
0.2112584114074707, 22105
0.2112584114074707, 22104
0.2112584114074707, 22103
0.21225833892822266, 22102
0.21225833892822266, 22101
0.21225833892822266, 22100
0.21225833892822266, 22099
0.21225833892822266, 22098
0.21225833892822266, 22097
0.21225833892822266, 22096
0.21225833892822266, 22095
0.2132582664489746, 22094
0.2132582664489746, 22093
0.2132582664489746, 22092
0.2132582664489746, 22091
0.2132582664489746, 22090
0.2132582664489746, 22089
0.2132582664489746, 22088
0.21425843238830566, 22087
0.21425843238830566, 22086
0.21425843238830566, 22085
0.21425843238830566, 22084
0.21425843238830566, 22083
0.21425843238830566, 22082
0.21425843238830566, 22081
0.21525859832763672, 22080
0.21525859832763672, 22079
0.21525859832763672, 22078
0.21525859832763672, 22077
0.21525859832763672, 22076
0.21625947952270508, 22075
0.21625947952270508, 22074
0.21625947952270508, 22073
0.21625947952270508, 22072
0.21625947952270508, 22071
0.21625947952270508, 22070
0.21625947952270508, 22069
0.21725893020629883, 22068
0.21725893020629883, 22067
0.2176213264465332, 22066
0.2176213264465332, 22065
0.2176213264465332, 22064
0.2176213264465332, 22063
0.2182612419128418, 22062
0.2182612419128418, 22061
0.2182612419128418, 22060
0.2182612419128418, 22059
0.2182612419128418, 22058
0.2182612419128418, 22057
0.2182612419128418, 22056
0.21926021575927734, 22055
0.21926021575927734, 22054
0.21926021575927734, 22053
0.21980714797973633, 22052
0.21980714797973633, 22051
0.21980714797973633, 22050
0.21980714797973633, 22049
0.22031497955322266, 22048
0.22031497955322266, 22047
0.22031497955322266, 22046
0.22031497955322266, 22045
0.22031497955322266, 22044
0.22031497955322266, 22043
0.22031497955322266, 22042
0.22132396697998047, 22041
0.22132396697998047, 22040
0.22132396697998047, 22039
0.22132396697998047, 22038
0.22132396697998047, 22037
0.22132396697998047, 22036
0.22132396697998047, 22035
0.22232389450073242, 22034
0.22232389450073242, 22033
0.22232389450073242, 22032
0.22232389450073242, 22031
0.22232389450073242, 22030
0.22232389450073242, 22029
0.22232389450073242, 22028
0.22232389450073242, 22027
0.22332406044006348, 22026
0.22332406044006348, 22025
0.22332406044006348, 22024
0.22332406044006348, 22023
0.22332406044006348, 22022
0.22332406044006348, 22021
0.22332406044006348, 22020
0.22432374954223633, 22019
0.22432374954223633, 22018
0.22432374954223633, 22017
0.22432374954223633, 22016
0.22432374954223633, 22015
0.22432374954223633, 22014
0.22432374954223633, 22013
0.22532367706298828, 22012
0.22532367706298828, 22011
0.22532367706298828, 22010
0.22532367706298828, 22009
0.22532367706298828, 22008
0.22532367706298828, 22007
0.22532367706298828, 22006
0.22532367706298828, 22005
0.22632431983947754, 22004
0.22632431983947754, 22003
0.22632431983947754, 22002
0.22677826881408691, 22001
0.22677826881408691, 22000
0.22677826881408691, 21999
0.22677826881408691, 21998
0.2273240089416504, 21997
0.2273240089416504, 21996
0.2273240089416504, 21995
0.2273240089416504, 21994
0.2273240089416504, 21993
0.2273240089416504, 21992
0.2273240089416504, 21991
0.22832393646240234, 21990
0.22832393646240234, 21989
0.22832393646240234, 21988
0.22832393646240234, 21987
0.22832393646240234, 21986
0.22832393646240234, 21985
0.22832393646240234, 21984
0.2293241024017334, 21983
0.2293241024017334, 21982
0.2293241024017334, 21981
0.2293241024017334, 21980
0.2293241024017334, 21979
0.2293241024017334, 21978
0.2293241024017334, 21977
0.23042750358581543, 21976
0.23042750358581543, 21975
0.23042750358581543, 21974
0.23042750358581543, 21973
0.23042750358581543, 21972
0.23042750358581543, 21971
0.23138189315795898, 21970
0.23138189315795898, 21969
0.23138189315795898, 21968
0.23138189315795898, 21967
0.23138189315795898, 21966
0.23138189315795898, 21965
0.23138189315795898, 21964
0.23238158226013184, 21963
0.23238158226013184, 21962
0.23238158226013184, 21961
0.23238158226013184, 21960
0.23238158226013184, 21959
0.23238158226013184, 21958
0.23238158226013184, 21957
0.23338055610656738, 21956
0.23338055610656738, 21955
0.23338055610656738, 21954
0.233811616897583, 21953
0.233811616897583, 21952
0.233811616897583, 21951
0.233811616897583, 21950
0.23438000679016113, 21949
0.23438000679016113, 21948
0.23438000679016113, 21947
0.23438000679016113, 21946
0.23438000679016113, 21945
0.23438000679016113, 21944
0.23438000679016113, 21943
0.2353804111480713, 21942
0.2353804111480713, 21941
0.2353804111480713, 21940
0.2353804111480713, 21939
0.2353804111480713, 21938
0.2353804111480713, 21937
0.2353804111480713, 21936
0.23638081550598145, 21935
0.23638081550598145, 21934
0.23638081550598145, 21933
0.23638081550598145, 21932
0.23638081550598145, 21931
0.23638081550598145, 21930
0.23638081550598145, 21929
0.2373805046081543, 21928
0.2373805046081543, 21927
0.2373805046081543, 21926
0.2373805046081543, 21925
0.2373805046081543, 21924
0.2373805046081543, 21923
0.2373805046081543, 21922
0.23838138580322266, 21921
0.23838138580322266, 21920
0.23838138580322266, 21919
0.23838138580322266, 21918
0.23838138580322266, 21917
0.23838138580322266, 21916
0.23838138580322266, 21915
0.23838138580322266, 21914
0.2393810749053955, 21913
0.2393810749053955, 21912
0.2393810749053955, 21911
0.2393810749053955, 21910
0.2393810749053955, 21909
0.2393810749053955, 21908
0.2393810749053955, 21907
0.24038028717041016, 21906
0.24038028717041016, 21905
0.24038028717041016, 21904
0.24038028717041016, 21903
0.24038028717041016, 21902
0.24038028717041016, 21901
0.24038028717041016, 21900
0.24138188362121582, 21899
0.24138188362121582, 21898
0.24138188362121582, 21897
0.24138188362121582, 21896
0.24138188362121582, 21895
0.24138188362121582, 21894
0.24138188362121582, 21893
0.24238038063049316, 21892
0.24238038063049316, 21891
0.24238038063049316, 21890
0.24282479286193848, 21889
0.24282479286193848, 21888
0.24282479286193848, 21887
0.24282479286193848, 21886
0.24338030815124512, 21885
0.24338030815124512, 21884
0.24338030815124512, 21883
0.24338030815124512, 21882
0.24338030815124512, 21881
0.24338030815124512, 21880
0.24417877197265625, 21879
0.24438023567199707, 21878
0.24438023567199707, 21877
0.24438023567199707, 21876
0.24438023567199707, 21875
0.24438023567199707, 21874
0.24438023567199707, 21873
0.24438023567199707, 21872
0.24438023567199707, 21871
0.24538040161132812, 21870
0.24538040161132812, 21869
0.24572539329528809, 21868
0.24572539329528809, 21867
0.24572539329528809, 21866
0.24572539329528809, 21865
0.24638128280639648, 21864
0.24638128280639648, 21863
0.24638128280639648, 21862
0.24638128280639648, 21861
0.24638128280639648, 21860
0.24638128280639648, 21859
0.24638128280639648, 21858
0.24738025665283203, 21857
0.24738025665283203, 21856
0.24738025665283203, 21855
0.24738025665283203, 21854
0.24738025665283203, 21853
0.24738025665283203, 21852
0.24738025665283203, 21851
0.24838042259216309, 21850
0.24838042259216309, 21849
0.24838042259216309, 21848
0.24838042259216309, 21847
0.24838042259216309, 21846
0.24838042259216309, 21845
0.24838042259216309, 21844
0.24938058853149414, 21843
0.24938058853149414, 21842
0.24938058853149414, 21841
0.24938058853149414, 21840
0.24938058853149414, 21839
0.24938058853149414, 21838
0.24938058853149414, 21837
0.2503812313079834, 21836
0.2503812313079834, 21835
0.2503812313079834, 21834
0.2503812313079834, 21833
0.2503812313079834, 21832
0.2503812313079834, 21831
0.2503812313079834, 21830
0.25138187408447266, 21829
0.25138187408447266, 21828
0.25138187408447266, 21827
0.25138187408447266, 21826
0.25138187408447266, 21825
0.25138187408447266, 21824
0.25138187408447266, 21823
0.25138187408447266, 21822
0.2523806095123291, 21821
0.2523806095123291, 21820
0.2523806095123291, 21819
0.2523806095123291, 21818
0.2523806095123291, 21817
0.2523806095123291, 21816
0.2523806095123291, 21815
0.25338053703308105, 21814
0.25338053703308105, 21813
0.25338053703308105, 21812
0.25338053703308105, 21811
0.25338053703308105, 21810
0.25338053703308105, 21809
0.25338053703308105, 21808
0.254380464553833, 21807
0.254380464553833, 21806
0.254380464553833, 21805
0.254380464553833, 21804
0.254380464553833, 21803
0.254380464553833, 21802
0.254380464553833, 21801
0.25538039207458496, 21800
0.25538039207458496, 21799
0.25538039207458496, 21798
0.25538039207458496, 21797
0.25538039207458496, 21796
0.25538039207458496, 21795
0.25538039207458496, 21794
0.256380558013916, 21793
0.256380558013916, 21792
0.256380558013916, 21791
0.256380558013916, 21790
0.256380558013916, 21789
0.256380558013916, 21788
0.256380558013916, 21787
0.2573816776275635, 21786
0.2573816776275635, 21785
0.2573816776275635, 21784
0.2573816776275635, 21783
0.2573816776275635, 21782
0.2573816776275635, 21781
0.2573816776275635, 21780
0.2573816776275635, 21779
0.258380651473999, 21778
0.258380651473999, 21777
0.258380651473999, 21776
0.258380651473999, 21775
0.258380651473999, 21774
0.258380651473999, 21773
0.258380651473999, 21772
0.2593803405761719, 21771
0.2593803405761719, 21770
0.2593803405761719, 21769
0.2593803405761719, 21768
0.2593803405761719, 21767
0.2593803405761719, 21766
0.2593803405761719, 21765
0.26038026809692383, 21764
0.26038026809692383, 21763
0.26038026809692383, 21762
0.26038026809692383, 21761
0.26038026809692383, 21760
0.26038026809692383, 21759
0.26038026809692383, 21758
0.2613809108734131, 21757
0.2613809108734131, 21756
0.2613809108734131, 21755
0.2613809108734131, 21754
0.2613809108734131, 21753
0.2613809108734131, 21752
0.26238155364990234, 21751
0.26238155364990234, 21750
0.26238155364990234, 21749
0.26238155364990234, 21748
0.26238155364990234, 21747
0.26238155364990234, 21746
0.26238155364990234, 21745
0.263380765914917, 21744
0.263380765914917, 21743
0.263380765914917, 21742
0.263380765914917, 21741
0.263380765914917, 21740
0.263380765914917, 21739
0.263380765914917, 21738
0.26438117027282715, 21737
0.26438117027282715, 21736
0.26438117027282715, 21735
0.26438117027282715, 21734
0.26438117027282715, 21733
0.26438117027282715, 21732
0.26438117027282715, 21731
0.2653803825378418, 21730
0.2653803825378418, 21729
0.2653803825378418, 21728
0.2653803825378418, 21727
0.2653803825378418, 21726
0.2653803825378418, 21725
0.2653803825378418, 21724
0.26638221740722656, 21723
0.26638221740722656, 21722
0.26638221740722656, 21721
0.26638221740722656, 21720
0.26638221740722656, 21719
0.26638221740722656, 21718
0.26638221740722656, 21717
0.267380952835083, 21716
0.267380952835083, 21715
0.267380952835083, 21714
0.267380952835083, 21713
0.267380952835083, 21712
0.267380952835083, 21711
0.267380952835083, 21710
0.26838111877441406, 21709
0.26838111877441406, 21708
0.26838111877441406, 21707
0.26838111877441406, 21706
0.26838111877441406, 21705
0.26838111877441406, 21704
0.26838111877441406, 21703
0.2693808078765869, 21702
0.2693808078765869, 21701
0.2693808078765869, 21700
0.2693808078765869, 21699
0.2693808078765869, 21698
0.2693808078765869, 21697
0.2693808078765869, 21696
0.27038097381591797, 21695
0.27038097381591797, 21694
0.27038097381591797, 21693
0.27038097381591797, 21692
0.27038097381591797, 21691
0.27038097381591797, 21690
0.27038097381591797, 21689
0.27138185501098633, 21688
0.27138185501098633, 21687
0.27138185501098633, 21686
0.27138185501098633, 21685
0.27138185501098633, 21684
0.27138185501098633, 21683
0.27138185501098633, 21682
0.2723839282989502, 21681
0.2723839282989502, 21680
0.2723839282989502, 21679
0.2723839282989502, 21678
0.2723839282989502, 21677
0.2723839282989502, 21676
0.2723839282989502, 21675
0.27346014976501465, 21674
0.27346014976501465, 21673
0.27346014976501465, 21672
0.27346014976501465, 21671
0.27346014976501465, 21670
0.27346014976501465, 21669
0.27346014976501465, 21668
0.274381160736084, 21667
0.274381160736084, 21666
0.274381160736084, 21665
0.274381160736084, 21664
0.274381160736084, 21663
0.274381160736084, 21662
0.274381160736084, 21661
0.27538084983825684, 21660
0.27538084983825684, 21659
0.27538084983825684, 21658
0.27538084983825684, 21657
0.27538084983825684, 21656
0.27538084983825684, 21655
0.27538084983825684, 21654
0.2764430046081543, 21653
0.2764430046081543, 21652
0.2764430046081543, 21651
0.2764430046081543, 21650
0.277385950088501, 21649
0.277385950088501, 21648
0.277385950088501, 21647
0.277385950088501, 21646
0.27838587760925293, 21645
0.27838587760925293, 21644
0.27838587760925293, 21643
0.27838587760925293, 21642
0.27938199043273926, 21641
0.27938199043273926, 21640
0.27938199043273926, 21639
0.27938199043273926, 21638
0.27938199043273926, 21637
0.27938199043273926, 21636
0.2803819179534912, 21635
0.2803819179534912, 21634
0.2803819179534912, 21633
0.2803819179534912, 21632
0.2803819179534912, 21631
0.2803819179534912, 21630
0.2803819179534912, 21629
0.28138279914855957, 21628
0.28138279914855957, 21627
0.28138279914855957, 21626
0.28138279914855957, 21625
0.28138279914855957, 21624
0.28138279914855957, 21623
0.28138279914855957, 21622
0.282381534576416, 21621
0.282381534576416, 21620
0.282381534576416, 21619
0.282381534576416, 21618
0.282381534576416, 21617
0.282381534576416, 21616
0.282381534576416, 21615
0.28338146209716797, 21614
0.28338146209716797, 21613
0.28338146209716797, 21612
0.28338146209716797, 21611
0.28338146209716797, 21610
0.28338146209716797, 21609
0.28338146209716797, 21608
0.2843821048736572, 21607
0.2843821048736572, 21606
0.2843821048736572, 21605
0.2843821048736572, 21604
0.2843821048736572, 21603
0.2843821048736572, 21602
0.2843821048736572, 21601
0.2853829860687256, 21600
0.2853829860687256, 21599
0.2853829860687256, 21598
0.2853829860687256, 21597
0.2853829860687256, 21596
0.2860689163208008, 21595
0.2860689163208008, 21594
0.28638172149658203, 21593
0.28638172149658203, 21592
0.28638172149658203, 21591
0.28638172149658203, 21590
0.28638172149658203, 21589
0.28638172149658203, 21588
0.28638172149658203, 21587
0.2873821258544922, 21586
0.287522554397583, 21585
0.287522554397583, 21584
0.287522554397583, 21583
0.287522554397583, 21582
0.287522554397583, 21581
0.287522554397583, 21580
0.28838109970092773, 21579
0.28838109970092773, 21578
0.28838109970092773, 21577
0.28838109970092773, 21576
0.28838109970092773, 21575
0.28838109970092773, 21574
0.28838109970092773, 21573
0.2893807888031006, 21572
0.2893807888031006, 21571
0.2893807888031006, 21570
0.2893807888031006, 21569
0.2893807888031006, 21568
0.2893807888031006, 21567
0.2893807888031006, 21566
0.29038095474243164, 21565
0.29038095474243164, 21564
0.29038095474243164, 21563
0.29038095474243164, 21562
0.29038095474243164, 21561
0.29038095474243164, 21560
0.29038095474243164, 21559
0.2914927005767822, 21558
0.2914927005767822, 21557
0.2914927005767822, 21556
0.2914927005767822, 21555
0.2914927005767822, 21554
0.2914927005767822, 21553
0.29238152503967285, 21552
0.29238152503967285, 21551
0.29238152503967285, 21550
0.29238152503967285, 21549
0.29238152503967285, 21548
0.29238152503967285, 21547
0.29238152503967285, 21546
0.2933812141418457, 21545
0.2933812141418457, 21544
0.2933812141418457, 21543
0.2933812141418457, 21542
0.2933812141418457, 21541
0.2933812141418457, 21540
0.2933812141418457, 21539
0.29438185691833496, 21538
0.29438185691833496, 21537
0.29438185691833496, 21536
0.29438185691833496, 21535
0.29438185691833496, 21534
0.29438185691833496, 21533
0.2951931953430176, 21532
0.295440673828125, 21531
0.295440673828125, 21530
0.295440673828125, 21529
0.295440673828125, 21528
0.295440673828125, 21527
0.295440673828125, 21526
0.295440673828125, 21525
0.29638123512268066, 21524
0.29638123512268066, 21523
0.29638123512268066, 21522
0.29638123512268066, 21521
0.29638123512268066, 21520
0.29638123512268066, 21519
0.29638123512268066, 21518
0.2973814010620117, 21517
0.2973814010620117, 21516
0.2973814010620117, 21515
0.2973814010620117, 21514
0.2973814010620117, 21513
0.2973814010620117, 21512
0.2973814010620117, 21511
0.298382043838501, 21510
0.298382043838501, 21509
0.298382043838501, 21508
0.298382043838501, 21507
0.298382043838501, 21506
0.298382043838501, 21505
0.298382043838501, 21504
0.29938173294067383, 21503
0.29938173294067383, 21502
0.29938173294067383, 21501
0.29938173294067383, 21500
0.29938173294067383, 21499
0.29938173294067383, 21498
0.30025768280029297, 21497
0.30025768280029297, 21496
0.30025768280029297, 21495
0.30025768280029297, 21494
0.30025768280029297, 21493
0.30025768280029297, 21492
0.30025768280029297, 21491
0.301267147064209, 21490
0.301267147064209, 21489
0.301267147064209, 21488
0.301267147064209, 21487
0.301267147064209, 21486
0.301267147064209, 21485
0.301267147064209, 21484
0.30226659774780273, 21483
0.30226659774780273, 21482
0.30226659774780273, 21481
0.30226659774780273, 21480
0.30226659774780273, 21479
0.30226659774780273, 21478
0.30226659774780273, 21477
0.3032665252685547, 21476
0.3032665252685547, 21475
0.3032665252685547, 21474
0.3032665252685547, 21473
0.3032665252685547, 21472
0.3032665252685547, 21471
0.3032665252685547, 21470
0.30426645278930664, 21469
0.30426645278930664, 21468
0.30426645278930664, 21467
0.30426645278930664, 21466
0.30426645278930664, 21465
0.30426645278930664, 21464
0.30426645278930664, 21463
0.3052666187286377, 21462
0.3052666187286377, 21461
0.3052666187286377, 21460
0.3052666187286377, 21459
0.3052666187286377, 21458
0.3052666187286377, 21457
0.3052666187286377, 21456
0.30626654624938965, 21455
0.30626654624938965, 21454
0.30626654624938965, 21453
0.30626654624938965, 21452
0.30626654624938965, 21451
0.30626654624938965, 21450
0.30626654624938965, 21449
0.3072669506072998, 21448
0.3072669506072998, 21447
0.3072669506072998, 21446
0.3072669506072998, 21445
0.3082692623138428, 21444
0.3082692623138428, 21443
0.3082692623138428, 21442
0.3082692623138428, 21441
0.3082692623138428, 21440
0.3082692623138428, 21439
0.3082692623138428, 21438
0.30927038192749023, 21437
0.30927038192749023, 21436
0.30927038192749023, 21435
0.30927038192749023, 21434
0.30927038192749023, 21433
0.31026577949523926, 21432
0.31026577949523926, 21431
0.31026577949523926, 21430
0.31026577949523926, 21429
0.31026577949523926, 21428
0.31026577949523926, 21427
0.31026577949523926, 21426
0.31131434440612793, 21425
0.31131434440612793, 21424
0.31131434440612793, 21423
0.31131434440612793, 21422
0.31131434440612793, 21421
0.31238532066345215, 21420
0.31238532066345215, 21419
0.31238532066345215, 21418
0.31238532066345215, 21417
0.31238532066345215, 21416
0.31238532066345215, 21415
0.3133127689361572, 21414
0.3133127689361572, 21413
0.3133127689361572, 21412
0.3133127689361572, 21411
0.3133127689361572, 21410
0.3133127689361572, 21409
0.3133127689361572, 21408
0.3143119812011719, 21407
0.3143119812011719, 21406
0.3143119812011719, 21405
0.3143119812011719, 21404
0.3143119812011719, 21403
0.3143119812011719, 21402
0.3143119812011719, 21401
0.31531190872192383, 21400
0.31531190872192383, 21399
0.31531190872192383, 21398
0.31531190872192383, 21397
0.31531190872192383, 21396
0.31531190872192383, 21395
0.31531190872192383, 21394
0.316312313079834, 21393
0.316312313079834, 21392
0.316312313079834, 21391
0.316312313079834, 21390
0.316312313079834, 21389
0.316312313079834, 21388
0.316312313079834, 21387
0.316312313079834, 21386
0.31731224060058594, 21385
0.31731224060058594, 21384
0.31761670112609863, 21383
0.31761670112609863, 21382
0.31761670112609863, 21381
0.31761670112609863, 21380
0.31761670112609863, 21379
0.3183121681213379, 21378
0.3183121681213379, 21377
0.3183121681213379, 21376
0.3183121681213379, 21375
0.3183121681213379, 21374
0.3183121681213379, 21373
0.3183121681213379, 21372
0.31931209564208984, 21371
0.31931209564208984, 21370
0.31931209564208984, 21369
0.31931209564208984, 21368
0.31931209564208984, 21367
0.31931209564208984, 21366
0.31931209564208984, 21365
0.3203120231628418, 21364
0.3203120231628418, 21363
0.3203120231628418, 21362
0.3203120231628418, 21361
0.3203120231628418, 21360
0.3203120231628418, 21359
0.3203120231628418, 21358
0.32131218910217285, 21357
0.32131218910217285, 21356
0.32131218910217285, 21355
0.32131218910217285, 21354
0.32131218910217285, 21353
0.32131218910217285, 21352
0.32131218910217285, 21351
0.3223121166229248, 21350
0.3223121166229248, 21349
0.3223121166229248, 21348
0.3223121166229248, 21347
0.3223121166229248, 21346
0.3223121166229248, 21345
0.3223121166229248, 21344
0.32331228256225586, 21343
0.32331228256225586, 21342
0.32331228256225586, 21341
0.32431554794311523, 21340
0.32431554794311523, 21339
0.32431554794311523, 21338
0.32431554794311523, 21337
0.325314998626709, 21336
0.325314998626709, 21335
0.325314998626709, 21334
0.325314998626709, 21333
0.32631397247314453, 21332
0.32631397247314453, 21331
0.32631397247314453, 21330
0.32631397247314453, 21329
0.3273129463195801, 21328
0.3273129463195801, 21327
0.3273129463195801, 21326
0.3273129463195801, 21325
0.32831382751464844, 21324
0.32860875129699707, 21323
0.32860875129699707, 21322
0.32860875129699707, 21321
0.3293149471282959, 21320
0.3293149471282959, 21319
0.3293149471282959, 21318
0.32999157905578613, 21317
0.32999157905578613, 21316
0.32999157905578613, 21315
0.32999157905578613, 21314
0.33100271224975586, 21313
0.33100271224975586, 21312
0.33100271224975586, 21311
0.33100271224975586, 21310
0.3320047855377197, 21309
0.3320047855377197, 21308
0.3320047855377197, 21307
0.33300089836120605, 21306
0.33300089836120605, 21305
0.33300089836120605, 21304
0.33300089836120605, 21303
0.3340003490447998, 21302
0.3340003490447998, 21301
0.3340003490447998, 21300
0.3340003490447998, 21299
0.33500027656555176, 21298
0.33500027656555176, 21297
0.33500027656555176, 21296
0.33500027656555176, 21295
0.33500027656555176, 21294
0.3360011577606201, 21293
0.3360011577606201, 21292
0.3360011577606201, 21291
0.3360011577606201, 21290
0.33700084686279297, 21289
0.33700084686279297, 21288
0.33700084686279297, 21287
0.33700084686279297, 21286
0.3379998207092285, 21285
0.3379998207092285, 21284
0.3379998207092285, 21283
0.3379998207092285, 21282
0.3379998207092285, 21281
0.33875441551208496, 21280
0.33900022506713867, 21279
0.33900022506713867, 21278
0.33900022506713867, 21277
0.33900022506713867, 21276
0.33900022506713867, 21275
0.34000253677368164, 21274
0.34000253677368164, 21273
0.34000253677368164, 21272
0.34000253677368164, 21271
0.34000253677368164, 21270
0.34000253677368164, 21269
0.3410007953643799, 21268
0.3410007953643799, 21267
0.3410007953643799, 21266
0.3410007953643799, 21265
0.3410007953643799, 21264
0.3410007953643799, 21263
0.3410007953643799, 21262
0.34200072288513184, 21261
0.34200072288513184, 21260
0.34200072288513184, 21259
0.34200072288513184, 21258
0.34200072288513184, 21257
0.34200072288513184, 21256
0.34200072288513184, 21255
0.34200072288513184, 21254
0.3429996967315674, 21253
0.3429996967315674, 21252
0.3429996967315674, 21251
0.3429996967315674, 21250
0.3429996967315674, 21249
0.3429996967315674, 21248
0.34400081634521484, 21247
0.34400081634521484, 21246
0.34400081634521484, 21245
0.34400081634521484, 21244
0.34400081634521484, 21243
0.34400081634521484, 21242
0.34400081634521484, 21241
0.34400081634521484, 21240
0.3450016975402832, 21239
0.3450016975402832, 21238
0.3450016975402832, 21237
0.3450016975402832, 21236
0.3450016975402832, 21235
0.3450016975402832, 21234
0.3450016975402832, 21233
0.34600114822387695, 21232
0.34600114822387695, 21231
0.34600114822387695, 21230
0.34600114822387695, 21229
1.171269416809082, 16708
1.171269416809082, 16707
1.171269416809082, 16706
1.171269416809082, 16705
1.171269416809082, 16704
1.171269416809082, 16703
1.1722676753997803, 16702
1.1722676753997803, 16701
1.1722676753997803, 16700
1.1722676753997803, 16699
1.1722676753997803, 16698
1.1722676753997803, 16697
1.173267126083374, 16696
1.173267126083374, 16695
1.173267126083374, 16694
1.173267126083374, 16693
1.173267126083374, 16692
1.1742706298828125, 16691
1.1742706298828125, 16690
1.1742706298828125, 16689
1.1742706298828125, 16688
1.1742706298828125, 16687
1.1752698421478271, 16686
1.1752698421478271, 16685
1.1752698421478271, 16684
1.1752698421478271, 16683
1.1752698421478271, 16682
1.1752698421478271, 16681
1.1752698421478271, 16680
1.1762683391571045, 16679
1.1762683391571045, 16678
1.1762683391571045, 16677
1.1762683391571045, 16676
1.1762683391571045, 16675
1.1762683391571045, 16674
1.17726731300354, 16673
1.17726731300354, 16672
1.17726731300354, 16671
1.17726731300354, 16670
1.17726731300354, 16669
1.178267240524292, 16668
1.178267240524292, 16667
1.178267240524292, 16666
1.178267240524292, 16665
1.178267240524292, 16664
1.179267406463623, 16663
1.179267406463623, 16662
1.179267406463623, 16661
1.179267406463623, 16660
1.179267406463623, 16659
1.179267406463623, 16658
1.180267333984375, 16657
1.180267333984375, 16656
1.180267333984375, 16655
1.180267333984375, 16654
1.180267333984375, 16653
1.180267333984375, 16652
1.180267333984375, 16651
1.1812694072723389, 16650
1.1812694072723389, 16649
1.1812694072723389, 16648
1.1812694072723389, 16647
1.1812694072723389, 16646
1.1812694072723389, 16645
1.1823179721832275, 16644
1.1823179721832275, 16643
1.1823179721832275, 16642
1.1823179721832275, 16641
1.1823179721832275, 16640
1.1823179721832275, 16639
1.18326735496521, 16638
1.18326735496521, 16637
1.18326735496521, 16636
1.18326735496521, 16635
1.18326735496521, 16634
1.18326735496521, 16633
1.1842670440673828, 16632
1.1842670440673828, 16631
1.1842670440673828, 16630
1.1842670440673828, 16629
1.1842670440673828, 16628
1.1842670440673828, 16627
1.1842670440673828, 16626
1.185267448425293, 16625
1.185267448425293, 16624
1.185267448425293, 16623
1.185267448425293, 16622
1.185267448425293, 16621
1.185267448425293, 16620
1.186267375946045, 16619
1.1863617897033691, 16618
1.1863617897033691, 16617
1.1863617897033691, 16616
1.1863617897033691, 16615
1.1863617897033691, 16614
1.187267541885376, 16613
1.187267541885376, 16612
1.187267541885376, 16611
1.187267541885376, 16610
1.187267541885376, 16609
1.187267541885376, 16608
1.187267541885376, 16607
1.188267707824707, 16606
1.188267707824707, 16605
1.188267707824707, 16604
1.188267707824707, 16603
1.188267707824707, 16602
1.188267707824707, 16601
1.1892695426940918, 16600
1.1892695426940918, 16599
1.1892695426940918, 16598
1.1892695426940918, 16597
1.1892695426940918, 16596
1.1892695426940918, 16595
1.19026780128479, 16594
1.19026780128479, 16593
1.19026780128479, 16592
1.19026780128479, 16591
1.19026780128479, 16590
1.19026780128479, 16589
1.1912691593170166, 16588
1.1912691593170166, 16587
1.1912691593170166, 16586
1.1912691593170166, 16585
1.1912691593170166, 16584
1.1912691593170166, 16583
1.1912691593170166, 16582
1.1922674179077148, 16581
1.1922674179077148, 16580
1.1922674179077148, 16579
1.1922674179077148, 16578
1.1922674179077148, 16577
1.1922674179077148, 16576
1.193267822265625, 16575
1.193267822265625, 16574
1.193267822265625, 16573
1.193267822265625, 16572
1.193267822265625, 16571
1.193267822265625, 16570
1.1942684650421143, 16569
1.1942684650421143, 16568
1.1942684650421143, 16567
1.1942684650421143, 16566
1.1942684650421143, 16565
1.1942684650421143, 16564
1.1952674388885498, 16563
1.1952674388885498, 16562
1.1952674388885498, 16561
1.1952674388885498, 16560
1.1952674388885498, 16559
1.1952674388885498, 16558
1.1952674388885498, 16557
1.1962671279907227, 16556
1.1962671279907227, 16555
1.1962671279907227, 16554
1.1962671279907227, 16553
1.1962671279907227, 16552
1.1962671279907227, 16551
1.197268009185791, 16550
1.197268009185791, 16549
1.197268009185791, 16548
1.197268009185791, 16547
1.197268009185791, 16546
1.197268009185791, 16545
1.198267936706543, 16544
1.198267936706543, 16543
1.198267936706543, 16542
1.198267936706543, 16541
1.198267936706543, 16540
1.198267936706543, 16539
1.198267936706543, 16538
1.199268102645874, 16537
1.199268102645874, 16536
1.199268102645874, 16535
1.199268102645874, 16534
1.199268102645874, 16533
1.199268102645874, 16532
1.200268268585205, 16531
1.200268268585205, 16530
1.200268268585205, 16529
1.200268268585205, 16528
1.200268268585205, 16527
1.200268268585205, 16526
1.2012691497802734, 16525
1.2012691497802734, 16524
1.2012691497802734, 16523
1.2012691497802734, 16522
1.2012691497802734, 16521
1.2012691497802734, 16520
1.2022671699523926, 16519
1.2023210525512695, 16518
1.2023210525512695, 16517
1.2023210525512695, 16516
1.2023210525512695, 16515
1.2023210525512695, 16514
1.2023210525512695, 16513
1.2032685279846191, 16512
1.2032685279846191, 16511
1.2032685279846191, 16510
1.2032685279846191, 16509
1.2032685279846191, 16508
1.2032685279846191, 16507
1.2043211460113525, 16506
1.2043211460113525, 16505
1.2043211460113525, 16504
1.2043211460113525, 16503
1.2043211460113525, 16502
1.205268383026123, 16501
1.205268383026123, 16500
1.205268383026123, 16499
1.205268383026123, 16498
1.205268383026123, 16497
1.205268383026123, 16496
1.206268072128296, 16495
1.206268072128296, 16494
1.206268072128296, 16493
1.206268072128296, 16492
1.206268072128296, 16491
1.206268072128296, 16490
1.206268072128296, 16489
1.2072677612304688, 16488
1.2072677612304688, 16487
1.2072677612304688, 16486
1.2072677612304688, 16485
1.2072677612304688, 16484
1.2072677612304688, 16483
1.2082674503326416, 16482
1.2082674503326416, 16481
1.2082674503326416, 16480
1.2082674503326416, 16479
1.2082674503326416, 16478
1.2082674503326416, 16477
1.2092680931091309, 16476
1.2092680931091309, 16475
1.2092680931091309, 16474
1.2092680931091309, 16473
1.2092680931091309, 16472
1.2092680931091309, 16471
1.2092680931091309, 16470
1.2102680206298828, 16469
1.2102680206298828, 16468
1.2102680206298828, 16467
1.2102680206298828, 16466
1.2102680206298828, 16465
1.2102680206298828, 16464
1.2112679481506348, 16463
1.2112679481506348, 16462
1.2112679481506348, 16461
1.2112679481506348, 16460
1.2112679481506348, 16459
1.2112679481506348, 16458
1.2122678756713867, 16457
1.2122678756713867, 16456
1.2122678756713867, 16455
1.2122678756713867, 16454
1.2122678756713867, 16453
1.2122678756713867, 16452
1.2132670879364014, 16451
1.2132670879364014, 16450
1.2132670879364014, 16449
1.2132670879364014, 16448
1.2132670879364014, 16447
1.2132670879364014, 16446
1.2132670879364014, 16445
1.2142677307128906, 16444
6.969013214111328, 16443
6.969013214111328, 16442
6.969013214111328, 16441
6.969013214111328, 16440
6.969013214111328, 16439
6.969013214111328, 16438
6.970011234283447, 16437
6.970011234283447, 16436
6.970011234283447, 16435
6.970011234283447, 16434
6.970011234283447, 16433
6.970011234283447, 16432
6.971012592315674, 16431
6.971012592315674, 16430
6.971012592315674, 16429
6.971012592315674, 16428
6.971012592315674, 16427
6.971012592315674, 16426
6.972010850906372, 16425
6.972010850906372, 16424
6.972010850906372, 16423
6.972010850906372, 16422
6.972010850906372, 16421
6.972010850906372, 16420
6.973011016845703, 16419
6.973011016845703, 16418
6.973011016845703, 16417
6.973011016845703, 16416
6.973011016845703, 16415
6.973011016845703, 16414
6.974010944366455, 16413
6.974010944366455, 16412
6.974010944366455, 16411
6.974010944366455, 16410
6.974010944366455, 16409
6.974010944366455, 16408
6.975010871887207, 16407
6.975010871887207, 16406
6.975010871887207, 16405
6.975010871887207, 16404
6.975010871887207, 16403
6.975010871887207, 16402
6.975010871887207, 16401
