0.11088967323303223, 22945
0.11188960075378418, 22944
0.11188960075378418, 22943
0.11188960075378418, 22942
0.11188960075378418, 22941
0.11188960075378418, 22940
0.11188960075378418, 22939
0.11188960075378418, 22938
0.11188960075378418, 22937
0.11296939849853516, 22936
0.11296939849853516, 22935
0.11296939849853516, 22934
0.11296939849853516, 22933
0.11296939849853516, 22932
0.11296939849853516, 22931
0.11296939849853516, 22930
0.11296939849853516, 22929
0.11391973495483398, 22928
0.11391973495483398, 22927
0.11391973495483398, 22926
0.11443066596984863, 22925
0.11443066596984863, 22924
0.11443066596984863, 22923
0.11443066596984863, 22922
0.11491990089416504, 22921
0.11491990089416504, 22920
0.11491990089416504, 22919
0.11491990089416504, 22918
0.11491990089416504, 22917
0.11491990089416504, 22916
0.11491990089416504, 22915
0.11591982841491699, 22914
0.11591982841491699, 22913
0.11591982841491699, 22912
0.11591982841491699, 22911
0.11647891998291016, 22910
0.11647891998291016, 22909
0.11647891998291016, 22908
0.11692023277282715, 22907
0.11692023277282715, 22906
0.11692023277282715, 22905
0.11692023277282715, 22904
0.11692023277282715, 22903
0.11692023277282715, 22902
0.11692023277282715, 22901
0.117919921875, 22900
0.117919921875, 22899
0.117919921875, 22898
0.117919921875, 22897
0.117919921875, 22896
0.117919921875, 22895
0.117919921875, 22894
0.11891984939575195, 22893
0.11891984939575195, 22892
0.11891984939575195, 22891
0.11891984939575195, 22890
0.11891984939575195, 22889
0.11891984939575195, 22888
0.11891984939575195, 22887
0.11891984939575195, 22886
0.1199197769165039, 22885
0.1199197769165039, 22884
0.1199197769165039, 22883
0.1199197769165039, 22882
0.1199197769165039, 22881
0.1199197769165039, 22880
0.1199197769165039, 22879
0.12092065811157227, 22878
0.12092065811157227, 22877
0.12092065811157227, 22876
0.12092065811157227, 22875
0.12092065811157227, 22874
0.12092065811157227, 22873
0.12092065811157227, 22872
0.12092065811157227, 22871
0.12192320823669434, 22870
0.12192320823669434, 22869
0.12192320823669434, 22868
0.12192320823669434, 22867
0.12192320823669434, 22866
0.12192320823669434, 22865
0.12192320823669434, 22864
0.12295150756835938, 22863
0.12295150756835938, 22862
0.12295150756835938, 22861
0.12295150756835938, 22860
0.12295150756835938, 22859
0.12295150756835938, 22858
0.12295150756835938, 22857
0.12395858764648438, 22856
0.12395858764648438, 22855
0.12395858764648438, 22854
0.12395858764648438, 22853
0.12395858764648438, 22852
0.12395858764648438, 22851
0.12395858764648438, 22850
0.12395858764648438, 22849
0.12495851516723633, 22848
0.12495851516723633, 22847
0.12495851516723633, 22846
0.12495851516723633, 22845
0.12495851516723633, 22844
0.12495851516723633, 22843
0.12495851516723633, 22842
0.12495851516723633, 22841
0.1260082721710205, 22840
0.1260082721710205, 22839
0.1260082721710205, 22838
0.1260082721710205, 22837
0.1260082721710205, 22836
0.1260082721710205, 22835
0.1260082721710205, 22834
0.1270744800567627, 22833
0.1270744800567627, 22832
0.1270744800567627, 22831
0.1270744800567627, 22830
0.1270744800567627, 22829
0.1270744800567627, 22828
0.1270744800567627, 22827
0.1270744800567627, 22826
0.12807869911193848, 22825
0.12807869911193848, 22824
0.12807869911193848, 22823
0.12807869911193848, 22822
0.12807869911193848, 22821
0.12807869911193848, 22820
0.12807869911193848, 22819
0.12907886505126953, 22818
0.12907886505126953, 22817
0.12907886505126953, 22816
0.12938308715820312, 22815
0.12938308715820312, 22814
0.12938308715820312, 22813
0.12938308715820312, 22812
0.12938308715820312, 22811
0.13007903099060059, 22810
0.13007903099060059, 22809
0.13007903099060059, 22808
0.13007903099060059, 22807
0.13007903099060059, 22806
0.13007903099060059, 22805
0.13007903099060059, 22804
0.13107895851135254, 22803
0.13107895851135254, 22802
0.13107895851135254, 22801
0.13107895851135254, 22800
0.13107895851135254, 22799
0.13107895851135254, 22798
0.13107895851135254, 22797
0.1320805549621582, 22796
0.1320805549621582, 22795
0.1320805549621582, 22794
0.1320805549621582, 22793
0.1320805549621582, 22792
0.1320805549621582, 22791
0.1320805549621582, 22790
0.13307905197143555, 22789
0.13307905197143555, 22788
0.13307905197143555, 22787
0.13307905197143555, 22786
0.13307905197143555, 22785
0.13307905197143555, 22784
0.13307905197143555, 22783
0.13307905197143555, 22782
0.1340789794921875, 22781
0.1340789794921875, 22780
0.1340789794921875, 22779
0.1340789794921875, 22778
0.1340789794921875, 22777
0.1340789794921875, 22776
0.1340789794921875, 22775
0.13507914543151855, 22774
0.13507914543151855, 22773
0.13538146018981934, 22772
0.13538146018981934, 22771
0.13538146018981934, 22770
0.13538146018981934, 22769
0.13538146018981934, 22768
0.13538146018981934, 22767
0.1360788345336914, 22766
0.1360788345336914, 22765
0.1360788345336914, 22764
0.1360788345336914, 22763
0.1360788345336914, 22762
0.1360788345336914, 22761
0.1360788345336914, 22760
0.13708066940307617, 22759
0.13708066940307617, 22758
0.13708066940307617, 22757
0.13708066940307617, 22756
0.13708066940307617, 22755
0.13708066940307617, 22754
0.13708066940307617, 22753
0.13808512687683105, 22752
0.13808512687683105, 22751
0.13829779624938965, 22750
0.13829779624938965, 22749
0.13829779624938965, 22748
0.13829779624938965, 22747
0.13829779624938965, 22746
0.1390838623046875, 22745
0.1390838623046875, 22744
0.1390838623046875, 22743
0.1390838623046875, 22742
0.1390838623046875, 22741
0.1390838623046875, 22740
0.1390838623046875, 22739
0.1390838623046875, 22738
0.14008164405822754, 22737
0.14008164405822754, 22736
0.14008164405822754, 22735
0.14008164405822754, 22734
0.14008164405822754, 22733
0.14008164405822754, 22732
0.14008164405822754, 22731
0.14107990264892578, 22730
0.14107990264892578, 22729
0.14107990264892578, 22728
0.14145588874816895, 22727
0.14145588874816895, 22726
0.14145588874816895, 22725
0.14145588874816895, 22724
0.14207983016967773, 22723
0.14207983016967773, 22722
0.14207983016967773, 22721
0.14207983016967773, 22720
0.14207983016967773, 22719
0.14273738861083984, 22718
0.14273738861083984, 22717
0.14273738861083984, 22716
0.14273738861083984, 22715
0.14273738861083984, 22714
0.14273738861083984, 22713
0.14273738861083984, 22712
0.14367985725402832, 22711
0.14367985725402832, 22710
0.27887845039367676, 22649
0.27887845039367676, 22648
0.27887845039367676, 22647
0.27887845039367676, 22646
0.27887845039367676, 22645
0.2798774242401123, 22644
0.2798774242401123, 22643
0.2798774242401123, 22642
0.2803914546966553, 22641
0.2803914546966553, 22640
0.2803914546966553, 22639
0.2803914546966553, 22638
0.28087711334228516, 22637
0.28087711334228516, 22636
0.28087711334228516, 22635
0.28087711334228516, 22634
0.28087711334228516, 22633
0.28087711334228516, 22632
0.28087711334228516, 22631
0.28187990188598633, 22630
0.28187990188598633, 22629
0.28187990188598633, 22628
0.28187990188598633, 22627
0.28187990188598633, 22626
0.28187990188598633, 22625
0.28187990188598633, 22624
0.28187990188598633, 22623
0.2828795909881592, 22622
0.2828795909881592, 22621
0.28316211700439453, 22620
0.28316211700439453, 22619
0.28316211700439453, 22618
0.28316211700439453, 22617
0.28316211700439453, 22616
0.28316211700439453, 22615
0.28316211700439453, 22614
0.28417015075683594, 22613
0.28417015075683594, 22612
0.28417015075683594, 22611
0.28417015075683594, 22610
0.28417015075683594, 22609
0.28417015075683594, 22608
0.28417015075683594, 22607
0.28417015075683594, 22606
0.2851691246032715, 22605
0.2851691246032715, 22604
0.2851691246032715, 22603
0.2851691246032715, 22602
0.2851691246032715, 22601
0.2851691246032715, 22600
0.2851691246032715, 22599
0.28616809844970703, 22598
0.28616809844970703, 22597
0.28616809844970703, 22596
0.28616809844970703, 22595
0.28616809844970703, 22594
0.28674840927124023, 22593
0.28674840927124023, 22592
0.28674840927124023, 22591
0.2871682643890381, 22590
0.2871682643890381, 22589
0.2871682643890381, 22588
0.2871682643890381, 22587
0.2871682643890381, 22586
0.2871682643890381, 22585
0.2871682643890381, 22584
0.28816771507263184, 22583
0.2882812023162842, 22582
0.2882812023162842, 22581
0.2882812023162842, 22580
0.2882812023162842, 22579
0.2882812023162842, 22578
0.2891700267791748, 22577
0.2891700267791748, 22576
0.2891700267791748, 22575
0.2891700267791748, 22574
0.29017019271850586, 22573
0.29017019271850586, 22572
0.29017019271850586, 22571
0.29017019271850586, 22570
0.2911689281463623, 22569
0.2912425994873047, 22568
0.2912425994873047, 22567
0.2912425994873047, 22566
0.2912425994873047, 22565
0.2912425994873047, 22564
0.2912425994873047, 22563
0.29216861724853516, 22562
0.29216861724853516, 22561
0.29216861724853516, 22560
0.29216861724853516, 22559
0.29216861724853516, 22558
0.29216861724853516, 22557
0.29216861724853516, 22556
0.29216861724853516, 22555
0.2931694984436035, 22554
0.2931694984436035, 22553
0.2931694984436035, 22552
0.2931694984436035, 22551
0.2931694984436035, 22550
0.2931694984436035, 22549
0.2931694984436035, 22548
0.29416918754577637, 22547
0.29416918754577637, 22546
0.29416918754577637, 22545
0.29416918754577637, 22544
0.29416918754577637, 22543
0.29416918754577637, 22542
0.29416918754577637, 22541
0.2951686382293701, 22540
0.2951686382293701, 22539
0.2951686382293701, 22538
0.2951686382293701, 22537
0.2951686382293701, 22536
0.2951686382293701, 22535
0.2951686382293701, 22534
0.2951686382293701, 22533
0.29616880416870117, 22532
0.29616880416870117, 22531
0.29616880416870117, 22530
0.29616880416870117, 22529
0.29616880416870117, 22528
0.29616880416870117, 22527
0.29616880416870117, 22526
0.29717063903808594, 22525
0.29717063903808594, 22524
0.29717063903808594, 22523
0.29717063903808594, 22522
0.29717063903808594, 22521
0.29717063903808594, 22520
0.29717063903808594, 22519
0.29717063903808594, 22518
0.2981743812561035, 22517
0.2981743812561035, 22516
0.2981743812561035, 22515
0.2981743812561035, 22514
0.2981743812561035, 22513
0.2981743812561035, 22512
0.2981743812561035, 22511
0.29917097091674805, 22510
0.29917097091674805, 22509
0.29917097091674805, 22508
0.29917097091674805, 22507
0.29917097091674805, 22506
0.29917097091674805, 22505
0.29917097091674805, 22504
0.29917097091674805, 22503
0.3001689910888672, 22502
0.3001689910888672, 22501
0.3001689910888672, 22500
0.3001689910888672, 22499
0.3001689910888672, 22498
0.3001689910888672, 22497
0.3001689910888672, 22496
0.30116868019104004, 22495
0.30116868019104004, 22494
0.30116868019104004, 22493
0.30116868019104004, 22492
0.30116868019104004, 22491
0.30116868019104004, 22490
0.30116868019104004, 22489
0.30116868019104004, 22488
0.3021688461303711, 22487
0.3021688461303711, 22486
0.3021688461303711, 22485
0.3021688461303711, 22484
0.3021688461303711, 22483
0.3021688461303711, 22482
0.3021688461303711, 22481
0.30316877365112305, 22480
0.30316877365112305, 22479
0.30316877365112305, 22478
0.30316877365112305, 22477
0.3037428855895996, 22476
0.3037428855895996, 22475
0.3041706085205078, 22474
0.3041706085205078, 22473
0.3041706085205078, 22472
0.3041706085205078, 22471
0.3041706085205078, 22470
0.3041706085205078, 22469
0.3041706085205078, 22468
0.30517148971557617, 22467
0.30517148971557617, 22466
0.30517148971557617, 22465
0.30517148971557617, 22464
0.30517148971557617, 22463
0.30517148971557617, 22462
0.30517148971557617, 22461
0.30517148971557617, 22460
0.3061702251434326, 22459
0.3061702251434326, 22458
0.3061702251434326, 22457
0.3061702251434326, 22456
0.3061702251434326, 22455
0.3061702251434326, 22454
0.3061702251434326, 22453
0.30717015266418457, 22452
0.30717015266418457, 22451
0.30717015266418457, 22450
0.30717015266418457, 22449
0.30717015266418457, 22448
0.30717015266418457, 22447
0.30717015266418457, 22446
0.30717015266418457, 22445
0.30817079544067383, 22444
0.30817079544067383, 22443
0.30817079544067383, 22442
0.30817079544067383, 22441
0.30817079544067383, 22440
0.30817079544067383, 22439
0.30817079544067383, 22438
0.3091707229614258, 22437
0.3091707229614258, 22436
0.3091707229614258, 22435
0.3091707229614258, 22434
0.3091707229614258, 22433
0.3091707229614258, 22432
0.3091707229614258, 22431
0.31016969680786133, 22430
0.31016969680786133, 22429
0.31016969680786133, 22428
0.31016969680786133, 22427
0.31016969680786133, 22426
0.31016969680786133, 22425
0.31016969680786133, 22424
0.3111708164215088, 22423
0.311281681060791, 22422
0.311281681060791, 22421
0.311281681060791, 22420
0.311281681060791, 22419
0.311281681060791, 22418
0.311281681060791, 22417
0.311281681060791, 22416
0.31217002868652344, 22415
0.31217002868652344, 22414
0.31217002868652344, 22413
0.31217002868652344, 22412
0.31217002868652344, 22411
0.31217002868652344, 22410
0.31217002868652344, 22409
0.31317138671875, 22408
0.31317138671875, 22407
0.31317138671875, 22406
0.31317138671875, 22405
0.31317138671875, 22404
0.31317138671875, 22403
0.31317138671875, 22402
0.31317138671875, 22401
0.31417322158813477, 22400
0.31417322158813477, 22399
0.31417322158813477, 22398
0.31417322158813477, 22397
0.31417322158813477, 22396
0.31417322158813477, 22395
0.31417322158813477, 22394
0.3151700496673584, 22393
0.3151700496673584, 22392
0.3151700496673584, 22391
0.3151700496673584, 22390
0.3151700496673584, 22389
0.3151700496673584, 22388
0.3151700496673584, 22387
0.31617021560668945, 22386
0.31617021560668945, 22385
0.31617021560668945, 22384
0.31617021560668945, 22383
0.31617021560668945, 22382
0.31617021560668945, 22381
0.31617021560668945, 22380
0.3171708583831787, 22379
0.3171708583831787, 22378
0.3171708583831787, 22377
0.3171708583831787, 22376
0.3171708583831787, 22375
0.3171708583831787, 22374
0.3171708583831787, 22373
0.3171708583831787, 22372
0.31817007064819336, 22371
0.31817007064819336, 22370
0.3184621334075928, 22369
0.3184621334075928, 22368
0.3184621334075928, 22367
0.3184621334075928, 22366
0.3184621334075928, 22365
0.3191699981689453, 22364
0.3191699981689453, 22363
0.3191699981689453, 22362
0.3191699981689453, 22361
0.3191699981689453, 22360
0.32017016410827637, 22359
0.32017016410827637, 22358
0.32017016410827637, 22357
0.32017016410827637, 22356
0.3211696147918701, 22355
0.3211696147918701, 22354
0.3211696147918701, 22353
0.3211696147918701, 22352
0.3211696147918701, 22351
0.3211696147918701, 22350
0.3211696147918701, 22349
0.3211696147918701, 22348
0.32216811180114746, 22347
0.32216811180114746, 22346
0.32216811180114746, 22345
0.32216811180114746, 22344
0.3226957321166992, 22343
0.3226957321166992, 22342
0.3226957321166992, 22341
0.3226957321166992, 22340
0.3226957321166992, 22339
0.3226957321166992, 22338
0.3226957321166992, 22337
0.3237011432647705, 22336
0.3237011432647705, 22335
0.3237011432647705, 22334
0.3237011432647705, 22333
0.3237011432647705, 22332
0.3243868350982666, 22331
0.3243868350982666, 22330
0.32470059394836426, 22329
0.32470059394836426, 22328
0.32470059394836426, 22327
0.32470059394836426, 22326
0.32470059394836426, 22325
0.32470059394836426, 22324
0.32470059394836426, 22323
0.3257005214691162, 22322
0.3257005214691162, 22321
0.3257005214691162, 22320
0.3257005214691162, 22319
0.3257005214691162, 22318
0.3257005214691162, 22317
0.3257005214691162, 22316
0.3257005214691162, 22315
0.32670044898986816, 22314
0.3269078731536865, 22313
0.3269078731536865, 22312
0.3269078731536865, 22311
0.3269078731536865, 22310
0.3269078731536865, 22309
0.3269078731536865, 22308
0.3277006149291992, 22307
0.3277006149291992, 22306
0.3277006149291992, 22305
0.3277006149291992, 22304
0.3277006149291992, 22303
0.3277006149291992, 22302
0.3277006149291992, 22301
0.328702449798584, 22300
0.328702449798584, 22299
0.328702449798584, 22298
0.328702449798584, 22297
0.328702449798584, 22296
0.328702449798584, 22295
0.328702449798584, 22294
0.328702449798584, 22293
0.32970428466796875, 22292
0.32970428466796875, 22291
0.32970428466796875, 22290
0.32970428466796875, 22289
0.32970428466796875, 22288
0.32970428466796875, 22287
0.32970428466796875, 22286
0.3307042121887207, 22285
0.3307042121887207, 22284
0.3307042121887207, 22283
0.3307042121887207, 22282
0.3307042121887207, 22281
0.3307042121887207, 22280
0.3307042121887207, 22279
0.33170199394226074, 22278
0.33170199394226074, 22277
0.33170199394226074, 22276
0.33170199394226074, 22275
0.33170199394226074, 22274
0.33170199394226074, 22273
0.33170199394226074, 22272
0.33170199394226074, 22271
0.3327009677886963, 22270
0.3327009677886963, 22269
0.3327009677886963, 22268
0.3327009677886963, 22267
0.3327009677886963, 22266
0.3327009677886963, 22265
0.3327009677886963, 22264
0.33370065689086914, 22263
0.33370065689086914, 22262
0.33370065689086914, 22261
0.33370065689086914, 22260
0.33370065689086914, 22259
0.33370065689086914, 22258
0.33370065689086914, 22257
0.33370065689086914, 22256
0.3347005844116211, 22255
0.3347005844116211, 22254
0.3347005844116211, 22253
0.3347005844116211, 22252
0.3347005844116211, 22251
0.3347005844116211, 22250
0.33570313453674316, 22249
0.33570313453674316, 22248
0.33570313453674316, 22247
0.33570313453674316, 22246
0.33570313453674316, 22245
0.33570313453674316, 22244
0.33570313453674316, 22243
0.3367016315460205, 22242
0.3367016315460205, 22241
0.3367016315460205, 22240
0.3367016315460205, 22239
0.3367016315460205, 22238
0.3367016315460205, 22237
0.3367016315460205, 22236
0.33770132064819336, 22235
0.33770132064819336, 22234
0.33770132064819336, 22233
0.33770132064819336, 22232
0.33770132064819336, 22231
0.33770132064819336, 22230
0.33770132064819336, 22229
0.33770132064819336, 22228
0.3387017250061035, 22227
0.3387017250061035, 22226
0.3387017250061035, 22225
0.3387017250061035, 22224
0.3387017250061035, 22223
0.3393840789794922, 22222
0.3393840789794922, 22221
0.33970212936401367, 22220
0.33970212936401367, 22219
0.33970212936401367, 22218
0.33970212936401367, 22217
0.33970212936401367, 22216
0.33970212936401367, 22215
0.33970212936401367, 22214
0.3407015800476074, 22213
0.3407015800476074, 22212
0.3407015800476074, 22211
0.3407015800476074, 22210
0.3407015800476074, 22209
0.3407015800476074, 22208
0.3407015800476074, 22207
0.3407015800476074, 22206
0.3417012691497803, 22205
0.3417012691497803, 22204
0.3417012691497803, 22203
0.3417012691497803, 22202
0.3417012691497803, 22201
0.3417012691497803, 22200
0.3417012691497803, 22199
0.34270143508911133, 22198
0.34285593032836914, 22197
0.34285593032836914, 22196
0.34285593032836914, 22195
0.34285593032836914, 22194
0.34285593032836914, 22193
0.34285593032836914, 22192
0.34285593032836914, 22191
0.3438692092895508, 22190
0.3438692092895508, 22189
0.3438692092895508, 22188
0.3438692092895508, 22187
0.3438692092895508, 22186
0.3438692092895508, 22185
0.45484137535095215, 22184
0.45484137535095215, 22183
0.45484137535095215, 22182
0.45484137535095215, 22181
0.4558413028717041, 22180
0.4558413028717041, 22179
0.4558413028717041, 22178
0.4558413028717041, 22177
0.4558413028717041, 22176
0.45659446716308594, 22175
0.45659446716308594, 22174
0.45684337615966797, 22173
0.45684337615966797, 22172
0.45684337615966797, 22171
0.45684337615966797, 22170
0.45684337615966797, 22169
0.45684337615966797, 22168
0.45684337615966797, 22167
0.45684337615966797, 22166
0.45784473419189453, 22165
0.45784473419189453, 22164
0.45784473419189453, 22163
0.45784473419189453, 22162
0.45784473419189453, 22161
0.45784473419189453, 22160
0.45784473419189453, 22159
0.4588444232940674, 22158
0.4588444232940674, 22157
0.4588444232940674, 22156
0.4588444232940674, 22155
0.4588444232940674, 22154
0.4588444232940674, 22153
0.4588444232940674, 22152
0.4598417282104492, 22151
0.4598417282104492, 22150
0.4598417282104492, 22149
0.4598417282104492, 22148
0.4598417282104492, 22147
0.4598417282104492, 22146
0.4598417282104492, 22145
0.4608426094055176, 22144
0.4608426094055176, 22143
0.4608426094055176, 22142
0.4608426094055176, 22141
0.4608426094055176, 22140
0.4608426094055176, 22139
0.4608426094055176, 22138
0.461841344833374, 22137
0.461841344833374, 22136
0.461841344833374, 22135
0.461841344833374, 22134
0.461841344833374, 22133
0.461841344833374, 22132
0.461841344833374, 22131
0.462841272354126, 22130
0.462841272354126, 22129
0.462841272354126, 22128
0.462841272354126, 22127
0.462841272354126, 22126
0.462841272354126, 22125
0.462841272354126, 22124
0.462841272354126, 22123
0.46386241912841797, 22122
0.46386241912841797, 22121
0.46386241912841797, 22120
0.46386241912841797, 22119
0.4643855094909668, 22118
0.4643855094909668, 22117
0.4643855094909668, 22116
0.4648621082305908, 22115
0.4648621082305908, 22114
0.4648621082305908, 22113
0.4648621082305908, 22112
0.4648621082305908, 22111
0.4648621082305908, 22110
0.4648621082305908, 22109
0.4658620357513428, 22108
0.4658620357513428, 22107
0.4658620357513428, 22106
0.4658620357513428, 22105
0.4658620357513428, 22104
0.4658620357513428, 22103
0.4658620357513428, 22102
0.4658620357513428, 22101
0.46686220169067383, 22100
0.46686220169067383, 22099
0.46686220169067383, 22098
0.46686220169067383, 22097
0.46686220169067383, 22096
0.46686220169067383, 22095
0.46686220169067383, 22094
0.4678621292114258, 22093
0.4678621292114258, 22092
0.4678621292114258, 22091
0.4678621292114258, 22090
0.4678621292114258, 22089
0.4678621292114258, 22088
0.4678621292114258, 22087
0.46886205673217773, 22086
0.46886205673217773, 22085
0.46886205673217773, 22084
0.46886205673217773, 22083
0.46886205673217773, 22082
0.46886205673217773, 22081
0.46886205673217773, 22080
0.46886205673217773, 22079
0.4698619842529297, 22078
0.4698619842529297, 22077
0.4698619842529297, 22076
0.4698619842529297, 22075
0.4698619842529297, 22074
0.4698619842529297, 22073
0.4698619842529297, 22072
0.47086191177368164, 22071
0.47086191177368164, 22070
0.47086191177368164, 22069
0.47086191177368164, 22068
0.47086191177368164, 22067
0.47086191177368164, 22066
0.47086191177368164, 22065
0.4718623161315918, 22064
0.4718623161315918, 22063
0.4718623161315918, 22062
0.4718623161315918, 22061
0.4718623161315918, 22060
0.4718623161315918, 22059
0.4718623161315918, 22058
0.47284817695617676, 22057
0.47284817695617676, 22056
0.47284817695617676, 22055
0.47284817695617676, 22054
0.47284817695617676, 22053
0.47284817695617676, 22052
0.47284817695617676, 22051
0.47385501861572266, 22050
0.47385501861572266, 22049
0.47385501861572266, 22048
0.47385501861572266, 22047
0.47385501861572266, 22046
0.47385501861572266, 22045
0.47385501861572266, 22044
0.47385501861572266, 22043
0.474855899810791, 22042
0.474855899810791, 22041
0.474855899810791, 22040
0.474855899810791, 22039
0.474855899810791, 22038
0.474855899810791, 22037
0.47585558891296387, 22036
0.47585558891296387, 22035
0.47585558891296387, 22034
0.47585558891296387, 22033
0.47585558891296387, 22032
0.47585558891296387, 22031
0.47585558891296387, 22030
0.4768550395965576, 22029
0.4768550395965576, 22028
0.4768550395965576, 22027
0.4768550395965576, 22026
0.4768550395965576, 22025
0.4768550395965576, 22024
0.4768550395965576, 22023
0.47785520553588867, 22022
0.47785520553588867, 22021
0.47785520553588867, 22020
0.47785520553588867, 22019
0.47785520553588867, 22018
0.47785520553588867, 22017
0.47785520553588867, 22016
0.4788541793823242, 22015
0.4788541793823242, 22014
0.4788541793823242, 22013
0.4788541793823242, 22012
0.4788541793823242, 22011
0.4788541793823242, 22010
0.4788541793823242, 22009
0.4788541793823242, 22008
0.47985410690307617, 22007
0.47985410690307617, 22006
0.47985410690307617, 22005
0.47985410690307617, 22004
0.47985410690307617, 22003
0.47985410690307617, 22002
0.47985410690307617, 22001
0.4808540344238281, 22000
0.4808540344238281, 21999
0.4808540344238281, 21998
0.4808540344238281, 21997
0.4808540344238281, 21996
0.4808540344238281, 21995
0.4808540344238281, 21994
0.4818539619445801, 21993
0.4818539619445801, 21992
0.4818539619445801, 21991
0.4818539619445801, 21990
0.4818539619445801, 21989
0.4818539619445801, 21988
0.4818539619445801, 21987
0.4828755855560303, 21986
0.4828755855560303, 21985
0.4828755855560303, 21984
0.4828755855560303, 21983
0.4828755855560303, 21982
0.4828755855560303, 21981
0.4828755855560303, 21980
0.4828755855560303, 21979
0.48388218879699707, 21978
0.48388218879699707, 21977
0.48388218879699707, 21976
0.48388218879699707, 21975
0.48388218879699707, 21974
0.48388218879699707, 21973
0.48388218879699707, 21972
0.484882116317749, 21971
0.484882116317749, 21970
0.484882116317749, 21969
0.484882116317749, 21968
0.484882116317749, 21967
0.484882116317749, 21966
0.484882116317749, 21965
0.485882043838501, 21964
0.485882043838501, 21963
0.485882043838501, 21962
0.485882043838501, 21961
0.485882043838501, 21960
0.485882043838501, 21959
0.485882043838501, 21958
0.48688197135925293, 21957
0.48688197135925293, 21956
0.48688197135925293, 21955
0.48688197135925293, 21954
0.48688197135925293, 21953
0.48688197135925293, 21952
0.48688197135925293, 21951
0.48688197135925293, 21950
0.4878818988800049, 21949
0.4878818988800049, 21948
0.4878818988800049, 21947
0.4878818988800049, 21946
0.4878818988800049, 21945
0.4878818988800049, 21944
0.4878818988800049, 21943
0.48888206481933594, 21942
0.48888206481933594, 21941
0.48888206481933594, 21940
0.48888206481933594, 21939
0.48888206481933594, 21938
0.48888206481933594, 21937
0.48888206481933594, 21936
0.4898872375488281, 21935
0.4898872375488281, 21934
0.4898872375488281, 21933
0.4898872375488281, 21932
0.4898872375488281, 21931
0.4898872375488281, 21930
0.4898872375488281, 21929
0.49088501930236816, 21928
0.49088501930236816, 21927
0.49088501930236816, 21926
0.49088501930236816, 21925
0.49088501930236816, 21924
0.49088501930236816, 21923
0.49088501930236816, 21922
0.4918839931488037, 21921
0.4918839931488037, 21920
0.4918839931488037, 21919
0.4918839931488037, 21918
0.4918839931488037, 21917
0.4918839931488037, 21916
0.4918839931488037, 21915
0.49288320541381836, 21914
0.49288320541381836, 21913
0.49288320541381836, 21912
0.49288320541381836, 21911
0.49288320541381836, 21910
0.49288320541381836, 21909
0.49288320541381836, 21908
0.493882417678833, 21907
0.493882417678833, 21906
0.493882417678833, 21905
0.493882417678833, 21904
0.493882417678833, 21903
0.8338730335235596, 21902
0.8338730335235596, 21901
0.8338730335235596, 21900
0.8348729610443115, 21899
0.8348729610443115, 21898
0.8348729610443115, 21897
0.8348729610443115, 21896
0.8348729610443115, 21895
0.8348729610443115, 21894
0.8358738422393799, 21893
0.8358738422393799, 21892
0.8358738422393799, 21891
0.8358738422393799, 21890
0.8358738422393799, 21889
0.8358738422393799, 21888
0.8358738422393799, 21887
0.8368735313415527, 21886
0.8368735313415527, 21885
0.8368735313415527, 21884
0.8368735313415527, 21883
0.8368735313415527, 21882
0.8368735313415527, 21881
0.8368735313415527, 21880
0.8378729820251465, 21879
0.8378729820251465, 21878
0.8378729820251465, 21877
0.8378729820251465, 21876
0.8383710384368896, 21875
0.8383710384368896, 21874
0.8383710384368896, 21873
0.8388731479644775, 21872
0.8389511108398438, 21871
0.8389511108398438, 21870
0.8389511108398438, 21869
0.8389511108398438, 21868
0.8389511108398438, 21867
0.8389511108398438, 21866
0.8398745059967041, 21865
0.8398745059967041, 21864
0.8398745059967041, 21863
0.8398745059967041, 21862
0.8398745059967041, 21861
0.8398745059967041, 21860
0.8398745059967041, 21859
0.8398745059967041, 21858
0.8408758640289307, 21857
0.8408758640289307, 21856
0.8408758640289307, 21855
0.8408758640289307, 21854
0.8408758640289307, 21853
0.8408758640289307, 21852
0.8408758640289307, 21851
0.8418757915496826, 21850
0.8418757915496826, 21849
0.8418757915496826, 21848
0.8418757915496826, 21847
0.8418757915496826, 21846
0.8418757915496826, 21845
0.8418757915496826, 21844
0.8428733348846436, 21843
0.8428733348846436, 21842
0.8428733348846436, 21841
0.8428733348846436, 21840
0.8428733348846436, 21839
0.8428733348846436, 21838
0.8428733348846436, 21837
0.8438739776611328, 21836
0.8438739776611328, 21835
0.8438739776611328, 21834
0.8438739776611328, 21833
0.8438739776611328, 21832
0.8438739776611328, 21831
0.8438739776611328, 21830
0.8448731899261475, 21829
0.8448731899261475, 21828
0.8448731899261475, 21827
0.8452968597412109, 21826
0.8452968597412109, 21825
0.8452968597412109, 21824
0.8452968597412109, 21823
0.8458731174468994, 21822
0.8458731174468994, 21821
0.8458731174468994, 21820
0.8458731174468994, 21819
0.8458731174468994, 21818
0.8458731174468994, 21817
0.8458731174468994, 21816
0.8468730449676514, 21815
0.8468730449676514, 21814
0.8468730449676514, 21813
0.8468730449676514, 21812
0.8468730449676514, 21811
0.8468730449676514, 21810
0.8468730449676514, 21809
0.8478729724884033, 21808
0.8478729724884033, 21807
0.8478729724884033, 21806
0.8478729724884033, 21805
0.8478729724884033, 21804
0.8478729724884033, 21803
0.8478729724884033, 21802
0.8488731384277344, 21801
0.8488731384277344, 21800
0.8488731384277344, 21799
0.8488731384277344, 21798
0.8488731384277344, 21797
0.8488731384277344, 21796
0.8488731384277344, 21795
0.8498730659484863, 21794
0.8498730659484863, 21793
0.8498730659484863, 21792
0.8498730659484863, 21791
0.8498730659484863, 21790
0.8498730659484863, 21789
0.8498730659484863, 21788
0.8509237766265869, 21787
0.8509237766265869, 21786
0.8509237766265869, 21785
0.8509237766265869, 21784
0.8509237766265869, 21783
0.8509237766265869, 21782
0.8518753051757812, 21781
0.8518753051757812, 21780
0.8518753051757812, 21779
0.8518753051757812, 21778
0.8518753051757812, 21777
0.8518753051757812, 21776
0.8518753051757812, 21775
0.8528730869293213, 21774
0.8528730869293213, 21773
0.8528730869293213, 21772
0.8528730869293213, 21771
0.8528730869293213, 21770
0.8528730869293213, 21769
0.8528730869293213, 21768
0.8538732528686523, 21767
0.8538732528686523, 21766
0.8538732528686523, 21765
0.8538732528686523, 21764
0.8538732528686523, 21763
0.8538732528686523, 21762
0.8538732528686523, 21761
0.8548731803894043, 21760
0.8548731803894043, 21759
0.8548731803894043, 21758
0.8548731803894043, 21757
0.8553991317749023, 21756
0.8553991317749023, 21755
0.8553991317749023, 21754
0.8553991317749023, 21753
0.8553991317749023, 21752
0.8553991317749023, 21751
0.8553991317749023, 21750
0.8564052581787109, 21749
0.8564052581787109, 21748
0.8564052581787109, 21747
0.8564052581787109, 21746
0.8564052581787109, 21745
0.8564052581787109, 21744
0.8564052581787109, 21743
0.8574066162109375, 21742
0.8574066162109375, 21741
0.8574066162109375, 21740
0.8574066162109375, 21739
0.8574066162109375, 21738
0.8574066162109375, 21737
0.8574066162109375, 21736
0.8584067821502686, 21735
0.8584067821502686, 21734
0.8584067821502686, 21733
0.8584067821502686, 21732
0.8584067821502686, 21731
0.8584067821502686, 21730
0.8584067821502686, 21729
0.8594036102294922, 21728
0.8594036102294922, 21727
0.8594036102294922, 21726
0.8594036102294922, 21725
0.8594036102294922, 21724
0.8594036102294922, 21723
0.8594036102294922, 21722
0.860403299331665, 21721
0.860403299331665, 21720
0.860403299331665, 21719
0.860403299331665, 21718
0.860403299331665, 21717
0.860403299331665, 21716
0.860403299331665, 21715
0.8614037036895752, 21714
0.8614037036895752, 21713
0.8614037036895752, 21712
0.8614037036895752, 21711
0.8614037036895752, 21710
0.8614037036895752, 21709
0.8614037036895752, 21708
0.862403154373169, 21707
0.862403154373169, 21706
0.862403154373169, 21705
0.8628590106964111, 21704
0.8628590106964111, 21703
0.8628590106964111, 21702
0.8628590106964111, 21701
0.8628590106964111, 21700
0.8628590106964111, 21699
0.8628590106964111, 21698
0.8638639450073242, 21697
0.8638639450073242, 21696
0.8638639450073242, 21695
0.8638639450073242, 21694
0.8638639450073242, 21693
0.8638639450073242, 21692
0.8638639450073242, 21691
0.8648638725280762, 21690
0.8648638725280762, 21689
0.8648638725280762, 21688
0.8648638725280762, 21687
0.8648638725280762, 21686
0.8648638725280762, 21685
0.8648638725280762, 21684
0.8658638000488281, 21683
0.8658638000488281, 21682
0.8658638000488281, 21681
0.8658638000488281, 21680
0.8658638000488281, 21679
0.8658638000488281, 21678
0.8658638000488281, 21677
0.8669157028198242, 21676
0.8669157028198242, 21675
0.8669157028198242, 21674
0.8669157028198242, 21673
0.8669157028198242, 21672
0.8669157028198242, 21671
0.8669157028198242, 21670
0.8678648471832275, 21669
0.8678648471832275, 21668
0.8678648471832275, 21667
0.8678648471832275, 21666
0.8678648471832275, 21665
0.8678648471832275, 21664
0.8678648471832275, 21663
0.8688640594482422, 21662
0.8688640594482422, 21661
0.8688640594482422, 21660
0.8688640594482422, 21659
0.8688640594482422, 21658
0.8688640594482422, 21657
0.8688640594482422, 21656
0.8698642253875732, 21655
0.8698642253875732, 21654
0.8698642253875732, 21653
0.8698642253875732, 21652
0.8698642253875732, 21651
0.8698642253875732, 21650
0.8698642253875732, 21649
0.8708641529083252, 21648
0.8708641529083252, 21647
0.8708641529083252, 21646
0.8708641529083252, 21645
0.8708641529083252, 21644
0.8708641529083252, 21643
0.8708641529083252, 21642
0.8719456195831299, 21641
0.8719456195831299, 21640
0.8719456195831299, 21639
0.8719456195831299, 21638
0.8719456195831299, 21637
0.8719456195831299, 21636
0.8719456195831299, 21635
0.8728647232055664, 21634
0.8728647232055664, 21633
0.8728647232055664, 21632
0.8728647232055664, 21631
0.8728647232055664, 21630
0.8728647232055664, 21629
0.8728647232055664, 21628
0.8738658428192139, 21627
0.8738658428192139, 21626
0.8738658428192139, 21625
0.8738658428192139, 21624
0.8738658428192139, 21623
0.8738658428192139, 21622
0.8748679161071777, 21621
0.8748679161071777, 21620
0.8748679161071777, 21619
0.8748679161071777, 21618
0.8748679161071777, 21617
0.8748679161071777, 21616
0.8748679161071777, 21615
0.8758652210235596, 21614
0.8758652210235596, 21613
0.8758652210235596, 21612
0.8758652210235596, 21611
0.8758652210235596, 21610
0.8758652210235596, 21609
0.8758652210235596, 21608
0.8768641948699951, 21607
0.8768641948699951, 21606
0.8768641948699951, 21605
0.8768641948699951, 21604
0.8768641948699951, 21603
0.8768641948699951, 21602
0.8768641948699951, 21601
0.877863883972168, 21600
0.877863883972168, 21599
0.877863883972168, 21598
0.877863883972168, 21597
0.877863883972168, 21596
0.877863883972168, 21595
0.877863883972168, 21594
0.8788642883300781, 21593
0.8788642883300781, 21592
0.8788642883300781, 21591
0.8788642883300781, 21590
0.8788642883300781, 21589
0.8788642883300781, 21588
0.8788642883300781, 21587
0.8798637390136719, 21586
0.8798637390136719, 21585
0.8798637390136719, 21584
0.8798637390136719, 21583
1.8859553337097168, 21582
1.8859553337097168, 21581
1.8863658905029297, 21580
1.8863658905029297, 21579
1.8863658905029297, 21578
1.8863658905029297, 21577
1.8869547843933105, 21576
1.8869547843933105, 21575
1.8869547843933105, 21574
1.8869547843933105, 21573
1.8869547843933105, 21572
1.8869547843933105, 21571
1.8879549503326416, 21570
1.8879549503326416, 21569
1.8879549503326416, 21568
1.8879549503326416, 21567
1.8879549503326416, 21566
1.8879549503326416, 21565
1.8879549503326416, 21564
1.8889555931091309, 21563
1.8889555931091309, 21562
1.8889555931091309, 21561
1.8889555931091309, 21560
1.8889555931091309, 21559
1.8889555931091309, 21558
1.8889555931091309, 21557
1.8899545669555664, 21556
1.8899545669555664, 21555
1.8899545669555664, 21554
1.8903913497924805, 21553
1.8903913497924805, 21552
1.8903913497924805, 21551
1.8903913497924805, 21550
1.8909544944763184, 21549
1.8909544944763184, 21548
1.8909544944763184, 21547
1.8909544944763184, 21546
1.8909544944763184, 21545
1.8909544944763184, 21544
1.8909544944763184, 21543
1.8919544219970703, 21542
1.8919544219970703, 21541
1.8919544219970703, 21540
1.8919544219970703, 21539
1.8919544219970703, 21538
1.8919544219970703, 21537
1.8929553031921387, 21536
1.8929553031921387, 21535
1.8929553031921387, 21534
1.8929553031921387, 21533
1.8929553031921387, 21532
1.8929553031921387, 21531
1.8929553031921387, 21530
1.8939557075500488, 21529
1.8939557075500488, 21528
1.8944053649902344, 21527
1.8944053649902344, 21526
1.8944053649902344, 21525
1.8944053649902344, 21524
1.8949530124664307, 21523
1.8949530124664307, 21522
3.6759495735168457, 21521
3.6759495735168457, 21520
3.6759495735168457, 21519
3.6759495735168457, 21518
3.6759495735168457, 21517
3.6759495735168457, 21516
3.676949977874756, 21515
3.676949977874756, 21514
3.676949977874756, 21513
3.676949977874756, 21512
3.676949977874756, 21511
3.677950859069824, 21510
3.677950859069824, 21509
3.677950859069824, 21508
3.677950859069824, 21507
3.677950859069824, 21506
3.677950859069824, 21505
3.678950548171997, 21504
5.124886751174927, 21503
5.124886751174927, 21502
5.124886751174927, 21501
5.124886751174927, 21500
5.124886751174927, 21499
5.125886678695679, 21498
5.125886678695679, 21497
5.125886678695679, 21496
5.125886678695679, 21495
5.125886678695679, 21494
5.125886678695679, 21493
5.125886678695679, 21492
5.12688684463501, 21491
5.12688684463501, 21490
5.12688684463501, 21489
5.127389669418335, 21488
5.127389669418335, 21487
5.127389669418335, 21486
5.127389669418335, 21485
5.127886772155762, 21484
5.127886772155762, 21483
5.127886772155762, 21482
5.127886772155762, 21481
5.127886772155762, 21480
5.127886772155762, 21479
5.128886699676514, 21478
5.128886699676514, 21477
5.128886699676514, 21476
5.128886699676514, 21475
5.129369735717773, 21474
5.129369735717773, 21473
5.129889488220215, 21472
5.129889488220215, 21471
5.129889488220215, 21470
5.129889488220215, 21469
5.129889488220215, 21468
5.129889488220215, 21467
5.129889488220215, 21466
5.1308913230896, 21465
5.1308913230896, 21464
5.1308913230896, 21463
5.1308913230896, 21462
5.1308913230896, 21461
5.1308913230896, 21460
5.131892442703247, 21459
5.131892442703247, 21458
5.131892442703247, 21457
5.131892442703247, 21456
5.131892442703247, 21455
5.131892442703247, 21454
5.131892442703247, 21453
5.13288950920105, 21452
5.13288950920105, 21451
5.13288950920105, 21450
5.13288950920105, 21449
5.13288950920105, 21448
5.13288950920105, 21447
5.133890151977539, 21446
5.133890151977539, 21445
5.133890151977539, 21444
5.133890151977539, 21443
5.133890151977539, 21442
5.133890151977539, 21441
5.133890151977539, 21440
5.134888410568237, 21439
5.134888410568237, 21438
5.134888410568237, 21437
5.134888410568237, 21436
5.134888410568237, 21435
5.134888410568237, 21434
5.13588809967041, 21433
5.13588809967041, 21432
5.13588809967041, 21431
5.136392593383789, 21430
5.136392593383789, 21429
5.136392593383789, 21428
5.136392593383789, 21427
5.136888027191162, 21426
5.136888027191162, 21425
5.136888027191162, 21424
5.136888027191162, 21423
5.136888027191162, 21422
5.136888027191162, 21421
5.136888027191162, 21420
5.137887716293335, 21419
5.137887716293335, 21418
5.137887716293335, 21417
5.137887716293335, 21416
5.137887716293335, 21415
5.137887716293335, 21414
5.138887882232666, 21413
5.138887882232666, 21412
5.138887882232666, 21411
5.138887882232666, 21410
5.138887882232666, 21409
5.138887882232666, 21408
5.138887882232666, 21407
5.139887809753418, 21406
5.139887809753418, 21405
5.139887809753418, 21404
5.139887809753418, 21403
5.139887809753418, 21402
5.139887809753418, 21401
5.139887809753418, 21400
5.14088773727417, 21399
5.14088773727417, 21398
5.14088773727417, 21397
5.14088773727417, 21396
5.14088773727417, 21395
5.14088773727417, 21394
5.141887664794922, 21393
5.141887664794922, 21392
5.141887664794922, 21391
5.141887664794922, 21390
5.141887664794922, 21389
5.141887664794922, 21388
5.142888069152832, 21387
5.142888069152832, 21386
5.142888069152832, 21385
5.142888069152832, 21384
5.142888069152832, 21383
5.142888069152832, 21382
5.142888069152832, 21381
5.1438891887664795, 21380
5.1438891887664795, 21379
5.1438891887664795, 21378
5.1438891887664795, 21377
5.1438891887664795, 21376
5.1438891887664795, 21375
5.144893407821655, 21374
5.144893407821655, 21373
5.144893407821655, 21372
5.144893407821655, 21371
5.144893407821655, 21370
5.14589262008667, 21369
5.14589262008667, 21368
5.14589262008667, 21367
5.14589262008667, 21366
5.14589262008667, 21365
5.14589262008667, 21364
5.14589262008667, 21363
5.146888494491577, 21362
5.146888494491577, 21361
5.146888494491577, 21360
5.146888494491577, 21359
5.146888494491577, 21358
5.146888494491577, 21357
5.14788818359375, 21356
5.14788818359375, 21355
5.14788818359375, 21354
5.14788818359375, 21353
5.14788818359375, 21352
5.14788818359375, 21351
5.148887634277344, 21350
5.148887634277344, 21349
5.148887634277344, 21348
5.148887634277344, 21347
5.148887634277344, 21346
5.148887634277344, 21345
5.148887634277344, 21344
5.149888753890991, 21343
5.149888753890991, 21342
5.149888753890991, 21341
5.149888753890991, 21340
5.149888753890991, 21339
5.149888753890991, 21338
5.150887966156006, 21337
5.150887966156006, 21336
5.150887966156006, 21335
5.150887966156006, 21334
5.150887966156006, 21333
5.150887966156006, 21332
5.151887893676758, 21331
5.151887893676758, 21330
5.151887893676758, 21329
5.151887893676758, 21328
5.151887893676758, 21327
5.151887893676758, 21326
5.152888536453247, 21325
5.152888536453247, 21324
5.152888536453247, 21323
5.152888536453247, 21322
5.152888536453247, 21321
5.152888536453247, 21320
5.152888536453247, 21319
5.15388822555542, 21318
5.15388822555542, 21317
5.15388822555542, 21316
5.15388822555542, 21315
5.15388822555542, 21314
5.15388822555542, 21313
5.154888153076172, 21312
5.154888153076172, 21311
5.154888153076172, 21310
5.154888153076172, 21309
5.154888153076172, 21308
5.154888153076172, 21307
5.154888153076172, 21306
5.155887603759766, 21305
5.155887603759766, 21304
5.155887603759766, 21303
5.155887603759766, 21302
5.155887603759766, 21301
5.155887603759766, 21300
5.156887531280518, 21299
5.156887531280518, 21298
5.156887531280518, 21297
5.156887531280518, 21296
5.156887531280518, 21295
5.156887531280518, 21294
5.157888889312744, 21293
5.157888889312744, 21292
5.157888889312744, 21291
5.157888889312744, 21290
5.157888889312744, 21289
5.157888889312744, 21288
5.157888889312744, 21287
5.158888816833496, 21286
5.158888816833496, 21285
5.158888816833496, 21284
5.158888816833496, 21283
5.158888816833496, 21282
5.158888816833496, 21281
5.159888029098511, 21280
5.159888029098511, 21279
5.159888029098511, 21278
5.159888029098511, 21277
5.159888029098511, 21276
5.159888029098511, 21275
5.618853807449341, 21274
5.618853807449341, 21273
5.618853807449341, 21272
5.618853807449341, 21271
5.618853807449341, 21270
5.618853807449341, 21269
5.619855880737305, 21268
5.619855880737305, 21267
5.619855880737305, 21266
5.619855880737305, 21265
5.619855880737305, 21264
5.619855880737305, 21263
5.6208555698394775, 21262
5.6208555698394775, 21261
5.6208555698394775, 21260
5.6208555698394775, 21259
5.6208555698394775, 21258
5.6208555698394775, 21257
5.6208555698394775, 21256
5.621854066848755, 21255
5.621854066848755, 21254
5.621854066848755, 21253
5.621854066848755, 21252
5.621854066848755, 21251
5.621854066848755, 21250
5.6228554248809814, 21249
5.6228554248809814, 21248
5.6228554248809814, 21247
6.867854118347168, 21246
6.867854118347168, 21245
6.867854118347168, 21244
6.867854118347168, 21243
6.867854118347168, 21242
6.867854118347168, 21241
6.867854118347168, 21240
6.868854284286499, 21239
6.868854284286499, 21238
6.868854284286499, 21237
6.868854284286499, 21236
6.868854284286499, 21235
6.869858026504517, 21234
6.869858026504517, 21233
6.869858026504517, 21232
6.869858026504517, 21231
6.869858026504517, 21230
6.869858026504517, 21229
6.870855808258057, 21228
6.870855808258057, 21227
6.870855808258057, 21226
6.870855808258057, 21225
6.870855808258057, 21224
6.870855808258057, 21223
6.870855808258057, 21222
6.87185525894165, 21221
6.87185525894165, 21220
6.87185525894165, 21219
6.87185525894165, 21218
6.87185525894165, 21217
6.87185525894165, 21216
6.87285590171814, 21215
6.87285590171814, 21214
6.87285590171814, 21213
6.87285590171814, 21212
6.87285590171814, 21211
6.87285590171814, 21210
6.87285590171814, 21209
6.873857736587524, 21208
6.873857736587524, 21207
6.873857736587524, 21206
6.873857736587524, 21205
6.873857736587524, 21204
6.873857736587524, 21203
6.873857736587524, 21202
6.874858379364014, 21201
6.874858379364014, 21200
6.874858379364014, 21199
6.874858379364014, 21198
6.874858379364014, 21197
6.874858379364014, 21196
6.875855922698975, 21195
6.875855922698975, 21194
6.875855922698975, 21193
6.875855922698975, 21192
6.875855922698975, 21191
6.875855922698975, 21190
6.876857757568359, 21189
6.876857757568359, 21188
6.876857757568359, 21187
6.876857757568359, 21186
6.876857757568359, 21185
6.876857757568359, 21184
6.876857757568359, 21183
6.877912282943726, 21182
6.877912282943726, 21181
6.877912282943726, 21180
6.877912282943726, 21179
6.877912282943726, 21178
6.877912282943726, 21177
6.8788557052612305, 21176
6.8788557052612305, 21175
6.8788557052612305, 21174
6.8788557052612305, 21173
6.8788557052612305, 21172
6.8788557052612305, 21171
6.8788557052612305, 21170
6.87985634803772, 21169
6.87985634803772, 21168
6.87985634803772, 21167
6.87985634803772, 21166
6.87985634803772, 21165
6.87985634803772, 21164
6.87985634803772, 21163
6.8808557987213135, 21162
6.8808557987213135, 21161
6.8808557987213135, 21160
6.8808557987213135, 21159
6.8808557987213135, 21158
6.8808557987213135, 21157
6.8808557987213135, 21156
6.881855487823486, 21155
6.881855487823486, 21154
6.881855487823486, 21153
6.881855487823486, 21152
6.881855487823486, 21151
6.881855487823486, 21150
6.882853031158447, 21149
6.882853031158447, 21148
6.882853031158447, 21147
6.882853031158447, 21146
6.882853031158447, 21145
6.882853031158447, 21144
6.882853031158447, 21143
6.883863210678101, 21142
6.883863210678101, 21141
6.883863210678101, 21140
6.883863210678101, 21139
6.884861707687378, 21138
6.884861707687378, 21137
6.884861707687378, 21136
6.884861707687378, 21135
6.884861707687378, 21134
6.885861396789551, 21133
6.885861396789551, 21132
6.885861396789551, 21131
6.885861396789551, 21130
6.885861396789551, 21129
6.885861396789551, 21128
6.885861396789551, 21127
7.786860227584839, 21126
7.786860227584839, 21125
7.786860227584839, 21124
7.786860227584839, 21123
7.786860227584839, 21122
7.786860227584839, 21121
7.787858009338379, 21120
7.787858009338379, 21119
7.787858009338379, 21118
7.787858009338379, 21117
7.787858009338379, 21116
7.787858009338379, 21115
7.788856744766235, 21114
7.788856744766235, 21113
7.788856744766235, 21112
7.788856744766235, 21111
7.788856744766235, 21110
7.788856744766235, 21109
7.788856744766235, 21108
7.789859771728516, 21107
7.789859771728516, 21106
7.789859771728516, 21105
7.789859771728516, 21104
7.789859771728516, 21103
7.789859771728516, 21102
7.789859771728516, 21101
7.790857315063477, 21100
7.790857315063477, 21099
7.790857315063477, 21098
7.790857315063477, 21097
7.790857315063477, 21096
7.791562080383301, 21095
7.791562080383301, 21094
7.791857719421387, 21093
7.791857719421387, 21092
7.791857719421387, 21091
7.791857719421387, 21090
7.791857719421387, 21089
7.791857719421387, 21088
7.7928595542907715, 21087
7.7928595542907715, 21086
7.7928595542907715, 21085
7.7928595542907715, 21084
7.7928595542907715, 21083
7.7928595542907715, 21082
7.7928595542907715, 21081
7.793857574462891, 21080
7.793857574462891, 21079
7.793857574462891, 21078
7.793857574462891, 21077
7.793857574462891, 21076
7.793857574462891, 21075
7.793857574462891, 21074
7.79485821723938, 21073
7.79485821723938, 21072
7.79485821723938, 21071
7.79485821723938, 21070
7.795859336853027, 21069
7.795859336853027, 21068
7.795859336853027, 21067
7.795859336853027, 21066
7.795859336853027, 21065
7.796856880187988, 21064
7.796856880187988, 21063
7.796856880187988, 21062
7.796856880187988, 21061
7.796856880187988, 21060
7.796856880187988, 21059
7.796856880187988, 21058
7.7978575229644775, 21057
7.7978575229644775, 21056
7.7978575229644775, 21055
7.7978575229644775, 21054
7.7978575229644775, 21053
7.7978575229644775, 21052
7.798858642578125, 21051
7.798858642578125, 21050
7.798858642578125, 21049
7.798858642578125, 21048
7.798858642578125, 21047
7.798858642578125, 21046
7.798858642578125, 21045
7.79986047744751, 21044
7.79986047744751, 21043
7.79986047744751, 21042
7.79986047744751, 21041
7.79986047744751, 21040
7.79986047744751, 21039
7.79986047744751, 21038
7.800860643386841, 21037
7.800975322723389, 21036
7.800975322723389, 21035
7.800975322723389, 21034
7.800975322723389, 21033
7.800975322723389, 21032
7.800975322723389, 21031
7.801860809326172, 21030
7.801860809326172, 21029
7.801860809326172, 21028
7.801860809326172, 21027
7.801860809326172, 21026
7.801860809326172, 21025
7.802856922149658, 21024
7.802856922149658, 21023
7.802856922149658, 21022
7.802856922149658, 21021
7.802856922149658, 21020
7.802856922149658, 21019
7.802856922149658, 21018
7.803941011428833, 21017
7.803941011428833, 21016
7.803941011428833, 21015
7.803941011428833, 21014
7.803941011428833, 21013
7.803941011428833, 21012
7.804856777191162, 21011
7.804856777191162, 21010
7.804856777191162, 21009
7.804856777191162, 21008
7.804856777191162, 21007
7.804856777191162, 21006
7.804856777191162, 21005
7.805856466293335, 21004
7.805856466293335, 21003
7.805856466293335, 21002
7.805856466293335, 21001
7.805856466293335, 21000
7.805856466293335, 20999
7.805856466293335, 20998
7.806856393814087, 20997
7.806856393814087, 20996
9.149901866912842, 20995
9.149901866912842, 20994
9.149901866912842, 20993
9.149901866912842, 20992
9.149901866912842, 20991
9.149901866912842, 20990
9.150902032852173, 20989
9.150902032852173, 20988
9.484875917434692, 20987
9.484875917434692, 20986
9.484875917434692, 20985
9.484875917434692, 20984
9.485875844955444, 20983
9.485875844955444, 20982
9.485875844955444, 20981
9.485875844955444, 20980
9.485875844955444, 20979
9.485875844955444, 20978
9.486875534057617, 20977
9.486875534057617, 20976
9.486875534057617, 20975
9.486875534057617, 20974
9.486875534057617, 20973
9.486875534057617, 20972
9.486875534057617, 20971
9.487876176834106, 20970
9.487876176834106, 20969
9.487876176834106, 20968
9.487876176834106, 20967
9.487876176834106, 20966
9.487876176834106, 20965
9.488876581192017, 20964
9.488876581192017, 20963
9.488876581192017, 20962
9.488876581192017, 20961
9.488876581192017, 20960
9.488876581192017, 20959
9.488876581192017, 20958
9.489876508712769, 20957
9.489876508712769, 20956
9.489876508712769, 20955
9.489876508712769, 20954
9.489876508712769, 20953
9.489876508712769, 20952
9.489876508712769, 20951
9.490875959396362, 20950
9.490875959396362, 20949
9.490875959396362, 20948
9.490875959396362, 20947
9.490875959396362, 20946
9.490875959396362, 20945
9.491875886917114, 20944
9.491875886917114, 20943
9.491875886917114, 20942
9.491875886917114, 20941
9.491875886917114, 20940
9.491875886917114, 20939
9.491875886917114, 20938
9.49292778968811, 20937
9.49292778968811, 20936
9.49292778968811, 20935
9.49292778968811, 20934
9.49292778968811, 20933
9.493857383728027, 20932
9.493857383728027, 20931
9.493857383728027, 20930
9.493857383728027, 20929
9.493857383728027, 20928
9.493857383728027, 20927
9.493857383728027, 20926
9.494856119155884, 20925
9.494856119155884, 20924
9.494856119155884, 20923
9.494856119155884, 20922
9.494856119155884, 20921
9.494856119155884, 20920
9.495855569839478, 20919
9.495855569839478, 20918
9.495855569839478, 20917
9.495855569839478, 20916
9.495855569839478, 20915
9.495855569839478, 20914
9.495855569839478, 20913
9.496928691864014, 20912
9.496928691864014, 20911
9.496928691864014, 20910
9.496928691864014, 20909
9.496928691864014, 20908
9.496928691864014, 20907
9.496928691864014, 20906
9.49785852432251, 20905
9.49785852432251, 20904
9.49785852432251, 20903
9.49785852432251, 20902
9.49785852432251, 20901
9.49785852432251, 20900
9.498860836029053, 20899
9.498860836029053, 20898
9.498860836029053, 20897
9.498860836029053, 20896
9.498860836029053, 20895
9.498860836029053, 20894
9.498860836029053, 20893
9.499857664108276, 20892
9.499857664108276, 20891
9.499857664108276, 20890
9.499857664108276, 20889
9.499857664108276, 20888
9.499857664108276, 20887
9.500855445861816, 20886
9.500855445861816, 20885
9.500855445861816, 20884
9.500855445861816, 20883
9.500855445861816, 20882
9.500855445861816, 20881
9.500855445861816, 20880
9.50185513496399, 20879
9.50185513496399, 20878
9.50185513496399, 20877
9.50185513496399, 20876
9.50185513496399, 20875
9.50185513496399, 20874
9.50286865234375, 20873
9.50286865234375, 20872
9.50286865234375, 20871
9.50286865234375, 20870
9.50286865234375, 20869
9.50286865234375, 20868
9.50286865234375, 20867
9.503876447677612, 20866
9.503876447677612, 20865
9.503876447677612, 20864
9.503876447677612, 20863
9.503876447677612, 20862
9.503876447677612, 20861
9.504875898361206, 20860
9.504875898361206, 20859
9.504875898361206, 20858
9.504875898361206, 20857
9.504875898361206, 20856
9.504875898361206, 20855
9.504875898361206, 20854
9.505876064300537, 20853
9.505876064300537, 20852
9.505876064300537, 20851
9.505876064300537, 20850
9.505876064300537, 20849
9.505876064300537, 20848
9.506875991821289, 20847
9.506875991821289, 20846
9.506875991821289, 20845
9.506875991821289, 20844
9.506875991821289, 20843
9.506875991821289, 20842
9.5078763961792, 20841
9.507957458496094, 20840
9.507957458496094, 20839
9.507957458496094, 20838
9.508881092071533, 20837
9.508881092071533, 20836
9.508881092071533, 20835
9.508881092071533, 20834
9.508881092071533, 20833
9.509880542755127, 20832
9.509880542755127, 20831
9.509880542755127, 20830
9.509880542755127, 20829
9.509880542755127, 20828
9.509880542755127, 20827
9.510876893997192, 20826
9.510876893997192, 20825
9.510876893997192, 20824
9.510876893997192, 20823
9.510876893997192, 20822
9.510876893997192, 20821
9.511877059936523, 20820
9.511877059936523, 20819
9.511877059936523, 20818
9.511877059936523, 20817
9.511877059936523, 20816
9.511877059936523, 20815
9.512877702713013, 20814
9.512877702713013, 20813
9.512877702713013, 20812
9.512877702713013, 20811
9.512877702713013, 20810
9.512877702713013, 20809
9.513882398605347, 20808
9.513882398605347, 20807
9.513882398605347, 20806
9.513882398605347, 20805
9.513882398605347, 20804
9.513882398605347, 20803
9.513882398605347, 20802
9.514877796173096, 20801
9.514877796173096, 20800
9.514877796173096, 20799
9.514877796173096, 20798
9.514877796173096, 20797
9.514877796173096, 20796
9.51587724685669, 20795
9.51587724685669, 20794
9.51587724685669, 20793
9.51587724685669, 20792
9.51587724685669, 20791
9.51587724685669, 20790
9.516879081726074, 20789
9.516879081726074, 20788
9.516879081726074, 20787
9.516879081726074, 20786
9.516879081726074, 20785
9.516879081726074, 20784
9.517876625061035, 20783
9.518066883087158, 20782
9.518066883087158, 20781
9.518066883087158, 20780
9.518066883087158, 20779
9.518066883087158, 20778
9.518877029418945, 20777
9.518877029418945, 20776
9.518877029418945, 20775
9.518877029418945, 20774
9.518877029418945, 20773
9.518877029418945, 20772
9.518877029418945, 20771
9.519876480102539, 20770
9.519876480102539, 20769
9.519876480102539, 20768
9.519876480102539, 20767
9.519876480102539, 20766
9.519876480102539, 20765
9.520876407623291, 20764
9.520876407623291, 20763
9.52121090888977, 20762
9.52121090888977, 20761
9.52121090888977, 20760
9.52121090888977, 20759
9.521877527236938, 20758
9.521877527236938, 20757
9.521877527236938, 20756
9.521877527236938, 20755
9.521877527236938, 20754
9.521877527236938, 20753
9.522878170013428, 20752
9.522878170013428, 20751
9.522878170013428, 20750
9.522878170013428, 20749
9.522878170013428, 20748
9.522878170013428, 20747
9.523906946182251, 20746
9.523906946182251, 20745
9.523906946182251, 20744
9.523906946182251, 20743
9.523906946182251, 20742
9.524906635284424, 20741
9.524906635284424, 20740
9.524906635284424, 20739
9.524906635284424, 20738
9.524906635284424, 20737
9.524906635284424, 20736
9.525906324386597, 20735
9.525906324386597, 20734
9.525906324386597, 20733
9.525906324386597, 20732
9.525906324386597, 20731
9.525906324386597, 20730
9.526886940002441, 20729
9.526886940002441, 20728
9.526886940002441, 20727
9.526886940002441, 20726
9.526886940002441, 20725
9.526886940002441, 20724
9.526886940002441, 20723
9.527904748916626, 20722
9.527904748916626, 20721
9.527904748916626, 20720
9.528422355651855, 20719
9.528422355651855, 20718
9.528422355651855, 20717
9.528908014297485, 20716
9.528908014297485, 20715
9.528908014297485, 20714
9.528908014297485, 20713
9.528908014297485, 20712
9.528908014297485, 20711
9.529907941818237, 20710
9.529907941818237, 20709
9.529907941818237, 20708
9.529907941818237, 20707
9.529907941818237, 20706
9.529907941818237, 20705
9.529907941818237, 20704
9.530905961990356, 20703
9.530905961990356, 20702
9.530905961990356, 20701
9.530905961990356, 20700
9.530905961990356, 20699
9.530905961990356, 20698
9.531904220581055, 20697
9.531904220581055, 20696
9.531904220581055, 20695
9.531904220581055, 20694
9.531904220581055, 20693
9.531904220581055, 20692
9.532903909683228, 20691
9.532903909683228, 20690
9.532903909683228, 20689
9.532903909683228, 20688
9.532903909683228, 20687
9.532903909683228, 20686
9.532903909683228, 20685
9.533904075622559, 20684
9.533904075622559, 20683
9.533904075622559, 20682
9.534430742263794, 20681
9.534430742263794, 20680
9.534430742263794, 20679
9.534903764724731, 20678
9.534903764724731, 20677
9.534903764724731, 20676
9.534903764724731, 20675
9.534903764724731, 20674
9.534903764724731, 20673
9.535903692245483, 20672
9.535903692245483, 20671
9.535903692245483, 20670
9.535903692245483, 20669
9.535903692245483, 20668
9.535903692245483, 20667
9.535903692245483, 20666
9.536903858184814, 20665
9.536903858184814, 20664
9.536903858184814, 20663
9.536903858184814, 20662
9.536903858184814, 20661
9.536903858184814, 20660
9.537903785705566, 20659
9.537903785705566, 20658
9.537903785705566, 20657
9.537903785705566, 20656
9.537903785705566, 20655
9.537903785705566, 20654
9.537903785705566, 20653
9.538903713226318, 20652
9.538903713226318, 20651
9.538903713226318, 20650
9.538903713226318, 20649
9.538903713226318, 20648
9.538903713226318, 20647
9.539968967437744, 20646
9.539968967437744, 20645
9.539968967437744, 20644
9.539968967437744, 20643
9.540905475616455, 20642
9.540905475616455, 20641
9.540905475616455, 20640
9.540905475616455, 20639
9.540905475616455, 20638
9.54190468788147, 20637
9.54190468788147, 20636
9.54190468788147, 20635
9.54190468788147, 20634
9.54190468788147, 20633
9.54190468788147, 20632
9.542903900146484, 20631
9.542903900146484, 20630
9.542903900146484, 20629
9.542903900146484, 20628
9.542903900146484, 20627
9.542903900146484, 20626
9.543903827667236, 20625
9.543903827667236, 20624
9.543903827667236, 20623
9.543903827667236, 20622
9.543903827667236, 20621
9.543903827667236, 20620
9.543903827667236, 20619
9.544905662536621, 20618
9.544905662536621, 20617
9.544905662536621, 20616
9.544905662536621, 20615
9.544905662536621, 20614
9.544905662536621, 20613
9.545907974243164, 20612
9.545907974243164, 20611
9.545907974243164, 20610
9.545907974243164, 20609
9.545907974243164, 20608
9.545907974243164, 20607
9.546908617019653, 20606
9.546908617019653, 20605
9.546908617019653, 20604
9.546908617019653, 20603
9.546908617019653, 20602
9.546908617019653, 20601
9.546908617019653, 20600
9.547905206680298, 20599
9.547905206680298, 20598
9.547905206680298, 20597
9.547905206680298, 20596
9.547905206680298, 20595
9.547905206680298, 20594
9.548906803131104, 20593
9.548906803131104, 20592
9.548906803131104, 20591
9.548906803131104, 20590
9.548906803131104, 20589
9.548906803131104, 20588
9.54990839958191, 20587
9.54990839958191, 20586
9.54990839958191, 20585
9.54990839958191, 20584
9.54990839958191, 20583
9.54990839958191, 20582
9.54990839958191, 20581
9.550905704498291, 20580
9.550905704498291, 20579
9.551383018493652, 20578
9.551383018493652, 20577
9.551383018493652, 20576
9.55190658569336, 20575
9.55190658569336, 20574
9.55190658569336, 20573
9.55190658569336, 20572
9.55190658569336, 20571
9.55190658569336, 20570
9.55190658569336, 20569
9.552907943725586, 20568
9.552907943725586, 20567
9.552907943725586, 20566
9.552907943725586, 20565
9.552907943725586, 20564
9.552907943725586, 20563
9.553905963897705, 20562
9.553905963897705, 20561
9.553905963897705, 20560
9.553905963897705, 20559
9.553905963897705, 20558
9.553905963897705, 20557
9.554906129837036, 20556
9.554906129837036, 20555
9.554906129837036, 20554
9.554906129837036, 20553
9.554906129837036, 20552
9.554906129837036, 20551
9.55590558052063, 20550
9.55590558052063, 20549
9.55590558052063, 20548
9.55590558052063, 20547
9.55590558052063, 20546
9.55590558052063, 20545
9.55590558052063, 20544
9.55690622329712, 20543
9.55690622329712, 20542
9.55690622329712, 20541
9.55690622329712, 20540
9.55690622329712, 20539
9.55690622329712, 20538
9.55790662765503, 20537
9.55790662765503, 20536
9.55790662765503, 20535
9.55790662765503, 20534
9.55790662765503, 20533
9.55790662765503, 20532
9.558905601501465, 20531
9.558905601501465, 20530
9.558905601501465, 20529
9.558905601501465, 20528
9.558905601501465, 20527
9.558905601501465, 20526
9.559906721115112, 20525
9.559906721115112, 20524
9.559906721115112, 20523
9.560370922088623, 20522
9.560370922088623, 20521
9.560370922088623, 20520
9.560370922088623, 20519
9.560905694961548, 20518
9.560905694961548, 20517
9.560905694961548, 20516
9.560905694961548, 20515
9.560905694961548, 20514
9.560905694961548, 20513
9.561906337738037, 20512
9.561906337738037, 20511
9.561906337738037, 20510
9.561906337738037, 20509
9.561906337738037, 20508
9.561906337738037, 20507
9.561906337738037, 20506
9.562908172607422, 20505
9.562908172607422, 20504
9.562908172607422, 20503
9.562908172607422, 20502
9.562908172607422, 20501
9.562908172607422, 20500
9.563905715942383, 20499
9.563905715942383, 20498
9.563905715942383, 20497
9.563905715942383, 20496
9.563905715942383, 20495
9.563905715942383, 20494
9.564903974533081, 20493
9.564903974533081, 20492
9.564903974533081, 20491
9.564903974533081, 20490
9.564903974533081, 20489
9.564903974533081, 20488
9.565903902053833, 20487
9.565903902053833, 20486
9.565903902053833, 20485
9.565903902053833, 20484
9.565903902053833, 20483
9.565903902053833, 20482
9.566903829574585, 20481
9.566903829574585, 20480
9.567145586013794, 20479
9.567145586013794, 20478
9.567145586013794, 20477
9.567145586013794, 20476
9.567145586013794, 20475
9.567903757095337, 20474
9.567903757095337, 20473
9.567903757095337, 20472
9.567903757095337, 20471
9.567903757095337, 20470
9.567903757095337, 20469
9.568903684616089, 20468
9.568903684616089, 20467
9.568903684616089, 20466
9.568903684616089, 20465
9.568903684616089, 20464
9.568903684616089, 20463
9.568903684616089, 20462
9.56990385055542, 20461
9.56990385055542, 20460
9.56990385055542, 20459
9.56990385055542, 20458
9.56990385055542, 20457
9.56990385055542, 20456
9.570903778076172, 20455
9.570903778076172, 20454
9.570903778076172, 20453
9.570903778076172, 20452
9.570903778076172, 20451
9.570903778076172, 20450
9.571961641311646, 20449
9.571961641311646, 20448
9.571961641311646, 20447
9.571961641311646, 20446
9.571961641311646, 20445
9.571961641311646, 20444
9.572907209396362, 20443
9.572907209396362, 20442
9.572907209396362, 20441
9.572907209396362, 20440
9.572907209396362, 20439
9.572907209396362, 20438
9.573906898498535, 20437
9.573906898498535, 20436
9.573906898498535, 20435
9.573906898498535, 20434
9.573906898498535, 20433
9.573906898498535, 20432
9.574905633926392, 20431
9.574905633926392, 20430
9.574905633926392, 20429
9.574905633926392, 20428
9.574905633926392, 20427
9.574905633926392, 20426
9.574905633926392, 20425
9.57590651512146, 20424
9.57590651512146, 20423
9.57590651512146, 20422
9.57590651512146, 20421
9.57590651512146, 20420
9.57590651512146, 20419
9.576906204223633, 20418
9.576906204223633, 20417
9.576906204223633, 20416
9.576906204223633, 20415
9.576906204223633, 20414
9.576906204223633, 20413
9.577909469604492, 20412
9.577909469604492, 20411
9.577909469604492, 20410
9.577909469604492, 20409
9.577909469604492, 20408
9.577909469604492, 20407
9.578906536102295, 20406
9.578906536102295, 20405
9.578906536102295, 20404
9.578906536102295, 20403
9.578906536102295, 20402
9.578906536102295, 20401
9.579905271530151, 20400
9.579905271530151, 20399
9.579905271530151, 20398
9.579905271530151, 20397
9.579905271530151, 20396
9.579905271530151, 20395
9.580906867980957, 20394
9.580906867980957, 20393
9.580906867980957, 20392
9.580906867980957, 20391
9.580906867980957, 20390
9.580906867980957, 20389
9.581906080245972, 20388
9.581906080245972, 20387
9.582184791564941, 20386
9.582184791564941, 20385
9.582184791564941, 20384
9.582690954208374, 20383
9.582690954208374, 20382
9.582690954208374, 20381
9.582690954208374, 20380
9.582690954208374, 20379
9.582690954208374, 20378
9.582690954208374, 20377
9.58370065689087, 20376
9.58370065689087, 20375
9.58370065689087, 20374
9.58370065689087, 20373
9.58370065689087, 20372
9.58370065689087, 20371
9.5847008228302, 20370
9.5847008228302, 20369
9.5847008228302, 20368
9.5847008228302, 20367
9.5847008228302, 20366
9.5847008228302, 20365
9.585704803466797, 20364
9.585704803466797, 20363
9.585704803466797, 20362
9.585704803466797, 20361
9.585704803466797, 20360
9.585704803466797, 20359
9.585704803466797, 20358
9.58669900894165, 20357
9.58669900894165, 20356
9.58669900894165, 20355
9.58669900894165, 20354
9.58669900894165, 20353
9.58669900894165, 20352
9.587700605392456, 20351
9.587700605392456, 20350
9.587700605392456, 20349
9.587700605392456, 20348
9.587700605392456, 20347
9.587700605392456, 20346
9.588714838027954, 20345
9.588714838027954, 20344
9.588714838027954, 20343
9.588714838027954, 20342
9.588714838027954, 20341
9.588714838027954, 20340
9.589704990386963, 20339
9.589704990386963, 20338
9.589704990386963, 20337
9.589704990386963, 20336
9.589704990386963, 20335
9.589704990386963, 20334
9.590705156326294, 20333
9.590705156326294, 20332
9.590705156326294, 20331
9.590705156326294, 20330
9.590705156326294, 20329
9.590705156326294, 20328
9.590705156326294, 20327
9.59169888496399, 20326
9.59169888496399, 20325
9.59169888496399, 20324
9.59169888496399, 20323
9.59169888496399, 20322
9.59169888496399, 20321
9.592699766159058, 20320
9.592699766159058, 20319
9.592699766159058, 20318
9.592699766159058, 20317
9.592699766159058, 20316
9.592699766159058, 20315
9.59369969367981, 20314
9.59369969367981, 20313
9.59369969367981, 20312
9.59369969367981, 20311
9.59369969367981, 20310
9.59369969367981, 20309
9.594701766967773, 20308
9.594701766967773, 20307
9.594701766967773, 20306
9.594701766967773, 20305
9.594701766967773, 20304
9.594701766967773, 20303
9.595701694488525, 20302
9.595701694488525, 20301
9.595701694488525, 20300
9.595701694488525, 20299
9.595701694488525, 20298
9.595701694488525, 20297
9.595701694488525, 20296
9.59670114517212, 20295
9.59670114517212, 20294
9.59670114517212, 20293
9.59670114517212, 20292
9.59670114517212, 20291
9.59670114517212, 20290
9.597699880599976, 20289
9.597699880599976, 20288
9.597699880599976, 20287
9.597699880599976, 20286
9.597699880599976, 20285
9.597699880599976, 20284
9.598698616027832, 20283
9.598698616027832, 20282
9.598698616027832, 20281
9.598698616027832, 20280
9.598698616027832, 20279
9.598698616027832, 20278
9.598698616027832, 20277
9.59969973564148, 20276
9.59969973564148, 20275
9.59969973564148, 20274
9.59969973564148, 20273
9.59969973564148, 20272
9.59969973564148, 20271
9.600698709487915, 20270
9.600698709487915, 20269
9.600698709487915, 20268
9.600698709487915, 20267
9.600698709487915, 20266
9.600698709487915, 20265
9.601698398590088, 20264
9.601698398590088, 20263
9.601698398590088, 20262
9.601698398590088, 20261
9.601698398590088, 20260
9.601698398590088, 20259
9.601698398590088, 20258
9.602805376052856, 20257
9.602805376052856, 20256
9.602805376052856, 20255
9.602805376052856, 20254
9.602805376052856, 20253
9.602805376052856, 20252
9.602805376052856, 20251
9.60389494895935, 20250
9.60389494895935, 20249
9.60389494895935, 20248
9.60389494895935, 20247
9.60389494895935, 20246
9.60480523109436, 20245
9.60480523109436, 20244
9.60480523109436, 20243
9.60480523109436, 20242
9.60480523109436, 20241
9.60480523109436, 20240
9.605803966522217, 20239
9.605803966522217, 20238
9.605803966522217, 20237
9.605803966522217, 20236
9.605803966522217, 20235
9.605803966522217, 20234
9.60680365562439, 20233
9.606906652450562, 20232
9.606906652450562, 20231
9.606906652450562, 20230
9.606906652450562, 20229
9.606906652450562, 20228
9.6078040599823, 20227
9.6078040599823, 20226
9.6078040599823, 20225
9.6078040599823, 20224
9.6078040599823, 20223
9.6078040599823, 20222
9.60880446434021, 20221
9.60880446434021, 20220
9.60880446434021, 20219
9.60880446434021, 20218
9.60880446434021, 20217
9.60880446434021, 20216
9.609808683395386, 20215
9.609808683395386, 20214
9.609808683395386, 20213
9.609808683395386, 20212
9.609808683395386, 20211
9.609808683395386, 20210
9.609808683395386, 20209
9.610806703567505, 20208
9.610806703567505, 20207
9.610806703567505, 20206
9.610806703567505, 20205
9.610806703567505, 20204
9.610806703567505, 20203
9.611803770065308, 20202
9.611803770065308, 20201
9.611803770065308, 20200
9.611803770065308, 20199
9.611803770065308, 20198
9.611803770065308, 20197
9.611803770065308, 20196
9.61280369758606, 20195
9.61280369758606, 20194
9.61280369758606, 20193
9.61280369758606, 20192
9.61280369758606, 20191
9.61280369758606, 20190
9.613804340362549, 20189
9.613804340362549, 20188
9.613804340362549, 20187
9.613804340362549, 20186
9.613804340362549, 20185
9.613804340362549, 20184
9.614803314208984, 20183
9.614803314208984, 20182
9.614803314208984, 20181
9.614803314208984, 20180
9.614803314208984, 20179
9.614803314208984, 20178
9.615803480148315, 20177
9.615803480148315, 20176
9.615803480148315, 20175
9.615803480148315, 20174
9.615803480148315, 20173
9.615803480148315, 20172
9.615803480148315, 20171
9.616803169250488, 20170
9.616803169250488, 20169
9.616803169250488, 20168
9.616803169250488, 20167
9.616803169250488, 20166
9.616803169250488, 20165
9.617803812026978, 20164
9.617803812026978, 20163
9.617803812026978, 20162
9.617803812026978, 20161
9.617803812026978, 20160
9.617803812026978, 20159
9.61880373954773, 20158
9.61880373954773, 20157
9.61880373954773, 20156
9.61880373954773, 20155
9.61880373954773, 20154
9.61880373954773, 20153
9.61880373954773, 20152
9.619863986968994, 20151
9.619863986968994, 20150
9.619863986968994, 20149
9.619863986968994, 20148
9.619863986968994, 20147
9.620804071426392, 20146
9.620804071426392, 20145
9.620804071426392, 20144
9.620804071426392, 20143
9.620804071426392, 20142
9.620804071426392, 20141
9.620804071426392, 20140
9.621803998947144, 20139
9.621803998947144, 20138
9.621803998947144, 20137
9.621803998947144, 20136
9.621803998947144, 20135
9.622803688049316, 20134
9.622803688049316, 20133
9.622803688049316, 20132
9.622803688049316, 20131
9.622803688049316, 20130
9.622803688049316, 20129
9.623803615570068, 20128
9.623803615570068, 20127
9.623803615570068, 20126
9.623803615570068, 20125
9.623803615570068, 20124
9.623803615570068, 20123
9.623803615570068, 20122
9.62480354309082, 20121
9.62480354309082, 20120
9.62480354309082, 20119
9.62480354309082, 20118
9.62480354309082, 20117
9.62480354309082, 20116
9.625805616378784, 20115
9.625805616378784, 20114
9.625805616378784, 20113
9.625805616378784, 20112
9.625805616378784, 20111
9.625805616378784, 20110
9.626806735992432, 20109
9.626806735992432, 20108
9.626806735992432, 20107
9.626806735992432, 20106
9.626806735992432, 20105
9.626806735992432, 20104
9.627806425094604, 20103
9.627806425094604, 20102
9.627806425094604, 20101
9.627806425094604, 20100
9.627806425094604, 20099
9.627806425094604, 20098
9.628806352615356, 20097
9.628806352615356, 20096
9.628806352615356, 20095
9.628806352615356, 20094
9.628806352615356, 20093
9.628806352615356, 20092
9.629807710647583, 20091
9.629807710647583, 20090
9.629807710647583, 20089
9.629807710647583, 20088
9.629807710647583, 20087
9.629807710647583, 20086
9.629807710647583, 20085
9.630805253982544, 20084
9.630805253982544, 20083
9.630805253982544, 20082
9.630805253982544, 20081
9.630805253982544, 20080
9.630805253982544, 20079
9.631805658340454, 20078
9.631805658340454, 20077
9.631805658340454, 20076
9.631805658340454, 20075
9.631805658340454, 20074
9.631805658340454, 20073
9.632805347442627, 20072
9.632805347442627, 20071
9.632805347442627, 20070
9.632805347442627, 20069
9.632805347442627, 20068
9.632805347442627, 20067
9.632805347442627, 20066
9.633806705474854, 20065
9.633806705474854, 20064
9.633806705474854, 20063
9.633806705474854, 20062
9.633806705474854, 20061
9.633806705474854, 20060
9.634805917739868, 20059
9.634805917739868, 20058
9.634805917739868, 20057
9.634805917739868, 20056
9.6358060836792, 20055
9.6358060836792, 20054
9.6358060836792, 20053
9.6358060836792, 20052
9.6358060836792, 20051
9.636807441711426, 20050
9.636807441711426, 20049
9.636807441711426, 20048
9.636807441711426, 20047
9.636807441711426, 20046
9.636807441711426, 20045
9.637805700302124, 20044
9.637805700302124, 20043
9.637805700302124, 20042
9.637805700302124, 20041
9.637805700302124, 20040
9.637805700302124, 20039
9.637805700302124, 20038
9.638805150985718, 20037
9.638805150985718, 20036
9.638805150985718, 20035
9.638805150985718, 20034
9.638805150985718, 20033
9.638805150985718, 20032
9.639783143997192, 20031
9.639783143997192, 20030
9.639783143997192, 20029
9.639783143997192, 20028
9.639783143997192, 20027
9.639783143997192, 20026
9.640810489654541, 20025
9.640810489654541, 20024
9.640810489654541, 20023
9.640810489654541, 20022
9.641413688659668, 20021
9.641413688659668, 20020
9.641413688659668, 20019
9.641810417175293, 20018
9.641810417175293, 20017
9.641810417175293, 20016
9.641810417175293, 20015
9.641810417175293, 20014
9.641810417175293, 20013
9.6428062915802, 20012
9.6428062915802, 20011
9.6428062915802, 20010
9.6428062915802, 20009
9.6428062915802, 20008
9.6428062915802, 20007
9.643805980682373, 20006
9.643805980682373, 20005
9.643805980682373, 20004
9.643805980682373, 20003
9.643805980682373, 20002
9.643805980682373, 20001
9.644805669784546, 20000
9.644805669784546, 19999
9.644805669784546, 19998
9.644805669784546, 19997
9.644805669784546, 19996
9.644805669784546, 19995
9.644805669784546, 19994
9.645887613296509, 19993
9.645887613296509, 19992
9.645887613296509, 19991
9.645887613296509, 19990
9.645887613296509, 19989
9.645887613296509, 19988
9.646806240081787, 19987
9.646806240081787, 19986
9.646806240081787, 19985
9.646806240081787, 19984
9.646806240081787, 19983
9.646806240081787, 19982
9.647805452346802, 19981
9.647805452346802, 19980
9.647805452346802, 19979
9.647805452346802, 19978
9.647805452346802, 19977
9.647805452346802, 19976
9.648805141448975, 19975
9.648805141448975, 19974
9.648805141448975, 19973
9.648805141448975, 19972
9.648805141448975, 19971
9.648805141448975, 19970
9.648805141448975, 19969
9.649805068969727, 19968
9.649805068969727, 19967
9.649805068969727, 19966
9.649805068969727, 19965
9.649805068969727, 19964
9.649805068969727, 19963
9.6508047580719, 19962
9.6508047580719, 19961
9.6508047580719, 19960
9.6508047580719, 19959
9.6508047580719, 19958
9.6508047580719, 19957
9.651805400848389, 19956
9.651805400848389, 19955
9.651805400848389, 19954
9.651805400848389, 19953
9.651805400848389, 19952
9.651805400848389, 19951
9.652804136276245, 19950
9.652804136276245, 19949
9.652804136276245, 19948
9.652804136276245, 19947
9.652804136276245, 19946
9.652804136276245, 19945
9.653854846954346, 19944
9.653854846954346, 19943
9.653854846954346, 19942
9.653854846954346, 19941
9.653854846954346, 19940
9.653854846954346, 19939
9.653854846954346, 19938
9.654854774475098, 19937
9.654854774475098, 19936
9.654854774475098, 19935
9.654854774475098, 19934
9.654854774475098, 19933
9.654854774475098, 19932
9.65585470199585, 19931
9.65585470199585, 19930
9.65585470199585, 19929
9.65585470199585, 19928
9.65585470199585, 19927
9.65585470199585, 19926
9.65585470199585, 19925
9.656857252120972, 19924
9.656857252120972, 19923
9.656857252120972, 19922
9.656857252120972, 19921
9.656857252120972, 19920
9.656857252120972, 19919
9.657861948013306, 19918
9.657861948013306, 19917
9.657861948013306, 19916
9.657861948013306, 19915
9.657861948013306, 19914
9.657861948013306, 19913
9.657861948013306, 19912
9.65885853767395, 19911
9.65885853767395, 19910
9.65885853767395, 19909
9.65885853767395, 19908
9.65885853767395, 19907
9.65885853767395, 19906
9.659856081008911, 19905
9.659856081008911, 19904
9.659856081008911, 19903
9.659856081008911, 19902
9.659856081008911, 19901
9.659856081008911, 19900
9.660856008529663, 19899
9.660856008529663, 19898
9.660856008529663, 19897
9.660856008529663, 19896
9.660856008529663, 19895
9.660856008529663, 19894
9.660856008529663, 19893
9.661855697631836, 19892
9.661855697631836, 19891
9.661855697631836, 19890
9.661855697631836, 19889
9.661855697631836, 19888
9.661855697631836, 19887
9.662856578826904, 19886
9.662856578826904, 19885
9.662856578826904, 19884
9.662856578826904, 19883
9.662856578826904, 19882
9.662856578826904, 19881
9.663856506347656, 19880
9.663856506347656, 19879
9.663856506347656, 19878
9.663856506347656, 19877
9.663856506347656, 19876
9.663856506347656, 19875
9.664855718612671, 19874
9.664855718612671, 19873
9.664855718612671, 19872
9.664855718612671, 19871
9.664855718612671, 19870
9.664855718612671, 19869
9.664855718612671, 19868
9.665855646133423, 19867
9.665855646133423, 19866
9.665855646133423, 19865
9.665855646133423, 19864
9.665855646133423, 19863
9.665855646133423, 19862
9.666910409927368, 19861
9.66724967956543, 19860
9.66724967956543, 19859
9.66724967956543, 19858
9.66724967956543, 19857
9.667855978012085, 19856
9.667855978012085, 19855
9.667855978012085, 19854
9.667855978012085, 19853
9.667855978012085, 19852
9.667855978012085, 19851
9.668856620788574, 19850
9.668856620788574, 19849
9.668856620788574, 19848
9.668856620788574, 19847
9.668856620788574, 19846
9.668856620788574, 19845
9.669855833053589, 19844
9.669855833053589, 19843
9.669855833053589, 19842
9.669855833053589, 19841
9.669855833053589, 19840
9.669855833053589, 19839
9.670856952667236, 19838
9.670856952667236, 19837
9.670856952667236, 19836
9.670856952667236, 19835
9.670856952667236, 19834
9.670856952667236, 19833
9.671855926513672, 19832
9.671855926513672, 19831
9.671855926513672, 19830
9.671855926513672, 19829
9.671855926513672, 19828
9.671855926513672, 19827
9.672756671905518, 19826
9.672756671905518, 19825
9.672756671905518, 19824
9.673279285430908, 19823
9.673279285430908, 19822
9.673279285430908, 19821
9.673279285430908, 19820
9.674293041229248, 19819
9.674293041229248, 19818
9.674293041229248, 19817
9.674293041229248, 19816
9.674293041229248, 19815
9.67529034614563, 19814
9.67529034614563, 19813
9.67529034614563, 19812
9.67529034614563, 19811
9.67529034614563, 19810
9.67529034614563, 19809
9.67529034614563, 19808
9.676288604736328, 19807
9.676288604736328, 19806
9.676676511764526, 19805
9.676676511764526, 19804
9.676676511764526, 19803
9.676676511764526, 19802
9.677289009094238, 19801
9.677289009094238, 19800
9.677289009094238, 19799
9.677289009094238, 19798
9.677289009094238, 19797
9.677289009094238, 19796
9.67828893661499, 19795
9.67828893661499, 19794
9.67828893661499, 19793
9.67828893661499, 19792
9.67828893661499, 19791
9.67828893661499, 19790
9.679288864135742, 19789
9.679288864135742, 19788
9.679288864135742, 19787
9.679288864135742, 19786
9.679288864135742, 19785
9.679288864135742, 19784
9.680288791656494, 19783
9.680288791656494, 19782
9.680288791656494, 19781
9.680288791656494, 19780
9.680288791656494, 19779
9.680288791656494, 19778
9.680288791656494, 19777
9.681288719177246, 19776
9.681288719177246, 19775
9.681288719177246, 19774
9.681288719177246, 19773
9.681288719177246, 19772
9.681288719177246, 19771
9.682340383529663, 19770
9.682846307754517, 19769
9.682846307754517, 19768
9.682846307754517, 19767
9.682846307754517, 19766
9.682846307754517, 19765
9.683852434158325, 19764
9.683852434158325, 19763
9.683852434158325, 19762
9.683852434158325, 19761
9.683852434158325, 19760
9.683852434158325, 19759
9.683852434158325, 19758
9.684852123260498, 19757
9.684852123260498, 19756
9.684852123260498, 19755
9.684852123260498, 19754
9.684852123260498, 19753
9.68585205078125, 19752
9.68585205078125, 19751
9.68585205078125, 19750
9.686371088027954, 19749
9.686371088027954, 19748
9.686371088027954, 19747
9.686851978302002, 19746
9.686851978302002, 19745
9.686851978302002, 19744
9.686851978302002, 19743
9.686851978302002, 19742
9.686851978302002, 19741
9.687851905822754, 19740
9.687851905822754, 19739
9.687851905822754, 19738
9.687851905822754, 19737
9.687851905822754, 19736
9.687851905822754, 19735
9.687851905822754, 19734
9.688852071762085, 19733
9.688852071762085, 19732
9.688852071762085, 19731
9.688852071762085, 19730
9.688852071762085, 19729
9.688852071762085, 19728
9.68985629081726, 19727
9.68985629081726, 19726
9.68985629081726, 19725
9.68985629081726, 19724
9.68985629081726, 19723
9.68985629081726, 19722
9.68985629081726, 19721
9.690855264663696, 19720
9.690855264663696, 19719
9.690855264663696, 19718
9.690855264663696, 19717
9.690855264663696, 19716
9.690855264663696, 19715
9.691853761672974, 19714
9.691853761672974, 19713
9.691853761672974, 19712
9.691853761672974, 19711
9.691853761672974, 19710
9.691853761672974, 19709
9.691853761672974, 19708
9.692852258682251, 19707
9.692852258682251, 19706
9.692852258682251, 19705
9.692852258682251, 19704
9.692852258682251, 19703
9.692852258682251, 19702
9.692852258682251, 19701
9.693896055221558, 19700
9.693896055221558, 19699
9.693896055221558, 19698
9.693896055221558, 19697
9.693896055221558, 19696
9.693896055221558, 19695
9.69489574432373, 19694
9.69489574432373, 19693
9.69489574432373, 19692
9.69489574432373, 19691
9.695552110671997, 19690
9.695552110671997, 19689
9.695552110671997, 19688
9.695895671844482, 19687
9.695895671844482, 19686
9.695895671844482, 19685
9.695895671844482, 19684
9.695895671844482, 19683
9.695895671844482, 19682
9.696895599365234, 19681
9.696895599365234, 19680
9.696895599365234, 19679
9.696895599365234, 19678
9.696895599365234, 19677
9.696895599365234, 19676
9.697895765304565, 19675
9.697895765304565, 19674
9.697895765304565, 19673
9.697895765304565, 19672
9.698896646499634, 19671
9.698896646499634, 19670
9.698896646499634, 19669
9.698896646499634, 19668
9.698896646499634, 19667
9.699896097183228, 19666
9.699896097183228, 19665
9.699896097183228, 19664
9.699896097183228, 19663
9.699896097183228, 19662
9.699896097183228, 19661
9.70089602470398, 19660
9.70089602470398, 19659
9.70089602470398, 19658
9.70089602470398, 19657
9.70089602470398, 19656
9.70089602470398, 19655
9.701895952224731, 19654
9.701895952224731, 19653
9.701895952224731, 19652
9.701895952224731, 19651
9.701895952224731, 19650
9.701895952224731, 19649
9.702885866165161, 19648
9.702885866165161, 19647
9.702885866165161, 19646
9.702885866165161, 19645
9.702885866165161, 19644
9.702885866165161, 19643
9.702885866165161, 19642
9.70389199256897, 19641
9.70389199256897, 19640
9.70389199256897, 19639
9.70389199256897, 19638
9.70389199256897, 19637
9.70389199256897, 19636
9.704890966415405, 19635
9.704890966415405, 19634
9.704890966415405, 19633
9.705346584320068, 19632
9.705346584320068, 19631
9.705346584320068, 19630
9.705894947052002, 19629
9.705894947052002, 19628
9.705894947052002, 19627
9.705894947052002, 19626
9.705894947052002, 19625
9.705894947052002, 19624
9.70689582824707, 19623
9.70689582824707, 19622
9.70689582824707, 19621
9.70689582824707, 19620
9.70689582824707, 19619
9.70689582824707, 19618
9.70689582824707, 19617
9.707892656326294, 19616
9.707892656326294, 19615
9.707892656326294, 19614
9.707892656326294, 19613
9.707892656326294, 19612
9.707892656326294, 19611
9.708891153335571, 19610
9.708891153335571, 19609
9.708891153335571, 19608
9.708891153335571, 19607
9.708891153335571, 19606
9.708891153335571, 19605
9.709891080856323, 19604
9.709891080856323, 19603
9.709891080856323, 19602
9.709891080856323, 19601
9.709891080856323, 19600
9.709891080856323, 19599
9.710891246795654, 19598
9.710891246795654, 19597
9.710891246795654, 19596
9.710891246795654, 19595
9.710891246795654, 19594
9.710891246795654, 19593
9.711891174316406, 19592
9.711891174316406, 19591
9.711891174316406, 19590
9.711891174316406, 19589
9.711891174316406, 19588
9.711891174316406, 19587
9.712891101837158, 19586
9.712891101837158, 19585
9.712891101837158, 19584
9.712891101837158, 19583
9.712891101837158, 19582
9.712891101837158, 19581
9.71389126777649, 19580
9.71389126777649, 19579
9.71389126777649, 19578
9.71389126777649, 19577
9.71389126777649, 19576
9.71389126777649, 19575
9.714894771575928, 19574
9.714894771575928, 19573
9.714894771575928, 19572
9.714894771575928, 19571
9.714894771575928, 19570
9.714894771575928, 19569
9.715892791748047, 19568
9.715892791748047, 19567
9.715892791748047, 19566
9.715892791748047, 19565
9.715892791748047, 19564
9.715892791748047, 19563
9.716892004013062, 19562
9.716892004013062, 19561
9.716892004013062, 19560
9.716892004013062, 19559
9.716892004013062, 19558
9.716892004013062, 19557
9.716892004013062, 19556
9.717891931533813, 19555
9.717891931533813, 19554
9.717891931533813, 19553
9.717891931533813, 19552
9.717891931533813, 19551
9.717891931533813, 19550
9.718891859054565, 19549
9.718891859054565, 19548
9.718891859054565, 19547
9.718891859054565, 19546
9.718891859054565, 19545
9.718891859054565, 19544
9.719892263412476, 19543
9.719892263412476, 19542
9.719892263412476, 19541
9.719892263412476, 19540
9.719892263412476, 19539
9.719892263412476, 19538
9.719892263412476, 19537
9.720894575119019, 19536
9.720894575119019, 19535
9.720894575119019, 19534
9.720894575119019, 19533
9.720894575119019, 19532
9.720894575119019, 19531
9.721896886825562, 19530
9.721896886825562, 19529
9.721896886825562, 19528
9.721896886825562, 19527
9.721896886825562, 19526
9.721896886825562, 19525
9.722894191741943, 19524
9.722894191741943, 19523
9.722894191741943, 19522
9.722894191741943, 19521
9.722894191741943, 19520
9.722894191741943, 19519
9.722894191741943, 19518
9.723893165588379, 19517
9.723893165588379, 19516
9.723893165588379, 19515
9.723893165588379, 19514
9.723893165588379, 19513
9.723893165588379, 19512
9.724892377853394, 19511
9.724892377853394, 19510
9.724892377853394, 19509
9.724892377853394, 19508
9.724892377853394, 19507
9.724892377853394, 19506
9.724892377853394, 19505
9.725892305374146, 19504
9.725892305374146, 19503
9.725892305374146, 19502
9.725892305374146, 19501
9.725892305374146, 19500
9.725892305374146, 19499
9.726892232894897, 19498
9.726892232894897, 19497
9.726892232894897, 19496
9.726892232894897, 19495
9.726892232894897, 19494
9.726892232894897, 19493
9.727892398834229, 19492
9.727892398834229, 19491
9.727892398834229, 19490
9.727892398834229, 19489
9.727892398834229, 19488
9.727892398834229, 19487
9.727892398834229, 19486
9.72889256477356, 19485
9.72889256477356, 19484
9.72889256477356, 19483
9.72889256477356, 19482
9.72889256477356, 19481
9.72889256477356, 19480
9.729976177215576, 19479
9.729976177215576, 19478
9.729976177215576, 19477
9.730892419815063, 19476
9.730892419815063, 19475
9.730892419815063, 19474
9.730892419815063, 19473
9.730892419815063, 19472
9.730892419815063, 19471
9.731892108917236, 19470
9.731892108917236, 19469
9.731892108917236, 19468
9.731892108917236, 19467
9.731892108917236, 19466
9.731892108917236, 19465
9.732892274856567, 19464
9.732892274856567, 19463
9.732892274856567, 19462
9.732892274856567, 19461
9.732892274856567, 19460
9.732892274856567, 19459
9.733892440795898, 19458
9.733892440795898, 19457
9.733892440795898, 19456
9.733892440795898, 19455
9.733892440795898, 19454
9.733892440795898, 19453
9.733892440795898, 19452
9.734892129898071, 19451
9.734892129898071, 19450
9.734892129898071, 19449
9.734892129898071, 19448
9.734892129898071, 19447
9.734892129898071, 19446
9.735892057418823, 19445
9.735892057418823, 19444
9.735892057418823, 19443
9.735892057418823, 19442
9.736502170562744, 19441
9.736502170562744, 19440
9.736894607543945, 19439
9.736894607543945, 19438
9.736894607543945, 19437
9.736894607543945, 19436
9.736894607543945, 19435
9.736894607543945, 19434
9.73789644241333, 19433
9.73789644241333, 19432
9.73789644241333, 19431
9.73789644241333, 19430
9.73789644241333, 19429
9.73789644241333, 19428
9.73789644241333, 19427
9.738895416259766, 19426
9.738895416259766, 19425
9.738895416259766, 19424
9.738895416259766, 19423
9.738895416259766, 19422
9.738895416259766, 19421
9.739892721176147, 19420
9.739892721176147, 19419
9.739892721176147, 19418
9.739892721176147, 19417
9.739892721176147, 19416
9.739892721176147, 19415
9.740893602371216, 19414
9.740893602371216, 19413
9.740893602371216, 19412
9.740893602371216, 19411
9.740893602371216, 19410
9.740893602371216, 19409
9.740893602371216, 19408
9.74189305305481, 19407
9.74189305305481, 19406
9.74189305305481, 19405
9.74189305305481, 19404
9.742507457733154, 19403
9.742507457733154, 19402
9.742507457733154, 19401
9.743014097213745, 19400
9.743014097213745, 19399
9.743014097213745, 19398
9.743014097213745, 19397
9.743014097213745, 19396
9.743014097213745, 19395
9.744023561477661, 19394
9.744023561477661, 19393
9.744023561477661, 19392
9.744023561477661, 19391
9.744023561477661, 19390
9.744023561477661, 19389
9.745023250579834, 19388
9.745100736618042, 19387
9.745100736618042, 19386
9.745100736618042, 19385
9.745100736618042, 19384
9.745100736618042, 19383
9.74602222442627, 19382
9.74602222442627, 19381
9.74602222442627, 19380
9.74602222442627, 19379
9.74602222442627, 19378
9.74602222442627, 19377
9.74602222442627, 19376
9.747023344039917, 19375
9.747023344039917, 19374
9.747023344039917, 19373
9.747023344039917, 19372
9.747023344039917, 19371
9.747023344039917, 19370
9.748022556304932, 19369
9.748022556304932, 19368
9.748022556304932, 19367
9.748022556304932, 19366
9.748022556304932, 19365
9.748022556304932, 19364
9.749022245407104, 19363
9.749022245407104, 19362
9.749022245407104, 19361
9.749022245407104, 19360
9.749022245407104, 19359
9.749022245407104, 19358
9.749022245407104, 19357
9.750023126602173, 19356
9.750023126602173, 19355
9.750023126602173, 19354
9.750023126602173, 19353
9.750023126602173, 19352
9.750023126602173, 19351
9.751022577285767, 19350
