0.11306881904602051, 22914
0.11306881904602051, 22913
0.11406826972961426, 22912
0.11406826972961426, 22911
0.11406826972961426, 22910
0.11406826972961426, 22909
0.11406826972961426, 22908
0.11406826972961426, 22907
0.11406826972961426, 22906
0.11406826972961426, 22905
0.11506819725036621, 22904
0.11506819725036621, 22903
0.11506819725036621, 22902
0.11506819725036621, 22901
0.11506819725036621, 22900
0.11506819725036621, 22899
0.11506819725036621, 22898
0.11606907844543457, 22897
0.11606907844543457, 22896
0.11606907844543457, 22895
0.11606907844543457, 22894
0.11606907844543457, 22893
0.11606907844543457, 22892
0.11606907844543457, 22891
0.11606907844543457, 22890
0.11706900596618652, 22889
0.11719942092895508, 22888
0.11719942092895508, 22887
0.11719942092895508, 22886
0.11719942092895508, 22885
0.11719942092895508, 22884
0.11719942092895508, 22883
0.11719942092895508, 22882
0.11806869506835938, 22881
0.11806869506835938, 22880
0.11806869506835938, 22879
0.11806869506835938, 22878
0.11806869506835938, 22877
0.11806869506835938, 22876
0.11806869506835938, 22875
0.11906909942626953, 22874
0.11906909942626953, 22873
0.11906909942626953, 22872
0.11906909942626953, 22871
0.11906909942626953, 22870
0.11906909942626953, 22869
0.11906909942626953, 22868
0.11906909942626953, 22867
0.12006831169128418, 22866
0.12006831169128418, 22865
0.12006831169128418, 22864
0.12006831169128418, 22863
0.12006831169128418, 22862
0.12006831169128418, 22861
0.12006831169128418, 22860
0.12006831169128418, 22859
0.12106800079345703, 22858
0.12106800079345703, 22857
0.12106800079345703, 22856
0.12106800079345703, 22855
0.12106800079345703, 22854
0.12106800079345703, 22853
0.12106800079345703, 22852
0.12206816673278809, 22851
0.12206816673278809, 22850
0.12206816673278809, 22849
0.12206816673278809, 22848
0.12206816673278809, 22847
0.12206816673278809, 22846
0.12206816673278809, 22845
0.12206816673278809, 22844
0.12306809425354004, 22843
0.12306809425354004, 22842
0.12306809425354004, 22841
0.12306809425354004, 22840
0.12306809425354004, 22839
0.12306809425354004, 22838
0.12306809425354004, 22837
0.12407445907592773, 22836
0.12407445907592773, 22835
0.12407445907592773, 22834
0.12407445907592773, 22833
0.12407445907592773, 22832
0.12407445907592773, 22831
0.12407445907592773, 22830
0.12506985664367676, 22829
0.12506985664367676, 22828
0.12506985664367676, 22827
0.12506985664367676, 22826
0.12506985664367676, 22825
0.12506985664367676, 22824
0.12506985664367676, 22823
0.12607097625732422, 22822
0.12607097625732422, 22821
0.12607097625732422, 22820
0.12607097625732422, 22819
0.12607097625732422, 22818
0.12607097625732422, 22817
0.12607097625732422, 22816
0.12607097625732422, 22815
0.12706947326660156, 22814
0.12706947326660156, 22813
0.12706947326660156, 22812
0.12706947326660156, 22811
0.12706947326660156, 22810
0.12706947326660156, 22809
0.12706947326660156, 22808
0.12706947326660156, 22807
0.1280677318572998, 22806
0.1280677318572998, 22805
0.1280677318572998, 22804
0.1280677318572998, 22803
0.1280677318572998, 22802
0.1280677318572998, 22801
0.1280677318572998, 22800
0.12906765937805176, 22799
0.12906765937805176, 22798
0.12906765937805176, 22797
0.12942266464233398, 22796
0.12942266464233398, 22795
0.12942266464233398, 22794
0.12942266464233398, 22793
0.12942266464233398, 22792
0.13007092475891113, 22791
0.13007092475891113, 22790
0.13007092475891113, 22789
0.13007092475891113, 22788
0.13007092475891113, 22787
0.13007092475891113, 22786
0.13007092475891113, 22785
0.13106799125671387, 22784
0.1311936378479004, 22783
0.1311936378479004, 22782
0.1311936378479004, 22781
0.1311936378479004, 22780
0.1311936378479004, 22779
0.1311936378479004, 22778
0.1311936378479004, 22777
0.13206791877746582, 22776
0.13206791877746582, 22775
0.13206791877746582, 22774
0.13206791877746582, 22773
0.13206791877746582, 22772
0.13206791877746582, 22771
0.13206791877746582, 22770
0.13206791877746582, 22769
0.13306832313537598, 22768
0.13306832313537598, 22767
0.13306832313537598, 22766
0.13306832313537598, 22765
0.13306832313537598, 22764
0.13306832313537598, 22763
0.13306832313537598, 22762
0.13406801223754883, 22761
0.13406801223754883, 22760
0.13406801223754883, 22759
0.13406801223754883, 22758
0.13406801223754883, 22757
0.13406801223754883, 22756
0.13406801223754883, 22755
0.13406801223754883, 22754
0.13506793975830078, 22753
0.13506793975830078, 22752
0.13506793975830078, 22751
0.13506793975830078, 22750
0.13506793975830078, 22749
0.13506793975830078, 22748
0.13506793975830078, 22747
0.13506793975830078, 22746
0.13614130020141602, 22745
0.13614130020141602, 22744
0.13614130020141602, 22743
0.13614130020141602, 22742
0.13614130020141602, 22741
0.13614130020141602, 22740
0.13614130020141602, 22739
0.13614130020141602, 22738
0.13714194297790527, 22737
0.13714194297790527, 22736
0.13714194297790527, 22735
0.13714194297790527, 22734
0.13714194297790527, 22733
0.13714194297790527, 22732
0.13714194297790527, 22731
0.13814115524291992, 22730
0.13814115524291992, 22729
0.13814115524291992, 22728
0.13814115524291992, 22727
0.13814115524291992, 22726
0.13814115524291992, 22725
0.13814115524291992, 22724
0.13814115524291992, 22723
0.13914155960083008, 22722
0.13914155960083008, 22721
0.13914155960083008, 22720
0.13914155960083008, 22719
0.13914155960083008, 22718
0.13914155960083008, 22717
0.13914155960083008, 22716
0.14014172554016113, 22715
0.14014172554016113, 22714
0.14014172554016113, 22713
0.14014172554016113, 22712
0.14014172554016113, 22711
0.14014172554016113, 22710
0.14014172554016113, 22709
0.14014172554016113, 22708
0.1411418914794922, 22707
0.1411418914794922, 22706
0.1411418914794922, 22705
0.1411418914794922, 22704
0.1411418914794922, 22703
0.1411418914794922, 22702
0.1411418914794922, 22701
0.14214086532592773, 22700
0.14214086532592773, 22699
0.14214086532592773, 22698
0.14214086532592773, 22697
0.14214086532592773, 22696
0.14214086532592773, 22695
0.14214086532592773, 22694
0.14214086532592773, 22693
0.1431427001953125, 22692
0.1431427001953125, 22691
0.1431427001953125, 22690
0.1431427001953125, 22689
0.1431427001953125, 22688
0.1431427001953125, 22687
0.1431427001953125, 22686
0.1431427001953125, 22685
0.14414072036743164, 22684
0.14414072036743164, 22683
0.14414072036743164, 22682
0.14414072036743164, 22681
0.14414072036743164, 22680
0.14414072036743164, 22679
0.14414072036743164, 22678
0.14414072036743164, 22677
0.1451420783996582, 22676
0.1451420783996582, 22675
0.1451420783996582, 22674
0.1451420783996582, 22673
0.1451420783996582, 22672
0.1451420783996582, 22671
0.1451420783996582, 22670
0.14614129066467285, 22669
0.14614129066467285, 22668
0.14614129066467285, 22667
0.14614129066467285, 22666
0.14614129066467285, 22665
0.14614129066467285, 22664
0.14614129066467285, 22663
0.14614129066467285, 22662
0.14716482162475586, 22661
0.14716482162475586, 22660
0.14716482162475586, 22659
0.14716482162475586, 22658
0.14716482162475586, 22657
0.14716482162475586, 22656
0.14716482162475586, 22655
0.14716482162475586, 22654
0.1481633186340332, 22653
0.1481633186340332, 22652
0.1481633186340332, 22651
0.1481633186340332, 22650
0.1481633186340332, 22649
0.1481633186340332, 22648
0.1481633186340332, 22647
0.14916205406188965, 22646
0.14916205406188965, 22645
0.14916205406188965, 22644
0.14916205406188965, 22643
0.14916205406188965, 22642
0.14916205406188965, 22641
0.14916205406188965, 22640
0.14916205406188965, 22639
0.1501622200012207, 22638
0.15028691291809082, 22637
0.15028691291809082, 22636
0.15028691291809082, 22635
0.15028691291809082, 22634
0.15028691291809082, 22633
0.15028691291809082, 22632
0.15028691291809082, 22631
0.15116310119628906, 22630
0.15116310119628906, 22629
0.15116310119628906, 22628
0.15116310119628906, 22627
0.15116310119628906, 22626
0.15116310119628906, 22625
0.15116310119628906, 22624
0.1521625518798828, 22623
0.1521625518798828, 22622
0.1521625518798828, 22621
0.1521625518798828, 22620
0.1521625518798828, 22619
0.1521625518798828, 22618
0.1521625518798828, 22617
0.1521625518798828, 22616
0.15316200256347656, 22615
0.15316200256347656, 22614
0.15316200256347656, 22613
0.15316200256347656, 22612
0.15316200256347656, 22611
0.15316200256347656, 22610
0.15316200256347656, 22609
0.15416288375854492, 22608
0.15416288375854492, 22607
0.15416288375854492, 22606
0.15416288375854492, 22605
0.15416288375854492, 22604
0.15416288375854492, 22603
0.15416288375854492, 22602
0.15416288375854492, 22601
0.15516209602355957, 22600
0.15516209602355957, 22599
0.15516209602355957, 22598
0.15516209602355957, 22597
0.15516209602355957, 22596
0.15516209602355957, 22595
0.15516209602355957, 22594
0.15616345405578613, 22593
0.15616345405578613, 22592
0.15616345405578613, 22591
0.15616345405578613, 22590
0.15616345405578613, 22589
0.15616345405578613, 22588
0.1571660041809082, 22587
0.1571660041809082, 22586
0.1571660041809082, 22585
0.1571660041809082, 22584
0.1571660041809082, 22583
0.1571660041809082, 22582
0.1571660041809082, 22581
0.15816473960876465, 22580
0.15816473960876465, 22579
0.15816473960876465, 22578
0.15816473960876465, 22577
0.15816473960876465, 22576
0.15816473960876465, 22575
0.15816473960876465, 22574
0.15816473960876465, 22573
0.1591653823852539, 22572
0.1591653823852539, 22571
0.1591653823852539, 22570
0.1591653823852539, 22569
0.1591653823852539, 22568
0.1591653823852539, 22567
0.1591653823852539, 22566
0.1591653823852539, 22565
0.16016435623168945, 22564
0.16016435623168945, 22563
0.16016435623168945, 22562
0.1606130599975586, 22561
0.1606130599975586, 22560
0.1606130599975586, 22559
0.1606130599975586, 22558
0.16117048263549805, 22557
0.16117048263549805, 22556
0.16117048263549805, 22555
0.16117048263549805, 22554
0.16117048263549805, 22553
0.16117048263549805, 22552
0.16117048263549805, 22551
0.16216397285461426, 22550
0.16216397285461426, 22549
0.16216397285461426, 22548
0.16216397285461426, 22547
0.16216397285461426, 22546
0.16216397285461426, 22545
0.16216397285461426, 22544
0.16316652297973633, 22543
0.16322541236877441, 22542
0.16322541236877441, 22541
0.16322541236877441, 22540
0.16322541236877441, 22539
0.16322541236877441, 22538
0.16322541236877441, 22537
0.16322541236877441, 22536
0.16416692733764648, 22535
0.16416692733764648, 22534
0.16416692733764648, 22533
0.16416692733764648, 22532
0.16416692733764648, 22531
0.16416692733764648, 22530
0.16416692733764648, 22529
0.16516971588134766, 22528
0.16516971588134766, 22527
0.16516971588134766, 22526
0.16516971588134766, 22525
0.16516971588134766, 22524
0.16516971588134766, 22523
0.16516971588134766, 22522
0.16516971588134766, 22521
0.16616559028625488, 22520
0.16616559028625488, 22519
0.16616559028625488, 22518
0.16616559028625488, 22517
0.16616559028625488, 22516
0.16616559028625488, 22515
0.16616559028625488, 22514
0.16716551780700684, 22513
0.16716551780700684, 22512
0.16716551780700684, 22511
0.16716551780700684, 22510
0.16716551780700684, 22509
0.16716551780700684, 22508
0.16716551780700684, 22507
0.16816449165344238, 22506
0.16816449165344238, 22505
0.16840624809265137, 22504
0.16840624809265137, 22503
0.16840624809265137, 22502
0.16840624809265137, 22501
0.16840624809265137, 22500
0.16840624809265137, 22499
0.16916322708129883, 22498
0.16916322708129883, 22497
0.16916322708129883, 22496
0.16916322708129883, 22495
0.16916322708129883, 22494
0.16916322708129883, 22493
0.16916322708129883, 22492
0.16916322708129883, 22491
0.17016243934631348, 22490
0.17016243934631348, 22489
0.17016243934631348, 22488
0.17016243934631348, 22487
0.17016243934631348, 22486
0.17016243934631348, 22485
0.17016243934631348, 22484
0.17116236686706543, 22483
0.17116236686706543, 22482
0.17116236686706543, 22481
0.17116236686706543, 22480
0.17116236686706543, 22479
0.17216777801513672, 22478
0.17216777801513672, 22477
0.17216777801513672, 22476
0.17216777801513672, 22475
0.17216777801513672, 22474
0.17216777801513672, 22473
0.17216777801513672, 22472
0.17316722869873047, 22471
0.17316722869873047, 22470
0.17316722869873047, 22469
0.17316722869873047, 22468
0.17316722869873047, 22467
0.17316722869873047, 22466
0.17316722869873047, 22465
0.1741640567779541, 22464
0.1741640567779541, 22463
0.1741640567779541, 22462
0.1741640567779541, 22461
0.1741640567779541, 22460
0.1741640567779541, 22459
0.17516255378723145, 22458
0.17516255378723145, 22457
0.17516255378723145, 22456
0.17516255378723145, 22455
0.17516255378723145, 22454
0.17516255378723145, 22453
0.17516255378723145, 22452
0.1761631965637207, 22451
0.1761631965637207, 22450
0.1761631965637207, 22449
0.1761631965637207, 22448
0.1761631965637207, 22447
0.1761631965637207, 22446
0.1761631965637207, 22445
0.1761631965637207, 22444
0.17719721794128418, 22443
0.17719721794128418, 22442
0.17719721794128418, 22441
0.17719721794128418, 22440
0.17719721794128418, 22439
0.17719721794128418, 22438
0.17719721794128418, 22437
0.17819523811340332, 22436
0.17819523811340332, 22435
0.17819523811340332, 22434
0.17819523811340332, 22433
0.17819523811340332, 22432
0.17819523811340332, 22431
0.17819523811340332, 22430
0.17819523811340332, 22429
0.1791980266571045, 22428
0.1791980266571045, 22427
0.1791980266571045, 22426
0.1791980266571045, 22425
0.1791980266571045, 22424
0.1791980266571045, 22423
0.1791980266571045, 22422
0.1791980266571045, 22421
0.18019509315490723, 22420
0.18019509315490723, 22419
0.18019509315490723, 22418
0.18019509315490723, 22417
0.18019509315490723, 22416
0.18019509315490723, 22415
0.18019509315490723, 22414
0.18119525909423828, 22413
0.18119525909423828, 22412
0.1814723014831543, 22411
0.1814723014831543, 22410
0.1814723014831543, 22409
0.1814723014831543, 22408
0.1814723014831543, 22407
0.18219566345214844, 22406
0.18219566345214844, 22405
0.18219566345214844, 22404
0.18219566345214844, 22403
0.18219566345214844, 22402
0.18219566345214844, 22401
0.18219566345214844, 22400
0.18219566345214844, 22399
0.1831953525543213, 22398
0.1831953525543213, 22397
0.1831953525543213, 22396
0.1831953525543213, 22395
0.1831953525543213, 22394
0.1831953525543213, 22393
0.1831953525543213, 22392
0.18419504165649414, 22391
0.18419504165649414, 22390
0.18419504165649414, 22389
0.18419504165649414, 22388
0.18419504165649414, 22387
0.18419504165649414, 22386
0.18419504165649414, 22385
0.18419504165649414, 22384
0.1851954460144043, 22383
0.1851954460144043, 22382
0.1851954460144043, 22381
0.1851954460144043, 22380
0.1851954460144043, 22379
0.1851954460144043, 22378
0.1851954460144043, 22377
0.1851954460144043, 22376
0.18628621101379395, 22375
0.18628621101379395, 22374
0.18628621101379395, 22373
0.18628621101379395, 22372
0.18628621101379395, 22371
0.18628621101379395, 22370
0.18628621101379395, 22369
0.18729853630065918, 22368
0.18729853630065918, 22367
0.18729853630065918, 22366
0.18729853630065918, 22365
0.18729853630065918, 22364
0.18729853630065918, 22363
0.4366586208343506, 22362
0.4366586208343506, 22361
0.43778324127197266, 22360
0.43778324127197266, 22359
0.43778324127197266, 22358
0.43778324127197266, 22357
0.43866920471191406, 22356
0.43866920471191406, 22355
0.43866920471191406, 22354
0.43866920471191406, 22353
0.43866920471191406, 22352
0.43866920471191406, 22351
0.43967127799987793, 22350
0.43967127799987793, 22349
0.43967127799987793, 22348
0.43967127799987793, 22347
0.43967127799987793, 22346
0.43967127799987793, 22345
0.43967127799987793, 22344
0.4406723976135254, 22343
0.4406723976135254, 22342
0.4406723976135254, 22341
0.4406723976135254, 22340
0.4406723976135254, 22339
0.44167041778564453, 22338
0.44167041778564453, 22337
0.44167041778564453, 22336
0.44167041778564453, 22335
0.44167041778564453, 22334
0.44167041778564453, 22333
0.442669153213501, 22332
0.442669153213501, 22331
0.442669153213501, 22330
0.442669153213501, 22329
0.442669153213501, 22328
0.442669153213501, 22327
0.442669153213501, 22326
0.442669153213501, 22325
0.4436681270599365, 22324
0.4436681270599365, 22323
0.4436681270599365, 22322
0.4436681270599365, 22321
0.4436681270599365, 22320
0.4436681270599365, 22319
0.4436681270599365, 22318
0.4446690082550049, 22317
0.4446690082550049, 22316
0.4446690082550049, 22315
0.4446690082550049, 22314
0.4446690082550049, 22313
0.4446690082550049, 22312
0.4446690082550049, 22311
0.44566893577575684, 22310
0.44566893577575684, 22309
0.44566893577575684, 22308
0.44566893577575684, 22307
0.44566893577575684, 22306
0.44566893577575684, 22305
0.44566893577575684, 22304
0.4466686248779297, 22303
0.4466686248779297, 22302
0.4466686248779297, 22301
0.4466686248779297, 22300
0.4466686248779297, 22299
0.4466686248779297, 22298
0.4466686248779297, 22297
0.44766831398010254, 22296
0.44766831398010254, 22295
0.44766831398010254, 22294
0.44766831398010254, 22293
0.44766831398010254, 22292
0.44766831398010254, 22291
0.44766831398010254, 22290
0.4486675262451172, 22289
0.4486675262451172, 22288
0.4486675262451172, 22287
0.4486675262451172, 22286
0.4486675262451172, 22285
0.4486675262451172, 22284
0.4486675262451172, 22283
0.4486675262451172, 22282
0.44966697692871094, 22281
0.44966697692871094, 22280
0.44966697692871094, 22279
0.44966697692871094, 22278
0.44966697692871094, 22277
0.44966697692871094, 22276
0.44966697692871094, 22275
0.4506676197052002, 22274
0.4506676197052002, 22273
0.4506676197052002, 22272
0.4506676197052002, 22271
0.4506676197052002, 22270
0.4506676197052002, 22269
0.4506676197052002, 22268
0.45166778564453125, 22267
0.45166778564453125, 22266
0.45166778564453125, 22265
0.45166778564453125, 22264
0.45166778564453125, 22263
0.45166778564453125, 22262
0.45278143882751465, 22261
0.45612382888793945, 22260
0.45709228515625, 22259
0.4590892791748047, 22258
0.4610888957977295, 22257
0.46209073066711426, 22256
0.4660930633544922, 22255
0.46709537506103516, 22254
0.4680969715118408, 22253
0.4680969715118408, 22252
0.46909379959106445, 22251
0.46909379959106445, 22250
0.47009873390197754, 22249
0.47009873390197754, 22248
0.47009873390197754, 22247
0.4710960388183594, 22246
0.4710960388183594, 22245
0.472095251083374, 22244
0.472095251083374, 22243
0.472095251083374, 22242
0.4730970859527588, 22241
0.4730970859527588, 22240
0.47409629821777344, 22239
0.47409629821777344, 22238
0.47409629821777344, 22237
0.47509264945983887, 22236
0.47509264945983887, 22235
0.47509264945983887, 22234
0.47609829902648926, 22233
0.47626781463623047, 22232
0.47626781463623047, 22231
0.47626781463623047, 22230
0.47626781463623047, 22229
0.47707676887512207, 22228
0.4772794246673584, 22227
0.4772794246673584, 22226
0.4772794246673584, 22225
0.4782843589782715, 22224
0.4782843589782715, 22223
0.4782843589782715, 22222
0.4782843589782715, 22221
0.4792816638946533, 22220
0.4792816638946533, 22219
0.4792816638946533, 22218
0.4792816638946533, 22217
0.48038148880004883, 22216
0.48038148880004883, 22215
0.48038148880004883, 22214
0.48128342628479004, 22213
0.48128342628479004, 22212
0.48128342628479004, 22211
0.48128342628479004, 22210
0.4822816848754883, 22209
0.4822816848754883, 22208
0.4822816848754883, 22207
0.4822816848754883, 22206
0.48328495025634766, 22205
0.48372793197631836, 22204
0.48372793197631836, 22203
0.48372793197631836, 22202
0.4842815399169922, 22201
0.4842815399169922, 22200
0.4842815399169922, 22199
0.4842815399169922, 22198
0.48490381240844727, 22197
0.48490381240844727, 22196
0.48528194427490234, 22195
0.48528194427490234, 22194
0.48528194427490234, 22193
0.48528194427490234, 22192
0.48528194427490234, 22191
0.48528194427490234, 22190
0.48528194427490234, 22189
0.4862833023071289, 22188
0.4862833023071289, 22187
0.4862833023071289, 22186
0.4862833023071289, 22185
0.4862833023071289, 22184
0.4862833023071289, 22183
0.48727846145629883, 22182
0.48727846145629883, 22181
0.48727846145629883, 22180
0.48727846145629883, 22179
0.48727846145629883, 22178
0.48727846145629883, 22177
0.48727846145629883, 22176
0.4882817268371582, 22175
0.4882817268371582, 22174
0.4882817268371582, 22173
0.4882817268371582, 22172
0.4882817268371582, 22171
0.4882817268371582, 22170
0.4882817268371582, 22169
0.4892768859863281, 22168
0.4893810749053955, 22167
0.4893810749053955, 22166
0.4893810749053955, 22165
0.4893810749053955, 22164
0.4893810749053955, 22163
0.4893810749053955, 22162
0.4902784824371338, 22161
0.4902784824371338, 22160
0.4902784824371338, 22159
0.4902784824371338, 22158
0.4902784824371338, 22157
0.4902784824371338, 22156
0.4902784824371338, 22155
0.49128079414367676, 22154
0.49128079414367676, 22153
0.49128079414367676, 22152
0.49128079414367676, 22151
0.49128079414367676, 22150
0.49128079414367676, 22149
0.49128079414367676, 22148
0.4922788143157959, 22147
0.4922788143157959, 22146
0.4922788143157959, 22145
0.4922788143157959, 22144
0.4922788143157959, 22143
0.4922788143157959, 22142
0.4922788143157959, 22141
0.49328041076660156, 22140
0.49328041076660156, 22139
0.49359941482543945, 22138
0.49359941482543945, 22137
0.49359941482543945, 22136
0.49359941482543945, 22135
0.49359941482543945, 22134
0.4942798614501953, 22133
0.4942798614501953, 22132
0.4942798614501953, 22131
0.4942798614501953, 22130
0.4942798614501953, 22129
0.4942798614501953, 22128
0.4942798614501953, 22127
0.49527573585510254, 22126
0.49527573585510254, 22125
0.49527573585510254, 22124
0.49527573585510254, 22123
0.49527573585510254, 22122
0.49527573585510254, 22121
0.496274471282959, 22120
0.496274471282959, 22119
0.496274471282959, 22118
0.496274471282959, 22117
0.496274471282959, 22116
0.496274471282959, 22115
0.496274471282959, 22114
0.49727702140808105, 22113
0.49727702140808105, 22112
0.49727702140808105, 22111
0.49727702140808105, 22110
0.49727702140808105, 22109
0.49727702140808105, 22108
0.49727702140808105, 22107
0.49727702140808105, 22106
0.498274564743042, 22105
0.498274564743042, 22104
0.498274564743042, 22103
0.49879980087280273, 22102
0.49879980087280273, 22101
0.49879980087280273, 22100
0.49927854537963867, 22099
0.49927854537963867, 22098
0.49927854537963867, 22097
0.49927854537963867, 22096
0.49927854537963867, 22095
0.49927854537963867, 22094
0.49927854537963867, 22093
0.5002832412719727, 22092
0.5002832412719727, 22091
0.5002832412719727, 22090
0.5002832412719727, 22089
0.5002832412719727, 22088
0.5002832412719727, 22087
0.5002832412719727, 22086
0.5012779235839844, 22085
0.5012779235839844, 22084
0.5012779235839844, 22083
0.5012779235839844, 22082
0.5012779235839844, 22081
0.5012779235839844, 22080
0.5012779235839844, 22079
0.5022823810577393, 22078
0.5022823810577393, 22077
0.5022823810577393, 22076
0.5022823810577393, 22075
0.5022823810577393, 22074
0.5022823810577393, 22073
0.5035910606384277, 22072
0.5035910606384277, 22071
0.5042784214019775, 22070
0.5042784214019775, 22069
0.5042784214019775, 22068
0.5042784214019775, 22067
0.5042784214019775, 22066
0.5042784214019775, 22065
0.5042784214019775, 22064
0.5052797794342041, 22063
0.5052797794342041, 22062
0.5052797794342041, 22061
0.5052797794342041, 22060
0.5062775611877441, 22059
0.5062775611877441, 22058
0.5062775611877441, 22057
0.5062775611877441, 22056
0.5072777271270752, 22055
0.5072777271270752, 22054
0.5072777271270752, 22053
0.5072777271270752, 22052
0.5082769393920898, 22051
0.5082769393920898, 22050
0.5082769393920898, 22049
0.5082769393920898, 22048
0.5092787742614746, 22047
0.5092787742614746, 22046
0.5092787742614746, 22045
0.5092787742614746, 22044
0.5092787742614746, 22043
0.5092787742614746, 22042
0.5092787742614746, 22041
0.5102753639221191, 22040
0.5102753639221191, 22039
0.5102753639221191, 22038
0.5102753639221191, 22037
0.5102753639221191, 22036
0.5102753639221191, 22035
0.5102753639221191, 22034
0.5112755298614502, 22033
0.5112755298614502, 22032
0.5112755298614502, 22031
0.5112755298614502, 22030
0.5112755298614502, 22029
0.5112755298614502, 22028
0.5112755298614502, 22027
0.5122747421264648, 22026
0.5122747421264648, 22025
0.5122747421264648, 22024
0.5122747421264648, 22023
0.5122747421264648, 22022
0.5122747421264648, 22021
0.5122747421264648, 22020
0.5132753849029541, 22019
0.5132753849029541, 22018
0.5132753849029541, 22017
0.5132753849029541, 22016
0.5132753849029541, 22015
0.5132753849029541, 22014
0.5132753849029541, 22013
0.5142757892608643, 22012
0.5142757892608643, 22011
0.5142757892608643, 22010
0.5142757892608643, 22009
0.5142757892608643, 22008
0.5142757892608643, 22007
0.5142757892608643, 22006
0.5152773857116699, 22005
0.5152773857116699, 22004
0.5152773857116699, 22003
0.5152773857116699, 22002
0.5152773857116699, 22001
0.5152773857116699, 22000
0.5152773857116699, 21999
0.5162761211395264, 21998
0.5162761211395264, 21997
0.5162761211395264, 21996
0.5162761211395264, 21995
0.5162761211395264, 21994
0.5162761211395264, 21993
0.5162761211395264, 21992
0.5172762870788574, 21991
0.5172762870788574, 21990
0.5172762870788574, 21989
0.5172762870788574, 21988
0.5172762870788574, 21987
0.5172762870788574, 21986
0.5172762870788574, 21985
0.5182771682739258, 21984
0.5182771682739258, 21983
0.5182771682739258, 21982
0.5182771682739258, 21981
0.5182771682739258, 21980
0.5182771682739258, 21979
0.5182771682739258, 21978
0.5192756652832031, 21977
0.5192756652832031, 21976
0.5192756652832031, 21975
0.5192756652832031, 21974
0.5192756652832031, 21973
0.5192756652832031, 21972
0.5192756652832031, 21971
0.5202765464782715, 21970
0.5202765464782715, 21969
0.5202765464782715, 21968
0.5202765464782715, 21967
0.5202765464782715, 21966
0.5202765464782715, 21965
0.5202765464782715, 21964
0.5202765464782715, 21963
0.5212769508361816, 21962
0.5212769508361816, 21961
0.5212769508361816, 21960
0.5212769508361816, 21959
0.5212769508361816, 21958
0.5212769508361816, 21957
0.5212769508361816, 21956
0.5222759246826172, 21955
0.5222759246826172, 21954
0.5222759246826172, 21953
0.5222759246826172, 21952
0.5222759246826172, 21951
0.5222759246826172, 21950
0.5222759246826172, 21949
0.5232760906219482, 21948
0.5232760906219482, 21947
0.5232760906219482, 21946
0.5232760906219482, 21945
0.5232760906219482, 21944
0.5232760906219482, 21943
0.5232760906219482, 21942
0.5242767333984375, 21941
0.5242767333984375, 21940
0.5242767333984375, 21939
0.5242767333984375, 21938
0.5242767333984375, 21937
0.5242767333984375, 21936
0.5242767333984375, 21935
0.525275707244873, 21934
0.525275707244873, 21933
0.525275707244873, 21932
0.525275707244873, 21931
0.525275707244873, 21930
0.525275707244873, 21929
0.525275707244873, 21928
0.5262768268585205, 21927
0.5262768268585205, 21926
0.5262768268585205, 21925
0.5262768268585205, 21924
0.5262768268585205, 21923
0.5262768268585205, 21922
0.5262768268585205, 21921
0.5272765159606934, 21920
0.5272765159606934, 21919
0.5272765159606934, 21918
0.5272765159606934, 21917
0.5272765159606934, 21916
0.5272765159606934, 21915
0.5272765159606934, 21914
0.5282771587371826, 21913
0.5282771587371826, 21912
0.5282771587371826, 21911
0.5282771587371826, 21910
0.5282771587371826, 21909
0.5282771587371826, 21908
0.5282771587371826, 21907
0.5282771587371826, 21906
0.5293545722961426, 21905
0.5293545722961426, 21904
0.5293545722961426, 21903
0.5293545722961426, 21902
0.5293545722961426, 21901
0.5293545722961426, 21900
0.5302772521972656, 21899
0.5302772521972656, 21898
0.5302772521972656, 21897
0.5302772521972656, 21896
0.5302772521972656, 21895
0.5302772521972656, 21894
0.5302772521972656, 21893
0.5312767028808594, 21892
0.5312767028808594, 21891
0.5312767028808594, 21890
0.5312767028808594, 21889
0.5312767028808594, 21888
0.5312767028808594, 21887
0.5312767028808594, 21886
0.5322761535644531, 21885
0.5322761535644531, 21884
0.5322761535644531, 21883
0.5322761535644531, 21882
0.5322761535644531, 21881
0.5322761535644531, 21880
0.5322761535644531, 21879
0.5332756042480469, 21878
0.5332756042480469, 21877
0.5332756042480469, 21876
0.5332756042480469, 21875
0.5332756042480469, 21874
0.5332756042480469, 21873
0.5332756042480469, 21872
0.5342772006988525, 21871
0.5342772006988525, 21870
0.5342772006988525, 21869
0.5342772006988525, 21868
0.5342772006988525, 21867
0.5342772006988525, 21866
0.5342772006988525, 21865
0.5342772006988525, 21864
0.535275936126709, 21863
0.535275936126709, 21862
0.535275936126709, 21861
0.535275936126709, 21860
0.535275936126709, 21859
0.535275936126709, 21858
0.535275936126709, 21857
0.53627610206604, 21856
0.53627610206604, 21855
0.53627610206604, 21854
0.53627610206604, 21853
0.53627610206604, 21852
0.53627610206604, 21851
0.53627610206604, 21850
0.5372765064239502, 21849
0.5372765064239502, 21848
0.5372765064239502, 21847
0.5372765064239502, 21846
0.5372765064239502, 21845
0.5372765064239502, 21844
0.5372765064239502, 21843
0.5382778644561768, 21842
0.5382778644561768, 21841
0.5382778644561768, 21840
0.5382778644561768, 21839
0.5382778644561768, 21838
0.5382778644561768, 21837
0.5382778644561768, 21836
0.5392765998840332, 21835
0.5392765998840332, 21834
0.5392765998840332, 21833
0.5392765998840332, 21832
0.5392765998840332, 21831
0.5392765998840332, 21830
0.5392765998840332, 21829
0.540276050567627, 21828
0.540276050567627, 21827
0.540276050567627, 21826
0.540276050567627, 21825
0.5408115386962891, 21824
0.5408115386962891, 21823
0.5408115386962891, 21822
0.5408115386962891, 21821
0.5408115386962891, 21820
0.5408115386962891, 21819
0.5408115386962891, 21818
0.5418229103088379, 21817
0.5418229103088379, 21816
0.5418229103088379, 21815
0.5418229103088379, 21814
0.5418229103088379, 21813
0.5418229103088379, 21812
0.5418229103088379, 21811
0.5428228378295898, 21810
0.5428228378295898, 21809
0.5428228378295898, 21808
0.5428228378295898, 21807
0.5428228378295898, 21806
0.5428228378295898, 21805
0.5428228378295898, 21804
0.5438227653503418, 21803
0.5438227653503418, 21802
0.5438227653503418, 21801
0.5438227653503418, 21800
0.5438227653503418, 21799
0.5438227653503418, 21798
0.5438227653503418, 21797
0.5448229312896729, 21796
0.5448229312896729, 21795
0.5448229312896729, 21794
0.5448229312896729, 21793
0.5448229312896729, 21792
0.5448229312896729, 21791
0.5458240509033203, 21790
0.5458240509033203, 21789
0.5458240509033203, 21788
0.5458240509033203, 21787
0.5458240509033203, 21786
0.5458240509033203, 21785
0.5468242168426514, 21784
0.5468242168426514, 21783
0.5468242168426514, 21782
0.5468242168426514, 21781
0.5468242168426514, 21780
0.5468242168426514, 21779
0.5468242168426514, 21778
0.5478272438049316, 21777
0.5478272438049316, 21776
0.5478272438049316, 21775
0.5478272438049316, 21774
0.5478272438049316, 21773
0.5478272438049316, 21772
0.5478272438049316, 21771
0.548823356628418, 21770
0.548823356628418, 21769
0.548823356628418, 21768
0.548823356628418, 21767
0.548823356628418, 21766
0.548823356628418, 21765
0.548823356628418, 21764
0.5498228073120117, 21763
0.5498228073120117, 21762
0.5498228073120117, 21761
0.5498228073120117, 21760
0.5498228073120117, 21759
0.5498228073120117, 21758
0.5508215427398682, 21757
0.5508215427398682, 21756
0.5508215427398682, 21755
0.5508215427398682, 21754
0.5508215427398682, 21753
0.5508215427398682, 21752
0.551588773727417, 21751
0.5518209934234619, 21750
0.5518209934234619, 21749
0.5518209934234619, 21748
0.5518209934234619, 21747
0.5518209934234619, 21746
0.5518209934234619, 21745
0.5518209934234619, 21744
0.5518209934234619, 21743
0.552821159362793, 21742
0.552821159362793, 21741
0.552821159362793, 21740
0.552821159362793, 21739
0.552821159362793, 21738
0.552821159362793, 21737
0.552821159362793, 21736
0.553821325302124, 21735
0.553821325302124, 21734
0.553821325302124, 21733
0.553821325302124, 21732
0.553821325302124, 21731
0.553821325302124, 21730
0.554821252822876, 21729
0.554821252822876, 21728
0.554821252822876, 21727
0.554821252822876, 21726
0.554821252822876, 21725
0.554821252822876, 21724
0.554821252822876, 21723
0.5558207035064697, 21722
0.5558207035064697, 21721
0.5558207035064697, 21720
0.5558207035064697, 21719
0.5558207035064697, 21718
0.5558207035064697, 21717
0.5558207035064697, 21716
0.556821346282959, 21715
0.556821346282959, 21714
0.556821346282959, 21713
0.556821346282959, 21712
0.556821346282959, 21711
0.556821346282959, 21710
0.556821346282959, 21709
0.55782151222229, 21708
0.55782151222229, 21707
0.55782151222229, 21706
0.55782151222229, 21705
0.55782151222229, 21704
0.55782151222229, 21703
0.55782151222229, 21702
0.5588212013244629, 21701
0.5588212013244629, 21700
0.5588212013244629, 21699
0.5588212013244629, 21698
0.5588212013244629, 21697
0.5588212013244629, 21696
0.5588212013244629, 21695
0.559821367263794, 21694
0.559821367263794, 21693
0.559821367263794, 21692
0.559821367263794, 21691
0.559821367263794, 21690
0.559821367263794, 21689
0.559821367263794, 21688
0.5608217716217041, 21687
0.5608217716217041, 21686
0.5608217716217041, 21685
0.5608217716217041, 21684
0.5608217716217041, 21683
0.5608217716217041, 21682
0.5618226528167725, 21681
0.5618226528167725, 21680
0.5618226528167725, 21679
0.5618226528167725, 21678
0.5618226528167725, 21677
0.5618226528167725, 21676
0.562821626663208, 21675
0.562821626663208, 21674
0.562821626663208, 21673
0.562821626663208, 21672
0.562821626663208, 21671
0.562821626663208, 21670
0.562821626663208, 21669
0.5638210773468018, 21668
0.5638210773468018, 21667
0.5638210773468018, 21666
0.5638210773468018, 21665
0.5638210773468018, 21664
0.5638210773468018, 21663
0.5638210773468018, 21662
0.5648212432861328, 21661
0.5648212432861328, 21660
0.5648212432861328, 21659
0.5648212432861328, 21658
0.5648212432861328, 21657
0.5648212432861328, 21656
0.5648212432861328, 21655
0.5658214092254639, 21654
0.5658214092254639, 21653
0.5658214092254639, 21652
0.5658214092254639, 21651
0.5658214092254639, 21650
0.5658214092254639, 21649
0.5658214092254639, 21648
0.566821813583374, 21647
0.566821813583374, 21646
0.566821813583374, 21645
0.566821813583374, 21644
0.566821813583374, 21643
0.566821813583374, 21642
0.566821813583374, 21641
0.567824125289917, 21640
0.567824125289917, 21639
0.567824125289917, 21638
0.567824125289917, 21637
0.567824125289917, 21636
0.567824125289917, 21635
0.5688216686248779, 21634
0.5688216686248779, 21633
0.5688216686248779, 21632
0.5688216686248779, 21631
0.5688216686248779, 21630
0.5688216686248779, 21629
0.5688216686248779, 21628
0.5698215961456299, 21627
0.5698215961456299, 21626
0.5698215961456299, 21625
0.5698215961456299, 21624
0.5698215961456299, 21623
0.5698215961456299, 21622
0.5698215961456299, 21621
0.5698215961456299, 21620
0.5708210468292236, 21619
0.5708210468292236, 21618
0.5708210468292236, 21617
0.5708210468292236, 21616
0.5708210468292236, 21615
0.5708210468292236, 21614
0.5718209743499756, 21613
0.5718209743499756, 21612
0.5718209743499756, 21611
0.5718209743499756, 21610
0.5718209743499756, 21609
0.5718209743499756, 21608
0.5718209743499756, 21607
0.5728206634521484, 21606
0.5728206634521484, 21605
0.5728206634521484, 21604
0.5728206634521484, 21603
0.5728206634521484, 21602
0.5728206634521484, 21601
0.5728206634521484, 21600
0.5738205909729004, 21599
0.5738205909729004, 21598
0.574082612991333, 21597
0.574082612991333, 21596
0.574082612991333, 21595
0.574082612991333, 21594
0.574082612991333, 21593
0.5748207569122314, 21592
0.5748207569122314, 21591
0.5748207569122314, 21590
0.5748207569122314, 21589
0.5748207569122314, 21588
0.5748207569122314, 21587
0.5758206844329834, 21586
0.5758206844329834, 21585
0.5758206844329834, 21584
0.5758206844329834, 21583
0.5758206844329834, 21582
0.5758206844329834, 21581
0.5758206844329834, 21580
0.5768206119537354, 21579
0.5768206119537354, 21578
0.5768206119537354, 21577
0.5768206119537354, 21576
0.5768206119537354, 21575
0.5778264999389648, 21574
0.5778264999389648, 21573
0.5778264999389648, 21572
0.5778264999389648, 21571
0.5778264999389648, 21570
0.5788233280181885, 21569
0.5788233280181885, 21568
0.5788233280181885, 21567
0.5788233280181885, 21566
0.5788233280181885, 21565
0.5788233280181885, 21564
0.5788233280181885, 21563
0.5798227787017822, 21562
0.5798227787017822, 21561
0.5798227787017822, 21560
0.5798227787017822, 21559
0.5798227787017822, 21558
0.5798227787017822, 21557
0.5798227787017822, 21556
0.5808231830596924, 21555
0.5808231830596924, 21554
0.5808231830596924, 21553
0.5808231830596924, 21552
0.5808231830596924, 21551
0.5808231830596924, 21550
0.5808231830596924, 21549
0.581822395324707, 21548
0.581822395324707, 21547
0.581822395324707, 21546
0.581822395324707, 21545
0.581822395324707, 21544
0.581822395324707, 21543
0.581822395324707, 21542
0.5828225612640381, 21541
0.5828225612640381, 21540
0.5828225612640381, 21539
0.5828225612640381, 21538
0.5828225612640381, 21537
0.5828225612640381, 21536
0.5828225612640381, 21535
0.5838222503662109, 21534
0.5838222503662109, 21533
0.5838222503662109, 21532
0.5838222503662109, 21531
1.0303521156311035, 21530
1.0313525199890137, 21529
1.0313525199890137, 21528
1.0313525199890137, 21527
1.0313525199890137, 21526
1.0313525199890137, 21525
1.0313525199890137, 21524
1.0313525199890137, 21523
1.0323519706726074, 21522
1.0323519706726074, 21521
1.0323519706726074, 21520
1.0323519706726074, 21519
1.0323519706726074, 21518
1.0323519706726074, 21517
1.0333526134490967, 21516
1.0333526134490967, 21515
1.0333526134490967, 21514
1.0333526134490967, 21513
1.0333526134490967, 21512
1.0333526134490967, 21511
1.0333526134490967, 21510
1.0343520641326904, 21509
1.0343520641326904, 21508
1.0343520641326904, 21507
1.0343520641326904, 21506
1.0343520641326904, 21505
1.0343520641326904, 21504
1.0343520641326904, 21503
1.0353517532348633, 21502
1.0353517532348633, 21501
1.0353517532348633, 21500
1.0353517532348633, 21499
1.0353517532348633, 21498
1.0353517532348633, 21497
1.0363523960113525, 21496
1.0363523960113525, 21495
1.0363523960113525, 21494
1.0363523960113525, 21493
1.0363523960113525, 21492
1.0363523960113525, 21491
1.0363523960113525, 21490
1.0373528003692627, 21489
1.0373528003692627, 21488
1.0373528003692627, 21487
1.0373528003692627, 21486
1.0373528003692627, 21485
1.0373528003692627, 21484
1.0373528003692627, 21483
1.0383520126342773, 21482
1.0383520126342773, 21481
1.0383520126342773, 21480
1.0383520126342773, 21479
1.0383520126342773, 21478
1.0383520126342773, 21477
1.0383520126342773, 21476
1.0393517017364502, 21475
1.0393517017364502, 21474
1.0393517017364502, 21473
1.0393517017364502, 21472
1.0393517017364502, 21471
1.040015697479248, 21470
1.040015697479248, 21469
1.0403521060943604, 21468
1.0403521060943604, 21467
1.0403521060943604, 21466
1.0403521060943604, 21465
1.0403521060943604, 21464
1.0403521060943604, 21463
1.0403521060943604, 21462
1.0413525104522705, 21461
1.0413525104522705, 21460
1.0413525104522705, 21459
1.0413525104522705, 21458
1.0413525104522705, 21457
1.0413525104522705, 21456
1.0423526763916016, 21455
1.0423526763916016, 21454
1.0423526763916016, 21453
1.0423526763916016, 21452
1.0423526763916016, 21451
1.0423526763916016, 21450
1.0423526763916016, 21449
1.0433518886566162, 21448
1.0433518886566162, 21447
1.0433518886566162, 21446
1.0433518886566162, 21445
1.0433518886566162, 21444
1.0433518886566162, 21443
1.0433518886566162, 21442
1.0443520545959473, 21441
1.0443520545959473, 21440
1.0443520545959473, 21439
1.0443520545959473, 21438
1.0443520545959473, 21437
1.0443520545959473, 21436
1.0443520545959473, 21435
1.0453519821166992, 21434
1.0453519821166992, 21433
1.0453519821166992, 21432
1.0453519821166992, 21431
1.0453519821166992, 21430
1.0453519821166992, 21429
1.0453519821166992, 21428
1.046351671218872, 21427
1.046351671218872, 21426
1.046351671218872, 21425
1.046351671218872, 21424
1.046351671218872, 21423
1.046351671218872, 21422
1.046351671218872, 21421
1.047351598739624, 21420
1.047351598739624, 21419
1.047351598739624, 21418
1.047351598739624, 21417
1.047351598739624, 21416
1.047351598739624, 21415
1.047351598739624, 21414
1.0484256744384766, 21413
1.0484256744384766, 21412
1.0484256744384766, 21411
1.0484256744384766, 21410
1.0484256744384766, 21409
1.0484256744384766, 21408
1.0493535995483398, 21407
1.0493535995483398, 21406
1.0493535995483398, 21405
1.0493535995483398, 21404
1.0493535995483398, 21403
1.0493535995483398, 21402
1.0493535995483398, 21401
1.050351619720459, 21400
1.050351619720459, 21399
1.050351619720459, 21398
1.050351619720459, 21397
1.050351619720459, 21396
1.050351619720459, 21395
1.050351619720459, 21394
1.05135178565979, 21393
1.05135178565979, 21392
1.05135178565979, 21391
1.05135178565979, 21390
1.05135178565979, 21389
1.05135178565979, 21388
1.0523536205291748, 21387
1.0523536205291748, 21386
1.0523536205291748, 21385
1.0523536205291748, 21384
1.0523536205291748, 21383
1.0523536205291748, 21382
1.0523536205291748, 21381
1.0523536205291748, 21380
1.0533523559570312, 21379
1.0533523559570312, 21378
1.0533523559570312, 21377
1.0533523559570312, 21376
1.0533523559570312, 21375
1.0533523559570312, 21374
1.0543556213378906, 21373
1.0543556213378906, 21372
1.0543556213378906, 21371
1.0543556213378906, 21370
1.0543556213378906, 21369
1.0543556213378906, 21368
1.0543556213378906, 21367
1.0553529262542725, 21366
1.0553529262542725, 21365
1.0553529262542725, 21364
1.0553529262542725, 21363
1.0553529262542725, 21362
1.0553529262542725, 21361
1.0553529262542725, 21360
1.05635404586792, 21359
1.05635404586792, 21358
1.05635404586792, 21357
1.05635404586792, 21356
1.05635404586792, 21355
1.05635404586792, 21354
1.05635404586792, 21353
1.05735445022583, 21352
1.05735445022583, 21351
1.05735445022583, 21350
1.05735445022583, 21349
1.05735445022583, 21348
3.095332384109497, 21347
3.0957846641540527, 21346
3.0957846641540527, 21345
3.0957846641540527, 21344
3.0957846641540527, 21343
3.0962913036346436, 21342
3.0962913036346436, 21341
3.0962913036346436, 21340
3.0962913036346436, 21339
3.0962913036346436, 21338
3.0962913036346436, 21337
3.0962913036346436, 21336
3.0973050594329834, 21335
3.0973050594329834, 21334
3.0973050594329834, 21333
3.0973050594329834, 21332
3.0973050594329834, 21331
3.0973050594329834, 21330
3.098302125930786, 21329
3.098302125930786, 21328
3.098302125930786, 21327
3.098302125930786, 21326
3.098790168762207, 21325
3.098790168762207, 21324
3.098790168762207, 21323
3.09930157661438, 21322
3.09930157661438, 21321
3.09930157661438, 21320
3.09930157661438, 21319
3.09930157661438, 21318
3.09930157661438, 21317
3.09930157661438, 21316
3.1003012657165527, 21315
3.1003012657165527, 21314
3.1003012657165527, 21313
3.1003012657165527, 21312
3.1003012657165527, 21311
3.1003012657165527, 21310
3.101301908493042, 21309
3.101301908493042, 21308
3.101301908493042, 21307
3.101301908493042, 21306
3.101301908493042, 21305
3.101301908493042, 21304
3.101301908493042, 21303
3.102301597595215, 21302
3.102301597595215, 21301
3.102301597595215, 21300
3.102301597595215, 21299
3.102301597595215, 21298
3.102301597595215, 21297
3.102301597595215, 21296
3.1033003330230713, 21295
3.1033003330230713, 21294
3.1033003330230713, 21293
3.1033003330230713, 21292
3.1033003330230713, 21291
3.1033003330230713, 21290
3.1033003330230713, 21289
3.1043002605438232, 21288
3.1043002605438232, 21287
3.1043002605438232, 21286
3.1043002605438232, 21285
3.1043002605438232, 21284
3.1043002605438232, 21283
3.1043002605438232, 21282
3.105300188064575, 21281
3.105300188064575, 21280
3.105300188064575, 21279
3.105300188064575, 21278
3.105300188064575, 21277
3.105300188064575, 21276
3.1062498092651367, 21275
3.1062498092651367, 21274
3.1062498092651367, 21273
3.1062498092651367, 21272
3.1062498092651367, 21271
3.1062498092651367, 21270
3.1062498092651367, 21269
3.1072559356689453, 21268
3.1072559356689453, 21267
3.1072559356689453, 21266
3.1072559356689453, 21265
3.1072559356689453, 21264
3.1072559356689453, 21263
3.1072559356689453, 21262
3.108255624771118, 21261
3.108255624771118, 21260
3.108255624771118, 21259
3.108255624771118, 21258
3.108255624771118, 21257
3.108255624771118, 21256
3.108255624771118, 21255
3.1092560291290283, 21254
3.1092560291290283, 21253
3.1092560291290283, 21252
3.1092560291290283, 21251
3.1092560291290283, 21250
3.1092560291290283, 21249
3.110255718231201, 21248
3.8142542839050293, 21247
3.8142542839050293, 21246
3.8142542839050293, 21245
3.8142542839050293, 21244
3.815253973007202, 21243
3.815253973007202, 21242
3.815253973007202, 21241
3.815253973007202, 21240
3.815253973007202, 21239
3.815253973007202, 21238
3.815253973007202, 21237
3.816235065460205, 21236
3.816235065460205, 21235
3.816235065460205, 21234
3.816235065460205, 21233
3.816235065460205, 21232
3.816235065460205, 21231
3.8172433376312256, 21230
3.8172433376312256, 21229
3.8172433376312256, 21228
3.8172433376312256, 21227
3.8172433376312256, 21226
3.8172433376312256, 21225
3.8172433376312256, 21224
3.8182425498962402, 21223
3.8182425498962402, 21222
3.8182425498962402, 21221
3.8182425498962402, 21220
3.8187649250030518, 21219
3.8187649250030518, 21218
3.8187649250030518, 21217
3.8192429542541504, 21216
3.8192429542541504, 21215
3.8192429542541504, 21214
3.8192429542541504, 21213
3.8192429542541504, 21212
3.8192429542541504, 21211
3.8192429542541504, 21210
3.820242166519165, 21209
3.820242166519165, 21208
3.820242166519165, 21207
3.820242166519165, 21206
3.820242166519165, 21205
3.820242166519165, 21204
3.820242166519165, 21203
3.821242094039917, 21202
3.821242094039917, 21201
3.821242094039917, 21200
3.821242094039917, 21199
3.821242094039917, 21198
3.821242094039917, 21197
3.821242094039917, 21196
3.8222427368164062, 21195
3.8222427368164062, 21194
3.8222427368164062, 21193
3.8222427368164062, 21192
3.8222427368164062, 21191
3.8222427368164062, 21190
3.8222427368164062, 21189
3.823242425918579, 21188
3.823242425918579, 21187
3.823242425918579, 21186
3.823242425918579, 21185
3.823242425918579, 21184
3.823242425918579, 21183
3.8242437839508057, 21182
3.8242437839508057, 21181
3.8242437839508057, 21180
3.8242437839508057, 21179
3.8242437839508057, 21178
3.8242437839508057, 21177
3.8242437839508057, 21176
3.8252432346343994, 21175
3.8252432346343994, 21174
3.8252432346343994, 21173
3.8252432346343994, 21172
3.8252432346343994, 21171
3.8252432346343994, 21170
3.8252432346343994, 21169
3.8262343406677246, 21168
3.8262343406677246, 21167
3.8262343406677246, 21166
3.8262343406677246, 21165
3.8262343406677246, 21164
3.8262343406677246, 21163
3.8262343406677246, 21162
3.827242136001587, 21161
3.827242136001587, 21160
3.827242136001587, 21159
3.827242136001587, 21158
3.827242136001587, 21157
3.827242136001587, 21156
3.828242301940918, 21155
3.828242301940918, 21154
3.828242301940918, 21153
3.828242301940918, 21152
3.828242301940918, 21151
3.828242301940918, 21150
3.828242301940918, 21149
3.829240560531616, 21148
3.829240560531616, 21147
3.829240560531616, 21146
3.829240560531616, 21145
3.829240560531616, 21144
3.829240560531616, 21143
3.830240249633789, 21142
3.830240249633789, 21141
3.830240249633789, 21140
3.830240249633789, 21139
3.830754518508911, 21138
3.830754518508911, 21137
3.830754518508911, 21136
3.8312408924102783, 21135
3.8312408924102783, 21134
3.8312408924102783, 21133
3.840240716934204, 17868
3.840240716934204, 17867
3.840240716934204, 17866
3.8412418365478516, 17865
3.8412418365478516, 17864
3.8412418365478516, 17863
3.8412418365478516, 17862
3.8412418365478516, 17861
3.8412418365478516, 17860
3.842241048812866, 17859
3.842241048812866, 17858
3.842241048812866, 17857
3.842241048812866, 17856
3.842754602432251, 17855
3.842754602432251, 17854
3.842754602432251, 17853
3.842754602432251, 17852
3.842754602432251, 17851
3.843759298324585, 17850
3.843759298324585, 17849
3.843759298324585, 17848
3.843759298324585, 17847
3.843759298324585, 17846
3.843759298324585, 17845
3.8447582721710205, 17844
3.8447582721710205, 17843
3.8447582721710205, 17842
3.8447582721710205, 17841
3.8447582721710205, 17840
3.8447582721710205, 17839
3.8447582721710205, 17838
3.845759391784668, 17837
3.845759391784668, 17836
3.845759391784668, 17835
3.845759391784668, 17834
3.845759391784668, 17833
3.845759391784668, 17832
3.8467605113983154, 17831
3.8467605113983154, 17830
3.8467605113983154, 17829
3.8467605113983154, 17828
3.8467605113983154, 17827
3.8467605113983154, 17826
3.8477580547332764, 17825
3.8477580547332764, 17824
3.8477580547332764, 17823
3.8477580547332764, 17822
3.8477580547332764, 17821
3.8477580547332764, 17820
3.8487579822540283, 17819
3.8487579822540283, 17818
3.8487579822540283, 17817
3.8487579822540283, 17816
3.8487579822540283, 17815
3.8487579822540283, 17814
3.8487579822540283, 17813
3.8497564792633057, 17812
3.8497564792633057, 17811
3.8497564792633057, 17810
3.8497564792633057, 17809
3.8497564792633057, 17808
3.8497564792633057, 17807
3.850757122039795, 17806
3.850757122039795, 17805
3.850757122039795, 17804
3.850757122039795, 17803
3.850757122039795, 17802
3.850757122039795, 17801
3.850757122039795, 17800
3.8517568111419678, 17799
3.8517568111419678, 17798
3.8517568111419678, 17797
3.8517568111419678, 17796
3.8517568111419678, 17795
3.8517568111419678, 17794
3.8527562618255615, 17793
3.8527562618255615, 17792
3.8527562618255615, 17791
3.8527562618255615, 17790
3.8527562618255615, 17789
3.8527562618255615, 17788
3.8537564277648926, 17787
3.8537564277648926, 17786
3.8537564277648926, 17785
3.8537564277648926, 17784
3.8537564277648926, 17783
3.8537564277648926, 17782
3.8537564277648926, 17781
3.8547563552856445, 17780
3.8547563552856445, 17779
3.8547563552856445, 17778
3.8547563552856445, 17777
3.8547563552856445, 17776
3.8547563552856445, 17775
3.855757713317871, 17774
3.855757713317871, 17773
3.855757713317871, 17772
3.855757713317871, 17771
3.855757713317871, 17770
3.855757713317871, 17769
3.855757713317871, 17768
3.8567569255828857, 17767
3.8567569255828857, 17766
3.8567569255828857, 17765
3.8567569255828857, 17764
3.8567569255828857, 17763
3.8567569255828857, 17762
3.8577566146850586, 17761
3.8577566146850586, 17760
3.8577566146850586, 17759
3.8577566146850586, 17758
3.8577566146850586, 17757
3.8577566146850586, 17756
3.8577566146850586, 17755
3.8587567806243896, 17754
3.8587567806243896, 17753
3.8587567806243896, 17752
3.8587567806243896, 17751
3.8587567806243896, 17750
3.8597583770751953, 17749
3.8597583770751953, 17748
3.8597583770751953, 17747
3.8597583770751953, 17746
3.8597583770751953, 17745
3.8597583770751953, 17744
3.8597583770751953, 17743
3.860757827758789, 17742
3.860757827758789, 17741
3.860757827758789, 17740
3.860757827758789, 17739
3.860757827758789, 17738
3.860757827758789, 17737
3.8617565631866455, 17736
3.8617565631866455, 17735
3.8617565631866455, 17734
3.8617565631866455, 17733
3.8617565631866455, 17732
3.8617565631866455, 17731
3.862757921218872, 17730
3.862757921218872, 17729
3.862757921218872, 17728
3.862757921218872, 17727
3.862757921218872, 17726
3.862757921218872, 17725
3.862757921218872, 17724
3.8637568950653076, 17723
3.8637568950653076, 17722
3.8637568950653076, 17721
3.8637568950653076, 17720
3.8637568950653076, 17719
3.8637568950653076, 17718
3.8647561073303223, 17717
3.8647561073303223, 17716
3.8647561073303223, 17715
3.8647561073303223, 17714
3.8647561073303223, 17713
3.8647561073303223, 17712
3.8647561073303223, 17711
3.8657569885253906, 17710
3.8657569885253906, 17709
3.8657569885253906, 17708
3.866253614425659, 17707
3.866253614425659, 17706
3.866253614425659, 17705
3.866253614425659, 17704
3.866253614425659, 17703
3.866253614425659, 17702
3.867262601852417, 17701
3.867262601852417, 17700
3.867262601852417, 17699
3.867262601852417, 17698
3.867262601852417, 17697
3.867262601852417, 17696
3.867262601852417, 17695
3.8682615756988525, 17694
3.8682615756988525, 17693
3.8682615756988525, 17692
3.8682615756988525, 17691
3.8682615756988525, 17690
3.8682615756988525, 17689
3.8692619800567627, 17688
3.8692619800567627, 17687
3.8692619800567627, 17686
3.8692619800567627, 17685
3.8692619800567627, 17684
3.8692619800567627, 17683
3.8702614307403564, 17682
3.8702614307403564, 17681
3.8702614307403564, 17680
3.8702614307403564, 17679
3.8702614307403564, 17678
3.8702614307403564, 17677
3.8702614307403564, 17676
3.8712613582611084, 17675
3.8712613582611084, 17674
3.8712613582611084, 17673
3.8712613582611084, 17672
3.8712613582611084, 17671
3.8712613582611084, 17670
3.8722617626190186, 17669
3.8722617626190186, 17668
3.8722617626190186, 17667
3.8722617626190186, 17666
3.8722617626190186, 17665
3.8722617626190186, 17664
3.8722617626190186, 17663
3.873342990875244, 17662
3.873342990875244, 17661
3.873342990875244, 17660
3.873342990875244, 17659
3.873342990875244, 17658
3.873342990875244, 17657
3.8742611408233643, 17656
3.8742611408233643, 17655
3.8742611408233643, 17654
3.8742611408233643, 17653
3.8742611408233643, 17652
3.8752620220184326, 17651
3.8752620220184326, 17650
3.8752620220184326, 17649
3.8752620220184326, 17648
3.8752620220184326, 17647
3.8752620220184326, 17646
3.8762686252593994, 17645
3.8762686252593994, 17644
3.8762686252593994, 17643
3.8762686252593994, 17642
3.8762686252593994, 17641
3.8762686252593994, 17640
3.8772614002227783, 17639
3.8772614002227783, 17638
3.8772614002227783, 17637
3.8772614002227783, 17636
3.8772614002227783, 17635
3.8772614002227783, 17634
3.8772614002227783, 17633
3.878260612487793, 17632
3.878260612487793, 17631
3.878260612487793, 17630
3.878260612487793, 17629
3.878260612487793, 17628
3.878260612487793, 17627
3.879260778427124, 17626
3.879260778427124, 17625
3.879260778427124, 17624
3.879260778427124, 17623
3.879260778427124, 17622
3.879260778427124, 17621
3.879260778427124, 17620
3.880260705947876, 17619
3.880260705947876, 17618
3.880260705947876, 17617
3.880260705947876, 17616
3.880260705947876, 17615
3.880260705947876, 17614
3.881260871887207, 17613
3.881260871887207, 17612
3.881260871887207, 17611
3.881260871887207, 17610
3.881260871887207, 17609
3.881260871887207, 17608
3.881260871887207, 17607
3.882260799407959, 17606
3.882260799407959, 17605
3.882260799407959, 17604
3.882260799407959, 17603
3.882260799407959, 17602
3.882260799407959, 17601
3.883260726928711, 17600
3.883260726928711, 17599
3.883260726928711, 17598
3.883260726928711, 17597
3.883260726928711, 17596
3.883260726928711, 17595
3.883260726928711, 17594
3.884260654449463, 17593
3.884260654449463, 17592
3.884260654449463, 17591
3.884260654449463, 17590
3.884260654449463, 17589
3.884260654449463, 17588
3.885260581970215, 17587
3.885260581970215, 17586
3.885260581970215, 17585
3.885260581970215, 17584
3.885260581970215, 17583
3.885260581970215, 17582
3.885260581970215, 17581
3.8863768577575684, 17580
3.8863768577575684, 17579
3.8863768577575684, 17578
3.8863768577575684, 17577
3.8863768577575684, 17576
3.887240171432495, 17575
3.887240171432495, 17574
3.887240171432495, 17573
3.887240171432495, 17572
3.887240171432495, 17571
3.887240171432495, 17570
3.887240171432495, 17569
3.888239860534668, 17568
3.888239860534668, 17567
3.888239860534668, 17566
3.888239860534668, 17565
3.888239860534668, 17564
3.888239860534668, 17563
3.88923978805542, 17562
3.88923978805542, 17561
3.88923978805542, 17560
3.88923978805542, 17559
3.88923978805542, 17558
3.88923978805542, 17557
3.88923978805542, 17556
3.8902950286865234, 17555
3.8902950286865234, 17554
3.8902950286865234, 17553
3.8902950286865234, 17552
3.8912413120269775, 17551
3.8912413120269775, 17550
3.8912413120269775, 17549
3.8912413120269775, 17548
3.8912413120269775, 17547
3.8912413120269775, 17546
3.892242193222046, 17545
3.892242193222046, 17544
3.892242193222046, 17543
3.892242193222046, 17542
3.892242193222046, 17541
3.892242193222046, 17540
3.8932416439056396, 17539
3.8932416439056396, 17538
3.8932416439056396, 17537
3.8932416439056396, 17536
3.8932416439056396, 17535
3.8932416439056396, 17534
3.8932416439056396, 17533
3.894240617752075, 17532
3.894240617752075, 17531
3.894240617752075, 17530
3.894240617752075, 17529
3.894240617752075, 17528
3.894240617752075, 17527
3.8952407836914062, 17526
3.8952407836914062, 17525
3.8952407836914062, 17524
3.8952407836914062, 17523
3.8952407836914062, 17522
3.8952407836914062, 17521
3.8952407836914062, 17520
3.896240234375, 17519
3.896240234375, 17518
3.896240234375, 17517
3.896240234375, 17516
3.896240234375, 17515
3.896240234375, 17514
3.897242546081543, 17513
3.897242546081543, 17512
3.897242546081543, 17511
3.897242546081543, 17510
3.897242546081543, 17509
3.897242546081543, 17508
3.897242546081543, 17507
3.8982410430908203, 17506
3.8982410430908203, 17505
3.8982410430908203, 17504
3.8982410430908203, 17503
3.8982410430908203, 17502
3.8982410430908203, 17501
3.899240493774414, 17500
3.899240493774414, 17499
3.899240493774414, 17498
3.899240493774414, 17497
3.899240493774414, 17496
3.899240493774414, 17495
3.899240493774414, 17494
3.900240898132324, 17493
3.900240898132324, 17492
3.900240898132324, 17491
3.900240898132324, 17490
3.900240898132324, 17489
3.900240898132324, 17488
3.901240587234497, 17487
3.901240587234497, 17486
3.901240587234497, 17485
3.901240587234497, 17484
3.901240587234497, 17483
3.901240587234497, 17482
3.901240587234497, 17481
3.90224027633667, 17480
3.90224027633667, 17479
3.90224027633667, 17478
3.90224027633667, 17477
3.90224027633667, 17476
3.90224027633667, 17475
3.90224027633667, 17474
3.903240442276001, 17473
3.903240442276001, 17472
3.903240442276001, 17471
3.903240442276001, 17470
3.903240442276001, 17469
3.903240442276001, 17468
3.904240369796753, 17467
3.904240369796753, 17466
3.904240369796753, 17465
3.904240369796753, 17464
3.904240369796753, 17463
3.904240369796753, 17462
3.905240535736084, 17461
3.905240535736084, 17460
3.905240535736084, 17459
3.905240535736084, 17458
3.905240535736084, 17457
3.905240535736084, 17456
3.9062399864196777, 17455
3.9062399864196777, 17454
3.9062399864196777, 17453
3.9062399864196777, 17452
3.9062399864196777, 17451
3.907242774963379, 17450
3.907242774963379, 17449
3.907242774963379, 17448
3.907242774963379, 17447
3.907242774963379, 17446
3.907242774963379, 17445
3.9082417488098145, 17444
3.9082417488098145, 17443
3.9082417488098145, 17442
3.9082417488098145, 17441
3.9082417488098145, 17440
3.9082417488098145, 17439
3.9092414379119873, 17438
3.9092414379119873, 17437
3.9092414379119873, 17436
3.9092414379119873, 17435
3.9092414379119873, 17434
3.9092414379119873, 17433
3.9092414379119873, 17432
3.9102413654327393, 17431
3.9102413654327393, 17430
3.9102413654327393, 17429
3.9102413654327393, 17428
3.9102413654327393, 17427
3.9102413654327393, 17426
3.9112415313720703, 17425
3.9112415313720703, 17424
3.9112415313720703, 17423
3.9112415313720703, 17422
3.9112415313720703, 17421
3.9112415313720703, 17420
3.9112415313720703, 17419
3.9122414588928223, 17418
3.9122414588928223, 17417
3.9122414588928223, 17416
3.9122414588928223, 17415
3.9122414588928223, 17414
3.9122414588928223, 17413
3.913241386413574, 17412
3.913241386413574, 17411
3.913241386413574, 17410
3.913241386413574, 17409
3.913241386413574, 17408
3.913241386413574, 17407
3.9142425060272217, 17406
3.9142425060272217, 17405
3.9142425060272217, 17404
3.9142425060272217, 17403
3.9142425060272217, 17402
3.9142425060272217, 17401
3.9142425060272217, 17400
3.9152417182922363, 17399
3.9152417182922363, 17398
3.9152417182922363, 17397
3.9152417182922363, 17396
3.9152417182922363, 17395
3.9152417182922363, 17394
3.9152417182922363, 17393
3.9162416458129883, 17392
3.9162416458129883, 17391
3.9162416458129883, 17390
3.9162416458129883, 17389
3.9162416458129883, 17388
3.9162416458129883, 17387
3.9172685146331787, 17386
3.9172685146331787, 17385
3.9172685146331787, 17384
3.9172685146331787, 17383
3.9172685146331787, 17382
3.9172685146331787, 17381
3.9172685146331787, 17380
3.9182684421539307, 17379
3.9182684421539307, 17378
3.9182684421539307, 17377
3.9182684421539307, 17376
3.9182684421539307, 17375
3.9182684421539307, 17374
3.9192683696746826, 17373
3.9192683696746826, 17372
3.9192683696746826, 17371
3.9192683696746826, 17370
3.9192683696746826, 17369
3.9192683696746826, 17368
3.9192683696746826, 17367
3.9202682971954346, 17366
3.9202682971954346, 17365
3.9202682971954346, 17364
3.9202682971954346, 17363
3.9202682971954346, 17362
3.9202682971954346, 17361
3.9212682247161865, 17360
3.9212682247161865, 17359
3.9212682247161865, 17358
3.9212682247161865, 17357
3.9212682247161865, 17356
3.9212682247161865, 17355
3.9222681522369385, 17354
3.922318935394287, 17353
3.922318935394287, 17352
3.922318935394287, 17351
3.922318935394287, 17350
3.922318935394287, 17349
3.922318935394287, 17348
3.9232685565948486, 17347
3.9232685565948486, 17346
3.9232685565948486, 17345
3.9232685565948486, 17344
3.9232685565948486, 17343
3.9232685565948486, 17342
3.9242680072784424, 17341
3.9242680072784424, 17340
3.9242680072784424, 17339
3.9242680072784424, 17338
3.9242680072784424, 17337
3.9242680072784424, 17336
3.9252688884735107, 17335
3.9252688884735107, 17334
3.9252688884735107, 17333
3.9252688884735107, 17332
3.9252688884735107, 17331
3.9252688884735107, 17330
3.9252688884735107, 17329
3.9262402057647705, 17328
3.9262402057647705, 17327
3.9262402057647705, 17326
3.9262402057647705, 17325
3.9262402057647705, 17324
3.9262402057647705, 17323
3.92724871635437, 17322
3.92724871635437, 17321
3.92724871635437, 17320
3.92724871635437, 17319
3.92724871635437, 17318
3.92724871635437, 17317
3.928248167037964, 17316
3.928248167037964, 17315
3.928248167037964, 17314
3.928248167037964, 17313
3.928248167037964, 17312
3.928248167037964, 17311
3.928248167037964, 17310
3.929248332977295, 17309
3.929248332977295, 17308
3.929248332977295, 17307
3.9297776222229004, 17306
3.9297776222229004, 17305
3.9297776222229004, 17304
3.930248260498047, 17303
3.930248260498047, 17302
3.930248260498047, 17301
3.930248260498047, 17300
3.930248260498047, 17299
3.930248260498047, 17298
3.930248260498047, 17297
3.931248188018799, 17296
3.931248188018799, 17295
3.931248188018799, 17294
3.931248188018799, 17293
3.931248188018799, 17292
3.931248188018799, 17291
3.932249069213867, 17290
3.932249069213867, 17289
3.932249069213867, 17288
3.932249069213867, 17287
3.932249069213867, 17286
3.932249069213867, 17285
3.932249069213867, 17284
3.933248281478882, 17283
3.933248281478882, 17282
3.933248281478882, 17281
3.933248281478882, 17280
3.933248281478882, 17279
3.933248281478882, 17278
3.934248208999634, 17277
3.934248208999634, 17276
3.934248208999634, 17275
3.9347784519195557, 17274
3.9347784519195557, 17273
3.9347784519195557, 17272
3.935248374938965, 17271
3.935248374938965, 17270
3.935248374938965, 17269
3.935248374938965, 17268
3.935248374938965, 17267
3.935248374938965, 17266
3.935248374938965, 17265
3.936283588409424, 17264
3.936283588409424, 17263
3.936283588409424, 17262
3.936283588409424, 17261
3.936283588409424, 17260
3.936283588409424, 17259
3.9372920989990234, 17258
3.9372920989990234, 17257
3.9372920989990234, 17256
3.9372920989990234, 17255
3.9372920989990234, 17254
3.9372920989990234, 17253
3.9372920989990234, 17252
3.9382920265197754, 17251
3.9382920265197754, 17250
3.9382920265197754, 17249
3.9382920265197754, 17248
3.9382920265197754, 17247
3.9392924308776855, 17246
3.9392924308776855, 17245
3.9392924308776855, 17244
3.9392924308776855, 17243
3.9392924308776855, 17242
3.9392924308776855, 17241
3.940294027328491, 17240
3.940294027328491, 17239
3.940294027328491, 17238
3.940294027328491, 17237
3.940294027328491, 17236
3.940294027328491, 17235
3.940294027328491, 17234
3.9412930011749268, 17233
3.9412930011749268, 17232
3.9412930011749268, 17231
3.9412930011749268, 17230
3.9412930011749268, 17229
3.9412930011749268, 17228
3.9422926902770996, 17227
3.9422926902770996, 17226
3.9422926902770996, 17225
3.9422926902770996, 17224
3.9422926902770996, 17223
3.9422926902770996, 17222
3.9432923793792725, 17221
3.9432923793792725, 17220
3.9432923793792725, 17219
3.9432923793792725, 17218
3.9432923793792725, 17217
3.9432923793792725, 17216
3.944291830062866, 17215
3.944291830062866, 17214
3.944291830062866, 17213
3.944291830062866, 17212
3.944291830062866, 17211
3.944291830062866, 17210
3.944291830062866, 17209
3.9452919960021973, 17208
3.9455769062042236, 17207
3.9455769062042236, 17206
3.9455769062042236, 17205
3.9455769062042236, 17204
3.9460833072662354, 17203
3.9460833072662354, 17202
3.9460833072662354, 17201
3.9460833072662354, 17200
3.9460833072662354, 17199
3.9460833072662354, 17198
3.9471890926361084, 17197
3.9471890926361084, 17196
3.9471890926361084, 17195
3.9471890926361084, 17194
3.9471890926361084, 17193
3.9471890926361084, 17192
3.948091983795166, 17191
3.948091983795166, 17190
3.948091983795166, 17189
3.948091983795166, 17188
3.948091983795166, 17187
3.948091983795166, 17186
3.949091911315918, 17185
3.949091911315918, 17184
3.949091911315918, 17183
3.949091911315918, 17182
3.949091911315918, 17181
3.949091911315918, 17180
3.949091911315918, 17179
3.9500927925109863, 17178
3.9500927925109863, 17177
3.9500927925109863, 17176
3.9500927925109863, 17175
3.9500927925109863, 17174
3.9500927925109863, 17173
3.95109224319458, 17172
3.95109224319458, 17171
3.95109224319458, 17170
3.95109224319458, 17169
3.95109224319458, 17168
3.95109224319458, 17167
3.952091693878174, 17166
3.952091693878174, 17165
3.952091693878174, 17164
3.952091693878174, 17163
3.952091693878174, 17162
3.952091693878174, 17161
3.952091693878174, 17160
3.953091859817505, 17159
3.953091859817505, 17158
3.953091859817505, 17157
3.953091859817505, 17156
3.953091859817505, 17155
3.953091859817505, 17154
3.9541590213775635, 17153
3.9541590213775635, 17152
3.9541590213775635, 17151
3.9541590213775635, 17150
3.9541590213775635, 17149
3.9541590213775635, 17148
3.955092191696167, 17147
3.955092191696167, 17146
3.955092191696167, 17145
3.955092191696167, 17144
3.955092191696167, 17143
3.955092191696167, 17142
3.956092119216919, 17141
3.956092119216919, 17140
3.956092119216919, 17139
3.956092119216919, 17138
3.956092119216919, 17137
3.956092119216919, 17136
3.957094192504883, 17135
3.957094192504883, 17134
3.957094192504883, 17133
3.957094192504883, 17132
3.957094192504883, 17131
3.957094192504883, 17130
3.957094192504883, 17129
3.958091974258423, 17128
3.958091974258423, 17127
3.958091974258423, 17126
3.958091974258423, 17125
3.958091974258423, 17124
3.958091974258423, 17123
3.959092140197754, 17122
3.959092140197754, 17121
3.959092140197754, 17120
3.959092140197754, 17119
3.959092140197754, 17118
3.959092140197754, 17117
3.959092140197754, 17116
3.9600930213928223, 17115
3.9600930213928223, 17114
3.9600930213928223, 17113
3.9600930213928223, 17112
3.960728406906128, 17111
3.960728406906128, 17110
3.9610917568206787, 17109
3.9610917568206787, 17108
3.9610917568206787, 17107
3.9610917568206787, 17106
3.9610917568206787, 17105
3.9610917568206787, 17104
3.9620916843414307, 17103
3.9620916843414307, 17102
3.9620916843414307, 17101
3.9620916843414307, 17100
3.9620916843414307, 17099
3.9620916843414307, 17098
3.9630916118621826, 17097
3.9630916118621826, 17096
3.9630916118621826, 17095
3.9630916118621826, 17094
3.9630916118621826, 17093
3.9630916118621826, 17092
3.9630916118621826, 17091
3.9640917778015137, 17090
3.9640917778015137, 17089
3.9640917778015137, 17088
3.9640917778015137, 17087
3.9640917778015137, 17086
3.9640917778015137, 17085
3.9650919437408447, 17084
3.9650919437408447, 17083
3.9650919437408447, 17082
3.9650919437408447, 17081
3.9650919437408447, 17080
3.9650919437408447, 17079
3.9660913944244385, 17078
3.966247320175171, 17077
3.966247320175171, 17076
3.966247320175171, 17075
3.966247320175171, 17074
3.966247320175171, 17073
3.966247320175171, 17072
3.9670917987823486, 17071
3.9670917987823486, 17070
3.9670917987823486, 17069
3.9670917987823486, 17068
3.9670917987823486, 17067
3.9670917987823486, 17066
3.9680919647216797, 17065
3.9680919647216797, 17064
3.9680919647216797, 17063
3.9680919647216797, 17062
3.9680919647216797, 17061
3.9680919647216797, 17060
3.9690918922424316, 17059
3.9690918922424316, 17058
3.9690918922424316, 17057
3.9690918922424316, 17056
3.9690918922424316, 17055
3.9690918922424316, 17054
3.9690918922424316, 17053
3.9701461791992188, 17052
3.9701461791992188, 17051
3.9701461791992188, 17050
3.9701461791992188, 17049
3.9701461791992188, 17048
3.9710943698883057, 17047
3.9710943698883057, 17046
3.9710943698883057, 17045
3.9710943698883057, 17044
3.9710943698883057, 17043
3.9710943698883057, 17042
3.9710943698883057, 17041
3.9720935821533203, 17040
3.9720935821533203, 17039
3.9720935821533203, 17038
3.9720935821533203, 17037
3.9720935821533203, 17036
3.9720935821533203, 17035
3.9730982780456543, 17034
3.9730982780456543, 17033
3.9730982780456543, 17032
3.9730982780456543, 17031
3.9730982780456543, 17030
3.9730982780456543, 17029
3.974092960357666, 17028
3.974092960357666, 17027
3.974092960357666, 17026
3.974092960357666, 17025
3.974092960357666, 17024
3.974092960357666, 17023
3.9750919342041016, 17022
3.9750919342041016, 17021
3.9750919342041016, 17020
3.9750919342041016, 17019
3.9750919342041016, 17018
3.9750919342041016, 17017
3.9750919342041016, 17016
3.9760921001434326, 17015
3.9760921001434326, 17014
3.9760921001434326, 17013
3.9760921001434326, 17012
3.9760921001434326, 17011
3.9760921001434326, 17010
3.9770922660827637, 17009
3.9770922660827637, 17008
3.9770922660827637, 17007
3.9770922660827637, 17006
3.9770922660827637, 17005
3.9770922660827637, 17004
3.978093147277832, 17003
3.978093147277832, 17002
3.978093147277832, 17001
3.978093147277832, 17000
3.978093147277832, 16999
3.978093147277832, 16998
3.978093147277832, 16997
3.9790923595428467, 16996
3.9790923595428467, 16995
3.9790923595428467, 16994
3.9790923595428467, 16993
3.9790923595428467, 16992
3.9790923595428467, 16991
3.9800918102264404, 16990
3.9800918102264404, 16989
3.9800918102264404, 16988
3.9800918102264404, 16987
3.9800918102264404, 16986
3.9800918102264404, 16985
3.9810917377471924, 16984
3.9810917377471924, 16983
3.9810917377471924, 16982
3.9810917377471924, 16981
3.9810917377471924, 16980
3.9810917377471924, 16979
3.9810917377471924, 16978
3.9820916652679443, 16977
3.9820916652679443, 16976
3.9820916652679443, 16975
3.9820916652679443, 16974
3.9820916652679443, 16973
3.9820916652679443, 16972
3.9830915927886963, 16971
3.9830915927886963, 16970
3.9830915927886963, 16969
3.9830915927886963, 16968
3.9830915927886963, 16967
3.9830915927886963, 16966
3.9840919971466064, 16965
3.9840919971466064, 16964
3.9840919971466064, 16963
3.9840919971466064, 16962
3.9840919971466064, 16961
3.9840919971466064, 16960
3.9840919971466064, 16959
3.9850919246673584, 16958
3.9850919246673584, 16957
3.9850919246673584, 16956
3.9850919246673584, 16955
3.9850919246673584, 16954
3.9850919246673584, 16953
3.986154794692993, 16952
3.986154794692993, 16951
3.986154794692993, 16950
3.986154794692993, 16949
3.9871673583984375, 16948
3.9871673583984375, 16947
3.9871673583984375, 16946
3.9871673583984375, 16945
3.9871673583984375, 16944
3.9871673583984375, 16943
3.988166093826294, 16942
3.988166093826294, 16941
3.988166093826294, 16940
3.988166093826294, 16939
3.988166093826294, 16938
3.988166093826294, 16937
3.9891669750213623, 16936
3.9891669750213623, 16935
3.9891669750213623, 16934
3.9891669750213623, 16933
3.9891669750213623, 16932
3.9891669750213623, 16931
3.9901657104492188, 16930
3.9901657104492188, 16929
3.9901657104492188, 16928
3.9901657104492188, 16927
3.9901657104492188, 16926
3.9901657104492188, 16925
3.991164207458496, 16924
3.991164207458496, 16923
3.991164207458496, 16922
3.991164207458496, 16921
3.991164207458496, 16920
3.991164207458496, 16919
3.992164134979248, 16918
3.992164134979248, 16917
3.992164134979248, 16916
3.992164134979248, 16915
3.992164134979248, 16914
3.992164134979248, 16913
3.992164134979248, 16912
3.993164539337158, 16911
3.993164539337158, 16910
3.993164539337158, 16909
3.993164539337158, 16908
3.993164539337158, 16907
3.993164539337158, 16906
3.99416446685791, 16905
3.99416446685791, 16904
3.99416446685791, 16903
3.99416446685791, 16902
3.99416446685791, 16901
3.99416446685791, 16900
3.995163917541504, 16899
3.995163917541504, 16898
3.995163917541504, 16897
3.995163917541504, 16896
3.995163917541504, 16895
3.995163917541504, 16894
3.996163845062256, 16893
3.996163845062256, 16892
3.996163845062256, 16891
3.996163845062256, 16890
3.996163845062256, 16889
3.996163845062256, 16888
3.9971652030944824, 16887
3.9971652030944824, 16886
3.9971652030944824, 16885
3.9971652030944824, 16884
3.9971652030944824, 16883
3.9971652030944824, 16882
3.9971652030944824, 16881
3.998164176940918, 16880
3.998164176940918, 16879
3.998164176940918, 16878
3.998164176940918, 16877
3.998164176940918, 16876
3.998164176940918, 16875
3.999163866043091, 16874
3.999163866043091, 16873
3.999163866043091, 16872
3.999163866043091, 16871
3.999163866043091, 16870
3.999163866043091, 16869
4.000163793563843, 16868
4.000163793563843, 16867
4.000163793563843, 16866
4.000163793563843, 16865
4.000163793563843, 16864
4.000163793563843, 16863
4.000163793563843, 16862
4.001163721084595, 16861
4.001163721084595, 16860
4.001163721084595, 16859
4.001163721084595, 16858
4.001163721084595, 16857
4.001163721084595, 16856
4.002234697341919, 16855
4.002234697341919, 16854
4.002234697341919, 16853
4.002234697341919, 16852
4.002234697341919, 16851
4.002234697341919, 16850
4.0031654834747314, 16849
4.0031654834747314, 16848
4.0031654834747314, 16847
4.0031654834747314, 16846
4.0031654834747314, 16845
4.0031654834747314, 16844
4.004164695739746, 16843
4.004164695739746, 16842
4.004164695739746, 16841
4.004164695739746, 16840
4.004164695739746, 16839
4.004964113235474, 16838
4.005163908004761, 16837
4.005163908004761, 16836
4.005163908004761, 16835
4.005163908004761, 16834
4.005163908004761, 16833
4.005163908004761, 16832
4.006163597106934, 16831
4.006163597106934, 16830
4.006163597106934, 16829
4.006163597106934, 16828
4.006163597106934, 16827
4.006163597106934, 16826
4.006163597106934, 16825
4.007222414016724, 16824
4.007222414016724, 16823
4.007222414016724, 16822
4.007222414016724, 16821
4.007222414016724, 16820
4.007222414016724, 16819
4.0082221031188965, 16818
4.0082221031188965, 16817
4.0082221031188965, 16816
4.0082221031188965, 16815
4.0082221031188965, 16814
4.0082221031188965, 16813
4.009222030639648, 16812
4.009222030639648, 16811
4.009222030639648, 16810
4.009222030639648, 16809
4.009222030639648, 16808
4.009222030639648, 16807
4.009222030639648, 16806
4.0102219581604, 16805
4.0102219581604, 16804
4.0102219581604, 16803
4.0102219581604, 16802
4.0102219581604, 16801
4.0102219581604, 16800
4.011221885681152, 16799
4.011221885681152, 16798
4.011221885681152, 16797
4.011768102645874, 16796
4.011768102645874, 16795
4.011768102645874, 16794
4.012222051620483, 16793
4.012222051620483, 16792
4.012222051620483, 16791
4.012222051620483, 16790
4.012222051620483, 16789
4.012222051620483, 16788
4.013221979141235, 16787
4.013221979141235, 16786
4.013221979141235, 16785
4.013221979141235, 16784
4.013221979141235, 16783
4.013221979141235, 16782
4.014222860336304, 16781
4.014222860336304, 16780
4.014222860336304, 16779
4.014222860336304, 16778
4.014767408370972, 16777
4.014767408370972, 16776
4.014767408370972, 16775
4.015222072601318, 16774
4.015222072601318, 16773
4.015222072601318, 16772
4.015222072601318, 16771
4.015222072601318, 16770
4.015222072601318, 16769
4.01622200012207, 16768
4.01622200012207, 16767
4.01622200012207, 16766
4.01622200012207, 16765
4.01622200012207, 16764
4.01622200012207, 16763
4.0172507762908936, 16762
4.0172507762908936, 16761
4.0172507762908936, 16760
4.0172507762908936, 16759
4.0172507762908936, 16758
4.0172507762908936, 16757
4.0182507038116455, 16756
4.0182507038116455, 16755
4.0182507038116455, 16754
4.0182507038116455, 16753
4.01924991607666, 16752
4.01924991607666, 16751
4.01924991607666, 16750
4.01924991607666, 16749
4.01924991607666, 16748
4.020250082015991, 16747
4.020250082015991, 16746
4.020250082015991, 16745
4.020250082015991, 16744
4.020250082015991, 16743
4.020250082015991, 16742
4.021250486373901, 16741
4.021250486373901, 16740
4.021250486373901, 16739
4.021250486373901, 16738
4.021250486373901, 16737
4.021250486373901, 16736
4.022250175476074, 16735
4.022250175476074, 16734
4.022250175476074, 16733
4.022250175476074, 16732
4.023252010345459, 16731
4.023252010345459, 16730
4.023252010345459, 16729
4.023252010345459, 16728
4.023252010345459, 16727
4.024250268936157, 16726
4.024250268936157, 16725
4.024250268936157, 16724
4.024250268936157, 16723
4.024250268936157, 16722
4.024250268936157, 16721
4.024250268936157, 16720
4.025251150131226, 16719
4.025251150131226, 16718
4.025251150131226, 16717
4.025251150131226, 16716
4.025251150131226, 16715
4.025251150131226, 16714
4.026250123977661, 16713
4.026250123977661, 16712
4.026250123977661, 16711
4.026250123977661, 16710
4.026250123977661, 16709
4.026250123977661, 16708
4.02725076675415, 16707
4.02725076675415, 16706
4.02725076675415, 16705
4.02725076675415, 16704
4.02725076675415, 16703
4.02725076675415, 16702
4.02825140953064, 16701
4.02825140953064, 16700
4.02825140953064, 16699
4.02825140953064, 16698
4.02825140953064, 16697
4.02825140953064, 16696
4.02825140953064, 16695
4.029250621795654, 16694
4.029250621795654, 16693
4.029250621795654, 16692
4.029250621795654, 16691
4.029250621795654, 16690
4.029250621795654, 16689
4.030310153961182, 16688
4.030310153961182, 16687
4.030310153961182, 16686
4.030310153961182, 16685
4.030310153961182, 16684
4.030310153961182, 16683
4.031250476837158, 16682
4.031250476837158, 16681
4.031250476837158, 16680
4.031250476837158, 16679
4.031250476837158, 16678
4.031250476837158, 16677
4.031250476837158, 16676
4.032250881195068, 16675
4.032250881195068, 16674
4.032250881195068, 16673
4.032250881195068, 16672
4.032250881195068, 16671
4.032250881195068, 16670
4.033250331878662, 16669
4.033250331878662, 16668
4.033250331878662, 16667
4.033250331878662, 16666
4.033250331878662, 16665
4.033250331878662, 16664
4.034337759017944, 16663
4.034337759017944, 16662
4.034337759017944, 16661
4.034337759017944, 16660
4.035254001617432, 16659
4.035254001617432, 16658
4.035254001617432, 16657
4.035254001617432, 16656
4.035254001617432, 16655
4.036250829696655, 16654
4.036250829696655, 16653
4.036250829696655, 16652
4.036250829696655, 16651
4.036250829696655, 16650
4.036250829696655, 16649
4.037254333496094, 16648
4.037254333496094, 16647
4.037254333496094, 16646
4.037254333496094, 16645
4.037254333496094, 16644
4.037254333496094, 16643
4.0382537841796875, 16642
4.0382537841796875, 16641
4.0382537841796875, 16640
4.0382537841796875, 16639
4.0382537841796875, 16638
4.039250135421753, 16637
4.039250135421753, 16636
4.039250135421753, 16635
4.039250135421753, 16634
4.039250135421753, 16633
4.039250135421753, 16632
4.040249824523926, 16631
4.040249824523926, 16630
4.040249824523926, 16629
4.040249824523926, 16628
4.040249824523926, 16627
4.040249824523926, 16626
4.040249824523926, 16625
4.041252613067627, 16624
4.041252613067627, 16623
4.041252613067627, 16622
4.041252613067627, 16621
4.041997909545898, 16620
4.041997909545898, 16619
4.041997909545898, 16618
4.041997909545898, 16617
4.042516469955444, 16616
4.042516469955444, 16615
4.042516469955444, 16614
4.042516469955444, 16613
4.042516469955444, 16612
4.042516469955444, 16611
4.043524265289307, 16610
4.043524265289307, 16609
4.043524265289307, 16608
4.043524265289307, 16607
4.043524265289307, 16606
4.043524265289307, 16605
4.044523477554321, 16604
4.044523477554321, 16603
4.044523477554321, 16602
4.044523477554321, 16601
4.044523477554321, 16600
4.044523477554321, 16599
4.044523477554321, 16598
4.045522928237915, 16597
4.045522928237915, 16596
4.045522928237915, 16595
4.045522928237915, 16594
4.045522928237915, 16593
4.045522928237915, 16592
4.046524286270142, 16591
4.046524286270142, 16590
4.046524286270142, 16589
4.046524286270142, 16588
4.046524286270142, 16587
4.046524286270142, 16586
4.046524286270142, 16585
4.04752516746521, 16584
4.04752516746521, 16583
4.04752516746521, 16582
4.04752516746521, 16581
4.04752516746521, 16580
4.04752516746521, 16579
4.04852294921875, 16578
4.04852294921875, 16577
4.04852294921875, 16576
4.04852294921875, 16575
4.04852294921875, 16574
4.04852294921875, 16573
4.04952335357666, 16572
4.04952335357666, 16571
4.04952335357666, 16570
4.04952335357666, 16569
4.04952335357666, 16568
4.04952335357666, 16567
4.050524473190308, 16566
4.050524473190308, 16565
4.050524473190308, 16564
4.050524473190308, 16563
4.050524473190308, 16562
4.050524473190308, 16561
4.05152440071106, 16560
4.05152440071106, 16559
4.05152440071106, 16558
4.05152440071106, 16557
4.05152440071106, 16556
4.05152440071106, 16555
4.052523612976074, 16554
4.052523612976074, 16553
4.052523612976074, 16552
4.052523612976074, 16551
4.052523612976074, 16550
4.052523612976074, 16549
4.05352520942688, 16548
4.05352520942688, 16547
4.05352520942688, 16546
4.05352520942688, 16545
4.05352520942688, 16544
4.05352520942688, 16543
4.05352520942688, 16542
4.0545244216918945, 16541
4.0545244216918945, 16540
4.0545244216918945, 16539
4.0545244216918945, 16538
4.0545244216918945, 16537
4.0545244216918945, 16536
4.055523157119751, 16535
4.055523157119751, 16534
4.055523157119751, 16533
4.056046009063721, 16532
4.056046009063721, 16531
4.056046009063721, 16530
4.056046009063721, 16529
4.056046009063721, 16528
4.056046009063721, 16527
4.056046009063721, 16526
4.05705451965332, 16525
4.05705451965332, 16524
4.05705451965332, 16523
4.05705451965332, 16522
4.05705451965332, 16521
4.05705451965332, 16520
4.058053255081177, 16519
4.058053255081177, 16518
4.058053255081177, 16517
4.058053255081177, 16516
4.058053255081177, 16515
4.058053255081177, 16514
4.058053255081177, 16513
4.05905294418335, 16512
4.05905294418335, 16511
4.05905294418335, 16510
4.05905294418335, 16509
4.05976939201355, 16508
4.05976939201355, 16507
4.06005334854126, 16506
5.301043748855591, 16505
5.301043748855591, 16504
5.301043748855591, 16503
5.301043748855591, 16502
5.3020429611206055, 16501
5.3020429611206055, 16500
5.3020429611206055, 16499
5.3020429611206055, 16498
5.3020429611206055, 16497
5.3020429611206055, 16496
5.303042888641357, 16495
5.303042888641357, 16494
5.303042888641357, 16493
5.303042888641357, 16492
5.303042888641357, 16491
5.303042888641357, 16490
5.303042888641357, 16489
5.304042816162109, 16488
5.304042816162109, 16487
5.304042816162109, 16486
5.305044174194336, 16485
5.305044174194336, 16484
5.305044174194336, 16483
5.305044174194336, 16482
5.306044101715088, 16481
5.306044101715088, 16480
5.306044101715088, 16479
5.307043790817261, 16478
5.307043790817261, 16477
5.307043790817261, 16476
5.307043790817261, 16475
5.308044195175171, 16474
5.308044195175171, 16473
5.308044195175171, 16472
5.309043884277344, 16471
5.3091089725494385, 16470
5.3091089725494385, 16469
5.3091089725494385, 16468
5.310044050216675, 16467
5.310044050216675, 16466
5.310044050216675, 16465
5.311043739318848, 16464
5.311043739318848, 16463
5.311043739318848, 16462
5.311788558959961, 16461
5.3120436668396, 16460
5.3120436668396, 16459
5.3120436668396, 16458
5.3130457401275635, 16457
5.3130457401275635, 16456
5.3130457401275635, 16455
5.3140459060668945, 16454
5.3140459060668945, 16453
5.3140459060668945, 16452
5.3140459060668945, 16451
5.315046072006226, 16450
5.315046072006226, 16449
5.315046072006226, 16448
5.316046237945557, 16447
5.316046237945557, 16446
5.316046237945557, 16445
5.316046237945557, 16444
5.317044973373413, 16443
5.317044973373413, 16442
5.317044973373413, 16441
5.318045139312744, 16440
5.318045139312744, 16439
5.318045139312744, 16438
5.318045139312744, 16437
5.319044828414917, 16436
5.319044828414917, 16435
5.319044828414917, 16434
5.319044828414917, 16433
5.319044828414917, 16432
5.320044040679932, 16431
5.320044040679932, 16430
5.320044040679932, 16429
5.320044040679932, 16428
5.320044040679932, 16427
5.320044040679932, 16426
5.321044206619263, 16425
5.321044206619263, 16424
5.321044206619263, 16423
5.321044206619263, 16422
5.321044206619263, 16421
5.322042465209961, 16420
5.322042465209961, 16419
5.322042465209961, 16418
5.322042465209961, 16417
5.322042465209961, 16416
5.322042465209961, 16415
6.4512786865234375, 16414
6.4512786865234375, 16413
6.4512786865234375, 16412
6.4512786865234375, 16411
6.4512786865234375, 16410
6.4512786865234375, 16409
6.452277898788452, 16408
6.452277898788452, 16407
6.452277898788452, 16406
6.452277898788452, 16405
6.452277898788452, 16404
6.452277898788452, 16403
6.453278541564941, 16402
6.453278541564941, 16401
6.453278541564941, 16400
6.453278541564941, 16399
