0.13599228858947754, 22952
0.13599228858947754, 22951
0.13599228858947754, 22950
0.13599228858947754, 22949
0.13599228858947754, 22948
0.13599228858947754, 22947
0.13599228858947754, 22946
0.13698744773864746, 22945
0.13698744773864746, 22944
0.13698744773864746, 22943
0.13698744773864746, 22942
0.13698744773864746, 22941
0.13698744773864746, 22940
0.13698744773864746, 22939
0.13698744773864746, 22938
0.13798809051513672, 22937
0.13798809051513672, 22936
0.13798809051513672, 22935
0.13798809051513672, 22934
0.13798809051513672, 22933
0.13798809051513672, 22932
0.13798809051513672, 22931
0.13898801803588867, 22930
0.13898801803588867, 22929
0.13898801803588867, 22928
0.13898801803588867, 22927
0.13898801803588867, 22926
0.13898801803588867, 22925
0.13898801803588867, 22924
0.13998770713806152, 22923
0.13998770713806152, 22922
0.13998770713806152, 22921
0.13998770713806152, 22920
0.13998770713806152, 22919
0.13998770713806152, 22918
0.13998770713806152, 22917
0.14098811149597168, 22916
0.14098811149597168, 22915
0.14098811149597168, 22914
0.14098811149597168, 22913
0.14098811149597168, 22912
0.14098811149597168, 22911
0.14098811149597168, 22910
0.14098811149597168, 22909
0.14209318161010742, 22908
0.14209318161010742, 22907
0.14209318161010742, 22906
0.14209318161010742, 22905
0.14209318161010742, 22904
0.14209318161010742, 22903
0.14209318161010742, 22902
0.14298748970031738, 22901
0.14298748970031738, 22900
0.14298748970031738, 22899
0.14298748970031738, 22898
0.14298748970031738, 22897
0.14298748970031738, 22896
0.14298748970031738, 22895
0.14398813247680664, 22894
0.14398813247680664, 22893
0.14398813247680664, 22892
0.14398813247680664, 22891
0.14398813247680664, 22890
0.14398813247680664, 22889
0.14398813247680664, 22888
0.14398813247680664, 22887
0.1449875831604004, 22886
0.1449875831604004, 22885
0.1449875831604004, 22884
0.1449875831604004, 22883
0.1449875831604004, 22882
0.14598846435546875, 22881
0.14598846435546875, 22880
0.14598846435546875, 22879
0.14598846435546875, 22878
0.14598846435546875, 22877
0.14598846435546875, 22876
0.1469879150390625, 22875
0.1469879150390625, 22874
0.1469879150390625, 22873
0.1469879150390625, 22872
0.1469879150390625, 22871
0.1469879150390625, 22870
0.1469879150390625, 22869
0.14798760414123535, 22868
0.14798760414123535, 22867
0.14798760414123535, 22866
0.14798760414123535, 22865
0.14798760414123535, 22864
0.14798760414123535, 22863
0.14798760414123535, 22862
0.1489877700805664, 22861
0.1489877700805664, 22860
0.1489877700805664, 22859
0.1489877700805664, 22858
0.1489877700805664, 22857
0.1489877700805664, 22856
0.14998745918273926, 22855
0.14998745918273926, 22854
0.14998745918273926, 22853
0.15049219131469727, 22852
0.15049219131469727, 22851
0.15049219131469727, 22850
0.15049219131469727, 22849
0.15099024772644043, 22848
0.15099024772644043, 22847
0.15099024772644043, 22846
0.15099024772644043, 22845
0.15099024772644043, 22844
0.15099024772644043, 22843
0.15099024772644043, 22842
0.1519908905029297, 22841
0.1519908905029297, 22840
0.1519908905029297, 22839
0.1519908905029297, 22838
0.15298891067504883, 22837
0.15298891067504883, 22836
0.15298891067504883, 22835
0.15298891067504883, 22834
0.15298891067504883, 22833
0.15298891067504883, 22832
0.15298891067504883, 22831
0.15398716926574707, 22830
0.15398716926574707, 22829
0.15398716926574707, 22828
0.15398716926574707, 22827
0.15398716926574707, 22826
0.15398716926574707, 22825
0.15398716926574707, 22824
0.15498709678649902, 22823
0.15498709678649902, 22822
0.15498709678649902, 22821
0.15498709678649902, 22820
0.15498709678649902, 22819
0.15498709678649902, 22818
0.15498709678649902, 22817
0.15598678588867188, 22816
0.15598678588867188, 22815
0.15598678588867188, 22814
0.15598678588867188, 22813
0.15598678588867188, 22812
0.15598678588867188, 22811
0.15598678588867188, 22810
0.15598678588867188, 22809
0.15698695182800293, 22808
0.15698695182800293, 22807
0.15698695182800293, 22806
0.15698695182800293, 22805
0.15698695182800293, 22804
0.15698695182800293, 22803
0.15698695182800293, 22802
0.15798664093017578, 22801
0.15798664093017578, 22800
0.15798664093017578, 22799
0.15798664093017578, 22798
0.15798664093017578, 22797
0.15798664093017578, 22796
0.15798664093017578, 22795
0.15898656845092773, 22794
0.15898656845092773, 22793
0.15898656845092773, 22792
0.15898656845092773, 22791
0.15898656845092773, 22790
0.15898656845092773, 22789
0.15898656845092773, 22788
0.1599864959716797, 22787
0.1599864959716797, 22786
0.1599864959716797, 22785
0.1599864959716797, 22784
0.1599864959716797, 22783
0.1599864959716797, 22782
0.1599864959716797, 22781
0.1599864959716797, 22780
0.16098642349243164, 22779
0.16098642349243164, 22778
0.16098642349243164, 22777
0.16098642349243164, 22776
0.16098642349243164, 22775
0.1619892120361328, 22774
0.1619892120361328, 22773
0.1619892120361328, 22772
0.1619892120361328, 22771
0.1619892120361328, 22770
0.1619892120361328, 22769
0.1619892120361328, 22768
0.16298699378967285, 22767
0.16298699378967285, 22766
0.16298699378967285, 22765
0.16298699378967285, 22764
0.16298699378967285, 22763
0.16298699378967285, 22762
0.16298699378967285, 22761
0.1639866828918457, 22760
0.1639866828918457, 22759
0.1639866828918457, 22758
0.1639866828918457, 22757
0.1639866828918457, 22756
0.1639866828918457, 22755
0.1639866828918457, 22754
0.16498661041259766, 22753
0.16498661041259766, 22752
0.16498661041259766, 22751
0.16498661041259766, 22750
0.16498661041259766, 22749
0.16498661041259766, 22748
0.16498661041259766, 22747
0.1659867763519287, 22746
0.1659867763519287, 22745
0.1659867763519287, 22744
0.1659867763519287, 22743
0.1659867763519287, 22742
0.1659867763519287, 22741
0.1659867763519287, 22740
0.16695380210876465, 22739
0.16695380210876465, 22738
0.16695380210876465, 22737
0.16695380210876465, 22736
0.16695380210876465, 22735
0.16695380210876465, 22734
0.16695380210876465, 22733
0.16799402236938477, 22732
0.16799402236938477, 22731
0.16799402236938477, 22730
0.16799402236938477, 22729
0.16799402236938477, 22728
0.16799402236938477, 22727
0.16799402236938477, 22726
0.16899323463439941, 22725
0.16899323463439941, 22724
0.16899323463439941, 22723
0.16899323463439941, 22722
0.16899323463439941, 22721
0.16899323463439941, 22720
0.16899323463439941, 22719
0.16998863220214844, 22718
0.16998863220214844, 22717
0.16998863220214844, 22716
0.16998863220214844, 22715
0.16998863220214844, 22714
0.16998863220214844, 22713
0.16998863220214844, 22712
0.17099285125732422, 22711
0.17099285125732422, 22710
0.17099285125732422, 22709
0.17099285125732422, 22708
0.17099285125732422, 22707
0.17099285125732422, 22706
0.17099285125732422, 22705
0.17199206352233887, 22704
0.17199206352233887, 22703
0.17199206352233887, 22702
0.17199206352233887, 22701
0.17199206352233887, 22700
0.17199206352233887, 22699
0.17199206352233887, 22698
0.1729896068572998, 22697
0.1729896068572998, 22696
0.1729896068572998, 22695
0.1729896068572998, 22694
0.1729896068572998, 22693
0.1729896068572998, 22692
0.17398953437805176, 22691
0.17398953437805176, 22690
0.17398953437805176, 22689
0.17398953437805176, 22688
0.17398953437805176, 22687
0.17398953437805176, 22686
0.17398953437805176, 22685
0.1749892234802246, 22684
0.1749892234802246, 22683
0.1749892234802246, 22682
0.1749892234802246, 22681
0.1749892234802246, 22680
0.1749892234802246, 22679
0.1749892234802246, 22678
0.17598962783813477, 22677
0.17598962783813477, 22676
0.17598962783813477, 22675
0.17598962783813477, 22674
0.17598962783813477, 22673
0.17598962783813477, 22672
0.17699098587036133, 22671
0.17699098587036133, 22670
0.17699098587036133, 22669
0.17699098587036133, 22668
0.17699098587036133, 22667
0.17699098587036133, 22666
0.17699098587036133, 22665
0.17798900604248047, 22664
0.17798900604248047, 22663
0.17798900604248047, 22662
0.17798900604248047, 22661
0.17798900604248047, 22660
0.17798900604248047, 22659
0.17898797988891602, 22658
0.17898797988891602, 22657
0.17898797988891602, 22656
0.17898797988891602, 22655
0.17898797988891602, 22654
0.17898797988891602, 22653
0.17898797988891602, 22652
0.17998838424682617, 22651
0.17998838424682617, 22650
0.17998838424682617, 22649
0.17998838424682617, 22648
0.17998838424682617, 22647
0.17998838424682617, 22646
0.17998838424682617, 22645
0.18098902702331543, 22644
0.18098902702331543, 22643
0.18098902702331543, 22642
0.18098902702331543, 22641
0.18098902702331543, 22640
0.18098902702331543, 22639
0.18098902702331543, 22638
0.18198847770690918, 22637
0.18198847770690918, 22636
0.18198847770690918, 22635
0.18198847770690918, 22634
0.18198847770690918, 22633
0.18198847770690918, 22632
0.18198847770690918, 22631
0.18297624588012695, 22630
0.18297624588012695, 22629
0.18297624588012695, 22628
0.18297624588012695, 22627
0.18297624588012695, 22626
0.18297624588012695, 22625
0.18297624588012695, 22624
0.1839897632598877, 22623
0.1839897632598877, 22622
0.1839897632598877, 22621
0.1839897632598877, 22620
0.1839897632598877, 22619
0.1839897632598877, 22618
0.1839897632598877, 22617
0.18499088287353516, 22616
0.18499088287353516, 22615
0.18499088287353516, 22614
0.18499088287353516, 22613
0.18499088287353516, 22612
0.18499088287353516, 22611
0.18499088287353516, 22610
0.1859877109527588, 22609
0.1859877109527588, 22608
0.1859877109527588, 22607
0.1859877109527588, 22606
0.1859877109527588, 22605
0.1859877109527588, 22604
0.1859877109527588, 22603
0.18698573112487793, 22602
0.18698573112487793, 22601
0.18698573112487793, 22600
0.18698573112487793, 22599
0.18698573112487793, 22598
0.18698573112487793, 22597
0.18698573112487793, 22596
0.18798446655273438, 22595
0.18798446655273438, 22594
0.18798446655273438, 22593
0.18798446655273438, 22592
0.18798446655273438, 22591
0.18798446655273438, 22590
0.18798446655273438, 22589
0.18898415565490723, 22588
0.18898415565490723, 22587
0.18898415565490723, 22586
0.18943166732788086, 22585
0.18943166732788086, 22584
0.18943166732788086, 22583
0.18943166732788086, 22582
0.18998432159423828, 22581
0.18998432159423828, 22580
0.18998432159423828, 22579
0.18998432159423828, 22578
0.18998432159423828, 22577
0.18998432159423828, 22576
0.19098424911499023, 22575
0.19098424911499023, 22574
0.19098424911499023, 22573
0.19098424911499023, 22572
0.19199013710021973, 22571
0.19199013710021973, 22570
0.19199013710021973, 22569
0.19199013710021973, 22568
0.19199013710021973, 22567
0.19298505783081055, 22566
0.19298505783081055, 22565
0.19298505783081055, 22564
0.19298505783081055, 22563
0.19298505783081055, 22562
0.1939845085144043, 22561
0.1939845085144043, 22560
0.1939845085144043, 22559
0.1939845085144043, 22558
0.1939845085144043, 22557
0.19498443603515625, 22556
0.19498443603515625, 22555
0.19498443603515625, 22554
0.19498443603515625, 22553
0.19498443603515625, 22552
0.19498443603515625, 22551
0.19498443603515625, 22550
0.1959843635559082, 22549
0.1959843635559082, 22548
0.1959843635559082, 22547
0.1959843635559082, 22546
0.1959843635559082, 22545
0.1959843635559082, 22544
0.1959843635559082, 22543
0.19698429107666016, 22542
0.19698429107666016, 22541
0.19698429107666016, 22540
0.19698429107666016, 22539
0.19698429107666016, 22538
0.19698429107666016, 22537
0.19698429107666016, 22536
0.19698429107666016, 22535
0.19798612594604492, 22534
0.19798612594604492, 22533
0.19798612594604492, 22532
0.19798612594604492, 22531
0.19798612594604492, 22530
0.19798612594604492, 22529
0.19798612594604492, 22528
0.1989879608154297, 22527
0.1989879608154297, 22526
0.1989879608154297, 22525
0.19979476928710938, 22524
0.19998812675476074, 22523
0.19998812675476074, 22522
0.19998812675476074, 22521
0.19998812675476074, 22520
0.20098876953125, 22519
0.20098876953125, 22518
0.20098876953125, 22517
0.20098876953125, 22516
0.20098876953125, 22515
0.20098876953125, 22514
0.20098876953125, 22513
0.20198607444763184, 22512
0.20198607444763184, 22511
0.20198607444763184, 22510
0.20198607444763184, 22509
0.20198607444763184, 22508
0.20198607444763184, 22507
0.20198607444763184, 22506
0.20298528671264648, 22505
0.20298528671264648, 22504
0.20298528671264648, 22503
0.20298528671264648, 22502
0.20298528671264648, 22501
0.20298528671264648, 22500
0.20398640632629395, 22499
0.20398640632629395, 22498
0.20398640632629395, 22497
0.20398640632629395, 22496
0.20398640632629395, 22495
0.20398640632629395, 22494
0.20398640632629395, 22493
0.2049856185913086, 22492
0.2049856185913086, 22491
0.2049856185913086, 22490
0.2049856185913086, 22489
0.2049856185913086, 22488
0.2049856185913086, 22487
0.20598554611206055, 22486
0.20598554611206055, 22485
0.20598554611206055, 22484
0.20598554611206055, 22483
0.20598554611206055, 22482
0.20598554611206055, 22481
0.20598554611206055, 22480
0.2069854736328125, 22479
0.2069854736328125, 22478
0.2069854736328125, 22477
0.2069854736328125, 22476
0.2069854736328125, 22475
0.2069854736328125, 22474
0.2069854736328125, 22473
0.20798635482788086, 22472
0.20798635482788086, 22471
0.20798635482788086, 22470
0.20798635482788086, 22469
0.20798635482788086, 22468
0.20798635482788086, 22467
0.2089860439300537, 22466
0.2089860439300537, 22465
0.2089860439300537, 22464
0.2089860439300537, 22463
0.2089860439300537, 22462
0.2089860439300537, 22461
0.2089860439300537, 22460
0.20998644828796387, 22459
0.20998644828796387, 22458
0.20998644828796387, 22457
0.20998644828796387, 22456
0.20998644828796387, 22455
0.20998644828796387, 22454
0.20998644828796387, 22453
0.21098661422729492, 22452
0.21098661422729492, 22451
0.21098661422729492, 22450
0.21098661422729492, 22449
0.21098661422729492, 22448
0.21098661422729492, 22447
0.21098661422729492, 22446
0.21198606491088867, 22445
0.21198606491088867, 22444
0.21198606491088867, 22443
0.21198606491088867, 22442
0.21198606491088867, 22441
0.21198606491088867, 22440
0.2129805088043213, 22439
0.21303534507751465, 22438
0.21303534507751465, 22437
0.21303534507751465, 22436
0.21303534507751465, 22435
0.21303534507751465, 22434
0.21303534507751465, 22433
0.21399140357971191, 22432
0.21399140357971191, 22431
0.21399140357971191, 22430
0.21399140357971191, 22429
0.21399140357971191, 22428
0.21399140357971191, 22427
0.21399140357971191, 22426
0.21499276161193848, 22425
0.21499276161193848, 22424
0.21499276161193848, 22423
0.21499276161193848, 22422
0.21499276161193848, 22421
0.21499276161193848, 22420
0.21599268913269043, 22419
0.21599268913269043, 22418
0.21599268913269043, 22417
0.21599268913269043, 22416
0.21599268913269043, 22415
0.21599268913269043, 22414
0.21599268913269043, 22413
0.2169954776763916, 22412
0.2169954776763916, 22411
0.2169954776763916, 22410
0.2169954776763916, 22409
0.2169954776763916, 22408
0.2169954776763916, 22407
0.2169954776763916, 22406
0.21799039840698242, 22405
0.21799039840698242, 22404
0.21799039840698242, 22403
0.21799039840698242, 22402
0.21799039840698242, 22401
0.21799039840698242, 22400
0.21799039840698242, 22399
0.21898984909057617, 22398
0.21898984909057617, 22397
0.21898984909057617, 22396
0.21898984909057617, 22395
0.21898984909057617, 22394
0.21898984909057617, 22393
0.21998977661132812, 22392
0.21998977661132812, 22391
0.21998977661132812, 22390
0.21998977661132812, 22389
0.4970400333404541, 22388
0.4970400333404541, 22387
0.4970400333404541, 22386
0.4970400333404541, 22385
0.4970400333404541, 22384
0.4970400333404541, 22383
0.49804019927978516, 22382
0.49804019927978516, 22381
0.49804019927978516, 22380
0.49804019927978516, 22379
0.49804019927978516, 22378
0.49804019927978516, 22377
0.49804019927978516, 22376
0.4990403652191162, 22375
0.4990403652191162, 22374
0.4990403652191162, 22373
0.4990403652191162, 22372
0.4990403652191162, 22371
0.4990403652191162, 22370
0.4990403652191162, 22369
0.5000402927398682, 22368
0.5000402927398682, 22367
0.5000402927398682, 22366
0.5000402927398682, 22365
0.5000402927398682, 22364
0.5000402927398682, 22363
0.5000402927398682, 22362
0.501039981842041, 22361
0.501039981842041, 22360
0.501039981842041, 22359
0.501039981842041, 22358
0.501039981842041, 22357
0.501039981842041, 22356
0.501039981842041, 22355
0.5020401477813721, 22354
0.5021042823791504, 22353
0.5021042823791504, 22352
0.5021042823791504, 22351
0.5021042823791504, 22350
0.5030434131622314, 22349
0.5030434131622314, 22348
0.5030434131622314, 22347
0.5030434131622314, 22346
0.5030434131622314, 22345
0.5030434131622314, 22344
0.5040426254272461, 22343
0.5040426254272461, 22342
0.5040426254272461, 22341
0.5040426254272461, 22340
0.5040426254272461, 22339
0.5040426254272461, 22338
0.5040426254272461, 22337
0.5050437450408936, 22336
0.5050437450408936, 22335
0.5050437450408936, 22334
0.5050437450408936, 22333
0.5050437450408936, 22332
0.5050437450408936, 22331
0.5050437450408936, 22330
0.5060427188873291, 22329
0.5060427188873291, 22328
0.5060427188873291, 22327
0.5060427188873291, 22326
0.5060427188873291, 22325
0.5060427188873291, 22324
0.5060427188873291, 22323
0.5070431232452393, 22322
0.5070431232452393, 22321
0.5070431232452393, 22320
0.5070431232452393, 22319
0.5070431232452393, 22318
0.5070431232452393, 22317
0.5070431232452393, 22316
0.5080420970916748, 22315
0.5080420970916748, 22314
0.5080420970916748, 22313
0.5080420970916748, 22312
0.5080420970916748, 22311
0.5080420970916748, 22310
0.5080420970916748, 22309
0.5090415477752686, 22308
0.5090415477752686, 22307
0.5090415477752686, 22306
0.5090415477752686, 22305
0.5090415477752686, 22304
0.5090415477752686, 22303
0.5090415477752686, 22302
0.5100419521331787, 22301
0.5100419521331787, 22300
0.5100419521331787, 22299
0.5100419521331787, 22298
0.5100419521331787, 22297
0.5100419521331787, 22296
0.5100419521331787, 22295
0.5100419521331787, 22294
0.5110428333282471, 22293
0.5110428333282471, 22292
0.5110428333282471, 22291
0.5110428333282471, 22290
0.5110428333282471, 22289
0.5110428333282471, 22288
0.5110428333282471, 22287
0.5120415687561035, 22286
0.5120415687561035, 22285
0.5120415687561035, 22284
0.5120415687561035, 22283
0.5120415687561035, 22282
0.5120415687561035, 22281
0.5120415687561035, 22280
0.5130434036254883, 22279
0.5130434036254883, 22278
0.5130434036254883, 22277
0.5130434036254883, 22276
0.5130434036254883, 22275
0.5130434036254883, 22274
0.5130434036254883, 22273
0.5140433311462402, 22272
0.5140433311462402, 22271
0.5140433311462402, 22270
0.5140433311462402, 22269
0.5140433311462402, 22268
0.5140433311462402, 22267
0.5150423049926758, 22266
0.5150423049926758, 22265
0.5150423049926758, 22264
0.5150423049926758, 22263
0.5150423049926758, 22262
0.5150423049926758, 22261
0.5150423049926758, 22260
0.5160417556762695, 22259
0.5160417556762695, 22258
0.5160417556762695, 22257
0.5164785385131836, 22256
0.5164785385131836, 22255
0.5164785385131836, 22254
0.5164785385131836, 22253
0.5170421600341797, 22252
0.5170421600341797, 22251
0.5170421600341797, 22250
0.5170421600341797, 22249
0.5170421600341797, 22248
0.5170421600341797, 22247
0.5170421600341797, 22246
0.5181057453155518, 22245
0.5181057453155518, 22244
0.5181057453155518, 22243
0.5181057453155518, 22242
0.5181057453155518, 22241
0.5181057453155518, 22240
0.5190417766571045, 22239
0.5190417766571045, 22238
0.5190417766571045, 22237
0.5190417766571045, 22236
0.5190417766571045, 22235
0.5190417766571045, 22234
0.5190417766571045, 22233
0.5200421810150146, 22232
0.5200421810150146, 22231
0.5200421810150146, 22230
0.5200421810150146, 22229
0.5206601619720459, 22228
0.5206601619720459, 22227
0.5210468769073486, 22226
0.5210468769073486, 22225
0.5210468769073486, 22224
0.5210468769073486, 22223
0.5210468769073486, 22222
0.5210468769073486, 22221
0.5210468769073486, 22220
0.5220437049865723, 22219
0.5220437049865723, 22218
0.5220437049865723, 22217
0.5220437049865723, 22216
0.5220437049865723, 22215
0.5220437049865723, 22214
0.5220437049865723, 22213
0.5230414867401123, 22212
0.5230414867401123, 22211
0.5230414867401123, 22210
0.5230414867401123, 22209
0.5230414867401123, 22208
0.5230414867401123, 22207
0.5240416526794434, 22206
0.5240416526794434, 22205
0.5240416526794434, 22204
0.5240416526794434, 22203
0.5240416526794434, 22202
0.5240416526794434, 22201
0.5250418186187744, 22200
0.5250418186187744, 22199
0.5250418186187744, 22198
0.5250418186187744, 22197
0.5250418186187744, 22196
0.5250418186187744, 22195
0.5250418186187744, 22194
0.5260415077209473, 22193
0.5260415077209473, 22192
0.5260415077209473, 22191
0.5260415077209473, 22190
0.5260415077209473, 22189
0.5260415077209473, 22188
0.5260415077209473, 22187
0.5270414352416992, 22186
0.5270414352416992, 22185
0.5270414352416992, 22184
0.5270414352416992, 22183
0.5270414352416992, 22182
0.5270414352416992, 22181
0.5270414352416992, 22180
0.5280411243438721, 22179
0.5280411243438721, 22178
0.5280411243438721, 22177
0.5280411243438721, 22176
0.5280411243438721, 22175
0.5280411243438721, 22174
0.5280411243438721, 22173
0.5290417671203613, 22172
0.5290417671203613, 22171
0.5290417671203613, 22170
0.5290417671203613, 22169
0.5290417671203613, 22168
0.5290417671203613, 22167
0.5290417671203613, 22166
0.5300414562225342, 22165
0.5300414562225342, 22164
0.5300414562225342, 22163
0.5300414562225342, 22162
0.5300414562225342, 22161
0.5300414562225342, 22160
0.5310418605804443, 22159
0.5310418605804443, 22158
0.5310418605804443, 22157
0.5310418605804443, 22156
0.5310418605804443, 22155
0.5310418605804443, 22154
0.5310418605804443, 22153
0.5320422649383545, 22152
0.5320422649383545, 22151
0.5320422649383545, 22150
0.5320422649383545, 22149
0.5320422649383545, 22148
0.5320422649383545, 22147
0.5329627990722656, 22146
0.5329627990722656, 22145
0.5329627990722656, 22144
0.5329627990722656, 22143
0.5329627990722656, 22142
0.5329627990722656, 22141
0.5329627990722656, 22140
0.5339698791503906, 22139
0.5339698791503906, 22138
0.5339698791503906, 22137
0.5339698791503906, 22136
0.5339698791503906, 22135
0.534970760345459, 22134
0.534970760345459, 22133
0.534970760345459, 22132
0.534970760345459, 22131
0.534970760345459, 22130
0.5359711647033691, 22129
0.5359711647033691, 22128
0.5359711647033691, 22127
0.5359711647033691, 22126
0.5359711647033691, 22125
0.5359711647033691, 22124
0.5359711647033691, 22123
0.536968469619751, 22122
0.536968469619751, 22121
0.536968469619751, 22120
0.536968469619751, 22119
0.536968469619751, 22118
0.536968469619751, 22117
0.536968469619751, 22116
0.5379683971405029, 22115
0.5379683971405029, 22114
0.5379683971405029, 22113
0.5379683971405029, 22112
0.5379683971405029, 22111
0.5379683971405029, 22110
0.5379683971405029, 22109
0.5389683246612549, 22108
0.5389683246612549, 22107
0.5389683246612549, 22106
0.5389683246612549, 22105
0.5389683246612549, 22104
0.5389683246612549, 22103
0.5389683246612549, 22102
0.5399682521820068, 22101
0.5399682521820068, 22100
0.5399682521820068, 22099
0.5399682521820068, 22098
0.5399682521820068, 22097
0.5399682521820068, 22096
0.5399682521820068, 22095
0.5409681797027588, 22094
0.5409681797027588, 22093
0.5409681797027588, 22092
0.5409681797027588, 22091
0.5409681797027588, 22090
0.5409681797027588, 22089
0.5409681797027588, 22088
0.5419683456420898, 22087
0.5419683456420898, 22086
0.5419683456420898, 22085
0.5419683456420898, 22084
0.5419683456420898, 22083
0.5419683456420898, 22082
0.5419683456420898, 22081
0.543032169342041, 22080
0.543032169342041, 22079
0.543032169342041, 22078
0.543032169342041, 22077
0.9940118789672852, 16470
0.9940118789672852, 16469
0.9940118789672852, 16468
0.9949226379394531, 16467
0.9949226379394531, 16466
0.9949226379394531, 16465
0.9949226379394531, 16464
0.9959230422973633, 16463
0.9959230422973633, 16462
0.9959230422973633, 16461
0.9959230422973633, 16460
0.9969222545623779, 16459
0.9969222545623779, 16458
0.9969222545623779, 16457
0.9979238510131836, 16456
0.9979238510131836, 16455
0.9979238510131836, 16454
0.9979238510131836, 16453
0.9989240169525146, 16452
0.9989240169525146, 16451
0.9989240169525146, 16450
0.9989240169525146, 16449
0.9989240169525146, 16448
0.9999253749847412, 16447
0.9999253749847412, 16446
0.9999253749847412, 16445
1.000924825668335, 16444
1.000924825668335, 16443
1.000924825668335, 16442
1.0019257068634033, 16441
1.0019257068634033, 16440
1.0019257068634033, 16439
1.0029256343841553, 16438
1.0029256343841553, 16437
1.0029256343841553, 16436
1.0029256343841553, 16435
1.0039238929748535, 16434
1.0039238929748535, 16433
1.0039238929748535, 16432
1.0039238929748535, 16431
1.0049235820770264, 16430
1.0049235820770264, 16429
1.0049235820770264, 16428
1.0049235820770264, 16427
1.0049235820770264, 16426
1.0059232711791992, 16425
1.0059232711791992, 16424
1.0059232711791992, 16423
1.0059232711791992, 16422
1.0059232711791992, 16421
5.542543172836304, 16420
5.542543172836304, 16419
5.543050050735474, 16418
5.543050050735474, 16417
5.543050050735474, 16416
5.543050050735474, 16415
8.256971836090088, 16414
8.256971836090088, 16413
8.257972240447998, 16412
8.257972240447998, 16411
8.257972240447998, 16410
8.257972240447998, 16409
8.257972240447998, 16408
8.257972240447998, 16407
8.257972240447998, 16406
8.25897216796875, 16405
8.25897216796875, 16404
8.25897216796875, 16403
8.259483575820923, 16402
8.259483575820923, 16401
8.259483575820923, 16400
8.259972333908081, 16399
8.259972333908081, 16398
8.260363340377808, 16397
8.260363340377808, 16396
8.260363340377808, 16395
8.260363340377808, 16394
8.260972261428833, 16393
8.260972261428833, 16392
8.260972261428833, 16391
8.260972261428833, 16390
8.260972261428833, 16389
8.260972261428833, 16388
8.261972188949585, 16387
8.261972188949585, 16386
8.262274026870728, 16385
8.262274026870728, 16384
8.262779474258423, 16383
8.262779474258423, 16382
8.262779474258423, 16381
8.262779474258423, 16380
8.262779474258423, 16379
8.262779474258423, 16378
8.262779474258423, 16377
8.263790369033813, 16376
8.263790369033813, 16375
8.263790369033813, 16374
8.263790369033813, 16373
8.263790369033813, 16372
8.263790369033813, 16371
8.26479196548462, 16370
8.26479196548462, 16369
8.26479196548462, 16368
8.26479196548462, 16367
8.26479196548462, 16366
8.26479196548462, 16365
8.265790462493896, 16364
8.265790462493896, 16363
8.265790462493896, 16362
8.265790462493896, 16361
8.265790462493896, 16360
8.265790462493896, 16359
8.26679015159607, 16358
8.26679015159607, 16357
8.26679015159607, 16356
8.26679015159607, 16355
8.26679015159607, 16354
8.26679015159607, 16353
8.2677903175354, 16352
8.2677903175354, 16351
8.2677903175354, 16350
8.2677903175354, 16349
8.2677903175354, 16348
8.2677903175354, 16347
8.268790006637573, 16346
