0.12086820602416992, 22905
0.12186527252197266, 22904
0.12186527252197266, 22903
0.12186527252197266, 22902
0.12186527252197266, 22901
0.12186527252197266, 22900
0.12186527252197266, 22899
0.12286520004272461, 22898
0.12286520004272461, 22897
0.12286520004272461, 22896
0.12286520004272461, 22895
0.12286520004272461, 22894
0.12286520004272461, 22893
0.12286520004272461, 22892
0.12386417388916016, 22891
0.12386417388916016, 22890
0.12386417388916016, 22889
0.12386417388916016, 22888
0.12386417388916016, 22887
0.12386417388916016, 22886
0.12386417388916016, 22885
0.12486505508422852, 22884
0.12486505508422852, 22883
0.12486505508422852, 22882
0.12486505508422852, 22881
0.12486505508422852, 22880
0.12486505508422852, 22879
0.12486505508422852, 22878
0.12486505508422852, 22877
0.12586522102355957, 22876
0.12586522102355957, 22875
0.12586522102355957, 22874
0.12586522102355957, 22873
0.12586522102355957, 22872
0.12586522102355957, 22871
0.12586522102355957, 22870
0.12686491012573242, 22869
0.12686491012573242, 22868
0.12686491012573242, 22867
0.12686491012573242, 22866
0.12686491012573242, 22865
0.12686491012573242, 22864
0.12686491012573242, 22863
0.12786483764648438, 22862
0.12786483764648438, 22861
0.12786483764648438, 22860
0.12786483764648438, 22859
0.12786483764648438, 22858
0.12786483764648438, 22857
0.12786483764648438, 22856
0.12786483764648438, 22855
0.12886452674865723, 22854
0.12886452674865723, 22853
0.12886452674865723, 22852
0.12886452674865723, 22851
0.12886452674865723, 22850
0.12886452674865723, 22849
0.12886452674865723, 22848
0.12986397743225098, 22847
0.12986397743225098, 22846
0.12986397743225098, 22845
0.12986397743225098, 22844
0.12986397743225098, 22843
0.12986397743225098, 22842
0.12986397743225098, 22841
0.13086509704589844, 22840
0.13086509704589844, 22839
0.13086509704589844, 22838
0.13086509704589844, 22837
0.13086509704589844, 22836
0.13086509704589844, 22835
0.13086509704589844, 22834
0.13186430931091309, 22833
0.13186430931091309, 22832
0.13186430931091309, 22831
0.13186430931091309, 22830
0.13186430931091309, 22829
0.13186430931091309, 22828
0.13186430931091309, 22827
0.13186430931091309, 22826
0.13286566734313965, 22825
0.13286566734313965, 22824
0.13286566734313965, 22823
0.13286566734313965, 22822
0.13286566734313965, 22821
0.13286566734313965, 22820
0.13286566734313965, 22819
0.1338646411895752, 22818
0.1338646411895752, 22817
0.1338646411895752, 22816
0.1338646411895752, 22815
0.1338646411895752, 22814
0.1338646411895752, 22813
0.1338646411895752, 22812
0.13486599922180176, 22811
0.13486599922180176, 22810
0.13486599922180176, 22809
0.13486599922180176, 22808
0.13486599922180176, 22807
0.13486599922180176, 22806
0.13486599922180176, 22805
0.13586854934692383, 22804
0.13586854934692383, 22803
0.13586854934692383, 22802
0.13586854934692383, 22801
0.13586854934692383, 22800
0.13586854934692383, 22799
0.13686609268188477, 22798
0.13686609268188477, 22797
0.13686609268188477, 22796
0.13686609268188477, 22795
0.13686609268188477, 22794
0.13686609268188477, 22793
0.13686609268188477, 22792
0.1378645896911621, 22791
0.1378645896911621, 22790
0.1378645896911621, 22789
0.1378645896911621, 22788
0.1378645896911621, 22787
0.1378645896911621, 22786
0.1378645896911621, 22785
0.13886451721191406, 22784
0.13886451721191406, 22783
0.13886451721191406, 22782
0.13886451721191406, 22781
0.13886451721191406, 22780
0.13886451721191406, 22779
0.13886451721191406, 22778
0.13986444473266602, 22777
0.13986444473266602, 22776
0.13986444473266602, 22775
0.13986444473266602, 22774
0.13986444473266602, 22773
0.13986444473266602, 22772
0.13986444473266602, 22771
0.14086484909057617, 22770
0.14086484909057617, 22769
0.14086484909057617, 22768
0.14086484909057617, 22767
0.14086484909057617, 22766
0.14086484909057617, 22765
0.14086484909057617, 22764
0.14186429977416992, 22763
0.14186429977416992, 22762
0.14186429977416992, 22761
0.14186429977416992, 22760
0.14186429977416992, 22759
0.14186429977416992, 22758
0.14186429977416992, 22757
0.14286446571350098, 22756
0.14286446571350098, 22755
0.14286446571350098, 22754
0.14286446571350098, 22753
0.14286446571350098, 22752
0.14286446571350098, 22751
0.14386463165283203, 22750
0.14386463165283203, 22749
0.14386463165283203, 22748
0.14386463165283203, 22747
0.14386463165283203, 22746
0.14386463165283203, 22745
0.14386463165283203, 22744
0.14486432075500488, 22743
0.14486432075500488, 22742
0.14486432075500488, 22741
0.14486432075500488, 22740
0.14486432075500488, 22739
0.14486432075500488, 22738
0.14486432075500488, 22737
0.1458885669708252, 22736
0.1458885669708252, 22735
0.1458885669708252, 22734
0.1458885669708252, 22733
0.1458885669708252, 22732
0.1458885669708252, 22731
0.1458885669708252, 22730
0.14688825607299805, 22729
0.14688825607299805, 22728
0.14688825607299805, 22727
0.14688825607299805, 22726
0.14688825607299805, 22725
0.14688825607299805, 22724
0.14688825607299805, 22723
0.1478879451751709, 22722
0.1478879451751709, 22721
0.1478879451751709, 22720
0.1478879451751709, 22719
0.1478879451751709, 22718
0.1478879451751709, 22717
0.14888834953308105, 22716
0.14888834953308105, 22715
0.14888834953308105, 22714
0.14888834953308105, 22713
0.14888834953308105, 22712
0.14888834953308105, 22711
0.14888834953308105, 22710
0.149888277053833, 22709
0.149888277053833, 22708
0.149888277053833, 22707
0.149888277053833, 22706
0.149888277053833, 22705
0.149888277053833, 22704
0.149888277053833, 22703
0.15088868141174316, 22702
0.15088868141174316, 22701
0.15088868141174316, 22700
0.15088868141174316, 22699
0.15088868141174316, 22698
0.15088868141174316, 22697
0.15088868141174316, 22696
0.15189409255981445, 22695
0.15189409255981445, 22694
0.15189409255981445, 22693
0.15189409255981445, 22692
0.15289068222045898, 22691
0.15289068222045898, 22690
0.15289068222045898, 22689
0.15289068222045898, 22688
0.15289068222045898, 22687
0.15388798713684082, 22686
0.15388798713684082, 22685
0.15388798713684082, 22684
0.15388798713684082, 22683
0.15388798713684082, 22682
0.15388798713684082, 22681
0.15488719940185547, 22680
0.15499329566955566, 22679
0.15499329566955566, 22678
0.15499329566955566, 22677
0.15499329566955566, 22676
0.15499329566955566, 22675
0.15499329566955566, 22674
0.15499329566955566, 22673
0.15599918365478516, 22672
0.15599918365478516, 22671
0.15599918365478516, 22670
0.15599918365478516, 22669
0.15599918365478516, 22668
0.15599918365478516, 22667
0.15599918365478516, 22666
0.156998872756958, 22665
0.156998872756958, 22664
0.156998872756958, 22663
0.156998872756958, 22662
0.156998872756958, 22661
0.156998872756958, 22660
0.156998872756958, 22659
0.15799880027770996, 22658
0.15799880027770996, 22657
0.15799880027770996, 22656
0.15799880027770996, 22655
0.15799880027770996, 22654
0.15799880027770996, 22653
0.15899872779846191, 22652
0.15899872779846191, 22651
0.15899872779846191, 22650
0.15899872779846191, 22649
0.15899872779846191, 22648
0.15899872779846191, 22647
0.15899872779846191, 22646
0.15999913215637207, 22645
0.15999913215637207, 22644
0.15999913215637207, 22643
0.15999913215637207, 22642
0.15999913215637207, 22641
0.15999913215637207, 22640
0.15999913215637207, 22639
0.16099905967712402, 22638
0.16099905967712402, 22637
0.16099905967712402, 22636
0.16148710250854492, 22635
0.16148710250854492, 22634
0.16148710250854492, 22633
0.16199898719787598, 22632
0.16199898719787598, 22631
0.16199898719787598, 22630
0.16199898719787598, 22629
0.16199898719787598, 22628
0.16199898719787598, 22627
0.16299891471862793, 22626
0.16299891471862793, 22625
0.16299891471862793, 22624
0.16299891471862793, 22623
0.16299891471862793, 22622
0.16299891471862793, 22621
0.16299891471862793, 22620
0.16399908065795898, 22619
0.16408228874206543, 22618
0.16408228874206543, 22617
0.16408228874206543, 22616
0.16408228874206543, 22615
0.16408228874206543, 22614
0.16408228874206543, 22613
0.16499900817871094, 22612
0.16499900817871094, 22611
0.16499900817871094, 22610
0.16499900817871094, 22609
0.16499900817871094, 22608
0.16499900817871094, 22607
0.16499900817871094, 22606
0.1659989356994629, 22605
0.1659989356994629, 22604
0.1659989356994629, 22603
0.1659989356994629, 22602
0.1659989356994629, 22601
0.1659989356994629, 22600
0.1659989356994629, 22599
0.16699886322021484, 22598
0.16699886322021484, 22597
0.16699886322021484, 22596
0.16699886322021484, 22595
0.16699886322021484, 22594
0.16699886322021484, 22593
0.1680011749267578, 22592
0.1680011749267578, 22591
0.1680011749267578, 22590
0.1680011749267578, 22589
0.1680011749267578, 22588
0.1680011749267578, 22587
0.16900372505187988, 22586
0.16900372505187988, 22585
0.16900372505187988, 22584
0.16900372505187988, 22583
0.16900372505187988, 22582
0.16900372505187988, 22581
0.17000150680541992, 22580
0.17000150680541992, 22579
0.17000150680541992, 22578
0.17000150680541992, 22577
0.17000150680541992, 22576
0.17000150680541992, 22575
0.17000150680541992, 22574
0.17100167274475098, 22573
0.17100167274475098, 22572
0.17100167274475098, 22571
0.17100167274475098, 22570
0.17100167274475098, 22569
0.17100167274475098, 22568
0.17100167274475098, 22567
0.17200279235839844, 22566
0.17200279235839844, 22565
0.17200279235839844, 22564
0.17200279235839844, 22563
0.17200279235839844, 22562
0.17200279235839844, 22561
0.17200279235839844, 22560
0.17300081253051758, 22559
0.17300081253051758, 22558
0.17300081253051758, 22557
0.17300081253051758, 22556
0.17300081253051758, 22555
0.17300081253051758, 22554
0.17400097846984863, 22553
0.17400097846984863, 22552
0.17400097846984863, 22551
0.17400097846984863, 22550
0.17400097846984863, 22549
0.17400097846984863, 22548
0.17400097846984863, 22547
0.17496871948242188, 22546
0.17496871948242188, 22545
0.17496871948242188, 22544
0.17496871948242188, 22543
0.3039276599884033, 22542
0.3039276599884033, 22541
0.3039276599884033, 22540
0.3039276599884033, 22539
0.3039276599884033, 22538
0.3049275875091553, 22537
0.30504560470581055, 22536
0.30504560470581055, 22535
0.30504560470581055, 22534
0.30504560470581055, 22533
0.30504560470581055, 22532
0.30504560470581055, 22531
0.30504560470581055, 22530
0.30504560470581055, 22529
0.3060455322265625, 22528
0.3060455322265625, 22527
0.3060455322265625, 22526
0.3060455322265625, 22525
0.3060455322265625, 22524
0.3060455322265625, 22523
0.3060455322265625, 22522
0.30704498291015625, 22521
0.30704498291015625, 22520
0.30704498291015625, 22519
0.30704498291015625, 22518
0.30704498291015625, 22517
0.30704498291015625, 22516
0.30704498291015625, 22515
0.3080451488494873, 22514
0.3080451488494873, 22513
0.3080451488494873, 22512
0.3080451488494873, 22511
0.3080451488494873, 22510
0.3080451488494873, 22509
0.3080451488494873, 22508
0.3080451488494873, 22507
0.30904555320739746, 22506
0.30904555320739746, 22505
0.30904555320739746, 22504
0.30904555320739746, 22503
0.30904555320739746, 22502
0.30904555320739746, 22501
0.30904555320739746, 22500
0.31009817123413086, 22499
0.3101980686187744, 22498
0.3101980686187744, 22497
0.3101980686187744, 22496
0.3101980686187744, 22495
0.3110511302947998, 22494
0.3110511302947998, 22493
0.3110511302947998, 22492
0.3110511302947998, 22491
0.31204795837402344, 22490
0.31204795837402344, 22489
0.31204795837402344, 22488
0.31204795837402344, 22487
0.3130488395690918, 22486
0.3130488395690918, 22485
0.3130488395690918, 22484
0.3130488395690918, 22483
0.3130488395690918, 22482
0.31404733657836914, 22481
0.31404733657836914, 22480
0.31404733657836914, 22479
0.31404733657836914, 22478
0.3150479793548584, 22477
0.3150479793548584, 22476
0.3150479793548584, 22475
0.3150479793548584, 22474
0.3150479793548584, 22473
0.3150479793548584, 22472
0.3150479793548584, 22471
0.3150479793548584, 22470
0.31608152389526367, 22469
0.31608152389526367, 22468
0.31608152389526367, 22467
0.31608152389526367, 22466
0.31608152389526367, 22465
0.31608152389526367, 22464
0.31608152389526367, 22463
0.31708264350891113, 22462
0.31708264350891113, 22461
0.3173384666442871, 22460
0.3173384666442871, 22459
0.3173384666442871, 22458
0.3173384666442871, 22457
0.3173384666442871, 22456
0.3180809020996094, 22455
0.3180809020996094, 22454
0.3180809020996094, 22453
0.3180809020996094, 22452
0.3180809020996094, 22451
0.3180809020996094, 22450
0.3180809020996094, 22449
0.3190805912017822, 22448
0.3190805912017822, 22447
0.3190805912017822, 22446
0.3190805912017822, 22445
0.3190805912017822, 22444
0.3190805912017822, 22443
0.3190805912017822, 22442
0.3190805912017822, 22441
0.3200809955596924, 22440
0.3200809955596924, 22439
0.3200809955596924, 22438
0.3200809955596924, 22437
0.3200809955596924, 22436
0.3200809955596924, 22435
0.3200809955596924, 22434
0.32108163833618164, 22433
0.32108163833618164, 22432
0.32108163833618164, 22431
0.32108163833618164, 22430
0.32108163833618164, 22429
0.32108163833618164, 22428
0.32108163833618164, 22427
0.3220808506011963, 22426
0.3220808506011963, 22425
0.3220808506011963, 22424
0.3220808506011963, 22423
0.3220808506011963, 22422
0.3220808506011963, 22421
0.32308053970336914, 22420
0.32308053970336914, 22419
0.32308053970336914, 22418
0.32347631454467773, 22417
0.32347631454467773, 22416
0.32347631454467773, 22415
0.32347631454467773, 22414
0.3240814208984375, 22413
0.3240814208984375, 22412
0.3240814208984375, 22411
0.3240814208984375, 22410
0.3240814208984375, 22409
0.3240814208984375, 22408
0.3249537944793701, 22407
0.3250102996826172, 22406
0.3250102996826172, 22405
0.3250102996826172, 22404
0.3250102996826172, 22403
0.3250102996826172, 22402
0.3250102996826172, 22401
0.32596468925476074, 22400
0.32596468925476074, 22399
0.32596468925476074, 22398
0.32596468925476074, 22397
0.32596468925476074, 22396
0.32596468925476074, 22395
0.3269648551940918, 22394
0.3269648551940918, 22393
0.3269648551940918, 22392
0.3269648551940918, 22391
0.3269648551940918, 22390
0.3269648551940918, 22389
0.3269648551940918, 22388
0.32796573638916016, 22387
0.32796573638916016, 22386
0.32796573638916016, 22385
0.32796573638916016, 22384
0.32796573638916016, 22383
0.32796573638916016, 22382
0.3289656639099121, 22381
0.3289656639099121, 22380
0.3289656639099121, 22379
0.3289656639099121, 22378
0.3289656639099121, 22377
0.3289656639099121, 22376
0.3289656639099121, 22375
0.32996606826782227, 22374
0.32996606826782227, 22373
0.32996606826782227, 22372
0.32996606826782227, 22371
0.32996606826782227, 22370
0.32996606826782227, 22369
0.32996606826782227, 22368
0.3309643268585205, 22367
0.3309643268585205, 22366
0.3309643268585205, 22365
0.3309643268585205, 22364
0.3309643268585205, 22363
0.3309643268585205, 22362
0.3309643268585205, 22361
0.33196234703063965, 22360
0.33196234703063965, 22359
0.33196234703063965, 22358
0.33196234703063965, 22357
0.33196234703063965, 22356
0.33196234703063965, 22355
0.33196234703063965, 22354
0.3329637050628662, 22353
0.3329637050628662, 22352
0.3329637050628662, 22351
0.3329637050628662, 22350
0.3329637050628662, 22349
0.3329637050628662, 22348
0.3329637050628662, 22347
0.33396315574645996, 22346
0.33396315574645996, 22345
0.33396315574645996, 22344
0.33396315574645996, 22343
0.33396315574645996, 22342
0.33396315574645996, 22341
0.33396315574645996, 22340
0.3350212574005127, 22339
0.3350212574005127, 22338
0.3350212574005127, 22337
0.3350212574005127, 22336
0.3350212574005127, 22335
0.3350212574005127, 22334
0.3350212574005127, 22333
0.33597350120544434, 22332
0.33597350120544434, 22331
0.33597350120544434, 22330
0.33597350120544434, 22329
0.33597350120544434, 22328
0.33597350120544434, 22327
0.3369755744934082, 22326
0.3369755744934082, 22325
0.3369755744934082, 22324
0.3369755744934082, 22323
0.3369755744934082, 22322
0.3369755744934082, 22321
0.3369755744934082, 22320
0.44676661491394043, 22319
0.44676661491394043, 22318
0.44676661491394043, 22317
0.44676661491394043, 22316
0.44676661491394043, 22315
0.44676661491394043, 22314
0.4477663040161133, 22313
0.4477663040161133, 22312
0.4477663040161133, 22311
0.4477663040161133, 22310
0.4477663040161133, 22309
0.4477663040161133, 22308
0.4477663040161133, 22307
0.44876646995544434, 22306
0.44876646995544434, 22305
0.44876646995544434, 22304
0.44876646995544434, 22303
0.44876646995544434, 22302
0.44876646995544434, 22301
0.44876646995544434, 22300
0.44876646995544434, 22299
0.4497661590576172, 22298
0.4497661590576172, 22297
0.4497661590576172, 22296
0.4497661590576172, 22295
0.4497661590576172, 22294
0.4497661590576172, 22293
0.4497661590576172, 22292
0.4508178234100342, 22291
0.4508178234100342, 22290
0.4508178234100342, 22289
0.4508178234100342, 22288
0.4508178234100342, 22287
0.4508178234100342, 22286
0.4508178234100342, 22285
0.4517674446105957, 22284
0.4517674446105957, 22283
0.4517674446105957, 22282
0.4517674446105957, 22281
0.4517674446105957, 22280
0.4517674446105957, 22279
0.4517674446105957, 22278
0.45276713371276855, 22277
0.45276713371276855, 22276
0.45276713371276855, 22275
0.45276713371276855, 22274
0.45276713371276855, 22273
0.45276713371276855, 22272
0.45276713371276855, 22271
0.4537665843963623, 22270
0.4537665843963623, 22269
0.4537665843963623, 22268
0.4537665843963623, 22267
0.4537665843963623, 22266
0.4537665843963623, 22265
0.4537665843963623, 22264
0.4547691345214844, 22263
0.4547691345214844, 22262
0.4547691345214844, 22261
0.4547691345214844, 22260
0.4547691345214844, 22259
0.4547691345214844, 22258
0.4547691345214844, 22257
0.45577144622802734, 22256
0.45577144622802734, 22255
0.45577144622802734, 22254
0.45577144622802734, 22253
0.45577144622802734, 22252
0.45577144622802734, 22251
0.45577144622802734, 22250
0.45577144622802734, 22249
0.4567685127258301, 22248
0.4567685127258301, 22247
0.4567685127258301, 22246
0.4567685127258301, 22245
0.4567685127258301, 22244
0.4567685127258301, 22243
0.4567685127258301, 22242
0.4577674865722656, 22241
0.4577674865722656, 22240
0.4577674865722656, 22239
0.4577674865722656, 22238
0.4577674865722656, 22237
0.4577674865722656, 22236
0.4577674865722656, 22235
0.4587666988372803, 22234
0.4587666988372803, 22233
0.4587666988372803, 22232
0.4587666988372803, 22231
0.4587666988372803, 22230
0.4587666988372803, 22229
0.4587666988372803, 22228
0.4597663879394531, 22227
0.4597663879394531, 22226
0.4597663879394531, 22225
0.4597663879394531, 22224
0.4597663879394531, 22223
0.4597663879394531, 22222
0.4597663879394531, 22221
0.4607667922973633, 22220
0.4607667922973633, 22219
0.4607667922973633, 22218
0.4607667922973633, 22217
0.4607667922973633, 22216
0.4607667922973633, 22215
0.4607667922973633, 22214
0.46176648139953613, 22213
0.4618663787841797, 22212
0.4618663787841797, 22211
0.4618663787841797, 22210
0.4618663787841797, 22209
0.4618663787841797, 22208
0.4618663787841797, 22207
0.4627666473388672, 22206
0.4627666473388672, 22205
0.4627666473388672, 22204
0.4627666473388672, 22203
0.4627666473388672, 22202
0.4627666473388672, 22201
0.4627666473388672, 22200
0.46376657485961914, 22199
0.46376657485961914, 22198
0.46376657485961914, 22197
0.46376657485961914, 22196
0.46376657485961914, 22195
0.46376657485961914, 22194
0.46376657485961914, 22193
0.4647665023803711, 22192
0.4647665023803711, 22191
0.4647665023803711, 22190
0.4647665023803711, 22189
0.4647665023803711, 22188
0.4647665023803711, 22187
0.46576666831970215, 22186
0.46576666831970215, 22185
0.46576666831970215, 22184
0.46576666831970215, 22183
0.46576666831970215, 22182
0.46576666831970215, 22181
0.46576666831970215, 22180
0.4667665958404541, 22179
0.4667665958404541, 22178
0.4667665958404541, 22177
0.4667665958404541, 22176
0.46776723861694336, 22175
0.46776723861694336, 22174
0.46776723861694336, 22173
0.46776723861694336, 22172
0.46776723861694336, 22171
0.4687666893005371, 22170
0.4687666893005371, 22169
0.4687666893005371, 22168
0.4687666893005371, 22167
0.4687666893005371, 22166
0.4687666893005371, 22165
0.46976709365844727, 22164
0.46976709365844727, 22163
0.46976709365844727, 22162
0.46976709365844727, 22161
0.46976709365844727, 22160
0.46976709365844727, 22159
0.46976709365844727, 22158
0.47076916694641113, 22157
0.47076916694641113, 22156
0.47076916694641113, 22155
0.47076916694641113, 22154
0.47076916694641113, 22153
0.47076916694641113, 22152
0.47076916694641113, 22151
0.4717695713043213, 22150
0.4717695713043213, 22149
0.4717695713043213, 22148
0.4717695713043213, 22147
0.4717695713043213, 22146
0.4717695713043213, 22145
0.47276830673217773, 22144
0.47276830673217773, 22143
0.47276830673217773, 22142
0.47276830673217773, 22141
0.47276830673217773, 22140
0.47276830673217773, 22139
0.47276830673217773, 22138
0.47376585006713867, 22137
0.47376585006713867, 22136
0.47376585006713867, 22135
0.47376585006713867, 22134
0.47376585006713867, 22133
0.47376585006713867, 22132
0.47376585006713867, 22131
0.47476673126220703, 22130
0.47476673126220703, 22129
0.47476673126220703, 22128
0.47476673126220703, 22127
0.47476673126220703, 22126
0.47476673126220703, 22125
0.4757654666900635, 22124
0.4757654666900635, 22123
0.4757654666900635, 22122
0.4757654666900635, 22121
0.4757654666900635, 22120
0.4757654666900635, 22119
0.4757654666900635, 22118
0.47676539421081543, 22117
0.47676539421081543, 22116
0.47676539421081543, 22115
0.47676539421081543, 22114
0.47676539421081543, 22113
0.47676539421081543, 22112
0.47676539421081543, 22111
0.4777653217315674, 22110
0.4777653217315674, 22109
0.4777653217315674, 22108
0.4777653217315674, 22107
0.4777653217315674, 22106
0.4777653217315674, 22105
0.4777653217315674, 22104
0.47884154319763184, 22103
0.47884154319763184, 22102
0.47884154319763184, 22101
0.47884154319763184, 22100
0.47884154319763184, 22099
0.47884154319763184, 22098
0.4797651767730713, 22097
0.4797651767730713, 22096
0.4797651767730713, 22095
0.4797651767730713, 22094
0.4797651767730713, 22093
0.4797651767730713, 22092
0.4797651767730713, 22091
0.48076581954956055, 22090
0.48076581954956055, 22089
0.48076581954956055, 22088
0.48076581954956055, 22087
0.48076581954956055, 22086
0.48076581954956055, 22085
0.48076581954956055, 22084
0.4817655086517334, 22083
0.4817655086517334, 22082
0.4817655086517334, 22081
0.4817655086517334, 22080
0.4823305606842041, 22079
0.4823305606842041, 22078
0.48276615142822266, 22077
0.48276615142822266, 22076
0.48276615142822266, 22075
0.48276615142822266, 22074
0.48276615142822266, 22073
0.48276615142822266, 22072
0.48276615142822266, 22071
0.4837656021118164, 22070
0.4837656021118164, 22069
0.4837656021118164, 22068
0.4837656021118164, 22067
0.4837656021118164, 22066
0.4837656021118164, 22065
0.4837656021118164, 22064
0.48476576805114746, 22063
0.48476576805114746, 22062
0.48476576805114746, 22061
0.48476576805114746, 22060
0.48476576805114746, 22059
0.48476576805114746, 22058
0.4857654571533203, 22057
0.4857654571533203, 22056
0.4857654571533203, 22055
0.4857654571533203, 22054
0.4857654571533203, 22053
0.4857654571533203, 22052
0.4857654571533203, 22051
0.4867665767669678, 22050
0.4867665767669678, 22049
0.4867665767669678, 22048
0.4867665767669678, 22047
0.4867665767669678, 22046
0.4867665767669678, 22045
0.4867665767669678, 22044
0.4877810478210449, 22043
0.4877810478210449, 22042
0.4877810478210449, 22041
0.4877810478210449, 22040
0.4877810478210449, 22039
0.4877810478210449, 22038
0.4887690544128418, 22037
0.4887690544128418, 22036
0.4887690544128418, 22035
0.4887690544128418, 22034
0.4887690544128418, 22033
0.4887690544128418, 22032
0.4887690544128418, 22031
0.48976707458496094, 22030
0.48976707458496094, 22029
0.48976707458496094, 22028
0.48976707458496094, 22027
0.48976707458496094, 22026
0.48976707458496094, 22025
0.48976707458496094, 22024
0.4907686710357666, 22023
0.4907686710357666, 22022
0.4907686710357666, 22021
0.4907686710357666, 22020
0.4907686710357666, 22019
0.4907686710357666, 22018
0.49176836013793945, 22017
0.49176836013793945, 22016
0.49176836013793945, 22015
0.49176836013793945, 22014
0.49176836013793945, 22013
0.49176836013793945, 22012
0.49176836013793945, 22011
0.4927682876586914, 22010
0.4927682876586914, 22009
0.4927682876586914, 22008
0.4927682876586914, 22007
0.4927682876586914, 22006
0.4927682876586914, 22005
0.4927682876586914, 22004
0.49376845359802246, 22003
0.49376845359802246, 22002
0.49376845359802246, 22001
0.49376845359802246, 22000
0.49376845359802246, 21999
0.49376845359802246, 21998
0.4947667121887207, 21997
0.4949607849121094, 21996
0.4949607849121094, 21995
0.4949607849121094, 21994
0.4949607849121094, 21993
0.4949607849121094, 21992
0.4949607849121094, 21991
0.49576759338378906, 21990
0.49576759338378906, 21989
0.49576759338378906, 21988
0.49576759338378906, 21987
0.49576759338378906, 21986
0.49576759338378906, 21985
0.49576759338378906, 21984
0.4967679977416992, 21983
0.4967679977416992, 21982
0.4967679977416992, 21981
0.4967679977416992, 21980
0.4967679977416992, 21979
0.4967679977416992, 21978
0.49776744842529297, 21977
0.49776744842529297, 21976
0.49776744842529297, 21975
0.49776744842529297, 21974
0.49776744842529297, 21973
0.498767614364624, 21972
0.498767614364624, 21971
0.498767614364624, 21970
0.498767614364624, 21969
0.498767614364624, 21968
0.4997677803039551, 21967
0.4997677803039551, 21966
0.4997677803039551, 21965
0.4997677803039551, 21964
0.4997677803039551, 21963
0.4997677803039551, 21962
0.5007669925689697, 21961
0.5007669925689697, 21960
0.5007669925689697, 21959
0.5007669925689697, 21958
0.5007669925689697, 21957
0.5007669925689697, 21956
0.5007669925689697, 21955
0.5017666816711426, 21954
0.5017666816711426, 21953
0.5017666816711426, 21952
0.5017666816711426, 21951
0.5017666816711426, 21950
0.5017666816711426, 21949
0.5017666816711426, 21948
0.5027675628662109, 21947
0.5027675628662109, 21946
0.5027675628662109, 21945
0.5027675628662109, 21944
0.5027675628662109, 21943
0.5027675628662109, 21942
0.5027675628662109, 21941
0.5037698745727539, 21940
0.5037698745727539, 21939
0.5037698745727539, 21938
0.5037698745727539, 21937
0.5037698745727539, 21936
0.5037698745727539, 21935
0.504767894744873, 21934
0.504767894744873, 21933
0.504767894744873, 21932
0.504767894744873, 21931
0.6148660182952881, 21930
0.6158664226531982, 21929
0.6158664226531982, 21928
0.6158664226531982, 21927
0.6158664226531982, 21926
0.6158664226531982, 21925
0.6158664226531982, 21924
0.6158664226531982, 21923
0.616868257522583, 21922
0.616868257522583, 21921
0.616868257522583, 21920
0.616868257522583, 21919
0.616868257522583, 21918
0.616868257522583, 21917
0.616868257522583, 21916
0.6178653240203857, 21915
0.6178653240203857, 21914
0.6178653240203857, 21913
0.6178653240203857, 21912
0.6178653240203857, 21911
0.6186716556549072, 21910
0.6188645362854004, 21909
0.6188645362854004, 21908
0.6188645362854004, 21907
0.6188645362854004, 21906
0.6188645362854004, 21905
0.6188645362854004, 21904
0.6188645362854004, 21903
0.6198635101318359, 21902
0.6198635101318359, 21901
0.6198635101318359, 21900
0.6198635101318359, 21899
0.6198635101318359, 21898
0.6198635101318359, 21897
0.6198635101318359, 21896
0.6208629608154297, 21895
0.6210081577301025, 21894
0.6210081577301025, 21893
0.6210081577301025, 21892
0.6210081577301025, 21891
0.6210081577301025, 21890
0.6210081577301025, 21889
0.6218628883361816, 21888
0.6218628883361816, 21887
0.6218628883361816, 21886
0.6218628883361816, 21885
0.6218628883361816, 21884
0.6218628883361816, 21883
0.6218628883361816, 21882
0.6228628158569336, 21881
0.6228628158569336, 21880
0.6228628158569336, 21879
0.6228628158569336, 21878
0.6228628158569336, 21877
0.6228628158569336, 21876
0.6228628158569336, 21875
0.6238629817962646, 21874
0.6239354610443115, 21873
0.6239354610443115, 21872
0.6239354610443115, 21871
0.6239354610443115, 21870
0.6239354610443115, 21869
0.6248641014099121, 21868
0.6248641014099121, 21867
0.6248641014099121, 21866
0.6248641014099121, 21865
0.6248641014099121, 21864
0.6248641014099121, 21863
0.6248641014099121, 21862
0.6258633136749268, 21861
0.6258633136749268, 21860
0.6258633136749268, 21859
0.6258633136749268, 21858
0.6258633136749268, 21857
0.6258633136749268, 21856
0.6258633136749268, 21855
0.6268632411956787, 21854
0.6268632411956787, 21853
0.6268632411956787, 21852
0.6268632411956787, 21851
0.6268632411956787, 21850
0.6268632411956787, 21849
0.6268632411956787, 21848
0.6279325485229492, 21847
0.6279325485229492, 21846
0.6279325485229492, 21845
0.6279325485229492, 21844
0.6279325485229492, 21843
0.6279325485229492, 21842
0.6279325485229492, 21841
0.6288630962371826, 21840
0.6288630962371826, 21839
0.6288630962371826, 21838
0.6288630962371826, 21837
0.6288630962371826, 21836
0.6288630962371826, 21835
0.6288630962371826, 21834
0.6298632621765137, 21833
0.6298632621765137, 21832
0.6298632621765137, 21831
0.6298632621765137, 21830
0.6298632621765137, 21829
0.6298632621765137, 21828
0.6298632621765137, 21827
0.6308646202087402, 21826
0.6308646202087402, 21825
0.6308646202087402, 21824
0.6308646202087402, 21823
0.6308646202087402, 21822
0.6308646202087402, 21821
0.6318669319152832, 21820
0.6318669319152832, 21819
0.6318669319152832, 21818
0.6318669319152832, 21817
0.6318669319152832, 21816
0.6318669319152832, 21815
0.6318669319152832, 21814
0.6328661441802979, 21813
0.6328661441802979, 21812
0.6328661441802979, 21811
0.6328661441802979, 21810
0.6328661441802979, 21809
0.6328661441802979, 21808
0.6328661441802979, 21807
0.6338634490966797, 21806
0.6338634490966797, 21805
0.6338634490966797, 21804
0.6338634490966797, 21803
0.6338634490966797, 21802
0.6338634490966797, 21801
0.6338634490966797, 21800
0.6348633766174316, 21799
0.6348633766174316, 21798
0.6348633766174316, 21797
0.6348633766174316, 21796
0.6348633766174316, 21795
0.6348633766174316, 21794
0.6358630657196045, 21793
0.6358630657196045, 21792
0.6358630657196045, 21791
0.6358630657196045, 21790
0.6358630657196045, 21789
0.6358630657196045, 21788
0.6368629932403564, 21787
0.6369352340698242, 21786
0.6369352340698242, 21785
0.6369352340698242, 21784
0.6369352340698242, 21783
0.6369352340698242, 21782
0.6369352340698242, 21781
0.6378631591796875, 21780
0.6378631591796875, 21779
0.6378631591796875, 21778
0.6378631591796875, 21777
0.6378631591796875, 21776
0.6378631591796875, 21775
0.6388630867004395, 21774
0.6388630867004395, 21773
0.6388630867004395, 21772
0.6388630867004395, 21771
0.6388630867004395, 21770
0.6388630867004395, 21769
0.6388630867004395, 21768
0.6398630142211914, 21767
0.6398630142211914, 21766
0.6398630142211914, 21765
0.6398630142211914, 21764
0.6398630142211914, 21763
0.6398630142211914, 21762
0.6408641338348389, 21761
0.6408641338348389, 21760
0.6408641338348389, 21759
0.6408641338348389, 21758
0.6408641338348389, 21757
0.6408641338348389, 21756
0.6418631076812744, 21755
0.6418631076812744, 21754
0.6418631076812744, 21753
0.6418631076812744, 21752
0.6418631076812744, 21751
0.6418631076812744, 21750
0.6418631076812744, 21749
0.6428630352020264, 21748
0.6428630352020264, 21747
0.6428630352020264, 21746
0.6428630352020264, 21745
0.6428630352020264, 21744
0.6428630352020264, 21743
0.6428630352020264, 21742
0.6438634395599365, 21741
0.6438634395599365, 21740
1.4869985580444336, 16725
1.4879984855651855, 16724
1.4879984855651855, 16723
1.4879984855651855, 16722
1.4879984855651855, 16721
1.4879984855651855, 16720
1.4889984130859375, 16719
1.4889984130859375, 16718
1.4889984130859375, 16717
1.4889984130859375, 16716
1.4889984130859375, 16715
1.4889984130859375, 16714
1.4900000095367432, 16713
1.4900000095367432, 16712
1.4900000095367432, 16711
1.4900000095367432, 16710
1.4900000095367432, 16709
1.4900000095367432, 16708
1.4900000095367432, 16707
1.4909989833831787, 16706
1.4909989833831787, 16705
1.4909989833831787, 16704
1.4909989833831787, 16703
1.4909989833831787, 16702
1.4909989833831787, 16701
1.4919984340667725, 16700
1.4919984340667725, 16699
1.4923887252807617, 16698
1.4923887252807617, 16697
1.4923887252807617, 16696
1.4930026531219482, 16695
1.4930026531219482, 16694
1.4930026531219482, 16693
1.4930026531219482, 16692
1.4930026531219482, 16691
1.494004487991333, 16690
1.494004487991333, 16689
1.494004487991333, 16688
1.494004487991333, 16687
1.494004487991333, 16686
1.4950008392333984, 16685
1.4950008392333984, 16684
1.4950008392333984, 16683
1.4950008392333984, 16682
1.4950008392333984, 16681
1.4959995746612549, 16680
1.4959995746612549, 16679
1.4959995746612549, 16678
1.4959995746612549, 16677
1.4959995746612549, 16676
1.4970030784606934, 16675
1.4970030784606934, 16674
1.4970030784606934, 16673
1.4970030784606934, 16672
1.4980013370513916, 16671
1.4980013370513916, 16670
1.4980013370513916, 16669
1.4990034103393555, 16668
1.4990034103393555, 16667
1.4990034103393555, 16666
1.5000028610229492, 16665
1.5000028610229492, 16664
1.5000028610229492, 16663
1.5000028610229492, 16662
1.5010013580322266, 16661
1.5010013580322266, 16660
1.5010013580322266, 16659
1.5010013580322266, 16658
1.5020036697387695, 16657
1.5020036697387695, 16656
1.5020036697387695, 16655
1.5020036697387695, 16654
1.5020036697387695, 16653
1.5030031204223633, 16652
1.5030031204223633, 16651
1.5037763118743896, 16650
1.5040011405944824, 16649
1.5040011405944824, 16648
1.5040011405944824, 16647
1.5040011405944824, 16646
1.5040011405944824, 16645
1.505000352859497, 16644
1.505000352859497, 16643
1.505000352859497, 16642
1.505000352859497, 16641
1.5060040950775146, 16640
1.5060040950775146, 16639
1.5060040950775146, 16638
1.5070016384124756, 16637
1.5070016384124756, 16636
1.5070016384124756, 16635
1.5079987049102783, 16634
1.5081093311309814, 16633
1.5081093311309814, 16632
1.5081093311309814, 16631
1.5090000629425049, 16630
1.5090000629425049, 16629
1.5090000629425049, 16628
1.5090000629425049, 16627
1.5099985599517822, 16626
1.5099985599517822, 16625
1.5099985599517822, 16624
1.5099985599517822, 16623
1.511000633239746, 16622
1.511000633239746, 16621
1.511000633239746, 16620
1.511000633239746, 16619
1.5120007991790771, 16618
1.5120007991790771, 16617
2.416865110397339, 16616
2.416865110397339, 16615
2.417865037918091, 16614
2.417865037918091, 16613
2.417865037918091, 16612
2.417865037918091, 16611
2.417865037918091, 16610
2.417865037918091, 16609
2.4188649654388428, 16608
2.4188649654388428, 16607
2.4188649654388428, 16606
2.4188649654388428, 16605
2.4188649654388428, 16604
2.4188649654388428, 16603
2.4198648929595947, 16602
2.4198648929595947, 16601
2.4198648929595947, 16600
2.4198648929595947, 16599
2.4198648929595947, 16598
2.4198648929595947, 16597
2.420865058898926, 16596
2.420865058898926, 16595
2.420865058898926, 16594
2.420865058898926, 16593
2.420865058898926, 16592
2.420865058898926, 16591
2.4218649864196777, 16590
2.4218649864196777, 16589
2.4218649864196777, 16588
2.4218649864196777, 16587
2.4218649864196777, 16586
2.4218649864196777, 16585
2.422865152359009, 16584
2.4229469299316406, 16583
2.4229469299316406, 16582
2.4229469299316406, 16581
2.4229469299316406, 16580
2.4229469299316406, 16579
2.4229469299316406, 16578
2.4238710403442383, 16577
2.4238710403442383, 16576
2.4238710403442383, 16575
2.4238710403442383, 16574
2.4238710403442383, 16573
6.286896228790283, 16572
6.286896228790283, 16571
6.286896228790283, 16570
6.287896394729614, 16569
6.287896394729614, 16568
6.287896394729614, 16567
6.287896394729614, 16566
6.287896394729614, 16565
6.287896394729614, 16564
6.288896083831787, 16563
6.288896083831787, 16562
6.288896083831787, 16561
6.288896083831787, 16560
6.288896083831787, 16559
6.288896083831787, 16558
6.288896083831787, 16557
6.289896011352539, 16556
6.289896011352539, 16555
6.289896011352539, 16554
6.289896011352539, 16553
6.289896011352539, 16552
6.289896011352539, 16551
6.290896415710449, 16550
6.290896415710449, 16549
6.290896415710449, 16548
6.290896415710449, 16547
6.290896415710449, 16546
6.290896415710449, 16545
6.291896104812622, 16544
6.291896104812622, 16543
6.291896104812622, 16542
6.291896104812622, 16541
6.291896104812622, 16540
6.292896032333374, 16539
6.292896032333374, 16538
6.292896032333374, 16537
6.292896032333374, 16536
6.292896032333374, 16535
6.292896032333374, 16534
6.292896032333374, 16533
6.293895959854126, 16532
6.293895959854126, 16531
6.293895959854126, 16530
6.293895959854126, 16529
6.293895959854126, 16528
6.293895959854126, 16527
6.294897556304932, 16526
6.294897556304932, 16525
6.294897556304932, 16524
6.294897556304932, 16523
6.294897556304932, 16522
6.294897556304932, 16521
6.295900821685791, 16520
6.295900821685791, 16519
6.295900821685791, 16518
6.295900821685791, 16517
6.295900821685791, 16516
6.295900821685791, 16515
6.296900033950806, 16514
6.296900033950806, 16513
6.296900033950806, 16512
6.296900033950806, 16511
6.296900033950806, 16510
6.296900033950806, 16509
6.297897577285767, 16508
6.297897577285767, 16507
6.297897577285767, 16506
6.297897577285767, 16505
6.297897577285767, 16504
6.297897577285767, 16503
6.298899412155151, 16502
6.298899412155151, 16501
8.550001382827759, 16500
8.550001382827759, 16499
8.550001382827759, 16498
8.550001382827759, 16497
8.550001382827759, 16496
