0.11196708679199219, 22802
0.11196708679199219, 22801
0.11196708679199219, 22800
0.11196708679199219, 22799
0.11196708679199219, 22798
0.11196708679199219, 22797
0.11196708679199219, 22796
0.11196708679199219, 22795
0.11296796798706055, 22794
0.11296796798706055, 22793
0.11296796798706055, 22792
0.11296796798706055, 22791
0.11296796798706055, 22790
0.11296796798706055, 22789
0.11296796798706055, 22788
0.11396908760070801, 22787
0.11396908760070801, 22786
0.11396908760070801, 22785
0.11396908760070801, 22784
0.11396908760070801, 22783
0.11396908760070801, 22782
0.11396908760070801, 22781
0.11396908760070801, 22780
0.11496734619140625, 22779
0.11496734619140625, 22778
0.11496734619140625, 22777
0.11496734619140625, 22776
0.11496734619140625, 22775
0.11496734619140625, 22774
0.11496734619140625, 22773
0.11596798896789551, 22772
0.11596798896789551, 22771
0.11596798896789551, 22770
0.11596798896789551, 22769
0.11596798896789551, 22768
0.11596798896789551, 22767
0.11596798896789551, 22766
0.11696720123291016, 22765
0.11707139015197754, 22764
0.11707139015197754, 22763
0.11707139015197754, 22762
0.11707139015197754, 22761
0.11707139015197754, 22760
0.11707139015197754, 22759
0.11796808242797852, 22758
0.11796808242797852, 22757
0.11796808242797852, 22756
0.11796808242797852, 22755
0.11796808242797852, 22754
0.11796808242797852, 22753
0.11896800994873047, 22752
0.11896800994873047, 22751
0.11896800994873047, 22750
0.11896800994873047, 22749
0.11896800994873047, 22748
0.11896800994873047, 22747
0.11896800994873047, 22746
0.11896800994873047, 22745
0.11996984481811523, 22744
0.11996984481811523, 22743
0.11996984481811523, 22742
0.11996984481811523, 22741
0.11996984481811523, 22740
0.11996984481811523, 22739
0.11996984481811523, 22738
0.12096977233886719, 22737
0.12096977233886719, 22736
0.12096977233886719, 22735
0.12096977233886719, 22734
0.12096977233886719, 22733
0.12096977233886719, 22732
0.12096977233886719, 22731
0.12196779251098633, 22730
0.1220550537109375, 22729
0.1220550537109375, 22728
0.1220550537109375, 22727
0.1220550537109375, 22726
0.1220550537109375, 22725
0.1220550537109375, 22724
0.1220550537109375, 22723
0.12297177314758301, 22722
0.12297177314758301, 22721
0.12297177314758301, 22720
0.12297177314758301, 22719
0.12297177314758301, 22718
0.12297177314758301, 22717
0.12297177314758301, 22716
0.12397122383117676, 22715
0.12397122383117676, 22714
0.12397122383117676, 22713
0.12397122383117676, 22712
0.12397122383117676, 22711
0.12397122383117676, 22710
0.12397122383117676, 22709
0.12496757507324219, 22708
0.12496757507324219, 22707
0.12496757507324219, 22706
0.12496757507324219, 22705
0.12496757507324219, 22704
0.12496757507324219, 22703
0.12496757507324219, 22702
0.12596702575683594, 22701
0.12596702575683594, 22700
0.12596702575683594, 22699
0.12596702575683594, 22698
0.12596702575683594, 22697
0.12596702575683594, 22696
0.12596702575683594, 22695
0.1269674301147461, 22694
0.1269674301147461, 22693
0.1269674301147461, 22692
0.1269674301147461, 22691
0.12744736671447754, 22690
0.12744736671447754, 22689
0.12744736671447754, 22688
0.12796759605407715, 22687
0.12796759605407715, 22686
0.12796759605407715, 22685
0.12796759605407715, 22684
0.12796759605407715, 22683
0.12796759605407715, 22682
0.12796759605407715, 22681
0.12796759605407715, 22680
0.1289670467376709, 22679
0.1289670467376709, 22678
0.1289670467376709, 22677
0.1289670467376709, 22676
0.1289670467376709, 22675
0.1289670467376709, 22674
0.1289670467376709, 22673
0.12996864318847656, 22672
0.12996864318847656, 22671
0.12996864318847656, 22670
0.12996864318847656, 22669
0.12996864318847656, 22668
0.12996864318847656, 22667
0.12996864318847656, 22666
0.12996864318847656, 22665
0.13096928596496582, 22664
0.13096928596496582, 22663
0.13096928596496582, 22662
0.13096928596496582, 22661
0.13096928596496582, 22660
0.13096928596496582, 22659
0.13096928596496582, 22658
0.13196682929992676, 22657
0.13196682929992676, 22656
0.13196682929992676, 22655
0.13196682929992676, 22654
0.13196682929992676, 22653
0.13196682929992676, 22652
0.13196682929992676, 22651
0.1329669952392578, 22650
0.1329669952392578, 22649
0.1329669952392578, 22648
0.1329669952392578, 22647
0.1329669952392578, 22646
0.1329669952392578, 22645
0.1329669952392578, 22644
0.13396811485290527, 22643
0.13396811485290527, 22642
0.13396811485290527, 22641
0.13396811485290527, 22640
0.13396811485290527, 22639
0.13396811485290527, 22638
0.13396811485290527, 22637
0.13496685028076172, 22636
0.13496685028076172, 22635
0.13496685028076172, 22634
0.13496685028076172, 22633
0.13496685028076172, 22632
0.13496685028076172, 22631
0.13496685028076172, 22630
0.13496685028076172, 22629
0.13596749305725098, 22628
0.13596749305725098, 22627
0.13596749305725098, 22626
0.13596749305725098, 22625
0.13596749305725098, 22624
0.13596749305725098, 22623
0.13596749305725098, 22622
0.13696789741516113, 22621
0.13696789741516113, 22620
0.13696789741516113, 22619
0.13696789741516113, 22618
0.13696789741516113, 22617
0.13696789741516113, 22616
0.13696789741516113, 22615
0.13796758651733398, 22614
0.13796758651733398, 22613
0.13796758651733398, 22612
0.13796758651733398, 22611
0.13796758651733398, 22610
0.13796758651733398, 22609
0.13796758651733398, 22608
0.13796758651733398, 22607
0.13896679878234863, 22606
0.13896679878234863, 22605
0.13896679878234863, 22604
0.13896679878234863, 22603
0.13896679878234863, 22602
0.13896679878234863, 22601
0.13896679878234863, 22600
0.1399679183959961, 22599
0.1399679183959961, 22598
0.1399679183959961, 22597
0.1399679183959961, 22596
0.1399679183959961, 22595
0.1399679183959961, 22594
0.1399679183959961, 22593
0.1399679183959961, 22592
0.14096832275390625, 22591
0.14096832275390625, 22590
0.14096832275390625, 22589
0.14096832275390625, 22588
0.14096832275390625, 22587
0.14096832275390625, 22586
0.14096832275390625, 22585
0.1419670581817627, 22584
0.1419670581817627, 22583
0.1419670581817627, 22582
0.1419670581817627, 22581
0.1419670581817627, 22580
0.1419670581817627, 22579
0.1419670581817627, 22578
0.14296698570251465, 22577
0.14296698570251465, 22576
0.14296698570251465, 22575
0.14296698570251465, 22574
0.14296698570251465, 22573
0.14296698570251465, 22572
0.14296698570251465, 22571
0.14296698570251465, 22570
0.1439685821533203, 22569
0.1439685821533203, 22568
0.1439685821533203, 22567
0.1439685821533203, 22566
0.1439685821533203, 22565
0.1439685821533203, 22564
0.1439685821533203, 22563
0.14496731758117676, 22562
0.14496731758117676, 22561
0.14496731758117676, 22560
0.14496731758117676, 22559
0.14496731758117676, 22558
0.14496731758117676, 22557
0.14496731758117676, 22556
0.1459670066833496, 22555
0.1459670066833496, 22554
0.1459670066833496, 22553
0.1459670066833496, 22552
0.1459670066833496, 22551
0.1459670066833496, 22550
0.1459670066833496, 22549
0.1459670066833496, 22548
0.14696717262268066, 22547
0.14696717262268066, 22546
0.14696717262268066, 22545
0.14696717262268066, 22544
0.14696717262268066, 22543
0.14696717262268066, 22542
0.14696717262268066, 22541
0.14796686172485352, 22540
0.14796686172485352, 22539
0.14796686172485352, 22538
0.14796686172485352, 22537
0.14796686172485352, 22536
0.14796686172485352, 22535
0.14796686172485352, 22534
0.14896678924560547, 22533
0.14896678924560547, 22532
0.14896678924560547, 22531
0.14896678924560547, 22530
0.14896678924560547, 22529
0.14896678924560547, 22528
0.14896678924560547, 22527
0.14996886253356934, 22526
0.14996886253356934, 22525
0.14996886253356934, 22524
0.14996886253356934, 22523
0.14996886253356934, 22522
0.14996886253356934, 22521
0.14996886253356934, 22520
0.15096759796142578, 22519
0.15096759796142578, 22518
0.15096759796142578, 22517
0.15096759796142578, 22516
0.15096759796142578, 22515
0.15096759796142578, 22514
0.15096759796142578, 22513
0.15196657180786133, 22512
0.15196657180786133, 22511
0.15196657180786133, 22510
0.15196657180786133, 22509
0.15196657180786133, 22508
0.15196657180786133, 22507
0.15196657180786133, 22506
0.1529676914215088, 22505
0.1529676914215088, 22504
0.1529676914215088, 22503
0.1529676914215088, 22502
0.1529676914215088, 22501
0.1529676914215088, 22500
0.1529676914215088, 22499
0.1529676914215088, 22498
0.15396738052368164, 22497
0.15396738052368164, 22496
0.15396738052368164, 22495
0.15396738052368164, 22494
0.15396738052368164, 22493
0.15396738052368164, 22492
0.15396738052368164, 22491
0.1549668312072754, 22490
0.1549668312072754, 22489
0.1549668312072754, 22488
0.1549668312072754, 22487
0.1549668312072754, 22486
0.1549668312072754, 22485
0.1549668312072754, 22484
0.1549668312072754, 22483
0.15596842765808105, 22482
0.15596842765808105, 22481
0.15596842765808105, 22480
0.15596842765808105, 22479
0.15596842765808105, 22478
0.15596842765808105, 22477
0.15596842765808105, 22476
0.1569674015045166, 22475
0.1569674015045166, 22474
0.1569674015045166, 22473
0.1569674015045166, 22472
0.1569674015045166, 22471
0.1569674015045166, 22470
0.1569674015045166, 22469
0.15796709060668945, 22468
0.15796709060668945, 22467
0.15796709060668945, 22466
0.15796709060668945, 22465
0.15796709060668945, 22464
0.15796709060668945, 22463
0.15796709060668945, 22462
0.15796709060668945, 22461
0.1589670181274414, 22460
0.1589670181274414, 22459
0.1592864990234375, 22458
0.1592864990234375, 22457
0.1592864990234375, 22456
0.15979218482971191, 22455
0.15979218482971191, 22454
0.15979218482971191, 22453
0.15979218482971191, 22452
0.15979218482971191, 22451
0.15979218482971191, 22450
0.15979218482971191, 22449
0.15979218482971191, 22448
0.16079974174499512, 22447
0.16079974174499512, 22446
0.16079974174499512, 22445
0.16079974174499512, 22444
0.16079974174499512, 22443
0.16079974174499512, 22442
0.16079974174499512, 22441
0.16179871559143066, 22440
0.16179871559143066, 22439
0.16179871559143066, 22438
0.16179871559143066, 22437
0.16179871559143066, 22436
0.16179871559143066, 22435
0.16179871559143066, 22434
0.16179871559143066, 22433
0.16279816627502441, 22432
0.16279816627502441, 22431
0.16279816627502441, 22430
0.16279816627502441, 22429
0.16279816627502441, 22428
0.16279816627502441, 22427
0.16279816627502441, 22426
0.16379857063293457, 22425
0.16379857063293457, 22424
0.16379857063293457, 22423
0.16379857063293457, 22422
0.16379857063293457, 22421
0.16379857063293457, 22420
0.16379857063293457, 22419
0.1648540496826172, 22418
0.1648540496826172, 22417
0.1648540496826172, 22416
0.1648540496826172, 22415
0.1648540496826172, 22414
0.1648540496826172, 22413
0.1648540496826172, 22412
0.1658008098602295, 22411
0.1658008098602295, 22410
0.1658008098602295, 22409
0.1658008098602295, 22408
0.1658008098602295, 22407
0.1658008098602295, 22406
0.16680335998535156, 22405
0.16680335998535156, 22404
0.16680335998535156, 22403
0.16680335998535156, 22402
0.16680335998535156, 22401
0.16680335998535156, 22400
0.16680335998535156, 22399
0.16680335998535156, 22398
0.16779875755310059, 22397
0.16779875755310059, 22396
0.16779875755310059, 22395
0.16779875755310059, 22394
0.16779875755310059, 22393
0.16779875755310059, 22392
0.16779875755310059, 22391
0.16879963874816895, 22390
0.16879963874816895, 22389
0.16879963874816895, 22388
0.16879963874816895, 22387
0.16879963874816895, 22386
0.16879963874816895, 22385
0.16879963874816895, 22384
0.1697986125946045, 22383
0.1697986125946045, 22382
0.1697986125946045, 22381
0.1697986125946045, 22380
0.1697986125946045, 22379
0.1697986125946045, 22378
0.1697986125946045, 22377
0.17080211639404297, 22376
0.17080211639404297, 22375
0.17080211639404297, 22374
0.17080211639404297, 22373
0.17080211639404297, 22372
0.17080211639404297, 22371
0.17080211639404297, 22370
0.17080211639404297, 22369
0.17180299758911133, 22368
0.17180299758911133, 22367
0.17180299758911133, 22366
0.17180299758911133, 22365
0.17180299758911133, 22364
0.17180299758911133, 22363
0.17180299758911133, 22362
0.17280149459838867, 22361
0.17280149459838867, 22360
0.17280149459838867, 22359
0.17280149459838867, 22358
0.17280149459838867, 22357
0.17280149459838867, 22356
0.17280149459838867, 22355
0.1737990379333496, 22354
0.1737990379333496, 22353
0.1737990379333496, 22352
0.1737990379333496, 22351
0.1737990379333496, 22350
0.1737990379333496, 22349
0.1737990379333496, 22348
0.17479991912841797, 22347
0.17479991912841797, 22346
0.17479991912841797, 22345
0.17479991912841797, 22344
0.17479991912841797, 22343
0.17479991912841797, 22342
0.17479991912841797, 22341
0.17579889297485352, 22340
0.17579889297485352, 22339
0.17579889297485352, 22338
0.17579889297485352, 22337
0.17579889297485352, 22336
0.17579889297485352, 22335
0.17579889297485352, 22334
0.17579889297485352, 22333
0.17679810523986816, 22332
0.17679810523986816, 22331
0.17679810523986816, 22330
0.17679810523986816, 22329
0.17679810523986816, 22328
0.17679810523986816, 22327
0.17679810523986816, 22326
0.17779922485351562, 22325
0.17779922485351562, 22324
0.17779922485351562, 22323
0.17779922485351562, 22322
0.17779922485351562, 22321
0.17779922485351562, 22320
0.17779922485351562, 22319
0.17879891395568848, 22318
0.17879891395568848, 22317
0.17879891395568848, 22316
0.17879891395568848, 22315
0.17879891395568848, 22314
0.17879891395568848, 22313
0.17879891395568848, 22312
0.17879891395568848, 22311
0.17979812622070312, 22310
0.17979812622070312, 22309
0.17979812622070312, 22308
0.17979812622070312, 22307
0.17979812622070312, 22306
0.17979812622070312, 22305
0.17979812622070312, 22304
0.18082618713378906, 22303
0.18082618713378906, 22302
0.18082618713378906, 22301
0.18082618713378906, 22300
0.18082618713378906, 22299
0.18082618713378906, 22298
0.1818239688873291, 22297
0.1818239688873291, 22296
0.1818239688873291, 22295
0.1818239688873291, 22294
0.1818239688873291, 22293
0.1818239688873291, 22292
0.1818239688873291, 22291
0.18282294273376465, 22290
0.18282294273376465, 22289
0.18282294273376465, 22288
0.18282294273376465, 22287
0.18282294273376465, 22286
0.18282294273376465, 22285
0.1837306022644043, 22284
0.1837306022644043, 22283
0.1837306022644043, 22282
0.1837306022644043, 22281
0.1837306022644043, 22280
0.1837306022644043, 22279
0.1837306022644043, 22278
0.1847367286682129, 22277
0.1847367286682129, 22276
0.1847367286682129, 22275
0.1847367286682129, 22274
0.1847367286682129, 22273
0.1847367286682129, 22272
0.1847367286682129, 22271
0.1847367286682129, 22270
0.18573641777038574, 22269
0.18573641777038574, 22268
0.18573641777038574, 22267
0.18573641777038574, 22266
0.18573641777038574, 22265
0.18573641777038574, 22264
0.18573641777038574, 22263
0.1867363452911377, 22262
0.1867363452911377, 22261
0.1867363452911377, 22260
0.1867363452911377, 22259
0.1867363452911377, 22258
0.1867363452911377, 22257
0.1867363452911377, 22256
0.18773651123046875, 22255
0.18773651123046875, 22254
0.18773651123046875, 22253
0.18773651123046875, 22252
0.18773651123046875, 22251
0.18773651123046875, 22250
0.18773651123046875, 22249
0.1887364387512207, 22248
0.1888134479522705, 22247
0.1888134479522705, 22246
0.1888134479522705, 22245
0.1888134479522705, 22244
0.1888134479522705, 22243
0.1888134479522705, 22242
0.1888134479522705, 22241
0.18973636627197266, 22240
0.18973636627197266, 22239
0.18973636627197266, 22238
0.18973636627197266, 22237
0.18973636627197266, 22236
0.18973636627197266, 22235
0.18973636627197266, 22234
0.1907365322113037, 22233
0.1907365322113037, 22232
0.1907365322113037, 22231
0.1907365322113037, 22230
0.1907365322113037, 22229
0.1907365322113037, 22228
0.1907365322113037, 22227
0.19173645973205566, 22226
0.19173645973205566, 22225
0.19173645973205566, 22224
0.19173645973205566, 22223
0.19173645973205566, 22222
0.19173645973205566, 22221
0.19173645973205566, 22220
0.19273638725280762, 22219
0.19273638725280762, 22218
0.19273638725280762, 22217
0.19273638725280762, 22216
0.19273638725280762, 22215
0.19273638725280762, 22214
0.19273638725280762, 22213
0.19273638725280762, 22212
0.19373631477355957, 22211
0.19373631477355957, 22210
0.19373631477355957, 22209
0.19373631477355957, 22208
0.19373631477355957, 22207
0.19373631477355957, 22206
0.19373631477355957, 22205
0.19473671913146973, 22204
0.19473671913146973, 22203
0.19473671913146973, 22202
0.19473671913146973, 22201
0.19473671913146973, 22200
0.19473671913146973, 22199
0.19473671913146973, 22198
0.19579339027404785, 22197
0.19579339027404785, 22196
0.19579339027404785, 22195
0.19579339027404785, 22194
0.19579339027404785, 22193
0.19579339027404785, 22192
0.19674253463745117, 22191
0.19674253463745117, 22190
0.19674253463745117, 22189
0.19674253463745117, 22188
0.19674253463745117, 22187
0.19674253463745117, 22186
0.19674253463745117, 22185
0.1977386474609375, 22184
0.1977386474609375, 22183
0.1977386474609375, 22182
0.1977386474609375, 22181
0.1977386474609375, 22180
0.1984541416168213, 22179
0.1984541416168213, 22178
0.19873905181884766, 22177
0.19873905181884766, 22176
0.19873905181884766, 22175
0.19873905181884766, 22174
0.19873905181884766, 22173
0.19873905181884766, 22172
0.19873905181884766, 22171
0.1997385025024414, 22170
0.1997385025024414, 22169
0.1997385025024414, 22168
0.1997385025024414, 22167
0.1997385025024414, 22166
0.1997385025024414, 22165
0.1997385025024414, 22164
0.1997385025024414, 22163
0.20073771476745605, 22162
0.20073771476745605, 22161
0.20073771476745605, 22160
0.20073771476745605, 22159
0.20073771476745605, 22158
0.20073771476745605, 22157
0.20073771476745605, 22156
0.2017371654510498, 22155
0.2017371654510498, 22154
0.2017371654510498, 22153
0.2017371654510498, 22152
0.2017371654510498, 22151
0.2017371654510498, 22150
0.2017371654510498, 22149
0.20274090766906738, 22148
0.20274090766906738, 22147
0.20274090766906738, 22146
0.20274090766906738, 22145
0.20274090766906738, 22144
0.20274090766906738, 22143
0.20274090766906738, 22142
0.20374059677124023, 22141
0.20374059677124023, 22140
0.20374059677124023, 22139
0.20374059677124023, 22138
0.20374059677124023, 22137
0.20374059677124023, 22136
0.20374059677124023, 22135
0.20473885536193848, 22134
0.20473885536193848, 22133
0.20473885536193848, 22132
0.20473885536193848, 22131
0.20473885536193848, 22130
0.20473885536193848, 22129
0.20473885536193848, 22128
0.20573949813842773, 22127
0.20586061477661133, 22126
0.20586061477661133, 22125
0.20586061477661133, 22124
0.20586061477661133, 22123
0.20586061477661133, 22122
0.20586061477661133, 22121
0.2067399024963379, 22120
0.2067399024963379, 22119
0.2067399024963379, 22118
0.2067399024963379, 22117
0.2067399024963379, 22116
0.2067399024963379, 22115
0.2067399024963379, 22114
0.20773959159851074, 22113
0.20773959159851074, 22112
0.20773959159851074, 22111
0.20773959159851074, 22110
0.20773959159851074, 22109
0.20773959159851074, 22108
0.20773959159851074, 22107
0.20773959159851074, 22106
0.2087388038635254, 22105
0.2087388038635254, 22104
0.2087388038635254, 22103
0.2087388038635254, 22102
0.2087388038635254, 22101
0.2087388038635254, 22100
0.2087388038635254, 22099
0.20973944664001465, 22098
0.20973944664001465, 22097
0.20973944664001465, 22096
0.20973944664001465, 22095
0.20973944664001465, 22094
0.20973944664001465, 22093
0.20973944664001465, 22092
0.2107858657836914, 22091
0.2107858657836914, 22090
0.2107858657836914, 22089
0.2107858657836914, 22088
0.2107858657836914, 22087
0.2107858657836914, 22086
0.2107858657836914, 22085
0.2107858657836914, 22084
0.21184897422790527, 22083
0.21184897422790527, 22082
0.21184897422790527, 22081
0.21184897422790527, 22080
0.21184897422790527, 22079
0.21184897422790527, 22078
0.21278667449951172, 22077
0.21278667449951172, 22076
0.21278667449951172, 22075
0.21278667449951172, 22074
0.21278667449951172, 22073
0.21278667449951172, 22072
0.21278667449951172, 22071
0.2138526439666748, 22070
0.2138526439666748, 22069
0.2138526439666748, 22068
0.2138526439666748, 22067
0.2138526439666748, 22066
0.2138526439666748, 22065
0.2138526439666748, 22064
0.21478724479675293, 22063
0.21478724479675293, 22062
0.21478724479675293, 22061
0.21478724479675293, 22060
0.21478724479675293, 22059
0.21478724479675293, 22058
0.21478724479675293, 22057
0.21578550338745117, 22056
0.21578550338745117, 22055
0.21578550338745117, 22054
0.21578550338745117, 22053
0.21578550338745117, 22052
0.21578550338745117, 22051
0.21578550338745117, 22050
0.21678638458251953, 22049
0.21678638458251953, 22048
0.21678638458251953, 22047
0.21678638458251953, 22046
0.21678638458251953, 22045
0.21678638458251953, 22044
0.21678638458251953, 22043
0.21778512001037598, 22042
0.21778512001037598, 22041
0.21778512001037598, 22040
0.21778512001037598, 22039
0.21778512001037598, 22038
0.21778512001037598, 22037
0.21778512001037598, 22036
0.21878600120544434, 22035
0.21878600120544434, 22034
0.21878600120544434, 22033
0.21878600120544434, 22032
0.21878600120544434, 22031
0.21878600120544434, 22030
0.21878600120544434, 22029
0.2197859287261963, 22028
0.2197859287261963, 22027
0.2197859287261963, 22026
0.2197859287261963, 22025
0.2197859287261963, 22024
0.2197859287261963, 22023
0.2197859287261963, 22022
0.22078585624694824, 22021
0.22078585624694824, 22020
0.22078585624694824, 22019
0.22078585624694824, 22018
0.22078585624694824, 22017
0.22078585624694824, 22016
0.22078585624694824, 22015
0.2217860221862793, 22014
0.2217860221862793, 22013
0.2217860221862793, 22012
0.2217860221862793, 22011
0.2217860221862793, 22010
0.2217860221862793, 22009
0.2217860221862793, 22008
0.2217860221862793, 22007
0.22278499603271484, 22006
0.22278499603271484, 22005
0.22278499603271484, 22004
0.22278499603271484, 22003
0.22278499603271484, 22002
0.22278499603271484, 22001
0.22278499603271484, 22000
0.2237856388092041, 21999
0.2237856388092041, 21998
0.2237856388092041, 21997
0.2237856388092041, 21996
0.2237856388092041, 21995
0.2237856388092041, 21994
0.2237856388092041, 21993
0.22478556632995605, 21992
0.22478556632995605, 21991
0.22478556632995605, 21990
0.22478556632995605, 21989
0.22478556632995605, 21988
0.22478556632995605, 21987
0.22478556632995605, 21986
0.2257850170135498, 21985
0.2257850170135498, 21984
0.2257850170135498, 21983
0.2257850170135498, 21982
0.2257850170135498, 21981
0.2257850170135498, 21980
0.2257850170135498, 21979
0.2257850170135498, 21978
0.2269437313079834, 21977
0.2269437313079834, 21976
0.2269437313079834, 21975
0.2269437313079834, 21974
0.2269437313079834, 21973
0.22778701782226562, 21972
0.22778701782226562, 21971
0.22778701782226562, 21970
0.22778701782226562, 21969
0.22778701782226562, 21968
0.22778701782226562, 21967
0.2287886142730713, 21966
0.2287886142730713, 21965
0.2287886142730713, 21964
0.2287886142730713, 21963
0.2287886142730713, 21962
0.2287886142730713, 21961
0.2287886142730713, 21960
0.22978615760803223, 21959
0.22978615760803223, 21958
0.22978615760803223, 21957
0.22978615760803223, 21956
0.22978615760803223, 21955
0.22978615760803223, 21954
0.22978615760803223, 21953
0.2307898998260498, 21952
0.2307898998260498, 21951
0.2307898998260498, 21950
0.2307898998260498, 21949
0.2307898998260498, 21948
0.2307898998260498, 21947
0.2307898998260498, 21946
0.2307898998260498, 21945
0.23178577423095703, 21944
0.23178577423095703, 21943
0.23178577423095703, 21942
0.23178577423095703, 21941
0.23178577423095703, 21940
0.23178577423095703, 21939
0.23178577423095703, 21938
0.23278427124023438, 21937
0.23278427124023438, 21936
0.23278427124023438, 21935
0.23278427124023438, 21934
0.23278427124023438, 21933
0.23278427124023438, 21932
0.23278427124023438, 21931
0.23378419876098633, 21930
0.23378419876098633, 21929
0.23378419876098633, 21928
0.23378419876098633, 21927
0.23378419876098633, 21926
0.2344655990600586, 21925
0.2344655990600586, 21924
0.2347850799560547, 21923
0.2347850799560547, 21922
0.2347850799560547, 21921
0.2347850799560547, 21920
0.2347850799560547, 21919
0.2347850799560547, 21918
0.2347850799560547, 21917
0.23578500747680664, 21916
0.23578500747680664, 21915
0.23578500747680664, 21914
0.23578500747680664, 21913
0.23578500747680664, 21912
0.23578500747680664, 21911
0.23578500747680664, 21910
0.2367851734161377, 21909
0.2367851734161377, 21908
0.2367851734161377, 21907
0.2367851734161377, 21906
0.2367851734161377, 21905
0.2367851734161377, 21904
0.2367851734161377, 21903
0.2367851734161377, 21902
0.23778438568115234, 21901
0.23778438568115234, 21900
0.23778438568115234, 21899
0.23778438568115234, 21898
0.23778438568115234, 21897
0.23778438568115234, 21896
0.23778438568115234, 21895
0.2387850284576416, 21894
0.2387850284576416, 21893
0.2387850284576416, 21892
0.2387850284576416, 21891
0.2387850284576416, 21890
0.2387850284576416, 21889
0.2387850284576416, 21888
0.23978471755981445, 21887
0.23978471755981445, 21886
0.23978471755981445, 21885
0.23978471755981445, 21884
0.23978471755981445, 21883
0.23978471755981445, 21882
0.23978471755981445, 21881
0.2407846450805664, 21880
0.2407846450805664, 21879
0.2407846450805664, 21878
0.2407846450805664, 21877
0.2407846450805664, 21876
0.2407846450805664, 21875
0.2407846450805664, 21874
0.2418355941772461, 21873
0.2418355941772461, 21872
0.2418355941772461, 21871
0.2418355941772461, 21870
0.2418355941772461, 21869
0.2418355941772461, 21868
0.24278593063354492, 21867
0.24278593063354492, 21866
0.24278593063354492, 21865
0.24278593063354492, 21864
0.24278593063354492, 21863
0.24278593063354492, 21862
0.24278593063354492, 21861
0.24378490447998047, 21860
0.24397587776184082, 21859
0.24397587776184082, 21858
0.24397587776184082, 21857
0.24397587776184082, 21856
0.24397587776184082, 21855
0.24397587776184082, 21854
0.24478626251220703, 21853
0.24478626251220703, 21852
0.24478626251220703, 21851
0.24478626251220703, 21850
0.24478626251220703, 21849
0.24478626251220703, 21848
0.24478626251220703, 21847
0.2457869052886963, 21846
0.2457869052886963, 21845
0.2457869052886963, 21844
0.2457869052886963, 21843
0.2457869052886963, 21842
0.2457869052886963, 21841
0.2457869052886963, 21840
0.24678850173950195, 21839
0.24678850173950195, 21838
0.24678850173950195, 21837
0.24678850173950195, 21836
0.24678850173950195, 21835
0.24678850173950195, 21834
0.24678850173950195, 21833
0.2477881908416748, 21832
0.2477881908416748, 21831
0.2477881908416748, 21830
0.2477881908416748, 21829
0.2477881908416748, 21828
0.2477881908416748, 21827
0.2477881908416748, 21826
0.24878644943237305, 21825
0.24878644943237305, 21824
0.24878644943237305, 21823
0.24878644943237305, 21822
0.24878644943237305, 21821
0.24878644943237305, 21820
0.24878644943237305, 21819
0.2497866153717041, 21818
0.2497866153717041, 21817
0.2497866153717041, 21816
0.2497866153717041, 21815
0.2497866153717041, 21814
0.2497866153717041, 21813
0.2497866153717041, 21812
0.2497866153717041, 21811
0.25081849098205566, 21810
0.25081849098205566, 21809
0.25081849098205566, 21808
0.25081849098205566, 21807
0.25081849098205566, 21806
0.25081849098205566, 21805
0.25081849098205566, 21804
0.251819372177124, 21803
0.251819372177124, 21802
0.251819372177124, 21801
0.251819372177124, 21800
0.251819372177124, 21799
0.251819372177124, 21798
0.251819372177124, 21797
0.25289034843444824, 21796
0.25289034843444824, 21795
0.25289034843444824, 21794
0.25289034843444824, 21793
0.25289034843444824, 21792
0.25289034843444824, 21791
0.25289034843444824, 21790
0.2538185119628906, 21789
0.2538185119628906, 21788
0.2538185119628906, 21787
0.2538185119628906, 21786
0.2538185119628906, 21785
0.2538185119628906, 21784
0.2538185119628906, 21783
0.2548182010650635, 21782
0.2548182010650635, 21781
0.2548182010650635, 21780
0.2548182010650635, 21779
0.2548182010650635, 21778
0.2548182010650635, 21777
0.2548182010650635, 21776
0.2548182010650635, 21775
0.25581836700439453, 21774
0.25581836700439453, 21773
0.25581836700439453, 21772
0.25581836700439453, 21771
0.25581836700439453, 21770
0.25581836700439453, 21769
0.25581836700439453, 21768
0.2568190097808838, 21767
0.2568190097808838, 21766
0.2568190097808838, 21765
0.2568190097808838, 21764
0.2568190097808838, 21763
0.2568190097808838, 21762
0.2568190097808838, 21761
0.25791239738464355, 21760
0.25791239738464355, 21759
0.25791239738464355, 21758
0.25791239738464355, 21757
0.25791239738464355, 21756
0.2588210105895996, 21755
0.2588210105895996, 21754
0.2588210105895996, 21753
0.2588210105895996, 21752
0.2588210105895996, 21751
0.25981783866882324, 21750
0.25981783866882324, 21749
0.25981783866882324, 21748
0.25981783866882324, 21747
0.25981783866882324, 21746
0.25981783866882324, 21745
0.26082277297973633, 21744
0.26082277297973633, 21743
0.26082277297973633, 21742
0.26082277297973633, 21741
0.26082277297973633, 21740
0.26082277297973633, 21739
0.26082277297973633, 21738
0.2618250846862793, 21737
0.2618250846862793, 21736
0.2618250846862793, 21735
0.2618250846862793, 21734
0.2618250846862793, 21733
0.2618250846862793, 21732
0.2618250846862793, 21731
0.2628171443939209, 21730
0.2628171443939209, 21729
0.26302242279052734, 21728
0.26302242279052734, 21727
0.26302242279052734, 21726
0.26302242279052734, 21725
0.26302242279052734, 21724
0.26381754875183105, 21723
0.26381754875183105, 21722
0.26381754875183105, 21721
0.26381754875183105, 21720
0.26381754875183105, 21719
0.26381754875183105, 21718
0.26381754875183105, 21717
0.2648181915283203, 21716
0.26497459411621094, 21715
0.26497459411621094, 21714
0.26497459411621094, 21713
0.26497459411621094, 21712
0.26497459411621094, 21711
0.26497459411621094, 21710
0.26581764221191406, 21709
0.26581764221191406, 21708
0.26581764221191406, 21707
0.26581764221191406, 21706
0.26581764221191406, 21705
0.26581764221191406, 21704
0.26581764221191406, 21703
0.2668173313140869, 21702
0.2668173313140869, 21701
0.2668173313140869, 21700
0.2668173313140869, 21699
0.2668173313140869, 21698
0.2668173313140869, 21697
0.2668173313140869, 21696
0.26781749725341797, 21695
0.26781749725341797, 21694
0.26781749725341797, 21693
0.26781749725341797, 21692
0.26781749725341797, 21691
0.26781749725341797, 21690
0.26781749725341797, 21689
0.2688171863555908, 21688
0.2688171863555908, 21687
0.2688171863555908, 21686
0.2688171863555908, 21685
0.2688171863555908, 21684
0.2688171863555908, 21683
0.2688171863555908, 21682
0.2698173522949219, 21681
0.26992273330688477, 21680
0.26992273330688477, 21679
0.26992273330688477, 21678
0.26992273330688477, 21677
0.26992273330688477, 21676
0.26992273330688477, 21675
0.27081775665283203, 21674
0.27081775665283203, 21673
0.27081775665283203, 21672
0.27081775665283203, 21671
0.27081775665283203, 21670
0.27081775665283203, 21669
0.27081775665283203, 21668
0.27081775665283203, 21667
0.2718214988708496, 21666
0.2718214988708496, 21665
0.2718214988708496, 21664
0.2718214988708496, 21663
0.2718214988708496, 21662
0.2718214988708496, 21661
0.2718214988708496, 21660
0.27282118797302246, 21659
0.27282118797302246, 21658
0.27282118797302246, 21657
0.27282118797302246, 21656
0.27282118797302246, 21655
0.27282118797302246, 21654
0.27282118797302246, 21653
0.273820161819458, 21652
0.273820161819458, 21651
0.273820161819458, 21650
0.273820161819458, 21649
0.27482008934020996, 21648
0.27482008934020996, 21647
0.27482008934020996, 21646
0.27581787109375, 21645
0.27581787109375, 21644
0.27581787109375, 21643
0.27581787109375, 21642
0.27681779861450195, 21641
0.27681779861450195, 21640
0.27681779861450195, 21639
0.27681779861450195, 21638
0.27782106399536133, 21637
0.27782106399536133, 21636
0.27782106399536133, 21635
0.27782106399536133, 21634
0.27782106399536133, 21633
0.27782106399536133, 21632
0.2788217067718506, 21631
0.2788217067718506, 21630
0.2788217067718506, 21629
0.2788217067718506, 21628
0.2788217067718506, 21627
0.2788217067718506, 21626
0.27982044219970703, 21625
0.27982044219970703, 21624
0.27982044219970703, 21623
0.27982044219970703, 21622
0.27982044219970703, 21621
0.27982044219970703, 21620
0.27982044219970703, 21619
0.2808206081390381, 21618
0.2808206081390381, 21617
0.2808206081390381, 21616
0.2808206081390381, 21615
0.2808206081390381, 21614
0.2808206081390381, 21613
0.2808206081390381, 21612
0.2808206081390381, 21611
0.28181910514831543, 21610
0.28181910514831543, 21609
0.28181910514831543, 21608
0.28181910514831543, 21607
0.28181910514831543, 21606
0.28181910514831543, 21605
0.28181910514831543, 21604
0.2828187942504883, 21603
0.2828187942504883, 21602
0.2828187942504883, 21601
0.2828187942504883, 21600
0.2828187942504883, 21599
0.2828187942504883, 21598
0.2828187942504883, 21597
0.28381848335266113, 21596
0.28381848335266113, 21595
0.28381848335266113, 21594
0.28381848335266113, 21593
0.28381848335266113, 21592
0.28381848335266113, 21591
0.28381848335266113, 21590
0.2848179340362549, 21589
0.2848179340362549, 21588
0.2848179340362549, 21587
0.2848179340362549, 21586
0.2848179340362549, 21585
0.2848179340362549, 21584
0.2848179340362549, 21583
0.28581953048706055, 21582
0.28581953048706055, 21581
0.28581953048706055, 21580
0.28581953048706055, 21579
0.28581953048706055, 21578
0.28581953048706055, 21577
0.28581953048706055, 21576
0.2868187427520752, 21575
0.2868187427520752, 21574
0.2868187427520752, 21573
0.2868187427520752, 21572
0.2868187427520752, 21571
0.2868187427520752, 21570
0.2876152992248535, 21569
0.28781747817993164, 21568
0.28781747817993164, 21567
0.28781747817993164, 21566
0.28781747817993164, 21565
0.28781747817993164, 21564
0.28781747817993164, 21563
0.28781747817993164, 21562
0.2888178825378418, 21561
0.2888178825378418, 21560
0.2888178825378418, 21559
0.2888178825378418, 21558
0.2888178825378418, 21557
0.2888178825378418, 21556
0.2888178825378418, 21555
0.28981781005859375, 21554
0.28981781005859375, 21553
0.28981781005859375, 21552
0.28981781005859375, 21551
0.28981781005859375, 21550
0.28981781005859375, 21549
0.2908213138580322, 21548
0.2908213138580322, 21547
0.2908213138580322, 21546
0.2908213138580322, 21545
0.2908213138580322, 21544
0.2908213138580322, 21543
0.2908213138580322, 21542
0.2918202877044678, 21541
0.2918202877044678, 21540
0.2918202877044678, 21539
0.2918202877044678, 21538
0.2918202877044678, 21537
0.2918202877044678, 21536
0.2918202877044678, 21535
0.2928192615509033, 21534
0.2928192615509033, 21533
0.2928192615509033, 21532
0.2928192615509033, 21531
0.2928192615509033, 21530
0.2928192615509033, 21529
0.2928192615509033, 21528
0.2938191890716553, 21527
0.2938191890716553, 21526
0.2938191890716553, 21525
0.2938191890716553, 21524
0.2938191890716553, 21523
0.2938191890716553, 21522
0.2938191890716553, 21521
0.2948179244995117, 21520
0.2948179244995117, 21519
0.2948179244995117, 21518
0.2948179244995117, 21517
0.2948179244995117, 21516
0.29587578773498535, 21515
0.29587578773498535, 21514
0.29587578773498535, 21513
0.29587578773498535, 21512
0.29587578773498535, 21511
0.29587578773498535, 21510
0.29587578773498535, 21509
0.2968173027038574, 21508
0.2968173027038574, 21507
0.2972073554992676, 21506
0.2972073554992676, 21505
0.2972073554992676, 21504
0.2972073554992676, 21503
0.2972073554992676, 21502
0.297818660736084, 21501
0.297818660736084, 21500
0.297818660736084, 21499
0.297818660736084, 21498
0.297818660736084, 21497
0.297818660736084, 21496
0.297818660736084, 21495
0.29882264137268066, 21494
0.29882264137268066, 21493
0.29882264137268066, 21492
0.29882264137268066, 21491
0.29882264137268066, 21490
0.29882264137268066, 21489
0.29882264137268066, 21488
0.299882173538208, 21487
0.299882173538208, 21486
0.299882173538208, 21485
0.299882173538208, 21484
0.299882173538208, 21483
0.299882173538208, 21482
0.299882173538208, 21481
0.3008921146392822, 21480
0.3008921146392822, 21479
0.3008921146392822, 21478
0.3008921146392822, 21477
0.3008921146392822, 21476
0.3008921146392822, 21475
0.3008921146392822, 21474
0.3008921146392822, 21473
0.30189037322998047, 21472
0.30189037322998047, 21471
0.30189037322998047, 21470
0.30189037322998047, 21469
0.30189037322998047, 21468
0.30189037322998047, 21467
0.30289125442504883, 21466
0.30289125442504883, 21465
0.30289125442504883, 21464
0.30289125442504883, 21463
0.30289125442504883, 21462
0.30289125442504883, 21461
0.30289125442504883, 21460
0.30289125442504883, 21459
0.3038904666900635, 21458
0.3038904666900635, 21457
0.3038904666900635, 21456
0.3038904666900635, 21455
0.3038904666900635, 21454
0.3038904666900635, 21453
0.3038904666900635, 21452
0.30495667457580566, 21451
0.30495667457580566, 21450
0.30495667457580566, 21449
0.30495667457580566, 21448
0.305891752243042, 21447
0.305891752243042, 21446
0.305891752243042, 21445
0.305891752243042, 21444
0.305891752243042, 21443
0.305891752243042, 21442
0.30689549446105957, 21441
0.30689549446105957, 21440
0.30689549446105957, 21439
0.30689549446105957, 21438
0.30689549446105957, 21437
0.30689549446105957, 21436
0.30689549446105957, 21435
0.3078944683074951, 21434
0.3078944683074951, 21433
0.3078944683074951, 21432
0.3078944683074951, 21431
0.3078944683074951, 21430
0.3078944683074951, 21429
0.3078944683074951, 21428
0.30889153480529785, 21427
0.30889153480529785, 21426
0.30889153480529785, 21425
0.30889153480529785, 21424
0.30889153480529785, 21423
0.30889153480529785, 21422
0.30889153480529785, 21421
0.3098948001861572, 21420
0.3099710941314697, 21419
0.3099710941314697, 21418
0.3099710941314697, 21417
0.3099710941314697, 21416
0.3099710941314697, 21415
0.3099710941314697, 21414
0.3099710941314697, 21413
0.31098389625549316, 21412
0.31098389625549316, 21411
0.31098389625549316, 21410
0.31098389625549316, 21409
0.31098389625549316, 21408
0.31098389625549316, 21407
0.31098389625549316, 21406
0.3119814395904541, 21405
0.3119814395904541, 21404
0.3119814395904541, 21403
0.3119814395904541, 21402
0.3119814395904541, 21401
0.3119814395904541, 21400
0.3119814395904541, 21399
0.31298255920410156, 21398
0.31298255920410156, 21397
0.31298255920410156, 21396
0.31298255920410156, 21395
0.31298255920410156, 21394
0.31298255920410156, 21393
0.31298255920410156, 21392
0.3139832019805908, 21391
0.3139832019805908, 21390
0.3139832019805908, 21389
0.3139832019805908, 21388
0.3139832019805908, 21387
0.3139832019805908, 21386
0.3139832019805908, 21385
0.31498026847839355, 21384
0.31498026847839355, 21383
0.31498026847839355, 21382
0.31498026847839355, 21381
0.31498026847839355, 21380
0.31498026847839355, 21379
0.31498026847839355, 21378
0.3159809112548828, 21377
0.3159809112548828, 21376
0.3159809112548828, 21375
0.3159809112548828, 21374
0.3159809112548828, 21373
0.3159809112548828, 21372
0.3159809112548828, 21371
0.31698012351989746, 21370
0.31698012351989746, 21369
0.31698012351989746, 21368
0.31698012351989746, 21367
0.31698012351989746, 21366
0.31698012351989746, 21365
0.31698012351989746, 21364
0.31698012351989746, 21363
0.3179798126220703, 21362
0.3179798126220703, 21361
0.3179798126220703, 21360
0.31844496726989746, 21359
0.31844496726989746, 21358
0.31844496726989746, 21357
0.31844496726989746, 21356
0.31898021697998047, 21355
0.31898021697998047, 21354
0.31898021697998047, 21353
0.31898021697998047, 21352
0.31898021697998047, 21351
0.31898021697998047, 21350
0.31898021697998047, 21349
0.31998252868652344, 21348
0.31998252868652344, 21347
0.31998252868652344, 21346
0.31998252868652344, 21345
0.31998252868652344, 21344
0.31998252868652344, 21343
0.3209803104400635, 21342
0.3209803104400635, 21341
0.3209803104400635, 21340
0.3209803104400635, 21339
0.3209803104400635, 21338
0.3209803104400635, 21337
0.3209803104400635, 21336
0.32198119163513184, 21335
0.32198119163513184, 21334
0.32198119163513184, 21333
0.32198119163513184, 21332
0.32198119163513184, 21331
0.32198119163513184, 21330
0.32198119163513184, 21329
0.322981595993042, 21328
0.322981595993042, 21327
0.322981595993042, 21326
0.322981595993042, 21325
0.322981595993042, 21324
0.322981595993042, 21323
0.322981595993042, 21322
0.32398128509521484, 21321
0.32398128509521484, 21320
0.32398128509521484, 21319
0.32398128509521484, 21318
0.32398128509521484, 21317
0.32398128509521484, 21316
0.32398128509521484, 21315
0.3249802589416504, 21314
0.3249802589416504, 21313
0.3249802589416504, 21312
0.3249802589416504, 21311
0.3249802589416504, 21310
0.3249802589416504, 21309
0.3249802589416504, 21308
0.32598018646240234, 21307
0.32598018646240234, 21306
0.32598018646240234, 21305
0.32598018646240234, 21304
0.32598018646240234, 21303
0.32598018646240234, 21302
0.32598018646240234, 21301
0.3269801139831543, 21300
0.3269801139831543, 21299
0.3269801139831543, 21298
0.3269801139831543, 21297
0.3269801139831543, 21296
0.3269801139831543, 21295
0.3269801139831543, 21294
0.3269801139831543, 21293
0.32798075675964355, 21292
0.32798075675964355, 21291
0.32798075675964355, 21290
0.32798075675964355, 21289
0.32798075675964355, 21288
0.32798075675964355, 21287
0.32798075675964355, 21286
0.3289802074432373, 21285
0.3289802074432373, 21284
0.3289802074432373, 21283
0.3289802074432373, 21282
0.3289802074432373, 21281
0.3289802074432373, 21280
0.3289802074432373, 21279
0.32998132705688477, 21278
0.32998132705688477, 21277
0.32998132705688477, 21276
0.32998132705688477, 21275
0.32998132705688477, 21274
0.32998132705688477, 21273
0.32998132705688477, 21272
0.3310110569000244, 21271
0.3310110569000244, 21270
0.3310110569000244, 21269
0.3310110569000244, 21268
0.3310110569000244, 21267
0.3310110569000244, 21266
0.3310110569000244, 21265
0.33200979232788086, 21264
0.33200979232788086, 21263
0.33200979232788086, 21262
0.33200979232788086, 21261
0.33200979232788086, 21260
0.33200979232788086, 21259
0.33200979232788086, 21258
0.3330099582672119, 21257
0.3330099582672119, 21256
0.3330099582672119, 21255
0.3330099582672119, 21254
0.3330099582672119, 21253
0.3330099582672119, 21252
0.3330099582672119, 21251
0.33401036262512207, 21250
0.33401036262512207, 21249
0.33401036262512207, 21248
0.33401036262512207, 21247
0.33401036262512207, 21246
0.33401036262512207, 21245
0.33401036262512207, 21244
0.3350100517272949, 21243
0.3350100517272949, 21242
0.3350100517272949, 21241
0.3350100517272949, 21240
0.3350100517272949, 21239
0.3350100517272949, 21238
0.3350100517272949, 21237
0.3360097408294678, 21236
0.33607959747314453, 21235
0.33607959747314453, 21234
0.33607959747314453, 21233
0.33607959747314453, 21232
0.33607959747314453, 21231
0.33701086044311523, 21230
0.33701086044311523, 21229
0.33701086044311523, 21228
0.33701086044311523, 21227
0.33701086044311523, 21226
0.33701086044311523, 21225
0.33701086044311523, 21224
0.338010311126709, 21223
0.338010311126709, 21222
0.338010311126709, 21221
0.338010311126709, 21220
0.338010311126709, 21219
0.338010311126709, 21218
0.338010311126709, 21217
0.33901000022888184, 21216
0.33901000022888184, 21215
0.33901000022888184, 21214
0.33901000022888184, 21213
0.33901000022888184, 21212
0.33901000022888184, 21211
0.33901000022888184, 21210
0.33991217613220215, 21209
0.33991217613220215, 21208
0.33991217613220215, 21207
0.33991217613220215, 21206
0.33991217613220215, 21205
0.33991217613220215, 21204
0.33991217613220215, 21203
0.34092116355895996, 21202
0.34092116355895996, 21201
0.34092116355895996, 21200
0.34092116355895996, 21199
0.34092116355895996, 21198
0.34092116355895996, 21197
0.34092116355895996, 21196
0.3419201374053955, 21195
0.3419201374053955, 21194
0.3419201374053955, 21193
0.3419201374053955, 21192
0.3419201374053955, 21191
0.3419201374053955, 21190
0.3419201374053955, 21189
0.34292006492614746, 21188
0.34292006492614746, 21187
0.34292006492614746, 21186
0.34292006492614746, 21185
0.34292006492614746, 21184
0.34292006492614746, 21183
0.34292006492614746, 21182
0.3439216613769531, 21181
0.3439216613769531, 21180
0.3439216613769531, 21179
0.3439216613769531, 21178
0.3439216613769531, 21177
0.3439216613769531, 21176
0.3439216613769531, 21175
0.344921350479126, 21174
0.344921350479126, 21173
0.344921350479126, 21172
0.344921350479126, 21171
0.344921350479126, 21170
0.344921350479126, 21169
0.344921350479126, 21168
0.3459196090698242, 21167
0.3459196090698242, 21166
0.3459196090698242, 21165
0.3459196090698242, 21164
0.3459196090698242, 21163
0.3459196090698242, 21162
0.3459196090698242, 21161
0.3469200134277344, 21160
0.3469200134277344, 21159
0.3469200134277344, 21158
0.3469200134277344, 21157
0.3469200134277344, 21156
0.3475611209869385, 21155
0.3475611209869385, 21154
0.34792041778564453, 21153
0.34792041778564453, 21152
0.34792041778564453, 21151
0.34792041778564453, 21150
0.34792041778564453, 21149
0.34792041778564453, 21148
0.34792041778564453, 21147
0.34792041778564453, 21146
0.3489201068878174, 21145
0.3489201068878174, 21144
0.3489201068878174, 21143
0.3489201068878174, 21142
0.3489201068878174, 21141
0.3489201068878174, 21140
0.3489201068878174, 21139
0.34991931915283203, 21138
0.34991931915283203, 21137
0.34991931915283203, 21136
0.34991931915283203, 21135
0.34991931915283203, 21134
0.34991931915283203, 21133
0.34991931915283203, 21132
0.35094475746154785, 21131
0.35094475746154785, 21130
0.35094475746154785, 21129
0.35094475746154785, 21128
0.35094475746154785, 21127
0.35094475746154785, 21126
0.35094475746154785, 21125
0.3519446849822998, 21124
0.3519446849822998, 21123
0.3519446849822998, 21122
0.3519446849822998, 21121
0.3519446849822998, 21120
0.35294580459594727, 21119
0.35294580459594727, 21118
0.35294580459594727, 21117
0.35294580459594727, 21116
0.35294580459594727, 21115
0.35294580459594727, 21114
0.35394787788391113, 21113
0.35394787788391113, 21112
0.35394787788391113, 21111
0.35394787788391113, 21110
0.35394787788391113, 21109
0.35394787788391113, 21108
0.35394787788391113, 21107
0.3549487590789795, 21106
0.3549487590789795, 21105
0.3549487590789795, 21104
0.3549487590789795, 21103
0.3549487590789795, 21102
0.3549487590789795, 21101
0.3549487590789795, 21100
0.3559446334838867, 21099
0.3559446334838867, 21098
0.3559446334838867, 21097
0.3559446334838867, 21096
0.3559446334838867, 21095
0.3559446334838867, 21094
0.3559446334838867, 21093
0.3569447994232178, 21092
0.3569447994232178, 21091
0.3569447994232178, 21090
0.3569447994232178, 21089
0.3569447994232178, 21088
0.3569447994232178, 21087
0.3569447994232178, 21086
0.3579447269439697, 21085
0.3579447269439697, 21084
0.3579447269439697, 21083
0.3579447269439697, 21082
0.3579447269439697, 21081
0.3579447269439697, 21080
0.3579447269439697, 21079
0.3589491844177246, 21078
0.3589491844177246, 21077
0.3591938018798828, 21076
0.3591938018798828, 21075
0.3591938018798828, 21074
0.35971570014953613, 21073
0.35971570014953613, 21072
0.35971570014953613, 21071
0.35971570014953613, 21070
0.35971570014953613, 21069
0.35971570014953613, 21068
0.35971570014953613, 21067
0.36072301864624023, 21066
0.36072301864624023, 21065
0.36072301864624023, 21064
0.36072301864624023, 21063
0.36072301864624023, 21062
0.36072301864624023, 21061
0.36072301864624023, 21060
0.3617229461669922, 21059
0.3617229461669922, 21058
0.3617229461669922, 21057
0.3617229461669922, 21056
0.3617229461669922, 21055
0.3617229461669922, 21054
0.3617229461669922, 21053
0.36272168159484863, 21052
0.36272168159484863, 21051
0.36272168159484863, 21050
0.36272168159484863, 21049
0.36272168159484863, 21048
0.36272168159484863, 21047
0.36272168159484863, 21046
0.36272168159484863, 21045
0.3637223243713379, 21044
0.3637223243713379, 21043
0.3637223243713379, 21042
0.3637223243713379, 21041
0.3637223243713379, 21040
0.3637223243713379, 21039
0.3637223243713379, 21038
0.36472249031066895, 21037
0.36472249031066895, 21036
0.36472249031066895, 21035
0.36472249031066895, 21034
0.36472249031066895, 21033
0.36472249031066895, 21032
0.36472249031066895, 21031
0.3657219409942627, 21030
0.3657219409942627, 21029
0.3657219409942627, 21028
0.3657219409942627, 21027
0.3657219409942627, 21026
0.3657219409942627, 21025
0.3657219409942627, 21024
0.36678481101989746, 21023
0.36678481101989746, 21022
0.36678481101989746, 21021
0.36678481101989746, 21020
0.36678481101989746, 21019
0.3677241802215576, 21018
0.3677241802215576, 21017
0.3677241802215576, 21016
0.3677241802215576, 21015
0.3677241802215576, 21014
0.3677241802215576, 21013
0.3677241802215576, 21012
0.36872291564941406, 21011
0.36872291564941406, 21010
0.36872291564941406, 21009
0.36872291564941406, 21008
0.36872291564941406, 21007
0.36872291564941406, 21006
0.36872291564941406, 21005
0.3697776794433594, 21004
0.3697776794433594, 21003
0.3697776794433594, 21002
0.3697776794433594, 21001
0.3697776794433594, 21000
0.3697776794433594, 20999
0.3697776794433594, 20998
0.3707845211029053, 20997
0.3707845211029053, 20996
0.3707845211029053, 20995
0.3707845211029053, 20994
0.3707845211029053, 20993
0.3707845211029053, 20992
0.3707845211029053, 20991
0.3707845211029053, 20990
0.3717842102050781, 20989
0.3717842102050781, 20988
0.3717842102050781, 20987
0.3717842102050781, 20986
0.3717842102050781, 20985
0.3717842102050781, 20984
0.3717842102050781, 20983
0.3727841377258301, 20982
0.3727841377258301, 20981
0.3727841377258301, 20980
0.3727841377258301, 20979
0.3727841377258301, 20978
0.3727841377258301, 20977
0.3727841377258301, 20976
0.37378430366516113, 20975
0.37378430366516113, 20974
0.37378430366516113, 20973
0.37378430366516113, 20972
0.37378430366516113, 20971
0.37378430366516113, 20970
0.37378430366516113, 20969
0.3747842311859131, 20968
2.476954698562622, 20967
2.4779551029205322, 20966
2.4779551029205322, 20965
2.4779551029205322, 20964
2.4779551029205322, 20963
2.4779551029205322, 20962
2.4779551029205322, 20961
2.478954792022705, 20960
2.478954792022705, 20959
2.478954792022705, 20958
2.478954792022705, 20957
2.478954792022705, 20956
2.478954792022705, 20955
2.478954792022705, 20954
2.479954957962036, 20953
2.479954957962036, 20952
2.479954957962036, 20951
2.479954957962036, 20950
2.479954957962036, 20949
2.479954957962036, 20948
2.479954957962036, 20947
2.480954647064209, 20946
2.480954647064209, 20945
2.480954647064209, 20944
2.480954647064209, 20943
2.480954647064209, 20942
2.480954647064209, 20941
2.480954647064209, 20940
2.4820191860198975, 20939
2.4820191860198975, 20938
2.4820191860198975, 20937
2.4820191860198975, 20936
2.4820191860198975, 20935
2.4820191860198975, 20934
2.4820191860198975, 20933
2.482954740524292, 20932
2.482954740524292, 20931
2.482954740524292, 20930
2.482954740524292, 20929
2.482954740524292, 20928
2.482954740524292, 20927
2.483954906463623, 20926
2.483954906463623, 20925
2.483954906463623, 20924
2.483954906463623, 20923
2.483954906463623, 20922
2.483954906463623, 20921
2.483954906463623, 20920
2.484954595565796, 20919
2.484954595565796, 20918
2.484954595565796, 20917
2.484954595565796, 20916
2.4854793548583984, 20915
2.4854793548583984, 20914
2.4854793548583984, 20913
2.4854793548583984, 20912
2.4854793548583984, 20911
2.4854793548583984, 20910
2.486485481262207, 20909
2.486485481262207, 20908
2.486485481262207, 20907
2.486485481262207, 20906
2.486485481262207, 20905
2.486485481262207, 20904
2.486485481262207, 20903
2.48748517036438, 20902
2.48748517036438, 20901
2.48748517036438, 20900
2.48748517036438, 20899
2.48748517036438, 20898
2.48748517036438, 20897
2.48748517036438, 20896
2.488485097885132, 20895
2.488485097885132, 20894
2.488485097885132, 20893
2.488485097885132, 20892
2.488485097885132, 20891
2.489485740661621, 20890
2.489485740661621, 20889
2.489485740661621, 20888
2.489485740661621, 20887
2.489485740661621, 20886
2.489485740661621, 20885
2.489485740661621, 20884
2.490485429763794, 20883
2.490485429763794, 20882
2.490485429763794, 20881
2.490485429763794, 20880
2.490485429763794, 20879
2.490485429763794, 20878
2.490485429763794, 20877
2.491485357284546, 20876
2.491485357284546, 20875
2.491485357284546, 20874
2.491485357284546, 20873
2.491485357284546, 20872
2.491485357284546, 20871
2.4924850463867188, 20870
2.4924850463867188, 20869
2.4924850463867188, 20868
2.4924850463867188, 20867
2.4924850463867188, 20866
2.4924850463867188, 20865
2.4924850463867188, 20864
2.4934849739074707, 20863
2.4934849739074707, 20862
2.4934849739074707, 20861
2.4934849739074707, 20860
2.4934849739074707, 20859
2.494236707687378, 20858
2.494236707687378, 20857
2.4944851398468018, 20856
2.4944851398468018, 20855
2.4944851398468018, 20854
2.4944851398468018, 20853
2.4944851398468018, 20852
2.4944851398468018, 20851
2.4954850673675537, 20850
2.4954850673675537, 20849
2.4954850673675537, 20848
2.4954850673675537, 20847
2.4954850673675537, 20846
2.4954850673675537, 20845
2.4954850673675537, 20844
2.4964420795440674, 20843
2.4964420795440674, 20842
2.4964420795440674, 20841
2.4964420795440674, 20840
2.4964420795440674, 20839
2.4964420795440674, 20838
2.4964420795440674, 20837
2.4974849224090576, 20836
2.4974849224090576, 20835
2.4974849224090576, 20834
2.4974849224090576, 20833
2.4974849224090576, 20832
2.4974849224090576, 20831
2.498450517654419, 20830
2.498450517654419, 20829
2.498450517654419, 20828
2.498450517654419, 20827
2.498450517654419, 20826
2.498450517654419, 20825
2.498450517654419, 20824
2.499485969543457, 20823
2.499485969543457, 20822
2.499485969543457, 20821
2.499485969543457, 20820
2.499485969543457, 20819
2.499485969543457, 20818
2.499485969543457, 20817
2.500485420227051, 20816
2.500485420227051, 20815
2.500485420227051, 20814
2.500485420227051, 20813
2.500485420227051, 20812
2.500485420227051, 20811
2.501486301422119, 20810
2.501486301422119, 20809
2.501486301422119, 20808
2.501486301422119, 20807
2.501486301422119, 20806
2.501486301422119, 20805
2.501486301422119, 20804
2.502485990524292, 20803
2.502485990524292, 20802
2.502485990524292, 20801
2.502485990524292, 20800
2.502485990524292, 20799
2.502485990524292, 20798
2.502485990524292, 20797
2.5034852027893066, 20796
2.5034852027893066, 20795
2.5034852027893066, 20794
2.5034852027893066, 20793
2.5034852027893066, 20792
2.5034852027893066, 20791
2.504485845565796, 20790
2.504485845565796, 20789
2.504485845565796, 20788
2.504485845565796, 20787
2.504485845565796, 20786
2.504485845565796, 20785
2.504485845565796, 20784
2.5054852962493896, 20783
2.5056865215301514, 20782
2.5056865215301514, 20781
2.5056865215301514, 20780
2.5056865215301514, 20779
2.5056865215301514, 20778
2.5064852237701416, 20777
2.5064852237701416, 20776
2.5064852237701416, 20775
2.5064852237701416, 20774
2.5064852237701416, 20773
2.5064852237701416, 20772
2.5064852237701416, 20771
2.5074851512908936, 20770
2.5074851512908936, 20769
2.5074851512908936, 20768
2.5074851512908936, 20767
2.5074851512908936, 20766
2.5074851512908936, 20765
2.5074851512908936, 20764
2.5084850788116455, 20763
2.5084850788116455, 20762
2.5084850788116455, 20761
2.5084850788116455, 20760
2.5084850788116455, 20759
2.5084850788116455, 20758
2.5094406604766846, 20757
2.5094406604766846, 20756
2.5094406604766846, 20755
2.5094406604766846, 20754
2.5099456310272217, 20753
2.5099456310272217, 20752
2.5099456310272217, 20751
2.5099456310272217, 20750
2.5099456310272217, 20749
2.5099456310272217, 20748
2.5109522342681885, 20747
2.5109522342681885, 20746
2.5109522342681885, 20745
2.5109522342681885, 20744
2.5109522342681885, 20743
2.5109522342681885, 20742
2.5109522342681885, 20741
2.5119521617889404, 20740
2.5119521617889404, 20739
2.5119521617889404, 20738
2.5119521617889404, 20737
2.5119521617889404, 20736
2.5119521617889404, 20735
2.5119521617889404, 20734
2.5129518508911133, 20733
2.5129518508911133, 20732
2.5129518508911133, 20731
2.5129518508911133, 20730
2.5129518508911133, 20729
2.5129518508911133, 20728
2.5139522552490234, 20727
2.5139522552490234, 20726
2.5139522552490234, 20725
2.5139522552490234, 20724
2.5139522552490234, 20723
2.5139522552490234, 20722
2.5139522552490234, 20721
2.5149521827697754, 20720
2.5149521827697754, 20719
2.5149521827697754, 20718
2.5149521827697754, 20717
2.5149521827697754, 20716
2.5149521827697754, 20715
2.5149521827697754, 20714
2.5159521102905273, 20713
2.5159521102905273, 20712
2.5159521102905273, 20711
2.5159521102905273, 20710
2.5159521102905273, 20709
2.5159521102905273, 20708
2.5169517993927, 20707
2.5169517993927, 20706
2.5169517993927, 20705
2.5169517993927, 20704
2.517469644546509, 20703
2.517469644546509, 20702
2.517469644546509, 20701
2.5179519653320312, 20700
2.5179519653320312, 20699
2.5179519653320312, 20698
2.5179519653320312, 20697
2.5179519653320312, 20696
2.5179519653320312, 20695
2.5179519653320312, 20694
2.518951892852783, 20693
2.518951892852783, 20692
2.518951892852783, 20691
2.518951892852783, 20690
2.518951892852783, 20689
2.518951892852783, 20688
2.518951892852783, 20687
2.5199522972106934, 20686
2.5199522972106934, 20685
2.5199522972106934, 20684
2.5199522972106934, 20683
2.5199522972106934, 20682
2.5199522972106934, 20681
2.520953416824341, 20680
2.520953416824341, 20679
2.520953416824341, 20678
2.520953416824341, 20677
2.520953416824341, 20676
2.520953416824341, 20675
2.5219521522521973, 20674
2.5219521522521973, 20673
2.5219521522521973, 20672
2.5219521522521973, 20671
2.5219521522521973, 20670
2.5219521522521973, 20669
2.522879123687744, 20668
2.522952079772949, 20667
2.522952079772949, 20666
2.522952079772949, 20665
2.522952079772949, 20664
2.522952079772949, 20663
2.522952079772949, 20662
2.522952079772949, 20661
2.523951768875122, 20660
2.523951768875122, 20659
2.523951768875122, 20658
2.523951768875122, 20657
2.523951768875122, 20656
2.523951768875122, 20655
2.5249526500701904, 20654
2.5249526500701904, 20653
2.5249526500701904, 20652
2.5249526500701904, 20651
2.5249526500701904, 20650
2.5249526500701904, 20649
2.5249526500701904, 20648
2.5259525775909424, 20647
2.5259525775909424, 20646
2.5259525775909424, 20645
2.5259525775909424, 20644
2.5259525775909424, 20643
2.5259525775909424, 20642
2.5259525775909424, 20641
2.5269525051116943, 20640
2.5269525051116943, 20639
2.5269525051116943, 20638
2.5269525051116943, 20637
2.5269525051116943, 20636
2.5269525051116943, 20635
2.527952194213867, 20634
2.527952194213867, 20633
2.527952194213867, 20632
2.527952194213867, 20631
2.527952194213867, 20630
2.527952194213867, 20629
2.527952194213867, 20628
2.5289523601531982, 20627
2.5289523601531982, 20626
2.5289523601531982, 20625
2.5289523601531982, 20624
2.5289523601531982, 20623
2.5289523601531982, 20622
2.5289523601531982, 20621
2.5299525260925293, 20620
2.5299525260925293, 20619
2.5299525260925293, 20618
2.5299525260925293, 20617
2.5299525260925293, 20616
2.5299525260925293, 20615
2.530998706817627, 20614
2.530998706817627, 20613
2.530998706817627, 20612
2.530998706817627, 20611
2.530998706817627, 20610
2.530998706817627, 20609
2.530998706817627, 20608
2.531998634338379, 20607
2.531998634338379, 20606
2.531998634338379, 20605
2.531998634338379, 20604
2.531998634338379, 20603
2.531998634338379, 20602
2.5329983234405518, 20601
2.5329983234405518, 20600
2.5329983234405518, 20599
2.5334503650665283, 20598
2.5334503650665283, 20597
2.5334503650665283, 20596
2.5334503650665283, 20595
2.533998489379883, 20594
2.533998489379883, 20593
2.533998489379883, 20592
2.533998489379883, 20591
2.533998489379883, 20590
2.533998489379883, 20589
2.533998489379883, 20588
2.534998655319214, 20587
2.534998655319214, 20586
2.5354557037353516, 20585
2.5354557037353516, 20584
2.5354557037353516, 20583
2.5360007286071777, 20582
2.5360007286071777, 20581
2.5360007286071777, 20580
2.5360007286071777, 20579
2.5360007286071777, 20578
2.5360007286071777, 20577
2.5360007286071777, 20576
2.5369997024536133, 20575
2.5369997024536133, 20574
2.5369997024536133, 20573
2.5369997024536133, 20572
2.5369997024536133, 20571
2.5369997024536133, 20570
2.5379996299743652, 20569
2.5379996299743652, 20568
2.5379996299743652, 20567
2.5379996299743652, 20566
2.5379996299743652, 20565
2.5379996299743652, 20564
2.5390002727508545, 20563
2.5390002727508545, 20562
2.5390002727508545, 20561
2.5390002727508545, 20560
2.5390002727508545, 20559
2.5390002727508545, 20558
2.5390002727508545, 20557
2.539998769760132, 20556
2.539998769760132, 20555
2.539998769760132, 20554
2.539998769760132, 20553
2.539998769760132, 20552
2.539998769760132, 20551
2.540999174118042, 20550
2.540999174118042, 20549
2.540999174118042, 20548
2.540999174118042, 20547
2.540999174118042, 20546
2.540999174118042, 20545
2.540999174118042, 20544
2.541999101638794, 20543
2.541999101638794, 20542
2.541999101638794, 20541
2.5424931049346924, 20540
2.5424931049346924, 20539
2.5424931049346924, 20538
2.542998790740967, 20537
2.542998790740967, 20536
2.542998790740967, 20535
2.542998790740967, 20534
2.542998790740967, 20533
2.542998790740967, 20532
2.542998790740967, 20531
2.5439987182617188, 20530
2.5439987182617188, 20529
2.5439987182617188, 20528
2.5439987182617188, 20527
2.5439987182617188, 20526
2.5439987182617188, 20525
2.5449986457824707, 20524
2.5449986457824707, 20523
2.5449986457824707, 20522
2.545457363128662, 20521
2.545457363128662, 20520
2.545457363128662, 20519
2.545457363128662, 20518
2.5459985733032227, 20517
2.5459985733032227, 20516
2.5459985733032227, 20515
2.5459985733032227, 20514
2.5459985733032227, 20513
2.5459985733032227, 20512
2.5469985008239746, 20511
2.5469985008239746, 20510
2.5469985008239746, 20509
2.5469985008239746, 20508
2.5469985008239746, 20507
2.5469985008239746, 20506
2.5469985008239746, 20505
2.5479986667633057, 20504
2.5479986667633057, 20503
2.5479986667633057, 20502
2.5479986667633057, 20501
2.5479986667633057, 20500
2.5479986667633057, 20499
2.5479986667633057, 20498
2.5489983558654785, 20497
2.5489983558654785, 20496
2.5489983558654785, 20495
2.5489983558654785, 20494
2.5489983558654785, 20493
2.5489983558654785, 20492
2.5499987602233887, 20491
2.5499987602233887, 20490
2.5499987602233887, 20489
2.5499987602233887, 20488
2.5499987602233887, 20487
2.5499987602233887, 20486
2.5499987602233887, 20485
2.5509984493255615, 20484
2.5509984493255615, 20483
2.5509984493255615, 20482
2.5509984493255615, 20481
2.5509984493255615, 20480
2.5509984493255615, 20479
2.551999807357788, 20478
2.551999807357788, 20477
2.551999807357788, 20476
2.551999807357788, 20475
2.551999807357788, 20474
2.551999807357788, 20473
2.552999496459961, 20472
2.552999496459961, 20471
2.552999496459961, 20470
2.552999496459961, 20469
2.552999496459961, 20468
2.552999496459961, 20467
2.553999662399292, 20466
2.553999662399292, 20465
2.553999662399292, 20464
2.553999662399292, 20463
2.553999662399292, 20462
2.553999662399292, 20461
2.5549986362457275, 20460
2.5549986362457275, 20459
2.5549986362457275, 20458
2.5549986362457275, 20457
2.5549986362457275, 20456
2.5549986362457275, 20455
2.5549986362457275, 20454
2.5559983253479004, 20453
2.5559983253479004, 20452
2.5559983253479004, 20451
2.5559983253479004, 20450
2.5559983253479004, 20449
2.5559983253479004, 20448
2.556999921798706, 20447
2.556999921798706, 20446
2.556999921798706, 20445
2.556999921798706, 20444
2.556999921798706, 20443
2.556999921798706, 20442
2.556999921798706, 20441
2.5579991340637207, 20440
2.5579991340637207, 20439
2.5579991340637207, 20438
2.5579991340637207, 20437
2.5579991340637207, 20436
2.5579991340637207, 20435
2.55899977684021, 20434
2.55899977684021, 20433
2.55899977684021, 20432
2.55899977684021, 20431
2.55899977684021, 20430
2.55899977684021, 20429
2.55899977684021, 20428
2.5599987506866455, 20427
2.5599987506866455, 20426
2.5599987506866455, 20425
2.5599987506866455, 20424
2.5599987506866455, 20423
2.5599987506866455, 20422
2.5609993934631348, 20421
2.5609993934631348, 20420
2.5609993934631348, 20419
2.5609993934631348, 20418
2.5609993934631348, 20417
2.5609993934631348, 20416
2.5609993934631348, 20415
2.5619990825653076, 20414
2.5619990825653076, 20413
2.5619990825653076, 20412
2.5619990825653076, 20411
2.5619990825653076, 20410
2.5619990825653076, 20409
2.5629990100860596, 20408
2.5629990100860596, 20407
2.5629990100860596, 20406
2.5629990100860596, 20405
2.5629990100860596, 20404
2.5629990100860596, 20403
2.5629990100860596, 20402
2.563999891281128, 20401
2.563999891281128, 20400
2.563999891281128, 20399
2.563999891281128, 20398
2.563999891281128, 20397
2.563999891281128, 20396
2.5649986267089844, 20395
2.5649986267089844, 20394
2.5649986267089844, 20393
2.5649986267089844, 20392
2.5649986267089844, 20391
2.5649986267089844, 20390
2.5659995079040527, 20389
2.5659995079040527, 20388
2.5659995079040527, 20387
2.5659995079040527, 20386
2.5659995079040527, 20385
2.5659995079040527, 20384
2.567000150680542, 20383
2.567000150680542, 20382
2.567000150680542, 20381
2.567000150680542, 20380
2.567000150680542, 20379
2.567000150680542, 20378
2.568000078201294, 20377
2.568000078201294, 20376
2.568000078201294, 20375
2.568000078201294, 20374
2.568000078201294, 20373
2.569000005722046, 20372
2.569000005722046, 20371
2.569000005722046, 20370
2.569000005722046, 20369
2.569000005722046, 20368
2.569000005722046, 20367
2.5699987411499023, 20366
2.5699987411499023, 20365
2.5699987411499023, 20364
2.5699987411499023, 20363
2.5699987411499023, 20362
2.5699987411499023, 20361
2.5699987411499023, 20360
2.5709993839263916, 20359
2.5709993839263916, 20358
2.5709993839263916, 20357
2.5709993839263916, 20356
2.5709993839263916, 20355
2.5709993839263916, 20354
2.5709993839263916, 20353
2.5719985961914062, 20352
2.5719985961914062, 20351
2.5719985961914062, 20350
2.5719985961914062, 20349
2.5719985961914062, 20348
2.5719985961914062, 20347
2.572998285293579, 20346
2.572998285293579, 20345
2.572998285293579, 20344
2.5734381675720215, 20343
2.5734381675720215, 20342
2.5734381675720215, 20341
2.5739996433258057, 20340
2.5739996433258057, 20339
2.5739996433258057, 20338
2.5739996433258057, 20337
2.5739996433258057, 20336
2.5739996433258057, 20335
2.5739996433258057, 20334
2.5749998092651367, 20333
2.5749998092651367, 20332
2.5749998092651367, 20331
2.5749998092651367, 20330
2.5749998092651367, 20329
2.5749998092651367, 20328
2.5759987831115723, 20327
2.5759987831115723, 20326
2.5759987831115723, 20325
2.5759987831115723, 20324
2.5759987831115723, 20323
2.5759987831115723, 20322
2.5769991874694824, 20321
2.5769991874694824, 20320
2.5769991874694824, 20319
2.5769991874694824, 20318
2.5769991874694824, 20317
2.5769991874694824, 20316
2.5769991874694824, 20315
2.5779988765716553, 20314
2.5779988765716553, 20313
2.5779988765716553, 20312
2.5779988765716553, 20311
2.5779988765716553, 20310
2.5779988765716553, 20309
2.5779988765716553, 20308
2.578998565673828, 20307
2.578998565673828, 20306
2.578998565673828, 20305
2.578998565673828, 20304
2.578998565673828, 20303
2.578998565673828, 20302
2.5799992084503174, 20301
2.5799992084503174, 20300
2.5799992084503174, 20299
2.5799992084503174, 20298
2.5799992084503174, 20297
2.5799992084503174, 20296
2.5809993743896484, 20295
2.5809993743896484, 20294
2.5809993743896484, 20293
2.5809993743896484, 20292
2.5809993743896484, 20291
2.5809993743896484, 20290
2.582000255584717, 20289
2.582000255584717, 20288
2.582000255584717, 20287
2.582000255584717, 20286
2.582000255584717, 20285
2.582000255584717, 20284
2.582000255584717, 20283
2.583054304122925, 20282
2.583054304122925, 20281
2.583054304122925, 20280
2.583054304122925, 20279
2.583054304122925, 20278
2.584001064300537, 20277
2.584001064300537, 20276
2.584001064300537, 20275
2.584001064300537, 20274
2.584001064300537, 20273
2.584001064300537, 20272
2.584001064300537, 20271
2.585002899169922, 20270
2.585002899169922, 20269
2.585002899169922, 20268
2.585002899169922, 20267
2.585002899169922, 20266
2.585002899169922, 20265
2.585002899169922, 20264
2.586000680923462, 20263
2.586000680923462, 20262
2.586000680923462, 20261
2.586000680923462, 20260
2.586000680923462, 20259
2.586000680923462, 20258
2.587000846862793, 20257
2.587000846862793, 20256
2.587000846862793, 20255
2.587000846862793, 20254
2.587000846862793, 20253
2.587000846862793, 20252
2.587000846862793, 20251
2.588001251220703, 20250
2.588001251220703, 20249
2.588286876678467, 20248
2.588286876678467, 20247
2.588286876678467, 20246
2.588286876678467, 20245
2.588286876678467, 20244
2.588998794555664, 20243
2.588998794555664, 20242
2.588998794555664, 20241
2.588998794555664, 20240
2.588998794555664, 20239
2.588998794555664, 20238
2.588998794555664, 20237
2.5900022983551025, 20236
2.5900022983551025, 20235
2.5900022983551025, 20234
2.5900022983551025, 20233
2.5900022983551025, 20232
2.5900022983551025, 20231
2.591001033782959, 20230
2.591001033782959, 20229
2.591001033782959, 20228
2.591001033782959, 20227
2.591001033782959, 20226
2.591001033782959, 20225
2.591001033782959, 20224
2.5920028686523438, 20223
2.5920028686523438, 20222
2.5920028686523438, 20221
2.5920028686523438, 20220
2.5920028686523438, 20219
2.5920028686523438, 20218
2.5920028686523438, 20217
2.593003034591675, 20216
2.593003034591675, 20215
2.593003034591675, 20214
2.593003034591675, 20213
2.593003034591675, 20212
2.593003034591675, 20211
2.5940017700195312, 20210
2.5940017700195312, 20209
2.5940017700195312, 20208
2.5940017700195312, 20207
2.5940017700195312, 20206
2.5940017700195312, 20205
2.5940017700195312, 20204
2.595001220703125, 20203
2.595001220703125, 20202
2.595001220703125, 20201
2.595001220703125, 20200
2.595001220703125, 20199
2.595001220703125, 20198
2.595001220703125, 20197
2.5959999561309814, 20196
2.5959999561309814, 20195
2.5959999561309814, 20194
2.5959999561309814, 20193
2.5959999561309814, 20192
2.5959999561309814, 20191
2.5959999561309814, 20190
2.5970005989074707, 20189
2.5970005989074707, 20188
2.5970005989074707, 20187
2.5970005989074707, 20186
2.5970005989074707, 20185
2.5970005989074707, 20184
2.598001480102539, 20183
2.598001480102539, 20182
2.598001480102539, 20181
2.598001480102539, 20180
2.598001480102539, 20179
2.598001480102539, 20178
2.598001480102539, 20177
2.598998546600342, 20176
2.598998546600342, 20175
2.598998546600342, 20174
2.598998546600342, 20173
2.598998546600342, 20172
2.598998546600342, 20171
2.599998950958252, 20170
2.599998950958252, 20169
2.599998950958252, 20168
2.599998950958252, 20167
2.599998950958252, 20166
2.600998640060425, 20165
2.600998640060425, 20164
2.600998640060425, 20163
2.600998640060425, 20162
2.600998640060425, 20161
2.600998640060425, 20160
2.6019985675811768, 20159
2.6019985675811768, 20158
2.6019985675811768, 20157
2.6019985675811768, 20156
2.6019985675811768, 20155
2.6019985675811768, 20154
2.6029984951019287, 20153
2.6029984951019287, 20152
2.6029984951019287, 20151
2.6029984951019287, 20150
2.6029984951019287, 20149
2.6029984951019287, 20148
2.6039981842041016, 20147
2.6039981842041016, 20146
2.6039981842041016, 20145
2.6039981842041016, 20144
2.6039981842041016, 20143
2.6039981842041016, 20142
2.6039981842041016, 20141
2.6049983501434326, 20140
2.6049983501434326, 20139
2.6049983501434326, 20138
2.6049983501434326, 20137
2.6049983501434326, 20136
2.6049983501434326, 20135
2.6049983501434326, 20134
2.6059987545013428, 20133
2.6059987545013428, 20132
2.6059987545013428, 20131
2.6059987545013428, 20130
2.6059987545013428, 20129
2.6059987545013428, 20128
2.6069982051849365, 20127
2.6069982051849365, 20126
2.6069982051849365, 20125
2.6069982051849365, 20124
2.6069982051849365, 20123
2.6069982051849365, 20122
2.6069982051849365, 20121
2.6080009937286377, 20120
2.6080009937286377, 20119
2.6080009937286377, 20118
2.6080009937286377, 20117
2.6080009937286377, 20116
2.6080009937286377, 20115
2.6080009937286377, 20114
2.6090002059936523, 20113
2.6090002059936523, 20112
2.6090002059936523, 20111
2.60943603515625, 20110
2.60943603515625, 20109
2.60943603515625, 20108
2.6099424362182617, 20107
2.6099424362182617, 20106
2.6099424362182617, 20105
2.6099424362182617, 20104
2.6099424362182617, 20103
2.6099424362182617, 20102
2.6099424362182617, 20101
2.6109519004821777, 20100
2.6109519004821777, 20099
2.6109519004821777, 20098
2.6109519004821777, 20097
2.6109519004821777, 20096
2.6109519004821777, 20095
2.6109519004821777, 20094
2.6119518280029297, 20093
2.6119518280029297, 20092
2.6119518280029297, 20091
2.6119518280029297, 20090
2.6119518280029297, 20089
2.6119518280029297, 20088
2.612952470779419, 20087
2.612952470779419, 20086
2.612952470779419, 20085
2.612952470779419, 20084
2.612952470779419, 20083
2.612952470779419, 20082
2.612952470779419, 20081
2.6139519214630127, 20080
2.6139519214630127, 20079
2.6139519214630127, 20078
2.6139519214630127, 20077
2.6139519214630127, 20076
2.6139519214630127, 20075
2.6149513721466064, 20074
2.6149513721466064, 20073
2.6149513721466064, 20072
2.6149513721466064, 20071
2.6149513721466064, 20070
2.6149513721466064, 20069
2.6149513721466064, 20068
2.615952491760254, 20067
2.615952491760254, 20066
2.615952491760254, 20065
2.615952491760254, 20064
2.615952491760254, 20063
2.615952491760254, 20062
2.6169512271881104, 20061
2.6169512271881104, 20060
2.6169512271881104, 20059
2.6169512271881104, 20058
2.6169512271881104, 20057
2.6169512271881104, 20056
2.6169512271881104, 20055
2.617950916290283, 20054
2.617950916290283, 20053
2.617950916290283, 20052
2.617950916290283, 20051
2.617950916290283, 20050
2.617950916290283, 20049
2.617950916290283, 20048
2.618952989578247, 20047
2.618952989578247, 20046
2.618952989578247, 20045
2.618952989578247, 20044
2.618952989578247, 20043
2.618952989578247, 20042
2.618952989578247, 20041
2.6199538707733154, 20040
2.6199538707733154, 20039
2.6199538707733154, 20038
2.6199538707733154, 20037
2.6199538707733154, 20036
2.6199538707733154, 20035
2.6199538707733154, 20034
2.6210086345672607, 20033
2.6210086345672607, 20032
2.6210086345672607, 20031
2.6210086345672607, 20030
2.6210086345672607, 20029
2.6210086345672607, 20028
2.6220078468322754, 20027
2.6220078468322754, 20026
2.6220078468322754, 20025
2.6220078468322754, 20024
2.6220078468322754, 20023
2.6220078468322754, 20022
2.6220078468322754, 20021
2.62300705909729, 20020
2.62300705909729, 20019
2.62300705909729, 20018
2.62300705909729, 20017
2.62300705909729, 20016
2.62300705909729, 20015
2.62300705909729, 20014
2.6240074634552, 20013
2.6240074634552, 20012
2.6240074634552, 20011
2.6240074634552, 20010
2.6240074634552, 20009
2.6240074634552, 20008
2.6240074634552, 20007
2.6250083446502686, 20006
2.6250083446502686, 20005
2.6250083446502686, 20004
2.6250083446502686, 20003
2.6250083446502686, 20002
2.6250083446502686, 20001
2.6250083446502686, 20000
2.626006841659546, 19999
2.626006841659546, 19998
2.626006841659546, 19997
2.626006841659546, 19996
2.626006841659546, 19995
2.626006841659546, 19994
2.6270055770874023, 19993
2.6270055770874023, 19992
2.6270055770874023, 19991
2.62744402885437, 19990
2.62744402885437, 19989
2.62744402885437, 19988
2.62744402885437, 19987
2.6280109882354736, 19986
2.6280109882354736, 19985
2.6280109882354736, 19984
2.6280109882354736, 19983
2.6280109882354736, 19982
2.6280109882354736, 19981
2.6280109882354736, 19980
2.6290080547332764, 19979
2.6290080547332764, 19978
2.6290080547332764, 19977
2.6290080547332764, 19976
2.6290080547332764, 19975
2.6290080547332764, 19974
2.6290080547332764, 19973
2.63000750541687, 19972
2.63000750541687, 19971
2.63000750541687, 19970
2.63000750541687, 19969
2.63000750541687, 19968
2.63000750541687, 19967
2.631012439727783, 19966
2.631012439727783, 19965
2.631012439727783, 19964
2.631012439727783, 19963
2.631012439727783, 19962
2.631012439727783, 19961
2.631012439727783, 19960
2.6320128440856934, 19959
2.6320128440856934, 19958
2.6320128440856934, 19957
2.6320128440856934, 19956
2.6320128440856934, 19955
2.6320128440856934, 19954
2.6330087184906006, 19953
2.6330087184906006, 19952
2.6330087184906006, 19951
2.6330087184906006, 19950
2.6330087184906006, 19949
2.6330087184906006, 19948
2.6330087184906006, 19947
2.634007453918457, 19946
2.634007453918457, 19945
2.634007453918457, 19944
2.634007453918457, 19943
2.634007453918457, 19942
2.634007453918457, 19941
2.634007453918457, 19940
2.6350085735321045, 19939
2.6350085735321045, 19938
2.6350085735321045, 19937
2.6350085735321045, 19936
2.6350085735321045, 19935
2.6350085735321045, 19934
2.6350085735321045, 19933
2.6360080242156982, 19932
2.6360080242156982, 19931
2.6360080242156982, 19930
2.6360080242156982, 19929
2.6360080242156982, 19928
2.6360080242156982, 19927
2.6370062828063965, 19926
2.6370062828063965, 19925
2.6370062828063965, 19924
2.6370062828063965, 19923
2.6370062828063965, 19922
2.6370062828063965, 19921
2.6370062828063965, 19920
2.638010025024414, 19919
2.638010025024414, 19918
2.638010025024414, 19917
2.638010025024414, 19916
2.638010025024414, 19915
2.638010025024414, 19914
2.638010025024414, 19913
2.639009952545166, 19912
2.639009952545166, 19911
2.639009952545166, 19910
2.639009952545166, 19909
2.639009952545166, 19908
2.639009952545166, 19907
2.639009952545166, 19906
2.640007495880127, 19905
2.640007495880127, 19904
2.640007495880127, 19903
2.640007495880127, 19902
2.640007495880127, 19901
2.640007495880127, 19900
2.640007495880127, 19899
2.6410086154937744, 19898
2.6410086154937744, 19897
2.6410086154937744, 19896
2.6410086154937744, 19895
2.6410086154937744, 19894
2.6410086154937744, 19893
2.6420092582702637, 19892
2.6420092582702637, 19891
2.6420092582702637, 19890
2.6420092582702637, 19889
2.6420092582702637, 19888
2.6420092582702637, 19887
2.6420092582702637, 19886
2.6430060863494873, 19885
2.6430060863494873, 19884
2.6430060863494873, 19883
2.6430060863494873, 19882
2.6430060863494873, 19881
2.6430060863494873, 19880
2.6430060863494873, 19879
2.6440083980560303, 19878
2.6440083980560303, 19877
2.6440083980560303, 19876
2.6440083980560303, 19875
2.6440083980560303, 19874
2.644745111465454, 19873
2.6450092792510986, 19872
2.6450092792510986, 19871
2.6450092792510986, 19870
2.6450092792510986, 19869
2.6450092792510986, 19868
2.6450092792510986, 19867
2.6450092792510986, 19866
2.646007776260376, 19865
2.646007776260376, 19864
2.646007776260376, 19863
2.646007776260376, 19862
2.646007776260376, 19861
2.646007776260376, 19860
2.6470067501068115, 19859
2.6470067501068115, 19858
2.6470067501068115, 19857
2.6473515033721924, 19856
2.6473515033721924, 19855
2.6473515033721924, 19854
2.6473515033721924, 19853
2.6480112075805664, 19852
2.6480112075805664, 19851
2.6480112075805664, 19850
2.6480112075805664, 19849
2.6480112075805664, 19848
2.6480112075805664, 19847
2.6480112075805664, 19846
2.6490073204040527, 19845
2.6490073204040527, 19844
2.6490073204040527, 19843
2.6490073204040527, 19842
2.6490073204040527, 19841
2.6490073204040527, 19840
2.6490073204040527, 19839
2.650007486343384, 19838
2.650007486343384, 19837
2.650007486343384, 19836
2.650007486343384, 19835
2.650007486343384, 19834
2.650007486343384, 19833
2.6510088443756104, 19832
2.6510088443756104, 19831
2.6510088443756104, 19830
2.6510088443756104, 19829
2.6510088443756104, 19828
2.6510088443756104, 19827
2.6510088443756104, 19826
2.6520087718963623, 19825
2.6520087718963623, 19824
2.6520087718963623, 19823
2.6520087718963623, 19822
2.6520087718963623, 19821
2.6520087718963623, 19820
2.6520087718963623, 19819
2.6530063152313232, 19818
2.6530063152313232, 19817
2.6530063152313232, 19816
2.653454065322876, 19815
2.653454065322876, 19814
2.653454065322876, 19813
2.653454065322876, 19812
2.6540091037750244, 19811
2.6540091037750244, 19810
2.6540091037750244, 19809
2.6540091037750244, 19808
2.6540091037750244, 19807
2.6540091037750244, 19806
2.6550071239471436, 19805
2.6550071239471436, 19804
2.6550071239471436, 19803
2.655442476272583, 19802
2.655442476272583, 19801
2.655442476272583, 19800
2.655442476272583, 19799
2.656008720397949, 19798
2.656008720397949, 19797
2.656008720397949, 19796
2.656008720397949, 19795
2.656008720397949, 19794
2.656008720397949, 19793
2.656008720397949, 19792
2.6570076942443848, 19791
2.6570076942443848, 19790
2.6570076942443848, 19789
2.6570076942443848, 19788
2.6570076942443848, 19787
2.6570076942443848, 19786
2.6579744815826416, 19785
2.6579744815826416, 19784
2.6579744815826416, 19783
2.6579744815826416, 19782
2.6579744815826416, 19781
2.6579744815826416, 19780
2.6579744815826416, 19779
2.6590073108673096, 19778
2.6590073108673096, 19777
2.6590073108673096, 19776
2.6590073108673096, 19775
2.6590073108673096, 19774
2.6590073108673096, 19773
2.6599252223968506, 19772
2.65999436378479, 19771
2.65999436378479, 19770
2.65999436378479, 19769
2.65999436378479, 19768
2.65999436378479, 19767
2.660936117172241, 19766
2.660936117172241, 19765
2.660936117172241, 19764
2.660936117172241, 19763
2.660936117172241, 19762
2.660936117172241, 19761
2.660936117172241, 19760
2.661937713623047, 19759
2.661937713623047, 19758
2.661937713623047, 19757
2.661937713623047, 19756
2.661937713623047, 19755
2.661937713623047, 19754
2.661937713623047, 19753
2.6629347801208496, 19752
2.6629347801208496, 19751
2.6629347801208496, 19750
2.6629347801208496, 19749
2.6629347801208496, 19748
2.6629347801208496, 19747
2.663933753967285, 19746
2.6640496253967285, 19745
2.6640496253967285, 19744
3.0289881229400635, 16937
3.0289881229400635, 16936
3.0289881229400635, 16935
3.0289881229400635, 16934
3.0289881229400635, 16933
3.029991388320923, 16932
3.029991388320923, 16931
3.029991388320923, 16930
3.029991388320923, 16929
3.029991388320923, 16928
3.029991388320923, 16927
3.029991388320923, 16926
3.0309903621673584, 16925
3.0309903621673584, 16924
3.0309903621673584, 16923
3.0309903621673584, 16922
3.0309903621673584, 16921
3.0309903621673584, 16920
3.0319933891296387, 16919
3.0319933891296387, 16918
3.0319933891296387, 16917
3.0319933891296387, 16916
3.0319933891296387, 16915
3.0319933891296387, 16914
3.0319933891296387, 16913
3.0329909324645996, 16912
3.0329909324645996, 16911
3.0329909324645996, 16910
3.0329909324645996, 16909
3.0329909324645996, 16908
3.0329909324645996, 16907
3.0339903831481934, 16906
3.0339903831481934, 16905
3.0339903831481934, 16904
3.0339903831481934, 16903
3.0339903831481934, 16902
3.0339903831481934, 16901
3.0349924564361572, 16900
3.0349924564361572, 16899
3.0349924564361572, 16898
3.0354366302490234, 16897
3.0354366302490234, 16896
3.0354366302490234, 16895
3.0354366302490234, 16894
3.035989761352539, 16893
3.035989761352539, 16892
3.035989761352539, 16891
3.035989761352539, 16890
3.035989761352539, 16889
3.035989761352539, 16888
3.037048101425171, 16887
3.037048101425171, 16886
3.037048101425171, 16885
3.037048101425171, 16884
3.0379908084869385, 16883
3.0379908084869385, 16882
3.0379908084869385, 16881
3.0379908084869385, 16880
3.038989305496216, 16879
3.038989305496216, 16878
3.038989305496216, 16877
3.0399904251098633, 16876
3.0399904251098633, 16875
3.0399904251098633, 16874
3.0399904251098633, 16873
3.0399904251098633, 16872
3.0409939289093018, 16871
3.0409939289093018, 16870
3.0409939289093018, 16869
3.0409939289093018, 16868
3.0409939289093018, 16867
3.0409939289093018, 16866
3.0419914722442627, 16865
3.0419914722442627, 16864
3.0419914722442627, 16863
3.0419914722442627, 16862
3.0419914722442627, 16861
3.0419914722442627, 16860
3.0419914722442627, 16859
3.04299259185791, 16858
3.04299259185791, 16857
3.04299259185791, 16856
3.04299259185791, 16855
3.04299259185791, 16854
3.04299259185791, 16853
3.0439915657043457, 16852
3.0439915657043457, 16851
3.0439915657043457, 16850
3.0439915657043457, 16849
3.0439915657043457, 16848
3.0439915657043457, 16847
3.044992208480835, 16846
3.044992208480835, 16845
3.044992208480835, 16844
3.044992208480835, 16843
3.044992208480835, 16842
3.044992208480835, 16841
3.044992208480835, 16840
3.0459911823272705, 16839
3.0459911823272705, 16838
3.0459911823272705, 16837
3.0459911823272705, 16836
3.0459911823272705, 16835
3.0459911823272705, 16834
3.0469882488250732, 16833
3.0469882488250732, 16832
3.0469882488250732, 16831
3.0469882488250732, 16830
3.0469882488250732, 16829
3.0469882488250732, 16828
3.0479938983917236, 16827
3.0479938983917236, 16826
3.0479938983917236, 16825
3.0479938983917236, 16824
3.0479938983917236, 16823
3.0479938983917236, 16822
3.0479938983917236, 16821
3.0489909648895264, 16820
3.0489909648895264, 16819
3.0489909648895264, 16818
3.0489909648895264, 16817
3.0489909648895264, 16816
3.0489909648895264, 16815
3.0499887466430664, 16814
3.0499887466430664, 16813
3.0499887466430664, 16812
3.0499887466430664, 16811
3.0499887466430664, 16810
3.0499887466430664, 16809
3.0509884357452393, 16808
3.0509884357452393, 16807
3.0509884357452393, 16806
3.0509884357452393, 16805
3.0509884357452393, 16804
3.0509884357452393, 16803
3.0509884357452393, 16802
3.051990509033203, 16801
3.051990509033203, 16800
3.051990509033203, 16799
3.051990509033203, 16798
3.051990509033203, 16797
3.051990509033203, 16796
3.052989959716797, 16795
3.052989959716797, 16794
3.052989959716797, 16793
3.052989959716797, 16792
3.052989959716797, 16791
3.052989959716797, 16790
3.0539886951446533, 16789
3.0539886951446533, 16788
3.0539886951446533, 16787
3.0539886951446533, 16786
3.0539886951446533, 16785
3.0539886951446533, 16784
3.0549886226654053, 16783
3.0549886226654053, 16782
3.0549886226654053, 16781
3.0549886226654053, 16780
3.0549886226654053, 16779
3.0549886226654053, 16778
3.0559895038604736, 16777
3.0559895038604736, 16776
3.0559895038604736, 16775
3.0559895038604736, 16774
3.0559895038604736, 16773
3.0559895038604736, 16772
3.0559895038604736, 16771
3.056988477706909, 16770
3.056988477706909, 16769
3.056988477706909, 16768
3.056988477706909, 16767
3.056988477706909, 16766
3.056988477706909, 16765
3.0579919815063477, 16764
3.0579919815063477, 16763
3.0579919815063477, 16762
3.0579919815063477, 16761
3.0579919815063477, 16760
3.0579919815063477, 16759
3.0589935779571533, 16758
3.0589935779571533, 16757
3.0589935779571533, 16756
3.0589935779571533, 16755
3.0589935779571533, 16754
3.0589935779571533, 16753
3.0589935779571533, 16752
3.0599889755249023, 16751
3.0599889755249023, 16750
3.0599889755249023, 16749
3.0599889755249023, 16748
3.0599889755249023, 16747
3.0599889755249023, 16746
3.06099009513855, 16745
3.06099009513855, 16744
3.06099009513855, 16743
3.06099009513855, 16742
3.06099009513855, 16741
3.06099009513855, 16740
3.0619924068450928, 16739
3.0619924068450928, 16738
3.0619924068450928, 16737
3.0619924068450928, 16736
3.0619924068450928, 16735
3.0619924068450928, 16734
3.0619924068450928, 16733
3.062988758087158, 16732
3.062988758087158, 16731
3.062988758087158, 16730
3.062988758087158, 16729
3.062988758087158, 16728
3.062988758087158, 16727
3.06398868560791, 16726
3.06398868560791, 16725
3.06398868560791, 16724
3.06398868560791, 16723
3.06398868560791, 16722
3.06398868560791, 16721
3.06398868560791, 16720
3.0649919509887695, 16719
3.0649919509887695, 16718
3.0649919509887695, 16717
3.0649919509887695, 16716
3.0649919509887695, 16715
3.0649919509887695, 16714
3.065988302230835, 16713
3.065988302230835, 16712
3.065988302230835, 16711
3.065988302230835, 16710
3.065988302230835, 16709
3.065988302230835, 16708
3.066988229751587, 16707
3.066988229751587, 16706
3.066988229751587, 16705
3.066988229751587, 16704
3.066988229751587, 16703
3.066988229751587, 16702
3.0679900646209717, 16701
3.0679900646209717, 16700
3.0679900646209717, 16699
3.0679900646209717, 16698
3.0679900646209717, 16697
3.0679900646209717, 16696
3.0679900646209717, 16695
3.0689890384674072, 16694
3.0689890384674072, 16693
3.0689890384674072, 16692
3.0689890384674072, 16691
3.0689890384674072, 16690
3.06998872756958, 16689
3.06998872756958, 16688
3.06998872756958, 16687
3.06998872756958, 16686
3.06998872756958, 16685
3.06998872756958, 16684
3.06998872756958, 16683
3.0709893703460693, 16682
3.0709893703460693, 16681
3.0709893703460693, 16680
3.0709893703460693, 16679
3.0709893703460693, 16678
3.0709893703460693, 16677
3.071988821029663, 16676
3.071988821029663, 16675
3.071988821029663, 16674
3.071988821029663, 16673
3.071988821029663, 16672
3.071988821029663, 16671
3.0729875564575195, 16670
3.0730791091918945, 16669
3.0730791091918945, 16668
3.0730791091918945, 16667
3.0730791091918945, 16666
3.0730791091918945, 16665
3.073989152908325, 16664
3.073989152908325, 16663
3.073989152908325, 16662
3.073989152908325, 16661
3.073989152908325, 16660
3.073989152908325, 16659
3.073989152908325, 16658
3.0749897956848145, 16657
3.0749897956848145, 16656
3.0749897956848145, 16655
3.0749897956848145, 16654
3.0749897956848145, 16653
3.0749897956848145, 16652
3.0759875774383545, 16651
3.0759875774383545, 16650
3.0759875774383545, 16649
3.0759875774383545, 16648
3.0759875774383545, 16647
3.0759875774383545, 16646
3.0759875774383545, 16645
3.0769879817962646, 16644
3.0769879817962646, 16643
3.0769879817962646, 16642
3.0769879817962646, 16641
3.0769879817962646, 16640
3.0769879817962646, 16639
3.077989339828491, 16638
3.077989339828491, 16637
3.077989339828491, 16636
3.077989339828491, 16635
3.077989339828491, 16634
3.077989339828491, 16633
3.078989028930664, 16632
3.078989028930664, 16631
3.078989028930664, 16630
3.078989028930664, 16629
3.078989028930664, 16628
3.078989028930664, 16627
3.0799717903137207, 16626
3.0799717903137207, 16625
3.0799717903137207, 16624
3.0799717903137207, 16623
3.0799717903137207, 16622
3.0799717903137207, 16621
3.0799717903137207, 16620
3.080983877182007, 16619
3.080983877182007, 16618
3.080983877182007, 16617
3.080983877182007, 16616
3.080983877182007, 16615
3.080983877182007, 16614
3.0819814205169678, 16613
3.0819814205169678, 16612
3.0819814205169678, 16611
3.0819814205169678, 16610
3.0819814205169678, 16609
3.0819814205169678, 16608
3.082979202270508, 16607
3.082979202270508, 16606
3.082979202270508, 16605
3.082979202270508, 16604
3.082979202270508, 16603
3.082979202270508, 16602
3.082979202270508, 16601
3.083980083465576, 16600
3.083980083465576, 16599
3.083980083465576, 16598
3.083980083465576, 16597
3.08467173576355, 16596
3.08467173576355, 16595
3.085181474685669, 16594
3.085181474685669, 16593
3.085181474685669, 16592
3.085181474685669, 16591
3.085181474685669, 16590
3.0862014293670654, 16589
3.0862014293670654, 16588
3.0862014293670654, 16587
3.0862014293670654, 16586
3.0862014293670654, 16585
3.0862014293670654, 16584
3.087196111679077, 16583
3.087196111679077, 16582
3.087196111679077, 16581
3.087196111679077, 16580
3.0881950855255127, 16579
3.0881950855255127, 16578
3.0881950855255127, 16577
3.0881950855255127, 16576
3.0881950855255127, 16575
3.0891940593719482, 16574
3.0891940593719482, 16573
3.0891940593719482, 16572
3.0891940593719482, 16571
3.0891940593719482, 16570
3.0891940593719482, 16569
3.0901939868927, 16568
3.0901939868927, 16567
3.0901939868927, 16566
3.0901939868927, 16565
3.0901939868927, 16564
3.0911970138549805, 16563
3.0911970138549805, 16562
3.0911970138549805, 16561
3.0911970138549805, 16560
3.0911970138549805, 16559
3.0911970138549805, 16558
3.0921947956085205, 16557
3.0921947956085205, 16556
3.0921947956085205, 16555
3.0921947956085205, 16554
3.0921947956085205, 16553
3.0921947956085205, 16552
3.0921947956085205, 16551
3.093193531036377, 16550
3.093193531036377, 16549
3.093193531036377, 16548
3.093193531036377, 16547
3.093193531036377, 16546
3.093193531036377, 16545
3.09419322013855, 16544
3.09419322013855, 16543
3.09419322013855, 16542
3.09419322013855, 16541
3.09419322013855, 16540
3.09419322013855, 16539
3.095193386077881, 16538
3.095193386077881, 16537
3.095193386077881, 16536
3.095193386077881, 16535
3.095193386077881, 16534
3.095193386077881, 16533
3.0961930751800537, 16532
3.0961930751800537, 16531
3.0961930751800537, 16530
3.0961930751800537, 16529
3.0961930751800537, 16528
3.0961930751800537, 16527
3.0971925258636475, 16526
3.0971925258636475, 16525
3.0971925258636475, 16524
3.0971925258636475, 16523
3.0971925258636475, 16522
3.0971925258636475, 16521
3.0971925258636475, 16520
3.0981926918029785, 16519
3.0981926918029785, 16518
3.0981926918029785, 16517
3.0981926918029785, 16516
3.0981926918029785, 16515
3.0981926918029785, 16514
3.0991933345794678, 16513
3.0991933345794678, 16512
3.0991933345794678, 16511
3.0991933345794678, 16510
3.100003480911255, 16509
3.100003480911255, 16508
3.100003480911255, 16507
3.100003480911255, 16506
3.1009294986724854, 16505
3.1009294986724854, 16504
3.1009294986724854, 16503
3.1009294986724854, 16502
3.1009294986724854, 16501
3.1009294986724854, 16500
3.101931571960449, 16499
3.101931571960449, 16498
3.101931571960449, 16497
3.101931571960449, 16496
3.101931571960449, 16495
3.101931571960449, 16494
3.1029298305511475, 16493
3.1029298305511475, 16492
3.1029298305511475, 16491
3.1029298305511475, 16490
3.1029298305511475, 16489
3.1029298305511475, 16488
3.1039295196533203, 16487
3.1039295196533203, 16486
3.1039295196533203, 16485
3.1039295196533203, 16484
3.1039295196533203, 16483
3.1039295196533203, 16482
3.1049296855926514, 16481
3.1049296855926514, 16480
3.1049296855926514, 16479
3.1049296855926514, 16478
3.1049296855926514, 16477
3.1049296855926514, 16476
3.105942487716675, 16475
3.105942487716675, 16474
3.105942487716675, 16473
3.105942487716675, 16472
3.105942487716675, 16471
3.105942487716675, 16470
3.106928825378418, 16469
3.106928825378418, 16468
3.106928825378418, 16467
3.106928825378418, 16466
3.106928825378418, 16465
3.108001708984375, 16464
3.108001708984375, 16463
3.108001708984375, 16462
3.108933448791504, 16461
3.108933448791504, 16460
3.108933448791504, 16459
3.109764337539673, 16458
3.1100778579711914, 16457
3.1100778579711914, 16456
3.1100778579711914, 16455
3.1107733249664307, 16454
3.1107733249664307, 16453
3.1107733249664307, 16452
7.3125224113464355, 16451
7.3125224113464355, 16450
7.3125224113464355, 16449
7.3125224113464355, 16448
7.313523054122925, 16447
7.313523054122925, 16446
7.313523054122925, 16445
7.313523054122925, 16444
7.313523054122925, 16443
7.313523054122925, 16442
7.314525127410889, 16441
7.314525127410889, 16440
7.314525127410889, 16439
7.314525127410889, 16438
