0.004999876022338867, 1016
0.004999876022338867, 1015
0.004999876022338867, 1014
0.004999876022338867, 1013
0.004999876022338867, 1012
0.004999876022338867, 1011
0.004999876022338867, 1010
0.004999876022338867, 1009
0.004999876022338867, 1008
0.004999876022338867, 1007
0.004999876022338867, 1006
0.004999876022338867, 1005
0.004999876022338867, 1004
0.004999876022338867, 1003
0.004999876022338867, 1002
0.004999876022338867, 1001
0.004999876022338867, 1000
0.004999876022338867, 999
0.004999876022338867, 998
0.004999876022338867, 997
0.004999876022338867, 996
0.004999876022338867, 995
0.004999876022338867, 994
0.004999876022338867, 993
0.004999876022338867, 992
0.004999876022338867, 991
0.004999876022338867, 990
0.004999876022338867, 989
0.004999876022338867, 988
0.004999876022338867, 987
0.004999876022338867, 986
0.004999876022338867, 985
0.004999876022338867, 984
0.004999876022338867, 983
0.004999876022338867, 982
0.01499795913696289, 830
0.015997648239135742, 829
0.015997648239135742, 828
0.015997648239135742, 827
0.019998550415039062, 826
0.019998550415039062, 825
0.019998550415039062, 824
0.019998550415039062, 823
0.019998550415039062, 822
0.019998550415039062, 821
0.019998550415039062, 820
0.019998550415039062, 819
0.02099776268005371, 818
0.02099776268005371, 817
0.02099776268005371, 816
0.02099776268005371, 815
0.02099776268005371, 814
0.02099776268005371, 813
0.02099776268005371, 812
0.02099776268005371, 811
0.02099776268005371, 810
0.02099776268005371, 809
0.02099776268005371, 808
0.02199840545654297, 807
0.02199840545654297, 806
0.02199840545654297, 805
0.02199840545654297, 804
0.02199840545654297, 803
0.02199840545654297, 802
0.02199840545654297, 801
0.02199840545654297, 800
0.02199840545654297, 799
0.02199840545654297, 798
0.02199840545654297, 797
0.02199840545654297, 796
0.02199840545654297, 795
0.022997617721557617, 794
0.022997617721557617, 793
0.022997617721557617, 792
0.022997617721557617, 791
0.022997617721557617, 790
0.022997617721557617, 789
0.022997617721557617, 788
0.022997617721557617, 787
0.022997617721557617, 786
0.022997617721557617, 785
0.022997617721557617, 784
0.022997617721557617, 783
0.0449979305267334, 782
0.0449979305267334, 781
0.0449979305267334, 780
0.0449979305267334, 779
0.0449979305267334, 778
0.0449979305267334, 777
0.0709831714630127, 776
0.18198823928833008, 775
0.18198823928833008, 774
0.18198823928833008, 773
1.1562716960906982, 772
2.172478675842285, 771
2.172478675842285, 770
2.172478675842285, 769
2.172478675842285, 768
2.7958810329437256, 767
2.7958810329437256, 766
