0.004000186920166016, 998
0.004000186920166016, 997
0.004999399185180664, 996
0.004999399185180664, 995
0.004999399185180664, 994
0.004999399185180664, 993
0.004999399185180664, 992
0.004999399185180664, 991
0.004999399185180664, 990
0.004999399185180664, 989
0.004999399185180664, 988
0.004999399185180664, 987
0.004999399185180664, 986
0.004999399185180664, 985
0.004999399185180664, 984
0.004999399185180664, 983
0.004999399185180664, 982
0.004999399185180664, 981
0.016002893447875977, 851
0.016002893447875977, 850
0.016002893447875977, 849
0.016002893447875977, 848
0.016002893447875977, 847
0.016002893447875977, 846
0.016002893447875977, 845
0.016002893447875977, 844
0.016002893447875977, 843
0.016002893447875977, 842
0.01699972152709961, 841
0.01699972152709961, 840
0.01699972152709961, 839
0.01699972152709961, 838
0.01699972152709961, 837
0.01699972152709961, 836
0.01699972152709961, 835
0.01699972152709961, 834
0.01699972152709961, 833
0.01699972152709961, 832
0.01800251007080078, 831
0.01800251007080078, 830
0.01800251007080078, 829
0.01800251007080078, 828
0.01800251007080078, 827
0.01800251007080078, 826
0.01800251007080078, 825
0.01800251007080078, 824
0.01800251007080078, 823
0.01800251007080078, 822
0.01800251007080078, 821
0.01800251007080078, 820
0.021000385284423828, 819
0.021000385284423828, 818
0.021000385284423828, 817
0.021000385284423828, 816
0.021000385284423828, 815
0.021000385284423828, 814
0.021000385284423828, 813
0.021000385284423828, 812
0.021000385284423828, 811
0.021000385284423828, 810
0.021000385284423828, 809
0.022001028060913086, 808
0.022001028060913086, 807
0.022001028060913086, 806
0.022001028060913086, 805
0.022001028060913086, 804
0.022001028060913086, 803
0.022001028060913086, 802
0.022001028060913086, 801
0.022001028060913086, 800
0.022001028060913086, 799
0.022001028060913086, 798
0.022001028060913086, 797
0.022001028060913086, 796
0.022001028060913086, 795
0.022001028060913086, 794
0.022001028060913086, 793
0.022001028060913086, 792
0.022001028060913086, 791
0.022001028060913086, 790
0.022001028060913086, 789
0.023000240325927734, 788
0.023000240325927734, 787
0.023000240325927734, 786
0.023000240325927734, 785
0.023000240325927734, 784
0.023000240325927734, 783
0.04525136947631836, 782
0.13424396514892578, 781
0.13424396514892578, 780
0.17975902557373047, 779
0.2233591079711914, 778
0.2233591079711914, 777
0.531242847442627, 776
0.531242847442627, 775
0.531242847442627, 774
0.531242847442627, 773
0.531242847442627, 772
0.531242847442627, 771
1.6859793663024902, 770
1.6859793663024902, 769
