0.004996061325073242, 997
0.004996061325073242, 996
0.004996061325073242, 995
0.004996061325073242, 994
0.004996061325073242, 993
0.004996061325073242, 992
0.004996061325073242, 991
0.004996061325073242, 990
0.004996061325073242, 989
0.004996061325073242, 988
0.004996061325073242, 987
0.004996061325073242, 986
0.004996061325073242, 985
0.004996061325073242, 984
0.004996061325073242, 983
0.004996061325073242, 982
0.004996061325073242, 981
0.004996061325073242, 980
0.004996061325073242, 979
0.004996061325073242, 978
0.004996061325073242, 977
0.004996061325073242, 976
0.004996061325073242, 975
0.004996061325073242, 974
0.004996061325073242, 973
0.004996061325073242, 972
0.004996061325073242, 971
0.004996061325073242, 970
0.004996061325073242, 969
0.004996061325073242, 968
0.004996061325073242, 967
0.004996061325073242, 966
0.004996061325073242, 965
0.004996061325073242, 964
0.004996061325073242, 963
0.004996061325073242, 962
0.004996061325073242, 961
0.004996061325073242, 960
0.004996061325073242, 959
0.004996061325073242, 958
0.004996061325073242, 957
0.004996061325073242, 956
0.012996912002563477, 834
0.012996912002563477, 833
0.013997316360473633, 832
0.013997316360473633, 831
0.016996383666992188, 830
0.01799631118774414, 829
0.01799631118774414, 828
0.01799631118774414, 827
0.018996238708496094, 826
0.018996238708496094, 825
0.018996238708496094, 824
0.018996238708496094, 823
0.018996238708496094, 822
0.018996238708496094, 821
0.018996238708496094, 820
0.018996238708496094, 819
0.018996238708496094, 818
0.018996238708496094, 817
0.019997119903564453, 816
0.019997119903564453, 815
0.019997119903564453, 814
0.021996736526489258, 813
0.021996736526489258, 812
0.021996736526489258, 811
0.021996736526489258, 810
0.021996736526489258, 809
0.023060321807861328, 808
0.023060321807861328, 807
0.023060321807861328, 806
0.023060321807861328, 805
0.023060321807861328, 804
0.023060321807861328, 803
0.023060321807861328, 802
0.023060321807861328, 801
0.023060321807861328, 800
0.023060321807861328, 799
0.023060321807861328, 798
0.023060321807861328, 797
0.023060321807861328, 796
0.023060321807861328, 795
0.023060321807861328, 794
0.023060321807861328, 793
0.023060321807861328, 792
0.024068593978881836, 791
0.024068593978881836, 790
0.024068593978881836, 789
0.024068593978881836, 788
0.04908871650695801, 787
0.04908871650695801, 786
0.04908871650695801, 785
0.04908871650695801, 784
0.04908871650695801, 783
0.04908871650695801, 782
0.04908871650695801, 781
0.04908871650695801, 780
0.42711949348449707, 779
0.42711949348449707, 778
0.42711949348449707, 777
0.42711949348449707, 776
0.42711949348449707, 775
0.7388811111450195, 774
0.7388811111450195, 773
0.7388811111450195, 772
0.7388811111450195, 771
4.183761119842529, 770
