0.00499725341796875, 1014
0.00499725341796875, 1013
0.00499725341796875, 1012
0.00499725341796875, 1011
0.00499725341796875, 1010
0.00499725341796875, 1009
0.00499725341796875, 1008
0.00499725341796875, 1007
0.00499725341796875, 1006
0.00499725341796875, 1005
0.00499725341796875, 1004
0.00499725341796875, 1003
0.00499725341796875, 1002
0.00499725341796875, 1001
0.00499725341796875, 1000
0.00499725341796875, 999
0.00499725341796875, 998
0.00499725341796875, 997
0.00499725341796875, 996
0.00499725341796875, 995
0.00499725341796875, 994
0.00499725341796875, 993
0.00499725341796875, 992
0.00499725341796875, 991
0.00499725341796875, 990
0.00499725341796875, 989
0.00499725341796875, 988
0.00499725341796875, 987
0.00499725341796875, 986
0.00499725341796875, 985
0.00499725341796875, 984
0.00499725341796875, 983
0.00499725341796875, 982
0.00499725341796875, 981
0.00499725341796875, 980
0.00499725341796875, 979
0.00499725341796875, 978
0.00499725341796875, 977
0.00499725341796875, 976
0.00499725341796875, 975
0.00499725341796875, 974
0.00499725341796875, 973
0.00499725341796875, 972
0.00499725341796875, 971
0.00499725341796875, 970
0.00499725341796875, 969
0.00499725341796875, 968
0.00499725341796875, 967
0.005997419357299805, 966
0.005997419357299805, 965
0.005997419357299805, 964
0.005997419357299805, 963
0.005997419357299805, 962
0.005997419357299805, 961
0.005997419357299805, 960
0.014534711837768555, 843
0.014534711837768555, 842
0.014534711837768555, 841
0.014534711837768555, 840
0.014534711837768555, 839
0.01553654670715332, 838
0.01553654670715332, 837
0.01553654670715332, 836
0.01553654670715332, 835
0.01553654670715332, 834
0.01553654670715332, 833
0.01553654670715332, 832
0.01553654670715332, 831
0.01553654670715332, 830
0.01553654670715332, 829
0.01553654670715332, 828
0.01553654670715332, 827
0.01553654670715332, 826
0.016536235809326172, 819
0.016536235809326172, 818
0.017581462860107422, 817
0.017581462860107422, 816
0.017581462860107422, 815
0.017581462860107422, 814
0.017581462860107422, 813
0.02258014678955078, 812
0.02258014678955078, 811
0.02258014678955078, 810
0.02258014678955078, 809
0.02258014678955078, 808
0.02258014678955078, 807
0.02258014678955078, 806
0.02358222007751465, 805
0.02358222007751465, 804
0.02358222007751465, 803
0.02358222007751465, 802
0.02358222007751465, 801
0.02358222007751465, 800
0.02358222007751465, 799
0.02358222007751465, 798
0.02358222007751465, 797
0.02358222007751465, 796
0.02358222007751465, 795
0.02358222007751465, 794
0.02358222007751465, 793
0.02358222007751465, 792
0.02358222007751465, 791
0.02358222007751465, 790
0.024579524993896484, 789
0.024579524993896484, 788
0.024579524993896484, 787
0.024579524993896484, 786
0.024579524993896484, 785
0.024579524993896484, 784
0.024579524993896484, 783
0.024579524993896484, 782
0.045578956604003906, 781
0.045578956604003906, 780
0.0666356086730957, 779
0.0666356086730957, 778
0.0666356086730957, 777
0.0666356086730957, 776
0.0666356086730957, 775
0.0666356086730957, 774
0.0666356086730957, 773
0.0666356086730957, 772
0.0666356086730957, 771
2.1626651287078857, 770
8.798605918884277, 769
9.883675575256348, 768
9.883675575256348, 767
