0.004998683929443359, 1006
0.004998683929443359, 1005
0.004998683929443359, 1004
0.004998683929443359, 1003
0.004998683929443359, 1002
0.004998683929443359, 1001
0.004998683929443359, 1000
0.004998683929443359, 999
0.004998683929443359, 998
0.004998683929443359, 997
0.004998683929443359, 996
0.004998683929443359, 995
0.004998683929443359, 994
0.004998683929443359, 993
0.004998683929443359, 992
0.004998683929443359, 991
0.004998683929443359, 990
0.004998683929443359, 989
0.004998683929443359, 988
0.004998683929443359, 987
0.004998683929443359, 986
0.004998683929443359, 985
0.004998683929443359, 984
0.004998683929443359, 983
0.004998683929443359, 982
0.004998683929443359, 981
0.004998683929443359, 980
0.004998683929443359, 979
0.004998683929443359, 978
0.004998683929443359, 977
0.004998683929443359, 976
0.004998683929443359, 975
0.004998683929443359, 974
0.004998683929443359, 973
0.004998683929443359, 972
0.004998683929443359, 971
0.004998683929443359, 970
0.004998683929443359, 969
0.004998683929443359, 968
0.004998683929443359, 967
0.004998683929443359, 966
0.004998683929443359, 965
0.004998683929443359, 964
0.004998683929443359, 963
0.004998683929443359, 962
0.004998683929443359, 961
0.004998683929443359, 960
0.004998683929443359, 959
0.004998683929443359, 958
0.004998683929443359, 957
0.004998683929443359, 956
0.004998683929443359, 955
0.004998683929443359, 954
0.004998683929443359, 953
0.004998683929443359, 952
0.004998683929443359, 951
0.004998683929443359, 950
0.004998683929443359, 949
0.004998683929443359, 948
0.004998683929443359, 947
0.004998683929443359, 946
0.004998683929443359, 945
0.004998683929443359, 944
0.004998683929443359, 943
0.004998683929443359, 942
0.004998683929443359, 941
0.004998683929443359, 940
0.004998683929443359, 939
0.004998683929443359, 938
0.004998683929443359, 937
0.004998683929443359, 936
0.005998849868774414, 935
0.005998849868774414, 934
0.005998849868774414, 933
0.005998849868774414, 932
0.005998849868774414, 931
0.005998849868774414, 930
0.005998849868774414, 929
0.005998849868774414, 928
0.005998849868774414, 927
0.005998849868774414, 926
0.005998849868774414, 925
0.005998849868774414, 924
0.005998849868774414, 923
0.005998849868774414, 922
0.005998849868774414, 886
0.005998849868774414, 885
0.005998849868774414, 884
0.005998849868774414, 883
0.01299905776977539, 841
0.01299905776977539, 840
0.01299905776977539, 839
0.01299905776977539, 838
0.020000696182250977, 837
0.020000696182250977, 836
0.020000696182250977, 835
0.020000696182250977, 834
0.020000696182250977, 833
0.020000696182250977, 832
0.020000696182250977, 831
0.020000696182250977, 830
0.020000696182250977, 829
0.020000696182250977, 828
0.020000696182250977, 827
0.020000696182250977, 826
0.020000696182250977, 825
0.020000696182250977, 824
0.020000696182250977, 823
0.020999431610107422, 822
0.020999431610107422, 821
0.020999431610107422, 820
0.020999431610107422, 819
0.020999431610107422, 818
0.020999431610107422, 817
0.020999431610107422, 816
0.020999431610107422, 815
0.020999431610107422, 814
0.020999431610107422, 813
0.020999431610107422, 812
0.020999431610107422, 811
0.02202463150024414, 810
0.02202463150024414, 809
0.02202463150024414, 808
0.02202463150024414, 807
0.02202463150024414, 806
0.02202463150024414, 805
0.02202463150024414, 804
0.02202463150024414, 803
0.02302384376525879, 802
0.02302384376525879, 801
0.02302384376525879, 800
0.023100614547729492, 799
0.023100614547729492, 798
0.023100614547729492, 797
0.023100614547729492, 796
0.023100614547729492, 795
0.023100614547729492, 794
0.023100614547729492, 793
0.023100614547729492, 792
0.023100614547729492, 791
0.023100614547729492, 790
0.023100614547729492, 789
0.023100614547729492, 788
0.023100614547729492, 787
0.023100614547729492, 786
0.023100614547729492, 785
0.023100614547729492, 784
0.023100614547729492, 783
0.02402496337890625, 782
0.02402496337890625, 781
0.11073136329650879, 780
0.11073136329650879, 779
0.11073136329650879, 778
0.4419984817504883, 777
0.4419984817504883, 776
0.4419984817504883, 775
0.7514657974243164, 774
0.9711194038391113, 773
2.5878958702087402, 772
2.5878958702087402, 771
2.5878958702087402, 770
