0.004999637603759766, 1003
0.004999637603759766, 1002
0.004999637603759766, 1001
0.004999637603759766, 1000
0.004999637603759766, 999
0.004999637603759766, 998
0.004999637603759766, 997
0.004999637603759766, 996
0.004999637603759766, 995
0.004999637603759766, 994
0.004999637603759766, 993
0.004999637603759766, 992
0.004999637603759766, 991
0.004999637603759766, 990
0.004999637603759766, 989
0.005999088287353516, 988
0.005999088287353516, 987
0.005999088287353516, 986
0.005999088287353516, 985
0.005999088287353516, 984
0.005999088287353516, 983
0.005999088287353516, 982
0.005999088287353516, 981
0.005999088287353516, 980
0.005999088287353516, 979
0.005999088287353516, 978
0.005999088287353516, 977
0.005999088287353516, 976
0.005999088287353516, 975
0.005999088287353516, 974
0.005999088287353516, 973
0.005999088287353516, 972
0.005999088287353516, 971
0.005999088287353516, 970
0.005999088287353516, 969
0.005999088287353516, 968
0.005999088287353516, 967
0.005999088287353516, 966
0.005999088287353516, 965
0.005999088287353516, 964
0.005999088287353516, 963
0.005999088287353516, 962
0.005999088287353516, 961
0.005999088287353516, 960
0.005999088287353516, 959
0.005999088287353516, 958
0.005999088287353516, 957
0.005999088287353516, 956
0.005999088287353516, 955
0.005999088287353516, 954
0.018023014068603516, 819
0.021023273468017578, 818
0.021023273468017578, 817
0.022023677825927734, 816
0.022023677825927734, 815
0.022023677825927734, 814
0.022023677825927734, 813
0.023022890090942383, 812
0.023022890090942383, 811
0.023022890090942383, 810
0.023022890090942383, 809
0.023022890090942383, 808
0.023022890090942383, 807
0.023022890090942383, 806
0.023022890090942383, 805
0.023022890090942383, 804
0.023022890090942383, 803
0.023022890090942383, 802
0.023022890090942383, 801
0.024023056030273438, 800
0.024023056030273438, 799
0.024023056030273438, 798
0.024023056030273438, 797
0.024023056030273438, 796
0.024023056030273438, 795
0.024023056030273438, 794
0.02455735206604004, 793
0.02455735206604004, 792
0.02455735206604004, 791
0.02455735206604004, 790
0.046022653579711914, 789
0.046022653579711914, 788
0.046022653579711914, 787
0.046022653579711914, 786
0.046022653579711914, 785
0.047022342681884766, 784
0.047022342681884766, 783
0.047022342681884766, 782
0.09021997451782227, 781
0.09021997451782227, 780
0.09021997451782227, 779
0.09021997451782227, 778
0.09021997451782227, 777
0.15719890594482422, 776
0.15719890594482422, 775
0.15719890594482422, 774
0.15719890594482422, 773
0.15719890594482422, 772
0.49318790435791016, 771
0.49318790435791016, 770
4.2421555519104, 769
5.912180423736572, 768
5.912180423736572, 767
5.912180423736572, 766
