0.004993915557861328, 1011
0.004993915557861328, 1010
0.004993915557861328, 1009
0.004993915557861328, 1008
0.004993915557861328, 1007
0.004993915557861328, 1006
0.004993915557861328, 1005
0.004993915557861328, 1004
0.004993915557861328, 1003
0.004993915557861328, 1002
0.004993915557861328, 1001
0.004993915557861328, 1000
0.004993915557861328, 999
0.004993915557861328, 998
0.004993915557861328, 997
0.004993915557861328, 996
0.004993915557861328, 995
0.004993915557861328, 994
0.004993915557861328, 993
0.004993915557861328, 992
0.004993915557861328, 991
0.004993915557861328, 990
0.004993915557861328, 989
0.004993915557861328, 988
0.004993915557861328, 987
0.004993915557861328, 986
0.004993915557861328, 985
0.004993915557861328, 984
0.004993915557861328, 983
0.004993915557861328, 982
0.004993915557861328, 981
0.004993915557861328, 980
0.004993915557861328, 979
0.004993915557861328, 978
0.004993915557861328, 977
0.004993915557861328, 976
0.004993915557861328, 975
0.004993915557861328, 974
0.004993915557861328, 973
0.004993915557861328, 972
0.004993915557861328, 971
0.004993915557861328, 970
0.004993915557861328, 969
0.004993915557861328, 968
0.014996051788330078, 839
0.014996051788330078, 838
0.014996051788330078, 837
0.014996051788330078, 836
0.014996051788330078, 835
0.014996051788330078, 834
0.014996051788330078, 833
0.014996051788330078, 832
0.014996051788330078, 831
0.014996051788330078, 830
0.014996051788330078, 829
0.014996051788330078, 828
0.014996051788330078, 827
0.014996051788330078, 826
0.014996051788330078, 825
0.014996051788330078, 824
0.014996051788330078, 823
0.018994569778442383, 822
0.019997835159301758, 821
0.019997835159301758, 820
0.019997835159301758, 819
0.019997835159301758, 818
0.019997835159301758, 817
0.021996021270751953, 816
0.021996021270751953, 815
0.021996021270751953, 814
0.021996021270751953, 813
0.021996021270751953, 812
0.022995948791503906, 811
0.022995948791503906, 810
0.022995948791503906, 809
0.022995948791503906, 808
0.022995948791503906, 807
0.022995948791503906, 806
0.022995948791503906, 805
0.022995948791503906, 804
0.022995948791503906, 803
0.022995948791503906, 802
0.022995948791503906, 801
0.022995948791503906, 800
0.02399468421936035, 799
0.02399468421936035, 798
0.02399468421936035, 797
0.02399468421936035, 796
0.02399468421936035, 795
0.02399468421936035, 794
0.02399468421936035, 793
0.02399468421936035, 792
0.02399468421936035, 791
0.02399468421936035, 790
0.02399468421936035, 789
0.02499532699584961, 788
0.02499532699584961, 787
0.02499532699584961, 786
0.02499532699584961, 785
0.047995567321777344, 784
0.047995567321777344, 783
0.047995567321777344, 782
0.07058835029602051, 781
0.07058835029602051, 780
0.07058835029602051, 779
0.15964269638061523, 778
0.15964269638061523, 777
0.15964269638061523, 776
0.15964269638061523, 775
0.8087863922119141, 774
1.7196159362792969, 773
2.9675838947296143, 772
3.4816055297851562, 771
3.4816055297851562, 770
