0.01382899284362793, 1112
0.01382899284362793, 1111
0.01382899284362793, 1110
0.01382899284362793, 1109
0.01382899284362793, 1108
0.01382899284362793, 1107
0.01382899284362793, 1106
0.01382899284362793, 1105
0.01382899284362793, 1104
0.01382899284362793, 1103
0.01382899284362793, 1102
0.01382899284362793, 1101
0.01382899284362793, 1100
0.01382899284362793, 1099
0.01382899284362793, 1098
0.01382899284362793, 1097
0.01382899284362793, 1096
0.01382899284362793, 1095
0.01382899284362793, 1094
0.01382899284362793, 1093
0.01382899284362793, 1092
0.01382899284362793, 1091
0.01382899284362793, 1090
0.01382899284362793, 1089
0.01382899284362793, 1088
0.01382899284362793, 1087
0.01382899284362793, 1086
0.01382899284362793, 1085
0.01382899284362793, 1084
0.01382899284362793, 1083
0.01382899284362793, 1082
0.01382899284362793, 1081
0.01382899284362793, 1080
0.01382899284362793, 1079
0.01382899284362793, 1078
0.01382899284362793, 1077
0.01382899284362793, 1076
0.01382899284362793, 1075
0.01382899284362793, 1074
0.01382899284362793, 1073
0.01382899284362793, 1072
0.019827842712402344, 850
0.020827293395996094, 848
0.020827293395996094, 847
0.021555423736572266, 846
0.021555423736572266, 845
0.021555423736572266, 844
0.021555423736572266, 843
0.021555423736572266, 842
0.021555423736572266, 841
0.021555423736572266, 840
0.021555423736572266, 839
0.021555423736572266, 838
0.021555423736572266, 837
0.021555423736572266, 836
0.02182459831237793, 834
0.02182459831237793, 833
0.02182459831237793, 832
0.02182459831237793, 831
0.022826194763183594, 830
0.022826194763183594, 829
0.023827314376831055, 828
0.023827314376831055, 827
0.023827314376831055, 826
0.024825572967529297, 825
0.025825023651123047, 824
0.025825023651123047, 823
0.0268251895904541, 822
0.0268251895904541, 821
0.0268251895904541, 820
0.0268251895904541, 819
0.0268251895904541, 818
0.0268251895904541, 817
0.0268251895904541, 816
0.0268251895904541, 815
0.0268251895904541, 814
0.0268251895904541, 813
0.0268251895904541, 812
0.0268251895904541, 811
0.028827667236328125, 810
0.028827667236328125, 809
0.028827667236328125, 808
0.028827667236328125, 807
0.028827667236328125, 806
0.028827667236328125, 805
0.029828310012817383, 804
0.029828310012817383, 803
0.029828310012817383, 802
0.029828310012817383, 801
0.030826568603515625, 800
0.030826568603515625, 799
0.030826568603515625, 798
0.030826568603515625, 797
0.030826568603515625, 796
0.030826568603515625, 795
0.030826568603515625, 794
0.030826568603515625, 793
0.030826568603515625, 792
0.030826568603515625, 791
0.030826568603515625, 790
0.030826568603515625, 789
0.030826568603515625, 788
0.030826568603515625, 787
0.030826568603515625, 786
0.030826568603515625, 785
0.030826568603515625, 784
0.030826568603515625, 783
0.030826568603515625, 782
0.030826568603515625, 781
0.030826568603515625, 780
0.031824350357055664, 779
0.031824350357055664, 778
0.031824350357055664, 777
0.031824350357055664, 776
0.031824350357055664, 775
0.031824350357055664, 774
0.031824350357055664, 773
0.031824350357055664, 772
0.031824350357055664, 771
0.031824350357055664, 770
0.031824350357055664, 769
0.031824350357055664, 768
0.031824350357055664, 767
0.031824350357055664, 766
0.031824350357055664, 765
0.031824350357055664, 764
0.031824350357055664, 763
0.031824350357055664, 762
0.031824350357055664, 761
0.031824350357055664, 760
0.031824350357055664, 759
0.03282427787780762, 758
0.03282427787780762, 757
0.03282427787780762, 756
0.03282427787780762, 755
0.03282427787780762, 754
0.03282427787780762, 753
0.03282427787780762, 752
0.03282427787780762, 751
0.03282427787780762, 750
0.03282427787780762, 749
0.03282427787780762, 748
0.03282427787780762, 747
0.03282427787780762, 746
0.03282427787780762, 745
0.03282427787780762, 744
0.03282427787780762, 743
0.03282427787780762, 742
0.03282427787780762, 741
0.03282427787780762, 740
0.03282427787780762, 739
0.03282427787780762, 738
0.03282427787780762, 737
0.03282427787780762, 736
0.03282427787780762, 735
0.03282427787780762, 734
0.03282427787780762, 733
0.03282427787780762, 732
0.03282427787780762, 731
0.03282427787780762, 730
0.03282427787780762, 729
0.03282427787780762, 728
0.03282427787780762, 727
0.03282427787780762, 726
0.03282427787780762, 725
0.03282427787780762, 724
0.03382515907287598, 723
0.03382515907287598, 722
0.03382515907287598, 721
0.03382515907287598, 720
0.03382515907287598, 719
0.03382515907287598, 718
0.03382515907287598, 717
0.03382515907287598, 716
0.03382515907287598, 715
0.03382515907287598, 714
0.03382515907287598, 713
0.03382515907287598, 712
0.03382515907287598, 711
0.03382515907287598, 710
0.03382515907287598, 709
0.03382515907287598, 708
0.03382515907287598, 707
0.03382515907287598, 706
0.03382515907287598, 705
0.9238677024841309, 704
0.9238677024841309, 703
0.9238677024841309, 702
1.0388967990875244, 701
1.2429404258728027, 700
1.2429404258728027, 699
1.2429404258728027, 698
1.5989413261413574, 697
1.5989413261413574, 696
1.5989413261413574, 695
1.5989413261413574, 694
2.1949825286865234, 693
2.1949825286865234, 692
4.844525575637817, 691
4.844525575637817, 690
4.844525575637817, 689
4.844525575637817, 688
4.844525575637817, 687
4.844525575637817, 686
4.844525575637817, 685
4.845443248748779, 684
4.845443248748779, 683
