0.011999130249023438, 1125
0.011999130249023438, 1124
0.011999130249023438, 1123
0.011999130249023438, 1122
0.011999130249023438, 1121
0.011999130249023438, 1120
0.011999130249023438, 1119
0.011999130249023438, 1118
0.011999130249023438, 1117
0.011999130249023438, 1116
0.011999130249023438, 1115
0.011999130249023438, 1114
0.011999130249023438, 1113
0.011999130249023438, 1112
0.011999130249023438, 1111
0.011999130249023438, 1110
0.011999130249023438, 1109
0.011999130249023438, 1108
0.011999130249023438, 1107
0.011999130249023438, 1106
0.011999130249023438, 1105
0.011999130249023438, 1104
0.011999130249023438, 1103
0.011999130249023438, 1102
0.011999130249023438, 1101
0.011999130249023438, 1100
0.011999130249023438, 1099
0.011999130249023438, 1098
0.011999130249023438, 1097
0.011999130249023438, 1096
0.011999130249023438, 1095
0.011999130249023438, 1094
0.011999130249023438, 1093
0.011999130249023438, 1092
0.011999130249023438, 1091
0.011999130249023438, 1090
0.011999130249023438, 1089
0.011999130249023438, 1088
0.011999130249023438, 1087
0.011999130249023438, 1086
0.011999130249023438, 1085
0.011999130249023438, 1084
0.011999130249023438, 1083
0.011999130249023438, 1082
0.011999130249023438, 1081
0.011999130249023438, 1080
0.011999130249023438, 1079
0.011999130249023438, 1078
0.011999130249023438, 1077
0.011999130249023438, 1076
0.011999130249023438, 1075
0.011999130249023438, 1074
0.011999130249023438, 1073
0.011999130249023438, 1072
0.011999130249023438, 1071
0.011999130249023438, 1070
0.011999130249023438, 1069
0.011999130249023438, 1068
0.011999130249023438, 1067
0.011999130249023438, 1066
0.012999534606933594, 1065
0.012999534606933594, 1064
0.012999534606933594, 1063
0.012999534606933594, 1062
0.012999534606933594, 1061
0.012999534606933594, 1060
0.012999534606933594, 1059
0.012999534606933594, 1058
0.012999534606933594, 1057
0.012999534606933594, 1056
0.012999534606933594, 1055
0.012999534606933594, 1054
0.012999534606933594, 1053
0.012999534606933594, 1052
0.012999534606933594, 1051
0.012999534606933594, 1050
0.012999534606933594, 1049
0.012999534606933594, 1048
0.012999534606933594, 1047
0.012999534606933594, 1046
0.012999534606933594, 1045
0.012999534606933594, 1044
0.012999534606933594, 1043
0.012999534606933594, 1042
0.012999534606933594, 1041
0.012999534606933594, 1040
0.012999534606933594, 1039
0.012999534606933594, 1038
0.012999534606933594, 1037
0.012999534606933594, 1036
0.012999534606933594, 1035
0.012999534606933594, 1034
0.012999534606933594, 1033
0.012999534606933594, 1032
0.012999534606933594, 1031
0.012999534606933594, 1030
0.012999534606933594, 1029
0.012999534606933594, 1028
0.012999534606933594, 1027
0.012999534606933594, 1026
0.012999534606933594, 1025
0.012999534606933594, 1024
0.012999534606933594, 1023
0.012999534606933594, 1022
0.012999534606933594, 1021
0.012999534606933594, 1020
0.02099895477294922, 850
0.02099895477294922, 849
0.02099895477294922, 848
0.02099895477294922, 847
0.021999359130859375, 846
0.021999359130859375, 845
0.021999359130859375, 844
0.021999359130859375, 843
0.021999359130859375, 842
0.021999359130859375, 841
0.021999359130859375, 840
0.021999359130859375, 839
0.022998809814453125, 838
0.022998809814453125, 837
0.022998809814453125, 836
0.022998809814453125, 835
0.022998809814453125, 834
0.022998809814453125, 833
0.022998809814453125, 832
0.022998809814453125, 831
0.022998809814453125, 830
0.022998809814453125, 829
0.022998809814453125, 828
0.022998809814453125, 827
0.023998737335205078, 826
0.023998737335205078, 825
0.023998737335205078, 824
0.023998737335205078, 823
0.023998737335205078, 822
0.023998737335205078, 821
0.023998737335205078, 820
0.024998903274536133, 819
0.026999235153198242, 818
0.026999235153198242, 817
0.026999235153198242, 816
0.026999235153198242, 815
0.026999235153198242, 814
0.026999235153198242, 813
0.028998851776123047, 812
0.028998851776123047, 811
0.028998851776123047, 810
0.028998851776123047, 809
0.028998851776123047, 808
0.028998851776123047, 807
0.028998851776123047, 806
0.028998851776123047, 805
0.028998851776123047, 804
0.028998851776123047, 803
0.028998851776123047, 802
0.028998851776123047, 801
0.028998851776123047, 800
0.028998851776123047, 799
0.028998851776123047, 798
0.028998851776123047, 797
0.029998779296875, 796
0.029998779296875, 795
0.029998779296875, 794
0.029998779296875, 793
0.029998779296875, 792
0.029998779296875, 791
0.029998779296875, 790
0.029998779296875, 789
0.029998779296875, 788
0.029998779296875, 787
0.029998779296875, 786
0.029998779296875, 785
0.029998779296875, 784
0.029998779296875, 783
0.029998779296875, 782
0.029998779296875, 781
0.029998779296875, 780
0.029998779296875, 779
0.029998779296875, 778
0.029998779296875, 777
0.029998779296875, 776
0.029998779296875, 775
0.029998779296875, 774
0.029998779296875, 773
0.029998779296875, 772
0.029998779296875, 771
0.029998779296875, 770
0.030999183654785156, 769
0.030999183654785156, 768
0.030999183654785156, 767
0.030999183654785156, 766
0.030999183654785156, 765
0.030999183654785156, 764
0.030999183654785156, 763
0.030999183654785156, 762
0.030999183654785156, 761
0.030999183654785156, 760
0.030999183654785156, 759
0.030999183654785156, 758
0.030999183654785156, 757
0.030999183654785156, 756
0.030999183654785156, 755
0.030999183654785156, 754
0.030999183654785156, 753
0.030999183654785156, 752
0.030999183654785156, 751
0.030999183654785156, 750
0.030999183654785156, 749
0.030999183654785156, 748
0.030999183654785156, 747
0.030999183654785156, 746
0.030999183654785156, 745
0.030999183654785156, 744
0.030999183654785156, 743
0.030999183654785156, 742
0.030999183654785156, 741
0.030999183654785156, 740
0.030999183654785156, 739
0.030999183654785156, 738
0.030999183654785156, 737
0.030999183654785156, 736
0.03199911117553711, 735
0.03199911117553711, 734
0.03199911117553711, 733
0.03199911117553711, 732
0.03199911117553711, 731
0.03199911117553711, 730
0.03199911117553711, 729
0.03199911117553711, 728
0.03199911117553711, 727
0.03199911117553711, 726
0.03199911117553711, 725
0.03199911117553711, 724
0.03199911117553711, 723
0.03199911117553711, 722
0.03199911117553711, 721
0.03199911117553711, 720
0.03199911117553711, 719
0.03199911117553711, 718
0.03199911117553711, 717
0.03199911117553711, 716
0.03199911117553711, 715
0.03199911117553711, 714
0.03199911117553711, 713
0.03199911117553711, 712
0.03199911117553711, 711
0.03199911117553711, 710
0.03199911117553711, 709
0.03199911117553711, 708
0.03199911117553711, 707
0.03199911117553711, 706
0.03199911117553711, 705
0.03199911117553711, 704
0.2839975357055664, 703
0.2839975357055664, 702
0.2839975357055664, 701
0.2839975357055664, 700
0.7936782836914062, 699
0.7936782836914062, 698
0.7936782836914062, 697
0.7936782836914062, 696
0.7936782836914062, 695
0.7936782836914062, 694
0.7936782836914062, 693
0.7936782836914062, 692
