0.007099628448486328, 1116
0.007099628448486328, 1115
0.007099628448486328, 1114
0.007099628448486328, 1113
0.007099628448486328, 1112
0.007099628448486328, 1111
0.007099628448486328, 1110
0.007099628448486328, 1109
0.007099628448486328, 1108
0.007099628448486328, 1107
0.007099628448486328, 1106
0.007099628448486328, 1105
0.007099628448486328, 1104
0.007099628448486328, 1103
0.007099628448486328, 1102
0.007099628448486328, 1101
0.007099628448486328, 1100
0.007099628448486328, 1099
0.007099628448486328, 1098
0.007099628448486328, 1097
0.007099628448486328, 1096
0.007099628448486328, 1095
0.007099628448486328, 1094
0.007099628448486328, 1093
0.007099628448486328, 1092
0.007099628448486328, 1091
0.007099628448486328, 1090
0.007099628448486328, 1089
0.007099628448486328, 1088
0.007099628448486328, 1087
0.007099628448486328, 1086
0.007099628448486328, 1085
0.007099628448486328, 1084
0.007099628448486328, 1083
0.007997751235961914, 1082
0.007997751235961914, 1081
0.007997751235961914, 1080
0.007997751235961914, 1079
0.007997751235961914, 1078
0.007997751235961914, 1077
0.007997751235961914, 1076
0.007997751235961914, 1075
0.007997751235961914, 1074
0.007997751235961914, 1073
0.007997751235961914, 1072
0.007997751235961914, 1071
0.007997751235961914, 1070
0.007997751235961914, 1069
0.007997751235961914, 1068
0.007997751235961914, 1067
0.007997751235961914, 1066
0.007997751235961914, 1065
0.007997751235961914, 1064
0.007997751235961914, 1063
0.007997751235961914, 1062
0.007997751235961914, 1061
0.007997751235961914, 1060
0.007997751235961914, 1059
0.007997751235961914, 1058
0.007997751235961914, 1057
0.007997751235961914, 1056
0.007997751235961914, 1055
0.007997751235961914, 1054
0.007997751235961914, 1053
0.007997751235961914, 1052
0.007997751235961914, 1051
0.007997751235961914, 1050
0.007997751235961914, 1049
0.007997751235961914, 1048
0.007997751235961914, 1047
0.007997751235961914, 1046
0.007997751235961914, 1045
0.007997751235961914, 1044
0.007997751235961914, 1043
0.007997751235961914, 1042
0.007997751235961914, 1041
0.007997751235961914, 1040
0.007997751235961914, 1039
0.007997751235961914, 1038
0.007997751235961914, 1037
0.007997751235961914, 1036
0.007997751235961914, 1035
0.007997751235961914, 1034
0.007997751235961914, 1033
0.007997751235961914, 1032
0.007997751235961914, 1031
0.007997751235961914, 1030
0.007997751235961914, 1029
0.007997751235961914, 1028
0.007997751235961914, 1027
0.007997751235961914, 1026
0.007997751235961914, 1025
0.007997751235961914, 1024
0.007997751235961914, 1023
0.007997751235961914, 1022
0.007997751235961914, 1021
0.007997751235961914, 1020
0.007997751235961914, 1019
0.007997751235961914, 1018
0.007997751235961914, 1017
0.007997751235961914, 1016
0.007997751235961914, 1015
0.007997751235961914, 1014
0.007997751235961914, 1013
0.007997751235961914, 1012
0.007997751235961914, 1011
0.007997751235961914, 1010
0.007997751235961914, 1009
0.007997751235961914, 1008
0.007997751235961914, 1007
0.007997751235961914, 1006
0.007997751235961914, 1005
0.007997751235961914, 1004
0.007997751235961914, 1003
0.007997751235961914, 1002
0.007997751235961914, 1001
0.007997751235961914, 1000
0.007997751235961914, 999
0.007997751235961914, 998
0.007997751235961914, 997
0.007997751235961914, 996
0.007997751235961914, 995
0.007997751235961914, 994
0.007997751235961914, 993
0.007997751235961914, 992
0.007997751235961914, 991
0.015997648239135742, 837
0.015997648239135742, 836
0.015997648239135742, 835
0.015997648239135742, 834
0.015997648239135742, 833
0.015997648239135742, 832
0.015997648239135742, 831
0.015997648239135742, 830
0.015997648239135742, 829
0.015997648239135742, 828
0.015997648239135742, 827
0.015997648239135742, 826
0.015997648239135742, 825
0.015997648239135742, 824
0.015997648239135742, 823
0.015997648239135742, 822
0.015997648239135742, 821
0.01799774169921875, 815
0.01799774169921875, 814
0.01799774169921875, 813
0.01799774169921875, 812
0.01799774169921875, 811
0.01799774169921875, 810
0.019002437591552734, 809
0.019002437591552734, 808
0.019002437591552734, 807
0.019002437591552734, 806
0.019002437591552734, 805
0.019002437591552734, 804
0.019002437591552734, 803
0.019002437591552734, 802
0.019002437591552734, 801
0.020000219345092773, 800
0.020000219345092773, 799
0.020000219345092773, 798
0.020000219345092773, 797
0.020000219345092773, 796
0.020000219345092773, 795
0.020000219345092773, 794
0.020000219345092773, 793
0.024001121520996094, 792
0.024001121520996094, 791
0.024001121520996094, 790
0.024001121520996094, 789
0.024001121520996094, 788
0.024001121520996094, 787
0.025000333786010742, 786
0.025000333786010742, 785
0.025000333786010742, 784
0.025000333786010742, 783
0.025000333786010742, 782
0.025000333786010742, 781
0.025000333786010742, 780
0.025000333786010742, 779
0.025000333786010742, 778
0.025000333786010742, 777
0.025000333786010742, 776
0.025000333786010742, 775
0.025000333786010742, 774
0.025000333786010742, 773
0.025000333786010742, 772
0.025000333786010742, 771
0.02599954605102539, 770
0.02599954605102539, 769
0.02599954605102539, 768
0.02599954605102539, 767
0.02599954605102539, 766
0.02599954605102539, 765
0.02599954605102539, 764
0.02599954605102539, 763
0.02599954605102539, 762
0.02599954605102539, 761
0.02599954605102539, 760
0.02599954605102539, 759
0.02599954605102539, 758
0.02599954605102539, 757
0.02599954605102539, 756
0.02599954605102539, 755
0.02599954605102539, 754
0.02599954605102539, 753
0.02599954605102539, 752
0.02599954605102539, 751
0.02599954605102539, 750
0.02599954605102539, 749
0.02599954605102539, 748
0.02599954605102539, 747
0.02599954605102539, 746
0.02599954605102539, 745
0.02599954605102539, 744
0.02599954605102539, 743
0.027001380920410156, 742
0.027001380920410156, 741
0.027001380920410156, 740
0.027001380920410156, 739
0.027001380920410156, 738
0.027001380920410156, 737
0.027001380920410156, 736
0.027001380920410156, 735
0.027001380920410156, 734
0.027001380920410156, 733
0.027001380920410156, 732
0.027001380920410156, 731
0.027001380920410156, 730
0.027001380920410156, 729
0.027001380920410156, 728
0.027001380920410156, 727
0.027001380920410156, 726
0.027001380920410156, 725
0.027001380920410156, 724
0.027001380920410156, 723
0.027001380920410156, 722
0.027001380920410156, 721
0.027001380920410156, 720
0.0280001163482666, 719
0.0280001163482666, 718
0.0280001163482666, 717
0.0280001163482666, 716
0.0280001163482666, 715
0.0280001163482666, 714
0.0280001163482666, 713
0.0280001163482666, 712
0.08503270149230957, 711
0.08503270149230957, 710
0.08503270149230957, 709
0.08503270149230957, 708
0.08503270149230957, 707
0.08503270149230957, 706
0.08503270149230957, 705
0.08503270149230957, 704
0.08503270149230957, 703
0.08503270149230957, 702
0.08503270149230957, 701
0.08503270149230957, 700
0.5427839756011963, 699
0.5427839756011963, 698
0.5427839756011963, 697
2.201935052871704, 696
2.201935052871704, 695
2.201935052871704, 694
2.201935052871704, 693
2.201935052871704, 692
2.201935052871704, 691
2.2029364109039307, 690
2.2029364109039307, 689
2.2029364109039307, 688
5.323892831802368, 687
5.323892831802368, 686
5.323892831802368, 685
5.323892831802368, 684
5.323892831802368, 683
