0.006998300552368164, 1123
0.007997989654541016, 1122
0.007997989654541016, 1121
0.007997989654541016, 1120
0.007997989654541016, 1119
0.007997989654541016, 1118
0.007997989654541016, 1117
0.007997989654541016, 1116
0.007997989654541016, 1115
0.007997989654541016, 1114
0.007997989654541016, 1113
0.007997989654541016, 1112
0.007997989654541016, 1111
0.007997989654541016, 1110
0.007997989654541016, 1109
0.007997989654541016, 1108
0.007997989654541016, 1107
0.007997989654541016, 1106
0.007997989654541016, 1105
0.007997989654541016, 1104
0.007997989654541016, 1103
0.007997989654541016, 1102
0.007997989654541016, 1101
0.007997989654541016, 1100
0.007997989654541016, 1099
0.007997989654541016, 1098
0.007997989654541016, 1097
0.007997989654541016, 1096
0.007997989654541016, 1095
0.007997989654541016, 1094
0.007997989654541016, 1093
0.007997989654541016, 1092
0.007997989654541016, 1091
0.007997989654541016, 1090
0.007997989654541016, 1089
0.007997989654541016, 1088
0.007997989654541016, 1087
0.016997814178466797, 847
0.016997814178466797, 846
0.016997814178466797, 845
0.016997814178466797, 844
0.016997814178466797, 843
0.0176851749420166, 842
0.0176851749420166, 841
0.0176851749420166, 840
0.0176851749420166, 839
0.0176851749420166, 838
0.0176851749420166, 837
0.0176851749420166, 836
0.017998933792114258, 835
0.017998933792114258, 834
0.017998933792114258, 833
0.017998933792114258, 832
0.017998933792114258, 831
0.017998933792114258, 830
0.019000530242919922, 829
0.019998550415039062, 828
0.019998550415039062, 827
0.019998550415039062, 826
0.019998550415039062, 825
0.019998550415039062, 824
0.019998550415039062, 823
0.019998550415039062, 822
0.019998550415039062, 821
0.019998550415039062, 820
0.019998550415039062, 819
0.019998550415039062, 818
0.019998550415039062, 817
0.019998550415039062, 816
0.019998550415039062, 815
0.019998550415039062, 814
0.019998550415039062, 813
0.019998550415039062, 812
0.019998550415039062, 811
0.019998550415039062, 810
0.019998550415039062, 809
0.019998550415039062, 808
0.019998550415039062, 807
0.019998550415039062, 806
0.019998550415039062, 805
0.019998550415039062, 804
0.019998550415039062, 803
0.019998550415039062, 802
0.019998550415039062, 801
0.019998550415039062, 800
0.021997928619384766, 799
0.021997928619384766, 798
0.021997928619384766, 797
0.021997928619384766, 796
0.021997928619384766, 795
0.022997617721557617, 794
0.022997617721557617, 793
0.022997617721557617, 792
0.02529597282409668, 791
0.02599811553955078, 790
0.02599811553955078, 789
0.02599811553955078, 788
0.02599811553955078, 787
0.02599811553955078, 786
0.02599811553955078, 785
0.02599811553955078, 784
0.02599811553955078, 783
0.02599811553955078, 782
0.02599811553955078, 781
0.02599811553955078, 780
0.02599811553955078, 779
0.02599811553955078, 778
0.02599811553955078, 777
0.02599811553955078, 776
0.02599811553955078, 775
0.02599811553955078, 774
0.02599811553955078, 773
0.02599811553955078, 772
0.02599811553955078, 771
0.02599811553955078, 770
0.02599811553955078, 769
0.02599811553955078, 768
0.02599811553955078, 767
0.02599811553955078, 766
0.02599811553955078, 765
0.02599811553955078, 764
0.02599811553955078, 763
0.02599811553955078, 762
0.026998043060302734, 761
0.026998043060302734, 760
0.026998043060302734, 759
0.026998043060302734, 758
0.026998043060302734, 757
0.026998043060302734, 756
0.026998043060302734, 755
0.026998043060302734, 754
0.026998043060302734, 753
0.026998043060302734, 752
0.026998043060302734, 751
0.026998043060302734, 750
0.026998043060302734, 749
0.026998043060302734, 748
0.026998043060302734, 747
0.026998043060302734, 746
0.026998043060302734, 745
0.026998043060302734, 744
0.026998043060302734, 743
0.026998043060302734, 742
0.026998043060302734, 741
0.026998043060302734, 740
0.026998043060302734, 739
0.026998043060302734, 738
0.026998043060302734, 737
0.026998043060302734, 736
0.026998043060302734, 735
0.026998043060302734, 734
0.026998043060302734, 733
0.026998043060302734, 732
0.026998043060302734, 731
0.026998043060302734, 730
0.026998043060302734, 729
0.026998043060302734, 728
0.026998043060302734, 727
0.026998043060302734, 726
0.026998043060302734, 725
0.026998043060302734, 724
0.026998043060302734, 723
0.02799820899963379, 722
0.02799820899963379, 721
0.02799820899963379, 720
0.02799820899963379, 719
0.02799820899963379, 718
0.02799820899963379, 717
0.02799820899963379, 716
0.02799820899963379, 715
0.02799820899963379, 714
0.02799820899963379, 713
0.02799820899963379, 712
0.02799820899963379, 711
0.02799820899963379, 710
0.02799820899963379, 709
0.02799820899963379, 708
0.02799820899963379, 707
0.27307891845703125, 706
0.27307891845703125, 705
0.27307891845703125, 704
0.27307891845703125, 703
0.27307891845703125, 702
0.27307891845703125, 701
0.29906201362609863, 700
0.29906201362609863, 699
0.29906201362609863, 698
0.29906201362609863, 697
0.29906201362609863, 696
0.29906201362609863, 695
0.6832764148712158, 694
1.1390860080718994, 693
1.1390860080718994, 692
1.1390860080718994, 691
1.1390860080718994, 690
1.1390860080718994, 689
1.1390860080718994, 688
1.1390860080718994, 687
1.1390860080718994, 686
1.1390860080718994, 685
