0.006998538970947266, 1115
0.006998538970947266, 1114
0.006998538970947266, 1113
0.006998538970947266, 1112
0.007998466491699219, 1111
0.007998466491699219, 1110
0.007998466491699219, 1109
0.007998466491699219, 1108
0.007998466491699219, 1107
0.007998466491699219, 1106
0.007998466491699219, 1105
0.007998466491699219, 1104
0.007998466491699219, 1103
0.007998466491699219, 1102
0.007998466491699219, 1101
0.007998466491699219, 1100
0.007998466491699219, 1099
0.007998466491699219, 1098
0.007998466491699219, 1097
0.007998466491699219, 1096
0.007998466491699219, 1095
0.007998466491699219, 1094
0.007998466491699219, 1093
0.007998466491699219, 1092
0.007998466491699219, 1091
0.007998466491699219, 1090
0.007998466491699219, 1089
0.007998466491699219, 1088
0.007998466491699219, 1087
0.007998466491699219, 1086
0.007998466491699219, 1085
0.007998466491699219, 1084
0.007998466491699219, 1083
0.007998466491699219, 1082
0.007998466491699219, 1081
0.007998466491699219, 1080
0.007998466491699219, 1079
0.007998466491699219, 1078
0.007998466491699219, 1077
0.007998466491699219, 1076
0.007998466491699219, 1075
0.007998466491699219, 1074
0.007998466491699219, 1073
0.007998466491699219, 1072
0.007998466491699219, 1071
0.007998466491699219, 1070
0.007998466491699219, 1069
0.007998466491699219, 1068
0.007998466491699219, 1067
0.007998466491699219, 1066
0.007998466491699219, 1065
0.007998466491699219, 1064
0.007998466491699219, 1063
0.007998466491699219, 1062
0.007998466491699219, 1061
0.007998466491699219, 1060
0.007998466491699219, 1059
0.007998466491699219, 1058
0.007998466491699219, 1057
0.007998466491699219, 1056
0.007998466491699219, 1055
0.007998466491699219, 1054
0.007998466491699219, 1053
0.007998466491699219, 1052
0.007998466491699219, 1051
0.007998466491699219, 1050
0.007998466491699219, 1049
0.007998466491699219, 1048
0.007998466491699219, 1047
0.007998466491699219, 1046
0.007998466491699219, 1045
0.007998466491699219, 1044
0.007998466491699219, 1043
0.007998466491699219, 1042
0.007998466491699219, 1041
0.009000301361083984, 1040
0.009000301361083984, 1039
0.009000301361083984, 1038
0.009000301361083984, 1037
0.009000301361083984, 1036
0.009000301361083984, 1035
0.009000301361083984, 1034
0.009000301361083984, 1033
0.009000301361083984, 1032
0.009000301361083984, 1031
0.009000301361083984, 1030
0.009000301361083984, 1029
0.009000301361083984, 1028
0.009000301361083984, 1027
0.009000301361083984, 1026
0.009000301361083984, 1025
0.009000301361083984, 1024
0.009000301361083984, 1023
0.009000301361083984, 1022
0.009000301361083984, 1021
0.009000301361083984, 1020
0.009000301361083984, 1019
0.009000301361083984, 1018
0.009000301361083984, 1017
0.009000301361083984, 1016
0.009000301361083984, 1015
0.009000301361083984, 1014
0.009000301361083984, 1013
0.009000301361083984, 1012
0.009000301361083984, 1011
0.013998746871948242, 860
0.013998746871948242, 859
0.013998746871948242, 858
0.013998746871948242, 857
0.013998746871948242, 856
0.013998746871948242, 855
0.013998746871948242, 854
0.013998746871948242, 853
0.013998746871948242, 852
0.013998746871948242, 851
0.013998746871948242, 850
0.014998674392700195, 847
0.014998674392700195, 846
0.014998674392700195, 845
0.014998674392700195, 844
0.014998674392700195, 843
0.014998674392700195, 842
0.014998674392700195, 841
0.01599884033203125, 840
0.01599884033203125, 839
0.01599884033203125, 838
0.01599884033203125, 837
0.01599884033203125, 836
0.01599884033203125, 835
0.01599884033203125, 834
0.01599884033203125, 833
0.01599884033203125, 832
0.01599884033203125, 831
0.019999027252197266, 830
0.019999027252197266, 829
0.019999027252197266, 828
0.019999027252197266, 827
0.019999027252197266, 826
0.02099919319152832, 825
0.02199864387512207, 824
0.02199864387512207, 823
0.022998571395874023, 822
0.022998571395874023, 821
0.022998571395874023, 820
0.023999691009521484, 819
0.023999691009521484, 818
0.023999691009521484, 817
0.023999691009521484, 816
0.023999691009521484, 815
0.023999691009521484, 814
0.023999691009521484, 813
0.023999691009521484, 812
0.023999691009521484, 811
0.023999691009521484, 810
0.023999691009521484, 809
0.025998592376708984, 808
0.025998592376708984, 807
0.025998592376708984, 806
0.025998592376708984, 805
0.025998592376708984, 804
0.025998592376708984, 803
0.025998592376708984, 802
0.025998592376708984, 801
0.025998592376708984, 800
0.025998592376708984, 799
0.025998592376708984, 798
0.026998519897460938, 797
0.026998519897460938, 796
0.026998519897460938, 795
0.026998519897460938, 794
0.026998519897460938, 793
0.026998519897460938, 792
0.026998519897460938, 791
0.027619123458862305, 790
0.027619123458862305, 789
0.027619123458862305, 788
0.027619123458862305, 787
0.027619123458862305, 786
0.027619123458862305, 785
0.027619123458862305, 784
0.027619123458862305, 783
0.027619123458862305, 782
0.027619123458862305, 781
0.027619123458862305, 780
0.027619123458862305, 779
0.027619123458862305, 778
0.027998924255371094, 777
0.027998924255371094, 776
0.027998924255371094, 775
0.027998924255371094, 774
0.027998924255371094, 773
0.027998924255371094, 772
0.027998924255371094, 771
0.027998924255371094, 770
0.027998924255371094, 769
0.027998924255371094, 768
0.027998924255371094, 767
0.027998924255371094, 766
0.027998924255371094, 765
0.027998924255371094, 764
0.027998924255371094, 763
0.027998924255371094, 762
0.027998924255371094, 761
0.027998924255371094, 760
0.027998924255371094, 759
0.027998924255371094, 758
0.027998924255371094, 757
0.027998924255371094, 756
0.027998924255371094, 755
0.027998924255371094, 754
0.027998924255371094, 753
0.027998924255371094, 752
0.027998924255371094, 751
0.027998924255371094, 750
0.027998924255371094, 749
0.027998924255371094, 748
0.027998924255371094, 747
0.027998924255371094, 746
0.027998924255371094, 745
0.027998924255371094, 744
0.027998924255371094, 743
0.027998924255371094, 742
0.027998924255371094, 741
0.027998924255371094, 740
0.027998924255371094, 739
0.028998613357543945, 738
0.028998613357543945, 737
0.028998613357543945, 736
0.028998613357543945, 735
0.028998613357543945, 734
0.028998613357543945, 733
0.028998613357543945, 732
0.028998613357543945, 731
0.028998613357543945, 730
0.028998613357543945, 729
0.028998613357543945, 728
0.028998613357543945, 727
0.028998613357543945, 726
0.028998613357543945, 725
0.028998613357543945, 724
0.028998613357543945, 723
0.028998613357543945, 722
0.028998613357543945, 721
0.028998613357543945, 720
0.028998613357543945, 719
0.028998613357543945, 718
0.028998613357543945, 717
0.028998613357543945, 716
0.028998613357543945, 715
0.08207392692565918, 714
0.08207392692565918, 713
0.08207392692565918, 712
0.08207392692565918, 711
0.08207392692565918, 710
0.08207392692565918, 709
0.10811257362365723, 708
0.10811257362365723, 707
0.10811257362365723, 706
0.10811257362365723, 705
0.10811257362365723, 704
0.10811257362365723, 703
0.10811257362365723, 702
0.10811257362365723, 701
0.10811257362365723, 700
0.10811257362365723, 699
0.10811257362365723, 698
0.10811257362365723, 697
0.10811257362365723, 696
0.10811257362365723, 695
0.10811257362365723, 694
2.847078800201416, 693
6.052814960479736, 692
6.052814960479736, 691
