0.007001161575317383, 1123
0.007001161575317383, 1122
0.007001161575317383, 1121
0.007001161575317383, 1120
0.007001161575317383, 1119
0.007001161575317383, 1118
0.007001161575317383, 1117
0.007001161575317383, 1116
0.007001161575317383, 1115
0.007001161575317383, 1114
0.007001161575317383, 1113
0.007001161575317383, 1112
0.007001161575317383, 1111
0.007001161575317383, 1110
0.007001161575317383, 1109
0.007001161575317383, 1108
0.007001161575317383, 1107
0.007001161575317383, 1106
0.007001161575317383, 1105
0.007001161575317383, 1104
0.007001161575317383, 1103
0.007001161575317383, 1102
0.007001161575317383, 1101
0.007001161575317383, 1100
0.007001161575317383, 1099
0.007001161575317383, 1098
0.007001161575317383, 1097
0.008000612258911133, 1096
0.008000612258911133, 1095
0.008000612258911133, 1094
0.008000612258911133, 1093
0.008000612258911133, 1092
0.008000612258911133, 1091
0.008000612258911133, 1090
0.008000612258911133, 1089
0.008000612258911133, 1088
0.008000612258911133, 1087
0.008000612258911133, 1086
0.008000612258911133, 1085
0.008000612258911133, 1084
0.008000612258911133, 1083
0.008000612258911133, 1082
0.008000612258911133, 1081
0.008000612258911133, 1080
0.008000612258911133, 1079
0.008000612258911133, 1078
0.008000612258911133, 1077
0.008000612258911133, 1076
0.008000612258911133, 1075
0.008000612258911133, 1074
0.008000612258911133, 1073
0.008000612258911133, 1072
0.008000612258911133, 1071
0.008000612258911133, 1070
0.008000612258911133, 1069
0.008000612258911133, 1068
0.008000612258911133, 1067
0.008000612258911133, 1066
0.008000612258911133, 1065
0.008000612258911133, 1064
0.008000612258911133, 1063
0.008000612258911133, 1062
0.008000612258911133, 1061
0.008000612258911133, 1060
0.008000612258911133, 1059
0.008000612258911133, 1058
0.008000612258911133, 1057
0.008000612258911133, 1056
0.008000612258911133, 1055
0.008000612258911133, 1054
0.008000612258911133, 1053
0.008000612258911133, 1052
0.008000612258911133, 1051
0.008000612258911133, 1050
0.008000612258911133, 1049
0.008000612258911133, 1048
0.008000612258911133, 1047
0.016050338745117188, 855
0.016050338745117188, 854
0.016050338745117188, 853
0.016050338745117188, 852
0.016050338745117188, 851
0.01705026626586914, 850
0.01705026626586914, 849
0.01705026626586914, 848
0.01705026626586914, 847
0.01705026626586914, 846
0.01705026626586914, 845
0.01705026626586914, 844
0.01705026626586914, 843
0.01705026626586914, 842
0.01705026626586914, 841
0.01705026626586914, 840
0.01705026626586914, 839
0.01705026626586914, 838
0.01705026626586914, 837
0.01705026626586914, 836
0.01705026626586914, 835
0.01705026626586914, 834
0.01705026626586914, 833
0.01705026626586914, 832
0.01705026626586914, 831
0.0180511474609375, 830
0.0180511474609375, 829
0.0180511474609375, 828
0.0180511474609375, 827
0.0180511474609375, 826
0.0180511474609375, 825
0.0180511474609375, 824
0.019051074981689453, 823
0.019051074981689453, 822
0.019051074981689453, 821
0.02005171775817871, 820
0.02005171775817871, 819
0.02005171775817871, 818
0.02005171775817871, 817
0.02005171775817871, 816
0.02005171775817871, 815
0.02005171775817871, 814
0.02005171775817871, 813
0.02005171775817871, 812
0.02005171775817871, 811
0.02005171775817871, 810
0.02005171775817871, 809
0.02005171775817871, 808
0.02005171775817871, 807
0.02005171775817871, 806
0.02005171775817871, 805
0.02005171775817871, 804
0.02005171775817871, 803
0.02110600471496582, 802
0.02110600471496582, 801
0.02110600471496582, 800
0.02110600471496582, 799
0.02110600471496582, 798
0.02110600471496582, 797
0.02110600471496582, 796
0.02110600471496582, 795
0.02110600471496582, 794
0.02110600471496582, 793
0.02110600471496582, 792
0.025117158889770508, 791
0.025117158889770508, 790
0.025117158889770508, 789
0.025117158889770508, 788
0.025117158889770508, 787
0.025117158889770508, 786
0.025117158889770508, 785
0.026051998138427734, 784
0.026051998138427734, 783
0.026051998138427734, 782
0.026051998138427734, 781
0.026051998138427734, 780
0.026051998138427734, 779
0.026051998138427734, 778
0.026051998138427734, 777
0.026051998138427734, 776
0.026051998138427734, 775
0.026051998138427734, 774
0.026051998138427734, 773
0.027051687240600586, 772
0.027051687240600586, 771
0.027051687240600586, 770
0.027051687240600586, 769
0.027051687240600586, 768
0.027051687240600586, 767
0.027051687240600586, 766
0.027051687240600586, 765
0.027051687240600586, 764
0.027051687240600586, 763
0.027051687240600586, 762
0.027051687240600586, 761
0.027051687240600586, 760
0.027051687240600586, 759
0.027051687240600586, 758
0.027051687240600586, 757
0.028052091598510742, 756
0.028052091598510742, 755
0.028052091598510742, 754
0.028052091598510742, 753
0.028052091598510742, 752
0.028052091598510742, 751
0.028052091598510742, 750
0.028052091598510742, 749
0.028052091598510742, 748
0.028052091598510742, 747
0.028052091598510742, 746
0.028052091598510742, 745
0.028052091598510742, 744
0.028052091598510742, 743
0.028052091598510742, 742
0.028052091598510742, 741
0.028052091598510742, 740
0.028052091598510742, 739
0.028052091598510742, 738
0.028052091598510742, 737
0.028052091598510742, 736
0.028052091598510742, 735
0.028052091598510742, 734
0.028052091598510742, 733
0.028052091598510742, 732
0.028052091598510742, 731
0.028052091598510742, 730
0.028052091598510742, 729
0.028052091598510742, 728
0.028052091598510742, 727
0.028052091598510742, 726
0.028052091598510742, 725
0.028052091598510742, 724
0.028052091598510742, 723
0.028052091598510742, 722
0.028052091598510742, 721
0.028052091598510742, 720
0.028052091598510742, 719
0.054515838623046875, 718
0.054515838623046875, 717
0.054515838623046875, 716
0.054515838623046875, 715
0.054515838623046875, 714
0.054515838623046875, 713
0.054515838623046875, 712
0.054515838623046875, 711
0.054515838623046875, 710
0.05505108833312988, 709
0.05505108833312988, 708
0.1591472625732422, 707
0.1591472625732422, 706
0.3387770652770996, 705
0.3387770652770996, 704
0.3387770652770996, 703
0.3387770652770996, 702
0.3387770652770996, 701
0.3387770652770996, 700
0.3387770652770996, 699
0.3387770652770996, 698
0.3387770652770996, 697
0.3387770652770996, 696
0.3387770652770996, 695
0.3387770652770996, 694
0.3387770652770996, 693
0.3387770652770996, 692
0.3387770652770996, 691
3.1470038890838623, 690
3.1470038890838623, 689
3.1470038890838623, 688
3.14784574508667, 687
3.14784574508667, 686
