0.012999296188354492, 1127
0.012999296188354492, 1126
0.012999296188354492, 1125
0.012999296188354492, 1124
0.012999296188354492, 1123
0.012999296188354492, 1122
0.012999296188354492, 1121
0.012999296188354492, 1120
0.012999296188354492, 1119
0.012999296188354492, 1118
0.012999296188354492, 1117
0.012999296188354492, 1116
0.012999296188354492, 1115
0.012999296188354492, 1114
0.012999296188354492, 1113
0.012999296188354492, 1112
0.012999296188354492, 1111
0.012999296188354492, 1110
0.012999296188354492, 1109
0.012999296188354492, 1108
0.012999296188354492, 1107
0.012999296188354492, 1106
0.012999296188354492, 1105
0.012999296188354492, 1104
0.012999296188354492, 1103
0.012999296188354492, 1102
0.012999296188354492, 1101
0.012999296188354492, 1100
0.012999296188354492, 1099
0.012999296188354492, 1098
0.012999296188354492, 1097
0.012999296188354492, 1096
0.012999296188354492, 1095
0.012999296188354492, 1094
0.013998270034790039, 1093
0.013998270034790039, 1092
0.013998270034790039, 1091
0.013998270034790039, 1090
0.013998270034790039, 1089
0.013998270034790039, 1088
0.013998270034790039, 1087
0.013998270034790039, 1086
0.013998270034790039, 1085
0.013998270034790039, 1084
0.013998270034790039, 1083
0.013998270034790039, 1082
0.013998270034790039, 1081
0.013998270034790039, 1080
0.013998270034790039, 1079
0.013998270034790039, 1078
0.013998270034790039, 1077
0.013998270034790039, 1076
0.013998270034790039, 1075
0.013998270034790039, 1074
0.013998270034790039, 1073
0.013998270034790039, 1072
0.013998270034790039, 1071
0.013998270034790039, 1070
0.013998270034790039, 1069
0.013998270034790039, 1068
0.013998270034790039, 975
0.013998270034790039, 974
0.013998270034790039, 973
0.013998270034790039, 972
0.013998270034790039, 971
0.013998270034790039, 970
0.013998270034790039, 969
0.013998270034790039, 968
0.013998270034790039, 967
0.013998270034790039, 966
0.013998270034790039, 965
0.013998270034790039, 964
0.013998270034790039, 963
0.013998270034790039, 962
0.013998270034790039, 961
0.013998270034790039, 960
0.013998270034790039, 959
0.013998270034790039, 958
0.013998270034790039, 957
0.013998270034790039, 956
0.013998270034790039, 955
0.013998270034790039, 954
0.013998270034790039, 953
0.013998270034790039, 952
0.013998270034790039, 951
0.013998270034790039, 950
0.013998270034790039, 949
0.013998270034790039, 948
0.014999151229858398, 947
0.014999151229858398, 946
0.014999151229858398, 945
0.014999151229858398, 944
0.014999151229858398, 943
0.014999151229858398, 942
0.014999151229858398, 941
0.014999151229858398, 940
0.014999151229858398, 939
0.014999151229858398, 938
0.014999151229858398, 937
0.014999151229858398, 936
0.014999151229858398, 935
0.014999151229858398, 934
0.014999151229858398, 933
0.014999151229858398, 932
0.014999151229858398, 931
0.014999151229858398, 930
0.014999151229858398, 929
0.014999151229858398, 928
0.014999151229858398, 927
0.01999831199645996, 849
0.01999831199645996, 848
0.01999831199645996, 847
0.01999831199645996, 846
0.020998239517211914, 830
0.020998239517211914, 829
0.02199840545654297, 828
0.02199840545654297, 827
0.02199840545654297, 826
0.02199840545654297, 825
0.02199840545654297, 824
0.02199840545654297, 823
0.02199840545654297, 822
0.02199840545654297, 821
0.022998809814453125, 820
0.022998809814453125, 819
0.022998809814453125, 818
0.022998809814453125, 817
0.022998809814453125, 816
0.022998809814453125, 815
0.022998809814453125, 814
0.022998809814453125, 813
0.022998809814453125, 812
0.022998809814453125, 811
0.022998809814453125, 810
0.0299985408782959, 809
0.0299985408782959, 808
0.0299985408782959, 807
0.03099846839904785, 806
0.03099846839904785, 805
0.03099846839904785, 804
0.03099846839904785, 803
0.03099846839904785, 802
0.03099846839904785, 801
0.03099846839904785, 800
0.03099846839904785, 799
0.03099846839904785, 798
0.03099846839904785, 797
0.03099846839904785, 796
0.03099846839904785, 795
0.03099846839904785, 794
0.03099846839904785, 793
0.03099846839904785, 792
0.03099846839904785, 791
0.03099846839904785, 790
0.03099846839904785, 789
0.03099846839904785, 788
0.03099846839904785, 787
0.03099846839904785, 786
0.03099846839904785, 785
0.03099846839904785, 784
0.03099846839904785, 783
0.03099846839904785, 782
0.03099846839904785, 781
0.03099846839904785, 780
0.03099846839904785, 779
0.03099846839904785, 778
0.03099846839904785, 777
0.03099846839904785, 776
0.03199887275695801, 775
0.03199887275695801, 774
0.03199887275695801, 773
0.03199887275695801, 772
0.03199887275695801, 771
0.03199887275695801, 770
0.03199887275695801, 769
0.03199887275695801, 768
0.03199887275695801, 767
0.03199887275695801, 766
0.03199887275695801, 765
0.03199887275695801, 764
0.03199887275695801, 763
0.03199887275695801, 762
0.03199887275695801, 761
0.03199887275695801, 760
0.03199887275695801, 759
0.03199887275695801, 758
0.03199887275695801, 757
0.03199887275695801, 756
0.03199887275695801, 755
0.03199887275695801, 754
0.03199887275695801, 753
0.03199887275695801, 752
0.03199887275695801, 751
0.03199887275695801, 750
0.03199887275695801, 749
0.03199887275695801, 748
0.03199887275695801, 747
0.03199887275695801, 746
0.03199887275695801, 745
0.03199887275695801, 744
0.03199887275695801, 743
0.03199887275695801, 742
0.03199887275695801, 741
0.03199887275695801, 740
0.03199887275695801, 739
0.03199887275695801, 738
0.03199887275695801, 737
0.03199887275695801, 736
0.03299856185913086, 735
0.03299856185913086, 734
0.03299856185913086, 733
0.03299856185913086, 732
0.03299856185913086, 731
0.03299856185913086, 730
0.03299856185913086, 729
0.03299856185913086, 728
0.03299856185913086, 727
0.03299856185913086, 726
0.03299856185913086, 725
0.03299856185913086, 724
0.03299856185913086, 723
0.03299856185913086, 722
0.03299856185913086, 721
0.03299856185913086, 720
0.03299856185913086, 719
0.03299856185913086, 718
0.03299856185913086, 717
0.03299856185913086, 716
0.03299856185913086, 715
0.03299856185913086, 714
0.10800004005432129, 713
0.10800004005432129, 712
0.10800004005432129, 711
0.10800004005432129, 710
0.10800004005432129, 709
0.10800004005432129, 708
0.10800004005432129, 707
0.10800004005432129, 706
0.10800004005432129, 705
0.10800004005432129, 704
0.10800004005432129, 703
0.10800004005432129, 702
0.10800004005432129, 701
0.10800004005432129, 700
0.10800004005432129, 699
0.10800004005432129, 698
0.10800004005432129, 697
0.10800004005432129, 696
0.10800004005432129, 695
0.10800004005432129, 694
0.10800004005432129, 693
3.2571942806243896, 692
5.054413318634033, 691
5.054413318634033, 690
5.054413318634033, 689
