0.010996341705322266, 1115
0.010996341705322266, 1114
0.010996341705322266, 1113
0.010996341705322266, 1112
0.010996341705322266, 1111
0.010996341705322266, 1110
0.010996341705322266, 1109
0.010996341705322266, 1108
0.010996341705322266, 1107
0.010996341705322266, 1106
0.010996341705322266, 1105
0.010996341705322266, 1104
0.010996341705322266, 1103
0.010996341705322266, 1102
0.010996341705322266, 1101
0.010996341705322266, 1100
0.010996341705322266, 1099
0.010996341705322266, 1098
0.010996341705322266, 1097
0.010996341705322266, 1096
0.010996341705322266, 1095
0.010996341705322266, 1094
0.010996341705322266, 1093
0.010996341705322266, 1092
0.010996341705322266, 1091
0.010996341705322266, 1090
0.010996341705322266, 1089
0.010996341705322266, 1088
0.010996341705322266, 1087
0.010996341705322266, 1086
0.010996341705322266, 1085
0.010996341705322266, 1084
0.010996341705322266, 1083
0.010996341705322266, 1082
0.010996341705322266, 1081
0.010996341705322266, 1080
0.01799798011779785, 848
0.01799798011779785, 847
0.01799798011779785, 846
0.01799798011779785, 845
0.01799798011779785, 844
0.01799798011779785, 843
0.018995285034179688, 831
0.02099442481994629, 830
0.02099442481994629, 829
0.02099442481994629, 828
0.02099442481994629, 827
0.02099442481994629, 826
0.022504568099975586, 823
0.022504568099975586, 822
0.022504568099975586, 821
0.023513078689575195, 820
0.023513078689575195, 819
0.023513078689575195, 818
0.023513078689575195, 817
0.023513078689575195, 816
0.023513078689575195, 815
0.023513078689575195, 814
0.023513078689575195, 813
0.023513078689575195, 812
0.023513078689575195, 811
0.023513078689575195, 810
0.023513078689575195, 809
0.023513078689575195, 808
0.02451157569885254, 807
0.02451157569885254, 806
0.025511980056762695, 805
0.025511980056762695, 804
0.026510238647460938, 803
0.026510238647460938, 802
0.026510238647460938, 801
0.026510238647460938, 800
0.026510238647460938, 799
0.026510238647460938, 798
0.026510238647460938, 797
0.02751016616821289, 796
0.02751016616821289, 795
0.02751016616821289, 794
0.02751016616821289, 793
0.02751016616821289, 792
0.02751016616821289, 791
0.02751016616821289, 790
0.02751016616821289, 789
0.02751016616821289, 788
0.028510093688964844, 787
0.028510093688964844, 786
0.028510093688964844, 785
0.028510093688964844, 784
0.028510093688964844, 783
0.028510093688964844, 782
0.028510093688964844, 781
0.028510093688964844, 780
0.028510093688964844, 779
0.028510093688964844, 778
0.028510093688964844, 777
0.028510093688964844, 776
0.028510093688964844, 775
0.028510093688964844, 774
0.028510093688964844, 773
0.028510093688964844, 772
0.028510093688964844, 771
0.028510093688964844, 770
0.029510021209716797, 769
0.029510021209716797, 768
0.029510021209716797, 767
0.029510021209716797, 766
0.029510021209716797, 765
0.029510021209716797, 764
0.029510021209716797, 763
0.029510021209716797, 762
0.029510021209716797, 761
0.029510021209716797, 760
0.029510021209716797, 759
0.029510021209716797, 758
0.029510021209716797, 757
0.029510021209716797, 756
0.029510021209716797, 755
0.029510021209716797, 754
0.029510021209716797, 753
0.029510021209716797, 752
0.029510021209716797, 751
0.029510021209716797, 750
0.029510021209716797, 749
0.029510021209716797, 748
0.029510021209716797, 747
0.029510021209716797, 746
0.029510021209716797, 745
0.029510021209716797, 744
0.029510021209716797, 743
0.029510021209716797, 742
0.029510021209716797, 741
0.029510021209716797, 740
0.029510021209716797, 739
0.029510021209716797, 738
0.029510021209716797, 737
0.029510021209716797, 736
0.029510021209716797, 735
0.030510425567626953, 734
0.030510425567626953, 733
0.030510425567626953, 732
0.030510425567626953, 731
0.030510425567626953, 730
0.030510425567626953, 729
0.030510425567626953, 728
0.030510425567626953, 727
0.030510425567626953, 726
0.030510425567626953, 725
0.030510425567626953, 724
0.030510425567626953, 723
0.030510425567626953, 722
0.030510425567626953, 721
0.030510425567626953, 720
0.030510425567626953, 719
0.030510425567626953, 718
0.030510425567626953, 717
0.030510425567626953, 716
0.030510425567626953, 715
0.030510425567626953, 714
0.030510425567626953, 713
0.030510425567626953, 712
0.030510425567626953, 711
0.030510425567626953, 710
0.030510425567626953, 709
0.030510425567626953, 708
0.030510425567626953, 707
0.030510425567626953, 706
0.030510425567626953, 705
0.030510425567626953, 704
0.030510425567626953, 703
0.030510425567626953, 702
0.05953574180603027, 701
0.05953574180603027, 700
0.05953574180603027, 699
0.05953574180603027, 698
0.05953574180603027, 697
0.05953574180603027, 696
2.8169443607330322, 695
5.065283298492432, 694
8.160869359970093, 693
8.161869287490845, 692
8.161869287490845, 691
8.161869287490845, 690
8.161869287490845, 689
8.161869287490845, 688
8.161869287490845, 687
8.161869287490845, 686
