0.04417061805725098, 8328
0.04417061805725098, 8327
0.04417061805725098, 8326
0.04417061805725098, 8325
0.04417061805725098, 8324
0.04417061805725098, 8323
0.04417061805725098, 8322
0.04417061805725098, 8321
0.04417061805725098, 8320
0.04417061805725098, 8319
0.04417061805725098, 8318
0.04417061805725098, 8317
0.04417061805725098, 8316
0.04417061805725098, 8315
0.04417061805725098, 8314
0.04417061805725098, 8313
0.04417061805725098, 8312
0.04417061805725098, 8311
0.04417061805725098, 8310
0.04517030715942383, 8309
0.04517030715942383, 8308
0.04517030715942383, 8307
0.04517030715942383, 8306
0.04517030715942383, 8305
0.04517030715942383, 8304
0.04517030715942383, 8303
0.04517030715942383, 8302
0.04517030715942383, 8301
0.04517030715942383, 8300
0.04517030715942383, 8299
0.04517030715942383, 8298
0.04517030715942383, 8297
0.04517030715942383, 8296
0.04517030715942383, 8295
0.04517030715942383, 8294
0.04517030715942383, 8293
0.04517030715942383, 8292
0.04517030715942383, 8291
0.04517030715942383, 8290
0.04517030715942383, 8289
0.046170711517333984, 8288
0.046170711517333984, 8287
0.046170711517333984, 8286
0.046170711517333984, 8285
0.046170711517333984, 8284
0.046170711517333984, 8283
0.046170711517333984, 8282
0.046170711517333984, 8281
0.046170711517333984, 8280
0.046170711517333984, 8279
0.046170711517333984, 8278
0.046170711517333984, 8277
0.046170711517333984, 8276
0.046170711517333984, 8275
0.046170711517333984, 8274
0.046170711517333984, 8273
0.046170711517333984, 8272
0.046170711517333984, 8271
0.046170711517333984, 8270
0.046170711517333984, 8269
0.046170711517333984, 8268
0.04716682434082031, 8267
0.04716682434082031, 8266
0.04716682434082031, 8265
0.04716682434082031, 8264
0.04716682434082031, 8263
0.04716682434082031, 8262
0.04716682434082031, 8261
0.04716682434082031, 8260
0.04716682434082031, 8259
0.04716682434082031, 8258
0.04716682434082031, 8257
0.04716682434082031, 8256
0.04716682434082031, 8255
0.04716682434082031, 8254
0.04716682434082031, 8253
0.04716682434082031, 8252
0.04716682434082031, 8251
0.04716682434082031, 8250
0.04716682434082031, 8249
0.04716682434082031, 8248
0.04816794395446777, 8247
0.04816794395446777, 8246
0.04816794395446777, 8245
0.04816794395446777, 8244
0.04816794395446777, 8243
0.04816794395446777, 8242
0.04816794395446777, 8241
0.04816794395446777, 8240
0.04816794395446777, 8239
0.04816794395446777, 8238
0.04816794395446777, 8237
0.04816794395446777, 8236
0.04816794395446777, 8235
0.04816794395446777, 8234
0.04816794395446777, 8233
0.04816794395446777, 8232
0.04816794395446777, 8231
0.04816794395446777, 8230
0.04816794395446777, 8229
0.04816794395446777, 8228
0.04816794395446777, 8227
0.049169301986694336, 8226
0.049169301986694336, 8225
0.049169301986694336, 8224
0.049169301986694336, 8223
0.049169301986694336, 8222
0.049169301986694336, 8221
0.049169301986694336, 8220
0.049169301986694336, 8219
0.049169301986694336, 8218
0.049169301986694336, 8217
0.049169301986694336, 8216
0.049169301986694336, 8215
0.049169301986694336, 8214
0.049169301986694336, 8213
0.049169301986694336, 8212
0.049169301986694336, 8211
0.049169301986694336, 8210
0.049169301986694336, 8209
0.049169301986694336, 8208
0.050167083740234375, 8207
0.050167083740234375, 8206
0.050167083740234375, 8205
0.050167083740234375, 8204
0.050167083740234375, 8203
0.050167083740234375, 8202
0.050167083740234375, 8201
0.050167083740234375, 8200
0.050167083740234375, 8199
0.050167083740234375, 8198
0.050167083740234375, 8197
0.050167083740234375, 8196
0.050167083740234375, 8195
0.050167083740234375, 8194
0.050167083740234375, 8193
0.050167083740234375, 8192
0.050167083740234375, 8191
0.050167083740234375, 8190
0.050167083740234375, 8189
0.050167083740234375, 8188
0.05116891860961914, 8187
0.05116891860961914, 8186
0.05116891860961914, 8185
0.05116891860961914, 8184
0.05116891860961914, 8183
0.05116891860961914, 8182
0.05116891860961914, 8181
0.05116891860961914, 8180
0.05116891860961914, 8179
0.05116891860961914, 8178
0.05116891860961914, 8177
0.05116891860961914, 8176
0.05116891860961914, 8175
0.05116891860961914, 8174
0.05116891860961914, 8173
0.05116891860961914, 8172
0.05116891860961914, 8171
0.05116891860961914, 8170
0.05116891860961914, 8169
0.05216860771179199, 8168
0.05216860771179199, 8167
0.05216860771179199, 8166
0.05216860771179199, 8165
0.05216860771179199, 8164
0.05216860771179199, 8163
0.05216860771179199, 8162
0.05216860771179199, 8161
0.05216860771179199, 8160
0.05216860771179199, 8159
0.05216860771179199, 8158
0.05216860771179199, 8157
0.05216860771179199, 8156
0.05216860771179199, 8155
0.05216860771179199, 8154
0.05216860771179199, 8153
0.05216860771179199, 8152
0.05216860771179199, 8151
0.05216860771179199, 8150
0.05216860771179199, 8149
0.05316805839538574, 8148
0.05316805839538574, 8147
0.05316805839538574, 8146
0.05316805839538574, 8145
0.05316805839538574, 8144
0.05316805839538574, 8143
0.05316805839538574, 8142
0.05316805839538574, 8141
0.05316805839538574, 8140
0.05316805839538574, 8139
0.05316805839538574, 8138
0.05316805839538574, 8137
0.05316805839538574, 8136
0.05316805839538574, 8135
0.05316805839538574, 8134
0.05316805839538574, 8133
0.05316805839538574, 8132
0.05316805839538574, 8131
0.0541689395904541, 8130
0.0541689395904541, 8129
0.0541689395904541, 8128
0.0541689395904541, 8127
0.0541689395904541, 8126
0.0541689395904541, 8125
0.0541689395904541, 8124
0.0541689395904541, 8123
0.0541689395904541, 8122
0.0541689395904541, 8121
0.0541689395904541, 8120
0.0541689395904541, 8119
0.0541689395904541, 8118
0.0541689395904541, 8117
0.0541689395904541, 8116
0.0541689395904541, 8115
0.0541689395904541, 8114
0.0541689395904541, 8113
0.0541689395904541, 8112
0.0541689395904541, 8111
0.055168867111206055, 8110
0.05527234077453613, 8109
0.05527234077453613, 8108
0.05527234077453613, 8107
0.05527234077453613, 8106
0.05527234077453613, 8105
0.05527234077453613, 8104
0.05527234077453613, 8103
0.05527234077453613, 8102
0.05527234077453613, 8101
0.05527234077453613, 8100
0.05527234077453613, 8099
0.05527234077453613, 8098
0.05527234077453613, 8097
0.05527234077453613, 8096
0.05527234077453613, 8095
0.05527234077453613, 8094
0.05527234077453613, 8093
0.05527234077453613, 8092
0.0561680793762207, 8091
0.056269168853759766, 8090
0.056269168853759766, 8089
0.056269168853759766, 8088
0.056269168853759766, 8087
0.056269168853759766, 8086
0.056269168853759766, 8085
0.056269168853759766, 8084
0.056269168853759766, 8083
0.056269168853759766, 8082
0.056269168853759766, 8081
0.056269168853759766, 8080
0.056269168853759766, 8079
0.056269168853759766, 8078
0.056269168853759766, 8077
0.056269168853759766, 8076
0.056269168853759766, 8075
0.056269168853759766, 8074
0.05716967582702637, 8073
0.05716967582702637, 8072
0.05716967582702637, 8071
0.05716967582702637, 8070
0.05716967582702637, 8069
0.05716967582702637, 8068
0.05716967582702637, 8067
0.05716967582702637, 8066
0.05716967582702637, 8065
0.05716967582702637, 8064
0.05716967582702637, 8063
0.05716967582702637, 8062
0.05716967582702637, 8061
0.05716967582702637, 8060
0.05716967582702637, 8059
0.05716967582702637, 8058
0.05716967582702637, 8057
0.05716967582702637, 8056
0.05716967582702637, 8055
0.058168649673461914, 8054
0.058168649673461914, 8053
0.058168649673461914, 8052
0.058168649673461914, 8051
0.058168649673461914, 8050
0.058168649673461914, 8049
0.058168649673461914, 8048
0.058168649673461914, 8047
0.058168649673461914, 8046
0.058168649673461914, 8045
0.058168649673461914, 8044
0.058168649673461914, 8043
0.058168649673461914, 8042
0.058168649673461914, 8041
0.058168649673461914, 8040
0.058168649673461914, 8039
0.058168649673461914, 8038
0.058168649673461914, 8037
0.058168649673461914, 8036
0.05917000770568848, 8035
0.05917000770568848, 8034
0.05917000770568848, 8033
0.05917000770568848, 8032
0.05917000770568848, 8031
0.05917000770568848, 8030
0.05917000770568848, 8029
0.05917000770568848, 8028
0.05917000770568848, 8027
0.05917000770568848, 8026
0.05917000770568848, 8025
0.05917000770568848, 8024
0.05917000770568848, 8023
0.05917000770568848, 8022
0.05917000770568848, 8021
0.05917000770568848, 8020
0.05917000770568848, 8019
0.06016945838928223, 8018
0.06016945838928223, 8017
0.06016945838928223, 8016
0.06016945838928223, 8015
0.06016945838928223, 8014
0.06016945838928223, 8013
0.06016945838928223, 8012
0.06016945838928223, 8011
0.06016945838928223, 8010
0.06016945838928223, 8009
0.06016945838928223, 8008
0.06016945838928223, 8007
0.06016945838928223, 8006
0.06016945838928223, 8005
0.06016945838928223, 8004
0.06016945838928223, 8003
0.06016945838928223, 8002
0.06116795539855957, 8001
0.06116795539855957, 8000
0.06116795539855957, 7999
0.06116795539855957, 7998
0.06116795539855957, 7997
0.06116795539855957, 7996
0.06116795539855957, 7995
0.06116795539855957, 7994
0.06116795539855957, 7993
0.06116795539855957, 7992
0.06116795539855957, 7991
0.06116795539855957, 7990
0.06116795539855957, 7989
0.06116795539855957, 7988
0.06116795539855957, 7987
0.06116795539855957, 7986
0.06216907501220703, 7985
0.06216907501220703, 7984
0.06216907501220703, 7983
0.06216907501220703, 7982
0.06216907501220703, 7981
0.06216907501220703, 7980
0.06216907501220703, 7979
0.06216907501220703, 7978
0.06216907501220703, 7977
0.06216907501220703, 7976
0.06216907501220703, 7975
0.06216907501220703, 7974
0.06216907501220703, 7973
0.06216907501220703, 7972
0.06216907501220703, 7971
0.06216907501220703, 7970
0.06216907501220703, 7969
0.06216907501220703, 7968
0.06316781044006348, 7967
0.06316781044006348, 7966
0.06316781044006348, 7965
0.06316781044006348, 7964
0.06316781044006348, 7963
0.06316781044006348, 7962
0.06316781044006348, 7961
0.06316781044006348, 7960
0.06316781044006348, 7959
0.06316781044006348, 7958
0.06316781044006348, 7957
0.06316781044006348, 7956
0.06316781044006348, 7955
0.06316781044006348, 7954
0.06316781044006348, 7953
0.06316781044006348, 7952
0.06316781044006348, 7951
0.06416893005371094, 7950
0.06416893005371094, 7949
0.06416893005371094, 7948
0.06416893005371094, 7947
0.06416893005371094, 7946
0.06416893005371094, 7945
0.06416893005371094, 7944
0.06416893005371094, 7943
0.06416893005371094, 7942
0.06416893005371094, 7941
0.06416893005371094, 7940
0.06416893005371094, 7939
0.06416893005371094, 7938
0.06416893005371094, 7937
0.06416893005371094, 7936
0.06416893005371094, 7935
0.06416893005371094, 7934
0.06516885757446289, 7933
0.06516885757446289, 7932
0.06516885757446289, 7931
0.06516885757446289, 7930
0.06516885757446289, 7929
0.06516885757446289, 7928
0.06516885757446289, 7927
0.06516885757446289, 7926
0.06516885757446289, 7925
0.06516885757446289, 7924
0.06516885757446289, 7923
0.06516885757446289, 7922
0.06516885757446289, 7921
0.06516885757446289, 7920
0.06516885757446289, 7919
0.06516885757446289, 7918
0.06516885757446289, 7917
0.06516885757446289, 7916
0.06616902351379395, 7915
0.06616902351379395, 7914
0.06616902351379395, 7913
0.06616902351379395, 7912
0.06616902351379395, 7911
0.06616902351379395, 7910
0.06616902351379395, 7909
0.44092416763305664, 5882
0.44092416763305664, 5881
0.44092416763305664, 5880
0.44092416763305664, 5879
0.44092416763305664, 5878
0.44092416763305664, 5877
0.44092416763305664, 5876
0.44092416763305664, 5875
0.44092416763305664, 5874
0.44092416763305664, 5873
0.44092416763305664, 5872
0.44092416763305664, 5871
0.44092416763305664, 5870
0.44092416763305664, 5869
0.44092416763305664, 5868
0.441927433013916, 5867
0.441927433013916, 5866
0.441927433013916, 5865
0.441927433013916, 5864
0.441927433013916, 5863
0.441927433013916, 5862
0.441927433013916, 5861
0.441927433013916, 5860
0.441927433013916, 5859
0.441927433013916, 5858
0.441927433013916, 5857
0.441927433013916, 5856
0.441927433013916, 5855
0.441927433013916, 5854
0.441927433013916, 5853
0.441927433013916, 5852
0.441927433013916, 5851
0.441927433013916, 5850
0.441927433013916, 5849
0.44292712211608887, 5848
0.44292712211608887, 5847
0.44292712211608887, 5846
0.44292712211608887, 5845
0.44292712211608887, 5844
0.44292712211608887, 5843
0.44292712211608887, 5842
0.44292712211608887, 5841
0.44292712211608887, 5840
0.44292712211608887, 5839
0.44292712211608887, 5838
0.44292712211608887, 5837
0.44292712211608887, 5836
0.44292712211608887, 5835
0.44292712211608887, 5834
0.44292712211608887, 5833
0.44292712211608887, 5832
0.4439253807067871, 5831
0.4439253807067871, 5830
0.4439253807067871, 5829
0.4439253807067871, 5828
0.4439253807067871, 5827
0.4439253807067871, 5826
0.4439253807067871, 5825
0.4439253807067871, 5824
0.4439253807067871, 5823
0.4439253807067871, 5822
0.4439253807067871, 5821
0.4439253807067871, 5820
0.4439253807067871, 5819
0.4439253807067871, 5818
0.4439253807067871, 5817
0.4439253807067871, 5816
0.4439253807067871, 5815
0.44492483139038086, 5814
0.44492483139038086, 5813
0.44492483139038086, 5812
0.44492483139038086, 5811
0.44492483139038086, 5810
0.44492483139038086, 5809
0.44492483139038086, 5808
0.44492483139038086, 5807
0.44492483139038086, 5806
0.44492483139038086, 5805
0.44492483139038086, 5804
0.44492483139038086, 5803
0.44492483139038086, 5802
0.44492483139038086, 5801
0.44492483139038086, 5800
0.44492483139038086, 5799
0.44492483139038086, 5798
0.4459249973297119, 5797
0.4459249973297119, 5796
0.4459249973297119, 5795
0.4459249973297119, 5794
0.4459249973297119, 5793
0.4459249973297119, 5792
0.4459249973297119, 5791
0.4459249973297119, 5790
0.4459249973297119, 5789
0.4459249973297119, 5788
0.4459249973297119, 5787
0.4459249973297119, 5786
0.4459249973297119, 5785
0.4459249973297119, 5784
0.4459249973297119, 5783
0.4459249973297119, 5782
0.4459249973297119, 5781
0.44692516326904297, 5780
0.44692516326904297, 5779
0.44692516326904297, 5778
0.44692516326904297, 5777
0.44692516326904297, 5776
0.44692516326904297, 5775
0.44692516326904297, 5774
0.44692516326904297, 5773
0.44692516326904297, 5772
0.44692516326904297, 5771
0.44692516326904297, 5770
0.44692516326904297, 5769
0.44692516326904297, 5768
0.44692516326904297, 5767
0.44692516326904297, 5766
0.44692516326904297, 5765
0.44692516326904297, 5764
0.44692516326904297, 5763
0.4479250907897949, 5762
0.4479250907897949, 5761
0.4479250907897949, 5760
0.4479250907897949, 5759
0.4479250907897949, 5758
0.4479250907897949, 5757
0.4479250907897949, 5756
0.4479250907897949, 5755
0.4479250907897949, 5754
0.4479250907897949, 5753
0.4479250907897949, 5752
0.4479250907897949, 5751
0.4479250907897949, 5750
0.4479250907897949, 5749
0.4479250907897949, 5748
0.4479250907897949, 5747
0.4479250907897949, 5746
0.4489247798919678, 5745
0.4489247798919678, 5744
0.4489247798919678, 5743
0.4489247798919678, 5742
0.4489247798919678, 5741
0.4489247798919678, 5740
0.4489247798919678, 5739
0.4489247798919678, 5738
0.4489247798919678, 5737
0.4489247798919678, 5736
0.4489247798919678, 5735
0.4489247798919678, 5734
0.4489247798919678, 5733
7.299574136734009, 5732
7.299574136734009, 5731
7.299574136734009, 5730
7.299574136734009, 5729
7.299574136734009, 5728
7.299574136734009, 5727
7.501070261001587, 5726
7.501070261001587, 5725
7.501070261001587, 5724
7.706263780593872, 5723
7.706263780593872, 5722
7.706263780593872, 5721
7.706263780593872, 5720
7.706263780593872, 5719
7.706263780593872, 5718
7.706263780593872, 5717
7.706263780593872, 5716
7.706263780593872, 5715
7.706263780593872, 5714
7.706263780593872, 5713
7.706263780593872, 5712
7.706263780593872, 5711
7.706263780593872, 5710
7.706263780593872, 5709
7.706263780593872, 5708
7.707262277603149, 5707
7.707262277603149, 5706
7.707262277603149, 5705
7.707262277603149, 5704
7.707262277603149, 5703
7.707262277603149, 5702
7.707262277603149, 5701
7.707262277603149, 5700
7.707262277603149, 5699
7.707262277603149, 5698
7.707262277603149, 5697
8.675017356872559, 5696
8.675017356872559, 5695
8.675017356872559, 5694
8.675017356872559, 5693
8.675017356872559, 5692
8.675017356872559, 5691
8.675017356872559, 5690
8.675017356872559, 5689
8.675017356872559, 5688
8.676014184951782, 5687
8.676014184951782, 5686
8.676014184951782, 5685
8.676014184951782, 5684
8.676014184951782, 5683
8.676014184951782, 5682
8.676014184951782, 5681
8.676014184951782, 5680
8.676014184951782, 5679
8.676014184951782, 5678
8.676014184951782, 5677
8.676014184951782, 5676
8.676014184951782, 5675
8.676014184951782, 5674
8.676014184951782, 5673
8.676014184951782, 5672
8.676014184951782, 5671
8.676014184951782, 5670
8.676014184951782, 5669
