0.04204869270324707, 8305
0.04304814338684082, 8304
0.04304814338684082, 8303
0.04304814338684082, 8302
0.04304814338684082, 8301
0.04304814338684082, 8300
0.04304814338684082, 8299
0.04304814338684082, 8298
0.04304814338684082, 8297
0.04304814338684082, 8296
0.04304814338684082, 8295
0.04304814338684082, 8294
0.04304814338684082, 8293
0.04304814338684082, 8292
0.04304814338684082, 8291
0.04304814338684082, 8290
0.04304814338684082, 8289
0.04304814338684082, 8288
0.04304814338684082, 8287
0.04304814338684082, 8286
0.04404902458190918, 8285
0.04404902458190918, 8284
0.04404902458190918, 8283
0.04404902458190918, 8282
0.04404902458190918, 8281
0.04404902458190918, 8280
0.04404902458190918, 8279
0.04404902458190918, 8278
0.04404902458190918, 8277
0.04404902458190918, 8276
0.04404902458190918, 8275
0.04404902458190918, 8274
0.04404902458190918, 8273
0.04404902458190918, 8272
0.04404902458190918, 8271
0.04404902458190918, 8270
0.04404902458190918, 8269
0.04404902458190918, 8268
0.04404902458190918, 8267
0.04504895210266113, 8266
0.04504895210266113, 8265
0.04504895210266113, 8264
0.04504895210266113, 8263
0.04504895210266113, 8262
0.04504895210266113, 8261
0.04504895210266113, 8260
0.04504895210266113, 8259
0.04504895210266113, 8258
0.04504895210266113, 8257
0.04504895210266113, 8256
0.04504895210266113, 8255
0.04504895210266113, 8254
0.04504895210266113, 8253
0.04504895210266113, 8252
0.04504895210266113, 8251
0.04504895210266113, 8250
0.04504895210266113, 8249
0.04504895210266113, 8248
0.04504895210266113, 8247
0.046048879623413086, 8246
0.046048879623413086, 8245
0.046048879623413086, 8244
0.046048879623413086, 8243
0.046048879623413086, 8242
0.046048879623413086, 8241
0.046048879623413086, 8240
0.046048879623413086, 8239
0.046048879623413086, 8238
0.046048879623413086, 8237
0.046048879623413086, 8236
0.046048879623413086, 8235
0.046048879623413086, 8234
0.046048879623413086, 8233
0.046048879623413086, 8232
0.046048879623413086, 8231
0.046048879623413086, 8230
0.046048879623413086, 8229
0.046048879623413086, 8228
0.046048879623413086, 8227
0.04704856872558594, 8226
0.04704856872558594, 8225
0.04704856872558594, 8224
0.04704856872558594, 8223
0.047266244888305664, 8222
0.047266244888305664, 8221
0.047266244888305664, 8220
0.047266244888305664, 8219
0.047266244888305664, 8218
0.047266244888305664, 8217
0.047266244888305664, 8216
0.047266244888305664, 8215
0.047266244888305664, 8214
0.047266244888305664, 8213
0.047266244888305664, 8212
0.047266244888305664, 8211
0.047266244888305664, 8210
0.047266244888305664, 8209
0.047266244888305664, 8208
0.04804825782775879, 8207
0.04804825782775879, 8206
0.04804825782775879, 8205
0.04804825782775879, 8204
0.04804825782775879, 8203
0.04804825782775879, 8202
0.04804825782775879, 8201
0.04804825782775879, 8200
0.04804825782775879, 8199
0.04804825782775879, 8198
0.04804825782775879, 8197
0.04804825782775879, 8196
0.04804825782775879, 8195
0.04804825782775879, 8194
0.04804825782775879, 8193
0.04804825782775879, 8192
0.04804825782775879, 8191
0.04804825782775879, 8190
0.04804825782775879, 8189
0.04804825782775879, 8188
0.049050092697143555, 8187
0.049050092697143555, 8186
0.049050092697143555, 8185
0.10029745101928711, 8184
0.10029745101928711, 8183
0.10029745101928711, 8182
0.10029745101928711, 8181
0.10029745101928711, 8180
0.10129928588867188, 8179
0.10129928588867188, 8178
0.10129928588867188, 8177
0.10129928588867188, 8176
0.10129928588867188, 8175
0.10129928588867188, 8174
0.10129928588867188, 8173
0.10129928588867188, 8172
0.10129928588867188, 8171
0.10129928588867188, 8170
0.10129928588867188, 8169
0.10129928588867188, 8168
0.10129928588867188, 8167
0.10129928588867188, 8166
0.10129928588867188, 8165
0.10129928588867188, 8164
0.10129928588867188, 8163
0.10129928588867188, 8162
0.10129928588867188, 8161
0.10229706764221191, 8160
0.10229706764221191, 8159
0.10229706764221191, 8158
0.10229706764221191, 8157
0.10229706764221191, 8156
0.10229706764221191, 8155
0.10229706764221191, 8154
0.10229706764221191, 8153
0.10229706764221191, 8152
0.10229706764221191, 8151
0.10229706764221191, 8150
0.10229706764221191, 8149
0.10229706764221191, 8148
0.10229706764221191, 8147
0.10229706764221191, 8146
0.10229706764221191, 8145
0.10229706764221191, 8144
0.10229706764221191, 8143
0.10329771041870117, 8142
0.10329771041870117, 8141
0.10329771041870117, 8140
0.10329771041870117, 8139
0.10329771041870117, 8138
0.10329771041870117, 8137
0.10329771041870117, 8136
0.10329771041870117, 8135
0.10329771041870117, 8134
0.10329771041870117, 8133
0.10329771041870117, 8132
0.10329771041870117, 8131
0.10329771041870117, 8130
0.10329771041870117, 8129
0.10329771041870117, 8128
0.10329771041870117, 8127
0.10329771041870117, 8126
0.10329771041870117, 8125
0.10329771041870117, 8124
0.10329771041870117, 8123
0.10429668426513672, 8122
0.10429668426513672, 8121
0.10429668426513672, 8120
0.10429668426513672, 8119
0.10429668426513672, 8118
0.10429668426513672, 8117
0.10429668426513672, 8116
0.10429668426513672, 8115
0.10429668426513672, 8114
0.10429668426513672, 8113
0.10429668426513672, 8112
0.10429668426513672, 8111
0.10429668426513672, 8110
0.10429668426513672, 8109
0.10429668426513672, 8108
0.10429668426513672, 8107
0.10429668426513672, 8106
0.10429668426513672, 8105
0.10429668426513672, 8104
0.10529685020446777, 8103
0.10529685020446777, 8102
0.10529685020446777, 8101
0.10529685020446777, 8100
0.10529685020446777, 8099
0.10529685020446777, 8098
0.10529685020446777, 8097
0.10529685020446777, 8096
0.10529685020446777, 8095
0.10529685020446777, 8094
0.10529685020446777, 8093
0.10529685020446777, 8092
0.10529685020446777, 8091
0.10529685020446777, 8090
0.10529685020446777, 8089
0.10529685020446777, 8088
0.10529685020446777, 8087
0.10529685020446777, 8086
0.10529685020446777, 8085
0.10529685020446777, 8084
0.10629773139953613, 8083
0.10629773139953613, 8082
0.10629773139953613, 8081
0.10629773139953613, 8080
0.10629773139953613, 8079
0.10629773139953613, 8078
0.10629773139953613, 8077
0.10629773139953613, 8076
0.10629773139953613, 8075
0.10629773139953613, 8074
0.10629773139953613, 8073
0.10629773139953613, 8072
0.10629773139953613, 8071
0.10629773139953613, 8070
0.10629773139953613, 8069
0.10629773139953613, 8068
0.10629773139953613, 8067
0.10629773139953613, 8066
0.10729813575744629, 8065
0.10729813575744629, 8064
0.10729813575744629, 8063
0.10729813575744629, 8062
0.10729813575744629, 8061
0.10729813575744629, 8060
0.10729813575744629, 8059
0.10729813575744629, 8058
0.10729813575744629, 8057
0.10729813575744629, 8056
0.10729813575744629, 8055
0.10729813575744629, 8054
0.10729813575744629, 8053
0.10729813575744629, 8052
0.10729813575744629, 8051
0.10729813575744629, 8050
0.10729813575744629, 8049
0.10729813575744629, 8048
0.10729813575744629, 8047
0.10829639434814453, 8046
0.10829639434814453, 8045
0.10829639434814453, 8044
0.10829639434814453, 8043
0.10829639434814453, 8042
0.10829639434814453, 8041
0.10829639434814453, 8040
0.10829639434814453, 8039
0.10829639434814453, 8038
0.10829639434814453, 8037
0.10829639434814453, 8036
0.10829639434814453, 8035
0.10829639434814453, 8034
0.10829639434814453, 8033
0.10829639434814453, 8032
0.10829639434814453, 8031
0.10829639434814453, 8030
0.10829639434814453, 8029
0.1092982292175293, 8028
0.1092982292175293, 8027
0.1092982292175293, 8026
0.1092982292175293, 8025
0.1092982292175293, 8024
0.1092982292175293, 8023
0.1092982292175293, 8022
0.1092982292175293, 8021
0.1092982292175293, 8020
0.1092982292175293, 8019
0.1092982292175293, 8018
0.1092982292175293, 8017
0.1092982292175293, 8016
0.1092982292175293, 8015
0.1092982292175293, 8014
0.1092982292175293, 8013
0.1092982292175293, 8012
0.1092982292175293, 8011
0.1092982292175293, 8010
0.11029791831970215, 8009
0.11029791831970215, 8008
0.11029791831970215, 8007
0.11029791831970215, 8006
0.11029791831970215, 8005
0.11029791831970215, 8004
0.11029791831970215, 8003
0.11029791831970215, 8002
0.11029791831970215, 8001
0.11029791831970215, 8000
0.11029791831970215, 7999
0.11029791831970215, 7998
0.11029791831970215, 7997
0.11029791831970215, 7996
0.11029791831970215, 7995
0.11029791831970215, 7994
0.11029791831970215, 7993
0.11029791831970215, 7992
0.111297607421875, 7991
0.111297607421875, 7990
0.111297607421875, 7989
0.111297607421875, 7988
0.111297607421875, 7987
0.111297607421875, 7986
0.111297607421875, 7985
0.111297607421875, 7984
0.111297607421875, 7983
0.111297607421875, 7982
0.111297607421875, 7981
0.111297607421875, 7980
0.111297607421875, 7979
0.111297607421875, 7978
0.111297607421875, 7977
0.111297607421875, 7976
0.111297607421875, 7975
0.11229753494262695, 7974
0.11229753494262695, 7973
0.11229753494262695, 7972
0.11229753494262695, 7971
0.11229753494262695, 7970
0.11229753494262695, 7969
0.11229753494262695, 7968
0.11229753494262695, 7967
0.11229753494262695, 7966
0.11229753494262695, 7965
0.11229753494262695, 7964
0.11229753494262695, 7963
0.11229753494262695, 7962
0.11229753494262695, 7961
0.11229753494262695, 7960
0.11229753494262695, 7959
0.11229753494262695, 7958
0.11229753494262695, 7957
0.1132974624633789, 7956
0.1132974624633789, 7955
0.1132974624633789, 7954
0.1132974624633789, 7953
0.1132974624633789, 7952
0.1132974624633789, 7951
0.1132974624633789, 7950
0.1132974624633789, 7949
0.1132974624633789, 7948
0.1132974624633789, 7947
0.1132974624633789, 7946
0.1132974624633789, 7945
0.1132974624633789, 7944
0.1132974624633789, 7943
0.1132974624633789, 7942
0.319591760635376, 7941
0.319591760635376, 7940
0.319591760635376, 7939
0.319591760635376, 7938
0.319591760635376, 7937
0.319591760635376, 7936
0.319591760635376, 7935
0.319591760635376, 7934
0.319591760635376, 7933
0.319591760635376, 7932
0.319591760635376, 7931
0.319591760635376, 7930
0.319591760635376, 7929
0.319591760635376, 7928
0.32059192657470703, 7927
0.32059192657470703, 7926
0.32059192657470703, 7925
0.32059192657470703, 7924
0.32059192657470703, 7923
0.32059192657470703, 7922
0.32059192657470703, 7921
0.32059192657470703, 7920
0.32059192657470703, 7919
0.32059192657470703, 7918
0.32059192657470703, 7917
0.32059192657470703, 7916
0.32059192657470703, 7915
0.32059192657470703, 7914
0.32059192657470703, 7913
0.32059192657470703, 7912
0.32059192657470703, 7911
0.32059192657470703, 7910
0.32059192657470703, 7909
0.321591854095459, 7908
0.321591854095459, 7907
0.321591854095459, 7906
0.321591854095459, 7905
0.321591854095459, 7904
0.321591854095459, 7903
0.321591854095459, 7902
0.321591854095459, 7901
0.321591854095459, 7900
0.321591854095459, 7899
0.321591854095459, 7898
0.321591854095459, 7897
0.321591854095459, 7896
0.321591854095459, 7895
0.321591854095459, 7894
0.321591854095459, 7893
0.321591854095459, 7892
0.321591854095459, 7891
0.321591854095459, 7890
0.32259249687194824, 7889
0.32259249687194824, 7888
0.32259249687194824, 7887
0.32259249687194824, 7886
0.32259249687194824, 7885
0.32259249687194824, 7884
0.32259249687194824, 7883
0.32259249687194824, 7882
0.32259249687194824, 7881
0.32259249687194824, 7880
0.32259249687194824, 7879
0.32259249687194824, 7878
0.32259249687194824, 7877
0.32259249687194824, 7876
0.32259249687194824, 7875
0.32259249687194824, 7874
0.32259249687194824, 7873
0.32259249687194824, 7872
0.3235938549041748, 7871
0.3235938549041748, 7870
0.3235938549041748, 7869
0.3235938549041748, 7868
0.3235938549041748, 7867
0.3235938549041748, 7866
0.3235938549041748, 7865
0.3235938549041748, 7864
0.3235938549041748, 7863
0.3235938549041748, 7862
0.3235938549041748, 7861
0.3235938549041748, 7860
0.3235938549041748, 7859
0.3235938549041748, 7858
0.5275459289550781, 7857
0.5275459289550781, 7856
0.5275459289550781, 7855
0.5275459289550781, 7854
0.5275459289550781, 7853
0.5275459289550781, 7852
0.5275459289550781, 7851
0.5275459289550781, 7850
0.5275459289550781, 7849
0.5285446643829346, 7848
0.5285446643829346, 7847
0.5285446643829346, 7846
0.5285446643829346, 7845
0.5285446643829346, 7844
0.5285446643829346, 7843
0.5285446643829346, 7842
0.5285446643829346, 7841
0.5285446643829346, 7840
0.5285446643829346, 7839
0.5285446643829346, 7838
0.5285446643829346, 7837
0.5285446643829346, 7836
0.5285446643829346, 7835
0.5285446643829346, 7834
0.5285446643829346, 7833
0.5285446643829346, 7832
0.5295460224151611, 7831
0.5295460224151611, 7830
0.5295460224151611, 7829
0.5295460224151611, 7828
0.5295460224151611, 7827
0.5295460224151611, 7826
0.5295460224151611, 7825
0.5295460224151611, 7824
0.5295460224151611, 7823
0.5295460224151611, 7822
0.5295460224151611, 7821
0.5295460224151611, 7820
0.5295460224151611, 7819
1.1185994148254395, 7818
1.1185994148254395, 7817
1.1185994148254395, 7816
1.1185994148254395, 7815
1.1185994148254395, 7814
1.1185994148254395, 7813
1.1185994148254395, 7812
1.1196010112762451, 7811
1.1196010112762451, 7810
1.1196010112762451, 7809
1.1196010112762451, 7808
1.1196010112762451, 7807
1.1196010112762451, 7806
1.1196010112762451, 7805
1.1196010112762451, 7804
1.1196010112762451, 7803
1.1196010112762451, 7802
1.1196010112762451, 7801
1.1196010112762451, 7800
1.1196010112762451, 7799
1.1196010112762451, 7798
1.1196010112762451, 7797
1.1196010112762451, 7796
1.1196010112762451, 7795
1.1196010112762451, 7794
1.1196010112762451, 7793
1.1205992698669434, 7792
1.1205992698669434, 7791
1.1205992698669434, 7790
1.1205992698669434, 7789
1.1205992698669434, 7788
1.1205992698669434, 7787
1.1205992698669434, 7786
1.1205992698669434, 7785
1.1205992698669434, 7784
1.1205992698669434, 7783
1.1205992698669434, 7782
1.1205992698669434, 7781
1.1205992698669434, 7780
1.1205992698669434, 7779
1.1205992698669434, 7778
1.1205992698669434, 7777
1.1205992698669434, 7776
1.1205992698669434, 7775
1.1205992698669434, 7774
1.1216001510620117, 7773
1.1216001510620117, 7772
1.1216001510620117, 7771
1.1216001510620117, 7770
1.1216001510620117, 7769
1.1216001510620117, 7768
1.1216001510620117, 7767
1.1216001510620117, 7766
1.1216001510620117, 7765
1.1216001510620117, 7764
1.1216001510620117, 7763
1.1216001510620117, 7762
1.1216001510620117, 7761
1.1216001510620117, 7760
1.1216001510620117, 7759
1.1216001510620117, 7758
1.1216001510620117, 7757
1.1216001510620117, 7756
1.1216001510620117, 7755
1.122598648071289, 7754
1.122598648071289, 7753
1.122598648071289, 7752
1.122598648071289, 7751
1.122598648071289, 7750
1.122598648071289, 7749
1.122598648071289, 7748
1.122598648071289, 7747
1.122598648071289, 7746
1.122598648071289, 7745
1.122598648071289, 7744
1.122598648071289, 7743
1.122598648071289, 7742
1.122598648071289, 7741
1.122598648071289, 7740
1.122598648071289, 7739
1.122598648071289, 7738
1.122598648071289, 7737
1.122598648071289, 7736
1.1236026287078857, 7735
1.1236026287078857, 7734
1.1236026287078857, 7733
1.1236026287078857, 7732
1.1236026287078857, 7731
1.1236026287078857, 7730
1.1236026287078857, 7729
1.1236026287078857, 7728
1.1236026287078857, 7727
1.1236026287078857, 7726
1.1236026287078857, 7725
1.1236026287078857, 7724
1.1236026287078857, 7723
2.089629888534546, 5859
2.089629888534546, 5858
2.089629888534546, 5857
2.089629888534546, 5856
2.089629888534546, 5855
2.089629888534546, 5854
2.089629888534546, 5853
2.089629888534546, 5852
2.089629888534546, 5851
2.089629888534546, 5850
2.089629888534546, 5849
2.089629888534546, 5848
2.0906307697296143, 5847
2.0906307697296143, 5846
2.0906307697296143, 5845
2.0908820629119873, 5844
2.0908820629119873, 5843
2.0908820629119873, 5842
2.0908820629119873, 5841
2.0908820629119873, 5840
2.0908820629119873, 5839
2.0908820629119873, 5838
2.0908820629119873, 5837
2.0908820629119873, 5836
2.0908820629119873, 5835
2.09163236618042, 5834
2.09163236618042, 5833
2.09163236618042, 5832
2.09163236618042, 5831
2.09163236618042, 5830
2.09163236618042, 5829
2.09163236618042, 5828
2.09163236618042, 5827
2.09163236618042, 5826
2.09163236618042, 5825
2.09163236618042, 5824
2.09163236618042, 5823
2.09163236618042, 5822
2.09163236618042, 5821
2.09163236618042, 5820
2.09163236618042, 5819
2.09163236618042, 5818
2.0926315784454346, 5817
2.0926315784454346, 5816
2.0926315784454346, 5815
2.0926315784454346, 5814
2.0926315784454346, 5813
2.0926315784454346, 5812
2.0926315784454346, 5811
2.0926315784454346, 5810
2.0926315784454346, 5809
2.0926315784454346, 5808
2.0926315784454346, 5807
2.0926315784454346, 5806
2.0926315784454346, 5805
2.0926315784454346, 5804
2.0926315784454346, 5803
2.0926315784454346, 5802
2.0926315784454346, 5801
2.0936336517333984, 5800
2.0936336517333984, 5799
2.0936336517333984, 5798
2.0936336517333984, 5797
2.0936336517333984, 5796
2.0936336517333984, 5795
2.0936336517333984, 5794
2.0936336517333984, 5793
2.0936336517333984, 5792
2.0936336517333984, 5791
2.0936336517333984, 5790
2.0936336517333984, 5789
2.0936336517333984, 5788
2.0946311950683594, 5787
2.0946311950683594, 5786
2.0946311950683594, 5785
2.0946311950683594, 5784
2.0946311950683594, 5783
2.0946311950683594, 5782
2.0946311950683594, 5781
2.0946311950683594, 5780
2.0946311950683594, 5779
2.0946311950683594, 5778
2.0946311950683594, 5777
2.0946311950683594, 5776
2.0946311950683594, 5775
2.0946311950683594, 5774
2.0946311950683594, 5773
2.0946311950683594, 5772
2.0946311950683594, 5771
2.0946311950683594, 5770
2.0956296920776367, 5769
2.0956296920776367, 5768
2.0956296920776367, 5767
2.0956296920776367, 5766
2.0956296920776367, 5765
2.0956296920776367, 5764
2.0956296920776367, 5763
2.0956296920776367, 5762
2.0956296920776367, 5761
2.0956296920776367, 5760
2.0956296920776367, 5759
2.0956296920776367, 5758
2.0956296920776367, 5757
2.0956296920776367, 5756
2.0956296920776367, 5755
2.0956296920776367, 5754
2.0956296920776367, 5753
2.096630334854126, 5752
2.096630334854126, 5751
2.096630334854126, 5750
2.096630334854126, 5749
2.096630334854126, 5748
2.096630334854126, 5747
2.096630334854126, 5746
2.096630334854126, 5745
2.096630334854126, 5744
2.096630334854126, 5743
2.096630334854126, 5742
2.096630334854126, 5741
2.096630334854126, 5740
2.096630334854126, 5739
2.096630334854126, 5738
2.096630334854126, 5737
2.096630334854126, 5736
2.096630334854126, 5735
2.096630334854126, 5734
2.096630334854126, 5733
2.0976297855377197, 5732
2.0976297855377197, 5731
2.0976297855377197, 5730
2.0976297855377197, 5729
2.0976297855377197, 5728
2.0976297855377197, 5727
2.0976297855377197, 5726
2.0976297855377197, 5725
2.0976297855377197, 5724
2.0976297855377197, 5723
2.0976297855377197, 5722
2.0976297855377197, 5721
2.0976297855377197, 5720
2.0976297855377197, 5719
2.0976297855377197, 5718
2.0976297855377197, 5717
2.0976297855377197, 5716
2.0976297855377197, 5715
2.0976297855377197, 5714
2.0976297855377197, 5713
2.0986292362213135, 5712
2.0986292362213135, 5711
2.0986292362213135, 5710
2.0986292362213135, 5709
2.0986292362213135, 5708
2.0986292362213135, 5707
2.0986292362213135, 5706
2.0986292362213135, 5705
2.0986292362213135, 5704
2.0986292362213135, 5703
2.0986292362213135, 5702
2.0986292362213135, 5701
2.0986292362213135, 5700
2.0986292362213135, 5699
2.0986292362213135, 5698
2.0986292362213135, 5697
2.0986292362213135, 5696
2.0986292362213135, 5695
2.0996286869049072, 5694
2.0996286869049072, 5693
2.0996286869049072, 5692
2.0996286869049072, 5691
2.0996286869049072, 5690
2.0996286869049072, 5689
2.0996286869049072, 5688
2.0996286869049072, 5687
2.0996286869049072, 5686
2.0996286869049072, 5685
2.0996286869049072, 5684
2.0996286869049072, 5683
6.943597793579102, 5682
6.943597793579102, 5681
6.943597793579102, 5680
6.943597793579102, 5679
6.943597793579102, 5678
6.943597793579102, 5677
6.94459867477417, 5676
6.94459867477417, 5675
6.94459867477417, 5674
6.94459867477417, 5673
6.94459867477417, 5672
6.94459867477417, 5671
6.94459867477417, 5670
6.94459867477417, 5669
6.94459867477417, 5668
6.94459867477417, 5667
6.94459867477417, 5666
6.94459867477417, 5665
6.94459867477417, 5664
6.94459867477417, 5663
6.94459867477417, 5662
6.94459867477417, 5661
