0.04203653335571289, 8245
0.04203653335571289, 8244
0.04203653335571289, 8243
0.04203653335571289, 8242
0.04203653335571289, 8241
0.04203653335571289, 8240
0.04203653335571289, 8239
0.04203653335571289, 8238
0.04203653335571289, 8237
0.04303550720214844, 8236
0.04303550720214844, 8235
0.04303550720214844, 8234
0.04303550720214844, 8233
0.04303550720214844, 8232
0.04303550720214844, 8231
0.04303550720214844, 8230
0.04303550720214844, 8229
0.04303550720214844, 8228
0.04303550720214844, 8227
0.04303550720214844, 8226
0.04303550720214844, 8225
0.04303550720214844, 8224
0.04303550720214844, 8223
0.04303550720214844, 8222
0.04303550720214844, 8221
0.04303550720214844, 8220
0.04303550720214844, 8219
0.04303550720214844, 8218
0.04303550720214844, 8217
0.04403829574584961, 8216
0.04403829574584961, 8215
0.04403829574584961, 8214
0.04403829574584961, 8213
0.04403829574584961, 8212
0.04403829574584961, 8211
0.04403829574584961, 8210
0.04403829574584961, 8209
0.04403829574584961, 8208
0.04403829574584961, 8207
0.04403829574584961, 8206
0.04403829574584961, 8205
0.04403829574584961, 8204
0.04403829574584961, 8203
0.04403829574584961, 8202
0.04403829574584961, 8201
0.04403829574584961, 8200
0.04403829574584961, 8199
0.04403829574584961, 8198
0.04403829574584961, 8197
0.04503583908081055, 8196
0.04503583908081055, 8195
0.04503583908081055, 8194
0.04503583908081055, 8193
0.04503583908081055, 8192
0.04503583908081055, 8191
0.04503583908081055, 8190
0.04503583908081055, 8189
0.04503583908081055, 8188
0.04503583908081055, 8187
0.04503583908081055, 8186
0.04503583908081055, 8185
0.04503583908081055, 8184
0.04503583908081055, 8183
0.04503583908081055, 8182
0.04503583908081055, 8181
0.04503583908081055, 8180
0.04503583908081055, 8179
0.04503583908081055, 8178
0.04503583908081055, 8177
0.04503583908081055, 8176
0.0460360050201416, 8175
0.0460360050201416, 8174
0.0460360050201416, 8173
0.0460360050201416, 8172
0.0460360050201416, 8171
0.0460360050201416, 8170
0.0460360050201416, 8169
0.0460360050201416, 8168
0.0460360050201416, 8167
0.0460360050201416, 8166
0.0460360050201416, 8165
0.0460360050201416, 8164
0.0460360050201416, 8163
0.0460360050201416, 8162
0.0460360050201416, 8161
0.0460360050201416, 8160
0.0460360050201416, 8159
0.0460360050201416, 8158
0.0460360050201416, 8157
0.0460360050201416, 8156
0.04703664779663086, 8155
0.04703664779663086, 8154
0.04703664779663086, 8153
0.04703664779663086, 8152
0.04703664779663086, 8151
0.04703664779663086, 8150
0.04703664779663086, 8149
0.04703664779663086, 8148
0.04703664779663086, 8147
0.04703664779663086, 8146
0.04703664779663086, 8145
0.04703664779663086, 8144
0.04703664779663086, 8143
0.04703664779663086, 8142
0.04703664779663086, 8141
0.04703664779663086, 8140
0.04703664779663086, 8139
0.04703664779663086, 8138
0.04703664779663086, 8137
0.04703664779663086, 8136
0.04803776741027832, 8135
0.04803776741027832, 8134
0.04803776741027832, 8133
0.04803776741027832, 8132
0.04803776741027832, 8131
0.04803776741027832, 8130
0.04803776741027832, 8129
0.04803776741027832, 8128
0.04803776741027832, 8127
0.04803776741027832, 8126
0.04803776741027832, 8125
0.04803776741027832, 8124
0.04803776741027832, 8123
0.04803776741027832, 8122
0.04803776741027832, 8121
0.04803776741027832, 8120
0.04803776741027832, 8119
0.04803776741027832, 8118
0.04803776741027832, 8117
0.04803776741027832, 8116
0.049034833908081055, 8115
0.049034833908081055, 8114
0.049034833908081055, 8113
0.049034833908081055, 8112
0.049034833908081055, 8111
0.049034833908081055, 8110
0.049034833908081055, 8109
0.049034833908081055, 8108
0.049034833908081055, 8107
0.049034833908081055, 8106
0.049034833908081055, 8105
0.049034833908081055, 8104
0.049034833908081055, 8103
0.049034833908081055, 8102
0.049034833908081055, 8101
0.049034833908081055, 8100
0.049034833908081055, 8099
0.049034833908081055, 8098
0.049034833908081055, 8097
0.049034833908081055, 8096
0.05003666877746582, 8095
0.05003666877746582, 8094
0.05003666877746582, 8093
0.05003666877746582, 8092
0.05003666877746582, 8091
0.05003666877746582, 8090
0.05003666877746582, 8089
0.05003666877746582, 8088
0.05003666877746582, 8087
0.05003666877746582, 8086
0.05003666877746582, 8085
0.05003666877746582, 8084
0.05003666877746582, 8083
0.05003666877746582, 8082
0.05003666877746582, 8081
0.05003666877746582, 8080
0.05003666877746582, 8079
0.05003666877746582, 8078
0.05003666877746582, 8077
0.05003666877746582, 8076
0.05103731155395508, 8075
0.05103731155395508, 8074
0.05103731155395508, 8073
0.05103731155395508, 8072
0.05103731155395508, 8071
0.05103731155395508, 8070
0.05103731155395508, 8069
0.05103731155395508, 8068
0.05103731155395508, 8067
0.05103731155395508, 8066
0.05103731155395508, 8065
0.05103731155395508, 8064
0.05103731155395508, 8063
0.05103731155395508, 8062
0.05103731155395508, 8061
0.05103731155395508, 8060
0.05103731155395508, 8059
0.05103731155395508, 8058
0.05103731155395508, 8057
0.05203843116760254, 8056
0.05203843116760254, 8055
0.05203843116760254, 8054
0.05203843116760254, 8053
0.05203843116760254, 8052
0.05203843116760254, 8051
0.05203843116760254, 8050
0.05203843116760254, 8049
0.05203843116760254, 8048
0.05203843116760254, 8047
0.05203843116760254, 8046
0.05203843116760254, 8045
0.05203843116760254, 8044
0.05203843116760254, 8043
0.05203843116760254, 8042
0.05203843116760254, 8041
0.05203843116760254, 8040
0.05203843116760254, 8039
0.05203843116760254, 8038
0.05203843116760254, 8037
0.05303621292114258, 8036
0.05303621292114258, 8035
0.05303621292114258, 8034
0.05303621292114258, 8033
0.05303621292114258, 8032
0.05303621292114258, 8031
0.05303621292114258, 8030
0.05303621292114258, 8029
0.05303621292114258, 8028
0.05303621292114258, 8027
0.05303621292114258, 8026
0.05303621292114258, 8025
0.05303621292114258, 8024
0.05303621292114258, 8023
0.05303621292114258, 8022
0.05303621292114258, 8021
0.05303621292114258, 8020
0.05303621292114258, 8019
0.05303621292114258, 8018
0.05403709411621094, 8017
0.05403709411621094, 8016
0.05403709411621094, 8015
0.05403709411621094, 8014
0.05403709411621094, 8013
0.05403709411621094, 8012
0.05403709411621094, 8011
0.05403709411621094, 8010
0.05403709411621094, 8009
0.05403709411621094, 8008
0.05403709411621094, 8007
0.05403709411621094, 8006
0.05403709411621094, 8005
0.05403709411621094, 8004
0.05403709411621094, 8003
0.05403709411621094, 8002
0.05403709411621094, 8001
0.05403709411621094, 8000
0.05403709411621094, 7999
0.05503678321838379, 7998
0.05503678321838379, 7997
0.05503678321838379, 7996
0.05503678321838379, 7995
0.05503678321838379, 7994
0.05503678321838379, 7993
0.05503678321838379, 7992
0.05503678321838379, 7991
0.05503678321838379, 7990
0.05503678321838379, 7989
0.05503678321838379, 7988
0.05503678321838379, 7987
0.05503678321838379, 7986
0.05503678321838379, 7985
0.05503678321838379, 7984
0.05503678321838379, 7983
0.05503678321838379, 7982
0.05503678321838379, 7981
0.05503678321838379, 7980
0.05503678321838379, 7979
0.056036949157714844, 7978
0.056036949157714844, 7977
0.056036949157714844, 7976
0.056036949157714844, 7975
0.056036949157714844, 7974
0.056036949157714844, 7973
0.056036949157714844, 7972
0.056036949157714844, 7971
0.056036949157714844, 7970
0.056036949157714844, 7969
0.056036949157714844, 7968
0.056036949157714844, 7967
0.056036949157714844, 7966
0.056036949157714844, 7965
0.056036949157714844, 7964
0.056036949157714844, 7963
0.15703797340393066, 7962
0.15703797340393066, 7961
0.15703797340393066, 7960
0.15703797340393066, 7959
0.15703797340393066, 7958
0.15703797340393066, 7957
0.15703797340393066, 7956
0.15703797340393066, 7955
0.15703797340393066, 7954
0.15703797340393066, 7953
0.15703797340393066, 7952
0.15703797340393066, 7951
0.15703797340393066, 7950
0.15703797340393066, 7949
0.15703797340393066, 7948
0.15703797340393066, 7947
0.15703797340393066, 7946
0.15703797340393066, 7945
0.15703797340393066, 7944
0.15703797340393066, 7943
0.15803837776184082, 7942
0.15803837776184082, 7941
0.15803837776184082, 7940
0.15803837776184082, 7939
0.15803837776184082, 7938
0.15803837776184082, 7937
0.15803837776184082, 7936
0.15803837776184082, 7935
0.15803837776184082, 7934
0.15803837776184082, 7933
0.15803837776184082, 7932
0.15803837776184082, 7931
0.15803837776184082, 7930
0.15803837776184082, 7929
0.15803837776184082, 7928
0.15803837776184082, 7927
0.15803837776184082, 7926
0.15803837776184082, 7925
0.15803837776184082, 7924
0.15803837776184082, 7923
0.15903544425964355, 7922
0.15903544425964355, 7921
0.15903544425964355, 7920
0.15903544425964355, 7919
0.15903544425964355, 7918
0.15903544425964355, 7917
0.15903544425964355, 7916
0.15903544425964355, 7915
0.15903544425964355, 7914
0.15903544425964355, 7913
0.15903544425964355, 7912
0.15903544425964355, 7911
0.15903544425964355, 7910
0.15903544425964355, 7909
0.21103572845458984, 7908
0.21103572845458984, 7907
0.21103572845458984, 7906
0.21103572845458984, 7905
0.21103572845458984, 7904
0.21103572845458984, 7903
0.2120361328125, 7902
0.2120361328125, 7901
0.2120361328125, 7900
0.2120361328125, 7899
0.2120361328125, 7898
0.2120361328125, 7897
0.2120361328125, 7896
0.2120361328125, 7895
0.2120361328125, 7894
0.2120361328125, 7893
0.2120361328125, 7892
0.2120361328125, 7891
0.2120361328125, 7890
0.2120361328125, 7889
0.2120361328125, 7888
0.2120361328125, 7887
0.2120361328125, 7886
0.2120361328125, 7885
0.2120361328125, 7884
0.2120361328125, 7883
0.21303892135620117, 7882
0.21303892135620117, 7881
0.21303892135620117, 7880
0.21303892135620117, 7879
0.21303892135620117, 7878
0.21303892135620117, 7877
0.21303892135620117, 7876
0.21303892135620117, 7875
0.21303892135620117, 7874
0.21303892135620117, 7873
0.21303892135620117, 7872
0.21303892135620117, 7871
0.21303892135620117, 7870
0.21303892135620117, 7869
0.21303892135620117, 7868
0.21303892135620117, 7867
0.21303892135620117, 7866
0.21303892135620117, 7865
0.21303892135620117, 7864
0.21403717994689941, 7863
0.21403717994689941, 7862
0.21403717994689941, 7861
0.21403717994689941, 7860
0.21403717994689941, 7859
0.21403717994689941, 7858
0.21403717994689941, 7857
0.21403717994689941, 7856
0.21403717994689941, 7855
0.21403717994689941, 7854
0.21403717994689941, 7853
0.21403717994689941, 7852
0.21403717994689941, 7851
0.21403717994689941, 7850
0.21403717994689941, 7849
0.21403717994689941, 7848
0.21403717994689941, 7847
0.21403717994689941, 7846
0.21403717994689941, 7845
0.21403717994689941, 7844
0.21503663063049316, 7843
0.21503663063049316, 7842
0.21503663063049316, 7841
0.21503663063049316, 7840
0.21503663063049316, 7839
0.21503663063049316, 7838
0.21503663063049316, 7837
0.21503663063049316, 7836
0.21503663063049316, 7835
0.21503663063049316, 7834
0.21503663063049316, 7833
0.21503663063049316, 7832
0.21503663063049316, 7831
0.21503663063049316, 7830
0.21503663063049316, 7829
0.21503663063049316, 7828
0.21503663063049316, 7827
0.21503663063049316, 7826
0.7712705135345459, 7825
0.7712705135345459, 7824
0.7712705135345459, 7823
0.7712705135345459, 7822
0.7712705135345459, 7821
0.7712705135345459, 7820
0.7712705135345459, 7819
0.7712705135345459, 7818
0.7712705135345459, 7817
0.7712705135345459, 7816
0.7712705135345459, 7815
0.7712705135345459, 7814
0.7712705135345459, 7813
0.7712705135345459, 7812
0.7712705135345459, 7811
0.7712705135345459, 7810
0.7712705135345459, 7809
0.7712705135345459, 7808
0.7712705135345459, 7807
0.772270679473877, 7806
0.772270679473877, 7805
0.772270679473877, 7804
0.772270679473877, 7803
0.772270679473877, 7802
0.772270679473877, 7801
0.772270679473877, 7800
0.772270679473877, 7799
0.772270679473877, 7798
0.772270679473877, 7797
0.772270679473877, 7796
0.772270679473877, 7795
0.772270679473877, 7794
0.772270679473877, 7793
0.772270679473877, 7792
0.772270679473877, 7791
0.772270679473877, 7790
0.772270679473877, 7789
0.772270679473877, 7788
0.7732696533203125, 7787
0.7732696533203125, 7786
0.7732696533203125, 7785
0.7732696533203125, 7784
0.7732696533203125, 7783
0.7732696533203125, 7782
0.7732696533203125, 7781
0.7732696533203125, 7780
0.7732696533203125, 7779
0.7732696533203125, 7778
0.7732696533203125, 7777
0.7732696533203125, 7776
0.7732696533203125, 7775
0.7732696533203125, 7774
0.7732696533203125, 7773
0.7732696533203125, 7772
0.7732696533203125, 7771
0.7732696533203125, 7770
0.7732696533203125, 7769
0.7732696533203125, 7768
0.7742712497711182, 7767
0.7742712497711182, 7766
0.7742712497711182, 7765
0.7742712497711182, 7764
0.7742712497711182, 7763
0.7742712497711182, 7762
0.7742712497711182, 7761
0.7742712497711182, 7760
0.7742712497711182, 7759
0.7742712497711182, 7758
0.7742712497711182, 7757
0.7742712497711182, 7756
0.7742712497711182, 7755
0.7742712497711182, 7754
0.7742712497711182, 7753
0.7742712497711182, 7752
0.7742712497711182, 7751
0.7742712497711182, 7750
0.7742712497711182, 7749
0.7752707004547119, 7748
0.7752707004547119, 7747
0.7752707004547119, 7746
0.7752707004547119, 7745
0.7752707004547119, 7744
0.7752707004547119, 7743
0.7752707004547119, 7742
0.7752707004547119, 7741
0.7752707004547119, 7740
0.7752707004547119, 7739
0.7752707004547119, 7738
0.7752707004547119, 7737
0.7752707004547119, 7736
0.7752707004547119, 7735
0.7752707004547119, 7734
2.1580421924591064, 5978
2.1580421924591064, 5977
2.1580421924591064, 5976
2.1580421924591064, 5975
2.1580421924591064, 5974
2.1580421924591064, 5973
2.1580421924591064, 5972
2.1580421924591064, 5971
2.1580421924591064, 5970
2.1580421924591064, 5969
2.1580421924591064, 5968
2.1580421924591064, 5967
2.1580421924591064, 5966
2.1580421924591064, 5965
2.1580421924591064, 5964
2.159041404724121, 5963
2.159041404724121, 5962
2.159041404724121, 5961
2.159041404724121, 5960
2.159041404724121, 5959
2.159041404724121, 5958
2.159041404724121, 5957
2.159041404724121, 5956
2.159041404724121, 5955
2.159041404724121, 5954
2.159041404724121, 5953
2.159041404724121, 5952
2.159041404724121, 5951
2.159041404724121, 5950
2.159041404724121, 5949
2.159041404724121, 5948
2.159041404724121, 5947
2.159041404724121, 5946
2.160041093826294, 5945
2.160041093826294, 5944
2.160041093826294, 5943
2.160041093826294, 5942
2.160041093826294, 5941
2.160041093826294, 5940
2.160041093826294, 5939
2.160041093826294, 5938
2.160041093826294, 5937
2.160041093826294, 5936
2.160041093826294, 5935
2.160041093826294, 5934
2.160041093826294, 5933
2.160041093826294, 5932
2.160041093826294, 5931
2.160041093826294, 5930
2.160041093826294, 5929
2.160041093826294, 5928
2.1610422134399414, 5927
2.1611487865448, 5926
2.1611487865448, 5925
2.1611487865448, 5924
2.1611487865448, 5923
2.1611487865448, 5922
2.1611487865448, 5921
2.1611487865448, 5920
2.1611487865448, 5919
2.1611487865448, 5918
2.1611487865448, 5917
2.1611487865448, 5916
2.1611487865448, 5915
2.1611487865448, 5914
2.1611487865448, 5913
2.1611487865448, 5912
2.1611487865448, 5911
2.1611487865448, 5910
2.1611487865448, 5909
2.1620419025421143, 5908
2.1620419025421143, 5907
2.1620419025421143, 5906
2.1620419025421143, 5905
2.1620419025421143, 5904
2.1620419025421143, 5903
2.1620419025421143, 5902
2.1620419025421143, 5901
2.1620419025421143, 5900
2.1620419025421143, 5899
2.1620419025421143, 5898
2.1620419025421143, 5897
2.1620419025421143, 5896
2.1620419025421143, 5895
2.1620419025421143, 5894
2.1620419025421143, 5893
2.1620419025421143, 5892
2.1620419025421143, 5891
2.1620419025421143, 5890
2.16304087638855, 5889
2.16304087638855, 5888
2.16304087638855, 5887
2.16304087638855, 5886
2.16304087638855, 5885
2.16304087638855, 5884
2.16304087638855, 5883
2.16304087638855, 5882
2.16304087638855, 5881
2.16304087638855, 5880
2.16304087638855, 5879
2.16304087638855, 5878
2.16304087638855, 5877
2.16304087638855, 5876
2.16304087638855, 5875
2.16304087638855, 5874
2.1640427112579346, 5873
2.1640427112579346, 5872
2.1640427112579346, 5871
2.1640427112579346, 5870
2.1640427112579346, 5869
2.1640427112579346, 5868
2.1640427112579346, 5867
2.1640427112579346, 5866
2.1640427112579346, 5865
2.1640427112579346, 5864
2.1640427112579346, 5863
2.1640427112579346, 5862
2.1640427112579346, 5861
2.1640427112579346, 5860
2.1640427112579346, 5859
2.1640427112579346, 5858
2.1640427112579346, 5857
2.1650431156158447, 5856
2.1650431156158447, 5855
2.1650431156158447, 5854
2.1650431156158447, 5853
2.1650431156158447, 5852
2.1650431156158447, 5851
2.1650431156158447, 5850
2.1650431156158447, 5849
2.1650431156158447, 5848
2.1650431156158447, 5847
2.1650431156158447, 5846
2.1650431156158447, 5845
2.1650431156158447, 5844
2.1650431156158447, 5843
2.1650431156158447, 5842
2.1650431156158447, 5841
2.1650431156158447, 5840
2.1650431156158447, 5839
2.1660423278808594, 5838
2.1660423278808594, 5837
2.1660423278808594, 5836
2.1660423278808594, 5835
2.1660423278808594, 5834
2.1660423278808594, 5833
2.1660423278808594, 5832
2.1660423278808594, 5831
2.1660423278808594, 5830
2.1660423278808594, 5829
2.1660423278808594, 5828
2.1660423278808594, 5827
2.1660423278808594, 5826
2.1660423278808594, 5825
2.1660423278808594, 5824
2.1660423278808594, 5823
2.1660423278808594, 5822
2.167041778564453, 5821
2.167041778564453, 5820
2.167041778564453, 5819
2.167041778564453, 5818
2.167041778564453, 5817
2.167041778564453, 5816
2.167041778564453, 5815
2.167041778564453, 5814
2.167041778564453, 5813
2.167041778564453, 5812
2.167041778564453, 5811
2.167041778564453, 5810
2.167041778564453, 5809
2.167041778564453, 5808
2.167041778564453, 5807
2.167041778564453, 5806
2.1680407524108887, 5805
2.1680407524108887, 5804
2.1680407524108887, 5803
2.1680407524108887, 5802
2.1680407524108887, 5801
2.1680407524108887, 5800
2.1680407524108887, 5799
2.1680407524108887, 5798
2.1680407524108887, 5797
2.1680407524108887, 5796
2.1680407524108887, 5795
2.1680407524108887, 5794
2.1680407524108887, 5793
2.1680407524108887, 5792
2.1680407524108887, 5791
2.1680407524108887, 5790
2.169041872024536, 5789
2.169041872024536, 5788
2.169041872024536, 5787
2.169041872024536, 5786
2.169041872024536, 5785
2.169041872024536, 5784
2.169041872024536, 5783
2.169041872024536, 5782
2.169041872024536, 5781
2.169041872024536, 5780
2.169041872024536, 5779
2.169041872024536, 5778
2.169041872024536, 5777
2.169041872024536, 5776
2.169041872024536, 5775
2.169041872024536, 5774
2.169041872024536, 5773
2.169041872024536, 5772
2.169041872024536, 5771
2.170042037963867, 5770
2.170042037963867, 5769
2.170042037963867, 5768
2.170042037963867, 5767
2.170042037963867, 5766
2.170042037963867, 5765
2.170042037963867, 5764
2.170042037963867, 5763
2.170042037963867, 5762
2.170042037963867, 5761
2.170042037963867, 5760
2.170042037963867, 5759
2.170042037963867, 5758
2.170042037963867, 5757
2.170042037963867, 5756
2.170042037963867, 5755
2.170042037963867, 5754
2.17104172706604, 5753
2.17104172706604, 5752
2.17104172706604, 5751
2.17104172706604, 5750
2.17104172706604, 5749
2.17104172706604, 5748
2.17104172706604, 5747
2.17104172706604, 5746
2.17104172706604, 5745
2.17104172706604, 5744
2.17104172706604, 5743
2.17104172706604, 5742
2.17104172706604, 5741
2.17104172706604, 5740
2.17104172706604, 5739
2.17104172706604, 5738
2.1720428466796875, 5737
2.1720428466796875, 5736
2.1720428466796875, 5735
2.1720428466796875, 5734
2.1720428466796875, 5733
2.1720428466796875, 5732
2.1720428466796875, 5731
2.1720428466796875, 5730
2.1720428466796875, 5729
2.1720428466796875, 5728
2.1720428466796875, 5727
2.1720428466796875, 5726
2.1720428466796875, 5725
2.1720428466796875, 5724
2.1720428466796875, 5723
2.1720428466796875, 5722
2.1720428466796875, 5721
2.7274093627929688, 5720
2.7274093627929688, 5719
2.7274093627929688, 5718
2.7274093627929688, 5717
2.7274093627929688, 5716
2.7274093627929688, 5715
2.7274093627929688, 5714
2.7274093627929688, 5713
2.7274093627929688, 5712
2.7274093627929688, 5711
2.7274093627929688, 5710
2.7274093627929688, 5709
2.7274093627929688, 5708
2.7274093627929688, 5707
2.7274093627929688, 5706
2.7274093627929688, 5705
2.7274093627929688, 5704
2.728410243988037, 5703
2.728410243988037, 5702
2.728410243988037, 5701
2.728410243988037, 5700
2.728410243988037, 5699
2.728410243988037, 5698
2.728410243988037, 5697
2.728410243988037, 5696
2.728410243988037, 5695
2.728410243988037, 5694
2.728410243988037, 5693
2.728410243988037, 5692
2.728410243988037, 5691
2.728410243988037, 5690
2.728410243988037, 5689
2.728410243988037, 5688
2.728410243988037, 5687
2.728410243988037, 5686
2.728410243988037, 5685
2.72940993309021, 5684
2.72940993309021, 5683
2.72940993309021, 5682
2.72940993309021, 5681
2.72940993309021, 5680
2.72940993309021, 5679
2.72940993309021, 5678
2.72940993309021, 5677
2.72940993309021, 5676
2.72940993309021, 5675
2.72940993309021, 5674
2.72940993309021, 5673
2.72940993309021, 5672
2.72940993309021, 5671
2.72940993309021, 5670
2.72940993309021, 5669
2.72940993309021, 5668
2.730409622192383, 5667
2.730409622192383, 5666
2.730409622192383, 5665
9.358393907546997, 5664
9.359395980834961, 5663
9.359395980834961, 5662
9.359395980834961, 5661
9.359395980834961, 5660
9.359395980834961, 5659
9.359395980834961, 5658
9.359395980834961, 5657
9.359395980834961, 5656
9.359395980834961, 5655
9.359395980834961, 5654
9.359395980834961, 5653
9.359395980834961, 5652
9.359395980834961, 5651
9.359395980834961, 5650
9.359395980834961, 5649
