0.037068843841552734, 8287
0.037068843841552734, 8286
0.037068843841552734, 8285
0.037068843841552734, 8284
0.037068843841552734, 8283
0.037068843841552734, 8282
0.037068843841552734, 8281
0.037068843841552734, 8280
0.037068843841552734, 8279
0.037068843841552734, 8278
0.037068843841552734, 8277
0.037068843841552734, 8276
0.037068843841552734, 8275
0.037068843841552734, 8274
0.037068843841552734, 8273
0.037068843841552734, 8272
0.037068843841552734, 8271
0.037068843841552734, 8270
0.03806662559509277, 8269
0.03812241554260254, 8268
0.03812241554260254, 8267
0.03812241554260254, 8266
0.03812241554260254, 8265
0.03812241554260254, 8264
0.03812241554260254, 8263
0.03812241554260254, 8262
0.03812241554260254, 8261
0.03812241554260254, 8260
0.03812241554260254, 8259
0.03812241554260254, 8258
0.03812241554260254, 8257
0.03812241554260254, 8256
0.03812241554260254, 8255
0.03812241554260254, 8254
0.03812241554260254, 8253
0.03812241554260254, 8252
0.03812241554260254, 8251
0.03812241554260254, 8250
0.03812241554260254, 8249
0.039066314697265625, 8248
0.039066314697265625, 8247
0.039066314697265625, 8246
0.039066314697265625, 8245
0.039066314697265625, 8244
0.039066314697265625, 8243
0.039066314697265625, 8242
0.039066314697265625, 8241
0.039066314697265625, 8240
0.039066314697265625, 8239
0.039066314697265625, 8238
0.039066314697265625, 8237
0.039066314697265625, 8236
0.039066314697265625, 8235
0.039066314697265625, 8234
0.039066314697265625, 8233
0.039066314697265625, 8232
0.039066314697265625, 8231
0.039066314697265625, 8230
0.039066314697265625, 8229
0.039066314697265625, 8228
0.04006552696228027, 8227
0.04006552696228027, 8226
0.04006552696228027, 8225
0.04006552696228027, 8224
0.04006552696228027, 8223
0.04006552696228027, 8222
0.04006552696228027, 8221
0.04006552696228027, 8220
0.04006552696228027, 8219
0.04006552696228027, 8218
0.04006552696228027, 8217
0.04006552696228027, 8216
0.04006552696228027, 8215
0.04006552696228027, 8214
0.04071354866027832, 8213
0.04071354866027832, 8212
0.04071354866027832, 8211
0.04071354866027832, 8210
0.04071354866027832, 8209
0.04071354866027832, 8208
0.04071354866027832, 8207
0.04106545448303223, 8206
0.04106545448303223, 8205
0.04106545448303223, 8204
0.04106545448303223, 8203
0.04106545448303223, 8202
0.04106545448303223, 8201
0.04106545448303223, 8200
0.04106545448303223, 8199
0.04106545448303223, 8198
0.04106545448303223, 8197
0.04106545448303223, 8196
0.04106545448303223, 8195
0.04106545448303223, 8194
0.04106545448303223, 8193
0.04106545448303223, 8192
0.04106545448303223, 8191
0.04106545448303223, 8190
0.04106545448303223, 8189
0.04106545448303223, 8188
0.04106545448303223, 8187
0.04106545448303223, 8186
0.04206562042236328, 8185
0.04206562042236328, 8184
0.04206562042236328, 8183
0.04206562042236328, 8182
0.04206562042236328, 8181
0.04206562042236328, 8180
0.04206562042236328, 8179
0.04206562042236328, 8178
0.04206562042236328, 8177
0.04206562042236328, 8176
0.04206562042236328, 8175
0.0425875186920166, 8174
0.0425875186920166, 8173
0.0425875186920166, 8172
0.0425875186920166, 8171
0.0425875186920166, 8170
0.0425875186920166, 8169
0.0425875186920166, 8168
0.0425875186920166, 8167
0.0425875186920166, 8166
0.0425875186920166, 8165
0.0425875186920166, 8164
0.0425875186920166, 8163
0.0425875186920166, 8162
0.0425875186920166, 8161
0.0425875186920166, 8160
0.0425875186920166, 8159
0.0425875186920166, 8158
0.0425875186920166, 8157
0.0425875186920166, 8156
0.0425875186920166, 8155
0.0425875186920166, 8154
0.0425875186920166, 8153
0.043591976165771484, 8152
0.043591976165771484, 8151
0.043591976165771484, 8150
0.043591976165771484, 8149
0.043591976165771484, 8148
0.043591976165771484, 8147
0.043591976165771484, 8146
0.043591976165771484, 8145
0.043591976165771484, 8144
0.043591976165771484, 8143
0.043591976165771484, 8142
0.043591976165771484, 8141
0.043591976165771484, 8140
0.043591976165771484, 8139
0.043591976165771484, 8138
0.043591976165771484, 8137
0.043591976165771484, 8136
0.043591976165771484, 8135
0.043591976165771484, 8134
0.043591976165771484, 8133
0.043591976165771484, 8132
0.044591665267944336, 8131
0.044591665267944336, 8130
0.044591665267944336, 8129
0.044591665267944336, 8128
0.044591665267944336, 8127
0.044591665267944336, 8126
0.044591665267944336, 8125
0.044591665267944336, 8124
0.044591665267944336, 8123
0.044591665267944336, 8122
0.044591665267944336, 8121
0.044591665267944336, 8120
0.044591665267944336, 8119
0.044591665267944336, 8118
0.044591665267944336, 8117
0.044591665267944336, 8116
0.0455930233001709, 8115
0.0455930233001709, 8114
0.0455930233001709, 8113
0.0455930233001709, 8112
0.0455930233001709, 8111
0.0455930233001709, 8110
0.0455930233001709, 8109
0.0455930233001709, 8108
0.0455930233001709, 8107
0.0455930233001709, 8106
0.0455930233001709, 8105
0.0455930233001709, 8104
0.0455930233001709, 8103
0.0455930233001709, 8102
0.0455930233001709, 8101
0.0455930233001709, 8100
0.0455930233001709, 8099
0.0455930233001709, 8098
0.0455930233001709, 8097
0.0455930233001709, 8096
0.0455930233001709, 8095
0.04659247398376465, 8094
0.04659247398376465, 8093
0.04659247398376465, 8092
0.04659247398376465, 8091
0.04659247398376465, 8090
0.04659247398376465, 8089
0.04659247398376465, 8088
0.04659247398376465, 8087
0.04659247398376465, 8086
0.04659247398376465, 8085
0.04659247398376465, 8084
0.04659247398376465, 8083
0.04659247398376465, 8082
0.04659247398376465, 8081
0.04659247398376465, 8080
0.04659247398376465, 8079
0.04659247398376465, 8078
0.0475921630859375, 8077
0.0475921630859375, 8076
0.0475921630859375, 8075
0.0475921630859375, 8074
0.0475921630859375, 8073
0.0475921630859375, 8072
0.0475921630859375, 8071
0.0475921630859375, 8070
0.0475921630859375, 8069
0.0475921630859375, 8068
0.0475921630859375, 8067
0.0475921630859375, 8066
0.0475921630859375, 8065
0.0475921630859375, 8064
0.0475921630859375, 8063
0.0475921630859375, 8062
0.0475921630859375, 8061
0.0475921630859375, 8060
0.0475921630859375, 8059
0.0475921630859375, 8058
0.0475921630859375, 8057
0.04859209060668945, 8056
0.04859209060668945, 8055
0.04859209060668945, 8054
0.04859209060668945, 8053
0.04859209060668945, 8052
0.04859209060668945, 8051
0.04859209060668945, 8050
0.04859209060668945, 8049
0.04859209060668945, 8048
0.04859209060668945, 8047
0.04859209060668945, 8046
0.04859209060668945, 8045
0.04859209060668945, 8044
0.04859209060668945, 8043
0.04859209060668945, 8042
0.04859209060668945, 8041
0.04859209060668945, 8040
0.04859209060668945, 8039
0.04859209060668945, 8038
0.04859209060668945, 8037
0.049592018127441406, 8036
0.049592018127441406, 8035
0.049592018127441406, 8034
0.049592018127441406, 8033
0.049592018127441406, 8032
0.049592018127441406, 8031
0.049592018127441406, 8030
0.049592018127441406, 8029
0.049592018127441406, 8028
0.049592018127441406, 8027
0.049592018127441406, 8026
0.049592018127441406, 8025
0.049592018127441406, 8024
0.049592018127441406, 8023
0.049592018127441406, 8022
0.049592018127441406, 8021
0.049592018127441406, 8020
0.049592018127441406, 8019
0.049592018127441406, 8018
0.050478458404541016, 8017
0.050478458404541016, 8016
0.05059313774108887, 8015
0.05059313774108887, 8014
0.05059313774108887, 8013
0.05059313774108887, 8012
0.05059313774108887, 8011
0.05059313774108887, 8010
0.05059313774108887, 8009
0.05059313774108887, 8008
0.05059313774108887, 8007
0.05059313774108887, 8006
0.05059313774108887, 8005
0.05059313774108887, 8004
0.05059313774108887, 8003
0.05059313774108887, 8002
0.05059313774108887, 8001
0.05059313774108887, 8000
0.05059313774108887, 7999
0.05059313774108887, 7998
0.05059313774108887, 7997
0.05059313774108887, 7996
0.05059313774108887, 7995
0.05059313774108887, 7994
0.05159592628479004, 7993
0.05159592628479004, 7992
0.05159592628479004, 7991
0.05159592628479004, 7990
0.05159592628479004, 7989
0.05159592628479004, 7988
0.05159592628479004, 7987
0.05159592628479004, 7986
0.05159592628479004, 7985
0.05159592628479004, 7984
0.05159592628479004, 7983
0.05159592628479004, 7982
0.05159592628479004, 7981
0.05159592628479004, 7980
0.05159592628479004, 7979
0.05159592628479004, 7978
0.05159592628479004, 7977
0.05159592628479004, 7976
0.05159592628479004, 7975
0.05159592628479004, 7974
0.05159592628479004, 7973
0.05259346961975098, 7972
0.05259346961975098, 7971
0.05259346961975098, 7970
0.05259346961975098, 7969
0.05259346961975098, 7968
0.05259346961975098, 7967
0.05259346961975098, 7966
0.05259346961975098, 7965
0.05259346961975098, 7964
0.05259346961975098, 7963
0.05259346961975098, 7962
0.05259346961975098, 7961
0.05259346961975098, 7960
0.05259346961975098, 7959
0.05259346961975098, 7958
0.05259346961975098, 7957
0.05259346961975098, 7956
0.05259346961975098, 7955
0.05259346961975098, 7954
0.05259346961975098, 7953
0.05259346961975098, 7952
0.05359387397766113, 7951
0.05359387397766113, 7950
0.05359387397766113, 7949
0.05359387397766113, 7948
0.05359387397766113, 7947
0.05359387397766113, 7946
0.05359387397766113, 7945
0.05359387397766113, 7944
0.05359387397766113, 7943
0.05359387397766113, 7942
0.05359387397766113, 7941
0.05359387397766113, 7940
0.05359387397766113, 7939
0.05359387397766113, 7938
0.05359387397766113, 7937
0.05359387397766113, 7936
0.05359387397766113, 7935
0.05359387397766113, 7934
0.05359387397766113, 7933
0.05359387397766113, 7932
0.05459332466125488, 7931
0.05459332466125488, 7930
0.05459332466125488, 7929
0.05459332466125488, 7928
0.05459332466125488, 7927
0.05459332466125488, 7926
0.05459332466125488, 7925
0.05459332466125488, 7924
0.05459332466125488, 7923
0.05459332466125488, 7922
0.05459332466125488, 7921
0.05459332466125488, 7920
0.05459332466125488, 7919
0.05459332466125488, 7918
0.05459332466125488, 7917
0.05459332466125488, 7916
0.05459332466125488, 7915
0.05459332466125488, 7914
0.05459332466125488, 7913
0.05459332466125488, 7912
0.05459332466125488, 7911
0.055593013763427734, 7910
0.055593013763427734, 7909
0.055593013763427734, 7908
0.055593013763427734, 7907
0.055593013763427734, 7906
0.055593013763427734, 7905
0.055593013763427734, 7904
0.055593013763427734, 7903
0.055593013763427734, 7902
0.055593013763427734, 7901
0.055593013763427734, 7900
0.055593013763427734, 7899
0.055593013763427734, 7898
0.055593013763427734, 7897
0.055593013763427734, 7896
0.055593013763427734, 7895
0.055593013763427734, 7894
0.055593013763427734, 7893
0.055593013763427734, 7892
0.055593013763427734, 7891
0.055593013763427734, 7890
0.056592702865600586, 7889
0.056592702865600586, 7888
0.056592702865600586, 7887
0.056592702865600586, 7886
0.056592702865600586, 7885
0.056592702865600586, 7884
0.056592702865600586, 7883
0.056592702865600586, 7882
0.056592702865600586, 7881
0.056592702865600586, 7880
0.14261603355407715, 7879
0.1436164379119873, 7878
0.1436164379119873, 7877
0.1436164379119873, 7876
0.1436164379119873, 7875
0.1436164379119873, 7874
0.1436164379119873, 7873
0.1436164379119873, 7872
0.1866147518157959, 7871
0.1866147518157959, 7870
0.1866147518157959, 7869
0.1866147518157959, 7868
0.1866147518157959, 7867
0.1866147518157959, 7866
0.1866147518157959, 7865
0.18761467933654785, 7864
0.18761467933654785, 7863
0.18761467933654785, 7862
0.18761467933654785, 7861
0.18761467933654785, 7860
0.18761467933654785, 7859
0.18761467933654785, 7858
0.18761467933654785, 7857
0.18761467933654785, 7856
0.18761467933654785, 7855
0.18761467933654785, 7854
0.18761467933654785, 7853
0.18761467933654785, 7852
0.18761467933654785, 7851
0.18761467933654785, 7850
0.18761467933654785, 7849
0.18761467933654785, 7848
0.18761467933654785, 7847
0.18761467933654785, 7846
0.18761467933654785, 7845
0.18861603736877441, 7844
0.18861603736877441, 7843
0.18861603736877441, 7842
0.18861603736877441, 7841
0.18861603736877441, 7840
0.18861603736877441, 7839
0.18861603736877441, 7838
0.18861603736877441, 7837
0.18861603736877441, 7836
0.18861603736877441, 7835
0.18861603736877441, 7834
0.18861603736877441, 7833
0.18861603736877441, 7832
0.18861603736877441, 7831
0.18861603736877441, 7830
0.18861603736877441, 7829
0.18861603736877441, 7828
0.18861603736877441, 7827
0.18861603736877441, 7826
0.18961668014526367, 7749
0.18961668014526367, 7748
0.18961668014526367, 7747
0.18961668014526367, 7746
0.18961668014526367, 7745
0.18961668014526367, 7744
0.18961668014526367, 7743
0.18961668014526367, 7742
0.18961668014526367, 7741
0.18961668014526367, 7740
0.18961668014526367, 7739
0.18961668014526367, 7738
0.18961668014526367, 7737
0.18961668014526367, 7736
0.18961668014526367, 7735
0.18961668014526367, 7734
0.18961668014526367, 7733
0.19061613082885742, 7732
0.19061613082885742, 7731
0.19061613082885742, 7730
0.19061613082885742, 7729
0.19061613082885742, 7728
0.19061613082885742, 7727
0.19061613082885742, 7726
0.19061613082885742, 7725
0.19061613082885742, 7724
0.19061613082885742, 7723
0.19061613082885742, 7722
0.19061613082885742, 7721
0.19061613082885742, 7720
0.19061613082885742, 7719
0.19061613082885742, 7718
0.19061613082885742, 7717
0.19061613082885742, 7716
0.19061613082885742, 7715
0.19061613082885742, 7714
0.19061613082885742, 7713
0.19161534309387207, 7712
0.19161534309387207, 7711
0.19161534309387207, 7710
0.19161534309387207, 7709
0.19161534309387207, 7708
0.19161534309387207, 7707
0.19161534309387207, 7706
0.19161534309387207, 7705
0.19161534309387207, 7704
0.19161534309387207, 7703
0.19161534309387207, 7702
0.19161534309387207, 7701
0.19161534309387207, 7700
0.19161534309387207, 7699
0.19161534309387207, 7698
0.19161534309387207, 7697
0.19161534309387207, 7696
0.19161534309387207, 7695
0.19161534309387207, 7694
0.19261598587036133, 7693
0.19261598587036133, 7692
0.19261598587036133, 7691
0.19261598587036133, 7690
0.19261598587036133, 7689
0.19261598587036133, 7688
0.19261598587036133, 7687
0.19261598587036133, 7686
0.19261598587036133, 7685
0.19261598587036133, 7684
0.19261598587036133, 7683
0.19261598587036133, 7682
0.19261598587036133, 7681
0.19261598587036133, 7680
0.19261598587036133, 7679
0.19261598587036133, 7678
0.19261598587036133, 7677
0.19261598587036133, 7676
0.19261598587036133, 7675
0.19361639022827148, 7674
0.19361639022827148, 7673
0.19361639022827148, 7672
0.19361639022827148, 7671
0.19361639022827148, 7670
0.19361639022827148, 7669
0.19361639022827148, 7668
0.19361639022827148, 7667
0.19361639022827148, 7666
0.19361639022827148, 7665
0.19361639022827148, 7664
0.19361639022827148, 7663
0.19361639022827148, 7662
0.19361639022827148, 7661
0.19361639022827148, 7660
0.19361639022827148, 7659
0.19361639022827148, 7658
0.19361639022827148, 7657
0.19361639022827148, 7656
0.19461560249328613, 7655
0.19461560249328613, 7654
0.19461560249328613, 7653
0.19461560249328613, 7652
1.9075472354888916, 7651
1.9075472354888916, 7650
1.9075472354888916, 7649
1.9075472354888916, 7648
1.9075472354888916, 7647
1.9075472354888916, 7646
1.9075472354888916, 7645
1.9075472354888916, 7644
1.9075472354888916, 7643
1.9075472354888916, 7642
1.9075472354888916, 7641
1.9075472354888916, 7640
1.9075472354888916, 7639
1.9075472354888916, 7638
1.9075472354888916, 7637
1.9075472354888916, 7636
1.9075472354888916, 7635
1.9075472354888916, 7634
1.90854811668396, 7633
1.90854811668396, 7632
1.90854811668396, 7631
1.90854811668396, 7630
1.90854811668396, 7629
1.90854811668396, 7628
1.90854811668396, 7627
1.90854811668396, 7626
1.90854811668396, 7625
1.90854811668396, 7624
1.90854811668396, 7623
2.3826334476470947, 7622
2.3826334476470947, 7621
2.3826334476470947, 7620
2.383578062057495, 7619
2.383578062057495, 7618
2.383578062057495, 7617
2.383578062057495, 7616
4.472602605819702, 5975
4.472602605819702, 5974
4.472602605819702, 5973
4.472602605819702, 5972
4.472602605819702, 5971
4.472602605819702, 5970
4.472602605819702, 5969
4.472602605819702, 5968
4.472602605819702, 5967
4.472602605819702, 5966
4.472602605819702, 5965
4.472602605819702, 5964
4.473604440689087, 5963
4.473604440689087, 5962
4.473604440689087, 5961
4.473604440689087, 5960
4.473604440689087, 5959
4.473604440689087, 5958
4.473604440689087, 5957
4.473604440689087, 5956
4.473604440689087, 5955
4.473604440689087, 5954
4.473604440689087, 5953
4.473604440689087, 5952
4.473604440689087, 5951
4.473604440689087, 5950
4.474601984024048, 5949
4.474601984024048, 5948
4.474601984024048, 5947
4.474601984024048, 5946
4.474601984024048, 5945
4.474601984024048, 5944
4.474601984024048, 5943
4.474601984024048, 5942
4.474601984024048, 5941
4.474601984024048, 5940
4.474601984024048, 5939
4.4756019115448, 5938
4.4756019115448, 5937
4.4756019115448, 5936
4.4756019115448, 5935
4.4756019115448, 5934
4.4756019115448, 5933
4.4756019115448, 5932
4.4756019115448, 5931
4.4756019115448, 5930
4.4756019115448, 5929
4.4756019115448, 5928
4.4756019115448, 5927
4.4756019115448, 5926
4.4756019115448, 5925
4.4756019115448, 5924
4.4756019115448, 5923
4.4756019115448, 5922
4.4756019115448, 5921
4.4756019115448, 5920
4.476602077484131, 5919
4.476602077484131, 5918
4.476602077484131, 5917
4.476602077484131, 5916
4.476602077484131, 5915
4.476602077484131, 5914
4.476602077484131, 5913
4.476602077484131, 5912
4.476602077484131, 5911
4.476602077484131, 5910
4.476602077484131, 5909
4.476602077484131, 5908
4.476602077484131, 5907
4.476602077484131, 5906
4.476602077484131, 5905
4.476602077484131, 5904
4.476602077484131, 5903
4.476602077484131, 5902
4.477601766586304, 5901
4.477601766586304, 5900
4.477601766586304, 5899
4.477601766586304, 5898
4.477601766586304, 5897
4.477601766586304, 5896
4.477601766586304, 5895
4.477601766586304, 5894
4.477601766586304, 5893
4.477601766586304, 5892
4.477601766586304, 5891
4.477601766586304, 5890
4.477601766586304, 5889
4.477601766586304, 5888
4.477601766586304, 5887
4.477601766586304, 5886
4.478601455688477, 5885
4.478601455688477, 5884
4.478601455688477, 5883
4.478601455688477, 5882
4.478601455688477, 5881
4.478601455688477, 5880
4.478601455688477, 5879
4.478601455688477, 5878
4.478601455688477, 5877
4.478601455688477, 5876
4.478601455688477, 5875
4.478601455688477, 5874
4.478601455688477, 5873
4.479602813720703, 5872
4.479602813720703, 5871
4.479602813720703, 5870
4.479602813720703, 5869
4.479602813720703, 5868
4.479602813720703, 5867
4.479602813720703, 5866
4.479602813720703, 5865
4.479602813720703, 5864
4.479602813720703, 5863
4.479602813720703, 5862
4.480602979660034, 5861
4.480602979660034, 5860
4.480602979660034, 5859
4.480602979660034, 5858
4.480602979660034, 5857
4.480602979660034, 5856
4.480602979660034, 5855
4.480602979660034, 5854
4.480602979660034, 5853
4.480602979660034, 5852
4.480602979660034, 5851
4.480602979660034, 5850
4.480602979660034, 5849
4.480602979660034, 5848
4.480602979660034, 5847
4.480602979660034, 5846
4.480602979660034, 5845
4.481602191925049, 5844
4.481602191925049, 5843
4.481602191925049, 5842
4.481602191925049, 5841
4.481602191925049, 5840
4.481602191925049, 5839
4.481602191925049, 5838
4.481602191925049, 5837
4.481602191925049, 5836
4.481602191925049, 5835
4.4823057651519775, 5834
4.4823057651519775, 5833
4.4823057651519775, 5832
4.4823057651519775, 5831
4.4823057651519775, 5830
4.4823057651519775, 5829
4.4823057651519775, 5828
4.4823057651519775, 5827
4.4823057651519775, 5826
4.4823057651519775, 5825
4.4823057651519775, 5824
4.4823057651519775, 5823
4.4823057651519775, 5822
4.4823057651519775, 5821
4.4823057651519775, 5820
4.4823057651519775, 5819
4.4833149909973145, 5818
4.4833149909973145, 5817
4.4833149909973145, 5816
4.4833149909973145, 5815
4.4833149909973145, 5814
4.4833149909973145, 5813
4.4833149909973145, 5812
4.4833149909973145, 5811
4.4833149909973145, 5810
4.4833149909973145, 5809
4.4833149909973145, 5808
4.4833149909973145, 5807
4.4833149909973145, 5806
4.4833149909973145, 5805
4.4833149909973145, 5804
4.4833149909973145, 5803
4.4833149909973145, 5802
4.484318971633911, 5801
4.484318971633911, 5800
4.484318971633911, 5799
4.484318971633911, 5798
4.484318971633911, 5797
4.484318971633911, 5796
4.484318971633911, 5795
4.484318971633911, 5794
4.484318971633911, 5793
4.484318971633911, 5792
4.484318971633911, 5791
4.484318971633911, 5790
4.484318971633911, 5789
4.484318971633911, 5788
4.484318971633911, 5787
4.484318971633911, 5786
4.484318971633911, 5785
4.484318971633911, 5784
4.484318971633911, 5783
4.485316038131714, 5782
4.485316038131714, 5781
4.485316038131714, 5780
4.485316038131714, 5779
4.485316038131714, 5778
4.485316038131714, 5777
4.485316038131714, 5776
4.485316038131714, 5775
4.485316038131714, 5774
4.485316038131714, 5773
4.485316038131714, 5772
4.485316038131714, 5771
4.485316038131714, 5770
4.485316038131714, 5769
4.485316038131714, 5768
4.485316038131714, 5767
4.485316038131714, 5766
4.485316038131714, 5765
4.485316038131714, 5764
4.485316038131714, 5763
4.486313581466675, 5762
4.486313581466675, 5761
4.486313581466675, 5760
4.486313581466675, 5759
4.486313581466675, 5758
4.486313581466675, 5757
4.486313581466675, 5756
4.486313581466675, 5755
4.486313581466675, 5754
4.486313581466675, 5753
4.486313581466675, 5752
4.486313581466675, 5751
4.486313581466675, 5750
4.486313581466675, 5749
4.486313581466675, 5748
4.486313581466675, 5747
4.486313581466675, 5746
4.486313581466675, 5745
4.486313581466675, 5744
4.486313581466675, 5743
4.487313747406006, 5742
4.487313747406006, 5741
4.487313747406006, 5740
4.487313747406006, 5739
4.487313747406006, 5738
4.487313747406006, 5737
4.487313747406006, 5736
4.487313747406006, 5735
4.487313747406006, 5734
4.487313747406006, 5733
4.487313747406006, 5732
4.487313747406006, 5731
4.487313747406006, 5730
4.487313747406006, 5729
4.487313747406006, 5728
4.487313747406006, 5727
4.487313747406006, 5726
4.487313747406006, 5725
4.488313913345337, 5724
4.488313913345337, 5723
4.488313913345337, 5722
4.488313913345337, 5721
4.488313913345337, 5720
4.488313913345337, 5719
4.488313913345337, 5718
4.488313913345337, 5717
4.488313913345337, 5716
4.488313913345337, 5715
4.488313913345337, 5714
4.488313913345337, 5713
4.488313913345337, 5712
4.488313913345337, 5711
4.488313913345337, 5710
4.488313913345337, 5709
4.488313913345337, 5708
4.488313913345337, 5707
4.489313364028931, 5706
4.489313364028931, 5705
4.489313364028931, 5704
4.489313364028931, 5703
4.489313364028931, 5702
4.489313364028931, 5701
4.489313364028931, 5700
4.489313364028931, 5699
4.489313364028931, 5698
4.489313364028931, 5697
4.489313364028931, 5696
4.489313364028931, 5695
4.489313364028931, 5694
4.489313364028931, 5693
4.489313364028931, 5692
4.489313364028931, 5691
4.489313364028931, 5690
4.489313364028931, 5689
4.489313364028931, 5688
4.490313529968262, 5687
4.490313529968262, 5686
4.490313529968262, 5685
4.490313529968262, 5684
4.490313529968262, 5683
4.490313529968262, 5682
4.490313529968262, 5681
4.490313529968262, 5680
4.490313529968262, 5679
4.490313529968262, 5678
5.145561456680298, 5677
