0.04512929916381836, 8317
0.04512929916381836, 8316
0.04512929916381836, 8315
0.046128273010253906, 8314
0.046128273010253906, 8313
0.046128273010253906, 8312
0.046128273010253906, 8311
0.046128273010253906, 8310
0.046128273010253906, 8309
0.046128273010253906, 8308
0.046128273010253906, 8307
0.046128273010253906, 8306
0.046128273010253906, 8305
0.046128273010253906, 8304
0.046128273010253906, 8303
0.046128273010253906, 8302
0.046128273010253906, 8301
0.046128273010253906, 8300
0.046128273010253906, 8299
0.046128273010253906, 8298
0.046128273010253906, 8297
0.046128273010253906, 8296
0.04713129997253418, 8295
0.04713129997253418, 8294
0.04713129997253418, 8293
0.04713129997253418, 8292
0.04713129997253418, 8291
0.04713129997253418, 8290
0.04713129997253418, 8289
0.04713129997253418, 8288
0.04713129997253418, 8287
0.04713129997253418, 8286
0.04713129997253418, 8285
0.04713129997253418, 8284
0.04713129997253418, 8283
0.04713129997253418, 8282
0.04713129997253418, 8281
0.04713129997253418, 8280
0.04713129997253418, 8279
0.04713129997253418, 8278
0.04713129997253418, 8277
0.04713129997253418, 8276
0.04813265800476074, 8275
0.04813265800476074, 8274
0.04813265800476074, 8273
0.04813265800476074, 8272
0.04813265800476074, 8271
0.04813265800476074, 8270
0.04813265800476074, 8269
0.04813265800476074, 8268
0.04813265800476074, 8267
0.04813265800476074, 8266
0.04813265800476074, 8265
0.04813265800476074, 8264
0.04813265800476074, 8263
0.04813265800476074, 8262
0.04813265800476074, 8261
0.04813265800476074, 8260
0.04813265800476074, 8259
0.04813265800476074, 8258
0.04813265800476074, 8257
0.04813265800476074, 8256
0.04813265800476074, 8255
0.04813265800476074, 8254
0.06812906265258789, 5691
0.06812906265258789, 5690
0.06812906265258789, 5689
0.06914043426513672, 5688
0.06914043426513672, 5687
0.06914043426513672, 5686
2.046126365661621, 5685
2.046126365661621, 5684
2.047125816345215, 5683
2.047125816345215, 5682
2.047125816345215, 5681
2.047125816345215, 5680
2.047125816345215, 5679
2.047125816345215, 5678
2.047125816345215, 5677
2.047125816345215, 5676
2.047125816345215, 5675
2.047125816345215, 5674
2.047125816345215, 5673
2.047125816345215, 5672
2.047125816345215, 5671
2.047125816345215, 5670
2.047125816345215, 5669
2.047125816345215, 5668
2.047125816345215, 5667
2.047125816345215, 5666
2.0481274127960205, 5665
2.0481274127960205, 5664
