0.03004169464111328, 8306
0.03004169464111328, 8305
0.03004169464111328, 8304
0.03004169464111328, 8303
0.03004169464111328, 8302
0.03004169464111328, 8301
0.03004169464111328, 8300
0.03004169464111328, 8299
0.03004169464111328, 8298
0.03004169464111328, 8297
0.03004169464111328, 8296
0.03004169464111328, 8295
0.03104233741760254, 8294
0.03104233741760254, 8293
0.03104233741760254, 8292
0.03104233741760254, 8291
0.03104233741760254, 8290
0.03104233741760254, 8289
0.03104233741760254, 8288
0.03104233741760254, 8287
0.03104233741760254, 8286
0.03104233741760254, 8285
0.03104233741760254, 8284
0.03104233741760254, 8283
0.03104233741760254, 8282
0.03104233741760254, 8281
0.03104233741760254, 8280
0.03104233741760254, 8279
0.03104233741760254, 8278
0.03104233741760254, 8277
0.03104233741760254, 8276
0.03104233741760254, 8275
0.03104233741760254, 8274
0.03104233741760254, 8273
0.03104233741760254, 8272
0.032042503356933594, 8271
0.032042503356933594, 8270
0.032042503356933594, 8269
0.032042503356933594, 8268
0.032042503356933594, 8267
0.032042503356933594, 8266
0.032042503356933594, 8265
0.032042503356933594, 8264
0.032042503356933594, 8263
0.032042503356933594, 8262
0.032042503356933594, 8261
0.032042503356933594, 8260
0.032042503356933594, 8259
0.032042503356933594, 8258
0.032042503356933594, 8257
0.032042503356933594, 8256
0.032042503356933594, 8255
0.032042503356933594, 8254
0.032042503356933594, 8253
0.032042503356933594, 8252
0.032042503356933594, 8251
0.032042503356933594, 8250
0.033041954040527344, 8249
0.033041954040527344, 8248
0.033041954040527344, 8247
0.033041954040527344, 8246
0.033041954040527344, 8245
0.033041954040527344, 8244
0.033041954040527344, 8243
0.033041954040527344, 8242
0.033041954040527344, 8241
0.033041954040527344, 8240
0.033041954040527344, 8239
0.033041954040527344, 8238
0.033041954040527344, 8237
0.033041954040527344, 8236
0.033041954040527344, 8235
0.033041954040527344, 8234
0.033041954040527344, 8233
0.033041954040527344, 8232
0.033041954040527344, 8231
0.033041954040527344, 8230
0.033041954040527344, 8229
0.033041954040527344, 8228
0.033041954040527344, 8227
0.0340421199798584, 8226
0.0340421199798584, 8225
0.0340421199798584, 8224
0.0340421199798584, 8223
0.0340421199798584, 8222
0.0340421199798584, 8221
0.0340421199798584, 8220
0.0340421199798584, 8219
0.0340421199798584, 8218
0.0340421199798584, 8217
0.0340421199798584, 8216
0.0340421199798584, 8215
0.0340421199798584, 8214
0.0340421199798584, 8213
0.0340421199798584, 8212
0.0340421199798584, 8211
0.0340421199798584, 8210
0.0340421199798584, 8209
0.0340421199798584, 8208
0.0340421199798584, 8207
0.0340421199798584, 8206
0.0340421199798584, 8205
0.03504180908203125, 8204
0.03504180908203125, 8203
0.03504180908203125, 8202
0.03504180908203125, 8201
0.03504180908203125, 8200
0.03504180908203125, 8199
0.03504180908203125, 8198
0.03504180908203125, 8197
0.03504180908203125, 8196
0.03504180908203125, 8195
0.03504180908203125, 8194
0.03504180908203125, 8193
0.03504180908203125, 8192
0.03504180908203125, 8191
0.03504180908203125, 8190
0.03504180908203125, 8189
0.03504180908203125, 8188
0.03504180908203125, 8187
0.03504180908203125, 8186
0.03504180908203125, 8185
0.03504180908203125, 8184
0.03504180908203125, 8183
0.03504180908203125, 8182
0.0360417366027832, 8181
0.0360417366027832, 8180
0.0360417366027832, 8179
0.0360417366027832, 8178
0.0360417366027832, 8177
0.0360417366027832, 8176
0.0360417366027832, 8175
0.0360417366027832, 8174
0.0360417366027832, 8173
0.0360417366027832, 8172
0.0360417366027832, 8171
0.0360417366027832, 8170
0.0360417366027832, 8169
0.0360417366027832, 8168
0.0360417366027832, 8167
0.0360417366027832, 8166
0.0360417366027832, 8165
0.0360417366027832, 8164
0.0360417366027832, 8163
0.0360417366027832, 8162
0.0360417366027832, 8161
0.0360417366027832, 8160
0.0360417366027832, 8159
0.03704190254211426, 8158
0.03704190254211426, 8157
0.03704190254211426, 8156
0.03704190254211426, 8155
0.03704190254211426, 8154
0.03704190254211426, 8153
0.03704190254211426, 8152
0.03704190254211426, 8151
0.03704190254211426, 8150
0.03704190254211426, 8149
0.03704190254211426, 8148
0.03704190254211426, 8147
0.03704190254211426, 8146
0.03704190254211426, 8145
0.03704190254211426, 8144
0.03704190254211426, 8143
0.03704190254211426, 8142
0.03704190254211426, 8141
0.03704190254211426, 8140
0.03704190254211426, 8139
0.03704190254211426, 8138
0.03704190254211426, 8137
0.03804159164428711, 8136
0.03804159164428711, 8135
0.03804159164428711, 8134
0.03804159164428711, 8133
0.03804159164428711, 8132
0.03804159164428711, 8131
0.03804159164428711, 8130
0.03804159164428711, 8129
0.03804159164428711, 8128
0.03804159164428711, 8127
0.03804159164428711, 8126
0.03804159164428711, 8125
0.03804159164428711, 8124
0.03804159164428711, 8123
0.03804159164428711, 8122
0.03804159164428711, 8121
0.03804159164428711, 8120
0.03804159164428711, 8119
0.03804159164428711, 8118
0.03804159164428711, 8117
0.03804159164428711, 8116
0.03804159164428711, 8115
0.039041757583618164, 8114
0.03910398483276367, 8113
0.03910398483276367, 8112
0.03910398483276367, 8111
0.03910398483276367, 8110
0.03910398483276367, 8109
0.03910398483276367, 8108
0.03910398483276367, 8107
0.03910398483276367, 8106
0.03910398483276367, 8105
0.03910398483276367, 8104
0.03910398483276367, 8103
0.03910398483276367, 8102
0.03910398483276367, 8101
0.03910398483276367, 8100
0.03910398483276367, 8099
0.03910398483276367, 8098
0.03910398483276367, 8097
0.03910398483276367, 8096
0.03910398483276367, 8095
0.03910398483276367, 8094
0.04004263877868652, 8093
0.04004263877868652, 8092
0.04004263877868652, 8091
0.04004263877868652, 8090
0.04004263877868652, 8089
0.04004263877868652, 8088
0.04004263877868652, 8087
0.04004263877868652, 8086
0.04004263877868652, 8085
0.04004263877868652, 8084
0.04004263877868652, 8083
0.04004263877868652, 8082
0.04004263877868652, 8081
0.04004263877868652, 8080
0.04004263877868652, 8079
0.04004263877868652, 8078
0.04004263877868652, 8077
0.04004263877868652, 8076
0.04004263877868652, 8075
0.04004263877868652, 8074
0.04004263877868652, 8073
0.04004263877868652, 8072
0.04104185104370117, 8071
0.04104185104370117, 8070
0.04104185104370117, 8069
0.04104185104370117, 8068
0.04104185104370117, 8067
0.04104185104370117, 8066
0.04104185104370117, 8065
0.04104185104370117, 8064
0.04104185104370117, 8063
0.04104185104370117, 8062
0.04104185104370117, 8061
0.04104185104370117, 8060
0.04104185104370117, 8059
0.04104185104370117, 8058
0.04104185104370117, 8057
0.04104185104370117, 8056
0.04104185104370117, 8055
0.04104185104370117, 8054
0.04104185104370117, 8053
0.04104185104370117, 8052
0.04104185104370117, 8051
0.04104185104370117, 8050
0.04204154014587402, 8049
0.04204154014587402, 8048
0.04204154014587402, 8047
0.04204154014587402, 8046
0.04204154014587402, 8045
0.04204154014587402, 8044
0.04204154014587402, 8043
0.04204154014587402, 8042
0.04204154014587402, 8041
0.04204154014587402, 8040
0.04204154014587402, 8039
0.04204154014587402, 8038
0.04204154014587402, 8037
0.04204154014587402, 8036
0.04204154014587402, 8035
0.04204154014587402, 8034
0.04204154014587402, 8033
0.04204154014587402, 8032
0.04204154014587402, 8031
0.04204154014587402, 8030
0.04204154014587402, 8029
0.04204154014587402, 8028
0.04306364059448242, 8027
0.04306364059448242, 8026
0.04306364059448242, 8025
0.04306364059448242, 8024
0.04306364059448242, 8023
0.04306364059448242, 8022
0.04306364059448242, 8021
0.04306364059448242, 8020
0.04306364059448242, 8019
0.04306364059448242, 8018
0.04306364059448242, 8017
0.04306364059448242, 8016
0.04306364059448242, 8015
0.0436253547668457, 8014
0.0436253547668457, 8013
0.0436253547668457, 8012
0.0436253547668457, 8011
0.0436253547668457, 8010
0.0436253547668457, 8009
0.0436253547668457, 8008
0.0436253547668457, 8007
0.0436253547668457, 8006
0.044062137603759766, 8005
0.044062137603759766, 8004
0.044062137603759766, 8003
0.044062137603759766, 8002
0.044062137603759766, 8001
0.044062137603759766, 8000
0.044062137603759766, 7999
0.044062137603759766, 7998
0.044062137603759766, 7997
0.044062137603759766, 7996
0.044062137603759766, 7995
0.044062137603759766, 7994
0.044062137603759766, 7993
0.044062137603759766, 7992
0.044062137603759766, 7991
0.044062137603759766, 7990
0.044062137603759766, 7989
0.044062137603759766, 7988
0.044062137603759766, 7987
0.044062137603759766, 7986
0.044062137603759766, 7985
0.044062137603759766, 7984
0.04506254196166992, 7983
0.04506254196166992, 7982
0.04506254196166992, 7981
0.04506254196166992, 7980
0.04506254196166992, 7979
0.04506254196166992, 7978
0.04506254196166992, 7977
0.04506254196166992, 7976
0.04506254196166992, 7975
0.04506254196166992, 7974
0.04506254196166992, 7973
0.04506254196166992, 7972
0.04506254196166992, 7971
0.04506254196166992, 7970
0.04506254196166992, 7969
0.04506254196166992, 7968
0.04506254196166992, 7967
0.04506254196166992, 7966
0.04506254196166992, 7965
0.04506254196166992, 7964
0.04506254196166992, 7963
0.04506254196166992, 7962
0.04506254196166992, 7961
0.046062469482421875, 7960
0.046062469482421875, 7959
0.046062469482421875, 7958
0.20710277557373047, 7957
0.20710277557373047, 7956
0.20710277557373047, 7955
0.20710277557373047, 7954
0.20710277557373047, 7953
0.20710277557373047, 7952
0.20710277557373047, 7951
0.20710277557373047, 7950
0.20710277557373047, 7949
0.20710277557373047, 7948
0.20710277557373047, 7947
0.20710277557373047, 7946
0.20810151100158691, 7945
0.20810151100158691, 7944
0.20810151100158691, 7943
0.20810151100158691, 7942
0.20810151100158691, 7941
0.20810151100158691, 7940
0.20810151100158691, 7939
0.20810151100158691, 7938
0.20810151100158691, 7937
0.20810151100158691, 7936
0.20810151100158691, 7935
0.20810151100158691, 7934
0.20810151100158691, 7933
0.20810151100158691, 7932
0.20810151100158691, 7931
0.20810151100158691, 7930
0.20810151100158691, 7929
0.20810151100158691, 7928
0.20810151100158691, 7927
0.20810151100158691, 7926
0.20810151100158691, 7925
0.20810151100158691, 7924
0.20910072326660156, 7923
0.20910072326660156, 7922
0.20910072326660156, 7921
0.20910072326660156, 7920
0.20910072326660156, 7919
0.20910072326660156, 7918
0.20910072326660156, 7917
0.20910072326660156, 7916
0.20910072326660156, 7915
0.20910072326660156, 7914
0.20910072326660156, 7913
0.20910072326660156, 7912
0.20910072326660156, 7911
0.20910072326660156, 7910
0.20910072326660156, 7909
0.20910072326660156, 7908
0.20910072326660156, 7907
0.20910072326660156, 7906
0.20910072326660156, 7905
0.20910072326660156, 7904
0.20910072326660156, 7903
0.21010112762451172, 7902
0.21010112762451172, 7901
0.21010112762451172, 7900
0.21010112762451172, 7899
0.21010112762451172, 7898
0.21010112762451172, 7897
0.21010112762451172, 7896
0.21010112762451172, 7895
0.21010112762451172, 7894
0.21010112762451172, 7893
0.21010112762451172, 7892
0.21010112762451172, 7891
0.21010112762451172, 7890
0.21010112762451172, 7889
0.21010112762451172, 7888
0.21010112762451172, 7887
0.21010112762451172, 7886
0.21010112762451172, 7885
0.21010112762451172, 7884
0.21010112762451172, 7883
0.21010112762451172, 7882
0.21110177040100098, 7881
0.21110177040100098, 7880
0.21110177040100098, 7879
0.21110177040100098, 7878
0.21110177040100098, 7877
0.21110177040100098, 7876
0.21110177040100098, 7875
0.21110177040100098, 7874
0.21110177040100098, 7873
0.21110177040100098, 7872
0.21110177040100098, 7871
0.21110177040100098, 7870
0.21110177040100098, 7869
0.21110177040100098, 7868
0.21110177040100098, 7867
0.21110177040100098, 7866
0.21110177040100098, 7865
0.21110177040100098, 7864
0.45113372802734375, 7863
0.45113372802734375, 7862
0.45113372802734375, 7861
0.45113372802734375, 7860
0.45113372802734375, 7859
0.45113372802734375, 7858
0.4521043300628662, 7857
0.4521043300628662, 7856
0.4521043300628662, 7855
0.4521043300628662, 7854
0.4521043300628662, 7853
0.4521043300628662, 7852
0.4521043300628662, 7851
0.4521043300628662, 7850
0.4521043300628662, 7849
0.4521043300628662, 7848
0.4521043300628662, 7847
0.4521043300628662, 7846
0.4521043300628662, 7845
0.4521043300628662, 7844
0.4521043300628662, 7843
0.4521043300628662, 7842
0.4521043300628662, 7841
0.4521043300628662, 7840
0.4521043300628662, 7839
0.4521043300628662, 7838
0.4521043300628662, 7837
0.4531130790710449, 7836
0.4531130790710449, 7835
0.4531130790710449, 7834
0.4531130790710449, 7833
0.4531130790710449, 7832
0.4531130790710449, 7831
0.4531130790710449, 7830
0.4531130790710449, 7829
0.4531130790710449, 7828
0.4531130790710449, 7827
0.4531130790710449, 7826
0.4531130790710449, 7825
0.4531130790710449, 7824
0.4531130790710449, 7823
0.4531130790710449, 7822
0.4531130790710449, 7821
0.4531130790710449, 7820
0.4531130790710449, 7819
0.4531130790710449, 7818
0.4531130790710449, 7817
0.4531130790710449, 7816
0.4541127681732178, 7815
0.4541127681732178, 7814
0.4541127681732178, 7813
0.4542663097381592, 7812
0.4542663097381592, 7811
0.4542663097381592, 7810
0.4542663097381592, 7809
0.4542663097381592, 7808
0.4542663097381592, 7807
0.4542663097381592, 7806
0.4542663097381592, 7805
0.4542663097381592, 7804
0.4542663097381592, 7803
0.4542663097381592, 7802
0.4542663097381592, 7801
0.4542663097381592, 7800
0.4542663097381592, 7799
0.4542663097381592, 7798
0.4542663097381592, 7797
0.4542663097381592, 7796
0.4542663097381592, 7795
0.45511364936828613, 7794
0.45511364936828613, 7793
0.45511364936828613, 7792
0.45511364936828613, 7791
1.3091151714324951, 5835
1.3091151714324951, 5834
1.3091151714324951, 5833
1.3091151714324951, 5832
1.3091151714324951, 5831
1.3091151714324951, 5830
1.3091151714324951, 5829
1.3091151714324951, 5828
1.3091151714324951, 5827
1.3091151714324951, 5826
1.3091151714324951, 5825
1.3091151714324951, 5824
1.3091151714324951, 5823
1.3091151714324951, 5822
1.310114860534668, 5821
1.310114860534668, 5820
1.310114860534668, 5819
1.310114860534668, 5818
1.310114860534668, 5817
1.310114860534668, 5816
1.310114860534668, 5815
1.310114860534668, 5814
1.310114860534668, 5813
1.310114860534668, 5812
1.310114860534668, 5811
1.310114860534668, 5810
1.310114860534668, 5809
1.310114860534668, 5808
1.310114860534668, 5807
1.310114860534668, 5806
1.310114860534668, 5805
1.310114860534668, 5804
1.31111478805542, 5803
1.31111478805542, 5802
1.31111478805542, 5801
1.31111478805542, 5800
1.31111478805542, 5799
1.31111478805542, 5798
1.31111478805542, 5797
1.31111478805542, 5796
1.31111478805542, 5795
1.31111478805542, 5794
1.31111478805542, 5793
1.31111478805542, 5792
1.31111478805542, 5791
1.31111478805542, 5790
1.31111478805542, 5789
1.31111478805542, 5788
1.31111478805542, 5787
1.31111478805542, 5786
1.31111478805542, 5785
1.31111478805542, 5784
1.31111478805542, 5783
1.312114953994751, 5782
1.312114953994751, 5781
1.312114953994751, 5780
1.312114953994751, 5779
1.312114953994751, 5778
1.312114953994751, 5777
1.312114953994751, 5776
1.312114953994751, 5775
1.312114953994751, 5774
1.312114953994751, 5773
1.312114953994751, 5772
1.312114953994751, 5771
1.312114953994751, 5770
1.312114953994751, 5769
1.312114953994751, 5768
1.312114953994751, 5767
1.312114953994751, 5766
1.312114953994751, 5765
1.312114953994751, 5764
1.312114953994751, 5763
1.3131158351898193, 5762
1.3131158351898193, 5761
1.3131158351898193, 5760
1.3131158351898193, 5759
1.3131158351898193, 5758
1.3131158351898193, 5757
1.3131158351898193, 5756
1.3131158351898193, 5755
1.3131158351898193, 5754
1.3131158351898193, 5753
1.3131158351898193, 5752
1.3131158351898193, 5751
1.3131158351898193, 5750
1.3131158351898193, 5749
1.3131158351898193, 5748
1.3131158351898193, 5747
1.3131158351898193, 5746
1.3131158351898193, 5745
1.3131158351898193, 5744
1.3131158351898193, 5743
1.3141148090362549, 5742
1.3141148090362549, 5741
1.3141148090362549, 5740
1.3141148090362549, 5739
1.3141148090362549, 5738
1.3141148090362549, 5737
1.3141148090362549, 5736
1.3141148090362549, 5735
1.3141148090362549, 5734
1.3141148090362549, 5733
1.3141148090362549, 5732
1.3141148090362549, 5731
1.3141148090362549, 5730
1.3141148090362549, 5729
1.3141148090362549, 5728
1.3141148090362549, 5727
1.3141148090362549, 5726
1.3141148090362549, 5725
1.3141148090362549, 5724
1.3141148090362549, 5723
1.3141148090362549, 5722
1.3151144981384277, 5721
1.3151144981384277, 5720
1.315187692642212, 5719
1.315187692642212, 5718
1.315187692642212, 5717
1.315187692642212, 5716
1.315187692642212, 5715
1.315187692642212, 5714
1.315187692642212, 5713
1.315187692642212, 5712
1.315187692642212, 5711
1.315187692642212, 5710
1.315187692642212, 5709
1.315187692642212, 5708
1.315187692642212, 5707
1.315187692642212, 5706
1.315187692642212, 5705
1.315187692642212, 5704
6.1511595249176025, 5703
6.152159929275513, 5702
6.152159929275513, 5701
6.152159929275513, 5700
6.152159929275513, 5699
6.152159929275513, 5698
6.152159929275513, 5697
6.152159929275513, 5696
6.152159929275513, 5695
6.152159929275513, 5694
6.152159929275513, 5693
6.152159929275513, 5692
6.152159929275513, 5691
6.152159929275513, 5690
6.152159929275513, 5689
6.152159929275513, 5688
6.152159929275513, 5687
6.152159929275513, 5686
6.152159929275513, 5685
6.152159929275513, 5684
6.152159929275513, 5683
6.153160810470581, 5682
6.153160810470581, 5681
6.153160810470581, 5680
6.153160810470581, 5679
6.153160810470581, 5678
6.153160810470581, 5677
6.153160810470581, 5676
6.153160810470581, 5675
6.153160810470581, 5674
6.153160810470581, 5673
6.153160810470581, 5672
6.153160810470581, 5671
6.153160810470581, 5670
6.153160810470581, 5669
6.153160810470581, 5668
6.153160810470581, 5667
6.572147846221924, 5666
6.572147846221924, 5665
6.572147846221924, 5664
6.572147846221924, 5663
6.573148012161255, 5662
6.573148012161255, 5661
6.573148012161255, 5660
6.573148012161255, 5659
6.573148012161255, 5658
6.573148012161255, 5657
6.573148012161255, 5656
6.573148012161255, 5655
