0.03701448440551758, 8321
0.03701448440551758, 8320
0.03701448440551758, 8319
0.03701448440551758, 8318
0.03701448440551758, 8317
0.03701448440551758, 8316
0.03701448440551758, 8315
0.03701448440551758, 8314
0.03701448440551758, 8313
0.03701448440551758, 8312
0.03801226615905762, 8311
0.03801226615905762, 8310
0.03801226615905762, 8309
0.03801226615905762, 8308
0.03801226615905762, 8307
0.03801226615905762, 8306
0.03801226615905762, 8305
0.03801226615905762, 8304
0.03801226615905762, 8303
0.03801226615905762, 8302
0.03801226615905762, 8301
0.03801226615905762, 8300
0.03801226615905762, 8299
0.03801226615905762, 8298
0.03801226615905762, 8297
0.03801226615905762, 8296
0.03801226615905762, 8295
0.03801226615905762, 8294
0.03801226615905762, 8293
0.03801226615905762, 8292
0.03801226615905762, 8291
0.03801226615905762, 8290
0.03901362419128418, 8289
0.03901362419128418, 8288
0.03901362419128418, 8287
0.03901362419128418, 8286
0.03901362419128418, 8285
0.03901362419128418, 8284
0.03901362419128418, 8283
0.03901362419128418, 8282
0.03901362419128418, 8281
0.03901362419128418, 8280
0.03901362419128418, 8279
0.03901362419128418, 8278
0.03901362419128418, 8277
0.03901362419128418, 8276
0.03901362419128418, 8275
0.03901362419128418, 8274
0.03901362419128418, 8273
0.03901362419128418, 8272
0.03901362419128418, 8271
0.03901362419128418, 8270
0.03901362419128418, 8269
0.03901362419128418, 8268
0.04001283645629883, 8267
0.04001283645629883, 8266
0.04001283645629883, 8265
0.04001283645629883, 8264
0.04001283645629883, 8263
0.04001283645629883, 8262
0.04001283645629883, 8261
0.04001283645629883, 8260
0.04001283645629883, 8259
0.04001283645629883, 8258
0.04001283645629883, 8257
0.04001283645629883, 8256
0.04001283645629883, 8255
0.04001283645629883, 8254
0.04001283645629883, 8253
0.04001283645629883, 8252
0.04001283645629883, 8251
0.04001283645629883, 8250
0.04001283645629883, 8249
0.04001283645629883, 8248
0.04001283645629883, 8247
0.04101252555847168, 8246
0.04101252555847168, 8245
0.04101252555847168, 8244
0.04101252555847168, 8243
0.04101252555847168, 8242
0.04101252555847168, 8241
0.04101252555847168, 8240
0.04101252555847168, 8239
0.04101252555847168, 8238
0.04101252555847168, 8237
0.04101252555847168, 8236
0.04101252555847168, 8235
0.04101252555847168, 8234
0.04101252555847168, 8233
0.04101252555847168, 8232
0.04101252555847168, 8231
0.04101252555847168, 8230
0.04101252555847168, 8229
0.04101252555847168, 8228
0.04101252555847168, 8227
0.04101252555847168, 8226
0.04201340675354004, 8225
0.04201340675354004, 8224
0.04201340675354004, 8223
0.04201340675354004, 8222
0.04201340675354004, 8221
0.04201340675354004, 8220
0.04201340675354004, 8219
0.04201340675354004, 8218
0.04201340675354004, 8217
0.04201340675354004, 8216
0.04201340675354004, 8215
0.04201340675354004, 8214
0.04201340675354004, 8213
0.04201340675354004, 8212
0.04201340675354004, 8211
0.04201340675354004, 8210
0.04201340675354004, 8209
0.04201340675354004, 8208
0.04201340675354004, 8207
0.04201340675354004, 8206
0.04201340675354004, 8205
0.04301261901855469, 8204
0.04301261901855469, 8203
0.04301261901855469, 8202
0.10471129417419434, 5747
0.10471129417419434, 5746
0.10471129417419434, 5745
0.10471129417419434, 5744
0.10471129417419434, 5743
0.10471129417419434, 5742
0.10471129417419434, 5741
0.10471129417419434, 5740
0.10471129417419434, 5739
0.10471129417419434, 5738
0.10471129417419434, 5737
0.10471129417419434, 5736
0.10471129417419434, 5735
0.10471129417419434, 5734
0.10471129417419434, 5733
0.10571050643920898, 5732
0.10571050643920898, 5731
0.10571050643920898, 5730
0.10571050643920898, 5729
0.10571050643920898, 5728
0.10571050643920898, 5727
0.10571050643920898, 5726
0.10571050643920898, 5725
0.10571050643920898, 5724
0.10571050643920898, 5723
0.10571050643920898, 5722
0.10571050643920898, 5721
0.10571050643920898, 5720
0.10571050643920898, 5719
0.10571050643920898, 5718
0.10571050643920898, 5717
0.10571050643920898, 5716
0.10571050643920898, 5715
0.10571050643920898, 5714
0.10571050643920898, 5713
0.10671114921569824, 5712
0.10671114921569824, 5711
0.10671114921569824, 5710
0.10671114921569824, 5709
0.10671114921569824, 5708
0.10671114921569824, 5707
0.10671114921569824, 5706
0.10671114921569824, 5705
0.10671114921569824, 5704
0.10671114921569824, 5703
0.10671114921569824, 5702
0.10671114921569824, 5701
0.10671114921569824, 5700
0.10671114921569824, 5699
0.10671114921569824, 5698
0.10671114921569824, 5697
0.10671114921569824, 5696
