0.04300212860107422, 8267
0.04300212860107422, 8266
0.04300212860107422, 8265
0.04300212860107422, 8264
0.04300212860107422, 8263
0.04300212860107422, 8262
0.04300212860107422, 8261
0.04300212860107422, 8260
0.04300212860107422, 8259
0.04300212860107422, 8258
0.04300212860107422, 8257
0.04300212860107422, 8256
0.04400181770324707, 8255
0.04400181770324707, 8254
0.04400181770324707, 8253
0.04400181770324707, 8252
0.04400181770324707, 8251
0.04400181770324707, 8250
0.04400181770324707, 8249
0.04400181770324707, 8248
0.04400181770324707, 8247
0.04400181770324707, 8246
0.04400181770324707, 8245
0.04400181770324707, 8244
0.04400181770324707, 8243
0.04500555992126465, 8242
0.04500555992126465, 8241
0.04500555992126465, 8240
0.04500555992126465, 8239
0.04500555992126465, 8238
0.04500555992126465, 8237
0.04500555992126465, 8236
0.04500555992126465, 8235
0.04500555992126465, 8234
0.04500555992126465, 8233
0.04500555992126465, 8232
0.04500555992126465, 8231
0.04500555992126465, 8230
0.04500555992126465, 8229
0.04500555992126465, 8228
0.04600334167480469, 8227
0.04600334167480469, 8226
0.04600334167480469, 8225
0.04600334167480469, 8224
0.04600334167480469, 8223
0.04600334167480469, 8222
0.04600334167480469, 8221
0.04600334167480469, 8220
0.04600334167480469, 8219
0.04600334167480469, 8218
0.04600334167480469, 8217
0.04600334167480469, 8216
0.04600334167480469, 8215
0.04600334167480469, 8214
0.04600334167480469, 8213
0.04600334167480469, 8212
0.04600334167480469, 8211
0.04600334167480469, 8210
0.04600334167480469, 8209
0.04600334167480469, 8208
0.04700326919555664, 8207
0.04700326919555664, 8206
0.04700326919555664, 8205
0.04700326919555664, 8204
0.04700326919555664, 8203
0.04700326919555664, 8202
0.04700326919555664, 8201
0.04700326919555664, 8200
0.04700326919555664, 8199
0.04700326919555664, 8198
0.04700326919555664, 8197
0.04700326919555664, 8196
0.04700326919555664, 8195
0.04700326919555664, 8194
0.04700326919555664, 8193
0.04700326919555664, 8192
0.04700326919555664, 8191
0.04700326919555664, 8190
0.04700326919555664, 8189
0.04800558090209961, 8188
0.04800558090209961, 8187
0.04800558090209961, 8186
0.04800558090209961, 8185
0.04800558090209961, 8184
0.04800558090209961, 8183
0.04800558090209961, 8182
0.04800558090209961, 8181
0.04800558090209961, 8180
0.04800558090209961, 8179
0.04800558090209961, 8178
0.04800558090209961, 8177
0.04800558090209961, 8176
0.04800558090209961, 8175
0.04800558090209961, 8174
0.04800558090209961, 8173
0.04800558090209961, 8172
0.04800558090209961, 8171
0.049002885818481445, 8170
0.049002885818481445, 8169
0.049002885818481445, 8168
0.049002885818481445, 8167
0.049002885818481445, 8166
0.049002885818481445, 8165
0.049002885818481445, 8164
0.049002885818481445, 8163
0.049002885818481445, 8162
0.049002885818481445, 8161
0.049002885818481445, 8160
0.049002885818481445, 8159
0.049002885818481445, 8158
0.049002885818481445, 8157
0.049002885818481445, 8156
0.049002885818481445, 8155
0.049002885818481445, 8154
0.049002885818481445, 8153
0.049002885818481445, 8152
0.050002336502075195, 8151
0.050002336502075195, 8150
0.050002336502075195, 8149
0.050002336502075195, 8148
0.050002336502075195, 8147
0.050002336502075195, 8146
0.050002336502075195, 8145
0.050002336502075195, 8144
0.050002336502075195, 8143
0.050002336502075195, 8142
0.050002336502075195, 8141
0.050002336502075195, 8140
0.050002336502075195, 8139
0.050002336502075195, 8138
0.050002336502075195, 8137
0.050002336502075195, 8136
0.050002336502075195, 8135
0.050002336502075195, 8134
0.051003217697143555, 8133
0.051003217697143555, 8132
0.051003217697143555, 8131
0.051003217697143555, 8130
0.051003217697143555, 8129
0.051003217697143555, 8128
0.051003217697143555, 8127
0.051003217697143555, 8126
0.051003217697143555, 8125
0.051003217697143555, 8124
0.051003217697143555, 8123
0.051003217697143555, 8122
0.051003217697143555, 8121
0.051003217697143555, 8120
0.051003217697143555, 8119
0.051003217697143555, 8118
0.051003217697143555, 8117
0.051003217697143555, 8116
0.051003217697143555, 8115
0.0520021915435791, 8114
0.0520021915435791, 8113
0.0520021915435791, 8112
0.0520021915435791, 8111
0.0520021915435791, 8110
0.0520021915435791, 8109
0.0520021915435791, 8108
0.0520021915435791, 8107
0.0520021915435791, 8106
0.0520021915435791, 8105
0.0520021915435791, 8104
0.0520021915435791, 8103
0.0520021915435791, 8102
0.0520021915435791, 8101
0.0520021915435791, 8100
0.0520021915435791, 8099
0.0520021915435791, 8098
0.0520021915435791, 8097
0.05299997329711914, 8096
0.05299997329711914, 8095
0.05299997329711914, 8094
0.05299997329711914, 8093
0.05299997329711914, 8092
0.05299997329711914, 8091
0.05299997329711914, 8090
0.05299997329711914, 8089
0.05299997329711914, 8088
0.05299997329711914, 8087
0.05299997329711914, 8086
0.05299997329711914, 8085
0.05299997329711914, 8084
0.05299997329711914, 8083
0.05299997329711914, 8082
0.05299997329711914, 8081
0.05299997329711914, 8080
0.05299997329711914, 8079
0.05299997329711914, 8078
0.0540013313293457, 8077
0.0540013313293457, 8076
0.0540013313293457, 8075
0.0540013313293457, 8074
0.0540013313293457, 8073
0.0540013313293457, 8072
0.0540013313293457, 8071
0.0540013313293457, 8070
0.0540013313293457, 8069
0.0540013313293457, 8068
0.0540013313293457, 8067
0.0540013313293457, 8066
0.0540013313293457, 8065
0.0540013313293457, 8064
0.0540013313293457, 8063
0.0540013313293457, 8062
0.0540013313293457, 8061
0.0540013313293457, 8060
0.05500054359436035, 8059
0.05500054359436035, 8058
0.05500054359436035, 8057
0.05500054359436035, 8056
0.05500054359436035, 8055
0.05500054359436035, 8054
0.05500054359436035, 8053
0.0553584098815918, 8052
0.0553584098815918, 8051
0.0553584098815918, 8050
0.0553584098815918, 8049
0.0553584098815918, 8048
0.0553584098815918, 8047
0.0553584098815918, 8046
0.0553584098815918, 8045
0.0553584098815918, 8044
0.0553584098815918, 8043
0.0553584098815918, 8042
0.0553584098815918, 8041
0.056002140045166016, 8040
0.056002140045166016, 8039
0.056002140045166016, 8038
0.056002140045166016, 8037
0.056002140045166016, 8036
0.056002140045166016, 8035
0.056002140045166016, 8034
0.056002140045166016, 8033
0.056002140045166016, 8032
0.056002140045166016, 8031
0.056002140045166016, 8030
0.056002140045166016, 8029
0.056002140045166016, 8028
0.056002140045166016, 8027
0.056002140045166016, 8026
0.056002140045166016, 8025
0.056002140045166016, 8024
0.056002140045166016, 8023
0.05700421333312988, 8022
0.05700421333312988, 8021
0.05700421333312988, 8020
0.05700421333312988, 8019
0.05700421333312988, 8018
0.05700421333312988, 8017
0.05700421333312988, 8016
0.05700421333312988, 8015
0.05700421333312988, 8014
0.05700421333312988, 8013
0.05700421333312988, 8012
0.3110828399658203, 8011
0.3110828399658203, 8010
0.31208276748657227, 8009
0.3121366500854492, 8008
0.3121366500854492, 8007
0.3121366500854492, 8006
0.3121366500854492, 8005
0.3121366500854492, 8004
0.3121366500854492, 8003
0.3121366500854492, 8002
0.3121366500854492, 8001
0.3121366500854492, 8000
0.3121366500854492, 7999
0.3121366500854492, 7998
0.3121366500854492, 7997
0.3121366500854492, 7996
0.3121366500854492, 7995
0.3121366500854492, 7994
0.3121366500854492, 7993
0.3121366500854492, 7992
0.3130815029144287, 7991
0.3130815029144287, 7990
0.3130815029144287, 7989
0.3130815029144287, 7988
0.3130815029144287, 7987
0.3130815029144287, 7986
0.3130815029144287, 7985
0.3130815029144287, 7984
0.3130815029144287, 7983
0.3130815029144287, 7982
0.5139353275299072, 7981
0.5139353275299072, 7980
0.5139353275299072, 7979
0.5139353275299072, 7978
0.5139353275299072, 7977
0.5139353275299072, 7976
0.5139353275299072, 7975
0.5139353275299072, 7974
0.5139353275299072, 7973
0.5139353275299072, 7972
0.5139353275299072, 7971
0.5139353275299072, 7970
0.5148305892944336, 7969
0.5148305892944336, 7968
0.5148305892944336, 7967
0.5148305892944336, 7966
0.5148305892944336, 7965
0.5148305892944336, 7964
0.5148305892944336, 7963
0.5148305892944336, 7962
0.5148305892944336, 7961
0.5148305892944336, 7960
0.5148305892944336, 7959
0.5148305892944336, 7958
0.5148305892944336, 7957
0.5148305892944336, 7956
0.5148305892944336, 7955
0.5148305892944336, 7954
0.5148305892944336, 7953
0.5148305892944336, 7952
0.5148305892944336, 7951
0.5158286094665527, 7950
0.5158286094665527, 7949
0.5158286094665527, 7948
0.5158286094665527, 7947
0.5158286094665527, 7946
0.5158286094665527, 7945
0.5158286094665527, 7944
0.5158286094665527, 7943
0.5158286094665527, 7942
0.5158286094665527, 7941
0.5158286094665527, 7940
0.5158286094665527, 7939
0.5158286094665527, 7938
0.5158286094665527, 7937
0.5158286094665527, 7936
0.825725793838501, 7935
0.825725793838501, 7934
0.825725793838501, 7933
0.825725793838501, 7932
0.825725793838501, 7931
0.825725793838501, 7930
0.825725793838501, 7929
0.825725793838501, 7928
0.826725959777832, 7927
0.826725959777832, 7926
0.826725959777832, 7925
0.826725959777832, 7924
0.826725959777832, 7923
0.826725959777832, 7922
0.826725959777832, 7921
0.826725959777832, 7920
0.826725959777832, 7919
0.826725959777832, 7918
0.826725959777832, 7917
0.826725959777832, 7916
0.826725959777832, 7915
0.826725959777832, 7914
0.826725959777832, 7913
0.826725959777832, 7912
0.826725959777832, 7911
0.826725959777832, 7910
0.826725959777832, 7909
0.826725959777832, 7908
0.8277266025543213, 7907
0.8277266025543213, 7906
0.8277266025543213, 7905
0.8277266025543213, 7904
0.8277266025543213, 7903
0.8277266025543213, 7902
0.8277266025543213, 7901
0.8277266025543213, 7900
0.8277266025543213, 7899
0.8277266025543213, 7898
0.8277266025543213, 7897
0.8277266025543213, 7896
0.8277266025543213, 7895
0.8277266025543213, 7894
0.8277266025543213, 7893
0.8277266025543213, 7892
0.8277266025543213, 7891
0.8277266025543213, 7890
0.8277266025543213, 7889
0.8287262916564941, 7888
0.8287262916564941, 7887
0.8287262916564941, 7886
0.8287262916564941, 7885
0.8287262916564941, 7884
0.8287262916564941, 7883
0.8287262916564941, 7882
0.8287262916564941, 7881
0.8287262916564941, 7880
0.8287262916564941, 7879
0.8287262916564941, 7878
0.8287262916564941, 7877
0.8287262916564941, 7876
1.1118998527526855, 7862
1.1118998527526855, 7861
1.1118998527526855, 7860
1.1118998527526855, 7859
1.1118998527526855, 7858
1.1118998527526855, 7857
1.1118998527526855, 7856
1.1118998527526855, 7855
1.1118998527526855, 7854
1.1118998527526855, 7853
1.1118998527526855, 7852
1.1118998527526855, 7851
1.1118998527526855, 7850
1.1118998527526855, 7849
1.1118998527526855, 7848
1.1118998527526855, 7847
1.1118998527526855, 7846
1.1118998527526855, 7845
1.1118998527526855, 7844
1.1129028797149658, 7843
1.1129028797149658, 7842
1.1129028797149658, 7841
1.1129028797149658, 7840
1.1129028797149658, 7839
1.1129028797149658, 7838
1.1129028797149658, 7837
1.1129028797149658, 7836
1.1129028797149658, 7835
1.1129028797149658, 7834
1.1129028797149658, 7833
1.1129028797149658, 7832
1.1129028797149658, 7831
1.1129028797149658, 7830
1.1129028797149658, 7829
1.1129028797149658, 7828
1.1129028797149658, 7827
1.1129028797149658, 7826
1.113903284072876, 7825
1.113903284072876, 7824
1.113903284072876, 7823
1.113903284072876, 7822
1.113903284072876, 7821
1.113903284072876, 7820
1.113903284072876, 7819
1.113903284072876, 7818
1.113903284072876, 7817
1.113903284072876, 7816
1.113903284072876, 7815
1.113903284072876, 7814
1.113903284072876, 7813
1.113903284072876, 7812
1.113903284072876, 7811
1.113903284072876, 7810
1.113903284072876, 7809
1.113903284072876, 7808
1.1149015426635742, 7807
1.1149015426635742, 7806
1.1149015426635742, 7805
1.1149015426635742, 7804
1.1149015426635742, 7803
1.1149015426635742, 7802
1.1149015426635742, 7801
1.1149015426635742, 7800
1.1149015426635742, 7799
1.1149015426635742, 7798
1.1149015426635742, 7797
1.1149015426635742, 7796
1.1149015426635742, 7795
1.1149015426635742, 7794
1.1149015426635742, 7793
1.1149015426635742, 7792
1.1149015426635742, 7791
1.1149015426635742, 7790
1.1149015426635742, 7789
1.1159029006958008, 7788
1.1159029006958008, 7787
1.1159029006958008, 7786
1.1159029006958008, 7785
1.1161112785339355, 7784
1.1161112785339355, 7783
1.1161112785339355, 7782
1.1161112785339355, 7781
1.1161112785339355, 7780
1.1161112785339355, 7779
1.1161112785339355, 7778
1.1161112785339355, 7777
1.1161112785339355, 7776
1.1161112785339355, 7775
1.1161112785339355, 7774
1.1161112785339355, 7773
1.1161112785339355, 7772
1.1161112785339355, 7771
1.1169025897979736, 7770
1.1169025897979736, 7769
1.1169025897979736, 7768
1.1169025897979736, 7767
1.1169025897979736, 7766
1.1169025897979736, 7765
1.1169025897979736, 7764
1.1169025897979736, 7763
1.1169025897979736, 7762
1.1169025897979736, 7761
1.1169025897979736, 7760
1.1169025897979736, 7759
1.1169025897979736, 7758
1.1169025897979736, 7757
1.1169025897979736, 7756
1.1169025897979736, 7755
1.1169025897979736, 7754
1.1169025897979736, 7753
1.1179025173187256, 7752
1.1179025173187256, 7751
1.1179025173187256, 7750
1.1179025173187256, 7749
1.1179025173187256, 7748
1.1179025173187256, 7747
1.1179025173187256, 7746
1.1179025173187256, 7745
1.1179025173187256, 7744
1.1179025173187256, 7743
1.1179025173187256, 7742
1.1179025173187256, 7741
1.1179025173187256, 7740
1.1179025173187256, 7739
1.1179025173187256, 7738
1.1179025173187256, 7737
1.1179025173187256, 7736
1.1179025173187256, 7735
1.1189024448394775, 7734
1.1189024448394775, 7733
1.1189024448394775, 7732
1.1189024448394775, 7731
1.1189024448394775, 7730
1.1189024448394775, 7729
1.1189024448394775, 7728
1.1189024448394775, 7727
1.1189024448394775, 7726
1.1189024448394775, 7725
1.1189024448394775, 7724
1.1189024448394775, 7723
1.1189024448394775, 7722
1.1189024448394775, 7721
1.1189024448394775, 7720
1.1189024448394775, 7719
1.1199018955230713, 7718
1.1199018955230713, 7717
1.1199018955230713, 7716
1.1199018955230713, 7715
1.1199018955230713, 7714
1.1199018955230713, 7713
1.1199018955230713, 7712
1.1199018955230713, 7711
1.1199018955230713, 7710
1.1199018955230713, 7709
1.1199018955230713, 7708
1.1199018955230713, 7707
1.1199018955230713, 7706
1.1199018955230713, 7705
1.1199018955230713, 7704
1.1199018955230713, 7703
1.1199018955230713, 7702
1.1199018955230713, 7701
1.1209022998809814, 7700
1.1209022998809814, 7699
1.1209022998809814, 7698
1.1209022998809814, 7697
1.1209022998809814, 7696
1.1209022998809814, 7695
1.1209022998809814, 7694
1.1209022998809814, 7693
1.1209022998809814, 7692
1.1209022998809814, 7691
1.1209022998809814, 7690
1.1209022998809814, 7689
1.1209022998809814, 7688
1.1209022998809814, 7687
1.1209022998809814, 7686
1.1209022998809814, 7685
1.1209022998809814, 7684
1.1209022998809814, 7683
1.1219074726104736, 7682
1.1219074726104736, 7681
1.1219074726104736, 7680
1.1219074726104736, 7679
1.1219074726104736, 7678
1.1219074726104736, 7677
1.1219074726104736, 7676
1.1219074726104736, 7675
1.1219074726104736, 7674
1.1219074726104736, 7673
1.1219074726104736, 7672
1.1219074726104736, 7671
1.1219074726104736, 7670
1.1219074726104736, 7669
1.1219074726104736, 7668
1.1219074726104736, 7667
1.1219074726104736, 7666
1.1219074726104736, 7665
1.1229064464569092, 7664
1.1229064464569092, 7663
1.1229064464569092, 7662
1.1229064464569092, 7661
1.1229064464569092, 7660
1.1229064464569092, 7659
1.1229064464569092, 7658
1.1229064464569092, 7657
1.1229064464569092, 7656
1.1229064464569092, 7655
1.1229064464569092, 7654
1.1229064464569092, 7653
1.1229064464569092, 7652
1.1229064464569092, 7651
1.1229064464569092, 7650
1.1229064464569092, 7649
1.1229064464569092, 7648
1.1229064464569092, 7647
1.1239056587219238, 7646
1.1239056587219238, 7645
1.1239056587219238, 7644
1.1239056587219238, 7643
1.1239056587219238, 7642
1.1239056587219238, 7641
1.1239056587219238, 7640
1.1239056587219238, 7639
1.1239056587219238, 7638
1.1239056587219238, 7637
1.1239056587219238, 7636
1.1239056587219238, 7635
1.1239056587219238, 7634
1.1239056587219238, 7633
1.1239056587219238, 7632
1.1239056587219238, 7631
1.1239056587219238, 7630
1.1249046325683594, 7629
1.1249046325683594, 7628
1.1249046325683594, 7627
1.1249046325683594, 7626
1.1249046325683594, 7625
1.1249046325683594, 7624
1.1249046325683594, 7623
1.1249046325683594, 7622
1.1249046325683594, 7621
1.1249046325683594, 7620
1.1249046325683594, 7619
1.1249046325683594, 7618
1.1249046325683594, 7617
1.1249046325683594, 7616
1.1249046325683594, 7615
1.1249046325683594, 7614
1.1249046325683594, 7613
1.1249046325683594, 7612
1.1259050369262695, 7611
1.1259050369262695, 7610
1.1259050369262695, 7609
1.1259050369262695, 7608
1.1259050369262695, 7607
1.1259050369262695, 7606
1.1259050369262695, 7605
1.1259050369262695, 7604
1.1259050369262695, 7603
1.1259050369262695, 7602
1.1259050369262695, 7601
1.1259050369262695, 7600
1.1259050369262695, 7599
1.1259050369262695, 7598
1.1259050369262695, 7597
1.1259050369262695, 7596
1.1259050369262695, 7595
1.1259050369262695, 7594
1.1269054412841797, 7593
1.1269054412841797, 7592
1.1269054412841797, 7591
1.1269054412841797, 7590
1.1269054412841797, 7589
1.1269054412841797, 7588
1.1269054412841797, 7587
1.1269054412841797, 7586
1.1269054412841797, 7585
1.1269054412841797, 7584
1.1269054412841797, 7583
1.1269054412841797, 7582
1.1269054412841797, 7581
1.1269054412841797, 7580
1.1269054412841797, 7579
1.1269054412841797, 7578
1.1269054412841797, 7577
1.1279027462005615, 7576
1.1279027462005615, 7575
1.1279027462005615, 7574
1.1279027462005615, 7573
1.1279027462005615, 7572
1.1281819343566895, 7571
1.1281819343566895, 7570
1.1281819343566895, 7569
1.1281819343566895, 7568
1.1281819343566895, 7567
1.1281819343566895, 7566
1.1281819343566895, 7565
1.1281819343566895, 7564
1.1281819343566895, 7563
1.1281819343566895, 7562
1.1281819343566895, 7561
1.1281819343566895, 7560
1.1281819343566895, 7559
1.1289012432098389, 7558
1.1289012432098389, 7557
1.1289012432098389, 7556
1.1289012432098389, 7555
1.1289012432098389, 7554
1.1289012432098389, 7553
1.1289012432098389, 7552
1.1289012432098389, 7551
1.1289012432098389, 7550
1.1289012432098389, 7549
1.1289012432098389, 7548
1.1289012432098389, 7547
1.1289012432098389, 7546
1.1289012432098389, 7545
1.1289012432098389, 7544
1.1289012432098389, 7543
1.1289012432098389, 7542
1.1289012432098389, 7541
1.1299059391021729, 7540
1.1299059391021729, 7539
1.1299059391021729, 7538
1.1299059391021729, 7537
1.1299059391021729, 7536
1.1299059391021729, 7535
1.1299059391021729, 7534
1.1299059391021729, 7533
1.1299059391021729, 7532
1.1299059391021729, 7531
1.1299059391021729, 7530
1.1299059391021729, 7529
1.1299059391021729, 7528
1.1299059391021729, 7527
1.1299059391021729, 7526
1.1299059391021729, 7525
1.1299059391021729, 7524
1.1299059391021729, 7523
1.13090181350708, 7522
1.13090181350708, 7521
1.13090181350708, 7520
1.13090181350708, 7519
1.13090181350708, 7518
1.13090181350708, 7517
1.13090181350708, 7516
1.13090181350708, 7515
1.13090181350708, 7514
1.13090181350708, 7513
1.13090181350708, 7512
1.13090181350708, 7511
1.13090181350708, 7510
1.13090181350708, 7509
1.13090181350708, 7508
1.13090181350708, 7507
1.13090181350708, 7506
1.13090181350708, 7505
1.131901502609253, 7504
1.131901502609253, 7503
1.131901502609253, 7502
1.131901502609253, 7501
1.131901502609253, 7500
1.131901502609253, 7499
1.131901502609253, 7498
1.131901502609253, 7497
1.131901502609253, 7496
1.131901502609253, 7495
1.131901502609253, 7494
1.131901502609253, 7493
1.131901502609253, 7492
1.131901502609253, 7491
1.131901502609253, 7490
1.131901502609253, 7489
1.131901502609253, 7488
1.132906198501587, 7487
1.132906198501587, 7486
1.132906198501587, 7485
1.132906198501587, 7484
1.132906198501587, 7483
1.132906198501587, 7482
1.132906198501587, 7481
1.132906198501587, 7480
1.132906198501587, 7479
1.132906198501587, 7478
1.132906198501587, 7477
1.132906198501587, 7476
1.132906198501587, 7475
1.132906198501587, 7474
1.132906198501587, 7473
1.132906198501587, 7472
1.132906198501587, 7471
1.132906198501587, 7470
1.1339023113250732, 7469
1.1339023113250732, 7468
1.1339023113250732, 7467
1.1339023113250732, 7466
1.1339023113250732, 7465
1.1339023113250732, 7464
1.1339023113250732, 7463
1.1339023113250732, 7462
1.1339023113250732, 7461
1.1339023113250732, 7460
1.1339023113250732, 7459
1.1339023113250732, 7458
1.1339023113250732, 7457
1.1339023113250732, 7456
1.1339023113250732, 7455
1.1349074840545654, 7454
1.1349074840545654, 7453
1.1349074840545654, 7452
1.1349074840545654, 7451
1.1349074840545654, 7450
1.1349074840545654, 7449
1.1349074840545654, 7448
1.1349074840545654, 7447
1.1349074840545654, 7446
1.1349074840545654, 7445
1.1349074840545654, 7444
1.1359007358551025, 7443
1.1359007358551025, 7442
1.1359007358551025, 7441
1.1359007358551025, 7440
1.1359007358551025, 7439
1.1359007358551025, 7438
1.1359007358551025, 7437
1.1359007358551025, 7436
1.1359007358551025, 7435
1.1359007358551025, 7434
1.1359007358551025, 7433
1.1359007358551025, 7432
1.1359007358551025, 7431
1.1359007358551025, 7430
1.1359007358551025, 7429
1.1359007358551025, 7428
1.1359007358551025, 7427
1.1359007358551025, 7426
1.1369025707244873, 7425
1.1369025707244873, 7424
1.1369025707244873, 7423
1.1369025707244873, 7422
1.1369025707244873, 7421
1.1369025707244873, 7420
1.1369025707244873, 7419
1.1369025707244873, 7418
1.1369025707244873, 7417
1.1369025707244873, 7416
1.1369025707244873, 7415
1.1369025707244873, 7414
1.1369025707244873, 7413
1.1369025707244873, 7412
1.1369025707244873, 7411
1.1369025707244873, 7410
1.1369025707244873, 7409
1.1369025707244873, 7408
1.1379013061523438, 7407
1.1379013061523438, 7406
1.1379013061523438, 7405
1.1379013061523438, 7404
1.1379013061523438, 7403
1.1379013061523438, 7402
1.1379013061523438, 7401
1.1379013061523438, 7400
1.924739122390747, 5919
1.924739122390747, 5918
1.924739122390747, 5917
1.924739122390747, 5916
1.9257392883300781, 5915
1.9257392883300781, 5914
1.9257392883300781, 5913
1.9257392883300781, 5912
1.9257392883300781, 5911
1.9257392883300781, 5910
1.9257392883300781, 5909
1.9257392883300781, 5908
1.9257392883300781, 5907
1.9257392883300781, 5906
1.9257392883300781, 5905
1.9257392883300781, 5904
1.9257392883300781, 5903
1.9257392883300781, 5902
1.9267399311065674, 5901
1.9267399311065674, 5900
1.9267399311065674, 5899
1.9267399311065674, 5898
1.9267399311065674, 5897
1.9267399311065674, 5896
1.9267399311065674, 5895
1.9267399311065674, 5894
1.9267399311065674, 5893
1.9267399311065674, 5892
1.9267399311065674, 5891
1.9267399311065674, 5890
1.9267399311065674, 5889
1.9267399311065674, 5888
1.9267399311065674, 5887
1.9267399311065674, 5886
1.9267399311065674, 5885
1.9277424812316895, 5884
1.9277424812316895, 5883
1.9277424812316895, 5882
1.9277424812316895, 5881
1.9277424812316895, 5880
1.9277424812316895, 5879
1.9277424812316895, 5878
1.9277424812316895, 5877
1.9277424812316895, 5876
1.9277424812316895, 5875
1.9277424812316895, 5874
1.9277424812316895, 5873
1.9277424812316895, 5872
1.9277424812316895, 5871
1.9277424812316895, 5870
1.9277424812316895, 5869
1.9277424812316895, 5868
1.9277424812316895, 5867
1.9287397861480713, 5866
1.9287397861480713, 5865
1.9287397861480713, 5864
1.9287397861480713, 5863
1.9287397861480713, 5862
1.9287397861480713, 5861
1.9287397861480713, 5860
1.9287397861480713, 5859
1.9287397861480713, 5858
1.9287397861480713, 5857
1.9287397861480713, 5856
1.9287397861480713, 5855
1.9287397861480713, 5854
1.9297425746917725, 5853
1.9297425746917725, 5852
1.9297425746917725, 5851
1.9297425746917725, 5850
1.9297425746917725, 5849
1.9297425746917725, 5848
1.9297425746917725, 5847
1.930741786956787, 5846
1.930741786956787, 5845
1.930741786956787, 5844
1.930741786956787, 5843
1.930741786956787, 5842
1.930741786956787, 5841
1.930741786956787, 5840
1.930741786956787, 5839
1.9317424297332764, 5838
1.9317424297332764, 5837
1.9317424297332764, 5836
1.9317424297332764, 5835
1.9317424297332764, 5834
1.9317424297332764, 5833
1.9317424297332764, 5832
1.9317424297332764, 5831
1.9327421188354492, 5830
1.9327421188354492, 5829
1.9327421188354492, 5828
1.9327421188354492, 5827
1.9327421188354492, 5826
1.9327421188354492, 5825
1.9327421188354492, 5824
1.9327421188354492, 5823
1.9327421188354492, 5822
1.9327421188354492, 5821
1.933741569519043, 5820
1.933741569519043, 5819
1.933741569519043, 5818
1.933741569519043, 5817
1.933741569519043, 5816
1.933741569519043, 5815
1.9347455501556396, 5814
1.9347455501556396, 5813
1.9347455501556396, 5812
1.9347455501556396, 5811
1.9347455501556396, 5810
1.9347455501556396, 5809
1.9347455501556396, 5808
1.9347455501556396, 5807
1.9347455501556396, 5806
1.9347455501556396, 5805
1.9347455501556396, 5804
1.9347455501556396, 5803
1.9347455501556396, 5802
1.9347455501556396, 5801
1.9347455501556396, 5800
1.9357411861419678, 5799
1.9357411861419678, 5798
1.9357411861419678, 5797
1.9357411861419678, 5796
1.9357411861419678, 5795
1.9357411861419678, 5794
1.9357411861419678, 5793
1.9357411861419678, 5792
1.9357411861419678, 5791
1.9357411861419678, 5790
1.9357411861419678, 5789
1.9357411861419678, 5788
1.9357411861419678, 5787
1.9357411861419678, 5786
1.9357411861419678, 5785
1.9357411861419678, 5784
1.9357411861419678, 5783
1.9367401599884033, 5782
1.9367401599884033, 5781
1.9367401599884033, 5780
1.9367401599884033, 5779
1.9367401599884033, 5778
1.9367401599884033, 5777
1.9367401599884033, 5776
1.9367401599884033, 5775
1.9367401599884033, 5774
1.9367401599884033, 5773
1.9367401599884033, 5772
1.9367401599884033, 5771
1.9367401599884033, 5770
1.9367401599884033, 5769
1.9367401599884033, 5768
1.9367401599884033, 5767
1.9367401599884033, 5766
1.9367401599884033, 5765
1.9377405643463135, 5764
1.9377405643463135, 5763
1.9377405643463135, 5762
1.9377405643463135, 5761
1.9377405643463135, 5760
1.9377405643463135, 5759
1.9377405643463135, 5758
1.9377405643463135, 5757
1.9377405643463135, 5756
1.9377405643463135, 5755
1.9377405643463135, 5754
1.9377405643463135, 5753
1.9377405643463135, 5752
1.9377405643463135, 5751
1.9377405643463135, 5750
1.9377405643463135, 5749
1.9377405643463135, 5748
1.9377405643463135, 5747
1.9377405643463135, 5746
1.9387402534484863, 5745
1.9387402534484863, 5744
1.9387402534484863, 5743
1.9387402534484863, 5742
1.9387402534484863, 5741
1.9387402534484863, 5740
1.9387402534484863, 5739
1.9387402534484863, 5738
1.9387402534484863, 5737
1.9387402534484863, 5736
1.9387402534484863, 5735
1.9387402534484863, 5734
1.9387402534484863, 5733
1.9387402534484863, 5732
1.9387402534484863, 5731
1.9387402534484863, 5730
1.9387402534484863, 5729
1.9387402534484863, 5728
1.9387402534484863, 5727
1.9397401809692383, 5726
1.9397401809692383, 5725
1.9397401809692383, 5724
1.9397401809692383, 5723
1.9397401809692383, 5722
1.9397401809692383, 5721
1.9397401809692383, 5720
1.9397401809692383, 5719
1.9397401809692383, 5718
1.9397401809692383, 5717
1.9397401809692383, 5716
1.9397401809692383, 5715
1.9397401809692383, 5714
1.9397401809692383, 5713
1.9397401809692383, 5712
1.9397401809692383, 5711
1.9397401809692383, 5710
1.9397401809692383, 5709
1.9397401809692383, 5708
1.9407401084899902, 5707
1.9407401084899902, 5706
1.9407401084899902, 5705
1.9407401084899902, 5704
1.9407401084899902, 5703
1.9407401084899902, 5702
1.9407401084899902, 5701
1.9407401084899902, 5700
1.9407401084899902, 5699
1.9407401084899902, 5698
1.9407401084899902, 5697
1.9407401084899902, 5696
1.9407401084899902, 5695
1.9407401084899902, 5694
1.9407401084899902, 5693
1.9407401084899902, 5692
1.9407401084899902, 5691
1.9417393207550049, 5690
1.9417393207550049, 5689
1.9417393207550049, 5688
1.9417393207550049, 5687
1.9417393207550049, 5686
1.9417393207550049, 5685
1.9417393207550049, 5684
1.9417393207550049, 5683
1.9417393207550049, 5682
1.9417393207550049, 5681
1.9417393207550049, 5680
1.9417393207550049, 5679
1.9417393207550049, 5678
1.9417393207550049, 5677
1.9417393207550049, 5676
1.9417393207550049, 5675
1.9417393207550049, 5674
1.942739725112915, 5673
1.942739725112915, 5672
1.942739725112915, 5671
1.942739725112915, 5670
1.942739725112915, 5669
1.942739725112915, 5668
1.942739725112915, 5667
1.942739725112915, 5666
1.942739725112915, 5665
1.942739725112915, 5664
1.942739725112915, 5663
