0.03403186798095703, 8316
0.03403186798095703, 8315
0.03403186798095703, 8314
0.03403186798095703, 8313
0.03403186798095703, 8312
0.03503084182739258, 8311
0.03503084182739258, 8310
0.03503084182739258, 8309
0.03503084182739258, 8308
0.03503084182739258, 8307
0.03503084182739258, 8306
0.03503084182739258, 8305
0.03503084182739258, 8304
0.03503084182739258, 8303
0.03503084182739258, 8302
0.03503084182739258, 8301
0.03503084182739258, 8300
0.03503084182739258, 8299
0.03503084182739258, 8298
0.03503084182739258, 8297
0.03503084182739258, 8296
0.03503084182739258, 8295
0.03503084182739258, 8294
0.03503084182739258, 8293
0.03503084182739258, 8292
0.03503084182739258, 8291
0.03503084182739258, 8290
0.03602910041809082, 8289
0.03602910041809082, 8288
0.03602910041809082, 8287
0.03602910041809082, 8286
0.03602910041809082, 8285
0.03602910041809082, 8284
0.03602910041809082, 8283
0.03602910041809082, 8282
0.03602910041809082, 8281
0.03602910041809082, 8280
0.03602910041809082, 8279
0.03602910041809082, 8278
0.03602910041809082, 8277
0.03602910041809082, 8276
0.03602910041809082, 8275
0.036745548248291016, 8274
0.036745548248291016, 8273
0.036745548248291016, 8272
0.036745548248291016, 8271
0.036745548248291016, 8270
0.036745548248291016, 8269
0.037027597427368164, 8268
0.037027597427368164, 8267
0.037027597427368164, 8266
0.037027597427368164, 8265
0.037027597427368164, 8264
0.037027597427368164, 8263
0.037027597427368164, 8262
0.037027597427368164, 8261
0.037027597427368164, 8260
0.037027597427368164, 8259
0.037027597427368164, 8258
0.037027597427368164, 8257
0.037027597427368164, 8256
0.037027597427368164, 8255
0.037027597427368164, 8254
0.037027597427368164, 8253
0.037027597427368164, 8252
0.037027597427368164, 8251
0.037027597427368164, 8250
0.037027597427368164, 8249
0.037027597427368164, 8248
0.038027286529541016, 8247
0.038027286529541016, 8246
0.038027286529541016, 8245
0.038027286529541016, 8244
0.038027286529541016, 8243
0.038027286529541016, 8242
0.038027286529541016, 8241
0.038027286529541016, 8240
0.038027286529541016, 8239
0.038027286529541016, 8238
0.038027286529541016, 8237
0.038027286529541016, 8236
0.038027286529541016, 8235
0.038027286529541016, 8234
0.038027286529541016, 8233
0.038027286529541016, 8232
0.12399172782897949, 8231
0.12399172782897949, 8230
0.12399172782897949, 8229
0.12399172782897949, 8228
0.12399172782897949, 8227
0.12399172782897949, 8226
0.12399172782897949, 8225
0.12399172782897949, 8224
0.12399172782897949, 8223
0.12399172782897949, 8222
0.12499213218688965, 8221
0.12499213218688965, 8220
0.12499213218688965, 8219
0.12499213218688965, 8218
0.12499213218688965, 8217
0.12499213218688965, 8216
0.12499213218688965, 8215
0.12499213218688965, 8214
0.12499213218688965, 8213
0.12499213218688965, 8212
0.12499213218688965, 8211
0.12499213218688965, 8210
0.12499213218688965, 8209
0.12499213218688965, 8208
0.12499213218688965, 8207
0.12499213218688965, 8206
0.12499213218688965, 8205
0.12499213218688965, 8204
0.12499213218688965, 8203
0.12499213218688965, 8202
0.12599444389343262, 8201
0.12599444389343262, 8200
0.12599444389343262, 8199
0.12599444389343262, 8198
0.12599444389343262, 8197
0.12599444389343262, 8196
0.12599444389343262, 8195
0.12599444389343262, 8194
0.12599444389343262, 8193
0.12599444389343262, 8192
0.12599444389343262, 8191
0.12599444389343262, 8190
0.12599444389343262, 8189
0.12599444389343262, 8188
0.12599444389343262, 8187
0.12599444389343262, 8186
0.12599444389343262, 8185
0.12599444389343262, 8184
0.12599444389343262, 8183
0.12599444389343262, 8182
0.12699270248413086, 8181
0.12699270248413086, 8180
0.12699270248413086, 8179
0.12699270248413086, 8178
0.12699270248413086, 8177
0.12699270248413086, 8176
0.12699270248413086, 8175
0.12699270248413086, 8174
0.12699270248413086, 8173
0.12699270248413086, 8172
0.12699270248413086, 8171
0.12699270248413086, 8170
0.12699270248413086, 8169
0.12699270248413086, 8168
0.12699270248413086, 8167
0.12699270248413086, 8166
0.12699270248413086, 8165
0.12699270248413086, 8164
0.12699270248413086, 8163
0.12699270248413086, 8162
0.1279926300048828, 8161
0.1279926300048828, 8160
0.1279926300048828, 8159
0.1279926300048828, 8158
0.1279926300048828, 8157
0.1279926300048828, 8156
0.1279926300048828, 8155
0.1279926300048828, 8154
0.1279926300048828, 8153
0.1279926300048828, 8152
0.1279926300048828, 8151
0.1279926300048828, 8150
0.1279926300048828, 8149
0.1279926300048828, 8148
0.1286606788635254, 8147
0.1286606788635254, 8146
0.1286606788635254, 8145
0.1286606788635254, 8144
0.1286606788635254, 8143
0.12899279594421387, 8142
0.12899279594421387, 8141
0.1730196475982666, 8140
0.1730196475982666, 8139
0.1730196475982666, 8138
0.1730196475982666, 8137
0.1730196475982666, 8136
0.1730196475982666, 8135
0.17401862144470215, 8134
0.17401862144470215, 8133
0.17401862144470215, 8132
0.17401862144470215, 8131
0.17401862144470215, 8130
0.17401862144470215, 8129
0.17401862144470215, 8128
0.17401862144470215, 8127
0.17401862144470215, 8126
0.17401862144470215, 8125
0.17401862144470215, 8124
0.17401862144470215, 8123
0.17401862144470215, 8122
0.17401862144470215, 8121
0.17401862144470215, 8120
0.17401862144470215, 8119
0.17401862144470215, 8118
0.17401862144470215, 8117
0.17401862144470215, 8116
0.17401862144470215, 8115
0.175018310546875, 8114
0.175018310546875, 8113
0.175018310546875, 8112
0.175018310546875, 8111
0.175018310546875, 8110
0.175018310546875, 8109
0.175018310546875, 8108
0.175018310546875, 8107
0.175018310546875, 8106
0.175018310546875, 8105
0.175018310546875, 8104
0.175018310546875, 8103
0.175018310546875, 8102
0.175018310546875, 8101
0.175018310546875, 8100
0.175018310546875, 8099
0.175018310546875, 8098
0.175018310546875, 8097
0.175018310546875, 8096
0.3069915771484375, 8095
0.3069915771484375, 8094
0.3069915771484375, 8093
0.3069915771484375, 8092
0.3069915771484375, 8091
0.3069915771484375, 8090
0.3069915771484375, 8089
0.3069915771484375, 8088
0.3069915771484375, 8087
0.3069915771484375, 8086
0.3069915771484375, 8085
0.3069915771484375, 8084
0.3069915771484375, 8083
0.3069915771484375, 8082
0.3069915771484375, 8081
0.3069915771484375, 8080
0.3069915771484375, 8079
0.3069915771484375, 8078
0.30799007415771484, 8077
0.30799007415771484, 8076
0.30799007415771484, 8075
0.30799007415771484, 8074
0.30799007415771484, 8073
0.30799007415771484, 8072
0.30799007415771484, 8071
0.30799007415771484, 8070
0.30799007415771484, 8069
0.30799007415771484, 8068
0.30799007415771484, 8067
0.30799007415771484, 8066
0.30799007415771484, 8065
0.30799007415771484, 8064
0.30799007415771484, 8063
0.30799007415771484, 8062
0.30799007415771484, 8061
0.30799007415771484, 8060
0.30799007415771484, 8059
0.30799007415771484, 8058
0.3089892864227295, 8057
0.3089892864227295, 8056
0.3089892864227295, 8055
0.3089892864227295, 8054
0.3089892864227295, 8053
0.3089892864227295, 8052
0.3089892864227295, 8051
0.3089892864227295, 8050
0.3089892864227295, 8049
0.3089892864227295, 8048
0.3089892864227295, 8047
0.3089892864227295, 8046
0.3089892864227295, 8045
0.3089892864227295, 8044
0.3089892864227295, 8043
0.3089892864227295, 8042
0.3089892864227295, 8041
0.3089892864227295, 8040
0.3089892864227295, 8039
0.30999040603637695, 8038
0.30999040603637695, 8037
0.30999040603637695, 8036
0.30999040603637695, 8035
0.30999040603637695, 8034
0.30999040603637695, 8033
0.30999040603637695, 8032
0.30999040603637695, 8031
0.30999040603637695, 8030
0.30999040603637695, 8029
0.30999040603637695, 8028
0.35499048233032227, 8027
0.39798855781555176, 8026
0.39798855781555176, 8025
0.39798855781555176, 8024
0.39798855781555176, 8023
0.39798855781555176, 8022
0.39798855781555176, 8021
0.39798855781555176, 8020
0.39798855781555176, 8019
0.39798855781555176, 8018
0.39798855781555176, 8017
0.39798855781555176, 8016
0.39798855781555176, 8015
0.39798855781555176, 8014
0.39798855781555176, 8013
0.39798855781555176, 8012
0.39798855781555176, 8011
0.39798855781555176, 8010
0.39798855781555176, 8009
0.39798855781555176, 8008
0.3989880084991455, 8007
0.3989880084991455, 8006
0.3989880084991455, 8005
0.3989880084991455, 8004
0.3989880084991455, 8003
0.3989880084991455, 8002
0.3989880084991455, 8001
0.3989880084991455, 8000
0.3989880084991455, 7999
0.3989880084991455, 7998
0.3989880084991455, 7997
0.3989880084991455, 7996
0.3989880084991455, 7995
0.3989880084991455, 7994
0.3989880084991455, 7993
0.3989880084991455, 7992
0.3989880084991455, 7991
0.3989880084991455, 7990
0.3989880084991455, 7989
0.3989880084991455, 7988
0.3999907970428467, 7987
0.3999907970428467, 7986
0.3999907970428467, 7985
0.3999907970428467, 7984
0.3999907970428467, 7983
0.5279901027679443, 7982
0.5279901027679443, 7981
0.5279901027679443, 7980
0.5279901027679443, 7979
0.5279901027679443, 7978
0.5279901027679443, 7977
0.5279901027679443, 7976
0.5279901027679443, 7975
0.5279901027679443, 7974
0.5279901027679443, 7973
0.5279901027679443, 7972
0.5279901027679443, 7971
0.5279901027679443, 7970
0.5279901027679443, 7969
0.5289883613586426, 7968
0.5289883613586426, 7967
0.5289883613586426, 7966
0.5289883613586426, 7965
0.5289883613586426, 7964
0.5289883613586426, 7963
0.5289883613586426, 7962
0.5289883613586426, 7961
0.5289883613586426, 7960
0.5289883613586426, 7959
0.5289883613586426, 7958
0.5289883613586426, 7957
0.5289883613586426, 7956
0.5289883613586426, 7955
0.5289883613586426, 7954
0.5289883613586426, 7953
0.5289883613586426, 7952
0.5289883613586426, 7951
0.5289883613586426, 7950
0.5289883613586426, 7949
0.5299897193908691, 7948
0.5299897193908691, 7947
0.5299897193908691, 7946
0.5299897193908691, 7945
0.5299897193908691, 7944
0.5299897193908691, 7943
0.5299897193908691, 7942
0.5299897193908691, 7941
0.5299897193908691, 7940
0.5299897193908691, 7939
0.5299897193908691, 7938
0.5299897193908691, 7937
0.5299897193908691, 7936
0.5299897193908691, 7935
0.5299897193908691, 7934
0.5299897193908691, 7933
0.5299897193908691, 7932
0.5299897193908691, 7931
0.5299897193908691, 7930
0.5309886932373047, 7929
0.5309886932373047, 7928
0.5309886932373047, 7927
0.5309886932373047, 7926
0.5309886932373047, 7925
0.5309886932373047, 7924
0.5309886932373047, 7923
0.5309886932373047, 7922
0.5309886932373047, 7921
0.5309886932373047, 7920
0.5309886932373047, 7919
0.5309886932373047, 7918
0.5309886932373047, 7917
0.5309886932373047, 7916
0.5309886932373047, 7915
0.5309886932373047, 7914
0.5309886932373047, 7913
0.5309886932373047, 7912
0.5309886932373047, 7911
0.6180131435394287, 7910
0.6180131435394287, 7909
0.6180131435394287, 7908
0.6180131435394287, 7907
0.6180131435394287, 7906
0.6180131435394287, 7905
0.6180131435394287, 7904
0.6180131435394287, 7903
0.6180131435394287, 7902
0.6180131435394287, 7901
0.6180131435394287, 7900
0.6180131435394287, 7899
0.6180131435394287, 7898
0.6180131435394287, 7897
0.6180131435394287, 7896
0.6180131435394287, 7895
0.6180131435394287, 7894
0.6190135478973389, 7893
0.6190135478973389, 7892
0.6190135478973389, 7891
0.6190135478973389, 7890
0.6190135478973389, 7889
0.6190135478973389, 7888
0.6190135478973389, 7887
0.6190135478973389, 7886
0.6190135478973389, 7885
0.6190135478973389, 7884
0.6190135478973389, 7883
0.6190135478973389, 7882
0.6190135478973389, 7881
0.6190135478973389, 7880
0.6190135478973389, 7879
0.6190135478973389, 7878
0.6190135478973389, 7877
0.6190135478973389, 7876
0.6190135478973389, 7875
0.6190135478973389, 7874
0.6200132369995117, 7873
0.6200132369995117, 7872
0.6200132369995117, 7871
0.6200132369995117, 7870
0.6200132369995117, 7869
0.6200132369995117, 7868
0.6200132369995117, 7867
0.6200132369995117, 7866
0.6200132369995117, 7865
0.6200132369995117, 7864
0.6200132369995117, 7863
0.6200132369995117, 7862
0.6200132369995117, 7861
0.6200132369995117, 7860
0.6200132369995117, 7859
0.6200132369995117, 7858
0.6200132369995117, 7857
0.6200132369995117, 7856
0.6200132369995117, 7855
0.6200132369995117, 7854
0.6210122108459473, 7853
0.6210122108459473, 7852
0.6210122108459473, 7851
0.6210122108459473, 7850
0.6210122108459473, 7849
0.6210122108459473, 7848
0.6210122108459473, 7847
0.6210122108459473, 7846
0.6210122108459473, 7845
0.6210122108459473, 7844
0.6210122108459473, 7843
0.6210122108459473, 7842
0.6210122108459473, 7841
0.6210122108459473, 7840
0.6210122108459473, 7839
0.6210122108459473, 7838
0.6210122108459473, 7837
0.6210122108459473, 7836
0.6210122108459473, 7835
0.6220123767852783, 7834
0.6220123767852783, 7833
0.6220123767852783, 7832
0.6220123767852783, 7831
0.6220123767852783, 7830
0.6220123767852783, 7829
0.6220123767852783, 7828
0.6220123767852783, 7827
0.6220123767852783, 7826
0.6220123767852783, 7825
0.6220123767852783, 7824
0.6220123767852783, 7823
0.6220123767852783, 7822
0.6220123767852783, 7821
0.6220123767852783, 7820
0.6220123767852783, 7819
0.6220123767852783, 7818
0.6220123767852783, 7817
0.6220123767852783, 7816
0.6230127811431885, 7815
0.6230127811431885, 7814
0.6230127811431885, 7813
0.6230127811431885, 7812
0.6230127811431885, 7811
0.6230127811431885, 7810
0.6230127811431885, 7809
0.6230127811431885, 7808
0.6230127811431885, 7807
0.6230127811431885, 7806
0.6230127811431885, 7805
0.6230127811431885, 7804
0.6230127811431885, 7803
0.6230127811431885, 7802
0.6230127811431885, 7801
0.6230127811431885, 7800
0.6230127811431885, 7799
0.6230127811431885, 7798
0.6230127811431885, 7797
0.6240131855010986, 7796
0.6240131855010986, 7795
0.6240131855010986, 7794
0.6240131855010986, 7793
0.6240131855010986, 7792
0.6240131855010986, 7791
0.6240131855010986, 7790
0.6240131855010986, 7789
0.6240131855010986, 7788
0.6240131855010986, 7787
0.6240131855010986, 7786
0.6240131855010986, 7785
0.6240131855010986, 7784
0.6240131855010986, 7783
0.6240131855010986, 7782
0.6240131855010986, 7781
0.6240131855010986, 7780
0.6240131855010986, 7779
0.6240131855010986, 7778
0.6240131855010986, 7777
0.6250135898590088, 7776
0.6250135898590088, 7775
0.6250135898590088, 7774
0.6250135898590088, 7773
0.6250135898590088, 7772
0.6250135898590088, 7771
0.6250135898590088, 7770
0.6250135898590088, 7769
0.6250135898590088, 7768
0.6250135898590088, 7767
0.6250135898590088, 7766
0.6250135898590088, 7765
0.6250135898590088, 7764
0.6250135898590088, 7763
0.6250135898590088, 7762
0.6250135898590088, 7761
0.6250135898590088, 7760
0.6250135898590088, 7759
0.6250135898590088, 7758
0.6260125637054443, 7757
0.6260125637054443, 7756
0.6260125637054443, 7755
0.6260125637054443, 7754
0.6260125637054443, 7753
0.6260125637054443, 7752
0.6260125637054443, 7751
0.6260125637054443, 7750
0.6260125637054443, 7749
0.6260125637054443, 7748
0.6260125637054443, 7747
0.6260125637054443, 7746
0.6260125637054443, 7745
0.6260125637054443, 7744
0.6260125637054443, 7743
0.6260125637054443, 7742
0.6260125637054443, 7741
0.6260125637054443, 7740
0.6260125637054443, 7739
0.6270132064819336, 7738
0.6270132064819336, 7737
0.6270132064819336, 7736
0.6270132064819336, 7735
0.6270132064819336, 7734
0.6270132064819336, 7733
0.6270132064819336, 7732
0.6270132064819336, 7731
0.6270132064819336, 7730
0.6270132064819336, 7729
0.6270132064819336, 7728
0.6270132064819336, 7727
0.6270132064819336, 7726
0.6270132064819336, 7725
0.6270132064819336, 7724
0.6270132064819336, 7723
0.6270132064819336, 7722
0.6270132064819336, 7721
0.6270132064819336, 7720
0.6280112266540527, 7719
0.6280112266540527, 7718
0.6280112266540527, 7717
0.6280112266540527, 7716
0.6280112266540527, 7715
0.6280112266540527, 7714
0.6280112266540527, 7713
0.6280112266540527, 7712
0.6280112266540527, 7711
0.6280112266540527, 7710
0.6280112266540527, 7709
0.6280112266540527, 7708
0.6280112266540527, 7707
0.6280112266540527, 7706
0.6280112266540527, 7705
0.6280112266540527, 7704
0.6280112266540527, 7703
0.6280112266540527, 7702
0.6290113925933838, 7701
0.6290113925933838, 7700
0.6290113925933838, 7699
0.6290113925933838, 7698
0.6290113925933838, 7697
0.6290113925933838, 7696
0.6290113925933838, 7695
0.6290113925933838, 7694
0.6290113925933838, 7693
0.6290113925933838, 7692
0.6290113925933838, 7691
0.6290113925933838, 7690
0.6290113925933838, 7689
0.6290113925933838, 7688
0.6290113925933838, 7687
0.6290113925933838, 7686
0.6290113925933838, 7685
0.6290113925933838, 7684
0.6290113925933838, 7683
0.6300129890441895, 7682
0.6300129890441895, 7681
0.6300129890441895, 7680
0.6300129890441895, 7679
0.6300129890441895, 7678
0.6300129890441895, 7677
0.6300129890441895, 7676
0.6300129890441895, 7675
0.6300129890441895, 7674
0.6300129890441895, 7673
0.6300129890441895, 7672
0.6300129890441895, 7671
0.6300129890441895, 7670
0.6310112476348877, 7669
0.6310112476348877, 7668
0.6310112476348877, 7667
0.6310112476348877, 7666
0.6310112476348877, 7665
0.6310112476348877, 7664
0.6310112476348877, 7663
0.6310112476348877, 7662
0.6310112476348877, 7661
0.6310112476348877, 7660
0.6310112476348877, 7659
0.6310112476348877, 7658
0.6310112476348877, 7657
0.6310112476348877, 7656
0.6320114135742188, 7655
0.6320114135742188, 7654
0.6320114135742188, 7653
0.6320114135742188, 7652
0.6320114135742188, 7651
0.6320114135742188, 7650
0.6320114135742188, 7649
0.6320114135742188, 7648
0.6320114135742188, 7647
0.6320114135742188, 7646
0.6320114135742188, 7645
0.6320114135742188, 7644
0.6320114135742188, 7643
0.6320114135742188, 7642
0.6320114135742188, 7641
0.6320114135742188, 7640
0.6320114135742188, 7639
0.6320114135742188, 7638
0.6320114135742188, 7637
0.6330125331878662, 7636
0.6330125331878662, 7635
0.6330125331878662, 7634
0.6330125331878662, 7633
0.6330125331878662, 7632
0.6330125331878662, 7631
0.6330125331878662, 7630
0.6330125331878662, 7629
0.6330125331878662, 7628
0.6330125331878662, 7627
0.6330125331878662, 7626
0.6330125331878662, 7625
0.6330125331878662, 7624
0.6330125331878662, 7623
0.6330125331878662, 7622
0.6330125331878662, 7621
0.6330125331878662, 7620
0.6330125331878662, 7619
0.6330125331878662, 7618
0.6340117454528809, 7617
0.6340117454528809, 7616
0.6340117454528809, 7615
0.6340117454528809, 7614
0.6340117454528809, 7613
0.6340117454528809, 7612
0.6340117454528809, 7611
0.6340117454528809, 7610
0.6340117454528809, 7609
0.6340117454528809, 7608
0.6340117454528809, 7607
0.6340117454528809, 7606
5.427144289016724, 5907
5.428144454956055, 5906
5.428144454956055, 5905
5.428144454956055, 5904
5.428144454956055, 5903
5.428144454956055, 5902
5.428144454956055, 5901
5.428144454956055, 5900
5.428144454956055, 5899
5.428144454956055, 5898
5.428144454956055, 5897
5.428144454956055, 5896
5.428144454956055, 5895
5.428144454956055, 5894
5.428144454956055, 5893
5.428144454956055, 5892
5.428144454956055, 5891
5.428144454956055, 5890
5.4291441440582275, 5889
5.4291441440582275, 5888
5.4291441440582275, 5887
5.4291441440582275, 5886
5.4291441440582275, 5885
5.4291441440582275, 5884
5.4291441440582275, 5883
5.4291441440582275, 5882
5.4291441440582275, 5881
5.4291441440582275, 5880
5.4291441440582275, 5879
5.4291441440582275, 5878
5.4291441440582275, 5877
5.4291441440582275, 5876
5.4291441440582275, 5875
5.4291441440582275, 5874
5.4291441440582275, 5873
5.4291441440582275, 5872
5.4301440715789795, 5871
5.4301440715789795, 5870
5.4301440715789795, 5869
5.4301440715789795, 5868
5.4301440715789795, 5867
5.4301440715789795, 5866
5.4301440715789795, 5865
5.4301440715789795, 5864
5.4301440715789795, 5863
5.4301440715789795, 5862
5.4301440715789795, 5861
5.4301440715789795, 5860
5.4301440715789795, 5859
5.4301440715789795, 5858
5.4301440715789795, 5857
5.4301440715789795, 5856
5.4301440715789795, 5855
5.4301440715789795, 5854
5.4301440715789795, 5853
5.4311439990997314, 5852
5.4311439990997314, 5851
5.4311439990997314, 5850
5.4311439990997314, 5849
5.4311439990997314, 5848
5.4311439990997314, 5847
5.4311439990997314, 5846
5.4311439990997314, 5845
5.4311439990997314, 5844
5.4311439990997314, 5843
5.4311439990997314, 5842
5.4311439990997314, 5841
5.4311439990997314, 5840
5.4311439990997314, 5839
5.4311439990997314, 5838
5.4311439990997314, 5837
5.4311439990997314, 5836
5.4311439990997314, 5835
5.4311439990997314, 5834
5.432143926620483, 5833
5.432143926620483, 5832
5.432143926620483, 5831
5.432143926620483, 5830
5.432143926620483, 5829
5.432143926620483, 5828
5.432143926620483, 5827
5.432143926620483, 5826
5.432143926620483, 5825
5.432143926620483, 5824
5.432143926620483, 5823
5.432143926620483, 5822
5.432143926620483, 5821
5.432143926620483, 5820
5.432143926620483, 5819
5.432143926620483, 5818
5.432143926620483, 5817
5.433144807815552, 5816
5.433144807815552, 5815
5.433144807815552, 5814
5.433144807815552, 5813
5.433144807815552, 5812
5.433144807815552, 5811
5.433144807815552, 5810
5.433144807815552, 5809
5.434147834777832, 5808
5.434147834777832, 5807
5.434147834777832, 5806
5.434147834777832, 5805
5.434147834777832, 5804
5.434147834777832, 5803
5.434147834777832, 5802
5.434147834777832, 5801
5.434147834777832, 5800
5.434147834777832, 5799
5.434147834777832, 5798
5.434147834777832, 5797
5.435145378112793, 5796
5.435145378112793, 5795
5.435145378112793, 5794
5.435145378112793, 5793
5.435145378112793, 5792
5.435145378112793, 5791
5.435145378112793, 5790
5.435145378112793, 5789
5.435145378112793, 5788
5.435145378112793, 5787
5.435145378112793, 5786
5.435145378112793, 5785
5.435145378112793, 5784
5.435145378112793, 5783
5.435145378112793, 5782
5.435145378112793, 5781
5.435145378112793, 5780
5.435145378112793, 5779
5.435145378112793, 5778
5.436143636703491, 5777
5.436143636703491, 5776
5.436143636703491, 5775
5.436143636703491, 5774
5.436143636703491, 5773
5.436143636703491, 5772
5.436143636703491, 5771
5.436143636703491, 5770
5.436143636703491, 5769
5.436143636703491, 5768
5.436143636703491, 5767
5.436143636703491, 5766
5.436143636703491, 5765
5.436143636703491, 5764
5.436143636703491, 5763
5.436143636703491, 5762
5.436143636703491, 5761
5.436143636703491, 5760
5.436143636703491, 5759
5.436143636703491, 5758
5.43714451789856, 5757
5.43714451789856, 5756
5.43714451789856, 5755
5.43714451789856, 5754
5.43714451789856, 5753
5.43714451789856, 5752
5.43714451789856, 5751
5.43714451789856, 5750
5.43714451789856, 5749
5.43714451789856, 5748
5.43714451789856, 5747
5.43714451789856, 5746
5.43714451789856, 5745
5.43714451789856, 5744
5.43714451789856, 5743
5.43714451789856, 5742
5.43714451789856, 5741
5.43714451789856, 5740
5.4381444454193115, 5739
5.4381444454193115, 5738
5.4381444454193115, 5737
5.4381444454193115, 5736
5.4381444454193115, 5735
5.4381444454193115, 5734
5.4381444454193115, 5733
5.4381444454193115, 5732
5.4381444454193115, 5731
5.4381444454193115, 5730
5.4381444454193115, 5729
5.4381444454193115, 5728
5.4381444454193115, 5727
5.4381444454193115, 5726
5.4381444454193115, 5725
5.4381444454193115, 5724
5.4381444454193115, 5723
5.4381444454193115, 5722
5.4381444454193115, 5721
5.4381444454193115, 5720
5.439144134521484, 5719
5.439144134521484, 5718
5.439144134521484, 5717
5.439144134521484, 5716
5.439144134521484, 5715
5.439144134521484, 5714
5.439144134521484, 5713
5.439144134521484, 5712
5.439144134521484, 5711
5.439144134521484, 5710
5.439144134521484, 5709
5.439144134521484, 5708
5.439144134521484, 5707
5.439144134521484, 5706
5.439144134521484, 5705
5.439144134521484, 5704
5.439144134521484, 5703
5.439144134521484, 5702
5.439144134521484, 5701
5.439144134521484, 5700
5.440144300460815, 5699
5.440144300460815, 5698
5.440144300460815, 5697
5.440144300460815, 5696
5.440144300460815, 5695
5.440144300460815, 5694
5.440144300460815, 5693
5.440144300460815, 5692
5.440144300460815, 5691
5.440144300460815, 5690
5.440144300460815, 5689
5.440144300460815, 5688
5.440144300460815, 5687
5.440144300460815, 5686
7.050041675567627, 5685
7.050041675567627, 5684
7.050041675567627, 5683
7.050041675567627, 5682
7.051041603088379, 5681
7.051041603088379, 5680
7.051041603088379, 5679
7.051041603088379, 5678
7.051041603088379, 5677
7.051041603088379, 5676
7.051041603088379, 5675
7.051041603088379, 5674
7.051041603088379, 5673
7.051041603088379, 5672
7.051041603088379, 5671
7.051041603088379, 5670
7.051041603088379, 5669
7.051041603088379, 5668
7.051041603088379, 5667
7.051041603088379, 5666
7.051041603088379, 5665
7.051041603088379, 5664
7.051041603088379, 5663
7.052041530609131, 5662
7.052041530609131, 5661
7.052041530609131, 5660
7.052041530609131, 5659
7.052041530609131, 5658
7.052041530609131, 5657
7.052041530609131, 5656
7.052041530609131, 5655
7.052041530609131, 5654
7.052041530609131, 5653
7.052041530609131, 5652
7.052041530609131, 5651
7.052041530609131, 5650
7.052041530609131, 5649
7.052041530609131, 5648
7.052041530609131, 5647
7.053041696548462, 5646
7.053041696548462, 5645
7.053041696548462, 5644
7.053041696548462, 5643
7.053041696548462, 5642
