0.03461432456970215, 8313
0.03461432456970215, 8312
0.03461432456970215, 8311
0.03461432456970215, 8310
0.03461432456970215, 8309
0.03461432456970215, 8308
0.03461432456970215, 8307
0.03461432456970215, 8306
0.03461432456970215, 8305
0.03461432456970215, 8304
0.03461432456970215, 8303
0.03521537780761719, 8302
0.03521537780761719, 8301
0.03521537780761719, 8300
0.03521537780761719, 8299
0.03521537780761719, 8298
0.03521537780761719, 8297
0.03521537780761719, 8296
0.03521537780761719, 8295
0.03521537780761719, 8294
0.03521537780761719, 8293
0.03521537780761719, 8292
0.03521537780761719, 8291
0.03521537780761719, 8290
0.03521537780761719, 8289
0.03521537780761719, 8288
0.03521537780761719, 8287
0.03521537780761719, 8286
0.03521537780761719, 8285
0.03521537780761719, 8284
0.03521537780761719, 8283
0.03521537780761719, 8282
0.03621506690979004, 8281
0.03621506690979004, 8280
0.03621506690979004, 8279
0.03621506690979004, 8278
0.03621506690979004, 8277
0.03621506690979004, 8276
0.03621506690979004, 8275
0.03621506690979004, 8274
0.03621506690979004, 8273
0.03621506690979004, 8272
0.03621506690979004, 8271
0.03621506690979004, 8270
0.03621506690979004, 8269
0.03621506690979004, 8268
0.03621506690979004, 8267
0.03621506690979004, 8266
0.03621506690979004, 8265
0.03621506690979004, 8264
0.037052154541015625, 8263
0.037052154541015625, 8262
0.037052154541015625, 8261
0.03721475601196289, 8260
0.03721475601196289, 8259
0.037338972091674805, 8258
0.037338972091674805, 8257
0.037338972091674805, 8256
0.037338972091674805, 8255
0.037338972091674805, 8254
0.037338972091674805, 8253
0.037338972091674805, 8252
0.037338972091674805, 8251
0.037338972091674805, 8250
0.037338972091674805, 8249
0.037338972091674805, 8248
0.037338972091674805, 8247
0.037338972091674805, 8246
0.037338972091674805, 8245
0.037338972091674805, 8244
0.037338972091674805, 8243
0.037338972091674805, 8242
0.037338972091674805, 8241
0.037338972091674805, 8240
0.03821516036987305, 8239
0.03821516036987305, 8238
0.03821516036987305, 8237
0.03821516036987305, 8236
0.03821516036987305, 8235
0.03821516036987305, 8234
0.03821516036987305, 8233
0.03821516036987305, 8232
0.03821516036987305, 8231
0.03821516036987305, 8230
0.03821516036987305, 8229
0.03821516036987305, 8228
0.03821516036987305, 8227
0.03821516036987305, 8226
0.03821516036987305, 8225
0.03821516036987305, 8224
0.03821516036987305, 8223
0.03821516036987305, 8222
0.03821516036987305, 8221
0.03821516036987305, 8220
0.03821516036987305, 8219
0.0392148494720459, 8218
0.0392148494720459, 8217
0.0392148494720459, 8216
0.0392148494720459, 8215
0.0392148494720459, 8214
0.0392148494720459, 8213
0.0392148494720459, 8212
0.0392148494720459, 8211
0.0392148494720459, 8210
0.0392148494720459, 8209
0.0392148494720459, 8208
0.0392148494720459, 8207
0.0392148494720459, 8206
0.0392148494720459, 8205
0.0392148494720459, 8204
0.0392148494720459, 8203
0.0392148494720459, 8202
0.0392148494720459, 8201
0.0392148494720459, 8200
0.0392148494720459, 8199
0.0392148494720459, 8198
0.04021596908569336, 8197
0.04021596908569336, 8196
0.04021596908569336, 8195
0.04021596908569336, 8194
0.04021596908569336, 8193
0.04021596908569336, 8192
0.04021596908569336, 8191
0.04021596908569336, 8190
0.08045172691345215, 8189
0.08045172691345215, 8188
0.08045172691345215, 8187
0.08045172691345215, 8186
0.08045172691345215, 8185
0.08045172691345215, 8184
0.08045172691345215, 8183
0.08045172691345215, 8182
0.08045172691345215, 8181
0.08045172691345215, 8180
0.08045172691345215, 8179
0.08045172691345215, 8178
0.08045172691345215, 8177
0.08045172691345215, 8176
0.08045172691345215, 8175
0.08045172691345215, 8174
0.08045172691345215, 8173
0.0814516544342041, 8172
0.0814516544342041, 8171
0.0814516544342041, 8170
0.08154964447021484, 8169
0.08154964447021484, 8168
0.08154964447021484, 8167
0.08154964447021484, 8166
0.08154964447021484, 8165
0.08154964447021484, 8164
0.08154964447021484, 8163
0.08154964447021484, 8162
0.08154964447021484, 8161
0.08154964447021484, 8160
0.08154964447021484, 8159
0.08205389976501465, 8158
0.08205389976501465, 8157
0.08205389976501465, 8156
0.08205389976501465, 8155
0.08205389976501465, 8154
0.08205389976501465, 8153
0.08205389976501465, 8152
0.08205389976501465, 8151
0.08205389976501465, 8150
0.08205389976501465, 8149
0.08205389976501465, 8148
0.08205389976501465, 8147
0.08205389976501465, 8146
0.08205389976501465, 8145
0.08205389976501465, 8144
0.08205389976501465, 8143
0.08205389976501465, 8142
0.08205389976501465, 8141
0.08205389976501465, 8140
0.08205389976501465, 8139
0.08205389976501465, 8138
0.08205389976501465, 8137
0.08205389976501465, 8136
0.08306431770324707, 8135
0.08306431770324707, 8134
0.08306431770324707, 8133
0.08306431770324707, 8132
0.08306431770324707, 8131
0.08306431770324707, 8130
0.08306431770324707, 8129
0.08306431770324707, 8128
0.08306431770324707, 8127
0.08306431770324707, 8126
0.08306431770324707, 8125
0.08306431770324707, 8124
0.08306431770324707, 8123
0.08306431770324707, 8122
0.08306431770324707, 8121
0.08306431770324707, 8120
0.08306431770324707, 8119
0.08306431770324707, 8118
0.08306431770324707, 8117
0.08306431770324707, 8116
0.08306431770324707, 8115
0.08306431770324707, 8114
0.0840613842010498, 8113
0.0840613842010498, 8112
0.0840613842010498, 8111
0.0840613842010498, 8110
0.0840613842010498, 8109
0.0840613842010498, 8108
0.0840613842010498, 8107
0.0840613842010498, 8106
0.0840613842010498, 8105
0.0840613842010498, 8104
0.0840613842010498, 8103
0.0840613842010498, 8102
0.0840613842010498, 8101
0.0840613842010498, 8100
0.0840613842010498, 8099
0.0840613842010498, 8098
0.0840613842010498, 8097
0.0840613842010498, 8096
0.0840613842010498, 8095
0.0840613842010498, 8094
0.1667323112487793, 8093
0.16721296310424805, 8092
0.16721296310424805, 8091
0.16721296310424805, 8090
0.16721296310424805, 8089
0.16721296310424805, 8088
0.16721296310424805, 8087
0.16721296310424805, 8086
0.16721296310424805, 8085
0.16721296310424805, 8084
0.16721296310424805, 8083
0.16721296310424805, 8082
0.16721296310424805, 8081
0.16721296310424805, 8080
0.16721296310424805, 8079
0.16721296310424805, 8078
0.16721296310424805, 8077
0.16721296310424805, 8076
0.16721296310424805, 8075
0.16721296310424805, 8074
0.16721296310424805, 8073
0.16721296310424805, 8072
0.16721296310424805, 8071
0.1682126522064209, 8070
0.1682126522064209, 8069
0.1682126522064209, 8068
0.1682126522064209, 8067
0.1682126522064209, 8066
0.1682126522064209, 8065
0.1682126522064209, 8064
0.1682126522064209, 8063
0.1682126522064209, 8062
0.1682126522064209, 8061
0.1682126522064209, 8060
0.1682126522064209, 8059
0.1682126522064209, 8058
0.1682126522064209, 8057
0.1682126522064209, 8056
0.1682126522064209, 8055
0.1689305305480957, 8054
0.1689305305480957, 8053
0.1689305305480957, 8052
0.16921377182006836, 8051
0.16921377182006836, 8050
0.16921377182006836, 8049
0.16921377182006836, 8048
0.16921377182006836, 8047
0.16921377182006836, 8046
0.16921377182006836, 8045
0.16921377182006836, 8044
0.16921377182006836, 8043
0.16921377182006836, 8042
0.16921377182006836, 8041
0.16921377182006836, 8040
0.16921377182006836, 8039
0.16921377182006836, 8038
0.16921377182006836, 8037
0.16921377182006836, 8036
0.16921377182006836, 8035
0.16921377182006836, 8034
0.16921377182006836, 8033
0.16921377182006836, 8032
0.170212984085083, 8031
0.170212984085083, 8030
0.170212984085083, 8029
0.17033839225769043, 8028
0.17033839225769043, 8027
0.17033839225769043, 8026
0.17033839225769043, 8025
0.17033839225769043, 8024
0.17033839225769043, 8023
0.17033839225769043, 8022
0.17033839225769043, 8021
0.17033839225769043, 8020
0.17033839225769043, 8019
0.17033839225769043, 8018
0.17033839225769043, 8017
0.17033839225769043, 8016
0.17033839225769043, 8015
0.17033839225769043, 8014
0.17033839225769043, 8013
0.17033839225769043, 8012
0.17033839225769043, 8011
0.17033839225769043, 8010
0.17121291160583496, 8009
0.17121291160583496, 8008
0.17121291160583496, 8007
0.17121291160583496, 8006
0.17121291160583496, 8005
0.17121291160583496, 8004
0.17121291160583496, 8003
0.17121291160583496, 8002
0.17121291160583496, 8001
0.17121291160583496, 8000
0.17121291160583496, 7999
0.17121291160583496, 7998
0.17121291160583496, 7997
0.17121291160583496, 7996
0.17121291160583496, 7995
0.17121291160583496, 7994
0.17121291160583496, 7993
0.17121291160583496, 7992
0.17121291160583496, 7991
0.17121291160583496, 7990
0.17121291160583496, 7989
0.17121291160583496, 7988
0.1722126007080078, 7987
0.1722126007080078, 7986
0.1722126007080078, 7985
0.1722126007080078, 7984
0.1722126007080078, 7983
0.1722126007080078, 7982
0.1722126007080078, 7981
0.1722126007080078, 7980
0.1722126007080078, 7979
0.1722126007080078, 7978
0.1722126007080078, 7977
0.1722126007080078, 7976
0.1722126007080078, 7975
0.1722126007080078, 7974
0.1722126007080078, 7973
0.1722126007080078, 7972
0.1722126007080078, 7971
0.1722126007080078, 7970
0.1722126007080078, 7969
0.1722126007080078, 7968
0.1722126007080078, 7967
0.1722126007080078, 7966
0.17323875427246094, 7965
0.17323875427246094, 7964
0.17323875427246094, 7963
0.17323875427246094, 7962
0.17323875427246094, 7961
0.17323875427246094, 7960
0.17323875427246094, 7959
0.17323875427246094, 7958
0.17323875427246094, 7957
0.17323875427246094, 7956
0.17323875427246094, 7955
0.17323875427246094, 7954
0.17323875427246094, 7953
0.17323875427246094, 7952
0.17323875427246094, 7951
0.17323875427246094, 7950
0.17323875427246094, 7949
0.17323875427246094, 7948
0.17323875427246094, 7947
0.17323875427246094, 7946
0.17323875427246094, 7945
0.17323875427246094, 7944
0.1742391586303711, 7943
0.1742391586303711, 7942
0.1742391586303711, 7941
0.1742391586303711, 7940
0.1742391586303711, 7939
0.1742391586303711, 7938
0.1742391586303711, 7937
0.1742391586303711, 7936
0.1742391586303711, 7935
0.1742391586303711, 7934
0.1742391586303711, 7933
0.1742391586303711, 7932
0.1742391586303711, 7931
0.1742391586303711, 7930
0.1742391586303711, 7929
0.1742391586303711, 7928
0.1742391586303711, 7927
0.7792038917541504, 7926
0.7792038917541504, 7925
0.7792038917541504, 7924
0.7792038917541504, 7923
0.7802042961120605, 7922
0.7802042961120605, 7921
0.7802042961120605, 7920
0.7802042961120605, 7919
0.7802042961120605, 7918
0.7802042961120605, 7917
0.7802042961120605, 7916
0.7802042961120605, 7915
0.7802042961120605, 7914
0.7802042961120605, 7913
0.7802042961120605, 7912
0.780712366104126, 7911
0.780712366104126, 7910
0.780712366104126, 7909
0.780712366104126, 7908
0.780712366104126, 7907
0.780712366104126, 7906
0.780712366104126, 7905
0.780712366104126, 7904
0.780712366104126, 7903
0.780712366104126, 7902
0.7812039852142334, 7901
0.7812039852142334, 7900
0.7812039852142334, 7899
0.7812039852142334, 7898
0.7812039852142334, 7897
0.7812039852142334, 7896
0.7812039852142334, 7895
0.7812039852142334, 7894
0.7812039852142334, 7893
0.7812039852142334, 7892
0.7812039852142334, 7891
0.7812039852142334, 7890
0.7812039852142334, 7889
0.7812039852142334, 7888
0.7812039852142334, 7887
0.7812039852142334, 7886
0.7812039852142334, 7885
0.7812039852142334, 7884
0.7812039852142334, 7883
0.7812039852142334, 7882
0.7822935581207275, 7881
0.7822935581207275, 7880
0.7822935581207275, 7879
0.7822935581207275, 7878
0.7822935581207275, 7877
0.7822935581207275, 7876
0.7822935581207275, 7875
0.7822935581207275, 7874
0.7822935581207275, 7873
0.7822935581207275, 7872
0.7822935581207275, 7871
0.7822935581207275, 7870
0.7822935581207275, 7869
0.7822935581207275, 7868
0.7822935581207275, 7867
0.7832193374633789, 7866
0.7832193374633789, 7865
0.7832193374633789, 7864
0.7832193374633789, 7863
0.7832193374633789, 7862
0.7832193374633789, 7861
0.7832193374633789, 7860
0.7832193374633789, 7859
0.7832193374633789, 7858
0.7832193374633789, 7857
0.7832193374633789, 7856
0.7832193374633789, 7855
0.7832193374633789, 7854
0.7832193374633789, 7853
0.7832193374633789, 7852
0.7832193374633789, 7851
0.7832193374633789, 7850
0.7832193374633789, 7849
0.7832193374633789, 7848
0.7842159271240234, 7847
0.7842159271240234, 7846
0.7842159271240234, 7845
0.7842159271240234, 7844
0.7842159271240234, 7843
0.7842159271240234, 7842
0.7842159271240234, 7841
0.7842159271240234, 7840
0.7842159271240234, 7839
0.7842159271240234, 7838
0.7842159271240234, 7837
0.7842159271240234, 7836
0.7842159271240234, 7835
0.7842159271240234, 7834
0.7842159271240234, 7833
0.7842159271240234, 7832
0.7842159271240234, 7831
0.7842159271240234, 7830
0.7842159271240234, 7829
0.7842159271240234, 7828
0.7842159271240234, 7827
0.7852165699005127, 7826
0.7852165699005127, 7825
0.7852165699005127, 7824
0.7852165699005127, 7823
0.7852165699005127, 7822
0.7852165699005127, 7821
0.7854862213134766, 7820
0.7854862213134766, 7819
0.7854862213134766, 7818
0.7854862213134766, 7817
0.7854862213134766, 7816
0.7854862213134766, 7815
0.7854862213134766, 7814
0.7854862213134766, 7813
0.7854862213134766, 7812
0.7854862213134766, 7811
0.7854862213134766, 7810
0.7854862213134766, 7809
0.7854862213134766, 7808
0.7854862213134766, 7807
0.7854862213134766, 7806
0.7862184047698975, 7805
0.7862184047698975, 7804
0.7862184047698975, 7803
0.7862184047698975, 7802
0.7862184047698975, 7801
0.7862184047698975, 7800
0.7862184047698975, 7799
0.7862184047698975, 7798
0.7862184047698975, 7797
0.7862184047698975, 7796
0.7862184047698975, 7795
0.7862184047698975, 7794
0.7862184047698975, 7793
0.7862184047698975, 7792
0.7862184047698975, 7791
0.7862184047698975, 7790
0.7862184047698975, 7789
0.7862184047698975, 7788
0.7862184047698975, 7787
0.7862184047698975, 7786
0.787217378616333, 7785
0.787217378616333, 7784
0.787217378616333, 7783
0.787217378616333, 7782
0.787217378616333, 7781
0.787217378616333, 7780
0.787217378616333, 7779
0.787217378616333, 7778
0.787217378616333, 7777
0.787217378616333, 7776
0.787217378616333, 7775
0.787217378616333, 7774
0.787217378616333, 7773
0.787217378616333, 7772
0.787217378616333, 7771
0.787217378616333, 7770
0.787217378616333, 7769
0.787217378616333, 7768
0.787217378616333, 7767
0.787217378616333, 7766
0.787217378616333, 7765
0.7882368564605713, 7764
0.7882368564605713, 7763
0.7882368564605713, 7762
0.7882368564605713, 7761
0.7882368564605713, 7760
0.7882368564605713, 7759
0.7882368564605713, 7758
0.7882368564605713, 7757
0.7882368564605713, 7756
0.7882368564605713, 7755
0.7882368564605713, 7754
0.7882368564605713, 7753
0.7882368564605713, 7752
0.7882368564605713, 7751
0.7882368564605713, 7750
0.7882368564605713, 7749
0.7882368564605713, 7748
0.7882368564605713, 7747
0.7882368564605713, 7746
0.7882368564605713, 7745
0.7882368564605713, 7744
0.7892460823059082, 7743
0.7892460823059082, 7742
0.7892460823059082, 7741
0.7892460823059082, 7740
0.7892460823059082, 7739
0.7892460823059082, 7738
0.7892460823059082, 7737
0.7892460823059082, 7736
0.7892460823059082, 7735
0.7892460823059082, 7734
0.7892460823059082, 7733
0.7892460823059082, 7732
0.7892460823059082, 7731
0.7892460823059082, 7730
0.7892460823059082, 7729
0.7892460823059082, 7728
0.7892460823059082, 7727
0.7892460823059082, 7726
0.7892460823059082, 7725
0.7892460823059082, 7724
0.7902460098266602, 7723
0.7902460098266602, 7722
0.7902460098266602, 7721
0.7902460098266602, 7720
0.7902460098266602, 7719
0.7902460098266602, 7718
0.7902460098266602, 7717
0.7902460098266602, 7716
0.7902460098266602, 7715
0.7906572818756104, 7714
0.7906572818756104, 7713
0.7906572818756104, 7712
0.7906572818756104, 7711
0.7906572818756104, 7710
0.7906572818756104, 7709
0.7906572818756104, 7708
0.7906572818756104, 7707
0.7906572818756104, 7706
0.7906572818756104, 7705
0.7911641597747803, 7704
0.7911641597747803, 7703
0.7911641597747803, 7702
1.6012310981750488, 7701
1.6012310981750488, 7700
1.6012310981750488, 7699
1.6012310981750488, 7698
1.6012310981750488, 7697
1.6012310981750488, 7696
1.6021552085876465, 7695
1.6021552085876465, 7694
1.6021552085876465, 7693
1.6021552085876465, 7692
1.6021552085876465, 7691
1.6021552085876465, 7690
1.6021552085876465, 7689
1.6021552085876465, 7688
1.6021552085876465, 7687
1.6021552085876465, 7686
1.6021552085876465, 7685
1.6021552085876465, 7684
1.6021552085876465, 7683
1.6021552085876465, 7682
1.6021552085876465, 7681
1.6021552085876465, 7680
1.603156566619873, 7679
1.603156566619873, 7678
1.603156566619873, 7677
1.603156566619873, 7676
1.603156566619873, 7675
1.603156566619873, 7674
1.603156566619873, 7673
1.603156566619873, 7672
1.603156566619873, 7671
1.603156566619873, 7670
1.603156566619873, 7669
1.603156566619873, 7668
1.603156566619873, 7667
1.603156566619873, 7666
1.603156566619873, 7665
1.603156566619873, 7664
1.603156566619873, 7663
1.603156566619873, 7662
1.603156566619873, 7661
1.6041538715362549, 7660
1.6041538715362549, 7659
1.6041538715362549, 7658
1.994980812072754, 5814
1.994980812072754, 5813
1.994980812072754, 5812
1.994980812072754, 5811
1.994980812072754, 5810
1.994980812072754, 5809
1.994980812072754, 5808
1.994980812072754, 5807
1.994980812072754, 5806
1.9959802627563477, 5805
1.9959802627563477, 5804
1.9959802627563477, 5803
1.9959802627563477, 5802
1.9959802627563477, 5801
1.9959802627563477, 5800
1.9959802627563477, 5799
1.9959802627563477, 5798
1.9959802627563477, 5797
1.9959802627563477, 5796
1.9959802627563477, 5795
1.9959802627563477, 5794
1.9969820976257324, 5793
1.9969820976257324, 5792
1.9969820976257324, 5791
1.9969820976257324, 5790
1.9969820976257324, 5789
1.9969820976257324, 5788
1.9969820976257324, 5787
1.9969820976257324, 5786
1.9969820976257324, 5785
1.9969820976257324, 5784
1.9969820976257324, 5783
1.9969820976257324, 5782
1.9979805946350098, 5781
1.9979805946350098, 5780
1.9979805946350098, 5779
1.9979805946350098, 5778
1.9979805946350098, 5777
1.9979805946350098, 5776
1.9979805946350098, 5775
1.9979805946350098, 5774
1.9979805946350098, 5773
1.9979805946350098, 5772
1.9979805946350098, 5771
1.9989829063415527, 5770
1.9989829063415527, 5769
1.9989829063415527, 5768
1.9989829063415527, 5767
1.9989829063415527, 5766
1.9989829063415527, 5765
1.9989829063415527, 5764
1.9989829063415527, 5763
1.9989829063415527, 5762
1.9989829063415527, 5761
1.9989829063415527, 5760
1.9989829063415527, 5759
1.9989829063415527, 5758
1.9989829063415527, 5757
1.9999809265136719, 5756
1.9999809265136719, 5755
1.9999809265136719, 5754
1.9999809265136719, 5753
1.9999809265136719, 5752
1.9999809265136719, 5751
1.9999809265136719, 5750
1.9999809265136719, 5749
1.9999809265136719, 5748
1.9999809265136719, 5747
1.9999809265136719, 5746
1.9999809265136719, 5745
1.9999809265136719, 5744
1.9999809265136719, 5743
2.000981569290161, 5742
2.000981569290161, 5741
2.000981569290161, 5740
2.000981569290161, 5739
2.000981569290161, 5738
2.000981569290161, 5737
2.000981569290161, 5736
2.000981569290161, 5735
2.000981569290161, 5734
2.000981569290161, 5733
2.000981569290161, 5732
2.000981569290161, 5731
2.000981569290161, 5730
2.000981569290161, 5729
2.000981569290161, 5728
2.000981569290161, 5727
2.001980781555176, 5726
2.001980781555176, 5725
2.001980781555176, 5724
2.001980781555176, 5723
2.001980781555176, 5722
2.001980781555176, 5721
2.001980781555176, 5720
2.001980781555176, 5719
2.001980781555176, 5718
2.001980781555176, 5717
2.001980781555176, 5716
2.001980781555176, 5715
2.001980781555176, 5714
2.001980781555176, 5713
2.001980781555176, 5712
2.001980781555176, 5711
2.001980781555176, 5710
2.001980781555176, 5709
2.0029830932617188, 5708
2.0029830932617188, 5707
2.0029830932617188, 5706
2.0029830932617188, 5705
2.0029830932617188, 5704
2.0029830932617188, 5703
2.0029830932617188, 5702
2.0029830932617188, 5701
2.0029830932617188, 5700
2.0029830932617188, 5699
2.0029830932617188, 5698
2.0029830932617188, 5697
2.0029830932617188, 5696
2.0029830932617188, 5695
2.0029830932617188, 5694
2.0029830932617188, 5693
2.0029830932617188, 5692
2.0029830932617188, 5691
2.0029830932617188, 5690
2.003981113433838, 5689
2.003981113433838, 5688
2.003981113433838, 5687
2.003981113433838, 5686
2.003981113433838, 5685
2.003981113433838, 5684
2.003981113433838, 5683
