0.0039997100830078125, 188
0.0039997100830078125, 187
0.0039997100830078125, 186
0.0039997100830078125, 185
0.0039997100830078125, 184
0.0039997100830078125, 183
0.0039997100830078125, 182
0.0039997100830078125, 181
0.00500035285949707, 180
0.00500035285949707, 179
0.00500035285949707, 178
0.00500035285949707, 175
0.00500035285949707, 174
0.005997419357299805, 173
0.005997419357299805, 172
0.007999658584594727, 171
0.010090827941894531, 170
0.015001296997070312, 169
0.01700139045715332, 168
0.01700139045715332, 167
0.01800251007080078, 166
0.019002199172973633, 165
0.03099989891052246, 164
0.0319979190826416, 163
0.0319979190826416, 162
0.06400156021118164, 161
0.7651596069335938, 160
0.7661609649658203, 159
1.487894058227539, 158
