0.003998517990112305, 195
0.003998517990112305, 194
0.003998517990112305, 193
0.003998517990112305, 192
0.003998517990112305, 191
0.003998517990112305, 190
0.003998517990112305, 189
0.003998517990112305, 185
0.003998517990112305, 184
0.003998517990112305, 183
0.003998517990112305, 182
0.003998517990112305, 181
0.00613856315612793, 176
0.00613856315612793, 175
0.00613856315612793, 174
0.007041454315185547, 173
0.008040189743041992, 172
0.01102137565612793, 171
0.01102137565612793, 170
0.01102137565612793, 169
0.012040853500366211, 168
0.012040853500366211, 167
0.01704120635986328, 166
0.028041839599609375, 165
0.030040740966796875, 164
0.05703997611999512, 163
0.058038949966430664, 162
0.058038949966430664, 161
0.4240992069244385, 160
0.7111239433288574, 159
0.9471192359924316, 158
