0.003999471664428711, 194
0.003999471664428711, 193
0.003999471664428711, 192
0.003999471664428711, 191
0.003999471664428711, 190
0.003999471664428711, 189
0.003999471664428711, 180
0.003999471664428711, 179
0.003999471664428711, 178
0.003999471664428711, 177
0.003999471664428711, 176
0.003999471664428711, 175
0.004999637603759766, 174
0.004999637603759766, 173
0.004999637603759766, 172
0.005997657775878906, 171
0.008996725082397461, 170
0.0169980525970459, 169
0.0169980525970459, 168
0.017998456954956055, 166
0.0180661678314209, 165
0.031999826431274414, 164
0.031999826431274414, 163
0.031999826431274414, 162
0.12601566314697266, 161
0.12601566314697266, 160
0.9588615894317627, 159
1.5050327777862549, 158
