0.003998994827270508, 194
0.003998994827270508, 193
0.003998994827270508, 192
0.003998994827270508, 191
0.003998994827270508, 190
0.003998994827270508, 189
0.003998994827270508, 188
0.003998994827270508, 187
0.003998994827270508, 186
0.003998994827270508, 185
0.003998994827270508, 184
0.0049974918365478516, 183
0.0049974918365478516, 179
0.006001472473144531, 178
0.006001472473144531, 177
0.006001472473144531, 171
0.006001472473144531, 170
0.00899958610534668, 169
0.0169980525970459, 168
0.0169980525970459, 167
0.021999359130859375, 166
0.031000614166259766, 165
0.03199911117553711, 164
0.03199911117553711, 163
0.06399798393249512, 162
0.1278524398803711, 161
0.15885114669799805, 160
0.1598496437072754, 159
