0.004003047943115234, 193
0.004003047943115234, 192
0.004003047943115234, 191
0.004003047943115234, 190
0.004003047943115234, 189
0.004003047943115234, 188
0.004003047943115234, 187
0.004003047943115234, 186
0.004003047943115234, 185
0.004003047943115234, 184
0.004003047943115234, 183
0.004003047943115234, 182
0.004003047943115234, 181
0.004003047943115234, 180
0.004003047943115234, 179
0.006002902984619141, 176
0.006002902984619141, 175
0.006002902984619141, 174
0.006002902984619141, 173
0.006002902984619141, 172
0.006002902984619141, 171
0.007999658584594727, 170
0.014998435974121094, 169
0.014998435974121094, 168
0.014998435974121094, 167
0.018138408660888672, 166
0.02165365219116211, 165
0.029693126678466797, 164
0.030692577362060547, 163
0.08980488777160645, 162
0.08980488777160645, 161
0.08980488777160645, 160
0.09080266952514648, 159
5.7490479946136475, 158
