0.004998207092285156, 190
0.004998207092285156, 189
0.004998207092285156, 188
0.004998207092285156, 187
0.004998207092285156, 186
0.004998207092285156, 185
0.004998207092285156, 184
0.004998207092285156, 183
0.004998207092285156, 182
0.004998207092285156, 181
0.004998207092285156, 180
0.004998207092285156, 179
0.004998207092285156, 178
0.007997512817382812, 176
0.007997512817382812, 175
0.007997512817382812, 174
0.007997512817382812, 173
0.008997440338134766, 171
0.009996175765991211, 170
0.011996269226074219, 169
0.0190885066986084, 168
0.02199721336364746, 167
0.02199721336364746, 166
0.02199721336364746, 165
0.02199721336364746, 164
0.09499716758728027, 163
0.09499716758728027, 162
0.09706330299377441, 161
0.35681605339050293, 160
0.3578159809112549, 159
6.631035804748535, 158
