0.003000020980834961, 192
0.003000020980834961, 191
0.003000020980834961, 190
0.003000020980834961, 189
0.003000020980834961, 188
0.003000020980834961, 187
0.003000020980834961, 186
0.003967761993408203, 173
0.003967761993408203, 172
0.003967761993408203, 171
0.003967761993408203, 170
0.014523029327392578, 169
0.01510167121887207, 168
0.017101526260375977, 167
0.017101526260375977, 166
0.022734880447387695, 165
0.029992341995239258, 164
0.029992341995239258, 163
0.031992197036743164, 162
0.031992197036743164, 161
0.09402227401733398, 160
0.09402227401733398, 159
9.926067113876343, 158
