0.003999948501586914, 192
0.003999948501586914, 191
0.003999948501586914, 190
0.003999948501586914, 189
0.003999948501586914, 188
0.003999948501586914, 187
0.003999948501586914, 186
0.003999948501586914, 185
0.003999948501586914, 184
0.003999948501586914, 183
0.003999948501586914, 182
0.003999948501586914, 181
0.003999948501586914, 179
0.003999948501586914, 178
0.003999948501586914, 177
0.003999948501586914, 176
0.003999948501586914, 175
0.003999948501586914, 174
0.003999948501586914, 173
0.003999948501586914, 172
0.00800013542175293, 171
0.00899958610534668, 170
0.00899958610534668, 169
0.00899958610534668, 168
0.00899958610534668, 167
0.0210573673248291, 166
0.029061317443847656, 165
0.03105950355529785, 164
0.03105950355529785, 163
0.03206133842468262, 162
0.09310054779052734, 161
0.09409809112548828, 160
0.09409809112548828, 159
0.09409809112548828, 158
