0.0030014514923095703, 196
0.0030014514923095703, 195
0.0030014514923095703, 194
0.0030014514923095703, 193
0.0030014514923095703, 192
0.0030014514923095703, 191
0.0030014514923095703, 190
0.0030014514923095703, 189
0.0040018558502197266, 173
0.0050029754638671875, 171
0.007002830505371094, 170
0.008002758026123047, 169
0.009000301361083984, 168
0.015000104904174805, 167
0.01600050926208496, 166
0.026000499725341797, 165
0.026000499725341797, 164
0.026000499725341797, 163
0.027001142501831055, 162
0.027001142501831055, 161
0.027001142501831055, 160
0.2179398536682129, 159
