0.005999088287353516, 1567
0.005999088287353516, 1566
0.005999088287353516, 1565
0.005999088287353516, 1564
0.005999088287353516, 1563
0.005999088287353516, 1562
0.005999088287353516, 1561
0.005999088287353516, 1560
0.005999088287353516, 1559
0.005999088287353516, 1558
0.005999088287353516, 1557
0.005999088287353516, 1556
0.005999088287353516, 1555
0.005999088287353516, 1554
0.005999088287353516, 1553
0.005999088287353516, 1552
0.005999088287353516, 1551
0.005999088287353516, 1550
0.005999088287353516, 1549
0.005999088287353516, 1548
0.005999088287353516, 1547
0.005999088287353516, 1546
0.005999088287353516, 1545
0.005999088287353516, 1544
0.005999088287353516, 1543
0.005999088287353516, 1542
0.005999088287353516, 1541
0.005999088287353516, 1540
0.005999088287353516, 1539
0.005999088287353516, 1538
0.005999088287353516, 1537
0.005999088287353516, 1536
0.005999088287353516, 1535
0.005999088287353516, 1534
0.005999088287353516, 1533
0.005999088287353516, 1532
0.005999088287353516, 1531
0.005999088287353516, 1530
0.005999088287353516, 1529
0.005999088287353516, 1528
0.005999088287353516, 1527
0.005999088287353516, 1526
0.005999088287353516, 1525
0.005999088287353516, 1524
0.005999088287353516, 1523
0.005999088287353516, 1522
0.005999088287353516, 1521
0.005999088287353516, 1520
0.0069997310638427734, 1519
0.0069997310638427734, 1518
0.0069997310638427734, 1517
0.0069997310638427734, 1516
0.0069997310638427734, 1515
0.0069997310638427734, 1514
0.0069997310638427734, 1513
0.0069997310638427734, 1512
0.0069997310638427734, 1511
0.0069997310638427734, 1510
0.0069997310638427734, 1509
0.0069997310638427734, 1508
0.0069997310638427734, 1507
0.0069997310638427734, 1506
0.0069997310638427734, 1505
0.0069997310638427734, 1504
0.0069997310638427734, 1503
0.0069997310638427734, 1502
0.0069997310638427734, 1501
0.0069997310638427734, 1500
0.0069997310638427734, 1499
0.0069997310638427734, 1498
0.0069997310638427734, 1497
0.0069997310638427734, 1496
0.0069997310638427734, 1495
0.0069997310638427734, 1494
0.0069997310638427734, 1493
0.0069997310638427734, 1492
0.0069997310638427734, 1491
0.0069997310638427734, 1490
0.0069997310638427734, 1489
0.0069997310638427734, 1488
0.0069997310638427734, 1487
0.0069997310638427734, 1486
0.0069997310638427734, 1485
0.0069997310638427734, 1484
0.0069997310638427734, 1483
0.0069997310638427734, 1482
0.0069997310638427734, 1481
0.0069997310638427734, 1480
0.01703357696533203, 1156
0.01703357696533203, 1155
0.01703357696533203, 1154
0.01703357696533203, 1153
0.01703357696533203, 1152
0.01703357696533203, 1151
0.01703357696533203, 1150
0.01703357696533203, 1149
0.01703357696533203, 1148
0.01703357696533203, 1147
0.01703357696533203, 1146
0.01703357696533203, 1145
0.01703357696533203, 1144
0.01703357696533203, 1143
0.01703357696533203, 1142
0.01703357696533203, 1141
0.01703357696533203, 1140
0.01703357696533203, 1139
0.01703357696533203, 1138
0.01703357696533203, 1137
0.01703357696533203, 1136
0.01703357696533203, 1135
0.01703357696533203, 1134
0.01703357696533203, 1133
0.01703357696533203, 1132
0.01703357696533203, 1131
0.01703357696533203, 1130
0.01703357696533203, 1129
0.01703357696533203, 1128
0.01703357696533203, 1127
0.01703357696533203, 1126
0.019032716751098633, 1125
0.019032716751098633, 1124
0.019032716751098633, 1123
0.019032716751098633, 1122
0.019032716751098633, 1121
0.019032716751098633, 1120
0.019032716751098633, 1119
0.019032716751098633, 1118
0.019032716751098633, 1117
0.019032716751098633, 1116
0.019032716751098633, 1115
0.019032716751098633, 1114
0.019032716751098633, 1113
0.019032716751098633, 1112
0.019032716751098633, 1111
0.020032882690429688, 1110
0.020032882690429688, 1109
0.020032882690429688, 1108
0.020032882690429688, 1107
0.020032882690429688, 1106
0.020032882690429688, 1105
0.020032882690429688, 1104
0.020032882690429688, 1103
0.020032882690429688, 1102
0.020032882690429688, 1101
0.020032882690429688, 1100
0.021033048629760742, 1099
0.021033048629760742, 1098
0.021033048629760742, 1097
0.021033048629760742, 1096
0.021033048629760742, 1095
0.021033048629760742, 1094
0.021033048629760742, 1093
0.021033048629760742, 1092
0.021033048629760742, 1091
0.021033048629760742, 1090
0.021033048629760742, 1089
0.021033048629760742, 1088
0.021033048629760742, 1087
0.021033048629760742, 1086
0.021033048629760742, 1085
0.022032737731933594, 1084
0.022032737731933594, 1083
0.022032737731933594, 1082
0.022032737731933594, 1081
0.022032737731933594, 1080
0.022032737731933594, 1079
0.022032737731933594, 1078
0.022032737731933594, 1077
0.022032737731933594, 1076
0.022032737731933594, 1075
0.022032737731933594, 1074
0.022032737731933594, 1073
0.022032737731933594, 1072
0.022032737731933594, 1071
0.022032737731933594, 1070
0.022032737731933594, 1069
0.022032737731933594, 1068
0.022032737731933594, 1067
0.022032737731933594, 1066
0.022032737731933594, 1065
0.022032737731933594, 1064
0.022032737731933594, 1063
0.022032737731933594, 1062
0.022032737731933594, 1061
0.022032737731933594, 1060
0.022032737731933594, 1059
0.022032737731933594, 1058
0.022032737731933594, 1057
0.022032737731933594, 1056
0.022032737731933594, 1055
0.022032737731933594, 1054
0.02303290367126465, 1053
0.02303290367126465, 1052
0.02303290367126465, 1051
0.02303290367126465, 1050
0.02303290367126465, 1049
0.02303290367126465, 1048
0.02303290367126465, 1047
0.02303290367126465, 1046
0.02303290367126465, 1045
0.02303290367126465, 1044
0.02303290367126465, 1043
0.02303290367126465, 1042
0.02303290367126465, 1041
0.02303290367126465, 1040
0.02303290367126465, 1039
0.02303290367126465, 1038
0.02303290367126465, 1037
0.02303290367126465, 1036
0.02303290367126465, 1035
0.02303290367126465, 1034
0.02303290367126465, 1033
0.02303290367126465, 1032
0.02303290367126465, 1031
0.02303290367126465, 1030
0.02303290367126465, 1029
0.02303290367126465, 1028
0.02303290367126465, 1027
0.02303290367126465, 1026
0.02303290367126465, 1025
0.02303290367126465, 1024
0.02303290367126465, 1023
0.02303290367126465, 1022
0.02303290367126465, 1021
0.02303290367126465, 1020
0.02303290367126465, 1019
0.02303290367126465, 1018
0.02303290367126465, 1017
0.02303290367126465, 1016
0.02303290367126465, 1015
0.02303290367126465, 1014
0.02303290367126465, 1013
0.02303290367126465, 1012
0.02303290367126465, 1011
0.02303290367126465, 1010
0.02303290367126465, 1009
0.0240328311920166, 1008
0.0240328311920166, 1007
0.0240328311920166, 1006
0.0240328311920166, 1005
0.0240328311920166, 1004
0.0240328311920166, 1003
0.0240328311920166, 1002
0.5002448558807373, 1001
0.5002448558807373, 1000
0.5002448558807373, 999
0.5002448558807373, 998
0.5002448558807373, 997
0.5002448558807373, 996
0.6993298530578613, 995
2.8728177547454834, 994
2.8728177547454834, 993
2.8728177547454834, 992
2.8728177547454834, 991
2.8728177547454834, 990
2.8728177547454834, 989
2.8728177547454834, 988
2.8728177547454834, 987
2.8738179206848145, 986
2.8738179206848145, 985
2.8738179206848145, 984
2.8738179206848145, 983
