0.00500035285949707, 1529
0.00500035285949707, 1528
0.00500035285949707, 1527
0.00500035285949707, 1526
0.00500035285949707, 1525
0.00500035285949707, 1524
0.00500035285949707, 1523
0.00500035285949707, 1522
0.00500035285949707, 1521
0.00500035285949707, 1520
0.00500035285949707, 1519
0.00500035285949707, 1518
0.00500035285949707, 1517
0.00500035285949707, 1516
0.00500035285949707, 1515
0.00500035285949707, 1514
0.00500035285949707, 1513
0.00500035285949707, 1512
0.00500035285949707, 1511
0.015027523040771484, 1124
0.015027523040771484, 1123
0.015027523040771484, 1122
0.015027523040771484, 1121
0.015027523040771484, 1120
0.015027523040771484, 1119
0.015027523040771484, 1118
0.015027523040771484, 1117
0.017028093338012695, 1116
0.017028093338012695, 1115
0.017028093338012695, 1114
0.01802802085876465, 1113
0.01802802085876465, 1112
0.01802802085876465, 1111
0.01802802085876465, 1110
0.01802802085876465, 1109
0.01802802085876465, 1108
0.01802802085876465, 1107
0.01802802085876465, 1106
0.01802802085876465, 1105
0.01802802085876465, 1104
0.0190277099609375, 1103
0.0190277099609375, 1102
0.0190277099609375, 1101
0.0190277099609375, 1100
0.0190277099609375, 1099
0.0190277099609375, 1098
0.0190277099609375, 1097
0.0190277099609375, 1096
0.0190277099609375, 1095
0.0190277099609375, 1094
0.0190277099609375, 1093
0.0190277099609375, 1092
0.0190277099609375, 1091
0.0190277099609375, 1090
0.0190277099609375, 1089
0.0190277099609375, 1088
0.0190277099609375, 1087
0.0190277099609375, 1086
0.01993727684020996, 1085
0.01993727684020996, 1084
0.020027637481689453, 1083
0.020027637481689453, 1082
0.020027637481689453, 1081
0.020027637481689453, 1080
0.020027637481689453, 1079
0.020027637481689453, 1078
0.020027637481689453, 1077
0.020027637481689453, 1076
0.020027637481689453, 1075
0.020027637481689453, 1074
0.020027637481689453, 1073
0.020027637481689453, 1072
0.020027637481689453, 1071
0.020027637481689453, 1070
0.020027637481689453, 1069
0.020027637481689453, 1068
0.020027637481689453, 1067
0.020027637481689453, 1066
0.020027637481689453, 1065
0.020027637481689453, 1064
0.020027637481689453, 1063
0.020027637481689453, 1062
0.020027637481689453, 1061
0.020027637481689453, 1060
0.020027637481689453, 1059
0.021027565002441406, 1058
0.021027565002441406, 1057
0.021027565002441406, 1056
0.021027565002441406, 1055
0.021027565002441406, 1054
0.021027565002441406, 1053
0.021027565002441406, 1052
0.021027565002441406, 1051
0.021027565002441406, 1050
0.021027565002441406, 1049
0.021027565002441406, 1048
0.021027565002441406, 1047
0.021027565002441406, 1046
0.021027565002441406, 1045
0.021027565002441406, 1044
0.02152562141418457, 1043
0.02152562141418457, 1042
0.02152562141418457, 1041
0.02152562141418457, 1040
0.02152562141418457, 1039
0.02152562141418457, 1038
0.02152562141418457, 1037
0.02152562141418457, 1036
0.02152562141418457, 1035
0.02152562141418457, 1034
0.02152562141418457, 1033
0.02152562141418457, 1032
0.02152562141418457, 1031
0.02152562141418457, 1030
0.02152562141418457, 1029
0.02152562141418457, 1028
0.02152562141418457, 1027
0.02152562141418457, 1026
0.02152562141418457, 1025
0.02152562141418457, 1024
0.02202749252319336, 1023
0.02202749252319336, 1022
0.02202749252319336, 1021
0.02202749252319336, 1020
0.04201316833496094, 1019
0.04201316833496094, 1018
0.04201316833496094, 1017
0.04201316833496094, 1016
0.04201316833496094, 1015
0.04201316833496094, 1014
0.04201316833496094, 1013
0.04201316833496094, 1012
0.04201316833496094, 1011
0.04201316833496094, 1010
0.04201316833496094, 1009
0.04201316833496094, 1008
0.04201316833496094, 1007
0.04201316833496094, 1006
0.04201316833496094, 1005
0.04201316833496094, 1004
0.04201316833496094, 1003
0.08192300796508789, 1002
0.08192300796508789, 1001
0.08192300796508789, 1000
0.588831901550293, 999
0.6298322677612305, 998
0.6298322677612305, 997
0.6298322677612305, 996
0.6298322677612305, 995
0.9730396270751953, 994
3.6587772369384766, 993
3.6587772369384766, 992
3.6587772369384766, 991
3.6587772369384766, 990
3.6587772369384766, 989
9.512002944946289, 988
