0.006008625030517578, 1546
0.006008625030517578, 1545
0.006008625030517578, 1544
0.006008625030517578, 1543
0.006008625030517578, 1542
0.006008625030517578, 1541
0.006008625030517578, 1540
0.006008625030517578, 1539
0.006008625030517578, 1538
0.006008625030517578, 1537
0.006008625030517578, 1536
0.006008625030517578, 1535
0.006008625030517578, 1534
0.006008625030517578, 1533
0.006008625030517578, 1532
0.006008625030517578, 1531
0.006008625030517578, 1530
0.006008625030517578, 1529
0.006008625030517578, 1528
0.006008625030517578, 1527
0.006008625030517578, 1526
0.006008625030517578, 1525
0.006008625030517578, 1524
0.006008625030517578, 1523
0.006008625030517578, 1522
0.006008625030517578, 1521
0.006008625030517578, 1520
0.006008625030517578, 1519
0.006008625030517578, 1518
0.006008625030517578, 1517
0.006008625030517578, 1516
0.006008625030517578, 1515
0.006008625030517578, 1514
0.006008625030517578, 1513
0.006008625030517578, 1512
0.006008625030517578, 1511
0.006008625030517578, 1510
0.006008625030517578, 1509
0.006008625030517578, 1508
0.006008625030517578, 1507
0.006008625030517578, 1506
0.006008625030517578, 1505
0.006008625030517578, 1504
0.006008625030517578, 1503
0.006008625030517578, 1502
0.006008625030517578, 1501
0.006008625030517578, 1500
0.006008625030517578, 1499
0.006008625030517578, 1498
0.006008625030517578, 1497
0.006008625030517578, 1496
0.006008625030517578, 1495
0.006008625030517578, 1494
0.006008625030517578, 1493
0.013008594512939453, 1145
0.013008594512939453, 1144
0.013008594512939453, 1143
0.016008377075195312, 1132
0.016008377075195312, 1131
0.016008377075195312, 1130
0.016008377075195312, 1129
0.016008377075195312, 1128
0.016008377075195312, 1127
0.016008377075195312, 1126
0.016008377075195312, 1125
0.016008377075195312, 1124
0.016008377075195312, 1123
0.016008377075195312, 1122
0.016008377075195312, 1121
0.017009258270263672, 1120
0.019009113311767578, 1119
0.019009113311767578, 1118
0.019009113311767578, 1117
0.019009113311767578, 1116
0.019009113311767578, 1115
0.02000880241394043, 1114
0.02000880241394043, 1113
0.02000880241394043, 1112
0.02000880241394043, 1111
0.02000880241394043, 1110
0.02000880241394043, 1109
0.02000880241394043, 1108
0.02000880241394043, 1107
0.021008968353271484, 1106
0.021008968353271484, 1105
0.021008968353271484, 1104
0.021008968353271484, 1103
0.021008968353271484, 1102
0.021008968353271484, 1101
0.021008968353271484, 1100
0.021008968353271484, 1099
0.021008968353271484, 1098
0.021008968353271484, 1097
0.021008968353271484, 1096
0.021008968353271484, 1095
0.021008968353271484, 1094
0.021008968353271484, 1093
0.021008968353271484, 1092
0.021008968353271484, 1091
0.021008968353271484, 1090
0.021008968353271484, 1089
0.021008968353271484, 1088
0.021008968353271484, 1087
0.021008968353271484, 1086
0.022008657455444336, 1085
0.022008657455444336, 1084
0.022008657455444336, 1083
0.022008657455444336, 1082
0.022008657455444336, 1081
0.022008657455444336, 1080
0.022008657455444336, 1079
0.022008657455444336, 1078
0.022008657455444336, 1077
0.022008657455444336, 1076
0.022008657455444336, 1075
0.022008657455444336, 1074
0.022008657455444336, 1073
0.022008657455444336, 1072
0.022008657455444336, 1071
0.023009777069091797, 1070
0.023009777069091797, 1069
0.023009777069091797, 1068
0.023009777069091797, 1067
0.023009777069091797, 1066
0.023009777069091797, 1065
0.023009777069091797, 1064
0.023009777069091797, 1063
0.023009777069091797, 1062
0.023009777069091797, 1061
0.023009777069091797, 1060
0.023009777069091797, 1059
0.023009777069091797, 1058
0.023009777069091797, 1057
0.023009777069091797, 1056
0.023009777069091797, 1055
0.023009777069091797, 1054
0.023009777069091797, 1053
0.023009777069091797, 1052
0.023009777069091797, 1051
0.023009777069091797, 1050
0.023009777069091797, 1049
0.023009777069091797, 1048
0.023009777069091797, 1047
0.023009777069091797, 1046
0.023009777069091797, 1045
0.023009777069091797, 1044
0.023009777069091797, 1043
0.023009777069091797, 1042
0.023009777069091797, 1041
0.023009777069091797, 1040
0.023009777069091797, 1039
0.023009777069091797, 1038
0.023009777069091797, 1037
0.023009777069091797, 1036
0.023009777069091797, 1035
0.023009777069091797, 1034
0.024008512496948242, 1033
0.024008512496948242, 1032
0.024008512496948242, 1031
0.024008512496948242, 1030
0.024008512496948242, 1029
0.024008512496948242, 1028
0.024008512496948242, 1027
0.024008512496948242, 1026
0.024008512496948242, 1025
0.024008512496948242, 1024
0.024008512496948242, 1023
0.024008512496948242, 1022
0.024008512496948242, 1021
0.024008512496948242, 1020
0.024008512496948242, 1019
0.024008512496948242, 1018
0.024008512496948242, 1017
0.024008512496948242, 1016
0.024008512496948242, 1015
0.024008512496948242, 1014
0.024008512496948242, 1013
0.024008512496948242, 1012
0.024008512496948242, 1011
0.024008512496948242, 1010
0.024008512496948242, 1009
0.024008512496948242, 1008
0.024008512496948242, 1007
0.024008512496948242, 1006
0.19032597541809082, 1005
0.19032597541809082, 1004
0.19032597541809082, 1003
0.19032597541809082, 1002
0.19032597541809082, 1001
0.2123255729675293, 1000
0.21332597732543945, 999
0.21332597732543945, 998
0.21332597732543945, 997
0.21332597732543945, 996
0.21332597732543945, 995
0.21332597732543945, 994
0.21332597732543945, 993
1.9070334434509277, 992
1.9070334434509277, 991
1.9070334434509277, 990
1.9070334434509277, 989
1.9070334434509277, 988
4.295226812362671, 987
