0.004997968673706055, 1559
0.004997968673706055, 1558
0.004997968673706055, 1557
0.004997968673706055, 1556
0.004997968673706055, 1555
0.004997968673706055, 1554
0.004997968673706055, 1553
0.004997968673706055, 1552
0.004997968673706055, 1551
0.004997968673706055, 1550
0.004997968673706055, 1549
0.004997968673706055, 1548
0.004997968673706055, 1547
0.004997968673706055, 1546
0.004997968673706055, 1545
0.004997968673706055, 1544
0.004997968673706055, 1543
0.004997968673706055, 1542
0.004997968673706055, 1541
0.004997968673706055, 1540
0.004997968673706055, 1539
0.004997968673706055, 1538
0.004997968673706055, 1537
0.004997968673706055, 1536
0.004997968673706055, 1535
0.004997968673706055, 1534
0.005997180938720703, 1533
0.005997180938720703, 1532
0.005997180938720703, 1531
0.005997180938720703, 1530
0.005997180938720703, 1529
0.005997180938720703, 1528
0.005997180938720703, 1527
0.005997180938720703, 1526
0.005997180938720703, 1525
0.005997180938720703, 1524
0.005997180938720703, 1523
0.005997180938720703, 1522
0.005997180938720703, 1521
0.005997180938720703, 1520
0.005997180938720703, 1519
0.005997180938720703, 1518
0.005997180938720703, 1517
0.005997180938720703, 1516
0.005997180938720703, 1515
0.005997180938720703, 1514
0.005997180938720703, 1513
0.005997180938720703, 1512
0.005997180938720703, 1511
0.005997180938720703, 1510
0.005997180938720703, 1509
0.005997180938720703, 1508
0.005997180938720703, 1507
0.005997180938720703, 1506
0.005997180938720703, 1505
0.005997180938720703, 1504
0.005997180938720703, 1503
0.005997180938720703, 1502
0.005997180938720703, 1501
0.005997180938720703, 1500
0.005997180938720703, 1499
0.005997180938720703, 1498
0.005997180938720703, 1497
0.005997180938720703, 1496
0.005997180938720703, 1495
0.005997180938720703, 1494
0.005997180938720703, 1493
0.005997180938720703, 1492
0.005997180938720703, 1491
0.005997180938720703, 1490
0.005997180938720703, 1489
0.005997180938720703, 1488
0.005997180938720703, 1487
0.005997180938720703, 1486
0.005997180938720703, 1485
0.005997180938720703, 1484
0.005997180938720703, 1483
0.005997180938720703, 1482
0.005997180938720703, 1481
0.005997180938720703, 1480
0.005997180938720703, 1479
0.005997180938720703, 1478
0.005997180938720703, 1477
0.005997180938720703, 1476
0.005997180938720703, 1475
0.005997180938720703, 1474
0.005997180938720703, 1473
0.005997180938720703, 1472
0.005997180938720703, 1471
0.005997180938720703, 1470
0.005997180938720703, 1469
0.005997180938720703, 1468
0.005997180938720703, 1467
0.005997180938720703, 1466
0.005997180938720703, 1465
0.005997180938720703, 1464
0.005997180938720703, 1463
0.005997180938720703, 1462
0.005997180938720703, 1461
0.005997180938720703, 1460
0.005997180938720703, 1459
0.005997180938720703, 1458
0.005997180938720703, 1457
0.005997180938720703, 1456
0.005997180938720703, 1455
0.005997180938720703, 1454
0.006996870040893555, 1453
0.006996870040893555, 1452
0.006996870040893555, 1451
0.006996870040893555, 1450
0.006996870040893555, 1449
0.006996870040893555, 1448
0.006996870040893555, 1447
0.006996870040893555, 1446
0.006996870040893555, 1445
0.006996870040893555, 1444
0.006996870040893555, 1443
0.006996870040893555, 1442
0.006996870040893555, 1441
0.006996870040893555, 1440
0.006996870040893555, 1439
0.006996870040893555, 1438
0.006996870040893555, 1437
0.006996870040893555, 1436
0.006996870040893555, 1435
0.006996870040893555, 1434
0.006996870040893555, 1433
0.006996870040893555, 1432
0.006996870040893555, 1431
0.006996870040893555, 1430
0.006996870040893555, 1429
0.006996870040893555, 1428
0.006996870040893555, 1427
0.006996870040893555, 1426
0.006996870040893555, 1425
0.006996870040893555, 1424
0.006996870040893555, 1423
0.006996870040893555, 1422
0.006996870040893555, 1421
0.006996870040893555, 1420
0.006996870040893555, 1419
0.006996870040893555, 1418
0.006996870040893555, 1417
0.006996870040893555, 1416
0.006996870040893555, 1415
0.006996870040893555, 1414
0.006996870040893555, 1413
0.006996870040893555, 1412
0.006996870040893555, 1411
0.006996870040893555, 1410
0.006996870040893555, 1409
0.006996870040893555, 1408
0.006996870040893555, 1407
0.006996870040893555, 1406
0.006996870040893555, 1405
0.006996870040893555, 1404
0.006996870040893555, 1403
0.006996870040893555, 1402
0.006996870040893555, 1401
0.006996870040893555, 1400
0.006996870040893555, 1399
0.006996870040893555, 1398
0.006996870040893555, 1397
0.006996870040893555, 1396
0.006996870040893555, 1395
0.006996870040893555, 1394
0.006996870040893555, 1393
0.006996870040893555, 1392
0.006996870040893555, 1391
0.006996870040893555, 1390
0.006996870040893555, 1389
0.006996870040893555, 1388
0.006996870040893555, 1387
0.006996870040893555, 1386
0.006996870040893555, 1385
0.006996870040893555, 1384
0.006996870040893555, 1383
0.006996870040893555, 1382
0.006996870040893555, 1381
0.006996870040893555, 1380
0.00799703598022461, 1379
0.00799703598022461, 1378
0.00799703598022461, 1377
0.00799703598022461, 1376
0.00799703598022461, 1375
0.022026538848876953, 1093
0.022026538848876953, 1092
0.022026538848876953, 1091
0.022026538848876953, 1090
0.022026538848876953, 1089
0.022026538848876953, 1088
0.022026538848876953, 1087
0.022026538848876953, 1086
0.022026538848876953, 1085
0.022026538848876953, 1084
0.022026538848876953, 1083
0.022026538848876953, 1082
0.022026538848876953, 1081
0.022026538848876953, 1080
0.0230257511138916, 1079
0.0230257511138916, 1078
0.0230257511138916, 1077
0.0230257511138916, 1076
0.0230257511138916, 1075
0.0230257511138916, 1074
0.02322220802307129, 1073
0.02322220802307129, 1072
0.02322220802307129, 1071
0.02322220802307129, 1070
0.02322220802307129, 1069
0.02322220802307129, 1068
0.02322220802307129, 1067
0.02322220802307129, 1066
0.02322220802307129, 1065
0.02322220802307129, 1064
0.02322220802307129, 1063
0.02322220802307129, 1062
0.02322220802307129, 1061
0.02322220802307129, 1060
0.02322220802307129, 1059
0.02322220802307129, 1058
0.02322220802307129, 1057
0.02322220802307129, 1056
0.02322220802307129, 1055
0.024025678634643555, 1054
0.024025678634643555, 1053
0.024025678634643555, 1052
0.024025678634643555, 1051
0.024025678634643555, 1050
0.024025678634643555, 1049
0.024025678634643555, 1048
0.024025678634643555, 1047
0.024025678634643555, 1046
0.024025678634643555, 1045
0.024025678634643555, 1044
0.024025678634643555, 1043
0.024025678634643555, 1042
0.024025678634643555, 1041
0.024025678634643555, 1040
0.024025678634643555, 1039
0.024025678634643555, 1038
0.024025678634643555, 1037
0.024025678634643555, 1036
0.024025678634643555, 1035
0.024025678634643555, 1034
0.024025678634643555, 1033
0.024025678634643555, 1032
0.024025678634643555, 1031
0.024025678634643555, 1030
0.024025678634643555, 1029
0.024025678634643555, 1028
0.024025678634643555, 1027
0.024025678634643555, 1026
0.024025678634643555, 1025
0.024025678634643555, 1024
0.024025678634643555, 1023
0.024025678634643555, 1022
0.024025678634643555, 1021
0.024025678634643555, 1020
0.024025678634643555, 1019
0.024025678634643555, 1018
0.024025678634643555, 1017
0.025025129318237305, 1016
0.025025129318237305, 1015
0.025025129318237305, 1014
0.025025129318237305, 1013
0.025025129318237305, 1012
0.025025129318237305, 1011
0.025025129318237305, 1010
0.025025129318237305, 1009
0.025025129318237305, 1008
0.025025129318237305, 1007
0.025025129318237305, 1006
0.06564807891845703, 1005
0.06564807891845703, 1004
0.06564807891845703, 1003
0.10774087905883789, 1002
0.10774087905883789, 1001
0.10774087905883789, 1000
0.10774087905883789, 999
0.10774087905883789, 998
0.10774087905883789, 997
0.10774087905883789, 996
0.14926958084106445, 995
0.15027642250061035, 994
0.15027642250061035, 993
0.297046422958374, 992
0.297046422958374, 991
0.297046422958374, 990
0.297046422958374, 989
0.297046422958374, 988
0.297046422958374, 987
1.5925307273864746, 986
1.5925307273864746, 985
