0.006000518798828125, 1547
0.006000518798828125, 1546
0.006000518798828125, 1545
0.006000518798828125, 1544
0.006000518798828125, 1543
0.006000518798828125, 1542
0.006000518798828125, 1541
0.006000518798828125, 1540
0.006000518798828125, 1539
0.006000518798828125, 1538
0.006000518798828125, 1537
0.006000518798828125, 1536
0.006000518798828125, 1535
0.006000518798828125, 1534
0.006000518798828125, 1533
0.006000518798828125, 1532
0.006000518798828125, 1531
0.006000518798828125, 1530
0.006000518798828125, 1529
0.006000518798828125, 1528
0.006000518798828125, 1527
0.006000518798828125, 1526
0.006000518798828125, 1525
0.006000518798828125, 1524
0.006000518798828125, 1523
0.006000518798828125, 1522
0.006000518798828125, 1521
0.006000518798828125, 1520
0.006000518798828125, 1519
0.006000518798828125, 1518
0.006000518798828125, 1517
0.006000518798828125, 1516
0.006000518798828125, 1515
0.006000518798828125, 1514
0.006000518798828125, 1513
0.006000518798828125, 1512
0.006000518798828125, 1511
0.006000518798828125, 1510
0.006000518798828125, 1509
0.006000518798828125, 1508
0.006000518798828125, 1507
0.006000518798828125, 1506
0.006000518798828125, 1505
0.006000518798828125, 1504
0.006000518798828125, 1503
0.006000518798828125, 1502
0.006000518798828125, 1501
0.006000518798828125, 1500
0.006000518798828125, 1499
0.006000518798828125, 1498
0.006000518798828125, 1497
0.006000518798828125, 1496
0.006000518798828125, 1495
0.006000518798828125, 1494
0.006000518798828125, 1493
0.006000518798828125, 1492
0.006000518798828125, 1491
0.006000518798828125, 1490
0.006000518798828125, 1489
0.006000518798828125, 1488
0.006000518798828125, 1487
0.006000518798828125, 1486
0.006000518798828125, 1485
0.006000518798828125, 1484
0.006000518798828125, 1483
0.006000518798828125, 1482
0.006000518798828125, 1481
0.006000518798828125, 1480
0.007000923156738281, 1479
0.007000923156738281, 1478
0.007000923156738281, 1477
0.007000923156738281, 1476
0.007000923156738281, 1475
0.007000923156738281, 1474
0.007000923156738281, 1473
0.007000923156738281, 1472
0.007000923156738281, 1471
0.007000923156738281, 1470
0.007000923156738281, 1469
0.007000923156738281, 1468
0.007000923156738281, 1467
0.007000923156738281, 1466
0.007000923156738281, 1465
0.007000923156738281, 1464
0.007000923156738281, 1463
0.007000923156738281, 1462
0.007000923156738281, 1461
0.007000923156738281, 1460
0.007000923156738281, 1459
0.007000923156738281, 1458
0.007000923156738281, 1457
0.007000923156738281, 1456
0.007000923156738281, 1455
0.007000923156738281, 1454
0.007000923156738281, 1453
0.007000923156738281, 1452
0.007000923156738281, 1451
0.007000923156738281, 1450
0.007000923156738281, 1449
0.007000923156738281, 1448
0.007000923156738281, 1447
0.007000923156738281, 1446
0.007000923156738281, 1445
0.007000923156738281, 1444
0.007000923156738281, 1443
0.007000923156738281, 1442
0.007000923156738281, 1441
0.007000923156738281, 1440
0.007000923156738281, 1439
0.007000923156738281, 1438
0.007000923156738281, 1437
0.007000923156738281, 1436
0.007000923156738281, 1435
0.007000923156738281, 1434
0.007000923156738281, 1433
0.007000923156738281, 1432
0.007000923156738281, 1431
0.007000923156738281, 1430
0.007000923156738281, 1429
0.007000923156738281, 1428
0.007000923156738281, 1427
0.007000923156738281, 1426
0.007000923156738281, 1425
0.007000923156738281, 1424
0.007000923156738281, 1423
0.007000923156738281, 1422
0.007000923156738281, 1421
0.007000923156738281, 1420
0.007000923156738281, 1419
0.007000923156738281, 1418
0.007000923156738281, 1417
0.007000923156738281, 1416
0.007000923156738281, 1415
0.007000923156738281, 1414
0.007000923156738281, 1413
0.007000923156738281, 1412
0.007000923156738281, 1411
0.007000923156738281, 1410
0.007000923156738281, 1409
0.007000923156738281, 1408
0.007000923156738281, 1407
0.007000923156738281, 1406
0.007000923156738281, 1405
0.007000923156738281, 1404
0.008001089096069336, 1403
0.008001089096069336, 1402
0.008001089096069336, 1401
0.008001089096069336, 1400
0.008001089096069336, 1399
0.008001089096069336, 1398
0.008001089096069336, 1397
0.008001089096069336, 1396
0.008001089096069336, 1395
0.008001089096069336, 1394
0.008001089096069336, 1393
0.008001089096069336, 1392
0.008001089096069336, 1391
0.008001089096069336, 1390
0.008001089096069336, 1389
0.008001089096069336, 1388
0.008001089096069336, 1387
0.008001089096069336, 1386
0.008001089096069336, 1385
0.008001089096069336, 1384
0.008001089096069336, 1383
0.008001089096069336, 1382
0.008001089096069336, 1381
0.014540433883666992, 1149
0.014540433883666992, 1148
0.014540433883666992, 1147
0.015541553497314453, 1146
0.015541553497314453, 1145
0.015541553497314453, 1144
0.015541553497314453, 1143
0.015541553497314453, 1142
0.015541553497314453, 1141
0.015541553497314453, 1140
0.015541553497314453, 1139
0.015541553497314453, 1138
0.015541553497314453, 1137
0.015541553497314453, 1136
0.018540382385253906, 1135
0.018540382385253906, 1134
0.018540382385253906, 1133
0.018540382385253906, 1132
0.018540382385253906, 1131
0.018540382385253906, 1130
0.018540382385253906, 1129
0.018540382385253906, 1128
0.018540382385253906, 1127
0.018540382385253906, 1126
0.018540382385253906, 1125
0.019097566604614258, 1124
0.019097566604614258, 1123
0.019097566604614258, 1122
0.019097566604614258, 1121
0.019097566604614258, 1120
0.019097566604614258, 1119
0.019097566604614258, 1118
0.019097566604614258, 1117
0.019097566604614258, 1116
0.019097566604614258, 1115
0.019097566604614258, 1114
0.019097566604614258, 1113
0.019097566604614258, 1112
0.019097566604614258, 1111
0.019097566604614258, 1110
0.019097566604614258, 1109
0.019097566604614258, 1108
0.019097566604614258, 1107
0.019097566604614258, 1106
0.019097566604614258, 1105
0.02010631561279297, 1104
0.02210545539855957, 1103
0.02210545539855957, 1102
0.02210545539855957, 1101
0.02210545539855957, 1100
0.02210545539855957, 1099
0.02210545539855957, 1098
0.02210545539855957, 1097
0.02210545539855957, 1096
0.02210545539855957, 1095
0.02210545539855957, 1094
0.02210545539855957, 1093
0.02210545539855957, 1092
0.02210545539855957, 1091
0.023105621337890625, 1090
0.023105621337890625, 1089
0.023105621337890625, 1088
0.023105621337890625, 1087
0.023105621337890625, 1086
0.023105621337890625, 1085
0.023105621337890625, 1084
0.023105621337890625, 1083
0.023105621337890625, 1082
0.023105621337890625, 1081
0.023105621337890625, 1080
0.023105621337890625, 1079
0.023105621337890625, 1078
0.023105621337890625, 1077
0.023105621337890625, 1076
0.023105621337890625, 1075
0.023105621337890625, 1074
0.024105548858642578, 1073
0.024105548858642578, 1072
0.024105548858642578, 1071
0.024105548858642578, 1070
0.024105548858642578, 1069
0.024105548858642578, 1068
0.024105548858642578, 1067
0.024105548858642578, 1066
0.024105548858642578, 1065
0.024105548858642578, 1064
0.024105548858642578, 1063
0.024105548858642578, 1062
0.024105548858642578, 1061
0.024105548858642578, 1060
0.024105548858642578, 1059
0.024105548858642578, 1058
0.024105548858642578, 1057
0.024105548858642578, 1056
0.024105548858642578, 1055
0.024105548858642578, 1054
0.024105548858642578, 1053
0.024105548858642578, 1052
0.024105548858642578, 1051
0.024105548858642578, 1050
0.024105548858642578, 1049
0.024105548858642578, 1048
0.024105548858642578, 1047
0.024105548858642578, 1046
0.024105548858642578, 1045
0.024105548858642578, 1044
0.024105548858642578, 1043
0.024105548858642578, 1042
0.024105548858642578, 1041
0.025106191635131836, 1040
0.025106191635131836, 1039
0.025106191635131836, 1038
0.025106191635131836, 1037
0.025106191635131836, 1036
0.025106191635131836, 1035
0.025106191635131836, 1034
0.025106191635131836, 1033
0.025106191635131836, 1032
0.025106191635131836, 1031
0.025106191635131836, 1030
0.025106191635131836, 1029
0.025106191635131836, 1028
0.025106191635131836, 1027
0.025106191635131836, 1026
0.025106191635131836, 1025
0.025106191635131836, 1024
0.025106191635131836, 1023
0.025106191635131836, 1022
0.025106191635131836, 1021
0.025106191635131836, 1020
0.04514002799987793, 1019
0.04514002799987793, 1018
0.04514002799987793, 1017
0.04514002799987793, 1016
0.04514002799987793, 1015
0.04514002799987793, 1014
0.04514002799987793, 1013
0.06516432762145996, 1012
0.06516432762145996, 1011
0.06516432762145996, 1010
0.06516432762145996, 1009
0.06516432762145996, 1008
0.06516432762145996, 1007
0.06516432762145996, 1006
0.06516432762145996, 1005
0.06516432762145996, 1004
0.06516432762145996, 1003
0.06516432762145996, 1002
0.06516432762145996, 1001
0.06516432762145996, 1000
0.06516432762145996, 999
0.06516432762145996, 998
0.06516432762145996, 997
0.12426996231079102, 996
0.12426996231079102, 995
0.12426996231079102, 994
0.12426996231079102, 993
0.9239776134490967, 992
0.9239776134490967, 991
0.9239776134490967, 990
1.8950471878051758, 989
1.8950471878051758, 988
1.8950471878051758, 987
1.8950471878051758, 986
1.8950471878051758, 985
1.8950471878051758, 984
1.8950471878051758, 983
1.8950471878051758, 982
