0.004918575286865234, 1586
0.004918575286865234, 1585
0.004918575286865234, 1584
0.004918575286865234, 1583
0.004918575286865234, 1582
0.004918575286865234, 1581
0.004918575286865234, 1580
0.004918575286865234, 1579
0.004918575286865234, 1578
0.004918575286865234, 1577
0.004918575286865234, 1576
0.004918575286865234, 1575
0.004918575286865234, 1574
0.004918575286865234, 1573
0.004918575286865234, 1572
0.004918575286865234, 1571
0.004918575286865234, 1570
0.004918575286865234, 1569
0.004918575286865234, 1568
0.004918575286865234, 1567
0.004918575286865234, 1566
0.004918575286865234, 1565
0.004918575286865234, 1564
0.004918575286865234, 1563
0.004918575286865234, 1562
0.004918575286865234, 1561
0.004918575286865234, 1560
0.004918575286865234, 1559
0.004918575286865234, 1558
0.004918575286865234, 1557
0.004918575286865234, 1556
0.004918575286865234, 1555
0.004918575286865234, 1554
0.004918575286865234, 1553
0.004918575286865234, 1552
0.005944490432739258, 1551
0.005944490432739258, 1550
0.005944490432739258, 1549
0.005944490432739258, 1548
0.005944490432739258, 1547
0.005944490432739258, 1546
0.005944490432739258, 1545
0.005944490432739258, 1544
0.005944490432739258, 1543
0.005944490432739258, 1542
0.005944490432739258, 1541
0.005944490432739258, 1540
0.005944490432739258, 1539
0.005944490432739258, 1538
0.005944490432739258, 1537
0.005944490432739258, 1536
0.005944490432739258, 1535
0.005944490432739258, 1534
0.005944490432739258, 1533
0.005944490432739258, 1532
0.005944490432739258, 1531
0.005944490432739258, 1530
0.005944490432739258, 1529
0.005944490432739258, 1528
0.005944490432739258, 1527
0.005944490432739258, 1526
0.005944490432739258, 1525
0.005944490432739258, 1524
0.005944490432739258, 1523
0.005944490432739258, 1522
0.005944490432739258, 1521
0.005944490432739258, 1520
0.005944490432739258, 1519
0.005944490432739258, 1518
0.005944490432739258, 1517
0.005944490432739258, 1516
0.005944490432739258, 1515
0.005944490432739258, 1514
0.005944490432739258, 1513
0.005944490432739258, 1512
0.005944490432739258, 1511
0.005944490432739258, 1510
0.005944490432739258, 1509
0.005944490432739258, 1508
0.005944490432739258, 1507
0.005944490432739258, 1506
0.005944490432739258, 1505
0.005944490432739258, 1504
0.005944490432739258, 1503
0.005944490432739258, 1502
0.005944490432739258, 1501
0.005944490432739258, 1500
0.005944490432739258, 1499
0.005944490432739258, 1498
0.005944490432739258, 1497
0.005944490432739258, 1496
0.005944490432739258, 1495
0.005944490432739258, 1494
0.005944490432739258, 1406
0.005944490432739258, 1405
0.005944490432739258, 1404
0.005944490432739258, 1403
0.006943941116333008, 1402
0.006943941116333008, 1401
0.006943941116333008, 1400
0.006943941116333008, 1399
0.006943941116333008, 1398
0.006943941116333008, 1397
0.006943941116333008, 1396
0.006943941116333008, 1395
0.006943941116333008, 1394
0.006943941116333008, 1393
0.006943941116333008, 1392
0.006943941116333008, 1391
0.006943941116333008, 1390
0.006943941116333008, 1389
0.006943941116333008, 1388
0.006943941116333008, 1387
0.006943941116333008, 1386
0.006943941116333008, 1385
0.006943941116333008, 1384
0.006943941116333008, 1383
0.006943941116333008, 1382
0.006943941116333008, 1381
0.006943941116333008, 1380
0.013943672180175781, 1135
0.015273809432983398, 1134
0.015273809432983398, 1133
0.015273809432983398, 1132
0.015273809432983398, 1131
0.015273809432983398, 1130
0.015273809432983398, 1129
0.015273809432983398, 1128
0.015273809432983398, 1127
0.015273809432983398, 1126
0.018967151641845703, 1125
0.018967151641845703, 1124
0.018967151641845703, 1123
0.018967151641845703, 1122
0.019965171813964844, 1121
0.019965171813964844, 1120
0.019965171813964844, 1119
0.019965171813964844, 1118
0.019965171813964844, 1117
0.019965171813964844, 1116
0.019965171813964844, 1115
0.019965171813964844, 1114
0.019965171813964844, 1113
0.019965171813964844, 1112
0.019965171813964844, 1111
0.019965171813964844, 1110
0.019965171813964844, 1109
0.019965171813964844, 1108
0.019965171813964844, 1107
0.019965171813964844, 1106
0.019965171813964844, 1105
0.019965171813964844, 1104
0.019965171813964844, 1103
0.019965171813964844, 1102
0.019965171813964844, 1101
0.019965171813964844, 1100
0.019965171813964844, 1099
0.019965171813964844, 1098
0.019965171813964844, 1097
0.019965171813964844, 1096
0.020966529846191406, 1095
0.020966529846191406, 1094
0.020966529846191406, 1093
0.020966529846191406, 1092
0.020966529846191406, 1091
0.020966529846191406, 1090
0.020966529846191406, 1089
0.020966529846191406, 1088
0.020966529846191406, 1087
0.020966529846191406, 1086
0.020966529846191406, 1085
0.020966529846191406, 1084
0.020966529846191406, 1083
0.020966529846191406, 1082
0.020966529846191406, 1081
0.020966529846191406, 1080
0.020966529846191406, 1079
0.020966529846191406, 1078
0.020966529846191406, 1077
0.020966529846191406, 1076
0.020966529846191406, 1075
0.020966529846191406, 1074
0.020966529846191406, 1073
0.02196526527404785, 1072
0.02196526527404785, 1071
0.02196526527404785, 1070
0.02196526527404785, 1069
0.02196526527404785, 1068
0.02196526527404785, 1067
0.02196526527404785, 1066
0.02196526527404785, 1065
0.02196526527404785, 1064
0.02196526527404785, 1063
0.02196526527404785, 1062
0.02196526527404785, 1061
0.02196526527404785, 1060
0.02196526527404785, 1059
0.02196526527404785, 1058
0.02196526527404785, 1057
0.02196526527404785, 1056
0.02196526527404785, 1055
0.02196526527404785, 1054
0.02196526527404785, 1053
0.02196526527404785, 1052
0.02196526527404785, 1051
0.02196526527404785, 1050
0.02196526527404785, 1049
0.02196526527404785, 1048
0.02196526527404785, 1047
0.02196526527404785, 1046
0.02196526527404785, 1045
0.02196526527404785, 1044
0.02196526527404785, 1043
0.02196526527404785, 1042
0.02196526527404785, 1041
0.02196526527404785, 1040
0.02196526527404785, 1039
0.02196526527404785, 1038
0.022964954376220703, 1037
0.022964954376220703, 1036
0.022964954376220703, 1035
0.022964954376220703, 1034
0.022964954376220703, 1033
0.022964954376220703, 1032
0.022964954376220703, 1031
0.022964954376220703, 1030
0.022964954376220703, 1029
0.022964954376220703, 1028
0.022964954376220703, 1027
0.022964954376220703, 1026
0.022964954376220703, 1025
0.022964954376220703, 1024
0.022964954376220703, 1023
0.022964954376220703, 1022
0.022964954376220703, 1021
0.022964954376220703, 1020
0.022964954376220703, 1019
0.022964954376220703, 1018
0.022964954376220703, 1017
0.022964954376220703, 1016
0.022964954376220703, 1015
0.022964954376220703, 1014
0.022964954376220703, 1013
0.022964954376220703, 1012
0.022964954376220703, 1011
0.02361464500427246, 1010
0.02361464500427246, 1009
0.02361464500427246, 1008
0.02361464500427246, 1007
0.02361464500427246, 1006
0.02361464500427246, 1005
0.06395268440246582, 1004
0.06395268440246582, 1003
0.06395268440246582, 1002
0.08350610733032227, 1001
0.08350610733032227, 1000
0.08350610733032227, 999
0.08350610733032227, 998
0.08350610733032227, 997
0.08350610733032227, 996
0.08350610733032227, 995
0.08350610733032227, 994
0.08350610733032227, 993
0.08350610733032227, 992
