0.005430698394775391, 1577
0.005430698394775391, 1576
0.005430698394775391, 1575
0.005430698394775391, 1574
0.005430698394775391, 1573
0.005430698394775391, 1572
0.005430698394775391, 1571
0.005430698394775391, 1570
0.005430698394775391, 1569
0.005430698394775391, 1568
0.005430698394775391, 1567
0.005430698394775391, 1566
0.005430698394775391, 1565
0.005430698394775391, 1564
0.006000041961669922, 1563
0.006000041961669922, 1562
0.006000041961669922, 1561
0.006000041961669922, 1560
0.006000041961669922, 1559
0.006000041961669922, 1558
0.006000041961669922, 1557
0.006000041961669922, 1556
0.006000041961669922, 1555
0.013527393341064453, 1154
0.014098167419433594, 1153
0.014098167419433594, 1152
0.014098167419433594, 1151
0.014098167419433594, 1150
0.014098167419433594, 1149
0.014098167419433594, 1148
0.014527320861816406, 1147
0.014527320861816406, 1146
0.014527320861816406, 1145
0.014527320861816406, 1144
0.014527320861816406, 1143
0.014527320861816406, 1142
0.014527320861816406, 1141
0.014527320861816406, 1140
0.014527320861816406, 1139
0.014527320861816406, 1138
0.014527320861816406, 1137
0.014527320861816406, 1136
0.014527320861816406, 1135
0.014527320861816406, 1134
0.014527320861816406, 1133
0.014527320861816406, 1132
0.014527320861816406, 1131
0.014527320861816406, 1130
0.014527320861816406, 1129
0.014527320861816406, 1128
0.014527320861816406, 1127
0.014527320861816406, 1126
0.017534494400024414, 1125
0.017534494400024414, 1124
0.017534494400024414, 1123
0.018531084060668945, 1122
0.018531084060668945, 1121
0.018531084060668945, 1120
0.018531084060668945, 1119
0.018531084060668945, 1118
0.018531084060668945, 1117
0.018531084060668945, 1116
0.018531084060668945, 1115
0.018531084060668945, 1114
0.018531084060668945, 1113
0.018531084060668945, 1112
0.018531084060668945, 1111
0.018531084060668945, 1110
0.018531084060668945, 1109
0.018531084060668945, 1108
0.018531084060668945, 1107
0.018531084060668945, 1106
0.018531084060668945, 1105
0.019530057907104492, 1104
0.019530057907104492, 1103
0.019530057907104492, 1102
0.019530057907104492, 1101
0.019530057907104492, 1100
0.019530057907104492, 1099
0.020075321197509766, 1098
0.020075321197509766, 1097
0.020075321197509766, 1096
0.020075321197509766, 1095
0.020075321197509766, 1094
0.020075321197509766, 1093
0.020075321197509766, 1092
0.020075321197509766, 1091
0.020075321197509766, 1090
0.020075321197509766, 1089
0.020075321197509766, 1088
0.020075321197509766, 1087
0.020075321197509766, 1086
0.020075321197509766, 1085
0.020075321197509766, 1084
0.020075321197509766, 1083
0.020075321197509766, 1082
0.020075321197509766, 1081
0.02108144760131836, 1080
0.02108144760131836, 1079
0.02108144760131836, 1078
0.02108144760131836, 1077
0.02108144760131836, 1076
0.02108144760131836, 1075
0.02108144760131836, 1074
0.02108144760131836, 1073
0.02108144760131836, 1072
0.02108144760131836, 1071
0.02108144760131836, 1070
0.02108144760131836, 1069
0.02108144760131836, 1068
0.02108144760131836, 1067
0.02108144760131836, 1066
0.02108144760131836, 1065
0.02108144760131836, 1064
0.02108144760131836, 1063
0.02108144760131836, 1062
0.02108144760131836, 1061
0.02108144760131836, 1060
0.02108144760131836, 1059
0.02108144760131836, 1058
0.02108144760131836, 1057
0.02108144760131836, 1056
0.02208113670349121, 1055
0.02208113670349121, 1054
0.02208113670349121, 1053
0.02208113670349121, 1052
0.02208113670349121, 1051
0.022275447845458984, 1050
0.022275447845458984, 1049
0.022275447845458984, 1048
0.022275447845458984, 1047
0.022275447845458984, 1046
0.022275447845458984, 1045
0.022275447845458984, 1044
0.022275447845458984, 1043
0.022275447845458984, 1042
0.022275447845458984, 1041
0.022275447845458984, 1040
0.022275447845458984, 1039
0.022275447845458984, 1038
0.022275447845458984, 1037
0.022275447845458984, 1036
0.022275447845458984, 1035
0.022275447845458984, 1034
0.022275447845458984, 1033
0.022275447845458984, 1032
0.022275447845458984, 1031
0.022275447845458984, 1030
0.022275447845458984, 1029
0.022275447845458984, 1028
0.022275447845458984, 1027
0.022275447845458984, 1026
0.023081064224243164, 1025
0.023081064224243164, 1024
0.023081064224243164, 1023
0.023081064224243164, 1022
0.023081064224243164, 1021
0.023081064224243164, 1020
0.023081064224243164, 1019
0.023081064224243164, 1018
0.023081064224243164, 1017
0.023081064224243164, 1016
0.04310488700866699, 1015
0.04310488700866699, 1014
0.04310488700866699, 1013
0.04310488700866699, 1012
0.04310488700866699, 1011
0.04310488700866699, 1010
0.04310488700866699, 1009
0.10410857200622559, 1008
0.10410857200622559, 1007
0.10410857200622559, 1006
0.10410857200622559, 1005
0.10410857200622559, 1004
0.10410857200622559, 1003
0.10410857200622559, 1002
0.10410857200622559, 1001
0.10410857200622559, 1000
0.4219245910644531, 999
0.4219245910644531, 998
0.4219245910644531, 997
0.5621504783630371, 996
0.5621504783630371, 995
0.5621504783630371, 994
0.5621504783630371, 993
0.5621504783630371, 992
1.4150936603546143, 991
1.4150936603546143, 990
1.4150936603546143, 989
1.4150936603546143, 988
1.4150936603546143, 987
5.015974760055542, 986
5.015974760055542, 985
