0.027998685836791992, 4865
0.027998685836791992, 4864
0.027998685836791992, 4863
0.027998685836791992, 4862
0.027998685836791992, 4861
0.027998685836791992, 4860
0.027998685836791992, 4859
0.027998685836791992, 4858
0.027998685836791992, 4857
0.027998685836791992, 4856
0.027998685836791992, 4855
0.027998685836791992, 4854
0.027998685836791992, 4853
0.027998685836791992, 4852
0.027998685836791992, 4851
0.027998685836791992, 4850
0.028997421264648438, 4849
0.028997421264648438, 4848
0.028997421264648438, 4847
0.028997421264648438, 4846
0.02914738655090332, 4845
0.02914738655090332, 4844
0.02914738655090332, 4843
0.02914738655090332, 4842
0.02914738655090332, 4841
0.02914738655090332, 4840
0.02914738655090332, 4839
0.02914738655090332, 4838
0.02914738655090332, 4837
0.02914738655090332, 4836
0.02914738655090332, 4835
0.02914738655090332, 4834
0.02914738655090332, 4833
0.02914738655090332, 4832
0.02914738655090332, 4831
0.02914738655090332, 4830
0.02914738655090332, 4829
0.02914738655090332, 4828
0.02914738655090332, 4827
0.02914738655090332, 4826
0.02914738655090332, 4825
0.02914738655090332, 4824
0.02914738655090332, 4823
0.02914738655090332, 4822
0.02914738655090332, 4821
0.02999734878540039, 4820
0.02999734878540039, 4819
0.02999734878540039, 4818
0.02999734878540039, 4817
0.02999734878540039, 4816
0.02999734878540039, 4815
0.02999734878540039, 4814
0.02999734878540039, 4813
0.02999734878540039, 4812
0.02999734878540039, 4811
0.02999734878540039, 4810
0.02999734878540039, 4809
0.02999734878540039, 4808
0.02999734878540039, 4807
0.02999734878540039, 4806
0.02999734878540039, 4805
0.02999734878540039, 4804
0.02999734878540039, 4803
0.02999734878540039, 4802
0.02999734878540039, 4801
0.02999734878540039, 4800
0.02999734878540039, 4799
0.02999734878540039, 4798
0.02999734878540039, 4797
0.02999734878540039, 4796
0.02999734878540039, 4795
0.02999734878540039, 4794
0.02999734878540039, 4793
0.02999734878540039, 4792
0.02999734878540039, 4791
0.02999734878540039, 4790
0.02999734878540039, 4789
0.02999734878540039, 4788
0.02999734878540039, 4787
0.02999734878540039, 4786
0.02999734878540039, 4785
0.02999734878540039, 4784
0.02999734878540039, 4783
0.02999734878540039, 4782
0.02999734878540039, 4781
0.02999734878540039, 4780
0.02999734878540039, 4779
0.02999734878540039, 4778
0.030998706817626953, 4777
0.030998706817626953, 4776
0.030998706817626953, 4775
0.030998706817626953, 4774
0.030998706817626953, 4773
0.030998706817626953, 4772
0.030998706817626953, 4771
0.030998706817626953, 4770
0.030998706817626953, 4769
0.030998706817626953, 4768
0.030998706817626953, 4767
0.030998706817626953, 4766
0.030998706817626953, 4765
0.030998706817626953, 4764
0.030998706817626953, 4763
0.030998706817626953, 4762
0.030998706817626953, 4761
0.030998706817626953, 4760
0.030998706817626953, 4759
0.030998706817626953, 4758
0.030998706817626953, 4757
0.030998706817626953, 4756
0.030998706817626953, 4755
0.030998706817626953, 4754
0.030998706817626953, 4753
0.030998706817626953, 4752
0.030998706817626953, 4751
0.030998706817626953, 4750
0.030998706817626953, 4749
0.030998706817626953, 4748
0.030998706817626953, 4747
0.030998706817626953, 4746
0.030998706817626953, 4745
0.030998706817626953, 4744
0.030998706817626953, 4743
0.030998706817626953, 4742
0.030998706817626953, 4741
0.030998706817626953, 4740
0.030998706817626953, 4739
0.030998706817626953, 4738
0.030998706817626953, 4737
0.030998706817626953, 4736
0.032000064849853516, 4735
0.032000064849853516, 4734
0.032000064849853516, 4733
0.032000064849853516, 4732
0.032000064849853516, 4731
0.032000064849853516, 4730
0.032000064849853516, 4729
0.032000064849853516, 4728
0.032000064849853516, 4727
0.032000064849853516, 4726
0.032000064849853516, 4725
0.032000064849853516, 4724
0.032000064849853516, 4723
0.032000064849853516, 4722
0.032000064849853516, 4721
0.032000064849853516, 4720
0.032000064849853516, 4719
0.032000064849853516, 4718
0.032000064849853516, 4717
0.032000064849853516, 4716
0.032000064849853516, 4715
0.032000064849853516, 4714
0.032000064849853516, 4713
0.032000064849853516, 4712
0.032000064849853516, 4711
0.032000064849853516, 4710
0.032000064849853516, 4709
0.032000064849853516, 4708
0.032000064849853516, 4707
0.032000064849853516, 4706
0.032000064849853516, 4705
0.032000064849853516, 4704
0.032000064849853516, 4703
0.032000064849853516, 4702
0.032000064849853516, 4701
0.032000064849853516, 4700
0.032000064849853516, 4699
0.032000064849853516, 4698
0.032000064849853516, 4697
0.032000064849853516, 4696
0.032000064849853516, 4695
0.032000064849853516, 4694
0.03299736976623535, 4693
0.03299736976623535, 4692
0.03299736976623535, 4691
0.03299736976623535, 4690
0.03299736976623535, 4689
0.03299736976623535, 4688
0.03299736976623535, 4687
0.03299736976623535, 4686
0.03299736976623535, 4685
0.03299736976623535, 4684
0.03299736976623535, 4683
0.03299736976623535, 4682
0.03299736976623535, 4681
0.03299736976623535, 4680
0.03299736976623535, 4679
0.03299736976623535, 4678
0.03299736976623535, 4677
0.03299736976623535, 4676
0.03299736976623535, 4675
0.03299736976623535, 4674
0.03299736976623535, 4673
0.03299736976623535, 4672
0.03299736976623535, 4671
0.03299736976623535, 4670
0.03299736976623535, 4669
0.03299736976623535, 4668
0.03299736976623535, 4667
0.03299736976623535, 4666
0.03299736976623535, 4665
0.03299736976623535, 4664
0.03299736976623535, 4663
0.03299736976623535, 4662
0.03299736976623535, 4661
0.03299736976623535, 4660
0.03299736976623535, 4659
0.03299736976623535, 4658
0.03299736976623535, 4657
0.03299736976623535, 4656
0.03299736976623535, 4655
0.03299736976623535, 4654
0.03299736976623535, 4653
0.03399658203125, 4652
0.03399658203125, 4651
0.03399658203125, 4650
0.03399658203125, 4649
0.03399658203125, 4648
0.03399658203125, 4647
0.03399658203125, 4646
0.03399658203125, 4645
0.03399658203125, 4644
0.03399658203125, 4643
0.03399658203125, 4642
0.03399658203125, 4641
0.03399658203125, 4640
0.03399658203125, 4639
0.03399658203125, 4638
0.03399658203125, 4637
0.03399658203125, 4636
0.03399658203125, 4635
0.03399658203125, 4634
0.03399658203125, 4633
0.03399658203125, 4632
0.07199716567993164, 4631
0.07199716567993164, 4630
0.07199716567993164, 4629
0.07199716567993164, 4628
0.07199716567993164, 4627
0.07199716567993164, 4626
0.07199716567993164, 4625
0.07199716567993164, 4624
0.07199716567993164, 4623
0.07199716567993164, 4622
0.07199716567993164, 4621
0.07199716567993164, 4620
0.07199716567993164, 4619
0.07199716567993164, 4618
0.07199716567993164, 4617
0.07199716567993164, 4616
0.07199716567993164, 4615
0.07199716567993164, 4614
0.07199716567993164, 4613
0.07199716567993164, 4612
0.07199716567993164, 4611
0.07199716567993164, 4610
0.07199716567993164, 4609
0.07199716567993164, 4608
0.07199716567993164, 4607
0.07199716567993164, 4606
0.07199716567993164, 4605
0.07199716567993164, 4604
0.07199716567993164, 4603
0.07199716567993164, 4602
0.07199716567993164, 4601
0.07199716567993164, 4600
0.07199716567993164, 4599
0.07199716567993164, 4598
0.07199716567993164, 4597
0.07199716567993164, 4596
0.07199716567993164, 4595
0.0729973316192627, 4594
0.0729973316192627, 4593
0.0729973316192627, 4592
0.0729973316192627, 4591
0.0729973316192627, 4590
0.0729973316192627, 4589
0.0729973316192627, 4588
0.0729973316192627, 4587
0.0729973316192627, 4586
0.0729973316192627, 4585
0.0729973316192627, 4584
0.0729973316192627, 4583
0.0729973316192627, 4582
0.0729973316192627, 4581
0.0729973316192627, 4580
0.0729973316192627, 4579
0.0729973316192627, 4578
0.0729973316192627, 4577
0.0729973316192627, 4576
0.0729973316192627, 4575
0.0729973316192627, 4574
0.0729973316192627, 4573
0.0729973316192627, 4572
0.14503860473632812, 3265
0.14503860473632812, 3264
0.14503860473632812, 3263
0.14503860473632812, 3262
0.14503860473632812, 3261
0.14503860473632812, 3260
0.14503860473632812, 3259
0.14503860473632812, 3258
0.14503860473632812, 3257
0.14503860473632812, 3256
0.14503860473632812, 3255
0.14503860473632812, 3254
0.14503860473632812, 3253
0.14503860473632812, 3252
0.14503860473632812, 3251
0.14503860473632812, 3250
0.14503860473632812, 3249
0.14603829383850098, 3248
0.14603829383850098, 3247
0.14603829383850098, 3246
0.14603829383850098, 3245
0.14603829383850098, 3244
0.14603829383850098, 3243
0.14603829383850098, 3242
0.14603829383850098, 3241
0.14603829383850098, 3240
0.14603829383850098, 3239
0.14603829383850098, 3238
0.14603829383850098, 3237
0.14603829383850098, 3236
0.14603829383850098, 3235
0.14603829383850098, 3234
0.14603829383850098, 3233
0.14603829383850098, 3232
0.14603829383850098, 3231
0.14603829383850098, 3230
0.14603829383850098, 3229
0.14603829383850098, 3228
0.14603829383850098, 3227
0.14603829383850098, 3226
0.14603829383850098, 3225
0.14603829383850098, 3224
0.14603829383850098, 3223
0.14603829383850098, 3222
0.14603829383850098, 3221
0.14703893661499023, 3220
0.14703893661499023, 3219
0.14703893661499023, 3218
0.14703893661499023, 3217
0.14703893661499023, 3216
0.14703893661499023, 3215
0.14703893661499023, 3214
0.14703893661499023, 3213
0.14703893661499023, 3212
0.14703893661499023, 3211
0.14703893661499023, 3210
0.14703893661499023, 3209
0.14703893661499023, 3208
0.14703893661499023, 3207
0.14703893661499023, 3206
0.14703893661499023, 3205
0.14703893661499023, 3204
0.14703893661499023, 3203
0.14703893661499023, 3202
0.14703893661499023, 3201
0.14703893661499023, 3200
0.14703893661499023, 3199
0.14703893661499023, 3198
0.14803838729858398, 3197
0.14803838729858398, 3196
0.14803838729858398, 3195
0.14803838729858398, 3194
0.14803838729858398, 3193
0.14803838729858398, 3192
0.14803838729858398, 3191
0.14803838729858398, 3190
0.14803838729858398, 3189
0.14803838729858398, 3188
0.14803838729858398, 3187
0.14803838729858398, 3186
0.14803838729858398, 3185
0.14803838729858398, 3184
0.14803838729858398, 3183
0.14803838729858398, 3182
0.14803838729858398, 3181
0.14803838729858398, 3180
0.14803838729858398, 3179
0.14803838729858398, 3178
0.14803838729858398, 3177
0.14803838729858398, 3176
0.14803838729858398, 3175
0.14803838729858398, 3174
0.14803838729858398, 3173
0.14904046058654785, 3172
0.14904046058654785, 3171
0.14904046058654785, 3170
0.14904046058654785, 3169
0.14904046058654785, 3168
0.14904046058654785, 3167
0.14904046058654785, 3166
0.14904046058654785, 3165
0.14904046058654785, 3164
0.14904046058654785, 3163
0.14904046058654785, 3162
0.14904046058654785, 3161
0.14904046058654785, 3160
0.14904046058654785, 3159
0.14904046058654785, 3158
0.14904046058654785, 3157
0.14904046058654785, 3156
0.14904046058654785, 3155
0.14904046058654785, 3154
0.14904046058654785, 3153
0.14904046058654785, 3152
0.14904046058654785, 3151
0.14904046058654785, 3150
0.14904046058654785, 3149
0.150038480758667, 3148
0.150038480758667, 3147
0.150038480758667, 3146
0.150038480758667, 3145
0.150038480758667, 3144
0.150038480758667, 3143
0.9060661792755127, 3142
0.9060661792755127, 3141
0.9060661792755127, 3140
0.9060661792755127, 3139
0.9060661792755127, 3138
0.9060661792755127, 3137
0.9060661792755127, 3136
0.9060661792755127, 3135
0.9060661792755127, 3134
0.9060661792755127, 3133
0.9060661792755127, 3132
0.9060661792755127, 3131
0.9070663452148438, 3130
0.9070663452148438, 3129
0.9070663452148438, 3128
0.9070663452148438, 3127
0.9070663452148438, 3126
0.9070663452148438, 3125
0.9070663452148438, 3124
0.9070663452148438, 3123
0.9070663452148438, 3122
0.9070663452148438, 3121
0.9070663452148438, 3120
0.9070663452148438, 3119
0.9070663452148438, 3118
0.9070663452148438, 3117
0.9070663452148438, 3116
0.9070663452148438, 3115
0.9070663452148438, 3114
0.9070663452148438, 3113
0.9070663452148438, 3112
0.9070663452148438, 3111
0.9070663452148438, 3110
0.9070663452148438, 3109
0.9070663452148438, 3108
0.9070663452148438, 3107
