0.017508983612060547, 4892
0.017508983612060547, 4891
0.017508983612060547, 4890
0.017508983612060547, 4889
0.017508983612060547, 4888
0.017508983612060547, 4887
0.017508983612060547, 4886
0.017508983612060547, 4885
0.017508983612060547, 4884
0.0185089111328125, 4883
0.0185089111328125, 4882
0.0185089111328125, 4881
0.0185089111328125, 4880
0.01863265037536621, 4879
0.01863265037536621, 4878
0.01863265037536621, 4877
0.01863265037536621, 4876
0.01863265037536621, 4875
0.01863265037536621, 4874
0.01863265037536621, 4873
0.01863265037536621, 4872
0.01863265037536621, 4871
0.01863265037536621, 4870
0.01863265037536621, 4869
0.01863265037536621, 4868
0.01863265037536621, 4867
0.01863265037536621, 4866
0.01863265037536621, 4865
0.01863265037536621, 4864
0.01863265037536621, 4863
0.01863265037536621, 4862
0.01863265037536621, 4861
0.01863265037536621, 4860
0.01863265037536621, 4859
0.01863265037536621, 4858
0.01863265037536621, 4857
0.01863265037536621, 4856
0.01863265037536621, 4855
0.01863265037536621, 4854
0.01863265037536621, 4853
0.01863265037536621, 4852
0.01863265037536621, 4851
0.01863265037536621, 4850
0.01863265037536621, 4849
0.01863265037536621, 4848
0.01863265037536621, 4847
0.01863265037536621, 4846
0.01863265037536621, 4845
0.01863265037536621, 4844
0.01863265037536621, 4843
0.019508838653564453, 4842
0.019508838653564453, 4841
0.019508838653564453, 4840
0.019508838653564453, 4839
0.019508838653564453, 4838
0.019508838653564453, 4837
0.019508838653564453, 4836
0.019508838653564453, 4835
0.019508838653564453, 4834
0.019508838653564453, 4833
0.019508838653564453, 4832
0.019508838653564453, 4831
0.019508838653564453, 4830
0.019508838653564453, 4829
0.019508838653564453, 4828
0.019508838653564453, 4827
0.019508838653564453, 4826
0.019508838653564453, 4825
0.019508838653564453, 4824
0.019508838653564453, 4823
0.019508838653564453, 4822
0.019508838653564453, 4821
0.019508838653564453, 4820
0.019508838653564453, 4819
0.019508838653564453, 4818
0.019508838653564453, 4817
0.019508838653564453, 4816
0.019508838653564453, 4815
0.019508838653564453, 4814
0.019508838653564453, 4813
0.019508838653564453, 4812
0.019508838653564453, 4811
0.019508838653564453, 4810
0.019508838653564453, 4809
0.019508838653564453, 4808
0.019508838653564453, 4807
0.019508838653564453, 4806
0.019508838653564453, 4805
0.019508838653564453, 4804
0.019508838653564453, 4803
0.019508838653564453, 4802
0.019508838653564453, 4801
0.019508838653564453, 4800
0.019508838653564453, 4799
0.020508766174316406, 4798
0.020508766174316406, 4797
0.020508766174316406, 4796
0.020508766174316406, 4795
0.020508766174316406, 4794
0.020508766174316406, 4793
0.020508766174316406, 4792
0.020508766174316406, 4791
0.020508766174316406, 4790
0.020508766174316406, 4789
0.020508766174316406, 4788
0.020508766174316406, 4787
0.020508766174316406, 4786
0.020508766174316406, 4785
0.020508766174316406, 4784
0.020508766174316406, 4783
0.020508766174316406, 4782
0.020508766174316406, 4781
0.020508766174316406, 4780
0.020508766174316406, 4779
0.020508766174316406, 4778
0.020508766174316406, 4777
0.020508766174316406, 4776
0.020508766174316406, 4775
0.020508766174316406, 4774
0.020508766174316406, 4773
0.020508766174316406, 4772
0.02112603187561035, 4771
0.02112603187561035, 4770
0.02112603187561035, 4769
0.02112603187561035, 4768
0.02112603187561035, 4767
0.02112603187561035, 4766
0.02112603187561035, 4765
0.02112603187561035, 4764
0.02112603187561035, 4763
0.02112603187561035, 4762
0.02112603187561035, 4761
0.02112603187561035, 4760
0.02112603187561035, 4759
0.02112603187561035, 4758
0.02112603187561035, 4757
0.021509408950805664, 4756
0.021509408950805664, 4755
0.021509408950805664, 4754
0.021509408950805664, 4753
0.021509408950805664, 4752
0.021509408950805664, 4751
0.021509408950805664, 4750
0.021509408950805664, 4749
0.021509408950805664, 4748
0.021509408950805664, 4747
0.021509408950805664, 4746
0.021509408950805664, 4745
0.021509408950805664, 4744
0.021509408950805664, 4743
0.021509408950805664, 4742
0.021509408950805664, 4741
0.021509408950805664, 4740
0.021509408950805664, 4739
0.021509408950805664, 4738
0.021509408950805664, 4737
0.021509408950805664, 4736
0.021509408950805664, 4735
0.021509408950805664, 4734
0.021509408950805664, 4733
0.021509408950805664, 4732
0.021509408950805664, 4731
0.021509408950805664, 4730
0.021509408950805664, 4729
0.021509408950805664, 4728
0.021509408950805664, 4727
0.021509408950805664, 4726
0.021509408950805664, 4725
0.021509408950805664, 4724
0.021509408950805664, 4723
0.021509408950805664, 4722
0.021509408950805664, 4721
0.021509408950805664, 4720
0.021509408950805664, 4719
0.021509408950805664, 4718
0.021509408950805664, 4717
0.021509408950805664, 4716
0.021509408950805664, 4715
0.021509408950805664, 4714
0.021509408950805664, 4713
0.022508859634399414, 4712
0.022508859634399414, 4711
0.022508859634399414, 4710
0.022508859634399414, 4709
0.022508859634399414, 4708
0.022508859634399414, 4707
0.022508859634399414, 4706
0.022508859634399414, 4705
0.022508859634399414, 4704
0.022508859634399414, 4703
0.022508859634399414, 4702
0.022508859634399414, 4701
0.022508859634399414, 4700
0.022508859634399414, 4699
0.022508859634399414, 4698
0.022508859634399414, 4697
0.022508859634399414, 4696
0.022508859634399414, 4695
0.022508859634399414, 4694
0.022508859634399414, 4693
0.022508859634399414, 4692
0.022508859634399414, 4691
0.022508859634399414, 4690
0.022508859634399414, 4689
0.022508859634399414, 4688
0.022508859634399414, 4687
0.022508859634399414, 4686
0.022508859634399414, 4685
0.022508859634399414, 4684
0.022508859634399414, 4683
0.022508859634399414, 4682
0.022508859634399414, 4662
0.022508859634399414, 4661
0.022508859634399414, 4660
0.022508859634399414, 4659
0.022508859634399414, 4658
0.022508859634399414, 4657
0.022508859634399414, 4656
0.022508859634399414, 4655
0.022508859634399414, 4654
0.022508859634399414, 4653
0.02350926399230957, 4652
0.02350926399230957, 4651
0.02350926399230957, 4650
0.02350926399230957, 4649
0.02350926399230957, 4648
0.02350926399230957, 4647
0.02350926399230957, 4646
0.02350926399230957, 4645
0.02350926399230957, 4644
0.02350926399230957, 4643
0.02350926399230957, 4642
0.02350926399230957, 4641
0.02350926399230957, 4640
0.02350926399230957, 4639
0.02350926399230957, 4638
0.02350926399230957, 4637
0.02350926399230957, 4636
0.02350926399230957, 4635
0.02350926399230957, 4634
0.02350926399230957, 4633
0.02350926399230957, 4632
0.02350926399230957, 4631
0.02350926399230957, 4630
0.02350926399230957, 4629
0.02350926399230957, 4628
0.02350926399230957, 4627
0.02350926399230957, 4626
0.02350926399230957, 4625
0.02350926399230957, 4624
0.02350926399230957, 4623
0.02350926399230957, 4622
0.02350926399230957, 4621
0.02350926399230957, 4620
0.02350926399230957, 4619
0.02350926399230957, 4618
0.02350926399230957, 4617
0.02350926399230957, 4616
0.02350926399230957, 4615
0.02350926399230957, 4614
0.02350926399230957, 4613
0.02350926399230957, 4612
0.02350926399230957, 4611
0.02350926399230957, 4610
0.024534940719604492, 4609
0.024534940719604492, 4608
0.024534940719604492, 4607
0.024534940719604492, 4606
0.024534940719604492, 4605
0.024534940719604492, 4604
0.024534940719604492, 4603
0.024534940719604492, 4602
0.024534940719604492, 4601
0.024534940719604492, 4600
0.024534940719604492, 4599
0.024534940719604492, 4598
0.024534940719604492, 4597
0.024534940719604492, 4596
0.024534940719604492, 4595
0.024534940719604492, 4594
0.024534940719604492, 4593
0.024534940719604492, 4592
0.024534940719604492, 4591
0.024534940719604492, 4590
0.024534940719604492, 4589
0.024534940719604492, 4588
0.024534940719604492, 4587
0.024534940719604492, 4586
0.024534940719604492, 4585
0.024534940719604492, 4584
0.024534940719604492, 4583
0.024534940719604492, 4582
0.024534940719604492, 4581
0.024534940719604492, 4580
0.024534940719604492, 4579
0.024534940719604492, 4578
0.024534940719604492, 4577
0.024534940719604492, 4576
0.024534940719604492, 4575
0.024534940719604492, 4574
0.024534940719604492, 4573
0.024534940719604492, 4572
0.024534940719604492, 4571
0.024534940719604492, 4570
0.024534940719604492, 4569
0.025534868240356445, 4568
0.025534868240356445, 4567
0.025534868240356445, 4566
0.025534868240356445, 4565
0.025534868240356445, 4564
0.025534868240356445, 4563
0.025534868240356445, 4562
0.025534868240356445, 4561
0.025534868240356445, 4560
0.025534868240356445, 4559
0.025534868240356445, 4558
0.025534868240356445, 4557
0.025534868240356445, 4556
0.025534868240356445, 4555
0.025534868240356445, 4554
0.025534868240356445, 4553
0.025534868240356445, 4552
0.025534868240356445, 4551
0.025534868240356445, 4550
0.025534868240356445, 4549
0.025534868240356445, 4548
0.025534868240356445, 4547
0.025534868240356445, 4546
0.025534868240356445, 4545
0.025534868240356445, 4544
0.025534868240356445, 4543
0.025534868240356445, 4542
0.025534868240356445, 4541
0.025534868240356445, 4540
0.025534868240356445, 4539
0.025534868240356445, 4538
0.025534868240356445, 4537
0.025534868240356445, 4536
0.025534868240356445, 4535
0.025534868240356445, 4534
0.025534868240356445, 4533
0.025534868240356445, 4532
0.025534868240356445, 4531
0.025534868240356445, 4530
0.025534868240356445, 4529
0.025534868240356445, 4528
0.025534868240356445, 4527
0.026534557342529297, 4526
0.026534557342529297, 4525
0.026534557342529297, 4524
0.026534557342529297, 4523
0.026534557342529297, 4522
0.026534557342529297, 4521
0.026534557342529297, 4520
0.026534557342529297, 4519
0.026534557342529297, 4518
0.026534557342529297, 4517
0.026534557342529297, 4516
0.026534557342529297, 4515
0.026534557342529297, 4514
0.026534557342529297, 4513
0.026534557342529297, 4512
0.026534557342529297, 4511
0.026534557342529297, 4510
0.026534557342529297, 4509
0.026534557342529297, 4508
0.026534557342529297, 4507
0.026534557342529297, 4506
0.026534557342529297, 4505
0.026534557342529297, 4504
0.026534557342529297, 4503
0.026534557342529297, 4502
0.026534557342529297, 4501
0.026534557342529297, 4500
0.026534557342529297, 4499
0.026534557342529297, 4498
0.026534557342529297, 4497
0.026534557342529297, 4496
0.026534557342529297, 4495
0.026534557342529297, 4494
0.026534557342529297, 4493
0.026534557342529297, 4492
0.026534557342529297, 4491
0.026534557342529297, 4490
0.026534557342529297, 4489
0.026534557342529297, 4488
0.026534557342529297, 4487
0.026534557342529297, 4486
0.026534557342529297, 4485
0.02753472328186035, 4484
0.02753472328186035, 4483
0.02753472328186035, 4482
0.02753472328186035, 4481
0.02753472328186035, 4480
0.02753472328186035, 4479
0.02753472328186035, 4478
0.02753472328186035, 4477
0.02753472328186035, 4476
0.02753472328186035, 4475
0.02753472328186035, 4474
0.02753472328186035, 4473
0.02753472328186035, 4472
0.02753472328186035, 4471
0.02753472328186035, 4470
0.02753472328186035, 4469
0.02753472328186035, 4468
0.02753472328186035, 4467
0.02753472328186035, 4466
0.02753472328186035, 4465
0.02753472328186035, 4464
0.02753472328186035, 4463
0.02753472328186035, 4462
0.02753472328186035, 4461
0.02753472328186035, 4460
0.02753472328186035, 4459
0.02753472328186035, 4458
0.02753472328186035, 4457
0.02753472328186035, 4456
0.02753472328186035, 4455
0.02753472328186035, 4454
0.02753472328186035, 4453
0.02753472328186035, 4452
0.02753472328186035, 4451
0.02753472328186035, 4450
0.02753472328186035, 4449
0.02753472328186035, 4448
0.02753472328186035, 4447
0.02753472328186035, 4446
0.02753472328186035, 4445
0.03900480270385742, 3407
0.04000449180603027, 3406
0.04000449180603027, 3405
0.04000449180603027, 3404
0.04000449180603027, 3403
0.04000449180603027, 3402
0.04000449180603027, 3401
0.04000449180603027, 3400
0.04000449180603027, 3399
0.04000449180603027, 3398
0.04000449180603027, 3397
0.04000449180603027, 3396
0.04000449180603027, 3395
0.04000449180603027, 3394
0.04000449180603027, 3393
0.04000449180603027, 3392
0.04000449180603027, 3391
0.04000449180603027, 3390
0.04000449180603027, 3389
0.04000449180603027, 3388
0.04000449180603027, 3387
0.04000449180603027, 3386
0.041004180908203125, 3385
0.041004180908203125, 3384
0.04109907150268555, 3383
0.04109907150268555, 3382
0.04109907150268555, 3381
0.04109907150268555, 3380
0.04109907150268555, 3379
0.04109907150268555, 3378
0.04109907150268555, 3377
0.04109907150268555, 3376
0.04109907150268555, 3375
0.04109907150268555, 3374
0.04109907150268555, 3373
0.04109907150268555, 3372
0.04109907150268555, 3371
0.04109907150268555, 3370
0.04109907150268555, 3369
0.04109907150268555, 3368
0.04109907150268555, 3367
0.04109907150268555, 3366
0.04109907150268555, 3365
0.04109907150268555, 3364
0.04109907150268555, 3363
0.04109907150268555, 3362
0.04109907150268555, 3361
0.04109907150268555, 3360
0.04109907150268555, 3359
0.04109907150268555, 3358
0.04109907150268555, 3357
0.04200434684753418, 3356
0.04200434684753418, 3355
0.04200434684753418, 3354
0.04200434684753418, 3353
0.04200434684753418, 3352
0.04200434684753418, 3351
0.04200434684753418, 3350
0.04200434684753418, 3349
0.04200434684753418, 3348
0.04200434684753418, 3347
0.04200434684753418, 3346
0.04200434684753418, 3345
0.04200434684753418, 3344
0.04200434684753418, 3343
0.04200434684753418, 3342
0.04200434684753418, 3341
0.04200434684753418, 3340
0.04200434684753418, 3339
0.04200434684753418, 3338
0.04200434684753418, 3337
0.04200434684753418, 3336
0.04200434684753418, 3335
0.04200434684753418, 3334
0.04200434684753418, 3333
0.04300427436828613, 3332
0.04300427436828613, 3331
0.04300427436828613, 3330
0.04300427436828613, 3329
0.04300427436828613, 3328
0.04300427436828613, 3327
0.04300427436828613, 3326
0.04300427436828613, 3325
0.04300427436828613, 3324
0.04300427436828613, 3323
0.04300427436828613, 3322
0.04300427436828613, 3321
0.04300427436828613, 3320
0.04300427436828613, 3319
0.04300427436828613, 3318
0.04300427436828613, 3317
0.04300427436828613, 3316
0.04300427436828613, 3315
0.04300427436828613, 3314
0.04300427436828613, 3313
0.04300427436828613, 3312
0.04300427436828613, 3311
0.04300427436828613, 3310
0.04300427436828613, 3309
0.04300427436828613, 3308
0.04300427436828613, 3307
0.04300427436828613, 3306
0.04399275779724121, 3305
0.04399275779724121, 3304
0.04399275779724121, 3303
0.04399275779724121, 3302
0.04399275779724121, 3301
0.04399275779724121, 3300
0.04399275779724121, 3299
0.04399275779724121, 3298
0.04399275779724121, 3297
0.04399275779724121, 3296
0.04399275779724121, 3295
0.04399275779724121, 3294
0.04399275779724121, 3293
0.04399275779724121, 3292
0.04399275779724121, 3291
0.04399275779724121, 3290
0.04399275779724121, 3289
0.04399275779724121, 3288
0.04399275779724121, 3287
0.04399275779724121, 3286
0.04399275779724121, 3285
0.04399275779724121, 3284
0.04399275779724121, 3283
0.04399275779724121, 3282
0.04399275779724121, 3281
0.04399275779724121, 3280
0.04399275779724121, 3279
0.04399275779724121, 3278
0.04399275779724121, 3277
0.04399275779724121, 3276
0.04399275779724121, 3275
0.04399275779724121, 3274
0.04399275779724121, 3273
0.04399275779724121, 3272
0.04399275779724121, 3271
0.04399275779724121, 3270
0.04502987861633301, 3269
0.04502987861633301, 3268
0.04502987861633301, 3267
0.04502987861633301, 3266
0.04502987861633301, 3265
0.04502987861633301, 3264
0.04502987861633301, 3263
0.04502987861633301, 3262
0.04502987861633301, 3261
0.04502987861633301, 3260
0.04502987861633301, 3259
0.04502987861633301, 3258
0.04502987861633301, 3257
0.04502987861633301, 3256
0.04502987861633301, 3255
0.04502987861633301, 3254
0.04502987861633301, 3253
0.04502987861633301, 3252
0.04502987861633301, 3251
0.04502987861633301, 3250
0.04502987861633301, 3249
0.04502987861633301, 3248
0.04502987861633301, 3247
0.04502987861633301, 3246
0.04502987861633301, 3245
0.04502987861633301, 3244
0.04502987861633301, 3243
0.04502987861633301, 3242
0.04502987861633301, 3241
0.04502987861633301, 3240
0.04502987861633301, 3239
0.04502987861633301, 3238
0.04603099822998047, 3237
0.04603099822998047, 3236
0.04603099822998047, 3235
0.04603099822998047, 3234
0.04603099822998047, 3233
0.04603099822998047, 3232
0.04603099822998047, 3231
0.04603099822998047, 3230
0.04603099822998047, 3229
0.04603099822998047, 3228
0.04603099822998047, 3227
0.04603099822998047, 3226
0.04603099822998047, 3225
0.04603099822998047, 3224
0.04603099822998047, 3223
0.04603099822998047, 3222
0.04603099822998047, 3221
0.04603099822998047, 3220
0.04603099822998047, 3219
0.04603099822998047, 3218
0.04603099822998047, 3217
0.04603099822998047, 3216
0.04603099822998047, 3215
0.04603099822998047, 3214
0.04603099822998047, 3213
0.04603099822998047, 3212
0.04603099822998047, 3211
0.04603099822998047, 3210
0.04603099822998047, 3209
0.04603099822998047, 3208
0.04603099822998047, 3207
0.04603099822998047, 3206
0.04603099822998047, 3205
0.04603099822998047, 3204
0.047029972076416016, 3203
0.047029972076416016, 3202
0.047029972076416016, 3201
0.047029972076416016, 3200
0.047029972076416016, 3199
0.047029972076416016, 3198
0.047029972076416016, 3197
0.047029972076416016, 3196
0.047029972076416016, 3195
0.047029972076416016, 3194
0.047029972076416016, 3193
0.047029972076416016, 3192
0.047029972076416016, 3191
0.047029972076416016, 3190
0.047029972076416016, 3189
0.047029972076416016, 3188
0.047029972076416016, 3187
0.047029972076416016, 3186
0.047029972076416016, 3185
0.047029972076416016, 3184
0.047029972076416016, 3183
0.047029972076416016, 3182
0.04763984680175781, 3181
0.04763984680175781, 3180
0.04763984680175781, 3179
0.04763984680175781, 3178
0.04763984680175781, 3177
0.04763984680175781, 3176
0.04763984680175781, 3175
0.04763984680175781, 3174
0.04763984680175781, 3173
0.04763984680175781, 3172
0.12433767318725586, 3171
0.2601492404937744, 3170
0.2611205577850342, 3169
0.2611205577850342, 3168
0.2611205577850342, 3167
0.2611205577850342, 3166
0.2611205577850342, 3165
0.2611205577850342, 3164
0.2611205577850342, 3163
0.2611205577850342, 3162
0.2611205577850342, 3161
0.2611205577850342, 3160
0.2611205577850342, 3159
0.2611205577850342, 3158
0.2611205577850342, 3157
0.2611205577850342, 3156
0.2611205577850342, 3155
0.2611205577850342, 3154
1.6318886280059814, 3153
1.632887840270996, 3152
1.632887840270996, 3151
1.632887840270996, 3150
1.632887840270996, 3149
1.632887840270996, 3148
1.632887840270996, 3147
1.632887840270996, 3146
1.632887840270996, 3145
1.632887840270996, 3144
1.632887840270996, 3143
1.632887840270996, 3142
1.632887840270996, 3141
1.632887840270996, 3140
1.632887840270996, 3139
1.632887840270996, 3138
1.632887840270996, 3137
1.632887840270996, 3136
1.632887840270996, 3135
1.632887840270996, 3134
1.632887840270996, 3133
1.632887840270996, 3132
1.632887840270996, 3131
3.876084089279175, 3130
3.877084732055664, 3129
3.877084732055664, 3128
5.807058811187744, 3127
5.807058811187744, 3126
5.807058811187744, 3125
9.66097617149353, 3124
9.66097617149353, 3123
9.66097617149353, 3122
9.66097617149353, 3121
9.66097617149353, 3120
9.66097617149353, 3119
9.66097617149353, 3118
9.66097617149353, 3117
9.66097617149353, 3116
9.66097617149353, 3115
9.66097617149353, 3114
9.66097617149353, 3113
9.66097617149353, 3112
9.66097617149353, 3111
9.66097617149353, 3110
9.66097617149353, 3109
9.66097617149353, 3108
9.66097617149353, 3107
9.66097617149353, 3106
9.66097617149353, 3105
9.661975622177124, 3104
