0.020940303802490234, 4893
0.020940303802490234, 4892
0.020940303802490234, 4891
0.020940303802490234, 4890
0.020940303802490234, 4889
0.020940303802490234, 4888
0.020940303802490234, 4887
0.020940303802490234, 4886
0.020940303802490234, 4885
0.020940303802490234, 4884
0.020940303802490234, 4883
0.020940303802490234, 4882
0.020940303802490234, 4881
0.020940303802490234, 4880
0.020940303802490234, 4879
0.020940303802490234, 4878
0.020940303802490234, 4877
0.020940303802490234, 4876
0.020940303802490234, 4875
0.020940303802490234, 4874
0.020940303802490234, 4873
0.020940303802490234, 4872
0.020940303802490234, 4871
0.020940303802490234, 4870
0.020940303802490234, 4869
0.020940303802490234, 4868
0.020940303802490234, 4867
0.020940303802490234, 4866
0.020940303802490234, 4865
0.020940303802490234, 4864
0.020940303802490234, 4863
0.020940303802490234, 4862
0.020940303802490234, 4861
0.021940231323242188, 4860
0.021940231323242188, 4859
0.021940231323242188, 4858
0.021940231323242188, 4857
0.021940231323242188, 4856
0.021940231323242188, 4855
0.021940231323242188, 4854
0.021940231323242188, 4853
0.021940231323242188, 4852
0.021940231323242188, 4851
0.021940231323242188, 4850
0.021940231323242188, 4849
0.021940231323242188, 4848
0.021940231323242188, 4847
0.021940231323242188, 4846
0.021940231323242188, 4845
0.021940231323242188, 4844
0.021940231323242188, 4843
0.021940231323242188, 4842
0.021940231323242188, 4841
0.021940231323242188, 4840
0.021940231323242188, 4839
0.021940231323242188, 4838
0.021940231323242188, 4837
0.021940231323242188, 4836
0.021940231323242188, 4835
0.021940231323242188, 4834
0.021940231323242188, 4833
0.021940231323242188, 4832
0.021940231323242188, 4831
0.021940231323242188, 4830
0.021940231323242188, 4829
0.021940231323242188, 4828
0.021940231323242188, 4827
0.021940231323242188, 4826
0.021940231323242188, 4825
0.021940231323242188, 4824
0.021940231323242188, 4823
0.021940231323242188, 4822
0.021940231323242188, 4821
0.021940231323242188, 4820
0.021940231323242188, 4819
0.021940231323242188, 4818
0.021940231323242188, 4817
0.022940397262573242, 4816
0.022940397262573242, 4815
0.022940397262573242, 4814
0.022940397262573242, 4813
0.022940397262573242, 4812
0.022940397262573242, 4811
0.022940397262573242, 4810
0.022940397262573242, 4809
0.022940397262573242, 4808
0.022940397262573242, 4807
0.022940397262573242, 4806
0.022940397262573242, 4805
0.022940397262573242, 4804
0.022940397262573242, 4803
0.022940397262573242, 4802
0.022940397262573242, 4801
0.022940397262573242, 4800
0.022940397262573242, 4799
0.022940397262573242, 4798
0.022940397262573242, 4797
0.022940397262573242, 4796
0.022940397262573242, 4795
0.022940397262573242, 4794
0.022940397262573242, 4793
0.022940397262573242, 4792
0.022940397262573242, 4791
0.022940397262573242, 4790
0.022940397262573242, 4789
0.022940397262573242, 4788
0.022940397262573242, 4787
0.022940397262573242, 4786
0.022940397262573242, 4785
0.022940397262573242, 4784
0.022940397262573242, 4783
0.022940397262573242, 4782
0.022940397262573242, 4781
0.022940397262573242, 4780
0.022940397262573242, 4779
0.022940397262573242, 4778
0.022940397262573242, 4777
0.022940397262573242, 4776
0.022940397262573242, 4775
0.022940397262573242, 4774
0.023940086364746094, 4773
0.023940086364746094, 4772
0.023940086364746094, 4771
0.023940086364746094, 4770
0.023940086364746094, 4769
0.023940086364746094, 4768
0.023940086364746094, 4767
0.023940086364746094, 4766
0.023940086364746094, 4765
0.023940086364746094, 4764
0.023940086364746094, 4763
0.023940086364746094, 4762
0.023940086364746094, 4761
0.023940086364746094, 4760
0.023940086364746094, 4759
0.023940086364746094, 4758
0.023940086364746094, 4757
0.023940086364746094, 4756
0.023940086364746094, 4755
0.023940086364746094, 4754
0.023940086364746094, 4753
0.023940086364746094, 4752
0.023940086364746094, 4751
0.023940086364746094, 4750
0.023940086364746094, 4749
0.023940086364746094, 4748
0.023940086364746094, 4747
0.023940086364746094, 4746
0.023940086364746094, 4745
0.023940086364746094, 4744
0.023940086364746094, 4743
0.023940086364746094, 4742
0.023940086364746094, 4741
0.023940086364746094, 4740
0.023940086364746094, 4739
0.023940086364746094, 4738
0.023940086364746094, 4737
0.023940086364746094, 4736
0.023940086364746094, 4735
0.023940086364746094, 4734
0.023940086364746094, 4733
0.023940086364746094, 4732
0.023940086364746094, 4731
0.023940086364746094, 4730
0.023940086364746094, 4729
0.024940013885498047, 4728
0.024940013885498047, 4727
0.024940013885498047, 4726
0.024940013885498047, 4725
0.024940013885498047, 4724
0.024940013885498047, 4723
0.024940013885498047, 4722
0.024940013885498047, 4721
0.024940013885498047, 4720
0.024940013885498047, 4719
0.024940013885498047, 4718
0.024940013885498047, 4717
0.024940013885498047, 4716
0.024940013885498047, 4715
0.024940013885498047, 4714
0.024940013885498047, 4713
0.024940013885498047, 4712
0.024940013885498047, 4711
0.024940013885498047, 4710
0.024940013885498047, 4709
0.024940013885498047, 4708
0.024940013885498047, 4707
0.024940013885498047, 4706
0.024940013885498047, 4705
0.024940013885498047, 4704
0.024940013885498047, 4703
0.024940013885498047, 4702
0.024940013885498047, 4701
0.024940013885498047, 4700
0.024940013885498047, 4699
0.024940013885498047, 4698
0.024940013885498047, 4697
0.024940013885498047, 4696
0.024940013885498047, 4695
0.024940013885498047, 4694
0.024940013885498047, 4693
0.024940013885498047, 4692
0.024940013885498047, 4691
0.024940013885498047, 4690
0.024940013885498047, 4689
0.024940013885498047, 4688
0.024940013885498047, 4687
0.024940013885498047, 4686
0.0259401798248291, 4685
0.0259401798248291, 4684
0.0259401798248291, 4683
0.0259401798248291, 4682
0.07588720321655273, 4681
0.07588720321655273, 4680
0.07588720321655273, 4679
0.07588720321655273, 4678
0.07588720321655273, 4677
0.07588720321655273, 4676
0.07588720321655273, 4675
0.07588720321655273, 4674
0.07588720321655273, 4673
0.07588720321655273, 4672
0.07588720321655273, 4671
0.07588720321655273, 4670
0.07588720321655273, 4669
0.07588720321655273, 4668
0.07588720321655273, 4667
0.07588720321655273, 4666
0.07588720321655273, 4665
0.12493157386779785, 4664
0.12493157386779785, 4663
0.12493157386779785, 4662
0.12493157386779785, 4661
0.12493157386779785, 4660
0.12493157386779785, 4659
0.12493157386779785, 4658
0.12493157386779785, 4657
0.12493157386779785, 4656
0.12493157386779785, 4655
0.12493157386779785, 4654
0.12493157386779785, 4653
0.12493157386779785, 4652
0.12493157386779785, 4651
0.12493157386779785, 4650
0.12493157386779785, 4649
0.12493157386779785, 4648
0.12493157386779785, 4647
0.12493157386779785, 4646
0.12493157386779785, 4645
0.12493157386779785, 4644
0.12493157386779785, 4643
0.12493157386779785, 4642
0.12493157386779785, 4641
0.12493157386779785, 4640
0.12493157386779785, 4639
0.12493157386779785, 4638
0.1259317398071289, 4637
0.1259317398071289, 4636
0.1259317398071289, 4635
0.1259317398071289, 4634
0.1259317398071289, 4633
0.1259317398071289, 4632
0.1259317398071289, 4631
0.1259317398071289, 4630
0.1259317398071289, 4629
0.1259317398071289, 4628
0.1259317398071289, 4627
0.1259317398071289, 4626
0.1259317398071289, 4625
0.1259317398071289, 4624
0.1259317398071289, 4623
0.1259317398071289, 4622
0.1259317398071289, 4621
0.1259317398071289, 4620
0.1259317398071289, 4619
0.1259317398071289, 4618
0.1259317398071289, 4617
0.1259317398071289, 4616
0.1259317398071289, 4615
0.1259317398071289, 4614
0.1259317398071289, 4613
0.1259317398071289, 4612
0.1259317398071289, 4611
0.12654709815979004, 4610
0.12654709815979004, 4609
0.12654709815979004, 4608
0.12654709815979004, 4607
0.12654709815979004, 4606
0.12654709815979004, 4605
0.12654709815979004, 4604
0.12654709815979004, 4603
0.12654709815979004, 4602
0.12654709815979004, 4601
0.12654709815979004, 4600
0.12654709815979004, 4599
0.12654709815979004, 4598
0.12654709815979004, 4597
0.12654709815979004, 4596
0.12654709815979004, 4595
0.12654709815979004, 4594
0.12693214416503906, 4593
0.12693214416503906, 4592
0.12693214416503906, 4591
0.12693214416503906, 4590
0.12693214416503906, 4589
0.12693214416503906, 4588
0.12693214416503906, 4587
0.12693214416503906, 4586
0.12693214416503906, 4585
0.12693214416503906, 4584
0.12693214416503906, 4583
0.12693214416503906, 4582
0.12693214416503906, 4581
0.12693214416503906, 4580
0.12693214416503906, 4579
0.12693214416503906, 4578
0.12693214416503906, 4577
0.12693214416503906, 4576
0.12693214416503906, 4575
0.12693214416503906, 4574
0.12693214416503906, 4573
0.12693214416503906, 4572
0.12693214416503906, 4571
0.12693214416503906, 4570
0.12693214416503906, 4569
0.12693214416503906, 4568
0.12693214416503906, 4567
0.12693214416503906, 4566
0.14088773727416992, 3180
0.14088773727416992, 3179
0.14088773727416992, 3178
0.14088773727416992, 3177
0.14088773727416992, 3176
0.14088773727416992, 3175
0.14088773727416992, 3174
0.14088773727416992, 3173
0.14088773727416992, 3172
0.14088773727416992, 3171
0.14088773727416992, 3170
0.14088773727416992, 3169
0.14088773727416992, 3168
0.14088773727416992, 3167
0.14088773727416992, 3166
0.14088773727416992, 3165
0.14088773727416992, 3164
0.14088773727416992, 3163
0.14088773727416992, 3162
0.14188766479492188, 3161
0.14188766479492188, 3160
0.14188766479492188, 3159
0.14188766479492188, 3158
0.14188766479492188, 3157
0.14188766479492188, 3156
0.14188766479492188, 3155
0.14188766479492188, 3154
0.14188766479492188, 3153
0.14188766479492188, 3152
0.14188766479492188, 3151
0.14188766479492188, 3150
1.2519750595092773, 3149
1.2519750595092773, 3148
1.7530872821807861, 3147
1.7530872821807861, 3146
1.7530872821807861, 3145
1.7530872821807861, 3144
1.7530872821807861, 3143
1.7530872821807861, 3142
1.7530872821807861, 3141
1.7530872821807861, 3140
1.7540862560272217, 3139
1.7540862560272217, 3138
2.2820444107055664, 3137
2.2820444107055664, 3136
2.2820444107055664, 3135
2.2820444107055664, 3134
3.5339465141296387, 3133
3.5339465141296387, 3132
4.547747373580933, 3131
4.547747373580933, 3130
4.547747373580933, 3129
4.547747373580933, 3128
4.547747373580933, 3127
4.547747373580933, 3126
4.547747373580933, 3125
4.547747373580933, 3124
4.547747373580933, 3123
4.547747373580933, 3122
4.547747373580933, 3121
