0.022475004196166992, 4874
0.022475004196166992, 4873
0.022475004196166992, 4872
0.022475004196166992, 4871
0.022475004196166992, 4870
0.022475004196166992, 4869
0.022475004196166992, 4868
0.022475004196166992, 4867
0.022475004196166992, 4866
0.022475004196166992, 4865
0.022475004196166992, 4864
0.022475004196166992, 4863
0.022475004196166992, 4862
0.022475004196166992, 4861
0.022475004196166992, 4860
0.022475004196166992, 4859
0.022475004196166992, 4858
0.022475004196166992, 4857
0.022475004196166992, 4856
0.022475004196166992, 4855
0.022475004196166992, 4854
0.022475004196166992, 4853
0.022475004196166992, 4852
0.022475004196166992, 4851
0.022475004196166992, 4850
0.022475004196166992, 4849
0.022475004196166992, 4848
0.022475004196166992, 4847
0.022475004196166992, 4846
0.022475004196166992, 4845
0.022475004196166992, 4844
0.02347874641418457, 4843
0.02347874641418457, 4842
0.02347874641418457, 4841
0.02347874641418457, 4840
0.02347874641418457, 4839
0.02347874641418457, 4838
0.02347874641418457, 4837
0.02347874641418457, 4836
0.02347874641418457, 4835
0.02347874641418457, 4834
0.02347874641418457, 4833
0.02347874641418457, 4832
0.02347874641418457, 4831
0.02347874641418457, 4830
0.02347874641418457, 4829
0.02347874641418457, 4828
0.02347874641418457, 4827
0.02347874641418457, 4826
0.02347874641418457, 4825
0.02347874641418457, 4824
0.02347874641418457, 4823
0.02347874641418457, 4822
0.02347874641418457, 4821
0.02347874641418457, 4820
0.02347874641418457, 4819
0.02347874641418457, 4818
0.02347874641418457, 4817
0.02347874641418457, 4816
0.02347874641418457, 4815
0.02347874641418457, 4814
0.02347874641418457, 4813
0.02347874641418457, 4812
0.02447676658630371, 4811
0.02447676658630371, 4810
0.02447676658630371, 4809
0.02447676658630371, 4808
0.02447676658630371, 4807
0.02447676658630371, 4806
0.02447676658630371, 4805
0.02447676658630371, 4804
0.02447676658630371, 4803
0.02447676658630371, 4802
0.02447676658630371, 4801
0.02447676658630371, 4800
0.02447676658630371, 4799
0.02447676658630371, 4798
0.02447676658630371, 4797
0.02447676658630371, 4796
0.02447676658630371, 4795
0.02447676658630371, 4794
0.02447676658630371, 4793
0.02447676658630371, 4792
0.02447676658630371, 4791
0.02447676658630371, 4790
0.02447676658630371, 4789
0.02447676658630371, 4788
0.02447676658630371, 4787
0.02447676658630371, 4786
0.02447676658630371, 4785
0.02447676658630371, 4784
0.02447676658630371, 4783
0.02447676658630371, 4782
0.02447676658630371, 4781
0.02447676658630371, 4780
0.02447676658630371, 4779
0.02447676658630371, 4778
0.02447676658630371, 4777
0.02547621726989746, 4776
0.02547621726989746, 4775
0.02547621726989746, 4774
0.02547621726989746, 4773
0.02547621726989746, 4772
0.02547621726989746, 4771
0.02547621726989746, 4770
0.02547621726989746, 4769
0.02547621726989746, 4768
0.02547621726989746, 4767
0.02547621726989746, 4766
0.02547621726989746, 4765
0.02547621726989746, 4764
0.02547621726989746, 4763
0.02547621726989746, 4762
0.02547621726989746, 4761
0.02547621726989746, 4760
0.02547621726989746, 4759
0.02547621726989746, 4758
0.02547621726989746, 4757
0.02547621726989746, 4756
0.02547621726989746, 4755
0.02547621726989746, 4754
0.02547621726989746, 4753
0.02547621726989746, 4752
0.02547621726989746, 4751
0.02547621726989746, 4750
0.02547621726989746, 4749
0.02547621726989746, 4748
0.02547621726989746, 4747
0.02547621726989746, 4746
0.02547621726989746, 4745
0.02547621726989746, 4744
0.05579543113708496, 4743
0.05579543113708496, 4742
0.05579543113708496, 4741
0.05579543113708496, 4740
0.05579543113708496, 4739
0.05579543113708496, 4738
0.05579543113708496, 4737
0.05579543113708496, 4736
0.05579543113708496, 4735
0.05579543113708496, 4734
0.05579543113708496, 4733
0.05579543113708496, 4732
0.05579543113708496, 4731
0.05579543113708496, 4730
0.05579543113708496, 4729
0.05579543113708496, 4728
0.05579543113708496, 4727
0.05579543113708496, 4726
0.05579543113708496, 4725
0.05579543113708496, 4724
0.05579543113708496, 4723
0.12278604507446289, 3194
0.12378668785095215, 3193
0.12378668785095215, 3192
0.12378668785095215, 3191
0.12378668785095215, 3190
0.12378668785095215, 3189
0.12378668785095215, 3188
0.12378668785095215, 3187
0.12378668785095215, 3186
0.12378668785095215, 3185
0.12378668785095215, 3184
0.12378668785095215, 3183
0.12378668785095215, 3182
0.12378668785095215, 3181
0.12378668785095215, 3180
0.12378668785095215, 3179
0.12378668785095215, 3178
0.12378668785095215, 3177
0.12378668785095215, 3176
0.12378668785095215, 3175
0.12378668785095215, 3174
0.12378668785095215, 3173
0.12378668785095215, 3172
0.12378668785095215, 3171
0.12378668785095215, 3170
0.12378668785095215, 3169
0.12378668785095215, 3168
0.12378668785095215, 3167
0.12378668785095215, 3166
0.12378668785095215, 3165
0.20580196380615234, 3164
0.20580196380615234, 3163
0.20580196380615234, 3162
0.20580196380615234, 3161
0.20580196380615234, 3160
0.20580196380615234, 3159
0.2328333854675293, 3158
0.2328333854675293, 3157
0.2328333854675293, 3156
0.2328333854675293, 3155
0.2328333854675293, 3154
0.2328333854675293, 3153
0.2328333854675293, 3152
0.2328333854675293, 3151
0.2328333854675293, 3150
0.2328333854675293, 3149
0.2328333854675293, 3148
0.2328333854675293, 3147
0.2328333854675293, 3146
0.2328333854675293, 3145
0.2328333854675293, 3144
0.2328333854675293, 3143
0.2328333854675293, 3142
0.2328333854675293, 3141
0.2328333854675293, 3140
0.2328333854675293, 3139
0.2328333854675293, 3138
0.2328333854675293, 3137
0.2328333854675293, 3136
0.2328333854675293, 3135
0.2328333854675293, 3134
0.2328333854675293, 3133
0.2328333854675293, 3132
0.2328333854675293, 3131
0.2328333854675293, 3130
0.2328333854675293, 3129
0.2328333854675293, 3128
0.23383235931396484, 3127
0.23383235931396484, 3126
0.23383235931396484, 3125
0.23383235931396484, 3124
0.23383235931396484, 3123
0.23383235931396484, 3122
0.23383235931396484, 3121
0.23383235931396484, 3120
0.23383235931396484, 3119
0.23383235931396484, 3118
0.23383235931396484, 3117
0.23383235931396484, 3116
0.23383235931396484, 3115
0.23383235931396484, 3114
2.0908021926879883, 3113
2.0908021926879883, 3112
2.0908021926879883, 3111
2.0908021926879883, 3110
2.0908021926879883, 3109
2.0908021926879883, 3108
2.0908021926879883, 3107
2.0908021926879883, 3106
2.0908021926879883, 3105
