0.020035982131958008, 4920
0.020035982131958008, 4919
0.020035982131958008, 4918
0.020035982131958008, 4917
0.020035982131958008, 4916
0.021034717559814453, 4915
0.021034717559814453, 4914
0.021034717559814453, 4913
0.021034717559814453, 4912
0.021034717559814453, 4911
0.021034717559814453, 4910
0.021034717559814453, 4909
0.021034717559814453, 4908
0.021034717559814453, 4907
0.021034717559814453, 4906
0.021034717559814453, 4905
0.021034717559814453, 4904
0.021034717559814453, 4903
0.021034717559814453, 4902
0.021034717559814453, 4901
0.021034717559814453, 4900
0.021034717559814453, 4899
0.021034717559814453, 4898
0.021034717559814453, 4897
0.021034717559814453, 4896
0.021034717559814453, 4895
0.021034717559814453, 4894
0.021034717559814453, 4893
0.021034717559814453, 4892
0.021034717559814453, 4891
0.021034717559814453, 4890
0.021034717559814453, 4889
0.021034717559814453, 4888
0.02203369140625, 4887
0.02203369140625, 4886
0.02203369140625, 4885
0.02203369140625, 4884
0.02203369140625, 4883
0.02203369140625, 4882
0.02203369140625, 4881
0.02203369140625, 4880
0.02203369140625, 4879
0.02203369140625, 4878
0.02203369140625, 4877
0.02203369140625, 4876
0.02203369140625, 4875
0.02203369140625, 4874
0.02203369140625, 4873
0.02203369140625, 4872
0.02203369140625, 4871
0.02203369140625, 4870
0.02203369140625, 4869
0.02203369140625, 4868
0.02203369140625, 4867
0.02203369140625, 4866
0.02203369140625, 4865
0.02203369140625, 4864
0.02203369140625, 4863
0.02203369140625, 4862
0.02203369140625, 4861
0.02203369140625, 4860
0.023033618927001953, 4859
0.023033618927001953, 4858
0.023033618927001953, 4857
0.023033618927001953, 4856
0.023033618927001953, 4855
0.023033618927001953, 4854
0.023033618927001953, 4853
0.023033618927001953, 4852
0.023033618927001953, 4851
0.023033618927001953, 4850
0.023033618927001953, 4849
0.023033618927001953, 4848
0.023033618927001953, 4847
0.023033618927001953, 4846
0.023033618927001953, 4845
0.023033618927001953, 4844
0.023033618927001953, 4843
0.023033618927001953, 4842
0.023033618927001953, 4841
0.023033618927001953, 4840
0.023033618927001953, 4839
0.023033618927001953, 4838
0.023033618927001953, 4837
0.023033618927001953, 4836
0.023033618927001953, 4835
0.023033618927001953, 4834
0.023033618927001953, 4833
0.023033618927001953, 4832
0.024033546447753906, 4831
0.024033546447753906, 4830
0.024033546447753906, 4829
0.024033546447753906, 4828
0.024033546447753906, 4827
0.024033546447753906, 4826
0.024033546447753906, 4825
0.024033546447753906, 4824
0.024033546447753906, 4823
0.024033546447753906, 4822
0.024033546447753906, 4821
0.024033546447753906, 4820
0.024033546447753906, 4819
0.024033546447753906, 4818
0.024033546447753906, 4817
0.024033546447753906, 4816
0.024033546447753906, 4815
0.024033546447753906, 4814
0.024033546447753906, 4813
0.024033546447753906, 4812
0.024033546447753906, 4811
0.024033546447753906, 4810
0.024033546447753906, 4809
0.024033546447753906, 4808
0.024033546447753906, 4807
0.024033546447753906, 4806
0.024033546447753906, 4805
0.024033546447753906, 4804
0.02503347396850586, 4803
0.02503347396850586, 4802
0.02503347396850586, 4801
0.02503347396850586, 4800
0.02503347396850586, 4799
0.02503347396850586, 4798
0.02503347396850586, 4797
0.02503347396850586, 4796
0.02503347396850586, 4795
0.02503347396850586, 4794
0.02503347396850586, 4793
0.02503347396850586, 4792
0.02503347396850586, 4791
0.02503347396850586, 4790
0.02503347396850586, 4789
0.02503347396850586, 4788
0.02503347396850586, 4787
0.02503347396850586, 4786
0.02503347396850586, 4785
0.02503347396850586, 4784
0.02503347396850586, 4783
0.02503347396850586, 4782
0.025830984115600586, 4781
0.025830984115600586, 4780
0.025830984115600586, 4779
0.025830984115600586, 4778
0.025830984115600586, 4777
0.025830984115600586, 4776
0.02605891227722168, 4775
0.02605891227722168, 4774
0.02605891227722168, 4773
0.02605891227722168, 4772
0.02605891227722168, 4771
0.02605891227722168, 4770
0.02605891227722168, 4769
0.02605891227722168, 4768
0.02605891227722168, 4767
0.02605891227722168, 4766
0.02605891227722168, 4765
0.02605891227722168, 4764
0.02605891227722168, 4763
0.02605891227722168, 4762
0.02605891227722168, 4761
0.02605891227722168, 4760
0.02605891227722168, 4759
0.02605891227722168, 4758
0.02605891227722168, 4757
0.02605891227722168, 4756
0.02605891227722168, 4755
0.02605891227722168, 4754
0.02605891227722168, 4753
0.02605891227722168, 4752
0.02605891227722168, 4751
0.02605891227722168, 4750
0.02605891227722168, 4749
0.02605891227722168, 4748
0.027058839797973633, 4747
0.027058839797973633, 4746
0.027058839797973633, 4745
0.027058839797973633, 4744
0.027058839797973633, 4743
0.027058839797973633, 4742
0.027058839797973633, 4741
0.027058839797973633, 4740
0.027058839797973633, 4739
0.027058839797973633, 4738
0.027058839797973633, 4737
0.027058839797973633, 4736
0.027058839797973633, 4735
0.027058839797973633, 4734
0.027058839797973633, 4733
0.027058839797973633, 4732
0.027058839797973633, 4731
0.027058839797973633, 4730
0.027058839797973633, 4729
0.027058839797973633, 4728
0.027058839797973633, 4727
0.027058839797973633, 4726
0.027058839797973633, 4725
0.027058839797973633, 4724
0.027058839797973633, 4723
0.027058839797973633, 4722
0.027058839797973633, 4721
0.027058839797973633, 4720
0.028059005737304688, 4719
0.028059005737304688, 4718
0.028059005737304688, 4717
0.028059005737304688, 4716
0.028059005737304688, 4715
0.028059005737304688, 4714
0.028059005737304688, 4713
0.028059005737304688, 4712
0.028059005737304688, 4711
0.028059005737304688, 4710
0.028059005737304688, 4709
0.028059005737304688, 4708
0.028059005737304688, 4707
0.028059005737304688, 4706
0.028059005737304688, 4705
0.028059005737304688, 4704
0.028059005737304688, 4703
0.028059005737304688, 4702
0.028059005737304688, 4701
0.028059005737304688, 4700
0.028059005737304688, 4699
0.028059005737304688, 4698
0.028059005737304688, 4697
0.028059005737304688, 4696
0.028059005737304688, 4695
0.028059005737304688, 4694
0.028059005737304688, 4693
0.028059005737304688, 4692
0.02905869483947754, 4691
0.02905869483947754, 4690
0.02905869483947754, 4689
0.02905869483947754, 4688
0.02905869483947754, 4687
0.02905869483947754, 4686
0.02905869483947754, 4685
0.02905869483947754, 4684
0.02905869483947754, 4683
0.02905869483947754, 4682
0.02905869483947754, 4681
0.02905869483947754, 4680
0.02905869483947754, 4679
0.02905869483947754, 4678
0.02905869483947754, 4677
0.02905869483947754, 4676
0.02905869483947754, 4675
0.02905869483947754, 4674
0.02905869483947754, 4673
0.02905869483947754, 4672
0.02905869483947754, 4671
0.02905869483947754, 4670
0.02905869483947754, 4669
0.02905869483947754, 4668
0.02905869483947754, 4667
0.02905869483947754, 4666
0.02905869483947754, 4665
0.030058860778808594, 4664
0.030058860778808594, 4663
0.030058860778808594, 4662
0.030058860778808594, 4661
0.030058860778808594, 4660
0.030058860778808594, 4659
0.030058860778808594, 4658
0.030058860778808594, 4657
0.030058860778808594, 4656
0.030058860778808594, 4655
0.030058860778808594, 4654
0.030058860778808594, 4653
0.030058860778808594, 4652
0.030058860778808594, 4651
0.030058860778808594, 4650
0.030058860778808594, 4649
0.030058860778808594, 4648
0.030058860778808594, 4647
0.030058860778808594, 4646
0.030058860778808594, 4645
0.030058860778808594, 4644
0.030058860778808594, 4643
0.030058860778808594, 4642
0.030058860778808594, 4641
0.030058860778808594, 4640
0.030058860778808594, 4639
0.030058860778808594, 4638
0.030058860778808594, 4637
0.031058788299560547, 4636
0.031058788299560547, 4635
0.031058788299560547, 4634
0.031058788299560547, 4633
0.031058788299560547, 4632
0.031058788299560547, 4631
0.031058788299560547, 4630
0.031058788299560547, 4629
0.031058788299560547, 4628
0.031058788299560547, 4627
0.031058788299560547, 4626
0.031058788299560547, 4625
0.031058788299560547, 4624
0.031058788299560547, 4623
0.031058788299560547, 4622
0.031058788299560547, 4621
0.031058788299560547, 4620
0.031058788299560547, 4619
0.031058788299560547, 4618
0.031058788299560547, 4617
0.031058788299560547, 4616
0.031058788299560547, 4615
0.031058788299560547, 4614
0.031058788299560547, 4613
0.031058788299560547, 4612
0.0320589542388916, 4611
0.0320589542388916, 4610
0.0320589542388916, 4609
0.0320589542388916, 4608
0.0320589542388916, 4607
0.0320589542388916, 4606
0.0320589542388916, 4605
0.0320589542388916, 4604
0.0320589542388916, 4603
0.0320589542388916, 4602
0.0320589542388916, 4601
0.0320589542388916, 4600
0.0320589542388916, 4599
0.0320589542388916, 4598
0.0320589542388916, 4597
0.0320589542388916, 4596
0.0320589542388916, 4595
0.0320589542388916, 4594
0.0320589542388916, 4593
0.0320589542388916, 4592
0.0320589542388916, 4591
0.0320589542388916, 4590
0.0320589542388916, 4589
0.0320589542388916, 4588
0.0320589542388916, 4587
0.0320589542388916, 4586
0.0320589542388916, 4585
0.0320589542388916, 4584
0.033058881759643555, 4583
0.033058881759643555, 4582
0.033058881759643555, 4581
0.033058881759643555, 4580
0.033058881759643555, 4579
0.033058881759643555, 4578
0.033058881759643555, 4577
0.033058881759643555, 4576
0.033058881759643555, 4575
0.033058881759643555, 4574
0.033058881759643555, 4573
0.033058881759643555, 4572
0.033058881759643555, 4571
0.033058881759643555, 4570
0.033058881759643555, 4569
0.033058881759643555, 4568
0.033058881759643555, 4567
0.033058881759643555, 4566
0.033058881759643555, 4565
0.033058881759643555, 4564
0.033058881759643555, 4563
0.033058881759643555, 4562
0.033058881759643555, 4561
0.033058881759643555, 4560
0.033058881759643555, 4559
0.033058881759643555, 4558
0.033058881759643555, 4557
0.03405880928039551, 4556
0.03405880928039551, 4555
0.03405880928039551, 4554
0.03405880928039551, 4553
0.03405880928039551, 4552
0.03405880928039551, 4551
0.03405880928039551, 4550
0.08444046974182129, 4532
0.08444046974182129, 4531
0.08444046974182129, 4530
0.08544087409973145, 4529
0.08544087409973145, 4528
0.08544087409973145, 4527
0.08544087409973145, 4526
0.08544087409973145, 4525
0.08544087409973145, 4524
0.08544087409973145, 4523
0.08544087409973145, 4522
0.08544087409973145, 4521
0.08544087409973145, 4520
0.08544087409973145, 4519
0.08544087409973145, 4518
0.08544087409973145, 4517
0.08544087409973145, 4516
0.08544087409973145, 4515
0.08544087409973145, 4514
0.08544087409973145, 4513
0.08544087409973145, 4512
0.08544087409973145, 4511
0.08544087409973145, 4510
0.08544087409973145, 4509
0.08544087409973145, 4508
0.08544087409973145, 4507
0.08544087409973145, 4506
0.08544087409973145, 4505
0.08544087409973145, 4504
0.08544087409973145, 4503
0.08544087409973145, 4502
0.08544087409973145, 4501
0.08544087409973145, 4500
0.08544087409973145, 4499
0.08544087409973145, 4498
0.08544087409973145, 4497
0.08544087409973145, 4496
0.08544087409973145, 4495
0.08544087409973145, 4494
0.08544087409973145, 4493
0.08544087409973145, 4492
0.08544087409973145, 4491
0.08544087409973145, 4490
0.08544087409973145, 4489
0.08646893501281738, 4488
0.08646893501281738, 4487
0.08646893501281738, 4486
0.08646893501281738, 4485
0.08646893501281738, 4484
0.08646893501281738, 4483
0.08646893501281738, 4482
0.08646893501281738, 4481
0.08646893501281738, 4480
0.08646893501281738, 4479
0.08646893501281738, 4478
0.08646893501281738, 4477
0.08646893501281738, 4476
0.08646893501281738, 4475
0.08646893501281738, 4474
0.08646893501281738, 4473
0.08646893501281738, 4472
0.08646893501281738, 4471
0.08646893501281738, 4470
0.08646893501281738, 4469
0.08646893501281738, 4468
0.08646893501281738, 4467
0.08646893501281738, 4466
0.08646893501281738, 4465
0.08646893501281738, 4464
0.08646893501281738, 4463
0.08646893501281738, 4462
0.08646893501281738, 4461
0.08646893501281738, 4460
0.09903979301452637, 3355
0.09903979301452637, 3354
0.09903979301452637, 3353
0.09903979301452637, 3352
0.09903979301452637, 3351
0.09903979301452637, 3350
0.09903979301452637, 3349
0.09903979301452637, 3348
0.10003995895385742, 3347
0.10003995895385742, 3346
0.10003995895385742, 3345
0.10003995895385742, 3344
0.10003995895385742, 3343
0.10003995895385742, 3342
0.10003995895385742, 3341
0.10003995895385742, 3340
0.10003995895385742, 3339
0.10003995895385742, 3338
0.10003995895385742, 3337
0.10003995895385742, 3336
0.10003995895385742, 3335
0.10003995895385742, 3334
0.10003995895385742, 3333
0.10003995895385742, 3332
0.10003995895385742, 3331
0.10003995895385742, 3330
0.10003995895385742, 3329
0.10003995895385742, 3328
0.10003995895385742, 3327
0.10003995895385742, 3326
0.10003995895385742, 3325
0.10003995895385742, 3324
0.10104036331176758, 3323
0.10104036331176758, 3322
0.10104036331176758, 3321
0.10104036331176758, 3320
0.10104036331176758, 3319
0.10104036331176758, 3318
0.10104036331176758, 3317
0.10104036331176758, 3316
0.10104036331176758, 3315
0.10104036331176758, 3314
0.10104036331176758, 3313
0.10104036331176758, 3312
0.10104036331176758, 3311
0.10104036331176758, 3310
0.10104036331176758, 3309
0.10104036331176758, 3308
0.10104036331176758, 3307
0.10104036331176758, 3306
0.10104036331176758, 3305
0.10104036331176758, 3304
0.10104036331176758, 3303
0.10104036331176758, 3302
0.10104036331176758, 3301
0.10204005241394043, 3300
0.10204005241394043, 3299
0.10204005241394043, 3298
0.10204005241394043, 3297
0.10204005241394043, 3296
0.10204005241394043, 3295
0.10204005241394043, 3294
0.10204005241394043, 3293
0.10204005241394043, 3292
0.10204005241394043, 3291
0.10204005241394043, 3290
0.10204005241394043, 3289
0.10204005241394043, 3288
0.10204005241394043, 3287
0.10204005241394043, 3286
0.10204005241394043, 3285
0.10204005241394043, 3284
0.10204005241394043, 3283
0.10204005241394043, 3282
0.10295653343200684, 3281
0.10303997993469238, 3280
0.10303997993469238, 3279
0.10303997993469238, 3278
0.10303997993469238, 3277
0.10303997993469238, 3276
0.10303997993469238, 3275
0.10303997993469238, 3274
0.10303997993469238, 3273
0.10303997993469238, 3272
0.10303997993469238, 3271
0.10303997993469238, 3270
0.10303997993469238, 3269
0.10303997993469238, 3268
0.10303997993469238, 3267
0.10303997993469238, 3266
0.10303997993469238, 3265
0.10303997993469238, 3264
0.10303997993469238, 3263
0.10303997993469238, 3262
0.10303997993469238, 3261
0.10303997993469238, 3260
0.10303997993469238, 3259
0.10303997993469238, 3258
0.10303997993469238, 3257
0.10303997993469238, 3256
0.10303997993469238, 3255
0.10403990745544434, 3254
0.10403990745544434, 3253
0.10403990745544434, 3252
0.10403990745544434, 3251
0.10403990745544434, 3250
0.10403990745544434, 3249
0.10403990745544434, 3248
0.10403990745544434, 3247
0.10403990745544434, 3246
0.10403990745544434, 3245
0.10403990745544434, 3244
0.10403990745544434, 3243
0.10403990745544434, 3242
0.10403990745544434, 3241
0.10403990745544434, 3240
0.10403990745544434, 3239
0.10403990745544434, 3238
0.10403990745544434, 3237
0.10403990745544434, 3236
0.10403990745544434, 3235
0.10403990745544434, 3234
0.10403990745544434, 3233
0.10504007339477539, 3232
0.10504007339477539, 3231
0.10504007339477539, 3230
0.10504007339477539, 3229
0.10504007339477539, 3228
0.10504007339477539, 3227
0.10504007339477539, 3226
0.10504007339477539, 3225
0.10504007339477539, 3224
0.10504007339477539, 3223
0.10504007339477539, 3222
0.10504007339477539, 3221
0.10504007339477539, 3220
0.10504007339477539, 3219
0.10504007339477539, 3218
0.10504007339477539, 3217
0.10504007339477539, 3216
0.10504007339477539, 3215
0.10504007339477539, 3214
0.10504007339477539, 3213
0.10504007339477539, 3212
0.10504007339477539, 3211
0.10504007339477539, 3210
0.10504007339477539, 3209
0.10504007339477539, 3208
0.10504007339477539, 3207
0.10604000091552734, 3206
0.10604000091552734, 3205
0.10604000091552734, 3204
0.10604000091552734, 3203
0.10604000091552734, 3202
0.10604000091552734, 3201
0.10604000091552734, 3200
0.10604000091552734, 3199
0.10604000091552734, 3198
0.10604000091552734, 3197
0.10604000091552734, 3196
0.10604000091552734, 3195
0.10651612281799316, 3194
0.10651612281799316, 3193
0.10651612281799316, 3192
0.10651612281799316, 3191
0.10651612281799316, 3190
0.10651612281799316, 3189
0.10651612281799316, 3188
0.10651612281799316, 3187
0.10651612281799316, 3186
0.10651612281799316, 3185
0.10651612281799316, 3184
0.10651612281799316, 3183
0.10651612281799316, 3182
0.1070401668548584, 3181
0.1070401668548584, 3180
0.1070401668548584, 3179
0.1070401668548584, 3178
0.1070401668548584, 3177
0.1070401668548584, 3176
0.1070401668548584, 3175
0.1070401668548584, 3174
0.1070401668548584, 3173
0.1070401668548584, 3172
0.1070401668548584, 3171
0.1070401668548584, 3170
0.1070401668548584, 3169
0.1070401668548584, 3168
0.1070401668548584, 3167
0.1070401668548584, 3166
0.1070401668548584, 3165
0.1070401668548584, 3164
0.1070401668548584, 3163
0.1070401668548584, 3162
0.16025042533874512, 3161
0.16025042533874512, 3160
0.16109395027160645, 3159
0.16109395027160645, 3158
0.16109395027160645, 3157
0.16109395027160645, 3156
0.16109395027160645, 3155
0.16109395027160645, 3154
0.16109395027160645, 3153
0.16109395027160645, 3152
0.16109395027160645, 3151
0.16109395027160645, 3150
0.16109395027160645, 3149
0.16109395027160645, 3148
0.16109395027160645, 3147
0.16109395027160645, 3146
0.16109395027160645, 3145
0.16109395027160645, 3144
0.3369591236114502, 3143
0.3369591236114502, 3142
0.3369591236114502, 3141
0.3369591236114502, 3140
0.3369591236114502, 3139
0.3369591236114502, 3138
0.3369591236114502, 3137
0.3369591236114502, 3136
0.3369591236114502, 3135
0.3369591236114502, 3134
0.33795952796936035, 3133
1.8199679851531982, 3132
1.8199679851531982, 3131
1.8199679851531982, 3130
1.8199679851531982, 3129
1.8199679851531982, 3128
1.8199679851531982, 3127
1.8199679851531982, 3126
2.401019811630249, 3125
2.401019811630249, 3124
3.6518654823303223, 3123
3.6528656482696533, 3122
3.6528656482696533, 3121
3.6528656482696533, 3120
3.6528656482696533, 3119
3.6528656482696533, 3118
