0.019001245498657227, 4872
0.019001245498657227, 4871
0.019001245498657227, 4870
0.019001245498657227, 4869
0.019001245498657227, 4868
0.019001245498657227, 4867
0.019001245498657227, 4866
0.019001245498657227, 4865
0.019001245498657227, 4864
0.019001245498657227, 4863
0.019001245498657227, 4862
0.019001245498657227, 4861
0.019001245498657227, 4860
0.019001245498657227, 4859
0.04200100898742676, 3211
0.04200100898742676, 3210
0.04200100898742676, 3209
0.04300427436828613, 3208
0.043663740158081055, 3207
0.043663740158081055, 3206
0.043663740158081055, 3205
0.04400181770324707, 3204
0.04400181770324707, 3203
0.04400181770324707, 3202
0.04400181770324707, 3201
0.04400181770324707, 3200
0.04400181770324707, 3199
0.04400181770324707, 3198
0.04400181770324707, 3197
0.04468560218811035, 3196
0.04468560218811035, 3195
0.04468560218811035, 3194
0.04468560218811035, 3193
0.04500150680541992, 3192
0.04500150680541992, 3191
0.04500150680541992, 3190
0.04901313781738281, 3189
0.04961872100830078, 3188
0.04961872100830078, 3187
0.04961872100830078, 3186
0.04961872100830078, 3185
0.04961872100830078, 3184
0.04961872100830078, 3183
0.04961872100830078, 3182
0.04961872100830078, 3181
0.05054879188537598, 3180
0.05054879188537598, 3179
0.05054879188537598, 3178
0.05154871940612793, 3177
0.05154871940612793, 3176
0.05154871940612793, 3175
0.05254793167114258, 3174
0.05254793167114258, 3173
0.05254793167114258, 3172
0.05254793167114258, 3171
0.05254793167114258, 3170
0.05254793167114258, 3169
0.12515521049499512, 3168
0.12515521049499512, 3167
0.12515521049499512, 3166
0.12515521049499512, 3165
0.12515521049499512, 3164
0.12515521049499512, 3163
0.12515521049499512, 3162
0.12515521049499512, 3161
0.12515521049499512, 3160
0.12515521049499512, 3159
0.12515521049499512, 3158
0.12515521049499512, 3157
0.12515521049499512, 3156
0.12515521049499512, 3155
0.12515521049499512, 3154
0.12515521049499512, 3153
0.12515521049499512, 3152
0.12515521049499512, 3151
0.7272841930389404, 3150
0.7272841930389404, 3149
0.7272841930389404, 3148
0.7272841930389404, 3147
0.7272841930389404, 3146
0.9322707653045654, 3145
0.9332716464996338, 3144
0.9332716464996338, 3143
0.9332716464996338, 3142
0.9332716464996338, 3141
0.9332716464996338, 3140
0.9332716464996338, 3139
0.9332716464996338, 3138
0.9332716464996338, 3137
0.9332716464996338, 3136
0.9332716464996338, 3135
0.9332716464996338, 3134
0.9332716464996338, 3133
0.9332716464996338, 3132
0.9332716464996338, 3131
0.9332716464996338, 3130
0.9332716464996338, 3129
3.7083678245544434, 3128
3.7083678245544434, 3127
3.7083678245544434, 3126
3.7083678245544434, 3125
3.7083678245544434, 3124
3.7083678245544434, 3123
3.7093665599823, 3122
3.7093665599823, 3121
3.7093665599823, 3120
3.7093665599823, 3119
3.7093665599823, 3118
3.7093665599823, 3117
3.7093665599823, 3116
6.657060861587524, 3115
6.657060861587524, 3114
6.657060861587524, 3113
