0.02099752426147461, 4882
0.02099752426147461, 4881
0.02099752426147461, 4880
0.02099752426147461, 4879
0.02099752426147461, 4878
0.02099752426147461, 4877
0.02099752426147461, 4876
0.02099752426147461, 4875
0.02099752426147461, 4874
0.02099752426147461, 4873
0.02099752426147461, 4872
0.02099752426147461, 4871
0.02099752426147461, 4870
0.02099752426147461, 4869
0.02099752426147461, 4868
0.02099752426147461, 4867
0.02099752426147461, 4866
0.02099752426147461, 4865
0.02099752426147461, 4864
0.02099752426147461, 4863
0.02099752426147461, 4862
0.02099752426147461, 4861
0.02099752426147461, 4860
0.02099752426147461, 4859
0.02099752426147461, 4858
0.02099752426147461, 4857
0.02099752426147461, 4856
0.02099752426147461, 4855
0.021997690200805664, 4854
0.021997690200805664, 4853
0.021997690200805664, 4852
0.021997690200805664, 4851
0.021997690200805664, 4850
0.021997690200805664, 4849
0.021997690200805664, 4848
0.021997690200805664, 4847
0.021997690200805664, 4846
0.021997690200805664, 4845
0.021997690200805664, 4844
0.021997690200805664, 4843
0.021997690200805664, 4842
0.021997690200805664, 4841
0.021997690200805664, 4840
0.021997690200805664, 4839
0.021997690200805664, 4838
0.021997690200805664, 4837
0.021997690200805664, 4836
0.021997690200805664, 4835
0.021997690200805664, 4834
0.021997690200805664, 4833
0.021997690200805664, 4832
0.021997690200805664, 4831
0.021997690200805664, 4830
0.021997690200805664, 4829
0.021997690200805664, 4828
0.021997690200805664, 4827
0.021997690200805664, 4826
0.021997690200805664, 4825
0.021997690200805664, 4824
0.021997690200805664, 4823
0.021997690200805664, 4822
0.021997690200805664, 4821
0.021997690200805664, 4820
0.021997690200805664, 4819
0.021997690200805664, 4818
0.021997690200805664, 4817
0.021997690200805664, 4816
0.021997690200805664, 4815
0.021997690200805664, 4814
0.021997690200805664, 4813
0.021997690200805664, 4812
0.02299785614013672, 4811
0.02299785614013672, 4810
0.02299785614013672, 4809
0.02299785614013672, 4808
0.02299785614013672, 4807
0.02299785614013672, 4806
0.02299785614013672, 4805
0.02299785614013672, 4804
0.02299785614013672, 4803
0.02299785614013672, 4802
0.02299785614013672, 4801
0.02299785614013672, 4800
0.02299785614013672, 4799
0.02299785614013672, 4798
0.02299785614013672, 4797
0.02299785614013672, 4796
0.02299785614013672, 4795
0.02299785614013672, 4794
0.02299785614013672, 4793
0.02299785614013672, 4792
0.02299785614013672, 4791
0.02299785614013672, 4790
0.02299785614013672, 4789
0.02299785614013672, 4788
0.02299785614013672, 4787
0.02299785614013672, 4786
0.02299785614013672, 4785
0.02299785614013672, 4784
0.02299785614013672, 4783
0.02299785614013672, 4782
0.02299785614013672, 4781
0.02299785614013672, 4780
0.02299785614013672, 4779
0.02299785614013672, 4778
0.02299785614013672, 4777
0.02299785614013672, 4776
0.02299785614013672, 4775
0.02299785614013672, 4774
0.02299785614013672, 4773
0.02299785614013672, 4772
0.02299785614013672, 4771
0.02299785614013672, 4770
0.02299785614013672, 4769
0.02299785614013672, 4768
0.02399754524230957, 4767
0.02399754524230957, 4766
0.02399754524230957, 4765
0.02399754524230957, 4764
0.02399754524230957, 4763
0.02399754524230957, 4762
0.02399754524230957, 4761
0.02399754524230957, 4760
0.02399754524230957, 4759
0.02399754524230957, 4758
0.02399754524230957, 4757
0.02399754524230957, 4756
0.02399754524230957, 4755
0.02399754524230957, 4754
0.02399754524230957, 4753
0.02399754524230957, 4752
0.02399754524230957, 4751
0.02399754524230957, 4750
0.02399754524230957, 4749
0.02399754524230957, 4748
0.02399754524230957, 4747
0.02399754524230957, 4746
0.02399754524230957, 4745
0.02399754524230957, 4744
0.02399754524230957, 4743
0.02399754524230957, 4742
0.02399754524230957, 4741
0.02399754524230957, 4740
0.02399754524230957, 4739
0.02399754524230957, 4738
0.02399754524230957, 4737
0.02399754524230957, 4736
0.02399754524230957, 4735
0.02399754524230957, 4734
0.02399754524230957, 4733
0.02399754524230957, 4732
0.02399754524230957, 4731
0.05299830436706543, 4730
0.05299830436706543, 4729
0.05299830436706543, 4728
0.05299830436706543, 4727
0.05299830436706543, 4726
0.05299830436706543, 4725
0.05299830436706543, 4724
0.05299830436706543, 4723
0.05299830436706543, 4722
0.05299830436706543, 4721
0.05299830436706543, 4720
0.05299830436706543, 4719
0.05299830436706543, 4718
0.05299830436706543, 4717
0.05299830436706543, 4716
0.05299830436706543, 4715
0.05299830436706543, 4714
0.05299830436706543, 4713
0.05299830436706543, 4712
0.05299830436706543, 4711
0.05299830436706543, 4710
0.05299830436706543, 4709
0.05299830436706543, 4708
0.05299830436706543, 4707
0.05299830436706543, 4706
0.05299830436706543, 4705
0.05299830436706543, 4704
0.05299830436706543, 4703
0.05299830436706543, 4702
0.05299830436706543, 4701
0.05399823188781738, 4700
0.05399823188781738, 4699
0.05399823188781738, 4698
0.05399823188781738, 4697
0.05399823188781738, 4696
0.05399823188781738, 4695
0.05399823188781738, 4694
0.05399823188781738, 4693
0.05399823188781738, 4692
0.05399823188781738, 4691
0.05399823188781738, 4690
0.05399823188781738, 4689
0.05399823188781738, 4688
0.05399823188781738, 4687
0.05399823188781738, 4686
0.05399823188781738, 4685
0.05399823188781738, 4684
0.05399823188781738, 4683
0.05399823188781738, 4682
0.05399823188781738, 4681
0.05399823188781738, 4680
0.05399823188781738, 4679
0.05399823188781738, 4678
0.05399823188781738, 4677
0.05399823188781738, 4676
0.05399823188781738, 4675
0.05399823188781738, 4674
0.05399823188781738, 4673
0.05399823188781738, 4672
0.05399823188781738, 4671
0.05399823188781738, 4670
0.05399823188781738, 4669
0.05399823188781738, 4668
0.05399823188781738, 4667
0.05399823188781738, 4666
0.05399823188781738, 4665
0.05399823188781738, 4664
0.05399823188781738, 4663
0.05399823188781738, 4662
0.05399823188781738, 4661
0.05399823188781738, 4660
0.05399823188781738, 4659
0.05399823188781738, 4658
0.05399823188781738, 4657
0.054998159408569336, 4656
0.054998159408569336, 4655
0.054998159408569336, 4654
0.054998159408569336, 4653
0.054998159408569336, 4652
0.054998159408569336, 4651
0.054998159408569336, 4650
0.054998159408569336, 4649
0.054998159408569336, 4648
0.054998159408569336, 4647
0.054998159408569336, 4646
0.054998159408569336, 4645
0.054998159408569336, 4644
0.054998159408569336, 4643
0.054998159408569336, 4642
0.054998159408569336, 4641
0.054998159408569336, 4640
0.054998159408569336, 4639
0.054998159408569336, 4638
0.054998159408569336, 4637
0.054998159408569336, 4636
0.054998159408569336, 4635
0.054998159408569336, 4634
0.06799840927124023, 3383
0.06799840927124023, 3382
0.06799840927124023, 3381
0.06799840927124023, 3380
0.06799840927124023, 3379
0.06799840927124023, 3378
0.06799840927124023, 3377
0.06799840927124023, 3376
0.06799840927124023, 3375
0.06799840927124023, 3374
0.06799840927124023, 3373
0.06799840927124023, 3372
0.06799840927124023, 3371
0.06899881362915039, 3370
0.06899881362915039, 3369
0.06899881362915039, 3368
0.06899881362915039, 3367
0.06899881362915039, 3366
0.06899881362915039, 3365
0.06899881362915039, 3364
0.06899881362915039, 3363
0.06899881362915039, 3362
0.06899881362915039, 3361
0.06899881362915039, 3360
0.06899881362915039, 3359
0.06899881362915039, 3358
0.06899881362915039, 3357
0.06899881362915039, 3356
0.06899881362915039, 3355
0.06899881362915039, 3354
0.06899881362915039, 3353
0.06899881362915039, 3352
0.06899881362915039, 3351
0.06899881362915039, 3350
0.06899881362915039, 3349
0.06899881362915039, 3348
0.06899881362915039, 3347
0.06899881362915039, 3346
0.06899881362915039, 3345
0.06999874114990234, 3344
0.06999874114990234, 3343
0.06999874114990234, 3342
0.06999874114990234, 3341
0.06999874114990234, 3340
0.06999874114990234, 3339
0.06999874114990234, 3338
0.06999874114990234, 3337
0.06999874114990234, 3336
0.06999874114990234, 3335
0.06999874114990234, 3334
0.06999874114990234, 3333
0.06999874114990234, 3332
0.06999874114990234, 3331
0.06999874114990234, 3330
0.06999874114990234, 3329
0.06999874114990234, 3328
0.06999874114990234, 3327
0.06999874114990234, 3326
0.06999874114990234, 3325
0.06999874114990234, 3324
0.06999874114990234, 3323
0.06999874114990234, 3322
0.06999874114990234, 3321
0.06999874114990234, 3320
0.06999874114990234, 3319
0.0709984302520752, 3318
0.0709984302520752, 3317
0.0709984302520752, 3316
0.0709984302520752, 3315
0.0709984302520752, 3314
0.0709984302520752, 3313
0.0709984302520752, 3312
0.0709984302520752, 3311
0.0709984302520752, 3310
0.0709984302520752, 3309
0.0709984302520752, 3308
0.0709984302520752, 3307
0.0709984302520752, 3306
0.0709984302520752, 3305
0.0709984302520752, 3304
0.0709984302520752, 3303
0.0709984302520752, 3302
0.0709984302520752, 3301
0.0709984302520752, 3300
0.07199859619140625, 3299
0.07199859619140625, 3298
0.07199859619140625, 3297
0.07199859619140625, 3296
0.07199859619140625, 3295
0.07199859619140625, 3294
0.07199859619140625, 3293
0.07199859619140625, 3292
0.07199859619140625, 3291
0.07199859619140625, 3290
0.07199859619140625, 3289
0.07199859619140625, 3288
0.07199859619140625, 3287
0.07199859619140625, 3286
0.07199859619140625, 3285
0.07199859619140625, 3284
0.07199859619140625, 3283
0.07199859619140625, 3282
0.07199859619140625, 3281
0.07199859619140625, 3280
0.07199859619140625, 3279
0.07199859619140625, 3278
0.07199859619140625, 3277
0.07199859619140625, 3276
0.07199859619140625, 3275
0.0729982852935791, 3274
0.0729982852935791, 3273
0.0729982852935791, 3272
0.0729982852935791, 3271
0.0729982852935791, 3270
0.0729982852935791, 3269
0.0729982852935791, 3268
0.0729982852935791, 3267
0.0729982852935791, 3266
0.0729982852935791, 3265
0.0729982852935791, 3264
0.0729982852935791, 3263
0.0729982852935791, 3262
0.0729982852935791, 3261
0.0729982852935791, 3260
0.0729982852935791, 3259
0.0729982852935791, 3258
0.0729982852935791, 3257
0.0729982852935791, 3256
0.0729982852935791, 3255
0.0729982852935791, 3254
0.0729982852935791, 3253
0.0729982852935791, 3252
0.0729982852935791, 3251
0.0729982852935791, 3250
0.0729982852935791, 3249
0.0729982852935791, 3248
0.0729982852935791, 3247
0.0729982852935791, 3246
0.0729982852935791, 3245
0.0729982852935791, 3244
0.0729982852935791, 3243
0.07399988174438477, 3242
0.07399988174438477, 3241
0.07399988174438477, 3240
0.07399988174438477, 3239
0.07399988174438477, 3238
0.07399988174438477, 3237
0.07399988174438477, 3236
0.07399988174438477, 3235
0.07399988174438477, 3234
0.07399988174438477, 3233
0.07399988174438477, 3232
0.07399988174438477, 3231
0.07399988174438477, 3230
0.07399988174438477, 3229
0.07399988174438477, 3228
0.07399988174438477, 3227
0.07399988174438477, 3226
0.07399988174438477, 3225
0.07399988174438477, 3224
0.07399988174438477, 3223
0.07399988174438477, 3222
0.07399988174438477, 3221
0.07399988174438477, 3220
0.07399988174438477, 3219
0.07399988174438477, 3218
0.07399988174438477, 3217
0.07399988174438477, 3216
0.07399988174438477, 3215
0.07399988174438477, 3214
0.07399988174438477, 3213
0.07499861717224121, 3212
0.07499861717224121, 3211
0.07499861717224121, 3210
0.07499861717224121, 3209
0.07499861717224121, 3208
0.07499861717224121, 3207
0.07499861717224121, 3206
0.07499861717224121, 3205
0.07499861717224121, 3204
0.07499861717224121, 3203
0.07499861717224121, 3202
0.07499861717224121, 3201
0.07499861717224121, 3200
0.07499861717224121, 3199
0.07499861717224121, 3198
0.07499861717224121, 3197
0.07499861717224121, 3196
0.07499861717224121, 3195
0.07499861717224121, 3194
0.07499861717224121, 3193
0.07499861717224121, 3192
0.07499861717224121, 3191
0.07499861717224121, 3190
0.07499861717224121, 3189
0.07499861717224121, 3188
0.07499861717224121, 3187
0.07499861717224121, 3186
0.07499861717224121, 3185
0.07499861717224121, 3184
0.07499861717224121, 3183
0.07499861717224121, 3182
0.07499861717224121, 3181
0.07499861717224121, 3180
0.07499861717224121, 3179
0.07599830627441406, 3178
0.07599830627441406, 3177
0.07599830627441406, 3176
0.07599830627441406, 3175
0.18725872039794922, 3174
0.18725872039794922, 3173
0.18725872039794922, 3172
0.18725872039794922, 3171
0.18725872039794922, 3170
0.18725872039794922, 3169
0.2162609100341797, 3168
0.2162609100341797, 3167
0.2162609100341797, 3166
0.2162609100341797, 3165
0.2162609100341797, 3164
0.2162609100341797, 3163
0.2162609100341797, 3162
0.4182553291320801, 3161
0.4182553291320801, 3160
0.4182553291320801, 3159
0.4182553291320801, 3158
0.4182553291320801, 3157
0.4182553291320801, 3156
0.4182553291320801, 3155
0.4182553291320801, 3154
0.4182553291320801, 3153
0.4182553291320801, 3152
0.4182553291320801, 3151
0.4182553291320801, 3150
0.4182553291320801, 3149
0.4182553291320801, 3148
0.4182553291320801, 3147
3.971388578414917, 3146
3.971388578414917, 3145
4.244444847106934, 3144
4.244444847106934, 3143
4.244444847106934, 3142
4.244444847106934, 3141
4.244444847106934, 3140
4.244444847106934, 3139
4.244444847106934, 3138
4.244444847106934, 3137
4.244444847106934, 3136
4.244444847106934, 3135
4.244444847106934, 3134
4.244444847106934, 3133
4.244444847106934, 3132
4.244444847106934, 3131
4.244444847106934, 3130
4.244444847106934, 3129
4.244444847106934, 3128
4.244444847106934, 3127
4.244444847106934, 3126
8.921762943267822, 3125
8.921762943267822, 3124
8.921762943267822, 3123
8.921762943267822, 3122
8.921762943267822, 3121
8.921762943267822, 3120
8.921762943267822, 3119
8.921762943267822, 3118
