0.016999483108520508, 4868
0.016999483108520508, 4867
0.016999483108520508, 4866
0.016999483108520508, 4865
0.016999483108520508, 4864
0.016999483108520508, 4863
0.017999649047851562, 4862
0.017999649047851562, 4861
0.017999649047851562, 4860
0.017999649047851562, 4859
0.017999649047851562, 4858
0.017999649047851562, 4857
0.017999649047851562, 4856
0.017999649047851562, 4855
0.017999649047851562, 4854
0.017999649047851562, 4853
0.017999649047851562, 4852
0.017999649047851562, 4851
0.017999649047851562, 4850
0.017999649047851562, 4849
0.017999649047851562, 4848
0.017999649047851562, 4847
0.017999649047851562, 4846
0.017999649047851562, 4845
0.017999649047851562, 4844
0.017999649047851562, 4843
0.017999649047851562, 4842
0.017999649047851562, 4841
0.017999649047851562, 4840
0.017999649047851562, 4839
0.017999649047851562, 4838
0.017999649047851562, 4837
0.017999649047851562, 4836
0.017999649047851562, 4835
0.017999649047851562, 4834
0.017999649047851562, 4833
0.017999649047851562, 4832
0.017999649047851562, 4831
0.017999649047851562, 4830
0.017999649047851562, 4829
0.017999649047851562, 4828
0.017999649047851562, 4827
0.017999649047851562, 4826
0.017999649047851562, 4825
0.017999649047851562, 4824
0.017999649047851562, 4823
0.017999649047851562, 4822
0.017999649047851562, 4821
0.018999814987182617, 4820
0.018999814987182617, 4819
0.018999814987182617, 4818
0.018999814987182617, 4817
0.018999814987182617, 4816
0.018999814987182617, 4815
0.018999814987182617, 4814
0.018999814987182617, 4813
0.018999814987182617, 4812
0.018999814987182617, 4811
0.018999814987182617, 4810
0.018999814987182617, 4809
0.018999814987182617, 4808
0.018999814987182617, 4807
0.018999814987182617, 4806
0.018999814987182617, 4805
0.018999814987182617, 4804
0.018999814987182617, 4803
0.018999814987182617, 4802
0.018999814987182617, 4801
0.018999814987182617, 4800
0.018999814987182617, 4799
0.018999814987182617, 4798
0.018999814987182617, 4797
0.018999814987182617, 4796
0.018999814987182617, 4795
0.018999814987182617, 4794
0.018999814987182617, 4793
0.018999814987182617, 4792
0.018999814987182617, 4791
0.018999814987182617, 4790
0.018999814987182617, 4789
0.018999814987182617, 4788
0.018999814987182617, 4787
0.018999814987182617, 4786
0.018999814987182617, 4785
0.018999814987182617, 4784
0.018999814987182617, 4783
0.018999814987182617, 4782
0.018999814987182617, 4781
0.018999814987182617, 4780
0.018999814987182617, 4779
0.018999814987182617, 4778
0.018999814987182617, 4777
0.019997835159301758, 4776
0.019997835159301758, 4775
0.019997835159301758, 4774
0.019997835159301758, 4773
0.019997835159301758, 4772
0.019997835159301758, 4771
0.019997835159301758, 4770
0.019997835159301758, 4769
0.019997835159301758, 4768
0.019997835159301758, 4767
0.019997835159301758, 4766
0.019997835159301758, 4765
0.019997835159301758, 4764
0.019997835159301758, 4763
0.019997835159301758, 4762
0.019997835159301758, 4761
0.019997835159301758, 4760
0.019997835159301758, 4759
0.019997835159301758, 4758
0.019997835159301758, 4757
0.019997835159301758, 4756
0.019997835159301758, 4755
0.019997835159301758, 4754
0.019997835159301758, 4753
0.019997835159301758, 4752
0.019997835159301758, 4751
0.019997835159301758, 4750
0.019997835159301758, 4749
0.019997835159301758, 4748
0.019997835159301758, 4747
0.019997835159301758, 4746
0.019997835159301758, 4745
0.019997835159301758, 4744
0.019997835159301758, 4743
0.019997835159301758, 4742
0.019997835159301758, 4741
0.019997835159301758, 4740
0.019997835159301758, 4739
0.019997835159301758, 4738
0.019997835159301758, 4737
0.019997835159301758, 4736
0.019997835159301758, 4735
0.019997835159301758, 4734
0.021000146865844727, 4733
0.021000146865844727, 4732
0.021000146865844727, 4731
0.021000146865844727, 4730
0.021000146865844727, 4729
0.021000146865844727, 4728
0.021000146865844727, 4727
0.021000146865844727, 4726
0.021000146865844727, 4725
0.021000146865844727, 4724
0.021000146865844727, 4723
0.021000146865844727, 4722
0.021000146865844727, 4721
0.021000146865844727, 4720
0.021000146865844727, 4719
0.021000146865844727, 4718
0.021000146865844727, 4717
0.021000146865844727, 4716
0.021000146865844727, 4715
0.021000146865844727, 4714
0.021000146865844727, 4713
0.021000146865844727, 4712
0.021000146865844727, 4711
0.021000146865844727, 4710
0.021000146865844727, 4709
0.021000146865844727, 4708
0.021000146865844727, 4707
0.021000146865844727, 4706
0.021000146865844727, 4705
0.021000146865844727, 4704
0.021000146865844727, 4703
0.021000146865844727, 4702
0.021000146865844727, 4701
0.021000146865844727, 4700
0.021000146865844727, 4699
0.021000146865844727, 4698
0.021000146865844727, 4697
0.021000146865844727, 4696
0.021000146865844727, 4695
0.021000146865844727, 4694
0.022001028060913086, 4693
0.022001028060913086, 4692
0.022001028060913086, 4691
0.022001028060913086, 4690
0.022001028060913086, 4689
0.022001028060913086, 4688
0.022001028060913086, 4687
0.022001028060913086, 4686
0.022001028060913086, 4685
0.022001028060913086, 4684
0.022001028060913086, 4683
0.022001028060913086, 4682
0.022001028060913086, 4681
0.022001028060913086, 4680
0.03699851036071777, 3173
0.06199836730957031, 3172
0.06199836730957031, 3171
0.06199836730957031, 3170
0.06199836730957031, 3169
0.06199836730957031, 3168
0.06199836730957031, 3167
0.06199836730957031, 3166
0.06199836730957031, 3165
0.06199836730957031, 3164
0.06199836730957031, 3163
0.06199836730957031, 3162
0.06199836730957031, 3161
0.06199836730957031, 3160
0.06199836730957031, 3159
0.2970552444458008, 3158
0.2970552444458008, 3157
0.29799938201904297, 3156
0.29799938201904297, 3155
0.29799938201904297, 3154
0.29799938201904297, 3153
0.29799938201904297, 3152
0.29799938201904297, 3151
0.29799938201904297, 3150
0.29799938201904297, 3149
0.29799938201904297, 3148
0.29799938201904297, 3147
0.48099803924560547, 3146
0.48099803924560547, 3145
0.48099803924560547, 3144
0.48099803924560547, 3143
0.48099803924560547, 3142
0.48099803924560547, 3141
0.48099803924560547, 3140
0.48200225830078125, 3139
0.48200225830078125, 3138
0.48200225830078125, 3137
0.48200225830078125, 3136
0.48200225830078125, 3135
0.48200225830078125, 3134
0.48200225830078125, 3133
0.48200225830078125, 3132
0.48200225830078125, 3131
0.48200225830078125, 3130
0.48200225830078125, 3129
0.48200225830078125, 3128
0.48200225830078125, 3127
4.411873817443848, 3126
4.683273792266846, 3125
4.683273792266846, 3124
4.683273792266846, 3123
4.683273792266846, 3122
4.683273792266846, 3121
