0.016598224639892578, 4829
0.016598224639892578, 4828
0.016598224639892578, 4827
0.016598224639892578, 4826
0.016598224639892578, 4825
0.016598224639892578, 4824
0.016598224639892578, 4823
0.016598224639892578, 4822
0.016598224639892578, 4821
0.016598224639892578, 4820
0.016598224639892578, 4819
0.016598224639892578, 4818
0.016598224639892578, 4817
0.017598867416381836, 4816
0.017598867416381836, 4815
0.017598867416381836, 4814
0.017598867416381836, 4813
0.017598867416381836, 4812
0.017598867416381836, 4811
0.017598867416381836, 4810
0.017598867416381836, 4809
0.017598867416381836, 4808
0.017598867416381836, 4807
0.017598867416381836, 4806
0.017598867416381836, 4805
0.017598867416381836, 4804
0.017598867416381836, 4803
0.017598867416381836, 4802
0.017598867416381836, 4801
0.017598867416381836, 4800
0.017598867416381836, 4799
0.017598867416381836, 4798
0.017598867416381836, 4797
0.017598867416381836, 4796
0.017598867416381836, 4795
0.017598867416381836, 4794
0.017598867416381836, 4793
0.017598867416381836, 4792
0.017598867416381836, 4791
0.017598867416381836, 4790
0.017598867416381836, 4789
0.017598867416381836, 4788
0.017598867416381836, 4787
0.017598867416381836, 4786
0.017598867416381836, 4785
0.017598867416381836, 4784
0.017598867416381836, 4783
0.0186002254486084, 4782
0.0186002254486084, 4781
0.0186002254486084, 4780
0.0186002254486084, 4779
0.0186002254486084, 4778
0.0186002254486084, 4777
0.0186002254486084, 4776
0.0186002254486084, 4775
0.0186002254486084, 4774
0.0186002254486084, 4773
0.0186002254486084, 4772
0.0186002254486084, 4771
0.0186002254486084, 4770
0.0186002254486084, 4769
0.0186002254486084, 4768
0.0186002254486084, 4767
0.0186002254486084, 4766
0.0186002254486084, 4765
0.0186002254486084, 4764
0.0186002254486084, 4763
0.0186002254486084, 4762
0.0186002254486084, 4761
0.0186002254486084, 4760
0.0186002254486084, 4759
0.0186002254486084, 4758
0.0186002254486084, 4757
0.0186002254486084, 4756
0.0186002254486084, 4755
0.0186002254486084, 4754
0.0186002254486084, 4753
0.0186002254486084, 4752
0.0186002254486084, 4751
0.0186002254486084, 4750
0.0186002254486084, 4749
0.0186002254486084, 4748
0.0186002254486084, 4747
0.0186002254486084, 4746
0.0186002254486084, 4745
0.0186002254486084, 4744
0.0186002254486084, 4743
0.0186002254486084, 4742
0.019598007202148438, 4741
0.019598007202148438, 4740
0.019598007202148438, 4739
0.019598007202148438, 4738
0.019598007202148438, 4737
0.019598007202148438, 4736
0.019598007202148438, 4735
0.019598007202148438, 4734
0.019598007202148438, 4733
0.019598007202148438, 4732
0.019598007202148438, 4731
0.019598007202148438, 4730
0.019598007202148438, 4729
0.019598007202148438, 4728
0.019598007202148438, 4727
0.019598007202148438, 4726
0.019598007202148438, 4725
0.019598007202148438, 4724
0.019598007202148438, 4723
0.019598007202148438, 4722
0.019598007202148438, 4721
0.019598007202148438, 4720
0.019598007202148438, 4719
0.019598007202148438, 4718
0.019598007202148438, 4717
0.019598007202148438, 4716
0.019598007202148438, 4715
0.019598007202148438, 4714
0.019598007202148438, 4713
0.019598007202148438, 4712
0.019598007202148438, 4711
0.019598007202148438, 4710
0.019598007202148438, 4709
0.019598007202148438, 4708
0.019598007202148438, 4707
0.019598007202148438, 4706
0.019598007202148438, 4705
0.019598007202148438, 4704
0.019598007202148438, 4703
0.019598007202148438, 4702
0.019598007202148438, 4701
0.019598007202148438, 4700
0.020598173141479492, 4699
0.020598173141479492, 4698
0.020598173141479492, 4697
0.020598173141479492, 4696
0.020598173141479492, 4695
0.020598173141479492, 4694
0.020598173141479492, 4693
0.020598173141479492, 4692
0.020598173141479492, 4691
0.020598173141479492, 4690
0.020598173141479492, 4689
0.020598173141479492, 4688
0.020598173141479492, 4687
0.020598173141479492, 4686
0.020598173141479492, 4685
0.020598173141479492, 4684
0.020598173141479492, 4683
0.020598173141479492, 4682
0.020598173141479492, 4681
0.020598173141479492, 4680
0.020598173141479492, 4679
0.020598173141479492, 4678
0.020598173141479492, 4677
0.020598173141479492, 4676
0.020598173141479492, 4675
0.020598173141479492, 4674
0.020598173141479492, 4673
0.020598173141479492, 4672
0.020598173141479492, 4671
0.020598173141479492, 4670
0.020598173141479492, 4669
0.020598173141479492, 4668
0.020598173141479492, 4667
0.020598173141479492, 4666
0.020598173141479492, 4665
0.020598173141479492, 4664
0.020598173141479492, 4663
0.020598173141479492, 4662
0.020598173141479492, 4661
0.020598173141479492, 4660
0.020598173141479492, 4659
0.020598173141479492, 4658
0.021598339080810547, 4657
0.021598339080810547, 4656
0.021598339080810547, 4655
0.021598339080810547, 4654
0.021598339080810547, 4653
0.021598339080810547, 4652
0.021598339080810547, 4651
0.021598339080810547, 4650
0.021598339080810547, 4649
0.021598339080810547, 4648
0.021598339080810547, 4647
0.021598339080810547, 4646
0.021598339080810547, 4645
0.021598339080810547, 4644
0.021598339080810547, 4643
0.021598339080810547, 4642
0.021598339080810547, 4641
0.021598339080810547, 4640
0.021598339080810547, 4639
0.021598339080810547, 4638
0.021598339080810547, 4637
0.021598339080810547, 4636
0.021598339080810547, 4635
0.021598339080810547, 4634
0.021598339080810547, 4633
0.021598339080810547, 4632
0.021598339080810547, 4631
0.021598339080810547, 4630
0.021598339080810547, 4629
0.021598339080810547, 4628
0.022598743438720703, 4627
0.022598743438720703, 4626
0.022598743438720703, 4625
0.022598743438720703, 4624
0.022598743438720703, 4623
0.022598743438720703, 4622
0.022598743438720703, 4621
0.022598743438720703, 4620
0.022598743438720703, 4619
0.022598743438720703, 4618
0.022598743438720703, 4617
0.022598743438720703, 4616
0.022598743438720703, 4615
0.022598743438720703, 4614
0.022598743438720703, 4613
0.022598743438720703, 4612
0.022598743438720703, 4611
0.022598743438720703, 4610
0.022598743438720703, 4609
0.022598743438720703, 4608
0.022598743438720703, 4607
0.023650646209716797, 4606
0.023701906204223633, 4605
0.023701906204223633, 4604
0.023701906204223633, 4603
0.023701906204223633, 4602
0.0746757984161377, 3228
0.0746757984161377, 3227
0.0746757984161377, 3226
0.0746757984161377, 3225
0.0746757984161377, 3224
0.0746757984161377, 3223
0.0746757984161377, 3222
0.0746757984161377, 3221
0.0746757984161377, 3220
0.0746757984161377, 3219
0.0746757984161377, 3218
0.0746757984161377, 3217
0.0746757984161377, 3216
0.0746757984161377, 3215
0.0746757984161377, 3214
0.0746757984161377, 3213
0.0746757984161377, 3212
0.0746757984161377, 3211
0.0746757984161377, 3210
0.0746757984161377, 3209
0.0746757984161377, 3208
0.07567572593688965, 3207
0.07567572593688965, 3206
0.07567572593688965, 3205
0.07567572593688965, 3204
0.07567572593688965, 3203
0.07567572593688965, 3202
0.07567572593688965, 3201
0.07567572593688965, 3200
0.07567572593688965, 3199
0.07567572593688965, 3198
0.07567572593688965, 3197
0.07567572593688965, 3196
0.07567572593688965, 3195
0.07567572593688965, 3194
0.07567572593688965, 3193
0.07567572593688965, 3192
0.07567572593688965, 3191
0.07567572593688965, 3190
0.07567572593688965, 3189
0.07567572593688965, 3188
0.07567572593688965, 3187
0.25368261337280273, 3186
0.25368261337280273, 3185
0.25368261337280273, 3184
0.25368261337280273, 3183
0.25368261337280273, 3182
0.25368261337280273, 3181
0.25368261337280273, 3180
0.25368261337280273, 3179
0.38572025299072266, 3178
0.38572025299072266, 3177
0.38572025299072266, 3176
0.38572025299072266, 3175
0.38572025299072266, 3174
0.38572025299072266, 3173
0.38572025299072266, 3172
0.38572025299072266, 3171
0.38572025299072266, 3170
0.38572025299072266, 3169
0.38572025299072266, 3168
0.38572025299072266, 3167
0.38572025299072266, 3166
0.38572025299072266, 3165
0.38572025299072266, 3164
0.38572025299072266, 3163
0.38572025299072266, 3162
0.38572025299072266, 3161
0.38572025299072266, 3160
0.38572025299072266, 3159
0.3867208957672119, 3158
0.3867208957672119, 3157
0.3867208957672119, 3156
0.4867222309112549, 3155
0.4867222309112549, 3154
0.4867222309112549, 3153
0.4867222309112549, 3152
0.4867222309112549, 3151
0.4867222309112549, 3150
0.4867222309112549, 3149
0.4867222309112549, 3148
0.4867222309112549, 3147
0.4877204895019531, 3146
0.4877204895019531, 3145
0.4877204895019531, 3144
0.4877204895019531, 3143
0.4877204895019531, 3142
0.4877204895019531, 3141
0.4877204895019531, 3140
0.4877204895019531, 3139
0.4877204895019531, 3138
0.4877204895019531, 3137
0.4877204895019531, 3136
0.4877204895019531, 3135
0.4877204895019531, 3134
0.4877204895019531, 3133
3.2226991653442383, 3132
3.2226991653442383, 3131
3.2226991653442383, 3130
3.2226991653442383, 3129
3.2226991653442383, 3128
5.088754177093506, 3127
5.088754177093506, 3126
5.088754177093506, 3125
5.088754177093506, 3124
5.089753150939941, 3123
5.089753150939941, 3122
5.089753150939941, 3121
5.089753150939941, 3120
5.089753150939941, 3119
5.089753150939941, 3118
5.089753150939941, 3117
5.089753150939941, 3116
5.089753150939941, 3115
