0.017043590545654297, 4897
0.017043590545654297, 4896
0.017043590545654297, 4895
0.017043590545654297, 4894
0.017043590545654297, 4893
0.017043590545654297, 4892
0.017043590545654297, 4891
0.017043590545654297, 4890
0.017043590545654297, 4889
0.017043590545654297, 4888
0.017043590545654297, 4887
0.017043590545654297, 4886
0.017043590545654297, 4885
0.01804375648498535, 4884
0.01804375648498535, 4883
0.01804375648498535, 4882
0.01804375648498535, 4881
0.01804375648498535, 4880
0.01804375648498535, 4879
0.01804375648498535, 4878
0.01804375648498535, 4877
0.01804375648498535, 4876
0.01804375648498535, 4875
0.01804375648498535, 4874
0.01804375648498535, 4873
0.01804375648498535, 4872
0.01804375648498535, 4871
0.01804375648498535, 4870
0.01804375648498535, 4869
0.01804375648498535, 4868
0.01804375648498535, 4867
0.01804375648498535, 4866
0.01804375648498535, 4865
0.01804375648498535, 4864
0.01804375648498535, 4863
0.01804375648498535, 4862
0.01804375648498535, 4861
0.01804375648498535, 4860
0.01804375648498535, 4859
0.01804375648498535, 4858
0.01804375648498535, 4857
0.01804375648498535, 4856
0.01804375648498535, 4855
0.01804375648498535, 4854
0.01804375648498535, 4853
0.01804375648498535, 4852
0.01804375648498535, 4851
0.01804375648498535, 4850
0.01804375648498535, 4849
0.01804375648498535, 4848
0.01804375648498535, 4847
0.019043684005737305, 4846
0.019043684005737305, 4845
0.019043684005737305, 4844
0.019043684005737305, 4843
0.019043684005737305, 4842
0.033041954040527344, 3239
0.033041954040527344, 3238
0.033041954040527344, 3237
0.033041954040527344, 3236
0.033041954040527344, 3235
0.033041954040527344, 3234
0.033041954040527344, 3233
0.033041954040527344, 3232
0.033041954040527344, 3231
0.033041954040527344, 3230
0.033041954040527344, 3229
0.033041954040527344, 3228
0.033041954040527344, 3227
0.033041954040527344, 3226
0.033041954040527344, 3225
0.033041954040527344, 3224
0.033041954040527344, 3223
0.033041954040527344, 3222
0.033041954040527344, 3221
0.033041954040527344, 3220
0.033041954040527344, 3219
0.033041954040527344, 3218
0.033041954040527344, 3217
0.033041954040527344, 3216
0.033041954040527344, 3215
0.033041954040527344, 3214
0.0340423583984375, 3213
0.0340423583984375, 3212
0.0340423583984375, 3211
0.0340423583984375, 3210
0.0340423583984375, 3209
0.0340423583984375, 3208
0.0340423583984375, 3207
0.0340423583984375, 3206
0.0340423583984375, 3205
0.0340423583984375, 3204
0.0340423583984375, 3203
0.0340423583984375, 3202
0.0340423583984375, 3201
0.0340423583984375, 3200
0.0340423583984375, 3199
0.0340423583984375, 3198
0.0340423583984375, 3197
0.0340423583984375, 3196
0.0340423583984375, 3195
0.0340423583984375, 3194
0.0340423583984375, 3193
0.0340423583984375, 3192
0.0340423583984375, 3191
0.0340423583984375, 3190
0.0340423583984375, 3189
0.0340423583984375, 3188
0.0340423583984375, 3187
0.0340423583984375, 3186
0.0340423583984375, 3185
0.0340423583984375, 3184
0.0340423583984375, 3183
0.0340423583984375, 3182
0.0340423583984375, 3181
0.0340423583984375, 3180
0.0340423583984375, 3179
0.0340423583984375, 3178
0.034986019134521484, 3177
0.034986019134521484, 3176
0.034986019134521484, 3175
0.035042524337768555, 3174
0.035042524337768555, 3173
0.035042524337768555, 3172
0.035042524337768555, 3171
0.035042524337768555, 3170
0.035042524337768555, 3169
0.035042524337768555, 3168
0.035042524337768555, 3167
0.035042524337768555, 3166
0.035042524337768555, 3165
0.035042524337768555, 3164
0.035042524337768555, 3163
0.035042524337768555, 3162
0.035042524337768555, 3161
0.035042524337768555, 3160
0.035042524337768555, 3159
0.035042524337768555, 3158
0.035042524337768555, 3157
0.035042524337768555, 3156
0.035042524337768555, 3155
0.035042524337768555, 3154
0.035042524337768555, 3153
0.035042524337768555, 3152
0.035042524337768555, 3151
0.035042524337768555, 3150
0.035042524337768555, 3149
0.035042524337768555, 3148
0.035042524337768555, 3147
0.035042524337768555, 3146
0.035042524337768555, 3145
0.035042524337768555, 3144
0.035042524337768555, 3143
0.035042524337768555, 3142
0.035042524337768555, 3141
0.035042524337768555, 3140
0.035042524337768555, 3139
0.036042213439941406, 3138
0.036042213439941406, 3137
0.036042213439941406, 3136
0.036042213439941406, 3135
0.036042213439941406, 3134
0.036042213439941406, 3133
1.6359424591064453, 3132
1.6359424591064453, 3131
1.6359424591064453, 3130
1.6359424591064453, 3129
1.6359424591064453, 3128
1.6359424591064453, 3127
1.6359424591064453, 3126
1.6359424591064453, 3125
1.636941909790039, 3124
1.636941909790039, 3123
1.636941909790039, 3122
2.355012893676758, 3121
2.355012893676758, 3120
2.355012893676758, 3119
2.355012893676758, 3118
2.355012893676758, 3117
2.355012893676758, 3116
2.355012893676758, 3115
2.355012893676758, 3114
7.757817983627319, 3113
7.75849461555481, 3112
7.75849461555481, 3111
7.75849461555481, 3110
