0.017065048217773438, 4936
0.017065048217773438, 4935
0.017065048217773438, 4934
0.017065048217773438, 4933
0.017065048217773438, 4932
0.017065048217773438, 4931
0.017065048217773438, 4930
0.017065048217773438, 4929
0.017065048217773438, 4928
0.017065048217773438, 4927
0.017065048217773438, 4926
0.017065048217773438, 4925
0.017065048217773438, 4924
0.017065048217773438, 4923
0.017065048217773438, 4922
0.017065048217773438, 4921
0.017065048217773438, 4920
0.017065048217773438, 4919
0.017998695373535156, 4918
0.017998695373535156, 4917
0.017998695373535156, 4916
0.017998695373535156, 4915
0.017998695373535156, 4914
0.017998695373535156, 4913
0.017998695373535156, 4912
0.017998695373535156, 4911
0.017998695373535156, 4910
0.017998695373535156, 4909
0.017998695373535156, 4908
0.017998695373535156, 4907
0.017998695373535156, 4906
0.017998695373535156, 4905
0.017998695373535156, 4904
0.017998695373535156, 4903
0.017998695373535156, 4902
0.017998695373535156, 4901
0.017998695373535156, 4900
0.017998695373535156, 4899
0.017998695373535156, 4898
0.017998695373535156, 4897
0.017998695373535156, 4896
0.017998695373535156, 4895
0.017998695373535156, 4894
0.017998695373535156, 4893
0.017998695373535156, 4892
0.017998695373535156, 4891
0.01899862289428711, 4890
0.01899862289428711, 4889
0.01899862289428711, 4888
0.01899862289428711, 4887
0.01899862289428711, 4886
0.01899862289428711, 4885
0.01899862289428711, 4884
0.01899862289428711, 4883
0.01899862289428711, 4882
0.01899862289428711, 4881
0.01899862289428711, 4880
0.01899862289428711, 4879
0.01899862289428711, 4878
0.01899862289428711, 4877
0.01899862289428711, 4876
0.01899862289428711, 4875
0.01899862289428711, 4874
0.01899862289428711, 4873
0.01899862289428711, 4872
0.01899862289428711, 4871
0.01899862289428711, 4870
0.01899862289428711, 4869
0.01899862289428711, 4868
0.01899862289428711, 4867
0.01899862289428711, 4866
0.01899862289428711, 4865
0.01899862289428711, 4864
0.01899862289428711, 4863
0.020998477935791016, 4292
0.020998477935791016, 4291
0.020998477935791016, 4290
0.020998477935791016, 4289
0.020998477935791016, 4288
0.020998477935791016, 4287
0.020998477935791016, 4286
0.020998477935791016, 4285
0.020998477935791016, 4284
0.020998477935791016, 4283
0.020998477935791016, 4282
0.020998477935791016, 4281
0.020998477935791016, 4280
0.020998477935791016, 4279
0.020998477935791016, 4278
0.020998477935791016, 4277
0.020998477935791016, 4276
0.020998477935791016, 4275
0.020998477935791016, 4274
0.021979093551635742, 4273
0.021979093551635742, 4272
0.021979093551635742, 4271
0.021979093551635742, 4270
0.021979093551635742, 4269
0.021979093551635742, 4268
0.021979093551635742, 4267
0.021979093551635742, 4266
0.021979093551635742, 4265
0.021979093551635742, 4264
0.021979093551635742, 4263
0.021979093551635742, 4262
0.021979093551635742, 4261
0.021979093551635742, 4260
0.021979093551635742, 4259
0.021979093551635742, 4258
0.021979093551635742, 4257
0.021979093551635742, 4256
0.021979093551635742, 4255
0.021979093551635742, 4254
0.021979093551635742, 4253
0.021979093551635742, 4252
0.021979093551635742, 4251
0.021979093551635742, 4250
0.021979093551635742, 4249
0.021979093551635742, 4248
0.021979093551635742, 4247
0.021979093551635742, 4246
0.02299952507019043, 4245
0.02299952507019043, 4244
0.02299952507019043, 4243
0.02299952507019043, 4242
0.03499865531921387, 3295
0.03499865531921387, 3294
0.03499865531921387, 3293
0.03499865531921387, 3292
0.03499865531921387, 3291
0.03499865531921387, 3290
0.03499865531921387, 3289
0.03499865531921387, 3288
0.03499865531921387, 3287
0.03499865531921387, 3286
0.03499865531921387, 3285
0.03499865531921387, 3284
0.03499865531921387, 3283
0.03499865531921387, 3282
0.03599905967712402, 3281
0.03599905967712402, 3280
0.03599905967712402, 3279
0.03599905967712402, 3278
0.03599905967712402, 3277
0.03599905967712402, 3276
0.03599905967712402, 3275
0.03599905967712402, 3274
0.03599905967712402, 3273
0.03599905967712402, 3272
0.03599905967712402, 3271
0.03599905967712402, 3270
0.03599905967712402, 3269
0.03599905967712402, 3268
0.03599905967712402, 3267
0.03599905967712402, 3266
0.03599905967712402, 3265
0.03599905967712402, 3264
0.03599905967712402, 3263
0.03599905967712402, 3262
0.03599905967712402, 3261
0.03599905967712402, 3260
0.03599905967712402, 3259
0.03599905967712402, 3258
0.03599905967712402, 3257
0.03599905967712402, 3256
0.03599905967712402, 3255
0.036998748779296875, 3254
0.036998748779296875, 3253
0.036998748779296875, 3252
0.036998748779296875, 3251
0.036998748779296875, 3250
0.036998748779296875, 3249
0.036998748779296875, 3248
0.036998748779296875, 3247
0.036998748779296875, 3246
0.036998748779296875, 3245
0.036998748779296875, 3244
0.036998748779296875, 3243
0.036998748779296875, 3242
0.036998748779296875, 3241
0.036998748779296875, 3240
0.036998748779296875, 3239
0.036998748779296875, 3238
0.036998748779296875, 3237
0.036998748779296875, 3236
0.036998748779296875, 3235
0.036998748779296875, 3234
0.036998748779296875, 3233
0.036998748779296875, 3232
0.036998748779296875, 3231
0.036998748779296875, 3230
0.03799867630004883, 3229
0.03799867630004883, 3228
0.03799867630004883, 3227
0.03799867630004883, 3226
0.03799867630004883, 3225
0.03799867630004883, 3224
0.03799867630004883, 3223
0.03799867630004883, 3222
0.03799867630004883, 3221
0.03799867630004883, 3220
0.03799867630004883, 3219
0.03799867630004883, 3218
0.03799867630004883, 3217
0.03799867630004883, 3216
0.03799867630004883, 3215
0.03799867630004883, 3214
0.03799867630004883, 3213
0.03799867630004883, 3212
0.03799867630004883, 3211
0.03799867630004883, 3210
0.03799867630004883, 3209
0.03799867630004883, 3208
0.03799867630004883, 3207
0.03799867630004883, 3206
0.03799867630004883, 3205
0.03799867630004883, 3204
0.03899860382080078, 3203
0.03899860382080078, 3202
0.03899860382080078, 3201
0.03899860382080078, 3200
0.03899860382080078, 3199
0.03899860382080078, 3198
0.03899860382080078, 3197
0.03899860382080078, 3196
0.03899860382080078, 3195
0.03899860382080078, 3194
0.03899860382080078, 3193
0.03899860382080078, 3192
0.03899860382080078, 3191
0.03899860382080078, 3190
0.03899860382080078, 3189
0.03899860382080078, 3188
0.03899860382080078, 3187
0.03899860382080078, 3186
0.03899860382080078, 3185
0.03899860382080078, 3184
0.03899860382080078, 3183
0.03899860382080078, 3182
0.03899860382080078, 3181
0.03899860382080078, 3180
0.03899860382080078, 3179
0.03899860382080078, 3178
0.03899860382080078, 3177
0.039998531341552734, 3176
0.039998531341552734, 3175
0.039998531341552734, 3174
0.039998531341552734, 3173
0.039998531341552734, 3172
0.11709856986999512, 3171
0.11709856986999512, 3170
0.11709856986999512, 3169
0.11709856986999512, 3168
0.11709856986999512, 3167
0.11709856986999512, 3166
0.11709856986999512, 3165
0.6960177421569824, 3164
0.6960177421569824, 3163
0.6960177421569824, 3162
0.6960177421569824, 3161
0.6960177421569824, 3160
0.6960177421569824, 3159
0.6960177421569824, 3158
1.288236141204834, 3157
1.288236141204834, 3156
1.288236141204834, 3155
1.288236141204834, 3154
1.288236141204834, 3153
1.288236141204834, 3152
1.288236141204834, 3151
1.288236141204834, 3150
1.288236141204834, 3149
1.288236141204834, 3148
1.288236141204834, 3147
1.288236141204834, 3146
1.288236141204834, 3145
1.288236141204834, 3144
1.288236141204834, 3143
1.288236141204834, 3142
1.288236141204834, 3141
1.288236141204834, 3140
1.288236141204834, 3139
1.288236141204834, 3138
1.288236141204834, 3137
1.985436201095581, 3136
4.506973028182983, 3135
4.889058589935303, 3134
4.889058589935303, 3133
4.889058589935303, 3132
4.8900580406188965, 3131
4.8900580406188965, 3130
4.8900580406188965, 3129
4.8900580406188965, 3128
4.8900580406188965, 3127
4.8900580406188965, 3126
4.8900580406188965, 3125
6.9219701290130615, 3124
6.9219701290130615, 3123
6.9219701290130615, 3122
8.508510828018188, 3121
8.508510828018188, 3120
8.508510828018188, 3119
8.508510828018188, 3118
8.508510828018188, 3117
8.508510828018188, 3116
8.508510828018188, 3115
8.508510828018188, 3114
8.509513139724731, 3113
8.509513139724731, 3112
8.509513139724731, 3111
8.509513139724731, 3110
8.509513139724731, 3109
8.509513139724731, 3108
8.509513139724731, 3107
8.509513139724731, 3106
8.509513139724731, 3105
8.509513139724731, 3104
8.509513139724731, 3103
8.509513139724731, 3102
8.509513139724731, 3101
8.509513139724731, 3100
