0.01702284812927246, 4880
0.01702284812927246, 4879
0.01702284812927246, 4878
0.01702284812927246, 4877
0.018023014068603516, 4876
0.018023014068603516, 4875
0.018023014068603516, 4874
0.018023014068603516, 4873
0.018023014068603516, 4872
0.018023014068603516, 4871
0.018023014068603516, 4870
0.018023014068603516, 4869
0.018023014068603516, 4868
0.018023014068603516, 4867
0.018023014068603516, 4866
0.018023014068603516, 4865
0.018023014068603516, 4864
0.018023014068603516, 4863
0.018023014068603516, 4862
0.018023014068603516, 4861
0.018023014068603516, 4860
0.018023014068603516, 4859
0.018023014068603516, 4858
0.018023014068603516, 4857
0.018023014068603516, 4856
0.018023014068603516, 4855
0.018023014068603516, 4854
0.018023014068603516, 4853
0.018023014068603516, 4852
0.018023014068603516, 4851
0.018023014068603516, 4850
0.018023014068603516, 4849
0.018023014068603516, 4848
0.018023014068603516, 4847
0.018023014068603516, 4846
0.018023014068603516, 4845
0.018023014068603516, 4844
0.018023014068603516, 4843
0.018023014068603516, 4842
0.018023014068603516, 4841
0.018023014068603516, 4840
0.018023014068603516, 4839
0.018023014068603516, 4838
0.018023014068603516, 4837
0.018023014068603516, 4836
0.018023014068603516, 4835
0.018023014068603516, 4834
0.01902294158935547, 4833
0.01902294158935547, 4832
0.01902294158935547, 4831
0.01902294158935547, 4830
0.01902294158935547, 4829
0.01902294158935547, 4828
0.01902294158935547, 4827
0.01902294158935547, 4826
0.01902294158935547, 4825
0.01902294158935547, 4824
0.01902294158935547, 4823
0.01902294158935547, 4822
0.01902294158935547, 4821
0.01902294158935547, 4820
0.01902294158935547, 4819
0.01902294158935547, 4818
0.01902294158935547, 4817
0.01902294158935547, 4816
0.01902294158935547, 4815
0.01902294158935547, 4814
0.01902294158935547, 4813
0.01902294158935547, 4812
0.01902294158935547, 4811
0.01902294158935547, 4810
0.01902294158935547, 4809
0.01902294158935547, 4808
0.01902294158935547, 4807
0.01902294158935547, 4806
0.01902294158935547, 4805
0.01902294158935547, 4804
0.01902294158935547, 4803
0.01902294158935547, 4802
0.01902294158935547, 4801
0.01902294158935547, 4800
0.01902294158935547, 4799
0.01902294158935547, 4798
0.01902294158935547, 4797
0.01902294158935547, 4796
0.01902294158935547, 4795
0.01902294158935547, 4794
0.01902294158935547, 4793
0.01902294158935547, 4792
0.01902294158935547, 4791
0.020023345947265625, 4790
0.020023345947265625, 4789
0.020023345947265625, 4788
0.020023345947265625, 4787
0.020023345947265625, 4786
0.020023345947265625, 4785
0.020023345947265625, 4784
0.020023345947265625, 4783
0.020023345947265625, 4782
0.020023345947265625, 4781
0.020023345947265625, 4780
0.020023345947265625, 4779
0.020023345947265625, 4778
0.020023345947265625, 4777
0.020023345947265625, 4776
0.020023345947265625, 4775
0.020023345947265625, 4774
0.020023345947265625, 4773
0.020023345947265625, 4772
0.020023345947265625, 4771
0.020023345947265625, 4770
0.020023345947265625, 4769
0.020023345947265625, 4768
0.020023345947265625, 4767
0.020023345947265625, 4766
0.020023345947265625, 4765
0.020023345947265625, 4764
0.020023345947265625, 4763
0.020023345947265625, 4762
0.020023345947265625, 4761
0.020023345947265625, 4760
0.020023345947265625, 4759
0.02102184295654297, 4758
0.02102184295654297, 4757
0.02102184295654297, 4756
0.02102184295654297, 4755
0.02102184295654297, 4754
0.02102184295654297, 4753
0.02102184295654297, 4752
0.02102184295654297, 4751
0.02102184295654297, 4750
0.02102184295654297, 4749
0.02102184295654297, 4748
0.02102184295654297, 4747
0.02102184295654297, 4746
0.02102184295654297, 4745
0.02102184295654297, 4744
0.02102184295654297, 4743
0.02102184295654297, 4742
0.02102184295654297, 4741
0.02102184295654297, 4740
0.02102184295654297, 4739
0.02102184295654297, 4738
0.02102184295654297, 4737
0.02102184295654297, 4736
0.02102184295654297, 4735
0.02102184295654297, 4734
0.02102184295654297, 4733
0.02102184295654297, 4732
0.02102184295654297, 4731
0.02102184295654297, 4730
0.02102184295654297, 4729
0.02102184295654297, 4728
0.02102184295654297, 4727
0.02102184295654297, 4726
0.13681507110595703, 3295
0.13681507110595703, 3294
0.13681507110595703, 3293
0.13681507110595703, 3292
0.13781428337097168, 3291
0.13781428337097168, 3290
0.13781428337097168, 3289
0.13781428337097168, 3288
0.13781428337097168, 3287
0.13781428337097168, 3286
0.13781428337097168, 3285
0.13781428337097168, 3284
0.13781428337097168, 3283
0.13781428337097168, 3282
0.13781428337097168, 3281
0.13781428337097168, 3280
0.13781428337097168, 3279
0.13781428337097168, 3278
0.13781428337097168, 3277
0.13781428337097168, 3276
0.13781428337097168, 3275
0.13781428337097168, 3274
0.13781428337097168, 3273
0.13781428337097168, 3272
0.13781428337097168, 3271
0.13781428337097168, 3270
0.13781428337097168, 3269
0.13781428337097168, 3268
0.13781428337097168, 3267
0.13781428337097168, 3266
0.1385352611541748, 3265
0.1385352611541748, 3264
0.1385352611541748, 3263
0.1385352611541748, 3262
0.1385352611541748, 3261
0.1385352611541748, 3260
0.1385352611541748, 3259
0.1385352611541748, 3258
0.1385352611541748, 3257
0.1385352611541748, 3256
0.13881516456604004, 3255
0.13881516456604004, 3254
0.13881516456604004, 3253
0.13881516456604004, 3252
0.13881516456604004, 3251
0.13881516456604004, 3250
0.13881516456604004, 3249
0.13881516456604004, 3248
0.13881516456604004, 3247
0.13881516456604004, 3246
0.13881516456604004, 3245
0.13881516456604004, 3244
0.13881516456604004, 3243
0.13881516456604004, 3242
0.13881516456604004, 3241
0.13881516456604004, 3240
0.13881516456604004, 3239
0.13881516456604004, 3238
0.13881516456604004, 3237
0.13881516456604004, 3236
0.13881516456604004, 3235
0.13881516456604004, 3234
0.13881516456604004, 3233
0.13881516456604004, 3232
0.13881516456604004, 3231
0.13881516456604004, 3230
0.13881516456604004, 3229
0.13881516456604004, 3228
0.13881516456604004, 3227
0.13881516456604004, 3226
0.13881516456604004, 3225
0.13881516456604004, 3224
0.13881516456604004, 3223
0.13881516456604004, 3222
0.13881516456604004, 3221
0.1398148536682129, 3220
0.1398148536682129, 3219
0.1398148536682129, 3218
0.1398148536682129, 3217
0.1398148536682129, 3216
0.1398148536682129, 3215
0.1398148536682129, 3214
0.1398148536682129, 3213
0.1398148536682129, 3212
0.1398148536682129, 3211
0.1398148536682129, 3210
0.1398148536682129, 3209
0.1398148536682129, 3208
0.1398148536682129, 3207
0.1398148536682129, 3206
0.1398148536682129, 3205
0.1398148536682129, 3204
0.1398148536682129, 3203
0.1398148536682129, 3202
0.1398148536682129, 3201
0.1398148536682129, 3200
0.1398148536682129, 3199
0.1398148536682129, 3198
0.1398148536682129, 3197
0.1398148536682129, 3196
0.1398148536682129, 3195
0.1398148536682129, 3194
0.1398148536682129, 3193
0.1398148536682129, 3192
0.1398148536682129, 3191
0.1398148536682129, 3190
0.1398148536682129, 3189
0.1398148536682129, 3188
0.14081501960754395, 3187
0.14081501960754395, 3186
0.14081501960754395, 3185
0.14092469215393066, 3184
0.14092469215393066, 3183
0.14092469215393066, 3182
0.14092469215393066, 3181
0.14092469215393066, 3180
0.14092469215393066, 3179
0.14092469215393066, 3178
0.14092469215393066, 3177
0.14092469215393066, 3176
0.14092469215393066, 3175
0.14092469215393066, 3174
0.14092469215393066, 3173
0.16684436798095703, 3172
0.16684436798095703, 3171
0.16684436798095703, 3170
0.16684436798095703, 3169
0.16684436798095703, 3168
0.16684436798095703, 3167
0.16684436798095703, 3166
0.16684436798095703, 3165
0.16684436798095703, 3164
0.3151435852050781, 3163
0.3151435852050781, 3162
0.3151435852050781, 3161
0.3151435852050781, 3160
0.3151435852050781, 3159
0.3151435852050781, 3158
0.3151435852050781, 3157
0.3151435852050781, 3156
0.3151435852050781, 3155
0.3151435852050781, 3154
0.3151435852050781, 3153
0.3151435852050781, 3152
0.3151435852050781, 3151
0.3151435852050781, 3150
0.3151435852050781, 3149
0.3151435852050781, 3148
0.3151435852050781, 3147
0.3151435852050781, 3146
0.3151435852050781, 3145
0.3151435852050781, 3144
0.3151435852050781, 3143
0.3151435852050781, 3142
0.3151435852050781, 3141
0.3151435852050781, 3140
0.3151435852050781, 3139
0.3151435852050781, 3138
0.3151435852050781, 3137
0.3151435852050781, 3136
0.3151435852050781, 3135
0.3151435852050781, 3134
0.3161427974700928, 3133
0.3161427974700928, 3132
0.3161427974700928, 3131
0.3161427974700928, 3130
0.3161427974700928, 3129
0.3161427974700928, 3128
0.3161427974700928, 3127
0.3161427974700928, 3126
0.3161427974700928, 3125
0.3161427974700928, 3124
0.3161427974700928, 3123
0.3161427974700928, 3122
0.3161427974700928, 3121
0.3161427974700928, 3120
0.3161427974700928, 3119
0.3161427974700928, 3118
0.3161427974700928, 3117
0.3161427974700928, 3116
0.3161427974700928, 3115
0.3161427974700928, 3114
0.3161427974700928, 3113
0.3161427974700928, 3112
0.3161427974700928, 3111
0.3161427974700928, 3110
