0.01800084114074707, 4911
0.01800084114074707, 4910
0.01800084114074707, 4909
0.01800084114074707, 4908
0.01800084114074707, 4907
0.01800084114074707, 4906
0.01800084114074707, 4905
0.01800084114074707, 4904
0.01800084114074707, 4903
0.01800084114074707, 4902
0.01800084114074707, 4901
0.01800084114074707, 4900
0.01800084114074707, 4899
0.01800084114074707, 4898
0.01800084114074707, 4897
0.01800084114074707, 4896
0.01800084114074707, 4895
0.01800084114074707, 4894
0.01800084114074707, 4893
0.01800084114074707, 4892
0.01800084114074707, 4891
0.01800084114074707, 4890
0.01800084114074707, 4889
0.01800084114074707, 4888
0.01800084114074707, 4887
0.01800084114074707, 4886
0.01800084114074707, 4885
0.01800084114074707, 4884
0.01800084114074707, 4883
0.01800084114074707, 4882
0.01800084114074707, 4881
0.019002914428710938, 4880
0.019002914428710938, 4879
0.019002914428710938, 4878
0.019002914428710938, 4877
0.019002914428710938, 4876
0.019002914428710938, 4875
0.019002914428710938, 4874
0.019002914428710938, 4873
0.019002914428710938, 4872
0.019002914428710938, 4871
0.019002914428710938, 4870
0.019002914428710938, 4869
0.019002914428710938, 4868
0.019002914428710938, 4867
0.019002914428710938, 4866
0.019002914428710938, 4865
0.019002914428710938, 4864
0.019002914428710938, 4863
0.019002914428710938, 4862
0.019002914428710938, 4861
0.019002914428710938, 4860
0.019002914428710938, 4859
0.019002914428710938, 4858
0.019002914428710938, 4857
0.019002914428710938, 4856
0.019002914428710938, 4855
0.019002914428710938, 4854
0.019002914428710938, 4853
0.019002914428710938, 4852
0.019002914428710938, 4851
0.019002914428710938, 4850
0.019002914428710938, 4849
0.019002914428710938, 4848
0.019002914428710938, 4847
0.019002914428710938, 4846
0.019002914428710938, 4845
0.019002914428710938, 4844
0.019002914428710938, 4843
0.019002914428710938, 4842
0.020000457763671875, 4841
0.020000457763671875, 4840
0.020000457763671875, 4839
0.020000457763671875, 4838
0.020000457763671875, 4837
0.020000457763671875, 4836
0.020000457763671875, 4835
0.020000457763671875, 4834
0.020000457763671875, 4833
0.020000457763671875, 4832
0.020000457763671875, 4831
0.020000457763671875, 4830
0.020000457763671875, 4829
0.020000457763671875, 4828
0.020000457763671875, 4827
0.020000457763671875, 4826
0.020000457763671875, 4825
0.020000457763671875, 4824
0.020000457763671875, 4823
0.020000457763671875, 4822
0.020000457763671875, 4821
0.020000457763671875, 4820
0.020000457763671875, 4819
0.020000457763671875, 4818
0.020000457763671875, 4817
0.020000457763671875, 4816
0.020000457763671875, 4815
0.020000457763671875, 4814
0.020000457763671875, 4813
0.020000457763671875, 4812
0.020000457763671875, 4811
0.020000457763671875, 4810
0.020000457763671875, 4809
0.020000457763671875, 4808
0.020000457763671875, 4807
0.020000457763671875, 4806
0.020000457763671875, 4805
0.020000457763671875, 4804
0.020000457763671875, 4803
0.020000457763671875, 4802
0.020000457763671875, 4801
0.020000457763671875, 4800
0.020000457763671875, 4799
0.020000457763671875, 4798
0.020000457763671875, 4797
0.02100348472595215, 4796
0.02100348472595215, 4795
0.02100348472595215, 4794
0.02100348472595215, 4793
0.02100348472595215, 4792
0.02100348472595215, 4791
0.02100348472595215, 4790
0.02100348472595215, 4789
0.02100348472595215, 4788
0.02100348472595215, 4787
0.02100348472595215, 4786
0.02100348472595215, 4785
0.02100348472595215, 4784
0.02100348472595215, 4783
0.02100348472595215, 4782
0.02100348472595215, 4781
0.02100348472595215, 4780
0.02100348472595215, 4779
0.02100348472595215, 4778
0.02100348472595215, 4777
0.02100348472595215, 4776
0.02100348472595215, 4775
0.02100348472595215, 4774
0.02100348472595215, 4773
0.02100348472595215, 4772
0.02100348472595215, 4771
0.02100348472595215, 4770
0.02100348472595215, 4769
0.02100348472595215, 4768
0.02100348472595215, 4767
0.02100348472595215, 4766
0.02100348472595215, 4765
0.02100348472595215, 4764
0.02100348472595215, 4763
0.02100348472595215, 4762
0.02100348472595215, 4761
0.02100348472595215, 4760
0.02100348472595215, 4759
0.02100348472595215, 4758
0.02100348472595215, 4757
0.02100348472595215, 4756
0.022000551223754883, 4755
0.022000551223754883, 4754
0.022000551223754883, 4753
0.022000551223754883, 4752
0.022000551223754883, 4751
0.022000551223754883, 4750
0.022000551223754883, 4749
0.022000551223754883, 4748
0.022000551223754883, 4747
0.022000551223754883, 4746
0.022000551223754883, 4745
0.022000551223754883, 4744
0.022000551223754883, 4743
0.022000551223754883, 4742
0.022000551223754883, 4741
0.022000551223754883, 4740
0.022000551223754883, 4739
0.022000551223754883, 4738
0.022000551223754883, 4737
0.022000551223754883, 4736
0.022000551223754883, 4735
0.022000551223754883, 4734
0.022000551223754883, 4733
0.022000551223754883, 4732
0.022000551223754883, 4731
0.022000551223754883, 4730
0.022000551223754883, 4729
0.022000551223754883, 4728
0.022000551223754883, 4727
0.022000551223754883, 4726
0.022000551223754883, 4725
0.022000551223754883, 4724
0.022000551223754883, 4723
0.022000551223754883, 4722
0.022000551223754883, 4721
0.022000551223754883, 4720
0.022000551223754883, 4719
0.022000551223754883, 4718
0.022000551223754883, 4717
0.022000551223754883, 4716
0.022000551223754883, 4715
0.022000551223754883, 4714
0.022000551223754883, 4713
0.022000551223754883, 4712
0.023000478744506836, 4711
0.023000478744506836, 4710
0.023000478744506836, 4709
0.023000478744506836, 4708
0.023000478744506836, 4707
0.023000478744506836, 4706
0.023000478744506836, 4705
0.023000478744506836, 4704
0.023000478744506836, 4703
0.023000478744506836, 4702
0.023000478744506836, 4701
0.023000478744506836, 4700
0.023000478744506836, 4699
0.023000478744506836, 4698
0.023000478744506836, 4697
0.023000478744506836, 4696
0.023000478744506836, 4695
0.023000478744506836, 4694
0.023000478744506836, 4693
0.023000478744506836, 4692
0.023000478744506836, 4691
0.023000478744506836, 4690
0.023000478744506836, 4689
0.023000478744506836, 4688
0.023000478744506836, 4687
0.023000478744506836, 4686
0.023000478744506836, 4685
0.023000478744506836, 4684
0.023000478744506836, 4683
0.023000478744506836, 4682
0.023000478744506836, 4681
0.023000478744506836, 4680
0.023000478744506836, 4679
0.023000478744506836, 4678
0.023000478744506836, 4677
0.023000478744506836, 4676
0.023000478744506836, 4675
0.023000478744506836, 4674
0.023000478744506836, 4673
0.023000478744506836, 4672
0.023000478744506836, 4671
0.023000478744506836, 4670
0.023000478744506836, 4669
0.02400064468383789, 4668
0.02400064468383789, 4667
0.02400064468383789, 4666
0.02400064468383789, 4665
0.02400064468383789, 4664
0.02400064468383789, 4663
0.02400064468383789, 4662
0.02400064468383789, 4661
0.02400064468383789, 4660
0.02400064468383789, 4659
0.02400064468383789, 4658
0.02400064468383789, 4657
0.02400064468383789, 4656
0.02400064468383789, 4655
0.02400064468383789, 4654
0.02400064468383789, 4653
0.02400064468383789, 4652
0.02400064468383789, 4651
0.02400064468383789, 4650
0.02400064468383789, 4649
0.02400064468383789, 4648
0.02400064468383789, 4647
0.02400064468383789, 4646
0.02400064468383789, 4645
0.02400064468383789, 4644
0.02400064468383789, 4643
0.02400064468383789, 4642
0.02400064468383789, 4641
0.02400064468383789, 4640
0.02400064468383789, 4639
0.02400064468383789, 4638
0.02400064468383789, 4637
0.02400064468383789, 4636
0.02400064468383789, 4635
0.02400064468383789, 4634
0.02400064468383789, 4633
0.02400064468383789, 4632
0.02400064468383789, 4631
0.02400064468383789, 4630
0.02400064468383789, 4629
0.02400064468383789, 4628
0.02500009536743164, 4627
0.02500009536743164, 4626
0.02500009536743164, 4625
0.02500009536743164, 4624
0.02500009536743164, 4623
0.02500009536743164, 4622
0.02500009536743164, 4621
0.02500009536743164, 4620
0.02500009536743164, 4619
0.02500009536743164, 4618
0.02500009536743164, 4617
0.02500009536743164, 4616
0.02500009536743164, 4615
0.02500009536743164, 4614
0.02500009536743164, 4613
0.02500009536743164, 4612
0.02500009536743164, 4611
0.02500009536743164, 4610
0.02500009536743164, 4609
0.02500009536743164, 4608
0.02500009536743164, 4607
0.02500009536743164, 4606
0.02500009536743164, 4605
0.02500009536743164, 4604
0.02500009536743164, 4603
0.02500009536743164, 4602
0.02500009536743164, 4601
0.02500009536743164, 4600
0.02500009536743164, 4599
0.02500009536743164, 4598
0.02500009536743164, 4597
0.02500009536743164, 4596
0.02500009536743164, 4595
0.02500009536743164, 4594
0.02500009536743164, 4593
0.02500009536743164, 4592
0.02500009536743164, 4591
0.02500009536743164, 4590
0.02500009536743164, 4589
0.02500009536743164, 4588
0.02500009536743164, 4587
0.02500009536743164, 4586
0.02500009536743164, 4585
0.026000022888183594, 4584
0.026000022888183594, 4583
0.026000022888183594, 4582
0.026000022888183594, 4581
0.026000022888183594, 4580
0.026000022888183594, 4579
0.026000022888183594, 4578
0.026000022888183594, 4577
0.026000022888183594, 4576
0.026000022888183594, 4575
0.026000022888183594, 4574
0.026000022888183594, 4573
0.026000022888183594, 4572
0.026000022888183594, 4571
0.026000022888183594, 4570
0.026000022888183594, 4569
0.026000022888183594, 4568
0.026000022888183594, 4567
0.026000022888183594, 4566
0.026000022888183594, 4565
0.026000022888183594, 4564
0.026000022888183594, 4563
0.026000022888183594, 4562
0.026000022888183594, 4561
0.026000022888183594, 4560
0.026000022888183594, 4559
0.026000022888183594, 4558
0.026000022888183594, 4557
0.026000022888183594, 4556
0.026000022888183594, 4555
0.026000022888183594, 4554
0.026000022888183594, 4553
0.026000022888183594, 4552
0.026000022888183594, 4551
0.026000022888183594, 4550
0.026000022888183594, 4549
0.026000022888183594, 4548
0.026000022888183594, 4547
0.026000022888183594, 4546
0.026000022888183594, 4545
0.026000022888183594, 4544
0.026999950408935547, 4543
0.026999950408935547, 4542
0.026999950408935547, 4541
0.026999950408935547, 4540
0.026999950408935547, 4539
0.026999950408935547, 4538
0.026999950408935547, 4537
0.026999950408935547, 4536
0.03918576240539551, 3397
0.03918576240539551, 3396
0.03918576240539551, 3395
0.03918576240539551, 3394
0.03918576240539551, 3393
0.03918576240539551, 3392
0.03918576240539551, 3391
0.03918576240539551, 3390
0.03918576240539551, 3389
0.03918576240539551, 3388
0.03918576240539551, 3387
0.03918576240539551, 3386
0.03918576240539551, 3385
0.03918576240539551, 3384
0.03918576240539551, 3383
0.03918576240539551, 3382
0.03918576240539551, 3381
0.03918576240539551, 3380
0.03918576240539551, 3379
0.03918576240539551, 3378
0.03918576240539551, 3377
0.03918576240539551, 3376
0.03918576240539551, 3375
0.040210723876953125, 3374
0.040210723876953125, 3373
0.040210723876953125, 3372
0.040210723876953125, 3371
0.040210723876953125, 3370
0.040210723876953125, 3369
0.040210723876953125, 3368
0.040210723876953125, 3367
0.040210723876953125, 3366
0.040210723876953125, 3365
0.040210723876953125, 3364
0.040210723876953125, 3363
0.040210723876953125, 3362
0.040210723876953125, 3361
0.040210723876953125, 3360
0.040210723876953125, 3359
0.04118633270263672, 3358
0.04118633270263672, 3357
0.04118633270263672, 3356
0.04118633270263672, 3355
0.04118633270263672, 3354
0.04118633270263672, 3353
0.04118633270263672, 3352
0.04118633270263672, 3351
0.04118633270263672, 3350
0.04118633270263672, 3349
0.04118633270263672, 3348
0.04118633270263672, 3347
0.04118633270263672, 3346
0.04118633270263672, 3345
0.04118633270263672, 3344
0.04118633270263672, 3343
0.04118633270263672, 3342
0.04118633270263672, 3341
0.04118633270263672, 3340
0.04118633270263672, 3339
0.04118633270263672, 3338
0.04118633270263672, 3337
0.04118633270263672, 3336
0.04118633270263672, 3335
0.04118633270263672, 3334
0.04118633270263672, 3333
0.04118633270263672, 3332
0.04118633270263672, 3331
0.04218554496765137, 3330
0.04218554496765137, 3329
0.04218554496765137, 3328
0.04218554496765137, 3327
0.04218554496765137, 3326
0.04218554496765137, 3325
0.04218554496765137, 3324
0.04218554496765137, 3323
0.04218554496765137, 3322
0.04218554496765137, 3321
0.04218554496765137, 3320
0.04218554496765137, 3319
0.04218554496765137, 3318
0.04218554496765137, 3317
0.04218554496765137, 3316
0.04218554496765137, 3315
0.04218554496765137, 3314
0.04218554496765137, 3313
0.04218554496765137, 3312
0.04218554496765137, 3311
0.04218554496765137, 3310
0.04218554496765137, 3309
0.043186187744140625, 3308
0.043186187744140625, 3307
0.043186187744140625, 3306
0.043186187744140625, 3305
0.043186187744140625, 3304
0.043186187744140625, 3303
0.043186187744140625, 3302
0.043186187744140625, 3301
0.043186187744140625, 3300
0.043186187744140625, 3299
0.043186187744140625, 3298
0.043186187744140625, 3297
0.043186187744140625, 3296
0.043186187744140625, 3295
0.043186187744140625, 3294
0.043186187744140625, 3293
0.044185638427734375, 3292
0.044185638427734375, 3291
0.044185638427734375, 3290
0.044185638427734375, 3289
0.044185638427734375, 3288
0.044185638427734375, 3287
0.044185638427734375, 3286
0.044185638427734375, 3285
0.044185638427734375, 3284
0.044185638427734375, 3283
0.044185638427734375, 3282
0.044185638427734375, 3281
0.044185638427734375, 3280
0.044185638427734375, 3279
0.044185638427734375, 3278
0.044185638427734375, 3277
0.044185638427734375, 3276
0.044185638427734375, 3275
0.044185638427734375, 3274
0.044185638427734375, 3273
0.044185638427734375, 3272
0.044185638427734375, 3271
0.044185638427734375, 3270
0.044185638427734375, 3269
0.044185638427734375, 3268
0.04518532752990723, 3267
0.04518532752990723, 3266
0.04518532752990723, 3265
0.04518532752990723, 3264
0.04518532752990723, 3263
0.04518532752990723, 3262
0.04518532752990723, 3261
0.04518532752990723, 3260
0.04518532752990723, 3259
0.04518532752990723, 3258
0.04518532752990723, 3257
0.04518532752990723, 3256
0.04518532752990723, 3255
0.04518532752990723, 3254
0.04518532752990723, 3253
0.04518532752990723, 3252
0.04518532752990723, 3251
0.04518532752990723, 3250
0.04518532752990723, 3249
0.04518532752990723, 3248
0.04518532752990723, 3247
0.04518532752990723, 3246
0.04518532752990723, 3245
0.04518532752990723, 3244
0.04518532752990723, 3243
0.04518532752990723, 3242
0.046186208724975586, 3241
0.04625058174133301, 3240
0.04625058174133301, 3239
0.04625058174133301, 3238
0.04625058174133301, 3237
0.04625058174133301, 3236
0.04625058174133301, 3235
0.04625058174133301, 3234
0.04625058174133301, 3233
0.04625058174133301, 3232
0.04625058174133301, 3231
0.04625058174133301, 3230
0.04625058174133301, 3229
0.04625058174133301, 3228
0.04625058174133301, 3227
0.04625058174133301, 3226
0.04625058174133301, 3225
0.04625058174133301, 3224
0.04625058174133301, 3223
0.04625058174133301, 3222
0.04625058174133301, 3221
0.04625058174133301, 3220
0.04625058174133301, 3219
0.04625058174133301, 3218
0.04625058174133301, 3217
0.047187089920043945, 3216
0.047187089920043945, 3215
0.047187089920043945, 3214
0.047187089920043945, 3213
0.047187089920043945, 3212
0.047187089920043945, 3211
0.047187089920043945, 3210
0.04749941825866699, 3209
0.04749941825866699, 3208
0.04749941825866699, 3207
0.04749941825866699, 3206
0.04749941825866699, 3205
0.04749941825866699, 3204
0.04749941825866699, 3203
0.04749941825866699, 3202
0.04749941825866699, 3201
0.04749941825866699, 3200
0.04749941825866699, 3199
0.04749941825866699, 3198
0.04749941825866699, 3197
0.04749941825866699, 3196
0.04749941825866699, 3195
0.04749941825866699, 3194
0.04749941825866699, 3193
0.04749941825866699, 3192
0.04749941825866699, 3191
0.04818558692932129, 3190
0.04818558692932129, 3189
0.04818558692932129, 3188
0.04818558692932129, 3187
0.04818558692932129, 3186
0.04818558692932129, 3185
0.04818558692932129, 3184
0.04818558692932129, 3183
0.04818558692932129, 3182
0.04818558692932129, 3181
0.04818558692932129, 3180
0.04818558692932129, 3179
0.04818558692932129, 3178
0.04818558692932129, 3177
0.04818558692932129, 3176
0.04818558692932129, 3175
0.04818558692932129, 3174
0.04818558692932129, 3173
0.04818558692932129, 3172
0.04818558692932129, 3171
0.04818558692932129, 3170
0.04818558692932129, 3169
0.04818558692932129, 3168
0.04818558692932129, 3167
0.04818558692932129, 3166
0.04818558692932129, 3165
0.04818558692932129, 3164
0.049185752868652344, 3163
0.049185752868652344, 3162
0.049185752868652344, 3161
0.049185752868652344, 3160
0.049185752868652344, 3159
0.049185752868652344, 3158
0.049185752868652344, 3157
0.049185752868652344, 3156
0.049185752868652344, 3155
0.049185752868652344, 3154
0.049185752868652344, 3153
0.049185752868652344, 3152
0.049185752868652344, 3151
0.049185752868652344, 3150
0.049185752868652344, 3149
0.049185752868652344, 3148
0.049185752868652344, 3147
0.049185752868652344, 3146
0.049185752868652344, 3145
0.049185752868652344, 3144
0.049185752868652344, 3143
0.049185752868652344, 3142
0.049185752868652344, 3141
0.049185752868652344, 3140
0.049185752868652344, 3139
0.049185752868652344, 3138
0.4695107936859131, 3137
0.4695107936859131, 3136
0.4695107936859131, 3135
0.4695107936859131, 3134
0.4695107936859131, 3133
0.568518877029419, 3132
0.568518877029419, 3131
0.568518877029419, 3130
0.568518877029419, 3129
0.568518877029419, 3128
0.568518877029419, 3127
0.568518877029419, 3126
0.568518877029419, 3125
0.568518877029419, 3124
0.568518877029419, 3123
0.568518877029419, 3122
0.568518877029419, 3121
0.568518877029419, 3120
0.568518877029419, 3119
0.568518877029419, 3118
