0.018999814987182617, 4886
0.018999814987182617, 4885
0.018999814987182617, 4884
0.018999814987182617, 4883
0.018999814987182617, 4882
0.018999814987182617, 4881
0.018999814987182617, 4880
0.018999814987182617, 4879
0.018999814987182617, 4878
0.018999814987182617, 4877
0.018999814987182617, 4876
0.018999814987182617, 4875
0.018999814987182617, 4874
0.018999814987182617, 4873
0.018999814987182617, 4872
0.018999814987182617, 4871
0.018999814987182617, 4870
0.018999814987182617, 4869
0.018999814987182617, 4868
0.018999814987182617, 4867
0.018999814987182617, 4866
0.018999814987182617, 4865
0.018999814987182617, 4864
0.018999814987182617, 4863
0.018999814987182617, 4862
0.018999814987182617, 4861
0.018999814987182617, 4860
0.018999814987182617, 4859
0.018999814987182617, 4858
0.018999814987182617, 4857
0.018999814987182617, 4856
0.018999814987182617, 4855
0.018999814987182617, 4854
0.018999814987182617, 4853
0.018999814987182617, 4852
0.020000457763671875, 4851
0.020000457763671875, 4850
0.020000457763671875, 4849
0.020000457763671875, 4848
0.020000457763671875, 4847
0.020000457763671875, 4846
0.020000457763671875, 4845
0.020000457763671875, 4844
0.020000457763671875, 4843
0.020000457763671875, 4842
0.020000457763671875, 4841
0.020000457763671875, 4840
0.020000457763671875, 4839
0.020322561264038086, 4838
0.020322561264038086, 4837
0.020322561264038086, 4836
0.020322561264038086, 4835
0.020322561264038086, 4834
0.020322561264038086, 4833
0.020322561264038086, 4832
0.020322561264038086, 4831
0.020322561264038086, 4830
0.020322561264038086, 4829
0.020322561264038086, 4828
0.020322561264038086, 4827
0.020322561264038086, 4826
0.020322561264038086, 4825
0.020322561264038086, 4824
0.020322561264038086, 4823
0.020322561264038086, 4822
0.020322561264038086, 4821
0.020322561264038086, 4820
0.020322561264038086, 4819
0.020322561264038086, 4818
0.020322561264038086, 4817
0.020322561264038086, 4816
0.020322561264038086, 4815
0.020322561264038086, 4814
0.020322561264038086, 4813
0.020322561264038086, 4812
0.020999908447265625, 4811
0.020999908447265625, 4810
0.020999908447265625, 4809
0.020999908447265625, 4808
0.020999908447265625, 4807
0.020999908447265625, 4806
0.020999908447265625, 4805
0.020999908447265625, 4804
0.020999908447265625, 4803
0.020999908447265625, 4802
0.020999908447265625, 4801
0.020999908447265625, 4800
0.020999908447265625, 4799
0.020999908447265625, 4798
0.020999908447265625, 4797
0.04906582832336426, 4796
0.04906582832336426, 4795
0.04906582832336426, 4794
0.04906582832336426, 4793
0.04906582832336426, 4792
0.04906582832336426, 4791
0.04906582832336426, 4790
0.04906582832336426, 4789
0.04906582832336426, 4788
0.04906582832336426, 4787
0.04906582832336426, 4786
0.04906582832336426, 4785
0.04906582832336426, 4784
0.05006599426269531, 4783
0.05006599426269531, 4782
0.05006599426269531, 4781
0.05006599426269531, 4780
0.05006599426269531, 4779
0.05006599426269531, 4778
0.05006599426269531, 4777
0.05006599426269531, 4776
0.05006599426269531, 4775
0.05006599426269531, 4774
0.05006599426269531, 4773
0.05006599426269531, 4772
0.05006599426269531, 4771
0.05006599426269531, 4770
0.10712432861328125, 4769
0.10712432861328125, 4768
0.10712432861328125, 4767
0.10712432861328125, 4766
0.1081244945526123, 4765
0.1081244945526123, 4764
0.1081244945526123, 4763
0.1081244945526123, 4762
0.1081244945526123, 4761
0.1081244945526123, 4760
0.1081244945526123, 4759
0.1081244945526123, 4758
0.1081244945526123, 4757
0.1081244945526123, 4756
0.1081244945526123, 4755
0.1081244945526123, 4754
0.1081244945526123, 4753
0.1081244945526123, 4752
0.1081244945526123, 4751
0.1081244945526123, 4750
0.1081244945526123, 4749
0.1081244945526123, 4748
0.1081244945526123, 4747
0.1081244945526123, 4746
0.1081244945526123, 4745
0.1081244945526123, 4744
0.1081244945526123, 4743
0.1081244945526123, 4742
0.1081244945526123, 4741
0.1081244945526123, 4740
0.10912656784057617, 4739
0.10912656784057617, 4738
0.10912656784057617, 4737
0.10912656784057617, 4736
0.10912656784057617, 4735
0.10912656784057617, 4734
0.10912656784057617, 4733
0.10912656784057617, 4732
0.10912656784057617, 4731
0.10912656784057617, 4730
0.10912656784057617, 4729
0.10912656784057617, 4728
0.10912656784057617, 4727
0.10912656784057617, 4726
0.10912656784057617, 4725
0.10912656784057617, 4724
0.10912656784057617, 4723
0.10912656784057617, 4722
0.10912656784057617, 4721
0.10912656784057617, 4720
0.10912656784057617, 4719
0.10912656784057617, 4718
0.10912656784057617, 4717
0.10912656784057617, 4716
0.10912656784057617, 4715
0.10912656784057617, 4714
0.10912656784057617, 4713
0.11012530326843262, 4712
0.11012530326843262, 4711
0.11012530326843262, 4710
0.11012530326843262, 4709
0.11012530326843262, 4708
0.11012530326843262, 4707
0.11012530326843262, 4706
0.11012530326843262, 4705
0.11012530326843262, 4704
0.11012530326843262, 4703
0.11012530326843262, 4702
0.11012530326843262, 4701
0.11012530326843262, 4700
0.11012530326843262, 4699
0.11012530326843262, 4698
0.11012530326843262, 4697
0.11012530326843262, 4696
0.11012530326843262, 4695
0.11012530326843262, 4694
0.11012530326843262, 4693
0.11012530326843262, 4692
0.11112427711486816, 4691
0.11112427711486816, 4690
0.11112427711486816, 4689
0.11112427711486816, 4688
0.11112427711486816, 4687
0.11112427711486816, 4686
0.11112427711486816, 4685
0.11112427711486816, 4684
0.11112427711486816, 4683
0.11112427711486816, 4682
0.11112427711486816, 4681
0.11112427711486816, 4680
0.11112427711486816, 4679
0.11112427711486816, 4678
0.11112427711486816, 4677
0.11112427711486816, 4676
0.11112427711486816, 4675
0.11112427711486816, 4674
0.11112427711486816, 4673
0.11112427711486816, 4672
0.11112427711486816, 4671
0.11112427711486816, 4670
0.11112427711486816, 4669
0.11112427711486816, 4668
0.11112427711486816, 4667
0.11112427711486816, 4666
0.11212444305419922, 4665
0.11212444305419922, 4664
0.11212444305419922, 4663
0.11212444305419922, 4662
0.11212444305419922, 4661
0.11212444305419922, 4660
0.11212444305419922, 4659
0.11212444305419922, 4658
0.11212444305419922, 4657
0.11212444305419922, 4656
0.11212444305419922, 4655
0.11212444305419922, 4654
0.11212444305419922, 4653
0.11212444305419922, 4652
0.11212444305419922, 4651
0.11212444305419922, 4650
0.11212444305419922, 4649
0.11212444305419922, 4648
0.11212444305419922, 4647
0.11212444305419922, 4646
0.11212444305419922, 4645
0.11212444305419922, 4644
0.11212444305419922, 4643
0.11212444305419922, 4642
0.11212444305419922, 4641
0.11212444305419922, 4640
0.11212444305419922, 4639
0.11312437057495117, 4638
0.11312437057495117, 4637
0.11312437057495117, 4636
0.11312437057495117, 4635
0.11312437057495117, 4634
0.11312437057495117, 4633
0.11312437057495117, 4632
0.151137113571167, 3396
0.151137113571167, 3395
0.151137113571167, 3394
0.151137113571167, 3393
0.151137113571167, 3392
0.151137113571167, 3391
0.151137113571167, 3390
0.151137113571167, 3389
0.151137113571167, 3388
0.151137113571167, 3387
0.15213727951049805, 3386
0.15213727951049805, 3385
0.15213727951049805, 3384
0.15213727951049805, 3383
0.15213727951049805, 3382
0.15213727951049805, 3381
0.15213727951049805, 3380
0.15213727951049805, 3379
0.15213727951049805, 3378
0.15213727951049805, 3377
0.15213727951049805, 3376
0.15213727951049805, 3375
0.15213727951049805, 3374
0.15213727951049805, 3373
0.1531369686126709, 3372
0.1531369686126709, 3371
0.1531369686126709, 3370
0.1531369686126709, 3369
0.1531369686126709, 3368
0.1531369686126709, 3367
0.1531369686126709, 3366
0.1534562110900879, 3365
0.1534562110900879, 3364
0.1534562110900879, 3363
0.1534562110900879, 3362
0.1534562110900879, 3361
0.1534562110900879, 3360
0.1534562110900879, 3359
0.1534562110900879, 3358
0.1534562110900879, 3357
0.1534562110900879, 3356
0.1534562110900879, 3355
0.1534562110900879, 3354
0.1534562110900879, 3353
0.1534562110900879, 3352
0.1534562110900879, 3351
0.1534562110900879, 3350
0.1534562110900879, 3349
0.1534562110900879, 3348
0.15413641929626465, 3347
0.15413641929626465, 3346
0.15413641929626465, 3345
0.15413641929626465, 3344
0.15413641929626465, 3343
0.15413641929626465, 3342
0.15413641929626465, 3341
0.15413641929626465, 3340
0.15413641929626465, 3339
0.15413641929626465, 3338
0.15413641929626465, 3337
0.15413641929626465, 3336
0.15413641929626465, 3335
0.15413641929626465, 3334
0.15413641929626465, 3333
0.15413641929626465, 3332
0.15413641929626465, 3331
0.15413641929626465, 3330
0.15413641929626465, 3329
0.15413641929626465, 3328
0.15413641929626465, 3327
0.15413641929626465, 3326
0.1551375389099121, 3325
0.1551375389099121, 3324
0.1551375389099121, 3323
0.1551375389099121, 3322
0.1551375389099121, 3321
0.1551375389099121, 3320
0.1551375389099121, 3319
0.1551375389099121, 3318
0.1551375389099121, 3317
0.1551375389099121, 3316
0.1551375389099121, 3315
0.1551375389099121, 3314
0.1551375389099121, 3313
0.1551375389099121, 3312
0.1551375389099121, 3311
0.1551375389099121, 3310
0.1551375389099121, 3309
0.1551375389099121, 3308
0.1551375389099121, 3307
0.1551375389099121, 3306
0.1551375389099121, 3305
0.1551375389099121, 3304
0.1551375389099121, 3303
0.1551375389099121, 3302
0.1551375389099121, 3301
0.15616583824157715, 3300
0.15616583824157715, 3299
0.15616583824157715, 3298
0.15616583824157715, 3297
0.15616583824157715, 3296
0.15616583824157715, 3295
0.15616583824157715, 3294
0.15616583824157715, 3293
0.15616583824157715, 3292
0.15616583824157715, 3291
0.15616583824157715, 3290
0.15616583824157715, 3289
0.15616583824157715, 3288
0.15616583824157715, 3287
0.15616583824157715, 3286
0.15616583824157715, 3285
0.15616583824157715, 3284
0.15616583824157715, 3283
0.15616583824157715, 3282
0.15616583824157715, 3281
0.15616583824157715, 3280
0.15616583824157715, 3279
0.15616583824157715, 3278
0.15616583824157715, 3277
0.15616583824157715, 3276
0.15616583824157715, 3275
0.15616583824157715, 3274
0.1571640968322754, 3273
0.1571640968322754, 3272
0.1572418212890625, 3271
0.1572418212890625, 3270
0.1572418212890625, 3269
0.1572418212890625, 3268
0.1572418212890625, 3267
0.1572418212890625, 3266
0.1572418212890625, 3265
0.1572418212890625, 3264
0.1572418212890625, 3263
0.1572418212890625, 3262
0.1572418212890625, 3261
0.1572418212890625, 3260
0.1572418212890625, 3259
0.1572418212890625, 3258
0.1572418212890625, 3257
0.1572418212890625, 3256
0.1572418212890625, 3255
0.1572418212890625, 3254
0.1572418212890625, 3253
0.1572418212890625, 3252
0.1572418212890625, 3251
0.1572418212890625, 3250
0.1572418212890625, 3249
0.15816593170166016, 3248
0.15816593170166016, 3247
0.15816593170166016, 3246
0.15816593170166016, 3245
0.15816593170166016, 3244
0.15816593170166016, 3243
0.15816593170166016, 3242
0.15816593170166016, 3241
0.15816593170166016, 3240
0.15816593170166016, 3239
0.15816593170166016, 3238
0.15816593170166016, 3237
0.15816593170166016, 3236
0.15816593170166016, 3235
0.15816593170166016, 3234
0.15816593170166016, 3233
0.15816593170166016, 3232
0.15816593170166016, 3231
0.15816593170166016, 3230
0.15816593170166016, 3229
0.15816593170166016, 3228
0.15816593170166016, 3227
0.15816593170166016, 3226
0.15816593170166016, 3225
0.15816593170166016, 3224
0.15816593170166016, 3223
0.15816593170166016, 3222
0.15816593170166016, 3221
0.15816593170166016, 3220
0.1591637134552002, 3219
0.1591637134552002, 3218
0.1591637134552002, 3217
0.1591637134552002, 3216
0.1591637134552002, 3215
0.1591637134552002, 3214
0.1591637134552002, 3213
0.1591637134552002, 3212
0.1591637134552002, 3211
0.1591637134552002, 3210
0.1591637134552002, 3209
0.1591637134552002, 3208
0.1591637134552002, 3207
0.1591637134552002, 3206
0.1591637134552002, 3205
0.1591637134552002, 3204
0.1591637134552002, 3203
0.1591637134552002, 3202
0.1591637134552002, 3201
0.1591637134552002, 3200
0.1591637134552002, 3199
0.1591637134552002, 3198
0.1591637134552002, 3197
0.1591637134552002, 3196
0.1591637134552002, 3195
0.1591637134552002, 3194
0.1591637134552002, 3193
0.1591637134552002, 3192
0.1591637134552002, 3191
0.1591637134552002, 3190
0.16016435623168945, 3189
0.16016435623168945, 3188
0.16016435623168945, 3187
0.16016435623168945, 3186
0.16016435623168945, 3185
0.16016435623168945, 3184
0.16016435623168945, 3183
0.16016435623168945, 3182
0.16016435623168945, 3181
0.16016435623168945, 3180
0.16016435623168945, 3179
0.16016435623168945, 3178
0.16016435623168945, 3177
0.16016435623168945, 3176
0.16016435623168945, 3175
0.16016435623168945, 3174
0.16016435623168945, 3173
0.16016435623168945, 3172
0.16016435623168945, 3171
0.16016435623168945, 3170
0.16016435623168945, 3169
0.16016435623168945, 3168
0.16016435623168945, 3167
0.16016435623168945, 3166
0.16016435623168945, 3165
0.16016435623168945, 3164
0.16016435623168945, 3163
0.16016435623168945, 3162
0.16016435623168945, 3161
0.16016435623168945, 3160
0.16016435623168945, 3159
0.1611640453338623, 3158
0.1611640453338623, 3157
0.1611640453338623, 3156
0.1611640453338623, 3155
0.1611640453338623, 3154
0.1611640453338623, 3153
0.2729218006134033, 3152
0.2729218006134033, 3151
0.2729218006134033, 3150
0.2729218006134033, 3149
0.2729218006134033, 3148
0.2729218006134033, 3147
0.2729218006134033, 3146
0.2729218006134033, 3145
0.2729218006134033, 3144
0.2729218006134033, 3143
0.2729218006134033, 3142
1.0529775619506836, 3141
1.0539765357971191, 3140
1.0539765357971191, 3139
1.0539765357971191, 3138
1.0539765357971191, 3137
1.0539765357971191, 3136
1.0539765357971191, 3135
1.0539765357971191, 3134
1.0539765357971191, 3133
1.0539765357971191, 3132
1.0539765357971191, 3131
1.0539765357971191, 3130
1.0539765357971191, 3129
1.0539765357971191, 3128
1.0539765357971191, 3127
1.0539765357971191, 3126
1.0539765357971191, 3125
1.0539765357971191, 3124
1.0539765357971191, 3123
1.2250328063964844, 3122
1.2250328063964844, 3121
1.2250328063964844, 3120
1.2250328063964844, 3119
1.2250328063964844, 3118
1.2250328063964844, 3117
1.2250328063964844, 3116
1.2250328063964844, 3115
1.2250328063964844, 3114
1.2250328063964844, 3113
1.2250328063964844, 3112
1.2250328063964844, 3111
1.2250328063964844, 3110
1.2250328063964844, 3109
1.2250328063964844, 3108
1.2250328063964844, 3107
