0.017000913619995117, 4909
0.017000913619995117, 4908
0.017000913619995117, 4907
0.017000913619995117, 4906
0.017000913619995117, 4905
0.017000913619995117, 4904
0.017000913619995117, 4903
0.017000913619995117, 4902
0.017000913619995117, 4901
0.017000913619995117, 4900
0.017000913619995117, 4899
0.017000913619995117, 4898
0.017000913619995117, 4897
0.017000913619995117, 4896
0.017000913619995117, 4895
0.017000913619995117, 4894
0.017000913619995117, 4893
0.017000913619995117, 4892
0.017000913619995117, 4891
0.017000913619995117, 4890
0.017000913619995117, 4889
0.017000913619995117, 4888
0.017000913619995117, 4887
0.017000913619995117, 4886
0.017000913619995117, 4885
0.017000913619995117, 4884
0.017000913619995117, 4883
0.017000913619995117, 4882
0.017000913619995117, 4881
0.017000913619995117, 4880
0.017000913619995117, 4879
0.017000913619995117, 4878
0.017000913619995117, 4877
0.017000913619995117, 4876
0.017000913619995117, 4875
0.017000913619995117, 4874
0.017000913619995117, 4873
0.017000913619995117, 4872
0.017000913619995117, 4871
0.017000913619995117, 4870
0.01799941062927246, 4869
0.01799941062927246, 4868
0.01799941062927246, 4867
0.01799941062927246, 4866
0.01799941062927246, 4865
0.01799941062927246, 4864
0.01799941062927246, 4863
0.01799941062927246, 4862
0.01799941062927246, 4861
0.01799941062927246, 4860
0.01799941062927246, 4859
0.01799941062927246, 4858
0.01799941062927246, 4857
0.01799941062927246, 4856
0.01799941062927246, 4855
0.01799941062927246, 4854
0.01799941062927246, 4853
0.01799941062927246, 4852
0.01799941062927246, 4851
0.01799941062927246, 4850
0.01799941062927246, 4849
0.01799941062927246, 4848
0.01799941062927246, 4847
0.01799941062927246, 4846
0.01799941062927246, 4845
0.01799941062927246, 4844
0.01799941062927246, 4843
0.01799941062927246, 4842
0.01799941062927246, 4841
0.01799941062927246, 4840
0.01799941062927246, 4839
0.01799941062927246, 4838
0.01799941062927246, 4837
0.01799941062927246, 4836
0.01799941062927246, 4835
0.01799941062927246, 4834
0.01799941062927246, 4833
0.01799941062927246, 4832
0.01799941062927246, 4831
0.01799941062927246, 4830
0.01799941062927246, 4829
0.01799941062927246, 4828
0.018999814987182617, 4827
0.018999814987182617, 4826
0.018999814987182617, 4825
0.018999814987182617, 4824
0.018999814987182617, 4823
0.018999814987182617, 4822
0.018999814987182617, 4821
0.018999814987182617, 4820
0.018999814987182617, 4819
0.018999814987182617, 4818
0.018999814987182617, 4817
0.018999814987182617, 4816
0.018999814987182617, 4815
0.018999814987182617, 4814
0.018999814987182617, 4813
0.018999814987182617, 4812
0.018999814987182617, 4811
0.018999814987182617, 4810
0.018999814987182617, 4809
0.018999814987182617, 4808
0.018999814987182617, 4807
0.018999814987182617, 4806
0.018999814987182617, 4805
0.018999814987182617, 4804
0.018999814987182617, 4803
0.018999814987182617, 4802
0.018999814987182617, 4801
0.018999814987182617, 4800
0.018999814987182617, 4799
0.018999814987182617, 4798
0.018999814987182617, 4797
0.018999814987182617, 4796
0.018999814987182617, 4795
0.018999814987182617, 4794
0.018999814987182617, 4793
0.018999814987182617, 4792
0.018999814987182617, 4791
0.018999814987182617, 4790
0.018999814987182617, 4789
0.018999814987182617, 4788
0.018999814987182617, 4787
0.018999814987182617, 4786
0.018999814987182617, 4785
0.019999265670776367, 4784
0.019999265670776367, 4783
0.019999265670776367, 4782
0.019999265670776367, 4781
0.019999265670776367, 4780
0.019999265670776367, 4779
0.019999265670776367, 4778
0.019999265670776367, 4777
0.019999265670776367, 4776
0.019999265670776367, 4775
0.019999265670776367, 4774
0.019999265670776367, 4773
0.019999265670776367, 4772
0.019999265670776367, 4771
0.019999265670776367, 4770
0.019999265670776367, 4769
0.019999265670776367, 4768
0.019999265670776367, 4767
0.019999265670776367, 4766
0.019999265670776367, 4765
0.019999265670776367, 4764
0.019999265670776367, 4763
0.019999265670776367, 4762
0.019999265670776367, 4761
0.019999265670776367, 4760
0.019999265670776367, 4759
0.019999265670776367, 4758
0.019999265670776367, 4757
0.019999265670776367, 4756
0.019999265670776367, 4755
0.019999265670776367, 4754
0.019999265670776367, 4753
0.019999265670776367, 4752
0.019999265670776367, 4751
0.019999265670776367, 4750
0.019999265670776367, 4749
0.020826339721679688, 4748
0.020826339721679688, 4747
0.020826339721679688, 4746
0.020826339721679688, 4745
0.020826339721679688, 4744
0.020826339721679688, 4743
0.020826339721679688, 4742
0.02100229263305664, 4741
0.02100229263305664, 4740
0.02100229263305664, 4739
0.02100229263305664, 4738
0.02100229263305664, 4737
0.02100229263305664, 4736
0.02100229263305664, 4735
0.02100229263305664, 4734
0.02100229263305664, 4733
0.02100229263305664, 4732
0.02100229263305664, 4731
0.02100229263305664, 4730
0.02100229263305664, 4729
0.02100229263305664, 4728
0.02100229263305664, 4727
0.02100229263305664, 4726
0.02100229263305664, 4725
0.02100229263305664, 4724
0.02100229263305664, 4723
0.02100229263305664, 4722
0.02100229263305664, 4721
0.02100229263305664, 4720
0.02100229263305664, 4719
0.02100229263305664, 4718
0.02100229263305664, 4717
0.02100229263305664, 4716
0.02100229263305664, 4715
0.02100229263305664, 4714
0.02100229263305664, 4713
0.02100229263305664, 4712
0.02100229263305664, 4711
0.02100229263305664, 4710
0.02100229263305664, 4709
0.02100229263305664, 4708
0.02100229263305664, 4707
0.02100229263305664, 4706
0.02100229263305664, 4705
0.02100229263305664, 4704
0.02100229263305664, 4703
0.02100229263305664, 4702
0.02100229263305664, 4701
0.02100229263305664, 4700
0.021999597549438477, 4699
0.021999597549438477, 4698
0.021999597549438477, 4697
0.021999597549438477, 4696
0.021999597549438477, 4695
0.021999597549438477, 4694
0.021999597549438477, 4693
0.021999597549438477, 4692
0.021999597549438477, 4691
0.021999597549438477, 4690
0.021999597549438477, 4689
0.021999597549438477, 4688
0.021999597549438477, 4687
0.021999597549438477, 4686
0.021999597549438477, 4685
0.021999597549438477, 4684
0.021999597549438477, 4683
0.021999597549438477, 4682
0.021999597549438477, 4681
0.021999597549438477, 4680
0.021999597549438477, 4679
0.021999597549438477, 4678
0.021999597549438477, 4677
0.021999597549438477, 4676
0.021999597549438477, 4675
0.021999597549438477, 4674
0.021999597549438477, 4673
0.021999597549438477, 4672
0.021999597549438477, 4671
0.021999597549438477, 4670
0.021999597549438477, 4669
0.021999597549438477, 4668
0.021999597549438477, 4667
0.021999597549438477, 4666
0.021999597549438477, 4665
0.021999597549438477, 4664
0.021999597549438477, 4663
0.021999597549438477, 4662
0.021999597549438477, 4661
0.021999597549438477, 4660
0.021999597549438477, 4659
0.022998332977294922, 4658
0.022998332977294922, 4657
0.022998332977294922, 4656
0.022998332977294922, 4655
0.022998332977294922, 4654
0.022998332977294922, 4653
0.022998332977294922, 4652
0.022998332977294922, 4651
0.022998332977294922, 4650
0.022998332977294922, 4649
0.022998332977294922, 4648
0.022998332977294922, 4647
0.022998332977294922, 4646
0.022998332977294922, 4645
0.022998332977294922, 4644
0.022998332977294922, 4643
0.022998332977294922, 4642
0.022998332977294922, 4641
0.022998332977294922, 4640
0.022998332977294922, 4639
0.022998332977294922, 4638
0.022998332977294922, 4637
0.022998332977294922, 4636
0.022998332977294922, 4635
0.022998332977294922, 4634
0.022998332977294922, 4633
0.047833919525146484, 4632
0.047833919525146484, 4631
0.047833919525146484, 4630
0.047833919525146484, 4629
0.047833919525146484, 4628
0.047833919525146484, 4627
0.047833919525146484, 4626
0.047833919525146484, 4625
0.047833919525146484, 4624
0.047833919525146484, 4623
0.047833919525146484, 4622
0.047833919525146484, 4621
0.047833919525146484, 4620
0.047833919525146484, 4619
0.047833919525146484, 4618
0.047833919525146484, 4617
0.047833919525146484, 4616
0.047833919525146484, 4615
0.047833919525146484, 4614
0.047833919525146484, 4613
0.047833919525146484, 4612
0.047833919525146484, 4611
0.047833919525146484, 4610
0.047833919525146484, 4609
0.047833919525146484, 4608
0.047833919525146484, 4607
0.047833919525146484, 4606
0.047833919525146484, 4605
0.047833919525146484, 4604
0.047833919525146484, 4603
0.047833919525146484, 4602
0.047833919525146484, 4601
0.047833919525146484, 4600
0.047833919525146484, 4599
0.047833919525146484, 4598
0.047833919525146484, 4597
0.047833919525146484, 4596
0.047833919525146484, 4595
0.047833919525146484, 4594
0.048834800720214844, 4593
0.048834800720214844, 4592
0.048834800720214844, 4591
0.048834800720214844, 4590
0.048834800720214844, 4589
0.048834800720214844, 4588
0.048834800720214844, 4587
0.048834800720214844, 4586
0.048834800720214844, 4585
0.048834800720214844, 4584
0.048834800720214844, 4583
0.048834800720214844, 4582
0.048834800720214844, 4581
0.048834800720214844, 4580
0.048834800720214844, 4579
0.048834800720214844, 4578
0.048834800720214844, 4577
0.048834800720214844, 4576
0.048834800720214844, 4575
0.048834800720214844, 4574
0.048834800720214844, 4573
0.048834800720214844, 4572
0.048834800720214844, 4571
0.048834800720214844, 4570
0.048834800720214844, 4569
0.048834800720214844, 4568
0.048834800720214844, 4567
0.048834800720214844, 4566
0.048834800720214844, 4565
0.048834800720214844, 4564
0.048834800720214844, 4563
0.048834800720214844, 4562
0.048834800720214844, 4561
0.048834800720214844, 4560
0.048834800720214844, 4559
0.048834800720214844, 4558
0.048834800720214844, 4557
0.048834800720214844, 4556
0.048834800720214844, 4555
0.048834800720214844, 4554
0.04983329772949219, 4553
0.04983329772949219, 4552
0.04983329772949219, 4551
0.04983329772949219, 4550
0.04983329772949219, 4549
0.04983329772949219, 4548
0.04983329772949219, 4547
0.04983329772949219, 4546
0.04983329772949219, 4545
0.04983329772949219, 4544
0.04983329772949219, 4543
0.04983329772949219, 4542
0.04983329772949219, 4541
0.04983329772949219, 4540
0.04983329772949219, 4539
0.04983329772949219, 4538
0.04983329772949219, 4537
0.04983329772949219, 4536
0.04983329772949219, 4535
0.04983329772949219, 4534
0.04983329772949219, 4533
0.04983329772949219, 4532
0.04983329772949219, 4531
0.04983329772949219, 4530
0.04983329772949219, 4529
0.04983329772949219, 4528
0.04983329772949219, 4527
0.04983329772949219, 4526
0.04983329772949219, 4525
0.04983329772949219, 4524
0.04983329772949219, 4523
0.04983329772949219, 4522
0.04983329772949219, 4521
0.04983329772949219, 4520
0.04983329772949219, 4519
0.04983329772949219, 4518
0.04983329772949219, 4517
0.04983329772949219, 4516
0.04983329772949219, 4515
0.04983329772949219, 4514
0.04983329772949219, 4513
0.04983329772949219, 4512
0.04983329772949219, 4511
0.050833940505981445, 4510
0.050833940505981445, 4509
0.050833940505981445, 4508
0.050833940505981445, 4507
0.050833940505981445, 4506
0.050833940505981445, 4505
0.050833940505981445, 4504
0.050833940505981445, 4503
0.050833940505981445, 4502
0.050833940505981445, 4501
0.14787530899047852, 4500
0.14887571334838867, 4499
0.14887571334838867, 4498
0.14887571334838867, 4497
0.14887571334838867, 4496
0.14887571334838867, 4495
0.14887571334838867, 4494
0.14887571334838867, 4493
0.14887571334838867, 4492
0.14887571334838867, 4491
0.14887571334838867, 4490
0.14887571334838867, 4489
0.14887571334838867, 4488
0.14887571334838867, 4487
0.14887571334838867, 4486
0.14887571334838867, 4485
0.14887571334838867, 4484
0.14887571334838867, 4483
0.14887571334838867, 4482
0.14887571334838867, 4481
0.14887571334838867, 4480
0.14887571334838867, 4479
0.14887571334838867, 4478
0.14887571334838867, 4477
0.14887571334838867, 4476
0.14887571334838867, 4475
0.14887571334838867, 4474
0.14887571334838867, 4473
0.14887571334838867, 4472
0.14887571334838867, 4471
0.14887571334838867, 4470
0.14887571334838867, 4469
0.14887571334838867, 4468
0.14887571334838867, 4467
0.14887571334838867, 4466
0.14887571334838867, 4465
0.14887571334838867, 4464
0.14887571334838867, 4463
0.14887571334838867, 4462
0.14887571334838867, 4461
0.14887571334838867, 4460
0.14987468719482422, 4459
0.14987468719482422, 4458
0.14987468719482422, 4457
0.14987468719482422, 4456
0.14987468719482422, 4455
0.14987468719482422, 4454
0.14987468719482422, 4453
0.14987468719482422, 4452
0.14987468719482422, 4451
0.14987468719482422, 4450
0.14987468719482422, 4449
0.14987468719482422, 4448
0.14987468719482422, 4447
0.14987468719482422, 4446
0.14987468719482422, 4445
0.14987468719482422, 4444
0.14987468719482422, 4443
0.14987468719482422, 4442
0.14987468719482422, 4441
0.14987468719482422, 4440
0.14987468719482422, 4439
0.14987468719482422, 4438
0.14987468719482422, 4437
0.14987468719482422, 4436
0.14987468719482422, 4435
0.14987468719482422, 4434
0.14987468719482422, 4433
0.14987468719482422, 4432
0.14987468719482422, 4431
0.14987468719482422, 4430
0.14987468719482422, 4429
0.14987468719482422, 4428
0.14987468719482422, 4427
0.14987468719482422, 4426
0.14987468719482422, 4425
0.14987468719482422, 4424
0.14987468719482422, 4423
0.14987468719482422, 4422
0.14987468719482422, 4421
0.14987468719482422, 4420
0.14987468719482422, 4419
0.15087532997131348, 4418
0.15087532997131348, 4417
0.15087532997131348, 4416
0.15087532997131348, 4415
0.15087532997131348, 4414
0.15087532997131348, 4413
0.15087532997131348, 4412
0.15087532997131348, 4411
0.15087532997131348, 4410
0.15087532997131348, 4409
0.15087532997131348, 4408
0.15087532997131348, 4407
0.15087532997131348, 4406
0.15087532997131348, 4405
0.15087532997131348, 4404
0.15087532997131348, 4403
0.15087532997131348, 4402
0.15087532997131348, 4401
0.15087532997131348, 4400
0.15087532997131348, 4399
0.15087532997131348, 4398
0.15087532997131348, 4397
0.15087532997131348, 4396
0.15087532997131348, 4395
0.15087532997131348, 4394
0.15087532997131348, 4393
0.15087532997131348, 4392
0.15087532997131348, 4391
0.15087532997131348, 4390
0.15087532997131348, 4389
0.15087532997131348, 4388
0.15087532997131348, 4387
0.15087532997131348, 4386
0.15087532997131348, 4385
0.15087532997131348, 4384
0.15087532997131348, 4383
0.15087532997131348, 4382
0.24486494064331055, 3159
0.24486494064331055, 3158
0.24486494064331055, 3157
0.24486494064331055, 3156
0.24486494064331055, 3155
0.24486494064331055, 3154
0.24486494064331055, 3153
0.24486494064331055, 3152
0.24486494064331055, 3151
0.49416136741638184, 3150
0.5191705226898193, 3149
0.5191705226898193, 3148
0.5191705226898193, 3147
0.5191705226898193, 3146
0.5191705226898193, 3145
0.5191705226898193, 3144
0.5191705226898193, 3143
0.5191705226898193, 3142
0.5191705226898193, 3141
0.5191705226898193, 3140
0.5191705226898193, 3139
0.5191705226898193, 3138
0.5191705226898193, 3137
0.5201709270477295, 3136
0.5201709270477295, 3135
0.5201709270477295, 3134
0.5201709270477295, 3133
0.5201709270477295, 3132
0.5201709270477295, 3131
0.5201709270477295, 3130
0.5201709270477295, 3129
0.5201709270477295, 3128
0.5201709270477295, 3127
0.5201709270477295, 3126
5.519746541976929, 3125
5.519746541976929, 3124
5.519746541976929, 3123
5.519746541976929, 3122
5.519746541976929, 3121
5.519746541976929, 3120
5.519746541976929, 3119
5.519746541976929, 3118
5.519746541976929, 3117
5.519746541976929, 3116
5.519746541976929, 3115
5.519746541976929, 3114
5.519746541976929, 3113
5.519746541976929, 3112
5.519746541976929, 3111
5.519746541976929, 3110
5.519746541976929, 3109
