0.018999814987182617, 4898
0.018999814987182617, 4897
0.018999814987182617, 4896
0.018999814987182617, 4895
0.018999814987182617, 4894
0.018999814987182617, 4893
0.018999814987182617, 4892
0.018999814987182617, 4891
0.018999814987182617, 4890
0.018999814987182617, 4889
0.018999814987182617, 4888
0.018999814987182617, 4887
0.018999814987182617, 4886
0.018999814987182617, 4885
0.018999814987182617, 4884
0.018999814987182617, 4883
0.018999814987182617, 4882
0.018999814987182617, 4881
0.018999814987182617, 4880
0.018999814987182617, 4879
0.018999814987182617, 4878
0.020000696182250977, 4877
0.020000696182250977, 4876
0.020000696182250977, 4875
0.020000696182250977, 4874
0.020000696182250977, 4873
0.020000696182250977, 4872
0.020000696182250977, 4871
0.020000696182250977, 4870
0.020000696182250977, 4869
0.020000696182250977, 4868
0.020000696182250977, 4867
0.020000696182250977, 4866
0.020000696182250977, 4865
0.020000696182250977, 4864
0.020000696182250977, 4863
0.020000696182250977, 4862
0.020000696182250977, 4861
0.020000696182250977, 4860
0.020000696182250977, 4859
0.020000696182250977, 4858
0.020000696182250977, 4857
0.020000696182250977, 4856
0.020000696182250977, 4855
0.020000696182250977, 4854
0.020000696182250977, 4853
0.020000696182250977, 4852
0.020000696182250977, 4851
0.020000696182250977, 4850
0.020000696182250977, 4849
0.020000696182250977, 4848
0.020000696182250977, 4847
0.020000696182250977, 4846
0.020000696182250977, 4845
0.020000696182250977, 4844
0.020000696182250977, 4843
0.020000696182250977, 4842
0.020000696182250977, 4841
0.020000696182250977, 4840
0.020000696182250977, 4839
0.020000696182250977, 4838
0.020000696182250977, 4837
0.020000696182250977, 4836
0.021000385284423828, 4835
0.021000385284423828, 4834
0.021000385284423828, 4833
0.021000385284423828, 4832
0.021000385284423828, 4831
0.021000385284423828, 4830
0.021000385284423828, 4829
0.021000385284423828, 4828
0.021000385284423828, 4827
0.021000385284423828, 4826
0.021000385284423828, 4825
0.021000385284423828, 4824
0.021000385284423828, 4823
0.021000385284423828, 4822
0.021000385284423828, 4821
0.021000385284423828, 4820
0.021000385284423828, 4819
0.021000385284423828, 4818
0.021000385284423828, 4817
0.021000385284423828, 4816
0.021000385284423828, 4815
0.021000385284423828, 4814
0.021000385284423828, 4813
0.021000385284423828, 4812
0.021000385284423828, 4811
0.021000385284423828, 4810
0.021000385284423828, 4809
0.021000385284423828, 4808
0.04599928855895996, 4807
0.04599928855895996, 4806
0.04599928855895996, 4805
0.04599928855895996, 4804
0.04599928855895996, 4803
0.04599928855895996, 4802
0.04599928855895996, 4801
0.04599928855895996, 4800
0.04599928855895996, 4797
0.04599928855895996, 4796
0.04599928855895996, 4795
0.04599928855895996, 4794
0.04599928855895996, 4793
0.04699993133544922, 4792
0.04699993133544922, 4791
0.04699993133544922, 4790
0.04699993133544922, 4789
0.04699993133544922, 4788
0.04699993133544922, 4787
0.04699993133544922, 4786
0.04699993133544922, 4785
0.04699993133544922, 4784
0.04699993133544922, 4783
0.04699993133544922, 4782
0.04699993133544922, 4781
0.04699993133544922, 4780
0.04699993133544922, 4779
0.04699993133544922, 4778
0.04699993133544922, 4777
0.04699993133544922, 4776
0.04699993133544922, 4775
0.04699993133544922, 4774
0.04699993133544922, 4773
0.04699993133544922, 4772
0.04699993133544922, 4771
0.04699993133544922, 4770
0.04699993133544922, 4769
0.04699993133544922, 4768
0.04699993133544922, 4767
0.04699993133544922, 4766
0.04699993133544922, 4765
0.04699993133544922, 4764
0.04699993133544922, 4763
0.04699993133544922, 4762
0.04699993133544922, 4761
0.04699993133544922, 4760
0.04699993133544922, 4759
0.04699993133544922, 4758
0.04699993133544922, 4757
0.04699993133544922, 4756
0.04699993133544922, 4755
0.04699993133544922, 4754
0.04699993133544922, 4753
0.04699993133544922, 4752
0.04699993133544922, 4751
0.04699993133544922, 4750
0.04799985885620117, 4749
0.04799985885620117, 4748
0.04811906814575195, 4747
0.04811906814575195, 4746
0.04811906814575195, 4745
0.04811906814575195, 4744
0.04811906814575195, 4743
0.04811906814575195, 4742
0.04811906814575195, 4741
0.04811906814575195, 4740
0.04811906814575195, 4739
0.04811906814575195, 4738
0.04811906814575195, 4737
0.04811906814575195, 4736
0.04811906814575195, 4735
0.04811906814575195, 4734
0.04811906814575195, 4733
0.09802508354187012, 4732
0.09802508354187012, 4731
0.09802508354187012, 4730
0.09802508354187012, 4729
0.09802508354187012, 4728
0.09802508354187012, 4727
0.09802508354187012, 4726
0.09802508354187012, 4725
0.09802508354187012, 4724
0.09802508354187012, 4723
0.09802508354187012, 4722
0.09802508354187012, 4721
0.09802508354187012, 4720
0.09802508354187012, 4719
0.09802508354187012, 4718
0.09802508354187012, 4717
0.09802508354187012, 4716
0.09802508354187012, 4715
0.09802508354187012, 4714
0.09902548789978027, 4713
0.09902548789978027, 4712
0.09902548789978027, 4711
0.09902548789978027, 4710
0.09902548789978027, 4709
0.09902548789978027, 4708
0.09902548789978027, 4707
0.09902548789978027, 4706
0.09902548789978027, 4705
0.09902548789978027, 4704
0.09902548789978027, 4703
0.09902548789978027, 4702
0.09902548789978027, 4701
0.09902548789978027, 4700
0.09902548789978027, 4699
0.09902548789978027, 4698
0.09902548789978027, 4697
0.09902548789978027, 4696
0.09902548789978027, 4695
0.09902548789978027, 4694
0.09902548789978027, 4693
0.09902548789978027, 4692
0.09902548789978027, 4691
0.09902548789978027, 4690
0.09902548789978027, 4689
0.09902548789978027, 4688
0.09902548789978027, 4687
0.09902548789978027, 4686
0.09902548789978027, 4685
0.09902548789978027, 4684
0.09902548789978027, 4683
0.09902548789978027, 4682
0.09902548789978027, 4681
0.09902548789978027, 4680
0.09902548789978027, 4679
0.09902548789978027, 4678
0.09902548789978027, 4677
0.09902548789978027, 4676
0.09902548789978027, 4675
0.09902548789978027, 4674
0.10002636909484863, 4673
0.10002636909484863, 4672
0.10002636909484863, 4671
0.10002636909484863, 4670
0.10002636909484863, 4669
0.10002636909484863, 4668
0.10002636909484863, 4667
0.10002636909484863, 4666
0.10002636909484863, 4665
0.10002636909484863, 4664
0.10002636909484863, 4663
0.10002636909484863, 4662
0.10002636909484863, 4661
0.10002636909484863, 4660
0.10002636909484863, 4659
0.10002636909484863, 4658
0.10002636909484863, 4657
0.10002636909484863, 4656
0.10002636909484863, 4655
0.10002636909484863, 4654
0.10002636909484863, 4653
0.10002636909484863, 4652
0.10002636909484863, 4651
0.10002636909484863, 4650
0.11402678489685059, 3224
0.11402678489685059, 3223
0.11402678489685059, 3222
0.11502695083618164, 3221
0.11502695083618164, 3220
0.11502695083618164, 3219
0.11502695083618164, 3218
0.11502695083618164, 3217
0.11502695083618164, 3216
0.11502695083618164, 3215
0.11502695083618164, 3214
0.11502695083618164, 3213
0.11502695083618164, 3212
0.11502695083618164, 3211
0.11502695083618164, 3210
0.11502695083618164, 3209
0.11502695083618164, 3208
0.11502695083618164, 3207
0.11502695083618164, 3206
0.11502695083618164, 3205
0.11502695083618164, 3204
0.11502695083618164, 3203
0.11502695083618164, 3202
0.11502695083618164, 3201
0.11502695083618164, 3200
0.11502695083618164, 3199
0.11502695083618164, 3198
0.11502695083618164, 3197
0.11602640151977539, 3196
0.11602640151977539, 3195
0.11602640151977539, 3194
0.11602640151977539, 3193
0.11602640151977539, 3192
0.11602640151977539, 3191
0.11602640151977539, 3190
0.11602640151977539, 3189
0.11602640151977539, 3188
0.11602640151977539, 3187
0.11602640151977539, 3186
0.11602640151977539, 3185
0.11602640151977539, 3184
0.11602640151977539, 3183
0.11602640151977539, 3182
0.11602640151977539, 3181
0.11602640151977539, 3180
0.11602640151977539, 3179
0.11602640151977539, 3178
0.11602640151977539, 3177
0.11602640151977539, 3176
0.11602640151977539, 3175
0.11602640151977539, 3174
0.11602640151977539, 3173
0.11702632904052734, 3172
0.11702632904052734, 3171
0.11702632904052734, 3170
0.11702632904052734, 3169
0.11702632904052734, 3168
0.11702632904052734, 3167
0.11702632904052734, 3166
0.11702632904052734, 3165
0.11702632904052734, 3164
0.11702632904052734, 3163
0.34091806411743164, 3162
0.34091806411743164, 3161
0.34091806411743164, 3160
0.34091806411743164, 3159
0.34091806411743164, 3158
0.34091806411743164, 3157
0.34091806411743164, 3156
0.34091806411743164, 3155
0.34091806411743164, 3154
0.34091806411743164, 3153
0.37091851234436035, 3152
0.37091851234436035, 3151
0.37091851234436035, 3150
0.37091851234436035, 3149
0.37091851234436035, 3148
0.37091851234436035, 3147
0.37091851234436035, 3146
0.738919734954834, 3145
0.738919734954834, 3144
0.7399187088012695, 3143
1.531054973602295, 3142
1.531054973602295, 3141
1.531054973602295, 3140
1.531054973602295, 3139
1.531054973602295, 3138
1.531054973602295, 3137
1.531054973602295, 3136
1.531054973602295, 3135
1.531054973602295, 3134
1.531054973602295, 3133
1.531054973602295, 3132
1.532055377960205, 3131
1.532055377960205, 3130
1.532055377960205, 3129
1.532055377960205, 3128
1.532055377960205, 3127
1.532055377960205, 3126
1.532055377960205, 3125
1.532055377960205, 3124
3.7488415241241455, 3123
6.472568511962891, 3122
6.472568511962891, 3121
6.472568511962891, 3120
6.472568511962891, 3119
6.472568511962891, 3118
6.472568511962891, 3117
6.472568511962891, 3116
6.472568511962891, 3115
6.472568511962891, 3114
6.472568511962891, 3113
6.472568511962891, 3112
6.472568511962891, 3111
6.47356915473938, 3110
