0.023999691009521484, 4853
0.023999691009521484, 4852
0.023999691009521484, 4851
0.023999691009521484, 4850
0.023999691009521484, 4849
0.023999691009521484, 4848
0.023999691009521484, 4847
0.023999691009521484, 4846
0.023999691009521484, 4845
0.023999691009521484, 4844
0.023999691009521484, 4843
0.023999691009521484, 4842
0.023999691009521484, 4841
0.023999691009521484, 4840
0.023999691009521484, 4839
0.023999691009521484, 4838
0.023999691009521484, 4837
0.023999691009521484, 4836
0.023999691009521484, 4835
0.023999691009521484, 4834
0.023999691009521484, 4833
0.023999691009521484, 4832
0.023999691009521484, 4831
0.023999691009521484, 4830
0.023999691009521484, 4829
0.023999691009521484, 4828
0.023999691009521484, 4827
0.023999691009521484, 4826
0.023999691009521484, 4825
0.025000810623168945, 4824
0.025000810623168945, 4823
0.025000810623168945, 4822
0.025000810623168945, 4821
0.025000810623168945, 4820
0.025000810623168945, 4819
0.025000810623168945, 4818
0.025000810623168945, 4817
0.025000810623168945, 4816
0.025000810623168945, 4815
0.025000810623168945, 4814
0.025000810623168945, 4813
0.025000810623168945, 4812
0.025000810623168945, 4811
0.025000810623168945, 4810
0.025000810623168945, 4809
0.025000810623168945, 4808
0.025000810623168945, 4807
0.025000810623168945, 4806
0.025000810623168945, 4805
0.025000810623168945, 4804
0.025000810623168945, 4803
0.025000810623168945, 4802
0.025000810623168945, 4801
0.025000810623168945, 4800
0.025000810623168945, 4799
0.025000810623168945, 4798
0.025000810623168945, 4797
0.025000810623168945, 4796
0.025000810623168945, 4795
0.025000810623168945, 4794
0.025000810623168945, 4793
0.025000810623168945, 4792
0.025000810623168945, 4791
0.025000810623168945, 4790
0.025000810623168945, 4789
0.025000810623168945, 4788
0.025000810623168945, 4787
0.025000810623168945, 4786
0.025000810623168945, 4785
0.025000810623168945, 4784
0.025000810623168945, 4783
0.02599954605102539, 4782
0.02599954605102539, 4781
0.02599954605102539, 4780
0.02599954605102539, 4779
0.02599954605102539, 4778
0.02599954605102539, 4777
0.02599954605102539, 4776
0.02599954605102539, 4775
0.02599954605102539, 4774
0.02599954605102539, 4773
0.02599954605102539, 4772
0.02599954605102539, 4771
0.02599954605102539, 4770
0.02599954605102539, 4769
0.02599954605102539, 4768
0.02599954605102539, 4767
0.02599954605102539, 4766
0.02599954605102539, 4765
0.02599954605102539, 4764
0.02599954605102539, 4763
0.02599954605102539, 4762
0.02599954605102539, 4761
0.02599954605102539, 4760
0.02599954605102539, 4759
0.02599954605102539, 4758
0.02599954605102539, 4757
0.02599954605102539, 4756
0.02599954605102539, 4755
0.02599954605102539, 4754
0.02599954605102539, 4753
0.02599954605102539, 4752
0.02599954605102539, 4751
0.02599954605102539, 4750
0.02599954605102539, 4749
0.02599954605102539, 4748
0.02599954605102539, 4747
0.02599954605102539, 4746
0.02599954605102539, 4745
0.02599954605102539, 4744
0.02599954605102539, 4743
0.02599954605102539, 4742
0.02599954605102539, 4741
0.02699899673461914, 4740
0.02699899673461914, 4739
0.02699899673461914, 4738
0.02699899673461914, 4737
0.02699899673461914, 4736
0.02699899673461914, 4735
0.02699899673461914, 4734
0.02699899673461914, 4733
0.02699899673461914, 4732
0.02699899673461914, 4731
0.02699899673461914, 4730
0.02699899673461914, 4729
0.02699899673461914, 4728
0.02699899673461914, 4727
0.02699899673461914, 4726
0.02699899673461914, 4725
0.02699899673461914, 4724
0.02699899673461914, 4723
0.02699899673461914, 4722
0.02699899673461914, 4721
0.02699899673461914, 4720
0.02699899673461914, 4719
0.05599856376647949, 4718
0.05599856376647949, 4717
0.05599856376647949, 4716
0.05599856376647949, 4715
0.05599856376647949, 4714
0.05599856376647949, 4713
0.05599856376647949, 4712
0.05599856376647949, 4711
0.05599856376647949, 4710
0.05599856376647949, 4709
0.05599856376647949, 4708
0.05599856376647949, 4707
0.05599856376647949, 4706
0.05599856376647949, 4705
0.05599856376647949, 4704
0.05599856376647949, 4703
0.05599856376647949, 4702
0.05599856376647949, 4701
0.05599856376647949, 4700
0.05599856376647949, 4699
0.05599856376647949, 4698
0.05599856376647949, 4697
0.05599856376647949, 4696
0.05599856376647949, 4695
0.05599856376647949, 4694
0.05599856376647949, 4693
0.05599856376647949, 4692
0.05599856376647949, 4691
0.05599856376647949, 4690
0.05599856376647949, 4689
0.05599856376647949, 4688
0.05599856376647949, 4687
0.05599856376647949, 4686
0.05599856376647949, 4685
0.05599856376647949, 4684
0.05599856376647949, 4683
0.05599856376647949, 4682
0.05599856376647949, 4681
0.05599856376647949, 4680
0.05599856376647949, 4679
0.05599856376647949, 4678
0.05700039863586426, 4677
0.05700039863586426, 4676
0.05700039863586426, 4675
0.05700039863586426, 4674
0.05700039863586426, 4673
0.05700039863586426, 4672
0.05700039863586426, 4671
0.05700039863586426, 4670
0.05700039863586426, 4669
0.05700039863586426, 4668
0.05700039863586426, 4667
0.05700039863586426, 4666
0.05700039863586426, 4665
0.05700039863586426, 4664
0.05700039863586426, 4663
0.05700039863586426, 4662
0.05700039863586426, 4661
0.05700039863586426, 4660
0.05700039863586426, 4659
0.05700039863586426, 4658
0.05700039863586426, 4657
0.05700039863586426, 4656
0.05700039863586426, 4655
0.05700039863586426, 4654
0.05700039863586426, 4653
0.05700039863586426, 4652
0.05700039863586426, 4651
0.05700039863586426, 4650
0.05700039863586426, 4649
0.05700039863586426, 4648
0.05700039863586426, 4647
0.05700039863586426, 4646
0.05700039863586426, 4645
0.05700039863586426, 4644
0.05700039863586426, 4643
0.05700039863586426, 4642
0.05700039863586426, 4641
0.05700039863586426, 4640
0.05700039863586426, 4639
0.05700039863586426, 4638
0.05700039863586426, 4637
0.05700039863586426, 4636
0.05700039863586426, 4635
0.05700039863586426, 4634
0.057999372482299805, 4633
0.057999372482299805, 4632
0.057999372482299805, 4631
0.057999372482299805, 4630
0.057999372482299805, 4629
0.057999372482299805, 4628
0.057999372482299805, 4627
0.057999372482299805, 4626
0.057999372482299805, 4625
0.057999372482299805, 4624
0.057999372482299805, 4623
0.057999372482299805, 4622
0.057999372482299805, 4621
0.057999372482299805, 4620
0.057999372482299805, 4619
0.057999372482299805, 4618
0.057999372482299805, 4617
0.057999372482299805, 4616
0.057999372482299805, 4615
0.057999372482299805, 4614
0.057999372482299805, 4613
0.057999372482299805, 4612
0.057999372482299805, 4611
0.057999372482299805, 4610
0.057999372482299805, 4609
0.057999372482299805, 4608
0.057999372482299805, 4607
0.057999372482299805, 4606
0.057999372482299805, 4605
0.057999372482299805, 4604
0.057999372482299805, 4603
0.057999372482299805, 4602
0.057999372482299805, 4601
0.057999372482299805, 4600
0.057999372482299805, 4599
0.057999372482299805, 4598
0.057999372482299805, 4597
0.057999372482299805, 4596
0.057999372482299805, 4595
0.057999372482299805, 4594
0.057999372482299805, 4593
0.057999372482299805, 4592
0.057999372482299805, 4591
0.05899930000305176, 4590
0.05899930000305176, 4589
0.05899930000305176, 4588
0.05899930000305176, 4587
0.05899930000305176, 4586
0.05899930000305176, 4585
0.05899930000305176, 4584
0.05899930000305176, 4583
0.05899930000305176, 4582
0.05899930000305176, 4581
0.05899930000305176, 4580
0.05899930000305176, 4579
0.05899930000305176, 4578
0.05899930000305176, 4577
0.05899930000305176, 4576
0.05899930000305176, 4575
0.05899930000305176, 4574
0.05899930000305176, 4573
0.05899930000305176, 4572
0.05899930000305176, 4571
0.05899930000305176, 4570
0.05899930000305176, 4569
0.05899930000305176, 4568
0.05899930000305176, 4567
0.05899930000305176, 4566
0.05899930000305176, 4565
0.05899930000305176, 4564
0.05899930000305176, 4563
0.05899930000305176, 4562
0.05899930000305176, 4561
0.05899930000305176, 4560
0.05899930000305176, 4559
0.05899930000305176, 4558
0.05899930000305176, 4557
0.05899930000305176, 4556
0.05899930000305176, 4555
0.05899930000305176, 4554
0.05899930000305176, 4553
0.05899930000305176, 4552
0.05899930000305176, 4551
0.05899930000305176, 4550
0.05899930000305176, 4549
0.05899930000305176, 4548
0.05999898910522461, 4547
0.05999898910522461, 4546
0.05999898910522461, 4545
0.05999898910522461, 4544
0.05999898910522461, 4543
0.05999898910522461, 4542
0.05999898910522461, 4541
0.05999898910522461, 4540
0.05999898910522461, 4539
0.05999898910522461, 4538
0.05999898910522461, 4537
0.05999898910522461, 4536
0.05999898910522461, 4535
0.05999898910522461, 4534
0.05999898910522461, 4533
0.05999898910522461, 4532
0.05999898910522461, 4531
0.05999898910522461, 4530
0.05999898910522461, 4529
0.05999898910522461, 4528
0.05999898910522461, 4527
0.05999898910522461, 4526
0.05999898910522461, 4525
0.05999898910522461, 4524
0.05999898910522461, 4523
0.05999898910522461, 4522
0.05999898910522461, 4521
0.05999898910522461, 4520
0.05999898910522461, 4519
0.05999898910522461, 4518
0.05999898910522461, 4517
0.05999898910522461, 4516
0.05999898910522461, 4515
0.05999898910522461, 4514
0.05999898910522461, 4513
0.05999898910522461, 4512
0.05999898910522461, 4511
0.05999898910522461, 4510
0.05999898910522461, 4509
0.05999898910522461, 4508
0.05999898910522461, 4507
0.05999898910522461, 4506
0.060999155044555664, 4505
0.060999155044555664, 4504
0.060999155044555664, 4503
0.060999155044555664, 4502
0.060999155044555664, 4501
0.060999155044555664, 4500
0.060999155044555664, 4499
0.060999155044555664, 4498
0.060999155044555664, 4497
0.060999155044555664, 4496
0.060999155044555664, 4495
0.060999155044555664, 4494
0.060999155044555664, 4493
0.060999155044555664, 4492
0.060999155044555664, 4491
0.060999155044555664, 4490
0.060999155044555664, 4489
0.060999155044555664, 4488
0.060999155044555664, 4487
0.060999155044555664, 4486
0.060999155044555664, 4485
0.060999155044555664, 4484
0.060999155044555664, 4483
0.060999155044555664, 4482
0.060999155044555664, 4481
0.060999155044555664, 4480
0.060999155044555664, 4479
0.060999155044555664, 4478
0.060999155044555664, 4477
0.060999155044555664, 4476
0.060999155044555664, 4475
0.060999155044555664, 4474
0.060999155044555664, 4473
0.060999155044555664, 4472
0.060999155044555664, 4471
0.060999155044555664, 4470
0.060999155044555664, 4469
0.060999155044555664, 4468
0.060999155044555664, 4467
0.060999155044555664, 4466
0.060999155044555664, 4465
0.060999155044555664, 4464
0.06199932098388672, 4463
0.06199932098388672, 4462
0.06199932098388672, 4461
0.06199932098388672, 4460
0.06199932098388672, 4430
0.06199932098388672, 4429
0.06199932098388672, 4428
0.06199932098388672, 4427
0.06199932098388672, 4426
0.06199932098388672, 4425
0.06199932098388672, 4424
0.06199932098388672, 4423
0.06199932098388672, 4422
0.06199932098388672, 4421
0.06199932098388672, 4420
0.06199932098388672, 4419
0.06199932098388672, 4418
0.06199932098388672, 4417
0.06199932098388672, 4416
0.06199932098388672, 4415
0.06199932098388672, 4414
0.06199932098388672, 4413
0.06199932098388672, 4412
0.06199932098388672, 4411
0.06199932098388672, 4410
0.06199932098388672, 4409
0.06199932098388672, 4408
0.06199932098388672, 4407
0.06199932098388672, 4406
0.06199932098388672, 4405
0.06199932098388672, 4404
0.06199932098388672, 4403
0.06199932098388672, 4402
0.06199932098388672, 4401
0.06199932098388672, 4400
0.16409802436828613, 3215
0.16409802436828613, 3214
0.16409802436828613, 3213
0.16409802436828613, 3212
0.16409802436828613, 3211
0.16409802436828613, 3210
0.16409802436828613, 3209
0.16409802436828613, 3208
0.16409802436828613, 3207
0.16409802436828613, 3206
0.16409802436828613, 3205
0.16409802436828613, 3204
0.16409802436828613, 3203
0.16409802436828613, 3202
0.16409802436828613, 3201
0.16409802436828613, 3200
0.16509747505187988, 3199
0.16509747505187988, 3198
0.16509747505187988, 3197
0.16509747505187988, 3196
0.16509747505187988, 3195
0.16509747505187988, 3194
0.16509747505187988, 3193
0.16509747505187988, 3192
0.16509747505187988, 3191
0.16509747505187988, 3190
0.16509747505187988, 3189
0.16509747505187988, 3188
0.16509747505187988, 3187
0.19209885597229004, 3157
0.19209885597229004, 3156
0.19209885597229004, 3155
0.19209885597229004, 3154
0.19209885597229004, 3153
0.19209885597229004, 3152
0.19268035888671875, 3151
0.19268035888671875, 3150
0.19268035888671875, 3149
0.19268035888671875, 3148
0.6735672950744629, 3147
0.6735672950744629, 3146
0.6735672950744629, 3145
0.6735672950744629, 3144
0.6735672950744629, 3143
0.6735672950744629, 3142
0.6735672950744629, 3141
0.6745691299438477, 3140
0.6745691299438477, 3139
0.6745691299438477, 3138
0.6745691299438477, 3137
0.6745691299438477, 3136
0.6745691299438477, 3135
0.6745691299438477, 3134
0.6745691299438477, 3133
0.6745691299438477, 3132
0.6745691299438477, 3131
0.6745691299438477, 3130
1.8230817317962646, 3129
1.8230817317962646, 3128
1.8230817317962646, 3127
1.8230817317962646, 3126
1.8230817317962646, 3125
1.8230817317962646, 3124
1.8230817317962646, 3123
1.8230817317962646, 3122
1.8230817317962646, 3121
1.8240816593170166, 3120
1.8240816593170166, 3119
1.8240816593170166, 3118
1.8240816593170166, 3117
1.8240816593170166, 3116
1.8240816593170166, 3115
1.8240816593170166, 3114
1.8240816593170166, 3113
1.8240816593170166, 3112
1.8240816593170166, 3111
