0.016995906829833984, 4933
0.016995906829833984, 4932
0.016995906829833984, 4931
0.016995906829833984, 4930
0.016995906829833984, 4929
0.016995906829833984, 4928
0.016995906829833984, 4927
0.016995906829833984, 4926
0.016995906829833984, 4925
0.016995906829833984, 4924
0.016995906829833984, 4923
0.016995906829833984, 4922
0.016995906829833984, 4921
0.017526865005493164, 4920
0.017526865005493164, 4919
0.017526865005493164, 4918
0.017526865005493164, 4917
0.017526865005493164, 4916
0.017526865005493164, 4915
0.017526865005493164, 4914
0.017526865005493164, 4913
0.017526865005493164, 4912
0.017526865005493164, 4911
0.017526865005493164, 4910
0.017526865005493164, 4909
0.017526865005493164, 4908
0.01799631118774414, 4907
0.01799631118774414, 4906
0.01799631118774414, 4905
0.01799631118774414, 4904
0.01799631118774414, 4903
0.01799631118774414, 4902
0.01799631118774414, 4901
0.01799631118774414, 4900
0.01799631118774414, 4899
0.01799631118774414, 4898
0.01799631118774414, 4897
0.01799631118774414, 4896
0.01799631118774414, 4895
0.01799631118774414, 4894
0.01799631118774414, 4893
0.01799631118774414, 4892
0.01799631118774414, 4891
0.01799631118774414, 4890
0.01799631118774414, 4889
0.01799631118774414, 4888
0.01799631118774414, 4887
0.01799631118774414, 4886
0.01799631118774414, 4885
0.01799631118774414, 4884
0.01799631118774414, 4883
0.01799631118774414, 4882
0.01799631118774414, 4881
0.01799631118774414, 4880
0.01799631118774414, 4879
0.01899576187133789, 4878
0.01899576187133789, 4877
0.01899576187133789, 4876
0.01899576187133789, 4875
0.01899576187133789, 4874
0.01899576187133789, 4873
0.01899576187133789, 4872
0.01899576187133789, 4871
0.01899576187133789, 4870
0.01899576187133789, 4869
0.01899576187133789, 4868
0.01899576187133789, 4867
0.01899576187133789, 4866
0.01899576187133789, 4865
0.01899576187133789, 4864
0.01899576187133789, 4863
0.01899576187133789, 4862
0.01899576187133789, 4861
0.01899576187133789, 4860
0.01899576187133789, 4859
0.01899576187133789, 4858
0.01899576187133789, 4857
0.01899576187133789, 4856
0.01899576187133789, 4855
0.01899576187133789, 4854
0.01899576187133789, 4853
0.01899576187133789, 4852
0.01899576187133789, 4851
0.01999688148498535, 4850
0.01999688148498535, 4849
0.01999688148498535, 4848
0.01999688148498535, 4847
0.01999688148498535, 4846
0.01999688148498535, 4845
0.01999688148498535, 4844
0.01999688148498535, 4843
0.01999688148498535, 4842
0.01999688148498535, 4841
0.01999688148498535, 4840
0.01999688148498535, 4839
0.01999688148498535, 4838
0.01999688148498535, 4837
0.01999688148498535, 4836
0.01999688148498535, 4835
0.01999688148498535, 4834
0.01999688148498535, 4833
0.01999688148498535, 4832
0.01999688148498535, 4831
0.01999688148498535, 4830
0.01999688148498535, 4829
0.01999688148498535, 4828
0.01999688148498535, 4827
0.01999688148498535, 4826
0.01999688148498535, 4825
0.01999688148498535, 4824
0.01999688148498535, 4823
0.020996809005737305, 4822
0.020996809005737305, 4821
0.020996809005737305, 4820
0.020996809005737305, 4819
0.020996809005737305, 4818
0.020996809005737305, 4817
0.020996809005737305, 4816
0.020996809005737305, 4815
0.020996809005737305, 4814
0.020996809005737305, 4813
0.020996809005737305, 4812
0.020996809005737305, 4811
0.020996809005737305, 4810
0.020996809005737305, 4809
0.020996809005737305, 4808
0.020996809005737305, 4807
0.020996809005737305, 4806
0.020996809005737305, 4805
0.020996809005737305, 4804
0.020996809005737305, 4803
0.020996809005737305, 4802
0.020996809005737305, 4801
0.020996809005737305, 4800
0.020996809005737305, 4799
0.020996809005737305, 4798
0.020996809005737305, 4797
0.020996809005737305, 4796
0.020996809005737305, 4795
0.020996809005737305, 4794
0.021996021270751953, 4793
0.021996021270751953, 4792
0.021996021270751953, 4791
0.021996021270751953, 4790
0.021996021270751953, 4789
0.021996021270751953, 4788
0.021996021270751953, 4787
0.021996021270751953, 4786
0.021996021270751953, 4785
0.021996021270751953, 4784
0.021996021270751953, 4783
0.021996021270751953, 4782
0.021996021270751953, 4781
0.021996021270751953, 4780
0.021996021270751953, 4779
0.021996021270751953, 4778
0.021996021270751953, 4777
0.021996021270751953, 4776
0.021996021270751953, 4775
0.021996021270751953, 4774
0.021996021270751953, 4773
0.021996021270751953, 4772
0.021996021270751953, 4771
0.021996021270751953, 4770
0.021996021270751953, 4769
0.021996021270751953, 4768
0.021996021270751953, 4767
0.022995710372924805, 4766
0.022995710372924805, 4765
0.022995710372924805, 4764
0.022995710372924805, 4763
0.022995710372924805, 4762
0.022995710372924805, 4761
0.022995710372924805, 4760
0.022995710372924805, 4759
0.022995710372924805, 4758
0.022995710372924805, 4757
0.022995710372924805, 4756
0.022995710372924805, 4755
0.022995710372924805, 4754
0.022995710372924805, 4753
0.022995710372924805, 4752
0.022995710372924805, 4751
0.022995710372924805, 4750
0.022995710372924805, 4749
0.022995710372924805, 4748
0.022995710372924805, 4747
0.022995710372924805, 4746
0.022995710372924805, 4745
0.022995710372924805, 4744
0.022995710372924805, 4743
0.022995710372924805, 4742
0.022995710372924805, 4741
0.022995710372924805, 4740
0.022995710372924805, 4739
0.022995710372924805, 4738
0.023996353149414062, 4737
0.023996353149414062, 4736
0.023996353149414062, 4735
0.023996353149414062, 4734
0.023996353149414062, 4733
0.023996353149414062, 4732
0.023996353149414062, 4731
0.023996353149414062, 4730
0.023996353149414062, 4729
0.023996353149414062, 4728
0.023996353149414062, 4727
0.023996353149414062, 4726
0.023996353149414062, 4725
0.023996353149414062, 4724
0.023996353149414062, 4723
0.023996353149414062, 4722
0.023996353149414062, 4721
0.023996353149414062, 4720
0.023996353149414062, 4719
0.023996353149414062, 4718
0.023996353149414062, 4717
0.023996353149414062, 4716
0.023996353149414062, 4715
0.023996353149414062, 4714
0.023996353149414062, 4713
0.023996353149414062, 4712
0.023996353149414062, 4711
0.023996353149414062, 4710
0.024995088577270508, 4709
0.024995088577270508, 4708
0.024995088577270508, 4707
0.024995088577270508, 4706
0.024995088577270508, 4705
0.024995088577270508, 4704
0.024995088577270508, 4703
0.024995088577270508, 4702
0.024995088577270508, 4701
0.024995088577270508, 4700
0.024995088577270508, 4699
0.024995088577270508, 4698
0.024995088577270508, 4697
0.024995088577270508, 4696
0.024995088577270508, 4695
0.024995088577270508, 4694
0.024995088577270508, 4693
0.024995088577270508, 4692
0.024995088577270508, 4691
0.024995088577270508, 4690
0.024995088577270508, 4689
0.024995088577270508, 4688
0.024995088577270508, 4687
0.024995088577270508, 4686
0.024995088577270508, 4685
0.024995088577270508, 4684
0.024995088577270508, 4683
0.024995088577270508, 4682
0.024995088577270508, 4681
0.025995731353759766, 4680
0.025995731353759766, 4679
0.025995731353759766, 4678
0.025995731353759766, 4677
0.025995731353759766, 4676
0.025995731353759766, 4675
0.025995731353759766, 4674
0.025995731353759766, 4673
0.025995731353759766, 4672
0.025995731353759766, 4671
0.025995731353759766, 4670
0.025995731353759766, 4669
0.025995731353759766, 4668
0.025995731353759766, 4667
0.025995731353759766, 4666
0.025995731353759766, 4665
0.025995731353759766, 4664
0.025995731353759766, 4663
0.025995731353759766, 4662
0.025995731353759766, 4661
0.025995731353759766, 4660
0.025995731353759766, 4659
0.025995731353759766, 4658
0.025995731353759766, 4657
0.025995731353759766, 4656
0.025995731353759766, 4655
0.025995731353759766, 4654
0.026995420455932617, 4653
0.026995420455932617, 4652
0.026995420455932617, 4651
0.026995420455932617, 4650
0.026995420455932617, 4649
0.026995420455932617, 4648
0.026995420455932617, 4647
0.026995420455932617, 4646
0.026995420455932617, 4645
0.026995420455932617, 4644
0.026995420455932617, 4643
0.026995420455932617, 4642
0.026995420455932617, 4641
0.026995420455932617, 4640
0.026995420455932617, 4639
0.026995420455932617, 4638
0.026995420455932617, 4637
0.026995420455932617, 4636
0.026995420455932617, 4635
0.026995420455932617, 4634
0.026995420455932617, 4633
0.026995420455932617, 4632
0.026995420455932617, 4631
0.026995420455932617, 4630
0.026995420455932617, 4629
0.026995420455932617, 4628
0.026995420455932617, 4627
0.026995420455932617, 4626
0.026995420455932617, 4625
0.027995824813842773, 4624
0.027995824813842773, 4623
0.027995824813842773, 4622
0.027995824813842773, 4621
0.027995824813842773, 4620
0.027995824813842773, 4619
0.027995824813842773, 4618
0.027995824813842773, 4617
0.027995824813842773, 4616
0.027995824813842773, 4615
0.027995824813842773, 4614
0.027995824813842773, 4613
0.027995824813842773, 4612
0.027995824813842773, 4611
0.027995824813842773, 4610
0.027995824813842773, 4609
0.027995824813842773, 4608
0.027995824813842773, 4607
0.027995824813842773, 4606
0.027995824813842773, 4605
0.027995824813842773, 4604
0.027995824813842773, 4603
0.027995824813842773, 4602
0.027995824813842773, 4601
0.027995824813842773, 4600
0.027995824813842773, 4599
0.027995824813842773, 4598
0.028995513916015625, 4597
0.028995513916015625, 4596
0.028995513916015625, 4595
0.028995513916015625, 4594
0.028995513916015625, 4593
0.028995513916015625, 4592
0.028995513916015625, 4591
0.028995513916015625, 4590
0.028995513916015625, 4589
0.028995513916015625, 4588
0.028995513916015625, 4587
0.028995513916015625, 4586
0.028995513916015625, 4585
0.028995513916015625, 4584
0.028995513916015625, 4583
0.028995513916015625, 4582
0.028995513916015625, 4581
0.028995513916015625, 4580
0.028995513916015625, 4579
0.028995513916015625, 4578
0.028995513916015625, 4577
0.028995513916015625, 4576
0.028995513916015625, 4575
0.028995513916015625, 4574
0.028995513916015625, 4573
0.028995513916015625, 4572
0.028995513916015625, 4571
0.029995441436767578, 4570
0.029995441436767578, 4569
0.029995441436767578, 4568
0.029995441436767578, 4567
0.029995441436767578, 4566
0.029995441436767578, 4565
0.029995441436767578, 4564
0.029995441436767578, 4563
0.029995441436767578, 4562
0.029995441436767578, 4561
0.029995441436767578, 4560
0.029995441436767578, 4559
0.029995441436767578, 4558
0.029995441436767578, 4557
0.029995441436767578, 4556
0.029995441436767578, 4555
0.029995441436767578, 4554
0.029995441436767578, 4553
0.029995441436767578, 4552
0.029995441436767578, 4551
0.029995441436767578, 4550
0.029995441436767578, 4549
0.029995441436767578, 4548
0.029995441436767578, 4547
0.029995441436767578, 4546
0.029995441436767578, 4545
0.029995441436767578, 4544
0.030995845794677734, 4543
0.03105306625366211, 4542
0.03105306625366211, 4541
0.03105306625366211, 4540
0.03105306625366211, 4539
0.03105306625366211, 4538
0.03105306625366211, 4537
0.03105306625366211, 4536
0.03105306625366211, 4535
0.03105306625366211, 4534
0.03105306625366211, 4533
0.03105306625366211, 4532
0.03105306625366211, 4531
0.03105306625366211, 4530
0.03105306625366211, 4529
0.03105306625366211, 4528
0.03105306625366211, 4527
0.03105306625366211, 4526
0.03105306625366211, 4525
0.03105306625366211, 4524
0.03105306625366211, 4523
0.03105306625366211, 4522
0.03105306625366211, 4521
0.03105306625366211, 4520
0.03105306625366211, 4519
0.03200387954711914, 4518
0.03200387954711914, 4517
0.03200387954711914, 4516
0.03200387954711914, 4515
0.03200387954711914, 4514
0.03200387954711914, 4513
0.03200387954711914, 4512
0.03200387954711914, 4511
0.03200387954711914, 4510
0.03200387954711914, 4509
0.03200387954711914, 4508
0.03200387954711914, 4507
0.03200387954711914, 4506
0.03200387954711914, 4505
0.03200387954711914, 4504
0.03200387954711914, 4503
0.03200387954711914, 4502
0.03200387954711914, 4501
0.03200387954711914, 4500
0.03200387954711914, 4499
0.03200387954711914, 4498
0.03200387954711914, 4497
0.03200387954711914, 4496
0.03200387954711914, 4495
0.03200387954711914, 4494
0.03200387954711914, 4493
0.03299975395202637, 4492
0.03299975395202637, 4491
0.03299975395202637, 4490
0.03299975395202637, 4489
0.03299975395202637, 4488
0.03299975395202637, 4487
0.03299975395202637, 4486
0.03299975395202637, 4485
0.03299975395202637, 4484
0.03299975395202637, 4483
0.03299975395202637, 4482
0.03299975395202637, 4481
0.03299975395202637, 4480
0.03299975395202637, 4479
0.03299975395202637, 4478
0.03299975395202637, 4477
0.03299975395202637, 4476
0.03299975395202637, 4475
0.03299975395202637, 4474
0.03299975395202637, 4473
0.03299975395202637, 4472
0.03299975395202637, 4471
0.03299975395202637, 4470
0.03299975395202637, 4469
0.03299975395202637, 4468
0.03299975395202637, 4467
0.03399801254272461, 4466
0.03399801254272461, 4465
0.03399801254272461, 4464
0.03399801254272461, 4463
0.03399801254272461, 4462
0.03399801254272461, 4461
0.03399801254272461, 4460
0.03399801254272461, 4459
0.03399801254272461, 4458
0.03399801254272461, 4457
0.09590697288513184, 3283
0.09590697288513184, 3282
0.09590697288513184, 3281
0.09590697288513184, 3280
0.09590697288513184, 3279
0.09590697288513184, 3278
0.09690713882446289, 3277
0.09690713882446289, 3276
0.09690713882446289, 3275
0.09690713882446289, 3274
0.09690713882446289, 3273
0.09690713882446289, 3272
0.09690713882446289, 3271
0.09690713882446289, 3270
0.09690713882446289, 3269
0.09690713882446289, 3268
0.09690713882446289, 3267
0.09690713882446289, 3266
0.09690713882446289, 3265
0.09690713882446289, 3264
0.09690713882446289, 3263
0.09690713882446289, 3262
0.09690713882446289, 3261
0.09690713882446289, 3260
0.09690713882446289, 3259
0.09690713882446289, 3258
0.09690713882446289, 3257
0.09690713882446289, 3256
0.09690713882446289, 3255
0.09690713882446289, 3254
0.09690713882446289, 3253
0.09690713882446289, 3252
0.09690713882446289, 3251
0.09690713882446289, 3250
0.09690713882446289, 3249
0.09690713882446289, 3248
0.09690713882446289, 3247
0.09690713882446289, 3246
0.09690713882446289, 3245
0.09690713882446289, 3244
0.09690713882446289, 3243
0.09690713882446289, 3242
0.09790802001953125, 3241
0.09790802001953125, 3240
0.09790802001953125, 3239
0.09790802001953125, 3238
0.09790802001953125, 3237
0.09790802001953125, 3236
0.09790802001953125, 3235
0.09790802001953125, 3234
0.09790802001953125, 3233
0.09790802001953125, 3232
0.09790802001953125, 3231
0.09790802001953125, 3230
0.09790802001953125, 3229
0.09790802001953125, 3228
0.09790802001953125, 3227
0.09790802001953125, 3226
0.09790802001953125, 3225
0.09790802001953125, 3224
0.09790802001953125, 3223
0.09790802001953125, 3222
0.09790802001953125, 3221
0.09790802001953125, 3220
0.09790802001953125, 3219
0.09790802001953125, 3218
0.09790802001953125, 3217
0.09790802001953125, 3216
0.09790802001953125, 3215
0.09790802001953125, 3214
0.09790802001953125, 3213
0.09790802001953125, 3212
0.09790802001953125, 3211
0.09790802001953125, 3210
0.09790802001953125, 3209
0.0989067554473877, 3208
0.0989067554473877, 3207
0.0989067554473877, 3206
0.0989067554473877, 3205
0.0989067554473877, 3204
0.0989067554473877, 3203
0.0989067554473877, 3202
0.0989067554473877, 3201
0.0989067554473877, 3200
0.0989067554473877, 3199
0.0989067554473877, 3198
0.0989067554473877, 3197
0.0989067554473877, 3196
0.0989067554473877, 3195
0.0989067554473877, 3194
0.0989067554473877, 3193
0.0989067554473877, 3192
0.0989067554473877, 3191
0.0989067554473877, 3190
0.0989067554473877, 3189
0.0989067554473877, 3188
0.0989067554473877, 3187
0.0989067554473877, 3186
0.0989067554473877, 3185
0.0989067554473877, 3184
0.0989067554473877, 3183
0.0989067554473877, 3182
0.0989067554473877, 3181
0.0989067554473877, 3180
0.0989067554473877, 3179
0.0989067554473877, 3178
0.0989067554473877, 3177
0.0989067554473877, 3176
0.0989067554473877, 3175
0.0989067554473877, 3174
0.0989067554473877, 3173
0.0989067554473877, 3172
0.09990668296813965, 3171
0.09990668296813965, 3170
0.09990668296813965, 3169
0.09990668296813965, 3168
0.42594432830810547, 3167
0.42594432830810547, 3166
0.42594432830810547, 3165
0.42594432830810547, 3164
0.7760083675384521, 3163
0.7760083675384521, 3162
0.7760083675384521, 3161
0.7760083675384521, 3160
0.7760083675384521, 3159
0.7760083675384521, 3158
1.0709857940673828, 3157
1.0709857940673828, 3156
1.0709857940673828, 3155
1.0709857940673828, 3154
1.0709857940673828, 3153
1.0709857940673828, 3152
1.0709857940673828, 3151
1.0709857940673828, 3150
1.0709857940673828, 3149
1.0709857940673828, 3148
1.0709857940673828, 3147
1.0709857940673828, 3146
1.0709857940673828, 3145
1.0719866752624512, 3144
1.0719866752624512, 3143
1.0719866752624512, 3142
1.0719866752624512, 3141
1.0719866752624512, 3140
1.0719866752624512, 3139
1.0719866752624512, 3138
1.0719866752624512, 3137
1.0719866752624512, 3136
1.0719866752624512, 3135
1.0719866752624512, 3134
1.0719866752624512, 3133
1.0719866752624512, 3132
1.0719866752624512, 3131
1.0719866752624512, 3130
1.0719866752624512, 3129
1.0719866752624512, 3128
1.0719866752624512, 3127
1.0719866752624512, 3126
1.0719866752624512, 3125
1.0719866752624512, 3124
1.0719866752624512, 3123
1.0729854106903076, 3122
1.0729854106903076, 3121
3.2459330558776855, 3120
3.2459330558776855, 3119
3.2459330558776855, 3118
3.2459330558776855, 3117
7.773767948150635, 3116
7.773767948150635, 3115
7.773767948150635, 3114
7.773767948150635, 3113
7.773767948150635, 3112
7.773767948150635, 3111
7.773767948150635, 3110
7.773767948150635, 3109
7.773767948150635, 3108
