0.017002582550048828, 4896
0.017002582550048828, 4895
0.017002582550048828, 4894
0.017002582550048828, 4893
0.017002582550048828, 4892
0.017002582550048828, 4891
0.01800060272216797, 4890
0.01800060272216797, 4889
0.01800060272216797, 4888
0.01800060272216797, 4887
0.01800060272216797, 4886
0.01800060272216797, 4885
0.01800060272216797, 4884
0.01800060272216797, 4883
0.01800060272216797, 4882
0.01800060272216797, 4881
0.01800060272216797, 4880
0.01800060272216797, 4879
0.01800060272216797, 4878
0.01800060272216797, 4877
0.01800060272216797, 4876
0.01800060272216797, 4875
0.01800060272216797, 4874
0.01800060272216797, 4873
0.01800060272216797, 4872
0.01800060272216797, 4871
0.01800060272216797, 4870
0.01800060272216797, 4869
0.01800060272216797, 4868
0.01800060272216797, 4867
0.01800060272216797, 4866
0.01800060272216797, 4865
0.01800060272216797, 4864
0.01800060272216797, 4863
0.01800060272216797, 4862
0.01800060272216797, 4861
0.01800060272216797, 4860
0.01800060272216797, 4859
0.01800060272216797, 4858
0.01800060272216797, 4857
0.01800060272216797, 4856
0.01800060272216797, 4855
0.01800060272216797, 4854
0.01900005340576172, 4853
0.01900005340576172, 4852
0.01900005340576172, 4851
0.01900005340576172, 4850
0.01900005340576172, 4849
0.01900005340576172, 4848
0.01900005340576172, 4847
0.01900005340576172, 4846
0.01900005340576172, 4845
0.01900005340576172, 4844
0.01900005340576172, 4843
0.01900005340576172, 4842
0.01900005340576172, 4841
0.01900005340576172, 4840
0.01900005340576172, 4839
0.01900005340576172, 4838
0.01900005340576172, 4837
0.01900005340576172, 4836
0.01900005340576172, 4835
0.01900005340576172, 4834
0.01900005340576172, 4833
0.01900005340576172, 4832
0.01900005340576172, 4831
0.01900005340576172, 4830
0.01900005340576172, 4829
0.01900005340576172, 4828
0.01900005340576172, 4827
0.01900005340576172, 4826
0.01900005340576172, 4825
0.01900005340576172, 4824
0.01900005340576172, 4823
0.01900005340576172, 4822
0.01900005340576172, 4821
0.01900005340576172, 4820
0.01900005340576172, 4819
0.01900005340576172, 4818
0.01900005340576172, 4817
0.01900005340576172, 4816
0.01900005340576172, 4815
0.01900005340576172, 4814
0.01900005340576172, 4813
0.01900005340576172, 4812
0.01999950408935547, 4811
0.01999950408935547, 4810
0.01999950408935547, 4809
0.01999950408935547, 4808
0.01999950408935547, 4807
0.01999950408935547, 4806
0.01999950408935547, 4805
0.01999950408935547, 4804
0.01999950408935547, 4803
0.01999950408935547, 4802
0.01999950408935547, 4801
0.01999950408935547, 4800
0.01999950408935547, 4799
0.01999950408935547, 4798
0.01999950408935547, 4797
0.01999950408935547, 4796
0.01999950408935547, 4795
0.01999950408935547, 4794
0.01999950408935547, 4793
0.01999950408935547, 4792
0.01999950408935547, 4791
0.01999950408935547, 4790
0.01999950408935547, 4789
0.01999950408935547, 4788
0.01999950408935547, 4787
0.01999950408935547, 4786
0.01999950408935547, 4785
0.01999950408935547, 4784
0.01999950408935547, 4783
0.01999950408935547, 4782
0.01999950408935547, 4781
0.01999950408935547, 4780
0.01999950408935547, 4779
0.01999950408935547, 4778
0.01999950408935547, 4777
0.01999950408935547, 4776
0.01999950408935547, 4775
0.01999950408935547, 4774
0.01999950408935547, 4773
0.01999950408935547, 4772
0.01999950408935547, 4771
0.01999950408935547, 4770
0.01999950408935547, 4769
0.02100396156311035, 4768
0.02100396156311035, 4767
0.02100396156311035, 4766
0.02100396156311035, 4765
0.02100396156311035, 4764
0.02100396156311035, 4763
0.02100396156311035, 4762
0.02100396156311035, 4761
0.02100396156311035, 4760
0.02100396156311035, 4759
0.02100396156311035, 4758
0.02100396156311035, 4757
0.02100396156311035, 4756
0.02100396156311035, 4755
0.02100396156311035, 4754
0.02100396156311035, 4753
0.02100396156311035, 4752
0.02100396156311035, 4751
0.02100396156311035, 4750
0.02100396156311035, 4749
0.02100396156311035, 4748
0.02100396156311035, 4747
0.02100396156311035, 4746
0.02100396156311035, 4745
0.02100396156311035, 4744
0.02100396156311035, 4743
0.02100396156311035, 4742
0.02100396156311035, 4741
0.02100396156311035, 4740
0.02100396156311035, 4739
0.02100396156311035, 4738
0.02100396156311035, 4737
0.02100396156311035, 4736
0.02100396156311035, 4735
0.02100396156311035, 4734
0.02100396156311035, 4733
0.02100396156311035, 4732
0.02100396156311035, 4731
0.02100396156311035, 4730
0.02100396156311035, 4729
0.02100396156311035, 4728
0.02100396156311035, 4727
0.02100396156311035, 4726
0.02100396156311035, 4725
0.022017240524291992, 4724
0.022017240524291992, 4723
0.022017240524291992, 4722
0.022017240524291992, 4721
0.022017240524291992, 4720
0.022017240524291992, 4719
0.022017240524291992, 4718
0.022017240524291992, 4717
0.022017240524291992, 4716
0.022017240524291992, 4715
0.022017240524291992, 4714
0.022017240524291992, 4713
0.022017240524291992, 4712
0.022017240524291992, 4711
0.022017240524291992, 4710
0.022017240524291992, 4709
0.022017240524291992, 4708
0.022017240524291992, 4707
0.022017240524291992, 4706
0.022017240524291992, 4705
0.022017240524291992, 4704
0.022017240524291992, 4703
0.022017240524291992, 4702
0.022017240524291992, 4701
0.022017240524291992, 4700
0.022017240524291992, 4699
0.022017240524291992, 4698
0.022017240524291992, 4697
0.022017240524291992, 4696
0.022017240524291992, 4695
0.022017240524291992, 4694
0.022017240524291992, 4693
0.022017240524291992, 4692
0.022017240524291992, 4691
0.022017240524291992, 4690
0.022017240524291992, 4689
0.022017240524291992, 4688
0.022017240524291992, 4687
0.022017240524291992, 4686
0.022017240524291992, 4685
0.022017240524291992, 4684
0.022017240524291992, 4683
0.022017240524291992, 4682
0.02301764488220215, 4681
0.02301764488220215, 4680
0.02301764488220215, 4679
0.02301764488220215, 4678
0.02301764488220215, 4677
0.02301764488220215, 4676
0.02301764488220215, 4675
0.02301764488220215, 4674
0.02301764488220215, 4673
0.02301764488220215, 4672
0.02301764488220215, 4671
0.02301764488220215, 4670
0.02301764488220215, 4669
0.02301764488220215, 4668
0.02301764488220215, 4667
0.02301764488220215, 4666
0.02301764488220215, 4665
0.02301764488220215, 4664
0.02301764488220215, 4663
0.02301764488220215, 4662
0.02301764488220215, 4661
0.02301764488220215, 4660
0.02301764488220215, 4659
0.02301764488220215, 4658
0.02301764488220215, 4657
0.02301764488220215, 4656
0.02301764488220215, 4655
0.02301764488220215, 4654
0.02301764488220215, 4653
0.02301764488220215, 4652
0.02301764488220215, 4651
0.02301764488220215, 4650
0.02301764488220215, 4649
0.02301764488220215, 4648
0.02301764488220215, 4647
0.02301764488220215, 4646
0.02301764488220215, 4645
0.02301764488220215, 4644
0.02301764488220215, 4643
0.02301764488220215, 4642
0.02301764488220215, 4641
0.024026155471801758, 4640
0.024026155471801758, 4639
0.024026155471801758, 4638
0.024026155471801758, 4637
0.024026155471801758, 4636
0.024026155471801758, 4635
0.024026155471801758, 4634
0.024026155471801758, 4633
0.024026155471801758, 4632
0.024026155471801758, 4631
0.024026155471801758, 4630
0.024026155471801758, 4629
0.024026155471801758, 4628
0.024026155471801758, 4627
0.024026155471801758, 4626
0.024026155471801758, 4625
0.024026155471801758, 4624
0.024026155471801758, 4623
0.024026155471801758, 4622
0.024026155471801758, 4621
0.024026155471801758, 4620
0.024026155471801758, 4619
0.024026155471801758, 4618
0.024026155471801758, 4617
0.024026155471801758, 4616
0.024026155471801758, 4615
0.024026155471801758, 4614
0.024026155471801758, 4613
0.024026155471801758, 4612
0.024026155471801758, 4611
0.024026155471801758, 4610
0.024026155471801758, 4609
0.024026155471801758, 4608
0.024026155471801758, 4607
0.024026155471801758, 4606
0.024026155471801758, 4605
0.024026155471801758, 4604
0.024026155471801758, 4603
0.024026155471801758, 4602
0.024026155471801758, 4601
0.024026155471801758, 4600
0.024026155471801758, 4599
0.024026155471801758, 4598
0.025063753128051758, 4597
0.025063753128051758, 4596
0.025063753128051758, 4595
0.025063753128051758, 4594
0.025063753128051758, 4593
0.025063753128051758, 4592
0.025063753128051758, 4591
0.025063753128051758, 4590
0.025063753128051758, 4589
0.025063753128051758, 4588
0.025063753128051758, 4587
0.025063753128051758, 4586
0.025063753128051758, 4585
0.025063753128051758, 4584
0.025063753128051758, 4583
0.025063753128051758, 4582
0.025063753128051758, 4581
0.025063753128051758, 4580
0.025063753128051758, 4579
0.025063753128051758, 4578
0.025063753128051758, 4577
0.025063753128051758, 4576
0.025063753128051758, 4575
0.025063753128051758, 4574
0.025063753128051758, 4573
0.025063753128051758, 4572
0.09872698783874512, 4571
0.09872698783874512, 4570
0.09872698783874512, 4569
0.09872698783874512, 4568
0.09872698783874512, 4567
0.09872698783874512, 4566
0.09872698783874512, 4565
0.09872698783874512, 4564
0.09972763061523438, 4563
0.09972763061523438, 4562
0.09972763061523438, 4561
0.09972763061523438, 4560
0.09972763061523438, 4559
0.09972763061523438, 4558
0.09972763061523438, 4557
0.09972763061523438, 4556
0.09972763061523438, 4555
0.09972763061523438, 4554
0.09972763061523438, 4553
0.09972763061523438, 4552
0.09972763061523438, 4551
0.09972763061523438, 4550
0.09972763061523438, 4549
0.09972763061523438, 4548
0.09972763061523438, 4547
0.09972763061523438, 4546
0.09972763061523438, 4545
0.09972763061523438, 4544
0.09972763061523438, 4543
0.09972763061523438, 4542
0.09972763061523438, 4541
0.09972763061523438, 4540
0.09972763061523438, 4539
0.09972763061523438, 4538
0.09972763061523438, 4537
0.09972763061523438, 4536
0.09972763061523438, 4535
0.09972763061523438, 4534
0.09972763061523438, 4533
0.11072707176208496, 3404
0.11072707176208496, 3403
0.11178350448608398, 3402
0.11178350448608398, 3401
0.11178350448608398, 3400
0.11178350448608398, 3399
0.11178350448608398, 3398
0.11178350448608398, 3397
0.11178350448608398, 3396
0.11178350448608398, 3395
0.11178350448608398, 3394
0.11178350448608398, 3393
0.11178350448608398, 3392
0.11178350448608398, 3391
0.11178350448608398, 3390
0.11178350448608398, 3389
0.11178350448608398, 3388
0.11178350448608398, 3387
0.11178350448608398, 3386
0.11178350448608398, 3385
0.11278295516967773, 3384
0.11278295516967773, 3383
0.11278295516967773, 3382
0.11278295516967773, 3381
0.11278295516967773, 3380
0.11278295516967773, 3379
0.11278295516967773, 3378
0.11278295516967773, 3377
0.11278295516967773, 3376
0.11278295516967773, 3375
0.11278295516967773, 3374
0.11278295516967773, 3373
0.11278295516967773, 3372
0.11278295516967773, 3371
0.11278295516967773, 3370
0.11278295516967773, 3369
0.11278295516967773, 3368
0.1137838363647461, 3367
0.1137838363647461, 3366
0.1137838363647461, 3365
0.1137838363647461, 3364
0.1137838363647461, 3363
0.1137838363647461, 3362
0.1137838363647461, 3361
0.1137838363647461, 3360
0.1137838363647461, 3359
0.1137838363647461, 3358
0.1137838363647461, 3357
0.1137838363647461, 3356
0.1137838363647461, 3355
0.1137838363647461, 3354
0.1137838363647461, 3353
0.1137838363647461, 3352
0.1137838363647461, 3351
0.1137838363647461, 3350
0.1137838363647461, 3349
0.11478304862976074, 3348
0.11478304862976074, 3347
0.11478304862976074, 3346
0.11478304862976074, 3345
0.11478304862976074, 3344
0.11478304862976074, 3343
0.11478304862976074, 3342
0.11478304862976074, 3341
0.11478304862976074, 3340
0.11478304862976074, 3339
0.11478304862976074, 3338
0.11478304862976074, 3337
0.11478304862976074, 3336
0.11478304862976074, 3335
0.11478304862976074, 3334
0.11478304862976074, 3333
0.11478304862976074, 3332
0.11478304862976074, 3331
0.11478304862976074, 3330
0.11478304862976074, 3329
0.11478304862976074, 3328
0.11478304862976074, 3327
0.11478304862976074, 3326
0.11478304862976074, 3325
0.1157832145690918, 3324
0.1157832145690918, 3323
0.1157832145690918, 3322
0.1157832145690918, 3321
0.1157832145690918, 3320
0.1157832145690918, 3319
0.1157832145690918, 3318
0.1157832145690918, 3317
0.1157832145690918, 3316
0.1157832145690918, 3315
0.1157832145690918, 3314
0.1157832145690918, 3313
0.1157832145690918, 3312
0.1157832145690918, 3311
0.1157832145690918, 3310
0.1157832145690918, 3309
0.1157832145690918, 3308
0.1157832145690918, 3307
0.1157832145690918, 3306
0.1157832145690918, 3305
0.1157832145690918, 3304
0.1157832145690918, 3303
0.11678314208984375, 3302
0.11678314208984375, 3301
0.11678314208984375, 3300
0.11678314208984375, 3299
0.11678314208984375, 3298
0.11678314208984375, 3297
0.11678314208984375, 3296
0.11678314208984375, 3295
0.11678314208984375, 3294
0.11678314208984375, 3293
0.11678314208984375, 3292
0.11678314208984375, 3291
0.11678314208984375, 3290
0.11678314208984375, 3289
0.11678314208984375, 3288
0.11678314208984375, 3287
0.11678314208984375, 3286
0.11678314208984375, 3285
0.11678314208984375, 3284
0.11678314208984375, 3283
0.11678314208984375, 3282
0.11678314208984375, 3281
0.11678314208984375, 3280
0.1177828311920166, 3279
0.1177828311920166, 3278
0.1177828311920166, 3277
0.1177828311920166, 3276
0.1177828311920166, 3275
0.1177828311920166, 3274
0.1177828311920166, 3273
0.1177828311920166, 3272
0.1177828311920166, 3271
0.1177828311920166, 3270
0.1177828311920166, 3269
0.1177828311920166, 3268
0.1177828311920166, 3267
0.1177828311920166, 3266
0.1177828311920166, 3265
0.1177828311920166, 3264
0.1177828311920166, 3263
0.1177828311920166, 3262
0.1177828311920166, 3261
0.1177828311920166, 3260
0.1177828311920166, 3259
0.1177828311920166, 3258
0.11878371238708496, 3257
0.11878371238708496, 3256
0.11878371238708496, 3255
0.11878371238708496, 3254
0.11878371238708496, 3253
0.11878371238708496, 3252
0.11878371238708496, 3251
0.11878371238708496, 3250
0.11878371238708496, 3249
0.11878371238708496, 3248
0.11878371238708496, 3247
0.11878371238708496, 3246
0.11878371238708496, 3245
0.11878371238708496, 3244
0.11878371238708496, 3243
0.11878371238708496, 3242
0.11878371238708496, 3241
0.11878371238708496, 3240
0.11878371238708496, 3239
0.11878371238708496, 3238
0.11878371238708496, 3237
0.11878371238708496, 3236
0.11878371238708496, 3235
0.11878371238708496, 3234
0.11978292465209961, 3233
0.11978292465209961, 3232
0.11978292465209961, 3231
0.11978292465209961, 3230
0.11978292465209961, 3229
0.11978292465209961, 3228
0.11978292465209961, 3227
0.11978292465209961, 3226
0.11978292465209961, 3225
0.11978292465209961, 3224
0.11978292465209961, 3223
0.11978292465209961, 3222
0.11978292465209961, 3221
0.11978292465209961, 3220
0.11978292465209961, 3219
0.11978292465209961, 3218
0.11978292465209961, 3217
0.11978292465209961, 3216
0.11978292465209961, 3215
0.11978292465209961, 3214
0.11978292465209961, 3213
0.11978292465209961, 3212
0.11978292465209961, 3211
0.12078332901000977, 3210
0.12078332901000977, 3209
0.12078332901000977, 3208
0.12078332901000977, 3207
0.12078332901000977, 3206
0.12078332901000977, 3205
0.12078332901000977, 3204
0.12078332901000977, 3203
0.12078332901000977, 3202
0.12078332901000977, 3201
0.12078332901000977, 3200
0.12078332901000977, 3199
0.12078332901000977, 3198
0.12078332901000977, 3197
0.12078332901000977, 3196
0.12078332901000977, 3195
0.12078332901000977, 3194
0.12078332901000977, 3193
0.12078332901000977, 3192
0.12078332901000977, 3191
0.12078332901000977, 3190
0.12078332901000977, 3189
0.12078332901000977, 3188
0.12078332901000977, 3187
0.12078332901000977, 3186
0.12078332901000977, 3185
0.1218116283416748, 3184
0.1218116283416748, 3183
0.1218116283416748, 3182
0.1218116283416748, 3181
0.1218116283416748, 3180
0.1218116283416748, 3179
0.1218116283416748, 3178
0.1218116283416748, 3177
0.1218116283416748, 3176
0.1218116283416748, 3175
0.1218116283416748, 3174
0.1218116283416748, 3173
0.1218116283416748, 3172
0.1218116283416748, 3171
0.1218116283416748, 3170
0.1218116283416748, 3169
0.1218116283416748, 3168
0.1218116283416748, 3167
0.1218116283416748, 3166
0.1218116283416748, 3165
0.1218116283416748, 3164
0.1218116283416748, 3163
0.1218116283416748, 3162
0.12281155586242676, 3161
0.12281155586242676, 3160
0.12281155586242676, 3159
0.12281155586242676, 3158
0.12281155586242676, 3157
0.12281155586242676, 3156
0.14883804321289062, 3155
0.14883804321289062, 3154
0.14883804321289062, 3153
0.14883804321289062, 3152
0.20177602767944336, 3151
0.20177602767944336, 3150
0.20177602767944336, 3149
0.20177602767944336, 3148
0.20177602767944336, 3147
0.20177602767944336, 3146
0.20177602767944336, 3145
0.20177602767944336, 3144
0.20177602767944336, 3143
0.20177602767944336, 3142
0.20177602767944336, 3141
0.20177602767944336, 3140
0.20177602767944336, 3139
0.20177602767944336, 3138
0.20177602767944336, 3137
0.20177602767944336, 3136
0.20177602767944336, 3135
0.20177602767944336, 3134
0.20177602767944336, 3133
0.2024984359741211, 3132
0.2024984359741211, 3131
0.2024984359741211, 3130
0.2024984359741211, 3129
0.2024984359741211, 3128
0.2024984359741211, 3127
0.2024984359741211, 3126
0.2024984359741211, 3125
0.2024984359741211, 3124
0.2024984359741211, 3123
0.2024984359741211, 3122
0.2024984359741211, 3121
0.2024984359741211, 3120
0.2319624423980713, 3119
0.2319624423980713, 3118
0.2319624423980713, 3117
0.2319624423980713, 3116
4.120084047317505, 3115
4.120084047317505, 3114
4.120084047317505, 3113
4.120084047317505, 3112
4.120084047317505, 3111
9.23580527305603, 3110
9.23580527305603, 3109
9.23580527305603, 3108
9.23580527305603, 3107
9.23580527305603, 3106
9.23580527305603, 3105
