0.018999099731445312, 4865
0.018999099731445312, 4864
0.018999099731445312, 4863
0.018999099731445312, 4862
0.018999099731445312, 4861
0.018999099731445312, 4860
0.018999099731445312, 4859
0.018999099731445312, 4858
0.018999099731445312, 4857
0.018999099731445312, 4856
0.018999099731445312, 4855
0.018999099731445312, 4854
0.018999099731445312, 4853
0.018999099731445312, 4852
0.018999099731445312, 4851
0.018999099731445312, 4850
0.01999974250793457, 4849
0.01999974250793457, 4848
0.01999974250793457, 4847
0.01999974250793457, 4846
0.01999974250793457, 4845
0.01999974250793457, 4844
0.01999974250793457, 4843
0.01999974250793457, 4842
0.01999974250793457, 4841
0.01999974250793457, 4840
0.01999974250793457, 4839
0.01999974250793457, 4838
0.01999974250793457, 4837
0.01999974250793457, 4836
0.01999974250793457, 4835
0.01999974250793457, 4834
0.01999974250793457, 4833
0.01999974250793457, 4832
0.01999974250793457, 4831
0.01999974250793457, 4830
0.01999974250793457, 4829
0.01999974250793457, 4828
0.01999974250793457, 4827
0.01999974250793457, 4826
0.01999974250793457, 4825
0.01999974250793457, 4824
0.01999974250793457, 4823
0.01999974250793457, 4822
0.01999974250793457, 4821
0.01999974250793457, 4820
0.01999974250793457, 4819
0.01999974250793457, 4818
0.01999974250793457, 4817
0.01999974250793457, 4816
0.01999974250793457, 4815
0.01999974250793457, 4814
0.01999974250793457, 4813
0.01999974250793457, 4812
0.01999974250793457, 4811
0.01999974250793457, 4810
0.01999974250793457, 4809
0.01999974250793457, 4808
0.02099895477294922, 4807
0.02099895477294922, 4806
0.02099895477294922, 4805
0.02099895477294922, 4804
0.02099895477294922, 4803
0.02099895477294922, 4802
0.021137475967407227, 4801
0.021137475967407227, 4800
0.021137475967407227, 4799
0.021137475967407227, 4798
0.021137475967407227, 4797
0.021137475967407227, 4796
0.021137475967407227, 4795
0.021137475967407227, 4794
0.021137475967407227, 4793
0.021137475967407227, 4792
0.021137475967407227, 4791
0.021137475967407227, 4790
0.021137475967407227, 4789
0.021137475967407227, 4788
0.021137475967407227, 4787
0.021137475967407227, 4786
0.021137475967407227, 4785
0.021137475967407227, 4784
0.021137475967407227, 4783
0.021137475967407227, 4782
0.021137475967407227, 4781
0.021137475967407227, 4780
0.021137475967407227, 4779
0.021137475967407227, 4778
0.021137475967407227, 4777
0.021137475967407227, 4776
0.021137475967407227, 4775
0.021137475967407227, 4774
0.021137475967407227, 4773
0.021137475967407227, 4772
0.021137475967407227, 4771
0.021137475967407227, 4770
0.021137475967407227, 4769
0.021137475967407227, 4768
0.021137475967407227, 4767
0.021137475967407227, 4766
0.021999359130859375, 4765
0.021999359130859375, 4764
0.021999359130859375, 4763
0.021999359130859375, 4762
0.021999359130859375, 4761
0.021999359130859375, 4760
0.021999359130859375, 4759
0.021999359130859375, 4758
0.021999359130859375, 4757
0.021999359130859375, 4756
0.021999359130859375, 4755
0.021999359130859375, 4754
0.021999359130859375, 4753
0.021999359130859375, 4752
0.021999359130859375, 4751
0.021999359130859375, 4750
0.021999359130859375, 4749
0.021999359130859375, 4748
0.021999359130859375, 4747
0.021999359130859375, 4746
0.021999359130859375, 4745
0.021999359130859375, 4744
0.021999359130859375, 4743
0.021999359130859375, 4742
0.021999359130859375, 4741
0.021999359130859375, 4740
0.021999359130859375, 4739
0.021999359130859375, 4738
0.021999359130859375, 4737
0.021999359130859375, 4736
0.021999359130859375, 4735
0.021999359130859375, 4734
0.021999359130859375, 4733
0.021999359130859375, 4732
0.021999359130859375, 4731
0.021999359130859375, 4730
0.021999359130859375, 4729
0.021999359130859375, 4728
0.021999359130859375, 4727
0.021999359130859375, 4726
0.021999359130859375, 4725
0.021999359130859375, 4724
0.021999359130859375, 4723
0.022999286651611328, 4722
0.022999286651611328, 4721
0.022999286651611328, 4720
0.022999286651611328, 4719
0.022999286651611328, 4718
0.022999286651611328, 4717
0.022999286651611328, 4716
0.022999286651611328, 4715
0.022999286651611328, 4714
0.022999286651611328, 4713
0.022999286651611328, 4712
0.022999286651611328, 4711
0.022999286651611328, 4710
0.022999286651611328, 4709
0.022999286651611328, 4708
0.022999286651611328, 4707
0.022999286651611328, 4706
0.022999286651611328, 4705
0.022999286651611328, 4704
0.022999286651611328, 4703
0.022999286651611328, 4702
0.022999286651611328, 4701
0.022999286651611328, 4700
0.022999286651611328, 4699
0.022999286651611328, 4698
0.022999286651611328, 4697
0.022999286651611328, 4696
0.022999286651611328, 4695
0.022999286651611328, 4694
0.022999286651611328, 4693
0.022999286651611328, 4692
0.022999286651611328, 4691
0.022999286651611328, 4690
0.022999286651611328, 4689
0.022999286651611328, 4688
0.022999286651611328, 4687
0.022999286651611328, 4686
0.022999286651611328, 4685
0.022999286651611328, 4684
0.022999286651611328, 4683
0.022999286651611328, 4682
0.022999286651611328, 4681
0.022999286651611328, 4680
0.023999452590942383, 4679
0.023999452590942383, 4678
0.023999452590942383, 4677
0.023999452590942383, 4676
0.023999452590942383, 4675
0.023999452590942383, 4674
0.023999452590942383, 4673
0.023999452590942383, 4672
0.023999452590942383, 4671
0.023999452590942383, 4670
0.023999452590942383, 4669
0.023999452590942383, 4668
0.023999452590942383, 4667
0.023999452590942383, 4666
0.023999452590942383, 4665
0.023999452590942383, 4664
0.023999452590942383, 4663
0.023999452590942383, 4662
0.023999452590942383, 4661
0.023999452590942383, 4660
0.023999452590942383, 4659
0.023999452590942383, 4658
0.023999452590942383, 4657
0.023999452590942383, 4656
0.023999452590942383, 4655
0.023999452590942383, 4654
0.023999452590942383, 4653
0.023999452590942383, 4652
0.023999452590942383, 4651
0.023999452590942383, 4650
0.023999452590942383, 4649
0.023999452590942383, 4648
0.023999452590942383, 4647
0.023999452590942383, 4646
0.023999452590942383, 4645
0.023999452590942383, 4644
0.023999452590942383, 4643
0.023999452590942383, 4642
0.023999452590942383, 4641
0.023999452590942383, 4640
0.023999452590942383, 4639
0.023999452590942383, 4638
0.023999452590942383, 4637
0.025012969970703125, 4636
0.025012969970703125, 4635
0.025012969970703125, 4634
0.025012969970703125, 4633
0.025012969970703125, 4632
0.025012969970703125, 4631
0.025012969970703125, 4630
0.025012969970703125, 4629
0.025012969970703125, 4628
0.025012969970703125, 4627
0.025012969970703125, 4626
0.025012969970703125, 4625
0.025012969970703125, 4624
0.025012969970703125, 4623
0.025012969970703125, 4622
0.025012969970703125, 4621
0.025012969970703125, 4620
0.025012969970703125, 4619
0.025012969970703125, 4618
0.025012969970703125, 4617
0.025012969970703125, 4616
0.025012969970703125, 4615
0.025012969970703125, 4614
0.025012969970703125, 4613
0.025012969970703125, 4612
0.025012969970703125, 4611
0.025012969970703125, 4610
0.025012969970703125, 4609
0.025012969970703125, 4608
0.025012969970703125, 4607
0.025012969970703125, 4606
0.025012969970703125, 4605
0.025012969970703125, 4604
0.025012969970703125, 4603
0.025012969970703125, 4602
0.025012969970703125, 4601
0.025012969970703125, 4600
0.025012969970703125, 4599
0.025012969970703125, 4598
0.025012969970703125, 4597
0.02599954605102539, 4596
0.02599954605102539, 4595
0.02599954605102539, 4594
0.02599954605102539, 4593
0.02599954605102539, 4592
0.02599954605102539, 4591
0.02599954605102539, 4590
0.02599954605102539, 4589
0.02599954605102539, 4588
0.02599954605102539, 4587
0.02599954605102539, 4586
0.02599954605102539, 4585
0.02599954605102539, 4584
0.02599954605102539, 4583
0.02599954605102539, 4582
0.02599954605102539, 4581
0.02599954605102539, 4580
0.02599954605102539, 4579
0.02599954605102539, 4578
0.02599954605102539, 4577
0.02599954605102539, 4576
0.02599954605102539, 4575
0.02599954605102539, 4574
0.02599954605102539, 4573
0.02599954605102539, 4572
0.02599954605102539, 4571
0.02599954605102539, 4570
0.02599954605102539, 4569
0.02599954605102539, 4568
0.02599954605102539, 4567
0.02599954605102539, 4566
0.02599954605102539, 4565
0.02599954605102539, 4564
0.02599954605102539, 4563
0.02599954605102539, 4562
0.02599954605102539, 4561
0.02599954605102539, 4560
0.02599954605102539, 4559
0.02599954605102539, 4558
0.02599954605102539, 4557
0.02599954605102539, 4556
0.02699875831604004, 4555
0.02699875831604004, 4554
0.02699875831604004, 4553
0.02699875831604004, 4552
0.02699875831604004, 4551
0.02699875831604004, 4550
0.02699875831604004, 4549
0.02699875831604004, 4548
0.02699875831604004, 4547
0.02699875831604004, 4546
0.02699875831604004, 4545
0.02699875831604004, 4544
0.09156489372253418, 3334
0.09156489372253418, 3333
0.09156489372253418, 3332
0.09156489372253418, 3331
0.09156489372253418, 3330
0.09156489372253418, 3329
0.09156489372253418, 3328
0.09156489372253418, 3327
0.09156489372253418, 3326
0.09156489372253418, 3325
0.09156489372253418, 3324
0.09156489372253418, 3323
0.09156489372253418, 3322
0.09156489372253418, 3321
0.09156489372253418, 3320
0.09156489372253418, 3319
0.09156489372253418, 3318
0.09256362915039062, 3317
0.09256362915039062, 3316
0.09256362915039062, 3315
0.09256362915039062, 3314
0.09256362915039062, 3313
0.09256362915039062, 3312
0.09256362915039062, 3311
0.09256362915039062, 3310
0.09256362915039062, 3309
0.09256362915039062, 3308
0.09256362915039062, 3307
0.09256362915039062, 3306
0.09256362915039062, 3305
0.09256362915039062, 3304
0.09256362915039062, 3303
0.09256362915039062, 3302
0.09256362915039062, 3301
0.09256362915039062, 3300
0.09256362915039062, 3299
0.09256362915039062, 3298
0.09256362915039062, 3297
0.09356498718261719, 3296
0.09356498718261719, 3295
0.09356498718261719, 3294
0.09356498718261719, 3293
0.09356498718261719, 3292
0.09356498718261719, 3291
0.09356498718261719, 3290
0.09356498718261719, 3289
0.09356498718261719, 3288
0.09356498718261719, 3287
0.09356498718261719, 3286
0.09356498718261719, 3285
0.09356498718261719, 3284
0.09356498718261719, 3283
0.09356498718261719, 3282
0.09356498718261719, 3281
0.09356498718261719, 3280
0.09356498718261719, 3279
0.09356498718261719, 3278
0.09356498718261719, 3277
0.09356498718261719, 3276
0.09456491470336914, 3275
0.09456491470336914, 3274
0.09456491470336914, 3273
0.09456491470336914, 3272
0.09456491470336914, 3271
0.09456491470336914, 3270
0.09456491470336914, 3269
0.09456491470336914, 3268
0.09456491470336914, 3267
0.09456491470336914, 3266
0.09456491470336914, 3265
0.09456491470336914, 3264
0.09456491470336914, 3263
0.09456491470336914, 3262
0.09456491470336914, 3261
0.09456491470336914, 3260
0.09456491470336914, 3259
0.09456491470336914, 3258
0.09456491470336914, 3257
0.09456491470336914, 3256
0.09456491470336914, 3255
0.09456491470336914, 3254
0.09456491470336914, 3253
0.09556460380554199, 3252
0.09556460380554199, 3251
0.09556460380554199, 3250
0.09556460380554199, 3249
0.09556460380554199, 3248
0.09556460380554199, 3247
0.09556460380554199, 3246
0.09556460380554199, 3245
0.09556460380554199, 3244
0.09556460380554199, 3243
0.09556460380554199, 3242
0.09556460380554199, 3241
0.09556460380554199, 3240
0.09556460380554199, 3239
0.09556460380554199, 3238
0.09556460380554199, 3237
0.09556460380554199, 3236
0.09556460380554199, 3235
0.09556460380554199, 3234
0.09556460380554199, 3233
0.09556460380554199, 3232
0.09556460380554199, 3231
0.09556460380554199, 3230
0.09556460380554199, 3229
0.09556460380554199, 3228
0.09556460380554199, 3227
0.09656500816345215, 3226
0.09656500816345215, 3225
0.09656500816345215, 3224
0.09656500816345215, 3223
0.09656500816345215, 3222
0.09656500816345215, 3221
0.09656500816345215, 3220
0.09656500816345215, 3219
0.09656500816345215, 3218
0.09656500816345215, 3217
0.09656500816345215, 3216
0.09656500816345215, 3215
0.09656500816345215, 3214
0.09656500816345215, 3213
0.09656500816345215, 3212
0.09656500816345215, 3211
0.09656500816345215, 3210
0.09656500816345215, 3209
0.09656500816345215, 3208
0.09656500816345215, 3207
0.09656500816345215, 3206
0.09656500816345215, 3205
0.09656500816345215, 3204
0.09656500816345215, 3203
0.0975642204284668, 3202
0.0975642204284668, 3201
0.0975642204284668, 3200
0.0975642204284668, 3199
0.0975642204284668, 3198
0.0975642204284668, 3197
0.0975642204284668, 3196
0.0975642204284668, 3195
0.0975642204284668, 3194
0.0975642204284668, 3193
0.0975642204284668, 3192
0.0975642204284668, 3191
0.0975642204284668, 3190
0.0975642204284668, 3189
0.0975642204284668, 3188
0.0975642204284668, 3187
0.0975642204284668, 3186
0.0975642204284668, 3185
0.0975642204284668, 3184
0.0975642204284668, 3183
0.0975642204284668, 3182
0.0975642204284668, 3181
0.0975642204284668, 3180
0.0975642204284668, 3179
0.0975642204284668, 3178
0.0975642204284668, 3177
0.09856367111206055, 3176
0.09856367111206055, 3175
0.09856367111206055, 3174
0.09856367111206055, 3173
0.09856367111206055, 3172
0.09856367111206055, 3171
0.09856367111206055, 3170
0.09856367111206055, 3169
0.09856367111206055, 3168
0.09856367111206055, 3167
0.09856367111206055, 3166
0.09856367111206055, 3165
0.09856367111206055, 3164
0.09856367111206055, 3163
0.09856367111206055, 3162
0.09856367111206055, 3161
0.09856367111206055, 3160
0.09856367111206055, 3159
0.09856367111206055, 3158
0.8585152626037598, 3157
0.8585152626037598, 3156
0.8585152626037598, 3155
1.5695369243621826, 3154
1.5695369243621826, 3153
1.5695369243621826, 3152
1.5695369243621826, 3151
1.5695369243621826, 3150
1.5695369243621826, 3149
1.5695369243621826, 3148
1.5695369243621826, 3147
1.5695369243621826, 3146
2.7046167850494385, 3145
2.7046167850494385, 3144
2.7046167850494385, 3143
2.7046167850494385, 3142
2.7046167850494385, 3141
2.7046167850494385, 3140
2.7046167850494385, 3139
2.7046167850494385, 3138
5.554405450820923, 3137
5.554405450820923, 3136
5.554405450820923, 3135
5.554405450820923, 3134
5.554405450820923, 3133
5.554405450820923, 3132
5.554405450820923, 3131
5.554405450820923, 3130
5.5553953647613525, 3129
5.5553953647613525, 3128
5.5553953647613525, 3127
5.5553953647613525, 3126
5.5553953647613525, 3125
5.5553953647613525, 3124
5.5553953647613525, 3123
5.5553953647613525, 3122
5.5553953647613525, 3121
5.5553953647613525, 3120
5.5553953647613525, 3119
5.5553953647613525, 3118
5.5553953647613525, 3117
5.5553953647613525, 3116
5.5553953647613525, 3115
5.5553953647613525, 3114
5.5553953647613525, 3113
5.5553953647613525, 3112
5.5553953647613525, 3111
5.5553953647613525, 3110
5.5553953647613525, 3109
5.5553953647613525, 3108
5.5553953647613525, 3107
5.5553953647613525, 3106
5.5553953647613525, 3105
5.5553953647613525, 3104
5.5553953647613525, 3103
5.5553953647613525, 3102
5.5553953647613525, 3101
5.5553953647613525, 3100
5.5553953647613525, 3099
5.5553953647613525, 3098
5.5553953647613525, 3097
