0.014000654220581055, 4898
0.014000654220581055, 4897
0.014000654220581055, 4896
0.014000654220581055, 4895
0.014000654220581055, 4894
0.014000654220581055, 4893
0.014000654220581055, 4892
0.014000654220581055, 4891
0.014000654220581055, 4890
0.014000654220581055, 4889
0.014000654220581055, 4888
0.014000654220581055, 4887
0.014000654220581055, 4886
0.014000654220581055, 4885
0.014000654220581055, 4884
0.014000654220581055, 4883
0.014000654220581055, 4882
0.014000654220581055, 4881
0.014000654220581055, 4880
0.014000654220581055, 4879
0.014000654220581055, 4878
0.014000654220581055, 4877
0.014000654220581055, 4876
0.014000654220581055, 4875
0.014000654220581055, 4874
0.014000654220581055, 4873
0.014000654220581055, 4872
0.014000654220581055, 4871
0.014000654220581055, 4870
0.014000654220581055, 4869
0.014000654220581055, 4868
0.014000654220581055, 4867
0.014000654220581055, 4866
0.014000654220581055, 4865
0.014000654220581055, 4864
0.014000654220581055, 4863
0.014000654220581055, 4862
0.014000654220581055, 4861
0.014000654220581055, 4860
0.014000654220581055, 4859
0.014000654220581055, 4858
0.014000654220581055, 4857
0.015001058578491211, 4856
0.015001058578491211, 4855
0.015001058578491211, 4854
0.015001058578491211, 4853
0.015001058578491211, 4852
0.015001058578491211, 4851
0.015001058578491211, 4850
0.015001058578491211, 4849
0.015001058578491211, 4848
0.015001058578491211, 4847
0.015001058578491211, 4846
0.015001058578491211, 4845
0.015001058578491211, 4844
0.015001058578491211, 4843
0.015001058578491211, 4842
0.015001058578491211, 4841
0.015001058578491211, 4840
0.015001058578491211, 4839
0.015001058578491211, 4838
0.015001058578491211, 4837
0.015001058578491211, 4836
0.015001058578491211, 4835
0.015001058578491211, 4834
0.015001058578491211, 4833
0.015001058578491211, 4832
0.015001058578491211, 4831
0.015001058578491211, 4830
0.015001058578491211, 4829
0.015001058578491211, 4828
0.015001058578491211, 4827
0.015001058578491211, 4826
0.015001058578491211, 4825
0.015001058578491211, 4824
0.015001058578491211, 4823
0.015001058578491211, 4822
0.015001058578491211, 4821
0.015001058578491211, 4820
0.015001058578491211, 4819
0.015001058578491211, 4818
0.015001058578491211, 4817
0.015001058578491211, 4816
0.016010046005249023, 4815
0.016010046005249023, 4814
0.016010046005249023, 4813
0.016010046005249023, 4812
0.016010046005249023, 4811
0.016010046005249023, 4810
0.016010046005249023, 4809
0.016010046005249023, 4808
0.016010046005249023, 4807
0.016010046005249023, 4806
0.016010046005249023, 4805
0.016010046005249023, 4804
0.016010046005249023, 4803
0.016010046005249023, 4802
0.016010046005249023, 4801
0.016010046005249023, 4800
0.016010046005249023, 4799
0.016010046005249023, 4798
0.016010046005249023, 4797
0.016010046005249023, 4796
0.016010046005249023, 4795
0.016010046005249023, 4794
0.016010046005249023, 4793
0.016010046005249023, 4792
0.016010046005249023, 4791
0.016010046005249023, 4790
0.016010046005249023, 4789
0.016010046005249023, 4788
0.016010046005249023, 4787
0.016010046005249023, 4786
0.016010046005249023, 4785
0.016010046005249023, 4784
0.016010046005249023, 4783
0.016010046005249023, 4782
0.016010046005249023, 4781
0.016010046005249023, 4780
0.016010046005249023, 4779
0.016010046005249023, 4778
0.016010046005249023, 4777
0.016010046005249023, 4776
0.016010046005249023, 4775
0.016010046005249023, 4774
0.01700305938720703, 4773
0.01700305938720703, 4772
0.01700305938720703, 4771
0.01700305938720703, 4770
0.05499982833862305, 3331
0.05499982833862305, 3330
0.05499982833862305, 3329
0.05499982833862305, 3328
0.05499982833862305, 3327
0.0559999942779541, 3326
0.0559999942779541, 3325
0.0559999942779541, 3324
0.0559999942779541, 3323
0.0559999942779541, 3322
0.0559999942779541, 3321
0.0559999942779541, 3320
0.0559999942779541, 3319
0.0559999942779541, 3318
0.0559999942779541, 3317
0.0559999942779541, 3316
0.0559999942779541, 3315
0.0559999942779541, 3314
0.0559999942779541, 3313
0.0559999942779541, 3312
0.0559999942779541, 3311
0.0559999942779541, 3310
0.0559999942779541, 3309
0.0559999942779541, 3308
0.0559999942779541, 3307
0.0559999942779541, 3306
0.0559999942779541, 3305
0.0559999942779541, 3304
0.0559999942779541, 3303
0.0559999942779541, 3302
0.0559999942779541, 3301
0.0559999942779541, 3300
0.0559999942779541, 3299
0.0559999942779541, 3298
0.0559999942779541, 3297
0.056999921798706055, 3296
0.056999921798706055, 3295
0.056999921798706055, 3294
0.056999921798706055, 3293
0.056999921798706055, 3292
0.056999921798706055, 3291
0.056999921798706055, 3290
0.056999921798706055, 3289
0.056999921798706055, 3288
0.056999921798706055, 3287
0.056999921798706055, 3286
0.056999921798706055, 3285
0.056999921798706055, 3284
0.056999921798706055, 3283
0.056999921798706055, 3282
0.056999921798706055, 3281
0.056999921798706055, 3280
0.056999921798706055, 3279
0.056999921798706055, 3278
0.056999921798706055, 3277
0.056999921798706055, 3276
0.056999921798706055, 3275
0.056999921798706055, 3274
0.056999921798706055, 3273
0.056999921798706055, 3272
0.056999921798706055, 3271
0.056999921798706055, 3270
0.056999921798706055, 3269
0.056999921798706055, 3268
0.05799984931945801, 3267
0.05799984931945801, 3266
0.05799984931945801, 3265
0.05799984931945801, 3264
0.05799984931945801, 3263
0.05799984931945801, 3262
0.05799984931945801, 3261
0.05799984931945801, 3260
0.05799984931945801, 3259
0.05799984931945801, 3258
0.05799984931945801, 3257
0.05799984931945801, 3256
0.05799984931945801, 3255
0.05799984931945801, 3254
0.05799984931945801, 3253
0.05799984931945801, 3252
0.05799984931945801, 3251
0.05799984931945801, 3250
0.05799984931945801, 3249
0.05799984931945801, 3248
0.05799984931945801, 3247
0.05799984931945801, 3246
0.05799984931945801, 3245
0.05799984931945801, 3244
0.05799984931945801, 3243
0.05799984931945801, 3242
0.05799984931945801, 3241
0.05799984931945801, 3240
0.05799984931945801, 3239
0.05799984931945801, 3238
0.05799984931945801, 3237
0.05799984931945801, 3236
0.05799984931945801, 3235
0.05799984931945801, 3234
0.05899953842163086, 3233
0.05899953842163086, 3232
0.05899953842163086, 3231
0.05899953842163086, 3230
0.05899953842163086, 3229
0.05899953842163086, 3228
0.05899953842163086, 3227
0.05899953842163086, 3226
0.05899953842163086, 3225
0.05899953842163086, 3224
0.05899953842163086, 3223
0.05899953842163086, 3222
0.05899953842163086, 3221
0.05899953842163086, 3220
0.05899953842163086, 3219
0.05899953842163086, 3218
0.05899953842163086, 3217
0.05899953842163086, 3216
0.05899953842163086, 3215
0.05899953842163086, 3214
0.05899953842163086, 3213
0.05899953842163086, 3212
0.05899953842163086, 3211
0.05899953842163086, 3210
0.05899953842163086, 3209
0.05899953842163086, 3208
0.05899953842163086, 3207
0.05899953842163086, 3206
0.05899953842163086, 3205
0.05899953842163086, 3204
0.06000018119812012, 3203
0.06000018119812012, 3202
0.06000018119812012, 3201
0.06000018119812012, 3200
0.06000018119812012, 3199
0.06000018119812012, 3198
0.06000018119812012, 3197
0.06000018119812012, 3196
0.06000018119812012, 3195
0.06000018119812012, 3194
0.06000018119812012, 3193
0.06000018119812012, 3192
0.06000018119812012, 3191
0.06000018119812012, 3190
0.06000018119812012, 3189
0.06000018119812012, 3188
0.06000018119812012, 3187
0.06000018119812012, 3186
0.06000018119812012, 3185
0.06000018119812012, 3184
0.06000018119812012, 3183
0.06000018119812012, 3182
0.06000018119812012, 3181
0.06000018119812012, 3180
0.06000018119812012, 3179
0.06000018119812012, 3178
0.09483098983764648, 3177
0.09483098983764648, 3176
0.09483098983764648, 3175
0.09483098983764648, 3174
0.09483098983764648, 3173
0.09582996368408203, 3172
0.09582996368408203, 3171
0.2527287006378174, 3170
0.2527287006378174, 3169
0.2527287006378174, 3168
0.2527287006378174, 3167
0.2527287006378174, 3166
1.0389904975891113, 3165
1.0389904975891113, 3164
1.1579391956329346, 3163
1.1579391956329346, 3162
1.5087685585021973, 3161
1.5087685585021973, 3160
1.5087685585021973, 3159
1.5087685585021973, 3158
1.5087685585021973, 3157
1.5087685585021973, 3156
1.5087685585021973, 3155
1.5097687244415283, 3154
1.5097687244415283, 3153
1.5097687244415283, 3152
1.6459708213806152, 3151
1.6459708213806152, 3150
1.6459708213806152, 3149
1.6459708213806152, 3148
1.6459708213806152, 3147
1.6459708213806152, 3146
1.6459708213806152, 3145
1.6459708213806152, 3144
1.6459708213806152, 3143
1.6459708213806152, 3142
1.6459708213806152, 3141
1.6469717025756836, 3140
1.6469717025756836, 3139
1.6469717025756836, 3138
3.7738871574401855, 3137
3.7738871574401855, 3136
3.7738871574401855, 3135
3.7738871574401855, 3134
3.7738871574401855, 3133
3.7738871574401855, 3132
3.7738871574401855, 3131
3.7738871574401855, 3130
3.7738871574401855, 3129
3.7738871574401855, 3128
3.7738871574401855, 3127
3.7738871574401855, 3126
3.7738871574401855, 3125
3.7738871574401855, 3124
3.7738871574401855, 3123
3.7748863697052, 3122
3.7748863697052, 3121
9.588829755783081, 3120
9.982659578323364, 3119
9.982659578323364, 3118
9.982659578323364, 3117
9.982659578323364, 3116
9.982659578323364, 3115
