0.016518354415893555, 4897
0.016518354415893555, 4896
0.016518354415893555, 4895
0.016518354415893555, 4894
0.016518354415893555, 4893
0.016518354415893555, 4892
0.016518354415893555, 4891
0.016518354415893555, 4890
0.016518354415893555, 4889
0.016518354415893555, 4888
0.016518354415893555, 4887
0.016518354415893555, 4886
0.016518354415893555, 4885
0.016518354415893555, 4884
0.016518354415893555, 4883
0.016518354415893555, 4882
0.016518354415893555, 4881
0.016518354415893555, 4880
0.016518354415893555, 4879
0.016518354415893555, 4878
0.017518997192382812, 4877
0.017518997192382812, 4876
0.017518997192382812, 4875
0.017518997192382812, 4874
0.017518997192382812, 4873
0.017518997192382812, 4872
0.017518997192382812, 4871
0.017518997192382812, 4870
0.017518997192382812, 4869
0.017518997192382812, 4868
0.017518997192382812, 4867
0.017518997192382812, 4866
0.017518997192382812, 4865
0.017518997192382812, 4864
0.017518997192382812, 4863
0.017518997192382812, 4862
0.017518997192382812, 4861
0.017518997192382812, 4860
0.017518997192382812, 4859
0.017518997192382812, 4858
0.017518997192382812, 4857
0.017518997192382812, 4856
0.017518997192382812, 4855
0.017518997192382812, 4854
0.017518997192382812, 4853
0.017518997192382812, 4852
0.017518997192382812, 4851
0.017518997192382812, 4850
0.017518997192382812, 4849
0.017518997192382812, 4848
0.017518997192382812, 4847
0.017518997192382812, 4846
0.017518997192382812, 4845
0.017518997192382812, 4844
0.017518997192382812, 4843
0.017518997192382812, 4842
0.017518997192382812, 4841
0.017518997192382812, 4840
0.017518997192382812, 4839
0.017518997192382812, 4838
0.017518997192382812, 4837
0.017518997192382812, 4836
0.017518997192382812, 4835
0.017518997192382812, 4834
0.01851820945739746, 4833
0.01851820945739746, 4832
0.01851820945739746, 4831
0.01851820945739746, 4830
0.01851820945739746, 4829
0.01851820945739746, 4828
0.01851820945739746, 4827
0.01851820945739746, 4826
0.01851820945739746, 4825
0.01851820945739746, 4824
0.01851820945739746, 4823
0.01851820945739746, 4822
0.01851820945739746, 4821
0.01851820945739746, 4820
0.01851820945739746, 4819
0.01851820945739746, 4818
0.01851820945739746, 4817
0.01851820945739746, 4816
0.01851820945739746, 4815
0.01851820945739746, 4814
0.01851820945739746, 4813
0.01851820945739746, 4812
0.01851820945739746, 4811
0.01851820945739746, 4810
0.01851820945739746, 4809
0.01851820945739746, 4808
0.01851820945739746, 4807
0.01851820945739746, 4806
0.01851820945739746, 4805
0.01851820945739746, 4804
0.01851820945739746, 4803
0.01851820945739746, 4802
0.01851820945739746, 4801
0.01851820945739746, 4800
0.01851820945739746, 4799
0.01851820945739746, 4798
0.01851820945739746, 4797
0.01851820945739746, 4796
0.01851820945739746, 4795
0.01851820945739746, 4794
0.01851820945739746, 4793
0.01851820945739746, 4792
0.01851820945739746, 4791
0.01851820945739746, 4790
0.01951885223388672, 4789
0.01951885223388672, 4788
0.01951885223388672, 4787
0.01951885223388672, 4786
0.01951885223388672, 4785
0.01951885223388672, 4784
0.01951885223388672, 4783
0.01951885223388672, 4782
0.01951885223388672, 4781
0.01951885223388672, 4780
0.01951885223388672, 4779
0.01951885223388672, 4778
0.01951885223388672, 4777
0.01951885223388672, 4776
0.01951885223388672, 4775
0.01951885223388672, 4774
0.01951885223388672, 4773
0.01951885223388672, 4772
0.01951885223388672, 4771
0.01951885223388672, 4770
0.01951885223388672, 4769
0.01951885223388672, 4768
0.01951885223388672, 4767
0.01951885223388672, 4766
0.01951885223388672, 4765
0.01951885223388672, 4764
0.01951885223388672, 4763
0.01951885223388672, 4762
0.01951885223388672, 4761
0.01951885223388672, 4760
0.01951885223388672, 4759
0.01951885223388672, 4758
0.01951885223388672, 4757
0.01951885223388672, 4756
0.01951885223388672, 4755
0.01951885223388672, 4754
0.01951885223388672, 4753
0.01951885223388672, 4752
0.01951885223388672, 4751
0.01951885223388672, 4750
0.01951885223388672, 4749
0.01951885223388672, 4748
0.01951885223388672, 4747
0.01951885223388672, 4746
0.020518779754638672, 4745
0.020518779754638672, 4744
0.020518779754638672, 4743
0.020518779754638672, 4742
0.020518779754638672, 4741
0.020518779754638672, 4740
0.020518779754638672, 4739
0.020518779754638672, 4738
0.020518779754638672, 4737
0.020518779754638672, 4736
0.020518779754638672, 4735
0.020518779754638672, 4734
0.020518779754638672, 4733
0.020518779754638672, 4732
0.020518779754638672, 4731
0.020518779754638672, 4730
0.020518779754638672, 4729
0.020518779754638672, 4728
0.020518779754638672, 4727
0.020518779754638672, 4726
0.020518779754638672, 4725
0.020518779754638672, 4724
0.020518779754638672, 4723
0.020518779754638672, 4722
0.020518779754638672, 4721
0.020518779754638672, 4720
0.020518779754638672, 4719
0.020518779754638672, 4718
0.020518779754638672, 4717
0.020518779754638672, 4716
0.020518779754638672, 4715
0.020518779754638672, 4714
0.020518779754638672, 4713
0.020518779754638672, 4712
0.020518779754638672, 4711
0.020518779754638672, 4710
0.020518779754638672, 4709
0.020518779754638672, 4708
0.020518779754638672, 4707
0.020518779754638672, 4706
0.020518779754638672, 4705
0.020518779754638672, 4704
0.020518779754638672, 4703
0.021518707275390625, 4702
0.021518707275390625, 4701
0.021518707275390625, 4700
0.021518707275390625, 4699
0.021518707275390625, 4698
0.021518707275390625, 4697
0.021518707275390625, 4696
0.021518707275390625, 4695
0.021518707275390625, 4694
0.021518707275390625, 4693
0.021518707275390625, 4692
0.021518707275390625, 4691
0.021518707275390625, 4690
0.021518707275390625, 4689
0.021518707275390625, 4688
0.021518707275390625, 4687
0.021518707275390625, 4686
0.021518707275390625, 4685
0.021518707275390625, 4684
0.021518707275390625, 4683
0.021518707275390625, 4682
0.021518707275390625, 4681
0.021518707275390625, 4680
0.021518707275390625, 4679
0.021518707275390625, 4678
0.021518707275390625, 4677
0.021518707275390625, 4676
0.021518707275390625, 4675
0.021518707275390625, 4674
0.021518707275390625, 4673
0.021518707275390625, 4672
0.021518707275390625, 4671
0.021518707275390625, 4670
0.021518707275390625, 4669
0.021518707275390625, 4668
0.021518707275390625, 4667
0.021518707275390625, 4666
0.021518707275390625, 4665
0.021518707275390625, 4664
0.021518707275390625, 4663
0.021518707275390625, 4662
0.021518707275390625, 4661
0.021518707275390625, 4660
0.022518634796142578, 4659
0.022518634796142578, 4658
0.022518634796142578, 4657
0.022518634796142578, 4656
0.022518634796142578, 4655
0.022518634796142578, 4654
0.022518634796142578, 4653
0.022518634796142578, 4652
0.022518634796142578, 4651
0.022518634796142578, 4650
0.022518634796142578, 4649
0.022518634796142578, 4648
0.022518634796142578, 4647
0.022518634796142578, 4646
0.022518634796142578, 4645
0.022518634796142578, 4644
0.022518634796142578, 4643
0.022518634796142578, 4642
0.022518634796142578, 4641
0.022518634796142578, 4640
0.022518634796142578, 4639
0.022518634796142578, 4638
0.022518634796142578, 4637
0.022518634796142578, 4636
0.022518634796142578, 4635
0.022518634796142578, 4634
0.022518634796142578, 4633
0.022518634796142578, 4632
0.022518634796142578, 4631
0.022518634796142578, 4630
0.022518634796142578, 4629
0.022518634796142578, 4628
0.022518634796142578, 4627
0.022518634796142578, 4626
0.022518634796142578, 4625
0.022518634796142578, 4624
0.022518634796142578, 4623
0.022518634796142578, 4622
0.022518634796142578, 4621
0.022518634796142578, 4620
0.022518634796142578, 4619
0.022518634796142578, 4618
0.023519515991210938, 4617
0.023519515991210938, 4616
0.023519515991210938, 4615
0.023519515991210938, 4614
0.023519515991210938, 4613
0.023519515991210938, 4612
0.023519515991210938, 4611
0.023519515991210938, 4610
0.023519515991210938, 4609
0.023519515991210938, 4608
0.023519515991210938, 4607
0.023519515991210938, 4606
0.023519515991210938, 4605
0.023519515991210938, 4604
0.023519515991210938, 4603
0.023519515991210938, 4602
0.023519515991210938, 4601
0.023519515991210938, 4600
0.023519515991210938, 4599
0.023519515991210938, 4598
0.023519515991210938, 4597
0.023519515991210938, 4596
0.023519515991210938, 4595
0.023519515991210938, 4594
0.023519515991210938, 4593
0.023519515991210938, 4592
0.023519515991210938, 4591
0.023519515991210938, 4590
0.023519515991210938, 4589
0.023519515991210938, 4588
0.023519515991210938, 4587
0.023519515991210938, 4586
0.023519515991210938, 4585
0.023519515991210938, 4584
0.023519515991210938, 4583
0.023519515991210938, 4582
0.023519515991210938, 4581
0.023519515991210938, 4580
0.023519515991210938, 4579
0.023519515991210938, 4578
0.023519515991210938, 4577
0.023519515991210938, 4576
0.024518251419067383, 4575
0.024518251419067383, 4574
0.024518251419067383, 4573
0.024518251419067383, 4572
0.024518251419067383, 4571
0.024518251419067383, 4570
0.024518251419067383, 4569
0.024518251419067383, 4568
0.024518251419067383, 4567
0.024518251419067383, 4566
0.024518251419067383, 4565
0.024518251419067383, 4564
0.024518251419067383, 4563
0.024518251419067383, 4562
0.024518251419067383, 4561
0.024518251419067383, 4560
0.024518251419067383, 4559
0.024518251419067383, 4558
0.024518251419067383, 4557
0.024518251419067383, 4556
0.024518251419067383, 4555
0.024518251419067383, 4554
0.024518251419067383, 4553
0.024518251419067383, 4552
0.024518251419067383, 4551
0.024518251419067383, 4398
0.024518251419067383, 4397
0.02551889419555664, 4396
0.02551889419555664, 4395
0.02551889419555664, 4394
0.02551889419555664, 4393
0.02551889419555664, 4392
0.02551889419555664, 4391
0.02551889419555664, 4390
0.02551889419555664, 4389
0.02551889419555664, 4388
0.02551889419555664, 4387
0.02551889419555664, 4386
0.02551889419555664, 4385
0.02551889419555664, 4384
0.02551889419555664, 4383
0.02551889419555664, 4382
0.02551889419555664, 4381
0.02551889419555664, 4380
0.02551889419555664, 4379
0.02551889419555664, 4378
0.02551889419555664, 4377
0.02551889419555664, 4376
0.02551889419555664, 4375
0.02551889419555664, 4374
0.02551889419555664, 4373
0.02551889419555664, 4372
0.02551889419555664, 4371
0.02551889419555664, 4370
0.02551889419555664, 4369
0.02551889419555664, 4368
0.02551889419555664, 4367
0.02551889419555664, 4366
0.02551889419555664, 4365
0.02551889419555664, 4364
0.02551889419555664, 4363
0.02551889419555664, 4362
0.02551889419555664, 4361
0.02551889419555664, 4360
0.02551889419555664, 4359
0.02551889419555664, 4358
0.02551889419555664, 4357
0.02551889419555664, 4356
0.02551889419555664, 4355
0.026519060134887695, 4354
0.026519060134887695, 4353
0.026519060134887695, 4352
0.026519060134887695, 4351
0.026519060134887695, 4350
0.026519060134887695, 4349
0.026519060134887695, 4348
0.026519060134887695, 4347
0.026519060134887695, 4346
0.026519060134887695, 4345
0.026519060134887695, 4344
0.026519060134887695, 4343
0.026519060134887695, 4342
0.026519060134887695, 4341
0.026519060134887695, 4340
0.026519060134887695, 4339
0.026519060134887695, 4338
0.026519060134887695, 4337
0.026519060134887695, 4336
0.026519060134887695, 4335
0.026519060134887695, 4334
0.026519060134887695, 4333
0.026519060134887695, 4332
0.026519060134887695, 4331
0.026519060134887695, 4330
0.026519060134887695, 4329
0.026519060134887695, 4328
0.026519060134887695, 4327
0.026519060134887695, 4326
0.026519060134887695, 4325
0.026519060134887695, 4324
0.026519060134887695, 4323
0.026519060134887695, 4322
0.026519060134887695, 4321
0.026519060134887695, 4320
0.026519060134887695, 4319
0.026519060134887695, 4318
0.026519060134887695, 4317
0.026519060134887695, 4316
0.026519060134887695, 4315
0.026519060134887695, 4314
0.027518749237060547, 4313
0.027518749237060547, 4312
0.027518749237060547, 4311
0.027518749237060547, 4310
0.027518749237060547, 4309
0.027518749237060547, 4308
0.027518749237060547, 4307
0.027518749237060547, 4306
0.027518749237060547, 4305
0.027518749237060547, 4304
0.027518749237060547, 4303
0.027518749237060547, 4302
0.027518749237060547, 4301
0.027518749237060547, 4300
0.027518749237060547, 4299
0.027518749237060547, 4298
0.03706097602844238, 3515
0.03706097602844238, 3514
0.03706097602844238, 3513
0.03706097602844238, 3512
0.03706097602844238, 3511
0.03706097602844238, 3510
0.03706097602844238, 3509
0.03706097602844238, 3508
0.03706097602844238, 3507
0.03706097602844238, 3506
0.037847042083740234, 3505
0.037847042083740234, 3504
0.037847042083740234, 3503
0.037847042083740234, 3502
0.037847042083740234, 3501
0.037847042083740234, 3500
0.038059234619140625, 3499
0.038059234619140625, 3498
0.038059234619140625, 3497
0.038059234619140625, 3496
0.038059234619140625, 3495
0.038059234619140625, 3494
0.038059234619140625, 3493
0.03835177421569824, 3492
0.03835177421569824, 3491
0.03835177421569824, 3490
0.03835177421569824, 3489
0.03835177421569824, 3488
0.03835177421569824, 3487
0.03835177421569824, 3486
0.03835177421569824, 3485
0.03835177421569824, 3484
0.03835177421569824, 3483
0.03835177421569824, 3482
0.03835177421569824, 3481
0.03835177421569824, 3480
0.03835177421569824, 3479
0.03835177421569824, 3478
0.03835177421569824, 3477
0.03835177421569824, 3476
0.03835177421569824, 3475
0.03835177421569824, 3474
0.03835177421569824, 3473
0.03906130790710449, 3472
0.03906130790710449, 3471
0.03906130790710449, 3470
0.03906130790710449, 3469
0.03906130790710449, 3468
0.03906130790710449, 3467
0.03906130790710449, 3466
0.03906130790710449, 3465
0.03906130790710449, 3464
0.03906130790710449, 3463
0.03906130790710449, 3462
0.03906130790710449, 3461
0.03906130790710449, 3460
0.03906130790710449, 3459
0.03906130790710449, 3458
0.03906130790710449, 3457
0.03906130790710449, 3456
0.03906130790710449, 3455
0.04005932807922363, 3454
0.04005932807922363, 3453
0.04005932807922363, 3452
0.04005932807922363, 3451
0.04005932807922363, 3450
0.04005932807922363, 3449
0.04108595848083496, 3448
0.04108595848083496, 3447
0.04108595848083496, 3446
0.04108595848083496, 3445
0.04108595848083496, 3444
0.04108595848083496, 3443
0.04108595848083496, 3442
0.04108595848083496, 3441
0.04108595848083496, 3440
0.04108595848083496, 3439
0.04108595848083496, 3438
0.04108595848083496, 3437
0.04108595848083496, 3436
0.04108595848083496, 3435
0.04108595848083496, 3434
0.04108595848083496, 3433
0.04108595848083496, 3432
0.04108595848083496, 3431
0.04208683967590332, 3430
0.04208683967590332, 3429
0.04208683967590332, 3428
0.04208683967590332, 3427
0.04208683967590332, 3426
0.04208683967590332, 3425
0.04208683967590332, 3424
0.04208683967590332, 3423
0.04208683967590332, 3422
0.04208683967590332, 3421
0.04208683967590332, 3420
0.04208683967590332, 3419
0.04308581352233887, 3418
0.04308581352233887, 3417
0.04308581352233887, 3416
0.04308581352233887, 3415
0.04308581352233887, 3414
0.04308581352233887, 3413
0.04308581352233887, 3412
0.04308581352233887, 3411
0.04308581352233887, 3410
0.04308581352233887, 3409
0.04308581352233887, 3408
0.04308581352233887, 3407
0.04308581352233887, 3406
0.04308581352233887, 3405
0.04308581352233887, 3404
0.04308581352233887, 3403
0.04308581352233887, 3402
0.04308581352233887, 3401
0.04308581352233887, 3400
0.04308581352233887, 3399
0.04308581352233887, 3398
0.04308581352233887, 3397
0.04308581352233887, 3396
0.04308581352233887, 3395
0.04408574104309082, 3394
0.04408574104309082, 3393
0.04408574104309082, 3392
0.04408574104309082, 3391
0.04408574104309082, 3390
0.04408574104309082, 3389
0.04408574104309082, 3388
0.04408574104309082, 3387
0.04408574104309082, 3386
0.04408574104309082, 3385
0.04408574104309082, 3384
0.04408574104309082, 3383
0.04408574104309082, 3382
0.04408574104309082, 3381
0.04408574104309082, 3380
0.04408574104309082, 3379
0.04408574104309082, 3378
0.04408574104309082, 3377
0.04408574104309082, 3376
0.04408574104309082, 3375
0.04408574104309082, 3374
0.04408574104309082, 3373
0.04408574104309082, 3372
0.04408574104309082, 3371
0.04408574104309082, 3370
0.04508614540100098, 3369
0.04508614540100098, 3368
0.04508614540100098, 3367
0.04508614540100098, 3366
0.04508614540100098, 3365
0.04508614540100098, 3364
0.04508614540100098, 3363
0.04508614540100098, 3362
0.04508614540100098, 3361
0.04508614540100098, 3360
0.04508614540100098, 3359
0.04508614540100098, 3358
0.04508614540100098, 3357
0.04508614540100098, 3356
0.04508614540100098, 3355
0.04508614540100098, 3354
0.04508614540100098, 3353
0.04508614540100098, 3352
0.04508614540100098, 3351
0.04508614540100098, 3350
0.04508614540100098, 3349
0.04508614540100098, 3348
0.04608607292175293, 3347
0.04616904258728027, 3346
0.04616904258728027, 3345
0.04616904258728027, 3344
0.04616904258728027, 3343
0.04616904258728027, 3342
0.04616904258728027, 3341
0.04616904258728027, 3340
0.04616904258728027, 3339
0.04616904258728027, 3338
0.04616904258728027, 3337
0.04616904258728027, 3336
0.04616904258728027, 3335
0.04616904258728027, 3334
0.04616904258728027, 3333
0.04616904258728027, 3332
0.04616904258728027, 3331
0.04616904258728027, 3330
0.04616904258728027, 3329
0.04616904258728027, 3328
0.04616904258728027, 3327
0.04616904258728027, 3326
0.04616904258728027, 3325
0.047086477279663086, 3324
0.047086477279663086, 3323
0.047086477279663086, 3322
0.047086477279663086, 3321
0.047086477279663086, 3320
0.047086477279663086, 3319
0.047086477279663086, 3318
0.047086477279663086, 3317
0.047086477279663086, 3316
0.047086477279663086, 3315
0.047086477279663086, 3314
0.047086477279663086, 3313
0.047086477279663086, 3312
0.047086477279663086, 3311
0.047086477279663086, 3310
0.047086477279663086, 3309
0.047086477279663086, 3308
0.047086477279663086, 3307
0.047086477279663086, 3306
0.047086477279663086, 3305
0.047086477279663086, 3304
0.047086477279663086, 3303
0.047086477279663086, 3302
0.047086477279663086, 3301
0.047086477279663086, 3300
0.047086477279663086, 3299
0.047086477279663086, 3298
0.047086477279663086, 3297
0.047086477279663086, 3296
0.047086477279663086, 3295
0.047086477279663086, 3294
0.047086477279663086, 3293
0.047086477279663086, 3292
0.048085689544677734, 3291
0.048085689544677734, 3290
0.048156023025512695, 3289
0.048156023025512695, 3288
0.048156023025512695, 3287
0.048156023025512695, 3286
0.048156023025512695, 3285
0.048156023025512695, 3284
0.048156023025512695, 3283
0.048156023025512695, 3282
0.048156023025512695, 3281
0.048156023025512695, 3280
0.048156023025512695, 3279
0.048156023025512695, 3278
0.048156023025512695, 3277
0.048156023025512695, 3276
0.048156023025512695, 3275
0.048156023025512695, 3274
0.048156023025512695, 3273
0.048156023025512695, 3272
0.048156023025512695, 3271
0.048156023025512695, 3270
0.048156023025512695, 3269
0.048156023025512695, 3268
0.048156023025512695, 3267
0.048156023025512695, 3266
0.048156023025512695, 3265
0.048156023025512695, 3264
0.048156023025512695, 3263
0.048156023025512695, 3262
0.048156023025512695, 3261
0.048156023025512695, 3260
0.048156023025512695, 3259
0.04908633232116699, 3258
0.04908633232116699, 3257
0.04908633232116699, 3256
0.04908633232116699, 3255
0.04908633232116699, 3254
0.04908633232116699, 3253
0.04908633232116699, 3252
0.04908633232116699, 3251
0.04908633232116699, 3250
0.04908633232116699, 3249
0.04908633232116699, 3248
0.04908633232116699, 3247
0.04908633232116699, 3246
0.04908633232116699, 3245
0.04908633232116699, 3244
0.04908633232116699, 3243
0.04908633232116699, 3242
0.04908633232116699, 3241
0.04908633232116699, 3240
0.04908633232116699, 3239
0.04908633232116699, 3238
0.04908633232116699, 3237
0.04908633232116699, 3236
0.04908633232116699, 3235
0.04908633232116699, 3234
0.04908633232116699, 3233
0.04908633232116699, 3232
0.04908633232116699, 3231
0.04908633232116699, 3230
0.04908633232116699, 3229
0.04908633232116699, 3228
0.04908633232116699, 3227
0.04908633232116699, 3226
0.04908633232116699, 3225
0.04908633232116699, 3224
0.04908633232116699, 3223
0.04908633232116699, 3222
0.04908633232116699, 3221
0.05008673667907715, 3220
0.05008673667907715, 3219
0.05008673667907715, 3218
0.05008673667907715, 3217
0.05008673667907715, 3216
0.05008673667907715, 3215
0.05008673667907715, 3214
0.05008673667907715, 3213
0.05008673667907715, 3212
0.05008673667907715, 3211
0.05008673667907715, 3210
0.05008673667907715, 3209
0.05008673667907715, 3208
0.05008673667907715, 3207
0.05008673667907715, 3206
0.05008673667907715, 3205
0.05008673667907715, 3204
0.05008673667907715, 3203
0.05008673667907715, 3202
0.05008673667907715, 3201
0.05008673667907715, 3200
0.05008673667907715, 3199
0.05008673667907715, 3198
0.05008673667907715, 3197
0.05008673667907715, 3196
0.05008673667907715, 3195
0.05008673667907715, 3194
0.05008673667907715, 3193
0.05008673667907715, 3192
0.05008673667907715, 3191
0.05008673667907715, 3190
0.05008673667907715, 3189
0.05008673667907715, 3188
0.05008673667907715, 3187
0.05008673667907715, 3186
0.05008673667907715, 3185
0.0510866641998291, 3184
0.0510866641998291, 3183
0.0510866641998291, 3182
0.0510866641998291, 3181
0.0510866641998291, 3180
0.0510866641998291, 3179
0.05125594139099121, 3178
0.05125594139099121, 3177
0.05125594139099121, 3176
0.05125594139099121, 3175
0.4093022346496582, 3174
0.4093022346496582, 3173
0.4093022346496582, 3172
0.4093022346496582, 3171
0.4093022346496582, 3170
0.4093022346496582, 3169
0.4093022346496582, 3168
0.4093022346496582, 3167
0.4093022346496582, 3166
0.4093022346496582, 3165
0.4093022346496582, 3164
0.4093022346496582, 3163
0.4093022346496582, 3162
0.4093022346496582, 3161
0.4093022346496582, 3160
0.4093022346496582, 3159
0.4093022346496582, 3158
0.4093022346496582, 3157
0.4093022346496582, 3156
0.4353005886077881, 3155
0.4353005886077881, 3154
0.4353005886077881, 3153
0.4353005886077881, 3152
0.4353005886077881, 3151
0.4353005886077881, 3150
0.4353005886077881, 3149
0.4353005886077881, 3148
0.4353005886077881, 3147
0.4353005886077881, 3146
0.4353005886077881, 3145
0.4353005886077881, 3144
0.4353005886077881, 3143
0.4353005886077881, 3142
0.4353005886077881, 3141
0.4353005886077881, 3140
0.4353005886077881, 3139
0.4353005886077881, 3138
0.4353005886077881, 3137
0.4353005886077881, 3136
0.4353005886077881, 3135
0.4353005886077881, 3134
0.4353005886077881, 3133
0.4353005886077881, 3132
0.6133432388305664, 3118
0.6133432388305664, 3117
0.6133432388305664, 3116
0.6133432388305664, 3115
0.6133432388305664, 3114
0.6133432388305664, 3113
0.6133432388305664, 3112
9.99453353881836, 3111
