0.013010978698730469, 4902
0.013010978698730469, 4901
0.013010978698730469, 4900
0.013010978698730469, 4899
0.013010978698730469, 4898
0.013010978698730469, 4897
0.013010978698730469, 4896
0.013010978698730469, 4895
0.013010978698730469, 4894
0.013010978698730469, 4893
0.013010978698730469, 4892
0.013010978698730469, 4891
0.014009952545166016, 4890
0.014009952545166016, 4889
0.014009952545166016, 4888
0.014009952545166016, 4887
0.014009952545166016, 4886
0.014009952545166016, 4885
0.014009952545166016, 4884
0.014009952545166016, 4883
0.014009952545166016, 4882
0.014009952545166016, 4881
0.014009952545166016, 4880
0.014009952545166016, 4879
0.014009952545166016, 4878
0.014009952545166016, 4877
0.014009952545166016, 4876
0.014009952545166016, 4875
0.014009952545166016, 4874
0.014009952545166016, 4873
0.014009952545166016, 4872
0.014009952545166016, 4871
0.014009952545166016, 4870
0.014009952545166016, 4869
0.014009952545166016, 4868
0.014009952545166016, 4867
0.014009952545166016, 4866
0.014009952545166016, 4865
0.014009952545166016, 4864
0.014009952545166016, 4863
0.014009952545166016, 4862
0.014009952545166016, 4861
0.014009952545166016, 4860
0.014009952545166016, 4859
0.014009952545166016, 4858
0.014009952545166016, 4857
0.014009952545166016, 4856
0.014009952545166016, 4855
0.014009952545166016, 4854
0.014009952545166016, 4853
0.014009952545166016, 4852
0.014009952545166016, 4851
0.014009952545166016, 4850
0.014009952545166016, 4849
0.014009952545166016, 4848
0.014009952545166016, 4847
0.014009952545166016, 4846
0.01501011848449707, 4845
0.01501011848449707, 4844
0.01501011848449707, 4843
0.01501011848449707, 4842
0.01501011848449707, 4841
0.01501011848449707, 4840
0.01501011848449707, 4839
0.01501011848449707, 4838
0.01501011848449707, 4837
0.01501011848449707, 4836
0.01501011848449707, 4835
0.01501011848449707, 4834
0.01501011848449707, 4833
0.01501011848449707, 4832
0.01501011848449707, 4831
0.01501011848449707, 4830
0.01501011848449707, 4829
0.01501011848449707, 4828
0.01501011848449707, 4827
0.01501011848449707, 4826
0.01501011848449707, 4825
0.01501011848449707, 4824
0.01501011848449707, 4823
0.01501011848449707, 4822
0.01501011848449707, 4821
0.01501011848449707, 4820
0.01501011848449707, 4819
0.01501011848449707, 4818
0.01501011848449707, 4817
0.01501011848449707, 4816
0.01501011848449707, 4815
0.01501011848449707, 4814
0.01501011848449707, 4813
0.01501011848449707, 4812
0.01501011848449707, 4811
0.01501011848449707, 4810
0.01501011848449707, 4809
0.01501011848449707, 4808
0.01501011848449707, 4807
0.01501011848449707, 4806
0.01501011848449707, 4805
0.01501011848449707, 4804
0.016012191772460938, 4803
0.016012191772460938, 4802
0.016012191772460938, 4801
0.016012191772460938, 4800
0.016012191772460938, 4799
0.016012191772460938, 4798
0.016012191772460938, 4797
0.016012191772460938, 4796
0.016012191772460938, 4795
0.016012191772460938, 4794
0.016012191772460938, 4793
0.016012191772460938, 4792
0.016012191772460938, 4791
0.016012191772460938, 4790
0.016012191772460938, 4789
0.016012191772460938, 4788
0.016012191772460938, 4787
0.016012191772460938, 4786
0.016012191772460938, 4785
0.016012191772460938, 4784
0.016012191772460938, 4783
0.016012191772460938, 4782
0.016012191772460938, 4781
0.016012191772460938, 4780
0.016012191772460938, 4779
0.016012191772460938, 4778
0.016012191772460938, 4777
0.016012191772460938, 4776
0.016012191772460938, 4775
0.016012191772460938, 4774
0.016012191772460938, 4773
0.016012191772460938, 4772
0.016012191772460938, 4771
0.016012191772460938, 4770
0.016012191772460938, 4769
0.016012191772460938, 4768
0.016012191772460938, 4767
0.016012191772460938, 4766
0.016012191772460938, 4765
0.016012191772460938, 4764
0.016012191772460938, 4763
0.016012191772460938, 4762
0.016012191772460938, 4761
0.016012191772460938, 4760
0.016012191772460938, 4759
0.017010927200317383, 4758
0.017010927200317383, 4757
0.017010927200317383, 4756
0.01709270477294922, 4755
0.01709270477294922, 4754
0.01709270477294922, 4753
0.04151725769042969, 4752
0.0660104751586914, 4751
0.0660104751586914, 4750
0.0660104751586914, 4749
0.0660104751586914, 4748
0.0660104751586914, 4747
0.0660104751586914, 4746
0.0660104751586914, 4745
0.0660104751586914, 4744
0.0660104751586914, 4743
0.0660104751586914, 4742
0.0660104751586914, 4741
0.0660104751586914, 4740
0.0660104751586914, 4739
0.0660104751586914, 4738
0.0660104751586914, 4737
0.0660104751586914, 4736
0.0660104751586914, 4735
0.0660104751586914, 4734
0.0660104751586914, 4733
0.0660104751586914, 4732
0.06700992584228516, 4731
0.06700992584228516, 4730
0.06700992584228516, 4729
0.06708836555480957, 4728
0.06708836555480957, 4727
0.06708836555480957, 4726
0.06708836555480957, 4725
0.06708836555480957, 4724
0.06708836555480957, 4723
0.06708836555480957, 4722
0.06708836555480957, 4721
0.06708836555480957, 4720
0.06708836555480957, 4719
0.06708836555480957, 4718
0.06708836555480957, 4717
0.06708836555480957, 4716
0.06708836555480957, 4715
0.06708836555480957, 4714
0.06708836555480957, 4713
0.06708836555480957, 4712
0.06708836555480957, 4711
0.06708836555480957, 4710
0.06708836555480957, 4709
0.06708836555480957, 4708
0.0675954818725586, 4707
0.0675954818725586, 4706
0.0675954818725586, 4705
0.0675954818725586, 4704
0.0675954818725586, 4703
0.0675954818725586, 4702
0.0675954818725586, 4701
0.0675954818725586, 4700
0.0675954818725586, 4699
0.0675954818725586, 4698
0.0675954818725586, 4697
0.0675954818725586, 4696
0.0675954818725586, 4695
0.0675954818725586, 4694
0.0675954818725586, 4693
0.0675954818725586, 4692
0.0675954818725586, 4691
0.0675954818725586, 4690
0.0675954818725586, 4689
0.0675954818725586, 4688
0.0675954818725586, 4687
0.0675954818725586, 4686
0.0675954818725586, 4685
0.0675954818725586, 4684
0.0675954818725586, 4683
0.0675954818725586, 4682
0.0675954818725586, 4681
0.0675954818725586, 4680
0.0675954818725586, 4679
0.0675954818725586, 4678
0.0675954818725586, 4677
0.0675954818725586, 4676
0.0675954818725586, 4675
0.0675954818725586, 4674
0.0675954818725586, 4673
0.0675954818725586, 4672
0.0675954818725586, 4671
0.0675954818725586, 4670
0.0675954818725586, 4669
0.0675954818725586, 4668
0.0675954818725586, 4667
0.0675954818725586, 4666
0.0686030387878418, 4665
0.0686030387878418, 4664
0.0686030387878418, 4663
0.0686030387878418, 4662
0.0686030387878418, 4661
0.0686030387878418, 4660
0.0686030387878418, 4659
0.0686030387878418, 4658
0.0686030387878418, 4657
0.0686030387878418, 4656
0.0686030387878418, 4655
0.0686030387878418, 4654
0.0686030387878418, 4653
0.06892704963684082, 4652
0.06892704963684082, 4651
0.06892704963684082, 4650
0.06892704963684082, 4649
0.06892704963684082, 4648
0.06892704963684082, 4647
0.06892704963684082, 4646
0.06892704963684082, 4645
0.06892704963684082, 4644
0.06892704963684082, 4643
0.06892704963684082, 4642
0.06892704963684082, 4641
0.06892704963684082, 4640
0.06892704963684082, 4639
0.06892704963684082, 4638
0.06892704963684082, 4637
0.06892704963684082, 4636
0.06892704963684082, 4635
0.06892704963684082, 4634
0.06892704963684082, 4633
0.06892704963684082, 4632
0.06892704963684082, 4631
0.06892704963684082, 4630
0.06892704963684082, 4629
0.06892704963684082, 4628
0.06892704963684082, 4627
0.06892704963684082, 4626
0.06892704963684082, 4625
0.06892704963684082, 4624
0.06892704963684082, 4623
0.06892704963684082, 4622
0.06892704963684082, 4621
0.06892704963684082, 4620
0.06892704963684082, 4619
0.06892704963684082, 4618
0.06892704963684082, 4617
0.06892704963684082, 4616
0.06892704963684082, 4615
0.06892704963684082, 4614
0.06892704963684082, 4613
0.06892704963684082, 4612
0.06993389129638672, 4611
0.06993389129638672, 4610
0.06993389129638672, 4609
0.06993389129638672, 4608
0.06993389129638672, 4607
0.06993389129638672, 4606
0.06993389129638672, 4605
0.06993389129638672, 4604
0.06993389129638672, 4603
0.06993389129638672, 4602
0.06993389129638672, 4601
0.06993389129638672, 4600
0.06993389129638672, 4599
0.06993389129638672, 4598
0.06993389129638672, 4597
0.06993389129638672, 4596
0.06993389129638672, 4595
0.06993389129638672, 4594
0.06993389129638672, 4593
0.06993389129638672, 4592
0.06993389129638672, 4591
0.06993389129638672, 4590
0.06993389129638672, 4589
0.06993389129638672, 4588
0.06993389129638672, 4587
0.06993389129638672, 4586
0.06993389129638672, 4585
0.06993389129638672, 4584
0.06993389129638672, 4583
0.06993389129638672, 4582
0.06993389129638672, 4581
0.06993389129638672, 4580
0.06993389129638672, 4579
0.06993389129638672, 4578
0.06993389129638672, 4577
0.06993389129638672, 4576
0.06993389129638672, 4575
0.06993389129638672, 4574
0.06993389129638672, 4573
0.06993389129638672, 4572
0.06993389129638672, 4571
0.07093453407287598, 4570
0.07093453407287598, 4569
0.07093453407287598, 4568
0.07093453407287598, 4567
0.07093453407287598, 4566
0.07093453407287598, 4565
0.07093453407287598, 4564
0.07093453407287598, 4563
0.07093453407287598, 4562
0.07093453407287598, 4561
0.07093453407287598, 4560
0.07093453407287598, 4559
0.07093453407287598, 4558
0.07093453407287598, 4557
0.07093453407287598, 4556
0.07093453407287598, 4555
0.07093453407287598, 4554
0.07093453407287598, 4553
0.07093453407287598, 4552
0.07093453407287598, 4551
0.07093453407287598, 4550
0.07093453407287598, 4549
0.07093453407287598, 4548
0.07093453407287598, 4547
0.07093453407287598, 4546
0.07093453407287598, 4545
0.07093453407287598, 4544
0.07093453407287598, 4543
0.07093453407287598, 4542
0.07093453407287598, 4541
0.07093453407287598, 4540
0.07093453407287598, 4539
0.07093453407287598, 4538
0.07093453407287598, 4537
0.07093453407287598, 4536
0.07093453407287598, 4535
0.07093453407287598, 4534
0.07093453407287598, 4533
0.07093453407287598, 4532
0.07093453407287598, 4531
0.07193350791931152, 4530
0.07193350791931152, 4529
0.07193350791931152, 4528
0.07193350791931152, 4527
0.07193350791931152, 4526
0.07193350791931152, 4525
0.07193350791931152, 4524
0.07193350791931152, 4523
0.07193350791931152, 4522
0.07193350791931152, 4521
0.07193350791931152, 4520
0.07193350791931152, 4519
0.07193350791931152, 4518
0.07193350791931152, 4517
0.07193350791931152, 4516
0.07193350791931152, 4515
0.07193350791931152, 4514
0.07193350791931152, 4513
0.07193350791931152, 4512
0.07193350791931152, 4511
0.07193350791931152, 4510
0.07193350791931152, 4509
0.07193350791931152, 4508
0.07193350791931152, 4507
0.07193350791931152, 4506
0.07193350791931152, 4505
0.07193350791931152, 4504
0.07193350791931152, 4503
0.07193350791931152, 4502
0.07193350791931152, 4501
0.07193350791931152, 4500
0.07193350791931152, 4499
0.07193350791931152, 4498
0.13766074180603027, 3308
0.13766074180603027, 3307
0.13766074180603027, 3306
0.13766074180603027, 3305
0.13766074180603027, 3304
0.13766074180603027, 3303
0.13766074180603027, 3302
0.13766074180603027, 3301
0.13766074180603027, 3300
0.13766074180603027, 3299
0.13766074180603027, 3298
0.13766074180603027, 3297
0.13766074180603027, 3296
0.13766074180603027, 3295
0.13766074180603027, 3294
0.13866019248962402, 3293
0.13866019248962402, 3292
0.13866019248962402, 3291
0.13866019248962402, 3290
0.13866019248962402, 3289
0.13866019248962402, 3288
0.13866019248962402, 3287
0.13866019248962402, 3286
0.13866019248962402, 3285
0.13866019248962402, 3284
0.13866019248962402, 3283
0.13866019248962402, 3282
0.13866019248962402, 3281
0.13866019248962402, 3280
0.13866019248962402, 3279
0.13866019248962402, 3278
0.13866019248962402, 3277
0.13866019248962402, 3276
0.13866019248962402, 3275
0.13866019248962402, 3274
0.13866019248962402, 3273
0.13866019248962402, 3272
0.13866019248962402, 3271
0.13866019248962402, 3270
0.13866019248962402, 3269
0.13866019248962402, 3268
0.13866019248962402, 3267
0.13866019248962402, 3266
0.13866019248962402, 3265
0.13866019248962402, 3264
0.13866019248962402, 3263
0.13866019248962402, 3262
0.13866019248962402, 3261
0.13866019248962402, 3260
0.13866019248962402, 3259
0.13965988159179688, 3258
0.13965988159179688, 3257
0.13965988159179688, 3256
0.13965988159179688, 3255
0.13965988159179688, 3254
0.13965988159179688, 3253
0.13965988159179688, 3252
0.13965988159179688, 3251
0.13965988159179688, 3250
0.13965988159179688, 3249
0.13997960090637207, 3248
0.13997960090637207, 3247
0.13997960090637207, 3246
0.13997960090637207, 3245
0.13997960090637207, 3244
0.13997960090637207, 3243
0.13997960090637207, 3242
0.13997960090637207, 3241
0.13997960090637207, 3240
0.13997960090637207, 3239
0.13997960090637207, 3238
0.13997960090637207, 3237
0.13997960090637207, 3236
0.13997960090637207, 3235
0.13997960090637207, 3234
0.13997960090637207, 3233
0.13997960090637207, 3232
0.13997960090637207, 3231
0.13997960090637207, 3230
0.13997960090637207, 3229
0.13997960090637207, 3228
0.13997960090637207, 3227
0.13997960090637207, 3226
0.13997960090637207, 3225
0.13997960090637207, 3224
0.13997960090637207, 3223
0.13997960090637207, 3222
0.14066100120544434, 3221
0.14066100120544434, 3220
0.14066100120544434, 3219
0.14066100120544434, 3218
0.14066100120544434, 3217
0.14066100120544434, 3216
0.14066100120544434, 3215
0.14066100120544434, 3214
0.14066100120544434, 3213
0.14066100120544434, 3212
0.14066100120544434, 3211
0.14066100120544434, 3210
0.14066100120544434, 3209
0.14066100120544434, 3208
0.14066100120544434, 3207
0.14066100120544434, 3206
0.14066100120544434, 3205
0.14066100120544434, 3204
0.14066100120544434, 3203
0.14066100120544434, 3202
0.14066100120544434, 3201
0.14066100120544434, 3200
0.14066100120544434, 3199
0.14066100120544434, 3198
0.14066100120544434, 3197
0.14066100120544434, 3196
0.14066100120544434, 3195
0.14066100120544434, 3194
0.14066100120544434, 3193
0.14066100120544434, 3192
0.14066100120544434, 3191
0.14066100120544434, 3190
0.14066100120544434, 3189
0.14066100120544434, 3188
0.1416618824005127, 3187
0.1416618824005127, 3186
0.1417219638824463, 3185
0.1417219638824463, 3184
0.1417219638824463, 3183
0.1417219638824463, 3182
0.1417219638824463, 3181
0.1417219638824463, 3180
0.1417219638824463, 3179
0.1417219638824463, 3178
0.2191777229309082, 3177
0.2191777229309082, 3176
0.2191777229309082, 3175
0.2191777229309082, 3174
0.2191777229309082, 3173
0.2191777229309082, 3172
0.2191777229309082, 3171
0.2191777229309082, 3170
0.2191777229309082, 3169
0.2191777229309082, 3168
0.2191777229309082, 3167
0.2191777229309082, 3166
0.2191777229309082, 3165
0.2191777229309082, 3164
0.2191777229309082, 3163
0.2191777229309082, 3162
0.2191777229309082, 3161
0.2191777229309082, 3160
0.2191777229309082, 3159
0.2191777229309082, 3158
0.2191777229309082, 3157
0.2191777229309082, 3156
0.2191777229309082, 3155
0.2191777229309082, 3154
0.2191777229309082, 3153
0.2191777229309082, 3152
0.2191777229309082, 3151
0.2191777229309082, 3150
0.2191777229309082, 3149
0.2191777229309082, 3148
0.2191777229309082, 3147
0.2191777229309082, 3146
0.2191777229309082, 3145
0.2191777229309082, 3144
0.22017836570739746, 3143
0.22017836570739746, 3142
0.22017836570739746, 3141
0.22017836570739746, 3140
0.22017836570739746, 3139
0.22017836570739746, 3138
0.22017836570739746, 3137
1.0608863830566406, 3136
1.0608863830566406, 3135
1.0608863830566406, 3134
3.514040946960449, 3133
3.564077854156494, 3132
3.564077854156494, 3131
3.564077854156494, 3130
3.564077854156494, 3129
3.564077854156494, 3128
3.564077854156494, 3127
3.564077854156494, 3126
3.564077854156494, 3125
3.564077854156494, 3124
3.564077854156494, 3123
3.564077854156494, 3122
8.723901987075806, 3121
8.723901987075806, 3120
8.723901987075806, 3119
8.723901987075806, 3118
8.723901987075806, 3117
8.723901987075806, 3116
8.723901987075806, 3115
8.723901987075806, 3114
8.723901987075806, 3113
8.723901987075806, 3112
8.723901987075806, 3111
8.723901987075806, 3110
8.723901987075806, 3109
8.723901987075806, 3108
8.723901987075806, 3107
8.723901987075806, 3106
8.723901987075806, 3105
8.723901987075806, 3104
8.723901987075806, 3103
8.724900007247925, 3102
8.724900007247925, 3101
8.724957466125488, 3100
8.724957466125488, 3099
