0.02100062370300293, 4843
0.02100062370300293, 4842
0.02100062370300293, 4841
0.02100062370300293, 4840
0.02100062370300293, 4839
0.02100062370300293, 4838
0.02100062370300293, 4837
0.02100062370300293, 4836
0.02100062370300293, 4835
0.02100062370300293, 4834
0.02100062370300293, 4833
0.02100062370300293, 4832
0.02100062370300293, 4831
0.02100062370300293, 4830
0.02100062370300293, 4829
0.02100062370300293, 4828
0.02100062370300293, 4827
0.02100062370300293, 4826
0.02100062370300293, 4825
0.02100062370300293, 4824
0.02100062370300293, 4823
0.02100062370300293, 4822
0.02100062370300293, 4821
0.02100062370300293, 4820
0.02100062370300293, 4819
0.02100062370300293, 4818
0.02100062370300293, 4817
0.02100062370300293, 4816
0.02100062370300293, 4815
0.02100062370300293, 4814
0.02100062370300293, 4813
0.02200031280517578, 4812
0.02200031280517578, 4811
0.02200031280517578, 4810
0.02200031280517578, 4809
0.02200031280517578, 4808
0.02200031280517578, 4807
0.02200031280517578, 4806
0.02200031280517578, 4805
0.02200031280517578, 4804
0.02200031280517578, 4803
0.02200031280517578, 4802
0.02200031280517578, 4801
0.02200031280517578, 4800
0.02200031280517578, 4799
0.02200031280517578, 4798
0.02200031280517578, 4797
0.02200031280517578, 4796
0.02200031280517578, 4795
0.02200031280517578, 4794
0.02200031280517578, 4793
0.02200031280517578, 4792
0.02200031280517578, 4791
0.02200031280517578, 4790
0.02200031280517578, 4789
0.02200031280517578, 4788
0.02200031280517578, 4787
0.02200031280517578, 4786
0.02200031280517578, 4785
0.022682905197143555, 4784
0.022682905197143555, 4783
0.022682905197143555, 4782
0.022682905197143555, 4781
0.022682905197143555, 4780
0.022682905197143555, 4779
0.022682905197143555, 4778
0.022682905197143555, 4777
0.022682905197143555, 4776
0.022682905197143555, 4775
0.022682905197143555, 4774
0.022682905197143555, 4773
0.022682905197143555, 4772
0.02299952507019043, 4771
0.02299952507019043, 4770
0.02299952507019043, 4769
0.02299952507019043, 4768
0.02299952507019043, 4767
0.02299952507019043, 4766
0.02299952507019043, 4765
0.02299952507019043, 4764
0.02299952507019043, 4763
0.02299952507019043, 4762
0.02299952507019043, 4761
0.02299952507019043, 4760
0.02299952507019043, 4759
0.02299952507019043, 4758
0.02299952507019043, 4757
0.02299952507019043, 4756
0.02299952507019043, 4755
0.02299952507019043, 4754
0.02299952507019043, 4753
0.02299952507019043, 4752
0.02299952507019043, 4751
0.02299952507019043, 4750
0.02299952507019043, 4749
0.02299952507019043, 4748
0.02299952507019043, 4747
0.02299952507019043, 4746
0.02299952507019043, 4745
0.02299952507019043, 4744
0.02299952507019043, 4743
0.02299952507019043, 4742
0.02299952507019043, 4741
0.02299952507019043, 4740
0.02299952507019043, 4739
0.02299952507019043, 4738
0.02299952507019043, 4737
0.02299952507019043, 4736
0.02299952507019043, 4735
0.02299952507019043, 4734
0.02299952507019043, 4733
0.02299952507019043, 4732
0.02299952507019043, 4731
0.023999929428100586, 4730
0.023999929428100586, 4729
0.023999929428100586, 4728
0.023999929428100586, 4727
0.023999929428100586, 4726
0.023999929428100586, 4725
0.023999929428100586, 4724
0.023999929428100586, 4723
0.023999929428100586, 4722
0.023999929428100586, 4721
0.023999929428100586, 4720
0.023999929428100586, 4719
0.023999929428100586, 4718
0.023999929428100586, 4717
0.023999929428100586, 4716
0.023999929428100586, 4715
0.023999929428100586, 4714
0.023999929428100586, 4713
0.023999929428100586, 4712
0.023999929428100586, 4711
0.023999929428100586, 4710
0.023999929428100586, 4709
0.023999929428100586, 4708
0.023999929428100586, 4707
0.023999929428100586, 4706
0.023999929428100586, 4705
0.023999929428100586, 4704
0.023999929428100586, 4703
0.023999929428100586, 4702
0.023999929428100586, 4701
0.023999929428100586, 4700
0.023999929428100586, 4699
0.023999929428100586, 4698
0.023999929428100586, 4697
0.023999929428100586, 4696
0.023999929428100586, 4695
0.023999929428100586, 4694
0.023999929428100586, 4693
0.023999929428100586, 4692
0.023999929428100586, 4691
0.024999380111694336, 4690
0.024999380111694336, 4689
0.024999380111694336, 4688
0.024999380111694336, 4687
0.024999380111694336, 4686
0.024999380111694336, 4685
0.024999380111694336, 4684
0.024999380111694336, 4683
0.024999380111694336, 4682
0.024999380111694336, 4681
0.024999380111694336, 4680
0.024999380111694336, 4679
0.024999380111694336, 4678
0.024999380111694336, 4677
0.024999380111694336, 4676
0.024999380111694336, 4675
0.024999380111694336, 4674
0.024999380111694336, 4673
0.024999380111694336, 4672
0.025473356246948242, 4671
0.025473356246948242, 4670
0.025473356246948242, 4669
0.025473356246948242, 4668
0.025473356246948242, 4667
0.025473356246948242, 4666
0.025473356246948242, 4665
0.025473356246948242, 4664
0.025473356246948242, 4663
0.025473356246948242, 4662
0.025473356246948242, 4661
0.025473356246948242, 4660
0.025473356246948242, 4659
0.025473356246948242, 4658
0.025473356246948242, 4657
0.025473356246948242, 4656
0.025473356246948242, 4655
0.025473356246948242, 4654
0.025473356246948242, 4653
0.025473356246948242, 4652
0.025473356246948242, 4651
0.025999784469604492, 4650
0.025999784469604492, 4649
0.025999784469604492, 4648
0.025999784469604492, 4647
0.025999784469604492, 4646
0.025999784469604492, 4645
0.025999784469604492, 4644
0.025999784469604492, 4643
0.025999784469604492, 4642
0.025999784469604492, 4641
0.025999784469604492, 4640
0.025999784469604492, 4639
0.025999784469604492, 4638
0.025999784469604492, 4637
0.025999784469604492, 4636
0.025999784469604492, 4635
0.025999784469604492, 4634
0.025999784469604492, 4633
0.025999784469604492, 4632
0.025999784469604492, 4631
0.025999784469604492, 4630
0.025999784469604492, 4629
0.025999784469604492, 4628
0.025999784469604492, 4627
0.025999784469604492, 4626
0.025999784469604492, 4625
0.025999784469604492, 4624
0.025999784469604492, 4623
0.025999784469604492, 4622
0.025999784469604492, 4621
0.025999784469604492, 4620
0.025999784469604492, 4619
0.025999784469604492, 4618
0.025999784469604492, 4617
0.025999784469604492, 4616
0.025999784469604492, 4615
0.025999784469604492, 4614
0.025999784469604492, 4613
0.025999784469604492, 4612
0.025999784469604492, 4611
0.025999784469604492, 4610
0.025999784469604492, 4609
0.026999950408935547, 4608
0.026999950408935547, 4607
0.026999950408935547, 4606
0.026999950408935547, 4605
0.026999950408935547, 4604
0.026999950408935547, 4603
0.026999950408935547, 4602
0.026999950408935547, 4601
0.026999950408935547, 4600
0.026999950408935547, 4599
0.026999950408935547, 4598
0.026999950408935547, 4597
0.026999950408935547, 4596
0.026999950408935547, 4595
0.026999950408935547, 4594
0.026999950408935547, 4593
0.026999950408935547, 4592
0.026999950408935547, 4591
0.026999950408935547, 4590
0.026999950408935547, 4589
0.026999950408935547, 4588
0.026999950408935547, 4587
0.026999950408935547, 4586
0.026999950408935547, 4585
0.026999950408935547, 4584
0.026999950408935547, 4583
0.026999950408935547, 4582
0.026999950408935547, 4581
0.026999950408935547, 4580
0.026999950408935547, 4579
0.026999950408935547, 4578
0.026999950408935547, 4577
0.026999950408935547, 4576
0.026999950408935547, 4575
0.026999950408935547, 4574
0.026999950408935547, 4573
0.026999950408935547, 4572
0.026999950408935547, 4571
0.026999950408935547, 4570
0.0280001163482666, 4569
0.0280001163482666, 4568
0.0280001163482666, 4567
0.0280001163482666, 4566
0.1052401065826416, 3398
0.1062920093536377, 3397
0.1062920093536377, 3396
0.1062920093536377, 3395
0.1062920093536377, 3394
0.1062920093536377, 3393
0.1062920093536377, 3392
0.1062920093536377, 3391
0.1062920093536377, 3390
0.1062920093536377, 3389
0.1062920093536377, 3388
0.1062920093536377, 3387
0.1062920093536377, 3386
0.1062920093536377, 3385
0.1062920093536377, 3384
0.1062920093536377, 3383
0.1062920093536377, 3382
0.1062920093536377, 3381
0.1062920093536377, 3380
0.10724091529846191, 3379
0.10724091529846191, 3378
0.10724091529846191, 3377
0.10724091529846191, 3376
0.10724091529846191, 3375
0.10724091529846191, 3374
0.10724091529846191, 3373
0.10724091529846191, 3372
0.10724091529846191, 3371
0.10724091529846191, 3370
0.10724091529846191, 3369
0.10724091529846191, 3368
0.10724091529846191, 3367
0.10824155807495117, 3366
0.10824155807495117, 3365
0.10824155807495117, 3364
0.10824155807495117, 3363
0.10824155807495117, 3362
0.10824155807495117, 3361
0.10824155807495117, 3360
0.10824155807495117, 3359
0.10824155807495117, 3358
0.10824155807495117, 3357
0.10824155807495117, 3356
0.10824155807495117, 3355
0.10824155807495117, 3354
0.10824155807495117, 3353
0.10824155807495117, 3352
0.10824155807495117, 3351
0.10824155807495117, 3350
0.10924100875854492, 3349
0.10924100875854492, 3348
0.10924100875854492, 3347
0.10924100875854492, 3346
0.10924100875854492, 3345
0.10924100875854492, 3344
0.10924100875854492, 3343
0.10924100875854492, 3342
0.10924100875854492, 3341
0.10924100875854492, 3340
0.10924100875854492, 3339
0.10924100875854492, 3338
0.11024093627929688, 3337
0.11024093627929688, 3336
0.11024093627929688, 3335
0.11024093627929688, 3334
0.11024093627929688, 3333
0.11024093627929688, 3332
0.11024093627929688, 3331
0.11024093627929688, 3330
0.11024093627929688, 3329
0.11024093627929688, 3328
0.11024093627929688, 3327
0.11024093627929688, 3326
0.11024093627929688, 3325
0.11024093627929688, 3324
0.11024093627929688, 3323
0.11024093627929688, 3322
0.11024093627929688, 3321
0.11024093627929688, 3320
0.11024093627929688, 3319
0.11024093627929688, 3318
0.11024093627929688, 3317
0.11024093627929688, 3316
0.11024093627929688, 3315
0.11024093627929688, 3314
0.11024093627929688, 3313
0.11124134063720703, 3312
0.11124134063720703, 3311
0.11124134063720703, 3310
0.11124134063720703, 3309
0.11124134063720703, 3308
0.11124134063720703, 3307
0.11124134063720703, 3306
0.11124134063720703, 3305
0.11124134063720703, 3304
0.11124134063720703, 3303
0.11124134063720703, 3302
0.11124134063720703, 3301
0.11124134063720703, 3300
0.11124134063720703, 3299
0.11124134063720703, 3298
0.11124134063720703, 3297
0.11124134063720703, 3296
0.11124134063720703, 3295
0.11124134063720703, 3294
0.11124134063720703, 3293
0.11124134063720703, 3292
0.11124134063720703, 3291
0.11124134063720703, 3290
0.11124134063720703, 3289
0.11124134063720703, 3288
0.11224150657653809, 3287
0.11224150657653809, 3286
0.11224150657653809, 3285
0.11224150657653809, 3284
0.11224150657653809, 3283
0.11224150657653809, 3282
0.11224150657653809, 3281
0.11224150657653809, 3280
0.11224150657653809, 3279
0.11224150657653809, 3278
0.11224150657653809, 3277
0.11224150657653809, 3276
0.11224150657653809, 3275
0.11224150657653809, 3274
0.11224150657653809, 3273
0.11224150657653809, 3272
0.11224150657653809, 3271
0.11224150657653809, 3270
0.11224150657653809, 3269
0.11224150657653809, 3268
0.11224150657653809, 3267
0.11224150657653809, 3266
0.11224150657653809, 3265
0.11224150657653809, 3264
0.11224150657653809, 3263
0.11224150657653809, 3262
0.11224150657653809, 3261
0.11224150657653809, 3260
0.11224150657653809, 3259
0.11327648162841797, 3258
0.11327648162841797, 3257
0.11327648162841797, 3256
0.11327648162841797, 3255
0.11327648162841797, 3254
0.11327648162841797, 3253
0.11327648162841797, 3252
0.11327648162841797, 3251
0.11327648162841797, 3250
0.11327648162841797, 3249
0.11327648162841797, 3248
0.11327648162841797, 3247
0.11327648162841797, 3246
0.11327648162841797, 3245
0.11327648162841797, 3244
0.11327648162841797, 3243
0.11327648162841797, 3242
0.11327648162841797, 3241
0.11327648162841797, 3240
0.11327648162841797, 3239
0.11327648162841797, 3238
0.11327648162841797, 3237
0.11327648162841797, 3236
0.11327648162841797, 3235
0.11327648162841797, 3234
0.11327648162841797, 3233
0.11327648162841797, 3232
0.11427497863769531, 3231
0.11427497863769531, 3230
0.11427497863769531, 3229
0.11427497863769531, 3228
0.11427497863769531, 3227
0.11427497863769531, 3226
0.11427497863769531, 3225
0.11427497863769531, 3224
0.11427497863769531, 3223
0.11427497863769531, 3222
0.11427497863769531, 3221
0.11427497863769531, 3220
0.11427497863769531, 3219
0.11427497863769531, 3218
0.11427497863769531, 3217
0.11427497863769531, 3216
0.11427497863769531, 3215
0.11427497863769531, 3214
0.11427497863769531, 3213
0.11427497863769531, 3212
0.11427497863769531, 3211
0.11427497863769531, 3210
0.11427497863769531, 3209
0.11427497863769531, 3208
0.11427497863769531, 3207
0.11427497863769531, 3206
0.11427497863769531, 3205
0.11427497863769531, 3204
0.11427497863769531, 3203
0.11427497863769531, 3202
0.11427497863769531, 3201
0.11427497863769531, 3200
0.11427497863769531, 3199
0.11527562141418457, 3198
0.11527562141418457, 3197
0.11527562141418457, 3196
0.11527562141418457, 3195
0.11527562141418457, 3194
0.11527562141418457, 3193
0.11527562141418457, 3192
0.11527562141418457, 3191
0.11527562141418457, 3190
0.11527562141418457, 3189
0.11527562141418457, 3188
0.11527562141418457, 3187
0.11527562141418457, 3186
0.11527562141418457, 3185
0.11527562141418457, 3184
0.11527562141418457, 3183
0.11527562141418457, 3182
0.11527562141418457, 3181
0.11527562141418457, 3180
0.11527562141418457, 3179
0.11527562141418457, 3178
0.11527562141418457, 3177
0.11527562141418457, 3176
0.11527562141418457, 3175
0.11527562141418457, 3174
0.11527562141418457, 3173
0.11527562141418457, 3172
0.11527562141418457, 3171
0.11527562141418457, 3170
0.11527562141418457, 3169
0.11527562141418457, 3168
0.11627531051635742, 3167
0.11627531051635742, 3166
0.11627531051635742, 3165
0.11627531051635742, 3164
0.20751476287841797, 3163
0.20751476287841797, 3162
0.20751476287841797, 3161
0.20751476287841797, 3160
0.207777738571167, 3159
0.207777738571167, 3158
0.207777738571167, 3157
0.207777738571167, 3156
0.207777738571167, 3155
0.420856237411499, 3154
0.420856237411499, 3153
0.420856237411499, 3152
0.420856237411499, 3151
0.420856237411499, 3150
0.420856237411499, 3149
0.420856237411499, 3148
0.420856237411499, 3147
0.420856237411499, 3146
0.420856237411499, 3145
0.420856237411499, 3144
0.420856237411499, 3143
0.420856237411499, 3142
0.420856237411499, 3141
0.420856237411499, 3140
0.420856237411499, 3139
0.420856237411499, 3138
0.420856237411499, 3137
0.420856237411499, 3136
0.4218564033508301, 3135
0.4218564033508301, 3134
1.7808775901794434, 3133
1.7808775901794434, 3132
1.7808775901794434, 3131
1.7808775901794434, 3130
1.7808775901794434, 3129
1.7808775901794434, 3128
1.7808775901794434, 3127
1.7808775901794434, 3126
1.7808775901794434, 3125
1.7808775901794434, 3124
1.7808775901794434, 3123
1.7808775901794434, 3122
1.7808775901794434, 3121
1.7808775901794434, 3120
1.7808775901794434, 3119
