0.019998788833618164, 4882
0.019998788833618164, 4881
0.019998788833618164, 4880
0.019998788833618164, 4879
0.019998788833618164, 4878
0.019998788833618164, 4877
0.019998788833618164, 4876
0.019998788833618164, 4875
0.019998788833618164, 4874
0.019998788833618164, 4873
0.019998788833618164, 4872
0.019998788833618164, 4871
0.019998788833618164, 4870
0.019998788833618164, 4869
0.019998788833618164, 4868
0.019998788833618164, 4867
0.019998788833618164, 4866
0.019998788833618164, 4865
0.020998477935791016, 4864
0.020998477935791016, 4863
0.020998477935791016, 4862
0.020998477935791016, 4861
0.020998477935791016, 4860
0.020998477935791016, 4859
0.020998477935791016, 4858
0.020998477935791016, 4857
0.020998477935791016, 4856
0.020998477935791016, 4855
0.020998477935791016, 4854
0.020998477935791016, 4853
0.04603075981140137, 4852
0.04603075981140137, 4851
0.04603075981140137, 4850
0.04603075981140137, 4849
0.04603075981140137, 4848
0.04603075981140137, 4847
0.04603075981140137, 4846
0.04603075981140137, 4845
0.04603075981140137, 4844
0.04603075981140137, 4843
0.04603075981140137, 4842
0.04603075981140137, 4841
0.04603075981140137, 4840
0.04603075981140137, 4839
0.04603075981140137, 4838
0.04603075981140137, 4837
0.04603075981140137, 4836
0.04603075981140137, 4835
0.04603075981140137, 4834
0.04603075981140137, 4833
0.04603075981140137, 4832
0.04603075981140137, 4831
0.04603075981140137, 4830
0.04603075981140137, 4829
0.04603075981140137, 4828
0.04603075981140137, 4827
0.04703402519226074, 4826
0.04703402519226074, 4825
0.04703402519226074, 4824
0.04703402519226074, 4823
0.04703402519226074, 4822
0.04703402519226074, 4821
0.04703402519226074, 4820
0.04703402519226074, 4819
0.04703402519226074, 4818
0.04703402519226074, 4817
0.04703402519226074, 4816
0.04703402519226074, 4815
0.04703402519226074, 4814
0.04703402519226074, 4813
0.04703402519226074, 4812
0.04703402519226074, 4811
0.04703402519226074, 4810
0.04703402519226074, 4809
0.04703402519226074, 4808
0.04703402519226074, 4807
0.04703402519226074, 4806
0.04703402519226074, 4805
0.04703402519226074, 4804
0.04703402519226074, 4803
0.04703402519226074, 4802
0.04703402519226074, 4801
0.04703402519226074, 4800
0.04703402519226074, 4799
0.04703402519226074, 4798
0.04703402519226074, 4797
0.04703402519226074, 4796
0.04703402519226074, 4795
0.04703402519226074, 4794
0.04703402519226074, 4793
0.04703402519226074, 4792
0.04703402519226074, 4791
0.04703402519226074, 4790
0.04703402519226074, 4789
0.04703402519226074, 4788
0.04703402519226074, 4787
0.04703402519226074, 4786
0.04803180694580078, 4785
0.04803180694580078, 4784
0.04803180694580078, 4783
0.04803180694580078, 4782
0.04803180694580078, 4781
0.04803180694580078, 4780
0.04803180694580078, 4779
0.04803180694580078, 4778
0.04803180694580078, 4777
0.04803180694580078, 4776
0.04803180694580078, 4775
0.04803180694580078, 4774
0.04803180694580078, 4773
0.04803180694580078, 4772
0.04803180694580078, 4771
0.04803180694580078, 4770
0.04803180694580078, 4769
0.04803180694580078, 4768
0.04803180694580078, 4767
0.04803180694580078, 4766
0.04803180694580078, 4765
0.04803180694580078, 4764
0.04803180694580078, 4763
0.04803180694580078, 4762
0.04803180694580078, 4761
0.04803180694580078, 4760
0.04803180694580078, 4759
0.04803180694580078, 4758
0.04803180694580078, 4757
0.04803180694580078, 4756
0.04803180694580078, 4755
0.04803180694580078, 4754
0.04803180694580078, 4753
0.04803180694580078, 4752
0.04803180694580078, 4751
0.04803180694580078, 4750
0.04803180694580078, 4749
0.049033164978027344, 4748
0.049033164978027344, 4747
0.049033164978027344, 4746
0.049033164978027344, 4745
0.049033164978027344, 4744
0.049033164978027344, 4743
0.049033164978027344, 4742
0.049033164978027344, 4741
0.049033164978027344, 4740
0.049033164978027344, 4739
0.049033164978027344, 4738
0.049033164978027344, 4737
0.049033164978027344, 4736
0.049033164978027344, 4735
0.049033164978027344, 4734
0.049033164978027344, 4733
0.049033164978027344, 4732
0.049033164978027344, 4731
0.049033164978027344, 4730
0.049033164978027344, 4729
0.049033164978027344, 4728
0.049033164978027344, 4727
0.049033164978027344, 4726
0.049033164978027344, 4725
0.049033164978027344, 4724
0.049033164978027344, 4723
0.049033164978027344, 4722
0.049033164978027344, 4721
0.049033164978027344, 4720
0.049033164978027344, 4719
0.049033164978027344, 4718
0.049033164978027344, 4717
0.049033164978027344, 4716
0.049033164978027344, 4715
0.049033164978027344, 4714
0.049033164978027344, 4713
0.049033164978027344, 4712
0.049033164978027344, 4711
0.049033164978027344, 4710
0.049033164978027344, 4709
0.05003547668457031, 4708
0.05003547668457031, 4707
0.05003547668457031, 4706
0.05003547668457031, 4705
0.05003547668457031, 4704
0.05003547668457031, 4703
0.05003547668457031, 4702
0.05003547668457031, 4701
0.05003547668457031, 4700
0.05003547668457031, 4699
0.05003547668457031, 4698
0.05003547668457031, 4697
0.05003547668457031, 4696
0.05003547668457031, 4695
0.05003547668457031, 4694
0.05003547668457031, 4693
0.05003547668457031, 4692
0.05003547668457031, 4691
0.05003547668457031, 4690
0.05003547668457031, 4689
0.05003547668457031, 4688
0.05003547668457031, 4687
0.05003547668457031, 4686
0.05003547668457031, 4685
0.05003547668457031, 4684
0.05003547668457031, 4683
0.05003547668457031, 4682
0.05003547668457031, 4681
0.05003547668457031, 4680
0.05003547668457031, 4679
0.05003547668457031, 4678
0.05003547668457031, 4677
0.05003547668457031, 4676
0.05003547668457031, 4675
0.05003547668457031, 4674
0.05003547668457031, 4673
0.05003547668457031, 4672
0.05003547668457031, 4671
0.05003547668457031, 4670
0.05103445053100586, 4669
0.05103445053100586, 4668
0.05103445053100586, 4667
0.05103445053100586, 4666
0.05103445053100586, 4665
0.05103445053100586, 4664
0.05103445053100586, 4663
0.05103445053100586, 4662
0.05103445053100586, 4661
0.05103445053100586, 4660
0.05103445053100586, 4659
0.05103445053100586, 4658
0.05103445053100586, 4657
0.05103445053100586, 4656
0.05103445053100586, 4655
0.05103445053100586, 4654
0.05103445053100586, 4653
0.05103445053100586, 4652
0.05103445053100586, 4651
0.05103445053100586, 4650
0.05103445053100586, 4649
0.05103445053100586, 4648
0.05103445053100586, 4647
0.05103445053100586, 4646
0.05103445053100586, 4645
0.05103445053100586, 4644
0.05103445053100586, 4643
0.05103445053100586, 4642
0.05103445053100586, 4641
0.05103445053100586, 4640
0.05103445053100586, 4639
0.05103445053100586, 4638
0.05103445053100586, 4637
0.05103445053100586, 4636
0.05103445053100586, 4635
0.05103445053100586, 4634
0.05103445053100586, 4633
0.05103445053100586, 4632
0.05103445053100586, 4631
0.05103445053100586, 4630
0.05103445053100586, 4629
0.0520319938659668, 4628
0.0520319938659668, 4627
0.0520319938659668, 4626
0.0520319938659668, 4625
0.0520319938659668, 4624
0.0520319938659668, 4623
0.0520319938659668, 4622
0.05221986770629883, 4621
0.05221986770629883, 4620
0.05221986770629883, 4619
0.05221986770629883, 4618
0.05221986770629883, 4617
0.05221986770629883, 4616
0.05221986770629883, 4615
0.05221986770629883, 4614
0.05221986770629883, 4613
0.05221986770629883, 4612
0.05221986770629883, 4611
0.05221986770629883, 4610
0.05221986770629883, 4609
0.05221986770629883, 4608
0.05221986770629883, 4607
0.05221986770629883, 4606
0.05221986770629883, 4605
0.05221986770629883, 4604
0.05221986770629883, 4603
0.05221986770629883, 4602
0.05221986770629883, 4601
0.05221986770629883, 4600
0.05221986770629883, 4599
0.05221986770629883, 4598
0.05221986770629883, 4597
0.05221986770629883, 4596
0.05221986770629883, 4595
0.05221986770629883, 4594
0.05221986770629883, 4593
0.05221986770629883, 4592
0.05221986770629883, 4591
0.05221986770629883, 4590
0.05221986770629883, 4589
0.053031206130981445, 4588
0.053031206130981445, 4587
0.053031206130981445, 4586
0.053031206130981445, 4585
0.053031206130981445, 4584
0.053031206130981445, 4583
0.053031206130981445, 4582
0.053031206130981445, 4581
0.053031206130981445, 4580
0.053031206130981445, 4579
0.053031206130981445, 4578
0.053031206130981445, 4577
0.053031206130981445, 4576
0.053031206130981445, 4575
0.053031206130981445, 4574
0.053031206130981445, 4573
0.053031206130981445, 4572
0.053031206130981445, 4571
0.053031206130981445, 4570
0.053031206130981445, 4569
0.053031206130981445, 4568
0.053031206130981445, 4567
0.053031206130981445, 4566
0.053031206130981445, 4565
0.053031206130981445, 4564
0.053031206130981445, 4563
0.053031206130981445, 4562
0.053031206130981445, 4561
0.053031206130981445, 4560
0.053031206130981445, 4559
0.053031206130981445, 4558
0.053031206130981445, 4557
0.053031206130981445, 4556
0.053031206130981445, 4555
0.053031206130981445, 4554
0.053031206130981445, 4553
0.053031206130981445, 4552
0.053031206130981445, 4551
0.053031206130981445, 4550
0.053031206130981445, 4549
0.053031206130981445, 4548
0.054030656814575195, 4547
0.054030656814575195, 4546
0.054030656814575195, 4545
0.054030656814575195, 4544
0.054030656814575195, 4543
0.054030656814575195, 4542
0.054030656814575195, 4541
0.054030656814575195, 4540
0.054030656814575195, 4539
0.054030656814575195, 4538
0.054030656814575195, 4537
0.054030656814575195, 4536
0.054030656814575195, 4535
0.054030656814575195, 4534
0.054030656814575195, 4533
0.054030656814575195, 4532
0.054030656814575195, 4531
0.054030656814575195, 4530
0.054030656814575195, 4529
0.054030656814575195, 4528
0.054030656814575195, 4527
0.054030656814575195, 4526
0.054030656814575195, 4525
0.054030656814575195, 4524
0.054030656814575195, 4523
0.054030656814575195, 4522
0.054030656814575195, 4521
0.054030656814575195, 4520
0.054030656814575195, 4519
0.054030656814575195, 4518
0.054030656814575195, 4517
0.054030656814575195, 4516
0.054030656814575195, 4515
0.054030656814575195, 4514
0.05490517616271973, 4513
0.05490517616271973, 4512
0.05490517616271973, 4511
0.05490517616271973, 4510
0.05490517616271973, 4509
0.05490517616271973, 4508
0.05503106117248535, 4507
0.05503106117248535, 4506
0.05503106117248535, 4505
0.05503106117248535, 4504
0.05503106117248535, 4503
0.05503106117248535, 4502
0.05503106117248535, 4501
0.05503106117248535, 4500
0.05503106117248535, 4499
0.05503106117248535, 4498
0.05503106117248535, 4497
0.05503106117248535, 4496
0.05503106117248535, 4495
0.05503106117248535, 4494
0.05503106117248535, 4493
0.05503106117248535, 4492
0.05503106117248535, 4491
0.05503106117248535, 4490
0.05503106117248535, 4489
0.05503106117248535, 4488
0.05503106117248535, 4487
0.05503106117248535, 4486
0.05503106117248535, 4485
0.05503106117248535, 4484
0.05503106117248535, 4483
0.05503106117248535, 4482
0.05503106117248535, 4481
0.05503106117248535, 4480
0.05503106117248535, 4479
0.05503106117248535, 4478
0.05503106117248535, 4477
0.05503106117248535, 4476
0.05503106117248535, 4475
0.05503106117248535, 4474
0.05503106117248535, 4473
0.05503106117248535, 4472
0.05503106117248535, 4471
0.05503106117248535, 4470
0.05503106117248535, 4469
0.05503106117248535, 4468
0.056032419204711914, 4467
0.056032419204711914, 4466
0.056032419204711914, 4465
0.056032419204711914, 4464
0.056032419204711914, 4463
0.056032419204711914, 4462
0.056032419204711914, 4461
0.056032419204711914, 4460
0.056032419204711914, 4459
0.056032419204711914, 4458
0.056032419204711914, 4457
0.056032419204711914, 4456
0.056032419204711914, 4455
0.056032419204711914, 4454
0.056032419204711914, 4453
0.056032419204711914, 4452
0.056032419204711914, 4451
0.056032419204711914, 4450
0.056032419204711914, 4449
0.056032419204711914, 4448
0.056032419204711914, 4447
0.056032419204711914, 4446
0.056032419204711914, 4445
0.056032419204711914, 4444
0.056032419204711914, 4443
0.056032419204711914, 4442
0.056032419204711914, 4441
0.056032419204711914, 4440
0.056032419204711914, 4439
0.056032419204711914, 4438
0.056032419204711914, 4437
0.056032419204711914, 4436
0.056032419204711914, 4435
0.056032419204711914, 4434
0.056032419204711914, 4433
0.056032419204711914, 4432
0.056032419204711914, 4431
0.056032419204711914, 4430
0.056032419204711914, 4429
0.056032419204711914, 4428
0.05703115463256836, 4427
0.05703115463256836, 4426
0.05703115463256836, 4425
0.05703115463256836, 4424
0.05703115463256836, 4423
0.05703115463256836, 4422
0.05703115463256836, 4421
0.05703115463256836, 4420
0.05703115463256836, 4419
0.05703115463256836, 4418
0.05703115463256836, 4417
0.05703115463256836, 4416
0.05703115463256836, 4415
0.05703115463256836, 4414
0.05703115463256836, 4413
0.05703115463256836, 4412
0.05703115463256836, 4411
0.05703115463256836, 4410
0.05703115463256836, 4409
0.05703115463256836, 4408
0.05703115463256836, 4407
0.05703115463256836, 4406
0.2426588535308838, 4405
0.2426588535308838, 4404
0.2426588535308838, 4403
0.2426588535308838, 4402
0.2426588535308838, 4401
0.2426588535308838, 4400
0.2426588535308838, 4399
0.2426588535308838, 4398
0.2426588535308838, 4397
0.2426588535308838, 4396
0.2426588535308838, 4395
0.2426588535308838, 4394
0.2426588535308838, 4393
0.2426588535308838, 4392
0.2426588535308838, 4391
0.2426588535308838, 4390
0.2426588535308838, 4389
0.2426588535308838, 4388
0.2426588535308838, 4387
0.2426588535308838, 4386
0.2426588535308838, 4385
0.2426588535308838, 4384
0.2426588535308838, 4383
0.2426588535308838, 4382
0.2426588535308838, 4381
0.2426588535308838, 4380
0.2426588535308838, 4379
0.2435464859008789, 4378
0.2435464859008789, 4377
0.49518895149230957, 3199
0.49518895149230957, 3198
0.49518895149230957, 3197
0.49518895149230957, 3196
0.49518895149230957, 3195
0.49518895149230957, 3194
0.49518895149230957, 3193
0.49518895149230957, 3192
0.49518895149230957, 3191
0.49518895149230957, 3190
0.49518895149230957, 3189
0.58132004737854, 3188
0.58132004737854, 3187
0.5823204517364502, 3186
0.5823204517364502, 3185
0.5823204517364502, 3184
0.5823204517364502, 3183
0.5823204517364502, 3182
0.5823204517364502, 3181
0.5823204517364502, 3180
0.5823204517364502, 3179
0.5823204517364502, 3178
0.5823204517364502, 3177
0.5823204517364502, 3176
0.5823204517364502, 3175
0.5823204517364502, 3174
0.5823204517364502, 3173
0.5823204517364502, 3172
0.5823204517364502, 3171
0.5823204517364502, 3170
0.5823204517364502, 3169
0.5823204517364502, 3168
0.5823204517364502, 3167
0.5823204517364502, 3166
0.5823204517364502, 3165
0.5823204517364502, 3164
0.5823204517364502, 3163
0.5823204517364502, 3162
0.5823204517364502, 3161
0.5823204517364502, 3160
0.5823204517364502, 3159
0.5833213329315186, 3158
0.5833213329315186, 3157
0.5833213329315186, 3156
0.5833213329315186, 3155
0.5833213329315186, 3154
0.965979814529419, 3153
0.965979814529419, 3152
1.1747119426727295, 3151
1.1747119426727295, 3150
1.1747119426727295, 3149
1.1747119426727295, 3148
1.1747119426727295, 3147
1.5770151615142822, 3146
1.5770151615142822, 3145
1.5770151615142822, 3144
1.5770151615142822, 3143
1.5770151615142822, 3142
1.5770151615142822, 3141
1.6110305786132812, 3140
1.6110305786132812, 3139
1.6110305786132812, 3138
1.6110305786132812, 3137
1.6110305786132812, 3136
1.6110305786132812, 3135
1.6110305786132812, 3134
1.6110305786132812, 3133
1.6110305786132812, 3132
1.6110305786132812, 3131
1.6110305786132812, 3130
1.6120290756225586, 3129
1.6121108531951904, 3128
1.6121108531951904, 3127
1.6121108531951904, 3126
1.6121108531951904, 3125
1.6121108531951904, 3124
1.6121108531951904, 3123
1.6121108531951904, 3122
1.6121108531951904, 3121
1.6121108531951904, 3120
1.6121108531951904, 3119
1.6121108531951904, 3118
6.231886625289917, 3117
