0.017032384872436523, 4846
0.017032384872436523, 4845
0.017032384872436523, 4844
0.017032384872436523, 4843
0.017032384872436523, 4842
0.017032384872436523, 4841
0.017032384872436523, 4840
0.017032384872436523, 4839
0.017032384872436523, 4838
0.017032384872436523, 4837
0.017032384872436523, 4836
0.017032384872436523, 4835
0.017032384872436523, 4834
0.017032384872436523, 4833
0.017032384872436523, 4832
0.017032384872436523, 4831
0.017032384872436523, 4830
0.017032384872436523, 4829
0.017032384872436523, 4828
0.017032384872436523, 4827
0.017032384872436523, 4826
0.017032384872436523, 4825
0.017032384872436523, 4824
0.017032384872436523, 4823
0.017032384872436523, 4822
0.017032384872436523, 4821
0.017032384872436523, 4820
0.017032384872436523, 4819
0.017032384872436523, 4818
0.017032384872436523, 4817
0.017032384872436523, 4816
0.017032384872436523, 4815
0.017032384872436523, 4814
0.017032384872436523, 4813
0.01803135871887207, 4812
0.01803135871887207, 4811
0.01803135871887207, 4810
0.01803135871887207, 4809
0.01803135871887207, 4808
0.01803135871887207, 4807
0.01803135871887207, 4806
0.01803135871887207, 4805
0.01803135871887207, 4804
0.01803135871887207, 4803
0.01803135871887207, 4802
0.01803135871887207, 4801
0.01803135871887207, 4800
0.01803135871887207, 4799
0.01803135871887207, 4798
0.01803135871887207, 4797
0.01803135871887207, 4796
0.01803135871887207, 4795
0.01803135871887207, 4794
0.01803135871887207, 4793
0.01803135871887207, 4792
0.01803135871887207, 4791
0.01803135871887207, 4790
0.01803135871887207, 4789
0.01803135871887207, 4788
0.01803135871887207, 4787
0.01803135871887207, 4786
0.01803135871887207, 4785
0.01803135871887207, 4784
0.01803135871887207, 4783
0.01803135871887207, 4782
0.01803135871887207, 4781
0.01803135871887207, 4780
0.01803135871887207, 4779
0.01803135871887207, 4778
0.01803135871887207, 4777
0.01803135871887207, 4776
0.01803135871887207, 4775
0.01803135871887207, 4774
0.01803135871887207, 4773
0.01803135871887207, 4772
0.01803135871887207, 4771
0.019031763076782227, 4770
0.019031763076782227, 4769
0.019031763076782227, 4768
0.019031763076782227, 4767
0.019031763076782227, 4766
0.019031763076782227, 4765
0.019031763076782227, 4764
0.019031763076782227, 4763
0.019031763076782227, 4762
0.019031763076782227, 4761
0.019031763076782227, 4760
0.019031763076782227, 4759
0.019031763076782227, 4758
0.019031763076782227, 4757
0.019031763076782227, 4756
0.019031763076782227, 4755
0.019031763076782227, 4754
0.019031763076782227, 4753
0.019031763076782227, 4752
0.019031763076782227, 4751
0.019031763076782227, 4750
0.019031763076782227, 4749
0.019031763076782227, 4748
0.019031763076782227, 4747
0.019031763076782227, 4746
0.019031763076782227, 4745
0.019031763076782227, 4744
0.019031763076782227, 4743
0.019031763076782227, 4742
0.019031763076782227, 4741
0.019031763076782227, 4740
0.019031763076782227, 4739
0.019031763076782227, 4738
0.019031763076782227, 4737
0.019031763076782227, 4736
0.019031763076782227, 4735
0.019031763076782227, 4734
0.019031763076782227, 4733
0.019031763076782227, 4732
0.019031763076782227, 4731
0.019031763076782227, 4730
0.019031763076782227, 4729
0.019031763076782227, 4728
0.019031763076782227, 4727
0.020032167434692383, 4726
0.020032167434692383, 4725
0.020032167434692383, 4724
0.020032167434692383, 4723
0.020032167434692383, 4722
0.020032167434692383, 4721
0.020032167434692383, 4720
0.020032167434692383, 4719
0.020032167434692383, 4718
0.020032167434692383, 4717
0.020032167434692383, 4716
0.020032167434692383, 4715
0.020032167434692383, 4714
0.020032167434692383, 4713
0.020032167434692383, 4712
0.020032167434692383, 4711
0.020032167434692383, 4710
0.020032167434692383, 4709
0.020032167434692383, 4708
0.020032167434692383, 4707
0.020032167434692383, 4706
0.020032167434692383, 4705
0.020032167434692383, 4704
0.020032167434692383, 4703
0.020032167434692383, 4702
0.045032501220703125, 4701
0.045032501220703125, 4700
0.045032501220703125, 4699
0.045032501220703125, 4698
0.045032501220703125, 4697
0.045032501220703125, 4696
0.045032501220703125, 4695
0.045032501220703125, 4694
0.045032501220703125, 4693
0.045032501220703125, 4692
0.045032501220703125, 4691
0.045032501220703125, 4690
0.045032501220703125, 4689
0.045032501220703125, 4688
0.045032501220703125, 4687
0.045032501220703125, 4686
0.045032501220703125, 4685
0.045032501220703125, 4684
0.045032501220703125, 4683
0.045032501220703125, 4682
0.045032501220703125, 4681
0.045032501220703125, 4680
0.045032501220703125, 4679
0.045032501220703125, 4678
0.045032501220703125, 4677
0.045032501220703125, 4676
0.045032501220703125, 4675
0.045032501220703125, 4674
0.045032501220703125, 4673
0.045032501220703125, 4672
0.046031951904296875, 4671
0.046031951904296875, 4670
0.046031951904296875, 4669
0.046031951904296875, 4668
0.046031951904296875, 4667
0.046031951904296875, 4666
0.046031951904296875, 4665
0.046031951904296875, 4664
0.046031951904296875, 4663
0.046031951904296875, 4662
0.046031951904296875, 4661
0.046031951904296875, 4660
0.046031951904296875, 4659
0.046031951904296875, 4658
0.046031951904296875, 4657
0.046031951904296875, 4656
0.046031951904296875, 4655
0.046031951904296875, 4654
0.046031951904296875, 4653
0.046031951904296875, 4652
0.046031951904296875, 4651
0.046031951904296875, 4650
0.046031951904296875, 4649
0.046031951904296875, 4648
0.046031951904296875, 4647
0.046031951904296875, 4646
0.046031951904296875, 4645
0.046031951904296875, 4644
0.046031951904296875, 4643
0.046031951904296875, 4642
0.046031951904296875, 4641
0.046031951904296875, 4640
0.046031951904296875, 4639
0.046031951904296875, 4638
0.046031951904296875, 4637
0.046031951904296875, 4636
0.046031951904296875, 4635
0.046031951904296875, 4634
0.046031951904296875, 4633
0.046031951904296875, 4632
0.046031951904296875, 4631
0.046031951904296875, 4630
0.04703235626220703, 4629
0.04703235626220703, 4628
0.0470890998840332, 4627
0.0470890998840332, 4626
0.0470890998840332, 4625
0.0470890998840332, 4624
0.0470890998840332, 4623
0.0470890998840332, 4622
0.0470890998840332, 4621
0.0470890998840332, 4620
0.0470890998840332, 4619
0.0470890998840332, 4618
0.0470890998840332, 4617
0.0470890998840332, 4616
0.0470890998840332, 4615
0.0470890998840332, 4614
0.0470890998840332, 4613
0.0470890998840332, 4612
0.0470890998840332, 4611
0.0470890998840332, 4610
0.0470890998840332, 4609
0.0470890998840332, 4608
0.0470890998840332, 4607
0.0470890998840332, 4606
0.0470890998840332, 4605
0.0470890998840332, 4604
0.0470890998840332, 4603
0.0470890998840332, 4602
0.0470890998840332, 4601
0.0470890998840332, 4600
0.0470890998840332, 4599
0.0470890998840332, 4598
0.0470890998840332, 4597
0.0470890998840332, 4596
0.0470890998840332, 4595
0.0470890998840332, 4594
0.0470890998840332, 4593
0.0470890998840332, 4592
0.0470890998840332, 4591
0.0470890998840332, 4590
0.0480341911315918, 4589
0.0480341911315918, 4588
0.0480341911315918, 4587
0.0480341911315918, 4586
0.0480341911315918, 4585
0.0480341911315918, 4584
0.0480341911315918, 4583
0.0480341911315918, 4582
0.0480341911315918, 4581
0.0480341911315918, 4580
0.0480341911315918, 4579
0.0480341911315918, 4578
0.0480341911315918, 4577
0.0480341911315918, 4576
0.0480341911315918, 4575
0.0480341911315918, 4574
0.0480341911315918, 4573
0.0480341911315918, 4572
0.0480341911315918, 4571
0.0480341911315918, 4570
0.0480341911315918, 4569
0.0480341911315918, 4568
0.0480341911315918, 4567
0.0480341911315918, 4566
0.0480341911315918, 4565
0.0480341911315918, 4564
0.0480341911315918, 4563
0.0480341911315918, 4562
0.0480341911315918, 4561
0.0480341911315918, 4560
0.0480341911315918, 4559
0.0480341911315918, 4558
0.0480341911315918, 4557
0.0480341911315918, 4556
0.0480341911315918, 4555
0.0480341911315918, 4554
0.0480341911315918, 4553
0.0480341911315918, 4552
0.06013607978820801, 3394
0.06013607978820801, 3393
0.06013607978820801, 3392
0.06013607978820801, 3391
0.06013607978820801, 3390
0.06013607978820801, 3389
0.06013607978820801, 3388
0.06013607978820801, 3387
0.06013607978820801, 3386
0.06013607978820801, 3385
0.06013607978820801, 3384
0.06013607978820801, 3383
0.06013607978820801, 3382
0.06013607978820801, 3381
0.06013607978820801, 3380
0.061136722564697266, 3379
0.061136722564697266, 3378
0.06122851371765137, 3377
0.06122851371765137, 3376
0.06122851371765137, 3375
0.06122851371765137, 3374
0.06122851371765137, 3373
0.06122851371765137, 3372
0.06122851371765137, 3371
0.06122851371765137, 3370
0.06122851371765137, 3369
0.06122851371765137, 3368
0.06122851371765137, 3367
0.06122851371765137, 3366
0.06122851371765137, 3365
0.06122851371765137, 3364
0.06122851371765137, 3363
0.06122851371765137, 3362
0.06122851371765137, 3361
0.06122851371765137, 3360
0.06122851371765137, 3359
0.06122851371765137, 3358
0.06122851371765137, 3357
0.06122851371765137, 3356
0.06213641166687012, 3355
0.06213641166687012, 3354
0.06213641166687012, 3353
0.06213641166687012, 3352
0.06213641166687012, 3351
0.06213641166687012, 3350
0.06213641166687012, 3349
0.06213641166687012, 3348
0.06213641166687012, 3347
0.06213641166687012, 3346
0.06213641166687012, 3345
0.06213641166687012, 3344
0.06213641166687012, 3343
0.06213641166687012, 3342
0.06213641166687012, 3341
0.06213641166687012, 3340
0.06213641166687012, 3339
0.06213641166687012, 3338
0.06213641166687012, 3337
0.06213641166687012, 3336
0.06213641166687012, 3335
0.06213641166687012, 3334
0.06313657760620117, 3333
0.06313657760620117, 3332
0.06313657760620117, 3331
0.06313657760620117, 3330
0.06313657760620117, 3329
0.06313657760620117, 3328
0.06313657760620117, 3327
0.06313657760620117, 3326
0.06313657760620117, 3325
0.06313657760620117, 3324
0.06313657760620117, 3323
0.06313657760620117, 3322
0.06313657760620117, 3321
0.06313657760620117, 3320
0.06313657760620117, 3319
0.06313657760620117, 3318
0.06313657760620117, 3317
0.06313657760620117, 3316
0.06313657760620117, 3315
0.06313657760620117, 3314
0.06413865089416504, 3313
0.06413865089416504, 3312
0.06413865089416504, 3311
0.06413865089416504, 3310
0.06413865089416504, 3309
0.06413865089416504, 3308
0.06413865089416504, 3307
0.06413865089416504, 3306
0.06413865089416504, 3305
0.06413865089416504, 3304
0.06413865089416504, 3303
0.06413865089416504, 3302
0.06413865089416504, 3301
0.06413865089416504, 3300
0.06413865089416504, 3299
0.06413865089416504, 3298
0.06413865089416504, 3297
0.06413865089416504, 3296
0.06413865089416504, 3295
0.06413865089416504, 3294
0.06413865089416504, 3293
0.06413865089416504, 3292
0.06413865089416504, 3291
0.06513667106628418, 3290
0.06513667106628418, 3289
0.06513667106628418, 3288
0.06513667106628418, 3287
0.06513667106628418, 3286
0.06513667106628418, 3285
0.06513667106628418, 3284
0.06513667106628418, 3283
0.06513667106628418, 3282
0.06513667106628418, 3281
0.06513667106628418, 3280
0.06513667106628418, 3279
0.06513667106628418, 3278
0.06513667106628418, 3277
0.06513667106628418, 3276
0.06513667106628418, 3275
0.06513667106628418, 3274
0.06513667106628418, 3273
0.06513667106628418, 3272
0.06513667106628418, 3271
0.06513667106628418, 3270
0.06513667106628418, 3269
0.06613683700561523, 3268
0.06613683700561523, 3267
0.06613683700561523, 3266
0.06613683700561523, 3265
0.06613683700561523, 3264
0.06613683700561523, 3263
0.06613683700561523, 3262
0.06613683700561523, 3261
0.06613683700561523, 3260
0.06613683700561523, 3259
0.06613683700561523, 3258
0.06613683700561523, 3257
0.06613683700561523, 3256
0.06613683700561523, 3255
0.06613683700561523, 3254
0.06613683700561523, 3253
0.06613683700561523, 3252
0.06613683700561523, 3251
0.06613683700561523, 3250
0.06613683700561523, 3249
0.06613683700561523, 3248
0.06613683700561523, 3247
0.06613683700561523, 3246
0.06613683700561523, 3245
0.06613683700561523, 3244
0.06613683700561523, 3243
0.06613683700561523, 3242
0.06613683700561523, 3241
0.06613683700561523, 3240
0.06613683700561523, 3239
0.06713676452636719, 3238
0.06713676452636719, 3237
0.06713676452636719, 3236
0.06713676452636719, 3235
0.06713676452636719, 3234
0.06713676452636719, 3233
0.06713676452636719, 3232
0.06713676452636719, 3231
0.06713676452636719, 3230
0.06713676452636719, 3229
0.06713676452636719, 3228
0.06713676452636719, 3227
0.06713676452636719, 3226
0.06713676452636719, 3225
0.06713676452636719, 3224
0.06713676452636719, 3223
0.06713676452636719, 3222
0.06713676452636719, 3221
0.06713676452636719, 3220
0.06713676452636719, 3219
0.06713676452636719, 3218
0.06713676452636719, 3217
0.06713676452636719, 3216
0.06713676452636719, 3215
0.06713676452636719, 3214
0.06713676452636719, 3213
0.06713676452636719, 3212
0.06713676452636719, 3211
0.06713676452636719, 3210
0.06713676452636719, 3209
0.06713676452636719, 3208
0.06713676452636719, 3207
0.06713676452636719, 3206
0.06713676452636719, 3205
0.06813740730285645, 3204
0.06813740730285645, 3203
0.06813740730285645, 3202
0.06813740730285645, 3201
0.06813740730285645, 3200
0.06813740730285645, 3199
0.06813740730285645, 3198
0.06813740730285645, 3197
0.06813740730285645, 3196
0.06813740730285645, 3195
0.06813740730285645, 3194
0.06813740730285645, 3193
0.06813740730285645, 3192
0.06813740730285645, 3191
0.06813740730285645, 3190
0.06813740730285645, 3189
0.06813740730285645, 3188
0.06813740730285645, 3187
0.06813740730285645, 3186
0.06813740730285645, 3185
0.06813740730285645, 3184
0.06813740730285645, 3183
0.06813740730285645, 3182
0.06813740730285645, 3181
0.06813740730285645, 3180
0.06813740730285645, 3179
0.06813740730285645, 3178
0.12012815475463867, 3177
0.12012815475463867, 3176
0.12012815475463867, 3175
0.12012815475463867, 3174
0.2289900779724121, 3173
0.2289900779724121, 3172
0.2289900779724121, 3171
0.2289900779724121, 3170
0.2289900779724121, 3169
0.2289900779724121, 3168
0.2289900779724121, 3167
0.2289900779724121, 3166
0.2289900779724121, 3165
0.2289900779724121, 3164
0.2289900779724121, 3163
0.2289900779724121, 3162
0.2289900779724121, 3161
0.2289900779724121, 3160
0.2289900779724121, 3159
0.2289900779724121, 3158
0.2289900779724121, 3157
0.2289900779724121, 3156
0.22999072074890137, 3155
0.22999072074890137, 3154
0.22999072074890137, 3153
0.22999072074890137, 3152
0.22999072074890137, 3151
0.22999072074890137, 3150
0.22999072074890137, 3149
0.22999072074890137, 3148
0.4062082767486572, 3147
0.4062082767486572, 3146
0.4062082767486572, 3145
0.4062082767486572, 3144
0.4062082767486572, 3143
0.4062082767486572, 3142
0.4062082767486572, 3141
0.4062082767486572, 3140
0.4062082767486572, 3139
0.4062082767486572, 3138
0.4062082767486572, 3137
0.4062082767486572, 3136
0.4062082767486572, 3135
0.4062082767486572, 3134
0.4067673683166504, 3133
2.4872865676879883, 3132
2.4872865676879883, 3131
2.4872865676879883, 3130
6.687055587768555, 3129
6.687055587768555, 3128
6.687055587768555, 3127
6.687055587768555, 3126
6.687055587768555, 3125
6.687055587768555, 3124
6.6880574226379395, 3123
6.6880574226379395, 3122
6.6880574226379395, 3121
6.6880574226379395, 3120
6.6880574226379395, 3119
