0.016225337982177734, 4874
0.016225337982177734, 4873
0.016225337982177734, 4872
0.016225337982177734, 4871
0.016225337982177734, 4870
0.016225337982177734, 4869
0.016225337982177734, 4868
0.016225337982177734, 4867
0.016225337982177734, 4866
0.016225337982177734, 4865
0.016225337982177734, 4864
0.016225337982177734, 4863
0.016225337982177734, 4862
0.016225337982177734, 4861
0.016225337982177734, 4860
0.016225337982177734, 4859
0.016225337982177734, 4858
0.016225337982177734, 4857
0.016225337982177734, 4856
0.016225337982177734, 4855
0.016225337982177734, 4854
0.016225337982177734, 4853
0.016225337982177734, 4852
0.016225337982177734, 4851
0.016225337982177734, 4850
0.016225337982177734, 4849
0.016225337982177734, 4848
0.016225337982177734, 4847
0.016225337982177734, 4846
0.016225337982177734, 4845
0.016225337982177734, 4844
0.016225337982177734, 4843
0.016225337982177734, 4842
0.017174482345581055, 4841
0.017174482345581055, 4840
0.017174482345581055, 4839
0.017174482345581055, 4838
0.017174482345581055, 4837
0.017174482345581055, 4836
0.017174482345581055, 4835
0.017174482345581055, 4834
0.017174482345581055, 4833
0.017174482345581055, 4832
0.017174482345581055, 4831
0.017174482345581055, 4830
0.017174482345581055, 4829
0.017174482345581055, 4828
0.017174482345581055, 4827
0.017174482345581055, 4826
0.017174482345581055, 4825
0.017174482345581055, 4824
0.017174482345581055, 4823
0.017174482345581055, 4822
0.017174482345581055, 4821
0.017174482345581055, 4820
0.017174482345581055, 4819
0.017174482345581055, 4818
0.017174482345581055, 4817
0.017174482345581055, 4816
0.017174482345581055, 4815
0.017174482345581055, 4814
0.017174482345581055, 4813
0.017174482345581055, 4812
0.017174482345581055, 4811
0.017174482345581055, 4810
0.017174482345581055, 4809
0.017174482345581055, 4808
0.017174482345581055, 4807
0.017174482345581055, 4806
0.017174482345581055, 4805
0.017174482345581055, 4804
0.017174482345581055, 4803
0.0181734561920166, 4802
0.0181734561920166, 4801
0.0181734561920166, 4800
0.0181734561920166, 4799
0.0181734561920166, 4798
0.0181734561920166, 4797
0.0181734561920166, 4796
0.0181734561920166, 4795
0.0181734561920166, 4794
0.0181734561920166, 4793
0.0181734561920166, 4792
0.0181734561920166, 4791
0.0181734561920166, 4790
0.0181734561920166, 4789
0.0181734561920166, 4788
0.0181734561920166, 4787
0.0181734561920166, 4786
0.0181734561920166, 4785
0.0181734561920166, 4784
0.0181734561920166, 4783
0.0181734561920166, 4782
0.0181734561920166, 4781
0.0181734561920166, 4780
0.0181734561920166, 4779
0.0181734561920166, 4778
0.0181734561920166, 4777
0.0181734561920166, 4776
0.0181734561920166, 4775
0.0181734561920166, 4774
0.0181734561920166, 4773
0.0181734561920166, 4772
0.0181734561920166, 4771
0.0181734561920166, 4770
0.0181734561920166, 4769
0.0181734561920166, 4768
0.030479907989501953, 3447
0.030479907989501953, 3446
0.030479907989501953, 3445
0.031214475631713867, 3444
0.031214475631713867, 3443
0.031214475631713867, 3442
0.031214475631713867, 3441
0.031214475631713867, 3440
0.031214475631713867, 3439
0.031214475631713867, 3438
0.031214475631713867, 3437
0.031214475631713867, 3436
0.03221321105957031, 3435
0.03221321105957031, 3434
0.03221321105957031, 3433
0.03221321105957031, 3432
0.03221321105957031, 3431
0.03221321105957031, 3430
0.033213138580322266, 3429
0.033213138580322266, 3428
0.033213138580322266, 3427
0.033213138580322266, 3426
0.033213138580322266, 3425
0.033213138580322266, 3424
0.033213138580322266, 3423
0.033213138580322266, 3422
0.033213138580322266, 3421
0.033213138580322266, 3420
0.033213138580322266, 3419
0.033213138580322266, 3418
0.03421306610107422, 3417
0.03421306610107422, 3416
0.03421306610107422, 3415
0.03421306610107422, 3414
0.03421306610107422, 3413
0.03421306610107422, 3412
0.03421306610107422, 3411
0.03421306610107422, 3410
0.03421306610107422, 3409
0.03421306610107422, 3408
0.03421306610107422, 3407
0.03421306610107422, 3406
0.03566861152648926, 3405
0.03566861152648926, 3404
0.03566861152648926, 3403
0.03621363639831543, 3402
0.03621363639831543, 3401
0.03621363639831543, 3400
0.03621363639831543, 3399
0.03621363639831543, 3398
0.03621363639831543, 3397
0.03621363639831543, 3396
0.03621363639831543, 3395
0.03721451759338379, 3394
0.03721451759338379, 3393
0.03721451759338379, 3392
0.03721451759338379, 3391
0.03721451759338379, 3390
0.03721451759338379, 3389
0.03721451759338379, 3388
0.03721451759338379, 3387
0.03721451759338379, 3386
0.03721451759338379, 3385
0.03721451759338379, 3384
0.03721451759338379, 3383
0.03721451759338379, 3382
0.03721451759338379, 3381
0.03821396827697754, 3380
0.03821396827697754, 3379
0.03821396827697754, 3378
0.03821396827697754, 3377
0.03821396827697754, 3376
0.03821396827697754, 3375
0.03821396827697754, 3374
0.03821396827697754, 3373
0.039214134216308594, 3372
0.039214134216308594, 3371
0.039214134216308594, 3370
0.039214134216308594, 3369
0.039214134216308594, 3368
0.039214134216308594, 3367
0.039214134216308594, 3366
0.039214134216308594, 3365
0.039214134216308594, 3364
0.039214134216308594, 3363
0.039214134216308594, 3362
0.039214134216308594, 3361
0.039214134216308594, 3360
0.039214134216308594, 3359
0.039214134216308594, 3358
0.040213823318481445, 3357
0.040213823318481445, 3356
0.040213823318481445, 3355
0.040213823318481445, 3354
0.040213823318481445, 3353
0.040213823318481445, 3352
0.040213823318481445, 3351
0.040213823318481445, 3350
0.04121279716491699, 3349
0.04121279716491699, 3348
0.04121279716491699, 3347
0.04121279716491699, 3346
0.04121279716491699, 3345
0.04121279716491699, 3344
0.04121279716491699, 3343
0.04121279716491699, 3342
0.04121279716491699, 3341
0.04121279716491699, 3340
0.04121279716491699, 3339
0.04121279716491699, 3338
0.04221367835998535, 3337
0.04221367835998535, 3336
0.04221367835998535, 3335
0.04221367835998535, 3334
0.04221367835998535, 3333
0.04221367835998535, 3332
0.04221367835998535, 3331
0.04221367835998535, 3330
0.04221367835998535, 3329
0.04221367835998535, 3328
0.04221367835998535, 3327
0.043213844299316406, 3326
0.043213844299316406, 3325
0.043213844299316406, 3324
0.043213844299316406, 3323
0.043213844299316406, 3322
0.043213844299316406, 3321
0.043213844299316406, 3320
0.043213844299316406, 3319
0.043213844299316406, 3318
0.043213844299316406, 3317
0.043213844299316406, 3316
0.043213844299316406, 3315
0.043213844299316406, 3314
0.043213844299316406, 3313
0.043213844299316406, 3312
0.043213844299316406, 3311
0.043213844299316406, 3310
0.043213844299316406, 3309
0.043213844299316406, 3308
0.04421353340148926, 3307
0.04421353340148926, 3306
0.04421353340148926, 3305
0.04421353340148926, 3304
0.04421353340148926, 3303
0.04421353340148926, 3302
0.04421353340148926, 3301
0.04421353340148926, 3300
0.04421353340148926, 3299
0.04421353340148926, 3298
0.04421353340148926, 3297
0.04421353340148926, 3296
0.04421353340148926, 3295
0.045214176177978516, 3294
0.045214176177978516, 3293
0.045214176177978516, 3292
0.045214176177978516, 3291
0.045214176177978516, 3290
0.045214176177978516, 3289
0.045214176177978516, 3288
0.045214176177978516, 3287
0.045214176177978516, 3286
0.045214176177978516, 3285
0.045214176177978516, 3284
0.045214176177978516, 3283
0.045214176177978516, 3282
0.045214176177978516, 3281
0.045214176177978516, 3280
0.045214176177978516, 3279
0.045214176177978516, 3278
0.04621386528015137, 3277
0.046312808990478516, 3276
0.046312808990478516, 3275
0.046312808990478516, 3274
0.046312808990478516, 3273
0.04654335975646973, 3272
0.04654335975646973, 3271
0.04654335975646973, 3270
0.04654335975646973, 3269
0.04654335975646973, 3268
0.04654335975646973, 3267
0.04654335975646973, 3266
0.04654335975646973, 3265
0.04654335975646973, 3264
0.04654335975646973, 3263
0.04654335975646973, 3262
0.04654335975646973, 3261
0.04654335975646973, 3260
0.04654335975646973, 3259
0.04654335975646973, 3258
0.04654335975646973, 3257
0.04721474647521973, 3256
0.04721474647521973, 3255
0.04721474647521973, 3254
0.04721474647521973, 3253
0.04721474647521973, 3252
0.04721474647521973, 3251
0.04721474647521973, 3250
0.04721474647521973, 3249
0.04721474647521973, 3248
0.04721474647521973, 3247
0.04721474647521973, 3246
0.04721474647521973, 3245
0.04721474647521973, 3244
0.04721474647521973, 3243
0.04721474647521973, 3242
0.04721474647521973, 3241
0.04721474647521973, 3240
0.04721474647521973, 3239
0.04721474647521973, 3238
0.04721474647521973, 3237
0.048215389251708984, 3236
0.048215389251708984, 3235
0.04842329025268555, 3234
0.04842329025268555, 3233
0.04842329025268555, 3232
0.04842329025268555, 3231
0.04842329025268555, 3230
0.04842329025268555, 3229
0.04842329025268555, 3228
0.04842329025268555, 3227
0.04842329025268555, 3226
0.04842329025268555, 3225
0.04842329025268555, 3224
0.04842329025268555, 3223
0.04842329025268555, 3222
0.04842329025268555, 3221
0.04842329025268555, 3220
0.04842329025268555, 3219
0.04842329025268555, 3218
0.04842329025268555, 3217
0.04842329025268555, 3216
0.04921579360961914, 3215
0.04921579360961914, 3214
0.04921579360961914, 3213
0.04921579360961914, 3212
0.04921579360961914, 3211
0.04921579360961914, 3210
0.04921579360961914, 3209
0.04921579360961914, 3208
0.04921579360961914, 3207
0.04921579360961914, 3206
0.04921579360961914, 3205
0.04921579360961914, 3204
0.04921579360961914, 3203
0.04921579360961914, 3202
0.04921579360961914, 3201
0.04921579360961914, 3200
0.04921579360961914, 3199
0.05021500587463379, 3198
0.05021500587463379, 3197
0.05021500587463379, 3196
0.05021500587463379, 3195
0.05021500587463379, 3194
0.05021500587463379, 3193
0.05021500587463379, 3192
0.05021500587463379, 3191
0.05021500587463379, 3190
0.05021500587463379, 3189
0.05021500587463379, 3188
0.05021500587463379, 3187
0.05021500587463379, 3186
0.05021500587463379, 3185
0.05021500587463379, 3184
0.05021500587463379, 3183
0.05021500587463379, 3182
0.051213979721069336, 3181
0.051213979721069336, 3180
0.051213979721069336, 3179
0.051213979721069336, 3178
0.051213979721069336, 3177
0.051213979721069336, 3176
0.051213979721069336, 3175
0.051213979721069336, 3174
0.051213979721069336, 3173
0.051213979721069336, 3172
0.051213979721069336, 3171
0.051213979721069336, 3170
0.051213979721069336, 3169
0.051213979721069336, 3168
0.051213979721069336, 3167
0.051213979721069336, 3166
0.051213979721069336, 3165
0.052216291427612305, 3164
0.052216291427612305, 3163
0.5020875930786133, 3162
0.5020875930786133, 3161
0.5020875930786133, 3160
0.5020875930786133, 3159
0.5020875930786133, 3158
0.5030868053436279, 3157
0.5030868053436279, 3156
0.5030868053436279, 3155
0.5030868053436279, 3154
0.5030868053436279, 3153
0.5030868053436279, 3152
0.9660871028900146, 3151
0.9660871028900146, 3150
0.9660871028900146, 3149
1.447946548461914, 3148
1.447946548461914, 3147
1.447946548461914, 3146
1.447946548461914, 3145
1.447946548461914, 3144
2.6848771572113037, 3143
2.6848771572113037, 3142
2.6848771572113037, 3141
2.6848771572113037, 3140
3.060110330581665, 3139
3.060110330581665, 3138
3.060110330581665, 3137
3.060110330581665, 3136
3.060110330581665, 3135
3.060110330581665, 3134
3.060110330581665, 3133
4.376134395599365, 3132
4.376134395599365, 3131
5.48520565032959, 3130
5.48520565032959, 3129
5.48520565032959, 3128
5.48520565032959, 3127
5.48520565032959, 3126
5.48520565032959, 3125
5.48520565032959, 3124
5.48520565032959, 3123
5.48520565032959, 3122
5.48520565032959, 3121
5.48520565032959, 3120
5.48520565032959, 3119
5.48520565032959, 3118
