0.019028425216674805, 4881
0.019028425216674805, 4880
0.019028425216674805, 4879
0.019028425216674805, 4878
0.019028425216674805, 4877
0.019028425216674805, 4876
0.019028425216674805, 4875
0.019028425216674805, 4874
0.019028425216674805, 4873
0.019028425216674805, 4872
0.019028425216674805, 4871
0.019028425216674805, 4870
0.019028425216674805, 4869
0.019028425216674805, 4868
0.019028425216674805, 4867
0.019028425216674805, 4866
0.019028425216674805, 4865
0.019028425216674805, 4864
0.019028425216674805, 4863
0.019028425216674805, 4862
0.019028425216674805, 4861
0.019028425216674805, 4860
0.019028425216674805, 4859
0.019028425216674805, 4858
0.019028425216674805, 4857
0.019028425216674805, 4856
0.02003026008605957, 4855
0.02003026008605957, 4854
0.02003026008605957, 4853
0.02003026008605957, 4852
0.02003026008605957, 4851
0.02003026008605957, 4850
0.02003026008605957, 4849
0.02003026008605957, 4848
0.02003026008605957, 4847
0.02003026008605957, 4846
0.02003026008605957, 4845
0.02003026008605957, 4844
0.02003026008605957, 4843
0.02003026008605957, 4842
0.02003026008605957, 4841
0.02003026008605957, 4840
0.02003026008605957, 4839
0.02003026008605957, 4838
0.02003026008605957, 4837
0.02003026008605957, 4836
0.02003026008605957, 4835
0.02003026008605957, 4834
0.02003026008605957, 4833
0.02003026008605957, 4832
0.02003026008605957, 4831
0.02003026008605957, 4830
0.02003026008605957, 4829
0.02003026008605957, 4828
0.02003026008605957, 4827
0.02003026008605957, 4826
0.02003026008605957, 4825
0.02003026008605957, 4824
0.02003026008605957, 4823
0.02003026008605957, 4822
0.02003026008605957, 4821
0.02003026008605957, 4820
0.02003026008605957, 4819
0.02003026008605957, 4818
0.02003026008605957, 4817
0.02003026008605957, 4816
0.02003026008605957, 4815
0.021029233932495117, 4814
0.021029233932495117, 4813
0.021029233932495117, 4812
0.021029233932495117, 4811
0.021029233932495117, 4810
0.021029233932495117, 4809
0.021029233932495117, 4808
0.021029233932495117, 4807
0.021029233932495117, 4806
0.021029233932495117, 4805
0.021029233932495117, 4804
0.021029233932495117, 4803
0.021029233932495117, 4802
0.021029233932495117, 4801
0.021029233932495117, 4800
0.021029233932495117, 4799
0.021029233932495117, 4798
0.021029233932495117, 4797
0.021029233932495117, 4796
0.021029233932495117, 4795
0.021029233932495117, 4794
0.021029233932495117, 4793
0.021029233932495117, 4792
0.021029233932495117, 4791
0.021029233932495117, 4790
0.021029233932495117, 4789
0.021029233932495117, 4788
0.021029233932495117, 4787
0.021029233932495117, 4786
0.021029233932495117, 4785
0.021029233932495117, 4784
0.021029233932495117, 4783
0.021029233932495117, 4782
0.021029233932495117, 4781
0.021029233932495117, 4780
0.021029233932495117, 4779
0.021029233932495117, 4778
0.021029233932495117, 4777
0.021029233932495117, 4776
0.021029233932495117, 4775
0.021029233932495117, 4774
0.022029399871826172, 4773
0.022029399871826172, 4772
0.022029399871826172, 4771
0.022029399871826172, 4770
0.022029399871826172, 4769
0.022029399871826172, 4768
0.022029399871826172, 4767
0.022029399871826172, 4766
0.022029399871826172, 4765
0.022029399871826172, 4764
0.022029399871826172, 4763
0.022029399871826172, 4762
0.022029399871826172, 4761
0.022029399871826172, 4760
0.022029399871826172, 4759
0.022029399871826172, 4758
0.022029399871826172, 4757
0.022029399871826172, 4756
0.022029399871826172, 4755
0.022029399871826172, 4754
0.022029399871826172, 4753
0.022029399871826172, 4752
0.022029399871826172, 4751
0.022029399871826172, 4750
0.022029399871826172, 4749
0.022029399871826172, 4748
0.022029399871826172, 4747
0.022029399871826172, 4746
0.022029399871826172, 4745
0.022029399871826172, 4744
0.022029399871826172, 4743
0.022029399871826172, 4742
0.022029399871826172, 4741
0.022029399871826172, 4740
0.022029399871826172, 4739
0.022029399871826172, 4738
0.022029399871826172, 4737
0.022029399871826172, 4736
0.022029399871826172, 4735
0.022029399871826172, 4734
0.022029399871826172, 4733
0.023029327392578125, 4732
0.023029327392578125, 4731
0.023029327392578125, 4730
0.023029327392578125, 4729
0.023029327392578125, 4728
0.023029327392578125, 4727
0.023029327392578125, 4726
0.023029327392578125, 4725
0.023029327392578125, 4724
0.023029327392578125, 4723
0.023029327392578125, 4722
0.023029327392578125, 4721
0.023029327392578125, 4720
0.023029327392578125, 4719
0.023029327392578125, 4718
0.023029327392578125, 4717
0.023029327392578125, 4716
0.023029327392578125, 4715
0.023029327392578125, 4714
0.023029327392578125, 4713
0.023029327392578125, 4712
0.023029327392578125, 4711
0.023029327392578125, 4710
0.023029327392578125, 4709
0.023029327392578125, 4708
0.023029327392578125, 4707
0.023029327392578125, 4706
0.023029327392578125, 4705
0.023029327392578125, 4704
0.023029327392578125, 4703
0.023029327392578125, 4702
0.023029327392578125, 4701
0.023029327392578125, 4700
0.023029327392578125, 4699
0.023029327392578125, 4698
0.023029327392578125, 4697
0.023029327392578125, 4696
0.023029327392578125, 4695
0.023029327392578125, 4694
0.023029327392578125, 4693
0.023029327392578125, 4692
0.024029970169067383, 4691
0.024029970169067383, 4690
0.024029970169067383, 4689
0.024029970169067383, 4688
0.024029970169067383, 4687
0.024029970169067383, 4686
0.024029970169067383, 4685
0.024029970169067383, 4684
0.024029970169067383, 4683
0.024029970169067383, 4682
0.024029970169067383, 4681
0.024029970169067383, 4680
0.024029970169067383, 4679
0.024029970169067383, 4678
0.024029970169067383, 4677
0.024029970169067383, 4676
0.024029970169067383, 4675
0.024029970169067383, 4674
0.024029970169067383, 4673
0.024029970169067383, 4672
0.024029970169067383, 4671
0.024029970169067383, 4670
0.024029970169067383, 4669
0.024029970169067383, 4668
0.024029970169067383, 4667
0.024029970169067383, 4666
0.024029970169067383, 4665
0.024029970169067383, 4664
0.024029970169067383, 4663
0.024029970169067383, 4662
0.024029970169067383, 4661
0.024029970169067383, 4660
0.024029970169067383, 4659
0.024029970169067383, 4658
0.024029970169067383, 4657
0.024029970169067383, 4656
0.024029970169067383, 4655
0.024029970169067383, 4654
0.025029897689819336, 4653
0.025029897689819336, 4652
0.025029897689819336, 4651
0.025029897689819336, 4650
0.025029897689819336, 4649
0.02515697479248047, 4648
0.02515697479248047, 4647
0.06902837753295898, 3429
0.06902837753295898, 3428
0.06902837753295898, 3427
0.06902837753295898, 3426
0.06902837753295898, 3425
0.06902837753295898, 3424
0.06902837753295898, 3423
0.07002782821655273, 3422
0.07002782821655273, 3421
0.07002782821655273, 3420
0.07002782821655273, 3419
0.07002782821655273, 3418
0.07002782821655273, 3417
0.07002782821655273, 3416
0.07002782821655273, 3415
0.07002782821655273, 3414
0.07002782821655273, 3413
0.07002782821655273, 3412
0.07002782821655273, 3411
0.07002782821655273, 3410
0.07002782821655273, 3409
0.07002782821655273, 3408
0.0710294246673584, 3407
0.0710294246673584, 3406
0.0710294246673584, 3405
0.0710294246673584, 3404
0.0710294246673584, 3403
0.0710294246673584, 3402
0.0710294246673584, 3401
0.0710294246673584, 3400
0.0710294246673584, 3399
0.0710294246673584, 3398
0.0710294246673584, 3397
0.0710294246673584, 3396
0.0710294246673584, 3395
0.07203030586242676, 3394
0.07203030586242676, 3393
0.07203030586242676, 3392
0.07203030586242676, 3391
0.07203030586242676, 3390
0.07203030586242676, 3389
0.07203030586242676, 3388
0.07203030586242676, 3387
0.07203030586242676, 3386
0.07203030586242676, 3385
0.07203030586242676, 3384
0.07203030586242676, 3383
0.07203030586242676, 3382
0.07203030586242676, 3381
0.07203030586242676, 3380
0.07203030586242676, 3379
0.07203030586242676, 3378
0.07203030586242676, 3377
0.07203030586242676, 3376
0.07203030586242676, 3375
0.0730295181274414, 3374
0.0730295181274414, 3373
0.0730295181274414, 3372
0.0730295181274414, 3371
0.0730295181274414, 3370
0.0730295181274414, 3369
0.0730295181274414, 3368
0.0730295181274414, 3367
0.0730295181274414, 3366
0.0730295181274414, 3365
0.0730295181274414, 3364
0.0730295181274414, 3363
0.0730295181274414, 3362
0.0730295181274414, 3361
0.0730295181274414, 3360
0.0730295181274414, 3359
0.0730295181274414, 3358
0.0730295181274414, 3357
0.0730295181274414, 3356
0.0730295181274414, 3355
0.0730295181274414, 3354
0.07381558418273926, 3353
0.07381558418273926, 3352
0.07381558418273926, 3351
0.07381558418273926, 3350
0.07381558418273926, 3349
0.07402896881103516, 3348
0.07402896881103516, 3347
0.07402896881103516, 3346
0.07402896881103516, 3345
0.07402896881103516, 3344
0.07402896881103516, 3343
0.07402896881103516, 3342
0.07402896881103516, 3341
0.07402896881103516, 3340
0.07402896881103516, 3339
0.07402896881103516, 3338
0.07402896881103516, 3337
0.07402896881103516, 3336
0.07402896881103516, 3335
0.07402896881103516, 3334
0.07402896881103516, 3333
0.07402896881103516, 3332
0.07402896881103516, 3331
0.07402896881103516, 3330
0.07402896881103516, 3329
0.07402896881103516, 3328
0.07402896881103516, 3327
0.07402896881103516, 3326
0.07402896881103516, 3325
0.07402896881103516, 3324
0.07402896881103516, 3323
0.07402896881103516, 3322
0.07402896881103516, 3321
0.07503104209899902, 3320
0.07503104209899902, 3319
0.07503104209899902, 3318
0.07503104209899902, 3317
0.07503104209899902, 3316
0.07503104209899902, 3315
0.07503104209899902, 3314
0.07503104209899902, 3313
0.07503104209899902, 3312
0.07503104209899902, 3311
0.07503104209899902, 3310
0.07503104209899902, 3309
0.07503104209899902, 3308
0.07503104209899902, 3307
0.07503104209899902, 3306
0.07503104209899902, 3305
0.07503104209899902, 3304
0.07503104209899902, 3303
0.07503104209899902, 3302
0.07503104209899902, 3301
0.07503104209899902, 3300
0.07503104209899902, 3299
0.07503104209899902, 3298
0.07503104209899902, 3297
0.07503104209899902, 3296
0.07503104209899902, 3295
0.07503104209899902, 3294
0.07503104209899902, 3293
0.07603025436401367, 3292
0.07603025436401367, 3291
0.07603025436401367, 3290
0.07603025436401367, 3289
0.07603025436401367, 3288
0.07603025436401367, 3287
0.07603025436401367, 3286
0.07603025436401367, 3285
0.07603025436401367, 3284
0.07603025436401367, 3283
0.07603025436401367, 3282
0.07603025436401367, 3281
0.07603025436401367, 3280
0.07603025436401367, 3279
0.07603025436401367, 3278
0.07603025436401367, 3277
0.07603025436401367, 3276
0.07603025436401367, 3275
0.07603025436401367, 3274
0.07603025436401367, 3273
0.07603025436401367, 3272
0.07603025436401367, 3271
0.07603025436401367, 3270
0.07603025436401367, 3269
0.07603025436401367, 3268
0.07703113555908203, 3267
0.07703113555908203, 3266
0.07703113555908203, 3265
0.07703113555908203, 3264
0.07703113555908203, 3263
0.07703113555908203, 3262
0.07703113555908203, 3261
0.07703113555908203, 3260
0.07703113555908203, 3259
0.07703113555908203, 3258
0.07703113555908203, 3257
0.07703113555908203, 3256
0.07703113555908203, 3255
0.07703113555908203, 3254
0.07703113555908203, 3253
0.07703113555908203, 3252
0.07703113555908203, 3251
0.07703113555908203, 3250
0.07703113555908203, 3249
0.07703113555908203, 3248
0.07703113555908203, 3247
0.07703113555908203, 3246
0.07703113555908203, 3245
0.07703113555908203, 3244
0.07703113555908203, 3243
0.07703113555908203, 3242
0.07703113555908203, 3241
0.07703113555908203, 3240
0.07703113555908203, 3239
0.07703113555908203, 3238
0.07803058624267578, 3237
0.07803058624267578, 3236
0.07803058624267578, 3235
0.07803058624267578, 3234
0.07803058624267578, 3233
0.07803058624267578, 3232
0.07803058624267578, 3231
0.07803058624267578, 3230
0.07803058624267578, 3229
0.07803058624267578, 3228
0.07803058624267578, 3227
0.07803058624267578, 3226
0.07803058624267578, 3225
0.07803058624267578, 3224
0.07803058624267578, 3223
0.07803058624267578, 3222
0.07803058624267578, 3221
0.07803058624267578, 3220
0.07803058624267578, 3219
0.07803058624267578, 3218
0.07803058624267578, 3217
0.07803058624267578, 3216
0.07803058624267578, 3215
0.07803058624267578, 3214
0.07803058624267578, 3213
0.07803058624267578, 3212
0.07803058624267578, 3211
0.07803058624267578, 3210
0.07803058624267578, 3209
0.07803058624267578, 3208
0.07803058624267578, 3207
0.07803058624267578, 3206
0.07902956008911133, 3205
0.07902956008911133, 3204
0.07912278175354004, 3203
0.07912278175354004, 3202
0.07912278175354004, 3201
0.07912278175354004, 3200
0.07912278175354004, 3199
0.07912278175354004, 3198
0.07912278175354004, 3197
0.07912278175354004, 3196
0.07912278175354004, 3195
0.07912278175354004, 3194
0.07912278175354004, 3193
0.07912278175354004, 3192
0.07912278175354004, 3191
0.07912278175354004, 3190
0.07912278175354004, 3189
0.07912278175354004, 3188
0.07912278175354004, 3187
0.07912278175354004, 3186
0.07912278175354004, 3185
0.07912278175354004, 3184
0.07912278175354004, 3183
0.07912278175354004, 3182
0.07912278175354004, 3181
0.07912278175354004, 3180
0.07912278175354004, 3179
0.07912278175354004, 3178
0.07912278175354004, 3177
0.07912278175354004, 3176
0.07912278175354004, 3175
0.07912278175354004, 3174
0.08002853393554688, 3173
0.08002853393554688, 3172
0.08002853393554688, 3171
0.08002853393554688, 3170
0.08002853393554688, 3169
0.08002853393554688, 3168
0.08002853393554688, 3167
0.08002853393554688, 3166
0.08002853393554688, 3165
0.08002853393554688, 3164
0.08002853393554688, 3163
0.08002853393554688, 3162
0.08002853393554688, 3161
0.08002853393554688, 3160
0.08002853393554688, 3159
0.08002853393554688, 3158
0.13203048706054688, 3157
0.13203048706054688, 3156
0.13203048706054688, 3155
0.13203048706054688, 3154
0.13203048706054688, 3153
0.13203048706054688, 3152
0.13203048706054688, 3151
0.13203048706054688, 3150
0.13203048706054688, 3149
0.13203048706054688, 3148
0.13203048706054688, 3147
0.13203048706054688, 3146
0.13203048706054688, 3145
0.13203048706054688, 3144
0.13203048706054688, 3143
0.13203048706054688, 3142
0.13203048706054688, 3141
0.13203048706054688, 3140
0.13203048706054688, 3139
0.13203048706054688, 3138
0.13203048706054688, 3137
0.13303065299987793, 3136
0.13303065299987793, 3135
0.13303065299987793, 3134
0.13303065299987793, 3133
2.0040948390960693, 3132
2.0040948390960693, 3131
2.0040948390960693, 3130
6.243958234786987, 3129
6.243958234786987, 3128
6.243958234786987, 3127
6.243958234786987, 3126
6.2449586391448975, 3125
6.2449586391448975, 3124
6.2449586391448975, 3123
6.2449586391448975, 3122
6.2449586391448975, 3121
6.2449586391448975, 3120
6.2449586391448975, 3119
6.2449586391448975, 3118
6.2449586391448975, 3117
6.2449586391448975, 3116
6.2449586391448975, 3115
6.2449586391448975, 3114
6.2449586391448975, 3113
6.2449586391448975, 3112
6.2449586391448975, 3111
6.2449586391448975, 3110
6.2449586391448975, 3109
6.2449586391448975, 3108
6.2449586391448975, 3107
6.2449586391448975, 3106
6.2449586391448975, 3105
6.2449586391448975, 3104
6.2449586391448975, 3103
6.2449586391448975, 3102
6.2449586391448975, 3101
6.2449586391448975, 3100
