0.017016172409057617, 4936
0.017016172409057617, 4935
0.017016172409057617, 4934
0.018015623092651367, 4933
0.018015623092651367, 4932
0.018015623092651367, 4931
0.018015623092651367, 4930
0.018015623092651367, 4929
0.018015623092651367, 4928
0.018015623092651367, 4927
0.018015623092651367, 4926
0.018015623092651367, 4925
0.018015623092651367, 4924
0.018015623092651367, 4923
0.018015623092651367, 4922
0.018015623092651367, 4921
0.018015623092651367, 4920
0.01851677894592285, 4919
0.01851677894592285, 4918
0.01851677894592285, 4917
0.01851677894592285, 4916
0.01851677894592285, 4915
0.01851677894592285, 4914
0.01851677894592285, 4913
0.01851677894592285, 4912
0.01851677894592285, 4911
0.01851677894592285, 4910
0.01851677894592285, 4909
0.01851677894592285, 4908
0.01851677894592285, 4907
0.01851677894592285, 4906
0.019016027450561523, 4905
0.019016027450561523, 4904
0.019016027450561523, 4903
0.019016027450561523, 4902
0.019016027450561523, 4901
0.019016027450561523, 4900
0.019016027450561523, 4899
0.019016027450561523, 4898
0.019016027450561523, 4897
0.019016027450561523, 4896
0.019016027450561523, 4895
0.019016027450561523, 4894
0.019016027450561523, 4893
0.019016027450561523, 4892
0.019016027450561523, 4891
0.019016027450561523, 4890
0.019016027450561523, 4889
0.019016027450561523, 4888
0.019016027450561523, 4887
0.019016027450561523, 4886
0.019016027450561523, 4885
0.019016027450561523, 4884
0.019016027450561523, 4883
0.019016027450561523, 4882
0.019016027450561523, 4881
0.019016027450561523, 4880
0.019016027450561523, 4879
0.019016027450561523, 4878
0.019016027450561523, 4877
0.020016908645629883, 4876
0.020016908645629883, 4875
0.020016908645629883, 4874
0.020016908645629883, 4873
0.020016908645629883, 4872
0.020016908645629883, 4871
0.020016908645629883, 4870
0.020016908645629883, 4869
0.020016908645629883, 4868
0.020016908645629883, 4867
0.020016908645629883, 4866
0.020016908645629883, 4865
0.020016908645629883, 4864
0.020016908645629883, 4863
0.020016908645629883, 4862
0.020016908645629883, 4861
0.020016908645629883, 4860
0.020016908645629883, 4859
0.020016908645629883, 4858
0.020016908645629883, 4857
0.020016908645629883, 4856
0.020016908645629883, 4855
0.020016908645629883, 4854
0.020016908645629883, 4853
0.020016908645629883, 4852
0.020016908645629883, 4851
0.020016908645629883, 4850
0.020016908645629883, 4849
0.02101731300354004, 4848
0.02101731300354004, 4847
0.02101731300354004, 4846
0.02101731300354004, 4845
0.02101731300354004, 4844
0.02101731300354004, 4843
0.02101731300354004, 4842
0.02101731300354004, 4841
0.02101731300354004, 4840
0.02101731300354004, 4839
0.02101731300354004, 4838
0.02101731300354004, 4837
0.02101731300354004, 4836
0.02101731300354004, 4835
0.02101731300354004, 4834
0.02101731300354004, 4833
0.02101731300354004, 4832
0.02101731300354004, 4831
0.02101731300354004, 4830
0.02101731300354004, 4829
0.02101731300354004, 4828
0.02101731300354004, 4827
0.02101731300354004, 4826
0.02101731300354004, 4825
0.02101731300354004, 4824
0.02101731300354004, 4823
0.02101731300354004, 4822
0.02101731300354004, 4821
0.02101731300354004, 4820
0.02201676368713379, 4819
0.02201676368713379, 4818
0.02201676368713379, 4817
0.02201676368713379, 4816
0.02201676368713379, 4815
0.02201676368713379, 4814
0.02201676368713379, 4813
0.02201676368713379, 4812
0.02201676368713379, 4811
0.02201676368713379, 4810
0.02201676368713379, 4809
0.02201676368713379, 4808
0.02201676368713379, 4807
0.02201676368713379, 4806
0.02201676368713379, 4805
0.02201676368713379, 4804
0.02201676368713379, 4803
0.02201676368713379, 4802
0.02201676368713379, 4801
0.02201676368713379, 4800
0.02201676368713379, 4799
0.02201676368713379, 4798
0.02201676368713379, 4797
0.02201676368713379, 4796
0.022876977920532227, 4795
0.022876977920532227, 4794
0.022876977920532227, 4793
0.023015975952148438, 4792
0.023015975952148438, 4791
0.023015975952148438, 4790
0.023015975952148438, 4789
0.023015975952148438, 4788
0.023015975952148438, 4787
0.023015975952148438, 4786
0.023015975952148438, 4785
0.023015975952148438, 4784
0.023015975952148438, 4783
0.023015975952148438, 4782
0.023015975952148438, 4781
0.023015975952148438, 4780
0.023015975952148438, 4779
0.023015975952148438, 4778
0.023015975952148438, 4777
0.023015975952148438, 4776
0.023015975952148438, 4775
0.023015975952148438, 4774
0.023015975952148438, 4773
0.023015975952148438, 4772
0.023015975952148438, 4771
0.023015975952148438, 4770
0.023015975952148438, 4769
0.023015975952148438, 4768
0.023015975952148438, 4767
0.023015975952148438, 4766
0.023015975952148438, 4765
0.023015975952148438, 4764
0.024015188217163086, 4763
0.024015188217163086, 4762
0.024015188217163086, 4761
0.024015188217163086, 4760
0.024015188217163086, 4759
0.024015188217163086, 4758
0.024015188217163086, 4757
0.024015188217163086, 4756
0.024015188217163086, 4755
0.024015188217163086, 4754
0.024015188217163086, 4753
0.024015188217163086, 4752
0.024015188217163086, 4751
0.024015188217163086, 4750
0.024015188217163086, 4749
0.024015188217163086, 4748
0.024015188217163086, 4747
0.024015188217163086, 4746
0.024015188217163086, 4745
0.024015188217163086, 4744
0.024015188217163086, 4743
0.024015188217163086, 4742
0.024015188217163086, 4741
0.024015188217163086, 4740
0.024015188217163086, 4739
0.024015188217163086, 4738
0.024015188217163086, 4737
0.024015188217163086, 4736
0.02501654624938965, 4735
0.02501654624938965, 4734
0.02501654624938965, 4733
0.02501654624938965, 4732
0.02501654624938965, 4731
0.02501654624938965, 4730
0.02501654624938965, 4729
0.02501654624938965, 4728
0.02501654624938965, 4727
0.02501654624938965, 4726
0.02501654624938965, 4725
0.02501654624938965, 4724
0.02501654624938965, 4723
0.02501654624938965, 4722
0.02501654624938965, 4721
0.02501654624938965, 4720
0.02501654624938965, 4719
0.02501654624938965, 4718
0.02501654624938965, 4717
0.02501654624938965, 4716
0.02501654624938965, 4715
0.02501654624938965, 4714
0.02501654624938965, 4713
0.02501654624938965, 4712
0.02501654624938965, 4711
0.02501654624938965, 4710
0.02501654624938965, 4709
0.02501654624938965, 4708
0.026015281677246094, 4707
0.026015281677246094, 4706
0.026015281677246094, 4705
0.026015281677246094, 4704
0.026015281677246094, 4703
0.026015281677246094, 4702
0.026015281677246094, 4701
0.026015281677246094, 4700
0.026015281677246094, 4699
0.026015281677246094, 4698
0.026015281677246094, 4697
0.026015281677246094, 4696
0.026015281677246094, 4695
0.026015281677246094, 4694
0.026015281677246094, 4693
0.026015281677246094, 4692
0.026015281677246094, 4691
0.026015281677246094, 4690
0.026015281677246094, 4689
0.026015281677246094, 4688
0.026015281677246094, 4687
0.026015281677246094, 4686
0.026015281677246094, 4685
0.026015281677246094, 4684
0.026015281677246094, 4683
0.026015281677246094, 4682
0.026015281677246094, 4681
0.026015281677246094, 4680
0.02701544761657715, 4679
0.02701544761657715, 4678
0.02701544761657715, 4677
0.02701544761657715, 4676
0.02701544761657715, 4675
0.02701544761657715, 4674
0.02701544761657715, 4673
0.02701544761657715, 4672
0.02701544761657715, 4671
0.02701544761657715, 4670
0.02701544761657715, 4669
0.02701544761657715, 4668
0.02701544761657715, 4667
0.02751445770263672, 4666
0.02751445770263672, 4665
0.02751445770263672, 4664
0.02751445770263672, 4663
0.02751445770263672, 4662
0.02751445770263672, 4661
0.02751445770263672, 4660
0.02751445770263672, 4659
0.02751445770263672, 4658
0.02751445770263672, 4657
0.02751445770263672, 4656
0.02751445770263672, 4655
0.04101729393005371, 3296
0.04101729393005371, 3295
0.04101729393005371, 3294
0.04201698303222656, 3293
0.04201698303222656, 3292
0.04201698303222656, 3291
0.04201698303222656, 3290
0.04201698303222656, 3289
0.04201698303222656, 3288
0.04201698303222656, 3287
0.04201698303222656, 3286
0.04201698303222656, 3285
0.04201698303222656, 3284
0.04201698303222656, 3283
0.04201698303222656, 3282
0.04201698303222656, 3281
0.04201698303222656, 3280
0.04201698303222656, 3279
0.04201698303222656, 3278
0.04201698303222656, 3277
0.04201698303222656, 3276
0.04201698303222656, 3275
0.04201698303222656, 3274
0.04201698303222656, 3273
0.04201698303222656, 3272
0.04201698303222656, 3271
0.04201698303222656, 3270
0.04201698303222656, 3269
0.04201698303222656, 3268
0.04201698303222656, 3267
0.043016910552978516, 3266
0.043016910552978516, 3265
0.043016910552978516, 3264
0.043016910552978516, 3263
0.043016910552978516, 3262
0.043016910552978516, 3261
0.043016910552978516, 3260
0.043016910552978516, 3259
0.043016910552978516, 3258
0.043016910552978516, 3257
0.043016910552978516, 3256
0.043016910552978516, 3255
0.043016910552978516, 3254
0.043016910552978516, 3253
0.043016910552978516, 3252
0.043016910552978516, 3251
0.043016910552978516, 3250
0.043016910552978516, 3249
0.043016910552978516, 3248
0.043016910552978516, 3247
0.043016910552978516, 3246
0.043016910552978516, 3245
0.043016910552978516, 3244
0.043016910552978516, 3243
0.043016910552978516, 3242
0.043016910552978516, 3241
0.04401707649230957, 3240
0.04401707649230957, 3239
0.04401707649230957, 3238
0.0690164566040039, 3237
0.0690164566040039, 3236
0.0690164566040039, 3235
0.0690164566040039, 3234
0.0690164566040039, 3233
0.0690164566040039, 3232
0.0690164566040039, 3231
0.0690164566040039, 3230
0.0690164566040039, 3229
0.0690164566040039, 3228
0.07001662254333496, 3227
0.07001662254333496, 3226
0.07001662254333496, 3225
0.07001662254333496, 3224
0.07001662254333496, 3223
0.07001662254333496, 3222
0.07001662254333496, 3221
0.07001662254333496, 3220
0.07001662254333496, 3219
0.07001662254333496, 3218
0.07001662254333496, 3217
0.07001662254333496, 3216
0.07001662254333496, 3215
0.07001662254333496, 3214
0.07001662254333496, 3213
0.07001662254333496, 3212
0.07001662254333496, 3211
0.07001662254333496, 3210
0.07001662254333496, 3209
0.07001662254333496, 3208
0.07001662254333496, 3207
0.07001662254333496, 3206
0.07001662254333496, 3205
0.07001662254333496, 3204
0.07001662254333496, 3203
0.07001662254333496, 3202
0.07001662254333496, 3201
0.07001662254333496, 3200
0.07001662254333496, 3199
0.07001662254333496, 3198
0.07001662254333496, 3197
0.07101774215698242, 3196
0.07101774215698242, 3195
0.07101774215698242, 3194
0.07101774215698242, 3193
0.07101774215698242, 3192
0.07101774215698242, 3191
0.07101774215698242, 3190
0.07101774215698242, 3189
0.07101774215698242, 3188
0.07101774215698242, 3187
0.07101774215698242, 3186
0.07101774215698242, 3185
0.07101774215698242, 3184
0.07101774215698242, 3183
0.07101774215698242, 3182
0.07101774215698242, 3181
0.07101774215698242, 3180
0.07101774215698242, 3179
0.07101774215698242, 3178
0.07101774215698242, 3177
0.07101774215698242, 3176
0.07101774215698242, 3175
0.07101774215698242, 3174
0.07101774215698242, 3173
0.07101774215698242, 3172
0.07101774215698242, 3171
0.07101774215698242, 3170
0.07101774215698242, 3169
0.07101774215698242, 3168
0.07101774215698242, 3167
0.07101774215698242, 3166
0.07101774215698242, 3165
0.47104334831237793, 3164
0.47104334831237793, 3163
0.47104334831237793, 3162
0.47104334831237793, 3161
0.47104334831237793, 3160
0.47104334831237793, 3159
0.47104334831237793, 3158
0.47104334831237793, 3157
0.47104334831237793, 3156
0.47104334831237793, 3155
0.47104334831237793, 3154
1.2691903114318848, 3153
1.2691903114318848, 3152
1.2691903114318848, 3151
1.2691903114318848, 3150
1.2691903114318848, 3149
1.2691903114318848, 3148
1.2691903114318848, 3147
1.2691903114318848, 3146
1.2691903114318848, 3145
1.2691903114318848, 3144
1.2691903114318848, 3143
1.2691903114318848, 3142
1.2699377536773682, 3141
1.2699377536773682, 3140
1.2699377536773682, 3139
1.2699377536773682, 3138
1.2699377536773682, 3137
1.2699377536773682, 3136
1.2699377536773682, 3135
1.2699377536773682, 3134
1.2699377536773682, 3133
1.2699377536773682, 3132
1.2699377536773682, 3131
1.2699377536773682, 3130
1.2699377536773682, 3129
1.2699377536773682, 3128
1.2699377536773682, 3127
1.2699377536773682, 3126
1.2699377536773682, 3125
1.2699377536773682, 3124
1.2699377536773682, 3123
1.2699377536773682, 3122
1.2699377536773682, 3121
1.2699377536773682, 3120
1.2699377536773682, 3119
1.2699377536773682, 3118
5.210013151168823, 3117
5.210013151168823, 3116
5.210013151168823, 3115
5.210013151168823, 3114
5.210013151168823, 3113
5.210013151168823, 3112
5.210013151168823, 3111
5.210013151168823, 3110
5.210013151168823, 3109
5.210013151168823, 3108
5.210925340652466, 3107
5.210925340652466, 3106
5.210925340652466, 3105
5.210925340652466, 3104
5.210925340652466, 3103
5.210925340652466, 3102
5.210925340652466, 3101
5.210925340652466, 3100
5.210925340652466, 3099
5.210925340652466, 3098
5.210925340652466, 3097
5.210925340652466, 3096
5.210925340652466, 3095
