0.016999244689941406, 4879
0.016999244689941406, 4878
0.016999244689941406, 4877
0.016999244689941406, 4876
0.016999244689941406, 4875
0.016999244689941406, 4874
0.016999244689941406, 4873
0.016999244689941406, 4872
0.016999244689941406, 4871
0.016999244689941406, 4870
0.016999244689941406, 4869
0.016999244689941406, 4868
0.016999244689941406, 4867
0.016999244689941406, 4866
0.016999244689941406, 4865
0.016999244689941406, 4864
0.016999244689941406, 4863
0.016999244689941406, 4862
0.016999244689941406, 4861
0.016999244689941406, 4860
0.016999244689941406, 4859
0.016999244689941406, 4858
0.016999244689941406, 4857
0.016999244689941406, 4856
0.016999244689941406, 4855
0.017999649047851562, 4854
0.017999649047851562, 4853
0.017999649047851562, 4852
0.017999649047851562, 4851
0.017999649047851562, 4850
0.017999649047851562, 4849
0.017999649047851562, 4848
0.017999649047851562, 4847
0.017999649047851562, 4846
0.017999649047851562, 4845
0.017999649047851562, 4844
0.017999649047851562, 4843
0.017999649047851562, 4842
0.017999649047851562, 4841
0.017999649047851562, 4840
0.017999649047851562, 4839
0.017999649047851562, 4838
0.017999649047851562, 4837
0.017999649047851562, 4836
0.017999649047851562, 4835
0.017999649047851562, 4834
0.017999649047851562, 4833
0.017999649047851562, 4832
0.017999649047851562, 4831
0.017999649047851562, 4830
0.017999649047851562, 4829
0.017999649047851562, 4828
0.017999649047851562, 4827
0.017999649047851562, 4826
0.017999649047851562, 4825
0.017999649047851562, 4824
0.017999649047851562, 4823
0.017999649047851562, 4822
0.017999649047851562, 4821
0.017999649047851562, 4820
0.017999649047851562, 4819
0.017999649047851562, 4818
0.017999649047851562, 4817
0.017999649047851562, 4816
0.017999649047851562, 4815
0.017999649047851562, 4814
0.017999649047851562, 4813
0.018999099731445312, 4812
0.018999099731445312, 4811
0.018999099731445312, 4810
0.018999099731445312, 4809
0.018999099731445312, 4808
0.018999099731445312, 4807
0.018999099731445312, 4806
0.018999099731445312, 4805
0.018999099731445312, 4804
0.018999099731445312, 4803
0.018999099731445312, 4802
0.018999099731445312, 4801
0.018999099731445312, 4800
0.018999099731445312, 4799
0.018999099731445312, 4798
0.018999099731445312, 4797
0.018999099731445312, 4796
0.018999099731445312, 4795
0.018999099731445312, 4794
0.018999099731445312, 4793
0.018999099731445312, 4792
0.018999099731445312, 4791
0.018999099731445312, 4790
0.018999099731445312, 4789
0.018999099731445312, 4788
0.018999099731445312, 4787
0.018999099731445312, 4786
0.018999099731445312, 4785
0.018999099731445312, 4784
0.018999099731445312, 4783
0.018999099731445312, 4782
0.018999099731445312, 4781
0.018999099731445312, 4780
0.018999099731445312, 4779
0.018999099731445312, 4778
0.018999099731445312, 4777
0.018999099731445312, 4776
0.018999099731445312, 4775
0.018999099731445312, 4774
0.018999099731445312, 4773
0.018999099731445312, 4772
0.018999099731445312, 4771
0.018999099731445312, 4770
0.018999099731445312, 4769
0.019998788833618164, 4768
0.019998788833618164, 4767
0.019998788833618164, 4766
0.019998788833618164, 4765
0.019998788833618164, 4764
0.019998788833618164, 4763
0.019998788833618164, 4762
0.019998788833618164, 4761
0.019998788833618164, 4760
0.019998788833618164, 4759
0.019998788833618164, 4758
0.019998788833618164, 4757
0.019998788833618164, 4756
0.019998788833618164, 4755
0.019998788833618164, 4754
0.019998788833618164, 4753
0.019998788833618164, 4752
0.019998788833618164, 4751
0.019998788833618164, 4750
0.019998788833618164, 4749
0.019998788833618164, 4748
0.019998788833618164, 4747
0.019998788833618164, 4746
0.019998788833618164, 4745
0.019998788833618164, 4744
0.019998788833618164, 4743
0.019998788833618164, 4742
0.019998788833618164, 4741
0.019998788833618164, 4740
0.019998788833618164, 4739
0.019998788833618164, 4738
0.019998788833618164, 4737
0.019998788833618164, 4736
0.019998788833618164, 4735
0.019998788833618164, 4734
0.019998788833618164, 4733
0.019998788833618164, 4732
0.019998788833618164, 4731
0.019998788833618164, 4730
0.019998788833618164, 4729
0.019998788833618164, 4728
0.019998788833618164, 4727
0.019998788833618164, 4726
0.02099895477294922, 4725
0.02099895477294922, 4724
0.02099895477294922, 4723
0.02099895477294922, 4722
0.02099895477294922, 4721
0.02099895477294922, 4720
0.02099895477294922, 4719
0.02099895477294922, 4718
0.02099895477294922, 4717
0.02099895477294922, 4716
0.02099895477294922, 4715
0.02099895477294922, 4714
0.02099895477294922, 4713
0.02099895477294922, 4712
0.02099895477294922, 4711
0.02099895477294922, 4710
0.02099895477294922, 4709
0.02099895477294922, 4708
0.02099895477294922, 4707
0.02099895477294922, 4706
0.02099895477294922, 4705
0.02099895477294922, 4704
0.02099895477294922, 4703
0.02099895477294922, 4702
0.02099895477294922, 4701
0.02099895477294922, 4700
0.02099895477294922, 4699
0.02099895477294922, 4698
0.02099895477294922, 4697
0.02099895477294922, 4696
0.02099895477294922, 4695
0.02099895477294922, 4694
0.02099895477294922, 4693
0.02099895477294922, 4692
0.02099895477294922, 4691
0.02099895477294922, 4690
0.02099895477294922, 4689
0.02099895477294922, 4688
0.02099895477294922, 4687
0.02099895477294922, 4686
0.02099895477294922, 4685
0.02099895477294922, 4684
0.02099895477294922, 4683
0.021998882293701172, 4682
0.021998882293701172, 4681
0.021998882293701172, 4680
0.021998882293701172, 4679
0.021998882293701172, 4678
0.021998882293701172, 4677
0.021998882293701172, 4676
0.021998882293701172, 4675
0.021998882293701172, 4674
0.021998882293701172, 4673
0.021998882293701172, 4672
0.021998882293701172, 4671
0.021998882293701172, 4670
0.021998882293701172, 4669
0.021998882293701172, 4668
0.021998882293701172, 4667
0.021998882293701172, 4666
0.021998882293701172, 4665
0.021998882293701172, 4664
0.021998882293701172, 4663
0.021998882293701172, 4662
0.021998882293701172, 4661
0.021998882293701172, 4660
0.021998882293701172, 4659
0.021998882293701172, 4658
0.021998882293701172, 4657
0.021998882293701172, 4656
0.021998882293701172, 4655
0.021998882293701172, 4654
0.021998882293701172, 4653
0.021998882293701172, 4652
0.021998882293701172, 4651
0.021998882293701172, 4650
0.021998882293701172, 4649
0.021998882293701172, 4648
0.021998882293701172, 4647
0.021998882293701172, 4646
0.021998882293701172, 4645
0.021998882293701172, 4644
0.021998882293701172, 4643
0.021998882293701172, 4642
0.021998882293701172, 4641
0.022998809814453125, 4640
0.022998809814453125, 4639
0.022998809814453125, 4638
0.022998809814453125, 4637
0.022998809814453125, 4636
0.022998809814453125, 4635
0.022998809814453125, 4634
0.022998809814453125, 4633
0.022998809814453125, 4632
0.022998809814453125, 4631
0.022998809814453125, 4630
0.022998809814453125, 4629
0.022998809814453125, 4628
0.022998809814453125, 4627
0.022998809814453125, 4626
0.022998809814453125, 4625
0.022998809814453125, 4624
0.022998809814453125, 4623
0.022998809814453125, 4622
0.022998809814453125, 4621
0.022998809814453125, 4620
0.022998809814453125, 4619
0.022998809814453125, 4618
0.022998809814453125, 4617
0.022998809814453125, 4616
0.022998809814453125, 4615
0.022998809814453125, 4614
0.022998809814453125, 4613
0.022998809814453125, 4612
0.022998809814453125, 4611
0.022998809814453125, 4610
0.022998809814453125, 4609
0.022998809814453125, 4608
0.022998809814453125, 4607
0.022998809814453125, 4606
0.022998809814453125, 4605
0.022998809814453125, 4604
0.022998809814453125, 4603
0.022998809814453125, 4602
0.06666207313537598, 3233
0.06666207313537598, 3232
0.06666207313537598, 3231
0.06666207313537598, 3230
0.06666207313537598, 3229
0.06666207313537598, 3228
0.06666207313537598, 3227
0.06666207313537598, 3226
0.06666207313537598, 3225
0.06666207313537598, 3224
0.06766223907470703, 3223
0.06766223907470703, 3222
0.06766223907470703, 3221
0.06766223907470703, 3220
0.06766223907470703, 3219
0.06766223907470703, 3218
0.06766223907470703, 3217
0.06766223907470703, 3216
0.06766223907470703, 3215
0.06766223907470703, 3214
0.06766223907470703, 3213
0.06766223907470703, 3212
0.06766223907470703, 3211
0.06766223907470703, 3210
0.06766223907470703, 3209
0.06766223907470703, 3208
0.06766223907470703, 3207
0.06766223907470703, 3206
0.06766223907470703, 3205
0.06766223907470703, 3204
0.06766223907470703, 3203
0.06766223907470703, 3202
0.06766223907470703, 3201
0.06766223907470703, 3200
0.06766223907470703, 3199
0.06866168975830078, 3198
0.06866168975830078, 3197
0.06866168975830078, 3196
0.06866168975830078, 3195
0.06866168975830078, 3194
0.0688784122467041, 3193
0.0688784122467041, 3192
0.0688784122467041, 3191
0.0688784122467041, 3190
0.0688784122467041, 3189
0.0688784122467041, 3188
0.0688784122467041, 3187
0.0688784122467041, 3186
0.0688784122467041, 3185
0.0688784122467041, 3184
0.0688784122467041, 3183
0.0688784122467041, 3182
0.0688784122467041, 3181
0.0688784122467041, 3180
0.0688784122467041, 3179
0.0688784122467041, 3178
0.0688784122467041, 3177
0.0688784122467041, 3176
0.06966090202331543, 3175
0.06966090202331543, 3174
0.06966090202331543, 3173
0.06966090202331543, 3172
0.06966090202331543, 3171
0.06966090202331543, 3170
0.06966090202331543, 3169
0.06966090202331543, 3168
0.06966090202331543, 3167
0.06966090202331543, 3166
0.06966090202331543, 3165
0.06966090202331543, 3164
0.06966090202331543, 3163
0.06966090202331543, 3162
0.06966090202331543, 3161
0.06966090202331543, 3160
0.06966090202331543, 3159
0.06966090202331543, 3158
0.06966090202331543, 3157
0.739687442779541, 3156
1.0116887092590332, 3155
1.012690782546997, 3154
1.012690782546997, 3153
1.012690782546997, 3152
1.012690782546997, 3151
1.012690782546997, 3150
1.012690782546997, 3149
1.012690782546997, 3148
1.012690782546997, 3147
1.012690782546997, 3146
1.012690782546997, 3145
1.012690782546997, 3144
1.012690782546997, 3143
1.012690782546997, 3142
1.012690782546997, 3141
1.012690782546997, 3140
1.012690782546997, 3139
1.012690782546997, 3138
1.012690782546997, 3137
1.012690782546997, 3136
1.012690782546997, 3135
1.012690782546997, 3134
1.5679543018341064, 3133
1.5679543018341064, 3132
1.5679543018341064, 3131
1.5679543018341064, 3130
1.5689513683319092, 3129
1.5689513683319092, 3128
1.5689513683319092, 3127
3.4304957389831543, 3126
3.4304957389831543, 3125
3.4304957389831543, 3124
3.4304957389831543, 3123
3.4304957389831543, 3122
3.4304957389831543, 3121
3.4304957389831543, 3120
3.4304957389831543, 3119
3.4304957389831543, 3118
3.4804975986480713, 3117
3.4804975986480713, 3116
3.4804975986480713, 3115
3.4814958572387695, 3114
3.4814958572387695, 3113
3.4814958572387695, 3112
3.4814958572387695, 3111
3.4814958572387695, 3110
3.4814958572387695, 3109
3.4814958572387695, 3108
3.4814958572387695, 3107
3.4814958572387695, 3106
3.4814958572387695, 3105
3.4814958572387695, 3104
3.4814958572387695, 3103
