0.01699995994567871, 4861
0.01699995994567871, 4860
0.01699995994567871, 4859
0.01699995994567871, 4858
0.01699995994567871, 4857
0.01699995994567871, 4856
0.01699995994567871, 4855
0.01699995994567871, 4854
0.01699995994567871, 4853
0.01699995994567871, 4852
0.01699995994567871, 4851
0.01699995994567871, 4850
0.01699995994567871, 4849
0.01699995994567871, 4848
0.01699995994567871, 4847
0.01699995994567871, 4846
0.01699995994567871, 4845
0.01699995994567871, 4844
0.01699995994567871, 4843
0.01699995994567871, 4842
0.01699995994567871, 4841
0.01799941062927246, 4840
0.01799941062927246, 4839
0.01799941062927246, 4838
0.01799941062927246, 4837
0.01799941062927246, 4836
0.01799941062927246, 4835
0.01799941062927246, 4834
0.01799941062927246, 4833
0.01799941062927246, 4832
0.01799941062927246, 4831
0.01799941062927246, 4830
0.01799941062927246, 4829
0.01799941062927246, 4828
0.01799941062927246, 4827
0.01799941062927246, 4826
0.01799941062927246, 4825
0.01799941062927246, 4824
0.01799941062927246, 4823
0.01799941062927246, 4822
0.01799941062927246, 4821
0.01799941062927246, 4820
0.01799941062927246, 4819
0.01799941062927246, 4818
0.01799941062927246, 4817
0.01799941062927246, 4816
0.01799941062927246, 4815
0.01799941062927246, 4814
0.01799941062927246, 4813
0.01799941062927246, 4812
0.01799941062927246, 4811
0.01799941062927246, 4810
0.01799941062927246, 4809
0.01799941062927246, 4808
0.01799941062927246, 4807
0.01799941062927246, 4806
0.01799941062927246, 4805
0.01799941062927246, 4804
0.01799941062927246, 4803
0.01799941062927246, 4802
0.01799941062927246, 4801
0.01799941062927246, 4800
0.01799941062927246, 4799
0.01900005340576172, 4798
0.01900005340576172, 4797
0.01900005340576172, 4796
0.01900005340576172, 4795
0.01900005340576172, 4794
0.01900005340576172, 4793
0.01900005340576172, 4792
0.01900005340576172, 4791
0.01900005340576172, 4790
0.01900005340576172, 4789
0.01900005340576172, 4788
0.01900005340576172, 4787
0.01900005340576172, 4786
0.01900005340576172, 4785
0.01900005340576172, 4784
0.01900005340576172, 4783
0.01900005340576172, 4782
0.01900005340576172, 4781
0.01900005340576172, 4780
0.01900005340576172, 4779
0.01900005340576172, 4778
0.01900005340576172, 4777
0.01900005340576172, 4776
0.01900005340576172, 4775
0.01900005340576172, 4774
0.01900005340576172, 4773
0.01900005340576172, 4772
0.01900005340576172, 4771
0.01900005340576172, 4770
0.01900005340576172, 4769
0.01900005340576172, 4768
0.01900005340576172, 4767
0.01900005340576172, 4766
0.01900005340576172, 4765
0.01900005340576172, 4764
0.01900005340576172, 4763
0.01900005340576172, 4762
0.01900005340576172, 4761
0.01900005340576172, 4760
0.01900005340576172, 4759
0.01900005340576172, 4758
0.01900005340576172, 4757
0.01900005340576172, 4756
0.01900005340576172, 4755
0.01900005340576172, 4754
0.019999265670776367, 4753
0.019999265670776367, 4752
0.019999265670776367, 4751
0.019999265670776367, 4750
0.019999265670776367, 4749
0.019999265670776367, 4748
0.019999265670776367, 4747
0.019999265670776367, 4746
0.019999265670776367, 4745
0.019999265670776367, 4744
0.019999265670776367, 4743
0.019999265670776367, 4742
0.019999265670776367, 4741
0.019999265670776367, 4740
0.019999265670776367, 4739
0.019999265670776367, 4738
0.019999265670776367, 4737
0.019999265670776367, 4736
0.019999265670776367, 4735
0.019999265670776367, 4734
0.019999265670776367, 4733
0.019999265670776367, 4732
0.019999265670776367, 4731
0.019999265670776367, 4730
0.019999265670776367, 4729
0.019999265670776367, 4728
0.019999265670776367, 4727
0.019999265670776367, 4726
0.019999265670776367, 4725
0.019999265670776367, 4724
0.019999265670776367, 4723
0.019999265670776367, 4722
0.019999265670776367, 4721
0.019999265670776367, 4720
0.019999265670776367, 4719
0.019999265670776367, 4718
0.019999265670776367, 4717
0.019999265670776367, 4716
0.019999265670776367, 4715
0.019999265670776367, 4714
0.019999265670776367, 4713
0.019999265670776367, 4712
0.019999265670776367, 4711
0.019999265670776367, 4710
0.020999431610107422, 4709
0.020999431610107422, 4708
0.020999431610107422, 4707
0.020999431610107422, 4706
0.020999431610107422, 4705
0.020999431610107422, 4704
0.020999431610107422, 4703
0.020999431610107422, 4702
0.020999431610107422, 4701
0.020999431610107422, 4700
0.020999431610107422, 4699
0.020999431610107422, 4698
0.020999431610107422, 4697
0.020999431610107422, 4696
0.020999431610107422, 4695
0.020999431610107422, 4694
0.020999431610107422, 4693
0.020999431610107422, 4692
0.020999431610107422, 4691
0.020999431610107422, 4690
0.0840752124786377, 3414
0.0840752124786377, 3413
0.0840752124786377, 3412
0.0840752124786377, 3411
0.0840752124786377, 3410
0.0840752124786377, 3409
0.0840752124786377, 3408
0.0840752124786377, 3407
0.0840752124786377, 3406
0.0840752124786377, 3405
0.0840752124786377, 3404
0.0840752124786377, 3403
0.08507609367370605, 3402
0.08507609367370605, 3401
0.08507609367370605, 3400
0.08507609367370605, 3399
0.08507609367370605, 3398
0.08528971672058105, 3397
0.08528971672058105, 3396
0.08528971672058105, 3395
0.08528971672058105, 3394
0.08528971672058105, 3393
0.08528971672058105, 3392
0.08528971672058105, 3391
0.08528971672058105, 3390
0.08528971672058105, 3389
0.08528971672058105, 3388
0.08528971672058105, 3387
0.08528971672058105, 3386
0.08528971672058105, 3385
0.08528971672058105, 3384
0.08528971672058105, 3383
0.0860753059387207, 3382
0.0860753059387207, 3381
0.0860753059387207, 3380
0.0860753059387207, 3379
0.0860753059387207, 3378
0.0860753059387207, 3377
0.0860753059387207, 3376
0.0860753059387207, 3375
0.0860753059387207, 3374
0.0860753059387207, 3373
0.0860753059387207, 3372
0.0860753059387207, 3371
0.0860753059387207, 3370
0.0860753059387207, 3369
0.0860753059387207, 3368
0.0860753059387207, 3367
0.0860753059387207, 3366
0.0860753059387207, 3365
0.0860753059387207, 3364
0.0860753059387207, 3363
0.08707571029663086, 3362
0.08707571029663086, 3361
0.08707571029663086, 3360
0.08707571029663086, 3359
0.08707571029663086, 3358
0.08707571029663086, 3357
0.08707571029663086, 3356
0.08707571029663086, 3355
0.08707571029663086, 3354
0.08707571029663086, 3353
0.08707571029663086, 3352
0.08707571029663086, 3351
0.08707571029663086, 3350
0.08707571029663086, 3349
0.08707571029663086, 3348
0.08707571029663086, 3347
0.08707571029663086, 3346
0.08707571029663086, 3345
0.08707571029663086, 3344
0.08707571029663086, 3343
0.08707571029663086, 3342
0.08707571029663086, 3341
0.08810162544250488, 3340
0.08810162544250488, 3339
0.08810162544250488, 3338
0.08810162544250488, 3337
0.08810162544250488, 3336
0.08810162544250488, 3335
0.08810162544250488, 3334
0.08910131454467773, 3333
0.08910131454467773, 3332
0.08910131454467773, 3331
0.08910131454467773, 3330
0.08910131454467773, 3329
0.08910131454467773, 3328
0.08910131454467773, 3327
0.08910131454467773, 3326
0.08910131454467773, 3325
0.08910131454467773, 3324
0.08910131454467773, 3323
0.08910131454467773, 3322
0.08910131454467773, 3321
0.08910131454467773, 3320
0.08910131454467773, 3319
0.08910131454467773, 3318
0.09010148048400879, 3317
0.09010148048400879, 3316
0.09010148048400879, 3315
0.09010148048400879, 3314
0.09010148048400879, 3313
0.09010148048400879, 3312
0.09010148048400879, 3311
0.09010148048400879, 3310
0.09010148048400879, 3309
0.09010148048400879, 3308
0.09010148048400879, 3307
0.09010148048400879, 3306
0.09010148048400879, 3305
0.09010148048400879, 3304
0.09010148048400879, 3303
0.09010148048400879, 3302
0.09010148048400879, 3301
0.09010148048400879, 3300
0.09010148048400879, 3299
0.09010148048400879, 3298
0.09010148048400879, 3297
0.09010148048400879, 3296
0.09110164642333984, 3295
0.09110164642333984, 3294
0.09110164642333984, 3293
0.09110164642333984, 3292
0.09110164642333984, 3291
0.09110164642333984, 3290
0.09110164642333984, 3289
0.09110164642333984, 3288
0.09110164642333984, 3287
0.09110164642333984, 3286
0.09110164642333984, 3285
0.09110164642333984, 3284
0.09110164642333984, 3283
0.09110164642333984, 3282
0.09110164642333984, 3281
0.09110164642333984, 3280
0.09110164642333984, 3279
0.09110164642333984, 3278
0.09110164642333984, 3277
0.09110164642333984, 3276
0.09110164642333984, 3275
0.0921015739440918, 3274
0.0921015739440918, 3273
0.0921015739440918, 3272
0.0921015739440918, 3271
0.0921015739440918, 3270
0.09247183799743652, 3269
0.09252572059631348, 3268
0.09252572059631348, 3267
0.09252572059631348, 3266
0.09252572059631348, 3265
0.09252572059631348, 3264
0.09252572059631348, 3263
0.09252572059631348, 3262
0.09252572059631348, 3261
0.09252572059631348, 3260
0.09252572059631348, 3259
0.09252572059631348, 3258
0.09252572059631348, 3257
0.09252572059631348, 3256
0.09310126304626465, 3255
0.09310126304626465, 3254
0.09310126304626465, 3253
0.09310126304626465, 3252
0.09310126304626465, 3251
0.09310126304626465, 3250
0.09310126304626465, 3249
0.09310126304626465, 3248
0.09310126304626465, 3247
0.09310126304626465, 3246
0.09310126304626465, 3245
0.09310126304626465, 3244
0.09310126304626465, 3243
0.09310126304626465, 3242
0.09310126304626465, 3241
0.09310126304626465, 3240
0.09310126304626465, 3239
0.09310126304626465, 3238
0.09310126304626465, 3237
0.09310126304626465, 3236
0.09310126304626465, 3235
0.09310126304626465, 3234
0.09310126304626465, 3233
0.0941016674041748, 3232
0.0941016674041748, 3231
0.0941016674041748, 3230
0.0941016674041748, 3229
0.0941016674041748, 3228
0.0941016674041748, 3227
0.0941016674041748, 3226
0.0941016674041748, 3225
0.0941016674041748, 3224
0.0941016674041748, 3223
0.0941016674041748, 3222
0.0941016674041748, 3221
0.0941016674041748, 3220
0.0941016674041748, 3219
0.0941016674041748, 3218
0.0941016674041748, 3217
0.0941016674041748, 3216
0.0941016674041748, 3215
0.0941016674041748, 3214
0.0941016674041748, 3213
0.0941016674041748, 3212
0.0941016674041748, 3211
0.0941016674041748, 3210
0.09510135650634766, 3209
0.09510135650634766, 3208
0.09510135650634766, 3207
0.09510135650634766, 3206
0.09510135650634766, 3205
0.09510135650634766, 3204
0.09510135650634766, 3203
0.09510135650634766, 3202
0.09510135650634766, 3201
0.09510135650634766, 3200
0.09510135650634766, 3199
0.09510135650634766, 3198
0.09510135650634766, 3197
0.09510135650634766, 3196
0.09510135650634766, 3195
0.09510135650634766, 3194
0.09510135650634766, 3193
0.09510135650634766, 3192
0.09510135650634766, 3191
0.09510135650634766, 3190
0.09510135650634766, 3189
0.09510135650634766, 3188
0.09510135650634766, 3187
0.09510135650634766, 3186
0.09510135650634766, 3185
0.09510135650634766, 3184
0.09610152244567871, 3183
0.09610152244567871, 3182
0.09610152244567871, 3181
0.09610152244567871, 3180
0.09610152244567871, 3179
0.09610152244567871, 3178
0.09610152244567871, 3177
0.09610152244567871, 3176
0.09610152244567871, 3175
0.09610152244567871, 3174
0.09610152244567871, 3173
0.09610152244567871, 3172
0.09610152244567871, 3171
0.09610152244567871, 3170
0.09610152244567871, 3169
0.09610152244567871, 3168
0.09610152244567871, 3167
0.09610152244567871, 3166
0.09610152244567871, 3165
0.09610152244567871, 3164
0.09610152244567871, 3163
0.09610152244567871, 3162
0.09610152244567871, 3161
0.09610152244567871, 3160
0.09610152244567871, 3159
0.09610152244567871, 3158
0.09610152244567871, 3157
0.09710192680358887, 3156
0.09710192680358887, 3155
0.09710192680358887, 3154
0.09710192680358887, 3153
0.09710192680358887, 3152
0.09710192680358887, 3151
0.09710192680358887, 3150
0.09710192680358887, 3149
0.09710192680358887, 3148
0.09710192680358887, 3147
0.09710192680358887, 3146
0.09710192680358887, 3145
0.09710192680358887, 3144
0.09710192680358887, 3143
0.09710192680358887, 3142
0.09710192680358887, 3141
0.09710192680358887, 3140
0.09710192680358887, 3139
0.09710192680358887, 3138
0.37801170349121094, 3137
0.37801170349121094, 3136
0.37801170349121094, 3135
0.37801170349121094, 3134
1.7593371868133545, 3133
1.7593371868133545, 3132
1.7593371868133545, 3131
1.7593371868133545, 3130
1.7593371868133545, 3129
1.7593371868133545, 3128
1.7593371868133545, 3127
1.7593371868133545, 3126
1.7593371868133545, 3125
1.7593371868133545, 3124
1.7593371868133545, 3123
1.7593371868133545, 3122
6.365321397781372, 3121
6.366322040557861, 3120
6.366322040557861, 3119
6.366322040557861, 3118
6.366322040557861, 3117
6.366322040557861, 3116
6.366322040557861, 3115
6.366322040557861, 3114
6.366322040557861, 3113
