0.017998695373535156, 4878
0.017998695373535156, 4877
0.017998695373535156, 4876
0.017998695373535156, 4875
0.017998695373535156, 4874
0.017998695373535156, 4873
0.017998695373535156, 4872
0.017998695373535156, 4871
0.017998695373535156, 4870
0.017998695373535156, 4869
0.017998695373535156, 4868
0.017998695373535156, 4867
0.017998695373535156, 4866
0.017998695373535156, 4865
0.017998695373535156, 4864
0.017998695373535156, 4863
0.017998695373535156, 4862
0.017998695373535156, 4861
0.017998695373535156, 4860
0.017998695373535156, 4859
0.017998695373535156, 4858
0.017998695373535156, 4857
0.017998695373535156, 4856
0.017998695373535156, 4855
0.017998695373535156, 4854
0.017998695373535156, 4853
0.017998695373535156, 4852
0.017998695373535156, 4851
0.017998695373535156, 4850
0.017998695373535156, 4849
0.017998695373535156, 4848
0.017998695373535156, 4847
0.017998695373535156, 4846
0.017998695373535156, 4845
0.017998695373535156, 4844
0.017998695373535156, 4843
0.01900005340576172, 4842
0.01900005340576172, 4841
0.01900005340576172, 4840
0.01900005340576172, 4839
0.01900005340576172, 4838
0.01900005340576172, 4837
0.01900005340576172, 4836
0.01900005340576172, 4835
0.01900005340576172, 4834
0.01900005340576172, 4833
0.01900005340576172, 4832
0.01900005340576172, 4831
0.01900005340576172, 4830
0.01900005340576172, 4829
0.01900005340576172, 4828
0.01900005340576172, 4827
0.01900005340576172, 4826
0.01900005340576172, 4825
0.01900005340576172, 4824
0.01900005340576172, 4823
0.01900005340576172, 4822
0.01900005340576172, 4821
0.01900005340576172, 4820
0.01900005340576172, 4819
0.01900005340576172, 4818
0.04801630973815918, 4817
0.04801630973815918, 4816
0.04801630973815918, 4815
0.04801630973815918, 4814
0.04801630973815918, 4813
0.04801630973815918, 4812
0.04801630973815918, 4811
0.04801630973815918, 4810
0.04801630973815918, 4809
0.04801630973815918, 4808
0.04801630973815918, 4807
0.04801630973815918, 4806
0.04801630973815918, 4805
0.04801630973815918, 4804
0.04801630973815918, 4803
0.04801630973815918, 4802
0.04901266098022461, 4801
0.04901266098022461, 4800
0.04901266098022461, 4799
0.04901266098022461, 4798
0.04901266098022461, 4797
0.04901266098022461, 4796
0.04901266098022461, 4795
0.04901266098022461, 4794
0.04901266098022461, 4793
0.04901266098022461, 4792
0.04901266098022461, 4791
0.04901266098022461, 4790
0.04901266098022461, 4789
0.04901266098022461, 4788
0.04901266098022461, 4787
0.04901266098022461, 4786
0.04901266098022461, 4785
0.04901266098022461, 4784
0.04901266098022461, 4783
0.04901266098022461, 4782
0.04901266098022461, 4781
0.04901266098022461, 4780
0.04901266098022461, 4779
0.04901266098022461, 4778
0.05001354217529297, 4777
0.05001354217529297, 4776
0.05001354217529297, 4775
0.05001354217529297, 4774
0.05001354217529297, 4773
0.05001354217529297, 4772
0.05001354217529297, 4771
0.05001354217529297, 4770
0.05001354217529297, 4769
0.05001354217529297, 4768
0.05001354217529297, 4767
0.05001354217529297, 4766
0.05001354217529297, 4765
0.05001354217529297, 4764
0.05001354217529297, 4763
0.05001354217529297, 4762
0.05001354217529297, 4761
0.05001354217529297, 4760
0.05001354217529297, 4759
0.05001354217529297, 4758
0.05001354217529297, 4757
0.05001354217529297, 4756
0.05001354217529297, 4755
0.05001354217529297, 4754
0.05001354217529297, 4753
0.05001354217529297, 4752
0.05001354217529297, 4751
0.05101752281188965, 4750
0.05101752281188965, 4749
0.05101752281188965, 4748
0.05101752281188965, 4747
0.05101752281188965, 4746
0.05101752281188965, 4745
0.05101752281188965, 4744
0.06101179122924805, 3534
0.06101179122924805, 3533
0.06101179122924805, 3532
0.06101179122924805, 3531
0.06101179122924805, 3530
0.06101179122924805, 3529
0.06101179122924805, 3528
0.06101179122924805, 3527
0.06101179122924805, 3526
0.06101179122924805, 3525
0.06101179122924805, 3524
0.06101179122924805, 3523
0.06101179122924805, 3522
0.06101179122924805, 3521
0.06101179122924805, 3520
0.0620121955871582, 3519
0.0620121955871582, 3518
0.0620121955871582, 3517
0.0620121955871582, 3516
0.0620121955871582, 3515
0.0620121955871582, 3514
0.0620121955871582, 3513
0.0620121955871582, 3512
0.0620121955871582, 3511
0.0620121955871582, 3510
0.0620121955871582, 3509
0.0620121955871582, 3508
0.0620121955871582, 3507
0.0620121955871582, 3506
0.0620121955871582, 3505
0.0620121955871582, 3504
0.0620121955871582, 3503
0.06301212310791016, 3502
0.06301212310791016, 3501
0.06301212310791016, 3500
0.06301212310791016, 3499
0.06301212310791016, 3498
0.06301212310791016, 3497
0.06301212310791016, 3496
0.06301212310791016, 3495
0.06301212310791016, 3494
0.06301212310791016, 3493
0.06301212310791016, 3492
0.06301212310791016, 3491
0.06301212310791016, 3490
0.06301212310791016, 3489
0.06301212310791016, 3488
0.06301212310791016, 3487
0.06301212310791016, 3486
0.06301212310791016, 3485
0.06301212310791016, 3484
0.0640108585357666, 3483
0.0640108585357666, 3482
0.0640108585357666, 3481
0.0640108585357666, 3480
0.0640108585357666, 3479
0.0640108585357666, 3478
0.0640108585357666, 3477
0.0640108585357666, 3476
0.0640108585357666, 3475
0.0640108585357666, 3474
0.0640108585357666, 3473
0.0640108585357666, 3472
0.0640108585357666, 3471
0.0640108585357666, 3470
0.0640108585357666, 3469
0.06501054763793945, 3468
0.06501054763793945, 3467
0.06501054763793945, 3466
0.06501054763793945, 3465
0.06522345542907715, 3464
0.06522345542907715, 3463
0.06522345542907715, 3462
0.06522345542907715, 3461
0.06522345542907715, 3460
0.06522345542907715, 3459
0.06601190567016602, 3458
0.06601190567016602, 3457
0.06601190567016602, 3456
0.06601190567016602, 3455
0.06601190567016602, 3454
0.06601190567016602, 3453
0.06601190567016602, 3452
0.06601190567016602, 3451
0.06601190567016602, 3450
0.06601190567016602, 3449
0.06601190567016602, 3448
0.06601190567016602, 3447
0.06601190567016602, 3446
0.06601190567016602, 3445
0.06601190567016602, 3444
0.06601190567016602, 3443
0.06601190567016602, 3442
0.06601190567016602, 3441
0.06601190567016602, 3440
0.06601190567016602, 3439
0.06701111793518066, 3438
0.06701111793518066, 3437
0.06701111793518066, 3436
0.06701111793518066, 3435
0.06701111793518066, 3434
0.06701111793518066, 3433
0.06701111793518066, 3432
0.06742382049560547, 3431
0.06742382049560547, 3430
0.06742382049560547, 3429
0.06742382049560547, 3428
0.06742382049560547, 3427
0.06742382049560547, 3426
0.06742382049560547, 3425
0.06742382049560547, 3424
0.06742382049560547, 3423
0.06742382049560547, 3422
0.06742382049560547, 3421
0.06742382049560547, 3420
0.06742382049560547, 3419
0.06742382049560547, 3418
0.06742382049560547, 3417
0.06742382049560547, 3416
0.06742382049560547, 3415
0.06742382049560547, 3414
0.06742382049560547, 3413
0.06742382049560547, 3412
0.06742382049560547, 3411
0.06742382049560547, 3410
0.06842470169067383, 3409
0.06842470169067383, 3408
0.06842470169067383, 3407
0.06842470169067383, 3406
0.06842470169067383, 3405
0.06842470169067383, 3404
0.06842470169067383, 3403
0.06842470169067383, 3402
0.06842470169067383, 3401
0.06842470169067383, 3400
0.06842470169067383, 3399
0.06842470169067383, 3398
0.06842470169067383, 3397
0.06842470169067383, 3396
0.06842470169067383, 3395
0.06842470169067383, 3394
0.06842470169067383, 3393
0.06842470169067383, 3392
0.06842470169067383, 3391
0.06842470169067383, 3390
0.06842470169067383, 3389
0.06842470169067383, 3388
0.06842470169067383, 3387
0.06842470169067383, 3386
0.06842470169067383, 3385
0.06842470169067383, 3384
0.06842470169067383, 3383
0.06842470169067383, 3382
0.06842470169067383, 3381
0.06942415237426758, 3380
0.06942415237426758, 3379
0.06942415237426758, 3378
0.06942415237426758, 3377
0.06942415237426758, 3376
0.06942415237426758, 3375
0.06942415237426758, 3374
0.06942415237426758, 3373
0.06942415237426758, 3372
0.06942415237426758, 3371
0.06942415237426758, 3370
0.06942415237426758, 3369
0.06942415237426758, 3368
0.06942415237426758, 3367
0.06942415237426758, 3366
0.06942415237426758, 3365
0.06942415237426758, 3364
0.06942415237426758, 3363
0.06942415237426758, 3362
0.06942415237426758, 3361
0.06942415237426758, 3360
0.06942415237426758, 3359
0.06942415237426758, 3358
0.06942415237426758, 3357
0.06942415237426758, 3356
0.07042384147644043, 3355
0.07042384147644043, 3354
0.07042384147644043, 3353
0.07042384147644043, 3352
0.07042384147644043, 3351
0.07042384147644043, 3350
0.07042384147644043, 3349
0.07042384147644043, 3348
0.07042384147644043, 3347
0.07042384147644043, 3346
0.07042384147644043, 3345
0.07042384147644043, 3344
0.07042384147644043, 3343
0.07042384147644043, 3342
0.07042384147644043, 3341
0.07042384147644043, 3340
0.07042384147644043, 3339
0.07042384147644043, 3338
0.07042384147644043, 3337
0.07042384147644043, 3336
0.07042384147644043, 3335
0.07042384147644043, 3334
0.07142353057861328, 3333
0.07142353057861328, 3332
0.07142353057861328, 3331
0.07142353057861328, 3330
0.07142353057861328, 3329
0.07142353057861328, 3328
0.07142353057861328, 3327
0.07142353057861328, 3326
0.07142353057861328, 3325
0.07142353057861328, 3324
0.07142353057861328, 3323
0.07142353057861328, 3322
0.07142353057861328, 3321
0.07142353057861328, 3320
0.07142353057861328, 3319
0.07142353057861328, 3318
0.07142353057861328, 3317
0.07142353057861328, 3316
0.07142353057861328, 3315
0.07142353057861328, 3314
0.07142353057861328, 3313
0.07142353057861328, 3312
0.07142353057861328, 3311
0.07142353057861328, 3310
0.07142353057861328, 3309
0.07142353057861328, 3308
0.07142353057861328, 3307
0.07142353057861328, 3306
0.07142353057861328, 3305
0.07142353057861328, 3304
0.07142353057861328, 3303
0.07142353057861328, 3302
0.07142353057861328, 3301
0.07142353057861328, 3300
0.07242441177368164, 3299
0.07242441177368164, 3298
0.07242441177368164, 3297
0.07242441177368164, 3296
0.07242441177368164, 3295
0.07242441177368164, 3294
0.07242441177368164, 3293
0.07242441177368164, 3292
0.07242441177368164, 3291
0.07242441177368164, 3290
0.07242441177368164, 3289
0.07242441177368164, 3288
0.07242441177368164, 3287
0.07242441177368164, 3286
0.07242441177368164, 3285
0.07242441177368164, 3284
0.07242441177368164, 3283
0.07242441177368164, 3282
0.07242441177368164, 3281
0.07242441177368164, 3280
0.07242441177368164, 3279
0.07242441177368164, 3278
0.07242441177368164, 3277
0.07242441177368164, 3276
0.07242441177368164, 3275
0.07242441177368164, 3274
0.07242441177368164, 3273
0.07242441177368164, 3272
0.07242441177368164, 3271
0.07242441177368164, 3270
0.07242441177368164, 3269
0.07242441177368164, 3268
0.07242441177368164, 3267
0.07342338562011719, 3266
0.07342338562011719, 3265
0.07342338562011719, 3264
0.07342338562011719, 3263
0.07342338562011719, 3262
0.07342338562011719, 3261
0.07342338562011719, 3260
0.07342338562011719, 3259
0.07342338562011719, 3258
0.07342338562011719, 3257
0.07342338562011719, 3256
0.07342338562011719, 3255
0.07342338562011719, 3254
0.07342338562011719, 3253
0.07342338562011719, 3252
0.07342338562011719, 3251
0.07342338562011719, 3250
0.07342338562011719, 3249
0.07342338562011719, 3248
0.07342338562011719, 3247
0.07342338562011719, 3246
0.07342338562011719, 3245
0.07342338562011719, 3244
0.07342338562011719, 3243
0.07342338562011719, 3242
0.07342338562011719, 3241
0.07342338562011719, 3240
0.07342338562011719, 3239
0.07342338562011719, 3238
0.07342338562011719, 3237
0.07342338562011719, 3236
0.07342338562011719, 3235
0.07342338562011719, 3234
0.07442378997802734, 3233
0.07442378997802734, 3232
0.07442378997802734, 3231
0.07442378997802734, 3230
0.07442378997802734, 3229
0.07442378997802734, 3228
0.07442378997802734, 3227
0.07442378997802734, 3226
0.07442378997802734, 3225
0.07442378997802734, 3224
0.07442378997802734, 3223
0.07442378997802734, 3222
0.07442378997802734, 3221
0.07442378997802734, 3220
0.07442378997802734, 3219
0.07442378997802734, 3218
0.07442378997802734, 3217
0.07442378997802734, 3216
0.07442378997802734, 3215
0.07442378997802734, 3214
0.07442378997802734, 3213
0.07442378997802734, 3212
0.07442378997802734, 3211
0.07442378997802734, 3210
0.07442378997802734, 3209
0.07442378997802734, 3208
0.07442378997802734, 3207
0.07442378997802734, 3206
0.07442378997802734, 3205
0.07442378997802734, 3204
0.07442378997802734, 3203
0.07442378997802734, 3202
0.07442378997802734, 3201
0.07442378997802734, 3200
0.07442378997802734, 3199
0.07442378997802734, 3198
0.07442378997802734, 3197
0.07442378997802734, 3196
0.07442378997802734, 3195
0.07542538642883301, 3194
0.07542538642883301, 3193
0.07542538642883301, 3192
0.07542538642883301, 3191
0.07542538642883301, 3190
0.07542538642883301, 3189
0.07542538642883301, 3188
0.07542538642883301, 3187
0.07542538642883301, 3186
0.07542538642883301, 3185
0.07542538642883301, 3184
0.07542538642883301, 3183
0.07542538642883301, 3182
0.07542538642883301, 3181
0.07542538642883301, 3180
0.07542538642883301, 3179
0.07542538642883301, 3178
0.07542538642883301, 3177
0.07542538642883301, 3176
0.07542538642883301, 3175
0.20286345481872559, 3174
0.20286345481872559, 3173
0.20286345481872559, 3172
0.20286345481872559, 3171
0.20286345481872559, 3170
0.20286345481872559, 3169
0.20286345481872559, 3168
0.20286345481872559, 3167
0.20386362075805664, 3166
0.20386362075805664, 3165
0.20386362075805664, 3164
0.20386362075805664, 3163
0.20386362075805664, 3162
0.6139640808105469, 3161
0.6389837265014648, 3160
0.6389837265014648, 3159
0.6389837265014648, 3158
0.6399848461151123, 3157
0.6399848461151123, 3156
0.6399848461151123, 3155
0.6399848461151123, 3154
0.6399848461151123, 3153
0.6399848461151123, 3152
0.6399848461151123, 3151
0.6399848461151123, 3150
0.6399848461151123, 3149
0.6399848461151123, 3148
0.6399848461151123, 3147
0.6399848461151123, 3146
0.6399848461151123, 3145
0.6399848461151123, 3144
0.6399848461151123, 3143
0.6399848461151123, 3142
0.777080774307251, 3141
0.777080774307251, 3140
0.777080774307251, 3139
0.777080774307251, 3138
0.777080774307251, 3137
0.777080774307251, 3136
0.777080774307251, 3135
0.777080774307251, 3134
0.8762106895446777, 3133
0.8762106895446777, 3132
0.8762106895446777, 3131
0.8762106895446777, 3130
0.8762106895446777, 3129
0.8762106895446777, 3128
0.8762106895446777, 3127
0.8772079944610596, 3126
0.8772079944610596, 3125
0.8772079944610596, 3124
0.8772079944610596, 3123
0.8772079944610596, 3122
0.8772079944610596, 3121
0.8772079944610596, 3120
0.8772079944610596, 3119
0.8772079944610596, 3118
0.8772079944610596, 3117
0.8772079944610596, 3116
0.8772079944610596, 3115
0.8772079944610596, 3114
0.8772079944610596, 3113
6.221165418624878, 3112
6.221165418624878, 3111
6.221165418624878, 3110
6.221165418624878, 3109
