0.021001338958740234, 4901
0.021001338958740234, 4900
0.021001338958740234, 4899
0.021001338958740234, 4898
0.021001338958740234, 4897
0.021001338958740234, 4896
0.021001338958740234, 4895
0.021001338958740234, 4894
0.021001338958740234, 4893
0.021001338958740234, 4892
0.021001338958740234, 4891
0.021001338958740234, 4890
0.021001338958740234, 4889
0.021001338958740234, 4888
0.021001338958740234, 4887
0.021001338958740234, 4886
0.021001338958740234, 4885
0.021001338958740234, 4884
0.021001338958740234, 4883
0.021999597549438477, 4882
0.021999597549438477, 4881
0.021999597549438477, 4880
0.021999597549438477, 4879
0.021999597549438477, 4878
0.021999597549438477, 4877
0.021999597549438477, 4876
0.021999597549438477, 4875
0.021999597549438477, 4874
0.021999597549438477, 4873
0.021999597549438477, 4872
0.021999597549438477, 4871
0.021999597549438477, 4870
0.021999597549438477, 4869
0.021999597549438477, 4868
0.021999597549438477, 4867
0.021999597549438477, 4866
0.021999597549438477, 4865
0.021999597549438477, 4864
0.021999597549438477, 4863
0.021999597549438477, 4862
0.021999597549438477, 4861
0.021999597549438477, 4860
0.021999597549438477, 4859
0.021999597549438477, 4858
0.021999597549438477, 4857
0.021999597549438477, 4856
0.021999597549438477, 4855
0.021999597549438477, 4854
0.021999597549438477, 4853
0.021999597549438477, 4852
0.021999597549438477, 4851
0.022998571395874023, 4850
0.022998571395874023, 4849
0.022998571395874023, 4848
0.022998571395874023, 4847
0.022998571395874023, 4846
0.022998571395874023, 4845
0.022998571395874023, 4844
0.022998571395874023, 4843
0.022998571395874023, 4842
0.022998571395874023, 4841
0.022998571395874023, 4840
0.022998571395874023, 4839
0.022998571395874023, 4838
0.022998571395874023, 4837
0.022998571395874023, 4836
0.022998571395874023, 4835
0.022998571395874023, 4834
0.022998571395874023, 4833
0.022998571395874023, 4832
0.022998571395874023, 4831
0.022998571395874023, 4830
0.022998571395874023, 4829
0.022998571395874023, 4828
0.022998571395874023, 4827
0.022998571395874023, 4826
0.022998571395874023, 4825
0.022998571395874023, 4824
0.022998571395874023, 4823
0.022998571395874023, 4822
0.022998571395874023, 4821
0.022998571395874023, 4820
0.022998571395874023, 4819
0.022998571395874023, 4818
0.022998571395874023, 4817
0.022998571395874023, 4816
0.023998737335205078, 4815
0.023998737335205078, 4814
0.023998737335205078, 4813
0.023998737335205078, 4812
0.023998737335205078, 4811
0.023998737335205078, 4810
0.023998737335205078, 4809
0.023998737335205078, 4808
0.023998737335205078, 4807
0.023998737335205078, 4806
0.023998737335205078, 4805
0.023998737335205078, 4804
0.023998737335205078, 4803
0.023998737335205078, 4802
0.023998737335205078, 4801
0.023998737335205078, 4800
0.023998737335205078, 4799
0.023998737335205078, 4798
0.023998737335205078, 4797
0.023998737335205078, 4796
0.023998737335205078, 4795
0.023998737335205078, 4794
0.023998737335205078, 4793
0.023998737335205078, 4792
0.023998737335205078, 4791
0.023998737335205078, 4790
0.023998737335205078, 4789
0.023998737335205078, 4788
0.023998737335205078, 4787
0.023998737335205078, 4786
0.023998737335205078, 4785
0.023998737335205078, 4784
0.023998737335205078, 4783
0.023998737335205078, 4782
0.023998737335205078, 4781
0.023998737335205078, 4780
0.023998737335205078, 4779
0.024999141693115234, 4778
0.024999141693115234, 4777
0.024999141693115234, 4776
0.024999141693115234, 4775
0.024999141693115234, 4774
0.024999141693115234, 4773
0.024999141693115234, 4772
0.024999141693115234, 4771
0.024999141693115234, 4770
0.024999141693115234, 4769
0.024999141693115234, 4768
0.024999141693115234, 4767
0.024999141693115234, 4766
0.024999141693115234, 4765
0.024999141693115234, 4764
0.024999141693115234, 4763
0.024999141693115234, 4762
0.024999141693115234, 4761
0.024999141693115234, 4760
0.024999141693115234, 4759
0.024999141693115234, 4758
0.024999141693115234, 4757
0.024999141693115234, 4756
0.024999141693115234, 4755
0.024999141693115234, 4754
0.024999141693115234, 4753
0.024999141693115234, 4752
0.024999141693115234, 4751
0.024999141693115234, 4750
0.024999141693115234, 4749
0.024999141693115234, 4748
0.024999141693115234, 4747
0.024999141693115234, 4746
0.024999141693115234, 4745
0.024999141693115234, 4744
0.024999141693115234, 4743
0.024999141693115234, 4742
0.06699728965759277, 4741
0.06699728965759277, 4740
0.06799817085266113, 4739
0.06799817085266113, 4738
0.06799817085266113, 4737
0.06799817085266113, 4736
0.06799817085266113, 4735
0.06799817085266113, 4734
0.06799817085266113, 4733
0.06799817085266113, 4732
0.06799817085266113, 4731
0.06799817085266113, 4730
0.06799817085266113, 4729
0.06799817085266113, 4728
0.06799817085266113, 4727
0.06799817085266113, 4726
0.06799817085266113, 4725
0.06799817085266113, 4724
0.06799817085266113, 4723
0.06799817085266113, 4722
0.06799817085266113, 4721
0.06799817085266113, 4720
0.06799817085266113, 4719
0.06799817085266113, 4718
0.06799817085266113, 4717
0.06799817085266113, 4716
0.06799817085266113, 4715
0.06799817085266113, 4714
0.06899785995483398, 4713
0.06905055046081543, 4712
0.06905055046081543, 4711
0.06905055046081543, 4710
0.06905055046081543, 4709
0.06905055046081543, 4708
0.06905055046081543, 4707
0.06905055046081543, 4706
0.06905055046081543, 4705
0.06905055046081543, 4704
0.06905055046081543, 4703
0.06905055046081543, 4702
0.06905055046081543, 4701
0.06905055046081543, 4700
0.06905055046081543, 4699
0.06905055046081543, 4698
0.06905055046081543, 4697
0.06905055046081543, 4696
0.06905055046081543, 4695
0.06905055046081543, 4694
0.06905055046081543, 4693
0.06905055046081543, 4692
0.06905055046081543, 4691
0.06905055046081543, 4690
0.06999754905700684, 4689
0.06999754905700684, 4688
0.06999754905700684, 4687
0.06999754905700684, 4686
0.06999754905700684, 4685
0.06999754905700684, 4684
0.06999754905700684, 4683
0.06999754905700684, 4682
0.06999754905700684, 4681
0.06999754905700684, 4680
0.06999754905700684, 4679
0.06999754905700684, 4678
0.06999754905700684, 4677
0.06999754905700684, 4676
0.06999754905700684, 4675
0.06999754905700684, 4674
0.06999754905700684, 4673
0.07066774368286133, 4672
0.07066774368286133, 4671
0.07066774368286133, 4670
0.07066774368286133, 4669
0.07066774368286133, 4668
0.07066774368286133, 4667
0.07066774368286133, 4666
0.07066774368286133, 4665
0.07099747657775879, 4664
0.07099747657775879, 4663
0.07099747657775879, 4662
0.07099747657775879, 4661
0.07099747657775879, 4660
0.07099747657775879, 4659
0.07099747657775879, 4658
0.07099747657775879, 4657
0.07099747657775879, 4656
0.07099747657775879, 4655
0.07099747657775879, 4654
0.07099747657775879, 4653
0.07099747657775879, 4652
0.07099747657775879, 4651
0.07099747657775879, 4650
0.07099747657775879, 4649
0.07099747657775879, 4648
0.07099747657775879, 4647
0.07099747657775879, 4646
0.07099747657775879, 4645
0.07099747657775879, 4644
0.07099747657775879, 4643
0.07099747657775879, 4642
0.07099747657775879, 4641
0.07099747657775879, 4640
0.07199835777282715, 4639
0.07199835777282715, 4638
0.07199835777282715, 4637
0.07199835777282715, 4636
0.07199835777282715, 4635
0.07199835777282715, 4634
0.07199835777282715, 4633
0.07199835777282715, 4632
0.07199835777282715, 4631
0.07199835777282715, 4630
0.07199835777282715, 4629
0.07199835777282715, 4628
0.07199835777282715, 4627
0.07199835777282715, 4626
0.07199835777282715, 4625
0.07199835777282715, 4624
0.07199835777282715, 4623
0.07199835777282715, 4622
0.07199835777282715, 4621
0.07199835777282715, 4620
0.07199835777282715, 4619
0.07199835777282715, 4618
0.16700029373168945, 3396
0.16700029373168945, 3395
0.16700029373168945, 3394
0.16700029373168945, 3393
0.16700029373168945, 3392
0.16700029373168945, 3391
0.16700029373168945, 3390
0.16700029373168945, 3389
0.16700029373168945, 3388
0.1679973602294922, 3387
0.1679973602294922, 3386
0.1679973602294922, 3385
0.1679973602294922, 3384
0.1679973602294922, 3383
0.1679973602294922, 3382
0.1679973602294922, 3381
0.1679973602294922, 3380
0.16899752616882324, 3379
0.16899752616882324, 3378
0.16899752616882324, 3377
0.16899752616882324, 3376
0.16899752616882324, 3375
0.16899752616882324, 3374
0.16899752616882324, 3373
0.16899752616882324, 3372
0.1699976921081543, 3371
0.1699976921081543, 3370
0.1699976921081543, 3369
0.1699976921081543, 3368
0.1699976921081543, 3367
0.1699976921081543, 3366
0.1699976921081543, 3365
0.1699976921081543, 3364
0.1699976921081543, 3363
0.1699976921081543, 3362
0.1699976921081543, 3361
0.1699976921081543, 3360
0.1699976921081543, 3359
0.1699976921081543, 3358
0.1699976921081543, 3357
0.1699976921081543, 3356
0.1699976921081543, 3355
0.1699976921081543, 3354
0.17099809646606445, 3353
0.17099809646606445, 3352
0.17099809646606445, 3351
0.17099809646606445, 3350
0.17099809646606445, 3349
0.17099809646606445, 3348
0.17099809646606445, 3347
0.17099809646606445, 3346
0.17099809646606445, 3345
0.17099809646606445, 3344
0.17099809646606445, 3343
0.17099809646606445, 3342
0.17099809646606445, 3341
0.17099809646606445, 3340
0.17200064659118652, 3339
0.17200064659118652, 3338
0.17200064659118652, 3337
0.17200064659118652, 3336
0.17200064659118652, 3335
0.17200064659118652, 3334
0.17200064659118652, 3333
0.17200064659118652, 3332
0.17200064659118652, 3331
0.17200064659118652, 3330
0.17200064659118652, 3329
0.17200064659118652, 3328
0.17200064659118652, 3327
0.17200064659118652, 3326
0.17200064659118652, 3325
0.17200064659118652, 3324
0.17200064659118652, 3323
0.17200064659118652, 3322
0.17200064659118652, 3321
0.17200064659118652, 3320
0.17299818992614746, 3319
0.17299818992614746, 3318
0.17299818992614746, 3317
0.17299818992614746, 3316
0.17299818992614746, 3315
0.17299818992614746, 3314
0.17299818992614746, 3313
0.17299818992614746, 3312
0.17299818992614746, 3311
0.17299818992614746, 3310
0.17299818992614746, 3309
0.17299818992614746, 3308
0.17299818992614746, 3307
0.17299818992614746, 3306
0.17299818992614746, 3305
0.17299818992614746, 3304
0.17299818992614746, 3303
0.17299818992614746, 3302
0.17399883270263672, 3301
0.17399883270263672, 3300
0.17399883270263672, 3299
0.17399883270263672, 3298
0.17399883270263672, 3297
0.17399883270263672, 3296
0.17399883270263672, 3295
0.17399883270263672, 3294
0.17399883270263672, 3293
0.17399883270263672, 3292
0.17399883270263672, 3291
0.17399883270263672, 3290
0.17399883270263672, 3289
0.17399883270263672, 3288
0.17399883270263672, 3287
0.17399883270263672, 3286
0.17399883270263672, 3285
0.17399883270263672, 3284
0.17399883270263672, 3283
0.17399883270263672, 3282
0.17399883270263672, 3281
0.17399883270263672, 3280
0.17399883270263672, 3279
0.17399883270263672, 3278
0.17399883270263672, 3277
0.17500019073486328, 3276
0.17500019073486328, 3275
0.17500019073486328, 3274
0.17500019073486328, 3273
0.17500019073486328, 3272
0.17500019073486328, 3271
0.17500019073486328, 3270
0.17500019073486328, 3269
0.17500019073486328, 3268
0.17500019073486328, 3267
0.17500019073486328, 3266
0.17500019073486328, 3265
0.17500019073486328, 3264
0.17500019073486328, 3263
0.17500019073486328, 3262
0.17500019073486328, 3261
0.17500019073486328, 3260
0.17599892616271973, 3259
0.17599892616271973, 3258
0.17599892616271973, 3257
0.17599892616271973, 3256
0.17599892616271973, 3255
0.17599892616271973, 3254
0.17599892616271973, 3253
0.17599892616271973, 3252
0.17599892616271973, 3251
0.17599892616271973, 3250
0.17599892616271973, 3249
0.17599892616271973, 3248
0.17599892616271973, 3247
0.17599892616271973, 3246
0.17599892616271973, 3245
0.17599892616271973, 3244
0.17599892616271973, 3243
0.17599892616271973, 3242
0.17599892616271973, 3241
0.17599892616271973, 3240
0.17599892616271973, 3239
0.17599892616271973, 3238
0.17599892616271973, 3237
0.17599892616271973, 3236
0.17599892616271973, 3235
0.17599892616271973, 3234
0.17599892616271973, 3233
0.17599892616271973, 3232
0.17599892616271973, 3231
0.1770012378692627, 3230
0.1770012378692627, 3229
0.1770012378692627, 3228
0.1770012378692627, 3227
0.1770012378692627, 3226
0.1770012378692627, 3225
0.1770012378692627, 3224
0.1770012378692627, 3223
0.1770012378692627, 3222
0.1770012378692627, 3221
0.1770012378692627, 3220
0.1770012378692627, 3219
0.1770012378692627, 3218
0.1770012378692627, 3217
0.1770012378692627, 3216
0.1770012378692627, 3215
0.1770012378692627, 3214
0.1770012378692627, 3213
0.1770012378692627, 3212
0.1770012378692627, 3211
0.1770012378692627, 3210
0.1770012378692627, 3209
0.1770012378692627, 3208
0.1770012378692627, 3207
0.1770012378692627, 3206
0.1770012378692627, 3205
0.1770012378692627, 3204
0.1770012378692627, 3203
0.1770012378692627, 3202
0.17799854278564453, 3201
0.17799854278564453, 3200
0.17799854278564453, 3199
0.17799854278564453, 3198
0.17799854278564453, 3197
0.17799854278564453, 3196
0.17799854278564453, 3195
0.17799854278564453, 3194
0.17799854278564453, 3193
0.17799854278564453, 3192
0.17799854278564453, 3191
0.17799854278564453, 3190
0.17799854278564453, 3189
0.17799854278564453, 3188
0.17799854278564453, 3187
0.17799854278564453, 3186
0.17799854278564453, 3185
0.17799854278564453, 3184
0.17799854278564453, 3183
0.17799854278564453, 3182
0.17799854278564453, 3181
0.17799854278564453, 3180
0.17799854278564453, 3179
0.17799854278564453, 3178
0.17799854278564453, 3177
0.17799854278564453, 3176
0.17799854278564453, 3175
0.17799854278564453, 3174
0.17799854278564453, 3173
0.17899847030639648, 3172
0.17899847030639648, 3171
0.17899847030639648, 3170
0.17899847030639648, 3169
0.17899847030639648, 3168
0.17899847030639648, 3167
0.17899847030639648, 3166
0.17899847030639648, 3165
0.17899847030639648, 3164
0.17899847030639648, 3163
0.17899847030639648, 3162
0.17899847030639648, 3161
0.17899847030639648, 3160
0.17899847030639648, 3159
0.17899847030639648, 3158
0.17899847030639648, 3157
0.6967880725860596, 3156
0.6967880725860596, 3155
0.6967880725860596, 3154
0.6967880725860596, 3153
0.6967880725860596, 3152
0.6967880725860596, 3151
1.5098915100097656, 3150
1.5098915100097656, 3149
1.5098915100097656, 3148
1.5098915100097656, 3147
1.5098915100097656, 3146
1.5098915100097656, 3145
1.5098915100097656, 3144
1.5098915100097656, 3143
1.5098915100097656, 3142
1.5098915100097656, 3141
1.5098915100097656, 3140
1.5098915100097656, 3139
1.5098915100097656, 3138
1.5098915100097656, 3137
1.5098915100097656, 3136
1.5098915100097656, 3135
1.5108909606933594, 3134
1.5108909606933594, 3133
1.5108909606933594, 3132
1.5108909606933594, 3131
1.5108909606933594, 3130
1.5108909606933594, 3129
1.5108909606933594, 3128
1.5108909606933594, 3127
1.5108909606933594, 3126
1.5108909606933594, 3125
4.6711437702178955, 3124
4.6711437702178955, 3123
4.6711437702178955, 3122
4.6711437702178955, 3121
4.6711437702178955, 3120
4.6711437702178955, 3119
4.6711437702178955, 3118
4.6711437702178955, 3117
4.6711437702178955, 3116
4.6711437702178955, 3115
4.6711437702178955, 3114
4.6711437702178955, 3113
4.6711437702178955, 3112
4.672142744064331, 3111
4.672142744064331, 3110
5.6170899868011475, 3109
5.6170899868011475, 3108
5.6170899868011475, 3107
5.6170899868011475, 3106
5.6170899868011475, 3105
