0.013997316360473633, 4891
0.013997316360473633, 4890
0.013997316360473633, 4889
0.013997316360473633, 4888
0.013997316360473633, 4887
0.013997316360473633, 4886
0.013997316360473633, 4885
0.013997316360473633, 4884
0.013997316360473633, 4883
0.013997316360473633, 4882
0.013997316360473633, 4881
0.013997316360473633, 4880
0.013997316360473633, 4879
0.013997316360473633, 4878
0.013997316360473633, 4877
0.013997316360473633, 4876
0.013997316360473633, 4875
0.013997316360473633, 4874
0.013997316360473633, 4873
0.014997482299804688, 4872
0.014997482299804688, 4871
0.014997482299804688, 4870
0.014997482299804688, 4869
0.014997482299804688, 4868
0.014997482299804688, 4867
0.014997482299804688, 4866
0.014997482299804688, 4865
0.014997482299804688, 4864
0.014997482299804688, 4863
0.014997482299804688, 4862
0.014997482299804688, 4861
0.014997482299804688, 4860
0.014997482299804688, 4859
0.014997482299804688, 4858
0.014997482299804688, 4857
0.014997482299804688, 4856
0.014997482299804688, 4855
0.014997482299804688, 4854
0.014997482299804688, 4853
0.014997482299804688, 4852
0.014997482299804688, 4851
0.014997482299804688, 4850
0.014997482299804688, 4849
0.014997482299804688, 4848
0.014997482299804688, 4847
0.014997482299804688, 4846
0.014997482299804688, 4845
0.014997482299804688, 4844
0.014997482299804688, 4843
0.014997482299804688, 4842
0.014997482299804688, 4841
0.014997482299804688, 4840
0.014997482299804688, 4839
0.014997482299804688, 4838
0.014997482299804688, 4837
0.014997482299804688, 4836
0.014997482299804688, 4835
0.014997482299804688, 4834
0.014997482299804688, 4833
0.014997482299804688, 4832
0.014997482299804688, 4831
0.014997482299804688, 4830
0.014997482299804688, 4829
0.014997482299804688, 4828
0.014997482299804688, 4827
0.01599740982055664, 4826
0.01599740982055664, 4825
0.01599740982055664, 4824
0.01599740982055664, 4823
0.01599740982055664, 4822
0.01599740982055664, 4821
0.01599740982055664, 4820
0.01599740982055664, 4819
0.01599740982055664, 4818
0.01599740982055664, 4817
0.01599740982055664, 4816
0.01599740982055664, 4815
0.01599740982055664, 4814
0.01599740982055664, 4813
0.01599740982055664, 4812
0.01599740982055664, 4811
0.01599740982055664, 4810
0.01599740982055664, 4809
0.01599740982055664, 4808
0.01599740982055664, 4807
0.01599740982055664, 4806
0.01599740982055664, 4805
0.01599740982055664, 4804
0.01599740982055664, 4803
0.01599740982055664, 4802
0.01599740982055664, 4801
0.01599740982055664, 4800
0.01599740982055664, 4799
0.01599740982055664, 4798
0.01599740982055664, 4797
0.01599740982055664, 4796
0.01599740982055664, 4795
0.01599740982055664, 4794
0.01599740982055664, 4793
0.01599740982055664, 4792
0.01599740982055664, 4791
0.01599740982055664, 4790
0.01599740982055664, 4789
0.01599740982055664, 4788
0.01599740982055664, 4787
0.01599740982055664, 4786
0.01599740982055664, 4785
0.01599740982055664, 4784
0.01599740982055664, 4783
0.01599740982055664, 4782
0.016997337341308594, 4781
0.016997337341308594, 4780
0.016997337341308594, 4779
0.016997337341308594, 4778
0.016997337341308594, 4777
0.016997337341308594, 4776
0.016997337341308594, 4775
0.016997337341308594, 4774
0.016997337341308594, 4773
0.016997337341308594, 4772
0.016997337341308594, 4771
0.016997337341308594, 4770
0.016997337341308594, 4769
0.016997337341308594, 4768
0.016997337341308594, 4767
0.016997337341308594, 4766
0.016997337341308594, 4765
0.016997337341308594, 4764
0.016997337341308594, 4763
0.016997337341308594, 4762
0.016997337341308594, 4761
0.016997337341308594, 4760
0.016997337341308594, 4759
0.016997337341308594, 4758
0.016997337341308594, 4757
0.016997337341308594, 4756
0.016997337341308594, 4755
0.016997337341308594, 4754
0.016997337341308594, 4753
0.016997337341308594, 4752
0.016997337341308594, 4751
0.016997337341308594, 4750
0.016997337341308594, 4749
0.016997337341308594, 4748
0.016997337341308594, 4747
0.016997337341308594, 4746
0.016997337341308594, 4745
0.016997337341308594, 4744
0.016997337341308594, 4743
0.016997337341308594, 4742
0.016997337341308594, 4741
0.016997337341308594, 4740
0.016997337341308594, 4739
0.016997337341308594, 4738
0.01799750328063965, 4737
0.01799750328063965, 4736
0.01799750328063965, 4735
0.01799750328063965, 4734
0.01799750328063965, 4733
0.01799750328063965, 4732
0.01799750328063965, 4731
0.01799750328063965, 4730
0.01799750328063965, 4729
0.01799750328063965, 4728
0.01799750328063965, 4727
0.01799750328063965, 4726
0.01799750328063965, 4725
0.01799750328063965, 4724
0.01799750328063965, 4723
0.01799750328063965, 4722
0.01799750328063965, 4721
0.01799750328063965, 4720
0.01799750328063965, 4719
0.01799750328063965, 4718
0.01799750328063965, 4717
0.01799750328063965, 4716
0.01799750328063965, 4715
0.018522024154663086, 4714
0.018522024154663086, 4713
0.018522024154663086, 4712
0.018522024154663086, 4711
0.018522024154663086, 4710
0.018522024154663086, 4709
0.018522024154663086, 4708
0.018522024154663086, 4707
0.018522024154663086, 4706
0.018522024154663086, 4705
0.018522024154663086, 4704
0.018522024154663086, 4703
0.018522024154663086, 4702
0.018522024154663086, 4701
0.018522024154663086, 4700
0.018522024154663086, 4699
0.018522024154663086, 4698
0.018522024154663086, 4697
0.018522024154663086, 4696
0.018522024154663086, 4695
0.018522024154663086, 4694
0.018522024154663086, 4693
0.018522024154663086, 4692
0.044577836990356445, 4691
0.044577836990356445, 4690
0.044577836990356445, 4689
0.044577836990356445, 4688
0.044577836990356445, 4687
0.044577836990356445, 4686
0.044577836990356445, 4685
0.044577836990356445, 4684
0.044577836990356445, 4683
0.044577836990356445, 4682
0.044577836990356445, 4681
0.044577836990356445, 4680
0.044577836990356445, 4679
0.044577836990356445, 4678
0.044577836990356445, 4677
0.044577836990356445, 4676
0.045095205307006836, 4675
0.045095205307006836, 4674
0.045095205307006836, 4673
0.045095205307006836, 4672
0.045095205307006836, 4671
0.045095205307006836, 4670
0.045095205307006836, 4669
0.045095205307006836, 4668
0.05750775337219238, 3387
0.05750775337219238, 3386
0.05750775337219238, 3385
0.05750775337219238, 3384
0.05750775337219238, 3383
0.05750775337219238, 3382
0.05750775337219238, 3381
0.05750775337219238, 3380
0.05750775337219238, 3379
0.05750775337219238, 3378
0.05750775337219238, 3377
0.05750775337219238, 3376
0.05750775337219238, 3375
0.05750775337219238, 3374
0.058507442474365234, 3373
0.058507442474365234, 3372
0.058507442474365234, 3371
0.058507442474365234, 3370
0.058507442474365234, 3369
0.058507442474365234, 3368
0.058507442474365234, 3367
0.058507442474365234, 3366
0.058507442474365234, 3365
0.058507442474365234, 3364
0.058507442474365234, 3363
0.058507442474365234, 3362
0.058507442474365234, 3361
0.058507442474365234, 3360
0.058507442474365234, 3359
0.058507442474365234, 3358
0.058507442474365234, 3357
0.058507442474365234, 3356
0.058507442474365234, 3355
0.058507442474365234, 3354
0.058507442474365234, 3353
0.058507442474365234, 3352
0.058507442474365234, 3351
0.058507442474365234, 3350
0.058507442474365234, 3349
0.058507442474365234, 3348
0.058507442474365234, 3347
0.058507442474365234, 3346
0.058507442474365234, 3345
0.058507442474365234, 3344
0.058507442474365234, 3343
0.058507442474365234, 3342
0.058507442474365234, 3341
0.058507442474365234, 3340
0.058507442474365234, 3339
0.059535980224609375, 3338
0.059535980224609375, 3337
0.059535980224609375, 3336
0.059535980224609375, 3335
0.059535980224609375, 3334
0.059535980224609375, 3333
0.059535980224609375, 3332
0.059535980224609375, 3331
0.059535980224609375, 3330
0.059535980224609375, 3329
0.059535980224609375, 3328
0.059535980224609375, 3327
0.059535980224609375, 3326
0.059535980224609375, 3325
0.059535980224609375, 3324
0.059535980224609375, 3323
0.059535980224609375, 3322
0.059535980224609375, 3321
0.059535980224609375, 3320
0.059535980224609375, 3319
0.059535980224609375, 3318
0.059535980224609375, 3317
0.059535980224609375, 3316
0.059535980224609375, 3315
0.059535980224609375, 3314
0.059535980224609375, 3313
0.059535980224609375, 3312
0.059535980224609375, 3311
0.059535980224609375, 3310
0.059535980224609375, 3309
0.059535980224609375, 3308
0.059535980224609375, 3307
0.059535980224609375, 3306
0.059535980224609375, 3305
0.059535980224609375, 3304
0.059535980224609375, 3303
0.059535980224609375, 3302
0.059535980224609375, 3301
0.06053519248962402, 3300
0.06053519248962402, 3299
0.06053519248962402, 3298
0.06053519248962402, 3297
0.06053519248962402, 3296
0.06053519248962402, 3295
0.06053519248962402, 3294
0.06053519248962402, 3293
0.06053519248962402, 3292
0.06053519248962402, 3291
0.06053519248962402, 3290
0.06053519248962402, 3289
0.06053519248962402, 3288
0.06053519248962402, 3287
0.06053519248962402, 3286
0.06053519248962402, 3285
0.06053519248962402, 3284
0.06053519248962402, 3283
0.06053519248962402, 3282
0.06053519248962402, 3281
0.06053519248962402, 3280
0.06053519248962402, 3279
0.06053519248962402, 3278
0.06053519248962402, 3277
0.06053519248962402, 3276
0.06053519248962402, 3275
0.06053519248962402, 3274
0.06053519248962402, 3273
0.06053519248962402, 3272
0.06053519248962402, 3271
0.06053519248962402, 3270
0.06053519248962402, 3269
0.06153512001037598, 3268
0.06153512001037598, 3267
0.06153512001037598, 3266
0.06153512001037598, 3265
0.06153512001037598, 3264
0.06153512001037598, 3263
0.06153512001037598, 3262
0.06153512001037598, 3261
0.06153512001037598, 3260
0.06153512001037598, 3259
0.06153512001037598, 3258
0.06153512001037598, 3257
0.06153512001037598, 3256
0.06153512001037598, 3255
0.06153512001037598, 3254
0.06153512001037598, 3253
0.06153512001037598, 3252
0.06153512001037598, 3251
0.06153512001037598, 3250
0.06153512001037598, 3249
0.06153512001037598, 3248
0.06153512001037598, 3247
0.06153512001037598, 3246
0.06153512001037598, 3245
0.06153512001037598, 3244
0.06153512001037598, 3243
0.06153512001037598, 3242
0.06153512001037598, 3241
0.06153512001037598, 3240
0.06153512001037598, 3239
0.06153512001037598, 3238
0.06153512001037598, 3237
0.06153512001037598, 3236
0.06153512001037598, 3235
0.06253504753112793, 3234
0.06253504753112793, 3233
0.06253504753112793, 3232
0.06253504753112793, 3231
0.06253504753112793, 3230
0.06253504753112793, 3229
0.06253504753112793, 3228
0.06253504753112793, 3227
0.06253504753112793, 3226
0.06253504753112793, 3225
0.06253504753112793, 3224
0.06253504753112793, 3223
0.06253504753112793, 3222
0.06253504753112793, 3221
0.06253504753112793, 3220
0.06253504753112793, 3219
0.06253504753112793, 3218
0.06253504753112793, 3217
0.06253504753112793, 3216
0.06253504753112793, 3215
0.06253504753112793, 3214
0.06253504753112793, 3213
0.06253504753112793, 3212
0.06253504753112793, 3211
0.06253504753112793, 3210
0.06253504753112793, 3209
0.06253504753112793, 3208
0.06253504753112793, 3207
0.06253504753112793, 3206
0.17349624633789062, 3205
0.17349624633789062, 3204
0.17349624633789062, 3203
0.17349624633789062, 3202
0.17349624633789062, 3201
0.17349624633789062, 3200
0.17349624633789062, 3199
0.17349624633789062, 3198
0.17349624633789062, 3197
0.17349624633789062, 3196
0.17349624633789062, 3195
0.17349624633789062, 3194
0.17349624633789062, 3193
0.17349624633789062, 3192
0.17349624633789062, 3191
0.17349624633789062, 3190
0.17349624633789062, 3189
0.17349624633789062, 3188
0.17349624633789062, 3187
0.17349624633789062, 3186
0.17449665069580078, 3185
0.2495286464691162, 3184
0.2495286464691162, 3183
0.2495286464691162, 3182
0.2495286464691162, 3181
0.25052785873413086, 3180
0.25052785873413086, 3179
0.25052785873413086, 3178
0.25052785873413086, 3177
0.25052785873413086, 3176
0.25052785873413086, 3175
0.25052785873413086, 3174
0.25052785873413086, 3173
0.25052785873413086, 3172
0.25052785873413086, 3171
0.25052785873413086, 3170
0.25052785873413086, 3169
0.25052785873413086, 3168
0.25052785873413086, 3167
0.25052785873413086, 3166
0.25052785873413086, 3165
0.25052785873413086, 3164
0.25052785873413086, 3163
0.25052785873413086, 3162
0.25052785873413086, 3161
0.25052785873413086, 3160
0.25052785873413086, 3159
0.25052785873413086, 3158
0.25052785873413086, 3157
0.25052785873413086, 3156
0.25052785873413086, 3155
0.25052785873413086, 3154
0.25052785873413086, 3153
0.25052785873413086, 3152
0.25052785873413086, 3151
0.25052785873413086, 3150
0.25052785873413086, 3149
0.25052785873413086, 3148
0.25052785873413086, 3147
0.25052785873413086, 3146
0.2515287399291992, 3145
0.2515287399291992, 3144
0.2515287399291992, 3143
0.2515287399291992, 3142
0.2515287399291992, 3141
0.2515287399291992, 3140
0.2515287399291992, 3139
0.2515287399291992, 3138
0.2515287399291992, 3137
0.2515287399291992, 3136
0.2515287399291992, 3135
0.2515287399291992, 3134
0.2515287399291992, 3133
0.2515287399291992, 3132
0.2515287399291992, 3131
0.2515287399291992, 3130
0.2515287399291992, 3129
0.2515287399291992, 3128
0.2515287399291992, 3127
0.2515287399291992, 3126
0.2515287399291992, 3125
0.2515287399291992, 3124
0.2515287399291992, 3123
0.2515287399291992, 3122
0.2515287399291992, 3121
0.2515287399291992, 3120
0.2515287399291992, 3119
0.2515287399291992, 3118
0.2515287399291992, 3117
0.2515287399291992, 3116
0.2515287399291992, 3115
0.2515287399291992, 3114
0.2515287399291992, 3113
0.2515287399291992, 3112
0.2515287399291992, 3111
0.2515287399291992, 3110
0.2515287399291992, 3109
0.2525291442871094, 3108
0.2525291442871094, 3107
0.2525291442871094, 3106
0.2525291442871094, 3105
0.2525291442871094, 3104
0.2525291442871094, 3103
0.2525291442871094, 3102
0.2525291442871094, 3101
0.2525291442871094, 3100
0.2525291442871094, 3099
0.2525291442871094, 3098
0.2525291442871094, 3097
