0.019999980926513672, 4892
0.019999980926513672, 4891
0.019999980926513672, 4890
0.019999980926513672, 4889
0.019999980926513672, 4888
0.019999980926513672, 4887
0.019999980926513672, 4886
0.019999980926513672, 4885
0.019999980926513672, 4884
0.019999980926513672, 4883
0.019999980926513672, 4882
0.019999980926513672, 4881
0.019999980926513672, 4880
0.019999980926513672, 4879
0.019999980926513672, 4878
0.019999980926513672, 4877
0.019999980926513672, 4876
0.019999980926513672, 4875
0.019999980926513672, 4874
0.019999980926513672, 4873
0.019999980926513672, 4872
0.019999980926513672, 4871
0.019999980926513672, 4870
0.019999980926513672, 4869
0.019999980926513672, 4868
0.019999980926513672, 4867
0.019999980926513672, 4866
0.019999980926513672, 4865
0.019999980926513672, 4864
0.019999980926513672, 4863
0.019999980926513672, 4862
0.019999980926513672, 4861
0.019999980926513672, 4860
0.019999980926513672, 4859
0.019999980926513672, 4858
0.019999980926513672, 4857
0.019999980926513672, 4856
0.02099895477294922, 4855
0.02099895477294922, 4854
0.02099895477294922, 4853
0.02099895477294922, 4852
0.02099895477294922, 4851
0.02099895477294922, 4850
0.02099895477294922, 4849
0.02099895477294922, 4848
0.02099895477294922, 4847
0.021246910095214844, 4846
0.021246910095214844, 4845
0.021246910095214844, 4844
0.021246910095214844, 4843
0.021246910095214844, 4842
0.021246910095214844, 4841
0.021246910095214844, 4840
0.021246910095214844, 4839
0.021246910095214844, 4838
0.021246910095214844, 4837
0.021246910095214844, 4836
0.021246910095214844, 4835
0.021246910095214844, 4834
0.021246910095214844, 4833
0.021246910095214844, 4832
0.021246910095214844, 4831
0.021246910095214844, 4830
0.021246910095214844, 4829
0.021246910095214844, 4828
0.021246910095214844, 4827
0.021246910095214844, 4826
0.021246910095214844, 4825
0.021246910095214844, 4824
0.021246910095214844, 4823
0.021246910095214844, 4822
0.021246910095214844, 4821
0.021246910095214844, 4820
0.07204675674438477, 4819
0.07204675674438477, 4818
0.07204675674438477, 4817
0.07204675674438477, 4816
0.07204675674438477, 4815
0.07204675674438477, 4814
0.07262396812438965, 4813
0.07262396812438965, 4812
0.07262396812438965, 4811
0.07262396812438965, 4810
0.07262396812438965, 4809
0.07262396812438965, 4808
0.07262396812438965, 4807
0.07262396812438965, 4806
0.07262396812438965, 4805
0.07262396812438965, 4804
0.07262396812438965, 4803
0.07262396812438965, 4802
0.07262396812438965, 4801
0.07262396812438965, 4800
0.07262396812438965, 4799
0.07262396812438965, 4798
0.07262396812438965, 4797
0.07262396812438965, 4796
0.07304620742797852, 4795
0.07304620742797852, 4794
0.07304620742797852, 4793
0.07304620742797852, 4792
0.07304620742797852, 4791
0.07304620742797852, 4790
0.07304620742797852, 4789
0.07304620742797852, 4788
0.07304620742797852, 4787
0.07304620742797852, 4786
0.07304620742797852, 4785
0.07304620742797852, 4784
0.07304620742797852, 4783
0.07304620742797852, 4782
0.07304620742797852, 4781
0.07304620742797852, 4780
0.07304620742797852, 4779
0.07304620742797852, 4778
0.07304620742797852, 4777
0.07304620742797852, 4776
0.07304620742797852, 4775
0.07304620742797852, 4774
0.07304620742797852, 4773
0.07304620742797852, 4772
0.07304620742797852, 4771
0.07304620742797852, 4770
0.07304620742797852, 4769
0.07304620742797852, 4768
0.07304620742797852, 4767
0.07304620742797852, 4766
0.07304620742797852, 4765
0.07304620742797852, 4764
0.07304620742797852, 4763
0.07304620742797852, 4762
0.07304620742797852, 4761
0.07304620742797852, 4760
0.07304620742797852, 4759
0.07304620742797852, 4758
0.07304620742797852, 4757
0.07304620742797852, 4756
0.07304620742797852, 4755
0.07304620742797852, 4754
0.07304620742797852, 4753
0.07304620742797852, 4752
0.07404589653015137, 4751
0.07404589653015137, 4750
0.07404589653015137, 4749
0.07404589653015137, 4748
0.07404589653015137, 4747
0.07404589653015137, 4746
0.07404589653015137, 4745
0.07404589653015137, 4744
0.07404589653015137, 4743
0.07404589653015137, 4742
0.07404589653015137, 4741
0.07404589653015137, 4740
0.07404589653015137, 4739
0.07404589653015137, 4738
0.07404589653015137, 4737
0.07404589653015137, 4736
0.07404589653015137, 4735
0.07404589653015137, 4734
0.07404589653015137, 4733
0.07404589653015137, 4732
0.07404589653015137, 4731
0.07404589653015137, 4730
0.07404589653015137, 4729
0.07404589653015137, 4728
0.07404589653015137, 4727
0.07404589653015137, 4726
0.07404589653015137, 4725
0.07404589653015137, 4724
0.07404589653015137, 4723
0.07404589653015137, 4722
0.07404589653015137, 4721
0.07404589653015137, 4720
0.07404589653015137, 4719
0.07404589653015137, 4718
0.07404589653015137, 4717
0.07404589653015137, 4716
0.07404589653015137, 4715
0.07404589653015137, 4714
0.07404589653015137, 4713
0.07404589653015137, 4712
0.07404589653015137, 4711
0.07404589653015137, 4710
0.07404589653015137, 4709
0.07504630088806152, 4708
0.07504630088806152, 4707
0.07504630088806152, 4706
0.07504630088806152, 4705
0.07504630088806152, 4704
0.07504630088806152, 4703
0.07504630088806152, 4702
0.07504630088806152, 4701
0.07504630088806152, 4700
0.07504630088806152, 4699
0.07504630088806152, 4698
0.07504630088806152, 4697
0.07504630088806152, 4696
0.07504630088806152, 4695
0.07504630088806152, 4694
0.07504630088806152, 4693
0.07504630088806152, 4692
0.07504630088806152, 4691
0.07504630088806152, 4690
0.07504630088806152, 4689
0.07504630088806152, 4688
0.07504630088806152, 4687
0.07504630088806152, 4686
0.07504630088806152, 4685
0.07504630088806152, 4684
0.07504630088806152, 4683
0.07504630088806152, 4682
0.07504630088806152, 4681
0.07504630088806152, 4680
0.07504630088806152, 4679
0.07504630088806152, 4678
0.07504630088806152, 4677
0.07504630088806152, 4676
0.07504630088806152, 4675
0.07504630088806152, 4674
0.07504630088806152, 4673
0.07504630088806152, 4672
0.07504630088806152, 4671
0.07504630088806152, 4670
0.07504630088806152, 4669
0.07504630088806152, 4668
0.07504630088806152, 4667
0.07504630088806152, 4666
0.07604670524597168, 4665
0.07604670524597168, 4664
0.07604670524597168, 4663
0.07604670524597168, 4662
0.07604670524597168, 4661
0.07604670524597168, 4660
0.08710074424743652, 3416
0.08710074424743652, 3415
0.08710074424743652, 3414
0.08710074424743652, 3413
0.08710074424743652, 3412
0.08710074424743652, 3411
0.08710074424743652, 3410
0.08710074424743652, 3409
0.08710074424743652, 3408
0.08710074424743652, 3407
0.08710074424743652, 3406
0.08798909187316895, 3405
0.08798909187316895, 3404
0.08798909187316895, 3403
0.08810853958129883, 3402
0.08810853958129883, 3401
0.08810853958129883, 3400
0.08810853958129883, 3399
0.08810853958129883, 3398
0.08810853958129883, 3397
0.08810853958129883, 3396
0.08810853958129883, 3395
0.08810853958129883, 3394
0.08810853958129883, 3393
0.08810853958129883, 3392
0.08810853958129883, 3391
0.08810853958129883, 3390
0.08810853958129883, 3389
0.08810853958129883, 3388
0.08910775184631348, 3387
0.08910775184631348, 3386
0.08910775184631348, 3385
0.08910775184631348, 3384
0.08910775184631348, 3383
0.08910775184631348, 3382
0.08910775184631348, 3381
0.08910775184631348, 3380
0.08910775184631348, 3379
0.08910775184631348, 3378
0.08910775184631348, 3377
0.08910775184631348, 3376
0.08910775184631348, 3375
0.08910775184631348, 3374
0.08910775184631348, 3373
0.08910775184631348, 3372
0.08910775184631348, 3371
0.08910775184631348, 3370
0.08910775184631348, 3369
0.08910775184631348, 3368
0.09011006355285645, 3367
0.09011006355285645, 3366
0.09011006355285645, 3365
0.09011006355285645, 3364
0.09011006355285645, 3363
0.09011006355285645, 3362
0.09011006355285645, 3361
0.09011006355285645, 3360
0.09011006355285645, 3359
0.09011006355285645, 3358
0.09011006355285645, 3357
0.09011006355285645, 3356
0.09011006355285645, 3355
0.09060931205749512, 3354
0.09060931205749512, 3353
0.09060931205749512, 3352
0.09060931205749512, 3351
0.09060931205749512, 3350
0.09060931205749512, 3349
0.09060931205749512, 3348
0.09110879898071289, 3347
0.09110879898071289, 3346
0.09110879898071289, 3345
0.09110879898071289, 3344
0.09110879898071289, 3343
0.09110879898071289, 3342
0.09110879898071289, 3341
0.09110879898071289, 3340
0.09110879898071289, 3339
0.09110879898071289, 3338
0.09110879898071289, 3337
0.09110879898071289, 3336
0.09110879898071289, 3335
0.09110879898071289, 3334
0.09110879898071289, 3333
0.09110879898071289, 3332
0.09110879898071289, 3331
0.09110879898071289, 3330
0.09110879898071289, 3329
0.09110879898071289, 3328
0.09110879898071289, 3327
0.09110879898071289, 3326
0.09110879898071289, 3325
0.09110879898071289, 3324
0.09110879898071289, 3323
0.09110879898071289, 3322
0.09210729598999023, 3321
0.09210729598999023, 3320
0.09210729598999023, 3319
0.09210729598999023, 3318
0.09210729598999023, 3317
0.09210729598999023, 3316
0.09210729598999023, 3315
0.09210729598999023, 3314
0.09210729598999023, 3313
0.09210729598999023, 3312
0.09210729598999023, 3311
0.09210729598999023, 3310
0.09210729598999023, 3309
0.09210729598999023, 3308
0.09210729598999023, 3307
0.09210729598999023, 3306
0.09210729598999023, 3305
0.09210729598999023, 3304
0.09210729598999023, 3303
0.09210729598999023, 3302
0.09210729598999023, 3301
0.09210729598999023, 3300
0.09311246871948242, 3299
0.09311246871948242, 3298
0.09311246871948242, 3297
0.09311246871948242, 3296
0.09311246871948242, 3295
0.09311246871948242, 3294
0.09311246871948242, 3293
0.09311246871948242, 3292
0.09311246871948242, 3291
0.09311246871948242, 3290
0.09311246871948242, 3289
0.09311246871948242, 3288
0.09311246871948242, 3287
0.09311246871948242, 3286
0.09311246871948242, 3285
0.09311246871948242, 3284
0.09311246871948242, 3283
0.09311246871948242, 3282
0.09311246871948242, 3281
0.09311246871948242, 3280
0.09311246871948242, 3279
0.09311246871948242, 3278
0.09311246871948242, 3277
0.09411096572875977, 3276
0.09411096572875977, 3275
0.09411096572875977, 3274
0.09411096572875977, 3273
0.09411096572875977, 3272
0.09411096572875977, 3271
0.09411096572875977, 3270
0.09411096572875977, 3269
0.09411096572875977, 3268
0.09411096572875977, 3267
0.09411096572875977, 3266
0.09411096572875977, 3265
0.09411096572875977, 3264
0.09411096572875977, 3263
0.09411096572875977, 3262
0.09411096572875977, 3261
0.09411096572875977, 3260
0.09411096572875977, 3259
0.09411096572875977, 3258
0.09411096572875977, 3257
0.09411096572875977, 3256
0.09411096572875977, 3255
0.09411096572875977, 3254
0.09411096572875977, 3253
0.09411096572875977, 3252
0.09511137008666992, 3251
0.09511137008666992, 3250
0.09511137008666992, 3249
0.09511137008666992, 3248
0.09511137008666992, 3247
0.09511137008666992, 3246
0.09511137008666992, 3245
0.09511137008666992, 3244
0.09511137008666992, 3243
0.09511137008666992, 3242
0.09511137008666992, 3241
0.09511137008666992, 3240
0.09511137008666992, 3239
0.09511137008666992, 3238
0.09511137008666992, 3237
0.09511137008666992, 3236
0.09511137008666992, 3235
0.09511137008666992, 3234
0.09511137008666992, 3233
0.09511137008666992, 3232
0.09511137008666992, 3231
0.09511137008666992, 3230
0.09511137008666992, 3229
0.09511137008666992, 3228
0.09611058235168457, 3227
0.09611058235168457, 3226
0.09611058235168457, 3225
0.09611058235168457, 3224
0.09611058235168457, 3223
0.09611058235168457, 3222
0.09611058235168457, 3221
0.09611058235168457, 3220
0.09611058235168457, 3219
0.09611058235168457, 3218
0.09611058235168457, 3217
0.09611058235168457, 3216
0.09611058235168457, 3215
0.09611058235168457, 3214
0.09611058235168457, 3213
0.09611058235168457, 3212
0.09611058235168457, 3211
0.09611058235168457, 3210
0.09611058235168457, 3209
0.09611058235168457, 3208
0.09611058235168457, 3207
0.09611058235168457, 3206
0.09611058235168457, 3205
0.09611058235168457, 3204
0.09611058235168457, 3203
0.09611058235168457, 3202
0.09711027145385742, 3201
0.09711027145385742, 3200
0.09711027145385742, 3199
0.09711027145385742, 3198
0.09711027145385742, 3197
0.09711027145385742, 3196
0.09711027145385742, 3195
0.09711027145385742, 3194
0.09711027145385742, 3193
0.09711027145385742, 3192
0.09711027145385742, 3191
0.09711027145385742, 3190
0.09711027145385742, 3189
0.09711027145385742, 3188
0.09711027145385742, 3187
0.09711027145385742, 3186
0.09711027145385742, 3185
0.09711027145385742, 3184
0.09711027145385742, 3183
0.09711027145385742, 3182
0.09711027145385742, 3181
0.09711027145385742, 3180
0.09711027145385742, 3179
0.09711027145385742, 3178
0.09811115264892578, 3177
0.09811115264892578, 3176
0.15022945404052734, 3175
0.15022945404052734, 3174
0.15022945404052734, 3173
0.15022945404052734, 3172
0.15022945404052734, 3171
0.1512305736541748, 3170
0.1512305736541748, 3169
0.1512305736541748, 3168
0.1512305736541748, 3167
0.1512305736541748, 3166
0.1512305736541748, 3165
0.1512305736541748, 3164
0.1512305736541748, 3163
0.1512305736541748, 3162
0.1512305736541748, 3161
0.1512305736541748, 3160
0.1512305736541748, 3159
0.1512305736541748, 3158
0.22945642471313477, 3157
0.22945642471313477, 3156
0.22945642471313477, 3155
0.4051167964935303, 3154
0.4051167964935303, 3153
0.4051167964935303, 3152
0.4051167964935303, 3151
0.6049003601074219, 3150
0.6049003601074219, 3149
0.6049003601074219, 3148
0.6049003601074219, 3147
0.6049003601074219, 3146
0.6049003601074219, 3145
0.6049003601074219, 3144
0.605902910232544, 3143
0.605902910232544, 3142
0.605902910232544, 3141
0.605902910232544, 3140
0.605902910232544, 3139
1.5391345024108887, 3138
1.5391345024108887, 3137
1.5391345024108887, 3136
1.5391345024108887, 3135
1.5391345024108887, 3134
1.5391345024108887, 3133
1.5391345024108887, 3132
1.5391345024108887, 3131
1.5401356220245361, 3130
3.6710143089294434, 3109
3.6710143089294434, 3108
