0.01707148551940918, 4838
0.01707148551940918, 4837
0.01707148551940918, 4836
0.01707148551940918, 4835
0.01707148551940918, 4834
0.01707148551940918, 4833
0.01707148551940918, 4832
0.01707148551940918, 4831
0.01707148551940918, 4830
0.01707148551940918, 4829
0.01707148551940918, 4828
0.01707148551940918, 4827
0.01707148551940918, 4826
0.01707148551940918, 4825
0.01707148551940918, 4824
0.01707148551940918, 4823
0.01707148551940918, 4822
0.01707148551940918, 4821
0.01707148551940918, 4820
0.01707148551940918, 4819
0.01707148551940918, 4818
0.01707148551940918, 4817
0.01707148551940918, 4816
0.01707148551940918, 4815
0.01707148551940918, 4814
0.01707148551940918, 4813
0.01707148551940918, 4812
0.01707148551940918, 4811
0.01707148551940918, 4810
0.01707148551940918, 4809
0.01707148551940918, 4808
0.018071889877319336, 4807
0.01813960075378418, 4806
0.01813960075378418, 4805
0.01813960075378418, 4804
0.01813960075378418, 4803
0.018353700637817383, 4802
0.018353700637817383, 4801
0.018353700637817383, 4800
0.018353700637817383, 4799
0.018353700637817383, 4798
0.018353700637817383, 4797
0.018353700637817383, 4796
0.018353700637817383, 4795
0.018353700637817383, 4794
0.018353700637817383, 4793
0.018353700637817383, 4792
0.018353700637817383, 4791
0.018353700637817383, 4790
0.018353700637817383, 4789
0.018353700637817383, 4788
0.018353700637817383, 4787
0.018353700637817383, 4786
0.018353700637817383, 4785
0.018353700637817383, 4784
0.018353700637817383, 4783
0.018353700637817383, 4782
0.018353700637817383, 4781
0.018353700637817383, 4780
0.018353700637817383, 4779
0.018353700637817383, 4778
0.018353700637817383, 4777
0.018353700637817383, 4776
0.01907205581665039, 4775
0.019153356552124023, 4774
0.019153356552124023, 4773
0.019153356552124023, 4772
0.019153356552124023, 4771
0.019153356552124023, 4770
0.019153356552124023, 4769
0.019153356552124023, 4768
0.019153356552124023, 4767
0.019153356552124023, 4766
0.019153356552124023, 4765
0.019153356552124023, 4764
0.051103830337524414, 4756
0.051103830337524414, 4755
0.051103830337524414, 4754
0.051103830337524414, 4753
0.051103830337524414, 4752
0.051103830337524414, 4751
0.051103830337524414, 4750
0.05185103416442871, 4749
0.05185103416442871, 4748
0.05185103416442871, 4747
0.05185103416442871, 4746
0.05185103416442871, 4745
0.05185103416442871, 4744
0.05185103416442871, 4743
0.05185103416442871, 4742
0.05185103416442871, 4741
0.05185103416442871, 4740
0.05210471153259277, 4739
0.05210471153259277, 4738
0.05210471153259277, 4737
0.08313584327697754, 4736
0.08313584327697754, 4735
0.08313584327697754, 4734
0.08313584327697754, 4733
0.08313584327697754, 4732
0.08313584327697754, 4731
0.08313584327697754, 4730
0.08313584327697754, 4729
0.11516332626342773, 4728
0.11516332626342773, 4727
0.11516332626342773, 4726
0.11516332626342773, 4725
0.11516332626342773, 4724
0.11516332626342773, 4723
0.11516332626342773, 4722
0.11516332626342773, 4721
0.11516332626342773, 4720
0.11516332626342773, 4719
0.11516332626342773, 4718
0.11516332626342773, 4717
0.11516332626342773, 4716
0.11516332626342773, 4715
0.11516332626342773, 4714
0.11516332626342773, 4713
0.11516332626342773, 4712
0.11516332626342773, 4711
0.11516332626342773, 4710
0.11516332626342773, 4709
0.11516332626342773, 4708
0.11516332626342773, 4707
0.11516332626342773, 4706
0.11516332626342773, 4705
0.11516332626342773, 4704
0.11516332626342773, 4703
0.11516332626342773, 4702
0.11516332626342773, 4701
0.11516332626342773, 4700
0.11516332626342773, 4699
0.11516332626342773, 4698
0.11516332626342773, 4697
0.11516332626342773, 4696
0.11516332626342773, 4695
0.11616349220275879, 4694
0.11616349220275879, 4693
0.11616349220275879, 4692
0.11616349220275879, 4691
0.11616349220275879, 4690
0.11616349220275879, 4689
0.11616349220275879, 4688
0.11616349220275879, 4687
0.11616349220275879, 4686
0.11616349220275879, 4685
0.11616349220275879, 4684
0.11616349220275879, 4683
0.11616349220275879, 4682
0.11616349220275879, 4681
0.11616349220275879, 4680
0.11616349220275879, 4679
0.11616349220275879, 4678
0.11616349220275879, 4677
0.11616349220275879, 4676
0.11616349220275879, 4675
0.11616349220275879, 4674
0.11616349220275879, 4673
0.11616349220275879, 4672
0.11616349220275879, 4671
0.11616349220275879, 4670
0.11616349220275879, 4669
0.11616349220275879, 4668
0.11616349220275879, 4667
0.11616349220275879, 4666
0.11616349220275879, 4665
0.11616349220275879, 4664
0.14797425270080566, 4663
0.14797425270080566, 4662
0.14797425270080566, 4661
0.14797425270080566, 4660
0.14797425270080566, 4659
0.14797425270080566, 4658
0.14797425270080566, 4657
0.20209455490112305, 3256
0.20209455490112305, 3255
0.20209455490112305, 3254
0.20209455490112305, 3253
0.20209455490112305, 3252
0.20209455490112305, 3251
0.20209455490112305, 3250
0.20209455490112305, 3249
0.20209455490112305, 3248
0.20209455490112305, 3247
0.20209455490112305, 3246
0.20209455490112305, 3245
0.20209455490112305, 3244
0.20309901237487793, 3243
0.20309901237487793, 3242
0.20309901237487793, 3241
0.20309901237487793, 3240
0.20309901237487793, 3239
0.20309901237487793, 3238
0.20309901237487793, 3237
0.20309901237487793, 3236
0.20309901237487793, 3235
0.20309901237487793, 3234
0.20309901237487793, 3233
0.20309901237487793, 3232
0.20309901237487793, 3231
0.20309901237487793, 3230
0.20309901237487793, 3229
0.20309901237487793, 3228
0.20309901237487793, 3227
0.20309901237487793, 3226
0.20309901237487793, 3225
0.20309901237487793, 3224
0.20409536361694336, 3223
0.20409536361694336, 3222
0.20409536361694336, 3221
0.20409536361694336, 3220
0.20409536361694336, 3219
0.20409536361694336, 3218
0.20409536361694336, 3217
0.20409536361694336, 3216
0.20409536361694336, 3215
0.20409536361694336, 3214
0.20409536361694336, 3213
0.20409536361694336, 3212
0.20409536361694336, 3211
0.20409536361694336, 3210
0.20409536361694336, 3209
0.20409536361694336, 3208
0.20409536361694336, 3207
0.20409536361694336, 3206
0.20509767532348633, 3205
0.20509767532348633, 3204
0.20509767532348633, 3203
0.20509767532348633, 3202
0.20509767532348633, 3201
0.20509767532348633, 3200
0.20509767532348633, 3199
0.20509767532348633, 3198
0.20509767532348633, 3197
0.20509767532348633, 3196
0.20509767532348633, 3195
0.20509767532348633, 3194
0.20509767532348633, 3193
0.20509767532348633, 3192
0.20509767532348633, 3191
0.20509767532348633, 3190
0.20509767532348633, 3189
0.20509767532348633, 3188
0.2060987949371338, 3187
0.2060987949371338, 3186
0.2060987949371338, 3185
0.2060987949371338, 3184
0.2060987949371338, 3183
0.2060987949371338, 3182
0.2060987949371338, 3181
0.2060987949371338, 3180
0.2060987949371338, 3179
0.2060987949371338, 3178
0.2060987949371338, 3177
0.2060987949371338, 3176
0.2060987949371338, 3175
0.2060987949371338, 3174
0.2060987949371338, 3173
0.2060987949371338, 3172
0.2060987949371338, 3171
0.2060987949371338, 3170
0.2060987949371338, 3169
0.2060987949371338, 3168
0.20709586143493652, 3167
0.20709586143493652, 3166
0.20709586143493652, 3165
0.20709586143493652, 3164
0.20709586143493652, 3163
0.20709586143493652, 3162
0.20709586143493652, 3161
0.20709586143493652, 3160
0.20709586143493652, 3159
0.20709586143493652, 3158
0.20709586143493652, 3157
0.20709586143493652, 3156
0.20709586143493652, 3155
0.20709586143493652, 3154
0.20709586143493652, 3153
0.20709586143493652, 3152
0.20709586143493652, 3151
1.040137767791748, 3150
1.040137767791748, 3149
1.040137767791748, 3148
1.040137767791748, 3147
1.308032512664795, 3146
1.308032512664795, 3145
1.308032512664795, 3144
1.308032512664795, 3143
1.4889285564422607, 3142
1.4889285564422607, 3141
1.4889285564422607, 3140
1.4889285564422607, 3139
1.4889285564422607, 3138
1.4889285564422607, 3137
1.4899280071258545, 3136
1.4899280071258545, 3135
1.4899280071258545, 3134
1.4899280071258545, 3133
2.81219744682312, 3132
2.81219744682312, 3131
2.81219744682312, 3130
2.81219744682312, 3129
2.81219744682312, 3128
2.81219744682312, 3127
2.81219744682312, 3126
2.81219744682312, 3125
2.81219744682312, 3124
2.81219744682312, 3123
2.81219744682312, 3122
2.81219744682312, 3121
2.81219744682312, 3120
2.81219744682312, 3119
2.81219744682312, 3118
2.81219744682312, 3117
2.81219744682312, 3116
2.81219744682312, 3115
2.81219744682312, 3114
2.81219744682312, 3113
2.81219744682312, 3112
2.81219744682312, 3111
2.81219744682312, 3110
2.81219744682312, 3109
