0.019999265670776367, 4884
0.019999265670776367, 4883
0.019999265670776367, 4882
0.019999265670776367, 4881
0.019999265670776367, 4880
0.019999265670776367, 4879
0.019999265670776367, 4878
0.019999265670776367, 4877
0.019999265670776367, 4876
0.019999265670776367, 4875
0.019999265670776367, 4874
0.019999265670776367, 4873
0.019999265670776367, 4872
0.019999265670776367, 4871
0.019999265670776367, 4870
0.019999265670776367, 4869
0.019999265670776367, 4868
0.019999265670776367, 4867
0.019999265670776367, 4866
0.019999265670776367, 4865
0.019999265670776367, 4864
0.019999265670776367, 4863
0.019999265670776367, 4862
0.019999265670776367, 4861
0.019999265670776367, 4860
0.04604911804199219, 4831
0.04604911804199219, 4830
0.04604911804199219, 4829
0.04604911804199219, 4828
0.04604911804199219, 4827
0.04604911804199219, 4826
0.04604911804199219, 4825
0.04604911804199219, 4824
0.047049760818481445, 4823
0.047049760818481445, 4822
0.047049760818481445, 4821
0.047049760818481445, 4820
0.047049760818481445, 4819
0.047049760818481445, 4818
0.047049760818481445, 4817
0.047049760818481445, 4816
0.047049760818481445, 4815
0.047049760818481445, 4814
0.047049760818481445, 4813
0.047049760818481445, 4812
0.047049760818481445, 4811
0.047049760818481445, 4810
0.047049760818481445, 4809
0.047049760818481445, 4808
0.047049760818481445, 4807
0.047049760818481445, 4806
0.047049760818481445, 4805
0.047049760818481445, 4804
0.047049760818481445, 4803
0.047049760818481445, 4802
0.047049760818481445, 4801
0.047049760818481445, 4800
0.047049760818481445, 4799
0.047049760818481445, 4798
0.047049760818481445, 4797
0.047049760818481445, 4796
0.047049760818481445, 4795
0.047049760818481445, 4794
0.047049760818481445, 4793
0.047049760818481445, 4792
0.047049760818481445, 4791
0.047049760818481445, 4790
0.047049760818481445, 4789
0.047049760818481445, 4788
0.047049760818481445, 4787
0.047049760818481445, 4786
0.047049760818481445, 4785
0.047049760818481445, 4784
0.047049760818481445, 4783
0.047049760818481445, 4782
0.047049760818481445, 4781
0.048049211502075195, 4780
0.048049211502075195, 4779
0.048049211502075195, 4778
0.048049211502075195, 4777
0.048049211502075195, 4776
0.048049211502075195, 4775
0.048049211502075195, 4774
0.048049211502075195, 4773
0.048049211502075195, 4772
0.048049211502075195, 4771
0.048049211502075195, 4770
0.048049211502075195, 4769
0.048049211502075195, 4768
0.048049211502075195, 4767
0.048049211502075195, 4766
0.048049211502075195, 4765
0.048049211502075195, 4764
0.048049211502075195, 4763
0.048049211502075195, 4762
0.048049211502075195, 4761
0.048049211502075195, 4760
0.048049211502075195, 4759
0.048049211502075195, 4758
0.048049211502075195, 4757
0.048049211502075195, 4756
0.048049211502075195, 4755
0.048049211502075195, 4754
0.048049211502075195, 4753
0.048049211502075195, 4752
0.048049211502075195, 4751
0.048049211502075195, 4750
0.048049211502075195, 4749
0.048049211502075195, 4748
0.048049211502075195, 4747
0.048049211502075195, 4746
0.048049211502075195, 4745
0.048049211502075195, 4744
0.048049211502075195, 4743
0.048049211502075195, 4742
0.048049211502075195, 4741
0.048049211502075195, 4740
0.048049211502075195, 4739
0.048049211502075195, 4738
0.049048423767089844, 4737
0.049048423767089844, 4736
0.049048423767089844, 4735
0.049048423767089844, 4734
0.049048423767089844, 4733
0.049048423767089844, 4732
0.049048423767089844, 4731
0.049048423767089844, 4730
0.049048423767089844, 4729
0.049048423767089844, 4728
0.049048423767089844, 4727
0.049048423767089844, 4726
0.049048423767089844, 4725
0.049048423767089844, 4724
0.049048423767089844, 4723
0.049048423767089844, 4722
0.049048423767089844, 4721
0.049048423767089844, 4720
0.049048423767089844, 4719
0.049048423767089844, 4718
0.049048423767089844, 4717
0.049048423767089844, 4716
0.049048423767089844, 4715
0.049048423767089844, 4714
0.049048423767089844, 4713
0.049048423767089844, 4712
0.049048423767089844, 4711
0.049048423767089844, 4710
0.049048423767089844, 4709
0.049048423767089844, 4708
0.049048423767089844, 4707
0.049048423767089844, 4706
0.049048423767089844, 4705
0.049048423767089844, 4704
0.049048423767089844, 4703
0.049048423767089844, 4702
0.049048423767089844, 4701
0.049048423767089844, 4700
0.049048423767089844, 4699
0.049048423767089844, 4698
0.049048423767089844, 4697
0.049048423767089844, 4696
0.049048423767089844, 4695
0.0500490665435791, 4694
0.0500490665435791, 4693
0.0500490665435791, 4692
0.0500490665435791, 4691
0.0500490665435791, 4690
0.0500490665435791, 4689
0.0500490665435791, 4688
0.0500490665435791, 4687
0.0500490665435791, 4686
0.0500490665435791, 4685
0.0500490665435791, 4684
0.0500490665435791, 4683
0.0500490665435791, 4682
0.0500490665435791, 4681
0.0500490665435791, 4680
0.0500490665435791, 4679
0.0500490665435791, 4678
0.0500490665435791, 4677
0.0500490665435791, 4676
0.0500490665435791, 4675
0.0500490665435791, 4674
0.0500490665435791, 4673
0.0500490665435791, 4672
0.0500490665435791, 4671
0.0500490665435791, 4670
0.0500490665435791, 4669
0.0500490665435791, 4668
0.0500490665435791, 4667
0.0500490665435791, 4666
0.0500490665435791, 4665
0.0500490665435791, 4664
0.0500490665435791, 4663
0.0500490665435791, 4662
0.0500490665435791, 4661
0.0500490665435791, 4660
0.0500490665435791, 4659
0.0500490665435791, 4658
0.0500490665435791, 4657
0.0500490665435791, 4656
0.0500490665435791, 4655
0.0500490665435791, 4654
0.0500490665435791, 4653
0.0500490665435791, 4652
0.051050662994384766, 4651
0.051050662994384766, 4650
0.051050662994384766, 4649
0.051050662994384766, 4648
0.051050662994384766, 4647
0.051050662994384766, 4646
0.051050662994384766, 4645
0.051050662994384766, 4644
0.051050662994384766, 4643
0.051050662994384766, 4642
0.051050662994384766, 4641
0.051050662994384766, 4640
0.051050662994384766, 4639
0.051050662994384766, 4638
0.051050662994384766, 4637
0.051050662994384766, 4636
0.051050662994384766, 4635
0.051050662994384766, 4634
0.051050662994384766, 4633
0.051050662994384766, 4632
0.051050662994384766, 4631
0.051050662994384766, 4630
0.051050662994384766, 4629
0.051050662994384766, 4628
0.051050662994384766, 4627
0.051050662994384766, 4626
0.051050662994384766, 4625
0.051050662994384766, 4624
0.051050662994384766, 4623
0.051050662994384766, 4622
0.051050662994384766, 4621
0.051050662994384766, 4620
0.051050662994384766, 4619
0.051050662994384766, 4618
0.051050662994384766, 4617
0.051050662994384766, 4616
0.051050662994384766, 4615
0.051050662994384766, 4614
0.052051544189453125, 4613
0.052051544189453125, 4612
0.052051544189453125, 4611
0.052051544189453125, 4610
0.052051544189453125, 4609
0.052051544189453125, 4608
0.052051544189453125, 4607
0.052051544189453125, 4606
0.052051544189453125, 4605
0.052051544189453125, 4604
0.052051544189453125, 4603
0.052051544189453125, 4602
0.052051544189453125, 4601
0.052051544189453125, 4600
0.052051544189453125, 4599
0.052051544189453125, 4598
0.052051544189453125, 4597
0.052051544189453125, 4596
0.052051544189453125, 4595
0.052051544189453125, 4594
0.052051544189453125, 4593
0.052051544189453125, 4592
0.052051544189453125, 4591
0.052051544189453125, 4590
0.052051544189453125, 4589
0.052051544189453125, 4588
0.052051544189453125, 4587
0.052051544189453125, 4586
0.052051544189453125, 4585
0.052051544189453125, 4584
0.052051544189453125, 4583
0.052051544189453125, 4582
0.052051544189453125, 4581
0.052051544189453125, 4580
0.052051544189453125, 4579
0.052051544189453125, 4578
0.052051544189453125, 4577
0.052051544189453125, 4576
0.052051544189453125, 4575
0.052051544189453125, 4574
0.052051544189453125, 4573
0.052051544189453125, 4572
0.05305123329162598, 4571
0.05305123329162598, 4570
0.05305123329162598, 4569
0.05305123329162598, 4568
0.05305123329162598, 4567
0.05305123329162598, 4566
0.05305123329162598, 4565
0.05305123329162598, 4564
0.05305123329162598, 4563
0.05305123329162598, 4562
0.05305123329162598, 4561
0.05305123329162598, 4560
0.05305123329162598, 4559
0.05305123329162598, 4558
0.05305123329162598, 4557
0.05305123329162598, 4556
0.1190638542175293, 3261
0.1190638542175293, 3260
0.1190638542175293, 3259
0.1190638542175293, 3258
0.1190638542175293, 3257
0.1190638542175293, 3256
0.1190638542175293, 3255
0.1190638542175293, 3254
0.1190638542175293, 3253
0.1190638542175293, 3252
0.1190638542175293, 3251
0.1190638542175293, 3250
0.1190638542175293, 3249
0.1190638542175293, 3248
0.1190638542175293, 3247
0.1190638542175293, 3246
0.1190638542175293, 3245
0.1190638542175293, 3244
0.1190638542175293, 3243
0.1190638542175293, 3242
0.1190638542175293, 3241
0.1190638542175293, 3240
0.1190638542175293, 3239
0.12006402015686035, 3238
0.12006402015686035, 3237
0.12006402015686035, 3236
0.12006402015686035, 3235
0.12006402015686035, 3234
0.12006402015686035, 3233
0.12006402015686035, 3232
0.12006402015686035, 3231
0.12006402015686035, 3230
0.12006402015686035, 3229
0.12006402015686035, 3228
0.12006402015686035, 3227
0.12006402015686035, 3226
0.12006402015686035, 3225
0.12006402015686035, 3224
0.12006402015686035, 3223
0.12006402015686035, 3222
0.12006402015686035, 3221
0.12006402015686035, 3220
0.12006402015686035, 3219
0.12006402015686035, 3218
0.12006402015686035, 3217
0.12006402015686035, 3216
0.12006402015686035, 3215
0.12006402015686035, 3214
0.1210634708404541, 3213
0.1210634708404541, 3212
0.1210634708404541, 3211
0.1210634708404541, 3210
0.1210634708404541, 3209
0.1210634708404541, 3208
0.1210634708404541, 3207
0.1210634708404541, 3206
0.1210634708404541, 3205
0.1210634708404541, 3204
0.1210634708404541, 3203
0.1210634708404541, 3202
0.1210634708404541, 3201
0.1210634708404541, 3200
0.1210634708404541, 3199
0.1210634708404541, 3198
0.1210634708404541, 3197
0.1210634708404541, 3196
0.1210634708404541, 3195
0.1210634708404541, 3194
0.1210634708404541, 3193
0.1210634708404541, 3192
0.1210634708404541, 3191
0.1210634708404541, 3190
0.1210634708404541, 3189
0.12206339836120605, 3188
0.12206339836120605, 3187
0.12206339836120605, 3186
0.12206339836120605, 3185
0.12206339836120605, 3184
0.12206339836120605, 3183
0.12206339836120605, 3182
0.12206339836120605, 3181
0.12206339836120605, 3180
0.12206339836120605, 3179
0.12206339836120605, 3178
0.12206339836120605, 3177
0.12206339836120605, 3176
0.12206339836120605, 3175
0.12206339836120605, 3174
0.12206339836120605, 3173
0.12206339836120605, 3172
0.284909725189209, 3171
0.2849721908569336, 3170
0.2849721908569336, 3169
0.2849721908569336, 3168
0.2849721908569336, 3167
0.2849721908569336, 3166
0.2849721908569336, 3165
0.2849721908569336, 3164
0.2849721908569336, 3163
0.2849721908569336, 3162
0.2849721908569336, 3161
0.2849721908569336, 3160
0.2849721908569336, 3159
0.2849721908569336, 3158
0.44887566566467285, 3157
0.44887566566467285, 3156
0.5819039344787598, 3155
0.5819039344787598, 3154
0.5819039344787598, 3153
0.5819039344787598, 3152
0.5819039344787598, 3151
0.5819039344787598, 3150
0.5819039344787598, 3149
0.5819039344787598, 3148
0.5819039344787598, 3147
0.5819039344787598, 3146
0.5819039344787598, 3145
0.5819039344787598, 3144
0.5819039344787598, 3143
0.5819039344787598, 3142
0.5819039344787598, 3141
0.5819039344787598, 3140
0.5819039344787598, 3139
0.5819039344787598, 3138
0.5819039344787598, 3137
0.5819039344787598, 3136
0.5819039344787598, 3135
0.5819039344787598, 3134
0.5829033851623535, 3133
0.5829033851623535, 3132
3.486882209777832, 3131
3.486882209777832, 3130
3.486882209777832, 3129
3.486882209777832, 3128
3.486882209777832, 3127
3.486882209777832, 3126
3.486882209777832, 3125
3.486882209777832, 3124
3.486882209777832, 3123
3.486882209777832, 3122
3.486882209777832, 3121
3.486882209777832, 3120
3.486882209777832, 3119
