0.02099776268005371, 4878
0.02099776268005371, 4877
0.02099776268005371, 4876
0.02099776268005371, 4875
0.02099776268005371, 4874
0.02099776268005371, 4873
0.02099776268005371, 4872
0.02099776268005371, 4871
0.02099776268005371, 4870
0.02099776268005371, 4869
0.02099776268005371, 4868
0.02099776268005371, 4867
0.02099776268005371, 4866
0.02099776268005371, 4865
0.02099776268005371, 4864
0.02099776268005371, 4863
0.02099776268005371, 4862
0.02099776268005371, 4861
0.02099776268005371, 4860
0.02099776268005371, 4859
0.02099776268005371, 4858
0.02199721336364746, 4857
0.02199721336364746, 4856
0.02199721336364746, 4855
0.02199721336364746, 4854
0.02199721336364746, 4853
0.02199721336364746, 4852
0.02199721336364746, 4851
0.02199721336364746, 4850
0.02199721336364746, 4849
0.02199721336364746, 4848
0.02199721336364746, 4847
0.02199721336364746, 4846
0.02199721336364746, 4845
0.02199721336364746, 4844
0.02199721336364746, 4843
0.02199721336364746, 4842
0.02199721336364746, 4841
0.02199721336364746, 4840
0.02199721336364746, 4839
0.02199721336364746, 4838
0.02199721336364746, 4837
0.02199721336364746, 4836
0.02199721336364746, 4835
0.02199721336364746, 4834
0.02199721336364746, 4833
0.02199721336364746, 4832
0.02199721336364746, 4831
0.02199721336364746, 4830
0.02199721336364746, 4829
0.02199721336364746, 4828
0.02199721336364746, 4827
0.02199721336364746, 4826
0.02199721336364746, 4825
0.02199721336364746, 4824
0.02199721336364746, 4823
0.02199721336364746, 4822
0.02199721336364746, 4821
0.02199721336364746, 4820
0.02199721336364746, 4819
0.02199721336364746, 4818
0.02199721336364746, 4817
0.02299642562866211, 4816
0.02299642562866211, 4815
0.02299642562866211, 4814
0.02299642562866211, 4813
0.02299642562866211, 4812
0.02299642562866211, 4811
0.02299642562866211, 4810
0.02299642562866211, 4809
0.02299642562866211, 4808
0.02299642562866211, 4807
0.02299642562866211, 4806
0.02299642562866211, 4805
0.02299642562866211, 4804
0.02299642562866211, 4803
0.02299642562866211, 4802
0.02299642562866211, 4801
0.02299642562866211, 4800
0.02299642562866211, 4799
0.02299642562866211, 4798
0.02299642562866211, 4797
0.02299642562866211, 4796
0.02299642562866211, 4795
0.02299642562866211, 4794
0.02299642562866211, 4793
0.02299642562866211, 4792
0.02299642562866211, 4791
0.02299642562866211, 4790
0.02299642562866211, 4789
0.02299642562866211, 4788
0.02299642562866211, 4787
0.02299642562866211, 4786
0.02299642562866211, 4785
0.02299642562866211, 4784
0.02299642562866211, 4783
0.02299642562866211, 4782
0.02299642562866211, 4781
0.02299642562866211, 4780
0.02299642562866211, 4779
0.02299642562866211, 4778
0.02299642562866211, 4777
0.02299642562866211, 4776
0.02299642562866211, 4775
0.023996353149414062, 4774
0.023996353149414062, 4773
0.023996353149414062, 4772
0.023996353149414062, 4771
0.023996353149414062, 4770
0.023996353149414062, 4769
0.023996353149414062, 4768
0.023996353149414062, 4767
0.023996353149414062, 4766
0.023996353149414062, 4765
0.023996353149414062, 4764
0.023996353149414062, 4763
0.023996353149414062, 4762
0.023996353149414062, 4761
0.023996353149414062, 4760
0.023996353149414062, 4759
0.023996353149414062, 4758
0.023996353149414062, 4757
0.023996353149414062, 4756
0.023996353149414062, 4755
0.023996353149414062, 4754
0.023996353149414062, 4753
0.023996353149414062, 4752
0.023996353149414062, 4751
0.023996353149414062, 4750
0.023996353149414062, 4749
0.023996353149414062, 4748
0.03499627113342285, 3484
0.03499627113342285, 3483
0.03499627113342285, 3482
0.03499627113342285, 3481
0.03599715232849121, 3480
0.03599715232849121, 3479
0.03599715232849121, 3478
0.03599715232849121, 3477
0.03599715232849121, 3476
0.03599715232849121, 3475
0.03599715232849121, 3474
0.03599715232849121, 3473
0.03599715232849121, 3472
0.03599715232849121, 3471
0.03599715232849121, 3470
0.03599715232849121, 3469
0.03599715232849121, 3468
0.03599715232849121, 3467
0.03599715232849121, 3466
0.03599715232849121, 3465
0.03599715232849121, 3464
0.03599715232849121, 3463
0.03699755668640137, 3462
0.03699755668640137, 3461
0.03699755668640137, 3460
0.03699755668640137, 3459
0.03699755668640137, 3458
0.03699755668640137, 3457
0.03699755668640137, 3456
0.03699755668640137, 3455
0.03699755668640137, 3454
0.03699755668640137, 3453
0.03699755668640137, 3452
0.03699755668640137, 3451
0.03699755668640137, 3450
0.03699755668640137, 3449
0.03699755668640137, 3448
0.03699755668640137, 3447
0.03699755668640137, 3446
0.03699755668640137, 3445
0.03699755668640137, 3444
0.03699755668640137, 3443
0.03699755668640137, 3442
0.03699755668640137, 3441
0.03699755668640137, 3440
0.03699755668640137, 3439
0.03699755668640137, 3438
0.03699755668640137, 3437
0.03799724578857422, 3436
0.03799724578857422, 3435
0.03799724578857422, 3434
0.03799724578857422, 3433
0.03799724578857422, 3432
0.03799724578857422, 3431
0.03799724578857422, 3430
0.03799724578857422, 3429
0.03799724578857422, 3428
0.03799724578857422, 3427
0.03799724578857422, 3426
0.03799724578857422, 3425
0.03799724578857422, 3424
0.03799724578857422, 3423
0.03799724578857422, 3422
0.03799724578857422, 3421
0.03799724578857422, 3420
0.03799724578857422, 3419
0.03899812698364258, 3418
0.03899812698364258, 3417
0.03899812698364258, 3416
0.03899812698364258, 3415
0.03899812698364258, 3414
0.03899812698364258, 3413
0.03899812698364258, 3412
0.03899812698364258, 3411
0.03899812698364258, 3410
0.03899812698364258, 3409
0.03899812698364258, 3408
0.03899812698364258, 3407
0.03899812698364258, 3406
0.03899812698364258, 3405
0.03899812698364258, 3404
0.03999733924865723, 3403
0.03999733924865723, 3402
0.03999733924865723, 3401
0.03999733924865723, 3400
0.03999733924865723, 3399
0.03999733924865723, 3398
0.03999733924865723, 3397
0.03999733924865723, 3396
0.03999733924865723, 3395
0.03999733924865723, 3394
0.03999733924865723, 3393
0.03999733924865723, 3392
0.03999733924865723, 3391
0.03999733924865723, 3390
0.03999733924865723, 3389
0.03999733924865723, 3388
0.03999733924865723, 3387
0.03999733924865723, 3386
0.03999733924865723, 3385
0.03999733924865723, 3384
0.04099607467651367, 3383
0.04099607467651367, 3382
0.04099607467651367, 3381
0.04099607467651367, 3380
0.04099607467651367, 3379
0.04099607467651367, 3378
0.04099607467651367, 3377
0.04099607467651367, 3376
0.04099607467651367, 3375
0.04099607467651367, 3374
0.04099607467651367, 3373
0.04099607467651367, 3372
0.04099607467651367, 3371
0.04099607467651367, 3370
0.04099607467651367, 3369
0.04099607467651367, 3368
0.04099607467651367, 3367
0.04099607467651367, 3366
0.04099607467651367, 3365
0.04199624061584473, 3364
0.04199624061584473, 3363
0.04199624061584473, 3362
0.04199624061584473, 3361
0.04199624061584473, 3360
0.04199624061584473, 3359
0.04199624061584473, 3358
0.04199624061584473, 3357
0.04199624061584473, 3356
0.04199624061584473, 3355
0.04199624061584473, 3354
0.04199624061584473, 3353
0.04199624061584473, 3352
0.04199624061584473, 3351
0.04199624061584473, 3350
0.04199624061584473, 3349
0.04199624061584473, 3348
0.04199624061584473, 3347
0.04199624061584473, 3346
0.04199624061584473, 3345
0.04199624061584473, 3344
0.04199624061584473, 3343
0.04199624061584473, 3342
0.04199624061584473, 3341
0.04199624061584473, 3340
0.04199624061584473, 3339
0.04199624061584473, 3338
0.04199624061584473, 3337
0.04199624061584473, 3336
0.04199624061584473, 3335
0.04299592971801758, 3334
0.04299592971801758, 3333
0.04299592971801758, 3332
0.04299592971801758, 3331
0.04299592971801758, 3330
0.04299592971801758, 3329
0.04299592971801758, 3328
0.04299592971801758, 3327
0.04299592971801758, 3326
0.04299592971801758, 3325
0.04299592971801758, 3324
0.04299592971801758, 3323
0.04299592971801758, 3322
0.04299592971801758, 3321
0.04299592971801758, 3320
0.04299592971801758, 3319
0.04299592971801758, 3318
0.04299592971801758, 3317
0.04299592971801758, 3316
0.04299592971801758, 3315
0.04299592971801758, 3314
0.04299592971801758, 3313
0.04299592971801758, 3312
0.04299592971801758, 3311
0.04299592971801758, 3310
0.04299592971801758, 3309
0.043996572494506836, 3308
0.043996572494506836, 3307
0.043996572494506836, 3306
0.043996572494506836, 3305
0.043996572494506836, 3304
0.043996572494506836, 3303
0.043996572494506836, 3302
0.043996572494506836, 3301
0.043996572494506836, 3300
0.043996572494506836, 3299
0.043996572494506836, 3298
0.043996572494506836, 3297
0.043996572494506836, 3296
0.043996572494506836, 3295
0.043996572494506836, 3294
0.043996572494506836, 3293
0.043996572494506836, 3292
0.043996572494506836, 3291
0.043996572494506836, 3290
0.043996572494506836, 3289
0.043996572494506836, 3288
0.043996572494506836, 3287
0.043996572494506836, 3286
0.043996572494506836, 3285
0.043996572494506836, 3284
0.043996572494506836, 3283
0.043996572494506836, 3282
0.043996572494506836, 3281
0.043996572494506836, 3280
0.043996572494506836, 3279
0.043996572494506836, 3278
0.0449984073638916, 3277
0.0449984073638916, 3276
0.0449984073638916, 3275
0.0449984073638916, 3274
0.0449984073638916, 3273
0.0449984073638916, 3272
0.0449984073638916, 3271
0.0449984073638916, 3270
0.0449984073638916, 3269
0.0449984073638916, 3268
0.0449984073638916, 3267
0.0449984073638916, 3266
0.0449984073638916, 3265
0.0449984073638916, 3264
0.0449984073638916, 3263
0.0449984073638916, 3262
0.0449984073638916, 3261
0.0449984073638916, 3260
0.0449984073638916, 3259
0.0449984073638916, 3258
0.0449984073638916, 3257
0.0449984073638916, 3256
0.0449984073638916, 3255
0.0449984073638916, 3254
0.04599881172180176, 3253
0.04599881172180176, 3252
0.04599881172180176, 3251
0.04599881172180176, 3250
0.04599881172180176, 3249
0.04599881172180176, 3248
0.04599881172180176, 3247
0.04599881172180176, 3246
0.04599881172180176, 3245
0.04599881172180176, 3244
0.04599881172180176, 3243
0.04599881172180176, 3242
0.04599881172180176, 3241
0.04599881172180176, 3240
0.04599881172180176, 3239
0.04599881172180176, 3238
0.04599881172180176, 3237
0.04599881172180176, 3236
0.04599881172180176, 3235
0.04599881172180176, 3234
0.04599881172180176, 3233
0.04599881172180176, 3232
0.04599881172180176, 3231
0.04599881172180176, 3230
0.046996116638183594, 3229
0.046996116638183594, 3228
0.046996116638183594, 3227
0.046996116638183594, 3226
0.046996116638183594, 3225
0.046996116638183594, 3224
0.046996116638183594, 3223
0.046996116638183594, 3222
0.046996116638183594, 3221
0.046996116638183594, 3220
0.046996116638183594, 3219
0.046996116638183594, 3218
0.046996116638183594, 3217
0.046996116638183594, 3216
0.046996116638183594, 3215
0.046996116638183594, 3214
0.046996116638183594, 3213
0.046996116638183594, 3212
0.046996116638183594, 3211
0.046996116638183594, 3210
0.046996116638183594, 3209
0.046996116638183594, 3208
0.2593262195587158, 3207
0.2593262195587158, 3206
0.2603271007537842, 3205
0.2603271007537842, 3204
0.2603271007537842, 3203
0.2603271007537842, 3202
0.2603271007537842, 3201
0.2603271007537842, 3200
0.2603271007537842, 3199
0.2603271007537842, 3198
0.2603271007537842, 3197
0.2603271007537842, 3196
0.2603271007537842, 3195
0.2603271007537842, 3194
0.2603271007537842, 3193
0.2603271007537842, 3192
0.260758638381958, 3191
0.260758638381958, 3190
0.260758638381958, 3189
0.260758638381958, 3188
0.260758638381958, 3187
0.260758638381958, 3186
0.260758638381958, 3185
0.260758638381958, 3184
0.260758638381958, 3183
0.260758638381958, 3182
0.260758638381958, 3181
0.260758638381958, 3180
0.260758638381958, 3179
0.260758638381958, 3178
0.260758638381958, 3177
0.260758638381958, 3176
0.260758638381958, 3175
0.26132678985595703, 3174
0.26132678985595703, 3173
0.26132678985595703, 3172
0.26132678985595703, 3171
0.26132678985595703, 3170
0.26132678985595703, 3169
0.26132678985595703, 3168
0.26132678985595703, 3167
0.26132678985595703, 3166
0.26132678985595703, 3165
0.26132678985595703, 3164
0.26132678985595703, 3163
0.26132678985595703, 3162
0.26132678985595703, 3161
0.26132678985595703, 3160
0.26132678985595703, 3159
0.26132678985595703, 3158
0.26132678985595703, 3157
0.26132678985595703, 3156
0.26132678985595703, 3155
0.26132678985595703, 3154
0.26132678985595703, 3153
0.26132678985595703, 3152
0.26132678985595703, 3151
0.26132678985595703, 3150
0.26132678985595703, 3149
0.26132678985595703, 3148
0.26132678985595703, 3147
1.3082408905029297, 3146
1.3092432022094727, 3145
1.3092432022094727, 3144
1.3092432022094727, 3143
1.3092432022094727, 3142
2.170121431350708, 3141
2.170121431350708, 3140
2.170121431350708, 3139
2.170121431350708, 3138
2.170121431350708, 3137
2.170121431350708, 3136
2.170121431350708, 3135
2.170121431350708, 3134
2.170121431350708, 3133
2.170121431350708, 3132
2.170121431350708, 3131
2.170121431350708, 3130
2.171124219894409, 3129
2.171124219894409, 3128
2.171124219894409, 3127
2.171124219894409, 3126
2.171124219894409, 3125
2.171124219894409, 3124
2.171124219894409, 3123
2.171124219894409, 3122
2.171124219894409, 3121
4.2562031745910645, 3120
4.2562031745910645, 3119
4.2562031745910645, 3118
4.2562031745910645, 3117
4.2562031745910645, 3116
4.2562031745910645, 3115
4.2562031745910645, 3114
4.2562031745910645, 3113
