0.014028310775756836, 4917
0.014028310775756836, 4916
0.014028310775756836, 4915
0.014028310775756836, 4914
0.014028310775756836, 4913
0.014028310775756836, 4912
0.014028310775756836, 4911
0.014028310775756836, 4910
0.014028310775756836, 4909
0.014028310775756836, 4908
0.014028310775756836, 4907
0.014028310775756836, 4906
0.014028310775756836, 4905
0.014028310775756836, 4904
0.014028310775756836, 4903
0.01502847671508789, 4902
0.01502847671508789, 4901
0.01502847671508789, 4900
0.01502847671508789, 4899
0.01502847671508789, 4898
0.01502847671508789, 4897
0.01502847671508789, 4896
0.01502847671508789, 4895
0.01502847671508789, 4894
0.01502847671508789, 4893
0.01502847671508789, 4892
0.01502847671508789, 4891
0.01502847671508789, 4890
0.01502847671508789, 4889
0.01502847671508789, 4888
0.01502847671508789, 4887
0.01502847671508789, 4886
0.01502847671508789, 4885
0.01502847671508789, 4884
0.01502847671508789, 4883
0.01502847671508789, 4882
0.01502847671508789, 4881
0.01502847671508789, 4880
0.01502847671508789, 4879
0.01502847671508789, 4878
0.016030311584472656, 4877
0.016030311584472656, 4876
0.016030311584472656, 4875
0.016030311584472656, 4874
0.016030311584472656, 4873
0.016030311584472656, 4872
0.016030311584472656, 4871
0.016030311584472656, 4870
0.016030311584472656, 4869
0.016030311584472656, 4868
0.016030311584472656, 4867
0.016030311584472656, 4866
0.016030311584472656, 4865
0.016030311584472656, 4864
0.016030311584472656, 4863
0.016030311584472656, 4862
0.016030311584472656, 4861
0.016030311584472656, 4860
0.016030311584472656, 4859
0.016030311584472656, 4858
0.016030311584472656, 4857
0.016030311584472656, 4856
0.016030311584472656, 4855
0.016030311584472656, 4854
0.016030311584472656, 4853
0.016030311584472656, 4852
0.016030311584472656, 4851
0.016030311584472656, 4850
0.016030311584472656, 4849
0.017030000686645508, 4848
0.017030000686645508, 4847
0.017030000686645508, 4846
0.017030000686645508, 4845
0.017030000686645508, 4844
0.017030000686645508, 4843
0.017030000686645508, 4842
0.017030000686645508, 4841
0.017030000686645508, 4840
0.017030000686645508, 4839
0.017030000686645508, 4838
0.017030000686645508, 4837
0.017030000686645508, 4836
0.017030000686645508, 4835
0.017030000686645508, 4834
0.017030000686645508, 4833
0.017030000686645508, 4832
0.017030000686645508, 4831
0.017030000686645508, 4830
0.017030000686645508, 4829
0.017030000686645508, 4828
0.017030000686645508, 4827
0.017030000686645508, 4826
0.017030000686645508, 4825
0.017030000686645508, 4824
0.017030000686645508, 4823
0.017030000686645508, 4822
0.017030000686645508, 4821
0.018027305603027344, 4820
0.018027305603027344, 4819
0.018027305603027344, 4818
0.018027305603027344, 4817
0.018027305603027344, 4816
0.018027305603027344, 4815
0.018027305603027344, 4814
0.018027305603027344, 4813
0.018027305603027344, 4812
0.018027305603027344, 4811
0.018027305603027344, 4810
0.018027305603027344, 4809
0.018027305603027344, 4808
0.018027305603027344, 4807
0.018027305603027344, 4806
0.018027305603027344, 4805
0.018027305603027344, 4804
0.018027305603027344, 4803
0.018027305603027344, 4802
0.018027305603027344, 4801
0.018027305603027344, 4800
0.018027305603027344, 4799
0.018027305603027344, 4798
0.018027305603027344, 4797
0.018027305603027344, 4796
0.018027305603027344, 4795
0.018027305603027344, 4794
0.018027305603027344, 4793
0.019028663635253906, 4792
0.019028663635253906, 4791
0.019028663635253906, 4790
0.019028663635253906, 4789
0.019028663635253906, 4788
0.019028663635253906, 4787
0.019028663635253906, 4786
0.019028663635253906, 4785
0.019028663635253906, 4784
0.019028663635253906, 4783
0.019028663635253906, 4782
0.019028663635253906, 4781
0.019028663635253906, 4780
0.019028663635253906, 4779
0.019028663635253906, 4778
0.019028663635253906, 4777
0.019028663635253906, 4776
0.019028663635253906, 4775
0.019028663635253906, 4774
0.019028663635253906, 4773
0.019028663635253906, 4772
0.019028663635253906, 4771
0.019028663635253906, 4770
0.019028663635253906, 4769
0.019028663635253906, 4768
0.019028663635253906, 4767
0.03203248977661133, 3341
0.03203248977661133, 3340
0.03203248977661133, 3339
0.03203248977661133, 3338
0.03203248977661133, 3337
0.03203248977661133, 3336
0.03203248977661133, 3335
0.03203248977661133, 3334
0.03203248977661133, 3333
0.03203248977661133, 3332
0.03303217887878418, 3331
0.03303217887878418, 3330
0.03303217887878418, 3329
0.03303217887878418, 3328
0.03303217887878418, 3327
0.03303217887878418, 3326
0.03303217887878418, 3325
0.03303217887878418, 3324
0.03303217887878418, 3323
0.03303217887878418, 3322
0.03303217887878418, 3321
0.03303217887878418, 3320
0.03303217887878418, 3319
0.03303217887878418, 3318
0.03303217887878418, 3317
0.03303217887878418, 3316
0.03303217887878418, 3315
0.03303217887878418, 3314
0.03303217887878418, 3313
0.03303217887878418, 3312
0.03303217887878418, 3311
0.03403186798095703, 3310
0.03403186798095703, 3309
0.03403186798095703, 3308
0.03403186798095703, 3307
0.03403186798095703, 3306
0.03403186798095703, 3305
0.03403186798095703, 3304
0.03403186798095703, 3303
0.03403186798095703, 3302
0.03403186798095703, 3301
0.03403186798095703, 3300
0.03403186798095703, 3299
0.03403186798095703, 3298
0.03403186798095703, 3297
0.03403186798095703, 3296
0.03403186798095703, 3295
0.03403186798095703, 3294
0.03403186798095703, 3293
0.03403186798095703, 3292
0.03403186798095703, 3291
0.03403186798095703, 3290
0.03403186798095703, 3289
0.03403186798095703, 3288
0.03403186798095703, 3287
0.03503298759460449, 3286
0.03503298759460449, 3285
0.03503298759460449, 3284
0.03503298759460449, 3283
0.03503298759460449, 3282
0.03503298759460449, 3281
0.03503298759460449, 3280
0.03503298759460449, 3279
0.03503298759460449, 3278
0.03503298759460449, 3277
0.03503298759460449, 3276
0.03503298759460449, 3275
0.03503298759460449, 3274
0.03503298759460449, 3273
0.03503298759460449, 3272
0.03503298759460449, 3271
0.03503298759460449, 3270
0.03503298759460449, 3269
0.03503298759460449, 3268
0.03503298759460449, 3267
0.03503298759460449, 3266
0.03503298759460449, 3265
0.03503298759460449, 3264
0.03503298759460449, 3263
0.03603076934814453, 3262
0.03603076934814453, 3261
0.03603076934814453, 3260
0.03603076934814453, 3259
0.03603076934814453, 3258
0.03603076934814453, 3257
0.03603076934814453, 3256
0.03603076934814453, 3255
0.03603076934814453, 3254
0.03603076934814453, 3253
0.03603076934814453, 3252
0.03603076934814453, 3251
0.03603076934814453, 3250
0.03603076934814453, 3249
0.03603076934814453, 3248
0.03603076934814453, 3247
0.03603076934814453, 3246
0.03603076934814453, 3245
0.03603076934814453, 3244
0.03603076934814453, 3243
0.03603076934814453, 3242
0.03603076934814453, 3241
0.03603076934814453, 3240
0.03603076934814453, 3239
0.037050485610961914, 3238
0.037050485610961914, 3237
0.037050485610961914, 3236
0.037050485610961914, 3235
0.037050485610961914, 3234
0.037050485610961914, 3233
0.037050485610961914, 3232
0.037050485610961914, 3231
0.037050485610961914, 3230
0.037050485610961914, 3229
0.037050485610961914, 3228
0.037050485610961914, 3227
0.037050485610961914, 3226
0.037050485610961914, 3225
0.037050485610961914, 3224
0.037050485610961914, 3223
0.037050485610961914, 3222
0.037050485610961914, 3221
0.037050485610961914, 3220
0.037050485610961914, 3219
0.037050485610961914, 3218
0.037050485610961914, 3217
0.037050485610961914, 3216
0.037050485610961914, 3215
0.03805184364318848, 3214
0.03805184364318848, 3213
0.03805184364318848, 3212
0.03805184364318848, 3211
0.03805184364318848, 3210
0.03805184364318848, 3209
0.03805184364318848, 3208
0.03805184364318848, 3207
0.03805184364318848, 3206
0.03805184364318848, 3205
0.03805184364318848, 3204
0.03805184364318848, 3203
0.03805184364318848, 3202
0.03805184364318848, 3201
0.03805184364318848, 3200
0.03805184364318848, 3199
0.03805184364318848, 3198
0.03805184364318848, 3197
0.03805184364318848, 3196
0.03805184364318848, 3195
0.03805184364318848, 3194
0.03805184364318848, 3193
0.03805184364318848, 3192
0.03805184364318848, 3191
0.03805184364318848, 3190
0.03905081748962402, 3189
0.03905081748962402, 3188
0.03905081748962402, 3187
0.03905081748962402, 3186
0.03905081748962402, 3185
0.03905081748962402, 3184
0.03905081748962402, 3183
0.03905081748962402, 3182
0.03905081748962402, 3181
0.03905081748962402, 3180
0.03905081748962402, 3179
0.03905081748962402, 3178
0.03905081748962402, 3177
0.03905081748962402, 3176
0.03905081748962402, 3175
0.03905081748962402, 3174
0.03905081748962402, 3173
0.03905081748962402, 3172
0.03905081748962402, 3171
0.03905081748962402, 3170
0.03905081748962402, 3169
0.03905081748962402, 3168
0.03905081748962402, 3167
0.03905081748962402, 3166
0.03905081748962402, 3165
0.04005146026611328, 3164
0.04005146026611328, 3163
0.04005146026611328, 3162
0.04005146026611328, 3161
0.04005146026611328, 3160
0.04005146026611328, 3159
0.04005146026611328, 3158
0.04005146026611328, 3157
0.04005146026611328, 3156
0.04005146026611328, 3155
0.04005146026611328, 3154
0.04005146026611328, 3153
0.04005146026611328, 3152
0.04005146026611328, 3151
0.04005146026611328, 3150
0.04005146026611328, 3149
0.04005146026611328, 3148
0.04005146026611328, 3147
0.04005146026611328, 3146
0.04005146026611328, 3145
0.04005146026611328, 3144
0.04005146026611328, 3143
0.04005146026611328, 3142
0.04005146026611328, 3141
0.04005146026611328, 3140
0.37889671325683594, 3139
0.45904541015625, 3138
0.45904541015625, 3137
0.45904541015625, 3136
0.45904541015625, 3135
0.45904541015625, 3134
0.45904541015625, 3133
0.45904541015625, 3132
0.45904541015625, 3131
0.45904541015625, 3130
0.45996713638305664, 3129
0.45996713638305664, 3128
0.45996713638305664, 3127
0.45996713638305664, 3126
0.45996713638305664, 3125
0.45996713638305664, 3124
0.45996713638305664, 3123
0.45996713638305664, 3122
0.45996713638305664, 3121
0.45996713638305664, 3120
0.45996713638305664, 3119
0.45996713638305664, 3118
0.45996713638305664, 3117
0.45996713638305664, 3116
0.45996713638305664, 3115
0.45996713638305664, 3114
0.45996713638305664, 3113
0.45996713638305664, 3112
0.45996713638305664, 3111
0.45996713638305664, 3110
0.45996713638305664, 3109
0.45996713638305664, 3108
0.45996713638305664, 3107
0.45996713638305664, 3106
0.45996713638305664, 3105
0.45996713638305664, 3104
0.45996713638305664, 3103
0.45996713638305664, 3102
0.45996713638305664, 3101
6.475941896438599, 3100
