0.026517152786254883, 4917
0.026517152786254883, 4916
0.026517152786254883, 4915
0.026517152786254883, 4914
0.026517152786254883, 4913
0.026517152786254883, 4912
0.026517152786254883, 4911
0.026517152786254883, 4910
0.026517152786254883, 4909
0.026517152786254883, 4908
0.026517152786254883, 4907
0.026517152786254883, 4906
0.026517152786254883, 4905
0.026517152786254883, 4904
0.02751636505126953, 4903
0.02751636505126953, 4902
0.02751636505126953, 4901
0.02751636505126953, 4900
0.02751636505126953, 4899
0.02751636505126953, 4898
0.02751636505126953, 4897
0.02751636505126953, 4896
0.02751636505126953, 4895
0.02751636505126953, 4894
0.02751636505126953, 4893
0.02751636505126953, 4892
0.02751636505126953, 4891
0.02751636505126953, 4890
0.02751636505126953, 4889
0.02751636505126953, 4888
0.02751636505126953, 4887
0.02851724624633789, 4886
0.02851724624633789, 4885
0.02851724624633789, 4884
0.02851724624633789, 4883
0.02851724624633789, 4882
0.02851724624633789, 4881
0.02851724624633789, 4880
0.02851724624633789, 4879
0.02851724624633789, 4878
0.02851724624633789, 4877
0.02851724624633789, 4876
0.02851724624633789, 4875
0.02851724624633789, 4874
0.02851724624633789, 4873
0.02851724624633789, 4872
0.02851724624633789, 4871
0.02851724624633789, 4870
0.02951669692993164, 4869
0.02951669692993164, 4868
0.02951669692993164, 4867
0.02951669692993164, 4866
0.02951669692993164, 4865
0.02951669692993164, 4864
0.02951669692993164, 4863
0.02951669692993164, 4862
0.02951669692993164, 4861
0.02951669692993164, 4860
0.02951669692993164, 4859
0.02951669692993164, 4858
0.02951669692993164, 4857
0.02951669692993164, 4856
0.02951669692993164, 4855
0.02951669692993164, 4854
0.02951669692993164, 4853
0.030516624450683594, 4852
0.03058934211730957, 4851
0.03058934211730957, 4850
0.03058934211730957, 4849
0.03058934211730957, 4848
0.03058934211730957, 4847
0.03058934211730957, 4846
0.03058934211730957, 4845
0.03058934211730957, 4844
0.03058934211730957, 4843
0.03058934211730957, 4842
0.03058934211730957, 4841
0.03058934211730957, 4840
0.03058934211730957, 4839
0.03058934211730957, 4838
0.03058934211730957, 4837
0.03058934211730957, 4836
0.03058934211730957, 4835
0.03151679039001465, 4834
0.03151679039001465, 4833
0.03151679039001465, 4832
0.03151679039001465, 4831
0.03151679039001465, 4830
0.03151679039001465, 4829
0.03151679039001465, 4828
0.03151679039001465, 4827
0.03151679039001465, 4826
0.03151679039001465, 4825
0.03151679039001465, 4824
0.03151679039001465, 4823
0.03151679039001465, 4822
0.03151679039001465, 4821
0.03151679039001465, 4820
0.03151679039001465, 4819
0.03151679039001465, 4818
0.03151679039001465, 4817
0.03151679039001465, 4816
0.03151679039001465, 4815
0.03151679039001465, 4814
0.03151679039001465, 4813
0.03151679039001465, 4812
0.03151679039001465, 4811
0.03151679039001465, 4810
0.03151679039001465, 4809
0.03151679039001465, 4808
0.03251767158508301, 4807
0.03251767158508301, 4806
0.03251767158508301, 4805
0.03251767158508301, 4804
0.03251767158508301, 4803
0.03251767158508301, 4802
0.03251767158508301, 4801
0.03251767158508301, 4800
0.03251767158508301, 4799
0.03251767158508301, 4798
0.03251767158508301, 4797
0.03251767158508301, 4796
0.03251767158508301, 4795
0.03251767158508301, 4794
0.03251767158508301, 4793
0.03251767158508301, 4792
0.03251767158508301, 4791
0.03251767158508301, 4790
0.03251767158508301, 4789
0.03251767158508301, 4788
0.03251767158508301, 4787
0.03251767158508301, 4786
0.03251767158508301, 4785
0.03251767158508301, 4784
0.03251767158508301, 4783
0.03251767158508301, 4782
0.03251767158508301, 4781
0.03251767158508301, 4780
0.033516645431518555, 4779
0.033516645431518555, 4778
0.033516645431518555, 4777
0.033516645431518555, 4776
0.033516645431518555, 4775
0.033516645431518555, 4774
0.033516645431518555, 4773
0.033516645431518555, 4772
0.033516645431518555, 4771
0.033516645431518555, 4770
0.033516645431518555, 4769
0.033516645431518555, 4768
0.033516645431518555, 4767
0.033516645431518555, 4766
0.033516645431518555, 4765
0.033516645431518555, 4764
0.033516645431518555, 4763
0.033516645431518555, 4762
0.033516645431518555, 4761
0.033516645431518555, 4760
0.033516645431518555, 4759
0.033516645431518555, 4758
0.033516645431518555, 4757
0.033516645431518555, 4756
0.033516645431518555, 4755
0.033516645431518555, 4754
0.033516645431518555, 4753
0.033516645431518555, 4752
0.03451704978942871, 4751
0.03451704978942871, 4750
0.03451704978942871, 4749
0.03451704978942871, 4748
0.03451704978942871, 4747
0.03451704978942871, 4746
0.03451704978942871, 4745
0.03451704978942871, 4744
0.03451704978942871, 4743
0.03451704978942871, 4742
0.03451704978942871, 4741
0.03451704978942871, 4740
0.03451704978942871, 4739
0.03451704978942871, 4738
0.03451704978942871, 4737
0.03451704978942871, 4736
0.03451704978942871, 4735
0.03451704978942871, 4734
0.03451704978942871, 4733
0.03451704978942871, 4732
0.03451704978942871, 4731
0.03451704978942871, 4730
0.03451704978942871, 4729
0.03451704978942871, 4728
0.03451704978942871, 4727
0.03451704978942871, 4726
0.03451704978942871, 4725
0.03451704978942871, 4724
0.03451704978942871, 4723
0.035517215728759766, 4722
0.035517215728759766, 4721
0.035517215728759766, 4720
0.035517215728759766, 4719
0.035517215728759766, 4718
0.035517215728759766, 4717
0.035517215728759766, 4716
0.035517215728759766, 4715
0.035517215728759766, 4714
0.035517215728759766, 4713
0.035517215728759766, 4712
0.035517215728759766, 4711
0.035517215728759766, 4710
0.035517215728759766, 4709
0.035517215728759766, 4708
0.035517215728759766, 4707
0.035517215728759766, 4706
0.035517215728759766, 4705
0.035517215728759766, 4704
0.035517215728759766, 4703
0.035517215728759766, 4702
0.035517215728759766, 4701
0.035517215728759766, 4700
0.035517215728759766, 4699
0.035517215728759766, 4698
0.035517215728759766, 4697
0.035517215728759766, 4696
0.03651714324951172, 4695
0.03651714324951172, 4694
0.03651714324951172, 4693
0.03651714324951172, 4692
0.03651714324951172, 4691
0.03651714324951172, 4690
0.03651714324951172, 4689
0.03651714324951172, 4688
0.03651714324951172, 4687
0.03651714324951172, 4686
0.03651714324951172, 4685
0.03651714324951172, 4684
0.03651714324951172, 4683
0.03651714324951172, 4682
0.03651714324951172, 4681
0.03651714324951172, 4680
0.03651714324951172, 4679
0.03651714324951172, 4678
0.03651714324951172, 4677
0.03651714324951172, 4676
0.03651714324951172, 4675
0.03651714324951172, 4674
0.03651714324951172, 4673
0.03651714324951172, 4672
0.03651714324951172, 4671
0.03651714324951172, 4670
0.03651714324951172, 4669
0.03751659393310547, 4668
0.03751659393310547, 4667
0.03751659393310547, 4666
0.03751659393310547, 4665
0.03751659393310547, 4664
0.03751659393310547, 4663
0.03751659393310547, 4662
0.03751659393310547, 4661
0.03751659393310547, 4660
0.1367027759552002, 3286
0.1367027759552002, 3285
0.1367027759552002, 3284
0.1367027759552002, 3283
0.1367027759552002, 3282
0.1367027759552002, 3281
0.1367027759552002, 3280
0.1367027759552002, 3279
0.13770270347595215, 3278
0.13770270347595215, 3277
0.13770270347595215, 3276
0.13770270347595215, 3275
0.13770270347595215, 3274
0.13770270347595215, 3273
0.13770270347595215, 3272
0.13770270347595215, 3271
0.13770270347595215, 3270
0.13770270347595215, 3269
0.13770270347595215, 3268
0.13770270347595215, 3267
0.13770270347595215, 3266
0.13770270347595215, 3265
0.13770270347595215, 3264
0.13770270347595215, 3263
0.13770270347595215, 3262
0.13770270347595215, 3261
0.13770270347595215, 3260
0.13770270347595215, 3259
0.13770270347595215, 3258
0.13770270347595215, 3257
0.13770270347595215, 3256
0.13770270347595215, 3255
0.13770270347595215, 3254
0.1387028694152832, 3253
0.1387028694152832, 3252
0.1387028694152832, 3251
0.1387028694152832, 3250
0.1387028694152832, 3249
0.1387028694152832, 3248
0.1387028694152832, 3247
0.1387028694152832, 3246
0.1387028694152832, 3245
0.1387028694152832, 3244
0.1387028694152832, 3243
0.1387028694152832, 3242
0.1387028694152832, 3241
0.1387028694152832, 3240
0.1387028694152832, 3239
0.1387028694152832, 3238
0.1387028694152832, 3237
0.1387028694152832, 3236
0.1387028694152832, 3235
0.1387028694152832, 3234
0.1387028694152832, 3233
0.1387028694152832, 3232
0.13970303535461426, 3231
0.13970303535461426, 3230
0.13970303535461426, 3229
0.13970303535461426, 3228
0.13970303535461426, 3227
0.13970303535461426, 3226
0.13970303535461426, 3225
0.13970303535461426, 3224
0.1402430534362793, 3223
0.1402430534362793, 3222
0.1402430534362793, 3221
0.1402430534362793, 3220
0.1402430534362793, 3219
0.1402430534362793, 3218
0.1402430534362793, 3217
0.1402430534362793, 3216
0.1402430534362793, 3215
0.1402430534362793, 3214
0.1402430534362793, 3213
0.14070415496826172, 3212
0.14070415496826172, 3211
0.14070415496826172, 3210
0.14070415496826172, 3209
0.14070415496826172, 3208
0.14070415496826172, 3207
0.14070415496826172, 3206
0.14070415496826172, 3205
0.14070415496826172, 3204
0.14070415496826172, 3203
0.14070415496826172, 3202
0.14070415496826172, 3201
0.14070415496826172, 3200
0.14070415496826172, 3199
0.14070415496826172, 3198
0.14070415496826172, 3197
0.14070415496826172, 3196
0.14070415496826172, 3195
0.14070415496826172, 3194
0.14070415496826172, 3193
0.14070415496826172, 3192
0.14070415496826172, 3191
0.14070415496826172, 3190
0.14070415496826172, 3189
0.199387788772583, 3188
0.199387788772583, 3187
0.199387788772583, 3186
0.199387788772583, 3185
0.199387788772583, 3184
0.199387788772583, 3183
0.199387788772583, 3182
0.199387788772583, 3181
0.199387788772583, 3180
0.199387788772583, 3179
0.199387788772583, 3178
0.199387788772583, 3177
0.199387788772583, 3176
0.199387788772583, 3175
0.199387788772583, 3174
0.199387788772583, 3173
0.199387788772583, 3172
0.199387788772583, 3171
0.199387788772583, 3170
0.199387788772583, 3169
0.20038795471191406, 3168
0.20038795471191406, 3167
0.20038795471191406, 3166
0.20038795471191406, 3165
0.20038795471191406, 3164
0.20038795471191406, 3163
0.20038795471191406, 3162
0.20038795471191406, 3161
0.20038795471191406, 3160
0.20038795471191406, 3159
0.20038795471191406, 3158
0.20038795471191406, 3157
0.20038795471191406, 3156
0.20038795471191406, 3155
0.20038795471191406, 3154
0.20038795471191406, 3153
0.20038795471191406, 3152
0.20038795471191406, 3151
0.20038795471191406, 3150
0.20038795471191406, 3149
0.20038795471191406, 3148
0.20038795471191406, 3147
0.20038795471191406, 3146
0.20038795471191406, 3145
0.20038795471191406, 3144
0.20138788223266602, 3143
0.7730731964111328, 3142
2.110248327255249, 3141
2.110248327255249, 3140
2.110248327255249, 3139
2.110248327255249, 3138
2.110248327255249, 3137
4.130234718322754, 3136
4.130234718322754, 3135
4.130234718322754, 3134
4.130234718322754, 3133
4.130234718322754, 3132
4.130234718322754, 3131
4.130234718322754, 3130
4.130234718322754, 3129
4.130234718322754, 3128
4.130234718322754, 3127
4.130234718322754, 3126
4.130234718322754, 3125
4.130234718322754, 3124
4.130234718322754, 3123
6.719517946243286, 3122
6.719517946243286, 3121
6.719517946243286, 3120
6.719517946243286, 3119
6.719517946243286, 3118
6.719517946243286, 3117
6.719517946243286, 3116
6.719517946243286, 3115
6.719517946243286, 3114
6.719517946243286, 3113
