0.019955873489379883, 4897
0.019955873489379883, 4896
0.02067875862121582, 4895
0.02067875862121582, 4894
0.02067875862121582, 4893
0.02067875862121582, 4892
0.02067875862121582, 4891
0.02067875862121582, 4890
0.02067875862121582, 4889
0.02067875862121582, 4888
0.02067875862121582, 4887
0.02067875862121582, 4886
0.02067875862121582, 4885
0.02067875862121582, 4884
0.02067875862121582, 4883
0.02067875862121582, 4882
0.02067875862121582, 4881
0.02067875862121582, 4880
0.02067875862121582, 4879
0.02067875862121582, 4878
0.02067875862121582, 4877
0.02067875862121582, 4876
0.02067875862121582, 4875
0.02067875862121582, 4874
0.02067875862121582, 4873
0.02067875862121582, 4872
0.02067875862121582, 4871
0.02067875862121582, 4870
0.02067875862121582, 4869
0.02067875862121582, 4868
0.02067875862121582, 4867
0.02067875862121582, 4866
0.02067875862121582, 4865
0.02067875862121582, 4864
0.02067875862121582, 4863
0.02067875862121582, 4862
0.02067875862121582, 4861
0.02067875862121582, 4860
0.02067875862121582, 4859
0.02067875862121582, 4858
0.02067875862121582, 4857
0.02067875862121582, 4856
0.02067875862121582, 4855
0.02067875862121582, 4854
0.02067875862121582, 4853
0.021677255630493164, 4852
0.021677255630493164, 4851
0.021677255630493164, 4850
0.021677255630493164, 4849
0.021677255630493164, 4848
0.021784543991088867, 4847
0.021784543991088867, 4846
0.021784543991088867, 4845
0.021784543991088867, 4844
0.021784543991088867, 4843
0.021784543991088867, 4842
0.021784543991088867, 4841
0.021784543991088867, 4840
0.021784543991088867, 4839
0.021784543991088867, 4838
0.021784543991088867, 4837
0.021784543991088867, 4836
0.021784543991088867, 4835
0.021784543991088867, 4834
0.021784543991088867, 4833
0.021784543991088867, 4832
0.021784543991088867, 4831
0.021784543991088867, 4830
0.021784543991088867, 4829
0.021784543991088867, 4828
0.021784543991088867, 4827
0.021784543991088867, 4826
0.021784543991088867, 4825
0.021784543991088867, 4824
0.021784543991088867, 4823
0.021784543991088867, 4822
0.021784543991088867, 4821
0.021784543991088867, 4820
0.021784543991088867, 4819
0.021784543991088867, 4818
0.021784543991088867, 4817
0.021784543991088867, 4816
0.021784543991088867, 4815
0.021784543991088867, 4814
0.021784543991088867, 4813
0.021784543991088867, 4812
0.021784543991088867, 4811
0.021784543991088867, 4810
0.022677898406982422, 4809
0.022677898406982422, 4808
0.022677898406982422, 4807
0.022677898406982422, 4806
0.022677898406982422, 4805
0.022677898406982422, 4804
0.022677898406982422, 4803
0.022677898406982422, 4802
0.022677898406982422, 4801
0.022890806198120117, 4800
0.022890806198120117, 4799
0.022890806198120117, 4798
0.022890806198120117, 4797
0.022890806198120117, 4796
0.022890806198120117, 4795
0.022890806198120117, 4794
0.022890806198120117, 4793
0.022890806198120117, 4792
0.022890806198120117, 4791
0.022890806198120117, 4790
0.022890806198120117, 4789
0.022890806198120117, 4788
0.022890806198120117, 4787
0.022890806198120117, 4786
0.022890806198120117, 4785
0.022890806198120117, 4784
0.022890806198120117, 4783
0.022890806198120117, 4782
0.022890806198120117, 4781
0.022890806198120117, 4780
0.022890806198120117, 4779
0.022890806198120117, 4778
0.022890806198120117, 4777
0.022890806198120117, 4776
0.022890806198120117, 4775
0.022890806198120117, 4774
0.022890806198120117, 4773
0.022890806198120117, 4772
0.022890806198120117, 4771
0.022890806198120117, 4770
0.022890806198120117, 4769
0.022890806198120117, 4768
0.022890806198120117, 4767
0.022890806198120117, 4766
0.023678064346313477, 4765
0.023678064346313477, 4764
0.023678064346313477, 4763
0.023678064346313477, 4762
0.023678064346313477, 4761
0.023678064346313477, 4760
0.023678064346313477, 4759
0.023678064346313477, 4758
0.023678064346313477, 4757
0.023678064346313477, 4756
0.023678064346313477, 4755
0.023678064346313477, 4754
0.023678064346313477, 4753
0.023678064346313477, 4752
0.023678064346313477, 4751
0.023678064346313477, 4750
0.023678064346313477, 4749
0.023678064346313477, 4748
0.023678064346313477, 4747
0.023678064346313477, 4746
0.023678064346313477, 4745
0.023678064346313477, 4744
0.023678064346313477, 4743
0.023678064346313477, 4742
0.023678064346313477, 4741
0.023678064346313477, 4740
0.023678064346313477, 4739
0.023678064346313477, 4738
0.023678064346313477, 4737
0.023678064346313477, 4736
0.023678064346313477, 4735
0.023678064346313477, 4734
0.023678064346313477, 4733
0.023678064346313477, 4732
0.023678064346313477, 4731
0.023678064346313477, 4730
0.023678064346313477, 4729
0.023678064346313477, 4728
0.023678064346313477, 4727
0.023678064346313477, 4726
0.023678064346313477, 4725
0.023678064346313477, 4724
0.023678064346313477, 4723
0.024678707122802734, 4722
0.024678707122802734, 4721
0.024678707122802734, 4720
0.024678707122802734, 4719
0.024678707122802734, 4718
0.024678707122802734, 4717
0.024678707122802734, 4716
0.024678707122802734, 4715
0.024678707122802734, 4714
0.024678707122802734, 4713
0.024678707122802734, 4712
0.024678707122802734, 4711
0.024678707122802734, 4710
0.025007247924804688, 4709
0.025007247924804688, 4708
0.025007247924804688, 4707
0.025007247924804688, 4706
0.025007247924804688, 4705
0.025007247924804688, 4704
0.025007247924804688, 4703
0.025007247924804688, 4702
0.025007247924804688, 4701
0.025007247924804688, 4700
0.025007247924804688, 4699
0.025007247924804688, 4698
0.025007247924804688, 4697
0.025007247924804688, 4696
0.025007247924804688, 4695
0.025007247924804688, 4694
0.025007247924804688, 4693
0.025007247924804688, 4692
0.025007247924804688, 4691
0.025007247924804688, 4690
0.025007247924804688, 4689
0.025007247924804688, 4688
0.025007247924804688, 4687
0.025007247924804688, 4686
0.025007247924804688, 4685
0.025007247924804688, 4684
0.025007247924804688, 4683
0.02567744255065918, 4682
0.02567744255065918, 4681
0.02567744255065918, 4680
0.02567744255065918, 4679
0.02567744255065918, 4678
0.02567744255065918, 4677
0.02567744255065918, 4676
0.02567744255065918, 4675
0.02567744255065918, 4674
0.02567744255065918, 4673
0.02567744255065918, 4672
0.02567744255065918, 4671
0.02567744255065918, 4670
0.02567744255065918, 4669
0.02567744255065918, 4668
0.02567744255065918, 4667
0.02567744255065918, 4666
0.02567744255065918, 4665
0.02567744255065918, 4664
0.02567744255065918, 4663
0.02567744255065918, 4662
0.02567744255065918, 4661
0.02567744255065918, 4660
0.02567744255065918, 4659
0.02567744255065918, 4658
0.02567744255065918, 4657
0.02567744255065918, 4656
0.02567744255065918, 4655
0.02567744255065918, 4654
0.02567744255065918, 4653
0.02567744255065918, 4652
0.02567744255065918, 4651
0.02567744255065918, 4650
0.02567744255065918, 4649
0.02567744255065918, 4648
0.02567744255065918, 4647
0.02567744255065918, 4646
0.02567744255065918, 4645
0.02567744255065918, 4644
0.02567744255065918, 4643
0.02567744255065918, 4642
0.02567744255065918, 4641
0.02567744255065918, 4640
0.026680707931518555, 4639
0.026680707931518555, 4638
0.026680707931518555, 4637
0.026680707931518555, 4636
0.026680707931518555, 4635
0.026680707931518555, 4634
0.026680707931518555, 4633
0.026680707931518555, 4632
0.026680707931518555, 4631
0.026680707931518555, 4630
0.026680707931518555, 4629
0.026680707931518555, 4628
0.026680707931518555, 4627
0.026680707931518555, 4626
0.026680707931518555, 4625
0.026680707931518555, 4624
0.026680707931518555, 4623
0.026680707931518555, 4622
0.026680707931518555, 4621
0.026680707931518555, 4620
0.026680707931518555, 4619
0.026680707931518555, 4618
0.026680707931518555, 4617
0.026680707931518555, 4616
0.026680707931518555, 4615
0.026680707931518555, 4614
0.026680707931518555, 4613
0.026680707931518555, 4612
0.026680707931518555, 4611
0.026680707931518555, 4610
0.026680707931518555, 4609
0.026680707931518555, 4608
0.026680707931518555, 4607
0.026680707931518555, 4606
0.026680707931518555, 4605
0.026680707931518555, 4604
0.026680707931518555, 4603
0.026680707931518555, 4602
0.026680707931518555, 4601
0.026680707931518555, 4600
0.026680707931518555, 4599
0.026680707931518555, 4598
0.027680158615112305, 4597
0.027680158615112305, 4596
0.027680158615112305, 4595
0.027680158615112305, 4594
0.027680158615112305, 4593
0.027680158615112305, 4592
0.027680158615112305, 4591
0.027680158615112305, 4590
0.027680158615112305, 4589
0.027680158615112305, 4588
0.027680158615112305, 4587
0.027680158615112305, 4586
0.027680158615112305, 4585
0.027680158615112305, 4584
0.027680158615112305, 4583
0.027680158615112305, 4582
0.027680158615112305, 4581
0.027680158615112305, 4580
0.027680158615112305, 4579
0.027680158615112305, 4578
0.027680158615112305, 4577
0.027680158615112305, 4576
0.027680158615112305, 4575
0.027680158615112305, 4574
0.027680158615112305, 4573
0.027680158615112305, 4572
0.027680158615112305, 4571
0.027680158615112305, 4570
0.027680158615112305, 4569
0.027680158615112305, 4568
0.027680158615112305, 4567
0.027680158615112305, 4566
0.027680158615112305, 4565
0.027680158615112305, 4564
0.027680158615112305, 4563
0.027680158615112305, 4562
0.027680158615112305, 4561
0.027680158615112305, 4560
0.027680158615112305, 4559
0.027680158615112305, 4558
0.027680158615112305, 4557
0.028679847717285156, 4556
0.028679847717285156, 4555
0.028679847717285156, 4554
0.028679847717285156, 4553
0.028679847717285156, 4552
0.028679847717285156, 4551
0.028679847717285156, 4550
0.028679847717285156, 4549
0.028679847717285156, 4548
0.028679847717285156, 4547
0.028679847717285156, 4546
0.028679847717285156, 4545
0.028679847717285156, 4544
0.028679847717285156, 4543
0.028679847717285156, 4542
0.028679847717285156, 4541
0.028679847717285156, 4540
0.028679847717285156, 4539
0.028679847717285156, 4538
0.028679847717285156, 4537
0.028679847717285156, 4536
0.028679847717285156, 4535
0.028679847717285156, 4534
0.028679847717285156, 4533
0.028679847717285156, 4532
0.028679847717285156, 4531
0.028679847717285156, 4530
0.028679847717285156, 4529
0.028679847717285156, 4528
0.028679847717285156, 4527
0.028679847717285156, 4526
0.028679847717285156, 4525
0.028679847717285156, 4524
0.028679847717285156, 4523
0.15499305725097656, 3223
0.15499305725097656, 3222
0.15499305725097656, 3221
0.15499305725097656, 3220
0.15499305725097656, 3219
0.15499305725097656, 3218
0.15499305725097656, 3217
0.15499305725097656, 3216
0.15499305725097656, 3215
0.15499305725097656, 3214
0.15499305725097656, 3213
0.15499305725097656, 3212
0.15499305725097656, 3211
0.15499305725097656, 3210
0.15499305725097656, 3209
0.15499305725097656, 3208
0.15499305725097656, 3207
0.15499305725097656, 3206
0.15499305725097656, 3205
0.15499305725097656, 3204
0.15499305725097656, 3203
0.15599441528320312, 3202
0.15599441528320312, 3201
0.15599441528320312, 3200
0.15599441528320312, 3199
0.15599441528320312, 3198
0.15599441528320312, 3197
0.15599441528320312, 3196
0.15599441528320312, 3195
0.15599441528320312, 3194
0.15599441528320312, 3193
0.15599441528320312, 3192
0.15599441528320312, 3191
0.15599441528320312, 3190
0.15599441528320312, 3189
0.15599441528320312, 3188
0.15599441528320312, 3187
0.15599441528320312, 3186
0.15599441528320312, 3185
0.15599441528320312, 3184
0.15599441528320312, 3183
0.15599441528320312, 3182
0.15599441528320312, 3181
0.15599441528320312, 3180
0.15599441528320312, 3179
0.15599441528320312, 3178
0.15599441528320312, 3177
0.15599441528320312, 3176
0.15599441528320312, 3175
0.15599441528320312, 3174
0.15599441528320312, 3173
0.15599441528320312, 3172
0.15699267387390137, 3171
0.15699267387390137, 3170
0.15699267387390137, 3169
0.15699267387390137, 3168
0.15699267387390137, 3167
0.15699267387390137, 3166
0.15699267387390137, 3165
0.15699267387390137, 3164
0.15699267387390137, 3163
0.15699267387390137, 3162
0.15699267387390137, 3161
0.15699267387390137, 3160
0.15699267387390137, 3159
0.15699267387390137, 3158
0.15699267387390137, 3157
0.15699267387390137, 3156
0.15699267387390137, 3155
0.15699267387390137, 3154
0.15699267387390137, 3153
0.15699267387390137, 3152
0.15699267387390137, 3151
0.15699267387390137, 3150
0.15699267387390137, 3149
0.9833762645721436, 3148
0.9833762645721436, 3147
0.9833762645721436, 3146
0.9833762645721436, 3145
0.9843771457672119, 3144
0.9843771457672119, 3143
0.9843771457672119, 3142
0.9843771457672119, 3141
0.9843771457672119, 3140
0.9843771457672119, 3139
2.2368874549865723, 3138
2.2368874549865723, 3137
2.2368874549865723, 3136
2.2368874549865723, 3135
2.2368874549865723, 3134
2.2368874549865723, 3133
2.2368874549865723, 3132
2.2368874549865723, 3131
2.2368874549865723, 3130
2.2368874549865723, 3129
2.2368874549865723, 3128
2.2368874549865723, 3127
2.2368874549865723, 3126
2.2368874549865723, 3125
2.2368874549865723, 3124
5.215732574462891, 3123
5.215732574462891, 3122
5.215732574462891, 3121
5.215732574462891, 3120
5.215732574462891, 3119
5.215732574462891, 3118
8.07378339767456, 3117
8.07378339767456, 3116
8.074783086776733, 3115
8.074783086776733, 3114
