0.025997400283813477, 4878
0.025997400283813477, 4877
0.025997400283813477, 4876
0.025997400283813477, 4875
0.025997400283813477, 4874
0.025997400283813477, 4873
0.025997400283813477, 4872
0.025997400283813477, 4871
0.025997400283813477, 4870
0.025997400283813477, 4869
0.025997400283813477, 4868
0.025997400283813477, 4867
0.025997400283813477, 4866
0.025997400283813477, 4865
0.025997400283813477, 4864
0.025997400283813477, 4863
0.025997400283813477, 4862
0.025997400283813477, 4861
0.025997400283813477, 4860
0.025997400283813477, 4859
0.025997400283813477, 4858
0.025997400283813477, 4857
0.025997400283813477, 4856
0.02699875831604004, 4855
0.02699875831604004, 4854
0.02699875831604004, 4853
0.02699875831604004, 4852
0.02699875831604004, 4851
0.02699875831604004, 4850
0.02699875831604004, 4849
0.02699875831604004, 4848
0.02699875831604004, 4847
0.02699875831604004, 4846
0.02699875831604004, 4845
0.02699875831604004, 4844
0.02699875831604004, 4843
0.02699875831604004, 4842
0.02699875831604004, 4841
0.02699875831604004, 4840
0.02699875831604004, 4839
0.02699875831604004, 4838
0.02699875831604004, 4837
0.02699875831604004, 4836
0.02699875831604004, 4835
0.02699875831604004, 4834
0.02699875831604004, 4833
0.02699875831604004, 4832
0.02699875831604004, 4831
0.02699875831604004, 4830
0.02699875831604004, 4829
0.02699875831604004, 4828
0.02699875831604004, 4827
0.02699875831604004, 4826
0.02699875831604004, 4825
0.02699875831604004, 4824
0.02699875831604004, 4823
0.02699875831604004, 4822
0.02699875831604004, 4821
0.02699875831604004, 4820
0.02699875831604004, 4819
0.02699875831604004, 4818
0.02699875831604004, 4817
0.02699875831604004, 4816
0.02699875831604004, 4815
0.02699875831604004, 4814
0.027996540069580078, 4813
0.027996540069580078, 4812
0.027996540069580078, 4811
0.027996540069580078, 4810
0.027996540069580078, 4809
0.027996540069580078, 4808
0.027996540069580078, 4807
0.027996540069580078, 4806
0.027996540069580078, 4805
0.027996540069580078, 4804
0.027996540069580078, 4803
0.027996540069580078, 4802
0.027996540069580078, 4801
0.027996540069580078, 4800
0.027996540069580078, 4799
0.027996540069580078, 4798
0.027996540069580078, 4797
0.027996540069580078, 4796
0.027996540069580078, 4795
0.027996540069580078, 4794
0.027996540069580078, 4793
0.027996540069580078, 4792
0.027996540069580078, 4791
0.027996540069580078, 4790
0.027996540069580078, 4789
0.027996540069580078, 4788
0.027996540069580078, 4787
0.027996540069580078, 4786
0.027996540069580078, 4785
0.027996540069580078, 4784
0.027996540069580078, 4783
0.027996540069580078, 4782
0.027996540069580078, 4781
0.027996540069580078, 4780
0.027996540069580078, 4779
0.027996540069580078, 4778
0.027996540069580078, 4777
0.027996540069580078, 4776
0.027996540069580078, 4775
0.027996540069580078, 4774
0.027996540069580078, 4773
0.027996540069580078, 4772
0.028997182846069336, 4771
0.028997182846069336, 4770
0.028997182846069336, 4769
0.028997182846069336, 4768
0.028997182846069336, 4767
0.028997182846069336, 4766
0.028997182846069336, 4765
0.028997182846069336, 4764
0.028997182846069336, 4763
0.028997182846069336, 4762
0.028997182846069336, 4761
0.028997182846069336, 4760
0.028997182846069336, 4759
0.028997182846069336, 4758
0.028997182846069336, 4757
0.028997182846069336, 4756
0.028997182846069336, 4755
0.028997182846069336, 4754
0.028997182846069336, 4753
0.028997182846069336, 4752
0.028997182846069336, 4751
0.028997182846069336, 4750
0.028997182846069336, 4749
0.028997182846069336, 4748
0.028997182846069336, 4747
0.028997182846069336, 4746
0.028997182846069336, 4745
0.028997182846069336, 4744
0.028997182846069336, 4743
0.028997182846069336, 4742
0.028997182846069336, 4741
0.029996156692504883, 4740
0.029996156692504883, 4739
0.029996156692504883, 4738
0.029996156692504883, 4737
0.029996156692504883, 4736
0.029996156692504883, 4735
0.029996156692504883, 4734
0.029996156692504883, 4733
0.029996156692504883, 4732
0.029996156692504883, 4731
0.029996156692504883, 4730
0.029996156692504883, 4729
0.029996156692504883, 4728
0.029996156692504883, 4727
0.029996156692504883, 4726
0.029996156692504883, 4725
0.029996156692504883, 4724
0.029996156692504883, 4723
0.029996156692504883, 4722
0.029996156692504883, 4721
0.029996156692504883, 4720
0.029996156692504883, 4719
0.029996156692504883, 4718
0.029996156692504883, 4717
0.03099989891052246, 4716
0.03099989891052246, 4715
0.03099989891052246, 4714
0.03099989891052246, 4713
0.03099989891052246, 4712
0.03099989891052246, 4711
0.03099989891052246, 4710
0.03099989891052246, 4709
0.03099989891052246, 4708
0.03099989891052246, 4707
0.03099989891052246, 4706
0.03099989891052246, 4705
0.03099989891052246, 4704
0.03099989891052246, 4703
0.03099989891052246, 4702
0.03099989891052246, 4701
0.03099989891052246, 4700
0.03099989891052246, 4699
0.03099989891052246, 4698
0.03099989891052246, 4697
0.03099989891052246, 4696
0.03099989891052246, 4695
0.03099989891052246, 4694
0.03099989891052246, 4693
0.03099989891052246, 4692
0.03099989891052246, 4691
0.03099989891052246, 4690
0.03099989891052246, 4689
0.03099989891052246, 4688
0.03099989891052246, 4687
0.03099989891052246, 4686
0.03099989891052246, 4685
0.03099989891052246, 4684
0.03199934959411621, 4683
0.03199934959411621, 4682
0.03199934959411621, 4681
0.03199934959411621, 4680
0.03199934959411621, 4679
0.03199934959411621, 4678
0.03199934959411621, 4677
0.03199934959411621, 4676
0.03199934959411621, 4675
0.03199934959411621, 4674
0.03199934959411621, 4673
0.03199934959411621, 4672
0.03199934959411621, 4671
0.03199934959411621, 4670
0.03199934959411621, 4669
0.03199934959411621, 4668
0.03199934959411621, 4667
0.03199934959411621, 4666
0.03199934959411621, 4665
0.03199934959411621, 4664
0.03199934959411621, 4663
0.03199934959411621, 4662
0.03199934959411621, 4661
0.03199934959411621, 4660
0.03199934959411621, 4659
0.03199934959411621, 4658
0.03199934959411621, 4657
0.03199934959411621, 4656
0.03199934959411621, 4655
0.03199934959411621, 4654
0.03199934959411621, 4653
0.03199934959411621, 4652
0.03199934959411621, 4651
0.03199934959411621, 4650
0.03199934959411621, 4649
0.03199934959411621, 4648
0.03199934959411621, 4647
0.03199934959411621, 4646
0.03199934959411621, 4645
0.03199934959411621, 4644
0.03299856185913086, 4643
0.03299856185913086, 4642
0.03299856185913086, 4641
0.03299856185913086, 4640
0.03299856185913086, 4639
0.03299856185913086, 4638
0.03299856185913086, 4637
0.03299856185913086, 4636
0.03299856185913086, 4635
0.03299856185913086, 4634
0.03299856185913086, 4633
0.03299856185913086, 4632
0.03299856185913086, 4631
0.03299856185913086, 4630
0.03299856185913086, 4629
0.03299856185913086, 4628
0.03299856185913086, 4627
0.03299856185913086, 4626
0.03299856185913086, 4625
0.03299856185913086, 4624
0.03299856185913086, 4623
0.06499600410461426, 4622
0.06499600410461426, 4621
0.06499600410461426, 4620
0.06499600410461426, 4619
0.06499600410461426, 4618
0.06499600410461426, 4617
0.06499600410461426, 4616
0.06499600410461426, 4615
0.06499600410461426, 4614
0.06499600410461426, 4613
0.06499600410461426, 4612
0.06499600410461426, 4611
0.06499600410461426, 4610
0.06499600410461426, 4609
0.06499600410461426, 4608
0.06499600410461426, 4607
0.06499600410461426, 4606
0.06499600410461426, 4605
0.06499600410461426, 4604
0.06499600410461426, 4603
0.06499600410461426, 4602
0.06599593162536621, 4601
0.06599593162536621, 4600
0.06599593162536621, 4599
0.06599593162536621, 4598
0.06599593162536621, 4597
0.06599593162536621, 4596
0.06599593162536621, 4595
0.06599593162536621, 4594
0.06599593162536621, 4593
0.06599593162536621, 4592
0.06599593162536621, 4591
0.06599593162536621, 4590
0.06599593162536621, 4589
0.06599593162536621, 4588
0.06599593162536621, 4587
0.06599593162536621, 4586
0.06599593162536621, 4585
0.06599593162536621, 4584
0.06599593162536621, 4583
0.06599593162536621, 4582
0.06599593162536621, 4581
0.06599593162536621, 4580
0.06599593162536621, 4579
0.06599593162536621, 4578
0.06599593162536621, 4577
0.06599593162536621, 4576
0.06599593162536621, 4575
0.06599593162536621, 4574
0.06599593162536621, 4573
0.06599593162536621, 4572
0.06599593162536621, 4571
0.06599593162536621, 4570
0.06599593162536621, 4569
0.06599593162536621, 4568
0.06599593162536621, 4567
0.06599593162536621, 4566
0.06599593162536621, 4565
0.06599593162536621, 4564
0.06599593162536621, 4563
0.06599593162536621, 4562
0.06699633598327637, 4561
0.06699633598327637, 4560
0.06699633598327637, 4559
0.06699633598327637, 4558
0.06699633598327637, 4557
0.06699633598327637, 4556
0.06699633598327637, 4555
0.06699633598327637, 4554
0.06699633598327637, 4553
0.06699633598327637, 4552
0.06699633598327637, 4551
0.06699633598327637, 4550
0.06699633598327637, 4549
0.06699633598327637, 4548
0.06699633598327637, 4547
0.06699633598327637, 4546
0.06699633598327637, 4545
0.06699633598327637, 4544
0.06699633598327637, 4543
0.06699633598327637, 4542
0.06699633598327637, 4541
0.06699633598327637, 4540
0.06699633598327637, 4539
0.06699633598327637, 4538
0.06699633598327637, 4537
0.06699633598327637, 4536
0.06699633598327637, 4535
0.06699633598327637, 4534
0.06699633598327637, 4533
0.06699633598327637, 4532
0.06699633598327637, 4531
0.06699633598327637, 4530
0.06699633598327637, 4529
0.06699633598327637, 4528
0.06699633598327637, 4527
0.06699633598327637, 4526
0.06699633598327637, 4525
0.06699633598327637, 4524
0.06699633598327637, 4523
0.06699633598327637, 4522
0.06699633598327637, 4521
0.06699633598327637, 4520
0.06799602508544922, 4519
0.06799602508544922, 4518
0.06799602508544922, 4517
0.06799602508544922, 4516
0.2729959487915039, 3339
0.2729959487915039, 3338
0.27399563789367676, 3337
0.27399563789367676, 3336
0.27399563789367676, 3335
0.27399563789367676, 3334
0.27399563789367676, 3333
0.27399563789367676, 3332
0.27399563789367676, 3331
0.27399563789367676, 3330
0.27399563789367676, 3329
0.27399563789367676, 3328
0.27399563789367676, 3327
0.27399563789367676, 3326
0.27399563789367676, 3325
0.27399563789367676, 3324
0.27399563789367676, 3323
0.27399563789367676, 3322
0.27399563789367676, 3321
0.27399563789367676, 3320
0.27399563789367676, 3319
0.27399563789367676, 3318
0.27399563789367676, 3317
0.27399563789367676, 3316
0.27399563789367676, 3315
0.27399563789367676, 3314
0.2749958038330078, 3313
0.2749958038330078, 3312
0.2749958038330078, 3311
0.2749958038330078, 3310
0.2749958038330078, 3309
0.2749958038330078, 3308
0.2749958038330078, 3307
0.2749958038330078, 3306
0.2749958038330078, 3305
0.2749958038330078, 3304
0.2749958038330078, 3303
0.2749958038330078, 3302
0.2749958038330078, 3301
0.2749958038330078, 3300
0.2749958038330078, 3299
0.2749958038330078, 3298
0.2749958038330078, 3297
0.2749958038330078, 3296
0.2749958038330078, 3295
0.2749958038330078, 3294
0.2749958038330078, 3293
0.2749958038330078, 3292
0.2749958038330078, 3291
0.2749958038330078, 3290
0.2749958038330078, 3289
0.2749958038330078, 3288
0.27599573135375977, 3287
0.27599573135375977, 3286
0.27599573135375977, 3285
0.27599573135375977, 3284
0.27599573135375977, 3283
0.27599573135375977, 3282
0.27599573135375977, 3281
0.27599573135375977, 3280
0.27599573135375977, 3279
0.27599573135375977, 3278
0.27599573135375977, 3277
0.27699756622314453, 3276
0.27699756622314453, 3275
0.27699756622314453, 3274
0.27699756622314453, 3273
0.27699756622314453, 3272
0.27699756622314453, 3271
0.27699756622314453, 3270
0.27699756622314453, 3269
0.27699756622314453, 3268
0.27699756622314453, 3267
0.27699756622314453, 3266
0.27699756622314453, 3265
0.27699756622314453, 3264
0.27699756622314453, 3263
0.27699756622314453, 3262
0.27699756622314453, 3261
0.27699756622314453, 3260
0.27699756622314453, 3259
0.27699756622314453, 3258
0.27699756622314453, 3257
0.27699756622314453, 3256
0.27699756622314453, 3255
0.2779970169067383, 3254
0.2779970169067383, 3253
0.2779970169067383, 3252
0.2779970169067383, 3251
0.2779970169067383, 3250
0.2779970169067383, 3249
0.2779970169067383, 3248
0.2779970169067383, 3247
0.2779970169067383, 3246
0.2779970169067383, 3245
0.2779970169067383, 3244
0.2779970169067383, 3243
0.27899932861328125, 3242
0.27899932861328125, 3241
0.27899932861328125, 3240
0.27899932861328125, 3239
0.27899932861328125, 3238
0.27899932861328125, 3237
0.27899932861328125, 3236
0.27899932861328125, 3235
0.27899932861328125, 3234
0.27899932861328125, 3233
0.27899932861328125, 3232
0.27899932861328125, 3231
0.27899932861328125, 3230
0.27899932861328125, 3229
0.27899932861328125, 3228
0.27899932861328125, 3227
0.27899932861328125, 3226
0.27899932861328125, 3225
0.27899932861328125, 3224
0.27899932861328125, 3223
0.27899932861328125, 3222
0.27899932861328125, 3221
0.27899932861328125, 3220
0.27899932861328125, 3219
0.2799966335296631, 3218
0.2799966335296631, 3217
0.2799966335296631, 3216
0.2799966335296631, 3215
0.2799966335296631, 3214
0.2799966335296631, 3213
0.2799966335296631, 3212
0.2799966335296631, 3211
0.2799966335296631, 3210
0.2799966335296631, 3209
0.2799966335296631, 3208
0.2799966335296631, 3207
0.2799966335296631, 3206
0.2799966335296631, 3205
0.2799966335296631, 3204
0.2799966335296631, 3203
0.2799966335296631, 3202
0.2799966335296631, 3201
0.2799966335296631, 3200
0.2799966335296631, 3199
0.2799966335296631, 3198
0.2799966335296631, 3197
0.2799966335296631, 3196
0.2799966335296631, 3195
0.2799966335296631, 3194
0.28099632263183594, 3193
0.28099632263183594, 3192
0.28099632263183594, 3191
0.28099632263183594, 3190
0.28099632263183594, 3189
0.28099632263183594, 3188
0.28099632263183594, 3187
0.28099632263183594, 3186
0.28099632263183594, 3185
0.28099632263183594, 3184
0.28099632263183594, 3183
0.28099632263183594, 3182
0.28099632263183594, 3181
0.39999914169311523, 3180
0.39999914169311523, 3179
0.39999914169311523, 3178
0.39999914169311523, 3177
0.39999914169311523, 3176
0.39999914169311523, 3175
0.39999914169311523, 3174
0.39999914169311523, 3173
0.39999914169311523, 3172
0.39999914169311523, 3171
0.39999914169311523, 3170
0.39999914169311523, 3169
0.39999914169311523, 3168
0.39999914169311523, 3167
0.4009995460510254, 3166
0.4009995460510254, 3165
0.4009995460510254, 3164
0.4009995460510254, 3163
0.4009995460510254, 3162
0.4009995460510254, 3161
0.4009995460510254, 3160
0.4009995460510254, 3159
0.4009995460510254, 3158
0.4009995460510254, 3157
0.4009995460510254, 3156
0.4009995460510254, 3155
0.4009995460510254, 3154
0.4009995460510254, 3153
0.4009995460510254, 3152
0.5333044528961182, 3151
0.5333044528961182, 3150
0.5333044528961182, 3149
0.5333044528961182, 3148
0.5333044528961182, 3147
0.5333044528961182, 3146
0.5333044528961182, 3145
0.5333044528961182, 3144
0.5333044528961182, 3143
0.5333044528961182, 3142
0.5333044528961182, 3141
0.5333044528961182, 3140
0.5333044528961182, 3139
0.5333044528961182, 3138
0.5333044528961182, 3137
0.5343046188354492, 3136
0.5343046188354492, 3135
0.5343046188354492, 3134
0.5343046188354492, 3133
0.5343046188354492, 3132
0.5343046188354492, 3131
0.5343046188354492, 3130
0.5343046188354492, 3129
0.5343046188354492, 3128
0.5343046188354492, 3127
0.5343046188354492, 3126
0.5343046188354492, 3125
