0.017030000686645508, 4908
0.017030000686645508, 4907
0.017030000686645508, 4906
0.017030000686645508, 4905
0.017030000686645508, 4904
0.017030000686645508, 4903
0.017030000686645508, 4902
0.017030000686645508, 4901
0.017030000686645508, 4900
0.017030000686645508, 4899
0.017030000686645508, 4898
0.017030000686645508, 4897
0.017030000686645508, 4896
0.017030000686645508, 4895
0.017030000686645508, 4894
0.017030000686645508, 4893
0.017030000686645508, 4892
0.018028736114501953, 4891
0.018028736114501953, 4890
0.018028736114501953, 4889
0.018028736114501953, 4888
0.018028736114501953, 4887
0.018028736114501953, 4886
0.018028736114501953, 4885
0.018028736114501953, 4884
0.018028736114501953, 4883
0.018028736114501953, 4882
0.018028736114501953, 4881
0.018028736114501953, 4880
0.018028736114501953, 4879
0.018028736114501953, 4878
0.018028736114501953, 4877
0.018028736114501953, 4876
0.018028736114501953, 4875
0.018028736114501953, 4874
0.018028736114501953, 4873
0.018028736114501953, 4872
0.018028736114501953, 4871
0.018028736114501953, 4870
0.018028736114501953, 4869
0.018028736114501953, 4868
0.018028736114501953, 4867
0.018028736114501953, 4866
0.018028736114501953, 4865
0.018028736114501953, 4864
0.018028736114501953, 4863
0.018028736114501953, 4862
0.018028736114501953, 4861
0.018028736114501953, 4860
0.018028736114501953, 4859
0.018028736114501953, 4858
0.018028736114501953, 4857
0.018028736114501953, 4856
0.018028736114501953, 4855
0.018028736114501953, 4854
0.018028736114501953, 4853
0.018028736114501953, 4852
0.018028736114501953, 4851
0.018028736114501953, 4850
0.018028736114501953, 4849
0.019029617309570312, 4848
0.019029617309570312, 4847
0.019029617309570312, 4846
0.019029617309570312, 4845
0.019029617309570312, 4844
0.019029617309570312, 4843
0.019029617309570312, 4842
0.019029617309570312, 4841
0.019029617309570312, 4840
0.019029617309570312, 4839
0.019029617309570312, 4838
0.019029617309570312, 4837
0.019029617309570312, 4836
0.019029617309570312, 4835
0.019029617309570312, 4834
0.019029617309570312, 4833
0.019029617309570312, 4832
0.019029617309570312, 4831
0.019029617309570312, 4830
0.019029617309570312, 4829
0.019029617309570312, 4828
0.019029617309570312, 4827
0.019029617309570312, 4826
0.019029617309570312, 4825
0.019029617309570312, 4824
0.019029617309570312, 4823
0.019029617309570312, 4822
0.019029617309570312, 4821
0.019029617309570312, 4820
0.019029617309570312, 4819
0.019029617309570312, 4818
0.019029617309570312, 4817
0.019029617309570312, 4816
0.019029617309570312, 4815
0.019029617309570312, 4814
0.019029617309570312, 4813
0.019029617309570312, 4812
0.019029617309570312, 4811
0.019029617309570312, 4810
0.019029617309570312, 4809
0.019029617309570312, 4808
0.019029617309570312, 4807
0.019029617309570312, 4806
0.019029617309570312, 4805
0.02002859115600586, 4804
0.02002859115600586, 4803
0.02002859115600586, 4802
0.020102262496948242, 4801
0.020102262496948242, 4800
0.020102262496948242, 4799
0.020102262496948242, 4798
0.020102262496948242, 4797
0.020102262496948242, 4796
0.020102262496948242, 4795
0.020102262496948242, 4794
0.020102262496948242, 4793
0.020102262496948242, 4792
0.020102262496948242, 4791
0.020102262496948242, 4790
0.020102262496948242, 4789
0.020102262496948242, 4788
0.020102262496948242, 4787
0.020102262496948242, 4786
0.020102262496948242, 4785
0.020102262496948242, 4784
0.020102262496948242, 4783
0.020102262496948242, 4782
0.020102262496948242, 4781
0.020102262496948242, 4780
0.020102262496948242, 4779
0.020102262496948242, 4778
0.020102262496948242, 4777
0.020102262496948242, 4776
0.020102262496948242, 4775
0.020102262496948242, 4774
0.020102262496948242, 4773
0.020102262496948242, 4772
0.020102262496948242, 4771
0.020102262496948242, 4770
0.020102262496948242, 4769
0.020102262496948242, 4768
0.020102262496948242, 4767
0.020102262496948242, 4766
0.020102262496948242, 4765
0.020102262496948242, 4764
0.020102262496948242, 4763
0.020102262496948242, 4762
0.020102262496948242, 4761
0.020102262496948242, 4760
0.021028995513916016, 4759
0.021028995513916016, 4758
0.021028995513916016, 4757
0.021028995513916016, 4756
0.021028995513916016, 4755
0.021028995513916016, 4754
0.021028995513916016, 4753
0.021028995513916016, 4752
0.021028995513916016, 4751
0.021028995513916016, 4750
0.021028995513916016, 4749
0.021028995513916016, 4748
0.021028995513916016, 4747
0.021028995513916016, 4746
0.021028995513916016, 4745
0.021028995513916016, 4744
0.021028995513916016, 4743
0.021028995513916016, 4742
0.021028995513916016, 4741
0.021028995513916016, 4740
0.021028995513916016, 4739
0.021028995513916016, 4738
0.07157516479492188, 4737
0.07157516479492188, 4736
0.07157516479492188, 4735
0.07157516479492188, 4734
0.07157516479492188, 4733
0.07157516479492188, 4732
0.07157516479492188, 4731
0.07157516479492188, 4730
0.07157516479492188, 4729
0.07157516479492188, 4728
0.07157516479492188, 4727
0.07157516479492188, 4726
0.07157516479492188, 4725
0.07157516479492188, 4724
0.07157516479492188, 4723
0.07157516479492188, 4722
0.07157516479492188, 4721
0.07157516479492188, 4720
0.07157516479492188, 4719
0.07157516479492188, 4718
0.07157516479492188, 4717
0.07157516479492188, 4716
0.07157516479492188, 4715
0.07157516479492188, 4714
0.07157516479492188, 4713
0.07157516479492188, 4712
0.07157516479492188, 4711
0.07157516479492188, 4710
0.07157516479492188, 4709
0.07157516479492188, 4708
0.07157516479492188, 4707
0.07157516479492188, 4706
0.07157516479492188, 4705
0.07157516479492188, 4704
0.07157516479492188, 4703
0.07157516479492188, 4702
0.07157516479492188, 4701
0.07157516479492188, 4700
0.07157516479492188, 4699
0.07257580757141113, 4698
0.07257580757141113, 4697
0.07257580757141113, 4696
0.07257580757141113, 4695
0.07257580757141113, 4694
0.07257580757141113, 4693
0.07257580757141113, 4692
0.07257580757141113, 4691
0.07257580757141113, 4690
0.07257580757141113, 4689
0.07257580757141113, 4688
0.07257580757141113, 4687
0.07257580757141113, 4686
0.07257580757141113, 4685
0.07257580757141113, 4684
0.07257580757141113, 4683
0.07257580757141113, 4682
0.07257580757141113, 4681
0.07257580757141113, 4680
0.07257580757141113, 4679
0.07257580757141113, 4678
0.07257580757141113, 4677
0.07257580757141113, 4676
0.07257580757141113, 4675
0.07257580757141113, 4674
0.07257580757141113, 4673
0.07257580757141113, 4672
0.07257580757141113, 4671
0.07257580757141113, 4670
0.07257580757141113, 4669
0.07257580757141113, 4668
0.07257580757141113, 4667
0.07257580757141113, 4666
0.07257580757141113, 4665
0.07257580757141113, 4664
0.07257580757141113, 4663
0.07257580757141113, 4662
0.07257580757141113, 4661
0.07257580757141113, 4660
0.07257580757141113, 4659
0.07257580757141113, 4658
0.07257580757141113, 4657
0.07257580757141113, 4656
0.07357597351074219, 4655
0.07357597351074219, 4654
0.07357597351074219, 4653
0.07357597351074219, 4652
0.07357597351074219, 4651
0.07357597351074219, 4650
0.07357597351074219, 4649
0.07357597351074219, 4648
0.07357597351074219, 4647
0.07357597351074219, 4646
0.07357597351074219, 4645
0.07357597351074219, 4644
0.07357597351074219, 4643
0.07357597351074219, 4642
0.07357597351074219, 4641
0.07357597351074219, 4640
0.07357597351074219, 4639
0.07357597351074219, 4638
0.07357597351074219, 4637
0.07357597351074219, 4636
0.07357597351074219, 4635
0.07357597351074219, 4634
0.07357597351074219, 4633
0.07357597351074219, 4632
0.07357597351074219, 4631
0.07357597351074219, 4630
0.07357597351074219, 4629
0.07357597351074219, 4628
0.07357597351074219, 4627
0.07357597351074219, 4626
0.07357597351074219, 4625
0.07357597351074219, 4624
0.07357597351074219, 4623
0.07357597351074219, 4622
0.07357597351074219, 4621
0.07357597351074219, 4620
0.07357597351074219, 4619
0.07357597351074219, 4618
0.07357597351074219, 4617
0.07357597351074219, 4616
0.07357597351074219, 4615
0.07357597351074219, 4614
0.07357597351074219, 4613
0.07457566261291504, 4612
0.07457566261291504, 4611
0.07457566261291504, 4610
0.07457566261291504, 4609
0.07457566261291504, 4608
0.07457566261291504, 4607
0.07457566261291504, 4606
0.07457566261291504, 4605
0.07457566261291504, 4604
0.07457566261291504, 4603
0.07457566261291504, 4602
0.07457566261291504, 4601
0.07457566261291504, 4600
0.07457566261291504, 4599
0.07457566261291504, 4598
0.07457566261291504, 4597
0.07457566261291504, 4596
0.07457566261291504, 4595
0.07457566261291504, 4594
0.07457566261291504, 4593
0.07457566261291504, 4592
0.07457566261291504, 4591
0.07457566261291504, 4590
0.07457566261291504, 4589
0.07457566261291504, 4588
0.07457566261291504, 4587
0.07457566261291504, 4586
0.07457566261291504, 4585
0.07457566261291504, 4584
0.07457566261291504, 4583
0.07457566261291504, 4582
0.07457566261291504, 4581
0.07457566261291504, 4580
0.07457566261291504, 4579
0.07457566261291504, 4578
0.07457566261291504, 4577
0.07457566261291504, 4576
0.07457566261291504, 4575
0.07457566261291504, 4574
0.07457566261291504, 4573
0.07457566261291504, 4572
0.07457566261291504, 4571
0.07557535171508789, 4570
0.07557535171508789, 4569
0.07557535171508789, 4568
0.07557535171508789, 4567
0.07557535171508789, 4566
0.07557535171508789, 4565
0.07557535171508789, 4564
0.07557535171508789, 4563
0.07575607299804688, 4562
0.07575607299804688, 4561
0.07575607299804688, 4560
0.07575607299804688, 4559
0.07575607299804688, 4558
0.07575607299804688, 4557
0.07575607299804688, 4556
0.07575607299804688, 4555
0.07575607299804688, 4554
0.07575607299804688, 4553
0.07575607299804688, 4552
0.07575607299804688, 4551
0.07575607299804688, 4550
0.07575607299804688, 4549
0.07575607299804688, 4548
0.07575607299804688, 4547
0.07575607299804688, 4546
0.07575607299804688, 4545
0.07575607299804688, 4544
0.07575607299804688, 4543
0.07575607299804688, 4542
0.07575607299804688, 4541
0.07575607299804688, 4540
0.07575607299804688, 4539
0.07575607299804688, 4538
0.07575607299804688, 4537
0.07575607299804688, 4536
0.07575607299804688, 4535
0.07575607299804688, 4534
0.07575607299804688, 4533
0.07575607299804688, 4532
0.07575607299804688, 4531
0.07575607299804688, 4530
0.07575607299804688, 4529
0.07575607299804688, 4528
0.07575607299804688, 4527
0.07575607299804688, 4526
0.07575607299804688, 4525
0.07575607299804688, 4524
0.07575607299804688, 4523
0.07575607299804688, 4522
0.07575607299804688, 4521
0.07575607299804688, 4520
0.07676410675048828, 4519
0.07676410675048828, 4518
0.07676410675048828, 4517
0.07676410675048828, 4516
0.07676410675048828, 4515
0.07676410675048828, 4514
0.07676410675048828, 4513
0.07676410675048828, 4512
0.07676410675048828, 4511
0.07676410675048828, 4510
0.07676410675048828, 4509
0.07676410675048828, 4508
0.07676410675048828, 4507
0.07676410675048828, 4506
0.07676410675048828, 4505
0.07676410675048828, 4504
0.07676410675048828, 4503
0.07676410675048828, 4502
0.07676410675048828, 4501
0.07676410675048828, 4500
0.07676410675048828, 4499
0.07676410675048828, 4498
0.07676410675048828, 4497
0.07676410675048828, 4496
0.07676410675048828, 4495
0.07676410675048828, 4494
0.07676410675048828, 4493
0.07676410675048828, 4492
0.07676410675048828, 4491
0.07676410675048828, 4490
0.07676410675048828, 4489
0.07676410675048828, 4488
0.07676410675048828, 4487
0.07676410675048828, 4486
0.07676410675048828, 4485
0.07676410675048828, 4484
0.07676410675048828, 4483
0.07676410675048828, 4482
0.07676410675048828, 4481
0.07676410675048828, 4480
0.07676410675048828, 4479
0.07776498794555664, 4478
0.07776498794555664, 4477
0.07776498794555664, 4476
0.07776498794555664, 4475
0.07776498794555664, 4474
0.07776498794555664, 4473
0.07776498794555664, 4472
0.07776498794555664, 4471
0.07776498794555664, 4470
0.07776498794555664, 4469
0.07776498794555664, 4468
0.07776498794555664, 4467
0.07776498794555664, 4466
0.07776498794555664, 4465
0.07776498794555664, 4464
0.07776498794555664, 4463
0.07776498794555664, 4462
0.07776498794555664, 4461
0.07776498794555664, 4460
0.07776498794555664, 4459
0.07776498794555664, 4458
0.07776498794555664, 4457
0.07776498794555664, 4456
0.07776498794555664, 4455
0.07776498794555664, 4454
0.07776498794555664, 4453
0.07776498794555664, 4452
0.07776498794555664, 4451
0.07776498794555664, 4450
0.07776498794555664, 4449
0.07776498794555664, 4448
0.07776498794555664, 4447
0.07776498794555664, 4446
0.07776498794555664, 4445
0.21491146087646484, 3293
0.21491146087646484, 3292
0.21491146087646484, 3291
0.21491146087646484, 3290
0.21491146087646484, 3289
0.21491146087646484, 3288
0.21491146087646484, 3287
0.21491146087646484, 3286
0.21491146087646484, 3285
0.21491146087646484, 3284
0.21491146087646484, 3283
0.21491146087646484, 3282
0.21491146087646484, 3281
0.21491146087646484, 3280
0.21491146087646484, 3279
0.21491146087646484, 3278
0.21491146087646484, 3277
0.21491146087646484, 3276
0.21491146087646484, 3275
0.21491146087646484, 3274
0.21491146087646484, 3273
0.21491146087646484, 3272
0.21491146087646484, 3271
0.21491146087646484, 3270
0.21491146087646484, 3269
0.2159109115600586, 3268
0.2159109115600586, 3267
0.2159109115600586, 3266
0.2159109115600586, 3265
0.2159109115600586, 3264
0.2159109115600586, 3263
0.2159109115600586, 3262
0.2159109115600586, 3261
0.2159109115600586, 3260
0.2159109115600586, 3259
0.2159109115600586, 3258
0.2159109115600586, 3257
0.2159109115600586, 3256
0.2159109115600586, 3255
0.2159109115600586, 3254
0.2159109115600586, 3253
0.2159109115600586, 3252
0.2159109115600586, 3251
0.2159109115600586, 3250
0.2159109115600586, 3249
0.2159109115600586, 3248
0.2159109115600586, 3247
0.2159109115600586, 3246
0.2159109115600586, 3245
0.2159109115600586, 3244
0.2159109115600586, 3243
0.2159109115600586, 3242
0.2159109115600586, 3241
0.2159109115600586, 3240
0.2159109115600586, 3239
0.21691203117370605, 3238
0.21691203117370605, 3237
0.21691203117370605, 3236
0.21691203117370605, 3235
0.21691203117370605, 3234
0.21691203117370605, 3233
0.21691203117370605, 3232
0.21691203117370605, 3231
0.21691203117370605, 3230
0.21691203117370605, 3229
0.21691203117370605, 3228
0.21691203117370605, 3227
0.21691203117370605, 3226
0.21691203117370605, 3225
0.21691203117370605, 3224
0.21691203117370605, 3223
0.21691203117370605, 3222
0.21691203117370605, 3221
0.21691203117370605, 3220
0.21691203117370605, 3219
0.21691203117370605, 3218
0.21691203117370605, 3217
0.21691203117370605, 3216
0.21691203117370605, 3215
0.21691203117370605, 3214
0.21691203117370605, 3213
0.21691203117370605, 3212
0.21691203117370605, 3211
0.21691203117370605, 3210
0.21691203117370605, 3209
0.21691203117370605, 3208
0.21691203117370605, 3207
0.21691203117370605, 3206
0.21691203117370605, 3205
0.21691203117370605, 3204
0.2179110050201416, 3203
0.2179110050201416, 3202
0.2179110050201416, 3201
0.2179110050201416, 3200
0.2179110050201416, 3199
0.2179110050201416, 3198
0.2179110050201416, 3197
0.2179110050201416, 3196
0.2179110050201416, 3195
0.2179110050201416, 3194
0.2179110050201416, 3193
0.2179110050201416, 3192
0.2179110050201416, 3191
0.2179110050201416, 3190
0.2179110050201416, 3189
0.2179110050201416, 3188
0.2179110050201416, 3187
0.2179110050201416, 3186
0.2179110050201416, 3185
0.2179110050201416, 3184
0.2179110050201416, 3183
0.2179110050201416, 3182
0.2179110050201416, 3181
0.2179110050201416, 3180
0.2179110050201416, 3179
0.2179110050201416, 3178
0.2179110050201416, 3177
0.2179110050201416, 3176
0.2179110050201416, 3175
0.2179110050201416, 3174
0.2179110050201416, 3173
0.2179110050201416, 3172
0.2179110050201416, 3171
0.2179110050201416, 3170
0.2179110050201416, 3169
0.21891021728515625, 3168
0.21891021728515625, 3167
0.21891021728515625, 3166
0.21891021728515625, 3165
0.21891021728515625, 3164
0.21891021728515625, 3163
0.21891021728515625, 3162
0.21891021728515625, 3161
0.21891021728515625, 3160
0.21891021728515625, 3159
0.21891021728515625, 3158
0.21891021728515625, 3157
0.21891021728515625, 3156
0.21891021728515625, 3155
0.21891021728515625, 3154
0.21891021728515625, 3153
0.21891021728515625, 3152
0.21891021728515625, 3151
0.21891021728515625, 3150
0.21891021728515625, 3149
0.21891021728515625, 3148
0.21891021728515625, 3147
0.21891021728515625, 3146
0.21891021728515625, 3145
0.21891021728515625, 3144
0.21891021728515625, 3143
0.21891021728515625, 3142
0.21891021728515625, 3141
0.21891021728515625, 3140
0.6201369762420654, 3139
0.6201369762420654, 3138
0.6201369762420654, 3137
0.6201369762420654, 3136
5.308924198150635, 3135
5.3099260330200195, 3134
5.3099260330200195, 3133
5.3099260330200195, 3132
5.3099260330200195, 3131
5.3099260330200195, 3130
5.3099260330200195, 3129
5.3099260330200195, 3128
5.3099260330200195, 3127
5.3099260330200195, 3126
5.3099260330200195, 3125
5.3099260330200195, 3124
5.3099260330200195, 3123
5.3099260330200195, 3122
