0.01599907875061035, 4899
0.01599907875061035, 4898
0.01599907875061035, 4897
0.01599907875061035, 4896
0.01599907875061035, 4895
0.01599907875061035, 4894
0.01599907875061035, 4893
0.01599907875061035, 4892
0.01599907875061035, 4891
0.01599907875061035, 4890
0.01599907875061035, 4889
0.01599907875061035, 4888
0.01599907875061035, 4887
0.01599907875061035, 4886
0.01599907875061035, 4885
0.01599907875061035, 4884
0.01599907875061035, 4883
0.01599907875061035, 4882
0.01599907875061035, 4881
0.01599907875061035, 4880
0.01599907875061035, 4879
0.01599907875061035, 4878
0.01599907875061035, 4877
0.01599907875061035, 4876
0.01599907875061035, 4875
0.01599907875061035, 4874
0.01599907875061035, 4873
0.01599907875061035, 4872
0.01599907875061035, 4871
0.01599907875061035, 4870
0.01599907875061035, 4869
0.01599907875061035, 4868
0.01599907875061035, 4867
0.01599907875061035, 4866
0.01599907875061035, 4865
0.01700115203857422, 4864
0.01700115203857422, 4863
0.01700115203857422, 4862
0.01700115203857422, 4861
0.01700115203857422, 4860
0.01700115203857422, 4859
0.01700115203857422, 4858
0.01700115203857422, 4857
0.01700115203857422, 4856
0.01700115203857422, 4855
0.01700115203857422, 4854
0.01700115203857422, 4853
0.01700115203857422, 4852
0.01700115203857422, 4851
0.01700115203857422, 4850
0.01700115203857422, 4849
0.01700115203857422, 4848
0.01700115203857422, 4847
0.01700115203857422, 4846
0.01700115203857422, 4845
0.01700115203857422, 4844
0.01700115203857422, 4843
0.01700115203857422, 4842
0.01700115203857422, 4841
0.01700115203857422, 4840
0.01700115203857422, 4839
0.01700115203857422, 4838
0.01700115203857422, 4837
0.01700115203857422, 4836
0.01700115203857422, 4835
0.01700115203857422, 4834
0.01700115203857422, 4833
0.01700115203857422, 4832
0.01700115203857422, 4831
0.01700115203857422, 4830
0.01700115203857422, 4829
0.01700115203857422, 4828
0.01700115203857422, 4827
0.01700115203857422, 4826
0.01700115203857422, 4825
0.01700115203857422, 4824
0.01700115203857422, 4823
0.01700115203857422, 4822
0.017997026443481445, 4821
0.017997026443481445, 4820
0.017997026443481445, 4819
0.017997026443481445, 4818
0.017997026443481445, 4817
0.017997026443481445, 4816
0.017997026443481445, 4815
0.017997026443481445, 4814
0.017997026443481445, 4813
0.017997026443481445, 4812
0.017997026443481445, 4811
0.017997026443481445, 4810
0.017997026443481445, 4809
0.017997026443481445, 4808
0.017997026443481445, 4807
0.017997026443481445, 4806
0.017997026443481445, 4805
0.017997026443481445, 4804
0.017997026443481445, 4803
0.017997026443481445, 4802
0.017997026443481445, 4801
0.017997026443481445, 4800
0.017997026443481445, 4799
0.017997026443481445, 4798
0.017997026443481445, 4797
0.017997026443481445, 4796
0.017997026443481445, 4795
0.017997026443481445, 4794
0.017997026443481445, 4793
0.017997026443481445, 4792
0.017997026443481445, 4791
0.017997026443481445, 4790
0.017997026443481445, 4789
0.017997026443481445, 4788
0.017997026443481445, 4787
0.017997026443481445, 4786
0.017997026443481445, 4785
0.017997026443481445, 4784
0.017997026443481445, 4783
0.017997026443481445, 4782
0.017997026443481445, 4781
0.017997026443481445, 4780
0.017997026443481445, 4779
0.018996715545654297, 4778
0.018996715545654297, 4777
0.018996715545654297, 4776
0.018996715545654297, 4775
0.018996715545654297, 4774
0.018996715545654297, 4773
0.018996715545654297, 4772
0.018996715545654297, 4771
0.018996715545654297, 4770
0.018996715545654297, 4769
0.018996715545654297, 4768
0.018996715545654297, 4767
0.018996715545654297, 4766
0.018996715545654297, 4765
0.018996715545654297, 4764
0.018996715545654297, 4763
0.018996715545654297, 4762
0.018996715545654297, 4761
0.018996715545654297, 4760
0.018996715545654297, 4759
0.018996715545654297, 4758
0.018996715545654297, 4757
0.018996715545654297, 4756
0.018996715545654297, 4755
0.018996715545654297, 4754
0.018996715545654297, 4753
0.018996715545654297, 4752
0.018996715545654297, 4751
0.018996715545654297, 4750
0.018996715545654297, 4749
0.018996715545654297, 4748
0.018996715545654297, 4747
0.018996715545654297, 4746
0.018996715545654297, 4745
0.018996715545654297, 4744
0.018996715545654297, 4743
0.018996715545654297, 4742
0.018996715545654297, 4741
0.018996715545654297, 4740
0.018996715545654297, 4739
0.018996715545654297, 4738
0.018996715545654297, 4737
0.01999664306640625, 4736
0.01999664306640625, 4735
0.01999664306640625, 4734
0.01999664306640625, 4733
0.01999664306640625, 4732
0.01999664306640625, 4731
0.01999664306640625, 4730
0.01999664306640625, 4729
0.01999664306640625, 4728
0.01999664306640625, 4727
0.01999664306640625, 4726
0.01999664306640625, 4725
0.01999664306640625, 4724
0.01999664306640625, 4723
0.01999664306640625, 4722
0.01999664306640625, 4721
0.01999664306640625, 4720
0.01999664306640625, 4719
0.01999664306640625, 4718
0.01999664306640625, 4717
0.01999664306640625, 4716
0.01999664306640625, 4715
0.01999664306640625, 4714
0.01999664306640625, 4713
0.01999664306640625, 4712
0.01999664306640625, 4711
0.01999664306640625, 4710
0.01999664306640625, 4709
0.01999664306640625, 4708
0.01999664306640625, 4707
0.01999664306640625, 4706
0.01999664306640625, 4705
0.01999664306640625, 4704
0.01999664306640625, 4703
0.01999664306640625, 4702
0.01999664306640625, 4701
0.01999664306640625, 4700
0.01999664306640625, 4699
0.01999664306640625, 4698
0.01999664306640625, 4697
0.01999664306640625, 4696
0.01999664306640625, 4695
0.01999664306640625, 4694
0.0209963321685791, 4693
0.0209963321685791, 4692
0.0209963321685791, 4691
0.0209963321685791, 4690
0.0209963321685791, 4689
0.0209963321685791, 4688
0.0209963321685791, 4687
0.0209963321685791, 4686
0.0209963321685791, 4685
0.0209963321685791, 4684
0.0209963321685791, 4683
0.0209963321685791, 4682
0.0209963321685791, 4681
0.0209963321685791, 4680
0.0209963321685791, 4679
0.0209963321685791, 4678
0.0209963321685791, 4677
0.0209963321685791, 4676
0.0209963321685791, 4675
0.0209963321685791, 4674
0.0209963321685791, 4673
0.0209963321685791, 4672
0.0209963321685791, 4671
0.0209963321685791, 4670
0.0209963321685791, 4669
0.0209963321685791, 4668
0.0209963321685791, 4667
0.0209963321685791, 4666
0.0209963321685791, 4665
0.0209963321685791, 4664
0.0209963321685791, 4663
0.0209963321685791, 4662
0.0209963321685791, 4661
0.0209963321685791, 4660
0.0209963321685791, 4659
0.0209963321685791, 4658
0.0209963321685791, 4657
0.0209963321685791, 4656
0.0209963321685791, 4655
0.0209963321685791, 4654
0.0209963321685791, 4653
0.0209963321685791, 4652
0.0209963321685791, 4651
0.0209963321685791, 4650
0.021996498107910156, 4649
0.021996498107910156, 4648
0.021996498107910156, 4647
0.021996498107910156, 4646
0.021996498107910156, 4645
0.021996498107910156, 4644
0.021996498107910156, 4643
0.021996498107910156, 4642
0.021996498107910156, 4641
0.021996498107910156, 4640
0.021996498107910156, 4639
0.021996498107910156, 4638
0.021996498107910156, 4637
0.021996498107910156, 4636
0.021996498107910156, 4635
0.021996498107910156, 4634
0.021996498107910156, 4633
0.021996498107910156, 4632
0.021996498107910156, 4631
0.09705233573913574, 3219
0.09705233573913574, 3218
0.09705233573913574, 3217
0.09705233573913574, 3216
0.09705233573913574, 3215
0.09705233573913574, 3214
0.09705233573913574, 3213
0.09705233573913574, 3212
0.09705233573913574, 3211
0.09705233573913574, 3210
0.09705233573913574, 3209
0.09705233573913574, 3208
0.09705233573913574, 3207
0.09705233573913574, 3206
0.09705233573913574, 3205
0.09705233573913574, 3204
0.09705233573913574, 3203
0.09705233573913574, 3202
0.09705233573913574, 3201
0.12505197525024414, 3200
0.12505197525024414, 3199
0.12505197525024414, 3198
0.12505197525024414, 3197
0.12505197525024414, 3196
0.12505197525024414, 3195
0.12505197525024414, 3194
0.12505197525024414, 3193
0.12505197525024414, 3192
0.12505197525024414, 3191
0.12505197525024414, 3190
0.12505197525024414, 3189
0.12505197525024414, 3188
0.12505197525024414, 3187
0.12505197525024414, 3186
0.12505197525024414, 3185
0.12505197525024414, 3184
0.12505197525024414, 3183
0.12505197525024414, 3182
0.1260533332824707, 3181
0.1260533332824707, 3180
0.1260533332824707, 3179
0.1260533332824707, 3178
0.1260533332824707, 3177
0.1260533332824707, 3176
0.1260533332824707, 3175
0.1260533332824707, 3174
0.1260533332824707, 3173
0.1260533332824707, 3172
0.1260533332824707, 3171
0.12705111503601074, 3170
0.12705111503601074, 3169
0.12705111503601074, 3168
0.12705111503601074, 3167
0.12705111503601074, 3166
0.12705111503601074, 3165
0.12705111503601074, 3164
0.12705111503601074, 3163
0.12705111503601074, 3162
0.12705111503601074, 3161
0.12705111503601074, 3160
0.12705111503601074, 3159
0.12705111503601074, 3158
0.12705111503601074, 3157
0.12705111503601074, 3156
0.12705111503601074, 3155
0.12705111503601074, 3154
0.12705111503601074, 3153
0.12705111503601074, 3152
0.12705111503601074, 3151
0.12705111503601074, 3150
0.12705111503601074, 3149
0.12705111503601074, 3148
0.6671352386474609, 3147
0.6671352386474609, 3146
0.6671352386474609, 3145
0.6671352386474609, 3144
0.6671352386474609, 3143
0.6681327819824219, 3142
0.6681327819824219, 3141
0.6681327819824219, 3140
0.6681327819824219, 3139
0.6681327819824219, 3138
0.6681327819824219, 3137
0.717911958694458, 3136
0.717911958694458, 3135
0.717911958694458, 3134
0.717911958694458, 3133
0.717911958694458, 3132
0.717911958694458, 3131
0.717911958694458, 3130
0.717911958694458, 3129
0.717911958694458, 3128
0.717911958694458, 3127
0.717911958694458, 3126
0.717911958694458, 3125
3.7120461463928223, 3124
9.103149890899658, 3123
