0.017038822174072266, 4880
0.017038822174072266, 4879
0.017038822174072266, 4878
0.017038822174072266, 4877
0.017038822174072266, 4876
0.017038822174072266, 4875
0.017038822174072266, 4874
0.017038822174072266, 4873
0.017038822174072266, 4872
0.017038822174072266, 4871
0.017038822174072266, 4870
0.017038822174072266, 4869
0.017038822174072266, 4868
0.017038822174072266, 4867
0.017038822174072266, 4866
0.017038822174072266, 4865
0.017038822174072266, 4864
0.017038822174072266, 4863
0.017038822174072266, 4862
0.017038822174072266, 4861
0.017038822174072266, 4860
0.017038822174072266, 4859
0.017038822174072266, 4858
0.017038822174072266, 4857
0.017038822174072266, 4856
0.017038822174072266, 4855
0.017038822174072266, 4854
0.017038822174072266, 4853
0.017038822174072266, 4852
0.017038822174072266, 4851
0.017038822174072266, 4850
0.017038822174072266, 4849
0.018039226531982422, 4848
0.018039226531982422, 4847
0.018039226531982422, 4846
0.018039226531982422, 4845
0.018039226531982422, 4844
0.018039226531982422, 4843
0.018039226531982422, 4842
0.018039226531982422, 4841
0.018039226531982422, 4840
0.018039226531982422, 4839
0.018039226531982422, 4838
0.018039226531982422, 4837
0.018039226531982422, 4836
0.018039226531982422, 4835
0.018039226531982422, 4834
0.018039226531982422, 4833
0.018039226531982422, 4832
0.018039226531982422, 4831
0.018039226531982422, 4830
0.018039226531982422, 4829
0.018039226531982422, 4828
0.018039226531982422, 4827
0.018039226531982422, 4826
0.018039226531982422, 4825
0.018039226531982422, 4824
0.018039226531982422, 4823
0.018039226531982422, 4822
0.018039226531982422, 4821
0.018039226531982422, 4820
0.018039226531982422, 4819
0.018039226531982422, 4818
0.018039226531982422, 4817
0.018039226531982422, 4816
0.018039226531982422, 4815
0.018039226531982422, 4814
0.018039226531982422, 4813
0.018039226531982422, 4812
0.018039226531982422, 4811
0.018039226531982422, 4810
0.018039226531982422, 4809
0.018039226531982422, 4808
0.018039226531982422, 4807
0.018039226531982422, 4806
0.018039226531982422, 4805
0.019038915634155273, 4804
0.019038915634155273, 4803
0.019038915634155273, 4802
0.019038915634155273, 4801
0.019038915634155273, 4800
0.019038915634155273, 4799
0.019038915634155273, 4798
0.019038915634155273, 4797
0.019038915634155273, 4796
0.019038915634155273, 4795
0.019038915634155273, 4794
0.019038915634155273, 4793
0.019038915634155273, 4792
0.019038915634155273, 4791
0.019038915634155273, 4790
0.019038915634155273, 4789
0.019038915634155273, 4788
0.019038915634155273, 4787
0.019038915634155273, 4786
0.019038915634155273, 4785
0.019038915634155273, 4784
0.019038915634155273, 4783
0.019038915634155273, 4782
0.019038915634155273, 4781
0.019038915634155273, 4780
0.019038915634155273, 4779
0.019038915634155273, 4778
0.019038915634155273, 4777
0.019038915634155273, 4776
0.019038915634155273, 4775
0.019038915634155273, 4774
0.019038915634155273, 4773
0.019038915634155273, 4772
0.019038915634155273, 4771
0.019038915634155273, 4770
0.019038915634155273, 4769
0.019038915634155273, 4768
0.019038915634155273, 4767
0.019038915634155273, 4766
0.019038915634155273, 4765
0.019038915634155273, 4764
0.019038915634155273, 4763
0.019038915634155273, 4762
0.019038915634155273, 4761
0.019038915634155273, 4760
0.019038915634155273, 4759
0.02003931999206543, 4758
0.02003931999206543, 4757
0.02003931999206543, 4756
0.02003931999206543, 4755
0.03003859519958496, 3428
0.03003859519958496, 3427
0.03003859519958496, 3426
0.03003859519958496, 3425
0.03003859519958496, 3424
0.03003859519958496, 3423
0.03003859519958496, 3422
0.03003859519958496, 3421
0.03003859519958496, 3420
0.031038761138916016, 3419
0.031038761138916016, 3418
0.03111124038696289, 3417
0.03111124038696289, 3416
0.03111124038696289, 3415
0.03111124038696289, 3414
0.03111124038696289, 3413
0.03111124038696289, 3412
0.03111124038696289, 3411
0.03111124038696289, 3410
0.03111124038696289, 3409
0.03111124038696289, 3408
0.03111124038696289, 3407
0.03111124038696289, 3406
0.03111124038696289, 3405
0.03111124038696289, 3404
0.03111124038696289, 3403
0.03111124038696289, 3402
0.03111124038696289, 3401
0.03111124038696289, 3400
0.03111124038696289, 3399
0.03111124038696289, 3398
0.03203892707824707, 3397
0.03203892707824707, 3396
0.03203892707824707, 3395
0.03203892707824707, 3394
0.03203892707824707, 3393
0.03203892707824707, 3392
0.03203892707824707, 3391
0.03203892707824707, 3390
0.03203892707824707, 3389
0.03203892707824707, 3388
0.03203892707824707, 3387
0.03203892707824707, 3386
0.03203892707824707, 3385
0.03303837776184082, 3384
0.03303837776184082, 3383
0.03303837776184082, 3382
0.03303837776184082, 3381
0.03303837776184082, 3380
0.03303837776184082, 3379
0.03303837776184082, 3378
0.03303837776184082, 3377
0.03303837776184082, 3376
0.03303837776184082, 3375
0.03303837776184082, 3374
0.03303837776184082, 3373
0.03303837776184082, 3372
0.03303837776184082, 3371
0.03303837776184082, 3370
0.03303837776184082, 3369
0.03303837776184082, 3368
0.03303837776184082, 3367
0.03303837776184082, 3366
0.03303837776184082, 3365
0.03303837776184082, 3364
0.03303837776184082, 3363
0.03303837776184082, 3362
0.03303837776184082, 3361
0.03303837776184082, 3360
0.03303837776184082, 3359
0.03303837776184082, 3358
0.03303837776184082, 3357
0.034041404724121094, 3356
0.034041404724121094, 3355
0.034041404724121094, 3354
0.034041404724121094, 3353
0.034041404724121094, 3352
0.034041404724121094, 3351
0.034041404724121094, 3350
0.034041404724121094, 3349
0.034041404724121094, 3348
0.034041404724121094, 3347
0.034041404724121094, 3346
0.034041404724121094, 3345
0.034041404724121094, 3344
0.034041404724121094, 3343
0.03503870964050293, 3342
0.03503870964050293, 3341
0.03503870964050293, 3340
0.03503870964050293, 3339
0.03503870964050293, 3338
0.03503870964050293, 3337
0.03503870964050293, 3336
0.03503870964050293, 3335
0.03503870964050293, 3334
0.03503870964050293, 3333
0.03503870964050293, 3332
0.03503870964050293, 3331
0.03503870964050293, 3330
0.03503870964050293, 3329
0.03503870964050293, 3328
0.03503870964050293, 3327
0.03503870964050293, 3326
0.03503870964050293, 3325
0.03503870964050293, 3324
0.03503870964050293, 3323
0.03503870964050293, 3322
0.03503870964050293, 3321
0.03503870964050293, 3320
0.036038875579833984, 3319
0.036038875579833984, 3318
0.036038875579833984, 3317
0.036038875579833984, 3316
0.036038875579833984, 3315
0.036038875579833984, 3314
0.036038875579833984, 3313
0.036038875579833984, 3312
0.036038875579833984, 3311
0.036038875579833984, 3310
0.036038875579833984, 3309
0.036038875579833984, 3308
0.036038875579833984, 3307
0.036038875579833984, 3306
0.036038875579833984, 3305
0.036038875579833984, 3304
0.036038875579833984, 3303
0.036038875579833984, 3302
0.036038875579833984, 3301
0.036038875579833984, 3300
0.036038875579833984, 3299
0.036038875579833984, 3298
0.036038875579833984, 3297
0.036038875579833984, 3296
0.036038875579833984, 3295
0.037039756774902344, 3294
0.037039756774902344, 3293
0.037039756774902344, 3292
0.037039756774902344, 3291
0.037039756774902344, 3290
0.037039756774902344, 3289
0.037039756774902344, 3288
0.037039756774902344, 3287
0.037039756774902344, 3286
0.037039756774902344, 3285
0.037039756774902344, 3284
0.037039756774902344, 3283
0.037039756774902344, 3282
0.037039756774902344, 3281
0.037039756774902344, 3280
0.037039756774902344, 3279
0.037039756774902344, 3278
0.037039756774902344, 3277
0.037039756774902344, 3276
0.037039756774902344, 3275
0.037039756774902344, 3274
0.037039756774902344, 3273
0.037039756774902344, 3272
0.037039756774902344, 3271
0.037039756774902344, 3270
0.037039756774902344, 3269
0.037039756774902344, 3268
0.037039756774902344, 3267
0.037039756774902344, 3266
0.037039756774902344, 3265
0.038039445877075195, 3264
0.038039445877075195, 3263
0.038039445877075195, 3262
0.038039445877075195, 3261
0.038039445877075195, 3260
0.038039445877075195, 3259
0.038039445877075195, 3258
0.038039445877075195, 3257
0.038039445877075195, 3256
0.038039445877075195, 3255
0.038039445877075195, 3254
0.038039445877075195, 3253
0.038039445877075195, 3252
0.038039445877075195, 3251
0.038039445877075195, 3250
0.038039445877075195, 3249
0.038039445877075195, 3248
0.038039445877075195, 3247
0.038039445877075195, 3246
0.038039445877075195, 3245
0.038039445877075195, 3244
0.038039445877075195, 3243
0.038039445877075195, 3242
0.038039445877075195, 3241
0.038039445877075195, 3240
0.038039445877075195, 3239
0.038039445877075195, 3238
0.038039445877075195, 3237
0.038039445877075195, 3236
0.038039445877075195, 3235
0.038039445877075195, 3234
0.038039445877075195, 3233
0.038039445877075195, 3232
0.039038658142089844, 3231
0.039038658142089844, 3230
0.039038658142089844, 3229
0.039038658142089844, 3228
0.039038658142089844, 3227
0.039038658142089844, 3226
0.039038658142089844, 3225
0.039038658142089844, 3224
0.039038658142089844, 3223
0.039038658142089844, 3222
0.039038658142089844, 3221
0.039038658142089844, 3220
0.039038658142089844, 3219
0.039038658142089844, 3218
0.039038658142089844, 3217
0.039038658142089844, 3216
0.039038658142089844, 3215
0.039038658142089844, 3214
0.039038658142089844, 3213
0.039038658142089844, 3212
0.039038658142089844, 3211
0.039038658142089844, 3210
0.039038658142089844, 3209
0.039038658142089844, 3208
0.039038658142089844, 3207
0.039038658142089844, 3206
0.039038658142089844, 3205
0.039038658142089844, 3204
0.039038658142089844, 3203
0.039038658142089844, 3202
0.039038658142089844, 3201
0.0400388240814209, 3200
0.0400388240814209, 3199
0.0400388240814209, 3198
0.0400388240814209, 3197
0.0400388240814209, 3196
0.0400388240814209, 3195
0.0400388240814209, 3194
0.0400388240814209, 3193
0.0400388240814209, 3192
0.0400388240814209, 3191
0.0400388240814209, 3190
0.0400388240814209, 3189
0.0400388240814209, 3188
0.0400388240814209, 3187
0.0400388240814209, 3186
0.0400388240814209, 3185
0.0400388240814209, 3184
0.0400388240814209, 3183
0.0400388240814209, 3182
0.0400388240814209, 3181
0.0400388240814209, 3180
0.0400388240814209, 3179
0.0400388240814209, 3178
0.0400388240814209, 3177
0.0400388240814209, 3176
0.0400388240814209, 3175
0.0400388240814209, 3174
0.0400388240814209, 3173
0.0400388240814209, 3172
0.0400388240814209, 3171
0.0400388240814209, 3170
0.14184188842773438, 3169
0.14184188842773438, 3168
0.14184188842773438, 3167
0.14184188842773438, 3166
0.14184188842773438, 3165
0.14184188842773438, 3164
0.14184188842773438, 3163
0.14184188842773438, 3162
0.14284253120422363, 3161
0.14284253120422363, 3160
0.14284253120422363, 3159
0.14284253120422363, 3158
0.14284253120422363, 3157
0.14284253120422363, 3156
0.14284253120422363, 3155
0.14284253120422363, 3154
0.14284253120422363, 3153
0.14284253120422363, 3152
0.14284253120422363, 3151
0.14284253120422363, 3150
0.14284253120422363, 3149
0.14284253120422363, 3148
0.14284253120422363, 3147
0.14284253120422363, 3146
0.14284253120422363, 3145
0.14284253120422363, 3144
0.14284253120422363, 3143
0.14284253120422363, 3142
0.14284253120422363, 3141
0.14284253120422363, 3140
0.14284253120422363, 3139
0.14284253120422363, 3138
0.14284253120422363, 3137
0.14284253120422363, 3136
0.14284253120422363, 3135
0.14284253120422363, 3134
0.14284253120422363, 3133
2.653231382369995, 3132
2.653231382369995, 3131
2.653231382369995, 3130
2.653231382369995, 3129
2.653231382369995, 3128
2.653231382369995, 3127
2.653231382369995, 3126
2.653231382369995, 3125
3.581033706665039, 3124
3.581033706665039, 3123
5.991637229919434, 3122
5.991637229919434, 3121
9.90953540802002, 3120
9.90953540802002, 3119
9.90953540802002, 3118
9.90953540802002, 3117
9.90953540802002, 3116
