0.020923137664794922, 4864
0.020923137664794922, 4863
0.020923137664794922, 4862
0.020923137664794922, 4861
0.020923137664794922, 4860
0.020923137664794922, 4859
0.020923137664794922, 4858
0.020923137664794922, 4857
0.020923137664794922, 4856
0.020923137664794922, 4855
0.020923137664794922, 4854
0.020923137664794922, 4853
0.020923137664794922, 4852
0.020923137664794922, 4851
0.020923137664794922, 4850
0.020923137664794922, 4849
0.020923137664794922, 4848
0.020923137664794922, 4847
0.020923137664794922, 4846
0.020923137664794922, 4845
0.020923137664794922, 4844
0.020923137664794922, 4843
0.020923137664794922, 4842
0.020923137664794922, 4841
0.020923137664794922, 4840
0.020923137664794922, 4839
0.020923137664794922, 4838
0.020923137664794922, 4837
0.021922588348388672, 4836
0.021922588348388672, 4835
0.021922588348388672, 4834
0.021922588348388672, 4833
0.021922588348388672, 4832
0.021922588348388672, 4831
0.021922588348388672, 4830
0.021922588348388672, 4829
0.021922588348388672, 4828
0.021922588348388672, 4827
0.021922588348388672, 4826
0.021922588348388672, 4825
0.021922588348388672, 4824
0.021922588348388672, 4823
0.021922588348388672, 4822
0.021922588348388672, 4821
0.021922588348388672, 4820
0.021922588348388672, 4819
0.021922588348388672, 4818
0.021922588348388672, 4817
0.021922588348388672, 4816
0.021922588348388672, 4815
0.021922588348388672, 4814
0.021922588348388672, 4813
0.021922588348388672, 4812
0.021922588348388672, 4811
0.021922588348388672, 4810
0.021922588348388672, 4809
0.021922588348388672, 4808
0.021922588348388672, 4807
0.021922588348388672, 4806
0.021922588348388672, 4805
0.021922588348388672, 4804
0.021922588348388672, 4803
0.021922588348388672, 4802
0.021922588348388672, 4801
0.021922588348388672, 4800
0.021922588348388672, 4799
0.021922588348388672, 4798
0.021922588348388672, 4797
0.021922588348388672, 4796
0.021922588348388672, 4795
0.02295088768005371, 4794
0.02295088768005371, 4793
0.02295088768005371, 4792
0.02295088768005371, 4791
0.02295088768005371, 4790
0.02295088768005371, 4789
0.02295088768005371, 4788
0.02295088768005371, 4787
0.02295088768005371, 4786
0.02295088768005371, 4785
0.02295088768005371, 4784
0.02295088768005371, 4783
0.02295088768005371, 4782
0.02295088768005371, 4781
0.02295088768005371, 4780
0.02295088768005371, 4779
0.02295088768005371, 4778
0.02295088768005371, 4777
0.02295088768005371, 4776
0.02295088768005371, 4775
0.02295088768005371, 4774
0.02295088768005371, 4773
0.02295088768005371, 4772
0.02295088768005371, 4771
0.02295088768005371, 4770
0.02295088768005371, 4769
0.02295088768005371, 4768
0.02295088768005371, 4767
0.02295088768005371, 4766
0.02295088768005371, 4765
0.02295088768005371, 4764
0.02295088768005371, 4763
0.02295088768005371, 4762
0.02295088768005371, 4761
0.02295088768005371, 4760
0.02295088768005371, 4759
0.02295088768005371, 4758
0.02295088768005371, 4757
0.02295088768005371, 4756
0.051979780197143555, 4755
0.051979780197143555, 4754
0.051979780197143555, 4753
0.051979780197143555, 4752
0.051979780197143555, 4751
0.051979780197143555, 4750
0.051979780197143555, 4749
0.051979780197143555, 4748
0.051979780197143555, 4747
0.051979780197143555, 4746
0.051979780197143555, 4745
0.05297970771789551, 4744
0.05297970771789551, 4743
0.05297970771789551, 4742
0.05297970771789551, 4741
0.05297970771789551, 4740
0.05297970771789551, 4739
0.05297970771789551, 4738
0.05297970771789551, 4737
0.05297970771789551, 4736
0.05297970771789551, 4735
0.05297970771789551, 4734
0.05297970771789551, 4733
0.05297970771789551, 4732
0.05297970771789551, 4731
0.05297970771789551, 4730
0.05297970771789551, 4729
0.05297970771789551, 4728
0.05297970771789551, 4727
0.05297970771789551, 4726
0.05297970771789551, 4725
0.05297970771789551, 4724
0.05297970771789551, 4723
0.05297970771789551, 4722
0.05297970771789551, 4721
0.05297970771789551, 4720
0.05297970771789551, 4719
0.05397987365722656, 4718
0.05397987365722656, 4717
0.05397987365722656, 4716
0.05397987365722656, 4715
0.05397987365722656, 4714
0.05397987365722656, 4713
0.05397987365722656, 4712
0.05397987365722656, 4711
0.05397987365722656, 4710
0.05397987365722656, 4709
0.05397987365722656, 4708
0.05397987365722656, 4707
0.05397987365722656, 4706
0.05397987365722656, 4705
0.05397987365722656, 4704
0.05397987365722656, 4703
0.05397987365722656, 4702
0.05397987365722656, 4701
0.05397987365722656, 4700
0.05397987365722656, 4699
0.08214116096496582, 4698
0.08214116096496582, 4697
0.08214116096496582, 4696
0.08214116096496582, 4695
0.08214116096496582, 4694
0.08214116096496582, 4693
0.08214116096496582, 4692
0.08214116096496582, 4691
0.08214116096496582, 4690
0.08214116096496582, 4689
0.08214116096496582, 4688
0.08214116096496582, 4687
0.08214116096496582, 4686
0.08214116096496582, 4685
0.08214116096496582, 4684
0.08214116096496582, 4683
0.08214116096496582, 4682
0.08214116096496582, 4681
0.08314180374145508, 4680
0.08314180374145508, 4679
0.08314180374145508, 4678
0.08314180374145508, 4677
0.08314180374145508, 4676
0.08314180374145508, 4675
0.08314180374145508, 4674
0.08314180374145508, 4673
0.08314180374145508, 4672
0.08314180374145508, 4671
0.08314180374145508, 4670
0.08314180374145508, 4669
0.08314180374145508, 4668
0.08314180374145508, 4667
0.08314180374145508, 4666
0.08314180374145508, 4665
0.08314180374145508, 4664
0.08314180374145508, 4663
0.08314180374145508, 4662
0.08314180374145508, 4661
0.08314180374145508, 4660
0.08314180374145508, 4659
0.08314180374145508, 4658
0.08314180374145508, 4657
0.08314180374145508, 4656
0.08314180374145508, 4655
0.08414125442504883, 4654
0.08414125442504883, 4653
0.08414125442504883, 4652
0.08414125442504883, 4651
0.08414125442504883, 4650
0.08414125442504883, 4649
0.08414125442504883, 4648
0.08414125442504883, 4647
0.08414125442504883, 4646
0.08414125442504883, 4645
0.08414125442504883, 4644
0.08414125442504883, 4643
0.08414125442504883, 4642
0.08414125442504883, 4641
0.08414125442504883, 4640
0.08414125442504883, 4639
0.08414125442504883, 4638
0.08414125442504883, 4637
0.08414125442504883, 4636
0.08414125442504883, 4635
0.08414125442504883, 4634
0.08414125442504883, 4633
0.08414125442504883, 4632
0.08414125442504883, 4631
0.08414125442504883, 4630
0.08414125442504883, 4629
0.08514165878295898, 4628
0.08514165878295898, 4627
0.08514165878295898, 4626
0.08514165878295898, 4625
0.08514165878295898, 4624
0.08514165878295898, 4623
0.08514165878295898, 4622
0.08514165878295898, 4621
0.08514165878295898, 4620
0.08547854423522949, 4619
0.08547854423522949, 4618
0.08547854423522949, 4617
0.08547854423522949, 4616
0.08547854423522949, 4615
0.08547854423522949, 4614
0.08547854423522949, 4613
0.08547854423522949, 4612
0.08547854423522949, 4611
0.08547854423522949, 4610
0.08547854423522949, 4609
0.08547854423522949, 4608
0.08547854423522949, 4607
0.08547854423522949, 4606
0.08547854423522949, 4605
0.08547854423522949, 4604
0.08547854423522949, 4603
0.08614134788513184, 4602
0.08614134788513184, 4601
0.08614134788513184, 4600
0.08614134788513184, 4599
0.08614134788513184, 4598
0.1021428108215332, 3344
0.1021428108215332, 3343
0.1021428108215332, 3342
0.1021428108215332, 3341
0.1021428108215332, 3340
0.1021428108215332, 3339
0.1021428108215332, 3338
0.1021428108215332, 3337
0.1021428108215332, 3336
0.1021428108215332, 3335
0.1021428108215332, 3334
0.1021428108215332, 3333
0.1021428108215332, 3332
0.10319113731384277, 3331
0.10319113731384277, 3330
0.10319113731384277, 3329
0.10319113731384277, 3328
0.10319113731384277, 3327
0.10319113731384277, 3326
0.10319113731384277, 3325
0.10319113731384277, 3324
0.10319113731384277, 3323
0.10319113731384277, 3322
0.10319113731384277, 3321
0.10319113731384277, 3320
0.10319113731384277, 3319
0.10319113731384277, 3318
0.10319113731384277, 3317
0.10319113731384277, 3316
0.10319113731384277, 3315
0.10319113731384277, 3314
0.10319113731384277, 3313
0.10319113731384277, 3312
0.10319113731384277, 3311
0.10319113731384277, 3310
0.10419058799743652, 3309
0.10419058799743652, 3308
0.10419058799743652, 3307
0.10419058799743652, 3306
0.10419058799743652, 3305
0.10419058799743652, 3304
0.10419058799743652, 3303
0.10419058799743652, 3302
0.10419058799743652, 3301
0.10419058799743652, 3300
0.10419058799743652, 3299
0.10419058799743652, 3298
0.10419058799743652, 3297
0.10419058799743652, 3296
0.10419058799743652, 3295
0.10419058799743652, 3294
0.10419058799743652, 3293
0.10419058799743652, 3292
0.10419058799743652, 3291
0.10419058799743652, 3290
0.10419058799743652, 3289
0.10519027709960938, 3288
0.10519027709960938, 3287
0.10519027709960938, 3286
0.10519027709960938, 3285
0.10519027709960938, 3284
0.10519027709960938, 3283
0.10519027709960938, 3282
0.10519027709960938, 3281
0.10519027709960938, 3280
0.10519027709960938, 3279
0.10519027709960938, 3278
0.10519027709960938, 3277
0.10519027709960938, 3276
0.10519027709960938, 3275
0.10519027709960938, 3274
0.10519027709960938, 3273
0.10519027709960938, 3272
0.10519027709960938, 3271
0.10519027709960938, 3270
0.10519027709960938, 3269
0.10619139671325684, 3268
0.10619139671325684, 3267
0.10619139671325684, 3266
0.10619139671325684, 3265
0.10619139671325684, 3264
0.10619139671325684, 3263
0.10619139671325684, 3262
0.10619139671325684, 3261
0.10619139671325684, 3260
0.10619139671325684, 3259
0.10619139671325684, 3258
0.10619139671325684, 3257
0.10619139671325684, 3256
0.10619139671325684, 3255
0.10619139671325684, 3254
0.10619139671325684, 3253
0.10619139671325684, 3252
0.10619139671325684, 3251
0.10619139671325684, 3250
0.10619139671325684, 3249
0.10619139671325684, 3248
0.10619139671325684, 3247
0.10619139671325684, 3246
0.10719013214111328, 3245
0.10719013214111328, 3244
0.10719013214111328, 3243
0.10719013214111328, 3242
0.10719013214111328, 3241
0.10719013214111328, 3240
0.10719013214111328, 3239
0.10719013214111328, 3238
0.10719013214111328, 3237
0.10719013214111328, 3236
0.10719013214111328, 3235
0.1075754165649414, 3234
0.1075754165649414, 3233
0.1075754165649414, 3232
0.1075754165649414, 3231
0.1075754165649414, 3230
0.1075754165649414, 3229
0.1075754165649414, 3228
0.1075754165649414, 3227
0.1075754165649414, 3226
0.1075754165649414, 3225
0.10819029808044434, 3224
0.10819029808044434, 3223
0.10819029808044434, 3222
0.10819029808044434, 3221
0.10819029808044434, 3220
0.10819029808044434, 3219
0.10819029808044434, 3218
0.10819029808044434, 3217
0.10819029808044434, 3216
0.10819029808044434, 3215
0.10819029808044434, 3214
0.10819029808044434, 3213
0.10819029808044434, 3212
0.10819029808044434, 3211
0.10819029808044434, 3210
0.10819029808044434, 3209
0.10819029808044434, 3208
0.10819029808044434, 3207
0.10819029808044434, 3206
0.10819029808044434, 3205
0.1091909408569336, 3204
0.1091909408569336, 3203
0.1091909408569336, 3202
0.1091909408569336, 3201
0.1091909408569336, 3200
0.1091909408569336, 3199
0.1091909408569336, 3198
0.1091909408569336, 3197
0.1091909408569336, 3196
0.1091909408569336, 3195
0.1091909408569336, 3194
0.1091909408569336, 3193
0.1091909408569336, 3192
0.1091909408569336, 3191
0.1091909408569336, 3190
0.1091909408569336, 3189
0.1091909408569336, 3188
0.1091909408569336, 3187
0.1091909408569336, 3186
0.1091909408569336, 3185
0.1091909408569336, 3184
0.1091909408569336, 3183
0.1091909408569336, 3182
0.11018991470336914, 3181
0.11018991470336914, 3180
0.11018991470336914, 3179
0.11018991470336914, 3178
0.11018991470336914, 3177
0.5171191692352295, 3176
0.5171191692352295, 3175
0.5181176662445068, 3174
0.5181176662445068, 3173
0.5181176662445068, 3172
0.5181176662445068, 3171
0.5181176662445068, 3170
0.5181176662445068, 3169
0.5181176662445068, 3168
0.5181176662445068, 3167
0.5181176662445068, 3166
0.5181176662445068, 3165
0.5181176662445068, 3164
0.5181176662445068, 3163
0.5191168785095215, 3162
0.5191168785095215, 3161
0.5191168785095215, 3160
0.5191168785095215, 3159
0.5191168785095215, 3158
0.5191168785095215, 3157
0.5191168785095215, 3156
0.5191168785095215, 3155
0.5191168785095215, 3154
0.5191168785095215, 3153
0.5191168785095215, 3152
0.5191168785095215, 3151
0.5191168785095215, 3150
0.5191168785095215, 3149
0.5191168785095215, 3148
0.5191168785095215, 3147
0.783087968826294, 3146
0.783087968826294, 3145
0.783087968826294, 3144
0.783087968826294, 3143
1.6669390201568604, 3142
1.6669390201568604, 3141
1.6669390201568604, 3140
1.6669390201568604, 3139
1.6669390201568604, 3138
1.6669390201568604, 3137
1.6669390201568604, 3136
1.6669390201568604, 3135
1.6669390201568604, 3134
1.6669390201568604, 3133
1.6679394245147705, 3132
1.6679394245147705, 3131
1.6679394245147705, 3130
1.6679394245147705, 3129
1.6679394245147705, 3128
5.353184461593628, 3127
5.353184461593628, 3126
5.353184461593628, 3125
5.353184461593628, 3124
5.353184461593628, 3123
7.511050224304199, 3122
7.511050224304199, 3121
7.511050224304199, 3120
7.511050224304199, 3119
7.511050224304199, 3118
7.511050224304199, 3117
