0.018024444580078125, 4912
0.018024444580078125, 4911
0.018024444580078125, 4910
0.018024444580078125, 4909
0.018024444580078125, 4908
0.018024444580078125, 4907
0.018024444580078125, 4906
0.018024444580078125, 4905
0.018024444580078125, 4904
0.018024444580078125, 4903
0.018024444580078125, 4902
0.018024444580078125, 4901
0.018024444580078125, 4900
0.018024444580078125, 4899
0.018024444580078125, 4898
0.018024444580078125, 4897
0.018024444580078125, 4896
0.01902604103088379, 4895
0.01902604103088379, 4894
0.01902604103088379, 4893
0.01902604103088379, 4892
0.01902604103088379, 4891
0.01902604103088379, 4890
0.01902604103088379, 4889
0.01902604103088379, 4888
0.01902604103088379, 4887
0.01902604103088379, 4886
0.01902604103088379, 4885
0.01902604103088379, 4884
0.01902604103088379, 4883
0.01902604103088379, 4882
0.01902604103088379, 4881
0.01902604103088379, 4880
0.01902604103088379, 4879
0.01902604103088379, 4878
0.01902604103088379, 4877
0.01902604103088379, 4876
0.01902604103088379, 4875
0.01902604103088379, 4874
0.01902604103088379, 4873
0.01902604103088379, 4872
0.01902604103088379, 4871
0.01902604103088379, 4870
0.01902604103088379, 4869
0.01902604103088379, 4868
0.01902604103088379, 4867
0.01902604103088379, 4866
0.01902604103088379, 4865
0.01902604103088379, 4864
0.01902604103088379, 4863
0.01902604103088379, 4862
0.01902604103088379, 4861
0.01902604103088379, 4860
0.01902604103088379, 4859
0.01902604103088379, 4858
0.01902604103088379, 4857
0.01902604103088379, 4856
0.01902604103088379, 4855
0.01902604103088379, 4854
0.01902604103088379, 4853
0.01902604103088379, 4852
0.020024776458740234, 4851
0.020024776458740234, 4850
0.020024776458740234, 4849
0.020024776458740234, 4848
0.020024776458740234, 4847
0.020024776458740234, 4846
0.020024776458740234, 4845
0.020024776458740234, 4844
0.020024776458740234, 4843
0.020024776458740234, 4842
0.020024776458740234, 4841
0.020024776458740234, 4840
0.020024776458740234, 4839
0.020024776458740234, 4838
0.020024776458740234, 4837
0.020024776458740234, 4836
0.020024776458740234, 4835
0.020024776458740234, 4834
0.020024776458740234, 4833
0.020024776458740234, 4832
0.020024776458740234, 4831
0.020024776458740234, 4830
0.020024776458740234, 4829
0.020024776458740234, 4828
0.020024776458740234, 4827
0.020024776458740234, 4826
0.020024776458740234, 4825
0.020024776458740234, 4824
0.020024776458740234, 4823
0.020024776458740234, 4822
0.020024776458740234, 4821
0.020024776458740234, 4820
0.020024776458740234, 4819
0.020024776458740234, 4818
0.020024776458740234, 4817
0.020024776458740234, 4816
0.020024776458740234, 4815
0.020024776458740234, 4814
0.020024776458740234, 4813
0.020024776458740234, 4812
0.020024776458740234, 4811
0.020024776458740234, 4810
0.020024776458740234, 4809
0.020024776458740234, 4808
0.020024776458740234, 4807
0.02102494239807129, 4806
0.02102494239807129, 4805
0.02102494239807129, 4804
0.02102494239807129, 4803
0.02102494239807129, 4802
0.02102494239807129, 4801
0.02102494239807129, 4800
0.02102494239807129, 4799
0.02102494239807129, 4798
0.02102494239807129, 4797
0.02102494239807129, 4796
0.02102494239807129, 4795
0.02102494239807129, 4794
0.02102494239807129, 4793
0.02102494239807129, 4792
0.02102494239807129, 4791
0.02102494239807129, 4790
0.02102494239807129, 4789
0.02102494239807129, 4788
0.02102494239807129, 4787
0.02102494239807129, 4786
0.02102494239807129, 4785
0.02102494239807129, 4784
0.02102494239807129, 4783
0.02102494239807129, 4782
0.02102494239807129, 4781
0.02102494239807129, 4780
0.02102494239807129, 4779
0.02102494239807129, 4778
0.02102494239807129, 4777
0.02102494239807129, 4776
0.02102494239807129, 4775
0.02102494239807129, 4774
0.02102494239807129, 4773
0.02102494239807129, 4772
0.02102494239807129, 4771
0.02102494239807129, 4770
0.02102494239807129, 4769
0.02102494239807129, 4768
0.02102494239807129, 4767
0.02102494239807129, 4766
0.02102494239807129, 4765
0.02102494239807129, 4764
0.02102494239807129, 4763
0.02102494239807129, 4762
0.022025346755981445, 4761
0.022025346755981445, 4760
0.022025346755981445, 4759
0.022025346755981445, 4758
0.022025346755981445, 4757
0.022025346755981445, 4756
0.022025346755981445, 4755
0.022025346755981445, 4754
0.022025346755981445, 4753
0.022025346755981445, 4752
0.022025346755981445, 4751
0.022025346755981445, 4750
0.022025346755981445, 4749
0.022025346755981445, 4748
0.022025346755981445, 4747
0.022025346755981445, 4746
0.022025346755981445, 4745
0.022025346755981445, 4744
0.022025346755981445, 4743
0.022025346755981445, 4742
0.022025346755981445, 4741
0.022025346755981445, 4740
0.022025346755981445, 4739
0.022025346755981445, 4738
0.022025346755981445, 4737
0.022025346755981445, 4736
0.022025346755981445, 4735
0.022025346755981445, 4734
0.022025346755981445, 4733
0.022025346755981445, 4732
0.022025346755981445, 4731
0.022025346755981445, 4730
0.022025346755981445, 4729
0.022025346755981445, 4728
0.022025346755981445, 4727
0.022025346755981445, 4726
0.022025346755981445, 4725
0.022025346755981445, 4724
0.022025346755981445, 4723
0.022025346755981445, 4722
0.022025346755981445, 4721
0.022025346755981445, 4720
0.022025346755981445, 4719
0.022025346755981445, 4718
0.023025035858154297, 4717
0.023025035858154297, 4716
0.023025035858154297, 4715
0.023025035858154297, 4714
0.023025035858154297, 4713
0.023025035858154297, 4712
0.023025035858154297, 4711
0.023025035858154297, 4710
0.023025035858154297, 4709
0.023025035858154297, 4708
0.023025035858154297, 4707
0.023025035858154297, 4706
0.023025035858154297, 4705
0.023025035858154297, 4704
0.023025035858154297, 4703
0.023025035858154297, 4702
0.023025035858154297, 4701
0.023025035858154297, 4700
0.023025035858154297, 4699
0.023025035858154297, 4698
0.023025035858154297, 4697
0.023025035858154297, 4696
0.023025035858154297, 4695
0.023025035858154297, 4694
0.023025035858154297, 4693
0.023025035858154297, 4692
0.023025035858154297, 4691
0.023025035858154297, 4690
0.023025035858154297, 4689
0.023025035858154297, 4688
0.023025035858154297, 4687
0.023025035858154297, 4686
0.023025035858154297, 4685
0.023025035858154297, 4684
0.023025035858154297, 4683
0.023025035858154297, 4682
0.023025035858154297, 4681
0.023025035858154297, 4680
0.023025035858154297, 4679
0.023025035858154297, 4678
0.023025035858154297, 4677
0.023025035858154297, 4676
0.023025035858154297, 4675
0.023025035858154297, 4674
0.023025035858154297, 4673
0.024025678634643555, 4672
0.024025678634643555, 4671
0.024025678634643555, 4670
0.024025678634643555, 4669
0.024025678634643555, 4668
0.024025678634643555, 4667
0.024025678634643555, 4666
0.024025678634643555, 4665
0.024025678634643555, 4664
0.024025678634643555, 4663
0.024025678634643555, 4662
0.024025678634643555, 4661
0.024025678634643555, 4660
0.024025678634643555, 4659
0.024025678634643555, 4658
0.024025678634643555, 4657
0.024025678634643555, 4656
0.024025678634643555, 4655
0.024025678634643555, 4654
0.024025678634643555, 4653
0.024025678634643555, 4652
0.024025678634643555, 4651
0.024025678634643555, 4650
0.024025678634643555, 4649
0.024025678634643555, 4648
0.024025678634643555, 4647
0.024025678634643555, 4646
0.024025678634643555, 4645
0.024025678634643555, 4644
0.024025678634643555, 4643
0.024025678634643555, 4642
0.024025678634643555, 4641
0.024025678634643555, 4640
0.024025678634643555, 4639
0.024025678634643555, 4638
0.024025678634643555, 4637
0.024025678634643555, 4636
0.024025678634643555, 4635
0.024025678634643555, 4634
0.024025678634643555, 4633
0.024025678634643555, 4632
0.024025678634643555, 4631
0.024025678634643555, 4630
0.024025678634643555, 4629
0.024025678634643555, 4628
0.025025367736816406, 4627
0.025025367736816406, 4626
0.03754878044128418, 3329
0.03754878044128418, 3328
0.03754878044128418, 3327
0.038126230239868164, 3326
0.038126230239868164, 3325
0.038126230239868164, 3324
0.038126230239868164, 3323
0.038126230239868164, 3322
0.038126230239868164, 3321
0.038126230239868164, 3320
0.038126230239868164, 3319
0.038126230239868164, 3318
0.038126230239868164, 3317
0.03854942321777344, 3316
0.03854942321777344, 3315
0.03854942321777344, 3314
0.03854942321777344, 3313
0.03854942321777344, 3312
0.03854942321777344, 3311
0.03854942321777344, 3310
0.03854942321777344, 3309
0.03854942321777344, 3308
0.03854942321777344, 3307
0.03854942321777344, 3306
0.03854942321777344, 3305
0.03854942321777344, 3304
0.03854942321777344, 3303
0.03854942321777344, 3302
0.03854942321777344, 3301
0.03854942321777344, 3300
0.03854942321777344, 3299
0.03854942321777344, 3298
0.03854942321777344, 3297
0.03854942321777344, 3296
0.03854942321777344, 3295
0.03854942321777344, 3294
0.03854942321777344, 3293
0.039548635482788086, 3292
0.039548635482788086, 3291
0.039548635482788086, 3290
0.039548635482788086, 3289
0.039548635482788086, 3288
0.039548635482788086, 3287
0.039548635482788086, 3286
0.039548635482788086, 3285
0.039548635482788086, 3284
0.039548635482788086, 3283
0.039548635482788086, 3282
0.039548635482788086, 3281
0.04007244110107422, 3280
0.04007244110107422, 3279
0.04007244110107422, 3278
0.04007244110107422, 3277
0.04007244110107422, 3276
0.04007244110107422, 3275
0.04007244110107422, 3274
0.04007244110107422, 3273
0.04007244110107422, 3272
0.04007244110107422, 3271
0.04007244110107422, 3270
0.04007244110107422, 3269
0.04007244110107422, 3268
0.04007244110107422, 3267
0.04007244110107422, 3266
0.04007244110107422, 3265
0.04007244110107422, 3264
0.04007244110107422, 3263
0.04007244110107422, 3262
0.04007244110107422, 3261
0.04007244110107422, 3260
0.04007244110107422, 3259
0.04007244110107422, 3258
0.04007244110107422, 3257
0.04007244110107422, 3256
0.04007244110107422, 3255
0.04107856750488281, 3254
0.04107856750488281, 3253
0.04107856750488281, 3252
0.04107856750488281, 3251
0.04107856750488281, 3250
0.04107856750488281, 3249
0.04107856750488281, 3248
0.04107856750488281, 3247
0.04107856750488281, 3246
0.04107856750488281, 3245
0.04107856750488281, 3244
0.04107856750488281, 3243
0.04107856750488281, 3242
0.04107856750488281, 3241
0.04107856750488281, 3240
0.04107856750488281, 3239
0.04107856750488281, 3238
0.04107856750488281, 3237
0.04107856750488281, 3236
0.04107856750488281, 3235
0.04107856750488281, 3234
0.04107856750488281, 3233
0.04107856750488281, 3232
0.04107856750488281, 3231
0.04107856750488281, 3230
0.04107856750488281, 3229
0.04207801818847656, 3228
0.04207801818847656, 3227
0.04207801818847656, 3226
0.04207801818847656, 3225
0.04207801818847656, 3224
0.04207801818847656, 3223
0.04207801818847656, 3222
0.04207801818847656, 3221
0.04207801818847656, 3220
0.04207801818847656, 3219
0.04207801818847656, 3218
0.04207801818847656, 3217
0.04207801818847656, 3216
0.04207801818847656, 3215
0.04207801818847656, 3214
0.04207801818847656, 3213
0.04207801818847656, 3212
0.04207801818847656, 3211
0.04207801818847656, 3210
0.04207801818847656, 3209
0.04207801818847656, 3208
0.04207801818847656, 3207
0.04207801818847656, 3206
0.04207801818847656, 3205
0.04207801818847656, 3204
0.11788654327392578, 3203
0.11788654327392578, 3202
0.11788654327392578, 3201
0.11788654327392578, 3200
0.11788654327392578, 3199
0.11788654327392578, 3198
0.11788654327392578, 3197
0.11788654327392578, 3196
0.11788654327392578, 3195
0.11788654327392578, 3194
0.11788654327392578, 3193
0.11788654327392578, 3192
0.11788654327392578, 3191
0.11788654327392578, 3190
0.11888670921325684, 3189
0.11888670921325684, 3188
0.11888670921325684, 3187
0.11888670921325684, 3186
0.11888670921325684, 3185
0.11888670921325684, 3184
0.11888670921325684, 3183
0.11888670921325684, 3182
0.11888670921325684, 3181
0.11888670921325684, 3180
0.11888670921325684, 3179
0.11888670921325684, 3178
0.11888670921325684, 3177
0.11888670921325684, 3176
0.11888670921325684, 3175
0.11888670921325684, 3174
0.11888670921325684, 3173
0.11888670921325684, 3172
0.11888670921325684, 3171
0.11888670921325684, 3170
0.11888670921325684, 3169
0.11888670921325684, 3168
0.11888670921325684, 3167
0.11888670921325684, 3166
0.11888670921325684, 3165
0.11888670921325684, 3164
0.11888670921325684, 3163
0.11888670921325684, 3162
0.11888670921325684, 3161
0.11888670921325684, 3160
0.11888670921325684, 3159
0.11888670921325684, 3158
0.11888670921325684, 3157
0.11888670921325684, 3156
0.11888670921325684, 3155
0.11988711357116699, 3154
0.11988711357116699, 3153
0.11988711357116699, 3152
0.11988711357116699, 3151
0.11988711357116699, 3150
0.3938324451446533, 3149
0.6420285701751709, 3148
0.8908219337463379, 3147
0.8908219337463379, 3146
0.8908219337463379, 3145
0.8908219337463379, 3144
0.8918209075927734, 3143
0.8918209075927734, 3142
0.8918209075927734, 3141
0.8918209075927734, 3140
0.8918209075927734, 3139
0.8918209075927734, 3138
0.8918209075927734, 3137
0.8918209075927734, 3136
0.8918209075927734, 3135
0.8918209075927734, 3134
0.8918209075927734, 3133
0.8918209075927734, 3132
0.8918209075927734, 3131
0.8918209075927734, 3130
0.8918209075927734, 3129
0.8918209075927734, 3128
0.8918209075927734, 3127
0.8918209075927734, 3126
0.8918209075927734, 3125
0.8918209075927734, 3124
2.789891004562378, 3123
2.789891004562378, 3122
2.789891004562378, 3121
4.87683629989624, 3120
4.87683629989624, 3119
4.87683629989624, 3118
7.0290679931640625, 3117
7.030066967010498, 3116
7.030066967010498, 3115
7.030066967010498, 3114
7.030066967010498, 3113
7.030066967010498, 3112
7.030066967010498, 3111
7.030066967010498, 3110
