0.017078638076782227, 4870
0.017078638076782227, 4869
0.017078638076782227, 4868
0.017078638076782227, 4867
0.017078638076782227, 4866
0.017078638076782227, 4865
0.017078638076782227, 4864
0.017078638076782227, 4863
0.017078638076782227, 4862
0.017078638076782227, 4861
0.017078638076782227, 4860
0.017078638076782227, 4859
0.017078638076782227, 4858
0.017078638076782227, 4857
0.017078638076782227, 4856
0.017078638076782227, 4855
0.017078638076782227, 4854
0.017078638076782227, 4853
0.017078638076782227, 4852
0.017078638076782227, 4851
0.017078638076782227, 4850
0.017078638076782227, 4849
0.017078638076782227, 4848
0.017078638076782227, 4847
0.017078638076782227, 4846
0.017078638076782227, 4845
0.017078638076782227, 4844
0.017078638076782227, 4843
0.017078638076782227, 4842
0.017078638076782227, 4841
0.017078638076782227, 4840
0.017078638076782227, 4839
0.017078638076782227, 4838
0.017078638076782227, 4837
0.017078638076782227, 4836
0.017078638076782227, 4835
0.017078638076782227, 4834
0.017078638076782227, 4833
0.01808452606201172, 4832
0.01808452606201172, 4831
0.01808452606201172, 4830
0.01808452606201172, 4829
0.01808452606201172, 4828
0.01808452606201172, 4827
0.01808452606201172, 4826
0.01808452606201172, 4825
0.01808452606201172, 4824
0.01808452606201172, 4823
0.01808452606201172, 4822
0.01808452606201172, 4821
0.01808452606201172, 4820
0.01808452606201172, 4819
0.01808452606201172, 4818
0.01808452606201172, 4817
0.01808452606201172, 4816
0.01808452606201172, 4815
0.01808452606201172, 4814
0.01808452606201172, 4813
0.01808452606201172, 4812
0.01808452606201172, 4811
0.01808452606201172, 4810
0.01808452606201172, 4809
0.01808452606201172, 4808
0.01808452606201172, 4807
0.01808452606201172, 4806
0.01808452606201172, 4805
0.01808452606201172, 4804
0.01808452606201172, 4803
0.01808452606201172, 4802
0.01808452606201172, 4801
0.01808452606201172, 4800
0.01808452606201172, 4799
0.01808452606201172, 4798
0.01808452606201172, 4797
0.01808452606201172, 4796
0.01808452606201172, 4795
0.01808452606201172, 4794
0.01808452606201172, 4793
0.01808452606201172, 4792
0.01808452606201172, 4791
0.01808452606201172, 4790
0.01908421516418457, 4789
0.01908421516418457, 4788
0.01908421516418457, 4787
0.01908421516418457, 4786
0.01908421516418457, 4785
0.01908421516418457, 4784
0.01908421516418457, 4783
0.01908421516418457, 4782
0.01908421516418457, 4781
0.01908421516418457, 4780
0.01908421516418457, 4779
0.01908421516418457, 4778
0.01908421516418457, 4777
0.01908421516418457, 4776
0.01908421516418457, 4775
0.01908421516418457, 4774
0.01908421516418457, 4773
0.01908421516418457, 4772
0.01908421516418457, 4771
0.01908421516418457, 4770
0.01908421516418457, 4769
0.01908421516418457, 4768
0.01908421516418457, 4767
0.01908421516418457, 4766
0.01908421516418457, 4765
0.01908421516418457, 4764
0.01908421516418457, 4763
0.01908421516418457, 4762
0.01908421516418457, 4761
0.01908421516418457, 4760
0.01908421516418457, 4759
0.01908421516418457, 4758
0.01908421516418457, 4757
0.01908421516418457, 4756
0.01908421516418457, 4755
0.01908421516418457, 4754
0.01908421516418457, 4753
0.01908421516418457, 4752
0.01908421516418457, 4751
0.01908421516418457, 4750
0.01908421516418457, 4749
0.01908421516418457, 4748
0.01908421516418457, 4747
0.020084142684936523, 4746
0.020084142684936523, 4745
0.020084142684936523, 4744
0.020084142684936523, 4743
0.020084142684936523, 4742
0.020084142684936523, 4741
0.020084142684936523, 4740
0.048085927963256836, 4739
0.048085927963256836, 4738
0.048085927963256836, 4737
0.048085927963256836, 4736
0.048085927963256836, 4735
0.048085927963256836, 4734
0.048085927963256836, 4733
0.048085927963256836, 4732
0.048085927963256836, 4731
0.048085927963256836, 4730
0.048085927963256836, 4729
0.048085927963256836, 4728
0.048085927963256836, 4727
0.048085927963256836, 4726
0.048085927963256836, 4725
0.048085927963256836, 4724
0.048085927963256836, 4723
0.048085927963256836, 4722
0.048085927963256836, 4721
0.048085927963256836, 4720
0.048085927963256836, 4719
0.048085927963256836, 4718
0.048085927963256836, 4717
0.048085927963256836, 4716
0.048085927963256836, 4715
0.048085927963256836, 4714
0.048085927963256836, 4713
0.048085927963256836, 4712
0.048085927963256836, 4711
0.048085927963256836, 4710
0.048085927963256836, 4709
0.048085927963256836, 4708
0.048085927963256836, 4707
0.048085927963256836, 4706
0.04908561706542969, 4705
0.04908561706542969, 4704
0.04908561706542969, 4703
0.04908561706542969, 4702
0.04908561706542969, 4701
0.04908561706542969, 4700
0.04908561706542969, 4699
0.04908561706542969, 4698
0.04908561706542969, 4697
0.04908561706542969, 4696
0.04908561706542969, 4695
0.04908561706542969, 4694
0.04908561706542969, 4693
0.04908561706542969, 4692
0.04908561706542969, 4691
0.04908561706542969, 4690
0.04908561706542969, 4689
0.04908561706542969, 4688
0.04908561706542969, 4687
0.04908561706542969, 4686
0.04908561706542969, 4685
0.04908561706542969, 4684
0.04908561706542969, 4683
0.04908561706542969, 4682
0.04908561706542969, 4681
0.04908561706542969, 4680
0.04908561706542969, 4679
0.04908561706542969, 4678
0.04908561706542969, 4677
0.04908561706542969, 4676
0.04908561706542969, 4675
0.04908561706542969, 4674
0.04908561706542969, 4673
0.04908561706542969, 4672
0.04908561706542969, 4671
0.04908561706542969, 4670
0.04908561706542969, 4669
0.04908561706542969, 4668
0.04908561706542969, 4667
0.05008530616760254, 4666
0.05008530616760254, 4665
0.05008530616760254, 4664
0.05008530616760254, 4663
0.05008530616760254, 4662
0.05008530616760254, 4661
0.05008530616760254, 4660
0.05008530616760254, 4659
0.05008530616760254, 4658
0.05008530616760254, 4657
0.05008530616760254, 4656
0.05008530616760254, 4655
0.05008530616760254, 4654
0.05008530616760254, 4653
0.05008530616760254, 4652
0.05008530616760254, 4651
0.05008530616760254, 4650
0.05008530616760254, 4649
0.05008530616760254, 4648
0.05008530616760254, 4647
0.05008530616760254, 4646
0.05008530616760254, 4645
0.05008530616760254, 4644
0.05008530616760254, 4643
0.05008530616760254, 4642
0.05008530616760254, 4641
0.05008530616760254, 4640
0.05008530616760254, 4639
0.05008530616760254, 4638
0.05008530616760254, 4637
0.05008530616760254, 4636
0.05008530616760254, 4635
0.05008530616760254, 4634
0.05008530616760254, 4633
0.05008530616760254, 4632
0.05008530616760254, 4631
0.05008530616760254, 4630
0.05008530616760254, 4629
0.05008530616760254, 4628
0.05008530616760254, 4627
0.05108523368835449, 4626
0.05108523368835449, 4625
0.05108523368835449, 4624
0.05108523368835449, 4623
0.05108523368835449, 4622
0.05108523368835449, 4621
0.05108523368835449, 4620
0.05108523368835449, 4619
0.05108523368835449, 4618
0.05108523368835449, 4617
0.05108523368835449, 4616
0.05108523368835449, 4615
0.05108523368835449, 4614
0.05108523368835449, 4613
0.05108523368835449, 4612
0.05108523368835449, 4611
0.05108523368835449, 4610
0.05108523368835449, 4609
0.05108523368835449, 4608
0.05108523368835449, 4607
0.05108523368835449, 4606
0.05108523368835449, 4605
0.05108523368835449, 4604
0.05108523368835449, 4603
0.05108523368835449, 4602
0.05108523368835449, 4601
0.05108523368835449, 4600
0.05108523368835449, 4599
0.05108523368835449, 4598
0.14578008651733398, 3304
0.14578008651733398, 3303
0.14578008651733398, 3302
0.14578008651733398, 3301
0.14578008651733398, 3300
0.14677929878234863, 3299
0.14677929878234863, 3298
0.14677929878234863, 3297
0.14677929878234863, 3296
0.14677929878234863, 3295
0.14677929878234863, 3294
0.14677929878234863, 3293
0.14677929878234863, 3292
0.14677929878234863, 3291
0.14677929878234863, 3290
0.14677929878234863, 3289
0.14677929878234863, 3288
0.14677929878234863, 3287
0.14677929878234863, 3286
0.14677929878234863, 3285
0.14677929878234863, 3284
0.14677929878234863, 3283
0.14677929878234863, 3282
0.14677929878234863, 3281
0.14677929878234863, 3280
0.14677929878234863, 3279
0.1477806568145752, 3278
0.1477806568145752, 3277
0.1477806568145752, 3276
0.1477806568145752, 3275
0.1477806568145752, 3274
0.1477806568145752, 3273
0.1477806568145752, 3272
0.1477806568145752, 3271
0.1477806568145752, 3270
0.1477806568145752, 3269
0.1477806568145752, 3268
0.1477806568145752, 3267
0.1477806568145752, 3266
0.1477806568145752, 3265
0.1477806568145752, 3264
0.1477806568145752, 3263
0.1477806568145752, 3262
0.1477806568145752, 3261
0.1477806568145752, 3260
0.1477806568145752, 3259
0.1477806568145752, 3258
0.1477806568145752, 3257
0.1477806568145752, 3256
0.1477806568145752, 3255
0.1477806568145752, 3254
0.1477806568145752, 3253
0.14878034591674805, 3252
0.14878034591674805, 3251
0.14878034591674805, 3250
0.14878034591674805, 3249
0.14878034591674805, 3248
0.14878034591674805, 3247
0.14878034591674805, 3246
0.14878034591674805, 3245
0.14878034591674805, 3244
0.14878034591674805, 3243
0.14878034591674805, 3242
0.14878034591674805, 3241
0.14878034591674805, 3240
0.14878034591674805, 3239
0.14878034591674805, 3238
0.14878034591674805, 3237
0.14878034591674805, 3236
0.14878034591674805, 3235
0.14878034591674805, 3234
0.14878034591674805, 3233
0.14878034591674805, 3232
0.14878034591674805, 3231
0.14878034591674805, 3230
0.14878034591674805, 3229
0.14878034591674805, 3228
0.14878034591674805, 3227
0.14878034591674805, 3226
0.14878034591674805, 3225
0.14878034591674805, 3224
0.14878034591674805, 3223
0.1497819423675537, 3222
0.1497819423675537, 3221
0.1497819423675537, 3220
0.1497819423675537, 3219
0.1497819423675537, 3218
0.1497819423675537, 3217
0.1497819423675537, 3216
0.1497819423675537, 3215
0.1497819423675537, 3214
0.1497819423675537, 3213
0.1497819423675537, 3212
0.1497819423675537, 3211
0.1497819423675537, 3210
0.1497819423675537, 3209
0.1497819423675537, 3208
0.1497819423675537, 3207
0.1497819423675537, 3206
0.1497819423675537, 3205
0.1497819423675537, 3204
0.1497819423675537, 3203
0.1497819423675537, 3202
0.1497819423675537, 3201
0.1497819423675537, 3200
0.1497819423675537, 3199
0.1497819423675537, 3198
0.1497819423675537, 3197
0.1497819423675537, 3196
0.1497819423675537, 3195
0.1497819423675537, 3194
0.1497819423675537, 3193
0.1497819423675537, 3192
0.1497819423675537, 3191
0.1497819423675537, 3190
0.15078020095825195, 3189
0.15078020095825195, 3188
0.15078020095825195, 3187
0.15078020095825195, 3186
0.15078020095825195, 3185
0.15078020095825195, 3184
0.15078020095825195, 3183
0.15078020095825195, 3182
0.15078020095825195, 3181
0.15078020095825195, 3180
0.15078020095825195, 3179
0.15078020095825195, 3178
0.15078020095825195, 3177
0.15078020095825195, 3176
0.15078020095825195, 3175
0.15078020095825195, 3174
0.15078020095825195, 3173
0.15078020095825195, 3172
0.15078020095825195, 3171
0.15078020095825195, 3170
0.15078020095825195, 3169
0.15078020095825195, 3168
0.15078020095825195, 3167
0.15078020095825195, 3166
0.15078020095825195, 3165
0.15078020095825195, 3164
0.15078020095825195, 3163
0.15078020095825195, 3162
0.15078020095825195, 3161
0.15078020095825195, 3160
0.15078020095825195, 3159
0.15078020095825195, 3158
0.1517801284790039, 3157
0.1517801284790039, 3156
0.1517801284790039, 3155
0.1517801284790039, 3154
0.1517801284790039, 3153
0.1517801284790039, 3152
0.1517801284790039, 3151
0.1517801284790039, 3150
0.1517801284790039, 3149
0.1517801284790039, 3148
0.1517801284790039, 3147
0.1517801284790039, 3146
0.1517801284790039, 3145
0.1517801284790039, 3144
0.1517801284790039, 3143
0.1517801284790039, 3142
0.1517801284790039, 3141
0.1517801284790039, 3140
0.1517801284790039, 3139
0.1517801284790039, 3138
0.1517801284790039, 3137
0.519045352935791, 3136
0.519045352935791, 3135
0.519045352935791, 3134
0.5200448036193848, 3133
0.5200448036193848, 3132
0.5200448036193848, 3131
0.5200448036193848, 3130
0.5200448036193848, 3129
0.5200448036193848, 3128
0.5200448036193848, 3127
0.5210449695587158, 3126
0.5210449695587158, 3125
0.5210449695587158, 3124
0.5210449695587158, 3123
0.5210449695587158, 3122
0.5210449695587158, 3121
0.5210449695587158, 3120
0.5210449695587158, 3119
0.5210449695587158, 3118
0.5210449695587158, 3117
0.5220446586608887, 3116
0.5222220420837402, 3115
0.6168248653411865, 3114
4.542883396148682, 3113
4.542883396148682, 3112
4.542883396148682, 3111
4.542883396148682, 3110
4.542883396148682, 3109
