0.01498866081237793, 4915
0.01498866081237793, 4914
0.01498866081237793, 4913
0.01498866081237793, 4912
0.01498866081237793, 4911
0.01498866081237793, 4910
0.01498866081237793, 4909
0.01498866081237793, 4908
0.01498866081237793, 4907
0.01498866081237793, 4906
0.01498866081237793, 4905
0.01498866081237793, 4904
0.01498866081237793, 4903
0.01498866081237793, 4902
0.01498866081237793, 4901
0.01498866081237793, 4900
0.01498866081237793, 4899
0.01498866081237793, 4898
0.01498866081237793, 4897
0.01498866081237793, 4896
0.01498866081237793, 4895
0.01498866081237793, 4894
0.01498866081237793, 4893
0.01498866081237793, 4892
0.01498866081237793, 4891
0.015988826751708984, 4890
0.015988826751708984, 4889
0.015988826751708984, 4888
0.015988826751708984, 4887
0.015988826751708984, 4886
0.015988826751708984, 4885
0.015988826751708984, 4884
0.015988826751708984, 4883
0.015988826751708984, 4882
0.015988826751708984, 4881
0.015988826751708984, 4880
0.015988826751708984, 4879
0.015988826751708984, 4878
0.015988826751708984, 4877
0.015988826751708984, 4876
0.015988826751708984, 4875
0.015988826751708984, 4874
0.015988826751708984, 4873
0.015988826751708984, 4872
0.015988826751708984, 4871
0.015988826751708984, 4870
0.015988826751708984, 4869
0.015988826751708984, 4868
0.015988826751708984, 4867
0.015988826751708984, 4866
0.015988826751708984, 4865
0.016988754272460938, 4864
0.016988754272460938, 4863
0.016988754272460938, 4862
0.016988754272460938, 4861
0.016988754272460938, 4860
0.016988754272460938, 4859
0.016988754272460938, 4858
0.016988754272460938, 4857
0.016988754272460938, 4856
0.016988754272460938, 4855
0.016988754272460938, 4854
0.016988754272460938, 4853
0.016988754272460938, 4852
0.016988754272460938, 4851
0.016988754272460938, 4850
0.016988754272460938, 4849
0.016988754272460938, 4848
0.016988754272460938, 4847
0.016988754272460938, 4846
0.016988754272460938, 4845
0.016988754272460938, 4844
0.016988754272460938, 4843
0.016988754272460938, 4842
0.016988754272460938, 4841
0.016988754272460938, 4840
0.016988754272460938, 4839
0.01798844337463379, 4838
0.01798844337463379, 4837
0.01798844337463379, 4836
0.01798844337463379, 4835
0.01798844337463379, 4834
0.01798844337463379, 4833
0.01798844337463379, 4832
0.01798844337463379, 4831
0.01798844337463379, 4830
0.01798844337463379, 4829
0.01798844337463379, 4828
0.01798844337463379, 4827
0.01798844337463379, 4826
0.01798844337463379, 4825
0.01798844337463379, 4824
0.01798844337463379, 4823
0.018611907958984375, 4822
0.018611907958984375, 4821
0.018611907958984375, 4820
0.018611907958984375, 4819
0.018611907958984375, 4818
0.018611907958984375, 4817
0.018611907958984375, 4816
0.018611907958984375, 4815
0.018611907958984375, 4814
0.018611907958984375, 4813
0.018611907958984375, 4812
0.018611907958984375, 4811
0.018611907958984375, 4810
0.018611907958984375, 4809
0.018611907958984375, 4808
0.018611907958984375, 4807
0.018611907958984375, 4806
0.018611907958984375, 4805
0.018611907958984375, 4804
0.018611907958984375, 4803
0.018611907958984375, 4802
0.018611907958984375, 4801
0.03566336631774902, 3167
0.03664851188659668, 3166
0.03664851188659668, 3165
0.03664851188659668, 3164
0.03664851188659668, 3163
0.03664851188659668, 3162
0.03688979148864746, 3161
0.03688979148864746, 3160
0.03688979148864746, 3159
0.03688979148864746, 3158
0.03688979148864746, 3157
0.03688979148864746, 3156
0.03688979148864746, 3155
0.03688979148864746, 3154
0.03688979148864746, 3153
0.03688979148864746, 3152
0.03688979148864746, 3151
0.03688979148864746, 3150
0.03688979148864746, 3149
0.03688979148864746, 3148
0.8788325786590576, 3147
0.8788325786590576, 3146
0.8788325786590576, 3145
0.8788325786590576, 3144
0.8798317909240723, 3143
0.8798317909240723, 3142
0.8798317909240723, 3141
0.8798317909240723, 3140
0.8798317909240723, 3139
0.8798317909240723, 3138
0.8798317909240723, 3137
0.8798317909240723, 3136
0.8798317909240723, 3135
0.8798317909240723, 3134
0.8798317909240723, 3133
0.8798317909240723, 3132
0.933830738067627, 3131
0.933830738067627, 3130
0.933830738067627, 3129
0.933830738067627, 3128
0.933830738067627, 3127
0.933830738067627, 3126
0.933830738067627, 3125
0.933830738067627, 3124
0.933830738067627, 3123
0.933830738067627, 3122
0.933830738067627, 3121
3.017042875289917, 3120
3.017042875289917, 3119
3.017042875289917, 3118
4.501875877380371, 3117
4.501875877380371, 3116
