0.016524076461791992, 4815
0.016524076461791992, 4814
0.016524076461791992, 4813
0.016524076461791992, 4812
0.016524076461791992, 4811
0.016524076461791992, 4810
0.016524076461791992, 4809
0.016524076461791992, 4808
0.016524076461791992, 4807
0.016524076461791992, 4806
0.016524076461791992, 4805
0.016524076461791992, 4804
0.016524076461791992, 4803
0.016524076461791992, 4802
0.016524076461791992, 4801
0.016524076461791992, 4800
0.016524076461791992, 4799
0.016524076461791992, 4798
0.016524076461791992, 4797
0.016524076461791992, 4796
0.016524076461791992, 4795
0.016524076461791992, 4794
0.016524076461791992, 4793
0.016524076461791992, 4792
0.016524076461791992, 4791
0.016524076461791992, 4790
0.016524076461791992, 4789
0.016524076461791992, 4788
0.016524076461791992, 4787
0.016524076461791992, 4786
0.01752471923828125, 4785
0.01752471923828125, 4784
0.01752471923828125, 4783
0.01752471923828125, 4782
0.01752471923828125, 4781
0.01752471923828125, 4780
0.01752471923828125, 4779
0.01752471923828125, 4778
0.01752471923828125, 4777
0.01752471923828125, 4776
0.01752471923828125, 4775
0.01752471923828125, 4774
0.01752471923828125, 4773
0.01752471923828125, 4772
0.01752471923828125, 4771
0.01752471923828125, 4770
0.01752471923828125, 4769
0.01752471923828125, 4768
0.01752471923828125, 4767
0.01752471923828125, 4766
0.01752471923828125, 4765
0.01752471923828125, 4764
0.01752471923828125, 4763
0.01752471923828125, 4762
0.01752471923828125, 4761
0.01752471923828125, 4760
0.01752471923828125, 4759
0.01752471923828125, 4758
0.01752471923828125, 4757
0.01752471923828125, 4756
0.01752471923828125, 4755
0.01752471923828125, 4754
0.01752471923828125, 4753
0.01752471923828125, 4752
0.01752471923828125, 4751
0.01752471923828125, 4750
0.01752471923828125, 4749
0.01752471923828125, 4748
0.01752471923828125, 4747
0.01752471923828125, 4746
0.01752471923828125, 4745
0.01752471923828125, 4744
0.018524169921875, 4743
0.018524169921875, 4742
0.018524169921875, 4741
0.018524169921875, 4740
0.018524169921875, 4739
0.018524169921875, 4738
0.018524169921875, 4737
0.018524169921875, 4736
0.018524169921875, 4735
0.018524169921875, 4734
0.018524169921875, 4733
0.018524169921875, 4732
0.018524169921875, 4731
0.018524169921875, 4730
0.018524169921875, 4729
0.018524169921875, 4728
0.018524169921875, 4727
0.018524169921875, 4726
0.018524169921875, 4725
0.018524169921875, 4724
0.018524169921875, 4723
0.018524169921875, 4722
0.018524169921875, 4721
0.018524169921875, 4720
0.018524169921875, 4719
0.018524169921875, 4718
0.018524169921875, 4717
0.018524169921875, 4716
0.018524169921875, 4715
0.018524169921875, 4714
0.018524169921875, 4713
0.018524169921875, 4712
0.018524169921875, 4711
0.018524169921875, 4710
0.018524169921875, 4709
0.018524169921875, 4708
0.018524169921875, 4707
0.018524169921875, 4706
0.018524169921875, 4705
0.018524169921875, 4704
0.018524169921875, 4703
0.018524169921875, 4702
0.018524169921875, 4701
0.019524335861206055, 4700
0.019524335861206055, 4699
0.019524335861206055, 4698
0.019524335861206055, 4697
0.019524335861206055, 4696
0.019524335861206055, 4695
0.019524335861206055, 4694
0.019524335861206055, 4693
0.019524335861206055, 4692
0.019524335861206055, 4691
0.019524335861206055, 4690
0.019524335861206055, 4689
0.019524335861206055, 4688
0.019524335861206055, 4687
0.019524335861206055, 4686
0.019524335861206055, 4685
0.019524335861206055, 4684
0.019524335861206055, 4683
0.019524335861206055, 4682
0.019524335861206055, 4681
0.019524335861206055, 4680
0.019524335861206055, 4679
0.019524335861206055, 4678
0.019524335861206055, 4677
0.019524335861206055, 4676
0.019524335861206055, 4675
0.019524335861206055, 4674
0.019524335861206055, 4673
0.019524335861206055, 4672
0.019524335861206055, 4671
0.019524335861206055, 4670
0.019524335861206055, 4669
0.09541606903076172, 4668
0.09541606903076172, 4667
0.09541606903076172, 4666
0.09541606903076172, 4665
0.09541606903076172, 4664
0.09541606903076172, 4663
0.09541606903076172, 4662
0.09541606903076172, 4661
0.09541606903076172, 4660
0.09541606903076172, 4659
0.09541606903076172, 4658
0.09541606903076172, 4657
0.09541606903076172, 4656
0.09541606903076172, 4655
0.09541606903076172, 4654
0.09541606903076172, 4653
0.09541606903076172, 4652
0.09541606903076172, 4651
0.09541606903076172, 4650
0.09541606903076172, 4649
0.09541606903076172, 4648
0.09541606903076172, 4647
0.09541606903076172, 4646
0.09541606903076172, 4645
0.09541606903076172, 4644
0.09541606903076172, 4643
0.09541606903076172, 4642
0.09541606903076172, 4641
0.09541606903076172, 4640
0.09541606903076172, 4639
0.09541606903076172, 4638
0.09541606903076172, 4637
0.09541606903076172, 4636
0.09541606903076172, 4635
0.09541606903076172, 4634
0.09541606903076172, 4633
0.10942387580871582, 3331
0.10942387580871582, 3330
0.10942387580871582, 3329
0.10942387580871582, 3328
0.10942387580871582, 3327
0.10942387580871582, 3326
0.10942387580871582, 3325
0.10942387580871582, 3324
0.10942387580871582, 3323
0.10942387580871582, 3322
0.10942387580871582, 3321
0.10942387580871582, 3320
0.10942387580871582, 3319
0.10942387580871582, 3318
0.10942387580871582, 3317
0.10942387580871582, 3316
0.10942387580871582, 3315
0.10942387580871582, 3314
0.10942387580871582, 3313
0.10942387580871582, 3312
0.10942387580871582, 3311
0.10942387580871582, 3310
0.10942387580871582, 3309
0.10942387580871582, 3308
0.11042404174804688, 3307
0.11042404174804688, 3306
0.11042404174804688, 3305
0.11042404174804688, 3304
0.11042404174804688, 3303
0.11042404174804688, 3302
0.11042404174804688, 3301
0.11042404174804688, 3300
0.11042404174804688, 3299
0.11042404174804688, 3298
0.11042404174804688, 3297
0.11042404174804688, 3296
0.11042404174804688, 3295
0.11042404174804688, 3294
0.11042404174804688, 3293
0.11042404174804688, 3292
0.11042404174804688, 3291
0.11042404174804688, 3290
0.11042404174804688, 3289
0.11042404174804688, 3288
0.11042404174804688, 3287
0.11042404174804688, 3286
0.11042404174804688, 3285
0.11042404174804688, 3284
0.11042404174804688, 3283
0.11042404174804688, 3282
0.11042404174804688, 3281
0.11142373085021973, 3280
0.11142373085021973, 3279
0.11142373085021973, 3278
0.11142373085021973, 3277
0.11142373085021973, 3276
0.11142373085021973, 3275
0.11142373085021973, 3274
0.11142373085021973, 3273
0.11142373085021973, 3272
0.11142373085021973, 3271
0.11142373085021973, 3270
0.11142373085021973, 3269
0.11142373085021973, 3268
0.11142373085021973, 3267
0.11142373085021973, 3266
0.11142373085021973, 3265
0.11142373085021973, 3264
0.11142373085021973, 3263
0.11142373085021973, 3262
0.11142373085021973, 3261
0.11142373085021973, 3260
0.11142373085021973, 3259
0.11142373085021973, 3258
0.11142373085021973, 3257
0.11142373085021973, 3256
0.11142373085021973, 3255
0.11142373085021973, 3254
0.11142373085021973, 3253
0.11142373085021973, 3252
0.11242413520812988, 3251
0.11242413520812988, 3250
0.11242413520812988, 3249
0.11242413520812988, 3248
0.11242413520812988, 3247
0.11242413520812988, 3246
0.11242413520812988, 3245
0.11242413520812988, 3244
0.11242413520812988, 3243
0.11242413520812988, 3242
0.11242413520812988, 3241
0.11242413520812988, 3240
0.11242413520812988, 3239
0.11242413520812988, 3238
0.11242413520812988, 3237
0.11242413520812988, 3236
0.11242413520812988, 3235
0.11242413520812988, 3234
0.11242413520812988, 3233
0.11242413520812988, 3232
0.11242413520812988, 3231
0.11242413520812988, 3230
0.11242413520812988, 3229
0.11242413520812988, 3228
0.11242413520812988, 3227
0.11242413520812988, 3226
0.11242413520812988, 3225
0.11242413520812988, 3224
0.11242413520812988, 3223
0.11242413520812988, 3222
0.11242413520812988, 3221
0.11242413520812988, 3220
0.11242413520812988, 3219
0.11342358589172363, 3218
0.11342358589172363, 3217
0.11342358589172363, 3216
0.11342358589172363, 3215
0.11342358589172363, 3214
0.11342358589172363, 3213
0.11342358589172363, 3212
0.11342358589172363, 3211
0.1137075424194336, 3210
0.1137075424194336, 3209
0.1137075424194336, 3208
0.1137075424194336, 3207
0.1137075424194336, 3206
0.1137075424194336, 3205
0.1137075424194336, 3204
0.1137075424194336, 3203
0.1137075424194336, 3202
0.1137075424194336, 3201
0.1137075424194336, 3200
0.1137075424194336, 3199
0.1137075424194336, 3198
0.1137075424194336, 3197
0.1137075424194336, 3196
0.1137075424194336, 3195
0.1137075424194336, 3194
0.1137075424194336, 3193
0.1137075424194336, 3192
0.1137075424194336, 3191
0.1137075424194336, 3190
0.1137075424194336, 3189
0.2465229034423828, 3188
0.2465229034423828, 3187
0.2465229034423828, 3186
0.2465229034423828, 3185
0.2465229034423828, 3184
0.2465229034423828, 3183
0.2465229034423828, 3182
0.2465229034423828, 3181
0.2465229034423828, 3180
0.2465229034423828, 3179
0.2465229034423828, 3178
0.2465229034423828, 3177
0.2465229034423828, 3176
0.2465229034423828, 3175
0.2465229034423828, 3174
0.2465229034423828, 3173
0.2465229034423828, 3172
0.2465229034423828, 3171
0.2465229034423828, 3170
0.2465229034423828, 3169
0.2465229034423828, 3168
0.2465229034423828, 3167
0.2465229034423828, 3166
0.2465229034423828, 3165
0.2465229034423828, 3164
0.2465229034423828, 3163
0.2465229034423828, 3162
0.2465229034423828, 3161
0.2465229034423828, 3160
0.2465229034423828, 3159
0.24752378463745117, 3158
0.24752378463745117, 3157
0.24752378463745117, 3156
0.45179104804992676, 3155
0.45179104804992676, 3154
0.45179104804992676, 3153
0.45179104804992676, 3152
0.45179104804992676, 3151
0.45179104804992676, 3150
0.45179104804992676, 3149
0.45179104804992676, 3148
0.4527912139892578, 3147
0.4527912139892578, 3146
0.529879093170166, 3145
0.529879093170166, 3144
0.529879093170166, 3143
0.529879093170166, 3142
3.1288301944732666, 3112
