0.01700139045715332, 4890
0.01700139045715332, 4889
0.01700139045715332, 4888
0.01700139045715332, 4887
0.01700139045715332, 4886
0.01700139045715332, 4885
0.01700139045715332, 4884
0.01700139045715332, 4883
0.01700139045715332, 4882
0.01700139045715332, 4881
0.01700139045715332, 4880
0.01700139045715332, 4879
0.01700139045715332, 4878
0.01700139045715332, 4877
0.01700139045715332, 4876
0.01800227165222168, 4875
0.01800227165222168, 4874
0.01800227165222168, 4873
0.01800227165222168, 4872
0.01800227165222168, 4871
0.01800227165222168, 4870
0.01800227165222168, 4869
0.01800227165222168, 4868
0.01800227165222168, 4867
0.01800227165222168, 4866
0.01800227165222168, 4865
0.01800227165222168, 4864
0.01800227165222168, 4863
0.01800227165222168, 4862
0.01800227165222168, 4861
0.01800227165222168, 4860
0.01800227165222168, 4859
0.01800227165222168, 4858
0.01800227165222168, 4857
0.01800227165222168, 4856
0.01800227165222168, 4855
0.01800227165222168, 4854
0.01800227165222168, 4853
0.01800227165222168, 4852
0.01800227165222168, 4851
0.01800227165222168, 4850
0.01800227165222168, 4849
0.01800227165222168, 4848
0.01800227165222168, 4847
0.01800227165222168, 4846
0.01800227165222168, 4845
0.01800227165222168, 4844
0.01800227165222168, 4843
0.01800227165222168, 4842
0.01800227165222168, 4841
0.01800227165222168, 4840
0.01800227165222168, 4839
0.01800227165222168, 4838
0.01800227165222168, 4837
0.01800227165222168, 4836
0.019001245498657227, 4835
0.019001245498657227, 4834
0.019001245498657227, 4833
0.019001245498657227, 4832
0.019001245498657227, 4831
0.019001245498657227, 4830
0.019001245498657227, 4829
0.019001245498657227, 4828
0.019001245498657227, 4827
0.019001245498657227, 4826
0.019001245498657227, 4825
0.019001245498657227, 4824
0.019001245498657227, 4823
0.019001245498657227, 4822
0.019001245498657227, 4821
0.019001245498657227, 4820
0.019001245498657227, 4819
0.019001245498657227, 4818
0.019001245498657227, 4817
0.019001245498657227, 4816
0.019001245498657227, 4815
0.019001245498657227, 4814
0.019001245498657227, 4813
0.019001245498657227, 4812
0.019001245498657227, 4811
0.019001245498657227, 4810
0.019001245498657227, 4809
0.019001245498657227, 4808
0.019001245498657227, 4807
0.019001245498657227, 4806
0.019999265670776367, 4805
0.019999265670776367, 4804
0.019999265670776367, 4803
0.019999265670776367, 4802
0.019999265670776367, 4801
0.019999265670776367, 4800
0.019999265670776367, 4799
0.019999265670776367, 4798
0.019999265670776367, 4797
0.019999265670776367, 4796
0.019999265670776367, 4795
0.019999265670776367, 4794
0.019999265670776367, 4793
0.019999265670776367, 4792
0.019999265670776367, 4791
0.019999265670776367, 4790
0.019999265670776367, 4789
0.019999265670776367, 4788
0.019999265670776367, 4787
0.019999265670776367, 4786
0.019999265670776367, 4785
0.019999265670776367, 4784
0.019999265670776367, 4783
0.019999265670776367, 4782
0.019999265670776367, 4781
0.019999265670776367, 4780
0.019999265670776367, 4779
0.020999908447265625, 4778
0.020999908447265625, 4777
0.020999908447265625, 4776
0.020999908447265625, 4775
0.020999908447265625, 4774
0.020999908447265625, 4773
0.020999908447265625, 4772
0.020999908447265625, 4771
0.020999908447265625, 4770
0.020999908447265625, 4769
0.020999908447265625, 4768
0.020999908447265625, 4767
0.020999908447265625, 4766
0.020999908447265625, 4765
0.020999908447265625, 4764
0.020999908447265625, 4763
0.020999908447265625, 4762
0.020999908447265625, 4761
0.020999908447265625, 4760
0.020999908447265625, 4759
0.020999908447265625, 4758
0.020999908447265625, 4757
0.020999908447265625, 4756
0.020999908447265625, 4755
0.020999908447265625, 4754
0.020999908447265625, 4753
0.020999908447265625, 4752
0.02200007438659668, 4751
0.02200007438659668, 4750
0.02200007438659668, 4749
0.02200007438659668, 4748
0.02200007438659668, 4747
0.02200007438659668, 4746
0.02200007438659668, 4745
0.02200007438659668, 4744
0.02200007438659668, 4743
0.02200007438659668, 4742
0.02200007438659668, 4741
0.02200007438659668, 4740
0.02200007438659668, 4739
0.02200007438659668, 4738
0.02200007438659668, 4737
0.02200007438659668, 4736
0.02200007438659668, 4735
0.02200007438659668, 4734
0.02200007438659668, 4733
0.02200007438659668, 4732
0.02200007438659668, 4731
0.02200007438659668, 4730
0.02200007438659668, 4729
0.02200007438659668, 4728
0.02200007438659668, 4727
0.02200007438659668, 4726
0.02200007438659668, 4725
0.02200007438659668, 4724
0.02200007438659668, 4723
0.02200007438659668, 4722
0.02200007438659668, 4721
0.02200007438659668, 4720
0.02200007438659668, 4719
0.02200007438659668, 4718
0.02200007438659668, 4717
0.047057390213012695, 4716
0.047057390213012695, 4715
0.047057390213012695, 4714
0.047057390213012695, 4713
0.047057390213012695, 4712
0.047057390213012695, 4711
0.047057390213012695, 4710
0.047057390213012695, 4709
0.047057390213012695, 4708
0.047057390213012695, 4707
0.047057390213012695, 4706
0.047057390213012695, 4705
0.047057390213012695, 4704
0.047057390213012695, 4703
0.047057390213012695, 4702
0.047057390213012695, 4701
0.047057390213012695, 4700
0.047057390213012695, 4699
0.047057390213012695, 4698
0.047057390213012695, 4697
0.047057390213012695, 4696
0.047057390213012695, 4695
0.047057390213012695, 4694
0.047998666763305664, 4693
0.047998666763305664, 4692
0.047998666763305664, 4691
0.047998666763305664, 4690
0.047998666763305664, 4689
0.047998666763305664, 4688
0.047998666763305664, 4687
0.047998666763305664, 4686
0.047998666763305664, 4685
0.047998666763305664, 4684
0.047998666763305664, 4683
0.047998666763305664, 4682
0.047998666763305664, 4681
0.047998666763305664, 4680
0.047998666763305664, 4679
0.047998666763305664, 4678
0.047998666763305664, 4677
0.047998666763305664, 4676
0.047998666763305664, 4675
0.047998666763305664, 4674
0.047998666763305664, 4673
0.047998666763305664, 4672
0.047998666763305664, 4671
0.047998666763305664, 4670
0.047998666763305664, 4669
0.047998666763305664, 4668
0.047998666763305664, 4667
0.047998666763305664, 4666
0.047998666763305664, 4665
0.047998666763305664, 4664
0.047998666763305664, 4663
0.047998666763305664, 4662
0.047998666763305664, 4661
0.047998666763305664, 4660
0.047998666763305664, 4659
0.047998666763305664, 4658
0.047998666763305664, 4657
0.047998666763305664, 4656
0.047998666763305664, 4655
0.047998666763305664, 4654
0.047998666763305664, 4653
0.047998666763305664, 4652
0.048999786376953125, 4651
0.048999786376953125, 4650
0.048999786376953125, 4649
0.048999786376953125, 4648
0.048999786376953125, 4647
0.048999786376953125, 4646
0.048999786376953125, 4645
0.048999786376953125, 4644
0.048999786376953125, 4643
0.048999786376953125, 4642
0.048999786376953125, 4641
0.048999786376953125, 4640
0.048999786376953125, 4639
0.048999786376953125, 4638
0.048999786376953125, 4637
0.048999786376953125, 4636
0.048999786376953125, 4635
0.048999786376953125, 4634
0.048999786376953125, 4633
0.048999786376953125, 4632
0.048999786376953125, 4631
0.048999786376953125, 4630
0.048999786376953125, 4629
0.048999786376953125, 4628
0.048999786376953125, 4627
0.048999786376953125, 4626
0.048999786376953125, 4625
0.048999786376953125, 4624
0.048999786376953125, 4623
0.048999786376953125, 4622
0.048999786376953125, 4621
0.048999786376953125, 4620
0.048999786376953125, 4619
0.048999786376953125, 4618
0.048999786376953125, 4617
0.048999786376953125, 4616
0.048999786376953125, 4615
0.048999786376953125, 4614
0.048999786376953125, 4613
0.048999786376953125, 4612
0.048999786376953125, 4611
0.048999786376953125, 4610
0.048999786376953125, 4609
0.11010003089904785, 3368
0.11010003089904785, 3367
0.11010003089904785, 3366
0.11010003089904785, 3365
0.11010003089904785, 3364
0.11010003089904785, 3363
0.11010003089904785, 3362
0.11109280586242676, 3361
0.11109280586242676, 3360
0.11109280586242676, 3359
0.11109280586242676, 3358
0.11109280586242676, 3357
0.11109280586242676, 3356
0.11109280586242676, 3355
0.11109280586242676, 3354
0.11109280586242676, 3353
0.11109280586242676, 3352
0.11109280586242676, 3351
0.11109280586242676, 3350
0.11109280586242676, 3349
0.11109280586242676, 3348
0.11109280586242676, 3347
0.11109280586242676, 3346
0.11109280586242676, 3345
0.11109280586242676, 3344
0.11109280586242676, 3343
0.11109280586242676, 3342
0.11109280586242676, 3341
0.11109280586242676, 3340
0.11109280586242676, 3339
0.11109280586242676, 3338
0.11109280586242676, 3337
0.11109280586242676, 3336
0.11109280586242676, 3335
0.11109280586242676, 3334
0.11109280586242676, 3333
0.11209249496459961, 3332
0.11209249496459961, 3331
0.11209249496459961, 3330
0.11209249496459961, 3329
0.11209249496459961, 3328
0.11209249496459961, 3327
0.11209249496459961, 3326
0.11209249496459961, 3325
0.11209249496459961, 3324
0.11209249496459961, 3323
0.11209249496459961, 3322
0.11209249496459961, 3321
0.11209249496459961, 3320
0.11209249496459961, 3319
0.11209249496459961, 3318
0.11209249496459961, 3317
0.11209249496459961, 3316
0.11209249496459961, 3315
0.11209249496459961, 3314
0.11209249496459961, 3313
0.11209249496459961, 3312
0.11209249496459961, 3311
0.11309242248535156, 3310
0.11309242248535156, 3309
0.11309242248535156, 3308
0.11309242248535156, 3307
0.11309242248535156, 3306
0.11309242248535156, 3305
0.11309242248535156, 3304
0.11309242248535156, 3303
0.11309242248535156, 3302
0.11309242248535156, 3301
0.11309242248535156, 3300
0.11309242248535156, 3299
0.11309242248535156, 3298
0.11309242248535156, 3297
0.11309242248535156, 3296
0.11309242248535156, 3295
0.11309242248535156, 3294
0.11309242248535156, 3293
0.11309242248535156, 3292
0.11309242248535156, 3291
0.11309242248535156, 3290
0.11309242248535156, 3289
0.11309242248535156, 3288
0.11309242248535156, 3287
0.11309242248535156, 3286
0.11309242248535156, 3285
0.11409282684326172, 3284
0.11409282684326172, 3283
0.11409282684326172, 3282
0.11409282684326172, 3281
0.11409282684326172, 3280
0.11409282684326172, 3279
0.11409282684326172, 3278
0.11409282684326172, 3277
0.11409282684326172, 3276
0.11409282684326172, 3275
0.11409282684326172, 3274
0.11409282684326172, 3273
0.11409282684326172, 3272
0.11409282684326172, 3271
0.11409282684326172, 3270
0.11409282684326172, 3269
0.11409282684326172, 3268
0.11409282684326172, 3267
0.11409282684326172, 3266
0.11409282684326172, 3265
0.11409282684326172, 3264
0.11409282684326172, 3263
0.11409282684326172, 3262
0.11409282684326172, 3261
0.11409282684326172, 3260
0.11409282684326172, 3259
0.11409282684326172, 3258
0.11409282684326172, 3257
0.11409282684326172, 3256
0.11409282684326172, 3255
0.11409282684326172, 3254
0.11509251594543457, 3253
0.11509251594543457, 3252
0.11509251594543457, 3251
0.11509251594543457, 3250
0.11509251594543457, 3249
0.11509251594543457, 3248
0.11509251594543457, 3247
0.11509251594543457, 3246
0.11509251594543457, 3245
0.11509251594543457, 3244
0.11509251594543457, 3243
0.11509251594543457, 3242
0.11509251594543457, 3241
0.11509251594543457, 3240
0.11509251594543457, 3239
0.11509251594543457, 3238
0.11509251594543457, 3237
0.11509251594543457, 3236
0.11509251594543457, 3235
0.11509251594543457, 3234
0.11509251594543457, 3233
0.11509251594543457, 3232
0.11509251594543457, 3231
0.11509251594543457, 3230
0.11509251594543457, 3229
0.11509251594543457, 3228
0.11509251594543457, 3227
0.11509251594543457, 3226
0.11609244346618652, 3225
0.11609244346618652, 3224
0.11609244346618652, 3223
0.11609244346618652, 3222
0.11609244346618652, 3221
0.11609244346618652, 3220
0.11609244346618652, 3219
0.11609244346618652, 3218
0.11609244346618652, 3217
0.11609244346618652, 3216
0.11609244346618652, 3215
0.11609244346618652, 3214
0.11609244346618652, 3213
0.11609244346618652, 3212
0.11609244346618652, 3211
0.11609244346618652, 3210
0.11658000946044922, 3209
0.11658000946044922, 3208
0.11658000946044922, 3207
0.11658000946044922, 3206
0.11658000946044922, 3205
0.11658000946044922, 3204
0.11658000946044922, 3203
0.11658000946044922, 3202
0.11658000946044922, 3201
0.11658000946044922, 3200
0.11658000946044922, 3199
0.11658000946044922, 3198
0.11658000946044922, 3197
0.11658000946044922, 3196
0.11658000946044922, 3195
0.11658000946044922, 3194
0.11658000946044922, 3193
0.11658000946044922, 3192
0.11709237098693848, 3191
0.11709237098693848, 3190
0.11709237098693848, 3189
0.11709237098693848, 3188
0.11709237098693848, 3187
0.16705322265625, 3186
0.16705322265625, 3185
0.16705322265625, 3184
0.16705322265625, 3183
0.16705322265625, 3182
0.16705322265625, 3181
0.16705322265625, 3180
0.16805338859558105, 3179
0.16805338859558105, 3178
0.16805338859558105, 3177
0.16805338859558105, 3176
0.16805338859558105, 3175
0.16805338859558105, 3174
0.16805338859558105, 3173
0.16805338859558105, 3172
0.16805338859558105, 3171
0.16805338859558105, 3170
0.16805338859558105, 3169
0.16805338859558105, 3168
0.16805338859558105, 3167
0.16805338859558105, 3166
0.4200007915496826, 3165
0.4200007915496826, 3164
0.4200007915496826, 3163
0.4200007915496826, 3162
0.4200007915496826, 3161
0.4200007915496826, 3160
0.4200007915496826, 3159
0.421001672744751, 3158
0.421001672744751, 3157
0.421001672744751, 3156
0.421001672744751, 3155
0.421001672744751, 3154
0.421001672744751, 3153
0.421001672744751, 3152
0.421001672744751, 3151
0.421001672744751, 3150
0.421001672744751, 3149
0.421001672744751, 3148
0.421001672744751, 3147
0.421001672744751, 3146
0.421001672744751, 3145
0.421001672744751, 3144
0.421001672744751, 3143
0.421001672744751, 3142
1.1281821727752686, 3141
1.1281821727752686, 3140
1.2800464630126953, 3139
1.2800464630126953, 3138
1.2800464630126953, 3137
1.7840447425842285, 3136
1.7840447425842285, 3135
1.960278034210205, 3134
1.960278034210205, 3133
1.960278034210205, 3132
1.960278034210205, 3131
3.9940431118011475, 3130
3.9940431118011475, 3129
3.9940431118011475, 3128
3.9940431118011475, 3127
3.9950413703918457, 3126
3.9950413703918457, 3125
3.9950413703918457, 3124
6.66880989074707, 3123
6.66880989074707, 3122
6.66880989074707, 3121
6.66880989074707, 3120
6.66880989074707, 3119
6.66880989074707, 3118
6.66880989074707, 3117
6.66880989074707, 3116
6.66880989074707, 3115
6.66880989074707, 3114
6.66880989074707, 3113
6.669810056686401, 3112
6.669810056686401, 3111
6.669810056686401, 3110
6.669810056686401, 3109
6.669810056686401, 3108
6.669810056686401, 3107
6.669810056686401, 3106
6.670043468475342, 3105
6.670043468475342, 3104
