0.0210113525390625, 4918
0.0210113525390625, 4917
0.0210113525390625, 4916
0.0210113525390625, 4915
0.0210113525390625, 4914
0.0210113525390625, 4913
0.0210113525390625, 4912
0.0210113525390625, 4911
0.0210113525390625, 4910
0.0210113525390625, 4909
0.0210113525390625, 4908
0.0210113525390625, 4907
0.0210113525390625, 4906
0.0210113525390625, 4905
0.0210113525390625, 4904
0.0210113525390625, 4903
0.0210113525390625, 4902
0.022011280059814453, 4901
0.022011280059814453, 4900
0.022011280059814453, 4899
0.022011280059814453, 4898
0.022011280059814453, 4897
0.022011280059814453, 4896
0.022011280059814453, 4895
0.022011280059814453, 4894
0.022011280059814453, 4893
0.022011280059814453, 4892
0.022011280059814453, 4891
0.022011280059814453, 4890
0.022011280059814453, 4889
0.022011280059814453, 4888
0.022011280059814453, 4887
0.022011280059814453, 4886
0.022011280059814453, 4885
0.022011280059814453, 4884
0.022011280059814453, 4883
0.022011280059814453, 4882
0.022011280059814453, 4881
0.022011280059814453, 4880
0.022011280059814453, 4879
0.022011280059814453, 4878
0.022011280059814453, 4877
0.022011280059814453, 4876
0.022011280059814453, 4875
0.023011207580566406, 4874
0.023011207580566406, 4873
0.023011207580566406, 4872
0.023011207580566406, 4871
0.023011207580566406, 4870
0.02321338653564453, 4869
0.02321338653564453, 4868
0.02321338653564453, 4867
0.02321338653564453, 4866
0.02321338653564453, 4865
0.02321338653564453, 4864
0.02321338653564453, 4863
0.02321338653564453, 4862
0.02321338653564453, 4861
0.02321338653564453, 4860
0.02321338653564453, 4859
0.02321338653564453, 4858
0.02321338653564453, 4857
0.02321338653564453, 4856
0.02321338653564453, 4855
0.02321338653564453, 4854
0.02321338653564453, 4853
0.02321338653564453, 4852
0.02321338653564453, 4851
0.023901939392089844, 4850
0.023901939392089844, 4849
0.023901939392089844, 4848
0.023901939392089844, 4847
0.023901939392089844, 4846
0.023901939392089844, 4845
0.023901939392089844, 4844
0.023901939392089844, 4843
0.023901939392089844, 4842
0.024219274520874023, 4841
0.024219274520874023, 4840
0.024219274520874023, 4839
0.024219274520874023, 4838
0.024219274520874023, 4837
0.024219274520874023, 4836
0.024219274520874023, 4835
0.024219274520874023, 4834
0.024219274520874023, 4833
0.024219274520874023, 4832
0.024219274520874023, 4831
0.024219274520874023, 4830
0.024219274520874023, 4829
0.024219274520874023, 4828
0.024219274520874023, 4827
0.024219274520874023, 4826
0.024219274520874023, 4825
0.024219274520874023, 4824
0.024219274520874023, 4823
0.024219274520874023, 4822
0.024219274520874023, 4821
0.024219274520874023, 4820
0.024219274520874023, 4819
0.024219274520874023, 4818
0.024219274520874023, 4817
0.024219274520874023, 4816
0.02521967887878418, 4815
0.02521967887878418, 4814
0.02521967887878418, 4813
0.02521967887878418, 4812
0.02521967887878418, 4811
0.02521967887878418, 4810
0.02521967887878418, 4809
0.02521967887878418, 4808
0.02521967887878418, 4807
0.02521967887878418, 4806
0.02521967887878418, 4805
0.02521967887878418, 4804
0.02521967887878418, 4803
0.02521967887878418, 4802
0.02521967887878418, 4801
0.02521967887878418, 4800
0.02521967887878418, 4799
0.02521967887878418, 4798
0.02521967887878418, 4797
0.02521967887878418, 4796
0.02521967887878418, 4795
0.02521967887878418, 4794
0.02521967887878418, 4793
0.02521967887878418, 4792
0.02521967887878418, 4791
0.02621936798095703, 4790
0.02621936798095703, 4789
0.02621936798095703, 4788
0.02621936798095703, 4787
0.02621936798095703, 4786
0.02621936798095703, 4785
0.02621936798095703, 4784
0.02621936798095703, 4783
0.02621936798095703, 4782
0.02621936798095703, 4781
0.02621936798095703, 4780
0.02621936798095703, 4779
0.02621936798095703, 4778
0.02621936798095703, 4777
0.02621936798095703, 4776
0.02621936798095703, 4775
0.02621936798095703, 4774
0.026916980743408203, 4773
0.026916980743408203, 4772
0.026916980743408203, 4771
0.026916980743408203, 4770
0.026916980743408203, 4769
0.026916980743408203, 4768
0.026916980743408203, 4767
0.027219533920288086, 4766
0.027219533920288086, 4765
0.027301311492919922, 4764
0.027301311492919922, 4763
0.027301311492919922, 4762
0.027301311492919922, 4761
0.027301311492919922, 4760
0.027301311492919922, 4759
0.027301311492919922, 4758
0.027301311492919922, 4757
0.027301311492919922, 4756
0.027301311492919922, 4755
0.027301311492919922, 4754
0.027301311492919922, 4753
0.027301311492919922, 4752
0.027301311492919922, 4751
0.027301311492919922, 4750
0.027301311492919922, 4749
0.027301311492919922, 4748
0.027301311492919922, 4747
0.027301311492919922, 4746
0.027301311492919922, 4745
0.027301311492919922, 4744
0.027301311492919922, 4743
0.027301311492919922, 4742
0.027301311492919922, 4741
0.028218984603881836, 4740
0.028218984603881836, 4739
0.028218984603881836, 4738
0.028218984603881836, 4737
0.028218984603881836, 4736
0.04275870323181152, 3356
0.04275870323181152, 3355
0.04275870323181152, 3354
0.04275870323181152, 3353
0.04275870323181152, 3352
0.04275870323181152, 3351
0.04275870323181152, 3350
0.04275870323181152, 3349
0.04275870323181152, 3348
0.04275870323181152, 3347
0.04275870323181152, 3346
0.04275870323181152, 3345
0.04275870323181152, 3344
0.04275870323181152, 3343
0.04275870323181152, 3342
0.04275870323181152, 3341
0.04375934600830078, 3340
0.04375934600830078, 3339
0.04375934600830078, 3338
0.04375934600830078, 3337
0.04394960403442383, 3336
0.04394960403442383, 3335
0.04394960403442383, 3334
0.04394960403442383, 3333
0.04394960403442383, 3332
0.04394960403442383, 3331
0.04394960403442383, 3330
0.04394960403442383, 3329
0.04394960403442383, 3328
0.04394960403442383, 3327
0.04394960403442383, 3326
0.044759273529052734, 3325
0.044759273529052734, 3324
0.044759273529052734, 3323
0.044759273529052734, 3322
0.044759273529052734, 3321
0.044759273529052734, 3320
0.044759273529052734, 3319
0.044759273529052734, 3318
0.044759273529052734, 3317
0.044759273529052734, 3316
0.044759273529052734, 3315
0.044759273529052734, 3314
0.044759273529052734, 3313
0.044759273529052734, 3312
0.044759273529052734, 3311
0.044759273529052734, 3310
0.044759273529052734, 3309
0.044759273529052734, 3308
0.044759273529052734, 3307
0.04575848579406738, 3306
0.04575848579406738, 3305
0.04584503173828125, 3304
0.04584503173828125, 3303
0.04584503173828125, 3302
0.04584503173828125, 3301
0.04584503173828125, 3300
0.04584503173828125, 3299
0.04584503173828125, 3298
0.04584503173828125, 3297
0.04584503173828125, 3296
0.04584503173828125, 3295
0.04584503173828125, 3294
0.04584503173828125, 3293
0.04584503173828125, 3292
0.04584503173828125, 3291
0.046761512756347656, 3290
0.046761512756347656, 3289
0.046761512756347656, 3288
0.046761512756347656, 3287
0.046761512756347656, 3286
0.046761512756347656, 3285
0.046761512756347656, 3284
0.046761512756347656, 3283
0.046761512756347656, 3282
0.046761512756347656, 3281
0.046761512756347656, 3280
0.046761512756347656, 3279
0.046761512756347656, 3278
0.046761512756347656, 3277
0.046761512756347656, 3276
0.046761512756347656, 3275
0.046761512756347656, 3274
0.046761512756347656, 3273
0.046761512756347656, 3272
0.046761512756347656, 3271
0.046761512756347656, 3270
0.046761512756347656, 3269
0.04775881767272949, 3268
0.04775881767272949, 3267
0.04775881767272949, 3266
0.04775881767272949, 3265
0.04775881767272949, 3264
0.04775881767272949, 3263
0.04775881767272949, 3262
0.04775881767272949, 3261
0.04775881767272949, 3260
0.04775881767272949, 3259
0.04775881767272949, 3258
0.04775881767272949, 3257
0.04775881767272949, 3256
0.04775881767272949, 3255
0.04775881767272949, 3254
0.04775881767272949, 3253
0.04775881767272949, 3252
0.04775881767272949, 3251
0.04775881767272949, 3250
0.04775881767272949, 3249
0.04875898361206055, 3248
0.04875898361206055, 3247
0.04875898361206055, 3246
0.04875898361206055, 3245
0.04875898361206055, 3244
0.04875898361206055, 3243
0.04875898361206055, 3242
0.04875898361206055, 3241
0.04875898361206055, 3240
0.04875898361206055, 3239
0.04875898361206055, 3238
0.04875898361206055, 3237
0.04875898361206055, 3236
0.04875898361206055, 3235
0.04875898361206055, 3234
0.04875898361206055, 3233
0.04875898361206055, 3232
0.04875898361206055, 3231
0.04875898361206055, 3230
0.04875898361206055, 3229
0.049759864807128906, 3228
0.049759864807128906, 3227
0.049759864807128906, 3226
0.049759864807128906, 3225
0.049759864807128906, 3224
0.049759864807128906, 3223
0.049759864807128906, 3222
0.049759864807128906, 3221
0.049759864807128906, 3220
0.049759864807128906, 3219
0.049759864807128906, 3218
0.049759864807128906, 3217
0.049759864807128906, 3216
0.049759864807128906, 3215
0.049759864807128906, 3214
0.049759864807128906, 3213
0.049759864807128906, 3212
0.049759864807128906, 3211
0.049759864807128906, 3210
0.049759864807128906, 3209
0.049759864807128906, 3208
0.05075860023498535, 3207
0.05075860023498535, 3206
0.05075860023498535, 3205
0.05075860023498535, 3204
0.05075860023498535, 3203
0.05075860023498535, 3202
0.05075860023498535, 3201
0.05075860023498535, 3200
0.05075860023498535, 3199
0.05075860023498535, 3198
0.05075860023498535, 3197
0.05075860023498535, 3196
0.05075860023498535, 3195
0.05075860023498535, 3194
0.05075860023498535, 3193
0.05075860023498535, 3192
0.05075860023498535, 3191
0.05075860023498535, 3190
0.05075860023498535, 3189
0.05075860023498535, 3188
0.05075860023498535, 3187
0.05075860023498535, 3186
0.05075860023498535, 3185
0.051758527755737305, 3184
0.051758527755737305, 3183
0.051758527755737305, 3182
0.051758527755737305, 3181
0.051758527755737305, 3180
0.051758527755737305, 3179
0.051758527755737305, 3178
0.051758527755737305, 3177
0.051758527755737305, 3176
0.051758527755737305, 3175
0.051758527755737305, 3174
0.051758527755737305, 3173
0.051758527755737305, 3172
0.051758527755737305, 3171
0.051758527755737305, 3170
0.051758527755737305, 3169
0.051758527755737305, 3168
0.051758527755737305, 3167
0.051758527755737305, 3166
0.051758527755737305, 3165
0.051758527755737305, 3164
0.051758527755737305, 3163
0.05275845527648926, 3162
0.05275845527648926, 3161
0.05275845527648926, 3160
0.05275845527648926, 3159
0.05275845527648926, 3158
0.05275845527648926, 3157
0.05275845527648926, 3156
0.05275845527648926, 3155
0.8689160346984863, 3154
0.8689160346984863, 3153
0.8689160346984863, 3152
0.8689160346984863, 3151
0.8689160346984863, 3150
0.8689160346984863, 3149
0.8689160346984863, 3148
0.8689160346984863, 3147
0.8689160346984863, 3146
0.8689160346984863, 3145
0.8689160346984863, 3144
0.8689160346984863, 3143
0.8689160346984863, 3142
1.2717928886413574, 3141
1.2717928886413574, 3140
1.2727932929992676, 3139
1.2727932929992676, 3138
1.2727932929992676, 3137
1.2727932929992676, 3136
1.2727932929992676, 3135
1.2727932929992676, 3134
1.2727932929992676, 3133
1.2727932929992676, 3132
1.2727932929992676, 3131
1.2727932929992676, 3130
5.415005207061768, 3129
7.558044195175171, 3128
7.558044195175171, 3127
7.558044195175171, 3126
7.558044195175171, 3125
