0.020998001098632812, 4874
0.020998001098632812, 4873
0.020998001098632812, 4872
0.020998001098632812, 4871
0.020998001098632812, 4870
0.020998001098632812, 4869
0.020998001098632812, 4868
0.020998001098632812, 4867
0.020998001098632812, 4866
0.020998001098632812, 4865
0.020998001098632812, 4864
0.020998001098632812, 4863
0.020998001098632812, 4862
0.020998001098632812, 4861
0.020998001098632812, 4860
0.020998001098632812, 4859
0.020998001098632812, 4858
0.020998001098632812, 4857
0.020998001098632812, 4856
0.020998001098632812, 4855
0.020998001098632812, 4854
0.020998001098632812, 4853
0.020998001098632812, 4852
0.020998001098632812, 4851
0.020998001098632812, 4850
0.020998001098632812, 4849
0.020998001098632812, 4848
0.020998001098632812, 4847
0.020998001098632812, 4846
0.020998001098632812, 4845
0.020998001098632812, 4844
0.020998001098632812, 4843
0.020998001098632812, 4842
0.020998001098632812, 4841
0.020998001098632812, 4840
0.020998001098632812, 4839
0.020998001098632812, 4838
0.020998001098632812, 4837
0.020998001098632812, 4836
0.021999120712280273, 4835
0.021999120712280273, 4834
0.021999120712280273, 4833
0.021999120712280273, 4832
0.021999120712280273, 4831
0.021999120712280273, 4830
0.021999120712280273, 4829
0.021999120712280273, 4828
0.021999120712280273, 4827
0.021999120712280273, 4826
0.021999120712280273, 4825
0.021999120712280273, 4824
0.021999120712280273, 4823
0.021999120712280273, 4822
0.021999120712280273, 4821
0.021999120712280273, 4820
0.021999120712280273, 4819
0.021999120712280273, 4818
0.021999120712280273, 4817
0.021999120712280273, 4816
0.021999120712280273, 4815
0.021999120712280273, 4814
0.021999120712280273, 4813
0.021999120712280273, 4812
0.021999120712280273, 4811
0.021999120712280273, 4810
0.021999120712280273, 4809
0.021999120712280273, 4808
0.021999120712280273, 4807
0.021999120712280273, 4806
0.021999120712280273, 4805
0.021999120712280273, 4804
0.021999120712280273, 4803
0.021999120712280273, 4802
0.021999120712280273, 4801
0.021999120712280273, 4800
0.021999120712280273, 4799
0.021999120712280273, 4798
0.021999120712280273, 4797
0.021999120712280273, 4796
0.021999120712280273, 4795
0.021999120712280273, 4794
0.021999120712280273, 4793
0.021999120712280273, 4792
0.021999120712280273, 4791
0.022998571395874023, 4790
0.022998571395874023, 4789
0.022998571395874023, 4788
0.022998571395874023, 4787
0.022998571395874023, 4786
0.022998571395874023, 4785
0.022998571395874023, 4784
0.022998571395874023, 4783
0.022998571395874023, 4782
0.022998571395874023, 4781
0.022998571395874023, 4780
0.022998571395874023, 4779
0.022998571395874023, 4778
0.022998571395874023, 4777
0.022998571395874023, 4776
0.022998571395874023, 4775
0.022998571395874023, 4774
0.022998571395874023, 4773
0.022998571395874023, 4772
0.022998571395874023, 4771
0.022998571395874023, 4770
0.022998571395874023, 4769
0.022998571395874023, 4768
0.022998571395874023, 4767
0.022998571395874023, 4766
0.022998571395874023, 4765
0.022998571395874023, 4764
0.022998571395874023, 4763
0.022998571395874023, 4762
0.022998571395874023, 4761
0.022998571395874023, 4760
0.022998571395874023, 4759
0.022998571395874023, 4758
0.022998571395874023, 4757
0.022998571395874023, 4756
0.022998571395874023, 4755
0.022998571395874023, 4754
0.022998571395874023, 4753
0.022998571395874023, 4752
0.022998571395874023, 4751
0.022998571395874023, 4750
0.022998571395874023, 4749
0.022998571395874023, 4748
0.022998571395874023, 4747
0.0240325927734375, 4746
0.0240325927734375, 4745
0.0240325927734375, 4744
0.0240325927734375, 4743
0.0240325927734375, 4742
0.0240325927734375, 4741
0.0240325927734375, 4740
0.0240325927734375, 4739
0.0240325927734375, 4738
0.0240325927734375, 4737
0.0240325927734375, 4736
0.0240325927734375, 4735
0.0240325927734375, 4734
0.0240325927734375, 4733
0.0240325927734375, 4732
0.0240325927734375, 4731
0.0240325927734375, 4730
0.0240325927734375, 4729
0.0240325927734375, 4728
0.0240325927734375, 4727
0.0240325927734375, 4726
0.0240325927734375, 4725
0.0240325927734375, 4724
0.0240325927734375, 4723
0.0240325927734375, 4722
0.0240325927734375, 4721
0.0240325927734375, 4720
0.0240325927734375, 4719
0.0240325927734375, 4718
0.0240325927734375, 4717
0.0240325927734375, 4716
0.0240325927734375, 4715
0.0240325927734375, 4714
0.0240325927734375, 4713
0.0240325927734375, 4712
0.0240325927734375, 4711
0.0240325927734375, 4710
0.0240325927734375, 4709
0.0240325927734375, 4708
0.0240325927734375, 4707
0.0240325927734375, 4706
0.0240325927734375, 4705
0.02503228187561035, 4704
0.02503228187561035, 4703
0.02503228187561035, 4702
0.02503228187561035, 4701
0.02503228187561035, 4700
0.02503228187561035, 4699
0.02503228187561035, 4698
0.02503228187561035, 4697
0.02503228187561035, 4696
0.02503228187561035, 4695
0.02503228187561035, 4694
0.02503228187561035, 4693
0.02503228187561035, 4692
0.02503228187561035, 4691
0.02503228187561035, 4690
0.02503228187561035, 4689
0.02503228187561035, 4688
0.02503228187561035, 4687
0.02503228187561035, 4686
0.02503228187561035, 4685
0.02503228187561035, 4684
0.02503228187561035, 4683
0.02503228187561035, 4682
0.02503228187561035, 4681
0.02503228187561035, 4680
0.02503228187561035, 4679
0.02503228187561035, 4678
0.02503228187561035, 4677
0.02503228187561035, 4676
0.02503228187561035, 4675
0.02503228187561035, 4674
0.02503228187561035, 4673
0.02503228187561035, 4672
0.02503228187561035, 4671
0.02503228187561035, 4670
0.02503228187561035, 4669
0.02503228187561035, 4668
0.02503228187561035, 4667
0.02503228187561035, 4666
0.02503228187561035, 4665
0.02503228187561035, 4664
0.02503228187561035, 4663
0.02503228187561035, 4662
0.026032447814941406, 4661
0.026032447814941406, 4660
0.026032447814941406, 4659
0.026032447814941406, 4658
0.026032447814941406, 4657
0.026032447814941406, 4656
0.026032447814941406, 4655
0.026032447814941406, 4654
0.026032447814941406, 4653
0.026032447814941406, 4652
0.026032447814941406, 4651
0.026032447814941406, 4650
0.026032447814941406, 4649
0.026032447814941406, 4648
0.026032447814941406, 4647
0.026032447814941406, 4646
0.026032447814941406, 4645
0.026032447814941406, 4644
0.11919474601745605, 4643
0.11919474601745605, 4642
0.11919474601745605, 4641
0.11919474601745605, 4640
0.11919474601745605, 4639
0.11919474601745605, 4638
0.11919474601745605, 4637
0.11919474601745605, 4636
0.11919474601745605, 4635
0.11919474601745605, 4634
0.11919474601745605, 4633
0.11919474601745605, 4632
0.11919474601745605, 4631
0.11919474601745605, 4630
0.11919474601745605, 4629
0.18971753120422363, 3345
0.18971753120422363, 3344
0.18971753120422363, 3343
0.18971753120422363, 3342
0.18971753120422363, 3341
0.18971753120422363, 3340
0.18971753120422363, 3339
0.19071578979492188, 3338
0.19071578979492188, 3337
0.19071578979492188, 3336
0.19071578979492188, 3335
0.19071578979492188, 3334
0.19071578979492188, 3333
0.19071578979492188, 3332
0.19071578979492188, 3331
0.19071578979492188, 3330
0.19071578979492188, 3329
0.19071578979492188, 3328
0.19071578979492188, 3327
0.19071578979492188, 3326
0.19071578979492188, 3325
0.19071578979492188, 3324
0.19071578979492188, 3323
0.19071578979492188, 3322
0.19071578979492188, 3321
0.19071578979492188, 3320
0.19071578979492188, 3319
0.19171547889709473, 3318
0.19171547889709473, 3317
0.19171547889709473, 3316
0.19171547889709473, 3315
0.19171547889709473, 3314
0.19171547889709473, 3313
0.19171547889709473, 3312
0.19171547889709473, 3311
0.19171547889709473, 3310
0.19171547889709473, 3309
0.19171547889709473, 3308
0.19171547889709473, 3307
0.19171547889709473, 3306
0.19271540641784668, 3305
0.19271540641784668, 3304
0.19271540641784668, 3303
0.19271540641784668, 3302
0.19271540641784668, 3301
0.19271540641784668, 3300
0.19271540641784668, 3299
0.19271540641784668, 3298
0.19271540641784668, 3297
0.19271540641784668, 3296
0.19271540641784668, 3295
0.19271540641784668, 3294
0.19271540641784668, 3293
0.19271540641784668, 3292
0.19271540641784668, 3291
0.19271540641784668, 3290
0.19271540641784668, 3289
0.19271540641784668, 3288
0.19371557235717773, 3287
0.19371557235717773, 3286
0.19371557235717773, 3285
0.19371557235717773, 3284
0.19371557235717773, 3283
0.19371557235717773, 3282
0.19371557235717773, 3281
0.19371557235717773, 3280
0.19371557235717773, 3279
0.19371557235717773, 3278
0.19371557235717773, 3277
0.19371557235717773, 3276
0.19371557235717773, 3275
0.19371557235717773, 3274
0.19371557235717773, 3273
0.19371557235717773, 3272
0.19371557235717773, 3271
0.19371557235717773, 3270
0.19371557235717773, 3269
0.19371557235717773, 3268
0.19371557235717773, 3267
0.19371557235717773, 3266
0.19371557235717773, 3265
0.19371557235717773, 3264
0.19371557235717773, 3263
0.1947154998779297, 3262
0.1947154998779297, 3261
0.1947154998779297, 3260
0.1947154998779297, 3259
0.1947154998779297, 3258
0.1947154998779297, 3257
0.1947154998779297, 3256
0.1947154998779297, 3255
0.1947154998779297, 3254
0.1947154998779297, 3253
0.1947154998779297, 3252
0.1947154998779297, 3251
0.1947154998779297, 3250
0.1947154998779297, 3249
0.1947154998779297, 3248
0.1947154998779297, 3247
0.1947154998779297, 3246
0.1947154998779297, 3245
0.1947154998779297, 3244
0.1947154998779297, 3243
0.1947154998779297, 3242
0.1947154998779297, 3241
0.1947154998779297, 3240
0.19571518898010254, 3239
0.19571518898010254, 3238
0.19571518898010254, 3237
0.19571518898010254, 3236
0.19571518898010254, 3235
0.19571518898010254, 3234
0.19571518898010254, 3233
0.19571518898010254, 3232
0.19571518898010254, 3231
0.19571518898010254, 3230
0.19571518898010254, 3229
0.19571518898010254, 3228
0.19571518898010254, 3227
0.19571518898010254, 3226
0.19571518898010254, 3225
0.19571518898010254, 3224
0.19571518898010254, 3223
0.1967158317565918, 3222
0.1967158317565918, 3221
0.1967158317565918, 3220
0.1967158317565918, 3219
0.1967158317565918, 3218
0.1967158317565918, 3217
0.1967158317565918, 3216
0.1967158317565918, 3215
0.1967158317565918, 3214
0.1967158317565918, 3213
0.1967158317565918, 3212
0.1967158317565918, 3211
0.1967158317565918, 3210
0.1967158317565918, 3209
0.1967158317565918, 3208
0.1967158317565918, 3207
0.1967158317565918, 3206
0.1967158317565918, 3205
0.1967158317565918, 3204
0.1967158317565918, 3203
0.1967158317565918, 3202
0.1967158317565918, 3201
0.1967158317565918, 3200
0.1967158317565918, 3199
0.1967158317565918, 3198
0.1967158317565918, 3197
0.1967158317565918, 3196
0.1967158317565918, 3195
0.19771528244018555, 3194
0.19771528244018555, 3193
0.19771528244018555, 3192
0.19771528244018555, 3191
0.19771528244018555, 3190
0.19771528244018555, 3189
0.19771528244018555, 3188
0.19771528244018555, 3187
0.19771528244018555, 3186
0.19771528244018555, 3185
0.19771528244018555, 3184
0.19771528244018555, 3183
0.23407506942749023, 3182
0.23407506942749023, 3181
0.23407506942749023, 3180
0.23407506942749023, 3179
0.23407506942749023, 3178
0.23407506942749023, 3177
0.23507428169250488, 3176
0.23507428169250488, 3175
0.23507428169250488, 3174
0.23507428169250488, 3173
0.23507428169250488, 3172
0.23507428169250488, 3171
0.23507428169250488, 3170
0.23507428169250488, 3169
0.23507428169250488, 3168
0.23507428169250488, 3167
0.23507428169250488, 3166
0.23507428169250488, 3165
0.23507428169250488, 3164
0.23507428169250488, 3163
0.23507428169250488, 3162
0.23507428169250488, 3161
0.23507428169250488, 3160
0.23507428169250488, 3159
0.23507428169250488, 3158
0.23507428169250488, 3157
0.23507428169250488, 3156
0.23507428169250488, 3155
0.23507428169250488, 3154
0.23507428169250488, 3153
0.23507428169250488, 3152
1.0333282947540283, 3151
1.0333282947540283, 3150
1.0333282947540283, 3149
1.0333282947540283, 3148
1.0333282947540283, 3147
1.0333282947540283, 3146
1.194444179534912, 3145
1.194444179534912, 3144
2.0499067306518555, 3143
2.0509066581726074, 3142
2.0509066581726074, 3141
2.0509066581726074, 3140
2.0509066581726074, 3139
2.0509066581726074, 3138
2.0509066581726074, 3137
2.0509066581726074, 3136
2.0509066581726074, 3135
2.0509066581726074, 3134
3.0759716033935547, 3133
3.0759716033935547, 3132
3.0759716033935547, 3131
3.0759716033935547, 3130
3.0759716033935547, 3129
3.0759716033935547, 3128
3.0759716033935547, 3127
4.439020395278931, 3126
4.439020395278931, 3125
4.439020395278931, 3124
4.439020395278931, 3123
4.439020395278931, 3122
4.439020395278931, 3121
4.439020395278931, 3120
4.439020395278931, 3119
4.439020395278931, 3118
4.439020395278931, 3117
4.439020395278931, 3116
4.439020395278931, 3115
4.439020395278931, 3114
4.439020395278931, 3113
4.439020395278931, 3112
