0.017028331756591797, 4900
0.017028331756591797, 4899
0.017028331756591797, 4898
0.017028331756591797, 4897
0.017028331756591797, 4896
0.017028331756591797, 4895
0.017028331756591797, 4894
0.017028331756591797, 4893
0.017028331756591797, 4892
0.017028331756591797, 4891
0.017028331756591797, 4890
0.017028331756591797, 4889
0.017028331756591797, 4888
0.017028331756591797, 4887
0.017028331756591797, 4886
0.017028331756591797, 4885
0.017028331756591797, 4884
0.017028331756591797, 4883
0.017028331756591797, 4882
0.017028331756591797, 4881
0.017028331756591797, 4880
0.017028331756591797, 4879
0.018029212951660156, 4878
0.018029212951660156, 4877
0.018029212951660156, 4876
0.018029212951660156, 4875
0.018029212951660156, 4874
0.018029212951660156, 4873
0.018029212951660156, 4872
0.018029212951660156, 4871
0.018029212951660156, 4870
0.018029212951660156, 4869
0.018029212951660156, 4868
0.018029212951660156, 4867
0.018029212951660156, 4866
0.018029212951660156, 4865
0.018029212951660156, 4864
0.018029212951660156, 4863
0.018029212951660156, 4862
0.018029212951660156, 4861
0.018029212951660156, 4860
0.018029212951660156, 4859
0.018029212951660156, 4858
0.018029212951660156, 4857
0.018029212951660156, 4856
0.018029212951660156, 4855
0.018029212951660156, 4854
0.018029212951660156, 4853
0.018029212951660156, 4852
0.018029212951660156, 4851
0.018029212951660156, 4850
0.018029212951660156, 4849
0.018029212951660156, 4848
0.018029212951660156, 4847
0.018029212951660156, 4846
0.018029212951660156, 4845
0.018029212951660156, 4844
0.018029212951660156, 4843
0.018029212951660156, 4842
0.018029212951660156, 4841
0.018029212951660156, 4840
0.018029212951660156, 4839
0.018029212951660156, 4838
0.018029212951660156, 4837
0.01902914047241211, 4836
0.01902914047241211, 4835
0.01902914047241211, 4834
0.01902914047241211, 4833
0.01902914047241211, 4832
0.01902914047241211, 4831
0.01902914047241211, 4830
0.01902914047241211, 4829
0.01902914047241211, 4828
0.01902914047241211, 4827
0.01902914047241211, 4826
0.01902914047241211, 4825
0.01902914047241211, 4824
0.01902914047241211, 4823
0.01902914047241211, 4822
0.01902914047241211, 4821
0.01902914047241211, 4820
0.01902914047241211, 4819
0.01902914047241211, 4818
0.01902914047241211, 4817
0.01902914047241211, 4816
0.01902914047241211, 4815
0.01902914047241211, 4814
0.01902914047241211, 4813
0.01902914047241211, 4812
0.01902914047241211, 4811
0.01902914047241211, 4810
0.01902914047241211, 4809
0.01902914047241211, 4808
0.01902914047241211, 4807
0.01902914047241211, 4806
0.01902914047241211, 4805
0.01902914047241211, 4804
0.01902914047241211, 4803
0.01902914047241211, 4802
0.01902914047241211, 4801
0.01902914047241211, 4800
0.01902914047241211, 4799
0.01902914047241211, 4798
0.01902914047241211, 4797
0.01902914047241211, 4796
0.01902914047241211, 4795
0.01902914047241211, 4794
0.020029067993164062, 4793
0.020029067993164062, 4792
0.020029067993164062, 4791
0.020029067993164062, 4790
0.020029067993164062, 4789
0.020029067993164062, 4788
0.020029067993164062, 4787
0.020029067993164062, 4786
0.020029067993164062, 4785
0.020029067993164062, 4784
0.020029067993164062, 4783
0.020029067993164062, 4782
0.020029067993164062, 4781
0.020029067993164062, 4780
0.020029067993164062, 4779
0.020029067993164062, 4778
0.020029067993164062, 4777
0.020029067993164062, 4776
0.020029067993164062, 4775
0.020029067993164062, 4774
0.020029067993164062, 4773
0.020029067993164062, 4772
0.020029067993164062, 4771
0.020029067993164062, 4770
0.020029067993164062, 4769
0.020029067993164062, 4768
0.020029067993164062, 4767
0.020029067993164062, 4766
0.020029067993164062, 4765
0.020029067993164062, 4764
0.020029067993164062, 4763
0.020029067993164062, 4762
0.020029067993164062, 4761
0.020029067993164062, 4760
0.020029067993164062, 4759
0.020029067993164062, 4758
0.020029067993164062, 4757
0.020029067993164062, 4756
0.020029067993164062, 4755
0.020029067993164062, 4754
0.020029067993164062, 4753
0.020029067993164062, 4752
0.020029067993164062, 4751
0.020029067993164062, 4750
0.021028995513916016, 4749
0.021028995513916016, 4748
0.021028995513916016, 4747
0.021028995513916016, 4746
0.021028995513916016, 4745
0.021028995513916016, 4744
0.021028995513916016, 4743
0.021028995513916016, 4742
0.021028995513916016, 4741
0.021028995513916016, 4740
0.021028995513916016, 4739
0.021028995513916016, 4738
0.021028995513916016, 4737
0.021028995513916016, 4736
0.021028995513916016, 4735
0.021028995513916016, 4734
0.021028995513916016, 4733
0.021028995513916016, 4732
0.021028995513916016, 4731
0.021028995513916016, 4730
0.021028995513916016, 4729
0.04654240608215332, 4728
0.04654240608215332, 4727
0.04654240608215332, 4726
0.04654240608215332, 4725
0.04654240608215332, 4724
0.04654240608215332, 4723
0.04654240608215332, 4722
0.04654240608215332, 4721
0.04654240608215332, 4720
0.04654240608215332, 4719
0.04654240608215332, 4718
0.04654240608215332, 4717
0.04654240608215332, 4716
0.04654240608215332, 4715
0.04654240608215332, 4714
0.04654240608215332, 4713
0.04654240608215332, 4712
0.04654240608215332, 4711
0.04654240608215332, 4710
0.04754161834716797, 4709
0.04754161834716797, 4708
0.04754161834716797, 4707
0.04754161834716797, 4706
0.04754161834716797, 4705
0.04754161834716797, 4704
0.04754161834716797, 4703
0.04754161834716797, 4702
0.04754161834716797, 4701
0.04754161834716797, 4700
0.04754161834716797, 4699
0.04754161834716797, 4698
0.04754161834716797, 4697
0.04754161834716797, 4696
0.04754161834716797, 4695
0.04754161834716797, 4694
0.04754161834716797, 4693
0.04754161834716797, 4692
0.04754161834716797, 4691
0.04754161834716797, 4690
0.04754161834716797, 4689
0.04754161834716797, 4688
0.04754161834716797, 4687
0.04754161834716797, 4686
0.04754161834716797, 4685
0.04854249954223633, 4684
0.04854249954223633, 4683
0.04854249954223633, 4682
0.04854249954223633, 4681
0.04854249954223633, 4680
0.04854249954223633, 4679
0.04854249954223633, 4678
0.04854249954223633, 4677
0.04854249954223633, 4676
0.04854249954223633, 4675
0.04854249954223633, 4674
0.04854249954223633, 4673
0.04854249954223633, 4672
0.04854249954223633, 4671
0.06313776969909668, 3267
0.06313776969909668, 3266
0.06313776969909668, 3265
0.06313776969909668, 3264
0.06313776969909668, 3263
0.06313776969909668, 3262
0.06313776969909668, 3261
0.06313776969909668, 3260
0.06313776969909668, 3259
0.06313776969909668, 3258
0.06313776969909668, 3257
0.06313776969909668, 3256
0.06313776969909668, 3255
0.06313776969909668, 3254
0.06313776969909668, 3253
0.06313776969909668, 3252
0.06313776969909668, 3251
0.06313776969909668, 3250
0.06313776969909668, 3249
0.06313776969909668, 3248
0.06313776969909668, 3247
0.06313776969909668, 3246
0.06313776969909668, 3245
0.06413769721984863, 3244
0.06413769721984863, 3243
0.06413769721984863, 3242
0.06413769721984863, 3241
0.06413769721984863, 3240
0.06413769721984863, 3239
0.06413769721984863, 3238
0.06413769721984863, 3237
0.06413769721984863, 3236
0.06413769721984863, 3235
0.06413769721984863, 3234
0.06413769721984863, 3233
0.06413769721984863, 3232
0.06413769721984863, 3231
0.06413769721984863, 3230
0.06413769721984863, 3229
0.06413769721984863, 3228
0.06413769721984863, 3227
0.06413769721984863, 3226
0.06413769721984863, 3225
0.06413769721984863, 3224
0.06413769721984863, 3223
0.06413769721984863, 3222
0.06413769721984863, 3221
0.06513810157775879, 3220
0.06513810157775879, 3219
0.06513810157775879, 3218
0.06513810157775879, 3217
0.06513810157775879, 3216
0.06513810157775879, 3215
0.06513810157775879, 3214
0.06513810157775879, 3213
0.06513810157775879, 3212
0.06513810157775879, 3211
0.06513810157775879, 3210
0.06513810157775879, 3209
0.06513810157775879, 3208
0.06513810157775879, 3207
0.06513810157775879, 3206
0.06513810157775879, 3205
0.06513810157775879, 3204
0.06513810157775879, 3203
0.06513810157775879, 3202
0.06513810157775879, 3201
0.06513810157775879, 3200
0.06513810157775879, 3199
0.06513810157775879, 3198
0.06513810157775879, 3197
0.06613755226135254, 3196
0.06613755226135254, 3195
0.06613755226135254, 3194
0.06613755226135254, 3193
0.06613755226135254, 3192
0.06613755226135254, 3191
0.06613755226135254, 3190
0.06613755226135254, 3189
0.06613755226135254, 3188
0.06613755226135254, 3187
0.06613755226135254, 3186
0.06613755226135254, 3185
0.06613755226135254, 3184
0.06613755226135254, 3183
0.06613755226135254, 3182
0.06613755226135254, 3181
0.06613755226135254, 3180
0.06613755226135254, 3179
0.06613755226135254, 3178
0.06613755226135254, 3177
0.06613755226135254, 3176
0.06613755226135254, 3175
0.06613755226135254, 3174
0.06613755226135254, 3173
0.06613755226135254, 3172
0.0671381950378418, 3171
0.0671381950378418, 3170
0.0671381950378418, 3169
0.0671381950378418, 3168
0.0671381950378418, 3167
0.1917424201965332, 3166
0.1917424201965332, 3165
0.1917424201965332, 3164
0.1917424201965332, 3163
0.19274306297302246, 3162
0.19274306297302246, 3161
0.19274306297302246, 3160
0.5702362060546875, 3159
0.5702362060546875, 3158
0.7023966312408447, 3157
0.7023966312408447, 3156
0.703397274017334, 3155
0.703397274017334, 3154
0.703397274017334, 3153
0.703397274017334, 3152
0.703397274017334, 3151
0.703397274017334, 3150
0.703397274017334, 3149
0.703397274017334, 3148
0.703397274017334, 3147
0.703397274017334, 3146
0.703397274017334, 3145
0.703397274017334, 3144
0.703397274017334, 3143
0.703397274017334, 3142
0.703397274017334, 3141
0.703397274017334, 3140
0.703397274017334, 3139
0.8115622997283936, 3138
0.8115622997283936, 3137
0.8115622997283936, 3136
2.003129243850708, 3135
2.003129243850708, 3134
2.003129243850708, 3133
6.267958641052246, 3132
6.267958641052246, 3131
6.267958641052246, 3130
6.267958641052246, 3129
6.267958641052246, 3128
6.267958641052246, 3127
6.267958641052246, 3126
6.267958641052246, 3125
6.267958641052246, 3124
6.267958641052246, 3123
9.656151056289673, 3122
9.656151056289673, 3121
9.656151056289673, 3120
9.656151056289673, 3119
9.656151056289673, 3118
9.656151056289673, 3117
9.656151056289673, 3116
9.656151056289673, 3115
9.656151056289673, 3114
9.656151056289673, 3113
9.656151056289673, 3112
9.656151056289673, 3111
9.656151056289673, 3110
9.656151056289673, 3109
9.656151056289673, 3108
9.656151056289673, 3107
9.656151056289673, 3106
