0.020586490631103516, 4913
0.020586490631103516, 4912
0.020586490631103516, 4911
0.020586490631103516, 4910
0.020586490631103516, 4909
0.020586490631103516, 4908
0.020586490631103516, 4907
0.020586490631103516, 4906
0.020586490631103516, 4905
0.020586490631103516, 4904
0.020586490631103516, 4903
0.020586490631103516, 4902
0.020586490631103516, 4901
0.020586490631103516, 4900
0.020586490631103516, 4899
0.020586490631103516, 4898
0.020586490631103516, 4897
0.020586490631103516, 4896
0.020586490631103516, 4895
0.020586490631103516, 4894
0.020586490631103516, 4893
0.020586490631103516, 4892
0.020586490631103516, 4891
0.020586490631103516, 4890
0.020586490631103516, 4889
0.020586490631103516, 4888
0.020586490631103516, 4887
0.020586490631103516, 4886
0.020586490631103516, 4885
0.020586490631103516, 4884
0.020586490631103516, 4883
0.020586490631103516, 4882
0.020586490631103516, 4881
0.020586490631103516, 4880
0.020586490631103516, 4879
0.020586490631103516, 4878
0.020586490631103516, 4877
0.020586490631103516, 4876
0.020586490631103516, 4875
0.020586490631103516, 4874
0.020586490631103516, 4873
0.02158641815185547, 4872
0.02158641815185547, 4871
0.02158641815185547, 4870
0.02158641815185547, 4869
0.02158641815185547, 4868
0.02158641815185547, 4867
0.02158641815185547, 4866
0.02158641815185547, 4865
0.02158641815185547, 4864
0.02158641815185547, 4863
0.02158641815185547, 4862
0.02158641815185547, 4861
0.02158641815185547, 4860
0.02158641815185547, 4859
0.02158641815185547, 4858
0.02158641815185547, 4857
0.02158641815185547, 4856
0.02158641815185547, 4855
0.02158641815185547, 4854
0.02158641815185547, 4853
0.022081375122070312, 4852
0.022081375122070312, 4851
0.022081375122070312, 4850
0.022081375122070312, 4849
0.022081375122070312, 4848
0.022081375122070312, 4847
0.022081375122070312, 4846
0.022081375122070312, 4845
0.022081375122070312, 4844
0.022081375122070312, 4843
0.022081375122070312, 4842
0.022081375122070312, 4841
0.022081375122070312, 4840
0.022081375122070312, 4839
0.022081375122070312, 4838
0.022081375122070312, 4837
0.022081375122070312, 4836
0.022081375122070312, 4835
0.022081375122070312, 4834
0.022081375122070312, 4833
0.022081375122070312, 4832
0.022081375122070312, 4831
0.022611618041992188, 4830
0.022611618041992188, 4829
0.022611618041992188, 4828
0.022611618041992188, 4827
0.022611618041992188, 4826
0.022611618041992188, 4825
0.022611618041992188, 4824
0.022611618041992188, 4823
0.022611618041992188, 4822
0.022611618041992188, 4821
0.022611618041992188, 4820
0.022611618041992188, 4819
0.022611618041992188, 4818
0.022611618041992188, 4817
0.022611618041992188, 4816
0.022611618041992188, 4815
0.022611618041992188, 4814
0.022611618041992188, 4813
0.022611618041992188, 4812
0.022611618041992188, 4811
0.022611618041992188, 4810
0.022611618041992188, 4809
0.022611618041992188, 4808
0.022611618041992188, 4807
0.022611618041992188, 4806
0.022611618041992188, 4805
0.022611618041992188, 4804
0.02361130714416504, 4803
0.02361130714416504, 4802
0.02361130714416504, 4801
0.02361130714416504, 4800
0.02361130714416504, 4799
0.02361130714416504, 4798
0.02361130714416504, 4797
0.02361130714416504, 4796
0.02361130714416504, 4795
0.02361130714416504, 4794
0.02361130714416504, 4793
0.02361130714416504, 4792
0.02361130714416504, 4791
0.02361130714416504, 4790
0.02361130714416504, 4789
0.02361130714416504, 4788
0.02361130714416504, 4787
0.02361130714416504, 4786
0.02361130714416504, 4785
0.02361130714416504, 4784
0.02361130714416504, 4783
0.02361130714416504, 4782
0.02361130714416504, 4781
0.02361130714416504, 4780
0.02361130714416504, 4779
0.02361130714416504, 4778
0.02361130714416504, 4777
0.024611473083496094, 4776
0.024611473083496094, 4775
0.024611473083496094, 4774
0.024611473083496094, 4773
0.024611473083496094, 4772
0.024611473083496094, 4771
0.024611473083496094, 4770
0.024611473083496094, 4769
0.024611473083496094, 4768
0.0546417236328125, 4767
0.0546417236328125, 4766
0.0546417236328125, 4765
0.055642127990722656, 4764
0.055642127990722656, 4763
0.055642127990722656, 4762
0.055642127990722656, 4761
0.055642127990722656, 4760
0.055642127990722656, 4759
0.055642127990722656, 4758
0.055642127990722656, 4757
0.055642127990722656, 4756
0.055642127990722656, 4755
0.055642127990722656, 4754
0.055642127990722656, 4753
0.055642127990722656, 4752
0.055642127990722656, 4751
0.055642127990722656, 4750
0.055642127990722656, 4749
0.055642127990722656, 4748
0.055642127990722656, 4747
0.055642127990722656, 4746
0.055642127990722656, 4745
0.055642127990722656, 4744
0.055642127990722656, 4743
0.055642127990722656, 4742
0.055642127990722656, 4741
0.055642127990722656, 4740
0.055642127990722656, 4739
0.055642127990722656, 4738
0.055642127990722656, 4737
0.055642127990722656, 4736
0.055642127990722656, 4735
0.055642127990722656, 4734
0.055642127990722656, 4733
0.055642127990722656, 4732
0.055642127990722656, 4731
0.055642127990722656, 4730
0.055642127990722656, 4729
0.055642127990722656, 4728
0.055642127990722656, 4727
0.055642127990722656, 4726
0.055642127990722656, 4725
0.055642127990722656, 4724
0.05664229393005371, 4723
0.05664229393005371, 4722
0.05664229393005371, 4721
0.05664229393005371, 4720
0.05664229393005371, 4719
0.05664229393005371, 4718
0.05664229393005371, 4717
0.05664229393005371, 4716
0.05684804916381836, 4715
0.05684804916381836, 4714
0.05684804916381836, 4713
0.05684804916381836, 4712
0.05684804916381836, 4711
0.05684804916381836, 4710
0.05684804916381836, 4709
0.05684804916381836, 4708
0.05684804916381836, 4707
0.05684804916381836, 4706
0.05684804916381836, 4705
0.05684804916381836, 4704
0.05684804916381836, 4703
0.05684804916381836, 4702
0.05684804916381836, 4701
0.05684804916381836, 4700
0.05684804916381836, 4699
0.05684804916381836, 4698
0.08697724342346191, 4697
0.08697724342346191, 4696
0.08697724342346191, 4695
0.08697724342346191, 4694
0.08697724342346191, 4693
0.08697724342346191, 4692
0.08697724342346191, 4691
0.08697724342346191, 4690
0.08697724342346191, 4689
0.08697724342346191, 4688
0.08697724342346191, 4687
0.08697724342346191, 4686
0.08697724342346191, 4685
0.08697724342346191, 4684
0.08697724342346191, 4683
0.08797788619995117, 4682
0.08797788619995117, 4681
0.08797788619995117, 4680
0.08797788619995117, 4679
0.08797788619995117, 4678
0.08797788619995117, 4677
0.08797788619995117, 4676
0.08797788619995117, 4675
0.08797788619995117, 4674
0.08797788619995117, 4673
0.08797788619995117, 4672
0.08797788619995117, 4671
0.08797788619995117, 4670
0.08797788619995117, 4669
0.08797788619995117, 4668
0.08797788619995117, 4667
0.08797788619995117, 4666
0.08797788619995117, 4665
0.08797788619995117, 4664
0.08797788619995117, 4663
0.08797788619995117, 4662
0.08797788619995117, 4661
0.08797788619995117, 4660
0.08797788619995117, 4659
0.08797788619995117, 4658
0.08797788619995117, 4657
0.08797788619995117, 4656
0.08797788619995117, 4655
0.08797788619995117, 4654
0.08797788619995117, 4653
0.08797788619995117, 4652
0.08797788619995117, 4651
0.08797788619995117, 4650
0.08797788619995117, 4649
0.08797788619995117, 4648
0.08797788619995117, 4647
0.08797788619995117, 4646
0.08797788619995117, 4645
0.08897733688354492, 4644
0.08897733688354492, 4643
0.08897733688354492, 4642
0.08897733688354492, 4641
0.08897733688354492, 4640
0.08897733688354492, 4639
0.08897733688354492, 4638
0.08897733688354492, 4637
0.08897733688354492, 4636
0.08897733688354492, 4635
0.10253429412841797, 3355
0.10253429412841797, 3354
0.10253429412841797, 3353
0.10253429412841797, 3352
0.10253429412841797, 3351
0.10253429412841797, 3350
0.10253429412841797, 3349
0.10253429412841797, 3348
0.10253429412841797, 3347
0.10253429412841797, 3346
0.10253429412841797, 3345
0.10253429412841797, 3344
0.10253429412841797, 3343
0.10253429412841797, 3342
0.10253429412841797, 3341
0.10253429412841797, 3340
0.10253429412841797, 3339
0.10253429412841797, 3338
0.10353994369506836, 3337
0.10353994369506836, 3336
0.10353994369506836, 3335
0.10353994369506836, 3334
0.10353994369506836, 3333
0.10353994369506836, 3332
0.10353994369506836, 3331
0.10353994369506836, 3330
0.10353994369506836, 3329
0.10353994369506836, 3328
0.10353994369506836, 3327
0.10353994369506836, 3326
0.10353994369506836, 3325
0.10353994369506836, 3324
0.10353994369506836, 3323
0.10353994369506836, 3322
0.10353994369506836, 3321
0.10353994369506836, 3320
0.10454010963439941, 3319
0.10454010963439941, 3318
0.10454010963439941, 3317
0.10454010963439941, 3316
0.10454010963439941, 3315
0.10454010963439941, 3314
0.10454010963439941, 3313
0.10454010963439941, 3312
0.10454010963439941, 3311
0.10454010963439941, 3310
0.10454010963439941, 3309
0.10454010963439941, 3308
0.10454010963439941, 3307
0.10454010963439941, 3306
0.10454010963439941, 3305
0.10454010963439941, 3304
0.10454010963439941, 3303
0.10554003715515137, 3302
0.10554003715515137, 3301
0.10554003715515137, 3300
0.10554003715515137, 3299
0.10554003715515137, 3298
0.10554003715515137, 3297
0.10554003715515137, 3296
0.10554003715515137, 3295
0.10554003715515137, 3294
0.10554003715515137, 3293
0.10554003715515137, 3292
0.10554003715515137, 3291
0.10554003715515137, 3290
0.10554003715515137, 3289
0.10554003715515137, 3288
0.10554003715515137, 3287
0.10554003715515137, 3286
0.10554003715515137, 3285
0.10554003715515137, 3284
0.10554003715515137, 3283
0.10554003715515137, 3282
0.10653996467590332, 3281
0.10653996467590332, 3280
0.10653996467590332, 3279
0.10653996467590332, 3278
0.10653996467590332, 3277
0.10653996467590332, 3276
0.10653996467590332, 3275
0.10653996467590332, 3274
0.10653996467590332, 3273
0.10653996467590332, 3272
0.10653996467590332, 3271
0.10653996467590332, 3270
0.10653996467590332, 3269
0.10653996467590332, 3268
0.10653996467590332, 3267
0.10653996467590332, 3266
0.10653996467590332, 3265
0.10653996467590332, 3264
0.10653996467590332, 3263
0.10653996467590332, 3262
0.10653996467590332, 3261
0.10653996467590332, 3260
0.10653996467590332, 3259
0.10653996467590332, 3258
0.10754013061523438, 3257
0.10754013061523438, 3256
0.10754013061523438, 3255
0.10754013061523438, 3254
0.10754013061523438, 3253
0.10754013061523438, 3252
0.10754013061523438, 3251
0.10754013061523438, 3250
0.10754013061523438, 3249
0.10754013061523438, 3248
0.10754013061523438, 3247
0.10754013061523438, 3246
0.10754013061523438, 3245
0.10754013061523438, 3244
0.10754013061523438, 3243
0.10754013061523438, 3242
0.10754013061523438, 3241
0.10754013061523438, 3240
0.10854101181030273, 3239
0.10854101181030273, 3238
0.10854101181030273, 3237
0.10854101181030273, 3236
0.10854101181030273, 3235
0.10854101181030273, 3234
0.10854101181030273, 3233
0.10854101181030273, 3232
0.10854101181030273, 3231
0.10854101181030273, 3230
0.10854101181030273, 3229
0.10854101181030273, 3228
0.10854101181030273, 3227
0.10854101181030273, 3226
0.10854101181030273, 3225
0.10854101181030273, 3224
0.10854101181030273, 3223
0.10854101181030273, 3222
0.10854101181030273, 3221
0.10854101181030273, 3220
0.10954093933105469, 3219
0.10954093933105469, 3218
0.10954093933105469, 3217
0.10954093933105469, 3216
0.10954093933105469, 3215
0.10954093933105469, 3214
0.10954093933105469, 3213
0.10954093933105469, 3212
0.10954093933105469, 3211
0.10954093933105469, 3210
0.10954093933105469, 3209
0.10954093933105469, 3208
0.10954093933105469, 3207
0.10954093933105469, 3206
0.10954093933105469, 3205
0.10954093933105469, 3204
0.10954093933105469, 3203
0.10954093933105469, 3202
0.10954093933105469, 3201
0.10954093933105469, 3200
0.10954093933105469, 3199
0.10954093933105469, 3198
0.10954093933105469, 3197
0.11054062843322754, 3196
0.11054062843322754, 3195
0.11054062843322754, 3194
0.11054062843322754, 3193
0.11054062843322754, 3192
0.11054062843322754, 3191
0.11054062843322754, 3190
0.11054062843322754, 3189
0.11054062843322754, 3188
0.11054062843322754, 3187
0.11054062843322754, 3186
0.11054062843322754, 3185
0.11054062843322754, 3184
0.11054062843322754, 3183
0.11054062843322754, 3182
0.11054062843322754, 3181
0.11054062843322754, 3180
0.11054062843322754, 3179
0.11054062843322754, 3178
0.11054062843322754, 3177
0.11054062843322754, 3176
0.11054062843322754, 3175
0.11054062843322754, 3174
0.11054062843322754, 3173
0.11054062843322754, 3172
0.11154007911682129, 3171
0.11154007911682129, 3170
0.11154007911682129, 3169
0.11154007911682129, 3168
0.11154007911682129, 3167
0.11154007911682129, 3166
0.11154007911682129, 3165
0.11154007911682129, 3164
0.11154007911682129, 3163
0.11154007911682129, 3162
0.11154007911682129, 3161
0.11154007911682129, 3160
0.11154007911682129, 3159
0.11154007911682129, 3158
0.11154007911682129, 3157
0.11154007911682129, 3156
0.11154007911682129, 3155
0.11154007911682129, 3154
0.11154007911682129, 3153
0.11154007911682129, 3152
0.1405637264251709, 3151
0.1405637264251709, 3150
0.1405637264251709, 3149
0.1405637264251709, 3148
0.2268815040588379, 3147
0.2268815040588379, 3146
0.2268815040588379, 3145
0.2268815040588379, 3144
0.2268815040588379, 3143
1.1405436992645264, 3142
1.219970703125, 3141
1.219970703125, 3140
1.219970703125, 3139
1.219970703125, 3138
1.220970869064331, 3137
1.220970869064331, 3136
1.220970869064331, 3135
1.220970869064331, 3134
1.220970869064331, 3133
6.195733308792114, 3126
6.195733308792114, 3125
6.195733308792114, 3124
6.195733308792114, 3123
6.195733308792114, 3122
6.195733308792114, 3121
6.195733308792114, 3120
6.195733308792114, 3119
6.195733308792114, 3118
6.195733308792114, 3117
6.195733308792114, 3116
6.195733308792114, 3115
6.195733308792114, 3114
6.195733308792114, 3113
6.196734428405762, 3112
6.196734428405762, 3111
6.196734428405762, 3110
6.196734428405762, 3109
6.196734428405762, 3108
6.196734428405762, 3107
