0.028116703033447266, 4865
0.028116703033447266, 4864
0.028116703033447266, 4863
0.028116703033447266, 4862
0.028116703033447266, 4861
0.028116703033447266, 4860
0.028116703033447266, 4859
0.029117107391357422, 4858
0.029117107391357422, 4857
0.029117107391357422, 4856
0.029117107391357422, 4855
0.029117107391357422, 4854
0.029117107391357422, 4853
0.029117107391357422, 4852
0.029117107391357422, 4851
0.029117107391357422, 4850
0.029117107391357422, 4849
0.029117107391357422, 4848
0.029117107391357422, 4847
0.029117107391357422, 4846
0.029117107391357422, 4845
0.029117107391357422, 4844
0.029117107391357422, 4843
0.029117107391357422, 4842
0.029117107391357422, 4841
0.029117107391357422, 4840
0.029117107391357422, 4839
0.029117107391357422, 4838
0.029117107391357422, 4837
0.029117107391357422, 4836
0.029117107391357422, 4835
0.029117107391357422, 4834
0.029117107391357422, 4833
0.029117107391357422, 4832
0.029117107391357422, 4831
0.029117107391357422, 4830
0.030115842819213867, 4829
0.030115842819213867, 4828
0.030115842819213867, 4827
0.030115842819213867, 4826
0.030115842819213867, 4825
0.030115842819213867, 4824
0.030115842819213867, 4823
0.030115842819213867, 4822
0.030115842819213867, 4821
0.030115842819213867, 4820
0.030115842819213867, 4819
0.07314634323120117, 4658
0.07414603233337402, 4657
0.07414603233337402, 4656
0.07414603233337402, 4655
0.07414603233337402, 4654
0.07414603233337402, 4653
0.07414603233337402, 4652
0.07414603233337402, 4651
0.07414603233337402, 4650
0.07414603233337402, 4649
0.07414603233337402, 4648
0.07414603233337402, 4647
0.07414603233337402, 4646
0.07414603233337402, 4645
0.07414603233337402, 4644
0.07414603233337402, 4643
0.07414603233337402, 4642
0.07414603233337402, 4641
0.07414603233337402, 4640
0.07414603233337402, 4639
0.07414603233337402, 4638
0.07414603233337402, 4637
0.07414603233337402, 4636
0.07414603233337402, 4635
0.07414603233337402, 4634
0.07414603233337402, 4633
0.07514524459838867, 4632
0.07514524459838867, 4631
0.07514524459838867, 4630
0.07514524459838867, 4629
0.07514524459838867, 4628
0.07514524459838867, 4627
0.07514524459838867, 4626
0.07514524459838867, 4625
0.07514524459838867, 4624
0.07514524459838867, 4623
0.07514524459838867, 4622
0.07514524459838867, 4621
0.07514524459838867, 4620
0.07514524459838867, 4619
0.07514524459838867, 4618
0.07514524459838867, 4617
0.12801718711853027, 4616
0.12801718711853027, 4615
0.12801718711853027, 4614
0.12801718711853027, 4613
0.12801718711853027, 4612
0.12801718711853027, 4611
0.12801718711853027, 4610
0.12801718711853027, 4609
0.12801718711853027, 4608
0.12801718711853027, 4607
0.12801718711853027, 4606
0.12801718711853027, 4605
0.12801718711853027, 4604
0.12801718711853027, 4603
0.12801718711853027, 4602
0.12801718711853027, 4601
0.12801718711853027, 4600
0.12801718711853027, 4599
0.12801718711853027, 4598
0.12801718711853027, 4597
0.12801718711853027, 4596
0.12801718711853027, 4595
0.12801718711853027, 4594
0.12801718711853027, 4593
0.12801718711853027, 4592
0.12801718711853027, 4591
0.12801718711853027, 4590
0.12801718711853027, 4589
0.12801718711853027, 4588
0.12801718711853027, 4587
0.12801718711853027, 4586
0.15401744842529297, 4585
0.24919605255126953, 3316
0.24919605255126953, 3315
0.24919605255126953, 3314
0.24919605255126953, 3313
0.24919605255126953, 3312
0.24919605255126953, 3311
0.24919605255126953, 3310
0.24919605255126953, 3309
0.24919605255126953, 3308
0.2501950263977051, 3307
0.2501950263977051, 3306
0.2501950263977051, 3305
0.2501950263977051, 3304
0.2501950263977051, 3303
0.2501950263977051, 3302
0.2501950263977051, 3301
0.2501950263977051, 3300
0.2501950263977051, 3299
0.2501950263977051, 3298
0.2501950263977051, 3297
0.2501950263977051, 3296
0.2501950263977051, 3295
0.2501950263977051, 3294
0.2501950263977051, 3293
0.2501950263977051, 3292
0.2501950263977051, 3291
0.2501950263977051, 3290
0.2501950263977051, 3289
0.2501950263977051, 3288
0.2501950263977051, 3287
0.2501950263977051, 3286
0.2501950263977051, 3285
0.25119543075561523, 3284
0.25119543075561523, 3283
0.25119543075561523, 3282
0.25119543075561523, 3281
0.25119543075561523, 3280
0.25119543075561523, 3279
0.25119543075561523, 3278
0.25119543075561523, 3277
0.25119543075561523, 3276
0.25119543075561523, 3275
0.25119543075561523, 3274
0.25119543075561523, 3273
0.25119543075561523, 3272
0.25119543075561523, 3271
0.25119543075561523, 3270
0.25119543075561523, 3269
0.25119543075561523, 3268
0.25119543075561523, 3267
0.25119543075561523, 3266
0.25119543075561523, 3265
0.25119543075561523, 3264
0.2521963119506836, 3263
0.2521963119506836, 3262
0.2521963119506836, 3261
0.2521963119506836, 3260
0.2521963119506836, 3259
0.2521963119506836, 3258
0.2523946762084961, 3257
0.2523946762084961, 3256
0.2523946762084961, 3255
0.2523946762084961, 3254
0.2523946762084961, 3253
0.2523946762084961, 3252
0.2523946762084961, 3251
0.2523946762084961, 3250
0.2523946762084961, 3249
0.2523946762084961, 3248
0.2523946762084961, 3247
0.2523946762084961, 3246
0.2523946762084961, 3245
0.2523946762084961, 3244
0.2523946762084961, 3243
0.2523946762084961, 3242
0.2523946762084961, 3241
0.2529027462005615, 3240
0.2529027462005615, 3239
0.2529027462005615, 3238
0.2529027462005615, 3237
0.2529027462005615, 3236
0.2529027462005615, 3235
0.2529027462005615, 3234
0.2529027462005615, 3233
0.2529027462005615, 3232
0.2529027462005615, 3231
0.2529027462005615, 3230
0.2529027462005615, 3229
0.2529027462005615, 3228
0.2529027462005615, 3227
0.2529027462005615, 3226
0.2529027462005615, 3225
0.2529027462005615, 3224
0.2529027462005615, 3223
0.2529027462005615, 3222
0.2529027462005615, 3221
0.2529027462005615, 3220
0.2529027462005615, 3219
0.2529027462005615, 3218
0.2529027462005615, 3217
0.2529027462005615, 3216
0.2529027462005615, 3215
0.2529027462005615, 3214
0.2529027462005615, 3213
0.2529027462005615, 3212
0.25391101837158203, 3211
0.25391101837158203, 3210
0.25391101837158203, 3209
0.25391101837158203, 3208
0.25391101837158203, 3207
0.25391101837158203, 3206
0.25391101837158203, 3205
0.25391101837158203, 3204
0.25391101837158203, 3203
0.25391101837158203, 3202
0.25391101837158203, 3201
0.25391101837158203, 3200
0.25391101837158203, 3199
0.25391101837158203, 3198
0.25391101837158203, 3197
0.25391101837158203, 3196
0.25391101837158203, 3195
0.25391101837158203, 3194
0.25391101837158203, 3193
0.25391101837158203, 3192
0.25391101837158203, 3191
0.25391101837158203, 3190
0.25391101837158203, 3189
0.25391101837158203, 3188
0.25391101837158203, 3187
0.25391101837158203, 3186
0.25391101837158203, 3185
0.25391101837158203, 3184
0.25391101837158203, 3183
0.25391101837158203, 3182
0.2549107074737549, 3181
0.2549107074737549, 3180
0.2549107074737549, 3179
0.2549107074737549, 3178
0.2549107074737549, 3177
0.36796140670776367, 3173
0.36796140670776367, 3172
0.36796140670776367, 3171
0.36796140670776367, 3170
0.36796140670776367, 3169
0.36796140670776367, 3168
0.36796140670776367, 3167
0.36796140670776367, 3166
0.6650567054748535, 3165
0.6650567054748535, 3164
0.6650567054748535, 3163
0.6650567054748535, 3162
0.6650567054748535, 3161
0.6650567054748535, 3160
0.6650567054748535, 3159
0.6650567054748535, 3158
0.6650567054748535, 3157
0.6650567054748535, 3156
0.6650567054748535, 3155
0.6650567054748535, 3154
0.6650567054748535, 3153
0.6650567054748535, 3152
0.6650567054748535, 3151
0.6650567054748535, 3150
0.6650567054748535, 3149
0.6650567054748535, 3148
0.6650567054748535, 3147
1.158191442489624, 3146
1.158191442489624, 3145
1.158191442489624, 3144
1.214794635772705, 3143
1.214794635772705, 3142
1.214794635772705, 3141
1.2157950401306152, 3140
1.2157950401306152, 3139
1.2157950401306152, 3138
1.2157950401306152, 3137
1.2157950401306152, 3136
2.302050828933716, 3135
2.303050994873047, 3134
2.303050994873047, 3133
2.303050994873047, 3132
2.303050994873047, 3131
2.303050994873047, 3130
2.303050994873047, 3129
2.303050994873047, 3128
2.303050994873047, 3127
2.303050994873047, 3126
2.303050994873047, 3125
2.303050994873047, 3124
2.303050994873047, 3123
2.303050994873047, 3122
6.66719126701355, 3121
6.66719126701355, 3120
6.66719126701355, 3119
6.66719126701355, 3118
6.66719126701355, 3117
6.66719126701355, 3116
6.66719126701355, 3115
6.66719126701355, 3114
6.66719126701355, 3113
