0.014042377471923828, 4846
0.014042377471923828, 4845
0.014042377471923828, 4844
0.014042377471923828, 4843
0.014042377471923828, 4842
0.014042377471923828, 4841
0.014042377471923828, 4840
0.014042377471923828, 4839
0.014042377471923828, 4838
0.014042377471923828, 4837
0.014042377471923828, 4836
0.014042377471923828, 4835
0.014042377471923828, 4834
0.014042377471923828, 4833
0.014042377471923828, 4832
0.014042377471923828, 4831
0.014042377471923828, 4830
0.014042377471923828, 4829
0.014042377471923828, 4828
0.014042377471923828, 4827
0.015044212341308594, 4826
0.015044212341308594, 4825
0.015118837356567383, 4824
0.015118837356567383, 4823
0.015118837356567383, 4822
0.015118837356567383, 4821
0.015118837356567383, 4820
0.015118837356567383, 4819
0.015118837356567383, 4818
0.015118837356567383, 4817
0.015118837356567383, 4816
0.015118837356567383, 4815
0.015118837356567383, 4814
0.015118837356567383, 4813
0.015118837356567383, 4812
0.015118837356567383, 4811
0.015118837356567383, 4810
0.015118837356567383, 4809
0.015118837356567383, 4808
0.015118837356567383, 4807
0.015118837356567383, 4806
0.015118837356567383, 4805
0.015118837356567383, 4804
0.015118837356567383, 4803
0.015118837356567383, 4802
0.015118837356567383, 4801
0.015118837356567383, 4800
0.015118837356567383, 4799
0.015118837356567383, 4798
0.015118837356567383, 4797
0.015118837356567383, 4796
0.015118837356567383, 4795
0.015118837356567383, 4794
0.015118837356567383, 4793
0.015118837356567383, 4792
0.01612687110900879, 4791
0.01612687110900879, 4790
0.01612687110900879, 4789
0.01612687110900879, 4788
0.01612687110900879, 4787
0.01612687110900879, 4786
0.01612687110900879, 4785
0.01612687110900879, 4784
0.01612687110900879, 4783
0.01612687110900879, 4782
0.01612687110900879, 4781
0.01612687110900879, 4780
0.01612687110900879, 4779
0.01612687110900879, 4778
0.01612687110900879, 4777
0.01612687110900879, 4776
0.01612687110900879, 4775
0.01612687110900879, 4774
0.01612687110900879, 4773
0.01612687110900879, 4772
0.01612687110900879, 4771
0.01612687110900879, 4770
0.01612687110900879, 4769
0.01612687110900879, 4768
0.01612687110900879, 4767
0.01612687110900879, 4766
0.01612687110900879, 4765
0.01612687110900879, 4764
0.01612687110900879, 4763
0.01612687110900879, 4762
0.01612687110900879, 4761
0.01612687110900879, 4760
0.01612687110900879, 4759
0.01612687110900879, 4758
0.01612687110900879, 4757
0.01612687110900879, 4756
0.01612687110900879, 4755
0.017126083374023438, 4754
0.017126083374023438, 4753
0.017126083374023438, 4752
0.017126083374023438, 4751
0.017126083374023438, 4750
0.017126083374023438, 4749
0.017126083374023438, 4748
0.017126083374023438, 4747
0.017126083374023438, 4746
0.017126083374023438, 4745
0.017126083374023438, 4744
0.017126083374023438, 4743
0.017126083374023438, 4742
0.017126083374023438, 4741
0.017126083374023438, 4740
0.017126083374023438, 4739
0.017126083374023438, 4738
0.017126083374023438, 4737
0.017126083374023438, 4736
0.017126083374023438, 4735
0.017126083374023438, 4734
0.017126083374023438, 4733
0.017126083374023438, 4732
0.017126083374023438, 4731
0.017126083374023438, 4730
0.017126083374023438, 4729
0.017126083374023438, 4728
0.017126083374023438, 4727
0.017126083374023438, 4726
0.017126083374023438, 4725
0.017126083374023438, 4724
0.017126083374023438, 4723
0.017126083374023438, 4722
0.017126083374023438, 4721
0.017126083374023438, 4720
0.017126083374023438, 4719
0.017126083374023438, 4718
0.017126083374023438, 4717
0.017126083374023438, 4716
0.018126726150512695, 4715
0.018126726150512695, 4714
0.018126726150512695, 4713
0.018126726150512695, 4712
0.018126726150512695, 4711
0.018126726150512695, 4710
0.018126726150512695, 4709
0.018126726150512695, 4708
0.018126726150512695, 4707
0.018126726150512695, 4706
0.018126726150512695, 4705
0.018126726150512695, 4704
0.018126726150512695, 4703
0.018126726150512695, 4702
0.018126726150512695, 4701
0.018126726150512695, 4700
0.018126726150512695, 4699
0.018126726150512695, 4698
0.018126726150512695, 4697
0.018126726150512695, 4696
0.018126726150512695, 4695
0.018126726150512695, 4694
0.018126726150512695, 4693
0.018126726150512695, 4692
0.018126726150512695, 4691
0.018126726150512695, 4690
0.018126726150512695, 4689
0.018126726150512695, 4688
0.018126726150512695, 4687
0.018126726150512695, 4686
0.018126726150512695, 4685
0.018126726150512695, 4684
0.018126726150512695, 4683
0.018126726150512695, 4682
0.018126726150512695, 4681
0.018126726150512695, 4680
0.018126726150512695, 4679
0.018126726150512695, 4678
0.018126726150512695, 4677
0.019126415252685547, 4676
0.019126415252685547, 4675
0.019126415252685547, 4674
0.019126415252685547, 4673
0.019126415252685547, 4672
0.019126415252685547, 4671
0.019126415252685547, 4670
0.019126415252685547, 4669
0.019126415252685547, 4668
0.019126415252685547, 4667
0.019126415252685547, 4666
0.019126415252685547, 4665
0.019126415252685547, 4664
0.019126415252685547, 4663
0.019126415252685547, 4662
0.019126415252685547, 4661
0.019126415252685547, 4660
0.019126415252685547, 4659
0.019126415252685547, 4658
0.019126415252685547, 4657
0.019126415252685547, 4656
0.019126415252685547, 4655
0.019126415252685547, 4654
0.019126415252685547, 4653
0.019126415252685547, 4652
0.019126415252685547, 4651
0.019126415252685547, 4650
0.019126415252685547, 4649
0.019126415252685547, 4648
0.019126415252685547, 4647
0.019126415252685547, 4646
0.019126415252685547, 4645
0.019126415252685547, 4644
0.019126415252685547, 4643
0.019126415252685547, 4642
0.019126415252685547, 4641
0.019126415252685547, 4640
0.019126415252685547, 4639
0.019126415252685547, 4638
0.020125865936279297, 4637
0.020125865936279297, 4636
0.020125865936279297, 4635
0.020125865936279297, 4634
0.020125865936279297, 4633
0.020125865936279297, 4632
0.020125865936279297, 4631
0.020125865936279297, 4630
0.020125865936279297, 4629
0.020125865936279297, 4628
0.020125865936279297, 4627
0.020125865936279297, 4626
0.020125865936279297, 4625
0.020125865936279297, 4624
0.020125865936279297, 4623
0.020125865936279297, 4622
0.020125865936279297, 4621
0.020125865936279297, 4620
0.020125865936279297, 4619
0.020125865936279297, 4618
0.020125865936279297, 4617
0.020125865936279297, 4616
0.020125865936279297, 4615
0.020125865936279297, 4614
0.020125865936279297, 4613
0.020125865936279297, 4612
0.020125865936279297, 4611
0.020125865936279297, 4610
0.020125865936279297, 4609
0.020125865936279297, 4608
0.020125865936279297, 4607
0.020125865936279297, 4606
0.020125865936279297, 4605
0.020125865936279297, 4604
0.020125865936279297, 4603
0.020125865936279297, 4602
0.020125865936279297, 4601
0.020125865936279297, 4600
0.020125865936279297, 4599
0.02112579345703125, 4598
0.02112579345703125, 4597
0.02112579345703125, 4596
0.02112579345703125, 4595
0.02112579345703125, 4594
0.02112579345703125, 4593
0.02112579345703125, 4592
0.02112579345703125, 4591
0.02112579345703125, 4590
0.02112579345703125, 4589
0.02112579345703125, 4588
0.02112579345703125, 4587
0.02112579345703125, 4586
0.02112579345703125, 4585
0.02112579345703125, 4584
0.02112579345703125, 4583
0.02112579345703125, 4582
0.02112579345703125, 4581
0.02112579345703125, 4580
0.02112579345703125, 4579
0.02112579345703125, 4578
0.02112579345703125, 4577
0.02112579345703125, 4576
0.02112579345703125, 4575
0.02112579345703125, 4574
0.02112579345703125, 4573
0.09916901588439941, 3379
0.09916901588439941, 3378
0.09916901588439941, 3377
0.09916901588439941, 3376
0.09916901588439941, 3375
0.09916901588439941, 3374
0.09916901588439941, 3373
0.09916901588439941, 3372
0.09916901588439941, 3371
0.09916901588439941, 3370
0.09916901588439941, 3369
0.09916901588439941, 3368
0.09916901588439941, 3367
0.09916901588439941, 3366
0.09916901588439941, 3365
0.09916901588439941, 3364
0.09916901588439941, 3363
0.10016965866088867, 3362
0.10016965866088867, 3361
0.10016965866088867, 3360
0.10016965866088867, 3359
0.10016965866088867, 3358
0.10016965866088867, 3357
0.10016965866088867, 3356
0.10016965866088867, 3355
0.10016965866088867, 3354
0.10016965866088867, 3353
0.10016965866088867, 3352
0.10016965866088867, 3351
0.10016965866088867, 3350
0.10016965866088867, 3349
0.10016965866088867, 3348
0.10016965866088867, 3347
0.10016965866088867, 3346
0.10016965866088867, 3345
0.10016965866088867, 3344
0.10016965866088867, 3343
0.10016965866088867, 3342
0.10016965866088867, 3341
0.10016965866088867, 3340
0.10016965866088867, 3339
0.10016965866088867, 3338
0.10016965866088867, 3337
0.10016965866088867, 3336
0.10016965866088867, 3335
0.10116863250732422, 3334
0.10116863250732422, 3333
0.10116863250732422, 3332
0.10116863250732422, 3331
0.10116863250732422, 3330
0.10116863250732422, 3329
0.10116863250732422, 3328
0.10116863250732422, 3327
0.10116863250732422, 3326
0.10116863250732422, 3325
0.10116863250732422, 3324
0.10116863250732422, 3323
0.10116863250732422, 3322
0.10116863250732422, 3321
0.10116863250732422, 3320
0.10116863250732422, 3319
0.10116863250732422, 3318
0.10116863250732422, 3317
0.10116863250732422, 3316
0.10116863250732422, 3315
0.10116863250732422, 3314
0.10116863250732422, 3313
0.10116863250732422, 3312
0.10116863250732422, 3311
0.10116863250732422, 3310
0.10116863250732422, 3309
0.10116863250732422, 3308
0.10116863250732422, 3307
0.10216951370239258, 3306
0.10216951370239258, 3305
0.10216951370239258, 3304
0.10216951370239258, 3303
0.10216951370239258, 3302
0.10216951370239258, 3301
0.10216951370239258, 3300
0.10216951370239258, 3299
0.10216951370239258, 3298
0.10216951370239258, 3297
0.10216951370239258, 3296
0.10216951370239258, 3295
0.10216951370239258, 3294
0.10216951370239258, 3293
0.10216951370239258, 3292
0.10216951370239258, 3291
0.10216951370239258, 3290
0.10216951370239258, 3289
0.10216951370239258, 3288
0.10216951370239258, 3287
0.10216951370239258, 3286
0.10216951370239258, 3285
0.10216951370239258, 3284
0.10216951370239258, 3283
0.10216951370239258, 3282
0.10216951370239258, 3281
0.10216951370239258, 3280
0.10216951370239258, 3279
0.10316967964172363, 3278
0.10316967964172363, 3277
0.10316967964172363, 3276
0.10316967964172363, 3275
0.10316967964172363, 3274
0.10316967964172363, 3273
0.10316967964172363, 3272
0.10316967964172363, 3271
0.10316967964172363, 3270
0.10316967964172363, 3269
0.10316967964172363, 3268
0.10316967964172363, 3267
0.10316967964172363, 3266
0.10316967964172363, 3265
0.10316967964172363, 3264
0.10316967964172363, 3263
0.10316967964172363, 3262
0.10316967964172363, 3261
0.10316967964172363, 3260
0.10316967964172363, 3259
0.10316967964172363, 3258
0.10316967964172363, 3257
0.10316967964172363, 3256
0.10316967964172363, 3255
0.10316967964172363, 3254
0.10316967964172363, 3253
0.10316967964172363, 3252
0.10316967964172363, 3251
0.10416913032531738, 3250
0.10416913032531738, 3249
0.10416913032531738, 3248
0.10416913032531738, 3247
0.10416913032531738, 3246
0.10416913032531738, 3245
0.10416913032531738, 3244
0.10416913032531738, 3243
0.10416913032531738, 3242
0.10416913032531738, 3241
0.10416913032531738, 3240
0.10416913032531738, 3239
0.10416913032531738, 3238
0.10416913032531738, 3237
0.10416913032531738, 3236
0.10416913032531738, 3235
0.10416913032531738, 3234
0.10416913032531738, 3233
0.10416913032531738, 3232
0.10416913032531738, 3231
0.10416913032531738, 3230
0.10416913032531738, 3229
0.10416913032531738, 3228
0.10416913032531738, 3227
0.10416913032531738, 3226
0.10416913032531738, 3225
0.10416913032531738, 3224
0.10416913032531738, 3223
0.10416913032531738, 3222
0.10416913032531738, 3221
0.10416913032531738, 3220
0.10416913032531738, 3219
0.10416913032531738, 3218
0.10416913032531738, 3217
0.10516905784606934, 3216
0.10516905784606934, 3215
0.10516905784606934, 3214
0.10516905784606934, 3213
0.10516905784606934, 3212
0.10516905784606934, 3211
0.10516905784606934, 3210
0.10516905784606934, 3209
0.10516905784606934, 3208
0.10516905784606934, 3207
0.10516905784606934, 3206
0.10516905784606934, 3205
0.10516905784606934, 3204
0.10516905784606934, 3203
0.10516905784606934, 3202
0.10516905784606934, 3201
0.10516905784606934, 3200
0.10516905784606934, 3199
0.10516905784606934, 3198
0.10516905784606934, 3197
0.10516905784606934, 3196
0.10516905784606934, 3195
0.10516905784606934, 3194
0.10516905784606934, 3193
0.10516905784606934, 3192
0.10516905784606934, 3191
0.10516905784606934, 3190
0.10516905784606934, 3189
0.10516905784606934, 3188
0.10516905784606934, 3187
0.1061699390411377, 3186
0.1061699390411377, 3185
0.1061699390411377, 3184
0.1061699390411377, 3183
0.1061699390411377, 3182
0.1061699390411377, 3181
0.1061699390411377, 3180
0.1061699390411377, 3179
0.1061699390411377, 3178
0.1061699390411377, 3177
0.1061699390411377, 3176
0.1061699390411377, 3175
0.1061699390411377, 3174
0.1061699390411377, 3173
0.1061699390411377, 3172
0.1061699390411377, 3171
0.1061699390411377, 3170
0.1061699390411377, 3169
0.1061699390411377, 3168
0.1061699390411377, 3167
0.1061699390411377, 3166
0.1061699390411377, 3165
0.1061699390411377, 3164
0.1061699390411377, 3163
0.1061699390411377, 3162
0.1061699390411377, 3161
0.20192718505859375, 3160
0.20192718505859375, 3159
0.20192718505859375, 3158
0.20192718505859375, 3157
0.20192718505859375, 3156
0.20192718505859375, 3155
0.20192718505859375, 3154
0.20192718505859375, 3153
0.20192718505859375, 3152
0.2849280834197998, 3151
0.2859303951263428, 3150
0.2859303951263428, 3149
0.2859303951263428, 3148
0.2859303951263428, 3147
0.5782434940338135, 3146
0.5782434940338135, 3145
0.5782434940338135, 3144
0.5792438983917236, 3143
0.5792438983917236, 3142
0.5792438983917236, 3141
0.5792438983917236, 3140
0.7344381809234619, 3139
0.7344381809234619, 3138
0.7344381809234619, 3137
0.7344381809234619, 3136
0.7344381809234619, 3135
0.7344381809234619, 3134
0.7344381809234619, 3133
0.7344381809234619, 3132
0.7344381809234619, 3131
0.7344381809234619, 3130
0.7344381809234619, 3129
3.64815616607666, 3128
3.64815616607666, 3127
3.64815616607666, 3126
3.64815616607666, 3125
3.64815616607666, 3124
3.64815616607666, 3123
3.64815616607666, 3122
3.64815616607666, 3121
