0.01603245735168457, 4913
0.01603245735168457, 4912
0.01603245735168457, 4911
0.01603245735168457, 4910
0.01603245735168457, 4909
0.01603245735168457, 4908
0.01603245735168457, 4907
0.01603245735168457, 4906
0.01603245735168457, 4905
0.01603245735168457, 4904
0.01603245735168457, 4903
0.01603245735168457, 4902
0.01603245735168457, 4901
0.01603245735168457, 4900
0.01603245735168457, 4899
0.01603245735168457, 4898
0.01703357696533203, 4897
0.01703357696533203, 4896
0.01703357696533203, 4895
0.01703357696533203, 4894
0.01703357696533203, 4893
0.01703357696533203, 4892
0.01703357696533203, 4891
0.01703357696533203, 4890
0.01703357696533203, 4889
0.01703357696533203, 4888
0.01703357696533203, 4887
0.01703357696533203, 4886
0.01703357696533203, 4885
0.01703357696533203, 4884
0.01703357696533203, 4883
0.01703357696533203, 4882
0.01703357696533203, 4881
0.01703357696533203, 4880
0.01703357696533203, 4879
0.01703357696533203, 4878
0.01703357696533203, 4877
0.01703357696533203, 4876
0.01703357696533203, 4875
0.01703357696533203, 4874
0.01703357696533203, 4873
0.01803135871887207, 4872
0.01803135871887207, 4871
0.01803135871887207, 4870
0.01803135871887207, 4869
0.01803135871887207, 4868
0.01803135871887207, 4867
0.01803135871887207, 4866
0.01803135871887207, 4865
0.01803135871887207, 4864
0.01803135871887207, 4863
0.01803135871887207, 4862
0.01803135871887207, 4861
0.01803135871887207, 4860
0.01803135871887207, 4859
0.01803135871887207, 4858
0.01803135871887207, 4857
0.01803135871887207, 4856
0.01803135871887207, 4855
0.01803135871887207, 4854
0.01803135871887207, 4853
0.01803135871887207, 4852
0.01803135871887207, 4851
0.01803135871887207, 4850
0.01803135871887207, 4849
0.01803135871887207, 4848
0.01803135871887207, 4847
0.01803135871887207, 4846
0.01803135871887207, 4845
0.01803135871887207, 4844
0.01903080940246582, 4843
0.01903080940246582, 4842
0.01903080940246582, 4841
0.01903080940246582, 4840
0.01903080940246582, 4839
0.01903080940246582, 4838
0.01903080940246582, 4837
0.01903080940246582, 4836
0.01903080940246582, 4835
0.01903080940246582, 4834
0.01903080940246582, 4833
0.01903080940246582, 4832
0.01903080940246582, 4831
0.01903080940246582, 4830
0.01903080940246582, 4829
0.01903080940246582, 4828
0.01903080940246582, 4827
0.01903080940246582, 4826
0.01903080940246582, 4825
0.01903080940246582, 4824
0.01903080940246582, 4823
0.01903080940246582, 4822
0.01903080940246582, 4821
0.01903080940246582, 4820
0.01903080940246582, 4819
0.01903080940246582, 4818
0.01903080940246582, 4817
0.01903080940246582, 4816
0.01903080940246582, 4815
0.020032167434692383, 4814
0.020032167434692383, 4813
0.020032167434692383, 4812
0.020032167434692383, 4811
0.020032167434692383, 4810
0.020032167434692383, 4809
0.020032167434692383, 4808
0.020032167434692383, 4807
0.020032167434692383, 4806
0.020032167434692383, 4805
0.020032167434692383, 4804
0.020032167434692383, 4803
0.020032167434692383, 4802
0.020032167434692383, 4801
0.020032167434692383, 4800
0.020032167434692383, 4799
0.020032167434692383, 4798
0.020032167434692383, 4797
0.020032167434692383, 4796
0.020032167434692383, 4795
0.020032167434692383, 4794
0.020032167434692383, 4793
0.020032167434692383, 4792
0.020032167434692383, 4791
0.020032167434692383, 4790
0.020032167434692383, 4789
0.020032167434692383, 4788
0.020032167434692383, 4787
0.020032167434692383, 4786
0.02103137969970703, 4785
0.02103137969970703, 4784
0.02103137969970703, 4783
0.02103137969970703, 4782
0.02103137969970703, 4781
0.02103137969970703, 4780
0.02103137969970703, 4779
0.02103137969970703, 4778
0.02103137969970703, 4777
0.02103137969970703, 4776
0.02103137969970703, 4775
0.046077728271484375, 4774
0.046077728271484375, 4773
0.046077728271484375, 4772
0.046077728271484375, 4771
0.046077728271484375, 4770
0.046077728271484375, 4769
0.046077728271484375, 4768
0.046077728271484375, 4767
0.04707741737365723, 4766
0.04707741737365723, 4765
0.04707741737365723, 4764
0.04707741737365723, 4763
0.04707741737365723, 4762
0.04707741737365723, 4761
0.04707741737365723, 4760
0.04707741737365723, 4759
0.04707741737365723, 4758
0.04707741737365723, 4757
0.04707741737365723, 4756
0.04707741737365723, 4755
0.04707741737365723, 4754
0.04707741737365723, 4753
0.04707741737365723, 4752
0.04707741737365723, 4751
0.04707741737365723, 4750
0.04707741737365723, 4749
0.04707741737365723, 4748
0.04707741737365723, 4747
0.04707741737365723, 4746
0.04707741737365723, 4745
0.04707741737365723, 4744
0.04707741737365723, 4743
0.04707741737365723, 4742
0.04707741737365723, 4741
0.04707741737365723, 4740
0.04707741737365723, 4739
0.04707741737365723, 4738
0.04707741737365723, 4737
0.04707741737365723, 4736
0.04707741737365723, 4735
0.04707741737365723, 4734
0.04707741737365723, 4733
0.04707741737365723, 4732
0.04707741737365723, 4731
0.04707741737365723, 4730
0.04707741737365723, 4729
0.04707741737365723, 4728
0.04707741737365723, 4727
0.04707741737365723, 4726
0.04707741737365723, 4725
0.04707741737365723, 4724
0.04807734489440918, 4723
0.04807734489440918, 4722
0.04807734489440918, 4721
0.04807734489440918, 4720
0.04807734489440918, 4719
0.04807734489440918, 4718
0.04807734489440918, 4717
0.04807734489440918, 4716
0.04807734489440918, 4715
0.04807734489440918, 4714
0.04807734489440918, 4713
0.04807734489440918, 4712
0.04807734489440918, 4711
0.04807734489440918, 4710
0.04807734489440918, 4709
0.04807734489440918, 4708
0.04807734489440918, 4707
0.04807734489440918, 4706
0.04807734489440918, 4705
0.04807734489440918, 4704
0.04807734489440918, 4703
0.04807734489440918, 4702
0.04807734489440918, 4701
0.04807734489440918, 4700
0.04807734489440918, 4699
0.04807734489440918, 4698
0.04807734489440918, 4697
0.04807734489440918, 4696
0.04807734489440918, 4695
0.04807734489440918, 4694
0.04807734489440918, 4693
0.04807734489440918, 4692
0.04807734489440918, 4691
0.04807734489440918, 4690
0.04807734489440918, 4689
0.04807734489440918, 4688
0.04807734489440918, 4687
0.04807734489440918, 4686
0.04807734489440918, 4685
0.04807734489440918, 4684
0.04807734489440918, 4683
0.04807734489440918, 4682
0.04807734489440918, 4681
0.04907703399658203, 4680
0.04907703399658203, 4679
0.04907703399658203, 4678
0.04907703399658203, 4677
0.04907703399658203, 4676
0.04907703399658203, 4675
0.04907703399658203, 4674
0.04907703399658203, 4673
0.04907703399658203, 4672
0.04907703399658203, 4671
0.04907703399658203, 4670
0.04907703399658203, 4669
0.04907703399658203, 4668
0.04907703399658203, 4667
0.04907703399658203, 4666
0.04907703399658203, 4665
0.04907703399658203, 4664
0.04907703399658203, 4663
0.04907703399658203, 4662
0.04907703399658203, 4661
0.04907703399658203, 4660
0.04907703399658203, 4659
0.04907703399658203, 4658
0.04907703399658203, 4657
0.04907703399658203, 4656
0.04907703399658203, 4655
0.04907703399658203, 4654
0.04907703399658203, 4653
0.04907703399658203, 4652
0.04907703399658203, 4651
0.04907703399658203, 4650
0.04907703399658203, 4649
0.04907703399658203, 4648
0.04907703399658203, 4647
0.04907703399658203, 4646
0.04907703399658203, 4645
0.04907703399658203, 4644
0.04907703399658203, 4643
0.04907703399658203, 4642
0.04907703399658203, 4641
0.04907703399658203, 4640
0.04907703399658203, 4639
0.04907703399658203, 4638
0.04907703399658203, 4637
0.050076961517333984, 4636
0.050076961517333984, 4635
0.050076961517333984, 4634
0.050076961517333984, 4633
0.050076961517333984, 4632
0.050076961517333984, 4631
0.050076961517333984, 4630
0.050076961517333984, 4629
0.050076961517333984, 4628
0.050076961517333984, 4627
0.050076961517333984, 4626
0.050076961517333984, 4625
0.050076961517333984, 4624
0.050076961517333984, 4623
0.050076961517333984, 4622
0.050076961517333984, 4621
0.050076961517333984, 4620
0.050076961517333984, 4619
0.050076961517333984, 4618
0.050525665283203125, 4617
0.050525665283203125, 4616
0.050525665283203125, 4615
0.050525665283203125, 4614
0.050525665283203125, 4613
0.050525665283203125, 4612
0.050525665283203125, 4611
0.050525665283203125, 4610
0.050525665283203125, 4609
0.050525665283203125, 4608
0.050525665283203125, 4607
0.050525665283203125, 4606
0.050525665283203125, 4605
0.050525665283203125, 4604
0.050525665283203125, 4603
0.050525665283203125, 4602
0.050525665283203125, 4601
0.050525665283203125, 4600
0.050525665283203125, 4599
0.050525665283203125, 4598
0.050525665283203125, 4597
0.050525665283203125, 4596
0.050525665283203125, 4595
0.050525665283203125, 4594
0.050525665283203125, 4593
0.05107712745666504, 4592
0.05107712745666504, 4591
0.05107712745666504, 4590
0.05107712745666504, 4589
0.05107712745666504, 4588
0.05107712745666504, 4587
0.05107712745666504, 4586
0.05107712745666504, 4576
0.05107712745666504, 4575
0.05107712745666504, 4574
0.05107712745666504, 4573
0.05107712745666504, 4572
0.05107712745666504, 4571
0.05107712745666504, 4570
0.05107712745666504, 4569
0.05107712745666504, 4568
0.05107712745666504, 4567
0.05107712745666504, 4566
0.05107712745666504, 4565
0.05107712745666504, 4564
0.05107712745666504, 4563
0.05107712745666504, 4562
0.05107712745666504, 4561
0.05107712745666504, 4560
0.05107712745666504, 4559
0.05107712745666504, 4558
0.05107712745666504, 4557
0.05107712745666504, 4556
0.05107712745666504, 4555
0.05107712745666504, 4554
0.05107712745666504, 4553
0.05107712745666504, 4552
0.05107712745666504, 4551
0.05107712745666504, 4550
0.05107712745666504, 4549
0.05107712745666504, 4548
0.05107712745666504, 4547
0.05107712745666504, 4546
0.05107712745666504, 4545
0.05107712745666504, 4544
0.05107712745666504, 4543
0.05207705497741699, 4542
0.05207705497741699, 4541
0.05207705497741699, 4540
0.05213570594787598, 4539
0.05213570594787598, 4538
0.05213570594787598, 4537
0.05213570594787598, 4536
0.05213570594787598, 4535
0.05213570594787598, 4534
0.05213570594787598, 4533
0.05213570594787598, 4532
0.05213570594787598, 4531
0.05213570594787598, 4530
0.05213570594787598, 4529
0.05213570594787598, 4528
0.05213570594787598, 4527
0.05213570594787598, 4526
0.05213570594787598, 4525
0.05213570594787598, 4524
0.05213570594787598, 4523
0.05213570594787598, 4522
0.05213570594787598, 4521
0.05213570594787598, 4520
0.05213570594787598, 4519
0.05213570594787598, 4518
0.05213570594787598, 4517
0.05213570594787598, 4516
0.05213570594787598, 4515
0.05213570594787598, 4514
0.05213570594787598, 4513
0.05213570594787598, 4512
0.05213570594787598, 4511
0.05213570594787598, 4510
0.05213570594787598, 4509
0.05213570594787598, 4508
0.05213570594787598, 4507
0.05213570594787598, 4506
0.05213570594787598, 4505
0.05213570594787598, 4504
0.05213570594787598, 4503
0.05213570594787598, 4502
0.05213570594787598, 4501
0.05213570594787598, 4500
0.05307769775390625, 4499
0.05307769775390625, 4498
0.05307769775390625, 4497
0.05307769775390625, 4496
0.05307769775390625, 4495
0.05307769775390625, 4494
0.05307769775390625, 4493
0.05307769775390625, 4492
0.05307769775390625, 4491
0.05307769775390625, 4490
0.05307769775390625, 4489
0.05307769775390625, 4488
0.05307769775390625, 4487
0.05307769775390625, 4486
0.05307769775390625, 4485
0.05307769775390625, 4484
0.05307769775390625, 4483
0.05307769775390625, 4482
0.06308102607727051, 3381
0.06308102607727051, 3380
0.06308102607727051, 3379
0.06308102607727051, 3378
0.06308102607727051, 3377
0.06308102607727051, 3376
0.06308102607727051, 3375
0.06308102607727051, 3374
0.06308102607727051, 3373
0.06308102607727051, 3372
0.06308102607727051, 3371
0.06308102607727051, 3370
0.06308102607727051, 3369
0.06308102607727051, 3368
0.06308102607727051, 3367
0.06308102607727051, 3366
0.06408214569091797, 3365
0.06408214569091797, 3364
0.06408214569091797, 3363
0.06408214569091797, 3362
0.06408214569091797, 3361
0.06408214569091797, 3360
0.06408214569091797, 3359
0.06452322006225586, 3358
0.06452322006225586, 3357
0.06452322006225586, 3356
0.06452322006225586, 3355
0.06452322006225586, 3354
0.06452322006225586, 3353
0.06452322006225586, 3352
0.06452322006225586, 3351
0.06452322006225586, 3350
0.06452322006225586, 3349
0.06452322006225586, 3348
0.06452322006225586, 3347
0.06507754325866699, 3346
0.06507754325866699, 3345
0.06507754325866699, 3344
0.06507754325866699, 3343
0.06507754325866699, 3342
0.06507754325866699, 3341
0.06507754325866699, 3340
0.06507754325866699, 3339
0.06507754325866699, 3338
0.06507754325866699, 3337
0.06507754325866699, 3336
0.06507754325866699, 3335
0.06507754325866699, 3334
0.06507754325866699, 3333
0.06507754325866699, 3332
0.06507754325866699, 3331
0.06507754325866699, 3330
0.06507754325866699, 3329
0.06507754325866699, 3328
0.06507754325866699, 3327
0.06607699394226074, 3326
0.06607699394226074, 3325
0.06607699394226074, 3324
0.06607699394226074, 3323
0.06607699394226074, 3322
0.06607699394226074, 3321
0.06607699394226074, 3320
0.06607699394226074, 3319
0.06607699394226074, 3318
0.06607699394226074, 3317
0.06607699394226074, 3316
0.06607699394226074, 3315
0.06607699394226074, 3314
0.06607699394226074, 3313
0.06607699394226074, 3312
0.06607699394226074, 3311
0.06607699394226074, 3310
0.06607699394226074, 3309
0.0670773983001709, 3308
0.0670773983001709, 3307
0.06718826293945312, 3306
0.06718826293945312, 3305
0.06718826293945312, 3304
0.06718826293945312, 3303
0.06718826293945312, 3302
0.06718826293945312, 3301
0.06718826293945312, 3300
0.06718826293945312, 3299
0.06718826293945312, 3298
0.06718826293945312, 3297
0.06718826293945312, 3296
0.06718826293945312, 3295
0.06718826293945312, 3294
0.06718826293945312, 3293
0.06718826293945312, 3292
0.06718826293945312, 3291
0.06718826293945312, 3290
0.06718826293945312, 3289
0.06718826293945312, 3288
0.06718826293945312, 3287
0.06807923316955566, 3286
0.06807923316955566, 3285
0.06807923316955566, 3284
0.06807923316955566, 3283
0.06807923316955566, 3282
0.06807923316955566, 3281
0.06807923316955566, 3280
0.06807923316955566, 3279
0.06807923316955566, 3278
0.06807923316955566, 3277
0.06807923316955566, 3276
0.06807923316955566, 3275
0.06807923316955566, 3274
0.06807923316955566, 3273
0.06807923316955566, 3272
0.06807923316955566, 3271
0.06807923316955566, 3270
0.06807923316955566, 3269
0.06807923316955566, 3268
0.06807923316955566, 3267
0.06807923316955566, 3266
0.06807923316955566, 3265
0.06807923316955566, 3264
0.06807923316955566, 3263
0.06807923316955566, 3262
0.06907963752746582, 3261
0.06907963752746582, 3260
0.06907963752746582, 3259
0.06907963752746582, 3258
0.06907963752746582, 3257
0.06907963752746582, 3256
0.06907963752746582, 3255
0.06907963752746582, 3254
0.06907963752746582, 3253
0.06907963752746582, 3252
0.06907963752746582, 3251
0.06907963752746582, 3250
0.06907963752746582, 3249
0.06907963752746582, 3248
0.06907963752746582, 3247
0.06907963752746582, 3246
0.06907963752746582, 3245
0.06907963752746582, 3244
0.06907963752746582, 3243
0.06907963752746582, 3242
0.06907963752746582, 3241
0.06907963752746582, 3240
0.06907963752746582, 3239
0.06907963752746582, 3238
0.06907963752746582, 3237
0.06907963752746582, 3236
0.06907963752746582, 3235
0.06907963752746582, 3234
0.06907963752746582, 3233
0.07007718086242676, 3232
0.07007718086242676, 3231
0.07007718086242676, 3230
0.07007718086242676, 3229
0.07007718086242676, 3228
0.07007718086242676, 3227
0.07007718086242676, 3226
0.07007718086242676, 3225
0.07007718086242676, 3224
0.07007718086242676, 3223
0.07007718086242676, 3222
0.07007718086242676, 3221
0.07007718086242676, 3220
0.07007718086242676, 3219
0.07007718086242676, 3218
0.07007718086242676, 3217
0.07007718086242676, 3216
0.07007718086242676, 3215
0.07007718086242676, 3214
0.07007718086242676, 3213
0.07007718086242676, 3212
0.07007718086242676, 3211
0.07007718086242676, 3210
0.07007718086242676, 3209
0.07007718086242676, 3208
0.07007718086242676, 3207
0.07007718086242676, 3206
0.07007718086242676, 3205
0.07007718086242676, 3204
0.07007718086242676, 3203
0.07007718086242676, 3202
0.07007718086242676, 3201
0.07007718086242676, 3200
0.07007718086242676, 3199
0.07107830047607422, 3198
0.07107830047607422, 3197
0.07107830047607422, 3196
0.07107830047607422, 3195
0.07107830047607422, 3194
0.07107830047607422, 3193
0.07107830047607422, 3192
0.07107830047607422, 3191
0.07107830047607422, 3190
0.07107830047607422, 3189
0.07107830047607422, 3188
0.07107830047607422, 3187
0.07107830047607422, 3186
0.07107830047607422, 3185
0.07107830047607422, 3184
0.07107830047607422, 3183
0.07107830047607422, 3182
0.07107830047607422, 3181
0.07107830047607422, 3180
0.07107830047607422, 3179
0.07107830047607422, 3178
0.07107830047607422, 3177
0.07107830047607422, 3176
0.07107830047607422, 3175
0.07107830047607422, 3174
0.07107830047607422, 3173
0.07107830047607422, 3172
0.07107830047607422, 3171
0.07107830047607422, 3170
0.07107830047607422, 3169
0.07107830047607422, 3168
0.07107830047607422, 3167
0.07107830047607422, 3166
0.07107830047607422, 3165
0.07107830047607422, 3164
0.07207751274108887, 3163
0.07207751274108887, 3162
0.07207751274108887, 3161
0.07207751274108887, 3160
0.07220292091369629, 3159
0.07220292091369629, 3158
0.07220292091369629, 3157
0.07220292091369629, 3156
0.07220292091369629, 3155
0.07220292091369629, 3154
0.07220292091369629, 3153
0.07220292091369629, 3152
0.07220292091369629, 3151
0.1481151580810547, 3150
0.1481151580810547, 3149
0.1481151580810547, 3148
0.1481151580810547, 3147
0.14911437034606934, 3146
0.14911437034606934, 3145
0.14911437034606934, 3144
0.6201446056365967, 3143
0.6211447715759277, 3142
0.6211447715759277, 3141
0.6211447715759277, 3140
0.6211447715759277, 3139
0.6211447715759277, 3138
0.6211447715759277, 3137
0.6211447715759277, 3136
0.6211447715759277, 3135
6.1909918785095215, 3134
6.191991806030273, 3133
7.175017833709717, 3132
7.175017833709717, 3131
7.8124542236328125, 3130
7.8124542236328125, 3129
7.8124542236328125, 3128
7.8124542236328125, 3127
7.8124542236328125, 3126
7.8124542236328125, 3125
