0.01954507827758789, 4907
0.01954507827758789, 4906
0.01954507827758789, 4905
0.01954507827758789, 4904
0.01954507827758789, 4903
0.01954507827758789, 4902
0.01954507827758789, 4901
0.01954507827758789, 4900
0.01954507827758789, 4899
0.01954507827758789, 4898
0.01954507827758789, 4897
0.01954507827758789, 4896
0.01954507827758789, 4895
0.01954507827758789, 4894
0.01954507827758789, 4893
0.01954507827758789, 4892
0.01954507827758789, 4891
0.01954507827758789, 4890
0.01954507827758789, 4889
0.01954507827758789, 4888
0.020545482635498047, 4887
0.020545482635498047, 4886
0.020545482635498047, 4885
0.020545482635498047, 4884
0.020545482635498047, 4883
0.020545482635498047, 4882
0.020545482635498047, 4881
0.020545482635498047, 4880
0.020545482635498047, 4879
0.020545482635498047, 4878
0.020545482635498047, 4877
0.020545482635498047, 4876
0.020545482635498047, 4875
0.020545482635498047, 4874
0.020545482635498047, 4873
0.020545482635498047, 4872
0.020545482635498047, 4871
0.020545482635498047, 4870
0.020545482635498047, 4869
0.020545482635498047, 4868
0.020545482635498047, 4867
0.020545482635498047, 4866
0.020545482635498047, 4865
0.020545482635498047, 4827
0.020545482635498047, 4826
0.020545482635498047, 4825
0.020545482635498047, 4824
0.020545482635498047, 4823
0.020545482635498047, 4822
0.020545482635498047, 4821
0.020545482635498047, 4820
0.020545482635498047, 4819
0.020545482635498047, 4818
0.020545482635498047, 4817
0.020545482635498047, 4816
0.020545482635498047, 4815
0.020545482635498047, 4814
0.020545482635498047, 4813
0.021545886993408203, 4812
0.021545886993408203, 4811
0.021545886993408203, 4810
0.021545886993408203, 4809
0.021545886993408203, 4808
0.021545886993408203, 4807
0.021545886993408203, 4806
0.021545886993408203, 4805
0.021545886993408203, 4804
0.021545886993408203, 4803
0.021545886993408203, 4802
0.021545886993408203, 4801
0.021545886993408203, 4800
0.021545886993408203, 4799
0.021545886993408203, 4798
0.021545886993408203, 4797
0.021545886993408203, 4796
0.021545886993408203, 4795
0.021545886993408203, 4794
0.021545886993408203, 4793
0.021545886993408203, 4792
0.021545886993408203, 4791
0.021545886993408203, 4790
0.021545886993408203, 4789
0.021545886993408203, 4788
0.021545886993408203, 4787
0.021545886993408203, 4786
0.021545886993408203, 4785
0.021545886993408203, 4784
0.021545886993408203, 4783
0.021545886993408203, 4782
0.021545886993408203, 4781
0.021545886993408203, 4780
0.021545886993408203, 4779
0.021545886993408203, 4778
0.021545886993408203, 4777
0.021545886993408203, 4776
0.021545886993408203, 4775
0.021545886993408203, 4774
0.021545886993408203, 4773
0.021545886993408203, 4772
0.021545886993408203, 4771
0.021545886993408203, 4770
0.021545886993408203, 4769
0.021545886993408203, 4768
0.022545337677001953, 4767
0.022545337677001953, 4766
0.022545337677001953, 4765
0.022545337677001953, 4764
0.022545337677001953, 4763
0.022670745849609375, 4762
0.022670745849609375, 4761
0.022670745849609375, 4760
0.022670745849609375, 4759
0.022670745849609375, 4758
0.022670745849609375, 4757
0.022670745849609375, 4756
0.022670745849609375, 4755
0.022670745849609375, 4754
0.022670745849609375, 4753
0.022670745849609375, 4752
0.022670745849609375, 4751
0.022670745849609375, 4750
0.022670745849609375, 4749
0.022670745849609375, 4748
0.022670745849609375, 4747
0.022670745849609375, 4746
0.022670745849609375, 4745
0.022670745849609375, 4744
0.022670745849609375, 4743
0.022670745849609375, 4742
0.022670745849609375, 4741
0.022670745849609375, 4740
0.022670745849609375, 4739
0.022670745849609375, 4738
0.022670745849609375, 4737
0.022670745849609375, 4736
0.022670745849609375, 4735
0.022670745849609375, 4734
0.022670745849609375, 4733
0.022670745849609375, 4732
0.022670745849609375, 4731
0.022670745849609375, 4730
0.022670745849609375, 4729
0.022670745849609375, 4728
0.022670745849609375, 4727
0.022670745849609375, 4726
0.022670745849609375, 4725
0.022670745849609375, 4724
0.02354574203491211, 4723
0.02354574203491211, 4722
0.02354574203491211, 4721
0.02354574203491211, 4720
0.02354574203491211, 4719
0.02354574203491211, 4718
0.02354574203491211, 4717
0.02354574203491211, 4716
0.02354574203491211, 4715
0.02354574203491211, 4714
0.02354574203491211, 4713
0.02354574203491211, 4712
0.02354574203491211, 4711
0.02354574203491211, 4710
0.02354574203491211, 4709
0.02354574203491211, 4708
0.02354574203491211, 4707
0.02354574203491211, 4706
0.02354574203491211, 4705
0.02354574203491211, 4704
0.02354574203491211, 4703
0.02354574203491211, 4702
0.02354574203491211, 4701
0.02354574203491211, 4700
0.02354574203491211, 4699
0.02354574203491211, 4698
0.02354574203491211, 4697
0.02354574203491211, 4696
0.02354574203491211, 4695
0.02354574203491211, 4694
0.02354574203491211, 4693
0.02354574203491211, 4692
0.02354574203491211, 4691
0.02354574203491211, 4690
0.02354574203491211, 4689
0.02354574203491211, 4688
0.02354574203491211, 4687
0.02354574203491211, 4686
0.02354574203491211, 4685
0.02354574203491211, 4684
0.02354574203491211, 4683
0.02354574203491211, 4682
0.02354574203491211, 4681
0.02354574203491211, 4680
0.024545669555664062, 4679
0.024545669555664062, 4678
0.024545669555664062, 4677
0.024545669555664062, 4676
0.024545669555664062, 4675
0.024545669555664062, 4674
0.024545669555664062, 4673
0.024545669555664062, 4672
0.024545669555664062, 4671
0.024545669555664062, 4670
0.024545669555664062, 4669
0.024545669555664062, 4668
0.024545669555664062, 4667
0.024545669555664062, 4666
0.024545669555664062, 4665
0.024545669555664062, 4664
0.024545669555664062, 4663
0.024545669555664062, 4662
0.024545669555664062, 4661
0.024545669555664062, 4660
0.024545669555664062, 4659
0.024545669555664062, 4658
0.024545669555664062, 4657
0.024545669555664062, 4656
0.024545669555664062, 4655
0.024545669555664062, 4654
0.024545669555664062, 4653
0.024545669555664062, 4652
0.024545669555664062, 4651
0.024545669555664062, 4650
0.024545669555664062, 4649
0.024545669555664062, 4648
0.024545669555664062, 4647
0.024545669555664062, 4646
0.024545669555664062, 4645
0.024545669555664062, 4644
0.024545669555664062, 4643
0.024545669555664062, 4642
0.024545669555664062, 4641
0.024545669555664062, 4640
0.024545669555664062, 4639
0.024545669555664062, 4638
0.024545669555664062, 4637
0.024545669555664062, 4636
0.025545597076416016, 4635
0.025545597076416016, 4634
0.025545597076416016, 4633
0.025545597076416016, 4632
0.025545597076416016, 4631
0.025545597076416016, 4630
0.025545597076416016, 4629
0.025545597076416016, 4628
0.025545597076416016, 4627
0.025545597076416016, 4626
0.025545597076416016, 4625
0.025545597076416016, 4624
0.025545597076416016, 4623
0.025545597076416016, 4622
0.025545597076416016, 4621
0.025545597076416016, 4620
0.025545597076416016, 4619
0.025545597076416016, 4618
0.025545597076416016, 4617
0.025545597076416016, 4616
0.025545597076416016, 4615
0.025545597076416016, 4614
0.025545597076416016, 4613
0.025545597076416016, 4612
0.025545597076416016, 4611
0.025545597076416016, 4610
0.025545597076416016, 4609
0.025545597076416016, 4608
0.025545597076416016, 4607
0.025545597076416016, 4606
0.026255130767822266, 4605
0.026255130767822266, 4604
0.026255130767822266, 4603
0.026255130767822266, 4602
0.026255130767822266, 4601
0.026255130767822266, 4600
0.026255130767822266, 4599
0.026255130767822266, 4598
0.09148597717285156, 3290
0.09148597717285156, 3289
0.09148597717285156, 3288
0.09148597717285156, 3287
0.09148597717285156, 3286
0.09148597717285156, 3285
0.09148597717285156, 3284
0.09148597717285156, 3283
0.09148597717285156, 3282
0.09148597717285156, 3281
0.09148597717285156, 3280
0.09148597717285156, 3279
0.09148597717285156, 3278
0.09148597717285156, 3277
0.09148597717285156, 3276
0.09148597717285156, 3275
0.09148597717285156, 3274
0.09148597717285156, 3273
0.09148597717285156, 3272
0.09148597717285156, 3271
0.09148597717285156, 3270
0.09148597717285156, 3269
0.09148597717285156, 3268
0.09148597717285156, 3267
0.09148597717285156, 3266
0.09148597717285156, 3265
0.09148597717285156, 3264
0.09148597717285156, 3263
0.09148597717285156, 3262
0.09148597717285156, 3261
0.09248638153076172, 3260
0.09248638153076172, 3259
0.09248638153076172, 3258
0.09248638153076172, 3257
0.09248638153076172, 3256
0.09248638153076172, 3255
0.09248638153076172, 3254
0.09248638153076172, 3253
0.09248638153076172, 3252
0.09248638153076172, 3251
0.09248638153076172, 3250
0.09248638153076172, 3249
0.09248638153076172, 3248
0.09248638153076172, 3247
0.09248638153076172, 3246
0.09248638153076172, 3245
0.09248638153076172, 3244
0.09248638153076172, 3243
0.09248638153076172, 3242
0.09248638153076172, 3241
0.09248638153076172, 3240
0.09248638153076172, 3239
0.09248638153076172, 3238
0.09248638153076172, 3237
0.09248638153076172, 3236
0.09248638153076172, 3235
0.09248638153076172, 3234
0.09248638153076172, 3233
0.09248638153076172, 3232
0.09248638153076172, 3231
0.09351277351379395, 3230
0.09351277351379395, 3229
0.09351277351379395, 3228
0.09351277351379395, 3227
0.09351277351379395, 3226
0.09351277351379395, 3225
0.09351277351379395, 3224
0.09351277351379395, 3223
0.09351277351379395, 3222
0.09351277351379395, 3221
0.09351277351379395, 3220
0.09351277351379395, 3219
0.09351277351379395, 3218
0.09351277351379395, 3217
0.09351277351379395, 3216
0.09351277351379395, 3215
0.09351277351379395, 3214
0.09351277351379395, 3213
0.09351277351379395, 3212
0.09351277351379395, 3211
0.09351277351379395, 3210
0.09351277351379395, 3209
0.09351277351379395, 3208
0.09351277351379395, 3207
0.09351277351379395, 3206
0.09351277351379395, 3205
0.09351277351379395, 3204
0.09351277351379395, 3203
0.09351277351379395, 3202
0.09351277351379395, 3201
0.0945124626159668, 3200
0.0945124626159668, 3199
0.0945124626159668, 3198
0.0945124626159668, 3197
0.0945124626159668, 3196
0.0945124626159668, 3195
0.0945124626159668, 3194
0.0945124626159668, 3193
0.0945124626159668, 3192
0.0945124626159668, 3191
0.0945124626159668, 3190
0.0945124626159668, 3189
0.0945124626159668, 3188
0.0945124626159668, 3187
0.0945124626159668, 3186
0.0945124626159668, 3185
0.0945124626159668, 3184
0.0945124626159668, 3183
0.0945124626159668, 3182
0.0945124626159668, 3181
0.0945124626159668, 3180
0.0945124626159668, 3179
0.0945124626159668, 3178
0.0945124626159668, 3177
0.0945124626159668, 3176
0.0945124626159668, 3175
0.0945124626159668, 3174
0.0945124626159668, 3173
0.0945124626159668, 3172
0.0945124626159668, 3171
0.0945124626159668, 3170
0.0945124626159668, 3169
0.0945124626159668, 3168
0.0945124626159668, 3167
0.09551191329956055, 3166
0.09551191329956055, 3165
0.09551191329956055, 3164
0.09551191329956055, 3163
0.09551191329956055, 3162
0.09551191329956055, 3161
0.09551191329956055, 3160
0.09551191329956055, 3159
0.09551191329956055, 3158
0.09551191329956055, 3157
0.09551191329956055, 3156
0.09551191329956055, 3155
0.09551191329956055, 3154
0.09551191329956055, 3153
0.09551191329956055, 3152
0.09551191329956055, 3151
0.09551191329956055, 3150
0.09551191329956055, 3149
0.09551191329956055, 3148
0.09551191329956055, 3147
0.09551191329956055, 3146
0.09551191329956055, 3145
0.09551191329956055, 3144
0.09551191329956055, 3143
0.09551191329956055, 3142
0.09551191329956055, 3141
0.09551191329956055, 3140
0.09551191329956055, 3139
0.09551191329956055, 3138
0.09551191329956055, 3137
0.09551191329956055, 3136
0.09551191329956055, 3135
0.09551191329956055, 3134
3.4686644077301025, 3133
3.4686644077301025, 3132
3.4686644077301025, 3131
3.4686644077301025, 3130
3.4686644077301025, 3129
3.4686644077301025, 3128
3.4686644077301025, 3127
3.4686644077301025, 3126
3.4686644077301025, 3125
7.475962400436401, 3124
7.475962400436401, 3123
7.785545825958252, 3122
7.785545825958252, 3121
7.785545825958252, 3120
7.785545825958252, 3119
7.785545825958252, 3118
