0.018001079559326172, 4841
0.018001079559326172, 4840
0.018001079559326172, 4839
0.018001079559326172, 4838
0.018001079559326172, 4837
0.018001079559326172, 4836
0.018001079559326172, 4835
0.018001079559326172, 4834
0.018001079559326172, 4833
0.018001079559326172, 4832
0.018001079559326172, 4831
0.018001079559326172, 4830
0.018001079559326172, 4829
0.018001079559326172, 4828
0.018001079559326172, 4827
0.018001079559326172, 4826
0.018001079559326172, 4825
0.018001079559326172, 4824
0.018001079559326172, 4823
0.018001079559326172, 4822
0.018001079559326172, 4821
0.018001079559326172, 4820
0.018001079559326172, 4819
0.018001079559326172, 4818
0.018001079559326172, 4817
0.018001079559326172, 4816
0.01900196075439453, 4815
0.01900196075439453, 4814
0.01900196075439453, 4813
0.01900196075439453, 4812
0.01900196075439453, 4811
0.01900196075439453, 4810
0.01900196075439453, 4809
0.01900196075439453, 4808
0.01900196075439453, 4807
0.01900196075439453, 4806
0.01900196075439453, 4805
0.01900196075439453, 4804
0.01900196075439453, 4803
0.01900196075439453, 4802
0.01900196075439453, 4801
0.01900196075439453, 4800
0.01900196075439453, 4799
0.01900196075439453, 4798
0.01900196075439453, 4797
0.01900196075439453, 4796
0.01900196075439453, 4795
0.01900196075439453, 4794
0.01900196075439453, 4793
0.01900196075439453, 4792
0.01900196075439453, 4791
0.01900196075439453, 4790
0.01900196075439453, 4789
0.01900196075439453, 4788
0.01900196075439453, 4787
0.01900196075439453, 4786
0.01900196075439453, 4785
0.01900196075439453, 4784
0.01900196075439453, 4783
0.01900196075439453, 4782
0.01900196075439453, 4781
0.01900196075439453, 4780
0.01900196075439453, 4779
0.01900196075439453, 4778
0.020000696182250977, 4777
0.020000696182250977, 4776
0.020000696182250977, 4775
0.020000696182250977, 4774
0.020000696182250977, 4773
0.020000696182250977, 4772
0.020000696182250977, 4771
0.020000696182250977, 4770
0.020000696182250977, 4769
0.020000696182250977, 4768
0.020000696182250977, 4767
0.020000696182250977, 4766
0.020000696182250977, 4765
0.020000696182250977, 4764
0.020000696182250977, 4763
0.020000696182250977, 4762
0.020000696182250977, 4761
0.020000696182250977, 4760
0.020000696182250977, 4759
0.020000696182250977, 4758
0.020000696182250977, 4757
0.020000696182250977, 4756
0.020000696182250977, 4755
0.020000696182250977, 4754
0.020000696182250977, 4753
0.020000696182250977, 4752
0.020000696182250977, 4751
0.020000696182250977, 4750
0.020000696182250977, 4749
0.020000696182250977, 4748
0.020000696182250977, 4747
0.020000696182250977, 4746
0.020000696182250977, 4745
0.020000696182250977, 4744
0.020000696182250977, 4743
0.020000696182250977, 4742
0.020000696182250977, 4741
0.020000696182250977, 4740
0.020000696182250977, 4739
0.020000696182250977, 4738
0.020000696182250977, 4737
0.020000696182250977, 4736
0.020000696182250977, 4735
0.020000696182250977, 4734
0.02100062370300293, 4733
0.02100062370300293, 4732
0.02100062370300293, 4731
0.02100062370300293, 4730
0.02100062370300293, 4729
0.02100062370300293, 4728
0.02100062370300293, 4727
0.02100062370300293, 4726
0.02100062370300293, 4725
0.02100062370300293, 4724
0.02100062370300293, 4723
0.02100062370300293, 4722
0.02100062370300293, 4721
0.02100062370300293, 4720
0.02100062370300293, 4719
0.02100062370300293, 4718
0.02100062370300293, 4717
0.02100062370300293, 4716
0.02100062370300293, 4715
0.02100062370300293, 4714
0.02100062370300293, 4713
0.02100062370300293, 4712
0.02100062370300293, 4711
0.09415745735168457, 4710
0.09415745735168457, 4709
0.09415745735168457, 4708
0.09415745735168457, 4707
0.09415745735168457, 4706
0.09415745735168457, 4705
0.09415745735168457, 4704
0.09415745735168457, 4703
0.09415745735168457, 4702
0.09515881538391113, 4701
0.09515881538391113, 4700
0.09515881538391113, 4699
0.09515881538391113, 4698
0.09515881538391113, 4697
0.09515881538391113, 4696
0.09515881538391113, 4695
0.09515881538391113, 4694
0.09515881538391113, 4693
0.09515881538391113, 4692
0.09515881538391113, 4691
0.09515881538391113, 4690
0.09515881538391113, 4689
0.09515881538391113, 4688
0.09515881538391113, 4687
0.09515881538391113, 4686
0.09515881538391113, 4685
0.09515881538391113, 4684
0.09515881538391113, 4683
0.09515881538391113, 4682
0.09515881538391113, 4681
0.09515881538391113, 4680
0.09515881538391113, 4679
0.09515881538391113, 4678
0.09515881538391113, 4677
0.09515881538391113, 4676
0.09515881538391113, 4675
0.0961611270904541, 4674
0.0961611270904541, 4673
0.0961611270904541, 4672
0.0961611270904541, 4671
0.0961611270904541, 4670
0.0961611270904541, 4669
0.0961611270904541, 4668
0.0961611270904541, 4667
0.2381575107574463, 3302
0.2381575107574463, 3301
0.2381575107574463, 3300
0.2381575107574463, 3299
0.2381575107574463, 3298
0.2381575107574463, 3297
0.2381575107574463, 3296
0.2381575107574463, 3295
0.2381575107574463, 3294
0.2381575107574463, 3293
0.2381575107574463, 3292
0.2381575107574463, 3291
0.2381575107574463, 3290
0.2381575107574463, 3289
0.23915672302246094, 3288
0.23915672302246094, 3287
0.23915672302246094, 3286
0.23915672302246094, 3285
0.23915672302246094, 3284
0.23915672302246094, 3283
0.23915672302246094, 3282
0.23915672302246094, 3281
0.23915672302246094, 3280
0.23915672302246094, 3279
0.23915672302246094, 3278
0.23915672302246094, 3277
0.23915672302246094, 3276
0.23915672302246094, 3275
0.23915672302246094, 3274
0.23915672302246094, 3273
0.23915672302246094, 3272
0.23915672302246094, 3271
0.23915672302246094, 3270
0.23915672302246094, 3269
0.23915672302246094, 3268
0.23915672302246094, 3267
0.23915672302246094, 3266
0.23915672302246094, 3265
0.23915672302246094, 3264
0.23915672302246094, 3263
0.23915672302246094, 3262
0.23915672302246094, 3261
0.23915672302246094, 3260
0.23915672302246094, 3259
0.23915672302246094, 3258
0.23915672302246094, 3257
0.23915672302246094, 3256
0.2401583194732666, 3255
0.2401583194732666, 3254
0.2401583194732666, 3253
0.2401583194732666, 3252
0.2401583194732666, 3251
0.2401583194732666, 3250
0.2401583194732666, 3249
0.2401583194732666, 3248
0.2401583194732666, 3247
0.2401583194732666, 3246
0.2401583194732666, 3245
0.2401583194732666, 3244
0.2401583194732666, 3243
0.2401583194732666, 3242
0.2401583194732666, 3241
0.2401583194732666, 3240
0.2401583194732666, 3239
0.2401583194732666, 3238
0.2401583194732666, 3237
0.2401583194732666, 3236
0.2401583194732666, 3235
0.2401583194732666, 3234
0.2401583194732666, 3233
0.2401583194732666, 3232
0.2401583194732666, 3231
0.2401583194732666, 3230
0.2401583194732666, 3229
0.2401583194732666, 3228
0.2401583194732666, 3227
0.2401583194732666, 3226
0.24115896224975586, 3225
0.24115896224975586, 3224
0.24115896224975586, 3223
0.24115896224975586, 3222
0.24115896224975586, 3221
0.24115896224975586, 3220
0.24115896224975586, 3219
0.24115896224975586, 3218
0.24115896224975586, 3217
0.24115896224975586, 3216
0.24115896224975586, 3215
0.24115896224975586, 3214
0.24115896224975586, 3213
0.24115896224975586, 3212
0.24115896224975586, 3211
0.24115896224975586, 3210
0.24115896224975586, 3209
0.24115896224975586, 3208
0.24115896224975586, 3207
0.24115896224975586, 3206
0.24115896224975586, 3205
0.24115896224975586, 3204
0.24115896224975586, 3203
0.24115896224975586, 3202
0.24115896224975586, 3201
0.24115896224975586, 3200
0.24115896224975586, 3199
0.24115896224975586, 3198
0.24115896224975586, 3197
0.24115896224975586, 3196
0.24115896224975586, 3195
0.2421579360961914, 3194
0.2421579360961914, 3193
0.2421579360961914, 3192
0.2421579360961914, 3191
0.2421579360961914, 3190
0.2681610584259033, 3189
0.2681610584259033, 3188
0.2681610584259033, 3187
0.2681610584259033, 3186
0.2681610584259033, 3185
0.2681610584259033, 3184
0.2681610584259033, 3183
0.2681610584259033, 3182
0.2681610584259033, 3181
0.2681610584259033, 3180
0.2681610584259033, 3179
0.26915955543518066, 3178
0.26915955543518066, 3177
0.26915955543518066, 3176
0.26915955543518066, 3175
0.32115888595581055, 3174
0.32115888595581055, 3173
0.32115888595581055, 3172
0.32115888595581055, 3171
0.32115888595581055, 3170
0.32115888595581055, 3169
0.32115888595581055, 3168
0.32115888595581055, 3167
0.32115888595581055, 3166
0.32115888595581055, 3165
0.32115888595581055, 3164
0.3221583366394043, 3163
0.3221583366394043, 3162
0.3221583366394043, 3161
0.3221583366394043, 3160
0.3221583366394043, 3159
0.3221583366394043, 3158
0.3221583366394043, 3157
0.3221583366394043, 3156
0.3221583366394043, 3155
0.3221583366394043, 3154
0.3221583366394043, 3153
0.3221583366394043, 3152
0.3221583366394043, 3151
0.3221583366394043, 3150
0.4861564636230469, 3149
0.5901572704315186, 3148
0.5901572704315186, 3147
0.5901572704315186, 3146
0.5901572704315186, 3145
1.9534053802490234, 3144
3.770550012588501, 3143
3.770550012588501, 3142
3.770550012588501, 3141
3.770550012588501, 3140
3.770550012588501, 3139
3.770550012588501, 3138
3.770550012588501, 3137
3.770550012588501, 3136
3.770550012588501, 3135
3.770550012588501, 3134
3.770550012588501, 3133
3.770550012588501, 3132
3.770550012588501, 3131
3.770550012588501, 3130
3.770550012588501, 3129
3.770550012588501, 3128
3.770550012588501, 3127
3.7715489864349365, 3126
3.7715489864349365, 3125
3.7715489864349365, 3124
4.3796706199646, 3123
4.3796706199646, 3122
4.3796706199646, 3121
4.3796706199646, 3120
4.3796706199646, 3119
