0.01799941062927246, 4870
0.01799941062927246, 4869
0.01799941062927246, 4868
0.01799941062927246, 4867
0.01799941062927246, 4866
0.01799941062927246, 4865
0.01799941062927246, 4864
0.018561124801635742, 4863
0.018561124801635742, 4862
0.018561124801635742, 4861
0.018561124801635742, 4860
0.018561124801635742, 4859
0.018561124801635742, 4858
0.018561124801635742, 4857
0.018561124801635742, 4856
0.018561124801635742, 4855
0.018561124801635742, 4854
0.018561124801635742, 4853
0.018561124801635742, 4852
0.018561124801635742, 4851
0.018561124801635742, 4850
0.018561124801635742, 4849
0.018561124801635742, 4848
0.018561124801635742, 4847
0.018561124801635742, 4846
0.018999576568603516, 4845
0.018999576568603516, 4844
0.018999576568603516, 4843
0.018999576568603516, 4842
0.018999576568603516, 4841
0.018999576568603516, 4840
0.018999576568603516, 4839
0.018999576568603516, 4838
0.018999576568603516, 4837
0.018999576568603516, 4836
0.018999576568603516, 4835
0.018999576568603516, 4834
0.018999576568603516, 4833
0.018999576568603516, 4832
0.018999576568603516, 4831
0.018999576568603516, 4830
0.018999576568603516, 4829
0.018999576568603516, 4828
0.018999576568603516, 4827
0.018999576568603516, 4826
0.018999576568603516, 4825
0.018999576568603516, 4824
0.018999576568603516, 4823
0.018999576568603516, 4822
0.018999576568603516, 4821
0.018999576568603516, 4820
0.018999576568603516, 4819
0.018999576568603516, 4818
0.018999576568603516, 4817
0.018999576568603516, 4816
0.018999576568603516, 4815
0.018999576568603516, 4814
0.018999576568603516, 4813
0.018999576568603516, 4812
0.018999576568603516, 4811
0.018999576568603516, 4810
0.018999576568603516, 4809
0.018999576568603516, 4808
0.018999576568603516, 4807
0.018999576568603516, 4806
0.018999576568603516, 4805
0.020000219345092773, 4804
0.020000219345092773, 4803
0.020000219345092773, 4802
0.020000219345092773, 4801
0.020000219345092773, 4800
0.020000219345092773, 4799
0.020000219345092773, 4798
0.020000219345092773, 4797
0.020000219345092773, 4796
0.020000219345092773, 4795
0.020000219345092773, 4794
0.020000219345092773, 4793
0.020000219345092773, 4792
0.020000219345092773, 4791
0.020000219345092773, 4790
0.020000219345092773, 4789
0.020000219345092773, 4788
0.020000219345092773, 4787
0.020000219345092773, 4786
0.020000219345092773, 4785
0.020000219345092773, 4784
0.020000219345092773, 4783
0.020000219345092773, 4782
0.020000219345092773, 4781
0.020000219345092773, 4780
0.020000219345092773, 4779
0.020000219345092773, 4778
0.020000219345092773, 4777
0.020000219345092773, 4776
0.020000219345092773, 4775
0.020000219345092773, 4774
0.020000219345092773, 4773
0.020000219345092773, 4772
0.020000219345092773, 4771
0.020000219345092773, 4770
0.020000219345092773, 4769
0.020000219345092773, 4768
0.020000219345092773, 4767
0.020000219345092773, 4766
0.020000219345092773, 4765
0.020000219345092773, 4764
0.020000219345092773, 4763
0.020000219345092773, 4762
0.020999431610107422, 4761
0.020999431610107422, 4760
0.020999431610107422, 4759
0.020999431610107422, 4758
0.020999431610107422, 4757
0.020999431610107422, 4756
0.020999431610107422, 4755
0.020999431610107422, 4754
0.020999431610107422, 4753
0.020999431610107422, 4752
0.020999431610107422, 4751
0.020999431610107422, 4750
0.020999431610107422, 4749
0.020999431610107422, 4748
0.020999431610107422, 4747
0.020999431610107422, 4746
0.020999431610107422, 4745
0.020999431610107422, 4744
0.020999431610107422, 4743
0.020999431610107422, 4742
0.020999431610107422, 4741
0.020999431610107422, 4740
0.020999431610107422, 4739
0.020999431610107422, 4738
0.020999431610107422, 4737
0.020999431610107422, 4736
0.020999431610107422, 4735
0.020999431610107422, 4734
0.020999431610107422, 4733
0.020999431610107422, 4732
0.020999431610107422, 4731
0.020999431610107422, 4730
0.020999431610107422, 4729
0.020999431610107422, 4728
0.020999431610107422, 4727
0.020999431610107422, 4726
0.020999431610107422, 4725
0.020999431610107422, 4724
0.020999431610107422, 4723
0.020999431610107422, 4722
0.020999431610107422, 4721
0.020999431610107422, 4720
0.021999359130859375, 4719
0.021999359130859375, 4718
0.021999359130859375, 4717
0.021999359130859375, 4716
0.021999359130859375, 4715
0.021999359130859375, 4714
0.021999359130859375, 4713
0.021999359130859375, 4712
0.021999359130859375, 4711
0.021999359130859375, 4710
0.021999359130859375, 4709
0.021999359130859375, 4708
0.021999359130859375, 4707
0.021999359130859375, 4706
0.021999359130859375, 4705
0.021999359130859375, 4704
0.021999359130859375, 4703
0.021999359130859375, 4702
0.021999359130859375, 4701
0.021999359130859375, 4700
0.021999359130859375, 4699
0.021999359130859375, 4698
0.021999359130859375, 4697
0.021999359130859375, 4696
0.021999359130859375, 4695
0.021999359130859375, 4694
0.021999359130859375, 4693
0.021999359130859375, 4692
0.021999359130859375, 4691
0.021999359130859375, 4690
0.021999359130859375, 4689
0.021999359130859375, 4688
0.021999359130859375, 4687
0.021999359130859375, 4686
0.021999359130859375, 4685
0.021999359130859375, 4684
0.021999359130859375, 4683
0.021999359130859375, 4682
0.021999359130859375, 4681
0.021999359130859375, 4680
0.021999359130859375, 4679
0.021999359130859375, 4678
0.021999359130859375, 4677
0.02299952507019043, 4676
0.02299952507019043, 4675
0.02299952507019043, 4674
0.02299952507019043, 4673
0.02299952507019043, 4672
0.02299952507019043, 4671
0.02299952507019043, 4670
0.02299952507019043, 4669
0.02299952507019043, 4668
0.02299952507019043, 4667
0.02299952507019043, 4666
0.02299952507019043, 4665
0.02299952507019043, 4664
0.02299952507019043, 4663
0.02299952507019043, 4662
0.02299952507019043, 4661
0.02299952507019043, 4660
0.02299952507019043, 4659
0.02299952507019043, 4658
0.02299952507019043, 4657
0.02299952507019043, 4656
0.02299952507019043, 4655
0.02299952507019043, 4654
0.02299952507019043, 4653
0.02299952507019043, 4652
0.02299952507019043, 4651
0.02299952507019043, 4650
0.02299952507019043, 4649
0.02299952507019043, 4648
0.02299952507019043, 4647
0.02299952507019043, 4646
0.02299952507019043, 4645
0.02299952507019043, 4644
0.02299952507019043, 4643
0.02299952507019043, 4642
0.02299952507019043, 4641
0.02299952507019043, 4640
0.02299952507019043, 4639
0.02299952507019043, 4638
0.02299952507019043, 4637
0.02299952507019043, 4636
0.02299952507019043, 4635
0.023999452590942383, 4634
0.023999452590942383, 4633
0.023999452590942383, 4632
0.023999452590942383, 4631
0.023999452590942383, 4630
0.024147510528564453, 4629
0.024147510528564453, 4628
0.024147510528564453, 4627
0.024147510528564453, 4626
0.024147510528564453, 4625
0.024147510528564453, 4624
0.024147510528564453, 4623
0.024147510528564453, 4622
0.024147510528564453, 4621
0.024147510528564453, 4620
0.024147510528564453, 4619
0.024147510528564453, 4618
0.024147510528564453, 4617
0.024147510528564453, 4616
0.024147510528564453, 4615
0.024147510528564453, 4614
0.024147510528564453, 4613
0.024147510528564453, 4612
0.024147510528564453, 4611
0.024147510528564453, 4610
0.024147510528564453, 4609
0.024147510528564453, 4608
0.024147510528564453, 4607
0.024147510528564453, 4606
0.024147510528564453, 4605
0.024147510528564453, 4604
0.024147510528564453, 4603
0.024147510528564453, 4602
0.024147510528564453, 4601
0.024147510528564453, 4600
0.024147510528564453, 4599
0.024147510528564453, 4598
0.024147510528564453, 4597
0.024147510528564453, 4596
0.024147510528564453, 4595
0.024999618530273438, 4594
0.024999618530273438, 4593
0.024999618530273438, 4592
0.024999618530273438, 4591
0.024999618530273438, 4590
0.024999618530273438, 4589
0.024999618530273438, 4588
0.024999618530273438, 4587
0.024999618530273438, 4586
0.024999618530273438, 4585
0.024999618530273438, 4584
0.024999618530273438, 4583
0.024999618530273438, 4582
0.035999298095703125, 3417
0.035999298095703125, 3416
0.035999298095703125, 3415
0.035999298095703125, 3414
0.035999298095703125, 3413
0.035999298095703125, 3412
0.035999298095703125, 3411
0.035999298095703125, 3410
0.035999298095703125, 3409
0.03699946403503418, 3408
0.03699946403503418, 3407
0.03699946403503418, 3406
0.03699946403503418, 3405
0.03699946403503418, 3404
0.03699946403503418, 3403
0.03699946403503418, 3402
0.03699946403503418, 3401
0.03699946403503418, 3400
0.03699946403503418, 3399
0.03699946403503418, 3398
0.03699946403503418, 3397
0.03699946403503418, 3396
0.03699946403503418, 3395
0.03699946403503418, 3394
0.03699946403503418, 3393
0.03699946403503418, 3392
0.03699946403503418, 3391
0.03699946403503418, 3390
0.03699946403503418, 3389
0.03699946403503418, 3388
0.03699946403503418, 3387
0.03699946403503418, 3386
0.03699946403503418, 3385
0.03699946403503418, 3384
0.03699946403503418, 3383
0.03699946403503418, 3382
0.03699946403503418, 3381
0.03699946403503418, 3380
0.03699946403503418, 3379
0.037999629974365234, 3378
0.037999629974365234, 3377
0.037999629974365234, 3376
0.037999629974365234, 3375
0.037999629974365234, 3374
0.037999629974365234, 3373
0.037999629974365234, 3372
0.037999629974365234, 3371
0.037999629974365234, 3370
0.037999629974365234, 3369
0.037999629974365234, 3368
0.037999629974365234, 3367
0.037999629974365234, 3366
0.037999629974365234, 3365
0.037999629974365234, 3364
0.037999629974365234, 3363
0.037999629974365234, 3362
0.037999629974365234, 3361
0.037999629974365234, 3360
0.037999629974365234, 3359
0.037999629974365234, 3358
0.037999629974365234, 3357
0.037999629974365234, 3356
0.037999629974365234, 3355
0.037999629974365234, 3354
0.037999629974365234, 3353
0.037999629974365234, 3352
0.037999629974365234, 3351
0.037999629974365234, 3350
0.038999319076538086, 3349
0.038999319076538086, 3348
0.038999319076538086, 3347
0.038999319076538086, 3346
0.038999319076538086, 3345
0.038999319076538086, 3344
0.038999319076538086, 3343
0.038999319076538086, 3342
0.038999319076538086, 3341
0.038999319076538086, 3340
0.038999319076538086, 3339
0.038999319076538086, 3338
0.038999319076538086, 3337
0.038999319076538086, 3336
0.038999319076538086, 3335
0.038999319076538086, 3334
0.038999319076538086, 3333
0.038999319076538086, 3332
0.038999319076538086, 3331
0.038999319076538086, 3330
0.03999948501586914, 3329
0.03999948501586914, 3328
0.03999948501586914, 3327
0.03999948501586914, 3326
0.03999948501586914, 3325
0.03999948501586914, 3324
0.03999948501586914, 3323
0.03999948501586914, 3322
0.03999948501586914, 3321
0.03999948501586914, 3320
0.03999948501586914, 3319
0.03999948501586914, 3318
0.03999948501586914, 3317
0.03999948501586914, 3316
0.03999948501586914, 3315
0.03999948501586914, 3314
0.03999948501586914, 3313
0.03999948501586914, 3312
0.03999948501586914, 3311
0.03999948501586914, 3310
0.03999948501586914, 3309
0.03999948501586914, 3308
0.03999948501586914, 3307
0.03999948501586914, 3306
0.03999948501586914, 3305
0.03999948501586914, 3304
0.03999948501586914, 3303
0.040999412536621094, 3302
0.040999412536621094, 3301
0.040999412536621094, 3300
0.040999412536621094, 3299
0.040999412536621094, 3298
0.040999412536621094, 3297
0.040999412536621094, 3296
0.040999412536621094, 3295
0.040999412536621094, 3294
0.040999412536621094, 3293
0.040999412536621094, 3292
0.040999412536621094, 3291
0.040999412536621094, 3290
0.040999412536621094, 3289
0.040999412536621094, 3288
0.040999412536621094, 3287
0.040999412536621094, 3286
0.040999412536621094, 3285
0.040999412536621094, 3284
0.040999412536621094, 3283
0.040999412536621094, 3282
0.040999412536621094, 3281
0.040999412536621094, 3280
0.040999412536621094, 3279
0.040999412536621094, 3278
0.040999412536621094, 3277
0.040999412536621094, 3276
0.040999412536621094, 3275
0.040999412536621094, 3274
0.040999412536621094, 3273
0.040999412536621094, 3272
0.040999412536621094, 3271
0.040999412536621094, 3270
0.04199934005737305, 3269
0.04199934005737305, 3268
0.04199934005737305, 3267
0.04199934005737305, 3266
0.04199934005737305, 3265
0.04199934005737305, 3264
0.04199934005737305, 3263
0.04199934005737305, 3262
0.04199934005737305, 3261
0.04199934005737305, 3260
0.04199934005737305, 3259
0.04199934005737305, 3258
0.04199934005737305, 3257
0.04199934005737305, 3256
0.04199934005737305, 3255
0.04199934005737305, 3254
0.04199934005737305, 3253
0.04199934005737305, 3252
0.04199934005737305, 3251
0.04199934005737305, 3250
0.04199934005737305, 3249
0.04199934005737305, 3248
0.04199934005737305, 3247
0.04199934005737305, 3246
0.04199934005737305, 3245
0.04199934005737305, 3244
0.04199934005737305, 3243
0.04199934005737305, 3242
0.04199934005737305, 3241
0.04199934005737305, 3240
0.04199934005737305, 3239
0.042999267578125, 3238
0.042999267578125, 3237
0.042999267578125, 3236
0.042999267578125, 3235
0.042999267578125, 3234
0.042999267578125, 3233
0.042999267578125, 3232
0.042999267578125, 3231
0.042999267578125, 3230
0.042999267578125, 3229
0.042999267578125, 3228
0.042999267578125, 3227
0.042999267578125, 3226
0.042999267578125, 3225
0.042999267578125, 3224
0.042999267578125, 3223
0.042999267578125, 3222
0.042999267578125, 3221
0.042999267578125, 3220
0.042999267578125, 3219
0.042999267578125, 3218
0.042999267578125, 3217
0.042999267578125, 3216
0.042999267578125, 3215
0.042999267578125, 3214
0.042999267578125, 3213
0.042999267578125, 3212
0.042999267578125, 3211
0.042999267578125, 3210
0.042999267578125, 3209
0.042999267578125, 3208
0.042999267578125, 3207
0.04399919509887695, 3206
0.04399919509887695, 3205
0.044078826904296875, 3204
0.044078826904296875, 3203
0.044078826904296875, 3202
0.044078826904296875, 3201
0.044078826904296875, 3200
0.044078826904296875, 3199
0.044078826904296875, 3198
0.044078826904296875, 3197
0.044078826904296875, 3196
0.044078826904296875, 3195
0.044078826904296875, 3194
0.044078826904296875, 3193
0.044078826904296875, 3192
0.044078826904296875, 3191
0.044078826904296875, 3190
0.044078826904296875, 3189
0.044078826904296875, 3188
0.044078826904296875, 3187
0.044078826904296875, 3186
0.044078826904296875, 3185
0.044078826904296875, 3184
0.044078826904296875, 3183
0.044078826904296875, 3182
0.044078826904296875, 3181
0.044078826904296875, 3180
0.044078826904296875, 3179
0.044078826904296875, 3178
0.044078826904296875, 3177
0.044078826904296875, 3176
0.044078826904296875, 3175
0.04499959945678711, 3174
0.04499959945678711, 3173
0.04499959945678711, 3172
0.04499959945678711, 3171
0.04499959945678711, 3170
0.04499959945678711, 3169
0.04499959945678711, 3168
0.04499959945678711, 3167
0.04499959945678711, 3166
0.271282434463501, 3165
0.271282434463501, 3164
0.271282434463501, 3163
0.271282434463501, 3162
0.271282434463501, 3161
0.271282434463501, 3160
0.271282434463501, 3159
0.271282434463501, 3158
0.271282434463501, 3157
0.271282434463501, 3156
0.271282434463501, 3155
0.271282434463501, 3154
0.271282434463501, 3153
0.271282434463501, 3152
0.271282434463501, 3151
0.271282434463501, 3150
0.271282434463501, 3149
0.271282434463501, 3148
0.271282434463501, 3147
0.271282434463501, 3146
0.271282434463501, 3145
0.271282434463501, 3144
0.271282434463501, 3143
0.2720003128051758, 3142
0.5959997177124023, 3141
0.5959997177124023, 3140
0.5959997177124023, 3139
0.5959997177124023, 3138
0.5959997177124023, 3137
0.5959997177124023, 3136
0.5959997177124023, 3135
0.5959997177124023, 3134
0.5959997177124023, 3133
0.5959997177124023, 3132
0.5959997177124023, 3131
0.5959997177124023, 3130
0.5959997177124023, 3129
0.5959997177124023, 3128
0.5959997177124023, 3127
0.5959997177124023, 3126
0.5959997177124023, 3125
2.269292116165161, 3124
2.269292116165161, 3123
2.269292116165161, 3122
2.269292116165161, 3121
2.2702932357788086, 3120
2.2702932357788086, 3119
2.2702932357788086, 3118
