0.019495487213134766, 4808
0.019495487213134766, 4807
0.019495487213134766, 4806
0.019495487213134766, 4805
0.019495487213134766, 4804
0.019495487213134766, 4803
0.019495487213134766, 4802
0.019495487213134766, 4801
0.019495487213134766, 4800
0.019495487213134766, 4799
0.019495487213134766, 4798
0.019495487213134766, 4797
0.019495487213134766, 4796
0.019495487213134766, 4795
0.019495487213134766, 4794
0.019495487213134766, 4793
0.019495487213134766, 4792
0.019495487213134766, 4791
0.019495487213134766, 4790
0.019495487213134766, 4789
0.019495487213134766, 4788
0.019495487213134766, 4787
0.019495487213134766, 4786
0.019495487213134766, 4785
0.019495487213134766, 4784
0.019495487213134766, 4783
0.019495487213134766, 4782
0.019495487213134766, 4781
0.019495487213134766, 4780
0.019495487213134766, 4779
0.019495487213134766, 4778
0.019495487213134766, 4777
0.019495487213134766, 4776
0.019495487213134766, 4775
0.019495487213134766, 4774
0.019495487213134766, 4773
0.019495487213134766, 4772
0.019495487213134766, 4771
0.019495487213134766, 4770
0.019495487213134766, 4769
0.019495487213134766, 4768
0.02049565315246582, 4765
0.02049565315246582, 4764
0.02049565315246582, 4763
0.02049565315246582, 4762
0.02049565315246582, 4761
0.02049565315246582, 4760
0.04509472846984863, 4759
0.04509472846984863, 4758
0.04509472846984863, 4757
0.04509472846984863, 4756
0.06005406379699707, 3227
0.06005406379699707, 3226
0.06005406379699707, 3225
0.06005406379699707, 3224
0.06005406379699707, 3223
0.06005406379699707, 3222
0.06005406379699707, 3221
0.06005406379699707, 3220
0.06005406379699707, 3219
0.06005406379699707, 3218
0.06005406379699707, 3217
0.06005406379699707, 3216
0.06005406379699707, 3215
0.06005406379699707, 3214
0.06005406379699707, 3213
0.06005406379699707, 3212
0.06005406379699707, 3211
0.06005406379699707, 3210
0.06005406379699707, 3209
0.06005406379699707, 3208
0.06005406379699707, 3207
0.06005406379699707, 3206
0.06005406379699707, 3205
0.06005406379699707, 3204
0.06005406379699707, 3203
0.06005406379699707, 3202
0.06005406379699707, 3201
0.06105351448059082, 3200
0.06105351448059082, 3199
0.06105351448059082, 3198
0.06118917465209961, 3197
0.06118917465209961, 3196
0.06118917465209961, 3195
0.06118917465209961, 3194
0.06118917465209961, 3193
0.06118917465209961, 3192
0.06118917465209961, 3191
0.06118917465209961, 3190
0.06118917465209961, 3189
0.06118917465209961, 3188
0.06118917465209961, 3187
0.06118917465209961, 3186
0.06118917465209961, 3185
0.06118917465209961, 3184
0.06118917465209961, 3183
0.06118917465209961, 3182
0.06118917465209961, 3181
0.06170368194580078, 3180
0.06170368194580078, 3179
0.06170368194580078, 3178
0.06170368194580078, 3177
0.06170368194580078, 3176
0.06170368194580078, 3175
0.06170368194580078, 3174
0.06170368194580078, 3173
0.06170368194580078, 3172
0.06170368194580078, 3171
0.06170368194580078, 3170
0.06170368194580078, 3169
0.06170368194580078, 3168
0.06170368194580078, 3167
0.06170368194580078, 3166
0.06170368194580078, 3165
0.06170368194580078, 3164
0.06170368194580078, 3163
0.06170368194580078, 3162
0.500866174697876, 3156
0.500866174697876, 3155
0.500866174697876, 3154
0.500866174697876, 3153
0.500866174697876, 3152
0.500866174697876, 3151
0.500866174697876, 3150
0.6538341045379639, 3149
0.6538341045379639, 3148
0.6538341045379639, 3147
0.6538341045379639, 3146
0.6538341045379639, 3145
0.6538341045379639, 3144
0.6538341045379639, 3143
0.6538341045379639, 3142
0.6538341045379639, 3141
0.6538341045379639, 3140
0.6538341045379639, 3139
0.6538341045379639, 3138
0.6538341045379639, 3137
0.6538341045379639, 3136
0.6538341045379639, 3135
0.6538341045379639, 3134
0.6538341045379639, 3133
0.6538341045379639, 3132
0.6538341045379639, 3131
0.6538341045379639, 3130
0.6538341045379639, 3129
0.6538341045379639, 3128
0.6538341045379639, 3127
0.7529869079589844, 3126
0.7529869079589844, 3125
0.7529869079589844, 3124
0.7529869079589844, 3123
0.7529869079589844, 3122
0.7529869079589844, 3121
0.7529869079589844, 3120
0.7529869079589844, 3119
0.7529869079589844, 3118
0.7529869079589844, 3117
0.7529869079589844, 3116
0.7529869079589844, 3115
0.7529869079589844, 3114
