0.01760268211364746, 4879
0.01760268211364746, 4878
0.01760268211364746, 4877
0.01760268211364746, 4876
0.01760268211364746, 4875
0.01760268211364746, 4874
0.01760268211364746, 4873
0.01760268211364746, 4872
0.01760268211364746, 4871
0.01760268211364746, 4870
0.01760268211364746, 4869
0.01760268211364746, 4868
0.01760268211364746, 4867
0.01760268211364746, 4866
0.01760268211364746, 4865
0.01760268211364746, 4864
0.01760268211364746, 4863
0.01760268211364746, 4862
0.01760268211364746, 4861
0.01760268211364746, 4860
0.01760268211364746, 4859
0.01760268211364746, 4858
0.01760268211364746, 4857
0.018602609634399414, 4856
0.018602609634399414, 4855
0.018602609634399414, 4854
0.018602609634399414, 4853
0.018602609634399414, 4852
0.018602609634399414, 4851
0.018602609634399414, 4850
0.018602609634399414, 4849
0.018602609634399414, 4848
0.018602609634399414, 4847
0.018602609634399414, 4846
0.018602609634399414, 4845
0.018602609634399414, 4844
0.018602609634399414, 4843
0.018602609634399414, 4842
0.018602609634399414, 4841
0.018602609634399414, 4840
0.018602609634399414, 4839
0.018602609634399414, 4838
0.018602609634399414, 4837
0.018602609634399414, 4836
0.018602609634399414, 4835
0.018602609634399414, 4834
0.018602609634399414, 4833
0.018602609634399414, 4832
0.018602609634399414, 4831
0.018602609634399414, 4830
0.018602609634399414, 4829
0.018602609634399414, 4828
0.018602609634399414, 4827
0.018602609634399414, 4826
0.018602609634399414, 4825
0.018602609634399414, 4824
0.018602609634399414, 4823
0.018602609634399414, 4822
0.018602609634399414, 4821
0.018602609634399414, 4820
0.018602609634399414, 4819
0.018602609634399414, 4818
0.018602609634399414, 4817
0.018602609634399414, 4816
0.018602609634399414, 4815
0.018602609634399414, 4814
0.018602609634399414, 4813
0.019602537155151367, 4812
0.019602537155151367, 4811
0.019602537155151367, 4810
0.019670486450195312, 4809
0.019670486450195312, 4808
0.019670486450195312, 4807
0.019670486450195312, 4806
0.019670486450195312, 4805
0.019670486450195312, 4804
0.019670486450195312, 4803
0.019670486450195312, 4802
0.019670486450195312, 4801
0.019670486450195312, 4800
0.019670486450195312, 4799
0.019670486450195312, 4798
0.019670486450195312, 4797
0.019670486450195312, 4796
0.019670486450195312, 4795
0.019670486450195312, 4794
0.019670486450195312, 4793
0.019670486450195312, 4792
0.019670486450195312, 4791
0.019670486450195312, 4790
0.019670486450195312, 4789
0.019670486450195312, 4788
0.019670486450195312, 4787
0.019670486450195312, 4786
0.019670486450195312, 4785
0.019670486450195312, 4784
0.019670486450195312, 4783
0.019670486450195312, 4782
0.019670486450195312, 4781
0.019670486450195312, 4780
0.019670486450195312, 4779
0.019670486450195312, 4778
0.04367780685424805, 4777
0.04367780685424805, 4776
0.04367780685424805, 4775
0.04367780685424805, 4774
0.04367780685424805, 4773
0.04367780685424805, 4772
0.04367780685424805, 4771
0.04367780685424805, 4770
0.04367780685424805, 4769
0.04367780685424805, 4768
0.04367780685424805, 4767
0.04468655586242676, 4766
0.04468655586242676, 4765
0.04468655586242676, 4764
0.04468655586242676, 4763
0.04468655586242676, 4762
0.04468655586242676, 4761
0.04468655586242676, 4760
0.04468655586242676, 4759
0.04468655586242676, 4758
0.04468655586242676, 4757
0.04468655586242676, 4756
0.04468655586242676, 4755
0.04468655586242676, 4754
0.04468655586242676, 4753
0.04468655586242676, 4752
0.04468655586242676, 4751
0.04468655586242676, 4750
0.04468655586242676, 4749
0.04468655586242676, 4748
0.04468655586242676, 4747
0.04468655586242676, 4746
0.04468655586242676, 4745
0.04468655586242676, 4744
0.04468655586242676, 4743
0.04468655586242676, 4742
0.04468655586242676, 4741
0.04468655586242676, 4740
0.04468655586242676, 4739
0.04468655586242676, 4738
0.04468655586242676, 4737
0.04468655586242676, 4736
0.04468655586242676, 4735
0.04468655586242676, 4734
0.04468655586242676, 4733
0.04468655586242676, 4732
0.04468655586242676, 4731
0.04468655586242676, 4730
0.04468655586242676, 4729
0.0587158203125, 3291
0.0587158203125, 3290
0.0587158203125, 3289
0.0587158203125, 3288
0.0587158203125, 3287
0.0587158203125, 3286
0.05971527099609375, 3285
0.05971527099609375, 3284
0.05971527099609375, 3283
0.05971527099609375, 3282
0.05971527099609375, 3281
0.05971527099609375, 3280
0.05971527099609375, 3279
0.05971527099609375, 3278
0.05971527099609375, 3277
0.05971527099609375, 3276
0.05971527099609375, 3275
0.05971527099609375, 3274
0.05971527099609375, 3273
0.05971527099609375, 3272
0.05971527099609375, 3271
0.05971527099609375, 3270
0.05971527099609375, 3269
0.05971527099609375, 3268
0.05971527099609375, 3267
0.05971527099609375, 3266
0.05971527099609375, 3265
0.05971527099609375, 3264
0.05971527099609375, 3263
0.05971527099609375, 3262
0.05971527099609375, 3261
0.05971527099609375, 3260
0.05971527099609375, 3259
0.05971527099609375, 3258
0.05971527099609375, 3257
0.05971527099609375, 3256
0.060715436935424805, 3255
0.060715436935424805, 3254
0.060715436935424805, 3253
0.060715436935424805, 3252
0.060715436935424805, 3251
0.060715436935424805, 3250
0.060715436935424805, 3249
0.060715436935424805, 3248
0.060715436935424805, 3247
0.060715436935424805, 3246
0.060715436935424805, 3245
0.060715436935424805, 3244
0.060715436935424805, 3243
0.060715436935424805, 3242
0.060715436935424805, 3241
0.060715436935424805, 3240
0.060715436935424805, 3239
0.060715436935424805, 3238
0.060715436935424805, 3237
0.060715436935424805, 3236
0.060715436935424805, 3235
0.060715436935424805, 3234
0.060715436935424805, 3233
0.060715436935424805, 3232
0.060715436935424805, 3231
0.060715436935424805, 3230
0.060715436935424805, 3229
0.060715436935424805, 3228
0.060715436935424805, 3227
0.060715436935424805, 3226
0.06171560287475586, 3225
0.06171560287475586, 3224
0.06171560287475586, 3223
0.06171560287475586, 3222
0.06171560287475586, 3221
0.06171560287475586, 3220
0.06171560287475586, 3219
0.06171560287475586, 3218
0.06171560287475586, 3217
0.06171560287475586, 3216
0.06171560287475586, 3215
0.06171560287475586, 3214
0.06171560287475586, 3213
0.06171560287475586, 3212
0.06171560287475586, 3211
0.06171560287475586, 3210
0.06171560287475586, 3209
0.06171560287475586, 3208
0.06171560287475586, 3207
0.06171560287475586, 3206
0.06171560287475586, 3205
0.06171560287475586, 3204
0.06171560287475586, 3203
0.06171560287475586, 3202
0.06171560287475586, 3201
0.06171560287475586, 3200
0.06171560287475586, 3199
0.06171560287475586, 3198
0.06171560287475586, 3197
0.06171560287475586, 3196
0.06171560287475586, 3195
0.06271624565124512, 3194
0.06271624565124512, 3193
0.06271624565124512, 3192
0.06271624565124512, 3191
0.06271624565124512, 3190
0.06271624565124512, 3189
0.06271624565124512, 3188
0.06271624565124512, 3187
0.06271624565124512, 3186
0.06271624565124512, 3185
0.06271624565124512, 3184
0.06271624565124512, 3183
0.06271624565124512, 3182
0.06271624565124512, 3181
0.06271624565124512, 3180
0.06271624565124512, 3179
0.06271624565124512, 3178
0.06271624565124512, 3177
0.06271624565124512, 3176
0.06271624565124512, 3175
0.06271624565124512, 3174
0.06271624565124512, 3173
0.06271624565124512, 3172
0.06271624565124512, 3171
0.06271624565124512, 3170
0.06271624565124512, 3169
0.06271624565124512, 3168
0.06271624565124512, 3167
0.06271624565124512, 3166
0.06271624565124512, 3165
0.06271624565124512, 3164
0.06271624565124512, 3163
0.06271624565124512, 3162
0.06271624565124512, 3161
0.06271624565124512, 3160
0.06371545791625977, 3159
0.06371545791625977, 3158
0.06371545791625977, 3157
0.06371545791625977, 3156
0.06371545791625977, 3155
0.06371545791625977, 3154
0.06371545791625977, 3153
1.2466647624969482, 3152
1.2466647624969482, 3151
1.4738786220550537, 3148
1.4738786220550537, 3147
1.4738786220550537, 3146
1.4738786220550537, 3145
1.4738786220550537, 3144
1.4738786220550537, 3143
1.4738786220550537, 3142
1.4738786220550537, 3141
1.4738786220550537, 3140
1.4738786220550537, 3139
1.4738786220550537, 3138
1.4738786220550537, 3137
1.4738786220550537, 3136
1.4738786220550537, 3135
1.4738786220550537, 3134
1.4738786220550537, 3133
1.4738786220550537, 3132
2.3000359535217285, 3131
2.3000359535217285, 3130
2.3000359535217285, 3129
2.3000359535217285, 3128
2.3000359535217285, 3127
2.3000359535217285, 3126
2.3010365962982178, 3125
2.3010365962982178, 3124
2.3010365962982178, 3123
2.3010365962982178, 3122
2.3010365962982178, 3121
2.3010365962982178, 3120
2.3010365962982178, 3119
2.3010365962982178, 3118
2.3010365962982178, 3117
2.3010365962982178, 3116
2.3010365962982178, 3115
2.3010365962982178, 3114
2.3010365962982178, 3113
2.3010365962982178, 3112
2.3010365962982178, 3111
2.3010365962982178, 3110
2.3010365962982178, 3109
2.3010365962982178, 3108
2.3010365962982178, 3107
6.226906061172485, 3106
6.226906061172485, 3105
6.226906061172485, 3104
