0.016999244689941406, 4888
0.016999244689941406, 4887
0.016999244689941406, 4886
0.016999244689941406, 4885
0.016999244689941406, 4884
0.016999244689941406, 4883
0.016999244689941406, 4882
0.016999244689941406, 4881
0.016999244689941406, 4880
0.016999244689941406, 4879
0.016999244689941406, 4878
0.016999244689941406, 4877
0.016999244689941406, 4876
0.016999244689941406, 4875
0.016999244689941406, 4874
0.016999244689941406, 4873
0.018000364303588867, 4872
0.018000364303588867, 4871
0.018000364303588867, 4870
0.018000364303588867, 4869
0.018000364303588867, 4868
0.018000364303588867, 4867
0.018000364303588867, 4866
0.018000364303588867, 4865
0.018000364303588867, 4864
0.018000364303588867, 4863
0.018000364303588867, 4862
0.018000364303588867, 4861
0.018000364303588867, 4860
0.018000364303588867, 4859
0.018000364303588867, 4858
0.018000364303588867, 4857
0.018000364303588867, 4856
0.018000364303588867, 4855
0.018000364303588867, 4854
0.018000364303588867, 4853
0.018000364303588867, 4852
0.018000364303588867, 4851
0.018000364303588867, 4850
0.018000364303588867, 4849
0.018000364303588867, 4848
0.028998851776123047, 3445
0.028998851776123047, 3444
0.028998851776123047, 3443
0.028998851776123047, 3442
0.028998851776123047, 3441
0.028998851776123047, 3440
0.028998851776123047, 3439
0.028998851776123047, 3438
0.029998302459716797, 3437
0.029998302459716797, 3436
0.029998302459716797, 3435
0.029998302459716797, 3434
0.029998302459716797, 3433
0.029998302459716797, 3432
0.029998302459716797, 3431
0.029998302459716797, 3430
0.029998302459716797, 3429
0.029998302459716797, 3428
0.029998302459716797, 3427
0.029998302459716797, 3426
0.029998302459716797, 3425
0.029998302459716797, 3424
0.029998302459716797, 3423
0.029998302459716797, 3422
0.029998302459716797, 3421
0.029998302459716797, 3420
0.029998302459716797, 3419
0.029998302459716797, 3418
0.029998302459716797, 3417
0.029998302459716797, 3416
0.029998302459716797, 3415
0.029998302459716797, 3414
0.03072500228881836, 3413
0.03072500228881836, 3412
0.03072500228881836, 3411
0.03072500228881836, 3410
0.03072500228881836, 3409
0.03072500228881836, 3408
0.03072500228881836, 3407
0.03072500228881836, 3406
0.03072500228881836, 3405
0.030999422073364258, 3404
0.030999422073364258, 3403
0.030999422073364258, 3402
0.030999422073364258, 3401
0.030999422073364258, 3400
0.030999422073364258, 3399
0.030999422073364258, 3398
0.030999422073364258, 3397
0.030999422073364258, 3396
0.030999422073364258, 3395
0.030999422073364258, 3394
0.030999422073364258, 3393
0.030999422073364258, 3392
0.030999422073364258, 3391
0.030999422073364258, 3390
0.030999422073364258, 3389
0.030999422073364258, 3388
0.030999422073364258, 3387
0.030999422073364258, 3386
0.030999422073364258, 3385
0.030999422073364258, 3384
0.030999422073364258, 3383
0.030999422073364258, 3382
0.030999422073364258, 3381
0.0319981575012207, 3380
0.0319981575012207, 3379
0.0319981575012207, 3378
0.0319981575012207, 3377
0.0319981575012207, 3376
0.0319981575012207, 3375
0.0319981575012207, 3374
0.0319981575012207, 3373
0.0319981575012207, 3372
0.0319981575012207, 3371
0.0319981575012207, 3370
0.0319981575012207, 3369
0.0319981575012207, 3368
0.0319981575012207, 3367
0.0319981575012207, 3366
0.0319981575012207, 3365
0.0319981575012207, 3364
0.0319981575012207, 3363
0.0319981575012207, 3362
0.0319981575012207, 3361
0.0319981575012207, 3360
0.0319981575012207, 3359
0.03299903869628906, 3358
0.03299903869628906, 3357
0.03299903869628906, 3356
0.03299903869628906, 3355
0.03299903869628906, 3354
0.03299903869628906, 3353
0.03299903869628906, 3352
0.03299903869628906, 3351
0.03299903869628906, 3350
0.03299903869628906, 3349
0.03299903869628906, 3348
0.03299903869628906, 3347
0.03299903869628906, 3346
0.03299903869628906, 3345
0.03299903869628906, 3344
0.03299903869628906, 3343
0.03299903869628906, 3342
0.03299903869628906, 3341
0.03299903869628906, 3340
0.03299903869628906, 3339
0.03299903869628906, 3338
0.03299903869628906, 3337
0.03299903869628906, 3336
0.03299903869628906, 3335
0.03299903869628906, 3334
0.03299903869628906, 3333
0.03299903869628906, 3332
0.033998966217041016, 3331
0.033998966217041016, 3330
0.033998966217041016, 3329
0.033998966217041016, 3328
0.033998966217041016, 3327
0.033998966217041016, 3326
0.033998966217041016, 3325
0.033998966217041016, 3324
0.033998966217041016, 3323
0.033998966217041016, 3322
0.033998966217041016, 3321
0.033998966217041016, 3320
0.033998966217041016, 3319
0.033998966217041016, 3318
0.033998966217041016, 3317
0.033998966217041016, 3316
0.033998966217041016, 3315
0.033998966217041016, 3314
0.033998966217041016, 3313
0.033998966217041016, 3312
0.033998966217041016, 3311
0.033998966217041016, 3310
0.033998966217041016, 3309
0.033998966217041016, 3308
0.033998966217041016, 3307
0.033998966217041016, 3306
0.033998966217041016, 3305
0.033998966217041016, 3304
0.033998966217041016, 3303
0.033998966217041016, 3302
0.033998966217041016, 3301
0.03500175476074219, 3300
0.03500175476074219, 3299
0.03500175476074219, 3298
0.03500175476074219, 3297
0.03500175476074219, 3296
0.03500175476074219, 3295
0.03500175476074219, 3294
0.03500175476074219, 3293
0.03500175476074219, 3292
0.03500175476074219, 3291
0.03500175476074219, 3290
0.03500175476074219, 3289
0.03500175476074219, 3288
0.03500175476074219, 3287
0.03500175476074219, 3286
0.03500175476074219, 3285
0.03500175476074219, 3284
0.03500175476074219, 3283
0.03500175476074219, 3282
0.03500175476074219, 3281
0.03500175476074219, 3280
0.03500175476074219, 3279
0.03500175476074219, 3278
0.03500175476074219, 3277
0.03500175476074219, 3276
0.03500175476074219, 3275
0.03500175476074219, 3274
0.03500175476074219, 3273
0.03500175476074219, 3272
0.03500175476074219, 3271
0.03500175476074219, 3270
0.03600168228149414, 3269
0.03600168228149414, 3268
0.03600168228149414, 3267
0.03600168228149414, 3266
0.03600168228149414, 3265
0.03600168228149414, 3264
0.03600168228149414, 3263
0.03600168228149414, 3262
0.03600168228149414, 3261
0.03600168228149414, 3260
0.03600168228149414, 3259
0.03600168228149414, 3258
0.03600168228149414, 3257
0.03600168228149414, 3256
0.03600168228149414, 3255
0.03600168228149414, 3254
0.03600168228149414, 3253
0.03600168228149414, 3252
0.03600168228149414, 3251
0.03600168228149414, 3250
0.03600168228149414, 3249
0.03600168228149414, 3248
0.03600168228149414, 3247
0.03600168228149414, 3246
0.03600168228149414, 3245
0.03600168228149414, 3244
0.03600168228149414, 3243
0.03600168228149414, 3242
0.03600168228149414, 3241
0.03700137138366699, 3240
0.03700137138366699, 3239
0.03700137138366699, 3238
0.03700137138366699, 3237
0.03700137138366699, 3236
0.03700137138366699, 3235
0.03700137138366699, 3234
0.03700137138366699, 3233
0.03700137138366699, 3232
0.03700137138366699, 3231
0.03700137138366699, 3230
0.03700137138366699, 3229
0.03700137138366699, 3228
0.03700137138366699, 3227
0.03700137138366699, 3226
0.03753805160522461, 3225
0.03753805160522461, 3224
0.03753805160522461, 3223
0.03753805160522461, 3222
0.03753805160522461, 3221
0.03753805160522461, 3220
0.03753805160522461, 3219
0.03753805160522461, 3218
0.03753805160522461, 3217
0.03753805160522461, 3216
0.03753805160522461, 3215
0.03753805160522461, 3214
0.03753805160522461, 3213
0.03753805160522461, 3212
0.038001298904418945, 3211
0.038001298904418945, 3210
0.038001298904418945, 3209
0.038001298904418945, 3208
0.038001298904418945, 3207
0.038001298904418945, 3206
0.038001298904418945, 3205
0.038001298904418945, 3204
0.038001298904418945, 3203
0.038001298904418945, 3202
0.038001298904418945, 3201
0.038001298904418945, 3200
0.038001298904418945, 3199
0.038001298904418945, 3198
0.038001298904418945, 3197
0.038001298904418945, 3196
0.038001298904418945, 3195
0.038001298904418945, 3194
0.038001298904418945, 3193
0.038001298904418945, 3192
0.038001298904418945, 3191
0.038001298904418945, 3190
0.038001298904418945, 3189
0.038001298904418945, 3188
0.038001298904418945, 3187
0.038001298904418945, 3186
0.038001298904418945, 3185
0.038001298904418945, 3184
0.038001298904418945, 3183
0.039002180099487305, 3182
0.039002180099487305, 3181
0.039002180099487305, 3180
0.039002180099487305, 3179
0.039002180099487305, 3178
0.039002180099487305, 3177
0.039002180099487305, 3176
0.039002180099487305, 3175
0.039002180099487305, 3174
0.039002180099487305, 3173
0.039002180099487305, 3172
0.039002180099487305, 3171
0.039002180099487305, 3170
0.039002180099487305, 3169
0.039002180099487305, 3168
0.039002180099487305, 3167
0.039002180099487305, 3166
0.039002180099487305, 3165
0.039002180099487305, 3164
0.039002180099487305, 3163
0.039002180099487305, 3162
0.039002180099487305, 3161
0.039002180099487305, 3160
0.039002180099487305, 3159
0.039002180099487305, 3158
0.039002180099487305, 3157
0.039002180099487305, 3156
0.039002180099487305, 3155
0.039002180099487305, 3154
0.19303274154663086, 3153
0.19303274154663086, 3152
0.19303274154663086, 3151
0.19303274154663086, 3150
0.19303274154663086, 3149
0.19303274154663086, 3148
0.19303274154663086, 3147
0.19303274154663086, 3146
0.19303274154663086, 3145
0.19303274154663086, 3144
0.19303274154663086, 3143
0.19303274154663086, 3142
0.19303274154663086, 3141
0.19303274154663086, 3140
0.19303274154663086, 3139
0.19303274154663086, 3138
0.19303274154663086, 3137
0.19303274154663086, 3136
0.19303274154663086, 3135
0.19303274154663086, 3134
0.19403386116027832, 3133
0.19403386116027832, 3132
0.19403386116027832, 3131
0.19403386116027832, 3130
0.19403386116027832, 3129
0.19403386116027832, 3128
0.19403386116027832, 3127
1.8501455783843994, 3126
1.8501455783843994, 3125
1.8501455783843994, 3124
1.8501455783843994, 3123
1.8501455783843994, 3122
1.8501455783843994, 3121
4.256881952285767, 3120
4.256881952285767, 3119
4.256881952285767, 3118
4.256881952285767, 3117
4.256881952285767, 3116
4.256881952285767, 3115
4.256881952285767, 3114
4.256881952285767, 3113
