0.017017126083374023, 4904
0.017017126083374023, 4903
0.017017126083374023, 4902
0.017017126083374023, 4901
0.017017126083374023, 4900
0.017017126083374023, 4899
0.017017126083374023, 4898
0.017017126083374023, 4897
0.017017126083374023, 4896
0.017017126083374023, 4895
0.017017126083374023, 4894
0.017017126083374023, 4893
0.017017126083374023, 4892
0.017017126083374023, 4891
0.017017126083374023, 4890
0.017017126083374023, 4889
0.017017126083374023, 4888
0.017017126083374023, 4887
0.017017126083374023, 4886
0.017017126083374023, 4885
0.017017126083374023, 4884
0.017017126083374023, 4883
0.017017126083374023, 4882
0.017017126083374023, 4881
0.017017126083374023, 4880
0.017017126083374023, 4879
0.017017126083374023, 4878
0.017017126083374023, 4877
0.017017126083374023, 4876
0.017017126083374023, 4875
0.017017126083374023, 4874
0.017017126083374023, 4873
0.017017126083374023, 4872
0.01801753044128418, 4871
0.01801753044128418, 4870
0.01801753044128418, 4869
0.01801753044128418, 4868
0.01801753044128418, 4867
0.01801753044128418, 4866
0.01801753044128418, 4865
0.01801753044128418, 4864
0.01801753044128418, 4863
0.01801753044128418, 4862
0.01801753044128418, 4861
0.01801753044128418, 4860
0.01801753044128418, 4859
0.01801753044128418, 4858
0.01801753044128418, 4857
0.01801753044128418, 4856
0.01801753044128418, 4855
0.01801753044128418, 4854
0.01801753044128418, 4853
0.01801753044128418, 4852
0.01801753044128418, 4851
0.01801753044128418, 4850
0.01801753044128418, 4849
0.01801753044128418, 4848
0.01801753044128418, 4847
0.01801753044128418, 4846
0.01801753044128418, 4845
0.01801753044128418, 4844
0.01801753044128418, 4843
0.01801753044128418, 4842
0.01801753044128418, 4841
0.01801753044128418, 4840
0.01801753044128418, 4839
0.01801753044128418, 4838
0.01801753044128418, 4837
0.01801753044128418, 4836
0.01801753044128418, 4835
0.01801753044128418, 4834
0.01801753044128418, 4833
0.01801753044128418, 4832
0.01801753044128418, 4831
0.01801753044128418, 4830
0.01801753044128418, 4829
0.01801753044128418, 4828
0.01901721954345703, 4827
0.01901721954345703, 4826
0.01901721954345703, 4825
0.01901721954345703, 4824
0.01901721954345703, 4823
0.01901721954345703, 4822
0.01901721954345703, 4821
0.01901721954345703, 4820
0.01901721954345703, 4819
0.01901721954345703, 4818
0.01901721954345703, 4817
0.01901721954345703, 4816
0.01901721954345703, 4815
0.01901721954345703, 4814
0.01901721954345703, 4813
0.01901721954345703, 4812
0.01901721954345703, 4713
0.01901721954345703, 4712
0.01901721954345703, 4711
0.01901721954345703, 4710
0.01901721954345703, 4709
0.01901721954345703, 4708
0.01901721954345703, 4707
0.01901721954345703, 4706
0.01901721954345703, 4705
0.01901721954345703, 4704
0.01901721954345703, 4703
0.01901721954345703, 4702
0.01901721954345703, 4701
0.01901721954345703, 4700
0.01901721954345703, 4699
0.01901721954345703, 4698
0.01901721954345703, 4697
0.01901721954345703, 4696
0.01901721954345703, 4695
0.01901721954345703, 4694
0.01901721954345703, 4693
0.01901721954345703, 4692
0.01901721954345703, 4691
0.02005791664123535, 4690
0.02005791664123535, 4689
0.02005791664123535, 4688
0.02005791664123535, 4687
0.02005791664123535, 4686
0.02005791664123535, 4685
0.02005791664123535, 4684
0.02005791664123535, 4683
0.02005791664123535, 4682
0.02005791664123535, 4681
0.02005791664123535, 4680
0.02005791664123535, 4679
0.02005791664123535, 4678
0.02005791664123535, 4677
0.02005791664123535, 4676
0.02005791664123535, 4675
0.02005791664123535, 4674
0.02005791664123535, 4673
0.02005791664123535, 4672
0.02005791664123535, 4671
0.02005791664123535, 4670
0.02055644989013672, 4669
0.02055644989013672, 4668
0.02055644989013672, 4667
0.02055644989013672, 4666
0.02055644989013672, 4665
0.02055644989013672, 4664
0.02055644989013672, 4663
0.02055644989013672, 4662
0.02055644989013672, 4661
0.02055644989013672, 4660
0.02055644989013672, 4659
0.02055644989013672, 4658
0.02055644989013672, 4657
0.02055644989013672, 4656
0.02055644989013672, 4655
0.02055644989013672, 4654
0.02055644989013672, 4653
0.02055644989013672, 4652
0.02055644989013672, 4651
0.02055644989013672, 4650
0.02055644989013672, 4649
0.02055644989013672, 4648
0.021058082580566406, 4647
0.021058082580566406, 4646
0.021058082580566406, 4645
0.021058082580566406, 4644
0.021058082580566406, 4643
0.021058082580566406, 4642
0.021058082580566406, 4641
0.021058082580566406, 4640
0.021058082580566406, 4639
0.021058082580566406, 4638
0.021058082580566406, 4637
0.021058082580566406, 4636
0.021058082580566406, 4635
0.021058082580566406, 4634
0.021058082580566406, 4633
0.021058082580566406, 4632
0.021058082580566406, 4631
0.021058082580566406, 4630
0.021058082580566406, 4629
0.021058082580566406, 4628
0.021058082580566406, 4627
0.021058082580566406, 4626
0.021058082580566406, 4625
0.021058082580566406, 4624
0.021058082580566406, 4623
0.021058082580566406, 4622
0.021058082580566406, 4621
0.021058082580566406, 4620
0.021058082580566406, 4619
0.021058082580566406, 4618
0.021058082580566406, 4617
0.021058082580566406, 4616
0.021058082580566406, 4615
0.021058082580566406, 4614
0.021058082580566406, 4613
0.021058082580566406, 4612
0.021058082580566406, 4611
0.021058082580566406, 4610
0.021058082580566406, 4609
0.021058082580566406, 4608
0.021058082580566406, 4607
0.021058082580566406, 4606
0.021058082580566406, 4605
0.022058486938476562, 4604
0.022058486938476562, 4603
0.022058486938476562, 4602
0.022058486938476562, 4601
0.022058486938476562, 4600
0.022058486938476562, 4599
0.022058486938476562, 4598
0.022058486938476562, 4597
0.022058486938476562, 4596
0.022058486938476562, 4595
0.022058486938476562, 4594
0.022058486938476562, 4593
0.022058486938476562, 4592
0.022058486938476562, 4591
0.022058486938476562, 4590
0.022058486938476562, 4589
0.022058486938476562, 4588
0.022058486938476562, 4587
0.022058486938476562, 4586
0.022058486938476562, 4585
0.022058486938476562, 4584
0.022058486938476562, 4583
0.022058486938476562, 4582
0.022058486938476562, 4581
0.022058486938476562, 4580
0.022058486938476562, 4579
0.022058486938476562, 4578
0.022058486938476562, 4577
0.022058486938476562, 4576
0.022058486938476562, 4575
0.022058486938476562, 4574
0.022058486938476562, 4573
0.022058486938476562, 4572
0.022058486938476562, 4571
0.022058486938476562, 4570
0.022058486938476562, 4569
0.022058486938476562, 4568
0.022058486938476562, 4567
0.022058486938476562, 4566
0.022058486938476562, 4565
0.022058486938476562, 4564
0.022058486938476562, 4563
0.023058176040649414, 4562
0.023058176040649414, 4561
0.023058176040649414, 4560
0.023058176040649414, 4559
0.023058176040649414, 4558
0.023058176040649414, 4557
0.023058176040649414, 4556
0.023058176040649414, 4555
0.023058176040649414, 4554
0.023058176040649414, 4553
0.023058176040649414, 4552
0.023058176040649414, 4551
0.023058176040649414, 4550
0.023058176040649414, 4549
0.023058176040649414, 4548
0.023058176040649414, 4547
0.023058176040649414, 4546
0.023058176040649414, 4545
0.023058176040649414, 4544
0.023058176040649414, 4543
0.023058176040649414, 4542
0.023058176040649414, 4541
0.023058176040649414, 4540
0.023058176040649414, 4539
0.023058176040649414, 4538
0.023058176040649414, 4537
0.023058176040649414, 4536
0.023058176040649414, 4535
0.023058176040649414, 4534
0.023058176040649414, 4533
0.023058176040649414, 4532
0.023058176040649414, 4531
0.023058176040649414, 4530
0.023058176040649414, 4529
0.023058176040649414, 4528
0.023058176040649414, 4527
0.023058176040649414, 4526
0.023058176040649414, 4525
0.023058176040649414, 4524
0.023058176040649414, 4523
0.023058176040649414, 4522
0.024015426635742188, 4521
0.024015426635742188, 4520
0.024015426635742188, 4519
0.024015426635742188, 4518
0.024015426635742188, 4517
0.024015426635742188, 4516
0.08792972564697266, 3248
0.08792972564697266, 3247
0.08792972564697266, 3246
0.08792972564697266, 3245
0.08792972564697266, 3244
0.08792972564697266, 3243
0.08792972564697266, 3242
0.08792972564697266, 3241
0.08792972564697266, 3240
0.08792972564697266, 3239
0.08792972564697266, 3238
0.08792972564697266, 3237
0.08792972564697266, 3236
0.08792972564697266, 3235
0.08792972564697266, 3234
0.0889286994934082, 3233
0.0889286994934082, 3232
0.0889286994934082, 3231
0.0889286994934082, 3230
0.0889286994934082, 3229
0.0889286994934082, 3228
0.0889286994934082, 3227
0.0889286994934082, 3226
0.0889286994934082, 3225
0.0889286994934082, 3224
0.0889286994934082, 3223
0.0889286994934082, 3222
0.0889286994934082, 3221
0.0889286994934082, 3220
0.0889286994934082, 3219
0.0889286994934082, 3218
0.0889286994934082, 3217
0.0889286994934082, 3216
0.0889286994934082, 3215
0.0889286994934082, 3214
0.0889286994934082, 3213
0.0889286994934082, 3212
0.0889286994934082, 3211
0.0889286994934082, 3210
0.0889286994934082, 3209
0.0889286994934082, 3208
0.08992934226989746, 3207
0.08992934226989746, 3206
0.08992934226989746, 3205
0.08992934226989746, 3204
0.08992934226989746, 3203
0.08992934226989746, 3202
0.08992934226989746, 3201
0.08992934226989746, 3200
0.08992934226989746, 3199
0.08992934226989746, 3198
0.08992934226989746, 3197
0.08992934226989746, 3196
0.08992934226989746, 3195
0.08992934226989746, 3194
0.08992934226989746, 3193
0.08992934226989746, 3192
0.08992934226989746, 3191
0.08992934226989746, 3190
0.08992934226989746, 3189
0.08992934226989746, 3188
0.08992934226989746, 3187
0.08992934226989746, 3186
0.08992934226989746, 3185
0.08992934226989746, 3184
0.08992934226989746, 3183
0.08992934226989746, 3182
0.09092855453491211, 3181
0.09092855453491211, 3180
0.09092855453491211, 3179
0.09092855453491211, 3178
0.09092855453491211, 3177
0.09092855453491211, 3176
0.09092855453491211, 3175
0.09092855453491211, 3174
0.09092855453491211, 3173
0.09092855453491211, 3172
0.09092855453491211, 3171
0.09092855453491211, 3170
0.09092855453491211, 3169
0.09092855453491211, 3168
0.09092855453491211, 3167
0.09092855453491211, 3166
0.09092855453491211, 3165
0.09092855453491211, 3164
0.09092855453491211, 3163
0.09092855453491211, 3162
0.09092855453491211, 3161
0.09092855453491211, 3160
0.09092855453491211, 3159
0.09092855453491211, 3158
0.09092855453491211, 3157
0.09192848205566406, 3156
0.09192848205566406, 3155
0.09192848205566406, 3154
0.09192848205566406, 3153
0.09192848205566406, 3152
0.09192848205566406, 3151
0.09192848205566406, 3150
0.09192848205566406, 3149
0.09192848205566406, 3148
0.09192848205566406, 3147
0.09192848205566406, 3146
0.09192848205566406, 3145
0.09192848205566406, 3144
0.09192848205566406, 3143
0.09192848205566406, 3142
0.09192848205566406, 3141
3.4157893657684326, 3140
3.4157893657684326, 3139
3.4157893657684326, 3138
3.4157893657684326, 3137
3.4157893657684326, 3136
3.4157893657684326, 3135
3.4157893657684326, 3134
3.4157893657684326, 3133
3.4157893657684326, 3132
3.4157893657684326, 3131
5.675956726074219, 3130
5.675956726074219, 3129
5.675956726074219, 3128
5.675956726074219, 3127
6.484969139099121, 3126
6.484969139099121, 3125
6.484969139099121, 3124
6.484969139099121, 3123
6.484969139099121, 3122
6.484969139099121, 3121
6.484969139099121, 3120
6.484969139099121, 3119
7.230912208557129, 3095
