0.017997264862060547, 4878
0.017997264862060547, 4877
0.017997264862060547, 4876
0.017997264862060547, 4875
0.017997264862060547, 4874
0.017997264862060547, 4873
0.017997264862060547, 4872
0.017997264862060547, 4871
0.017997264862060547, 4870
0.017997264862060547, 4869
0.017997264862060547, 4868
0.017997264862060547, 4867
0.017997264862060547, 4866
0.017997264862060547, 4865
0.017997264862060547, 4864
0.017997264862060547, 4863
0.017997264862060547, 4862
0.017997264862060547, 4861
0.017997264862060547, 4860
0.017997264862060547, 4859
0.017997264862060547, 4858
0.017997264862060547, 4857
0.017997264862060547, 4856
0.017997264862060547, 4855
0.017997264862060547, 4854
0.017997264862060547, 4853
0.017997264862060547, 4852
0.017997264862060547, 4851
0.017997264862060547, 4850
0.017997264862060547, 4849
0.017997264862060547, 4848
0.01899886131286621, 4847
0.01899886131286621, 4846
0.01899886131286621, 4845
0.01899886131286621, 4844
0.01899886131286621, 4843
0.01899886131286621, 4842
0.01899886131286621, 4841
0.01899886131286621, 4840
0.01899886131286621, 4839
0.01899886131286621, 4838
0.01899886131286621, 4837
0.01899886131286621, 4836
0.01899886131286621, 4835
0.01899886131286621, 4834
0.01899886131286621, 4833
0.01899886131286621, 4832
0.01899886131286621, 4831
0.01899886131286621, 4830
0.01899886131286621, 4829
0.01899886131286621, 4828
0.01899886131286621, 4827
0.01899886131286621, 4826
0.01899886131286621, 4825
0.01899886131286621, 4824
0.01899886131286621, 4823
0.01899886131286621, 4822
0.01899886131286621, 4821
0.01899886131286621, 4820
0.01899886131286621, 4819
0.01899886131286621, 4818
0.01899886131286621, 4817
0.01899886131286621, 4816
0.01899886131286621, 4815
0.01899886131286621, 4814
0.01899886131286621, 4813
0.01899886131286621, 4812
0.01899886131286621, 4811
0.01899886131286621, 4810
0.01899886131286621, 4809
0.01899886131286621, 4808
0.019997835159301758, 4807
0.019997835159301758, 4806
0.019997835159301758, 4805
0.019997835159301758, 4804
0.019997835159301758, 4803
0.019997835159301758, 4802
0.019997835159301758, 4801
0.019997835159301758, 4800
0.019997835159301758, 4799
0.019997835159301758, 4798
0.019997835159301758, 4797
0.019997835159301758, 4796
0.019997835159301758, 4795
0.019997835159301758, 4794
0.019997835159301758, 4793
0.019997835159301758, 4792
0.019997835159301758, 4791
0.019997835159301758, 4790
0.019997835159301758, 4789
0.019997835159301758, 4788
0.019997835159301758, 4787
0.019997835159301758, 4786
0.019997835159301758, 4785
0.019997835159301758, 4784
0.019997835159301758, 4783
0.019997835159301758, 4782
0.019997835159301758, 4781
0.019997835159301758, 4780
0.019997835159301758, 4779
0.019997835159301758, 4778
0.019997835159301758, 4777
0.019997835159301758, 4776
0.019997835159301758, 4775
0.019997835159301758, 4774
0.019997835159301758, 4773
0.019997835159301758, 4772
0.019997835159301758, 4771
0.019997835159301758, 4770
0.019997835159301758, 4769
0.019997835159301758, 4768
0.019997835159301758, 4767
0.019997835159301758, 4766
0.020998716354370117, 4765
0.020998716354370117, 4764
0.020998716354370117, 4763
0.020998716354370117, 4762
0.020998716354370117, 4761
0.020998716354370117, 4760
0.020998716354370117, 4759
0.020998716354370117, 4758
0.020998716354370117, 4757
0.020998716354370117, 4756
0.020998716354370117, 4755
0.020998716354370117, 4754
0.020998716354370117, 4753
0.020998716354370117, 4752
0.020998716354370117, 4751
0.020998716354370117, 4750
0.020998716354370117, 4749
0.020998716354370117, 4748
0.020998716354370117, 4747
0.020998716354370117, 4746
0.020998716354370117, 4745
0.020998716354370117, 4744
0.020998716354370117, 4743
0.020998716354370117, 4742
0.020998716354370117, 4741
0.020998716354370117, 4740
0.020998716354370117, 4739
0.020998716354370117, 4738
0.020998716354370117, 4737
0.020998716354370117, 4736
0.020998716354370117, 4735
0.020998716354370117, 4734
0.020998716354370117, 4733
0.020998716354370117, 4732
0.020998716354370117, 4731
0.020998716354370117, 4730
0.020998716354370117, 4729
0.020998716354370117, 4728
0.020998716354370117, 4727
0.020998716354370117, 4726
0.020998716354370117, 4725
0.020998716354370117, 4724
0.021997928619384766, 4723
0.021997928619384766, 4722
0.021997928619384766, 4721
0.021997928619384766, 4720
0.021997928619384766, 4719
0.021997928619384766, 4718
0.021997928619384766, 4717
0.021997928619384766, 4716
0.021997928619384766, 4715
0.021997928619384766, 4714
0.021997928619384766, 4713
0.021997928619384766, 4712
0.021997928619384766, 4711
0.021997928619384766, 4710
0.021997928619384766, 4709
0.021997928619384766, 4708
0.021997928619384766, 4707
0.021997928619384766, 4706
0.021997928619384766, 4705
0.021997928619384766, 4704
0.021997928619384766, 4703
0.021997928619384766, 4702
0.021997928619384766, 4701
0.021997928619384766, 4700
0.021997928619384766, 4699
0.021997928619384766, 4698
0.021997928619384766, 4697
0.021997928619384766, 4696
0.021997928619384766, 4695
0.021997928619384766, 4694
0.021997928619384766, 4693
0.021997928619384766, 4692
0.021997928619384766, 4691
0.021997928619384766, 4690
0.021997928619384766, 4689
0.021997928619384766, 4688
0.021997928619384766, 4687
0.021997928619384766, 4686
0.021997928619384766, 4685
0.021997928619384766, 4684
0.021997928619384766, 4683
0.021997928619384766, 4682
0.021997928619384766, 4681
0.022997379302978516, 4680
0.022997379302978516, 4679
0.022997379302978516, 4678
0.022997379302978516, 4677
0.022997379302978516, 4676
0.022997379302978516, 4675
0.022997379302978516, 4674
0.022997379302978516, 4673
0.022997379302978516, 4672
0.022997379302978516, 4671
0.022997379302978516, 4670
0.022997379302978516, 4669
0.022997379302978516, 4668
0.022997379302978516, 4667
0.022997379302978516, 4666
0.022997379302978516, 4665
0.022997379302978516, 4664
0.022997379302978516, 4663
0.022997379302978516, 4662
0.022997379302978516, 4661
0.022997379302978516, 4660
0.022997379302978516, 4659
0.022997379302978516, 4658
0.022997379302978516, 4657
0.022997379302978516, 4656
0.022997379302978516, 4655
0.022997379302978516, 4654
0.022997379302978516, 4653
0.022997379302978516, 4652
0.022997379302978516, 4651
0.022997379302978516, 4650
0.022997379302978516, 4649
0.022997379302978516, 4648
0.022997379302978516, 4647
0.022997379302978516, 4646
0.022997379302978516, 4645
0.022997379302978516, 4644
0.022997379302978516, 4643
0.022997379302978516, 4642
0.022997379302978516, 4641
0.022997379302978516, 4640
0.02399897575378418, 4639
0.02399897575378418, 4638
0.02399897575378418, 4637
0.02399897575378418, 4636
0.02399897575378418, 4635
0.02399897575378418, 4634
0.02399897575378418, 4633
0.02399897575378418, 4632
0.02399897575378418, 4631
0.02399897575378418, 4630
0.02399897575378418, 4629
0.02399897575378418, 4628
0.02399897575378418, 4627
0.02399897575378418, 4626
0.02399897575378418, 4625
0.02399897575378418, 4624
0.02399897575378418, 4623
0.02399897575378418, 4622
0.02399897575378418, 4621
0.024481534957885742, 4620
0.024481534957885742, 4619
0.024481534957885742, 4618
0.024481534957885742, 4617
0.024481534957885742, 4616
0.024481534957885742, 4615
0.024481534957885742, 4614
0.024481534957885742, 4613
0.024481534957885742, 4612
0.024481534957885742, 4611
0.024481534957885742, 4610
0.024481534957885742, 4609
0.024481534957885742, 4608
0.024481534957885742, 4607
0.024481534957885742, 4606
0.024481534957885742, 4605
0.03499746322631836, 3469
0.03499746322631836, 3468
0.03499746322631836, 3467
0.03499746322631836, 3466
0.03499746322631836, 3465
0.03499746322631836, 3464
0.03499746322631836, 3463
0.03499746322631836, 3462
0.03499746322631836, 3461
0.03499746322631836, 3460
0.03499746322631836, 3459
0.03499746322631836, 3458
0.03499746322631836, 3457
0.03499746322631836, 3456
0.03499746322631836, 3455
0.03499746322631836, 3454
0.03499746322631836, 3453
0.03499746322631836, 3452
0.03499746322631836, 3451
0.03499746322631836, 3450
0.03499746322631836, 3449
0.03499746322631836, 3448
0.03499746322631836, 3447
0.035997867584228516, 3446
0.035997867584228516, 3445
0.035997867584228516, 3444
0.035997867584228516, 3443
0.035997867584228516, 3442
0.035997867584228516, 3441
0.035997867584228516, 3440
0.035997867584228516, 3439
0.035997867584228516, 3438
0.035997867584228516, 3437
0.035997867584228516, 3436
0.035997867584228516, 3435
0.035997867584228516, 3434
0.035997867584228516, 3433
0.035997867584228516, 3432
0.03699803352355957, 3431
0.03699803352355957, 3430
0.03699803352355957, 3429
0.03699803352355957, 3428
0.03699803352355957, 3427
0.03699803352355957, 3426
0.03699803352355957, 3425
0.03699803352355957, 3424
0.03699803352355957, 3423
0.03699803352355957, 3422
0.03699803352355957, 3421
0.03699803352355957, 3420
0.03699803352355957, 3419
0.03699803352355957, 3418
0.03699803352355957, 3417
0.03699803352355957, 3416
0.03699803352355957, 3415
0.03699803352355957, 3414
0.03800034523010254, 3413
0.03800034523010254, 3412
0.03800034523010254, 3411
0.03800034523010254, 3410
0.03800034523010254, 3409
0.03800034523010254, 3408
0.03800034523010254, 3407
0.03800034523010254, 3406
0.0390017032623291, 3405
0.0390017032623291, 3404
0.0390017032623291, 3403
0.0390017032623291, 3402
0.0390017032623291, 3401
0.0390017032623291, 3400
0.0390017032623291, 3399
0.0390017032623291, 3398
0.0390017032623291, 3397
0.0390017032623291, 3396
0.0390017032623291, 3395
0.0390017032623291, 3394
0.0390017032623291, 3393
0.0390017032623291, 3392
0.0390017032623291, 3391
0.0390017032623291, 3390
0.04000091552734375, 3389
0.04000091552734375, 3388
0.04000091552734375, 3387
0.04000091552734375, 3386
0.04000091552734375, 3385
0.04000091552734375, 3384
0.04000091552734375, 3383
0.04000091552734375, 3382
0.04000091552734375, 3381
0.04000091552734375, 3380
0.04000091552734375, 3379
0.04000091552734375, 3378
0.04000091552734375, 3377
0.04000091552734375, 3376
0.04000091552734375, 3375
0.04000091552734375, 3374
0.04000091552734375, 3373
0.04000091552734375, 3372
0.04000091552734375, 3371
0.04000091552734375, 3370
0.04000091552734375, 3369
0.04000091552734375, 3368
0.040999650955200195, 3367
0.040999650955200195, 3366
0.040999650955200195, 3365
0.040999650955200195, 3364
0.040999650955200195, 3363
0.040999650955200195, 3362
0.040999650955200195, 3361
0.040999650955200195, 3360
0.040999650955200195, 3359
0.040999650955200195, 3358
0.040999650955200195, 3357
0.040999650955200195, 3356
0.040999650955200195, 3355
0.040999650955200195, 3354
0.040999650955200195, 3353
0.040999650955200195, 3352
0.041998863220214844, 3351
0.041998863220214844, 3350
0.041998863220214844, 3349
0.041998863220214844, 3348
0.041998863220214844, 3347
0.041998863220214844, 3346
0.041998863220214844, 3345
0.041998863220214844, 3344
0.041998863220214844, 3343
0.041998863220214844, 3342
0.041998863220214844, 3341
0.041998863220214844, 3340
0.041998863220214844, 3339
0.041998863220214844, 3338
0.041998863220214844, 3337
0.041998863220214844, 3336
0.041998863220214844, 3335
0.041998863220214844, 3334
0.041998863220214844, 3333
0.041998863220214844, 3332
0.041998863220214844, 3331
0.04299807548522949, 3330
0.04299807548522949, 3329
0.04299807548522949, 3328
0.04299807548522949, 3327
0.04299807548522949, 3326
0.04299807548522949, 3325
0.04299807548522949, 3324
0.04299807548522949, 3323
0.04299807548522949, 3322
0.04299807548522949, 3321
0.04299807548522949, 3320
0.04299807548522949, 3319
0.04299807548522949, 3318
0.04299807548522949, 3317
0.04299807548522949, 3316
0.04299807548522949, 3315
0.04299807548522949, 3314
0.04299807548522949, 3313
0.04299807548522949, 3312
0.04299807548522949, 3311
0.04299807548522949, 3310
0.04299807548522949, 3309
0.04299807548522949, 3308
0.04299807548522949, 3307
0.04299807548522949, 3306
0.043998003005981445, 3305
0.043998003005981445, 3304
0.043998003005981445, 3303
0.043998003005981445, 3302
0.043998003005981445, 3301
0.043998003005981445, 3300
0.043998003005981445, 3299
0.043998003005981445, 3298
0.043998003005981445, 3297
0.043998003005981445, 3296
0.043998003005981445, 3295
0.043998003005981445, 3294
0.043998003005981445, 3293
0.043998003005981445, 3292
0.043998003005981445, 3291
0.043998003005981445, 3290
0.043998003005981445, 3289
0.043998003005981445, 3288
0.043998003005981445, 3287
0.043998003005981445, 3286
0.043998003005981445, 3285
0.043998003005981445, 3284
0.043998003005981445, 3283
0.043998003005981445, 3282
0.043998003005981445, 3281
0.043998003005981445, 3280
0.0449981689453125, 3279
0.0449981689453125, 3278
0.0449981689453125, 3277
0.0449981689453125, 3276
0.0449981689453125, 3275
0.0449981689453125, 3274
0.0449981689453125, 3273
0.0449981689453125, 3272
0.0449981689453125, 3271
0.0449981689453125, 3270
0.0449981689453125, 3269
0.0449981689453125, 3268
0.0449981689453125, 3267
0.0449981689453125, 3266
0.0449981689453125, 3265
0.0449981689453125, 3264
0.0449981689453125, 3263
0.0449981689453125, 3262
0.0449981689453125, 3261
0.0449981689453125, 3260
0.0449981689453125, 3259
0.0449981689453125, 3258
0.045758962631225586, 3257
0.045758962631225586, 3256
0.045758962631225586, 3255
0.045758962631225586, 3254
0.045758962631225586, 3253
0.045758962631225586, 3252
0.045758962631225586, 3251
0.045758962631225586, 3250
0.04599785804748535, 3249
0.04599785804748535, 3248
0.04599785804748535, 3247
0.04599785804748535, 3246
0.04599785804748535, 3245
0.04599785804748535, 3244
0.04599785804748535, 3243
0.04599785804748535, 3242
0.046236515045166016, 3241
0.046236515045166016, 3240
0.046236515045166016, 3239
0.046236515045166016, 3238
0.046236515045166016, 3237
0.046236515045166016, 3236
0.046236515045166016, 3235
0.046236515045166016, 3234
0.046236515045166016, 3233
0.046236515045166016, 3232
0.046236515045166016, 3231
0.046236515045166016, 3230
0.046236515045166016, 3229
0.046236515045166016, 3228
0.046999216079711914, 3227
0.046999216079711914, 3226
0.046999216079711914, 3225
0.046999216079711914, 3224
0.046999216079711914, 3223
0.046999216079711914, 3222
0.046999216079711914, 3221
0.046999216079711914, 3220
0.046999216079711914, 3219
0.046999216079711914, 3218
0.046999216079711914, 3217
0.046999216079711914, 3216
0.046999216079711914, 3215
0.046999216079711914, 3214
0.046999216079711914, 3213
0.046999216079711914, 3212
0.046999216079711914, 3211
0.046999216079711914, 3210
0.046999216079711914, 3209
0.046999216079711914, 3208
0.046999216079711914, 3207
0.046999216079711914, 3206
0.046999216079711914, 3205
0.046999216079711914, 3204
0.046999216079711914, 3203
0.046999216079711914, 3202
0.046999216079711914, 3201
0.046999216079711914, 3200
0.046999216079711914, 3199
0.046999216079711914, 3198
0.04799818992614746, 3197
0.04799818992614746, 3196
0.04799818992614746, 3195
0.04799818992614746, 3194
0.04799818992614746, 3193
0.04799818992614746, 3192
0.04799818992614746, 3191
0.04799818992614746, 3190
0.04799818992614746, 3189
0.04799818992614746, 3188
0.04799818992614746, 3187
0.04799818992614746, 3186
0.04799818992614746, 3185
0.04799818992614746, 3184
0.09911441802978516, 3183
0.09911441802978516, 3182
0.09911441802978516, 3181
0.09911441802978516, 3180
0.09911441802978516, 3179
0.09911441802978516, 3178
0.09911441802978516, 3177
0.09911441802978516, 3176
0.09911441802978516, 3175
0.09911441802978516, 3174
0.09911441802978516, 3173
0.09911441802978516, 3172
0.10002660751342773, 3171
0.10002660751342773, 3170
0.10002660751342773, 3169
0.10002660751342773, 3168
0.10002660751342773, 3167
0.10002660751342773, 3166
0.10002660751342773, 3165
0.10002660751342773, 3164
0.10002660751342773, 3163
0.10002660751342773, 3162
0.10002660751342773, 3161
0.10002660751342773, 3160
0.10002660751342773, 3159
0.10002660751342773, 3158
0.10002660751342773, 3157
0.10002660751342773, 3156
0.10002660751342773, 3155
0.10002660751342773, 3154
0.10002660751342773, 3153
0.10002660751342773, 3152
0.10002660751342773, 3151
0.10002660751342773, 3150
0.10002660751342773, 3149
0.10002660751342773, 3148
0.10002660751342773, 3147
0.10002660751342773, 3146
0.10002660751342773, 3145
0.10002660751342773, 3144
0.10002660751342773, 3143
0.10002660751342773, 3142
0.10002660751342773, 3141
0.10002660751342773, 3140
0.10102701187133789, 3139
0.10102701187133789, 3138
0.10102701187133789, 3137
0.10102701187133789, 3136
0.10102701187133789, 3135
0.10102701187133789, 3134
0.10102701187133789, 3133
0.10102701187133789, 3132
0.46011996269226074, 3131
0.46011996269226074, 3130
0.46011996269226074, 3129
0.46011996269226074, 3128
0.46011996269226074, 3127
0.46011996269226074, 3126
0.46011996269226074, 3125
0.46011996269226074, 3124
0.46011996269226074, 3123
0.46011996269226074, 3122
0.46011996269226074, 3121
0.46011996269226074, 3120
0.46011996269226074, 3119
6.749248266220093, 3118
6.749248266220093, 3117
6.749248266220093, 3116
6.749248266220093, 3115
9.84276294708252, 3114
9.84276294708252, 3113
9.843763589859009, 3112
