0.021003007888793945, 4900
0.021003007888793945, 4899
0.021003007888793945, 4898
0.021003007888793945, 4897
0.021003007888793945, 4896
0.021003007888793945, 4895
0.021003007888793945, 4894
0.021003007888793945, 4893
0.021003007888793945, 4892
0.021003007888793945, 4891
0.021003007888793945, 4890
0.021003007888793945, 4889
0.021003007888793945, 4888
0.021003007888793945, 4887
0.021003007888793945, 4886
0.021003007888793945, 4885
0.021003007888793945, 4884
0.021003007888793945, 4883
0.021003007888793945, 4882
0.021003007888793945, 4881
0.021003007888793945, 4880
0.021003007888793945, 4879
0.021003007888793945, 4878
0.021003007888793945, 4877
0.021003007888793945, 4876
0.021003007888793945, 4875
0.021003007888793945, 4874
0.021003007888793945, 4873
0.021003007888793945, 4872
0.021003007888793945, 4871
0.021003007888793945, 4870
0.021003007888793945, 4869
0.021003007888793945, 4868
0.021003007888793945, 4867
0.021003007888793945, 4866
0.021003007888793945, 4865
0.021003007888793945, 4864
0.021003007888793945, 4863
0.021003007888793945, 4862
0.02200031280517578, 4861
0.02200031280517578, 4860
0.02200031280517578, 4859
0.02200031280517578, 4858
0.02200031280517578, 4857
0.02200031280517578, 4856
0.02200031280517578, 4855
0.02200031280517578, 4854
0.02200031280517578, 4853
0.02200031280517578, 4852
0.02200031280517578, 4851
0.02200031280517578, 4850
0.02200031280517578, 4849
0.02200031280517578, 4848
0.02200031280517578, 4847
0.02200031280517578, 4846
0.02200031280517578, 4845
0.02200031280517578, 4844
0.02200031280517578, 4843
0.02200031280517578, 4842
0.02200031280517578, 4841
0.02200031280517578, 4840
0.02200031280517578, 4839
0.02200031280517578, 4838
0.02200031280517578, 4837
0.02200031280517578, 4836
0.02200031280517578, 4835
0.02200031280517578, 4834
0.02200031280517578, 4833
0.02200031280517578, 4832
0.02200031280517578, 4831
0.02200031280517578, 4830
0.02200031280517578, 4829
0.02200031280517578, 4828
0.02200031280517578, 4827
0.02200031280517578, 4826
0.02200031280517578, 4825
0.02200031280517578, 4824
0.02200031280517578, 4823
0.02200031280517578, 4822
0.02200031280517578, 4821
0.02200031280517578, 4820
0.02200031280517578, 4819
0.023001670837402344, 4818
0.023001670837402344, 4817
0.023001670837402344, 4816
0.023001670837402344, 4815
0.023001670837402344, 4814
0.023001670837402344, 4813
0.023001670837402344, 4812
0.023001670837402344, 4811
0.023001670837402344, 4810
0.023001670837402344, 4809
0.023001670837402344, 4808
0.023001670837402344, 4807
0.023001670837402344, 4806
0.023001670837402344, 4805
0.023001670837402344, 4804
0.023001670837402344, 4803
0.023001670837402344, 4802
0.023001670837402344, 4801
0.023001670837402344, 4800
0.023001670837402344, 4799
0.023001670837402344, 4798
0.023001670837402344, 4797
0.023001670837402344, 4796
0.023001670837402344, 4795
0.023001670837402344, 4794
0.023001670837402344, 4793
0.023001670837402344, 4792
0.023001670837402344, 4791
0.023001670837402344, 4790
0.023001670837402344, 4789
0.023001670837402344, 4788
0.023001670837402344, 4787
0.023001670837402344, 4786
0.023001670837402344, 4785
0.023001670837402344, 4784
0.023001670837402344, 4783
0.023001670837402344, 4782
0.023001670837402344, 4781
0.023001670837402344, 4780
0.023001670837402344, 4779
0.023001670837402344, 4778
0.023001670837402344, 4777
0.024000883102416992, 4776
0.024000883102416992, 4775
0.024000883102416992, 4774
0.024000883102416992, 4773
0.024000883102416992, 4772
0.024000883102416992, 4771
0.024000883102416992, 4770
0.024000883102416992, 4769
0.024000883102416992, 4768
0.024000883102416992, 4767
0.024000883102416992, 4766
0.024000883102416992, 4765
0.024000883102416992, 4764
0.024000883102416992, 4763
0.024000883102416992, 4762
0.024000883102416992, 4761
0.024000883102416992, 4760
0.024000883102416992, 4759
0.024000883102416992, 4758
0.024000883102416992, 4757
0.024000883102416992, 4756
0.024000883102416992, 4755
0.024000883102416992, 4754
0.024000883102416992, 4753
0.024000883102416992, 4752
0.024000883102416992, 4751
0.024000883102416992, 4750
0.024000883102416992, 4749
0.024000883102416992, 4748
0.024000883102416992, 4747
0.024000883102416992, 4746
0.024000883102416992, 4745
0.024000883102416992, 4744
0.024000883102416992, 4743
0.024000883102416992, 4742
0.024000883102416992, 4741
0.024000883102416992, 4740
0.024000883102416992, 4739
0.024000883102416992, 4738
0.024000883102416992, 4737
0.024000883102416992, 4736
0.024000883102416992, 4735
0.025000572204589844, 4734
0.025000572204589844, 4733
0.025000572204589844, 4732
0.025000572204589844, 4731
0.025000572204589844, 4730
0.025000572204589844, 4729
0.025000572204589844, 4728
0.025000572204589844, 4727
0.025000572204589844, 4726
0.025000572204589844, 4725
0.025000572204589844, 4724
0.025000572204589844, 4723
0.025000572204589844, 4722
0.025000572204589844, 4721
0.025000572204589844, 4720
0.025000572204589844, 4719
0.025000572204589844, 4718
0.025000572204589844, 4717
0.025000572204589844, 4716
0.025000572204589844, 4715
0.025000572204589844, 4714
0.025000572204589844, 4713
0.025000572204589844, 4712
0.025000572204589844, 4711
0.025000572204589844, 4710
0.025000572204589844, 4709
0.025000572204589844, 4708
0.025000572204589844, 4707
0.025000572204589844, 4706
0.025000572204589844, 4705
0.025000572204589844, 4704
0.025000572204589844, 4703
0.025000572204589844, 4702
0.025000572204589844, 4701
0.025000572204589844, 4700
0.025000572204589844, 4699
0.025000572204589844, 4698
0.025000572204589844, 4697
0.025000572204589844, 4696
0.025000572204589844, 4695
0.025000572204589844, 4694
0.025000572204589844, 4693
0.026000261306762695, 4692
0.026000261306762695, 4691
0.026000261306762695, 4690
0.026000261306762695, 4689
0.026000261306762695, 4688
0.026000261306762695, 4687
0.026000261306762695, 4686
0.026000261306762695, 4685
0.026000261306762695, 4684
0.026000261306762695, 4683
0.026000261306762695, 4682
0.026000261306762695, 4681
0.026000261306762695, 4680
0.026000261306762695, 4679
0.026000261306762695, 4678
0.026000261306762695, 4677
0.026000261306762695, 4676
0.026000261306762695, 4675
0.026000261306762695, 4674
0.026000261306762695, 4673
0.026000261306762695, 4672
0.026000261306762695, 4671
0.026000261306762695, 4670
0.026000261306762695, 4669
0.026000261306762695, 4668
0.026000261306762695, 4667
0.026000261306762695, 4666
0.026000261306762695, 4665
0.026000261306762695, 4664
0.026000261306762695, 4663
0.026000261306762695, 4662
0.026000261306762695, 4661
0.026000261306762695, 4660
0.026000261306762695, 4659
0.026000261306762695, 4658
0.026000261306762695, 4657
0.026000261306762695, 4656
0.026000261306762695, 4655
0.026000261306762695, 4654
0.026000261306762695, 4653
0.026999235153198242, 4652
0.026999235153198242, 4651
0.026999235153198242, 4650
0.026999235153198242, 4649
0.026999235153198242, 4648
0.026999235153198242, 4647
0.026999235153198242, 4646
0.026999235153198242, 4645
0.026999235153198242, 4644
0.026999235153198242, 4643
0.026999235153198242, 4642
0.026999235153198242, 4641
0.026999235153198242, 4640
0.026999235153198242, 4639
0.026999235153198242, 4638
0.026999235153198242, 4637
0.026999235153198242, 4636
0.026999235153198242, 4635
0.026999235153198242, 4634
0.026999235153198242, 4633
0.026999235153198242, 4632
0.026999235153198242, 4631
0.026999235153198242, 4630
0.026999235153198242, 4629
0.026999235153198242, 4628
0.026999235153198242, 4627
0.026999235153198242, 4626
0.026999235153198242, 4625
0.026999235153198242, 4624
0.026999235153198242, 4623
0.026999235153198242, 4622
0.026999235153198242, 4621
0.026999235153198242, 4620
0.026999235153198242, 4619
0.026999235153198242, 4618
0.026999235153198242, 4617
0.026999235153198242, 4616
0.026999235153198242, 4615
0.026999235153198242, 4614
0.026999235153198242, 4613
0.027999401092529297, 4612
0.027999401092529297, 4611
0.027999401092529297, 4610
0.027999401092529297, 4609
0.027999401092529297, 4608
0.027999401092529297, 4607
0.027999401092529297, 4606
0.027999401092529297, 4605
0.027999401092529297, 4604
0.027999401092529297, 4603
0.027999401092529297, 4602
0.027999401092529297, 4601
0.027999401092529297, 4600
0.027999401092529297, 4599
0.027999401092529297, 4598
0.027999401092529297, 4597
0.027999401092529297, 4596
0.027999401092529297, 4595
0.027999401092529297, 4594
0.027999401092529297, 4593
0.027999401092529297, 4592
0.027999401092529297, 4591
0.027999401092529297, 4590
0.027999401092529297, 4589
0.027999401092529297, 4588
0.027999401092529297, 4587
0.027999401092529297, 4586
0.027999401092529297, 4585
0.027999401092529297, 4584
0.027999401092529297, 4583
0.027999401092529297, 4582
0.027999401092529297, 4581
0.027999401092529297, 4580
0.027999401092529297, 4579
0.027999401092529297, 4578
0.027999401092529297, 4577
0.027999401092529297, 4576
0.027999401092529297, 4575
0.027999401092529297, 4574
0.02899932861328125, 4573
0.02899932861328125, 4572
0.02899932861328125, 4571
0.02899932861328125, 4570
0.02899932861328125, 4569
0.02899932861328125, 4568
0.02899932861328125, 4567
0.02899932861328125, 4566
0.02899932861328125, 4565
0.02899932861328125, 4564
0.02899932861328125, 4563
0.02899932861328125, 4562
0.02899932861328125, 4561
0.02899932861328125, 4560
0.02899932861328125, 4559
0.02899932861328125, 4558
0.02899932861328125, 4557
0.02899932861328125, 4556
0.02899932861328125, 4555
0.02899932861328125, 4554
0.02899932861328125, 4553
0.02899932861328125, 4552
0.02899932861328125, 4551
0.02899932861328125, 4550
0.02899932861328125, 4549
0.02899932861328125, 4548
0.02899932861328125, 4547
0.02899932861328125, 4546
0.02899932861328125, 4545
0.02899932861328125, 4544
0.02899932861328125, 4543
0.02899932861328125, 4542
0.02899932861328125, 4541
0.02899932861328125, 4540
0.02899932861328125, 4539
0.02899932861328125, 4538
0.02899932861328125, 4537
0.02899932861328125, 4536
0.02899932861328125, 4535
0.029999256134033203, 4534
0.029999256134033203, 4533
0.029999256134033203, 4532
0.029999256134033203, 4531
0.029999256134033203, 4530
0.029999256134033203, 4529
0.029999256134033203, 4528
0.029999256134033203, 4527
0.029999256134033203, 4526
0.029999256134033203, 4525
0.029999256134033203, 4524
0.029999256134033203, 4523
0.029999256134033203, 4522
0.029999256134033203, 4521
0.029999256134033203, 4520
0.029999256134033203, 4519
0.029999256134033203, 4518
0.029999256134033203, 4517
0.029999256134033203, 4516
0.029999256134033203, 4515
0.029999256134033203, 4514
0.029999256134033203, 4513
0.029999256134033203, 4512
0.029999256134033203, 4511
0.029999256134033203, 4510
0.029999256134033203, 4509
0.029999256134033203, 4508
0.029999256134033203, 4507
0.029999256134033203, 4506
0.029999256134033203, 4505
0.029999256134033203, 4504
0.029999256134033203, 4503
0.029999256134033203, 4502
0.04603004455566406, 3239
0.04603004455566406, 3238
0.04603004455566406, 3237
0.04603004455566406, 3236
0.04603004455566406, 3235
0.04603004455566406, 3234
0.04603004455566406, 3233
0.04603004455566406, 3232
0.04603004455566406, 3231
0.04603004455566406, 3230
0.04603004455566406, 3229
0.04603004455566406, 3228
0.04603004455566406, 3227
0.04603004455566406, 3226
0.04603004455566406, 3225
0.04603004455566406, 3224
0.04603004455566406, 3223
0.04603004455566406, 3222
0.04603004455566406, 3221
0.04603004455566406, 3220
0.04603004455566406, 3219
0.08703017234802246, 3218
0.08703017234802246, 3217
0.08703017234802246, 3216
0.08703017234802246, 3215
0.08703017234802246, 3214
0.08703017234802246, 3213
0.08703017234802246, 3212
0.08703017234802246, 3211
0.08703017234802246, 3210
0.08703017234802246, 3209
0.08703017234802246, 3208
0.08703017234802246, 3207
0.08703017234802246, 3206
0.08703017234802246, 3205
0.08703017234802246, 3204
0.08703017234802246, 3203
0.08803057670593262, 3202
0.08803057670593262, 3201
0.08803057670593262, 3200
0.08803057670593262, 3199
0.08803057670593262, 3198
0.08803057670593262, 3197
0.08803057670593262, 3196
0.08803057670593262, 3195
0.08803057670593262, 3194
0.08803057670593262, 3193
0.08803057670593262, 3192
0.08803057670593262, 3191
0.08803057670593262, 3190
0.08803057670593262, 3189
0.08803057670593262, 3188
0.08803057670593262, 3187
0.08803057670593262, 3186
0.08803057670593262, 3185
0.08803057670593262, 3184
0.08803057670593262, 3183
0.08903026580810547, 3182
0.08903026580810547, 3181
0.08903026580810547, 3180
0.08903026580810547, 3179
0.08903026580810547, 3178
0.08903026580810547, 3177
0.08903026580810547, 3176
0.08903026580810547, 3175
0.08903026580810547, 3174
0.08903026580810547, 3173
0.08903026580810547, 3172
0.08903026580810547, 3171
0.08903026580810547, 3170
0.08903026580810547, 3169
0.08903026580810547, 3168
0.08903026580810547, 3167
0.08903026580810547, 3166
0.08903026580810547, 3165
0.08903026580810547, 3164
0.09003019332885742, 3163
0.09003019332885742, 3162
0.09003019332885742, 3161
0.09003019332885742, 3160
0.09003019332885742, 3159
0.09003019332885742, 3158
0.09003019332885742, 3157
0.09003019332885742, 3156
0.09003019332885742, 3155
0.20620393753051758, 3154
0.20720314979553223, 3153
0.20720314979553223, 3152
0.20720314979553223, 3151
1.167480707168579, 3150
1.8505799770355225, 3149
1.8505799770355225, 3148
1.8505799770355225, 3147
1.8505799770355225, 3146
1.8505799770355225, 3145
1.8505799770355225, 3144
1.851579189300537, 3143
1.851579189300537, 3142
1.851579189300537, 3141
1.851579189300537, 3140
1.851579189300537, 3139
1.851579189300537, 3138
1.851579189300537, 3137
1.851579189300537, 3136
1.851579189300537, 3135
1.851579189300537, 3134
1.851579189300537, 3133
1.851579189300537, 3132
1.9035797119140625, 3131
1.9035797119140625, 3130
1.9035797119140625, 3129
1.9035797119140625, 3128
1.9035797119140625, 3127
5.107875347137451, 3126
5.107875347137451, 3125
5.107875347137451, 3124
5.107875347137451, 3123
8.17977786064148, 3122
8.17977786064148, 3121
8.17977786064148, 3120
