0.02199840545654297, 4891
0.02199840545654297, 4890
0.02199840545654297, 4889
0.02199840545654297, 4888
0.02199840545654297, 4887
0.02199840545654297, 4886
0.02199840545654297, 4885
0.02199840545654297, 4884
0.02199840545654297, 4883
0.02199840545654297, 4882
0.022998809814453125, 4881
0.022998809814453125, 4880
0.02305316925048828, 4879
0.02305316925048828, 4878
0.02305316925048828, 4877
0.02305316925048828, 4876
0.02305316925048828, 4875
0.02305316925048828, 4874
0.02305316925048828, 4873
0.02305316925048828, 4872
0.02305316925048828, 4871
0.02305316925048828, 4870
0.02305316925048828, 4869
0.02305316925048828, 4868
0.02305316925048828, 4867
0.02305316925048828, 4866
0.02305316925048828, 4865
0.02305316925048828, 4864
0.02305316925048828, 4863
0.02305316925048828, 4862
0.02305316925048828, 4861
0.02305316925048828, 4860
0.02305316925048828, 4859
0.02305316925048828, 4858
0.02305316925048828, 4857
0.02305316925048828, 4856
0.02305316925048828, 4855
0.02305316925048828, 4854
0.02305316925048828, 4853
0.02305316925048828, 4852
0.02305316925048828, 4851
0.02305316925048828, 4850
0.02305316925048828, 4849
0.02305316925048828, 4848
0.02305316925048828, 4847
0.02305316925048828, 4846
0.02305316925048828, 4845
0.02305316925048828, 4844
0.02305316925048828, 4843
0.02305316925048828, 4842
0.02305316925048828, 4841
0.02305316925048828, 4840
0.02305316925048828, 4839
0.023999452590942383, 4838
0.023999452590942383, 4837
0.023999452590942383, 4836
0.023999452590942383, 4835
0.023999452590942383, 4834
0.023999452590942383, 4833
0.023999452590942383, 4832
0.023999452590942383, 4831
0.023999452590942383, 4830
0.023999452590942383, 4829
0.023999452590942383, 4828
0.023999452590942383, 4827
0.05212903022766113, 4826
0.05212903022766113, 4825
0.05212903022766113, 4824
0.05212903022766113, 4823
0.05212903022766113, 4822
0.05312943458557129, 4821
0.05312943458557129, 4820
0.05312943458557129, 4819
0.05312943458557129, 4818
0.05312943458557129, 4817
0.05312943458557129, 4816
0.05312943458557129, 4815
0.05312943458557129, 4814
0.05312943458557129, 4813
0.05312943458557129, 4812
0.05312943458557129, 4811
0.05312943458557129, 4810
0.05312943458557129, 4809
0.05312943458557129, 4808
0.05312943458557129, 4807
0.05312943458557129, 4806
0.05312943458557129, 4805
0.05312943458557129, 4804
0.05312943458557129, 4803
0.05312943458557129, 4802
0.05312943458557129, 4801
0.05312943458557129, 4800
0.05312943458557129, 4799
0.05312943458557129, 4798
0.05312943458557129, 4797
0.05312943458557129, 4796
0.05412912368774414, 4795
0.05412912368774414, 4794
0.05412912368774414, 4793
0.05412912368774414, 4792
0.05412912368774414, 4791
0.05412912368774414, 4790
0.05412912368774414, 4789
0.05412912368774414, 4788
0.05412912368774414, 4787
0.05412912368774414, 4786
0.05412912368774414, 4785
0.05412912368774414, 4784
0.05412912368774414, 4783
0.05412912368774414, 4782
0.05412912368774414, 4781
0.05412912368774414, 4780
0.05412912368774414, 4779
0.05412912368774414, 4778
0.05412912368774414, 4777
0.05412912368774414, 4776
0.05412912368774414, 4775
0.05412912368774414, 4774
0.05412912368774414, 4773
0.05412912368774414, 4772
0.05412912368774414, 4771
0.05412912368774414, 4770
0.05512881278991699, 4769
0.05512881278991699, 4768
0.05512881278991699, 4767
0.05512881278991699, 4766
0.05512881278991699, 4765
0.05512881278991699, 4764
0.05512881278991699, 4763
0.05512881278991699, 4762
0.05512881278991699, 4761
0.05512881278991699, 4760
0.05512881278991699, 4759
0.05512881278991699, 4758
0.05512881278991699, 4757
0.05512881278991699, 4756
0.05512881278991699, 4755
0.05512881278991699, 4754
0.05512881278991699, 4753
0.05512881278991699, 4752
0.05512881278991699, 4751
0.05512881278991699, 4750
0.05512881278991699, 4749
0.05512881278991699, 4748
0.05512881278991699, 4747
0.05512881278991699, 4746
0.05512881278991699, 4745
0.05512881278991699, 4744
0.05612969398498535, 4743
0.05612969398498535, 4742
0.05612969398498535, 4741
0.05612969398498535, 4740
0.05612969398498535, 4739
0.05612969398498535, 4738
0.05612969398498535, 4737
0.05612969398498535, 4736
0.05612969398498535, 4735
0.05612969398498535, 4734
0.05612969398498535, 4733
0.05612969398498535, 4732
0.05612969398498535, 4731
0.05612969398498535, 4730
0.0571291446685791, 4729
0.0571291446685791, 4728
0.0571291446685791, 4727
0.0571291446685791, 4726
0.0571291446685791, 4725
0.0571291446685791, 4724
0.0571291446685791, 4723
0.0571291446685791, 4722
0.0571291446685791, 4721
0.0571291446685791, 4720
0.0571291446685791, 4719
0.0571291446685791, 4718
0.0571291446685791, 4717
0.0571291446685791, 4716
0.05812883377075195, 4715
0.05812883377075195, 4714
0.05812883377075195, 4713
0.05812883377075195, 4712
0.05812883377075195, 4711
0.05812883377075195, 4710
0.05812883377075195, 4709
0.05812883377075195, 4708
0.05812883377075195, 4707
0.05812883377075195, 4706
0.05812883377075195, 4705
0.05812883377075195, 4704
0.05812883377075195, 4703
0.05812883377075195, 4702
0.05812883377075195, 4701
0.05912899971008301, 4700
0.05912899971008301, 4699
0.05912899971008301, 4698
0.05912899971008301, 4697
0.05912899971008301, 4696
0.05912899971008301, 4695
0.05912899971008301, 4694
0.05912899971008301, 4693
0.05912899971008301, 4692
0.05912899971008301, 4691
0.05912899971008301, 4690
0.05912899971008301, 4689
0.05912899971008301, 4688
0.05912899971008301, 4687
0.05912899971008301, 4686
0.06012916564941406, 4685
0.06012916564941406, 4684
0.06012916564941406, 4683
0.06012916564941406, 4682
0.06012916564941406, 4681
0.06012916564941406, 4680
0.06012916564941406, 4679
0.06012916564941406, 4678
0.06012916564941406, 4677
0.06012916564941406, 4676
0.06012916564941406, 4675
0.06012916564941406, 4674
0.06012916564941406, 4673
0.06012916564941406, 4672
0.061129093170166016, 4671
0.061129093170166016, 4670
0.061129093170166016, 4669
0.061129093170166016, 4668
0.061129093170166016, 4667
0.061129093170166016, 4666
0.07513236999511719, 3364
0.07513236999511719, 3363
0.07513236999511719, 3362
0.07513236999511719, 3361
0.07513236999511719, 3360
0.07513236999511719, 3359
0.07613205909729004, 3358
0.07613205909729004, 3357
0.07613205909729004, 3356
0.07613205909729004, 3355
0.07613205909729004, 3354
0.07613205909729004, 3353
0.07613205909729004, 3352
0.07613205909729004, 3351
0.07613205909729004, 3350
0.07613205909729004, 3349
0.07613205909729004, 3348
0.07613205909729004, 3347
0.07613205909729004, 3346
0.07613205909729004, 3345
0.07613205909729004, 3344
0.07613205909729004, 3343
0.07613205909729004, 3342
0.07613205909729004, 3341
0.07613205909729004, 3340
0.07613205909729004, 3339
0.07713031768798828, 3338
0.07713031768798828, 3337
0.07713031768798828, 3336
0.07713031768798828, 3335
0.07713031768798828, 3334
0.07713031768798828, 3333
0.07713031768798828, 3332
0.07713031768798828, 3331
0.07713031768798828, 3330
0.07713031768798828, 3329
0.07713031768798828, 3328
0.07713031768798828, 3327
0.07713031768798828, 3326
0.07713031768798828, 3325
0.07713031768798828, 3324
0.07713031768798828, 3323
0.07713031768798828, 3322
0.07713031768798828, 3321
0.07813024520874023, 3320
0.07820701599121094, 3319
0.07820701599121094, 3318
0.07820701599121094, 3317
0.07820701599121094, 3316
0.07820701599121094, 3315
0.07820701599121094, 3314
0.07820701599121094, 3313
0.07820701599121094, 3312
0.07820701599121094, 3311
0.07820701599121094, 3310
0.07820701599121094, 3309
0.07820701599121094, 3308
0.07912898063659668, 3307
0.07912898063659668, 3306
0.07912898063659668, 3305
0.07912898063659668, 3304
0.07912898063659668, 3303
0.07912898063659668, 3302
0.07912898063659668, 3301
0.07912898063659668, 3300
0.07912898063659668, 3299
0.07912898063659668, 3298
0.07912898063659668, 3297
0.07912898063659668, 3296
0.07912898063659668, 3295
0.07912898063659668, 3294
0.08013129234313965, 3293
0.08013129234313965, 3292
0.08013129234313965, 3291
0.08013129234313965, 3290
0.08013129234313965, 3289
0.08013129234313965, 3288
0.08013129234313965, 3287
0.08013129234313965, 3286
0.08013129234313965, 3285
0.08013129234313965, 3284
0.08013129234313965, 3283
0.08013129234313965, 3282
0.08013129234313965, 3281
0.08013129234313965, 3280
0.08013129234313965, 3279
0.08013129234313965, 3278
0.08013129234313965, 3277
0.08013129234313965, 3276
0.0811316967010498, 3275
0.0811316967010498, 3274
0.0811316967010498, 3273
0.0811316967010498, 3272
0.0811316967010498, 3271
0.0811316967010498, 3270
0.0811316967010498, 3269
0.0811316967010498, 3268
0.0811316967010498, 3267
0.0811316967010498, 3266
0.0811316967010498, 3265
0.0811316967010498, 3264
0.0811316967010498, 3263
0.0811316967010498, 3262
0.0811316967010498, 3261
0.0811316967010498, 3260
0.0811316967010498, 3259
0.0811316967010498, 3258
0.0811316967010498, 3257
0.0811316967010498, 3256
0.0811316967010498, 3255
0.08213043212890625, 3254
0.08213043212890625, 3253
0.08213043212890625, 3252
0.08213043212890625, 3251
0.08213043212890625, 3250
0.08213043212890625, 3249
0.08213043212890625, 3248
0.08213043212890625, 3247
0.08213043212890625, 3246
0.08213043212890625, 3245
0.08213043212890625, 3244
0.08313727378845215, 3243
0.08313727378845215, 3242
0.08313727378845215, 3241
0.08313727378845215, 3240
0.08313727378845215, 3239
0.08313727378845215, 3238
0.08313727378845215, 3237
0.08313727378845215, 3236
0.08313727378845215, 3235
0.08313727378845215, 3234
0.08313727378845215, 3233
0.08313727378845215, 3232
0.08313727378845215, 3231
0.08313727378845215, 3230
0.08313727378845215, 3229
0.08313727378845215, 3228
0.08313727378845215, 3227
0.08313727378845215, 3226
0.08313727378845215, 3225
0.08313727378845215, 3224
0.08313727378845215, 3223
0.08313727378845215, 3222
0.08313727378845215, 3221
0.08413100242614746, 3220
0.08413100242614746, 3219
0.08413100242614746, 3218
0.08413100242614746, 3217
0.08413100242614746, 3216
0.08413100242614746, 3215
0.08413100242614746, 3214
0.08413100242614746, 3213
0.08413100242614746, 3212
0.08413100242614746, 3211
0.08413100242614746, 3210
0.08413100242614746, 3209
0.08413100242614746, 3208
0.08413100242614746, 3207
0.08413100242614746, 3206
0.08413100242614746, 3205
0.08413100242614746, 3204
0.08413100242614746, 3203
0.08413100242614746, 3202
0.08413100242614746, 3201
0.08413100242614746, 3200
0.08513140678405762, 3199
0.08513140678405762, 3198
0.08513140678405762, 3197
0.08513140678405762, 3196
0.08513140678405762, 3195
0.08513140678405762, 3194
0.08513140678405762, 3193
0.08513140678405762, 3192
0.08513140678405762, 3191
0.08513140678405762, 3190
0.08513140678405762, 3189
0.08513140678405762, 3188
0.08513140678405762, 3187
0.08513140678405762, 3186
0.08513140678405762, 3185
0.08513140678405762, 3184
0.08513140678405762, 3183
0.08513140678405762, 3182
0.08513140678405762, 3181
0.08513140678405762, 3180
0.08513140678405762, 3179
0.08513140678405762, 3178
0.08513140678405762, 3177
0.08513140678405762, 3176
0.08613181114196777, 3175
0.08613181114196777, 3174
0.08613181114196777, 3173
0.08613181114196777, 3172
0.08613181114196777, 3171
0.08613181114196777, 3170
0.08613181114196777, 3169
0.08613181114196777, 3168
0.08613181114196777, 3167
0.08613181114196777, 3166
0.08613181114196777, 3165
0.08613181114196777, 3164
0.08613181114196777, 3163
0.08613181114196777, 3162
0.08613181114196777, 3161
0.08613181114196777, 3160
0.08613181114196777, 3159
0.08613181114196777, 3158
0.08613181114196777, 3157
0.08613181114196777, 3156
0.08613181114196777, 3155
0.11313009262084961, 3154
0.11313009262084961, 3153
0.11313009262084961, 3152
0.11313009262084961, 3151
0.11313009262084961, 3150
0.11313009262084961, 3149
0.11313009262084961, 3148
0.11313009262084961, 3147
0.11313009262084961, 3146
0.11313009262084961, 3145
0.11313009262084961, 3144
0.11313009262084961, 3143
0.11313009262084961, 3142
0.11313009262084961, 3141
0.11412835121154785, 3140
0.11412835121154785, 3139
0.11412835121154785, 3138
0.11412835121154785, 3137
0.11412835121154785, 3136
0.11412835121154785, 3135
0.11412835121154785, 3134
0.11412835121154785, 3133
0.11412835121154785, 3132
0.11412835121154785, 3131
0.11412835121154785, 3130
0.11412835121154785, 3129
0.11412835121154785, 3128
0.11412835121154785, 3127
0.11412835121154785, 3126
0.11412835121154785, 3125
0.11412835121154785, 3124
0.11412835121154785, 3123
0.11412835121154785, 3122
0.11412835121154785, 3121
0.11412835121154785, 3120
0.11412835121154785, 3119
0.11412835121154785, 3118
0.11412835121154785, 3117
0.11412835121154785, 3116
0.11412835121154785, 3115
0.1151280403137207, 3114
0.1151280403137207, 3113
0.1151280403137207, 3112
0.1151280403137207, 3111
0.1151280403137207, 3110
0.1151280403137207, 3109
0.1151280403137207, 3108
0.1151280403137207, 3107
0.1151280403137207, 3106
0.1151280403137207, 3105
0.1151280403137207, 3104
0.1151280403137207, 3103
0.11558341979980469, 3102
0.11558341979980469, 3101
