0.013998985290527344, 4889
0.013998985290527344, 4888
0.013998985290527344, 4887
0.013998985290527344, 4886
0.013998985290527344, 4885
0.013998985290527344, 4884
0.013998985290527344, 4883
0.013998985290527344, 4882
0.013998985290527344, 4881
0.013998985290527344, 4880
0.013998985290527344, 4879
0.013998985290527344, 4878
0.013998985290527344, 4877
0.013998985290527344, 4876
0.013998985290527344, 4875
0.013998985290527344, 4874
0.013998985290527344, 4873
0.013998985290527344, 4872
0.013998985290527344, 4871
0.013998985290527344, 4870
0.013998985290527344, 4869
0.013998985290527344, 4868
0.013998985290527344, 4867
0.013998985290527344, 4866
0.014998912811279297, 4865
0.014998912811279297, 4864
0.014998912811279297, 4863
0.015107154846191406, 4862
0.015107154846191406, 4861
0.015107154846191406, 4860
0.015107154846191406, 4859
0.015107154846191406, 4858
0.015107154846191406, 4857
0.015107154846191406, 4856
0.015107154846191406, 4855
0.015107154846191406, 4854
0.015107154846191406, 4853
0.015107154846191406, 4852
0.015107154846191406, 4851
0.015107154846191406, 4850
0.015107154846191406, 4849
0.015107154846191406, 4848
0.015107154846191406, 4847
0.015107154846191406, 4846
0.015107154846191406, 4845
0.015107154846191406, 4844
0.015107154846191406, 4843
0.015107154846191406, 4842
0.015107154846191406, 4841
0.015107154846191406, 4840
0.015107154846191406, 4839
0.015107154846191406, 4838
0.015107154846191406, 4837
0.015107154846191406, 4836
0.015107154846191406, 4835
0.015107154846191406, 4834
0.015107154846191406, 4833
0.015107154846191406, 4832
0.015107154846191406, 4831
0.015107154846191406, 4830
0.015107154846191406, 4829
0.015107154846191406, 4828
0.01599907875061035, 4827
0.01599907875061035, 4826
0.01599907875061035, 4825
0.01599907875061035, 4824
0.01599907875061035, 4823
0.01599907875061035, 4822
0.01599907875061035, 4821
0.01599907875061035, 4820
0.01599907875061035, 4819
0.01599907875061035, 4818
0.01599907875061035, 4817
0.01599907875061035, 4816
0.01599907875061035, 4815
0.01599907875061035, 4814
0.01599907875061035, 4813
0.01599907875061035, 4812
0.01599907875061035, 4811
0.01599907875061035, 4810
0.01599907875061035, 4809
0.01599907875061035, 4808
0.01599907875061035, 4807
0.01599907875061035, 4806
0.01599907875061035, 4805
0.01599907875061035, 4804
0.01599907875061035, 4803
0.01599907875061035, 4802
0.01599907875061035, 4801
0.01599907875061035, 4800
0.01599907875061035, 4799
0.01599907875061035, 4798
0.01599907875061035, 4797
0.01599907875061035, 4796
0.01599907875061035, 4795
0.01599907875061035, 4794
0.01599907875061035, 4793
0.01599907875061035, 4792
0.01599907875061035, 4791
0.01599907875061035, 4790
0.01599907875061035, 4789
0.01599907875061035, 4788
0.01599907875061035, 4787
0.01599907875061035, 4786
0.01599907875061035, 4785
0.01599907875061035, 4784
0.016999006271362305, 4783
0.016999006271362305, 4782
0.016999006271362305, 4781
0.016999006271362305, 4780
0.016999006271362305, 4779
0.016999006271362305, 4778
0.016999006271362305, 4777
0.016999006271362305, 4776
0.016999006271362305, 4775
0.016999006271362305, 4774
0.016999006271362305, 4773
0.016999006271362305, 4772
0.016999006271362305, 4771
0.016999006271362305, 4770
0.016999006271362305, 4769
0.016999006271362305, 4768
0.016999006271362305, 4767
0.016999006271362305, 4766
0.016999006271362305, 4765
0.016999006271362305, 4764
0.016999006271362305, 4763
0.016999006271362305, 4762
0.016999006271362305, 4761
0.016999006271362305, 4760
0.016999006271362305, 4759
0.016999006271362305, 4758
0.016999006271362305, 4757
0.016999006271362305, 4756
0.016999006271362305, 4755
0.016999006271362305, 4754
0.016999006271362305, 4753
0.016999006271362305, 4752
0.016999006271362305, 4751
0.016999006271362305, 4750
0.016999006271362305, 4749
0.016999006271362305, 4748
0.016999006271362305, 4747
0.016999006271362305, 4746
0.016999006271362305, 4745
0.016999006271362305, 4744
0.016999006271362305, 4743
0.016999006271362305, 4742
0.016999006271362305, 4741
0.016999006271362305, 4740
0.017998695373535156, 4739
0.017998695373535156, 4738
0.017998695373535156, 4737
0.017998695373535156, 4736
0.017998695373535156, 4735
0.017998695373535156, 4734
0.017998695373535156, 4733
0.017998695373535156, 4732
0.017998695373535156, 4731
0.017998695373535156, 4730
0.017998695373535156, 4729
0.017998695373535156, 4728
0.017998695373535156, 4727
0.017998695373535156, 4726
0.017998695373535156, 4725
0.017998695373535156, 4724
0.017998695373535156, 4723
0.017998695373535156, 4722
0.017998695373535156, 4721
0.017998695373535156, 4720
0.017998695373535156, 4719
0.017998695373535156, 4718
0.017998695373535156, 4717
0.017998695373535156, 4716
0.017998695373535156, 4715
0.017998695373535156, 4714
0.017998695373535156, 4713
0.017998695373535156, 4712
0.017998695373535156, 4711
0.017998695373535156, 4710
0.017998695373535156, 4709
0.017998695373535156, 4708
0.017998695373535156, 4707
0.017998695373535156, 4706
0.017998695373535156, 4705
0.017998695373535156, 4704
0.017998695373535156, 4703
0.017998695373535156, 4702
0.017998695373535156, 4701
0.017998695373535156, 4700
0.017998695373535156, 4699
0.017998695373535156, 4698
0.017998695373535156, 4697
0.018999099731445312, 4696
0.018999099731445312, 4695
0.018999099731445312, 4694
0.018999099731445312, 4693
0.018999099731445312, 4692
0.018999099731445312, 4691
0.018999099731445312, 4690
0.018999099731445312, 4689
0.018999099731445312, 4688
0.018999099731445312, 4687
0.018999099731445312, 4686
0.018999099731445312, 4685
0.018999099731445312, 4684
0.018999099731445312, 4683
0.018999099731445312, 4682
0.018999099731445312, 4681
0.018999099731445312, 4680
0.018999099731445312, 4679
0.018999099731445312, 4678
0.018999099731445312, 4677
0.018999099731445312, 4676
0.018999099731445312, 4675
0.018999099731445312, 4674
0.018999099731445312, 4673
0.018999099731445312, 4672
0.018999099731445312, 4671
0.018999099731445312, 4670
0.018999099731445312, 4669
0.018999099731445312, 4668
0.018999099731445312, 4667
0.018999099731445312, 4666
0.018999099731445312, 4665
0.018999099731445312, 4664
0.018999099731445312, 4663
0.018999099731445312, 4662
0.018999099731445312, 4661
0.018999099731445312, 4660
0.018999099731445312, 4659
0.018999099731445312, 4658
0.018999099731445312, 4657
0.018999099731445312, 4656
0.018999099731445312, 4655
0.018999099731445312, 4654
0.018999099731445312, 4653
0.019998788833618164, 4652
0.019998788833618164, 4651
0.019998788833618164, 4650
0.019998788833618164, 4649
0.019998788833618164, 4648
0.019998788833618164, 4647
0.019998788833618164, 4646
0.019998788833618164, 4645
0.019998788833618164, 4644
0.019998788833618164, 4643
0.019998788833618164, 4642
0.019998788833618164, 4641
0.019998788833618164, 4640
0.019998788833618164, 4639
0.019998788833618164, 4638
0.019998788833618164, 4637
0.019998788833618164, 4636
0.019998788833618164, 4635
0.019998788833618164, 4634
0.019998788833618164, 4633
0.019998788833618164, 4632
0.019998788833618164, 4631
0.019998788833618164, 4630
0.019998788833618164, 4629
0.019998788833618164, 4628
0.019998788833618164, 4627
0.019998788833618164, 4626
0.019998788833618164, 4625
0.019998788833618164, 4624
0.019998788833618164, 4623
0.019998788833618164, 4622
0.019998788833618164, 4621
0.019998788833618164, 4620
0.019998788833618164, 4619
0.019998788833618164, 4618
0.019998788833618164, 4617
0.019998788833618164, 4616
0.019998788833618164, 4615
0.020926713943481445, 4614
0.020926713943481445, 4613
0.020926713943481445, 4612
0.020998239517211914, 4611
0.020998239517211914, 4610
0.020998239517211914, 4609
0.020998239517211914, 4608
0.020998239517211914, 4607
0.020998239517211914, 4606
0.020998239517211914, 4605
0.020998239517211914, 4604
0.020998239517211914, 4603
0.020998239517211914, 4602
0.020998239517211914, 4601
0.020998239517211914, 4600
0.020998239517211914, 4599
0.020998239517211914, 4598
0.020998239517211914, 4597
0.020998239517211914, 4596
0.020998239517211914, 4595
0.020998239517211914, 4594
0.020998239517211914, 4593
0.020998239517211914, 4592
0.020998239517211914, 4591
0.020998239517211914, 4590
0.020998239517211914, 4589
0.020998239517211914, 4588
0.020998239517211914, 4587
0.020998239517211914, 4586
0.020998239517211914, 4585
0.020998239517211914, 4584
0.020998239517211914, 4583
0.020998239517211914, 4582
0.020998239517211914, 4581
0.020998239517211914, 4580
0.020998239517211914, 4579
0.020998239517211914, 4578
0.020998239517211914, 4577
0.020998239517211914, 4576
0.020998239517211914, 4575
0.020998239517211914, 4574
0.020998239517211914, 4573
0.020998239517211914, 4572
0.020998239517211914, 4571
0.021998882293701172, 4570
0.021998882293701172, 4569
0.021998882293701172, 4568
0.021998882293701172, 4567
0.021998882293701172, 4566
0.021998882293701172, 4565
0.021998882293701172, 4564
0.021998882293701172, 4563
0.021998882293701172, 4562
0.021998882293701172, 4561
0.021998882293701172, 4560
0.021998882293701172, 4559
0.021998882293701172, 4558
0.021998882293701172, 4557
0.021998882293701172, 4556
0.021998882293701172, 4555
0.021998882293701172, 4554
0.021998882293701172, 4553
0.021998882293701172, 4552
0.021998882293701172, 4551
0.021998882293701172, 4550
0.021998882293701172, 4549
0.021998882293701172, 4548
0.021998882293701172, 4547
0.021998882293701172, 4546
0.021998882293701172, 4545
0.021998882293701172, 4544
0.021998882293701172, 4543
0.021998882293701172, 4542
0.021998882293701172, 4541
0.021998882293701172, 4540
0.021998882293701172, 4539
0.021998882293701172, 4538
0.021998882293701172, 4537
0.021998882293701172, 4536
0.021998882293701172, 4535
0.021998882293701172, 4534
0.021998882293701172, 4533
0.021998882293701172, 4532
0.021998882293701172, 4531
0.021998882293701172, 4530
0.022999286651611328, 4529
0.022999286651611328, 4528
0.022999286651611328, 4527
0.022999286651611328, 4526
0.022999286651611328, 4525
0.022999286651611328, 4524
0.022999286651611328, 4523
0.022999286651611328, 4522
0.022999286651611328, 4521
0.022999286651611328, 4520
0.022999286651611328, 4519
0.022999286651611328, 4518
0.022999286651611328, 4517
0.022999286651611328, 4516
0.022999286651611328, 4515
0.022999286651611328, 4514
0.022999286651611328, 4513
0.022999286651611328, 4512
0.022999286651611328, 4511
0.022999286651611328, 4510
0.022999286651611328, 4509
0.022999286651611328, 4508
0.022999286651611328, 4507
0.022999286651611328, 4506
0.022999286651611328, 4505
0.022999286651611328, 4504
0.022999286651611328, 4503
0.022999286651611328, 4502
0.022999286651611328, 4501
0.022999286651611328, 4500
0.022999286651611328, 4499
0.022999286651611328, 4498
0.022999286651611328, 4497
0.022999286651611328, 4496
0.022999286651611328, 4495
0.022999286651611328, 4494
0.022999286651611328, 4493
0.022999286651611328, 4492
0.022999286651611328, 4491
0.022999286651611328, 4490
0.022999286651611328, 4489
0.022999286651611328, 4488
0.022999286651611328, 4487
0.022999286651611328, 4486
0.024036645889282227, 4485
0.024036645889282227, 4484
0.024036645889282227, 4483
0.024036645889282227, 4482
0.024036645889282227, 4481
0.024036645889282227, 4480
0.024036645889282227, 4479
0.024036645889282227, 4478
0.024036645889282227, 4477
0.024036645889282227, 4476
0.024036645889282227, 4475
0.024036645889282227, 4474
0.024036645889282227, 4473
0.024036645889282227, 4472
0.024036645889282227, 4471
0.024036645889282227, 4470
0.024036645889282227, 4469
0.024036645889282227, 4468
0.024036645889282227, 4467
0.024036645889282227, 4466
0.024036645889282227, 4465
0.024036645889282227, 4464
0.024036645889282227, 4463
0.024036645889282227, 4462
0.024036645889282227, 4461
0.024036645889282227, 4460
0.024036645889282227, 4459
0.024036645889282227, 4458
0.024036645889282227, 4457
0.024036645889282227, 4456
0.024036645889282227, 4455
0.024036645889282227, 4454
0.024036645889282227, 4453
0.024036645889282227, 4452
0.024036645889282227, 4451
0.024036645889282227, 4450
0.024036645889282227, 4449
0.024036645889282227, 4448
0.024036645889282227, 4447
0.024036645889282227, 4446
0.024036645889282227, 4445
0.024036645889282227, 4444
0.025036096572875977, 4443
0.025036096572875977, 4442
0.025036096572875977, 4441
0.025036096572875977, 4440
0.025036096572875977, 4439
0.025036096572875977, 4438
0.025036096572875977, 4437
0.025036096572875977, 4436
0.025036096572875977, 4435
0.025036096572875977, 4434
0.025036096572875977, 4433
0.025036096572875977, 4432
0.025036096572875977, 4431
0.025036096572875977, 4430
0.025036096572875977, 4429
0.025036096572875977, 4428
0.025036096572875977, 4427
0.025036096572875977, 4426
0.025036096572875977, 4425
0.025036096572875977, 4424
0.025036096572875977, 4423
0.025036096572875977, 4422
0.025036096572875977, 4421
0.025036096572875977, 4420
0.025036096572875977, 4419
0.025036096572875977, 4418
0.025036096572875977, 4417
0.025036096572875977, 4416
0.025036096572875977, 4415
0.025036096572875977, 4414
0.025036096572875977, 4413
0.025036096572875977, 4412
0.025036096572875977, 4411
0.025036096572875977, 4410
0.025036096572875977, 4409
0.025036096572875977, 4408
0.025036096572875977, 4407
0.025036096572875977, 4406
0.025036096572875977, 4405
0.025036096572875977, 4404
0.025036096572875977, 4403
0.025036096572875977, 4402
0.026035785675048828, 4401
0.026035785675048828, 4400
0.026035785675048828, 4399
0.17850542068481445, 3428
0.17850542068481445, 3427
0.17850542068481445, 3426
0.17850542068481445, 3425
0.17850542068481445, 3424
0.1795051097869873, 3423
0.1795051097869873, 3422
0.1795051097869873, 3421
0.1795051097869873, 3420
0.1795051097869873, 3419
0.1795051097869873, 3418
0.1795051097869873, 3417
0.1795051097869873, 3416
0.1795051097869873, 3415
0.1795051097869873, 3414
0.1795051097869873, 3413
0.1795051097869873, 3412
0.1795051097869873, 3411
0.1795051097869873, 3410
0.1795051097869873, 3409
0.1795051097869873, 3408
0.1795051097869873, 3407
0.1795051097869873, 3406
0.1795051097869873, 3405
0.1795051097869873, 3404
0.18050479888916016, 3403
0.18050479888916016, 3402
0.18050479888916016, 3401
0.18050479888916016, 3400
0.18050479888916016, 3399
0.18050479888916016, 3398
0.18050479888916016, 3397
0.18050479888916016, 3396
0.18050479888916016, 3395
0.18050479888916016, 3394
0.18050479888916016, 3393
0.18050479888916016, 3392
0.18050479888916016, 3391
0.18050479888916016, 3390
0.18050479888916016, 3389
0.18050479888916016, 3388
0.18050479888916016, 3387
0.18050479888916016, 3386
0.18050479888916016, 3385
0.18050479888916016, 3384
0.18050479888916016, 3383
0.18050479888916016, 3382
0.18050479888916016, 3381
0.18050479888916016, 3380
0.1815047264099121, 3379
0.1815047264099121, 3378
0.1815047264099121, 3377
0.1815047264099121, 3376
0.1815047264099121, 3375
0.1815047264099121, 3374
0.1815047264099121, 3373
0.1815047264099121, 3372
0.1815047264099121, 3371
0.1815047264099121, 3370
0.1815047264099121, 3369
0.1815047264099121, 3368
0.1815047264099121, 3367
0.1815047264099121, 3366
0.1815047264099121, 3365
0.1815047264099121, 3364
0.1815047264099121, 3363
0.1815047264099121, 3362
0.1815047264099121, 3361
0.1815047264099121, 3360
0.1815047264099121, 3359
0.1815047264099121, 3358
0.1815047264099121, 3357
0.18250560760498047, 3356
0.18250560760498047, 3355
0.18250560760498047, 3354
0.18250560760498047, 3353
0.18250560760498047, 3352
0.18250560760498047, 3351
0.18250560760498047, 3350
0.18250560760498047, 3349
0.18250560760498047, 3348
0.18250560760498047, 3347
0.18250560760498047, 3346
0.18250560760498047, 3345
0.18250560760498047, 3344
0.18250560760498047, 3343
0.18250560760498047, 3342
0.18250560760498047, 3341
0.18250560760498047, 3340
0.18250560760498047, 3339
0.18250560760498047, 3338
0.18250560760498047, 3337
0.18350458145141602, 3336
0.18350458145141602, 3335
0.18350458145141602, 3334
0.18350458145141602, 3333
0.18350458145141602, 3332
0.18350458145141602, 3331
0.18350458145141602, 3330
0.18350458145141602, 3329
0.18350458145141602, 3328
0.18350458145141602, 3327
0.18350458145141602, 3326
0.18350458145141602, 3325
0.18350458145141602, 3324
0.18350458145141602, 3323
0.18350458145141602, 3322
0.18350458145141602, 3321
0.18350458145141602, 3320
0.18350458145141602, 3319
0.18350458145141602, 3318
0.18350458145141602, 3317
0.18350458145141602, 3316
0.18350458145141602, 3315
0.18350458145141602, 3314
0.18350458145141602, 3313
0.18350458145141602, 3312
0.18350458145141602, 3311
0.18350458145141602, 3310
0.18350458145141602, 3309
0.18350458145141602, 3308
0.18450474739074707, 3307
0.18450474739074707, 3306
0.18450474739074707, 3305
0.18450474739074707, 3304
0.18450474739074707, 3303
0.18450474739074707, 3302
0.18450474739074707, 3301
0.18450474739074707, 3300
0.18450474739074707, 3299
0.18450474739074707, 3298
0.18450474739074707, 3297
0.18450474739074707, 3296
0.18450474739074707, 3295
0.18450474739074707, 3294
0.18450474739074707, 3293
0.18450474739074707, 3292
0.18450474739074707, 3291
0.18450474739074707, 3290
0.18450474739074707, 3289
0.18450474739074707, 3288
0.18450474739074707, 3287
0.18450474739074707, 3286
0.18450474739074707, 3285
0.18450474739074707, 3284
0.18450474739074707, 3283
0.18450474739074707, 3282
0.18450474739074707, 3281
0.18450474739074707, 3280
0.18450474739074707, 3279
0.18550491333007812, 3278
0.18550491333007812, 3277
0.18550491333007812, 3276
0.18550491333007812, 3275
0.18550491333007812, 3274
0.18550491333007812, 3273
0.18550491333007812, 3272
0.18550491333007812, 3271
0.18550491333007812, 3270
0.18550491333007812, 3269
0.18550491333007812, 3268
0.18550491333007812, 3267
0.18550491333007812, 3266
0.18550491333007812, 3265
0.18550491333007812, 3264
0.18550491333007812, 3263
0.18550491333007812, 3262
0.18550491333007812, 3261
0.18550491333007812, 3260
0.18550491333007812, 3259
0.18550491333007812, 3258
0.18550491333007812, 3257
0.18550491333007812, 3256
0.18550491333007812, 3255
0.18550491333007812, 3254
0.18550491333007812, 3253
0.18550491333007812, 3252
0.1864607334136963, 3251
0.1864607334136963, 3250
0.1864607334136963, 3249
0.1864607334136963, 3248
0.1864607334136963, 3247
0.1864607334136963, 3246
0.1864607334136963, 3245
0.1864607334136963, 3244
0.1864607334136963, 3243
0.1864607334136963, 3242
0.1864607334136963, 3241
0.1864607334136963, 3240
0.1864607334136963, 3239
0.1864607334136963, 3238
0.1864607334136963, 3237
0.1864607334136963, 3236
0.1864607334136963, 3235
0.1864607334136963, 3234
0.1864607334136963, 3233
0.1864607334136963, 3232
0.1864607334136963, 3231
0.1864607334136963, 3230
0.1864607334136963, 3229
0.1864607334136963, 3228
0.1864607334136963, 3227
0.1864607334136963, 3226
0.1864607334136963, 3225
0.1864607334136963, 3224
0.1864607334136963, 3223
0.1864607334136963, 3222
0.1864607334136963, 3221
0.18750500679016113, 3220
0.18755650520324707, 3219
0.18755650520324707, 3218
0.18755650520324707, 3217
0.18755650520324707, 3216
0.18755650520324707, 3215
0.18755650520324707, 3214
0.18755650520324707, 3213
0.18755650520324707, 3212
0.18755650520324707, 3211
0.18755650520324707, 3210
0.18755650520324707, 3209
0.18755650520324707, 3208
0.18755650520324707, 3207
0.18755650520324707, 3206
0.18755650520324707, 3205
0.18755650520324707, 3204
0.18755650520324707, 3203
0.18755650520324707, 3202
0.18755650520324707, 3201
0.27282118797302246, 3200
0.27282118797302246, 3199
0.27282118797302246, 3198
0.27282118797302246, 3197
0.27282118797302246, 3196
0.27282118797302246, 3195
0.27282118797302246, 3194
0.27282118797302246, 3193
0.27282118797302246, 3192
0.27282118797302246, 3191
0.27282118797302246, 3190
0.27282118797302246, 3189
0.27282118797302246, 3188
0.27282118797302246, 3187
0.27282118797302246, 3186
0.27282118797302246, 3185
0.27282118797302246, 3184
0.27282118797302246, 3183
0.27282118797302246, 3182
0.27282118797302246, 3181
0.27282118797302246, 3180
0.27282118797302246, 3179
0.27282118797302246, 3178
0.27282118797302246, 3177
0.27282118797302246, 3176
0.27282118797302246, 3175
0.27282118797302246, 3174
0.27282118797302246, 3173
0.2738211154937744, 3172
0.2738211154937744, 3171
0.2738211154937744, 3170
0.2738211154937744, 3169
0.2738211154937744, 3168
0.2738211154937744, 3167
0.2738211154937744, 3166
0.2738211154937744, 3165
0.2738211154937744, 3164
0.2738211154937744, 3163
0.2738211154937744, 3162
0.2738211154937744, 3161
0.2738211154937744, 3160
0.2738211154937744, 3159
0.2738211154937744, 3158
0.2738211154937744, 3157
0.2738211154937744, 3156
0.2738211154937744, 3155
0.2738211154937744, 3154
0.30435681343078613, 3153
0.30435681343078613, 3152
0.30435681343078613, 3151
0.30435681343078613, 3150
0.30435681343078613, 3149
0.30435681343078613, 3148
0.30435681343078613, 3147
0.30435681343078613, 3146
0.30435681343078613, 3145
0.30435681343078613, 3144
0.30435681343078613, 3143
0.5384747982025146, 3142
1.0276987552642822, 3141
1.2477452754974365, 3140
1.2477452754974365, 3139
1.2477452754974365, 3138
1.2477452754974365, 3137
1.2477452754974365, 3136
1.2477452754974365, 3135
1.2477452754974365, 3134
1.2477452754974365, 3133
1.2477452754974365, 3132
1.2477452754974365, 3131
1.2477452754974365, 3130
1.2477452754974365, 3129
1.2477452754974365, 3128
1.2477452754974365, 3127
1.2477452754974365, 3126
1.2477452754974365, 3125
1.2477452754974365, 3124
1.2477452754974365, 3123
1.2477452754974365, 3122
3.928934335708618, 3121
3.928934335708618, 3120
3.928934335708618, 3119
3.928934335708618, 3118
3.928934335708618, 3117
