0.01599907875061035, 4853
0.01599907875061035, 4852
0.01599907875061035, 4851
0.01599907875061035, 4850
0.01599907875061035, 4849
0.016999483108520508, 4848
0.016999483108520508, 4847
0.016999483108520508, 4846
0.016999483108520508, 4845
0.016999483108520508, 4844
0.016999483108520508, 4843
0.016999483108520508, 4842
0.016999483108520508, 4841
0.016999483108520508, 4840
0.016999483108520508, 4839
0.016999483108520508, 4838
0.016999483108520508, 4837
0.016999483108520508, 4836
0.016999483108520508, 4835
0.016999483108520508, 4834
0.016999483108520508, 4833
0.016999483108520508, 4832
0.016999483108520508, 4831
0.016999483108520508, 4830
0.016999483108520508, 4829
0.016999483108520508, 4828
0.016999483108520508, 4827
0.016999483108520508, 4826
0.016999483108520508, 4825
0.016999483108520508, 4824
0.016999483108520508, 4823
0.016999483108520508, 4822
0.016999483108520508, 4821
0.016999483108520508, 4820
0.016999483108520508, 4819
0.016999483108520508, 4818
0.016999483108520508, 4817
0.016999483108520508, 4816
0.016999483108520508, 4815
0.016999483108520508, 4814
0.016999483108520508, 4813
0.016999483108520508, 4812
0.016999483108520508, 4811
0.016999483108520508, 4810
0.016999483108520508, 4809
0.016999483108520508, 4808
0.016999483108520508, 4807
0.018000125885009766, 4806
0.018000125885009766, 4805
0.018000125885009766, 4804
0.018000125885009766, 4803
0.018000125885009766, 4802
0.018000125885009766, 4801
0.018000125885009766, 4800
0.018000125885009766, 4799
0.018000125885009766, 4798
0.018000125885009766, 4797
0.018000125885009766, 4796
0.018000125885009766, 4795
0.018000125885009766, 4794
0.018317222595214844, 4793
0.018317222595214844, 4792
0.018317222595214844, 4791
0.018317222595214844, 4790
0.018317222595214844, 4789
0.018317222595214844, 4788
0.018317222595214844, 4787
0.018317222595214844, 4786
0.018317222595214844, 4785
0.018317222595214844, 4784
0.018317222595214844, 4783
0.018317222595214844, 4782
0.018317222595214844, 4781
0.018317222595214844, 4780
0.018317222595214844, 4779
0.018317222595214844, 4778
0.018317222595214844, 4777
0.018317222595214844, 4776
0.018317222595214844, 4775
0.018317222595214844, 4774
0.018317222595214844, 4773
0.018317222595214844, 4772
0.018317222595214844, 4771
0.018317222595214844, 4770
0.018317222595214844, 4769
0.018317222595214844, 4768
0.018317222595214844, 4767
0.018317222595214844, 4766
0.018317222595214844, 4765
0.01899862289428711, 4764
0.01899862289428711, 4763
0.01899862289428711, 4762
0.01899862289428711, 4761
0.01899862289428711, 4760
0.01899862289428711, 4759
0.01899862289428711, 4758
0.01899862289428711, 4757
0.01899862289428711, 4756
0.01899862289428711, 4755
0.01899862289428711, 4754
0.01899862289428711, 4753
0.01899862289428711, 4752
0.01899862289428711, 4751
0.01899862289428711, 4750
0.01899862289428711, 4749
0.01899862289428711, 4748
0.01899862289428711, 4747
0.01899862289428711, 4746
0.01899862289428711, 4745
0.01899862289428711, 4744
0.01899862289428711, 4743
0.01899862289428711, 4742
0.01899862289428711, 4741
0.01899862289428711, 4740
0.01899862289428711, 4739
0.01899862289428711, 4738
0.01899862289428711, 4737
0.01899862289428711, 4736
0.01899862289428711, 4735
0.01899862289428711, 4734
0.01899862289428711, 4733
0.01899862289428711, 4732
0.01899862289428711, 4731
0.01899862289428711, 4730
0.01899862289428711, 4729
0.01899862289428711, 4728
0.01899862289428711, 4727
0.01899862289428711, 4726
0.01899862289428711, 4725
0.01899862289428711, 4724
0.01899862289428711, 4723
0.01899862289428711, 4722
0.01999831199645996, 4721
0.01999831199645996, 4720
0.01999831199645996, 4719
0.01999831199645996, 4718
0.01999831199645996, 4717
0.01999831199645996, 4716
0.01999831199645996, 4715
0.01999831199645996, 4714
0.01999831199645996, 4713
0.01999831199645996, 4712
0.01999831199645996, 4711
0.01999831199645996, 4710
0.01999831199645996, 4709
0.01999831199645996, 4708
0.01999831199645996, 4707
0.01999831199645996, 4706
0.01999831199645996, 4705
0.01999831199645996, 4704
0.01999831199645996, 4703
0.01999831199645996, 4702
0.01999831199645996, 4701
0.01999831199645996, 4700
0.01999831199645996, 4699
0.01999831199645996, 4698
0.01999831199645996, 4697
0.01999831199645996, 4696
0.01999831199645996, 4695
0.01999831199645996, 4694
0.01999831199645996, 4693
0.01999831199645996, 4692
0.01999831199645996, 4691
0.01999831199645996, 4690
0.01999831199645996, 4689
0.01999831199645996, 4688
0.01999831199645996, 4687
0.01999831199645996, 4686
0.01999831199645996, 4685
0.01999831199645996, 4684
0.01999831199645996, 4683
0.01999831199645996, 4682
0.01999831199645996, 4681
0.01999831199645996, 4680
0.01999831199645996, 4679
0.021000385284423828, 4678
0.021000385284423828, 4677
0.021000385284423828, 4676
0.021000385284423828, 4675
0.021000385284423828, 4674
0.021000385284423828, 4673
0.021000385284423828, 4672
0.021000385284423828, 4671
0.021000385284423828, 4670
0.021000385284423828, 4669
0.021000385284423828, 4668
0.021000385284423828, 4667
0.021000385284423828, 4666
0.021000385284423828, 4665
0.021000385284423828, 4664
0.021000385284423828, 4663
0.021000385284423828, 4662
0.021000385284423828, 4661
0.021000385284423828, 4660
0.021000385284423828, 4659
0.021000385284423828, 4658
0.021000385284423828, 4657
0.021000385284423828, 4656
0.021000385284423828, 4655
0.021000385284423828, 4654
0.021000385284423828, 4653
0.021000385284423828, 4652
0.021000385284423828, 4651
0.021000385284423828, 4650
0.021000385284423828, 4649
0.021000385284423828, 4648
0.021000385284423828, 4647
0.021000385284423828, 4646
0.021000385284423828, 4645
0.021000385284423828, 4644
0.021000385284423828, 4643
0.021000385284423828, 4642
0.021000385284423828, 4641
0.021000385284423828, 4640
0.021000385284423828, 4639
0.021000385284423828, 4638
0.021000385284423828, 4637
0.021000385284423828, 4636
0.021998882293701172, 4635
0.021998882293701172, 4634
0.021998882293701172, 4633
0.021998882293701172, 4632
0.021998882293701172, 4631
0.021998882293701172, 4630
0.021998882293701172, 4629
0.021998882293701172, 4628
0.021998882293701172, 4627
0.021998882293701172, 4626
0.021998882293701172, 4625
0.021998882293701172, 4624
0.021998882293701172, 4623
0.021998882293701172, 4622
0.021998882293701172, 4621
0.021998882293701172, 4620
0.021998882293701172, 4619
0.021998882293701172, 4618
0.021998882293701172, 4617
0.021998882293701172, 4616
0.021998882293701172, 4615
0.021998882293701172, 4614
0.021998882293701172, 4613
0.021998882293701172, 4612
0.021998882293701172, 4611
0.021998882293701172, 4610
0.021998882293701172, 4609
0.021998882293701172, 4608
0.021998882293701172, 4607
0.021998882293701172, 4606
0.021998882293701172, 4605
0.021998882293701172, 4604
0.021998882293701172, 4603
0.021998882293701172, 4602
0.021998882293701172, 4601
0.021998882293701172, 4600
0.021998882293701172, 4599
0.021998882293701172, 4598
0.021998882293701172, 4597
0.021998882293701172, 4596
0.021998882293701172, 4595
0.022998332977294922, 4594
0.022998332977294922, 4593
0.022998332977294922, 4592
0.022998332977294922, 4591
0.022998332977294922, 4590
0.022998332977294922, 4589
0.022998332977294922, 4588
0.022998332977294922, 4587
0.022998332977294922, 4586
0.022998332977294922, 4585
0.022998332977294922, 4584
0.022998332977294922, 4583
0.022998332977294922, 4582
0.022998332977294922, 4581
0.022998332977294922, 4580
0.022998332977294922, 4579
0.022998332977294922, 4578
0.022998332977294922, 4577
0.022998332977294922, 4576
0.022998332977294922, 4575
0.022998332977294922, 4574
0.022998332977294922, 4573
0.022998332977294922, 4572
0.022998332977294922, 4571
0.022998332977294922, 4570
0.022998332977294922, 4569
0.022998332977294922, 4568
0.060071468353271484, 3357
0.060071468353271484, 3356
0.060071468353271484, 3355
0.060071468353271484, 3354
0.060071468353271484, 3353
0.060071468353271484, 3352
0.060071468353271484, 3351
0.060071468353271484, 3350
0.060071468353271484, 3349
0.060071468353271484, 3348
0.060071468353271484, 3347
0.060071468353271484, 3346
0.060071468353271484, 3345
0.060071468353271484, 3344
0.060071468353271484, 3343
0.060071468353271484, 3342
0.060071468353271484, 3341
0.060071468353271484, 3340
0.060071468353271484, 3339
0.060071468353271484, 3338
0.060071468353271484, 3337
0.060071468353271484, 3336
0.060071468353271484, 3335
0.060071468353271484, 3334
0.060071468353271484, 3333
0.060071468353271484, 3332
0.060071468353271484, 3331
0.060999393463134766, 3330
0.060999393463134766, 3329
0.060999393463134766, 3328
0.060999393463134766, 3327
0.060999393463134766, 3326
0.060999393463134766, 3325
0.060999393463134766, 3324
0.060999393463134766, 3323
0.060999393463134766, 3322
0.060999393463134766, 3321
0.060999393463134766, 3320
0.060999393463134766, 3319
0.060999393463134766, 3318
0.060999393463134766, 3317
0.060999393463134766, 3316
0.060999393463134766, 3315
0.060999393463134766, 3314
0.060999393463134766, 3313
0.06157064437866211, 3312
0.06157064437866211, 3311
0.06157064437866211, 3310
0.06157064437866211, 3309
0.06157064437866211, 3308
0.06157064437866211, 3307
0.06157064437866211, 3306
0.06157064437866211, 3305
0.06157064437866211, 3304
0.06157064437866211, 3303
0.06200051307678223, 3302
0.06200051307678223, 3301
0.06200051307678223, 3300
0.06200051307678223, 3299
0.06200051307678223, 3298
0.06200051307678223, 3297
0.06200051307678223, 3296
0.06200051307678223, 3295
0.06200051307678223, 3294
0.06200051307678223, 3293
0.06200051307678223, 3292
0.06200051307678223, 3291
0.06200051307678223, 3290
0.06200051307678223, 3289
0.06200051307678223, 3288
0.06200051307678223, 3287
0.06200051307678223, 3286
0.06200051307678223, 3285
0.06200051307678223, 3284
0.06200051307678223, 3283
0.06200051307678223, 3282
0.06200051307678223, 3281
0.06200051307678223, 3280
0.06200051307678223, 3279
0.06200051307678223, 3278
0.06200051307678223, 3277
0.06200051307678223, 3276
0.06200051307678223, 3275
0.06200051307678223, 3274
0.06200051307678223, 3273
0.06299829483032227, 3272
0.06299829483032227, 3271
0.06299829483032227, 3270
0.06299829483032227, 3269
0.06299829483032227, 3268
0.06299829483032227, 3267
0.06299829483032227, 3266
0.06299829483032227, 3265
0.06299829483032227, 3264
0.06299829483032227, 3263
0.06299829483032227, 3262
0.06299829483032227, 3261
0.06299829483032227, 3260
0.06299829483032227, 3259
0.06299829483032227, 3258
0.06299829483032227, 3257
0.06299829483032227, 3256
0.06299829483032227, 3255
0.06299829483032227, 3254
0.06299829483032227, 3253
0.06299829483032227, 3252
0.06299829483032227, 3251
0.06299829483032227, 3250
0.06299829483032227, 3249
0.06299829483032227, 3248
0.06299829483032227, 3247
0.06299829483032227, 3246
0.06299829483032227, 3245
0.06299829483032227, 3244
0.06299829483032227, 3243
0.06299829483032227, 3242
0.06299829483032227, 3241
0.06299829483032227, 3240
0.06299829483032227, 3239
0.06399941444396973, 3238
0.06399941444396973, 3237
0.06399941444396973, 3236
0.06399941444396973, 3235
0.06399941444396973, 3234
0.06399941444396973, 3233
0.06399941444396973, 3232
0.06399941444396973, 3231
0.06399941444396973, 3230
0.06399941444396973, 3229
0.06399941444396973, 3228
0.06399941444396973, 3227
0.06399941444396973, 3226
0.06399941444396973, 3225
0.06399941444396973, 3224
0.06399941444396973, 3223
0.06399941444396973, 3222
0.06399941444396973, 3221
0.06399941444396973, 3220
0.06399941444396973, 3219
0.06399941444396973, 3218
0.06399941444396973, 3217
0.06399941444396973, 3216
0.06399941444396973, 3215
0.06399941444396973, 3214
0.06399941444396973, 3213
0.06399941444396973, 3212
0.06399941444396973, 3211
0.06399941444396973, 3210
0.06399941444396973, 3209
0.06399941444396973, 3208
0.06399941444396973, 3207
0.06399941444396973, 3206
0.06499981880187988, 3205
0.06499981880187988, 3204
0.06499981880187988, 3203
0.06499981880187988, 3202
0.06499981880187988, 3201
0.06499981880187988, 3200
0.13812637329101562, 3199
0.13812637329101562, 3198
0.13812637329101562, 3197
0.13812637329101562, 3196
0.13812637329101562, 3195
0.13812637329101562, 3194
0.13812637329101562, 3193
0.13812637329101562, 3192
0.13912653923034668, 3191
0.13912653923034668, 3190
0.13912653923034668, 3189
0.13912653923034668, 3188
0.13912653923034668, 3187
0.13912653923034668, 3186
0.13912653923034668, 3185
0.13912653923034668, 3184
0.13912653923034668, 3183
0.13912653923034668, 3182
0.13912653923034668, 3181
0.13912653923034668, 3180
0.13912653923034668, 3179
0.13912653923034668, 3178
0.13912653923034668, 3177
0.13912653923034668, 3176
0.14012908935546875, 3175
0.14012908935546875, 3174
0.14012908935546875, 3173
0.14012908935546875, 3172
0.14012908935546875, 3171
0.14012908935546875, 3170
0.14012908935546875, 3169
0.14012908935546875, 3168
0.14012908935546875, 3167
0.14012908935546875, 3166
0.14012908935546875, 3165
0.14012908935546875, 3164
0.14012908935546875, 3163
0.14012908935546875, 3162
0.14012908935546875, 3161
0.14012908935546875, 3160
0.14012908935546875, 3159
0.14012908935546875, 3158
0.14012908935546875, 3157
0.14012908935546875, 3156
0.14012908935546875, 3155
0.14012908935546875, 3154
0.14012908935546875, 3153
0.16512823104858398, 3152
0.16512823104858398, 3151
0.16512823104858398, 3150
0.16512823104858398, 3149
0.16512823104858398, 3148
0.16512823104858398, 3147
0.16612887382507324, 3146
0.16612887382507324, 3145
0.16612887382507324, 3144
0.16612887382507324, 3143
0.16612887382507324, 3142
0.16612887382507324, 3141
0.16612887382507324, 3140
0.16612887382507324, 3139
0.16612887382507324, 3138
0.16612887382507324, 3137
1.1908187866210938, 3136
1.1917095184326172, 3135
1.1917095184326172, 3134
1.1917095184326172, 3133
1.1917095184326172, 3132
1.1917095184326172, 3131
2.578655958175659, 3130
2.578655958175659, 3129
2.578655958175659, 3128
2.578655958175659, 3127
5.5945093631744385, 3126
5.5945093631744385, 3125
5.5945093631744385, 3124
5.5945093631744385, 3123
7.047820091247559, 3122
7.047820091247559, 3121
7.047820091247559, 3120
7.047820091247559, 3119
7.047820091247559, 3118
7.047820091247559, 3117
7.047820091247559, 3116
7.047820091247559, 3115
7.047820091247559, 3114
7.047820091247559, 3113
7.047820091247559, 3112
7.047820091247559, 3111
7.047820091247559, 3110
7.047820091247559, 3109
7.0488200187683105, 3108
7.0488200187683105, 3107
7.0488200187683105, 3106
7.0488200187683105, 3105
7.0488200187683105, 3104
7.0488200187683105, 3103
7.0488200187683105, 3102
7.0488200187683105, 3101
7.0488200187683105, 3100
