0.018024682998657227, 4867
0.018024682998657227, 4866
0.018024682998657227, 4865
0.018024682998657227, 4864
0.018024682998657227, 4863
0.018024682998657227, 4862
0.018024682998657227, 4861
0.018024682998657227, 4860
0.018024682998657227, 4859
0.018024682998657227, 4858
0.018024682998657227, 4857
0.018024682998657227, 4856
0.018024682998657227, 4855
0.018024682998657227, 4854
0.018024682998657227, 4853
0.018024682998657227, 4852
0.018024682998657227, 4851
0.018024682998657227, 4850
0.018024682998657227, 4849
0.018024682998657227, 4848
0.018024682998657227, 4847
0.018024682998657227, 4846
0.018024682998657227, 4845
0.018024682998657227, 4844
0.018024682998657227, 4843
0.018024682998657227, 4842
0.018024682998657227, 4841
0.018024682998657227, 4840
0.018024682998657227, 4839
0.018024682998657227, 4838
0.018024682998657227, 4837
0.018024682998657227, 4836
0.018024682998657227, 4835
0.018024682998657227, 4834
0.018024682998657227, 4833
0.018024682998657227, 4832
0.01902604103088379, 4831
0.01902604103088379, 4830
0.01902604103088379, 4829
0.01902604103088379, 4828
0.01902604103088379, 4827
0.01902604103088379, 4826
0.01902604103088379, 4825
0.01902604103088379, 4824
0.01902604103088379, 4823
0.01902604103088379, 4822
0.01902604103088379, 4821
0.01902604103088379, 4820
0.01902604103088379, 4819
0.01902604103088379, 4818
0.01902604103088379, 4817
0.01902604103088379, 4816
0.01902604103088379, 4815
0.01902604103088379, 4814
0.01902604103088379, 4813
0.01902604103088379, 4812
0.01902604103088379, 4811
0.01902604103088379, 4810
0.01902604103088379, 4809
0.01902604103088379, 4808
0.01902604103088379, 4807
0.01902604103088379, 4806
0.01902604103088379, 4805
0.01902604103088379, 4804
0.01902604103088379, 4803
0.01902604103088379, 4802
0.01902604103088379, 4801
0.01902604103088379, 4800
0.01902604103088379, 4799
0.01902604103088379, 4798
0.01902604103088379, 4797
0.01902604103088379, 4796
0.01902604103088379, 4795
0.01902604103088379, 4794
0.01902604103088379, 4793
0.01902604103088379, 4792
0.01902604103088379, 4791
0.01902604103088379, 4790
0.01902604103088379, 4789
0.01902604103088379, 4788
0.01902604103088379, 4787
0.01902604103088379, 4786
0.020025014877319336, 4785
0.020025014877319336, 4784
0.020025014877319336, 4783
0.020025014877319336, 4782
0.020025014877319336, 4781
0.020025014877319336, 4780
0.020025014877319336, 4779
0.020025014877319336, 4778
0.020025014877319336, 4777
0.020025014877319336, 4776
0.020025014877319336, 4775
0.020025014877319336, 4774
0.020025014877319336, 4773
0.020025014877319336, 4772
0.020025014877319336, 4771
0.020025014877319336, 4770
0.020025014877319336, 4769
0.020025014877319336, 4768
0.020025014877319336, 4767
0.020025014877319336, 4766
0.020025014877319336, 4765
0.020025014877319336, 4764
0.020025014877319336, 4763
0.020025014877319336, 4762
0.020025014877319336, 4761
0.020025014877319336, 4760
0.020025014877319336, 4759
0.020025014877319336, 4758
0.020025014877319336, 4757
0.020025014877319336, 4756
0.020025014877319336, 4755
0.020025014877319336, 4754
0.020025014877319336, 4753
0.020025014877319336, 4752
0.020025014877319336, 4751
0.020025014877319336, 4750
0.020025014877319336, 4749
0.020025014877319336, 4748
0.020882129669189453, 4747
0.020882129669189453, 4746
0.020882129669189453, 4745
0.020882129669189453, 4744
0.020882129669189453, 4743
0.020882129669189453, 4742
0.021025419235229492, 4741
0.021025419235229492, 4740
0.021025419235229492, 4739
0.021025419235229492, 4738
0.021025419235229492, 4737
0.021025419235229492, 4736
0.021025419235229492, 4735
0.021025419235229492, 4734
0.021025419235229492, 4733
0.021025419235229492, 4732
0.021025419235229492, 4731
0.021025419235229492, 4730
0.021025419235229492, 4729
0.021025419235229492, 4728
0.021025419235229492, 4727
0.021025419235229492, 4726
0.021025419235229492, 4725
0.021025419235229492, 4724
0.021025419235229492, 4723
0.021025419235229492, 4722
0.021025419235229492, 4721
0.021025419235229492, 4720
0.021025419235229492, 4719
0.021025419235229492, 4718
0.021025419235229492, 4717
0.021025419235229492, 4716
0.021025419235229492, 4715
0.021025419235229492, 4714
0.021025419235229492, 4713
0.021025419235229492, 4712
0.021025419235229492, 4711
0.021025419235229492, 4710
0.021025419235229492, 4709
0.021025419235229492, 4708
0.021025419235229492, 4707
0.021025419235229492, 4706
0.021025419235229492, 4705
0.021025419235229492, 4704
0.021025419235229492, 4703
0.021025419235229492, 4702
0.021025419235229492, 4701
0.021025419235229492, 4700
0.021025419235229492, 4699
0.021025419235229492, 4698
0.021025419235229492, 4697
0.02202582359313965, 4696
0.02202582359313965, 4695
0.02202582359313965, 4694
0.02202582359313965, 4693
0.02202582359313965, 4692
0.02202582359313965, 4691
0.02202582359313965, 4690
0.02202582359313965, 4689
0.02202582359313965, 4688
0.02202582359313965, 4687
0.02202582359313965, 4686
0.02202582359313965, 4685
0.02202582359313965, 4684
0.02202582359313965, 4683
0.02202582359313965, 4682
0.02202582359313965, 4681
0.02202582359313965, 4680
0.02202582359313965, 4679
0.02202582359313965, 4678
0.02202582359313965, 4677
0.02202582359313965, 4676
0.02202582359313965, 4675
0.02202582359313965, 4674
0.02202582359313965, 4673
0.02202582359313965, 4672
0.02202582359313965, 4671
0.02202582359313965, 4670
0.02202582359313965, 4669
0.02202582359313965, 4668
0.02202582359313965, 4667
0.02202582359313965, 4666
0.02202582359313965, 4665
0.02202582359313965, 4664
0.02202582359313965, 4663
0.02202582359313965, 4662
0.02202582359313965, 4661
0.02202582359313965, 4660
0.02202582359313965, 4659
0.02202582359313965, 4646
0.02202582359313965, 4645
0.02202582359313965, 4644
0.02202582359313965, 4643
0.02202582359313965, 4642
0.023025035858154297, 4641
0.023025035858154297, 4640
0.023025035858154297, 4639
0.023025035858154297, 4638
0.023025035858154297, 4637
0.023025035858154297, 4636
0.023025035858154297, 4635
0.023025035858154297, 4634
0.023025035858154297, 4633
0.023025035858154297, 4632
0.023025035858154297, 4631
0.023025035858154297, 4630
0.023025035858154297, 4629
0.023025035858154297, 4628
0.023025035858154297, 4627
0.023025035858154297, 4626
0.023025035858154297, 4625
0.023025035858154297, 4624
0.023025035858154297, 4623
0.023025035858154297, 4622
0.023025035858154297, 4621
0.023025035858154297, 4620
0.023025035858154297, 4619
0.023025035858154297, 4618
0.023025035858154297, 4617
0.023025035858154297, 4616
0.023025035858154297, 4615
0.023025035858154297, 4614
0.023025035858154297, 4613
0.023025035858154297, 4612
0.023025035858154297, 4611
0.023025035858154297, 4610
0.023025035858154297, 4609
0.023025035858154297, 4608
0.023025035858154297, 4607
0.023025035858154297, 4606
0.023025035858154297, 4605
0.023025035858154297, 4604
0.023025035858154297, 4603
0.023025035858154297, 4602
0.023025035858154297, 4601
0.023025035858154297, 4600
0.023025035858154297, 4599
0.023025035858154297, 4598
0.02402520179748535, 4597
0.02402520179748535, 4596
0.02402520179748535, 4595
0.02402520179748535, 4594
0.02402520179748535, 4593
0.02402520179748535, 4592
0.02402520179748535, 4591
0.02402520179748535, 4590
0.02402520179748535, 4589
0.02402520179748535, 4588
0.02402520179748535, 4587
0.02402520179748535, 4586
0.02402520179748535, 4585
0.02402520179748535, 4584
0.02402520179748535, 4583
0.02402520179748535, 4582
0.02402520179748535, 4581
0.02402520179748535, 4580
0.02402520179748535, 4579
0.02402520179748535, 4578
0.02402520179748535, 4577
0.02402520179748535, 4576
0.02402520179748535, 4575
0.02402520179748535, 4574
0.02402520179748535, 4573
0.040026187896728516, 3183
0.040026187896728516, 3182
0.040026187896728516, 3181
0.040026187896728516, 3180
0.040026187896728516, 3179
0.040026187896728516, 3178
0.04102611541748047, 3177
0.04102611541748047, 3176
0.04102611541748047, 3175
0.04102611541748047, 3174
0.04102611541748047, 3173
0.04102611541748047, 3172
0.04102611541748047, 3171
0.04102611541748047, 3170
0.04102611541748047, 3169
0.04102611541748047, 3168
0.04102611541748047, 3167
0.04102611541748047, 3166
0.04102611541748047, 3165
0.04102611541748047, 3164
0.04102611541748047, 3163
0.04102611541748047, 3162
0.04102611541748047, 3161
0.04102611541748047, 3160
0.04102611541748047, 3159
0.04102611541748047, 3158
0.04102611541748047, 3157
0.04102611541748047, 3156
0.04102611541748047, 3155
0.04102611541748047, 3154
0.37678098678588867, 3153
0.37678098678588867, 3152
0.37678098678588867, 3151
0.37678098678588867, 3150
0.37778258323669434, 3149
0.8356473445892334, 3148
0.8366451263427734, 3147
0.8366451263427734, 3146
0.8366451263427734, 3145
1.6528582572937012, 3144
1.6528582572937012, 3143
1.6528582572937012, 3142
1.6528582572937012, 3141
3.403287887573242, 3140
3.403287887573242, 3139
3.403287887573242, 3138
3.403287887573242, 3137
3.403287887573242, 3136
3.4043169021606445, 3135
3.4043169021606445, 3134
3.4043169021606445, 3133
3.4043169021606445, 3132
3.4043169021606445, 3131
3.4043169021606445, 3130
3.4043169021606445, 3129
3.4043169021606445, 3128
3.4043169021606445, 3127
3.4043169021606445, 3126
3.4043169021606445, 3125
3.4043169021606445, 3124
3.4043169021606445, 3123
3.4043169021606445, 3122
4.01846170425415, 3121
4.01846170425415, 3120
4.01846170425415, 3119
4.01846170425415, 3118
