0.016927242279052734, 4901
0.016927242279052734, 4900
0.016927242279052734, 4899
0.016927242279052734, 4898
0.016927242279052734, 4897
0.016927242279052734, 4896
0.016927242279052734, 4895
0.016927242279052734, 4894
0.016927242279052734, 4893
0.016927242279052734, 4892
0.016927242279052734, 4891
0.016927242279052734, 4890
0.016927242279052734, 4889
0.016927242279052734, 4888
0.016927242279052734, 4887
0.016927242279052734, 4886
0.016927242279052734, 4885
0.016927242279052734, 4884
0.016927242279052734, 4883
0.016927242279052734, 4882
0.016927242279052734, 4881
0.016927242279052734, 4880
0.016927242279052734, 4879
0.016927242279052734, 4878
0.016927242279052734, 4877
0.016927242279052734, 4876
0.016927242279052734, 4875
0.016927242279052734, 4874
0.016927242279052734, 4873
0.016927242279052734, 4872
0.016927242279052734, 4871
0.016927242279052734, 4870
0.016927242279052734, 4869
0.016927242279052734, 4868
0.016927242279052734, 4867
0.016927242279052734, 4866
0.016927242279052734, 4865
0.016927242279052734, 4864
0.016927242279052734, 4863
0.016927242279052734, 4862
0.016927242279052734, 4861
0.016927242279052734, 4860
0.01792764663696289, 4859
0.01792764663696289, 4858
0.01792764663696289, 4857
0.01792764663696289, 4856
0.01792764663696289, 4855
0.01792764663696289, 4854
0.01792764663696289, 4853
0.01792764663696289, 4852
0.01792764663696289, 4851
0.01792764663696289, 4850
0.01792764663696289, 4849
0.01792764663696289, 4848
0.01792764663696289, 4847
0.01792764663696289, 4846
0.01792764663696289, 4845
0.01792764663696289, 4844
0.01792764663696289, 4843
0.01792764663696289, 4842
0.01792764663696289, 4841
0.01792764663696289, 4840
0.01792764663696289, 4839
0.01792764663696289, 4838
0.01792764663696289, 4837
0.01792764663696289, 4836
0.01792764663696289, 4835
0.01792764663696289, 4834
0.01792764663696289, 4833
0.01792764663696289, 4832
0.01792764663696289, 4831
0.01792764663696289, 4830
0.01792764663696289, 4829
0.01792764663696289, 4828
0.01792764663696289, 4827
0.01792764663696289, 4826
0.01792764663696289, 4825
0.01792764663696289, 4824
0.01792764663696289, 4823
0.01792764663696289, 4822
0.01792764663696289, 4821
0.01792764663696289, 4820
0.01792764663696289, 4819
0.01792764663696289, 4818
0.01792764663696289, 4817
0.01792764663696289, 4816
0.01792764663696289, 4815
0.01892685890197754, 4814
0.01892685890197754, 4813
0.01892685890197754, 4812
0.01892685890197754, 4811
0.01892685890197754, 4810
0.01892685890197754, 4809
0.01892685890197754, 4808
0.01892685890197754, 4807
0.01892685890197754, 4806
0.019153118133544922, 4805
0.019153118133544922, 4804
0.019153118133544922, 4803
0.019153118133544922, 4802
0.019153118133544922, 4801
0.019153118133544922, 4800
0.019153118133544922, 4799
0.019153118133544922, 4798
0.019153118133544922, 4797
0.019153118133544922, 4796
0.019153118133544922, 4795
0.019153118133544922, 4794
0.019153118133544922, 4793
0.019153118133544922, 4792
0.019153118133544922, 4791
0.019153118133544922, 4790
0.019153118133544922, 4789
0.019153118133544922, 4788
0.019153118133544922, 4787
0.019153118133544922, 4786
0.019153118133544922, 4785
0.019153118133544922, 4784
0.019153118133544922, 4783
0.019153118133544922, 4782
0.019153118133544922, 4781
0.019153118133544922, 4780
0.019153118133544922, 4779
0.019153118133544922, 4778
0.019153118133544922, 4777
0.019153118133544922, 4776
0.019153118133544922, 4775
0.019153118133544922, 4774
0.019153118133544922, 4773
0.019153118133544922, 4772
0.019153118133544922, 4771
0.019927978515625, 4770
0.019927978515625, 4769
0.019927978515625, 4768
0.019927978515625, 4767
0.019927978515625, 4766
0.019927978515625, 4765
0.019927978515625, 4764
0.019927978515625, 4763
0.019927978515625, 4762
0.019927978515625, 4761
0.019927978515625, 4760
0.019927978515625, 4759
0.019927978515625, 4758
0.019927978515625, 4757
0.019927978515625, 4756
0.019927978515625, 4755
0.019927978515625, 4754
0.019927978515625, 4753
0.019927978515625, 4752
0.019927978515625, 4751
0.019927978515625, 4750
0.019927978515625, 4749
0.019927978515625, 4748
0.019927978515625, 4747
0.019927978515625, 4746
0.019927978515625, 4745
0.019927978515625, 4744
0.019927978515625, 4743
0.019927978515625, 4742
0.019927978515625, 4741
0.019927978515625, 4740
0.019927978515625, 4739
0.019927978515625, 4738
0.019927978515625, 4737
0.019927978515625, 4736
0.019927978515625, 4735
0.019927978515625, 4734
0.019927978515625, 4733
0.019927978515625, 4732
0.019927978515625, 4731
0.019927978515625, 4730
0.019927978515625, 4729
0.019927978515625, 4728
0.019927978515625, 4727
0.019927978515625, 4726
0.020928144454956055, 4725
0.020928144454956055, 4724
0.020928144454956055, 4723
0.020928144454956055, 4722
0.020928144454956055, 4721
0.020928144454956055, 4720
0.020928144454956055, 4719
0.020928144454956055, 4718
0.020928144454956055, 4717
0.020928144454956055, 4716
0.020928144454956055, 4715
0.020928144454956055, 4714
0.020928144454956055, 4713
0.020928144454956055, 4712
0.020928144454956055, 4711
0.020928144454956055, 4710
0.020928144454956055, 4709
0.020928144454956055, 4708
0.020928144454956055, 4707
0.020928144454956055, 4706
0.020928144454956055, 4705
0.020928144454956055, 4704
0.020928144454956055, 4703
0.020928144454956055, 4702
0.020928144454956055, 4701
0.020928144454956055, 4700
0.020928144454956055, 4699
0.020928144454956055, 4698
0.020928144454956055, 4697
0.020928144454956055, 4696
0.020928144454956055, 4695
0.020928144454956055, 4694
0.020928144454956055, 4693
0.020928144454956055, 4692
0.020928144454956055, 4691
0.020928144454956055, 4690
0.020928144454956055, 4689
0.020928144454956055, 4688
0.020928144454956055, 4687
0.020928144454956055, 4686
0.020928144454956055, 4685
0.020928144454956055, 4684
0.020928144454956055, 4683
0.020928144454956055, 4682
0.021960735321044922, 4681
0.021960735321044922, 4680
0.021960735321044922, 4679
0.021960735321044922, 4678
0.021960735321044922, 4677
0.021960735321044922, 4676
0.021960735321044922, 4675
0.021960735321044922, 4674
0.021960735321044922, 4673
0.021960735321044922, 4672
0.021960735321044922, 4671
0.021960735321044922, 4670
0.021960735321044922, 4669
0.021960735321044922, 4668
0.021960735321044922, 4667
0.021960735321044922, 4666
0.021960735321044922, 4665
0.021960735321044922, 4664
0.021960735321044922, 4663
0.021960735321044922, 4662
0.021960735321044922, 4661
0.021960735321044922, 4660
0.021960735321044922, 4659
0.021960735321044922, 4658
0.021960735321044922, 4657
0.021960735321044922, 4656
0.021960735321044922, 4655
0.021960735321044922, 4654
0.021960735321044922, 4653
0.021960735321044922, 4652
0.021960735321044922, 4651
0.021960735321044922, 4650
0.021960735321044922, 4649
0.021960735321044922, 4648
0.021960735321044922, 4647
0.021960735321044922, 4646
0.021960735321044922, 4645
0.021960735321044922, 4644
0.021960735321044922, 4643
0.021960735321044922, 4642
0.021960735321044922, 4641
0.021960735321044922, 4640
0.021960735321044922, 4639
0.021960735321044922, 4638
0.02296304702758789, 4637
0.02296304702758789, 4636
0.02296304702758789, 4635
0.02296304702758789, 4634
0.02296304702758789, 4633
0.02296304702758789, 4632
0.02296304702758789, 4631
0.02296304702758789, 4630
0.02296304702758789, 4629
0.02296304702758789, 4628
0.02296304702758789, 4627
0.02296304702758789, 4626
0.02296304702758789, 4625
0.02296304702758789, 4624
0.02296304702758789, 4623
0.02296304702758789, 4622
0.02296304702758789, 4621
0.02296304702758789, 4620
0.02296304702758789, 4619
0.02296304702758789, 4618
0.02296304702758789, 4617
0.02296304702758789, 4616
0.02296304702758789, 4615
0.02296304702758789, 4614
0.02296304702758789, 4613
0.02296304702758789, 4612
0.02296304702758789, 4611
0.02296304702758789, 4610
0.02296304702758789, 4609
0.02296304702758789, 4608
0.02296304702758789, 4607
0.02296304702758789, 4606
0.02296304702758789, 4605
0.02296304702758789, 4604
0.02296304702758789, 4603
0.02296304702758789, 4602
0.02296304702758789, 4601
0.02296304702758789, 4600
0.02296304702758789, 4599
0.02296304702758789, 4598
0.02296304702758789, 4597
0.02296304702758789, 4596
0.02396106719970703, 4595
0.02396106719970703, 4594
0.02396106719970703, 4593
0.02396106719970703, 4592
0.02396106719970703, 4591
0.02396106719970703, 4590
0.02396106719970703, 4589
0.02396106719970703, 4588
0.02396106719970703, 4587
0.02396106719970703, 4586
0.02396106719970703, 4585
0.02396106719970703, 4584
0.0992128849029541, 4292
0.0992128849029541, 4291
0.0992128849029541, 4290
0.0992128849029541, 4289
0.0992128849029541, 4288
0.0992128849029541, 4287
0.0992128849029541, 4286
0.0992128849029541, 4285
0.0992128849029541, 4284
0.0992128849029541, 4283
0.0992128849029541, 4282
0.0992128849029541, 4281
0.0992128849029541, 4280
0.0992128849029541, 4279
0.0992128849029541, 4278
0.0992128849029541, 4277
0.0992128849029541, 4276
0.0992128849029541, 4275
0.0992128849029541, 4274
0.0992128849029541, 4273
0.0992128849029541, 4272
0.0992128849029541, 4271
0.0992128849029541, 4270
0.0992128849029541, 4269
0.0992128849029541, 4268
0.0992128849029541, 4267
0.0992128849029541, 4266
0.0992128849029541, 4265
0.10021305084228516, 4264
0.10021305084228516, 4263
0.10021305084228516, 4262
0.10021305084228516, 4261
0.10021305084228516, 4260
0.10021305084228516, 4259
0.10021305084228516, 4258
0.10021305084228516, 4257
0.10021305084228516, 4256
0.10021305084228516, 4255
0.10021305084228516, 4254
0.10021305084228516, 4253
0.10021305084228516, 4252
0.10021305084228516, 4251
0.10021305084228516, 4250
0.10021305084228516, 4249
0.10021305084228516, 4248
0.10021305084228516, 4247
0.10021305084228516, 4246
0.10021305084228516, 4245
0.10021305084228516, 4244
0.10021305084228516, 4243
0.10021305084228516, 4242
0.10021305084228516, 4241
0.10021305084228516, 4240
0.10021305084228516, 4239
0.10021305084228516, 4238
0.10021305084228516, 4237
0.10021305084228516, 4236
0.10021305084228516, 4235
0.10021305084228516, 4234
0.10021305084228516, 4233
0.10021305084228516, 4232
0.10021305084228516, 4231
0.10021305084228516, 4230
0.10021305084228516, 4229
0.10021305084228516, 4228
0.10021305084228516, 4227
0.10021305084228516, 4226
0.10021305084228516, 4225
0.10021305084228516, 4224
0.10021305084228516, 4223
0.10121273994445801, 4222
0.10121273994445801, 4221
0.10121273994445801, 4220
0.10121273994445801, 4219
0.10121273994445801, 4218
0.10121273994445801, 4217
0.11121201515197754, 3410
0.11121201515197754, 3409
0.11121201515197754, 3408
0.11121201515197754, 3407
0.11121201515197754, 3406
0.11121201515197754, 3405
0.11121201515197754, 3404
0.11121201515197754, 3403
0.11121201515197754, 3402
0.11121201515197754, 3401
0.11121201515197754, 3400
0.11121201515197754, 3399
0.11121201515197754, 3398
0.11206746101379395, 3397
0.11206746101379395, 3396
0.1122126579284668, 3395
0.1122126579284668, 3394
0.1122126579284668, 3393
0.1122126579284668, 3392
0.1122126579284668, 3391
0.1122126579284668, 3390
0.1122126579284668, 3389
0.1122126579284668, 3388
0.1122126579284668, 3387
0.1122126579284668, 3386
0.1122126579284668, 3385
0.1122126579284668, 3384
0.1122126579284668, 3383
0.1122126579284668, 3382
0.1122126579284668, 3381
0.1122126579284668, 3380
0.1122126579284668, 3379
0.1122126579284668, 3378
0.1122126579284668, 3377
0.1122126579284668, 3376
0.11321234703063965, 3375
0.11321234703063965, 3374
0.11321234703063965, 3373
0.11321234703063965, 3372
0.11321234703063965, 3371
0.11321234703063965, 3370
0.11321234703063965, 3369
0.11321234703063965, 3368
0.11321234703063965, 3367
0.11321234703063965, 3366
0.11321234703063965, 3365
0.11321234703063965, 3364
0.11321234703063965, 3363
0.11321234703063965, 3362
0.11321234703063965, 3361
0.11321234703063965, 3360
0.11321234703063965, 3359
0.11321234703063965, 3358
0.11321234703063965, 3357
0.11321234703063965, 3356
0.11321234703063965, 3355
0.11321234703063965, 3354
0.1142122745513916, 3353
0.1142122745513916, 3352
0.1142122745513916, 3351
0.1142122745513916, 3350
0.1142122745513916, 3349
0.1142122745513916, 3348
0.1142122745513916, 3347
0.1142122745513916, 3346
0.1142122745513916, 3345
0.1142122745513916, 3344
0.1142122745513916, 3343
0.1142122745513916, 3342
0.1142122745513916, 3341
0.1142122745513916, 3340
0.1142122745513916, 3339
0.1142122745513916, 3338
0.1142122745513916, 3337
0.1142122745513916, 3336
0.1142122745513916, 3335
0.1142122745513916, 3334
0.1142122745513916, 3333
0.1142122745513916, 3332
0.1142122745513916, 3331
0.1142122745513916, 3330
0.1142122745513916, 3329
0.1142122745513916, 3328
0.1142122745513916, 3327
0.1142122745513916, 3326
0.1142122745513916, 3325
0.1142122745513916, 3324
0.11521267890930176, 3323
0.11521267890930176, 3322
0.11521267890930176, 3321
0.11521267890930176, 3320
0.11521267890930176, 3319
0.11521267890930176, 3318
0.11521267890930176, 3317
0.11521267890930176, 3316
0.11521267890930176, 3315
0.11521267890930176, 3314
0.11521267890930176, 3313
0.11521267890930176, 3312
0.11521267890930176, 3311
0.11521267890930176, 3310
0.11521267890930176, 3309
0.11521267890930176, 3308
0.11521267890930176, 3307
0.11521267890930176, 3306
0.11521267890930176, 3305
0.11521267890930176, 3304
0.11521267890930176, 3303
0.11521267890930176, 3302
0.11521267890930176, 3301
0.11521267890930176, 3300
0.11521267890930176, 3299
0.11521267890930176, 3298
0.11521267890930176, 3297
0.11521267890930176, 3296
0.11521267890930176, 3295
0.11521267890930176, 3294
0.11521267890930176, 3293
0.11521267890930176, 3292
0.11521267890930176, 3291
0.11621260643005371, 3290
0.11621260643005371, 3289
0.11621260643005371, 3288
0.11621260643005371, 3287
0.11621260643005371, 3286
0.11621260643005371, 3285
0.11621260643005371, 3284
0.11621260643005371, 3283
0.11621260643005371, 3282
0.11621260643005371, 3281
0.11621260643005371, 3280
0.11621260643005371, 3279
0.11621260643005371, 3278
0.11621260643005371, 3277
0.11621260643005371, 3276
0.11621260643005371, 3275
0.11621260643005371, 3274
0.11621260643005371, 3273
0.11621260643005371, 3272
0.11621260643005371, 3271
0.11621260643005371, 3270
0.11621260643005371, 3269
0.11621260643005371, 3268
0.11621260643005371, 3267
0.11621260643005371, 3266
0.11621260643005371, 3265
0.11621260643005371, 3264
0.11621260643005371, 3263
0.11621260643005371, 3262
0.11621260643005371, 3261
0.11621260643005371, 3260
0.11621260643005371, 3259
0.11721229553222656, 3258
0.11721229553222656, 3257
0.11721229553222656, 3256
0.11721229553222656, 3255
0.11721229553222656, 3254
0.11721229553222656, 3253
0.11721229553222656, 3252
0.11721229553222656, 3251
0.11721229553222656, 3250
0.11721229553222656, 3249
0.11721229553222656, 3248
0.11721229553222656, 3247
0.11721229553222656, 3246
0.11721229553222656, 3245
0.11721229553222656, 3244
0.11767864227294922, 3243
0.11767864227294922, 3242
0.11767864227294922, 3241
0.11767864227294922, 3240
0.11767864227294922, 3239
0.11767864227294922, 3238
0.11767864227294922, 3237
0.11767864227294922, 3236
0.11767864227294922, 3235
0.11767864227294922, 3234
0.11767864227294922, 3233
0.11767864227294922, 3232
0.11767864227294922, 3231
0.11767864227294922, 3230
0.11767864227294922, 3229
0.11767864227294922, 3228
0.11767864227294922, 3227
0.11767864227294922, 3226
0.11767864227294922, 3225
0.11821269989013672, 3224
0.11821269989013672, 3223
0.11821269989013672, 3222
0.11821269989013672, 3221
0.11821269989013672, 3220
0.11821269989013672, 3219
0.11821269989013672, 3218
0.11821269989013672, 3217
0.11821269989013672, 3216
0.11821269989013672, 3215
0.11821269989013672, 3214
0.11821269989013672, 3213
0.11821269989013672, 3212
0.11821269989013672, 3211
0.11821269989013672, 3210
0.11821269989013672, 3209
0.11821269989013672, 3208
0.11821269989013672, 3207
0.11821269989013672, 3206
0.11821269989013672, 3205
0.11821269989013672, 3204
0.11821269989013672, 3203
0.11821269989013672, 3202
0.11821269989013672, 3201
0.11821269989013672, 3200
0.11821269989013672, 3199
0.11821269989013672, 3198
0.11821269989013672, 3197
0.11821269989013672, 3196
0.11821269989013672, 3195
0.11821269989013672, 3194
0.11821269989013672, 3193
0.11821269989013672, 3192
0.11914229393005371, 3191
0.11914229393005371, 3190
0.11921477317810059, 3189
0.11921477317810059, 3188
0.11921477317810059, 3187
0.11921477317810059, 3186
0.11921477317810059, 3185
0.11921477317810059, 3184
0.11921477317810059, 3183
0.11921477317810059, 3182
0.11921477317810059, 3181
0.11921477317810059, 3180
0.11921477317810059, 3179
0.11921477317810059, 3178
0.11921477317810059, 3177
0.11921477317810059, 3176
0.11921477317810059, 3175
0.11921477317810059, 3174
0.11921477317810059, 3173
0.11921477317810059, 3172
0.11921477317810059, 3171
0.11921477317810059, 3170
0.11921477317810059, 3169
0.11921477317810059, 3168
0.11921477317810059, 3167
0.11921477317810059, 3166
0.11921477317810059, 3165
0.11921477317810059, 3164
0.11921477317810059, 3163
0.11921477317810059, 3162
0.11921477317810059, 3161
0.11921477317810059, 3160
0.11921477317810059, 3159
0.11921477317810059, 3158
0.11921477317810059, 3157
0.11921477317810059, 3156
0.273221492767334, 3155
0.273221492767334, 3154
0.273221492767334, 3153
0.273221492767334, 3152
0.273221492767334, 3151
0.273221492767334, 3150
0.273221492767334, 3149
0.273221492767334, 3148
0.273221492767334, 3147
0.273221492767334, 3146
0.273221492767334, 3145
0.273221492767334, 3144
0.273221492767334, 3143
0.273221492767334, 3142
0.273221492767334, 3141
0.273221492767334, 3140
0.273221492767334, 3139
0.273221492767334, 3138
0.273221492767334, 3137
0.273221492767334, 3136
0.273221492767334, 3135
0.273221492767334, 3134
0.273221492767334, 3133
0.273221492767334, 3132
0.273221492767334, 3131
0.273221492767334, 3130
0.273221492767334, 3129
0.273221492767334, 3128
0.273221492767334, 3127
0.273221492767334, 3126
0.273221492767334, 3125
0.273221492767334, 3124
0.273221492767334, 3123
0.27422595024108887, 3122
0.27422595024108887, 3121
0.27422595024108887, 3120
0.27422595024108887, 3119
0.27422595024108887, 3118
0.27422595024108887, 3117
0.27422595024108887, 3116
0.27422595024108887, 3115
0.27422595024108887, 3114
0.27422595024108887, 3113
0.27422595024108887, 3112
0.27422595024108887, 3111
0.27422595024108887, 3110
0.27422595024108887, 3109
