0.021820068359375, 4900
0.021820068359375, 4899
0.021820068359375, 4898
0.021820068359375, 4897
0.021820068359375, 4896
0.021820068359375, 4895
0.021820068359375, 4894
0.021820068359375, 4893
0.021820068359375, 4892
0.021820068359375, 4891
0.021820068359375, 4890
0.021820068359375, 4889
0.021820068359375, 4888
0.021820068359375, 4887
0.021820068359375, 4886
0.021820068359375, 4885
0.021820068359375, 4884
0.021820068359375, 4883
0.021820068359375, 4882
0.021820068359375, 4881
0.02281951904296875, 4880
0.02281951904296875, 4879
0.02281951904296875, 4878
0.02281951904296875, 4877
0.02281951904296875, 4876
0.02281951904296875, 4875
0.02281951904296875, 4874
0.02281951904296875, 4873
0.02281951904296875, 4872
0.02281951904296875, 4871
0.02281951904296875, 4870
0.02281951904296875, 4869
0.02281951904296875, 4868
0.02281951904296875, 4867
0.02281951904296875, 4866
0.02281951904296875, 4865
0.02281951904296875, 4864
0.02281951904296875, 4863
0.02281951904296875, 4862
0.02281951904296875, 4861
0.02281951904296875, 4860
0.02281951904296875, 4859
0.02281951904296875, 4858
0.02281951904296875, 4857
0.02281951904296875, 4856
0.02281951904296875, 4855
0.02281951904296875, 4854
0.02281951904296875, 4853
0.02281951904296875, 4852
0.02281951904296875, 4851
0.02281951904296875, 4850
0.02281951904296875, 4849
0.02281951904296875, 4848
0.02281951904296875, 4847
0.02281951904296875, 4846
0.02281951904296875, 4845
0.02281951904296875, 4844
0.023819684982299805, 4843
0.023819684982299805, 4842
0.023819684982299805, 4841
0.023819684982299805, 4840
0.023819684982299805, 4839
0.023819684982299805, 4838
0.023819684982299805, 4837
0.023819684982299805, 4836
0.023819684982299805, 4835
0.023819684982299805, 4834
0.023819684982299805, 4833
0.023819684982299805, 4832
0.023819684982299805, 4831
0.023819684982299805, 4830
0.023819684982299805, 4829
0.023819684982299805, 4828
0.023819684982299805, 4827
0.023819684982299805, 4826
0.023819684982299805, 4825
0.023819684982299805, 4824
0.023819684982299805, 4823
0.023819684982299805, 4822
0.023819684982299805, 4821
0.023819684982299805, 4820
0.023819684982299805, 4819
0.023819684982299805, 4818
0.023819684982299805, 4817
0.0245664119720459, 4816
0.0245664119720459, 4815
0.0245664119720459, 4814
0.0245664119720459, 4813
0.0245664119720459, 4812
0.0245664119720459, 4811
0.0245664119720459, 4810
0.0245664119720459, 4809
0.0245664119720459, 4808
0.0245664119720459, 4807
0.0245664119720459, 4806
0.0245664119720459, 4805
0.0245664119720459, 4804
0.0245664119720459, 4803
0.0245664119720459, 4802
0.0245664119720459, 4801
0.0245664119720459, 4800
0.0245664119720459, 4799
0.0245664119720459, 4798
0.0245664119720459, 4797
0.0245664119720459, 4796
0.0245664119720459, 4795
0.0245664119720459, 4794
0.0245664119720459, 4793
0.0245664119720459, 4792
0.0245664119720459, 4791
0.0245664119720459, 4790
0.0245664119720459, 4789
0.0245664119720459, 4788
0.0245664119720459, 4787
0.0245664119720459, 4786
0.0245664119720459, 4785
0.0245664119720459, 4784
0.0245664119720459, 4783
0.0245664119720459, 4782
0.0245664119720459, 4781
0.0245664119720459, 4780
0.0245664119720459, 4779
0.0245664119720459, 4778
0.02557539939880371, 4777
0.02557539939880371, 4776
0.02557539939880371, 4775
0.02557539939880371, 4774
0.02557539939880371, 4773
0.02557539939880371, 4772
0.02557539939880371, 4771
0.025748491287231445, 4770
0.025748491287231445, 4769
0.025748491287231445, 4768
0.025748491287231445, 4767
0.025748491287231445, 4766
0.025748491287231445, 4765
0.025748491287231445, 4764
0.025748491287231445, 4763
0.025748491287231445, 4762
0.025748491287231445, 4761
0.025748491287231445, 4760
0.025748491287231445, 4759
0.025748491287231445, 4758
0.025748491287231445, 4757
0.025748491287231445, 4756
0.025748491287231445, 4755
0.025748491287231445, 4754
0.025748491287231445, 4753
0.025748491287231445, 4752
0.025748491287231445, 4751
0.025748491287231445, 4750
0.025748491287231445, 4749
0.025748491287231445, 4748
0.025748491287231445, 4747
0.025748491287231445, 4746
0.025748491287231445, 4745
0.025748491287231445, 4744
0.025748491287231445, 4743
0.025748491287231445, 4742
0.025748491287231445, 4741
0.025748491287231445, 4740
0.025748491287231445, 4739
0.025748491287231445, 4738
0.026575326919555664, 4737
0.026575326919555664, 4736
0.026575326919555664, 4735
0.026575326919555664, 4734
0.026575326919555664, 4733
0.026575326919555664, 4732
0.026575326919555664, 4731
0.026575326919555664, 4730
0.026575326919555664, 4729
0.026575326919555664, 4728
0.026575326919555664, 4727
0.026575326919555664, 4726
0.026575326919555664, 4725
0.026575326919555664, 4724
0.026575326919555664, 4723
0.026575326919555664, 4722
0.026575326919555664, 4721
0.026575326919555664, 4720
0.026575326919555664, 4719
0.026575326919555664, 4718
0.026575326919555664, 4717
0.026575326919555664, 4716
0.026575326919555664, 4715
0.026575326919555664, 4714
0.026575326919555664, 4713
0.026575326919555664, 4712
0.026575326919555664, 4711
0.026575326919555664, 4710
0.026575326919555664, 4709
0.026575326919555664, 4708
0.026575326919555664, 4707
0.026575326919555664, 4706
0.026575326919555664, 4705
0.02757549285888672, 4704
0.02757549285888672, 4703
0.02757549285888672, 4702
0.02757549285888672, 4701
0.027731895446777344, 4700
0.027731895446777344, 4699
0.027731895446777344, 4698
0.027731895446777344, 4697
0.027731895446777344, 4696
0.027731895446777344, 4695
0.027731895446777344, 4694
0.027731895446777344, 4693
0.027731895446777344, 4692
0.027731895446777344, 4691
0.027731895446777344, 4690
0.027731895446777344, 4689
0.027731895446777344, 4688
0.027731895446777344, 4687
0.027731895446777344, 4686
0.027731895446777344, 4685
0.027731895446777344, 4684
0.027731895446777344, 4683
0.027731895446777344, 4682
0.027731895446777344, 4681
0.027731895446777344, 4680
0.027731895446777344, 4679
0.027731895446777344, 4678
0.027731895446777344, 4677
0.027731895446777344, 4676
0.027731895446777344, 4675
0.027731895446777344, 4674
0.027731895446777344, 4673
0.027731895446777344, 4672
0.027731895446777344, 4671
0.027731895446777344, 4670
0.027731895446777344, 4669
0.028576135635375977, 4668
0.028576135635375977, 4667
0.028576135635375977, 4666
0.028576135635375977, 4665
0.028576135635375977, 4664
0.028576135635375977, 4663
0.028576135635375977, 4662
0.028576135635375977, 4661
0.028576135635375977, 4660
0.028576135635375977, 4659
0.040575504302978516, 3439
0.04157543182373047, 3438
0.04157543182373047, 3437
0.04157543182373047, 3436
0.04157543182373047, 3435
0.04157543182373047, 3434
0.04157543182373047, 3433
0.04157543182373047, 3432
0.04157543182373047, 3431
0.04157543182373047, 3430
0.04157543182373047, 3429
0.04157543182373047, 3428
0.04157543182373047, 3427
0.04157543182373047, 3426
0.04157543182373047, 3425
0.04157543182373047, 3424
0.04157543182373047, 3423
0.04157543182373047, 3422
0.04157543182373047, 3421
0.04157543182373047, 3420
0.04157543182373047, 3419
0.04157543182373047, 3418
0.04157543182373047, 3417
0.04257535934448242, 3416
0.04257535934448242, 3415
0.04257535934448242, 3414
0.04257535934448242, 3413
0.04257535934448242, 3412
0.04257535934448242, 3411
0.04257535934448242, 3410
0.04257535934448242, 3409
0.04257535934448242, 3408
0.04257535934448242, 3407
0.04257535934448242, 3406
0.04257535934448242, 3405
0.04257535934448242, 3404
0.04257535934448242, 3403
0.04257535934448242, 3402
0.04257535934448242, 3401
0.04257535934448242, 3400
0.04257535934448242, 3399
0.04257535934448242, 3398
0.04257535934448242, 3397
0.04257535934448242, 3396
0.04257535934448242, 3395
0.04257535934448242, 3394
0.04357504844665527, 3393
0.04357504844665527, 3392
0.04357504844665527, 3391
0.04357504844665527, 3390
0.04357504844665527, 3389
0.04357504844665527, 3388
0.04357504844665527, 3387
0.04357504844665527, 3386
0.04357504844665527, 3385
0.04357504844665527, 3384
0.04357504844665527, 3383
0.04357504844665527, 3382
0.04357504844665527, 3381
0.04357504844665527, 3380
0.04357504844665527, 3379
0.04357504844665527, 3378
0.04357504844665527, 3377
0.04357504844665527, 3376
0.04357504844665527, 3375
0.04357504844665527, 3374
0.04357504844665527, 3373
0.044655799865722656, 3372
0.044655799865722656, 3371
0.044655799865722656, 3370
0.044655799865722656, 3369
0.044655799865722656, 3368
0.044655799865722656, 3367
0.044655799865722656, 3366
0.04566764831542969, 3365
0.04566764831542969, 3364
0.04566764831542969, 3363
0.04566764831542969, 3362
0.04566764831542969, 3361
0.04566764831542969, 3360
0.04566764831542969, 3359
0.04566764831542969, 3358
0.04566764831542969, 3357
0.04566764831542969, 3356
0.046666860580444336, 3355
0.046666860580444336, 3354
0.046666860580444336, 3353
0.046666860580444336, 3352
0.046666860580444336, 3351
0.046666860580444336, 3350
0.046666860580444336, 3349
0.046666860580444336, 3348
0.046666860580444336, 3347
0.046666860580444336, 3346
0.046666860580444336, 3345
0.046666860580444336, 3344
0.046666860580444336, 3343
0.04766726493835449, 3342
0.04766726493835449, 3341
0.04766726493835449, 3340
0.04766726493835449, 3339
0.04766726493835449, 3338
0.04766726493835449, 3337
0.04766726493835449, 3336
0.04766726493835449, 3335
0.04766726493835449, 3334
0.04766726493835449, 3333
0.04766726493835449, 3332
0.04766726493835449, 3331
0.04766726493835449, 3330
0.04766726493835449, 3329
0.04766726493835449, 3328
0.04866671562194824, 3327
0.04866671562194824, 3326
0.04866671562194824, 3325
0.04866671562194824, 3324
0.04866671562194824, 3323
0.04866671562194824, 3322
0.04866671562194824, 3321
0.04866671562194824, 3320
0.04866671562194824, 3319
0.04866671562194824, 3318
0.04866671562194824, 3317
0.0496668815612793, 3316
0.0496668815612793, 3315
0.0496668815612793, 3314
0.0496668815612793, 3313
0.0496668815612793, 3312
0.0496668815612793, 3311
0.0496668815612793, 3310
0.0496668815612793, 3309
0.0496668815612793, 3308
0.0496668815612793, 3307
0.0496668815612793, 3306
0.0496668815612793, 3305
0.0496668815612793, 3304
0.0496668815612793, 3303
0.0496668815612793, 3302
0.0496668815612793, 3301
0.0496668815612793, 3300
0.0496668815612793, 3299
0.0496668815612793, 3298
0.050666093826293945, 3297
0.050666093826293945, 3296
0.050666093826293945, 3295
0.050666093826293945, 3294
0.050666093826293945, 3293
0.050666093826293945, 3292
0.050666093826293945, 3291
0.050666093826293945, 3290
0.050666093826293945, 3289
0.050666093826293945, 3288
0.0516667366027832, 3287
0.0516667366027832, 3286
0.0516667366027832, 3285
0.0516667366027832, 3284
0.0516667366027832, 3283
0.0516667366027832, 3282
0.0516667366027832, 3281
0.0516667366027832, 3280
0.0516667366027832, 3279
0.0516667366027832, 3278
0.0516667366027832, 3277
0.0516667366027832, 3276
0.0516667366027832, 3275
0.0516667366027832, 3274
0.0516667366027832, 3273
0.052666425704956055, 3272
0.052666425704956055, 3271
0.052666425704956055, 3270
0.052666425704956055, 3269
0.052666425704956055, 3268
0.052666425704956055, 3267
0.052666425704956055, 3266
0.052666425704956055, 3265
0.052666425704956055, 3264
0.052666425704956055, 3263
0.052666425704956055, 3262
0.052666425704956055, 3261
0.052666425704956055, 3260
0.052666425704956055, 3259
0.052666425704956055, 3258
0.052666425704956055, 3257
0.052666425704956055, 3256
0.052666425704956055, 3255
0.052666425704956055, 3254
0.052666425704956055, 3253
0.05366635322570801, 3252
0.05366635322570801, 3251
0.05366635322570801, 3250
0.05366635322570801, 3249
0.05366635322570801, 3248
0.05398750305175781, 3247
0.05398750305175781, 3246
0.05398750305175781, 3245
0.05398750305175781, 3244
0.05398750305175781, 3243
0.05398750305175781, 3242
0.05398750305175781, 3241
0.05398750305175781, 3240
0.05398750305175781, 3239
0.05398750305175781, 3238
0.05398750305175781, 3237
0.05398750305175781, 3236
0.05398750305175781, 3235
0.05398750305175781, 3234
0.054666757583618164, 3233
0.054666757583618164, 3232
0.054666757583618164, 3231
0.054666757583618164, 3230
0.054666757583618164, 3229
0.054666757583618164, 3228
0.054666757583618164, 3227
0.054666757583618164, 3226
0.054666757583618164, 3225
0.054666757583618164, 3224
0.054666757583618164, 3223
0.054666757583618164, 3222
0.054666757583618164, 3221
0.054666757583618164, 3220
0.054666757583618164, 3219
0.054666757583618164, 3218
0.054666757583618164, 3217
0.054666757583618164, 3216
0.05566668510437012, 3215
0.05566668510437012, 3214
0.05566668510437012, 3213
0.05566668510437012, 3212
0.05566668510437012, 3211
0.05566668510437012, 3210
0.05566668510437012, 3209
0.05566668510437012, 3208
0.05566668510437012, 3207
0.05566668510437012, 3206
0.05566668510437012, 3205
0.05566668510437012, 3204
0.05566668510437012, 3203
0.05566668510437012, 3202
0.05566668510437012, 3201
0.05566668510437012, 3200
0.05566668510437012, 3199
0.05566668510437012, 3198
0.05566668510437012, 3197
0.05566668510437012, 3196
0.08666586875915527, 3195
0.08666586875915527, 3194
0.08666586875915527, 3193
0.08666586875915527, 3192
0.08666586875915527, 3191
0.08666586875915527, 3190
0.08666586875915527, 3189
0.08666586875915527, 3188
0.08666586875915527, 3187
0.08666586875915527, 3186
0.08766674995422363, 3185
0.08766674995422363, 3184
0.08766674995422363, 3183
0.08766674995422363, 3182
0.08766674995422363, 3181
0.08766674995422363, 3180
0.08766674995422363, 3179
0.12400245666503906, 3178
0.12400245666503906, 3177
0.12400245666503906, 3176
0.12400245666503906, 3175
0.12400245666503906, 3174
0.12400245666503906, 3173
0.12400245666503906, 3172
0.12400245666503906, 3171
0.12400245666503906, 3170
0.12400245666503906, 3169
0.12400245666503906, 3168
0.20767545700073242, 3167
0.20767545700073242, 3166
0.20767545700073242, 3165
0.20767545700073242, 3164
0.20767545700073242, 3163
0.20767545700073242, 3162
0.20767545700073242, 3161
0.20767545700073242, 3160
0.20767545700073242, 3159
0.20767545700073242, 3158
0.20767545700073242, 3157
0.20767545700073242, 3156
0.20767545700073242, 3155
0.20767545700073242, 3154
0.29897356033325195, 3153
0.29897356033325195, 3152
0.29897356033325195, 3151
0.29897356033325195, 3150
0.4578120708465576, 3149
0.4578120708465576, 3148
0.4578120708465576, 3147
0.4578120708465576, 3146
0.4578120708465576, 3145
0.4578120708465576, 3144
0.4578120708465576, 3143
1.4288206100463867, 3142
1.4288206100463867, 3141
1.4288206100463867, 3140
1.4288206100463867, 3139
1.4288206100463867, 3138
1.4288206100463867, 3137
1.4288206100463867, 3136
1.4288206100463867, 3135
1.4298202991485596, 3134
1.4298202991485596, 3133
1.4298202991485596, 3132
1.4298202991485596, 3131
5.233637571334839, 3130
5.233637571334839, 3129
5.233637571334839, 3128
5.233637571334839, 3127
8.06294322013855, 3126
9.395588636398315, 3125
9.39658808708191, 3124
9.39658808708191, 3123
9.39658808708191, 3122
