0.017107725143432617, 4858
0.018105745315551758, 4857
0.018105745315551758, 4856
0.018105745315551758, 4855
0.018105745315551758, 4854
0.018105745315551758, 4853
0.018105745315551758, 4852
0.018105745315551758, 4851
0.018105745315551758, 4850
0.018105745315551758, 4849
0.018105745315551758, 4848
0.018105745315551758, 4847
0.018105745315551758, 4846
0.018105745315551758, 4845
0.018105745315551758, 4844
0.018105745315551758, 4843
0.018105745315551758, 4842
0.018105745315551758, 4841
0.018105745315551758, 4840
0.018105745315551758, 4839
0.018105745315551758, 4838
0.018105745315551758, 4837
0.018105745315551758, 4836
0.018105745315551758, 4835
0.018105745315551758, 4834
0.018105745315551758, 4833
0.018105745315551758, 4832
0.018105745315551758, 4831
0.018105745315551758, 4830
0.018105745315551758, 4829
0.018105745315551758, 4828
0.018105745315551758, 4827
0.018105745315551758, 4826
0.018105745315551758, 4825
0.018105745315551758, 4824
0.018105745315551758, 4823
0.018105745315551758, 4822
0.018105745315551758, 4821
0.018105745315551758, 4820
0.018105745315551758, 4819
0.018105745315551758, 4818
0.018105745315551758, 4817
0.018105745315551758, 4816
0.018105745315551758, 4815
0.018105745315551758, 4814
0.018105745315551758, 4813
0.019105195999145508, 4812
0.019105195999145508, 4811
0.019105195999145508, 4810
0.019105195999145508, 4809
0.019105195999145508, 4808
0.019105195999145508, 4807
0.019105195999145508, 4806
0.019105195999145508, 4805
0.019105195999145508, 4804
0.019105195999145508, 4803
0.019105195999145508, 4802
0.019105195999145508, 4801
0.019105195999145508, 4800
0.019105195999145508, 4799
0.019105195999145508, 4798
0.019105195999145508, 4797
0.019105195999145508, 4796
0.019105195999145508, 4795
0.019105195999145508, 4794
0.019105195999145508, 4793
0.019105195999145508, 4792
0.019105195999145508, 4791
0.019105195999145508, 4790
0.019105195999145508, 4789
0.019105195999145508, 4788
0.019105195999145508, 4787
0.019105195999145508, 4786
0.019105195999145508, 4785
0.019105195999145508, 4784
0.019105195999145508, 4783
0.019105195999145508, 4782
0.019105195999145508, 4781
0.019105195999145508, 4780
0.019105195999145508, 4779
0.019105195999145508, 4778
0.019105195999145508, 4777
0.019105195999145508, 4776
0.019105195999145508, 4775
0.019105195999145508, 4774
0.019105195999145508, 4773
0.019105195999145508, 4772
0.019105195999145508, 4771
0.019105195999145508, 4770
0.019105195999145508, 4769
0.019105195999145508, 4768
0.020105361938476562, 4767
0.020105361938476562, 4766
0.020105361938476562, 4765
0.020105361938476562, 4764
0.020105361938476562, 4763
0.020105361938476562, 4762
0.020105361938476562, 4761
0.020105361938476562, 4760
0.020105361938476562, 4759
0.020105361938476562, 4758
0.020105361938476562, 4757
0.020105361938476562, 4756
0.020105361938476562, 4755
0.020105361938476562, 4754
0.020105361938476562, 4753
0.020105361938476562, 4752
0.020105361938476562, 4751
0.020105361938476562, 4750
0.020105361938476562, 4749
0.020105361938476562, 4748
0.020105361938476562, 4747
0.020105361938476562, 4746
0.020105361938476562, 4745
0.020105361938476562, 4744
0.020105361938476562, 4743
0.020105361938476562, 4742
0.020105361938476562, 4741
0.020105361938476562, 4740
0.020105361938476562, 4739
0.020105361938476562, 4738
0.020105361938476562, 4737
0.020105361938476562, 4736
0.020105361938476562, 4735
0.020105361938476562, 4734
0.020105361938476562, 4733
0.020105361938476562, 4732
0.020105361938476562, 4731
0.020105361938476562, 4730
0.020105361938476562, 4729
0.020105361938476562, 4728
0.020105361938476562, 4727
0.020105361938476562, 4726
0.020105361938476562, 4725
0.020105361938476562, 4724
0.020105361938476562, 4723
0.020105361938476562, 4722
0.021105289459228516, 4721
0.021105289459228516, 4720
0.021105289459228516, 4719
0.021105289459228516, 4718
0.021105289459228516, 4717
0.021105289459228516, 4716
0.021105289459228516, 4715
0.021105289459228516, 4714
0.021105289459228516, 4713
0.021105289459228516, 4712
0.021105289459228516, 4711
0.021105289459228516, 4710
0.021105289459228516, 4709
0.021105289459228516, 4708
0.021105289459228516, 4707
0.021105289459228516, 4706
0.021105289459228516, 4705
0.021105289459228516, 4704
0.021105289459228516, 4703
0.021105289459228516, 4702
0.021105289459228516, 4701
0.021105289459228516, 4700
0.021105289459228516, 4699
0.021105289459228516, 4698
0.021105289459228516, 4697
0.021105289459228516, 4696
0.021105289459228516, 4695
0.021105289459228516, 4694
0.021105289459228516, 4693
0.021105289459228516, 4692
0.021105289459228516, 4691
0.021105289459228516, 4690
0.021105289459228516, 4689
0.021105289459228516, 4688
0.021105289459228516, 4687
0.021105289459228516, 4686
0.021105289459228516, 4685
0.021105289459228516, 4684
0.021105289459228516, 4683
0.021105289459228516, 4682
0.021105289459228516, 4681
0.021105289459228516, 4680
0.021105289459228516, 4679
0.021105289459228516, 4678
0.021105289459228516, 4677
0.022104978561401367, 4676
0.022104978561401367, 4675
0.022104978561401367, 4674
0.022104978561401367, 4673
0.022104978561401367, 4672
0.022104978561401367, 4671
0.022104978561401367, 4670
0.022104978561401367, 4669
0.022104978561401367, 4668
0.022104978561401367, 4667
0.022104978561401367, 4666
0.022104978561401367, 4665
0.022104978561401367, 4664
0.022104978561401367, 4663
0.022104978561401367, 4662
0.022104978561401367, 4661
0.022104978561401367, 4660
0.022104978561401367, 4659
0.022104978561401367, 4658
0.022104978561401367, 4657
0.022104978561401367, 4656
0.022104978561401367, 4655
0.022104978561401367, 4654
0.022104978561401367, 4653
0.022104978561401367, 4652
0.022104978561401367, 4651
0.022104978561401367, 4650
0.022104978561401367, 4649
0.022104978561401367, 4648
0.04768180847167969, 4647
0.04768180847167969, 4646
0.04768180847167969, 4645
0.04768180847167969, 4644
0.04768180847167969, 4643
0.04768180847167969, 4642
0.04768180847167969, 4641
0.04768180847167969, 4640
0.04768180847167969, 4639
0.04768180847167969, 4638
0.04768180847167969, 4637
0.04768180847167969, 4636
0.04768180847167969, 4635
0.04768180847167969, 4634
0.04768180847167969, 4633
0.04768180847167969, 4632
0.04768180847167969, 4631
0.04768180847167969, 4630
0.04768180847167969, 4629
0.04768180847167969, 4628
0.04768180847167969, 4627
0.04768180847167969, 4626
0.04768180847167969, 4625
0.04867911338806152, 4624
0.04867911338806152, 4623
0.04867911338806152, 4622
0.04867911338806152, 4621
0.04867911338806152, 4620
0.04867911338806152, 4619
0.04867911338806152, 4618
0.04867911338806152, 4617
0.04867911338806152, 4616
0.04867911338806152, 4615
0.04867911338806152, 4614
0.04867911338806152, 4613
0.04867911338806152, 4612
0.04867911338806152, 4611
0.04867911338806152, 4610
0.04867911338806152, 4609
0.11538243293762207, 3288
0.11538243293762207, 3287
0.11538243293762207, 3286
0.11538243293762207, 3285
0.11538243293762207, 3284
0.11538243293762207, 3283
0.11538243293762207, 3282
0.11538243293762207, 3281
0.11538243293762207, 3280
0.11538243293762207, 3279
0.11538243293762207, 3278
0.11538243293762207, 3277
0.11538243293762207, 3276
0.11538243293762207, 3275
0.11538243293762207, 3274
0.11538243293762207, 3273
0.11538243293762207, 3272
0.11638259887695312, 3271
0.11638259887695312, 3270
0.11638259887695312, 3269
0.11638259887695312, 3268
0.11638259887695312, 3267
0.11638259887695312, 3266
0.11638259887695312, 3265
0.11638259887695312, 3264
0.11638259887695312, 3263
0.11638259887695312, 3262
0.11638259887695312, 3261
0.11638259887695312, 3260
0.11638259887695312, 3259
0.11638259887695312, 3258
0.11638259887695312, 3257
0.11638259887695312, 3256
0.11638259887695312, 3255
0.11638259887695312, 3254
0.11638259887695312, 3253
0.11638259887695312, 3252
0.11638259887695312, 3251
0.11638259887695312, 3250
0.11638259887695312, 3249
0.11638259887695312, 3248
0.11638259887695312, 3247
0.11638259887695312, 3246
0.11638259887695312, 3245
0.11638259887695312, 3244
0.11638259887695312, 3243
0.11638259887695312, 3242
0.11638259887695312, 3241
0.11638259887695312, 3240
0.11638259887695312, 3239
0.11638259887695312, 3238
0.11638259887695312, 3237
0.11638259887695312, 3236
0.11638259887695312, 3235
0.11638259887695312, 3234
0.11738204956054688, 3233
0.11738204956054688, 3232
0.11738204956054688, 3231
0.11738204956054688, 3230
0.11738204956054688, 3229
0.11738204956054688, 3228
0.11738204956054688, 3227
0.11738204956054688, 3226
0.11738204956054688, 3225
0.11738204956054688, 3224
0.11738204956054688, 3223
0.11738204956054688, 3222
0.11738204956054688, 3221
0.11738204956054688, 3220
0.11738204956054688, 3219
0.11738204956054688, 3218
0.11738204956054688, 3217
0.11738204956054688, 3216
0.11738204956054688, 3215
0.11738204956054688, 3214
0.11738204956054688, 3213
0.11738204956054688, 3212
0.11738204956054688, 3211
0.11738204956054688, 3210
0.11738204956054688, 3209
0.11738204956054688, 3208
0.11738204956054688, 3207
0.11738204956054688, 3206
0.11738204956054688, 3205
0.11738204956054688, 3204
0.11738204956054688, 3203
0.11838221549987793, 3202
0.11838221549987793, 3201
0.11838221549987793, 3200
0.11838221549987793, 3199
0.11838221549987793, 3198
0.11838221549987793, 3197
0.11838221549987793, 3196
0.11838221549987793, 3195
0.11838221549987793, 3194
0.11838221549987793, 3193
0.11838221549987793, 3192
0.11838221549987793, 3191
0.11838221549987793, 3190
0.11838221549987793, 3189
0.11838221549987793, 3188
0.11838221549987793, 3187
0.11838221549987793, 3186
0.11838221549987793, 3185
0.11838221549987793, 3184
0.11838221549987793, 3183
0.22044944763183594, 3182
0.22044944763183594, 3181
0.22044944763183594, 3180
0.22044944763183594, 3179
0.22044944763183594, 3178
0.22044944763183594, 3177
0.22044944763183594, 3176
0.22044944763183594, 3175
0.2214493751525879, 3174
0.2214493751525879, 3173
0.2214493751525879, 3172
0.2214493751525879, 3171
0.2214493751525879, 3170
0.2214493751525879, 3169
0.2214493751525879, 3168
0.2214493751525879, 3167
0.2214493751525879, 3166
0.2214493751525879, 3165
0.2214493751525879, 3164
0.2214493751525879, 3163
0.2214493751525879, 3162
0.2214493751525879, 3161
0.2214493751525879, 3160
0.2214493751525879, 3159
0.2214493751525879, 3158
0.2214493751525879, 3157
0.2214493751525879, 3156
0.2214493751525879, 3155
0.2214493751525879, 3154
0.2214493751525879, 3153
0.2214493751525879, 3152
0.2214493751525879, 3151
0.2214493751525879, 3150
0.2214493751525879, 3149
0.2214493751525879, 3148
0.2214493751525879, 3147
0.2214493751525879, 3146
0.2214493751525879, 3145
0.2214493751525879, 3144
0.2214493751525879, 3143
0.2214493751525879, 3142
0.2214493751525879, 3141
0.2214493751525879, 3140
0.22244977951049805, 3139
0.22244977951049805, 3138
0.22244977951049805, 3137
0.22244977951049805, 3136
0.22244977951049805, 3135
0.22244977951049805, 3134
0.22244977951049805, 3133
0.22244977951049805, 3132
0.22244977951049805, 3131
0.22244977951049805, 3130
3.4472954273223877, 3129
3.448295831680298, 3128
3.448295831680298, 3127
3.448295831680298, 3126
3.448295831680298, 3125
3.448295831680298, 3124
3.448295831680298, 3123
3.448295831680298, 3122
3.448295831680298, 3121
3.448295831680298, 3120
3.448295831680298, 3119
3.448295831680298, 3118
3.448295831680298, 3117
3.448295831680298, 3116
3.448295831680298, 3115
3.448295831680298, 3114
3.448295831680298, 3113
3.448295831680298, 3112
