0.01709127426147461, 4867
0.01709127426147461, 4866
0.01709127426147461, 4865
0.01709127426147461, 4864
0.01709127426147461, 4863
0.01709127426147461, 4862
0.01709127426147461, 4861
0.01709127426147461, 4860
0.018091917037963867, 4859
0.018091917037963867, 4858
0.018091917037963867, 4857
0.018091917037963867, 4856
0.018091917037963867, 4855
0.018091917037963867, 4854
0.018091917037963867, 4853
0.018091917037963867, 4852
0.018091917037963867, 4851
0.018091917037963867, 4850
0.018091917037963867, 4849
0.018091917037963867, 4848
0.018091917037963867, 4847
0.018091917037963867, 4846
0.018091917037963867, 4845
0.018091917037963867, 4844
0.018091917037963867, 4843
0.018091917037963867, 4842
0.018091917037963867, 4841
0.018091917037963867, 4840
0.018091917037963867, 4839
0.018091917037963867, 4838
0.018091917037963867, 4837
0.018091917037963867, 4836
0.018091917037963867, 4835
0.018091917037963867, 4834
0.018091917037963867, 4833
0.018091917037963867, 4832
0.018091917037963867, 4831
0.018091917037963867, 4830
0.018091917037963867, 4829
0.018091917037963867, 4828
0.018091917037963867, 4827
0.018091917037963867, 4826
0.018091917037963867, 4825
0.018091917037963867, 4824
0.018091917037963867, 4823
0.018091917037963867, 4822
0.018091917037963867, 4821
0.018091917037963867, 4820
0.018091917037963867, 4819
0.018091917037963867, 4818
0.01909184455871582, 4817
0.01909184455871582, 4816
0.01909184455871582, 4815
0.01909184455871582, 4814
0.01909184455871582, 4813
0.01909184455871582, 4812
0.01909184455871582, 4811
0.01909184455871582, 4810
0.01909184455871582, 4809
0.01909184455871582, 4808
0.01909184455871582, 4807
0.01909184455871582, 4806
0.01909184455871582, 4805
0.01909184455871582, 4804
0.01909184455871582, 4803
0.01909184455871582, 4802
0.01909184455871582, 4801
0.01909184455871582, 4800
0.01909184455871582, 4799
0.01909184455871582, 4798
0.01909184455871582, 4797
0.01909184455871582, 4796
0.01909184455871582, 4795
0.01909184455871582, 4794
0.01909184455871582, 4793
0.01909184455871582, 4792
0.01909184455871582, 4791
0.01909184455871582, 4790
0.01909184455871582, 4789
0.01909184455871582, 4788
0.01909184455871582, 4787
0.01909184455871582, 4786
0.01909184455871582, 4785
0.01909184455871582, 4784
0.01909184455871582, 4783
0.01909184455871582, 4782
0.01909184455871582, 4781
0.01909184455871582, 4780
0.01909184455871582, 4779
0.01909184455871582, 4778
0.01909184455871582, 4777
0.01909184455871582, 4776
0.01909184455871582, 4775
0.01909184455871582, 4774
0.020091772079467773, 4773
0.020091772079467773, 4772
0.020091772079467773, 4771
0.020091772079467773, 4770
0.020091772079467773, 4769
0.020091772079467773, 4768
0.020091772079467773, 4767
0.020091772079467773, 4766
0.020091772079467773, 4765
0.020091772079467773, 4764
0.020091772079467773, 4763
0.020091772079467773, 4762
0.020091772079467773, 4761
0.020091772079467773, 4760
0.020091772079467773, 4759
0.020091772079467773, 4758
0.020091772079467773, 4757
0.020091772079467773, 4756
0.020091772079467773, 4755
0.020091772079467773, 4754
0.020091772079467773, 4753
0.020091772079467773, 4752
0.020091772079467773, 4751
0.020091772079467773, 4750
0.020091772079467773, 4749
0.020091772079467773, 4748
0.020091772079467773, 4747
0.020091772079467773, 4746
0.020091772079467773, 4745
0.020091772079467773, 4744
0.020091772079467773, 4743
0.020091772079467773, 4742
0.020091772079467773, 4741
0.020091772079467773, 4740
0.020091772079467773, 4739
0.020091772079467773, 4738
0.020091772079467773, 4737
0.020091772079467773, 4736
0.020091772079467773, 4735
0.020091772079467773, 4734
0.020091772079467773, 4733
0.021091699600219727, 4732
0.021091699600219727, 4731
0.02116227149963379, 4730
0.02116227149963379, 4729
0.02116227149963379, 4728
0.02116227149963379, 4727
0.02116227149963379, 4726
0.02116227149963379, 4725
0.02116227149963379, 4724
0.02116227149963379, 4723
0.02116227149963379, 4722
0.02116227149963379, 4721
0.02116227149963379, 4720
0.02116227149963379, 4719
0.02116227149963379, 4718
0.02116227149963379, 4717
0.02116227149963379, 4716
0.02116227149963379, 4715
0.02116227149963379, 4714
0.02116227149963379, 4713
0.02116227149963379, 4712
0.02116227149963379, 4711
0.02116227149963379, 4710
0.02116227149963379, 4709
0.02116227149963379, 4708
0.02116227149963379, 4707
0.02116227149963379, 4706
0.02116227149963379, 4705
0.02116227149963379, 4704
0.02116227149963379, 4703
0.02116227149963379, 4702
0.02116227149963379, 4701
0.02116227149963379, 4700
0.02116227149963379, 4699
0.02116227149963379, 4698
0.02116227149963379, 4697
0.02116227149963379, 4696
0.02116227149963379, 4695
0.02116227149963379, 4694
0.02116227149963379, 4693
0.022091388702392578, 4692
0.022091388702392578, 4691
0.022091388702392578, 4690
0.022091388702392578, 4689
0.022091388702392578, 4688
0.022091388702392578, 4687
0.022091388702392578, 4686
0.022091388702392578, 4685
0.022091388702392578, 4684
0.022091388702392578, 4683
0.022091388702392578, 4682
0.022091388702392578, 4681
0.022091388702392578, 4680
0.022091388702392578, 4679
0.022091388702392578, 4678
0.022091388702392578, 4677
0.022091388702392578, 4676
0.022091388702392578, 4675
0.022091388702392578, 4674
0.022091388702392578, 4673
0.022091388702392578, 4672
0.022091388702392578, 4671
0.022091388702392578, 4670
0.022091388702392578, 4669
0.022091388702392578, 4668
0.022091388702392578, 4667
0.022091388702392578, 4666
0.022091388702392578, 4665
0.022091388702392578, 4664
0.022091388702392578, 4663
0.022091388702392578, 4662
0.022091388702392578, 4661
0.022091388702392578, 4660
0.022091388702392578, 4659
0.022091388702392578, 4658
0.022091388702392578, 4657
0.022091388702392578, 4656
0.022091388702392578, 4655
0.022091388702392578, 4654
0.022091388702392578, 4653
0.023092269897460938, 4652
0.02315044403076172, 4651
0.02315044403076172, 4650
0.02315044403076172, 4649
0.02315044403076172, 4648
0.02315044403076172, 4647
0.02315044403076172, 4646
0.02315044403076172, 4645
0.02315044403076172, 4644
0.02315044403076172, 4643
0.02315044403076172, 4642
0.02315044403076172, 4641
0.02315044403076172, 4640
0.02315044403076172, 4639
0.02315044403076172, 4638
0.04722118377685547, 4637
0.04722118377685547, 4636
0.04722118377685547, 4635
0.04722118377685547, 4634
0.04722118377685547, 4633
0.04722118377685547, 4632
0.04722118377685547, 4631
0.04722118377685547, 4630
0.04722118377685547, 4629
0.04722118377685547, 4628
0.04722118377685547, 4627
0.04722118377685547, 4626
0.04722118377685547, 4625
0.04722118377685547, 4624
0.04722118377685547, 4623
0.04722118377685547, 4622
0.04722118377685547, 4621
0.04722118377685547, 4620
0.04722118377685547, 4619
0.04722118377685547, 4618
0.04722118377685547, 4617
0.04722118377685547, 4616
0.04722118377685547, 4615
0.04722118377685547, 4614
0.04722118377685547, 4613
0.04722118377685547, 4612
0.04722118377685547, 4611
0.04722118377685547, 4610
0.04722118377685547, 4609
0.04822134971618652, 4608
0.04822134971618652, 4607
0.04822134971618652, 4606
0.04822134971618652, 4605
0.04822134971618652, 4604
0.04822134971618652, 4603
0.04822134971618652, 4602
0.04822134971618652, 4601
0.04822134971618652, 4600
0.04822134971618652, 4599
0.04822134971618652, 4598
0.04822134971618652, 4597
0.04822134971618652, 4596
0.04822134971618652, 4595
0.04822134971618652, 4594
0.04822134971618652, 4593
0.04822134971618652, 4592
0.04822134971618652, 4591
0.04822134971618652, 4590
0.04822134971618652, 4589
0.04822134971618652, 4588
0.04822134971618652, 4587
0.04822134971618652, 4586
0.04822134971618652, 4585
0.04822134971618652, 4584
0.04822134971618652, 4583
0.04822134971618652, 4582
0.04822134971618652, 4581
0.04822134971618652, 4580
0.04822134971618652, 4579
0.04822134971618652, 4578
0.08723759651184082, 3377
0.08723759651184082, 3376
0.08723759651184082, 3375
0.08723759651184082, 3374
0.08723759651184082, 3373
0.08723759651184082, 3372
0.08723759651184082, 3371
0.08723759651184082, 3370
0.08723759651184082, 3369
0.08723759651184082, 3368
0.08723759651184082, 3367
0.08723759651184082, 3366
0.08723759651184082, 3365
0.08723759651184082, 3364
0.08723759651184082, 3363
0.08723759651184082, 3362
0.08823871612548828, 3361
0.08823871612548828, 3360
0.08823871612548828, 3359
0.08823871612548828, 3358
0.08823871612548828, 3357
0.08823871612548828, 3356
0.08823871612548828, 3355
0.08823871612548828, 3354
0.08823871612548828, 3353
0.08823871612548828, 3352
0.08823871612548828, 3351
0.08823871612548828, 3350
0.08823871612548828, 3349
0.08823871612548828, 3348
0.08823871612548828, 3347
0.08823871612548828, 3346
0.08823871612548828, 3345
0.08823871612548828, 3344
0.08823871612548828, 3343
0.08823871612548828, 3342
0.08823871612548828, 3341
0.08823871612548828, 3340
0.08823871612548828, 3339
0.08823871612548828, 3338
0.08823871612548828, 3337
0.08823871612548828, 3336
0.08923912048339844, 3335
0.08923912048339844, 3334
0.08923912048339844, 3333
0.08923912048339844, 3332
0.08923912048339844, 3331
0.08923912048339844, 3330
0.08923912048339844, 3329
0.08923912048339844, 3328
0.08923912048339844, 3327
0.08923912048339844, 3326
0.08923912048339844, 3325
0.08923912048339844, 3324
0.08923912048339844, 3323
0.08923912048339844, 3322
0.08923912048339844, 3321
0.08923912048339844, 3320
0.08923912048339844, 3319
0.08923912048339844, 3318
0.08923912048339844, 3317
0.08923912048339844, 3316
0.08923912048339844, 3315
0.08923912048339844, 3314
0.08923912048339844, 3313
0.08923912048339844, 3312
0.08923912048339844, 3311
0.08923912048339844, 3310
0.08923912048339844, 3309
0.08923912048339844, 3308
0.08923912048339844, 3307
0.08923912048339844, 3306
0.08923912048339844, 3305
0.08923912048339844, 3304
0.09023857116699219, 3303
0.09023857116699219, 3302
0.09023857116699219, 3301
0.09023857116699219, 3300
0.09023857116699219, 3299
0.09023857116699219, 3298
0.09023857116699219, 3297
0.09023857116699219, 3296
0.09023857116699219, 3295
0.09023857116699219, 3294
0.09023857116699219, 3293
0.09023857116699219, 3292
0.09023857116699219, 3291
0.09023857116699219, 3290
0.09023857116699219, 3289
0.09023857116699219, 3288
0.09023857116699219, 3287
0.09023857116699219, 3286
0.09023857116699219, 3285
0.09023857116699219, 3284
0.09023857116699219, 3283
0.09023857116699219, 3282
0.09023857116699219, 3281
0.09023857116699219, 3280
0.09023857116699219, 3279
0.09023857116699219, 3278
0.09023857116699219, 3277
0.09023857116699219, 3276
0.09023857116699219, 3275
0.09023857116699219, 3274
0.09023857116699219, 3273
0.09023857116699219, 3272
0.09023857116699219, 3271
0.09123826026916504, 3270
0.09123826026916504, 3269
0.09123826026916504, 3268
0.09123826026916504, 3267
0.09123826026916504, 3266
0.09123826026916504, 3265
0.09123826026916504, 3264
0.09123826026916504, 3263
0.09123826026916504, 3262
0.09123826026916504, 3261
0.09123826026916504, 3260
0.09123826026916504, 3259
0.09123826026916504, 3258
0.09123826026916504, 3257
0.09123826026916504, 3256
0.09123826026916504, 3255
0.09123826026916504, 3254
0.09123826026916504, 3253
0.09123826026916504, 3252
0.09123826026916504, 3251
0.09123826026916504, 3250
0.09123826026916504, 3249
0.09123826026916504, 3248
0.09123826026916504, 3247
0.09123826026916504, 3246
0.09123826026916504, 3245
0.09123826026916504, 3244
0.09123826026916504, 3243
0.09123826026916504, 3242
0.09123826026916504, 3241
0.09123826026916504, 3240
0.09123826026916504, 3239
0.09123826026916504, 3238
0.0922384262084961, 3237
0.0922384262084961, 3236
0.0922384262084961, 3235
0.0922384262084961, 3234
0.0922384262084961, 3233
0.0922384262084961, 3232
0.0922384262084961, 3231
0.0922384262084961, 3230
0.0922384262084961, 3229
0.0922384262084961, 3228
0.0922384262084961, 3227
0.0922384262084961, 3226
0.0922384262084961, 3225
0.0922384262084961, 3224
0.0922384262084961, 3223
0.0922384262084961, 3222
0.0922384262084961, 3221
0.0922384262084961, 3220
0.0922384262084961, 3219
0.0922384262084961, 3218
0.0922384262084961, 3217
0.0922384262084961, 3216
0.0922384262084961, 3215
0.0922384262084961, 3214
0.0922384262084961, 3213
0.0922384262084961, 3212
0.0922384262084961, 3211
0.0922384262084961, 3210
0.0922384262084961, 3209
0.0922384262084961, 3208
0.24236345291137695, 3207
0.24236345291137695, 3206
0.24236345291137695, 3205
0.24236345291137695, 3204
0.24236345291137695, 3203
0.24236345291137695, 3202
0.24236345291137695, 3201
0.24236345291137695, 3200
0.24236345291137695, 3199
0.3441760540008545, 3198
0.3441760540008545, 3197
0.3441760540008545, 3196
0.3441760540008545, 3195
0.3441760540008545, 3194
0.3441760540008545, 3193
0.3441760540008545, 3192
0.3441760540008545, 3191
0.3441760540008545, 3190
0.3441760540008545, 3189
0.3441760540008545, 3188
0.3441760540008545, 3187
0.3441760540008545, 3186
0.3441760540008545, 3185
0.3441760540008545, 3184
0.3441760540008545, 3183
0.3441760540008545, 3182
0.677358865737915, 3181
0.677358865737915, 3180
0.677358865737915, 3179
0.677358865737915, 3178
0.677358865737915, 3177
0.677358865737915, 3176
0.8481576442718506, 3175
0.8481576442718506, 3174
0.8481576442718506, 3173
0.8481576442718506, 3172
0.8481576442718506, 3171
0.8481576442718506, 3170
0.8481576442718506, 3169
0.8481576442718506, 3168
0.8481576442718506, 3167
0.8481576442718506, 3166
0.8731489181518555, 3165
0.8731489181518555, 3164
0.8731489181518555, 3163
0.8731489181518555, 3162
0.8731489181518555, 3161
0.8731489181518555, 3160
0.8731489181518555, 3159
0.8731489181518555, 3158
0.8731489181518555, 3157
0.8731489181518555, 3156
0.8731489181518555, 3155
0.8741931915283203, 3154
0.8741931915283203, 3153
0.8741931915283203, 3152
0.8741931915283203, 3151
1.166978359222412, 3150
1.166978359222412, 3149
1.166978359222412, 3148
1.1679775714874268, 3147
1.1679775714874268, 3146
1.1679775714874268, 3145
1.1679775714874268, 3144
1.1679775714874268, 3143
1.1679775714874268, 3142
1.1679775714874268, 3141
1.1679775714874268, 3140
1.1679775714874268, 3139
1.1679775714874268, 3138
1.1679775714874268, 3137
1.1679775714874268, 3136
1.1679775714874268, 3135
1.1679775714874268, 3134
1.1679775714874268, 3133
1.2910425662994385, 3132
1.2910425662994385, 3131
1.2910425662994385, 3130
1.2910425662994385, 3129
1.2910425662994385, 3128
1.2910425662994385, 3127
1.2910425662994385, 3126
1.2910425662994385, 3125
1.2910425662994385, 3124
1.2910425662994385, 3123
1.2910425662994385, 3122
1.2910425662994385, 3121
1.2910425662994385, 3120
1.2910425662994385, 3119
1.2910425662994385, 3118
1.2910425662994385, 3117
1.2910425662994385, 3116
1.2910425662994385, 3115
1.2910425662994385, 3114
1.2920444011688232, 3113
1.2920444011688232, 3112
1.2920444011688232, 3111
1.2920444011688232, 3110
1.2920444011688232, 3109
1.2920444011688232, 3108
1.2920444011688232, 3107
1.2920444011688232, 3106
1.2920444011688232, 3105
1.2920444011688232, 3104
1.2920444011688232, 3103
