0.030998945236206055, 4886
0.030998945236206055, 4885
0.030998945236206055, 4884
0.030998945236206055, 4883
0.030998945236206055, 4882
0.030998945236206055, 4881
0.030998945236206055, 4880
0.032000064849853516, 4879
0.032000064849853516, 4878
0.032000064849853516, 4877
0.032000064849853516, 4876
0.032000064849853516, 4875
0.032000064849853516, 4874
0.032000064849853516, 4873
0.032000064849853516, 4872
0.032000064849853516, 4871
0.032000064849853516, 4870
0.032000064849853516, 4869
0.032000064849853516, 4868
0.032000064849853516, 4867
0.032000064849853516, 4866
0.032000064849853516, 4865
0.032000064849853516, 4864
0.032000064849853516, 4863
0.032000064849853516, 4862
0.032000064849853516, 4861
0.032000064849853516, 4860
0.032000064849853516, 4859
0.032000064849853516, 4858
0.032000064849853516, 4857
0.032000064849853516, 4856
0.032000064849853516, 4855
0.032000064849853516, 4854
0.032999277114868164, 4853
0.032999277114868164, 4852
0.032999277114868164, 4851
0.032999277114868164, 4850
0.032999277114868164, 4849
0.032999277114868164, 4848
0.032999277114868164, 4847
0.032999277114868164, 4846
0.032999277114868164, 4845
0.032999277114868164, 4844
0.032999277114868164, 4843
0.032999277114868164, 4842
0.032999277114868164, 4841
0.032999277114868164, 4840
0.032999277114868164, 4839
0.032999277114868164, 4838
0.032999277114868164, 4837
0.032999277114868164, 4836
0.032999277114868164, 4835
0.032999277114868164, 4834
0.032999277114868164, 4833
0.032999277114868164, 4832
0.032999277114868164, 4831
0.032999277114868164, 4830
0.032999277114868164, 4829
0.032999277114868164, 4828
0.03400540351867676, 4827
0.03400540351867676, 4826
0.03400540351867676, 4825
0.03400540351867676, 4824
0.03400540351867676, 4823
0.03400540351867676, 4822
0.03422093391418457, 4821
0.03422093391418457, 4820
0.03422093391418457, 4819
0.03422093391418457, 4818
0.03422093391418457, 4817
0.03422093391418457, 4816
0.03422093391418457, 4815
0.03422093391418457, 4814
0.03422093391418457, 4813
0.03422093391418457, 4812
0.03422093391418457, 4811
0.03422093391418457, 4810
0.03422093391418457, 4809
0.03422093391418457, 4808
0.03422093391418457, 4807
0.03422093391418457, 4806
0.03422093391418457, 4805
0.03422093391418457, 4804
0.03422093391418457, 4803
0.03422093391418457, 4802
0.03422093391418457, 4801
0.03422093391418457, 4800
0.03499889373779297, 4799
0.03499889373779297, 4798
0.03499889373779297, 4797
0.03499889373779297, 4796
0.03499889373779297, 4795
0.03499889373779297, 4794
0.03499889373779297, 4793
0.03499889373779297, 4792
0.03499889373779297, 4791
0.03499889373779297, 4790
0.03499889373779297, 4789
0.03499889373779297, 4788
0.03499889373779297, 4787
0.03499889373779297, 4786
0.03499889373779297, 4785
0.03499889373779297, 4784
0.03499889373779297, 4783
0.03499889373779297, 4782
0.03499889373779297, 4781
0.03499889373779297, 4780
0.03499889373779297, 4779
0.03499889373779297, 4778
0.03499889373779297, 4777
0.03499889373779297, 4776
0.03499889373779297, 4775
0.03499889373779297, 4774
0.03499889373779297, 4773
0.03499889373779297, 4772
0.03499889373779297, 4771
0.03499889373779297, 4770
0.03499889373779297, 4769
0.03499889373779297, 4768
0.03499889373779297, 4767
0.03499889373779297, 4766
0.03499889373779297, 4765
0.03499889373779297, 4764
0.03499889373779297, 4763
0.03499889373779297, 4762
0.03600502014160156, 4761
0.03600502014160156, 4760
0.03600502014160156, 4759
0.03600502014160156, 4758
0.03600502014160156, 4757
0.03600502014160156, 4756
0.03600502014160156, 4755
0.03600502014160156, 4754
0.03600502014160156, 4753
0.03600502014160156, 4752
0.03600502014160156, 4751
0.03600502014160156, 4750
0.03600502014160156, 4749
0.03600502014160156, 4748
0.03600502014160156, 4747
0.03600502014160156, 4746
0.03600502014160156, 4745
0.03600502014160156, 4744
0.03600502014160156, 4743
0.03600502014160156, 4742
0.03600502014160156, 4741
0.03600502014160156, 4740
0.03600502014160156, 4739
0.03600502014160156, 4738
0.03600502014160156, 4737
0.03600502014160156, 4736
0.03600502014160156, 4735
0.03600502014160156, 4734
0.03600502014160156, 4733
0.03600502014160156, 4732
0.03600502014160156, 4731
0.03600502014160156, 4730
0.03600502014160156, 4729
0.03600502014160156, 4728
0.03600502014160156, 4727
0.03600502014160156, 4726
0.03600502014160156, 4725
0.03699994087219238, 4724
0.03699994087219238, 4723
0.03699994087219238, 4722
0.03699994087219238, 4721
0.03699994087219238, 4720
0.03699994087219238, 4719
0.03699994087219238, 4718
0.03699994087219238, 4717
0.03699994087219238, 4716
0.03699994087219238, 4715
0.03699994087219238, 4714
0.03699994087219238, 4713
0.03699994087219238, 4712
0.03699994087219238, 4711
0.03699994087219238, 4710
0.03699994087219238, 4709
0.03699994087219238, 4708
0.03699994087219238, 4707
0.03699994087219238, 4706
0.03699994087219238, 4705
0.03699994087219238, 4704
0.03699994087219238, 4703
0.03699994087219238, 4702
0.03699994087219238, 4701
0.03699994087219238, 4700
0.03699994087219238, 4699
0.03699994087219238, 4698
0.03800082206726074, 4697
0.03800082206726074, 4696
0.03800082206726074, 4695
0.03800082206726074, 4694
0.03800082206726074, 4693
0.03800082206726074, 4692
0.03800082206726074, 4691
0.05500006675720215, 3403
0.05500006675720215, 3402
0.05500006675720215, 3401
0.05600118637084961, 3400
0.05600118637084961, 3399
0.05600118637084961, 3398
0.05600118637084961, 3397
0.05600118637084961, 3396
0.05600118637084961, 3395
0.05600118637084961, 3394
0.05600118637084961, 3393
0.05600118637084961, 3392
0.05600118637084961, 3391
0.05600118637084961, 3390
0.05600118637084961, 3389
0.05600118637084961, 3388
0.05600118637084961, 3387
0.05700111389160156, 3386
0.05700111389160156, 3385
0.05700111389160156, 3384
0.05700111389160156, 3383
0.05700111389160156, 3382
0.05700111389160156, 3381
0.05700111389160156, 3380
0.05700111389160156, 3379
0.05700111389160156, 3378
0.05700111389160156, 3377
0.05700111389160156, 3376
0.05700111389160156, 3375
0.05700111389160156, 3374
0.05700111389160156, 3373
0.05700111389160156, 3372
0.05700111389160156, 3371
0.05700111389160156, 3370
0.05700111389160156, 3369
0.05700111389160156, 3368
0.05700111389160156, 3367
0.05700111389160156, 3366
0.05700111389160156, 3365
0.05700111389160156, 3364
0.05700111389160156, 3363
0.05700111389160156, 3362
0.057999372482299805, 3361
0.057999372482299805, 3360
0.057999372482299805, 3359
0.057999372482299805, 3358
0.057999372482299805, 3357
0.057999372482299805, 3356
0.057999372482299805, 3355
0.057999372482299805, 3354
0.057999372482299805, 3353
0.057999372482299805, 3352
0.057999372482299805, 3351
0.057999372482299805, 3350
0.057999372482299805, 3349
0.057999372482299805, 3348
0.057999372482299805, 3347
0.057999372482299805, 3346
0.057999372482299805, 3345
0.057999372482299805, 3344
0.057999372482299805, 3343
0.057999372482299805, 3342
0.05899930000305176, 3341
0.05899930000305176, 3340
0.05899930000305176, 3339
0.05899930000305176, 3338
0.05899930000305176, 3337
0.05899930000305176, 3336
0.05899930000305176, 3335
0.05899930000305176, 3334
0.05899930000305176, 3333
0.05899930000305176, 3332
0.05899930000305176, 3331
0.05899930000305176, 3330
0.05899930000305176, 3329
0.05899930000305176, 3328
0.05899930000305176, 3327
0.059999942779541016, 3326
0.059999942779541016, 3325
0.059999942779541016, 3324
0.059999942779541016, 3323
0.059999942779541016, 3322
0.059999942779541016, 3321
0.059999942779541016, 3320
0.059999942779541016, 3319
0.059999942779541016, 3318
0.059999942779541016, 3317
0.059999942779541016, 3316
0.059999942779541016, 3315
0.059999942779541016, 3314
0.059999942779541016, 3313
0.059999942779541016, 3312
0.059999942779541016, 3311
0.059999942779541016, 3310
0.06100106239318848, 3309
0.06100106239318848, 3308
0.06100106239318848, 3307
0.06100106239318848, 3306
0.06100106239318848, 3305
0.06100106239318848, 3304
0.06100106239318848, 3303
0.06100106239318848, 3302
0.06100106239318848, 3301
0.06100106239318848, 3300
0.06100106239318848, 3299
0.06100106239318848, 3298
0.06100106239318848, 3297
0.06100106239318848, 3296
0.06100106239318848, 3295
0.06100106239318848, 3294
0.06100106239318848, 3293
0.06199979782104492, 3292
0.06199979782104492, 3291
0.06199979782104492, 3290
0.06199979782104492, 3289
0.06199979782104492, 3288
0.06199979782104492, 3287
0.06199979782104492, 3286
0.06199979782104492, 3285
0.06199979782104492, 3284
0.06199979782104492, 3283
0.06199979782104492, 3282
0.06199979782104492, 3281
0.06199979782104492, 3280
0.06199979782104492, 3279
0.06199979782104492, 3278
0.06199979782104492, 3277
0.06199979782104492, 3276
0.06199979782104492, 3275
0.06199979782104492, 3274
0.06199979782104492, 3273
0.06199979782104492, 3272
0.06199979782104492, 3271
0.06199979782104492, 3270
0.06199979782104492, 3269
0.06199979782104492, 3268
0.06199979782104492, 3267
0.06199979782104492, 3266
0.06199979782104492, 3265
0.06199979782104492, 3264
0.06299924850463867, 3263
0.06299924850463867, 3262
0.06299924850463867, 3261
0.06299924850463867, 3260
0.06299924850463867, 3259
0.06299924850463867, 3258
0.06299924850463867, 3257
0.06299924850463867, 3256
0.06299924850463867, 3255
0.06299924850463867, 3254
0.06299924850463867, 3253
0.06299924850463867, 3252
0.06299924850463867, 3251
0.06299924850463867, 3250
0.06299924850463867, 3249
0.06299924850463867, 3248
0.06299924850463867, 3247
0.06299924850463867, 3246
0.06299924850463867, 3245
0.06299924850463867, 3244
0.06299924850463867, 3243
0.06299924850463867, 3242
0.06299924850463867, 3241
0.06399917602539062, 3240
0.06399917602539062, 3239
0.06399917602539062, 3238
0.06399917602539062, 3237
0.06399917602539062, 3236
0.06399917602539062, 3235
0.06399917602539062, 3234
0.06399917602539062, 3233
0.06399917602539062, 3232
0.06399917602539062, 3231
0.06399917602539062, 3230
0.06399917602539062, 3229
0.06399917602539062, 3228
0.06399917602539062, 3227
0.06399917602539062, 3226
0.06399917602539062, 3225
0.06399917602539062, 3224
0.06500053405761719, 3223
0.06500053405761719, 3222
0.06500053405761719, 3221
0.06500053405761719, 3220
0.06500053405761719, 3219
0.06500053405761719, 3218
0.06500053405761719, 3217
0.06500053405761719, 3216
0.06500053405761719, 3215
0.06500053405761719, 3214
0.06500053405761719, 3213
0.06500053405761719, 3212
0.06500053405761719, 3211
0.06500053405761719, 3210
0.06500053405761719, 3209
0.06500053405761719, 3208
0.06500053405761719, 3207
0.06500053405761719, 3206
0.06500053405761719, 3205
0.06500053405761719, 3204
0.06500053405761719, 3203
0.06500053405761719, 3202
0.06500053405761719, 3201
0.06500053405761719, 3200
0.06500053405761719, 3199
0.06500053405761719, 3198
0.06500053405761719, 3197
0.06500053405761719, 3196
0.06500053405761719, 3195
0.06599950790405273, 3194
0.06599950790405273, 3193
0.06599950790405273, 3192
0.06599950790405273, 3191
0.06599950790405273, 3190
0.06599950790405273, 3189
0.06599950790405273, 3188
0.06599950790405273, 3187
0.06599950790405273, 3186
0.06599950790405273, 3185
0.06599950790405273, 3184
0.06599950790405273, 3183
0.06599950790405273, 3182
0.06599950790405273, 3181
0.06599950790405273, 3180
0.06599950790405273, 3179
0.0670006275177002, 3178
0.0670006275177002, 3177
0.0670006275177002, 3176
0.0670006275177002, 3175
0.0670006275177002, 3174
0.0670006275177002, 3173
0.0670006275177002, 3172
0.0670006275177002, 3171
0.0670006275177002, 3170
0.0670006275177002, 3169
0.0670006275177002, 3168
0.0670006275177002, 3167
0.0670006275177002, 3166
0.0670006275177002, 3165
0.0670006275177002, 3164
0.0670006275177002, 3163
0.0670006275177002, 3162
0.12799763679504395, 3161
0.12799763679504395, 3160
0.12799763679504395, 3159
0.12799763679504395, 3158
0.12799763679504395, 3157
0.12799763679504395, 3156
0.12799763679504395, 3155
0.12799763679504395, 3154
0.5730025768280029, 3153
0.5730025768280029, 3152
0.5730025768280029, 3151
0.5730025768280029, 3150
0.5730025768280029, 3149
0.5730025768280029, 3148
0.5730025768280029, 3147
0.5730025768280029, 3146
0.5730025768280029, 3145
0.5740025043487549, 3144
0.5740025043487549, 3143
0.5740025043487549, 3142
0.5740931034088135, 3141
1.5193967819213867, 3140
1.5193967819213867, 3139
1.5193967819213867, 3138
1.5193967819213867, 3137
1.966507911682129, 3136
1.966507911682129, 3135
1.966507911682129, 3134
1.966507911682129, 3133
1.966507911682129, 3132
1.966507911682129, 3131
1.966507911682129, 3130
5.832915544509888, 3129
5.832915544509888, 3128
5.832915544509888, 3127
5.832915544509888, 3126
5.832915544509888, 3125
5.832915544509888, 3124
6.319760322570801, 3123
6.319760322570801, 3122
6.319760322570801, 3121
6.319760322570801, 3120
6.319760322570801, 3119
6.319760322570801, 3118
6.319760322570801, 3117
6.319760322570801, 3116
9.607343435287476, 3115
9.607343435287476, 3114
9.607343435287476, 3113
9.607343435287476, 3112
9.607343435287476, 3111
