0.01599860191345215, 4860
0.016999483108520508, 4859
0.016999483108520508, 4858
0.016999483108520508, 4857
0.016999483108520508, 4856
0.016999483108520508, 4855
0.016999483108520508, 4854
0.016999483108520508, 4853
0.016999483108520508, 4852
0.016999483108520508, 4851
0.016999483108520508, 4850
0.016999483108520508, 4849
0.016999483108520508, 4848
0.016999483108520508, 4847
0.016999483108520508, 4846
0.016999483108520508, 4845
0.016999483108520508, 4844
0.016999483108520508, 4843
0.016999483108520508, 4842
0.016999483108520508, 4841
0.016999483108520508, 4840
0.016999483108520508, 4839
0.016999483108520508, 4838
0.016999483108520508, 4837
0.016999483108520508, 4836
0.016999483108520508, 4835
0.016999483108520508, 4834
0.016999483108520508, 4833
0.016999483108520508, 4832
0.016999483108520508, 4831
0.016999483108520508, 4830
0.016999483108520508, 4829
0.016999483108520508, 4828
0.016999483108520508, 4827
0.016999483108520508, 4826
0.016999483108520508, 4825
0.016999483108520508, 4824
0.016999483108520508, 4823
0.016999483108520508, 4822
0.016999483108520508, 4821
0.016999483108520508, 4820
0.016999483108520508, 4819
0.017998933792114258, 4818
0.017998933792114258, 4817
0.017998933792114258, 4816
0.017998933792114258, 4815
0.017998933792114258, 4814
0.017998933792114258, 4813
0.017998933792114258, 4812
0.017998933792114258, 4811
0.017998933792114258, 4810
0.017998933792114258, 4809
0.017998933792114258, 4808
0.017998933792114258, 4807
0.017998933792114258, 4806
0.017998933792114258, 4805
0.017998933792114258, 4804
0.017998933792114258, 4803
0.017998933792114258, 4802
0.017998933792114258, 4801
0.017998933792114258, 4800
0.017998933792114258, 4799
0.017998933792114258, 4798
0.017998933792114258, 4797
0.017998933792114258, 4796
0.017998933792114258, 4795
0.017998933792114258, 4794
0.017998933792114258, 4793
0.017998933792114258, 4792
0.017998933792114258, 4791
0.017998933792114258, 4790
0.017998933792114258, 4789
0.017998933792114258, 4788
0.017998933792114258, 4787
0.017998933792114258, 4786
0.017998933792114258, 4785
0.017998933792114258, 4784
0.017998933792114258, 4783
0.017998933792114258, 4782
0.017998933792114258, 4781
0.017998933792114258, 4780
0.017998933792114258, 4779
0.017998933792114258, 4778
0.017998933792114258, 4777
0.017998933792114258, 4776
0.018998146057128906, 4775
0.018998146057128906, 4774
0.018998146057128906, 4773
0.018998146057128906, 4772
0.018998146057128906, 4771
0.018998146057128906, 4770
0.018998146057128906, 4769
0.018998146057128906, 4768
0.018998146057128906, 4767
0.018998146057128906, 4766
0.018998146057128906, 4765
0.018998146057128906, 4764
0.018998146057128906, 4763
0.018998146057128906, 4762
0.018998146057128906, 4761
0.018998146057128906, 4760
0.018998146057128906, 4759
0.018998146057128906, 4758
0.018998146057128906, 4757
0.018998146057128906, 4756
0.018998146057128906, 4755
0.018998146057128906, 4754
0.018998146057128906, 4753
0.018998146057128906, 4752
0.018998146057128906, 4751
0.018998146057128906, 4750
0.018998146057128906, 4749
0.018998146057128906, 4748
0.018998146057128906, 4747
0.018998146057128906, 4746
0.018998146057128906, 4745
0.018998146057128906, 4744
0.018998146057128906, 4743
0.018998146057128906, 4742
0.018998146057128906, 4741
0.018998146057128906, 4740
0.018998146057128906, 4739
0.018998146057128906, 4738
0.018998146057128906, 4737
0.018998146057128906, 4736
0.018998146057128906, 4735
0.018998146057128906, 4734
0.018998146057128906, 4733
0.019998550415039062, 4732
0.019998550415039062, 4731
0.019998550415039062, 4730
0.019998550415039062, 4729
0.019998550415039062, 4728
0.019998550415039062, 4438
0.019998550415039062, 4437
0.019998550415039062, 4436
0.019998550415039062, 4435
0.019998550415039062, 4434
0.019998550415039062, 4433
0.019998550415039062, 4432
0.019998550415039062, 4431
0.019998550415039062, 4430
0.019998550415039062, 4429
0.019998550415039062, 4428
0.019998550415039062, 4427
0.07909417152404785, 3481
0.07909417152404785, 3480
0.07909417152404785, 3479
0.07909417152404785, 3478
0.07909417152404785, 3477
0.07909417152404785, 3476
0.07909417152404785, 3475
0.07909417152404785, 3474
0.07909417152404785, 3473
0.07909417152404785, 3472
0.07909417152404785, 3471
0.07909417152404785, 3470
0.07909417152404785, 3469
0.07909417152404785, 3468
0.07909417152404785, 3467
0.07909417152404785, 3466
0.07909417152404785, 3465
0.07999873161315918, 3464
0.07999873161315918, 3463
0.07999873161315918, 3462
0.07999873161315918, 3461
0.07999873161315918, 3460
0.07999873161315918, 3459
0.07999873161315918, 3458
0.07999873161315918, 3457
0.07999873161315918, 3456
0.07999873161315918, 3455
0.07999873161315918, 3454
0.07999873161315918, 3453
0.07999873161315918, 3452
0.07999873161315918, 3451
0.07999873161315918, 3450
0.07999873161315918, 3449
0.07999873161315918, 3448
0.07999873161315918, 3447
0.07999873161315918, 3446
0.07999873161315918, 3445
0.07999873161315918, 3444
0.07999873161315918, 3443
0.07999873161315918, 3442
0.07999873161315918, 3441
0.07999873161315918, 3440
0.07999873161315918, 3439
0.07999873161315918, 3438
0.07999873161315918, 3437
0.07999873161315918, 3436
0.07999873161315918, 3435
0.08099913597106934, 3434
0.08099913597106934, 3433
0.08099913597106934, 3432
0.08114814758300781, 3431
0.08199858665466309, 3430
0.08199858665466309, 3429
0.08199858665466309, 3428
0.08199858665466309, 3427
0.08199858665466309, 3426
0.08199858665466309, 3425
0.08199858665466309, 3424
0.08199858665466309, 3423
0.08199858665466309, 3422
0.08199858665466309, 3421
0.08199858665466309, 3420
0.08199858665466309, 3419
0.08199858665466309, 3418
0.08199858665466309, 3417
0.08199858665466309, 3416
0.08199858665466309, 3415
0.08199858665466309, 3414
0.08199858665466309, 3413
0.08299827575683594, 3412
0.08299827575683594, 3411
0.08299827575683594, 3410
0.08299827575683594, 3409
0.08299827575683594, 3408
0.08299827575683594, 3407
0.08299827575683594, 3406
0.08299827575683594, 3405
0.08299827575683594, 3404
0.08299827575683594, 3403
0.08299827575683594, 3402
0.08299827575683594, 3401
0.08299827575683594, 3400
0.08299827575683594, 3399
0.08299827575683594, 3398
0.08299827575683594, 3397
0.08299827575683594, 3396
0.08299827575683594, 3395
0.0839989185333252, 3394
0.0839989185333252, 3393
0.0839989185333252, 3392
0.0839989185333252, 3391
0.0839989185333252, 3390
0.0839989185333252, 3389
0.0839989185333252, 3388
0.0839989185333252, 3387
0.0839989185333252, 3386
0.0839989185333252, 3385
0.0839989185333252, 3384
0.0839989185333252, 3383
0.0839989185333252, 3382
0.0839989185333252, 3381
0.0839989185333252, 3380
0.0839989185333252, 3379
0.0839989185333252, 3378
0.0839989185333252, 3377
0.0839989185333252, 3376
0.0839989185333252, 3375
0.0839989185333252, 3374
0.0839989185333252, 3373
0.08499836921691895, 3372
0.08499836921691895, 3371
0.08505678176879883, 3370
0.08505678176879883, 3369
0.08505678176879883, 3368
0.08505678176879883, 3367
0.08505678176879883, 3366
0.08505678176879883, 3365
0.08505678176879883, 3364
0.08505678176879883, 3363
0.08505678176879883, 3362
0.08505678176879883, 3361
0.08505678176879883, 3360
0.08505678176879883, 3359
0.08505678176879883, 3358
0.08505678176879883, 3357
0.08505678176879883, 3356
0.08505678176879883, 3355
0.08505678176879883, 3354
0.08505678176879883, 3353
0.08505678176879883, 3352
0.08505678176879883, 3351
0.08505678176879883, 3350
0.08505678176879883, 3349
0.08505678176879883, 3348
0.08505678176879883, 3347
0.08505678176879883, 3346
0.08505678176879883, 3345
0.08505678176879883, 3344
0.08505678176879883, 3343
0.08505678176879883, 3342
0.08505678176879883, 3341
0.0859982967376709, 3340
0.0859982967376709, 3339
0.0859982967376709, 3338
0.0859982967376709, 3337
0.0859982967376709, 3336
0.0859982967376709, 3335
0.0859982967376709, 3334
0.0859982967376709, 3333
0.0859982967376709, 3332
0.0859982967376709, 3331
0.0859982967376709, 3330
0.0859982967376709, 3329
0.0859982967376709, 3328
0.0859982967376709, 3327
0.0859982967376709, 3326
0.0859982967376709, 3325
0.0859982967376709, 3324
0.0859982967376709, 3323
0.0859982967376709, 3322
0.0859982967376709, 3321
0.0859982967376709, 3320
0.0859982967376709, 3319
0.0859982967376709, 3318
0.0859982967376709, 3317
0.0859982967376709, 3316
0.0859982967376709, 3315
0.0859982967376709, 3314
0.0859982967376709, 3313
0.0859982967376709, 3312
0.08699893951416016, 3311
0.08699893951416016, 3310
0.08699893951416016, 3309
0.08699893951416016, 3308
0.08699893951416016, 3307
0.08699893951416016, 3306
0.08699893951416016, 3305
0.08699893951416016, 3304
0.08699893951416016, 3303
0.08699893951416016, 3302
0.08699893951416016, 3301
0.08699893951416016, 3300
0.08699893951416016, 3299
0.08699893951416016, 3298
0.08699893951416016, 3297
0.08699893951416016, 3296
0.08699893951416016, 3295
0.08699893951416016, 3294
0.08699893951416016, 3293
0.08699893951416016, 3292
0.08699893951416016, 3291
0.08699893951416016, 3290
0.08699893951416016, 3289
0.08699893951416016, 3288
0.08699893951416016, 3287
0.08699893951416016, 3286
0.08699893951416016, 3285
0.08699893951416016, 3284
0.08799862861633301, 3283
0.08799862861633301, 3282
0.08799862861633301, 3281
0.08799862861633301, 3280
0.08799862861633301, 3279
0.08799862861633301, 3278
0.08799862861633301, 3277
0.08799862861633301, 3276
0.08799862861633301, 3275
0.08799862861633301, 3274
0.08799862861633301, 3273
0.08799862861633301, 3272
0.08799862861633301, 3271
0.08799862861633301, 3270
0.08799862861633301, 3269
0.08799862861633301, 3268
0.08799862861633301, 3267
0.08799862861633301, 3266
0.08799862861633301, 3265
0.08799862861633301, 3264
0.08799862861633301, 3263
0.08799862861633301, 3262
0.08799862861633301, 3261
0.08799862861633301, 3260
0.08799862861633301, 3259
0.08799862861633301, 3258
0.08799862861633301, 3257
0.08799862861633301, 3256
0.08799862861633301, 3255
0.08799862861633301, 3254
0.08799862861633301, 3253
0.08899903297424316, 3252
0.08899903297424316, 3251
0.08899903297424316, 3250
0.08899903297424316, 3249
0.08899903297424316, 3248
0.08899903297424316, 3247
0.08899903297424316, 3246
0.08899903297424316, 3245
0.08899903297424316, 3244
0.08899903297424316, 3243
0.08899903297424316, 3242
0.08899903297424316, 3241
0.08899903297424316, 3240
0.08899903297424316, 3239
0.08899903297424316, 3238
0.08899903297424316, 3237
0.08899903297424316, 3236
0.08899903297424316, 3235
0.08899903297424316, 3234
0.08899903297424316, 3233
0.08899903297424316, 3232
0.08899903297424316, 3231
0.08899903297424316, 3230
0.08899903297424316, 3229
0.08899903297424316, 3228
0.08899903297424316, 3227
0.08899903297424316, 3226
0.08899903297424316, 3225
0.08999896049499512, 3224
0.08999896049499512, 3223
0.08999896049499512, 3222
0.08999896049499512, 3221
0.09008073806762695, 3220
0.09008073806762695, 3219
0.09008073806762695, 3218
0.09008073806762695, 3217
0.09008073806762695, 3216
0.09008073806762695, 3215
0.09008073806762695, 3214
0.09008073806762695, 3213
0.09008073806762695, 3212
0.09008073806762695, 3211
0.09008073806762695, 3210
0.09008073806762695, 3209
0.09008073806762695, 3208
0.09008073806762695, 3207
0.09008073806762695, 3206
0.09008073806762695, 3205
0.09008073806762695, 3204
0.09008073806762695, 3203
0.09008073806762695, 3202
0.09008073806762695, 3201
0.09008073806762695, 3200
0.09008073806762695, 3199
0.09008073806762695, 3198
0.09008073806762695, 3197
0.09008073806762695, 3196
0.09008073806762695, 3195
0.09008073806762695, 3194
0.09008073806762695, 3193
0.09008073806762695, 3192
0.09008073806762695, 3191
0.09008073806762695, 3190
0.09099864959716797, 3189
0.09099864959716797, 3188
0.09099864959716797, 3187
0.09099864959716797, 3186
0.09099864959716797, 3185
0.09099864959716797, 3184
0.09099864959716797, 3183
0.09099864959716797, 3182
0.09099864959716797, 3181
0.09099864959716797, 3180
0.09099864959716797, 3179
0.09099864959716797, 3178
0.09099864959716797, 3177
0.09099864959716797, 3176
0.09099864959716797, 3175
0.09099864959716797, 3174
0.09099864959716797, 3173
0.09099864959716797, 3172
0.09099864959716797, 3171
0.09099864959716797, 3170
0.09099864959716797, 3169
0.09099864959716797, 3168
0.09099864959716797, 3167
0.09099864959716797, 3166
0.09099864959716797, 3165
0.09099864959716797, 3164
0.09099864959716797, 3163
0.09099864959716797, 3162
0.12599873542785645, 3161
0.12599873542785645, 3160
0.12599873542785645, 3159
0.12599873542785645, 3158
0.12599873542785645, 3157
0.12599873542785645, 3156
0.1269981861114502, 3155
0.1269981861114502, 3154
0.2820007801055908, 3153
0.2820007801055908, 3152
0.2820007801055908, 3151
0.2820007801055908, 3150
0.2820007801055908, 3149
0.2820007801055908, 3148
0.2820007801055908, 3147
0.2820007801055908, 3146
0.2820007801055908, 3145
0.28299880027770996, 3144
0.28299880027770996, 3143
0.28299880027770996, 3142
0.28299880027770996, 3141
0.28299880027770996, 3140
0.28299880027770996, 3139
0.28299880027770996, 3138
2.81500244140625, 3137
2.81500244140625, 3136
2.81500244140625, 3135
2.81500244140625, 3134
2.81500244140625, 3133
2.81500244140625, 3132
2.81500244140625, 3131
3.4110031127929688, 3130
3.4110031127929688, 3129
3.4110031127929688, 3128
3.4110031127929688, 3127
3.4110031127929688, 3126
3.4110031127929688, 3125
3.4110031127929688, 3124
3.4110031127929688, 3123
3.4110031127929688, 3122
5.524513244628906, 3121
5.524513244628906, 3120
5.524513244628906, 3119
5.524513244628906, 3118
5.524513244628906, 3117
5.524513244628906, 3116
5.524513244628906, 3115
5.524513244628906, 3114
5.524513244628906, 3113
5.524513244628906, 3112
5.524513244628906, 3111
5.524513244628906, 3110
5.524513244628906, 3109
5.524513244628906, 3108
5.524513244628906, 3107
5.524513244628906, 3106
5.524513244628906, 3105
5.524513244628906, 3104
6.065847873687744, 3103
6.065847873687744, 3102
6.065847873687744, 3101
6.065847873687744, 3100
