0.017518281936645508, 4892
0.017518281936645508, 4891
0.017518281936645508, 4890
0.017518281936645508, 4889
0.017518281936645508, 4888
0.017518281936645508, 4887
0.017518281936645508, 4886
0.017518281936645508, 4885
0.017518281936645508, 4884
0.017518281936645508, 4883
0.017518281936645508, 4882
0.017518281936645508, 4881
0.017518281936645508, 4880
0.017518281936645508, 4879
0.01851820945739746, 4878
0.01851820945739746, 4877
0.01851820945739746, 4876
0.01851820945739746, 4875
0.01851820945739746, 4874
0.01851820945739746, 4873
0.01851820945739746, 4872
0.01851820945739746, 4871
0.01851820945739746, 4870
0.01851820945739746, 4869
0.01851820945739746, 4868
0.01851820945739746, 4867
0.01851820945739746, 4866
0.01851820945739746, 4865
0.01851820945739746, 4864
0.01851820945739746, 4863
0.01851820945739746, 4862
0.01851820945739746, 4861
0.01851820945739746, 4860
0.01851820945739746, 4859
0.01851820945739746, 4858
0.01851820945739746, 4857
0.01851820945739746, 4856
0.01851820945739746, 4855
0.01851820945739746, 4854
0.01851820945739746, 4853
0.01851820945739746, 4852
0.01851820945739746, 4851
0.01851820945739746, 4850
0.01851820945739746, 4849
0.01851820945739746, 4848
0.01851820945739746, 4847
0.01851820945739746, 4846
0.01851820945739746, 4845
0.01851820945739746, 4844
0.01851820945739746, 4843
0.01851820945739746, 4842
0.01851820945739746, 4841
0.01851820945739746, 4840
0.01851820945739746, 4839
0.01851820945739746, 4838
0.01851820945739746, 4837
0.019518375396728516, 4836
0.019518375396728516, 4835
0.019518375396728516, 4834
0.019518375396728516, 4833
0.019518375396728516, 4832
0.019518375396728516, 4831
0.019518375396728516, 4830
0.019518375396728516, 4829
0.019518375396728516, 4828
0.019518375396728516, 4827
0.019518375396728516, 4826
0.019518375396728516, 4825
0.019518375396728516, 4824
0.019518375396728516, 4823
0.019518375396728516, 4822
0.019518375396728516, 4821
0.019518375396728516, 4820
0.019518375396728516, 4819
0.019518375396728516, 4818
0.019518375396728516, 4817
0.019518375396728516, 4816
0.019518375396728516, 4815
0.019518375396728516, 4814
0.019518375396728516, 4813
0.019518375396728516, 4812
0.019518375396728516, 4811
0.019518375396728516, 4810
0.019518375396728516, 4809
0.019518375396728516, 4808
0.019518375396728516, 4807
0.019518375396728516, 4806
0.019518375396728516, 4805
0.019518375396728516, 4804
0.019518375396728516, 4803
0.019518375396728516, 4802
0.019518375396728516, 4801
0.019518375396728516, 4800
0.019518375396728516, 4799
0.019518375396728516, 4798
0.019518375396728516, 4797
0.019518375396728516, 4796
0.019518375396728516, 4795
0.019518375396728516, 4794
0.020517587661743164, 4793
0.020517587661743164, 4792
0.020517587661743164, 4791
0.020517587661743164, 4790
0.020517587661743164, 4789
0.020517587661743164, 4788
0.020517587661743164, 4787
0.020517587661743164, 4786
0.020517587661743164, 4785
0.020517587661743164, 4784
0.020517587661743164, 4783
0.020517587661743164, 4782
0.020517587661743164, 4781
0.020517587661743164, 4780
0.020517587661743164, 4779
0.020517587661743164, 4778
0.020517587661743164, 4777
0.020517587661743164, 4776
0.020517587661743164, 4775
0.020517587661743164, 4774
0.020517587661743164, 4773
0.020517587661743164, 4772
0.020517587661743164, 4771
0.020517587661743164, 4770
0.020517587661743164, 4769
0.020517587661743164, 4768
0.020517587661743164, 4767
0.020517587661743164, 4766
0.020517587661743164, 4765
0.020517587661743164, 4764
0.020517587661743164, 4763
0.020517587661743164, 4762
0.020517587661743164, 4761
0.020517587661743164, 4760
0.020517587661743164, 4759
0.020517587661743164, 4758
0.020517587661743164, 4757
0.020517587661743164, 4756
0.020517587661743164, 4755
0.020517587661743164, 4754
0.020517587661743164, 4753
0.020517587661743164, 4752
0.020517587661743164, 4751
0.020517587661743164, 4750
0.021517515182495117, 4749
0.021517515182495117, 4748
0.021517515182495117, 4747
0.021517515182495117, 4746
0.021517515182495117, 4745
0.021517515182495117, 4744
0.021517515182495117, 4743
0.021517515182495117, 4742
0.021517515182495117, 4741
0.021517515182495117, 4740
0.021517515182495117, 4739
0.021517515182495117, 4738
0.021517515182495117, 4737
0.021517515182495117, 4736
0.021517515182495117, 4735
0.021517515182495117, 4734
0.021517515182495117, 4733
0.021517515182495117, 4732
0.021517515182495117, 4731
0.021517515182495117, 4730
0.021517515182495117, 4729
0.021517515182495117, 4728
0.021517515182495117, 4727
0.021517515182495117, 4726
0.021517515182495117, 4725
0.021517515182495117, 4724
0.021517515182495117, 4723
0.021517515182495117, 4722
0.021517515182495117, 4721
0.021517515182495117, 4720
0.021517515182495117, 4719
0.021517515182495117, 4718
0.021517515182495117, 4717
0.021517515182495117, 4716
0.021517515182495117, 4715
0.021517515182495117, 4714
0.021517515182495117, 4713
0.021517515182495117, 4712
0.021517515182495117, 4711
0.021517515182495117, 4710
0.021517515182495117, 4709
0.021517515182495117, 4708
0.021517515182495117, 4707
0.022517919540405273, 4706
0.022517919540405273, 4705
0.022517919540405273, 4704
0.022517919540405273, 4703
0.022517919540405273, 4702
0.022517919540405273, 4701
0.022517919540405273, 4700
0.022517919540405273, 4699
0.022517919540405273, 4698
0.022517919540405273, 4697
0.022517919540405273, 4696
0.022517919540405273, 4695
0.022517919540405273, 4694
0.022517919540405273, 4693
0.022517919540405273, 4692
0.022517919540405273, 4691
0.022517919540405273, 4690
0.022517919540405273, 4689
0.022517919540405273, 4688
0.022517919540405273, 4687
0.022517919540405273, 4686
0.022517919540405273, 4685
0.022517919540405273, 4684
0.022517919540405273, 4683
0.022517919540405273, 4682
0.022517919540405273, 4681
0.022517919540405273, 4680
0.022517919540405273, 4679
0.022517919540405273, 4678
0.022517919540405273, 4677
0.022517919540405273, 4676
0.022517919540405273, 4675
0.022517919540405273, 4674
0.022517919540405273, 4673
0.022517919540405273, 4672
0.022517919540405273, 4671
0.022517919540405273, 4670
0.022517919540405273, 4669
0.022517919540405273, 4668
0.022517919540405273, 4667
0.022517919540405273, 4666
0.022517919540405273, 4665
0.023517847061157227, 4664
0.023517847061157227, 4663
0.023517847061157227, 4662
0.023517847061157227, 4661
0.023517847061157227, 4660
0.023517847061157227, 4659
0.023517847061157227, 4658
0.023517847061157227, 4657
0.023517847061157227, 4656
0.023517847061157227, 4655
0.023517847061157227, 4654
0.023517847061157227, 4653
0.023517847061157227, 4652
0.023517847061157227, 4651
0.023517847061157227, 4650
0.023517847061157227, 4649
0.023517847061157227, 4648
0.023517847061157227, 4647
0.023517847061157227, 4646
0.023517847061157227, 4645
0.023517847061157227, 4644
0.023517847061157227, 4643
0.023517847061157227, 4642
0.023517847061157227, 4641
0.023517847061157227, 4640
0.023517847061157227, 4639
0.023517847061157227, 4638
0.023517847061157227, 4637
0.023517847061157227, 4636
0.023517847061157227, 4635
0.023517847061157227, 4634
0.023517847061157227, 4633
0.023517847061157227, 4632
0.023517847061157227, 4631
0.023517847061157227, 4630
0.023517847061157227, 4629
0.023517847061157227, 4628
0.023517847061157227, 4627
0.023517847061157227, 4626
0.023517847061157227, 4625
0.023517847061157227, 4624
0.023517847061157227, 4623
0.024517536163330078, 4622
0.024517536163330078, 4621
0.024517536163330078, 4620
0.024517536163330078, 4619
0.024517536163330078, 4618
0.024517536163330078, 4617
0.024517536163330078, 4616
0.024517536163330078, 4615
0.024517536163330078, 4614
0.024517536163330078, 4613
0.024517536163330078, 4612
0.024517536163330078, 4611
0.024517536163330078, 4610
0.024517536163330078, 4609
0.024517536163330078, 4608
0.024517536163330078, 4607
0.024517536163330078, 4606
0.024517536163330078, 4605
0.024517536163330078, 4604
0.024517536163330078, 4603
0.024517536163330078, 4602
0.024517536163330078, 4601
0.024517536163330078, 4600
0.024517536163330078, 4599
0.024517536163330078, 4598
0.024517536163330078, 4597
0.024517536163330078, 4596
0.024517536163330078, 4595
0.024517536163330078, 4594
0.024517536163330078, 4593
0.024517536163330078, 4592
0.024517536163330078, 4591
0.024517536163330078, 4590
0.024517536163330078, 4589
0.024517536163330078, 4588
0.024517536163330078, 4587
0.024517536163330078, 4586
0.024517536163330078, 4585
0.024517536163330078, 4584
0.024517536163330078, 4583
0.02551746368408203, 4582
0.02551746368408203, 4581
0.02551746368408203, 4580
0.02551746368408203, 4579
0.02551746368408203, 4578
0.02551746368408203, 4577
0.02551746368408203, 4576
0.02551746368408203, 4575
0.02551746368408203, 4574
0.02551746368408203, 4573
0.02551746368408203, 4572
0.02551746368408203, 4571
0.02551746368408203, 4570
0.02551746368408203, 4569
0.02551746368408203, 4568
0.02551746368408203, 4567
0.02551746368408203, 4566
0.02551746368408203, 4565
0.02551746368408203, 4564
0.02551746368408203, 4563
0.02551746368408203, 4562
0.02551746368408203, 4561
0.02551746368408203, 4560
0.02551746368408203, 4559
0.02551746368408203, 4558
0.02551746368408203, 4557
0.02551746368408203, 4556
0.02551746368408203, 4555
0.02551746368408203, 4554
0.02551746368408203, 4553
0.02551746368408203, 4552
0.02551746368408203, 4551
0.02551746368408203, 4550
0.11522412300109863, 3453
0.11522412300109863, 3452
0.11522412300109863, 3451
0.11522412300109863, 3450
0.11522412300109863, 3449
0.11522412300109863, 3448
0.11522412300109863, 3447
0.11522412300109863, 3446
0.11522412300109863, 3445
0.11522412300109863, 3444
0.11522412300109863, 3443
0.11522412300109863, 3442
0.11522412300109863, 3441
0.11522412300109863, 3440
0.11522412300109863, 3439
0.11522412300109863, 3438
0.11522412300109863, 3437
0.11522412300109863, 3436
0.11522412300109863, 3435
0.11522412300109863, 3434
0.11522412300109863, 3433
0.11522412300109863, 3432
0.11522412300109863, 3431
0.11522412300109863, 3430
0.11522412300109863, 3429
0.11522412300109863, 3428
0.11522412300109863, 3427
0.11522412300109863, 3426
0.11522412300109863, 3425
0.11522412300109863, 3424
0.11622357368469238, 3423
0.11622357368469238, 3422
0.11622357368469238, 3421
0.11622357368469238, 3420
0.11622357368469238, 3419
0.11622357368469238, 3418
0.11622357368469238, 3417
0.11622357368469238, 3416
0.11622357368469238, 3415
0.11622357368469238, 3414
0.11622357368469238, 3413
0.11622357368469238, 3412
0.11622357368469238, 3411
0.11622357368469238, 3410
0.11622357368469238, 3409
0.11622357368469238, 3408
0.11622357368469238, 3407
0.11622357368469238, 3406
0.11622357368469238, 3405
0.11622357368469238, 3404
0.11622357368469238, 3403
0.11622357368469238, 3402
0.11622357368469238, 3401
0.11722397804260254, 3400
0.11722397804260254, 3399
0.11722397804260254, 3398
0.11722397804260254, 3397
0.11722397804260254, 3396
0.11722397804260254, 3395
0.11722397804260254, 3394
0.11722397804260254, 3393
0.11722397804260254, 3392
0.11722397804260254, 3391
0.11722397804260254, 3390
0.11722397804260254, 3389
0.11722397804260254, 3388
0.11722397804260254, 3387
0.11722397804260254, 3386
0.11822390556335449, 3385
0.11822390556335449, 3384
0.11822390556335449, 3383
0.11822390556335449, 3382
0.11822390556335449, 3381
0.11822390556335449, 3380
0.11822390556335449, 3379
0.11822390556335449, 3378
0.11822390556335449, 3377
0.11822390556335449, 3376
0.11822390556335449, 3375
0.11822390556335449, 3374
0.11822390556335449, 3373
0.11822390556335449, 3372
0.11822390556335449, 3371
0.11822390556335449, 3370
0.11822390556335449, 3369
0.11822390556335449, 3368
0.11822390556335449, 3367
0.11822390556335449, 3366
0.11822390556335449, 3365
0.11822390556335449, 3364
0.11822390556335449, 3363
0.11822390556335449, 3362
0.11822390556335449, 3361
0.11822390556335449, 3360
0.11822390556335449, 3359
0.11822390556335449, 3358
0.11822390556335449, 3357
0.11822390556335449, 3356
0.11925745010375977, 3355
0.11925745010375977, 3354
0.11925745010375977, 3353
0.11925745010375977, 3352
0.11925745010375977, 3351
0.11925745010375977, 3350
0.11925745010375977, 3349
0.11925745010375977, 3348
0.11925745010375977, 3347
0.11925745010375977, 3346
0.11925745010375977, 3345
0.11925745010375977, 3344
0.11925745010375977, 3343
0.11925745010375977, 3342
0.11925745010375977, 3341
0.11925745010375977, 3340
0.11925745010375977, 3339
0.11925745010375977, 3338
0.11925745010375977, 3337
0.11925745010375977, 3336
0.11925745010375977, 3335
0.11925745010375977, 3334
0.11925745010375977, 3333
0.11925745010375977, 3332
0.11925745010375977, 3331
0.11925745010375977, 3330
0.12025761604309082, 3329
0.12025761604309082, 3328
0.12025761604309082, 3327
0.12025761604309082, 3326
0.12025761604309082, 3325
0.12025761604309082, 3324
0.12025761604309082, 3323
0.12025761604309082, 3322
0.12025761604309082, 3321
0.12025761604309082, 3320
0.12025761604309082, 3319
0.12025761604309082, 3318
0.12025761604309082, 3317
0.12025761604309082, 3316
0.12025761604309082, 3315
0.12025761604309082, 3314
0.12025761604309082, 3313
0.12025761604309082, 3312
0.12025761604309082, 3311
0.12025761604309082, 3310
0.12025761604309082, 3309
0.12025761604309082, 3308
0.12025761604309082, 3307
0.12025761604309082, 3306
0.12025761604309082, 3305
0.12025761604309082, 3304
0.12025761604309082, 3303
0.12025761604309082, 3302
0.12125730514526367, 3301
0.12125730514526367, 3300
0.12125730514526367, 3299
0.12125730514526367, 3298
0.12125730514526367, 3297
0.12125730514526367, 3296
0.12125730514526367, 3295
0.12125730514526367, 3294
0.12125730514526367, 3293
0.12125730514526367, 3292
0.12125730514526367, 3291
0.12125730514526367, 3290
0.12125730514526367, 3289
0.12125730514526367, 3288
0.12125730514526367, 3287
0.12125730514526367, 3286
0.12125730514526367, 3285
0.12125730514526367, 3284
0.12125730514526367, 3283
0.12125730514526367, 3282
0.12125730514526367, 3281
0.12125730514526367, 3280
0.12125730514526367, 3279
0.12125730514526367, 3278
0.12125730514526367, 3277
0.12125730514526367, 3276
0.12125730514526367, 3275
0.12125730514526367, 3274
0.12125730514526367, 3273
0.12225747108459473, 3272
0.12225747108459473, 3271
0.12225747108459473, 3270
0.12225747108459473, 3269
0.12225747108459473, 3268
0.12225747108459473, 3267
0.12225747108459473, 3266
0.12225747108459473, 3265
0.12225747108459473, 3264
0.12225747108459473, 3263
0.12225747108459473, 3262
0.12225747108459473, 3261
0.12225747108459473, 3260
0.12225747108459473, 3259
0.12225747108459473, 3258
0.12225747108459473, 3257
0.12225747108459473, 3256
0.12225747108459473, 3255
0.12225747108459473, 3254
0.12225747108459473, 3253
0.12225747108459473, 3252
0.12225747108459473, 3251
0.12225747108459473, 3250
0.12225747108459473, 3249
0.12225747108459473, 3248
0.12225747108459473, 3247
0.12225747108459473, 3246
0.12225747108459473, 3245
0.12225747108459473, 3244
0.12225747108459473, 3243
0.12225747108459473, 3242
0.12225747108459473, 3241
0.12325716018676758, 3240
0.12325716018676758, 3239
0.12325716018676758, 3238
0.12325716018676758, 3237
0.12325716018676758, 3236
0.12325716018676758, 3235
0.12325716018676758, 3234
0.12325716018676758, 3233
0.12325716018676758, 3232
0.12325716018676758, 3231
0.12325716018676758, 3230
0.12325716018676758, 3229
0.12325716018676758, 3228
0.12325716018676758, 3227
0.12325716018676758, 3226
0.12325716018676758, 3225
0.12325716018676758, 3224
0.12325716018676758, 3223
0.12325716018676758, 3222
0.12325716018676758, 3221
0.12325716018676758, 3220
0.12325716018676758, 3219
0.12325716018676758, 3218
0.12325716018676758, 3217
0.12325716018676758, 3216
0.12325716018676758, 3215
0.12325716018676758, 3214
0.12325716018676758, 3213
0.12325716018676758, 3212
0.12325716018676758, 3211
0.12325716018676758, 3210
0.12325716018676758, 3209
0.12325716018676758, 3208
0.12425708770751953, 3207
0.12425708770751953, 3206
0.12425708770751953, 3205
0.12425708770751953, 3204
0.12425708770751953, 3203
0.12425708770751953, 3202
0.12425708770751953, 3201
0.12425708770751953, 3200
0.12425708770751953, 3199
0.12425708770751953, 3198
0.1518254280090332, 3197
0.1518254280090332, 3196
0.1518254280090332, 3195
0.1518254280090332, 3194
0.1518254280090332, 3193
0.1518254280090332, 3192
0.1518254280090332, 3191
0.1518254280090332, 3190
0.1518254280090332, 3189
0.1518254280090332, 3188
0.1518254280090332, 3187
0.1518254280090332, 3186
0.1518254280090332, 3185
0.1518254280090332, 3184
0.1518254280090332, 3183
0.1518254280090332, 3182
0.1518254280090332, 3181
0.1518254280090332, 3180
0.1518254280090332, 3179
0.1518254280090332, 3178
0.1518254280090332, 3177
0.15246987342834473, 3176
0.15246987342834473, 3175
0.15246987342834473, 3174
0.15246987342834473, 3173
0.213165283203125, 3172
0.213165283203125, 3171
0.213165283203125, 3170
0.213165283203125, 3169
0.213165283203125, 3168
0.213165283203125, 3167
0.213165283203125, 3166
0.213165283203125, 3165
0.213165283203125, 3164
0.3990147113800049, 3163
0.3990147113800049, 3162
0.3990147113800049, 3161
0.4000110626220703, 3160
0.4000110626220703, 3159
0.4000110626220703, 3158
0.4000110626220703, 3157
0.4000110626220703, 3156
0.4000110626220703, 3155
0.4000110626220703, 3154
0.4000110626220703, 3153
0.4000110626220703, 3152
0.4000110626220703, 3151
0.4000110626220703, 3150
0.4000110626220703, 3149
0.4000110626220703, 3148
0.4000110626220703, 3147
0.4000110626220703, 3146
0.4000110626220703, 3145
0.4000110626220703, 3144
0.4000110626220703, 3143
0.4000110626220703, 3142
0.4000110626220703, 3141
0.4000110626220703, 3140
0.4000110626220703, 3139
0.4000110626220703, 3138
0.4000110626220703, 3137
0.4000110626220703, 3136
0.4000110626220703, 3135
0.4000110626220703, 3134
0.4000110626220703, 3133
0.4000110626220703, 3132
0.4000110626220703, 3131
0.4000110626220703, 3130
0.4000110626220703, 3129
0.4000110626220703, 3128
0.40101122856140137, 3127
0.40101122856140137, 3126
0.40101122856140137, 3125
0.40101122856140137, 3124
0.40101122856140137, 3123
0.40101122856140137, 3122
0.40101122856140137, 3121
9.686089038848877, 3120
9.686089038848877, 3119
9.942176580429077, 3113
9.943176746368408, 3112
9.943176746368408, 3111
9.943176746368408, 3110
9.943176746368408, 3109
9.943176746368408, 3108
9.943176746368408, 3107
9.943176746368408, 3106
9.943176746368408, 3105
9.943176746368408, 3104
