0.023000001907348633, 4927
0.023999691009521484, 4926
0.023999691009521484, 4925
0.023999691009521484, 4924
0.023999691009521484, 4923
0.023999691009521484, 4922
0.023999691009521484, 4921
0.023999691009521484, 4920
0.023999691009521484, 4919
0.023999691009521484, 4918
0.023999691009521484, 4917
0.023999691009521484, 4916
0.023999691009521484, 4915
0.023999691009521484, 4914
0.023999691009521484, 4913
0.023999691009521484, 4912
0.024999380111694336, 4911
0.024999380111694336, 4910
0.024999380111694336, 4909
0.024999380111694336, 4908
0.024999380111694336, 4907
0.024999380111694336, 4906
0.024999380111694336, 4905
0.024999380111694336, 4904
0.024999380111694336, 4903
0.024999380111694336, 4902
0.024999380111694336, 4901
0.024999380111694336, 4900
0.024999380111694336, 4899
0.024999380111694336, 4898
0.024999380111694336, 4897
0.026000261306762695, 4896
0.026000261306762695, 4895
0.026000261306762695, 4894
0.026000261306762695, 4893
0.026000261306762695, 4892
0.026000261306762695, 4891
0.026000261306762695, 4890
0.026000261306762695, 4889
0.026000261306762695, 4888
0.026000261306762695, 4887
0.026000261306762695, 4886
0.026000261306762695, 4885
0.026000261306762695, 4884
0.026000261306762695, 4883
0.026000261306762695, 4882
0.026000261306762695, 4881
0.02700042724609375, 4880
0.02700042724609375, 4879
0.02700042724609375, 4878
0.02700042724609375, 4877
0.02700042724609375, 4876
0.02700042724609375, 4875
0.02700042724609375, 4874
0.02700042724609375, 4873
0.02700042724609375, 4872
0.02700042724609375, 4871
0.02700042724609375, 4870
0.02700042724609375, 4869
0.02700042724609375, 4868
0.02700042724609375, 4867
0.02700042724609375, 4866
0.028000593185424805, 4865
0.028000593185424805, 4864
0.028000593185424805, 4863
0.028000593185424805, 4862
0.028000593185424805, 4861
0.028000593185424805, 4860
0.028000593185424805, 4859
0.028000593185424805, 4858
0.028000593185424805, 4857
0.028000593185424805, 4856
0.028000593185424805, 4855
0.028000593185424805, 4854
0.028000593185424805, 4853
0.028000593185424805, 4852
0.028000593185424805, 4851
0.02900099754333496, 4850
0.02900099754333496, 4849
0.02900099754333496, 4848
0.02900099754333496, 4847
0.02900099754333496, 4846
0.02900099754333496, 4845
0.02900099754333496, 4844
0.02900099754333496, 4843
0.02900099754333496, 4842
0.02900099754333496, 4841
0.02900099754333496, 4840
0.02900099754333496, 4839
0.02900099754333496, 4838
0.02900099754333496, 4837
0.030000686645507812, 4836
0.030000686645507812, 4835
0.030000686645507812, 4834
0.030000686645507812, 4833
0.030000686645507812, 4832
0.030000686645507812, 4831
0.030000686645507812, 4830
0.030000686645507812, 4829
0.030000686645507812, 4828
0.030000686645507812, 4827
0.030000686645507812, 4826
0.030000686645507812, 4825
0.030000686645507812, 4824
0.030000686645507812, 4823
0.030000686645507812, 4822
0.031000375747680664, 4821
0.031000375747680664, 4820
0.031000375747680664, 4819
0.031000375747680664, 4818
0.031000375747680664, 4817
0.031000375747680664, 4816
0.031000375747680664, 4815
0.031000375747680664, 4814
0.031000375747680664, 4813
0.031000375747680664, 4812
0.031000375747680664, 4811
0.031000375747680664, 4810
0.031000375747680664, 4809
0.031000375747680664, 4808
0.031000375747680664, 4807
0.12400031089782715, 4806
0.12400031089782715, 4805
0.12400031089782715, 4804
0.12400031089782715, 4803
0.12400031089782715, 4802
0.12400031089782715, 4801
0.12400031089782715, 4800
0.1679999828338623, 4799
0.1679999828338623, 4798
0.1679999828338623, 4797
0.1679999828338623, 4796
0.1679999828338623, 4795
0.1679999828338623, 4794
0.1679999828338623, 4793
0.1679999828338623, 4792
0.1679999828338623, 4791
0.1679999828338623, 4790
0.16900110244750977, 4789
0.16900110244750977, 4788
0.16900110244750977, 4787
0.16900110244750977, 4786
0.16900110244750977, 4785
0.16900110244750977, 4784
0.16900110244750977, 4783
0.16900110244750977, 4782
0.16900110244750977, 4781
0.16900110244750977, 4780
0.16900110244750977, 4779
0.16900110244750977, 4778
0.16900110244750977, 4777
0.16900110244750977, 4776
0.16900110244750977, 4775
0.17000126838684082, 4774
0.17000126838684082, 4773
0.17000126838684082, 4772
0.17000126838684082, 4771
0.17000126838684082, 4770
0.17000126838684082, 4769
0.17000126838684082, 4768
0.17000126838684082, 4767
0.17000126838684082, 4766
0.17000126838684082, 4765
0.17000126838684082, 4764
0.17000126838684082, 4763
0.17000126838684082, 4762
0.17000126838684082, 4761
0.17000126838684082, 4760
0.17100119590759277, 4759
0.17100119590759277, 4758
0.17100119590759277, 4757
0.17100119590759277, 4756
0.17100119590759277, 4755
0.17100119590759277, 4754
0.17100119590759277, 4753
0.17100119590759277, 4752
0.17100119590759277, 4751
0.17100119590759277, 4750
0.17100119590759277, 4749
0.17100119590759277, 4748
0.17100119590759277, 4747
0.17100119590759277, 4746
0.17100119590759277, 4745
0.17200064659118652, 4744
0.17200064659118652, 4743
0.17200064659118652, 4742
0.17200064659118652, 4741
0.17200064659118652, 4740
0.17200064659118652, 4739
0.17200064659118652, 4738
0.17200064659118652, 4737
0.17200064659118652, 4736
0.17200064659118652, 4735
0.17200064659118652, 4734
0.17200064659118652, 4733
0.17200064659118652, 4732
0.17200064659118652, 4731
0.17200064659118652, 4730
0.17200064659118652, 4729
0.26199984550476074, 4728
0.28600025177001953, 3290
0.28600025177001953, 3289
0.28600025177001953, 3288
0.28600025177001953, 3287
0.2870004177093506, 3286
0.2870004177093506, 3285
0.2870004177093506, 3284
0.2870004177093506, 3283
0.2870004177093506, 3282
0.2870004177093506, 3281
0.2870004177093506, 3280
0.2870004177093506, 3279
0.2870004177093506, 3278
0.2870004177093506, 3277
0.2870004177093506, 3276
0.2870004177093506, 3275
0.2870004177093506, 3274
0.2870004177093506, 3273
0.28800082206726074, 3272
0.28800082206726074, 3271
0.28800082206726074, 3270
0.28800082206726074, 3269
0.28800082206726074, 3268
0.28800082206726074, 3267
0.28800082206726074, 3266
0.28800082206726074, 3265
0.28800082206726074, 3264
0.28800082206726074, 3263
0.28800082206726074, 3262
0.28800082206726074, 3261
0.28800082206726074, 3260
0.28800082206726074, 3259
0.2890005111694336, 3258
0.2890005111694336, 3257
0.2890005111694336, 3256
0.2890005111694336, 3255
0.2890005111694336, 3254
0.2890005111694336, 3253
0.2890005111694336, 3252
0.2890005111694336, 3251
0.2890005111694336, 3250
0.2890005111694336, 3249
0.29000020027160645, 3248
0.29000020027160645, 3247
0.29000020027160645, 3246
0.29000020027160645, 3245
0.29000020027160645, 3244
0.29000020027160645, 3243
0.29000020027160645, 3242
0.29000020027160645, 3241
0.29000020027160645, 3240
0.29000020027160645, 3239
0.29000020027160645, 3238
0.29000020027160645, 3237
0.29000020027160645, 3236
0.2910003662109375, 3235
0.2910003662109375, 3234
0.2910003662109375, 3233
0.2910003662109375, 3232
0.2910003662109375, 3231
0.2910003662109375, 3230
0.2910003662109375, 3229
0.2910003662109375, 3228
0.2910003662109375, 3227
0.2910003662109375, 3226
0.2910003662109375, 3225
0.2910003662109375, 3224
0.2910003662109375, 3223
0.2910003662109375, 3222
0.2910003662109375, 3221
0.29200005531311035, 3220
0.29200005531311035, 3219
0.29200005531311035, 3218
0.29200005531311035, 3217
0.29200005531311035, 3216
0.29200005531311035, 3215
0.29200005531311035, 3214
0.29200005531311035, 3213
0.29200005531311035, 3212
0.29200005531311035, 3211
0.29200005531311035, 3210
0.29200005531311035, 3209
0.29200005531311035, 3208
0.29200005531311035, 3207
0.2930002212524414, 3206
0.2930002212524414, 3205
0.2930002212524414, 3204
0.2930002212524414, 3203
0.2930002212524414, 3202
0.2930002212524414, 3201
0.2930002212524414, 3200
0.2930002212524414, 3199
0.2930002212524414, 3198
0.2930002212524414, 3197
0.2930002212524414, 3196
0.2930002212524414, 3195
0.2930002212524414, 3194
0.29400014877319336, 3193
0.29400014877319336, 3192
0.29400014877319336, 3191
0.29400014877319336, 3190
0.29400014877319336, 3189
0.29400014877319336, 3188
0.29400014877319336, 3187
0.29400014877319336, 3186
0.29400014877319336, 3185
0.29400014877319336, 3184
0.29400014877319336, 3183
0.29400014877319336, 3182
0.29400014877319336, 3181
0.2950005531311035, 3180
0.2950005531311035, 3179
0.2950005531311035, 3178
0.2950005531311035, 3177
0.2950005531311035, 3176
0.2950005531311035, 3175
0.2950005531311035, 3174
0.2950005531311035, 3173
0.2950005531311035, 3172
0.2950005531311035, 3171
0.2950005531311035, 3170
0.2950005531311035, 3169
0.29600048065185547, 3168
0.29600048065185547, 3167
0.3390007019042969, 3166
0.3390007019042969, 3165
0.3390007019042969, 3164
0.3390007019042969, 3163
0.3390007019042969, 3162
0.3390007019042969, 3161
0.3390007019042969, 3160
0.3390007019042969, 3159
0.3390007019042969, 3158
0.34000110626220703, 3157
0.34000110626220703, 3156
0.34000110626220703, 3155
0.34000110626220703, 3154
0.34000110626220703, 3153
0.34000110626220703, 3152
0.34000110626220703, 3151
0.34000110626220703, 3150
0.34000110626220703, 3149
0.34000110626220703, 3148
0.34000110626220703, 3147
0.34000110626220703, 3146
0.34000110626220703, 3145
0.34000110626220703, 3144
0.34000110626220703, 3143
0.34000110626220703, 3142
0.34000110626220703, 3141
0.34000110626220703, 3140
0.341001033782959, 3139
0.341001033782959, 3138
0.341001033782959, 3137
0.341001033782959, 3136
0.341001033782959, 3135
0.341001033782959, 3134
0.341001033782959, 3133
0.341001033782959, 3132
0.341001033782959, 3131
0.341001033782959, 3130
0.341001033782959, 3129
0.341001033782959, 3128
0.341001033782959, 3127
0.341001033782959, 3126
1.957000494003296, 3125
1.957000494003296, 3124
1.957000494003296, 3123
1.9580018520355225, 3122
1.9580018520355225, 3121
1.9580018520355225, 3120
1.9580018520355225, 3119
1.9580018520355225, 3118
1.9580018520355225, 3117
1.9580018520355225, 3116
1.9580018520355225, 3115
1.9580018520355225, 3114
1.9580018520355225, 3113
1.9580018520355225, 3112
1.9580018520355225, 3111
1.9580018520355225, 3110
1.9590001106262207, 3109
1.9590001106262207, 3108
1.9590001106262207, 3107
1.9590001106262207, 3106
