0.0189974308013916, 4937
0.0189974308013916, 4936
0.0189974308013916, 4935
0.0189974308013916, 4934
0.0189974308013916, 4933
0.0189974308013916, 4932
0.0189974308013916, 4931
0.0189974308013916, 4930
0.0189974308013916, 4929
0.0189974308013916, 4928
0.0189974308013916, 4927
0.0189974308013916, 4926
0.0189974308013916, 4925
0.0189974308013916, 4924
0.0189974308013916, 4923
0.0189974308013916, 4922
0.0189974308013916, 4921
0.0189974308013916, 4920
0.0189974308013916, 4919
0.0189974308013916, 4918
0.0189974308013916, 4917
0.0189974308013916, 4916
0.0189974308013916, 4915
0.0189974308013916, 4914
0.0189974308013916, 4913
0.0189974308013916, 4912
0.019997119903564453, 4911
0.019997119903564453, 4910
0.019997119903564453, 4909
0.019997119903564453, 4908
0.019997119903564453, 4907
0.019997119903564453, 4906
0.019997119903564453, 4905
0.019997119903564453, 4904
0.019997119903564453, 4903
0.019997119903564453, 4902
0.019997119903564453, 4901
0.019997119903564453, 4900
0.019997119903564453, 4899
0.019997119903564453, 4898
0.019997119903564453, 4897
0.019997119903564453, 4896
0.019997119903564453, 4895
0.019997119903564453, 4894
0.019997119903564453, 4893
0.019997119903564453, 4892
0.019997119903564453, 4891
0.019997119903564453, 4890
0.019997119903564453, 4889
0.019997119903564453, 4888
0.019997119903564453, 4887
0.019997119903564453, 4886
0.019997119903564453, 4885
0.019997119903564453, 4884
0.019997119903564453, 4883
0.020997285842895508, 4882
0.020997285842895508, 4881
0.020997285842895508, 4880
0.020997285842895508, 4879
0.020997285842895508, 4878
0.020997285842895508, 4877
0.020997285842895508, 4876
0.020997285842895508, 4875
0.020997285842895508, 4874
0.020997285842895508, 4873
0.020997285842895508, 4872
0.020997285842895508, 4871
0.020997285842895508, 4870
0.020997285842895508, 4869
0.020997285842895508, 4868
0.020997285842895508, 4867
0.020997285842895508, 4866
0.020997285842895508, 4865
0.020997285842895508, 4864
0.020997285842895508, 4863
0.020997285842895508, 4862
0.020997285842895508, 4861
0.020997285842895508, 4860
0.020997285842895508, 4859
0.020997285842895508, 4858
0.020997285842895508, 4857
0.020997285842895508, 4856
0.020997285842895508, 4855
0.020997285842895508, 4854
0.020997285842895508, 4853
0.021998882293701172, 4852
0.021998882293701172, 4851
0.021998882293701172, 4850
0.021998882293701172, 4849
0.021998882293701172, 4848
0.021998882293701172, 4847
0.021998882293701172, 4846
0.021998882293701172, 4845
0.021998882293701172, 4844
0.021998882293701172, 4843
0.021998882293701172, 4842
0.021998882293701172, 4841
0.021998882293701172, 4840
0.021998882293701172, 4839
0.021998882293701172, 4838
0.021998882293701172, 4837
0.021998882293701172, 4836
0.021998882293701172, 4835
0.021998882293701172, 4834
0.021998882293701172, 4833
0.021998882293701172, 4832
0.021998882293701172, 4831
0.021998882293701172, 4830
0.021998882293701172, 4829
0.021998882293701172, 4828
0.021998882293701172, 4827
0.021998882293701172, 4826
0.021998882293701172, 4825
0.02299785614013672, 4824
0.02299785614013672, 4823
0.02299785614013672, 4822
0.02299785614013672, 4821
0.02299785614013672, 4820
0.02299785614013672, 4819
0.02299785614013672, 4818
0.02299785614013672, 4817
0.02299785614013672, 4816
0.02299785614013672, 4815
0.02299785614013672, 4814
0.02299785614013672, 4813
0.02299785614013672, 4812
0.02299785614013672, 4811
0.02299785614013672, 4810
0.02299785614013672, 4809
0.02299785614013672, 4808
0.02299785614013672, 4807
0.02299785614013672, 4806
0.02299785614013672, 4805
0.02299785614013672, 4804
0.02299785614013672, 4803
0.02299785614013672, 4802
0.02299785614013672, 4801
0.02299785614013672, 4800
0.02299785614013672, 4799
0.02299785614013672, 4798
0.02299785614013672, 4797
0.02299785614013672, 4796
0.023997068405151367, 4795
0.023997068405151367, 4794
0.023997068405151367, 4793
0.023997068405151367, 4792
0.023997068405151367, 4791
0.023997068405151367, 4790
0.023997068405151367, 4789
0.023997068405151367, 4788
0.023997068405151367, 4787
0.023997068405151367, 4786
0.023997068405151367, 4785
0.023997068405151367, 4784
0.023997068405151367, 4783
0.023997068405151367, 4782
0.023997068405151367, 4781
0.023997068405151367, 4780
0.023997068405151367, 4779
0.023997068405151367, 4778
0.023997068405151367, 4777
0.023997068405151367, 4776
0.023997068405151367, 4775
0.023997068405151367, 4774
0.023997068405151367, 4773
0.023997068405151367, 4772
0.023997068405151367, 4771
0.023997068405151367, 4770
0.023997068405151367, 4769
0.023997068405151367, 4768
0.024997472763061523, 4767
0.024997472763061523, 4766
0.024997472763061523, 4765
0.024997472763061523, 4764
0.024997472763061523, 4763
0.024997472763061523, 4762
0.024997472763061523, 4761
0.024997472763061523, 4760
0.024997472763061523, 4759
0.024997472763061523, 4758
0.024997472763061523, 4757
0.024997472763061523, 4756
0.024997472763061523, 4755
0.024997472763061523, 4754
0.024997472763061523, 4753
0.024997472763061523, 4752
0.025526046752929688, 4751
0.025526046752929688, 4750
0.025526046752929688, 4749
0.025526046752929688, 4748
0.025526046752929688, 4747
0.025526046752929688, 4746
0.025526046752929688, 4745
0.025526046752929688, 4744
0.025526046752929688, 4743
0.025526046752929688, 4742
0.025526046752929688, 4741
0.025526046752929688, 4740
0.025526046752929688, 4739
0.02599787712097168, 4738
0.02599787712097168, 4737
0.02599787712097168, 4736
0.02599787712097168, 4735
0.02599787712097168, 4734
0.02599787712097168, 4733
0.02599787712097168, 4732
0.02599787712097168, 4731
0.02599787712097168, 4730
0.02599787712097168, 4729
0.02599787712097168, 4728
0.02599787712097168, 4727
0.02599787712097168, 4726
0.02599787712097168, 4725
0.02599787712097168, 4724
0.02599787712097168, 4723
0.02599787712097168, 4722
0.02599787712097168, 4721
0.02599787712097168, 4720
0.02599787712097168, 4719
0.02599787712097168, 4718
0.02599787712097168, 4717
0.02599787712097168, 4716
0.02599787712097168, 4715
0.02599787712097168, 4714
0.02599787712097168, 4713
0.02599787712097168, 4712
0.02599787712097168, 4711
0.02599787712097168, 4710
0.026997089385986328, 4709
0.026997089385986328, 4708
0.026997089385986328, 4707
0.026997089385986328, 4706
0.026997089385986328, 4705
0.026997089385986328, 4704
0.026997089385986328, 4703
0.026997089385986328, 4702
0.026997089385986328, 4701
0.026997089385986328, 4700
0.026997089385986328, 4699
0.026997089385986328, 4698
0.026997089385986328, 4697
0.026997089385986328, 4696
0.026997089385986328, 4695
0.026997089385986328, 4694
0.026997089385986328, 4693
0.026997089385986328, 4692
0.026997089385986328, 4691
0.026997089385986328, 4690
0.026997089385986328, 4689
0.026997089385986328, 4688
0.026997089385986328, 4687
0.026997089385986328, 4686
0.026997089385986328, 4685
0.026997089385986328, 4684
0.026997089385986328, 4683
0.026997089385986328, 4682
0.027997732162475586, 4681
0.027997732162475586, 4680
0.027997732162475586, 4679
0.027997732162475586, 4678
0.027997732162475586, 4677
0.027997732162475586, 4676
0.027997732162475586, 4675
0.027997732162475586, 4674
0.027997732162475586, 4673
0.027997732162475586, 4672
0.027997732162475586, 4671
0.027997732162475586, 4670
0.027997732162475586, 4669
0.027997732162475586, 4668
0.027997732162475586, 4667
0.027997732162475586, 4666
0.027997732162475586, 4665
0.027997732162475586, 4664
0.027997732162475586, 4663
0.027997732162475586, 4662
0.027997732162475586, 4661
0.027997732162475586, 4660
0.027997732162475586, 4659
0.027997732162475586, 4658
0.027997732162475586, 4657
0.027997732162475586, 4656
0.027997732162475586, 4655
0.027997732162475586, 4654
0.027997732162475586, 4653
0.02899789810180664, 4652
0.02899789810180664, 4651
0.02899789810180664, 4650
0.02899789810180664, 4649
0.02899789810180664, 4648
0.02899789810180664, 4647
0.02899789810180664, 4646
0.02899789810180664, 4645
0.02899789810180664, 4644
0.02899789810180664, 4643
0.02899789810180664, 4642
0.02899789810180664, 4641
0.02899789810180664, 4640
0.02899789810180664, 4639
0.02899789810180664, 4638
0.02899789810180664, 4637
0.02899789810180664, 4636
0.02899789810180664, 4635
0.02899789810180664, 4634
0.02899789810180664, 4633
0.02899789810180664, 4632
0.02899789810180664, 4631
0.02899789810180664, 4630
0.02899789810180664, 4629
0.02899789810180664, 4628
0.02899789810180664, 4627
0.02899789810180664, 4626
0.02899789810180664, 4625
0.02999734878540039, 4624
0.030051708221435547, 4623
0.030051708221435547, 4622
0.030051708221435547, 4621
0.030051708221435547, 4620
0.030051708221435547, 4619
0.030051708221435547, 4618
0.030051708221435547, 4617
0.030051708221435547, 4616
0.030051708221435547, 4615
0.030051708221435547, 4614
0.030051708221435547, 4613
0.030051708221435547, 4612
0.030051708221435547, 4611
0.030051708221435547, 4610
0.030051708221435547, 4609
0.030051708221435547, 4608
0.030051708221435547, 4607
0.030051708221435547, 4606
0.030051708221435547, 4605
0.030051708221435547, 4604
0.030051708221435547, 4603
0.030051708221435547, 4602
0.030051708221435547, 4601
0.030051708221435547, 4600
0.030051708221435547, 4599
0.030998706817626953, 4598
0.030998706817626953, 4597
0.030998706817626953, 4596
0.030998706817626953, 4595
0.030998706817626953, 4594
0.030998706817626953, 4593
0.030998706817626953, 4592
0.030998706817626953, 4591
0.030998706817626953, 4590
0.030998706817626953, 4589
0.030998706817626953, 4588
0.030998706817626953, 4587
0.030998706817626953, 4586
0.030998706817626953, 4585
0.030998706817626953, 4584
0.030998706817626953, 4583
0.030998706817626953, 4582
0.030998706817626953, 4581
0.030998706817626953, 4580
0.030998706817626953, 4579
0.030998706817626953, 4578
0.030998706817626953, 4577
0.030998706817626953, 4576
0.030998706817626953, 4575
0.030998706817626953, 4574
0.030998706817626953, 4573
0.04299759864807129, 3421
0.04299759864807129, 3420
0.04299759864807129, 3419
0.04299759864807129, 3418
0.04299759864807129, 3417
0.04299759864807129, 3416
0.04299759864807129, 3415
0.04299759864807129, 3414
0.04299759864807129, 3413
0.04299759864807129, 3412
0.04299759864807129, 3411
0.04299759864807129, 3410
0.04299759864807129, 3409
0.04299759864807129, 3408
0.04299759864807129, 3407
0.04399991035461426, 3406
0.04399991035461426, 3405
0.04399991035461426, 3404
0.04399991035461426, 3403
0.04399991035461426, 3402
0.04399991035461426, 3401
0.04399991035461426, 3400
0.04399991035461426, 3399
0.04399991035461426, 3398
0.04399991035461426, 3397
0.04399991035461426, 3396
0.04399991035461426, 3395
0.04399991035461426, 3394
0.04399991035461426, 3393
0.04399991035461426, 3392
0.04399991035461426, 3391
0.0449976921081543, 3390
0.0449976921081543, 3389
0.0449976921081543, 3388
0.0449976921081543, 3387
0.0449976921081543, 3386
0.0449976921081543, 3385
0.0449976921081543, 3384
0.0449976921081543, 3383
0.0449976921081543, 3382
0.0449976921081543, 3381
0.0449976921081543, 3380
0.0449976921081543, 3379
0.0449976921081543, 3378
0.0449976921081543, 3377
0.0449976921081543, 3376
0.04599928855895996, 3375
0.04599928855895996, 3374
0.04599928855895996, 3373
0.04599928855895996, 3372
0.04599928855895996, 3371
0.04599928855895996, 3370
0.04599928855895996, 3369
0.04599928855895996, 3368
0.04599928855895996, 3367
0.04599928855895996, 3366
0.04599928855895996, 3365
0.04599928855895996, 3364
0.04599928855895996, 3363
0.04599928855895996, 3362
0.04599928855895996, 3361
0.04599928855895996, 3360
0.04599928855895996, 3359
0.04599928855895996, 3358
0.04599928855895996, 3357
0.04599928855895996, 3356
0.046998023986816406, 3355
0.046998023986816406, 3354
0.046998023986816406, 3353
0.046998023986816406, 3352
0.046998023986816406, 3351
0.046998023986816406, 3350
0.046998023986816406, 3349
0.046998023986816406, 3348
0.046998023986816406, 3347
0.046998023986816406, 3346
0.046998023986816406, 3345
0.046998023986816406, 3344
0.046998023986816406, 3343
0.046998023986816406, 3342
0.046998023986816406, 3341
0.046998023986816406, 3340
0.046998023986816406, 3339
0.046998023986816406, 3338
0.046998023986816406, 3337
0.046998023986816406, 3336
0.046998023986816406, 3335
0.046998023986816406, 3334
0.047997474670410156, 3333
0.047997474670410156, 3332
0.047997474670410156, 3331
0.047997474670410156, 3330
0.047997474670410156, 3329
0.047997474670410156, 3328
0.047997474670410156, 3327
0.047997474670410156, 3326
0.047997474670410156, 3325
0.047997474670410156, 3324
0.047997474670410156, 3323
0.047997474670410156, 3322
0.047997474670410156, 3321
0.047997474670410156, 3320
0.047997474670410156, 3319
0.047997474670410156, 3318
0.047997474670410156, 3317
0.047997474670410156, 3316
0.047997474670410156, 3315
0.047997474670410156, 3314
0.047997474670410156, 3313
0.048853158950805664, 3312
0.048853158950805664, 3311
0.048853158950805664, 3310
0.048853158950805664, 3309
0.04899859428405762, 3308
0.04899859428405762, 3307
0.04899859428405762, 3306
0.04899859428405762, 3305
0.04899859428405762, 3304
0.04899859428405762, 3303
0.04899859428405762, 3302
0.04899859428405762, 3301
0.04899859428405762, 3300
0.04899859428405762, 3299
0.04899859428405762, 3298
0.04899859428405762, 3297
0.04899859428405762, 3296
0.04899859428405762, 3295
0.04899859428405762, 3294
0.04899859428405762, 3293
0.04899859428405762, 3292
0.04899859428405762, 3291
0.04899859428405762, 3290
0.04899859428405762, 3289
0.04899859428405762, 3288
0.04899859428405762, 3287
0.049997568130493164, 3286
0.049997568130493164, 3285
0.049997568130493164, 3284
0.049997568130493164, 3283
0.049997568130493164, 3282
0.049997568130493164, 3281
0.049997568130493164, 3280
0.049997568130493164, 3279
0.049997568130493164, 3278
0.049997568130493164, 3277
0.049997568130493164, 3276
0.049997568130493164, 3275
0.049997568130493164, 3274
0.049997568130493164, 3273
0.049997568130493164, 3272
0.049997568130493164, 3271
0.049997568130493164, 3270
0.049997568130493164, 3269
0.049997568130493164, 3268
0.049997568130493164, 3267
0.049997568130493164, 3266
0.049997568130493164, 3265
0.049997568130493164, 3264
0.049997568130493164, 3263
0.049997568130493164, 3262
0.049997568130493164, 3261
0.049997568130493164, 3260
0.05100369453430176, 3259
0.05100369453430176, 3258
0.05100369453430176, 3257
0.05100369453430176, 3256
0.05100369453430176, 3255
0.05100369453430176, 3254
0.05100369453430176, 3253
0.05100369453430176, 3252
0.05100369453430176, 3251
0.05100369453430176, 3250
0.05100369453430176, 3249
0.05100369453430176, 3248
0.05100369453430176, 3247
0.05100369453430176, 3246
0.05100369453430176, 3245
0.05100369453430176, 3244
0.05100369453430176, 3243
0.05100369453430176, 3242
0.05100369453430176, 3241
0.05100369453430176, 3240
0.05100369453430176, 3239
0.05100369453430176, 3238
0.05100369453430176, 3237
0.05100369453430176, 3236
0.05199790000915527, 3235
0.05199790000915527, 3234
0.05199790000915527, 3233
0.05199790000915527, 3232
0.05199790000915527, 3231
0.05199790000915527, 3230
0.05199790000915527, 3229
0.05199790000915527, 3228
0.05199790000915527, 3227
0.05199790000915527, 3226
0.05199790000915527, 3225
0.05199790000915527, 3224
0.05199790000915527, 3223
0.05199790000915527, 3222
0.05199790000915527, 3221
0.05199790000915527, 3220
0.05199790000915527, 3219
0.05199790000915527, 3218
0.05199790000915527, 3217
0.05199790000915527, 3216
0.05199790000915527, 3215
0.05199790000915527, 3214
0.05199790000915527, 3213
0.05199790000915527, 3212
0.05199790000915527, 3211
0.05199790000915527, 3210
0.05299687385559082, 3209
0.05299687385559082, 3208
0.05299687385559082, 3207
0.05299687385559082, 3206
0.05299687385559082, 3205
0.05299687385559082, 3204
0.05299687385559082, 3203
0.05299687385559082, 3202
0.05299687385559082, 3201
0.05299687385559082, 3200
0.05299687385559082, 3199
0.05299687385559082, 3198
0.05299687385559082, 3197
0.05299687385559082, 3196
0.05299687385559082, 3195
0.05299687385559082, 3194
0.05299687385559082, 3193
0.05299687385559082, 3192
0.05299687385559082, 3191
0.05299687385559082, 3190
0.05299687385559082, 3189
0.05299687385559082, 3188
0.05299687385559082, 3187
0.05299687385559082, 3186
0.1609973907470703, 3185
0.1609973907470703, 3184
0.1609973907470703, 3183
0.1609973907470703, 3182
0.1609973907470703, 3181
0.1609973907470703, 3180
0.1609973907470703, 3179
0.1609973907470703, 3178
0.1609973907470703, 3177
0.1609973907470703, 3176
0.1609973907470703, 3175
0.1609973907470703, 3174
0.1620006561279297, 3173
0.1620006561279297, 3172
0.1620006561279297, 3171
0.1620006561279297, 3170
0.1620006561279297, 3169
0.1620006561279297, 3168
0.1620006561279297, 3167
0.1620006561279297, 3166
0.1620006561279297, 3165
0.1620006561279297, 3164
0.1620006561279297, 3163
0.1620006561279297, 3162
0.1620006561279297, 3161
0.1620006561279297, 3160
0.1620006561279297, 3159
0.1620006561279297, 3158
0.1620006561279297, 3157
0.1620006561279297, 3156
0.1620006561279297, 3155
0.1620006561279297, 3154
0.1620006561279297, 3153
0.1620006561279297, 3152
0.1620006561279297, 3151
0.1620006561279297, 3150
0.1620006561279297, 3149
0.1620006561279297, 3148
0.16299700736999512, 3147
0.16299700736999512, 3146
0.16299700736999512, 3145
0.16299700736999512, 3144
0.16299700736999512, 3143
0.16299700736999512, 3142
0.27399635314941406, 3141
0.27399635314941406, 3140
0.27399635314941406, 3139
0.27399635314941406, 3138
0.27399635314941406, 3137
1.0830259323120117, 3122
1.0830259323120117, 3121
1.0830259323120117, 3120
1.0830259323120117, 3119
1.0830259323120117, 3118
1.0830259323120117, 3117
1.0830259323120117, 3116
6.421046733856201, 3115
6.421046733856201, 3114
