0.019030094146728516, 4860
0.019030094146728516, 4859
0.019030094146728516, 4858
0.019030094146728516, 4857
0.019030094146728516, 4856
0.019030094146728516, 4855
0.019030094146728516, 4854
0.019030094146728516, 4853
0.019030094146728516, 4852
0.019030094146728516, 4851
0.019030094146728516, 4850
0.020030736923217773, 4849
0.020030736923217773, 4848
0.020030736923217773, 4847
0.020030736923217773, 4846
0.020030736923217773, 4845
0.020030736923217773, 4844
0.020030736923217773, 4843
0.020030736923217773, 4842
0.020030736923217773, 4841
0.020030736923217773, 4840
0.020030736923217773, 4839
0.020030736923217773, 4838
0.020030736923217773, 4837
0.04490828514099121, 4836
0.05542445182800293, 3420
0.05542445182800293, 3419
0.056423187255859375, 3418
0.056423187255859375, 3417
0.056423187255859375, 3416
0.056423187255859375, 3415
0.056423187255859375, 3414
0.056423187255859375, 3413
0.056423187255859375, 3412
0.056423187255859375, 3411
0.056423187255859375, 3410
0.056423187255859375, 3409
0.056423187255859375, 3408
0.056423187255859375, 3407
0.056423187255859375, 3406
0.056423187255859375, 3405
0.056423187255859375, 3404
0.056423187255859375, 3403
0.056423187255859375, 3402
0.056423187255859375, 3401
0.056423187255859375, 3400
0.056423187255859375, 3399
0.056423187255859375, 3398
0.056423187255859375, 3397
0.056423187255859375, 3396
0.056423187255859375, 3395
0.056423187255859375, 3394
0.057422637939453125, 3393
0.057422637939453125, 3392
0.057422637939453125, 3391
0.057422637939453125, 3390
0.057422637939453125, 3389
0.057422637939453125, 3388
0.057422637939453125, 3387
0.057422637939453125, 3386
0.057422637939453125, 3385
0.057422637939453125, 3384
0.057422637939453125, 3383
0.057422637939453125, 3382
0.057422637939453125, 3381
0.057422637939453125, 3380
0.057422637939453125, 3379
0.057422637939453125, 3378
0.057422637939453125, 3377
0.057422637939453125, 3376
0.05842232704162598, 3375
0.05842232704162598, 3374
0.05842232704162598, 3373
0.05842232704162598, 3372
0.05842232704162598, 3371
0.05842232704162598, 3370
0.05842232704162598, 3369
0.05842232704162598, 3368
0.05842232704162598, 3367
0.05842232704162598, 3366
0.05842232704162598, 3365
0.05842232704162598, 3364
0.05942273139953613, 3363
0.05942273139953613, 3362
0.05942273139953613, 3361
0.05942273139953613, 3360
0.05942273139953613, 3359
0.05942273139953613, 3358
0.05942273139953613, 3357
0.05942273139953613, 3356
0.05942273139953613, 3355
0.05942273139953613, 3354
0.05942273139953613, 3353
0.05942273139953613, 3352
0.05942273139953613, 3351
0.05942273139953613, 3350
0.05942273139953613, 3349
0.05942273139953613, 3348
0.05942273139953613, 3347
0.05942273139953613, 3346
0.05942273139953613, 3345
0.05942273139953613, 3344
0.05942273139953613, 3343
0.05942273139953613, 3342
0.05942273139953613, 3341
0.05942273139953613, 3340
0.05942273139953613, 3339
0.060422658920288086, 3338
0.060422658920288086, 3337
0.060422658920288086, 3336
0.060422658920288086, 3335
0.060422658920288086, 3334
0.060422658920288086, 3333
0.060422658920288086, 3332
0.060422658920288086, 3331
0.060422658920288086, 3330
0.060422658920288086, 3329
0.060422658920288086, 3328
0.060422658920288086, 3327
0.060422658920288086, 3326
0.060422658920288086, 3325
0.060422658920288086, 3324
0.060422658920288086, 3323
0.060422658920288086, 3322
0.060422658920288086, 3321
0.060422658920288086, 3320
0.060422658920288086, 3319
0.060422658920288086, 3318
0.060422658920288086, 3317
0.060422658920288086, 3316
0.060422658920288086, 3315
0.06142258644104004, 3314
0.06142258644104004, 3313
0.06142258644104004, 3312
0.06142258644104004, 3311
0.06142258644104004, 3310
0.06142258644104004, 3309
0.06142258644104004, 3308
0.06142258644104004, 3307
0.06142258644104004, 3306
0.06142258644104004, 3305
0.06142258644104004, 3304
0.06142258644104004, 3303
0.06142258644104004, 3302
0.06142258644104004, 3301
0.06142258644104004, 3300
0.06142258644104004, 3299
0.06142258644104004, 3298
0.06142258644104004, 3297
0.06142258644104004, 3296
0.06142258644104004, 3295
0.06142258644104004, 3294
0.06142258644104004, 3293
0.06142258644104004, 3292
0.0624234676361084, 3291
0.0624234676361084, 3290
0.0624234676361084, 3289
0.0624234676361084, 3288
0.0624234676361084, 3287
0.0624234676361084, 3286
0.0624234676361084, 3285
0.0624234676361084, 3284
0.0624234676361084, 3283
0.0624234676361084, 3282
0.0624234676361084, 3281
0.0624234676361084, 3280
0.0624234676361084, 3279
0.0624234676361084, 3278
0.0624234676361084, 3277
0.0624234676361084, 3276
0.0624234676361084, 3275
0.0624234676361084, 3274
0.0624234676361084, 3273
0.0624234676361084, 3272
0.0624234676361084, 3271
0.0624234676361084, 3270
0.06342339515686035, 3269
0.06342339515686035, 3268
0.06342339515686035, 3267
0.06342339515686035, 3266
0.06342339515686035, 3265
0.06342339515686035, 3264
0.06342339515686035, 3263
0.06342339515686035, 3262
0.06342339515686035, 3261
0.06342339515686035, 3260
0.06342339515686035, 3259
0.06342339515686035, 3258
0.06342339515686035, 3257
0.06342339515686035, 3256
0.06342339515686035, 3255
0.06342339515686035, 3254
0.06342339515686035, 3253
0.06342339515686035, 3252
0.06342339515686035, 3251
0.06342339515686035, 3250
0.06342339515686035, 3249
0.06442117691040039, 3248
0.06442117691040039, 3247
0.06442117691040039, 3246
0.06442117691040039, 3245
0.06442117691040039, 3244
0.06442117691040039, 3243
0.06442117691040039, 3242
0.06442117691040039, 3241
0.06442117691040039, 3240
0.06442117691040039, 3239
0.06442117691040039, 3238
0.06442117691040039, 3237
0.06442117691040039, 3236
0.06442117691040039, 3235
0.06442117691040039, 3234
0.06442117691040039, 3233
0.06442117691040039, 3232
0.06442117691040039, 3231
0.06442117691040039, 3230
0.06442117691040039, 3229
0.06442117691040039, 3228
0.06442117691040039, 3227
0.06542277336120605, 3226
0.06542277336120605, 3225
0.06542277336120605, 3224
0.06542277336120605, 3223
0.06542277336120605, 3222
0.06542277336120605, 3221
0.06542277336120605, 3220
0.06542277336120605, 3219
0.06542277336120605, 3218
0.06542277336120605, 3217
0.06542277336120605, 3216
0.06542277336120605, 3215
0.06542277336120605, 3214
0.06542277336120605, 3213
0.06542277336120605, 3212
0.06542277336120605, 3211
0.06542277336120605, 3210
0.06542277336120605, 3209
0.06542277336120605, 3208
0.06542277336120605, 3207
0.06542277336120605, 3206
0.06542277336120605, 3205
0.06542277336120605, 3204
0.06542277336120605, 3203
0.06642389297485352, 3202
0.06642389297485352, 3201
0.06642389297485352, 3200
0.06642389297485352, 3199
0.06642389297485352, 3198
0.06642389297485352, 3197
0.06642389297485352, 3196
0.06642389297485352, 3195
0.06642389297485352, 3194
0.06642389297485352, 3193
0.06642389297485352, 3192
0.06642389297485352, 3191
0.06642389297485352, 3190
0.06642389297485352, 3189
0.06642389297485352, 3188
0.06642389297485352, 3187
0.06642389297485352, 3186
0.06642389297485352, 3185
0.06642389297485352, 3184
0.06642389297485352, 3183
0.06642389297485352, 3182
0.06642389297485352, 3181
0.06642389297485352, 3180
0.06642389297485352, 3179
0.06642389297485352, 3178
0.06742405891418457, 3177
0.06742405891418457, 3176
0.06742405891418457, 3175
0.06742405891418457, 3174
0.06742405891418457, 3173
0.06742405891418457, 3172
0.06742405891418457, 3171
0.06742405891418457, 3170
0.06742405891418457, 3169
0.2988736629486084, 3168
0.2988736629486084, 3167
0.2988736629486084, 3166
0.2988736629486084, 3165
0.2988736629486084, 3164
0.2988736629486084, 3163
0.2988736629486084, 3162
0.2988736629486084, 3161
0.2988736629486084, 3160
0.2988736629486084, 3159
0.2988736629486084, 3158
0.2988736629486084, 3157
0.2988736629486084, 3156
0.2988736629486084, 3155
0.32440185546875, 3154
0.32440185546875, 3153
0.32440185546875, 3152
0.32440185546875, 3151
0.32440185546875, 3150
0.32440185546875, 3149
0.32440185546875, 3148
0.32440185546875, 3147
0.32440185546875, 3146
0.32440185546875, 3145
0.32440185546875, 3144
0.32440185546875, 3143
0.32440185546875, 3142
0.4507424831390381, 3141
0.4507424831390381, 3140
0.4507424831390381, 3139
0.4507424831390381, 3138
0.4507424831390381, 3137
0.4507424831390381, 3136
0.4507424831390381, 3135
0.4507424831390381, 3134
0.4507424831390381, 3133
0.4507424831390381, 3132
0.4507424831390381, 3131
0.4507424831390381, 3130
0.4507424831390381, 3129
0.4507424831390381, 3128
0.4507424831390381, 3127
0.4507424831390381, 3126
0.4507424831390381, 3125
0.4507424831390381, 3124
0.4507424831390381, 3123
0.4507424831390381, 3122
0.4507424831390381, 3121
0.4507424831390381, 3120
0.4507424831390381, 3119
0.4507424831390381, 3118
0.45174360275268555, 3117
0.45174360275268555, 3116
0.45174360275268555, 3115
0.45174360275268555, 3114
0.45174360275268555, 3113
0.45174360275268555, 3112
0.45174360275268555, 3111
0.45174360275268555, 3110
0.45174360275268555, 3109
