0.016000986099243164, 4888
0.016000986099243164, 4887
0.016000986099243164, 4886
0.016000986099243164, 4885
0.016000986099243164, 4884
0.016999483108520508, 4883
0.016999483108520508, 4882
0.016999483108520508, 4881
0.016999483108520508, 4880
0.016999483108520508, 4879
0.016999483108520508, 4878
0.016999483108520508, 4877
0.016999483108520508, 4876
0.016999483108520508, 4875
0.016999483108520508, 4874
0.016999483108520508, 4873
0.016999483108520508, 4872
0.016999483108520508, 4871
0.016999483108520508, 4870
0.016999483108520508, 4869
0.016999483108520508, 4868
0.016999483108520508, 4867
0.016999483108520508, 4866
0.016999483108520508, 4865
0.016999483108520508, 4864
0.016999483108520508, 4863
0.016999483108520508, 4862
0.016999483108520508, 4861
0.016999483108520508, 4860
0.016999483108520508, 4859
0.016999483108520508, 4858
0.016999483108520508, 4857
0.016999483108520508, 4856
0.016999483108520508, 4855
0.016999483108520508, 4854
0.016999483108520508, 4853
0.016999483108520508, 4852
0.016999483108520508, 4851
0.016999483108520508, 4850
0.016999483108520508, 4849
0.016999483108520508, 4848
0.016999483108520508, 4847
0.016999483108520508, 4846
0.016999483108520508, 4845
0.016999483108520508, 4844
0.016999483108520508, 4843
0.017998933792114258, 4842
0.017998933792114258, 4841
0.017998933792114258, 4840
0.017998933792114258, 4839
0.017998933792114258, 4838
0.017998933792114258, 4837
0.017998933792114258, 4836
0.017998933792114258, 4835
0.017998933792114258, 4834
0.017998933792114258, 4833
0.017998933792114258, 4832
0.017998933792114258, 4831
0.017998933792114258, 4830
0.017998933792114258, 4829
0.017998933792114258, 4828
0.017998933792114258, 4827
0.017998933792114258, 4826
0.017998933792114258, 4825
0.017998933792114258, 4824
0.017998933792114258, 4823
0.017998933792114258, 4822
0.017998933792114258, 4821
0.017998933792114258, 4820
0.017998933792114258, 4819
0.017998933792114258, 4818
0.017998933792114258, 4817
0.017998933792114258, 4816
0.017998933792114258, 4815
0.017998933792114258, 4814
0.017998933792114258, 4813
0.017998933792114258, 4812
0.017998933792114258, 4811
0.017998933792114258, 4810
0.017998933792114258, 4809
0.017998933792114258, 4808
0.017998933792114258, 4807
0.017998933792114258, 4806
0.017998933792114258, 4805
0.017998933792114258, 4804
0.017998933792114258, 4803
0.017998933792114258, 4802
0.017998933792114258, 4801
0.017998933792114258, 4800
0.017998933792114258, 4799
0.017998933792114258, 4798
0.01900029182434082, 4797
0.01900029182434082, 4796
0.01900029182434082, 4795
0.01900029182434082, 4794
0.01900029182434082, 4793
0.01900029182434082, 4792
0.01900029182434082, 4791
0.01900029182434082, 4790
0.01900029182434082, 4789
0.01900029182434082, 4788
0.01900029182434082, 4787
0.01900029182434082, 4786
0.01900029182434082, 4785
0.01900029182434082, 4784
0.01900029182434082, 4783
0.01900029182434082, 4782
0.01900029182434082, 4781
0.01900029182434082, 4780
0.01900029182434082, 4779
0.01900029182434082, 4778
0.01900029182434082, 4777
0.01900029182434082, 4776
0.01900029182434082, 4775
0.01900029182434082, 4774
0.01900029182434082, 4773
0.01900029182434082, 4772
0.01900029182434082, 4771
0.01900029182434082, 4770
0.01900029182434082, 4769
0.01900029182434082, 4768
0.01900029182434082, 4767
0.01900029182434082, 4766
0.01900029182434082, 4765
0.01900029182434082, 4764
0.01900029182434082, 4763
0.01900029182434082, 4762
0.01900029182434082, 4761
0.01900029182434082, 4760
0.01900029182434082, 4759
0.01900029182434082, 4758
0.044061899185180664, 4757
0.044061899185180664, 4756
0.044061899185180664, 4755
0.04506182670593262, 4754
0.04506182670593262, 4753
0.04506182670593262, 4752
0.04506182670593262, 4751
0.04506182670593262, 4750
0.04506182670593262, 4749
0.04506182670593262, 4748
0.04506182670593262, 4747
0.04506182670593262, 4746
0.04506182670593262, 4745
0.04506182670593262, 4744
0.04506182670593262, 4743
0.06892561912536621, 4742
0.06892561912536621, 4741
0.06892561912536621, 4740
0.06892561912536621, 4739
0.06892561912536621, 4738
0.06892561912536621, 4737
0.06892561912536621, 4736
0.06892561912536621, 4735
0.06892561912536621, 4734
0.06892561912536621, 4733
0.06892561912536621, 4732
0.06892561912536621, 4731
0.06892561912536621, 4730
0.06892561912536621, 4729
0.06892561912536621, 4728
0.06892561912536621, 4727
0.06892561912536621, 4726
0.06892561912536621, 4725
0.06892561912536621, 4724
0.06892561912536621, 4723
0.06892561912536621, 4722
0.06892561912536621, 4721
0.06892561912536621, 4720
0.06892561912536621, 4719
0.06892561912536621, 4718
0.06992554664611816, 4717
0.06992554664611816, 4716
0.06992554664611816, 4715
0.06992554664611816, 4714
0.06992554664611816, 4713
0.06992554664611816, 4712
0.06992554664611816, 4711
0.06992554664611816, 4710
0.06992554664611816, 4709
0.06992554664611816, 4708
0.06992554664611816, 4707
0.06992554664611816, 4706
0.06992554664611816, 4705
0.06992554664611816, 4704
0.06992554664611816, 4703
0.06992554664611816, 4702
0.06992554664611816, 4701
0.06992554664611816, 4700
0.06992554664611816, 4699
0.06992554664611816, 4698
0.06992554664611816, 4697
0.0704045295715332, 4696
0.0704045295715332, 4695
0.0704045295715332, 4694
0.0704045295715332, 4693
0.0704045295715332, 4692
0.0704045295715332, 4691
0.0704045295715332, 4690
0.0704045295715332, 4689
0.0704045295715332, 4688
0.0704045295715332, 4687
0.0704045295715332, 4686
0.0704045295715332, 4685
0.0704045295715332, 4684
0.0704045295715332, 4683
0.0704045295715332, 4682
0.0704045295715332, 4681
0.0704045295715332, 4680
0.0704045295715332, 4679
0.0704045295715332, 4678
0.0704045295715332, 4677
0.0704045295715332, 4676
0.0704045295715332, 4675
0.0704045295715332, 4674
0.07092618942260742, 4673
0.07092618942260742, 4672
0.07092618942260742, 4671
0.07092618942260742, 4670
0.07092618942260742, 4669
0.07092618942260742, 4668
0.07092618942260742, 4667
0.07092618942260742, 4666
0.07092618942260742, 4665
0.07092618942260742, 4664
0.07092618942260742, 4663
0.07092618942260742, 4662
0.07092618942260742, 4661
0.07092618942260742, 4660
0.07092618942260742, 4659
0.07092618942260742, 4658
0.07092618942260742, 4657
0.07092618942260742, 4656
0.07092618942260742, 4655
0.07092618942260742, 4654
0.07092618942260742, 4653
0.07092618942260742, 4652
0.07092618942260742, 4651
0.07092618942260742, 4650
0.07092618942260742, 4649
0.07092618942260742, 4648
0.07092618942260742, 4647
0.07092618942260742, 4646
0.07092618942260742, 4645
0.07092618942260742, 4644
0.07092618942260742, 4643
0.07092618942260742, 4642
0.07092618942260742, 4641
0.07092618942260742, 4640
0.07092618942260742, 4639
0.07092618942260742, 4638
0.07092618942260742, 4637
0.07092618942260742, 4636
0.07092618942260742, 4635
0.07092618942260742, 4634
0.07092618942260742, 4633
0.07092618942260742, 4632
0.07092618942260742, 4631
0.07092618942260742, 4630
0.07192587852478027, 4629
0.07192587852478027, 4628
0.07192587852478027, 4627
0.07192587852478027, 4626
0.07192587852478027, 4625
0.07192587852478027, 4624
0.07192587852478027, 4623
0.07192587852478027, 4622
0.07192587852478027, 4621
0.07192587852478027, 4620
0.07192587852478027, 4619
0.07192587852478027, 4618
0.07192587852478027, 4617
0.07192587852478027, 4616
0.07192587852478027, 4615
0.07192587852478027, 4614
0.07192587852478027, 4613
0.07192587852478027, 4612
0.07192587852478027, 4611
0.07192587852478027, 4610
0.07192587852478027, 4609
0.07192587852478027, 4608
0.07192587852478027, 4607
0.07192587852478027, 4606
0.07192587852478027, 4605
0.07192587852478027, 4604
0.07192587852478027, 4603
0.07192587852478027, 4602
0.07192587852478027, 4601
0.07192587852478027, 4600
0.07192587852478027, 4599
0.07192587852478027, 4598
0.07192587852478027, 4597
0.07192587852478027, 4596
0.07192587852478027, 4595
0.07192587852478027, 4594
0.07192587852478027, 4593
0.07192587852478027, 4592
0.07192587852478027, 4591
0.07192587852478027, 4590
0.07192587852478027, 4589
0.07192587852478027, 4588
0.07192587852478027, 4587
0.07292532920837402, 4586
0.07292532920837402, 4585
0.07292532920837402, 4584
0.07292532920837402, 4583
0.07292532920837402, 4582
0.07292532920837402, 4581
0.07292532920837402, 4580
0.07292532920837402, 4579
0.07292532920837402, 4578
0.07292532920837402, 4577
0.07292532920837402, 4576
0.07292532920837402, 4575
0.07292532920837402, 4574
0.07292532920837402, 4573
0.07292532920837402, 4572
0.07292532920837402, 4571
0.07292532920837402, 4570
0.07292532920837402, 4569
0.07292532920837402, 4568
0.07292532920837402, 4567
0.07340884208679199, 4566
0.07340884208679199, 4565
0.07340884208679199, 4564
0.07340884208679199, 4563
0.07340884208679199, 4562
0.07340884208679199, 4561
0.07340884208679199, 4560
0.07340884208679199, 4559
0.07340884208679199, 4558
0.07340884208679199, 4557
0.07340884208679199, 4556
0.07340884208679199, 4555
0.07340884208679199, 4554
0.07340884208679199, 4553
0.07340884208679199, 4552
0.07340884208679199, 4551
0.07340884208679199, 4550
0.07340884208679199, 4549
0.07340884208679199, 4548
0.07340884208679199, 4547
0.07340884208679199, 4546
0.07340884208679199, 4545
0.07340884208679199, 4544
0.07340884208679199, 4543
0.07340884208679199, 4542
0.07340884208679199, 4541
0.07340884208679199, 4540
0.07340884208679199, 4539
0.07340884208679199, 4538
0.07340884208679199, 4537
0.07340884208679199, 4536
0.07340884208679199, 4535
0.07340884208679199, 4534
0.07340884208679199, 4533
0.07340884208679199, 4532
0.07340884208679199, 4531
0.07340884208679199, 4530
0.07340884208679199, 4529
0.07340884208679199, 4528
0.07340884208679199, 4527
0.07340884208679199, 4526
0.07340884208679199, 4525
0.07340884208679199, 4524
0.07441592216491699, 4523
0.07441592216491699, 4522
0.07441592216491699, 4521
0.07441592216491699, 4520
0.07441592216491699, 4519
0.07441592216491699, 4518
0.07441592216491699, 4517
0.07441592216491699, 4516
0.07441592216491699, 4515
0.07441592216491699, 4514
0.07441592216491699, 4513
0.07441592216491699, 4512
0.07441592216491699, 4511
0.07441592216491699, 4510
0.07441592216491699, 4509
0.07441592216491699, 4508
0.07441592216491699, 4507
0.07441592216491699, 4506
0.07441592216491699, 4505
0.07441592216491699, 4504
0.07441592216491699, 4503
0.07441592216491699, 4502
0.07441592216491699, 4501
0.07441592216491699, 4500
0.07441592216491699, 4499
0.07441592216491699, 4498
0.07441592216491699, 4497
0.07441592216491699, 4496
0.07441592216491699, 4495
0.07441592216491699, 4494
0.07441592216491699, 4493
0.07441592216491699, 4492
0.07441592216491699, 4491
0.07441592216491699, 4490
0.07441592216491699, 4489
0.07441592216491699, 4488
0.07441592216491699, 4487
0.07441592216491699, 4486
0.07441592216491699, 4485
0.07441592216491699, 4484
0.07441592216491699, 4483
0.07441592216491699, 4482
0.07541799545288086, 4481
0.07541799545288086, 4480
0.07541799545288086, 4479
0.07541799545288086, 4478
0.07541799545288086, 4477
0.07541799545288086, 4476
0.07541799545288086, 4475
0.07541799545288086, 4474
0.07541799545288086, 4473
0.07541799545288086, 4472
0.07541799545288086, 4471
0.07541799545288086, 4470
0.07541799545288086, 4469
0.07541799545288086, 4468
0.07541799545288086, 4467
0.07541799545288086, 4466
0.07541799545288086, 4465
0.07541799545288086, 4464
0.07541799545288086, 4463
0.07541799545288086, 4462
0.07541799545288086, 4461
0.07541799545288086, 4460
0.07541799545288086, 4459
0.07541799545288086, 4458
0.07541799545288086, 4457
0.07541799545288086, 4456
0.07541799545288086, 4455
0.07541799545288086, 4454
0.07541799545288086, 4453
0.07541799545288086, 4452
0.07541799545288086, 4451
0.07541799545288086, 4450
0.07541799545288086, 4449
0.07541799545288086, 4448
0.07541799545288086, 4447
0.07541799545288086, 4446
0.07541799545288086, 4445
0.07541799545288086, 4444
0.07541799545288086, 4443
0.07541799545288086, 4442
0.07541799545288086, 4441
0.07541799545288086, 4440
0.0764155387878418, 4439
0.0764155387878418, 4438
0.0764155387878418, 4437
0.0764155387878418, 4436
0.0764155387878418, 4435
0.0764155387878418, 4434
0.0764155387878418, 4433
0.0764155387878418, 4432
0.0764155387878418, 4431
0.0764155387878418, 4430
0.0764155387878418, 4429
0.0764155387878418, 4428
0.0764155387878418, 4427
0.0764155387878418, 4426
0.0764155387878418, 4425
0.0764155387878418, 4424
0.0764155387878418, 4423
0.08945322036743164, 3309
0.08945322036743164, 3308
0.08945322036743164, 3307
0.08945322036743164, 3306
0.08945322036743164, 3305
0.08945322036743164, 3304
0.08945322036743164, 3303
0.08945322036743164, 3302
0.08945322036743164, 3301
0.08945322036743164, 3300
0.08945322036743164, 3299
0.08945322036743164, 3298
0.08945322036743164, 3297
0.08945322036743164, 3296
0.0904533863067627, 3295
0.0904533863067627, 3294
0.0904533863067627, 3293
0.0904533863067627, 3292
0.0904533863067627, 3291
0.0904533863067627, 3290
0.0908808708190918, 3289
0.0908808708190918, 3288
0.0908808708190918, 3287
0.0908808708190918, 3286
0.0908808708190918, 3285
0.0908808708190918, 3284
0.0908808708190918, 3283
0.0908808708190918, 3282
0.0908808708190918, 3281
0.0908808708190918, 3280
0.0908808708190918, 3279
0.0908808708190918, 3278
0.0908808708190918, 3277
0.0908808708190918, 3276
0.0908808708190918, 3275
0.09145498275756836, 3274
0.09145498275756836, 3273
0.09145498275756836, 3272
0.09145498275756836, 3271
0.09145498275756836, 3270
0.09145498275756836, 3269
0.09145498275756836, 3268
0.09145498275756836, 3267
0.09145498275756836, 3266
0.09145498275756836, 3265
0.09145498275756836, 3264
0.09145498275756836, 3263
0.09145498275756836, 3262
0.09145498275756836, 3261
0.09145498275756836, 3260
0.09145498275756836, 3259
0.09145498275756836, 3258
0.09145498275756836, 3257
0.09145498275756836, 3256
0.09145498275756836, 3255
0.09145498275756836, 3254
0.09145498275756836, 3253
0.09145498275756836, 3252
0.09145498275756836, 3251
0.09145498275756836, 3250
0.09145498275756836, 3249
0.09145498275756836, 3248
0.09145498275756836, 3247
0.09145498275756836, 3246
0.09145498275756836, 3245
0.09145498275756836, 3244
0.0924530029296875, 3243
0.0924530029296875, 3242
0.0924530029296875, 3241
0.0924530029296875, 3240
0.0924530029296875, 3239
0.09259700775146484, 3238
0.09265279769897461, 3237
0.09265279769897461, 3236
0.09265279769897461, 3235
0.09265279769897461, 3234
0.09265279769897461, 3233
0.09265279769897461, 3232
0.09265279769897461, 3231
0.09265279769897461, 3230
0.09265279769897461, 3229
0.09265279769897461, 3228
0.09265279769897461, 3227
0.09265279769897461, 3226
0.09265279769897461, 3225
0.09265279769897461, 3224
0.09265279769897461, 3223
0.09265279769897461, 3222
0.09265279769897461, 3221
0.09265279769897461, 3220
0.09265279769897461, 3219
0.09265279769897461, 3218
0.09265279769897461, 3217
0.09265279769897461, 3216
0.09265279769897461, 3215
0.09265279769897461, 3214
0.09265279769897461, 3213
0.09265279769897461, 3212
0.09265279769897461, 3211
0.09265279769897461, 3210
0.09265279769897461, 3209
0.09265279769897461, 3208
0.09265279769897461, 3207
0.09265279769897461, 3206
0.09265279769897461, 3205
0.09265279769897461, 3204
0.09265279769897461, 3203
0.09360289573669434, 3202
0.09360289573669434, 3201
0.09360289573669434, 3200
0.09360289573669434, 3199
0.09360289573669434, 3198
0.09360289573669434, 3197
0.09360289573669434, 3196
0.09360289573669434, 3195
0.09360289573669434, 3194
0.09360289573669434, 3193
0.09360289573669434, 3192
0.09360289573669434, 3191
0.09360289573669434, 3190
0.09360289573669434, 3189
0.09360289573669434, 3188
0.09360289573669434, 3187
0.09360289573669434, 3186
0.09360289573669434, 3185
0.09360289573669434, 3184
0.09360289573669434, 3183
0.09360289573669434, 3182
0.09360289573669434, 3181
0.09360289573669434, 3180
0.09360289573669434, 3179
0.09360289573669434, 3178
0.09360289573669434, 3177
0.09360289573669434, 3176
0.09360289573669434, 3175
0.09360289573669434, 3174
0.09360289573669434, 3173
0.09360289573669434, 3172
0.09360289573669434, 3171
0.09360289573669434, 3170
0.09360289573669434, 3169
0.09360289573669434, 3168
0.09360289573669434, 3167
0.09460234642028809, 3166
0.09460234642028809, 3165
0.09460234642028809, 3164
0.2168724536895752, 3163
0.2168724536895752, 3162
0.44077563285827637, 3161
0.44077563285827637, 3160
0.44077563285827637, 3159
0.44077563285827637, 3158
0.44077563285827637, 3157
0.44077563285827637, 3156
0.44077563285827637, 3155
0.44077563285827637, 3154
0.44077563285827637, 3153
0.44077563285827637, 3152
0.44077563285827637, 3151
0.44077563285827637, 3150
0.44077563285827637, 3149
0.44077563285827637, 3148
0.44077563285827637, 3147
0.44077563285827637, 3146
0.44077563285827637, 3145
1.38480544090271, 3144
1.4098644256591797, 3143
1.4098644256591797, 3142
1.4098644256591797, 3141
4.1469385623931885, 3140
4.1469385623931885, 3139
4.1479387283325195, 3138
4.1479387283325195, 3137
4.1479387283325195, 3136
4.1479387283325195, 3135
4.1479387283325195, 3134
4.1479387283325195, 3133
4.1479387283325195, 3132
4.1479387283325195, 3131
4.1479387283325195, 3130
4.1479387283325195, 3129
4.1479387283325195, 3128
4.1479387283325195, 3127
4.1479387283325195, 3126
4.1479387283325195, 3125
4.1479387283325195, 3124
4.1479387283325195, 3123
5.454843521118164, 3122
5.454843521118164, 3121
8.067817687988281, 3120
8.067817687988281, 3119
8.067817687988281, 3118
8.067817687988281, 3117
8.067817687988281, 3116
8.067817687988281, 3115
8.067817687988281, 3114
8.067817687988281, 3113
8.067817687988281, 3112
8.067817687988281, 3111
8.067817687988281, 3110
8.067817687988281, 3109
8.067817687988281, 3108
8.067817687988281, 3107
8.988232135772705, 3106
8.988232135772705, 3105
8.988232135772705, 3104
8.988232135772705, 3103
