0.017998933792114258, 4890
0.017998933792114258, 4889
0.017998933792114258, 4888
0.017998933792114258, 4887
0.017998933792114258, 4886
0.017998933792114258, 4885
0.017998933792114258, 4884
0.017998933792114258, 4883
0.017998933792114258, 4882
0.017998933792114258, 4881
0.017998933792114258, 4880
0.017998933792114258, 4879
0.017998933792114258, 4878
0.017998933792114258, 4877
0.017998933792114258, 4876
0.017998933792114258, 4875
0.017998933792114258, 4874
0.017998933792114258, 4873
0.017998933792114258, 4872
0.017998933792114258, 4871
0.017998933792114258, 4870
0.017998933792114258, 4869
0.017998933792114258, 4868
0.017998933792114258, 4867
0.017998933792114258, 4866
0.017998933792114258, 4865
0.017998933792114258, 4864
0.017998933792114258, 4863
0.017998933792114258, 4862
0.017998933792114258, 4861
0.017998933792114258, 4860
0.017998933792114258, 4859
0.018999099731445312, 4858
0.018999099731445312, 4857
0.018999099731445312, 4856
0.018999099731445312, 4855
0.018999099731445312, 4854
0.018999099731445312, 4853
0.018999099731445312, 4852
0.018999099731445312, 4851
0.018999099731445312, 4850
0.018999099731445312, 4849
0.018999099731445312, 4848
0.018999099731445312, 4847
0.018999099731445312, 4846
0.018999099731445312, 4845
0.018999099731445312, 4844
0.018999099731445312, 4843
0.018999099731445312, 4842
0.018999099731445312, 4841
0.018999099731445312, 4840
0.018999099731445312, 4839
0.018999099731445312, 4838
0.018999099731445312, 4837
0.018999099731445312, 4836
0.019523143768310547, 4835
0.019523143768310547, 4834
0.019523143768310547, 4833
0.019523143768310547, 4832
0.019523143768310547, 4831
0.019523143768310547, 4830
0.019523143768310547, 4829
0.019523143768310547, 4828
0.019523143768310547, 4827
0.019523143768310547, 4826
0.019523143768310547, 4825
0.019523143768310547, 4824
0.019523143768310547, 4823
0.019523143768310547, 4822
0.019523143768310547, 4821
0.019523143768310547, 4820
0.019523143768310547, 4819
0.019523143768310547, 4818
0.019947290420532227, 4817
0.019947290420532227, 4816
0.019947290420532227, 4815
0.019947290420532227, 4814
0.019947290420532227, 4813
0.019947290420532227, 4812
0.019947290420532227, 4811
0.019947290420532227, 4810
0.019947290420532227, 4809
0.019947290420532227, 4808
0.019947290420532227, 4807
0.019947290420532227, 4806
0.019947290420532227, 4805
0.04401588439941406, 4804
0.04401588439941406, 4803
0.04401588439941406, 4802
0.04401588439941406, 4801
0.04401588439941406, 4800
0.04401588439941406, 4799
0.04401588439941406, 4798
0.04401588439941406, 4797
0.04501605033874512, 4796
0.04501605033874512, 4795
0.04501605033874512, 4794
0.04501605033874512, 4793
0.04501605033874512, 4792
0.04501605033874512, 4791
0.04501605033874512, 4790
0.04501605033874512, 4789
0.04501605033874512, 4788
0.04501605033874512, 4787
0.04501605033874512, 4786
0.04501605033874512, 4785
0.04501605033874512, 4784
0.04501605033874512, 4783
0.04501605033874512, 4782
0.04501605033874512, 4781
0.04501605033874512, 4780
0.04501605033874512, 4779
0.04501605033874512, 4778
0.04501605033874512, 4777
0.04501605033874512, 4776
0.04501605033874512, 4775
0.04501605033874512, 4774
0.04501605033874512, 4773
0.04501605033874512, 4772
0.04501605033874512, 4771
0.04501605033874512, 4770
0.04501605033874512, 4769
0.04501605033874512, 4768
0.04501605033874512, 4767
0.04501605033874512, 4766
0.04501605033874512, 4765
0.04501605033874512, 4764
0.04501605033874512, 4763
0.04501605033874512, 4762
0.04501605033874512, 4761
0.04501605033874512, 4760
0.04501605033874512, 4759
0.04501605033874512, 4758
0.04501605033874512, 4757
0.04501605033874512, 4756
0.04501605033874512, 4755
0.04601597785949707, 4754
0.04601597785949707, 4753
0.04601597785949707, 4752
0.04601597785949707, 4751
0.04601597785949707, 4750
0.04601597785949707, 4749
0.04601597785949707, 4748
0.04601597785949707, 4747
0.04601597785949707, 4746
0.04601597785949707, 4745
0.04601597785949707, 4744
0.04601597785949707, 4743
0.04601597785949707, 4742
0.04601597785949707, 4741
0.04601597785949707, 4740
0.04601597785949707, 4739
0.04601597785949707, 4738
0.04601597785949707, 4737
0.04601597785949707, 4736
0.04601597785949707, 4735
0.04601597785949707, 4734
0.04601597785949707, 4733
0.04601597785949707, 4732
0.04601597785949707, 4731
0.04601597785949707, 4730
0.04601597785949707, 4729
0.04601597785949707, 4728
0.04601597785949707, 4727
0.04601597785949707, 4726
0.04601597785949707, 4725
0.04601597785949707, 4724
0.04601597785949707, 4723
0.04601597785949707, 4722
0.04601597785949707, 4721
0.04601597785949707, 4720
0.047017574310302734, 4719
0.047017574310302734, 4718
0.047017574310302734, 4717
0.047017574310302734, 4716
0.047017574310302734, 4715
0.047017574310302734, 4714
0.047017574310302734, 4713
0.047017574310302734, 4712
0.047017574310302734, 4711
0.047017574310302734, 4710
0.047017574310302734, 4709
0.047017574310302734, 4708
0.047017574310302734, 4707
0.047017574310302734, 4706
0.047017574310302734, 4705
0.047017574310302734, 4704
0.047017574310302734, 4703
0.047017574310302734, 4702
0.047017574310302734, 4701
0.047017574310302734, 4700
0.047017574310302734, 4699
0.047017574310302734, 4698
0.047017574310302734, 4697
0.047017574310302734, 4696
0.047017574310302734, 4695
0.047017574310302734, 4694
0.047017574310302734, 4693
0.047017574310302734, 4692
0.047017574310302734, 4691
0.047017574310302734, 4690
0.047017574310302734, 4689
0.047017574310302734, 4688
0.047017574310302734, 4687
0.047017574310302734, 4686
0.047017574310302734, 4685
0.047017574310302734, 4684
0.047017574310302734, 4683
0.047017574310302734, 4682
0.04801607131958008, 4681
0.04801607131958008, 4680
0.04801607131958008, 4679
0.04801607131958008, 4678
0.04801607131958008, 4677
0.04801607131958008, 4676
0.04801607131958008, 4675
0.04801607131958008, 4674
0.04801607131958008, 4673
0.04801607131958008, 4672
0.04801607131958008, 4671
0.04801607131958008, 4670
0.04801607131958008, 4669
0.04801607131958008, 4668
0.04801607131958008, 4667
0.04801607131958008, 4666
0.04801607131958008, 4665
0.04801607131958008, 4664
0.04801607131958008, 4663
0.04801607131958008, 4662
0.04801607131958008, 4661
0.04801607131958008, 4660
0.04801607131958008, 4659
0.04801607131958008, 4658
0.04801607131958008, 4657
0.04801607131958008, 4656
0.04801607131958008, 4655
0.04801607131958008, 4654
0.04801607131958008, 4653
0.04801607131958008, 4652
0.04801607131958008, 4651
0.04801607131958008, 4650
0.04801607131958008, 4649
0.04801607131958008, 4648
0.04801607131958008, 4647
0.04801607131958008, 4646
0.04801607131958008, 4645
0.049017906188964844, 4644
0.049017906188964844, 4643
0.049017906188964844, 4642
0.049017906188964844, 4641
0.049017906188964844, 4640
0.049017906188964844, 4639
0.049017906188964844, 4638
0.049017906188964844, 4637
0.049017906188964844, 4636
0.049017906188964844, 4635
0.049017906188964844, 4634
0.049017906188964844, 4633
0.049017906188964844, 4632
0.049017906188964844, 4631
0.049017906188964844, 4630
0.049017906188964844, 4629
0.049017906188964844, 4628
0.049017906188964844, 4627
0.049017906188964844, 4626
0.049017906188964844, 4625
0.049017906188964844, 4624
0.049017906188964844, 4623
0.049017906188964844, 4622
0.049017906188964844, 4621
0.049017906188964844, 4620
0.049017906188964844, 4619
0.049017906188964844, 4618
0.049017906188964844, 4617
0.049017906188964844, 4616
0.049017906188964844, 4615
0.049017906188964844, 4614
0.049017906188964844, 4613
0.049017906188964844, 4612
0.049017906188964844, 4611
0.049017906188964844, 4610
0.049017906188964844, 4609
0.049017906188964844, 4608
0.049017906188964844, 4607
0.049017906188964844, 4606
0.05001640319824219, 4605
0.05001640319824219, 4604
0.05001640319824219, 4603
0.05001640319824219, 4602
0.05001640319824219, 4601
0.05001640319824219, 4600
0.05001640319824219, 4599
0.05001640319824219, 4598
0.05001640319824219, 4597
0.05001640319824219, 4596
0.05001640319824219, 4595
0.05001640319824219, 4594
0.05001640319824219, 4593
0.05001640319824219, 4592
0.05001640319824219, 4591
0.05001640319824219, 4590
0.05001640319824219, 4589
0.05001640319824219, 4588
0.05001640319824219, 4587
0.05001640319824219, 4586
0.05001640319824219, 4585
0.05001640319824219, 4584
0.05001640319824219, 4583
0.05001640319824219, 4582
0.05001640319824219, 4581
0.0639503002166748, 3338
0.0639503002166748, 3337
0.0639503002166748, 3336
0.0639503002166748, 3335
0.0639503002166748, 3334
0.0639503002166748, 3333
0.0639503002166748, 3332
0.0639503002166748, 3331
0.0639503002166748, 3330
0.0639503002166748, 3329
0.0639503002166748, 3328
0.0639503002166748, 3327
0.0639503002166748, 3326
0.0639503002166748, 3325
0.0639503002166748, 3324
0.0639503002166748, 3323
0.0639503002166748, 3322
0.0639503002166748, 3321
0.0639503002166748, 3320
0.06495094299316406, 3319
0.06495094299316406, 3318
0.06495094299316406, 3317
0.06495094299316406, 3316
0.06495094299316406, 3315
0.06495094299316406, 3314
0.06495094299316406, 3313
0.06495094299316406, 3312
0.06495094299316406, 3311
0.06495094299316406, 3310
0.06495094299316406, 3309
0.06495094299316406, 3308
0.06495094299316406, 3307
0.06495094299316406, 3306
0.06495094299316406, 3305
0.06495094299316406, 3304
0.06495094299316406, 3303
0.06495094299316406, 3302
0.06495094299316406, 3301
0.06495094299316406, 3300
0.06495094299316406, 3299
0.06495094299316406, 3298
0.06495094299316406, 3297
0.06495094299316406, 3296
0.06495094299316406, 3295
0.06495094299316406, 3294
0.06595110893249512, 3293
0.06595110893249512, 3292
0.06595110893249512, 3291
0.06595110893249512, 3290
0.06595110893249512, 3289
0.06595110893249512, 3288
0.06595110893249512, 3287
0.06595110893249512, 3286
0.06595110893249512, 3285
0.06595110893249512, 3284
0.06595110893249512, 3283
0.06595110893249512, 3282
0.06595110893249512, 3281
0.06595110893249512, 3280
0.06595110893249512, 3279
0.06595110893249512, 3278
0.06595110893249512, 3277
0.06595110893249512, 3276
0.06595110893249512, 3275
0.06595110893249512, 3274
0.06595110893249512, 3273
0.06595110893249512, 3272
0.06595110893249512, 3271
0.06595110893249512, 3270
0.06595110893249512, 3269
0.06595110893249512, 3268
0.06595110893249512, 3267
0.06595110893249512, 3266
0.06595110893249512, 3265
0.06595110893249512, 3264
0.06595110893249512, 3263
0.06595110893249512, 3262
0.06595110893249512, 3261
0.06695079803466797, 3260
0.06695079803466797, 3259
0.06695079803466797, 3258
0.06695079803466797, 3257
0.06695079803466797, 3256
0.06695079803466797, 3255
0.06695079803466797, 3254
0.06695079803466797, 3253
0.06695079803466797, 3252
0.06695079803466797, 3251
0.06695079803466797, 3250
0.06695079803466797, 3249
0.06695079803466797, 3248
0.06695079803466797, 3247
0.06695079803466797, 3246
0.06695079803466797, 3245
0.06695079803466797, 3244
0.06695079803466797, 3243
0.06695079803466797, 3242
0.06695079803466797, 3241
0.06695079803466797, 3240
0.06695079803466797, 3239
0.06695079803466797, 3238
0.06695079803466797, 3237
0.06695079803466797, 3236
0.06695079803466797, 3235
0.06695079803466797, 3234
0.06695079803466797, 3233
0.06695079803466797, 3232
0.06795096397399902, 3231
0.06795096397399902, 3230
0.06795096397399902, 3229
0.06795096397399902, 3228
0.06795096397399902, 3227
0.06795096397399902, 3226
0.06795096397399902, 3225
0.06795096397399902, 3224
0.06795096397399902, 3223
0.06795096397399902, 3222
0.06795096397399902, 3221
0.06795096397399902, 3220
0.06795096397399902, 3219
0.06795096397399902, 3218
0.06795096397399902, 3217
0.06795096397399902, 3216
0.06795096397399902, 3215
0.06795096397399902, 3214
0.06795096397399902, 3213
0.06795096397399902, 3212
0.06795096397399902, 3211
0.06795096397399902, 3210
0.06795096397399902, 3209
0.06795096397399902, 3208
0.06795096397399902, 3207
0.06795096397399902, 3206
0.06795096397399902, 3205
0.06795096397399902, 3204
0.06795096397399902, 3203
0.06795096397399902, 3202
0.06795096397399902, 3201
0.06795096397399902, 3200
0.06795096397399902, 3199
0.06895089149475098, 3198
0.06895089149475098, 3197
0.06895089149475098, 3196
0.06895089149475098, 3195
0.06895089149475098, 3194
0.06895089149475098, 3193
0.06895089149475098, 3192
0.06895089149475098, 3191
0.06895089149475098, 3190
0.06895089149475098, 3189
0.06895089149475098, 3188
0.06895089149475098, 3187
0.06895089149475098, 3186
0.06895089149475098, 3185
0.06895089149475098, 3184
0.06895089149475098, 3183
0.06895089149475098, 3182
0.06895089149475098, 3181
0.06895089149475098, 3180
0.06895089149475098, 3179
0.06895089149475098, 3178
0.06895089149475098, 3177
0.06895089149475098, 3176
0.06895089149475098, 3175
0.06895089149475098, 3174
0.06895089149475098, 3173
0.06895089149475098, 3172
0.06895089149475098, 3171
0.06895089149475098, 3170
0.06895089149475098, 3169
0.06895089149475098, 3168
0.06995081901550293, 3167
0.06995081901550293, 3166
0.06995081901550293, 3165
0.06995081901550293, 3164
0.06995081901550293, 3163
0.06995081901550293, 3162
0.06995081901550293, 3161
0.06995081901550293, 3160
0.06995081901550293, 3159
0.06995081901550293, 3158
0.06995081901550293, 3157
0.06995081901550293, 3156
0.06995081901550293, 3155
0.06995081901550293, 3154
0.06995081901550293, 3153
0.06995081901550293, 3152
0.06995081901550293, 3151
0.19905877113342285, 3150
0.7640504837036133, 3149
0.7640504837036133, 3148
0.7640504837036133, 3147
0.7640504837036133, 3146
0.7640504837036133, 3145
0.7640504837036133, 3144
0.7640504837036133, 3143
0.7640504837036133, 3142
0.7640504837036133, 3141
0.7640504837036133, 3140
0.765049934387207, 3139
0.765049934387207, 3138
0.765049934387207, 3137
0.765049934387207, 3136
0.765049934387207, 3135
0.765049934387207, 3134
0.765049934387207, 3133
0.765049934387207, 3132
0.765049934387207, 3131
0.765049934387207, 3130
0.765049934387207, 3129
0.765049934387207, 3128
0.765049934387207, 3127
0.765049934387207, 3126
0.765049934387207, 3125
0.765049934387207, 3124
0.765049934387207, 3123
0.765049934387207, 3122
1.1160993576049805, 3121
1.1160993576049805, 3120
