0.23511648178100586, 14094
0.23511648178100586, 14093
0.23511648178100586, 14092
0.23511648178100586, 14091
0.23511648178100586, 14090
0.23511648178100586, 14089
0.23511648178100586, 14088
0.23511648178100586, 14087
0.23511648178100586, 14086
0.2361156940460205, 14085
0.2361156940460205, 14084
0.2361156940460205, 14083
0.2361156940460205, 14082
0.2361156940460205, 14081
0.2361156940460205, 14080
0.2361156940460205, 14079
0.2361156940460205, 14078
0.2361156940460205, 14077
0.2361156940460205, 14076
0.2361156940460205, 14075
0.2361156940460205, 14074
0.2361156940460205, 14073
0.2361156940460205, 14072
0.23711848258972168, 14071
0.23711848258972168, 14070
0.23711848258972168, 14069
0.23711848258972168, 14068
0.23711848258972168, 14067
0.23711848258972168, 14066
0.23711848258972168, 14065
0.23711848258972168, 14064
0.23711848258972168, 14063
0.23711848258972168, 14062
0.23711848258972168, 14061
0.23711848258972168, 14060
0.23711848258972168, 14059
0.23711848258972168, 14058
0.23811769485473633, 14057
0.23811769485473633, 14056
0.23831415176391602, 14055
0.23831415176391602, 14054
0.23831415176391602, 14053
0.23831415176391602, 14052
0.23831415176391602, 14051
0.23831415176391602, 14050
0.23831415176391602, 14049
0.23831415176391602, 14048
0.23831415176391602, 14047
0.23831415176391602, 14046
0.23831415176391602, 14045
0.23911833763122559, 14044
0.23911833763122559, 14043
0.23911833763122559, 14042
0.23911833763122559, 14041
0.23911833763122559, 14040
0.23911833763122559, 14039
0.23911833763122559, 14038
0.23911833763122559, 14037
0.23911833763122559, 14036
0.23911833763122559, 14035
0.23911833763122559, 14034
0.23911833763122559, 14033
0.23911833763122559, 14032
0.23911833763122559, 14031
0.24011635780334473, 14030
0.24011635780334473, 14029
0.24011635780334473, 14028
0.24011635780334473, 14027
0.24011635780334473, 14026
0.24011635780334473, 14025
0.24011635780334473, 14024
0.24011635780334473, 14023
0.24011635780334473, 14022
0.24011635780334473, 14021
0.24011635780334473, 14020
0.24011635780334473, 14019
0.24011635780334473, 14018
0.24011635780334473, 14017
0.24111652374267578, 14016
0.24125218391418457, 14015
0.24125218391418457, 14014
0.24125218391418457, 14013
0.24125218391418457, 14012
0.24125218391418457, 14011
0.24125218391418457, 14010
0.24125218391418457, 14009
0.24125218391418457, 14008
0.24125218391418457, 14007
0.24125218391418457, 14006
0.24125218391418457, 14005
0.24125218391418457, 14004
0.47598695755004883, 14003
0.47598695755004883, 14002
0.47598695755004883, 14001
0.47598695755004883, 14000
0.47598695755004883, 13999
0.47598695755004883, 13998
0.47598695755004883, 13997
0.47598695755004883, 13996
0.47598695755004883, 13995
0.47598695755004883, 13994
0.47598695755004883, 13993
0.47598695755004883, 13992
0.47598695755004883, 13991
0.47698497772216797, 13990
0.47698497772216797, 13989
0.47698497772216797, 13988
0.47698497772216797, 13987
0.47698497772216797, 13986
0.47698497772216797, 13985
0.47698497772216797, 13984
0.47698497772216797, 13983
0.47698497772216797, 13982
0.47698497772216797, 13981
0.47698497772216797, 13980
0.47698497772216797, 13979
0.47698497772216797, 13978
0.47698497772216797, 13977
0.4779853820800781, 13976
0.4779853820800781, 13975
0.4779853820800781, 13974
0.4779853820800781, 13973
0.4779853820800781, 13972
0.4779853820800781, 13971
0.4779853820800781, 13970
0.4779853820800781, 13969
0.4779853820800781, 13968
0.4779853820800781, 13967
0.4779853820800781, 13966
0.4779853820800781, 13965
0.4779853820800781, 13964
0.4779853820800781, 13963
0.4779853820800781, 13962
0.4789865016937256, 13961
0.4789865016937256, 13960
0.4789865016937256, 13959
0.4789865016937256, 13958
0.4789865016937256, 13957
0.4789865016937256, 13956
0.4789865016937256, 13955
0.4789865016937256, 13954
0.4789865016937256, 13953
0.4789865016937256, 13952
0.4789865016937256, 13951
0.4789865016937256, 13950
0.4789865016937256, 13949
0.4789865016937256, 13948
0.47998499870300293, 13947
0.47998499870300293, 13946
0.47998499870300293, 13945
0.47998499870300293, 13944
0.47998499870300293, 13943
0.47998499870300293, 13942
0.47998499870300293, 13941
0.47998499870300293, 13940
0.47998499870300293, 13939
0.47998499870300293, 13938
0.47998499870300293, 13937
0.47998499870300293, 13936
0.47998499870300293, 13935
0.47998499870300293, 13934
0.480985164642334, 13933
0.480985164642334, 13932
0.480985164642334, 13931
0.480985164642334, 13930
0.480985164642334, 13929
0.480985164642334, 13928
0.480985164642334, 13927
0.480985164642334, 13926
0.480985164642334, 13925
0.480985164642334, 13924
0.480985164642334, 13923
0.480985164642334, 13922
0.480985164642334, 13921
0.48198556900024414, 13920
0.48198556900024414, 13919
0.48198556900024414, 13918
0.48198556900024414, 13917
0.48198556900024414, 13916
0.48198556900024414, 13915
0.48198556900024414, 13914
0.48198556900024414, 13913
0.48198556900024414, 13912
0.48198556900024414, 13911
0.48198556900024414, 13910
0.48198556900024414, 13909
0.4829866886138916, 13908
0.4829866886138916, 13907
0.4829866886138916, 13906
0.4829866886138916, 13905
0.4829866886138916, 13904
0.4829866886138916, 13903
0.4829866886138916, 13902
0.4829866886138916, 13901
0.4829866886138916, 13900
0.4829866886138916, 13899
0.4829866886138916, 13898
0.4829866886138916, 13897
0.4829866886138916, 13896
0.48398804664611816, 13895
0.48398804664611816, 13894
0.48398804664611816, 13893
0.48398804664611816, 13892
0.48398804664611816, 13891
0.48398804664611816, 13890
0.48398804664611816, 13889
0.48398804664611816, 13888
0.48398804664611816, 13887
0.48398804664611816, 13886
0.48398804664611816, 13885
0.48398804664611816, 13884
0.48398804664611816, 13883
0.48398804664611816, 13882
0.4849872589111328, 13881
0.4849872589111328, 13880
0.4849872589111328, 13879
0.4849872589111328, 13878
0.4849872589111328, 13877
0.4849872589111328, 13876
0.4849872589111328, 13875
0.4849872589111328, 13874
0.4849872589111328, 13873
0.4849872589111328, 13872
0.4849872589111328, 13871
0.4849872589111328, 13870
0.4849872589111328, 13869
0.48598766326904297, 13868
0.48598766326904297, 13867
0.48598766326904297, 13866
0.48598766326904297, 13865
0.48598766326904297, 13864
0.48598766326904297, 13863
0.48598766326904297, 13862
0.48598766326904297, 13861
0.48598766326904297, 13860
0.48598766326904297, 13859
0.48598766326904297, 13858
0.48598766326904297, 13857
0.48598766326904297, 13856
0.4869868755340576, 13855
0.4869868755340576, 13854
0.4869868755340576, 13853
0.4869868755340576, 13852
0.4869868755340576, 13851
0.4869868755340576, 13850
0.4869868755340576, 13849
0.4869868755340576, 13848
0.4869868755340576, 13847
0.4869868755340576, 13846
0.4869868755340576, 13845
0.4869868755340576, 13844
0.4869868755340576, 13843
0.48798680305480957, 13842
0.48798680305480957, 13841
0.48798680305480957, 13840
0.48798680305480957, 13839
0.48798680305480957, 13838
0.48798680305480957, 13837
0.48798680305480957, 13836
0.48798680305480957, 13835
0.48798680305480957, 13834
0.48798680305480957, 13833
0.48798680305480957, 13832
0.48798680305480957, 13831
0.48798680305480957, 13830
0.48899054527282715, 13829
0.48899054527282715, 13828
0.48899054527282715, 13827
0.48899054527282715, 13826
0.48899054527282715, 13825
0.9591197967529297, 13824
0.9591197967529297, 13823
0.9591197967529297, 13822
0.9591197967529297, 13821
0.9591197967529297, 13820
0.9591197967529297, 13819
0.960118293762207, 13818
0.960118293762207, 13817
0.960118293762207, 13816
0.960118293762207, 13815
0.960118293762207, 13814
0.960118293762207, 13813
0.960118293762207, 13812
0.960118293762207, 13811
0.960118293762207, 13810
0.960118293762207, 13809
0.960118293762207, 13808
0.960118293762207, 13807
0.960118293762207, 13806
0.960118293762207, 13805
0.9611172676086426, 13804
0.9611172676086426, 13803
0.9611172676086426, 13802
0.9611172676086426, 13801
0.9611172676086426, 13800
0.9611172676086426, 13799
0.9611172676086426, 13798
0.9611172676086426, 13797
0.9611172676086426, 13796
0.9611172676086426, 13795
0.9611172676086426, 13794
0.9611172676086426, 13793
0.9611172676086426, 13792
0.9611172676086426, 13791
0.9621202945709229, 13790
0.9621202945709229, 13789
0.9621202945709229, 13788
0.9621202945709229, 13787
0.9621202945709229, 13786
0.9621202945709229, 13785
0.9621202945709229, 13784
0.9621202945709229, 13783
0.9621202945709229, 13782
0.9621202945709229, 13781
0.9621202945709229, 13780
0.9621202945709229, 13779
0.9621202945709229, 13778
0.9621202945709229, 13777
0.963120698928833, 13776
0.963120698928833, 13775
0.963120698928833, 13774
0.963120698928833, 13773
0.963120698928833, 13772
0.963120698928833, 13771
0.963120698928833, 13770
0.963120698928833, 13769
0.963120698928833, 13768
0.963120698928833, 13767
0.963120698928833, 13766
0.963120698928833, 13765
0.963120698928833, 13764
0.9641213417053223, 13763
0.9641213417053223, 13762
0.9641213417053223, 13761
0.9641213417053223, 13760
0.9641213417053223, 13759
0.9641213417053223, 13758
0.9641213417053223, 13757
0.9641213417053223, 13756
0.9641213417053223, 13755
0.9641213417053223, 13754
0.9641213417053223, 13753
0.9641213417053223, 13752
0.9641213417053223, 13751
0.9651212692260742, 13750
0.9651212692260742, 13749
0.9651212692260742, 13748
0.9651212692260742, 13747
0.9651212692260742, 13746
0.9651212692260742, 13745
0.9651212692260742, 13744
0.9651212692260742, 13743
0.9651212692260742, 13742
0.9651212692260742, 13741
0.9651212692260742, 13740
0.9661188125610352, 13739
0.9661188125610352, 13738
0.9661188125610352, 13737
0.9661188125610352, 13736
0.9661188125610352, 13735
0.9661188125610352, 13734
0.9661188125610352, 13733
0.9661188125610352, 13732
0.9661188125610352, 13731
0.9661188125610352, 13730
0.9661188125610352, 13729
0.9661188125610352, 13728
0.9661188125610352, 13727
0.9671225547790527, 13726
0.9671225547790527, 13725
0.9671225547790527, 13724
0.9671225547790527, 13723
0.9671225547790527, 13722
0.9671225547790527, 13721
0.9671225547790527, 13720
0.9671225547790527, 13719
0.9671225547790527, 13718
0.9671225547790527, 13717
0.9671225547790527, 13716
0.9671225547790527, 13715
0.9671225547790527, 13714
0.968120813369751, 13713
0.968120813369751, 13712
0.968120813369751, 13711
0.968120813369751, 13710
0.968120813369751, 13709
0.968120813369751, 13708
0.968120813369751, 13707
0.968120813369751, 13706
0.968120813369751, 13705
0.968120813369751, 13704
0.968120813369751, 13703
0.968120813369751, 13702
0.968120813369751, 13701
0.969118595123291, 13700
0.969118595123291, 13699
0.969118595123291, 13698
0.969118595123291, 13697
0.969118595123291, 13696
0.969118595123291, 13695
0.969118595123291, 13694
0.969118595123291, 13693
0.969118595123291, 13692
0.969118595123291, 13691
0.969118595123291, 13690
0.969118595123291, 13689
0.969118595123291, 13688
0.9701180458068848, 13687
0.9701180458068848, 13686
0.9701180458068848, 13685
0.9701180458068848, 13684
0.9701180458068848, 13683
0.9701180458068848, 13682
0.9701180458068848, 13681
0.9701180458068848, 13680
0.9701180458068848, 13679
0.9701180458068848, 13678
0.9701180458068848, 13677
0.9701180458068848, 13676
0.9701180458068848, 13675
0.971118688583374, 13674
0.971118688583374, 13673
0.971118688583374, 13672
0.971118688583374, 13671
0.971118688583374, 13670
0.971118688583374, 13669
0.971118688583374, 13668
0.971118688583374, 13667
0.971118688583374, 13666
0.971118688583374, 13665
0.9721188545227051, 13664
0.9721188545227051, 13663
0.9721188545227051, 13662
0.9721188545227051, 13661
0.9721188545227051, 13660
0.9721188545227051, 13659
0.9721188545227051, 13658
0.9721188545227051, 13657
0.9721188545227051, 13656
0.9721188545227051, 13655
0.9731183052062988, 13654
0.9731183052062988, 13653
0.9731183052062988, 13652
0.9731183052062988, 13651
0.9731183052062988, 13650
0.9731183052062988, 13649
0.9731183052062988, 13648
0.9731183052062988, 13647
0.9738607406616211, 13646
0.9738607406616211, 13645
0.9738607406616211, 13644
0.9741182327270508, 13643
0.9741182327270508, 13642
0.9741182327270508, 13641
0.9741182327270508, 13640
0.9741182327270508, 13639
0.9741182327270508, 13638
0.9741182327270508, 13637
0.9741182327270508, 13636
0.9741182327270508, 13635
0.9741182327270508, 13634
0.9751205444335938, 13633
0.9751205444335938, 13632
0.9751205444335938, 13631
0.9751205444335938, 13630
0.9751205444335938, 13629
0.9751205444335938, 13628
0.9751205444335938, 13627
0.9751205444335938, 13626
0.9751205444335938, 13625
0.9751205444335938, 13624
0.9751205444335938, 13623
0.9751205444335938, 13622
0.9751205444335938, 13621
0.9761226177215576, 13620
0.9761226177215576, 13619
0.9761226177215576, 13618
0.9761226177215576, 13617
0.9761226177215576, 13616
0.9761226177215576, 13615
0.9761226177215576, 13614
0.9761226177215576, 13613
0.9761226177215576, 13612
0.9761226177215576, 13611
0.9761226177215576, 13610
0.9761226177215576, 13609
0.9761226177215576, 13608
0.9771182537078857, 13607
0.9771182537078857, 13606
0.9771182537078857, 13605
0.9771182537078857, 13604
0.9771182537078857, 13603
0.9771182537078857, 13602
0.9771182537078857, 13601
0.9771182537078857, 13600
0.9771182537078857, 13599
0.9771182537078857, 13598
0.9771182537078857, 13597
0.9771182537078857, 13596
0.9771182537078857, 13595
0.9781222343444824, 13594
0.9781222343444824, 13593
0.9781222343444824, 13592
0.9781222343444824, 13591
0.9781222343444824, 13590
0.9781222343444824, 13589
0.9781222343444824, 13588
0.9781222343444824, 13587
0.9781222343444824, 13586
0.9781222343444824, 13585
0.9781222343444824, 13584
0.9781222343444824, 13583
0.9791183471679688, 13582
0.9791183471679688, 13581
0.9791183471679688, 13580
0.9791183471679688, 13579
0.9791183471679688, 13578
0.9791183471679688, 13577
0.9791183471679688, 13576
0.9791183471679688, 13575
0.9791183471679688, 13574
0.9791183471679688, 13573
0.9791183471679688, 13572
0.9791183471679688, 13571
0.9791183471679688, 13570
0.9801177978515625, 13569
0.9801177978515625, 13568
0.9801177978515625, 13567
0.9801177978515625, 13566
0.9801177978515625, 13565
0.9801177978515625, 13564
0.9801177978515625, 13563
0.9801177978515625, 13562
0.9801177978515625, 13561
0.9801177978515625, 13560
0.9801177978515625, 13559
0.9801177978515625, 13558
0.9801177978515625, 13557
0.9811177253723145, 13556
0.9811177253723145, 13555
0.9811177253723145, 13554
0.9811177253723145, 13553
0.9811177253723145, 13552
0.9811177253723145, 13551
0.9811177253723145, 13550
0.9811177253723145, 13549
0.9821217060089111, 13548
0.9821217060089111, 13547
0.9821217060089111, 13546
0.9821217060089111, 13545
0.9821217060089111, 13544
0.9821217060089111, 13543
0.9821217060089111, 13542
0.9821217060089111, 13541
0.9821217060089111, 13540
0.9821217060089111, 13539
0.9831180572509766, 13538
0.9831180572509766, 13537
0.9831180572509766, 13536
0.9831180572509766, 13535
0.9831180572509766, 13534
0.9831180572509766, 13533
0.9831180572509766, 13532
0.9831180572509766, 13531
0.9831180572509766, 13530
0.9831180572509766, 13529
0.9831180572509766, 13528
0.9831180572509766, 13527
0.9831180572509766, 13526
0.9841177463531494, 13525
0.9841177463531494, 13524
0.9841177463531494, 13523
0.9841177463531494, 13522
0.9841177463531494, 13521
0.9841177463531494, 13520
0.9841177463531494, 13519
0.9841177463531494, 13518
0.9841177463531494, 13517
0.9841177463531494, 13516
0.9841177463531494, 13515
0.9841177463531494, 13514
0.9841177463531494, 13513
0.9851171970367432, 13512
0.9851171970367432, 13511
0.9851171970367432, 13510
0.9851171970367432, 13509
0.9851171970367432, 13508
0.9851171970367432, 13507
0.9851171970367432, 13506
0.9851171970367432, 13505
0.9861195087432861, 13504
0.9861195087432861, 13503
0.9861195087432861, 13502
0.9861195087432861, 13501
0.9861195087432861, 13500
0.9861195087432861, 13499
0.9861195087432861, 13498
0.9861195087432861, 13497
0.9861195087432861, 13496
0.9861195087432861, 13495
0.9861195087432861, 13494
0.9861195087432861, 13493
0.9871199131011963, 13492
0.9871199131011963, 13491
0.9871199131011963, 13490
0.9871199131011963, 13489
0.9871199131011963, 13488
0.9871199131011963, 13487
0.9871199131011963, 13486
0.9871199131011963, 13485
0.9871199131011963, 13484
0.9871199131011963, 13483
0.9871199131011963, 13482
0.9871199131011963, 13481
0.9871199131011963, 13480
0.9881212711334229, 13479
0.9881212711334229, 13478
0.9881212711334229, 13477
0.9881212711334229, 13476
0.9881212711334229, 13475
0.9881212711334229, 13474
0.9881212711334229, 13473
0.9881212711334229, 13472
0.989119291305542, 13471
0.989119291305542, 13470
0.989119291305542, 13469
0.989119291305542, 13468
0.989119291305542, 13467
0.989119291305542, 13466
0.989119291305542, 13465
0.989119291305542, 13464
0.9901187419891357, 13463
0.9901187419891357, 13462
0.9901187419891357, 13461
0.9901187419891357, 13460
0.9901187419891357, 13459
0.9901187419891357, 13458
0.9901187419891357, 13457
0.9901187419891357, 13456
0.9911212921142578, 13455
0.9911212921142578, 13454
0.9911212921142578, 13453
0.9911212921142578, 13452
0.9911212921142578, 13451
0.9911212921142578, 13450
0.9911212921142578, 13449
0.9911212921142578, 13448
0.9911212921142578, 13447
0.9911212921142578, 13446
0.9911212921142578, 13445
0.9911212921142578, 13444
0.9921228885650635, 13443
0.9921228885650635, 13442
0.9921228885650635, 13441
0.9921228885650635, 13440
0.9921228885650635, 13439
0.9921228885650635, 13438
0.9921228885650635, 13437
0.9921228885650635, 13436
0.9921228885650635, 13435
0.9921228885650635, 13434
0.9921228885650635, 13433
0.9921228885650635, 13432
0.9921228885650635, 13431
0.9931223392486572, 13430
0.9931223392486572, 13429
0.9931223392486572, 13428
0.9931223392486572, 13427
0.9931223392486572, 13426
0.9931223392486572, 13425
0.9931223392486572, 13424
0.9931223392486572, 13423
0.9931223392486572, 13422
0.9931223392486572, 13421
0.9931223392486572, 13420
0.9931223392486572, 13419
0.9941236972808838, 13418
0.9941236972808838, 13417
0.9941236972808838, 13416
0.9941236972808838, 13415
0.9941236972808838, 13414
0.9941236972808838, 13413
0.9941236972808838, 13412
0.9941236972808838, 13411
0.9941236972808838, 13410
0.9941236972808838, 13409
0.9941236972808838, 13408
0.9941236972808838, 13407
0.9941236972808838, 13406
0.9951183795928955, 13405
0.9951183795928955, 13404
0.9951183795928955, 13403
0.9951183795928955, 13402
0.9951183795928955, 13401
0.9951183795928955, 13400
0.9951183795928955, 13399
0.9951183795928955, 13398
0.9951183795928955, 13397
0.9951183795928955, 13396
0.9951183795928955, 13395
0.9951183795928955, 13394
0.9961230754852295, 13393
0.9961230754852295, 13392
0.9961230754852295, 13391
0.9961230754852295, 13390
0.9961230754852295, 13389
0.9961230754852295, 13388
0.9961230754852295, 13387
0.9961230754852295, 13386
0.9961230754852295, 13385
0.9961230754852295, 13384
0.9961230754852295, 13383
0.9961230754852295, 13382
0.9971187114715576, 13381
0.9971187114715576, 13380
0.9971187114715576, 13379
0.9971187114715576, 13378
0.9971187114715576, 13377
0.9971187114715576, 13376
0.9971187114715576, 13375
0.9971187114715576, 13374
0.9971187114715576, 13373
0.9971187114715576, 13372
0.9971187114715576, 13371
0.9971187114715576, 13370
0.9981176853179932, 13369
0.9981176853179932, 13368
0.9981176853179932, 13367
0.9981176853179932, 13366
0.9981176853179932, 13365
0.9981176853179932, 13364
0.9981176853179932, 13363
0.9981176853179932, 13362
0.9981176853179932, 13361
0.9981176853179932, 13360
0.9981176853179932, 13359
0.9981176853179932, 13358
0.9981176853179932, 13357
0.9991192817687988, 13356
0.9991192817687988, 13355
0.9991192817687988, 13354
0.9991192817687988, 13353
0.9991192817687988, 13352
0.9991192817687988, 13351
0.9991192817687988, 13350
0.9991192817687988, 13349
0.9991192817687988, 13348
0.9991192817687988, 13347
0.9991192817687988, 13346
0.9991192817687988, 13345
1.0001194477081299, 13344
1.0001194477081299, 13343
1.0001194477081299, 13342
1.0001194477081299, 13341
1.0001194477081299, 13340
1.0001194477081299, 13339
1.0001194477081299, 13338
1.0001194477081299, 13337
1.0001194477081299, 13336
1.0001194477081299, 13335
1.0001194477081299, 13334
1.0011208057403564, 13333
1.0011208057403564, 13332
1.0011208057403564, 13331
1.0011208057403564, 13330
1.0011208057403564, 13329
1.0011208057403564, 13328
1.0011208057403564, 13327
1.0011208057403564, 13326
1.0011208057403564, 13325
1.0011208057403564, 13324
1.0011208057403564, 13323
1.0011208057403564, 13322
1.002120018005371, 13321
1.002120018005371, 13320
1.002120018005371, 13319
1.002120018005371, 13318
1.002120018005371, 13317
1.002120018005371, 13316
1.002120018005371, 13315
1.002120018005371, 13314
1.002120018005371, 13313
1.002120018005371, 13312
1.002120018005371, 13311
1.002120018005371, 13310
1.002120018005371, 13309
1.0031228065490723, 13308
1.0031228065490723, 13307
1.0031228065490723, 13306
1.0031228065490723, 13305
1.0031228065490723, 13304
1.0031228065490723, 13303
1.0031228065490723, 13302
1.0031228065490723, 13301
1.0031228065490723, 13300
1.0031228065490723, 13299
1.0031228065490723, 13298
1.0031228065490723, 13297
1.0041186809539795, 13296
1.0041186809539795, 13295
1.0041186809539795, 13294
1.0041186809539795, 13293
1.0041186809539795, 13292
1.0041186809539795, 13291
1.0041186809539795, 13290
1.0041186809539795, 13289
1.0041186809539795, 13288
1.0051178932189941, 13287
1.0051178932189941, 13286
1.0051178932189941, 13285
1.0051178932189941, 13284
1.0051178932189941, 13283
1.0051178932189941, 13282
1.0051178932189941, 13281
1.0051178932189941, 13280
1.0051178932189941, 13279
1.0051178932189941, 13278
1.006117582321167, 13277
1.006117582321167, 13276
1.006117582321167, 13275
1.006117582321167, 13274
1.006117582321167, 13273
1.006117582321167, 13272
1.006117582321167, 13271
1.006117582321167, 13270
1.006117582321167, 13269
1.0071189403533936, 13268
1.0071189403533936, 13267
1.0071189403533936, 13266
1.0071189403533936, 13265
1.0071189403533936, 13264
1.0071189403533936, 13263
1.0071189403533936, 13262
1.0071189403533936, 13261
1.0071189403533936, 13260
1.0071189403533936, 13259
1.0081202983856201, 13258
1.0081202983856201, 13257
1.0081202983856201, 13256
1.0081202983856201, 13255
1.0081202983856201, 13254
1.0081202983856201, 13253
1.0081202983856201, 13252
1.0081202983856201, 13251
1.0091197490692139, 13250
1.0091197490692139, 13249
1.0091197490692139, 13248
1.0091197490692139, 13247
1.0091197490692139, 13246
1.0091197490692139, 13245
1.0091197490692139, 13244
1.0091197490692139, 13243
1.0091197490692139, 13242
1.0101218223571777, 13241
1.0101218223571777, 13240
1.0101218223571777, 13239
1.0101218223571777, 13238
1.0101218223571777, 13237
1.0101218223571777, 13236
1.0101218223571777, 13235
1.0101218223571777, 13234
1.0101218223571777, 13233
1.0111219882965088, 13232
1.0111219882965088, 13231
1.0111219882965088, 13230
1.0111219882965088, 13229
1.0111219882965088, 13228
1.0111219882965088, 13227
1.0111219882965088, 13226
1.0121195316314697, 13225
1.0121195316314697, 13224
1.0121195316314697, 13223
1.0121195316314697, 13222
1.0121195316314697, 13221
1.0121195316314697, 13220
1.0121195316314697, 13219
1.0131185054779053, 13218
1.0131185054779053, 13217
1.0131185054779053, 13216
2.9471592903137207, 13215
2.9471592903137207, 13214
2.9471592903137207, 13213
2.9471592903137207, 13212
2.9471592903137207, 13211
2.9471592903137207, 13210
2.9481585025787354, 13209
2.9481585025787354, 13208
2.9481585025787354, 13207
2.9481585025787354, 13206
2.9481585025787354, 13205
2.9481585025787354, 13204
2.9481585025787354, 13203
2.9481585025787354, 13202
2.9481585025787354, 13201
2.9481585025787354, 13200
2.9481585025787354, 13199
2.9481585025787354, 13198
2.9481585025787354, 13197
2.9481585025787354, 13196
2.9491610527038574, 13195
2.9491610527038574, 13194
2.9491610527038574, 13193
2.9491610527038574, 13192
2.9491610527038574, 13191
2.9491610527038574, 13190
2.9491610527038574, 13189
2.9491610527038574, 13188
2.9491610527038574, 13187
2.9491610527038574, 13186
2.9491610527038574, 13185
2.9491610527038574, 13184
2.9491610527038574, 13183
2.950160026550293, 13182
2.950160026550293, 13181
2.950160026550293, 13180
2.950160026550293, 13179
2.950160026550293, 13178
2.950160026550293, 13177
2.950160026550293, 13176
2.950160026550293, 13175
2.950160026550293, 13174
2.950160026550293, 13173
2.950160026550293, 13172
2.950160026550293, 13171
2.950160026550293, 13170
2.951160192489624, 13169
2.951160192489624, 13168
2.951160192489624, 13167
2.951160192489624, 13166
2.951160192489624, 13165
2.951160192489624, 13164
2.951160192489624, 13163
2.951160192489624, 13162
2.951160192489624, 13161
2.951160192489624, 13160
2.951160192489624, 13159
2.951160192489624, 13158
2.951160192489624, 13157
2.952162027359009, 13156
2.952162027359009, 13155
2.952298164367676, 13154
2.952298164367676, 13153
2.952298164367676, 13152
2.952298164367676, 13151
2.952298164367676, 13150
2.952298164367676, 13149
2.952298164367676, 13148
2.952298164367676, 13147
2.9531610012054443, 13146
2.9531610012054443, 13145
2.9531610012054443, 13144
2.9531610012054443, 13143
2.9531610012054443, 13142
2.9531610012054443, 13141
2.9531610012054443, 13140
2.9531610012054443, 13139
2.954162120819092, 13138
2.954162120819092, 13137
4.125804901123047, 13136
4.126805305480957, 13135
4.126805305480957, 13134
4.126805305480957, 13133
4.126805305480957, 13132
4.126805305480957, 13131
4.126805305480957, 13130
4.126805305480957, 13129
4.126805305480957, 13128
4.126805305480957, 13127
4.126805305480957, 13126
4.126805305480957, 13125
4.126805305480957, 13124
4.126805305480957, 13123
4.127805709838867, 13122
4.127805709838867, 13121
4.127805709838867, 13120
4.127805709838867, 13119
4.127805709838867, 13118
4.127805709838867, 13117
4.127805709838867, 13116
4.127805709838867, 13115
4.127805709838867, 13114
4.127805709838867, 13113
4.127805709838867, 13112
4.127805709838867, 13111
4.127805709838867, 13110
4.127805709838867, 13109
4.128806829452515, 13108
4.128806829452515, 13107
4.128806829452515, 13106
4.128806829452515, 13105
4.128806829452515, 13104
4.128806829452515, 13103
4.128806829452515, 13102
4.128806829452515, 13101
4.128806829452515, 13100
4.128806829452515, 13099
4.128806829452515, 13098
4.128806829452515, 13097
4.128806829452515, 13096
4.129806995391846, 13095
4.129806995391846, 13094
4.129806995391846, 13093
4.129806995391846, 13092
4.129806995391846, 13091
4.129806995391846, 13090
4.129806995391846, 13089
4.129806995391846, 13088
4.129806995391846, 13087
4.129806995391846, 13086
4.129806995391846, 13085
4.129806995391846, 13084
4.129806995391846, 13083
4.130808591842651, 13082
4.130808591842651, 13081
4.130808591842651, 13080
4.130808591842651, 13079
4.130808591842651, 13078
4.130808591842651, 13077
4.130808591842651, 13076
4.130808591842651, 13075
4.130808591842651, 13074
4.130808591842651, 13073
4.130808591842651, 13072
4.130808591842651, 13071
4.13180685043335, 13070
4.13180685043335, 13069
4.13180685043335, 13068
4.13180685043335, 13067
4.13180685043335, 13066
4.13180685043335, 13065
4.13180685043335, 13064
4.13180685043335, 13063
4.13180685043335, 13062
4.13180685043335, 13061
4.13180685043335, 13060
4.13180685043335, 13059
4.13280725479126, 13058
4.13280725479126, 13057
4.13280725479126, 13056
4.13280725479126, 13055
4.13280725479126, 13054
4.13280725479126, 13053
4.13280725479126, 13052
4.13280725479126, 13051
4.13280725479126, 13050
4.13280725479126, 13049
4.13280725479126, 13048
4.13280725479126, 13047
4.1338050365448, 13046
4.1338050365448, 13045
4.1338050365448, 13044
4.1338050365448, 13043
4.1338050365448, 13042
4.1338050365448, 13041
4.1338050365448, 13040
4.1338050365448, 13039
4.1338050365448, 13038
4.1338050365448, 13037
4.1338050365448, 13036
4.1338050365448, 13035
4.134804725646973, 13034
4.134804725646973, 13033
4.134804725646973, 13032
4.134804725646973, 13031
4.134804725646973, 13030
4.134804725646973, 13029
4.134804725646973, 13028
4.134804725646973, 13027
4.134804725646973, 13026
4.134804725646973, 13025
4.134804725646973, 13024
4.134804725646973, 13023
4.13580584526062, 13022
4.13580584526062, 13021
4.13580584526062, 13020
4.13580584526062, 13019
4.13580584526062, 13018
4.13580584526062, 13017
4.13580584526062, 13016
4.13580584526062, 13015
4.13580584526062, 13014
4.13580584526062, 13013
4.13580584526062, 13012
4.13580584526062, 13011
4.13580584526062, 13010
4.136904001235962, 13009
4.136904001235962, 13008
