0.23616957664489746, 14051
0.23616957664489746, 14050
0.23616957664489746, 14049
0.23616957664489746, 14048
0.23616957664489746, 14047
0.23616957664489746, 14046
0.23616957664489746, 14045
0.23616957664489746, 14044
0.2371673583984375, 14043
0.2371673583984375, 14042
0.2371673583984375, 14041
0.2371673583984375, 14040
0.2371673583984375, 14039
0.2371673583984375, 14038
0.2371673583984375, 14037
0.2371673583984375, 14036
0.2371673583984375, 14035
0.2371673583984375, 14034
0.2371673583984375, 14033
0.2371673583984375, 14032
0.2371673583984375, 14031
0.2371673583984375, 14030
0.23816967010498047, 14029
0.23816967010498047, 14028
0.23816967010498047, 14027
0.23816967010498047, 14026
0.23816967010498047, 14025
0.23816967010498047, 14024
0.23816967010498047, 14023
0.23816967010498047, 14022
0.23816967010498047, 14021
0.23816967010498047, 14020
0.23816967010498047, 14019
0.23816967010498047, 14018
0.23816967010498047, 14017
0.2391681671142578, 14016
0.2391681671142578, 14015
0.2391681671142578, 14014
0.2391681671142578, 14013
0.2391681671142578, 14012
0.2391681671142578, 14011
0.2391681671142578, 14010
0.2391681671142578, 14009
0.2391681671142578, 14008
0.2391681671142578, 14007
0.2391681671142578, 14006
0.2391681671142578, 14005
0.2391681671142578, 14004
0.2391681671142578, 14003
0.2391681671142578, 14002
0.24016809463500977, 14001
0.24016809463500977, 14000
0.24016809463500977, 13999
0.24016809463500977, 13998
0.24016809463500977, 13997
0.24016809463500977, 13996
0.24016809463500977, 13995
0.24016809463500977, 13994
0.24016809463500977, 13993
0.24016809463500977, 13992
0.24016809463500977, 13991
0.24016809463500977, 13990
0.24016809463500977, 13989
0.24016809463500977, 13988
0.24116730690002441, 13987
0.24116730690002441, 13986
0.24116730690002441, 13985
0.24116730690002441, 13984
0.24116730690002441, 13983
0.24116730690002441, 13982
0.24116730690002441, 13981
0.24116730690002441, 13980
0.24116730690002441, 13979
0.24116730690002441, 13978
0.24116730690002441, 13977
0.24116730690002441, 13976
0.24116730690002441, 13975
0.24116730690002441, 13974
0.24216890335083008, 13973
0.24216890335083008, 13972
0.24216890335083008, 13971
0.24216890335083008, 13970
0.24216890335083008, 13969
0.24216890335083008, 13968
0.24216890335083008, 13967
0.24216890335083008, 13966
0.24216890335083008, 13965
0.24216890335083008, 13964
0.24216890335083008, 13963
0.24216890335083008, 13962
0.24216890335083008, 13961
0.24316859245300293, 13960
0.24316859245300293, 13959
0.24316859245300293, 13958
0.24316859245300293, 13957
0.24316859245300293, 13956
0.24316859245300293, 13955
0.24316859245300293, 13954
0.24316859245300293, 13953
0.24316859245300293, 13952
0.24316859245300293, 13951
0.24316859245300293, 13950
0.24316859245300293, 13949
0.2441704273223877, 13948
0.2441704273223877, 13947
0.2441704273223877, 13946
0.2441704273223877, 13945
0.2441704273223877, 13944
0.2441704273223877, 13943
0.2441704273223877, 13942
0.2441704273223877, 13941
0.2441704273223877, 13940
0.2441704273223877, 13939
0.2441704273223877, 13938
0.2441704273223877, 13937
0.2441704273223877, 13936
0.2441704273223877, 13935
0.24516987800598145, 13934
0.24516987800598145, 13933
0.24516987800598145, 13932
0.24516987800598145, 13931
0.24516987800598145, 13930
0.24516987800598145, 13929
0.24516987800598145, 13928
0.24516987800598145, 13927
0.24516987800598145, 13926
0.24516987800598145, 13925
0.24516987800598145, 13924
0.24516987800598145, 13923
0.24516987800598145, 13922
0.2461702823638916, 13921
0.2461702823638916, 13920
0.2461702823638916, 13919
0.2461702823638916, 13918
0.2461702823638916, 13917
0.2461702823638916, 13916
0.2461702823638916, 13915
0.2461702823638916, 13914
0.2461702823638916, 13913
0.2461702823638916, 13912
0.2461702823638916, 13911
0.2461702823638916, 13910
0.24716925621032715, 13909
0.24716925621032715, 13908
0.24716925621032715, 13907
0.24716925621032715, 13906
0.24716925621032715, 13905
0.24716925621032715, 13904
0.24716925621032715, 13903
0.24716925621032715, 13902
0.24716925621032715, 13901
0.24716925621032715, 13900
0.24716925621032715, 13899
0.24716925621032715, 13898
0.24716925621032715, 13897
0.2481670379638672, 13896
0.2481670379638672, 13895
0.2481670379638672, 13894
0.2481670379638672, 13893
0.2481670379638672, 13892
0.2481670379638672, 13891
0.2481670379638672, 13890
0.2481670379638672, 13889
0.2481670379638672, 13888
0.2481670379638672, 13887
0.2481670379638672, 13886
0.2481670379638672, 13885
0.2481670379638672, 13884
0.24916744232177734, 13883
0.24916744232177734, 13882
0.24916744232177734, 13881
0.24916744232177734, 13880
0.24916744232177734, 13879
0.24916744232177734, 13878
0.24916744232177734, 13877
0.24916744232177734, 13876
0.24916744232177734, 13875
0.24916744232177734, 13874
0.24916744232177734, 13873
0.24916744232177734, 13872
0.24916744232177734, 13871
0.2501697540283203, 13870
0.2501697540283203, 13869
0.2501697540283203, 13868
0.2501697540283203, 13867
0.2501697540283203, 13866
0.2501697540283203, 13865
0.25063443183898926, 13864
0.25063443183898926, 13863
0.25063443183898926, 13862
0.25063443183898926, 13861
0.25063443183898926, 13860
0.25063443183898926, 13859
0.25063443183898926, 13858
0.2511708736419678, 13857
0.2511708736419678, 13856
0.2511708736419678, 13855
0.2511708736419678, 13854
0.2511708736419678, 13853
0.2511708736419678, 13852
0.2511708736419678, 13851
0.2511708736419678, 13850
0.2511708736419678, 13849
0.2511708736419678, 13848
0.2511708736419678, 13847
0.2511708736419678, 13846
0.2511708736419678, 13845
0.2521700859069824, 13844
0.2521700859069824, 13843
0.2521700859069824, 13842
0.2521700859069824, 13841
0.2521700859069824, 13840
0.2521700859069824, 13839
0.2521700859069824, 13838
0.2521700859069824, 13837
0.2521700859069824, 13836
0.2521700859069824, 13835
0.2521700859069824, 13834
0.2521700859069824, 13833
0.2521700859069824, 13832
0.25316953659057617, 13831
0.25316953659057617, 13830
0.25316953659057617, 13829
0.25316953659057617, 13828
0.25316953659057617, 13827
0.25316953659057617, 13826
0.25316953659057617, 13825
0.25316953659057617, 13824
0.25316953659057617, 13823
0.25316953659057617, 13822
0.25316953659057617, 13821
0.25316953659057617, 13820
0.25417232513427734, 13819
0.25417232513427734, 13818
0.25417232513427734, 13817
0.25417232513427734, 13816
0.25417232513427734, 13815
0.25417232513427734, 13814
0.25417232513427734, 13813
0.25417232513427734, 13812
0.25417232513427734, 13811
0.25417232513427734, 13810
0.25417232513427734, 13809
0.25417232513427734, 13808
0.2551686763763428, 13807
0.2551686763763428, 13806
0.2551686763763428, 13805
0.2551686763763428, 13804
0.2551686763763428, 13803
0.2551686763763428, 13802
0.2551686763763428, 13801
0.2551686763763428, 13800
0.2551686763763428, 13799
0.2551686763763428, 13798
0.2551686763763428, 13797
0.2551686763763428, 13796
0.25616955757141113, 13795
0.25616955757141113, 13794
0.25616955757141113, 13793
0.25616955757141113, 13792
0.25616955757141113, 13791
0.25616955757141113, 13790
0.25616955757141113, 13789
0.25616955757141113, 13788
0.25616955757141113, 13787
0.25616955757141113, 13786
0.25616955757141113, 13785
0.25616955757141113, 13784
0.2571678161621094, 13783
0.2571678161621094, 13782
0.2571678161621094, 13781
0.2571678161621094, 13780
0.2571678161621094, 13779
0.2571678161621094, 13778
0.2571678161621094, 13777
0.2571678161621094, 13776
0.2571678161621094, 13775
0.2571678161621094, 13774
0.2571678161621094, 13773
0.2571678161621094, 13772
0.2571678161621094, 13771
0.25816988945007324, 13770
0.25816988945007324, 13769
0.25816988945007324, 13768
0.25816988945007324, 13767
0.25816988945007324, 13766
0.25816988945007324, 13765
0.25816988945007324, 13764
0.25816988945007324, 13763
0.25816988945007324, 13762
0.25816988945007324, 13761
0.25816988945007324, 13760
0.25816988945007324, 13759
0.2591686248779297, 13758
0.2591686248779297, 13757
0.2591686248779297, 13756
0.2591686248779297, 13755
0.2591686248779297, 13754
0.2591686248779297, 13753
0.2591686248779297, 13752
0.2591686248779297, 13751
0.2591686248779297, 13750
0.2591686248779297, 13749
0.2591686248779297, 13748
0.26016783714294434, 13747
0.26016783714294434, 13746
0.26016783714294434, 13745
0.26016783714294434, 13744
0.26016783714294434, 13743
0.26016783714294434, 13742
0.26016783714294434, 13741
0.26016783714294434, 13740
0.26016783714294434, 13739
0.26016783714294434, 13738
0.26016783714294434, 13737
0.2611682415008545, 13736
0.2611682415008545, 13735
0.2611682415008545, 13734
0.2611682415008545, 13733
2.4670252799987793, 13732
2.4680211544036865, 13731
2.4680211544036865, 13730
2.4680211544036865, 13729
2.4680211544036865, 13728
2.4680211544036865, 13727
2.4680211544036865, 13726
2.4680211544036865, 13725
2.4680211544036865, 13724
2.4680211544036865, 13723
2.4690237045288086, 13722
2.4690237045288086, 13721
2.4690237045288086, 13720
2.4690237045288086, 13719
2.4690237045288086, 13718
2.4690237045288086, 13717
2.4690237045288086, 13716
2.4690237045288086, 13715
2.4690237045288086, 13714
2.4690237045288086, 13713
2.4700257778167725, 13712
2.4700257778167725, 13711
2.4700257778167725, 13710
2.4700257778167725, 13709
2.4700257778167725, 13708
2.4700257778167725, 13707
2.4700257778167725, 13706
2.4700257778167725, 13705
2.4700257778167725, 13704
2.4700257778167725, 13703
2.471024513244629, 13702
2.471024513244629, 13701
2.471024513244629, 13700
2.471024513244629, 13699
2.471024513244629, 13698
2.471024513244629, 13697
2.471024513244629, 13696
2.471024513244629, 13695
2.471024513244629, 13694
2.471024513244629, 13693
2.4720234870910645, 13692
2.4720234870910645, 13691
2.4720234870910645, 13690
2.4720234870910645, 13689
2.4720234870910645, 13688
2.4720234870910645, 13687
2.4720234870910645, 13686
2.4720234870910645, 13685
2.4720234870910645, 13684
2.4730257987976074, 13683
2.4730257987976074, 13682
2.4730257987976074, 13681
2.4730257987976074, 13680
2.4730257987976074, 13679
2.4730257987976074, 13678
2.4730257987976074, 13677
2.4730257987976074, 13676
2.4730257987976074, 13675
2.4730257987976074, 13674
2.4740216732025146, 13673
2.4740216732025146, 13672
2.4740216732025146, 13671
2.4740216732025146, 13670
2.4740216732025146, 13669
2.4740216732025146, 13668
2.4740216732025146, 13667
2.4740216732025146, 13666
2.4740216732025146, 13665
2.4740216732025146, 13664
2.4740216732025146, 13663
2.475024938583374, 13662
2.475024938583374, 13661
2.475024938583374, 13660
2.475024938583374, 13659
2.475024938583374, 13658
2.475024938583374, 13657
2.475024938583374, 13656
2.475024938583374, 13655
2.475024938583374, 13654
2.4760260581970215, 13653
2.4760260581970215, 13652
2.4760260581970215, 13651
2.4760260581970215, 13650
2.4760260581970215, 13649
2.4760260581970215, 13648
2.4760260581970215, 13647
2.4760260581970215, 13646
2.4760260581970215, 13645
2.477024555206299, 13644
2.477024555206299, 13643
2.477024555206299, 13642
2.477024555206299, 13641
2.477024555206299, 13640
2.477024555206299, 13639
2.477024555206299, 13638
2.477024555206299, 13637
2.477024555206299, 13636
2.477024555206299, 13635
2.4780240058898926, 13634
2.4780240058898926, 13633
2.4780240058898926, 13632
2.4780240058898926, 13631
2.4780240058898926, 13630
2.4780240058898926, 13629
2.4780240058898926, 13628
2.4780240058898926, 13627
2.4780240058898926, 13626
2.479022264480591, 13625
2.479022264480591, 13624
2.479022264480591, 13623
2.479022264480591, 13622
2.479022264480591, 13621
2.479022264480591, 13620
2.479022264480591, 13619
2.479022264480591, 13618
2.479022264480591, 13617
2.479022264480591, 13616
2.4800214767456055, 13615
2.4800214767456055, 13614
2.4800214767456055, 13613
2.4800214767456055, 13612
2.4800214767456055, 13611
2.4800214767456055, 13610
2.4800214767456055, 13609
2.4800214767456055, 13608
2.4800214767456055, 13607
2.481022834777832, 13606
2.481022834777832, 13605
2.481022834777832, 13604
2.481022834777832, 13603
2.481022834777832, 13602
2.481022834777832, 13601
2.481022834777832, 13600
2.481022834777832, 13599
2.481022834777832, 13598
2.481022834777832, 13597
2.4820258617401123, 13596
2.4820258617401123, 13595
2.482222318649292, 13594
2.482222318649292, 13593
2.482222318649292, 13592
2.482222318649292, 13591
2.482222318649292, 13590
2.482222318649292, 13589
2.482222318649292, 13588
2.483025312423706, 13587
2.483025312423706, 13586
2.483025312423706, 13585
2.483025312423706, 13584
2.483025312423706, 13583
2.483025312423706, 13582
2.483025312423706, 13581
2.483025312423706, 13580
2.483025312423706, 13579
2.483025312423706, 13578
2.483025312423706, 13577
2.484023332595825, 13576
2.484023332595825, 13575
2.484023332595825, 13574
2.484023332595825, 13573
2.484023332595825, 13572
2.484023332595825, 13571
2.484023332595825, 13570
2.484023332595825, 13569
2.484023332595825, 13568
2.484023332595825, 13567
2.485025644302368, 13566
2.485025644302368, 13565
2.485025644302368, 13564
2.485025644302368, 13563
2.485025644302368, 13562
2.485025644302368, 13561
2.485025644302368, 13560
2.485025644302368, 13559
2.485025644302368, 13558
2.4860243797302246, 13557
2.4860243797302246, 13556
2.4860243797302246, 13555
2.4860243797302246, 13554
2.4860243797302246, 13553
2.4860243797302246, 13552
2.4860243797302246, 13551
2.4860243797302246, 13550
2.4860243797302246, 13549
2.4870243072509766, 13548
2.4870243072509766, 13547
2.4870243072509766, 13546
2.4870243072509766, 13545
2.4870243072509766, 13544
2.4870243072509766, 13543
2.4870243072509766, 13542
2.4870243072509766, 13541
2.4870243072509766, 13540
2.4880244731903076, 13539
2.4880244731903076, 13538
2.4880244731903076, 13537
2.4880244731903076, 13536
2.4880244731903076, 13535
2.4880244731903076, 13534
2.4880244731903076, 13533
2.4880244731903076, 13532
2.4880244731903076, 13531
2.4880244731903076, 13530
2.4880244731903076, 13529
2.4880244731903076, 13528
2.4880244731903076, 13527
2.489025115966797, 13526
2.489025115966797, 13525
2.489025115966797, 13524
2.489025115966797, 13523
2.489025115966797, 13522
2.489025115966797, 13521
2.489025115966797, 13520
2.489025115966797, 13519
2.489025115966797, 13518
2.489025115966797, 13517
2.489025115966797, 13516
2.489025115966797, 13515
2.489025115966797, 13514
2.490023612976074, 13513
2.490023612976074, 13512
2.490023612976074, 13511
2.490023612976074, 13510
2.490023612976074, 13509
2.490023612976074, 13508
2.490023612976074, 13507
2.490023612976074, 13506
2.490023612976074, 13505
2.490023612976074, 13504
2.490023612976074, 13503
2.4910268783569336, 13502
2.4910268783569336, 13501
2.4910268783569336, 13500
2.4910268783569336, 13499
2.4910268783569336, 13498
2.4910268783569336, 13497
2.4910268783569336, 13496
2.4910268783569336, 13495
2.4910268783569336, 13494
2.4910268783569336, 13493
2.4910268783569336, 13492
2.4910268783569336, 13491
2.4920222759246826, 13490
2.4920222759246826, 13489
2.4920222759246826, 13488
2.4920222759246826, 13487
2.4920222759246826, 13486
2.4920222759246826, 13485
2.4920222759246826, 13484
2.4920222759246826, 13483
2.4920222759246826, 13482
2.4920222759246826, 13481
2.4920222759246826, 13480
2.4920222759246826, 13479
2.4920222759246826, 13478
2.4930224418640137, 13477
2.4930224418640137, 13476
2.4930224418640137, 13475
2.4930224418640137, 13474
2.4930224418640137, 13473
2.4930224418640137, 13472
2.4930224418640137, 13471
2.4930224418640137, 13470
2.4930224418640137, 13469
2.4930224418640137, 13468
2.4930224418640137, 13467
2.4930224418640137, 13466
2.4940223693847656, 13465
2.4940223693847656, 13464
2.4940223693847656, 13463
2.4940223693847656, 13462
2.4940223693847656, 13461
2.4940223693847656, 13460
2.4940223693847656, 13459
2.4940223693847656, 13458
2.4940223693847656, 13457
2.4940223693847656, 13456
2.4940223693847656, 13455
2.495025157928467, 13454
2.495025157928467, 13453
2.495025157928467, 13452
2.495025157928467, 13451
2.495025157928467, 13450
2.495025157928467, 13449
2.495025157928467, 13448
2.495025157928467, 13447
2.495025157928467, 13446
2.495025157928467, 13445
2.495025157928467, 13444
2.495025157928467, 13443
2.495025157928467, 13442
2.4960241317749023, 13441
7.714496612548828, 13440
7.714496612548828, 13439
7.715496778488159, 13438
7.715496778488159, 13437
7.715496778488159, 13436
7.715496778488159, 13435
7.715496778488159, 13434
