0.1828935146331787, 14093
0.18389391899108887, 14092
0.18389391899108887, 14091
0.18389391899108887, 14090
0.35205698013305664, 13988
0.35205698013305664, 13987
0.35205698013305664, 13986
0.35205698013305664, 13985
0.35205698013305664, 13984
0.35205698013305664, 13983
0.35205698013305664, 13982
0.35205698013305664, 13981
0.35205698013305664, 13980
0.35205698013305664, 13979
0.35205698013305664, 13978
0.3530576229095459, 13977
0.3530576229095459, 13976
0.3530576229095459, 13975
0.3530576229095459, 13974
0.3530576229095459, 13973
0.3530576229095459, 13972
0.3530576229095459, 13971
0.3530576229095459, 13970
0.3530576229095459, 13969
0.3530576229095459, 13968
0.3530576229095459, 13967
0.3530576229095459, 13966
0.3530576229095459, 13965
0.3530576229095459, 13964
0.3530576229095459, 13963
0.3530576229095459, 13962
0.3540821075439453, 13961
0.3540821075439453, 13960
0.3540821075439453, 13959
0.3540821075439453, 13958
0.3540821075439453, 13957
0.3540821075439453, 13956
0.3540821075439453, 13955
0.3540821075439453, 13954
0.3540821075439453, 13953
0.3540821075439453, 13952
0.3540821075439453, 13951
0.3540821075439453, 13950
0.3540821075439453, 13949
0.3540821075439453, 13948
0.3540821075439453, 13947
0.35508227348327637, 13946
0.35508227348327637, 13945
0.35508227348327637, 13944
0.35508227348327637, 13943
0.35508227348327637, 13942
0.35508227348327637, 13941
0.35508227348327637, 13940
0.35508227348327637, 13939
0.35508227348327637, 13938
0.35508227348327637, 13937
0.35508227348327637, 13936
0.35508227348327637, 13935
0.35508227348327637, 13934
0.35508227348327637, 13933
0.35508227348327637, 13932
0.35508227348327637, 13931
0.3560826778411865, 13930
0.3560826778411865, 13929
0.3560826778411865, 13928
0.3560826778411865, 13927
0.3560826778411865, 13926
0.3560826778411865, 13925
0.35648274421691895, 13924
0.35648274421691895, 13923
0.35648274421691895, 13922
0.35648274421691895, 13921
0.35648274421691895, 13920
0.35648274421691895, 13919
0.35648274421691895, 13918
0.35648274421691895, 13917
0.35648274421691895, 13916
0.3570821285247803, 13915
0.3570821285247803, 13914
0.3570821285247803, 13913
0.3570821285247803, 13912
0.3570821285247803, 13911
0.3570821285247803, 13910
0.3570821285247803, 13909
0.3570821285247803, 13908
0.3570821285247803, 13907
0.3570821285247803, 13906
0.3570821285247803, 13905
0.3570821285247803, 13904
0.3570821285247803, 13903
0.3570821285247803, 13902
0.3570821285247803, 13901
0.3570821285247803, 13900
0.3580820560455322, 13899
0.3580820560455322, 13898
0.3580820560455322, 13897
0.3580820560455322, 13896
0.3580820560455322, 13895
0.3580820560455322, 13894
0.3580820560455322, 13893
0.3580820560455322, 13892
0.3580820560455322, 13891
0.3580820560455322, 13890
0.3580820560455322, 13889
0.3580820560455322, 13888
0.3580820560455322, 13887
0.3580820560455322, 13886
0.3580820560455322, 13885
0.3580820560455322, 13884
0.3590819835662842, 13883
0.3590819835662842, 13882
0.3590819835662842, 13881
0.3590819835662842, 13880
0.3590819835662842, 13879
0.3590819835662842, 13878
0.3590819835662842, 13877
0.3590819835662842, 13876
0.3590819835662842, 13875
0.3590819835662842, 13874
0.3590819835662842, 13873
0.3590819835662842, 13872
0.3590819835662842, 13871
0.3590819835662842, 13870
0.3590819835662842, 13869
0.3590819835662842, 13868
0.36008191108703613, 13867
0.36008191108703613, 13866
0.36008191108703613, 13865
0.36008191108703613, 13864
0.36008191108703613, 13863
0.36008191108703613, 13862
0.36008191108703613, 13861
0.36008191108703613, 13860
0.36008191108703613, 13859
0.36008191108703613, 13858
0.36008191108703613, 13857
0.36008191108703613, 13856
0.36008191108703613, 13855
0.36008191108703613, 13854
0.36008191108703613, 13853
0.3610820770263672, 13852
0.3610820770263672, 13851
0.3610820770263672, 13850
0.3610820770263672, 13849
0.3610820770263672, 13848
0.3610820770263672, 13847
0.3610820770263672, 13846
0.3610820770263672, 13845
0.3610820770263672, 13844
0.3610820770263672, 13843
0.3610820770263672, 13842
0.3610820770263672, 13841
0.3610820770263672, 13840
0.3610820770263672, 13839
0.3610820770263672, 13838
0.3610820770263672, 13837
0.36208200454711914, 13836
0.36208200454711914, 13835
0.36208200454711914, 13834
0.36208200454711914, 13833
0.36208200454711914, 13832
0.36208200454711914, 13831
0.36208200454711914, 13830
0.36208200454711914, 13829
0.36208200454711914, 13828
0.36208200454711914, 13827
0.36208200454711914, 13826
0.36208200454711914, 13825
0.36208200454711914, 13824
0.36208200454711914, 13823
0.36208200454711914, 13822
0.36208200454711914, 13821
0.3630819320678711, 13820
0.3630819320678711, 13819
0.3630819320678711, 13818
0.3630819320678711, 13817
0.3630819320678711, 13816
0.3630819320678711, 13815
0.3630819320678711, 13814
0.3630819320678711, 13813
0.3630819320678711, 13812
0.3630819320678711, 13811
0.3630819320678711, 13810
0.3630819320678711, 13809
0.3630819320678711, 13808
0.3630819320678711, 13807
0.3630819320678711, 13806
0.36411499977111816, 13805
0.36411499977111816, 13804
0.36411499977111816, 13803
0.36411499977111816, 13802
0.36411499977111816, 13801
0.5348556041717529, 13800
0.5348556041717529, 13799
0.5348556041717529, 13798
0.5358552932739258, 13797
0.5358552932739258, 13796
0.5358552932739258, 13795
0.5358552932739258, 13794
0.5358552932739258, 13793
0.5358552932739258, 13792
0.5358552932739258, 13791
0.5358552932739258, 13790
0.5358552932739258, 13789
0.5358552932739258, 13788
0.5358552932739258, 13787
0.5358552932739258, 13786
0.5358552932739258, 13785
0.5358552932739258, 13784
0.5368552207946777, 13783
0.5369672775268555, 13782
0.5369672775268555, 13781
0.5369672775268555, 13780
0.5369672775268555, 13779
0.5369672775268555, 13778
0.5369672775268555, 13777
0.5369672775268555, 13776
0.5369672775268555, 13775
0.5369672775268555, 13774
0.5369672775268555, 13773
0.5378549098968506, 13772
0.5378549098968506, 13771
0.5378549098968506, 13770
0.5378549098968506, 13769
0.5378549098968506, 13768
0.5378549098968506, 13767
0.5378549098968506, 13766
0.5378549098968506, 13765
0.5378549098968506, 13764
0.5378549098968506, 13763
0.5378549098968506, 13762
0.5378549098968506, 13761
0.5378549098968506, 13760
0.5378549098968506, 13759
0.5378549098968506, 13758
0.5388545989990234, 13757
0.5388545989990234, 13756
0.5388545989990234, 13755
0.5388545989990234, 13754
0.5388545989990234, 13753
0.5388545989990234, 13752
0.5388545989990234, 13751
0.5388545989990234, 13750
0.5388545989990234, 13749
0.5388545989990234, 13748
0.5388545989990234, 13747
0.5388545989990234, 13746
0.5388545989990234, 13745
0.5388545989990234, 13744
0.5388545989990234, 13743
0.5398547649383545, 13742
0.5398547649383545, 13741
0.5398547649383545, 13740
0.5398547649383545, 13739
0.5398547649383545, 13738
0.5398547649383545, 13737
0.5398547649383545, 13736
0.5398547649383545, 13735
0.5398547649383545, 13734
0.5398547649383545, 13733
0.5398547649383545, 13732
0.5398547649383545, 13731
0.5398547649383545, 13730
0.5398547649383545, 13729
0.5408549308776855, 13728
0.5408549308776855, 13727
0.5408549308776855, 13726
0.5408549308776855, 13725
0.5408549308776855, 13724
0.5408549308776855, 13723
0.5408549308776855, 13722
0.5408549308776855, 13721
0.5408549308776855, 13720
0.5408549308776855, 13719
0.5408549308776855, 13718
0.5408549308776855, 13717
0.5408549308776855, 13716
0.5408549308776855, 13715
0.5408549308776855, 13714
0.5418562889099121, 13713
0.5418562889099121, 13712
0.5418562889099121, 13711
0.5418562889099121, 13710
0.5418562889099121, 13709
0.5418562889099121, 13708
0.5418562889099121, 13707
0.5418562889099121, 13706
0.5418562889099121, 13705
0.5418562889099121, 13704
0.5418562889099121, 13703
0.5418562889099121, 13702
0.5418562889099121, 13701
0.5418562889099121, 13700
0.5418562889099121, 13699
0.5418562889099121, 13698
0.5428552627563477, 13697
0.5428552627563477, 13696
0.5428552627563477, 13695
0.5428552627563477, 13694
0.5428552627563477, 13693
0.5428552627563477, 13692
0.5428552627563477, 13691
0.5428552627563477, 13690
0.5428552627563477, 13689
0.5428552627563477, 13688
0.5428552627563477, 13687
0.5428552627563477, 13686
0.5428552627563477, 13685
0.5428552627563477, 13684
0.5428552627563477, 13683
0.5438544750213623, 13682
0.5438544750213623, 13681
0.5438544750213623, 13680
0.5438544750213623, 13679
0.5438544750213623, 13678
0.5438544750213623, 13677
0.5438544750213623, 13676
0.5438544750213623, 13675
0.5438544750213623, 13674
0.5438544750213623, 13673
0.5438544750213623, 13672
0.5438544750213623, 13671
0.5438544750213623, 13670
0.5438544750213623, 13669
0.5448553562164307, 13668
0.5448553562164307, 13667
0.5448553562164307, 13666
0.5448553562164307, 13665
0.5448553562164307, 13664
0.5448553562164307, 13663
0.5448553562164307, 13662
0.5448553562164307, 13661
0.5448553562164307, 13660
0.5448553562164307, 13659
0.5448553562164307, 13658
0.5448553562164307, 13657
0.5448553562164307, 13656
0.5448553562164307, 13655
0.5448553562164307, 13654
0.5458548069000244, 13653
0.5458548069000244, 13652
0.5458548069000244, 13651
0.5458548069000244, 13650
0.5458548069000244, 13649
0.5458548069000244, 13648
0.5458548069000244, 13647
0.5458548069000244, 13646
0.5458548069000244, 13645
0.5458548069000244, 13644
0.5458548069000244, 13643
0.5458548069000244, 13642
0.5458548069000244, 13641
0.5458548069000244, 13640
0.5458548069000244, 13639
0.5468544960021973, 13638
0.5468544960021973, 13637
0.5468544960021973, 13636
0.5468544960021973, 13635
0.5468544960021973, 13634
0.5468544960021973, 13633
0.5468544960021973, 13632
0.5468544960021973, 13631
0.5468544960021973, 13630
0.5468544960021973, 13629
0.5468544960021973, 13628
0.5468544960021973, 13627
0.5468544960021973, 13626
0.5468544960021973, 13625
0.5468544960021973, 13624
0.5478546619415283, 13623
0.5478546619415283, 13622
0.5478546619415283, 13621
0.5478546619415283, 13620
0.5478546619415283, 13619
0.5478546619415283, 13618
0.5478546619415283, 13617
0.5478546619415283, 13616
0.5478546619415283, 13615
0.5478546619415283, 13614
0.5478546619415283, 13613
0.5478546619415283, 13612
0.5478546619415283, 13611
0.5478546619415283, 13610
0.5488548278808594, 13609
0.5488548278808594, 13608
0.5488548278808594, 13607
0.5488548278808594, 13606
0.5488548278808594, 13605
0.5488548278808594, 13604
0.5488548278808594, 13603
0.5488548278808594, 13602
0.5488548278808594, 13601
0.5488548278808594, 13600
0.5488548278808594, 13599
1.0854320526123047, 13598
1.0854320526123047, 13597
1.6361351013183594, 13596
1.6361351013183594, 13595
1.6361351013183594, 13594
1.6361351013183594, 13593
1.6361351013183594, 13592
1.6361351013183594, 13591
1.6371352672576904, 13590
1.6371352672576904, 13589
1.6371352672576904, 13588
1.6371352672576904, 13587
1.6371352672576904, 13586
1.6371352672576904, 13585
1.6371352672576904, 13584
1.6371352672576904, 13583
1.6371352672576904, 13582
1.6371352672576904, 13581
1.6371352672576904, 13580
1.6371352672576904, 13579
1.6371352672576904, 13578
1.6371352672576904, 13577
1.6381354331970215, 13576
1.6381354331970215, 13575
1.6381354331970215, 13574
1.6381354331970215, 13573
1.6381354331970215, 13572
1.6381354331970215, 13571
1.6381354331970215, 13570
1.6381354331970215, 13569
1.6381354331970215, 13568
1.6381354331970215, 13567
1.6381354331970215, 13566
1.6381354331970215, 13565
1.6381354331970215, 13564
1.6381354331970215, 13563
1.6381354331970215, 13562
1.6391360759735107, 13561
1.6391360759735107, 13560
1.6391360759735107, 13559
1.6391360759735107, 13558
1.6391360759735107, 13557
1.6391360759735107, 13556
1.6391360759735107, 13555
1.6391360759735107, 13554
1.6391360759735107, 13553
1.6391360759735107, 13552
1.6391360759735107, 13551
1.6391360759735107, 13550
1.6391360759735107, 13549
1.6391360759735107, 13548
1.6401865482330322, 13547
1.6401865482330322, 13546
1.6401865482330322, 13545
1.6401865482330322, 13544
1.6401865482330322, 13543
1.6401865482330322, 13542
1.6401865482330322, 13541
1.6401865482330322, 13540
1.6401865482330322, 13539
1.6401865482330322, 13538
1.6401865482330322, 13537
1.6401865482330322, 13536
1.6411402225494385, 13535
1.6411402225494385, 13534
1.6411402225494385, 13533
1.6411402225494385, 13532
1.6411402225494385, 13531
1.6411402225494385, 13530
1.6411402225494385, 13529
1.6411402225494385, 13528
1.6411402225494385, 13527
1.6411402225494385, 13526
1.8132121562957764, 13525
1.8132121562957764, 13524
1.8132121562957764, 13523
1.8132121562957764, 13522
1.8132121562957764, 13521
1.8132121562957764, 13520
4.570135116577148, 13519
4.571093797683716, 13518
4.571093797683716, 13517
4.571093797683716, 13516
4.571093797683716, 13515
4.571093797683716, 13514
4.571093797683716, 13513
4.571093797683716, 13512
4.571093797683716, 13511
4.571093797683716, 13510
4.571093797683716, 13509
4.571093797683716, 13508
4.571093797683716, 13507
4.571093797683716, 13506
4.571093797683716, 13505
4.571093797683716, 13504
4.572134971618652, 13503
4.572134971618652, 13502
4.572134971618652, 13501
4.572134971618652, 13500
4.572134971618652, 13499
4.572134971618652, 13498
4.572134971618652, 13497
4.572134971618652, 13496
4.572134971618652, 13495
4.572134971618652, 13494
4.572134971618652, 13493
4.572134971618652, 13492
4.572134971618652, 13491
4.573135137557983, 13490
4.573135137557983, 13489
4.573135137557983, 13488
4.573135137557983, 13487
4.573135137557983, 13486
4.573135137557983, 13485
4.573135137557983, 13484
4.573135137557983, 13483
4.573135137557983, 13482
4.573135137557983, 13481
4.573135137557983, 13480
4.573135137557983, 13479
4.573135137557983, 13478
4.573135137557983, 13477
4.573135137557983, 13476
4.574134826660156, 13475
4.574134826660156, 13474
4.574134826660156, 13473
4.574134826660156, 13472
4.574134826660156, 13471
4.574134826660156, 13470
4.574134826660156, 13469
4.574134826660156, 13468
4.574134826660156, 13467
4.574134826660156, 13466
4.574134826660156, 13465
4.574134826660156, 13464
4.574134826660156, 13463
4.574134826660156, 13462
4.575134992599487, 13461
4.575134992599487, 13460
4.575134992599487, 13459
4.575134992599487, 13458
4.575134992599487, 13457
4.575134992599487, 13456
4.575134992599487, 13455
4.575134992599487, 13454
4.575134992599487, 13453
4.575134992599487, 13452
4.575134992599487, 13451
4.575134992599487, 13450
4.575134992599487, 13449
4.575134992599487, 13448
4.576134443283081, 13447
4.576134443283081, 13446
4.576134443283081, 13445
4.576134443283081, 13444
4.576134443283081, 13443
4.576134443283081, 13442
4.576134443283081, 13441
4.576134443283081, 13440
4.576134443283081, 13439
4.576134443283081, 13438
4.576134443283081, 13437
4.576134443283081, 13436
4.5769875049591064, 13435
4.577135324478149, 13434
4.577135324478149, 13433
4.577135324478149, 13432
4.577135324478149, 13431
4.577135324478149, 13430
4.577135324478149, 13429
4.577135324478149, 13428
4.577135324478149, 13427
4.577135324478149, 13426
4.577135324478149, 13425
4.577135324478149, 13424
4.577135324478149, 13423
4.577135324478149, 13422
4.577135324478149, 13421
4.577135324478149, 13420
4.578134298324585, 13419
4.578134298324585, 13418
4.578134298324585, 13417
4.578134298324585, 13416
4.578134298324585, 13415
4.578134298324585, 13414
4.578134298324585, 13413
4.578134298324585, 13412
4.578134298324585, 13411
4.578134298324585, 13410
4.578134298324585, 13409
4.578134298324585, 13408
4.578134298324585, 13407
4.579134464263916, 13406
4.579134464263916, 13405
4.579134464263916, 13404
4.579134464263916, 13403
4.579134464263916, 13402
4.579134464263916, 13401
4.579134464263916, 13400
4.579134464263916, 13399
4.579134464263916, 13398
4.579134464263916, 13397
4.579134464263916, 13396
4.579134464263916, 13395
4.579134464263916, 13394
4.579134464263916, 13393
4.580134630203247, 13392
4.580134630203247, 13391
4.580134630203247, 13390
4.580134630203247, 13389
4.580134630203247, 13388
4.580134630203247, 13387
4.580552339553833, 13386
4.580552339553833, 13385
4.580552339553833, 13384
4.580552339553833, 13383
4.580552339553833, 13382
4.580552339553833, 13381
4.580552339553833, 13380
5.809549570083618, 10041
5.809549570083618, 10040
5.809549570083618, 10039
5.809549570083618, 10038
5.809549570083618, 10037
5.81011176109314, 10036
5.81011176109314, 10035
5.81011176109314, 10034
5.81011176109314, 10033
5.81011176109314, 10032
5.81011176109314, 10031
5.81011176109314, 10030
5.81011176109314, 10029
5.81011176109314, 10028
5.81011176109314, 10027
5.81011176109314, 10026
5.811026573181152, 10025
5.811111211776733, 10024
5.811111211776733, 10023
5.811111211776733, 10022
5.811111211776733, 10021
5.811111211776733, 10020
5.811111211776733, 10019
5.811111211776733, 10018
5.811111211776733, 10017
5.811111211776733, 10016
5.811111211776733, 10015
5.811111211776733, 10014
5.811111211776733, 10013
5.811111211776733, 10012
5.8121116161346436, 10011
5.8121116161346436, 10010
5.8121116161346436, 10009
5.8121116161346436, 10008
5.8121116161346436, 10007
5.8121116161346436, 10006
5.8121116161346436, 10005
5.8121116161346436, 10004
5.8121116161346436, 10003
5.8121116161346436, 10002
5.8121116161346436, 10001
5.8121116161346436, 10000
5.8121116161346436, 9999
5.8121116161346436, 9998
5.813111305236816, 9997
5.813111305236816, 9996
5.813111305236816, 9995
5.813111305236816, 9994
5.813111305236816, 9993
5.813111305236816, 9992
5.813111305236816, 9991
5.813111305236816, 9990
5.813111305236816, 9989
5.813111305236816, 9988
5.813111305236816, 9987
5.813959836959839, 9986
5.813959836959839, 9985
5.8141114711761475, 9984
5.8141114711761475, 9983
5.8141114711761475, 9982
5.8141114711761475, 9981
5.8141114711761475, 9980
5.8141114711761475, 9979
5.8141114711761475, 9978
5.8141114711761475, 9977
5.8141114711761475, 9976
5.8141114711761475, 9975
5.8141114711761475, 9974
5.8141114711761475, 9973
5.8141114711761475, 9972
5.8141114711761475, 9971
5.815111398696899, 9970
5.815111398696899, 9969
5.815111398696899, 9968
5.815111398696899, 9967
5.815111398696899, 9966
5.815111398696899, 9965
5.815111398696899, 9964
5.815111398696899, 9963
5.815111398696899, 9962
5.815111398696899, 9961
5.815111398696899, 9960
5.815111398696899, 9959
5.815111398696899, 9958
5.816111326217651, 9957
5.816111326217651, 9956
5.816111326217651, 9955
5.816111326217651, 9954
5.816111326217651, 9953
5.816111326217651, 9952
5.816111326217651, 9951
5.816111326217651, 9950
5.816111326217651, 9949
5.816111326217651, 9948
5.816111326217651, 9947
5.816111326217651, 9946
5.816111326217651, 9945
5.817112684249878, 9944
5.817112684249878, 9943
5.817112684249878, 9942
5.817112684249878, 9941
5.817112684249878, 9940
5.817112684249878, 9939
5.817112684249878, 9938
5.817112684249878, 9937
5.817112684249878, 9936
5.817112684249878, 9935
5.817112684249878, 9934
5.817112684249878, 9933
5.817112684249878, 9932
5.817112684249878, 9931
5.818111419677734, 9930
5.818111419677734, 9929
5.818111419677734, 9928
5.818111419677734, 9927
5.818111419677734, 9926
5.818111419677734, 9925
5.818111419677734, 9924
5.818111419677734, 9923
5.818111419677734, 9922
5.818111419677734, 9921
5.818111419677734, 9920
5.818111419677734, 9919
5.818111419677734, 9918
5.818111419677734, 9917
5.819111347198486, 9916
5.819111347198486, 9915
5.819111347198486, 9914
5.819111347198486, 9913
5.819111347198486, 9912
5.819111347198486, 9911
5.819111347198486, 9910
5.819111347198486, 9909
5.819111347198486, 9908
5.819111347198486, 9907
5.819111347198486, 9906
5.819111347198486, 9905
5.819111347198486, 9904
5.820111513137817, 9903
5.820111513137817, 9902
5.820111513137817, 9901
5.820111513137817, 9900
5.820111513137817, 9899
5.820111513137817, 9898
5.820111513137817, 9897
5.820111513137817, 9896
5.820111513137817, 9895
5.820111513137817, 9894
5.820111513137817, 9893
5.820111513137817, 9892
5.821022987365723, 9891
5.82111120223999, 9890
5.82111120223999, 9889
5.82111120223999, 9888
5.82111120223999, 9887
5.82111120223999, 9886
5.82111120223999, 9885
5.82111120223999, 9884
5.82111120223999, 9883
5.82111120223999, 9882
5.82111120223999, 9881
5.82111120223999, 9880
5.82111120223999, 9879
5.82111120223999, 9878
5.82111120223999, 9877
5.8221116065979, 9876
5.8221116065979, 9875
5.8221116065979, 9874
5.8221116065979, 9873
5.8221116065979, 9872
5.8221116065979, 9871
5.8221116065979, 9870
5.8221116065979, 9869
5.8221116065979, 9868
5.8221116065979, 9867
5.8221116065979, 9866
5.8221116065979, 9865
5.8221116065979, 9864
5.82311224937439, 9863
5.82311224937439, 9862
5.82311224937439, 9861
5.82311224937439, 9860
5.82311224937439, 9859
5.82311224937439, 9858
5.82311224937439, 9857
5.82311224937439, 9856
5.82311224937439, 9855
5.82311224937439, 9854
5.82311224937439, 9853
5.82311224937439, 9852
5.824112415313721, 9851
5.824112415313721, 9850
5.824112415313721, 9849
5.824112415313721, 9848
5.824112415313721, 9847
5.824112415313721, 9846
5.824112415313721, 9845
5.824112415313721, 9844
5.824112415313721, 9843
5.824112415313721, 9842
5.824112415313721, 9841
5.824112415313721, 9840
5.824112415313721, 9839
5.825111627578735, 9838
5.825111627578735, 9837
5.825111627578735, 9836
5.825111627578735, 9835
5.825111627578735, 9834
5.825111627578735, 9833
5.825111627578735, 9832
5.825111627578735, 9831
