0.16701197624206543, 13966
0.16701197624206543, 13965
0.16701197624206543, 13964
0.16701197624206543, 13963
0.16701197624206543, 13962
0.16701197624206543, 13961
0.16701197624206543, 13960
0.16701197624206543, 13959
0.16701197624206543, 13958
0.16801238059997559, 13957
0.16801238059997559, 13956
0.16801238059997559, 13955
0.16801238059997559, 13954
0.16801238059997559, 13953
0.16801238059997559, 13952
0.16801238059997559, 13951
0.16801238059997559, 13950
0.16801238059997559, 13949
0.16801238059997559, 13948
0.16801238059997559, 13947
0.16801238059997559, 13946
0.16801238059997559, 13945
0.16801238059997559, 13944
0.16801238059997559, 13943
0.16901206970214844, 13942
0.16901206970214844, 13941
0.16901206970214844, 13940
0.16901206970214844, 13939
0.16901206970214844, 13938
0.16901206970214844, 13937
0.16901206970214844, 13936
0.16901206970214844, 13935
0.16901206970214844, 13934
0.16901206970214844, 13933
0.16901206970214844, 13932
0.16901206970214844, 13931
0.16901206970214844, 13930
0.16901206970214844, 13929
0.16901206970214844, 13928
0.1700124740600586, 13927
0.1700124740600586, 13926
0.1700124740600586, 13925
0.1700124740600586, 13924
0.1700124740600586, 13923
0.1700124740600586, 13922
0.1700124740600586, 13921
0.1700124740600586, 13920
0.1700124740600586, 13919
0.1700124740600586, 13918
0.1700124740600586, 13917
0.1700124740600586, 13916
0.1700124740600586, 13915
0.1700124740600586, 13914
0.1700124740600586, 13913
0.17101287841796875, 13912
0.17101287841796875, 13911
0.17101287841796875, 13910
0.17101287841796875, 13909
0.17101287841796875, 13908
0.17101287841796875, 13907
0.17101287841796875, 13906
0.17101287841796875, 13905
0.17101287841796875, 13904
0.17101287841796875, 13903
0.17101287841796875, 13902
0.17101287841796875, 13901
0.17101287841796875, 13900
0.17101287841796875, 13899
0.17101287841796875, 13898
0.17101287841796875, 13897
0.1720120906829834, 13896
0.1720120906829834, 13895
0.1720120906829834, 13894
0.1720120906829834, 13893
0.1720120906829834, 13892
0.1720120906829834, 13891
0.1720120906829834, 13890
0.1720120906829834, 13889
0.1720120906829834, 13888
0.1720120906829834, 13887
0.1720120906829834, 13886
0.1720120906829834, 13885
0.1720120906829834, 13884
0.1720120906829834, 13883
0.1720120906829834, 13882
0.17301201820373535, 13881
0.17301201820373535, 13880
0.17301201820373535, 13879
0.17301201820373535, 13878
0.17301201820373535, 13877
0.17301201820373535, 13876
0.17301201820373535, 13875
0.17301201820373535, 13874
0.17301201820373535, 13873
0.17301201820373535, 13872
0.17301201820373535, 13871
0.17301201820373535, 13870
0.17301201820373535, 13869
0.17301201820373535, 13868
0.17301201820373535, 13867
0.1739964485168457, 13866
0.1739964485168457, 13865
0.1739964485168457, 13864
0.1739964485168457, 13863
0.1739964485168457, 13862
0.1739964485168457, 13861
0.1739964485168457, 13860
0.1739964485168457, 13859
0.1739964485168457, 13858
0.1739964485168457, 13857
0.1739964485168457, 13856
0.1739964485168457, 13855
0.1739964485168457, 13854
0.1739964485168457, 13853
0.1739964485168457, 13852
0.1739964485168457, 13851
0.17501211166381836, 13850
0.17501211166381836, 13849
0.17501211166381836, 13848
0.17501211166381836, 13847
0.17501211166381836, 13846
0.17501211166381836, 13845
0.17501211166381836, 13844
0.17501211166381836, 13843
0.17501211166381836, 13842
0.17501211166381836, 13841
0.17501211166381836, 13840
0.17501211166381836, 13839
0.17501211166381836, 13838
0.17501211166381836, 13837
0.17501211166381836, 13836
0.17601227760314941, 13835
0.17601227760314941, 13834
0.17601227760314941, 13833
0.17601227760314941, 13832
0.17601227760314941, 13831
0.17601227760314941, 13830
0.17601227760314941, 13829
0.17601227760314941, 13828
0.17601227760314941, 13827
0.17601227760314941, 13826
0.17601227760314941, 13825
0.17601227760314941, 13824
0.17601227760314941, 13823
0.17601227760314941, 13822
0.17601227760314941, 13821
0.17701339721679688, 13820
0.17701339721679688, 13819
0.17701339721679688, 13818
0.17701339721679688, 13817
0.17701339721679688, 13816
0.17701339721679688, 13815
0.17701339721679688, 13814
0.17701339721679688, 13813
0.17701339721679688, 13812
0.17757344245910645, 13811
0.17757344245910645, 13810
0.17757344245910645, 13809
0.17757344245910645, 13808
0.17757344245910645, 13807
0.17757344245910645, 13806
0.17757344245910645, 13805
0.17801189422607422, 13804
0.17801189422607422, 13803
0.17801189422607422, 13802
0.17801189422607422, 13801
0.17801189422607422, 13800
0.17801189422607422, 13799
0.17801189422607422, 13798
0.17801189422607422, 13797
0.17801189422607422, 13796
0.17801189422607422, 13795
0.17801189422607422, 13794
0.17801189422607422, 13793
0.17801189422607422, 13792
0.17801189422607422, 13791
0.17901277542114258, 13790
0.17908811569213867, 13789
0.17908811569213867, 13788
0.17908811569213867, 13787
0.17908811569213867, 13786
0.17908811569213867, 13785
0.17908811569213867, 13784
0.17908811569213867, 13783
0.17908811569213867, 13782
0.17908811569213867, 13781
0.17908811569213867, 13780
0.17908811569213867, 13779
0.17908811569213867, 13778
0.17908811569213867, 13777
0.18001294136047363, 13776
0.18001294136047363, 13775
0.18001294136047363, 13774
0.18001294136047363, 13773
0.18001294136047363, 13772
0.18001294136047363, 13771
0.18001294136047363, 13770
0.18001294136047363, 13769
0.18001294136047363, 13768
0.18001294136047363, 13767
0.18001294136047363, 13766
0.18001294136047363, 13765
0.18001294136047363, 13764
0.18001294136047363, 13763
0.18001294136047363, 13762
0.18101215362548828, 13761
0.18101215362548828, 13760
0.18101215362548828, 13759
0.18101215362548828, 13758
0.18101215362548828, 13757
0.18101215362548828, 13756
0.18101215362548828, 13755
0.18101215362548828, 13754
0.18101215362548828, 13753
0.18101215362548828, 13752
0.18101215362548828, 13751
0.18101215362548828, 13750
0.18101215362548828, 13749
0.18101215362548828, 13748
0.18101215362548828, 13747
0.18201231956481934, 13746
0.18201231956481934, 13745
0.18201231956481934, 13744
0.18201231956481934, 13743
0.18201231956481934, 13742
0.18201231956481934, 13741
0.18201231956481934, 13740
0.18201231956481934, 13739
0.18201231956481934, 13738
0.18201231956481934, 13737
0.18201231956481934, 13736
0.18201231956481934, 13735
0.18201231956481934, 13734
0.18201231956481934, 13733
0.35568690299987793, 13732
0.35568690299987793, 13731
0.35568690299987793, 13730
0.35568690299987793, 13729
0.35568690299987793, 13728
0.35568690299987793, 13727
0.35619139671325684, 13726
0.35619139671325684, 13725
0.35619139671325684, 13724
0.35619139671325684, 13723
0.35619139671325684, 13722
0.35619139671325684, 13721
0.35619139671325684, 13720
0.35619139671325684, 13719
0.35619139671325684, 13718
0.35619139671325684, 13717
0.35619139671325684, 13716
0.35619139671325684, 13715
0.35619139671325684, 13714
0.35619139671325684, 13713
0.35619139671325684, 13712
0.35719799995422363, 13711
0.35719799995422363, 13710
0.35719799995422363, 13709
0.35719799995422363, 13708
0.35719799995422363, 13707
0.35719799995422363, 13706
0.35719799995422363, 13705
0.35719799995422363, 13704
0.35719799995422363, 13703
0.35719799995422363, 13702
0.35719799995422363, 13701
0.35719799995422363, 13700
0.35719799995422363, 13699
0.35719799995422363, 13698
0.35719799995422363, 13697
0.35719799995422363, 13696
0.3581976890563965, 13695
0.3581976890563965, 13694
0.3581976890563965, 13693
0.3581976890563965, 13692
0.3581976890563965, 13691
0.3581976890563965, 13690
0.3581976890563965, 13689
0.3581976890563965, 13688
0.3581976890563965, 13687
0.3581976890563965, 13686
0.3581976890563965, 13685
0.3581976890563965, 13684
0.3581976890563965, 13683
0.3581976890563965, 13682
0.3581976890563965, 13681
0.3581976890563965, 13680
0.35919785499572754, 13679
0.35919785499572754, 13678
0.35919785499572754, 13677
0.35919785499572754, 13676
0.35919785499572754, 13675
0.35953354835510254, 13674
0.35953354835510254, 13673
0.35953354835510254, 13672
0.35953354835510254, 13671
0.35953354835510254, 13670
0.35953354835510254, 13669
0.35953354835510254, 13668
0.35953354835510254, 13667
0.35953354835510254, 13666
0.35953354835510254, 13665
0.35953354835510254, 13664
0.3601977825164795, 13663
0.3601977825164795, 13662
0.3601977825164795, 13661
0.3601977825164795, 13660
0.3601977825164795, 13659
0.3601977825164795, 13658
0.3601977825164795, 13657
0.3601977825164795, 13656
0.3601977825164795, 13655
0.3601977825164795, 13654
0.3601977825164795, 13653
0.3601977825164795, 13652
0.3601977825164795, 13651
0.3601977825164795, 13650
0.3601977825164795, 13649
0.3601977825164795, 13648
0.36119771003723145, 13647
0.36119771003723145, 13646
0.36119771003723145, 13645
0.36119771003723145, 13644
0.36119771003723145, 13643
0.36119771003723145, 13642
0.36119771003723145, 13641
0.36119771003723145, 13640
0.36119771003723145, 13639
0.36119771003723145, 13638
0.36119771003723145, 13637
0.36119771003723145, 13636
0.36119771003723145, 13635
0.36119771003723145, 13634
0.36119771003723145, 13633
0.36119771003723145, 13632
0.36119771003723145, 13631
0.3621985912322998, 13630
0.3621985912322998, 13629
0.3621985912322998, 13628
0.3621985912322998, 13627
0.3621985912322998, 13626
0.3621985912322998, 13625
0.3621985912322998, 13624
0.3621985912322998, 13623
0.3621985912322998, 13622
0.3621985912322998, 13621
0.3621985912322998, 13620
0.3621985912322998, 13619
0.3621985912322998, 13618
0.3621985912322998, 13617
0.3621985912322998, 13616
0.36319756507873535, 13615
0.36319756507873535, 13614
0.36319756507873535, 13613
0.36319756507873535, 13612
0.36319756507873535, 13611
0.36319756507873535, 13610
0.36319756507873535, 13609
0.36319756507873535, 13608
0.36319756507873535, 13607
0.36319756507873535, 13606
0.36319756507873535, 13605
0.36319756507873535, 13604
0.36319756507873535, 13603
0.36319756507873535, 13602
0.3639993667602539, 13601
0.3639993667602539, 13600
0.3639993667602539, 13599
0.3641977310180664, 13598
0.3641977310180664, 13597
0.3641977310180664, 13596
0.3641977310180664, 13595
0.3641977310180664, 13594
0.3641977310180664, 13593
0.3641977310180664, 13592
0.3641977310180664, 13591
0.3641977310180664, 13590
0.3641977310180664, 13589
0.3641977310180664, 13588
0.3641977310180664, 13587
0.3641977310180664, 13586
0.3641977310180664, 13585
0.3641977310180664, 13584
0.3641977310180664, 13583
0.36519789695739746, 13582
0.36519789695739746, 13581
0.36519789695739746, 13580
0.36519789695739746, 13579
0.36519789695739746, 13578
0.36519789695739746, 13577
0.36519789695739746, 13576
0.36519789695739746, 13575
0.3657224178314209, 13574
0.3657224178314209, 13573
0.3657224178314209, 13572
0.3657224178314209, 13571
0.3657224178314209, 13570
0.3657224178314209, 13569
0.3657224178314209, 13568
0.3657224178314209, 13567
0.3657224178314209, 13566
0.3657224178314209, 13565
0.3657224178314209, 13564
0.3657224178314209, 13563
0.3657224178314209, 13562
0.3657224178314209, 13561
0.3657224178314209, 13560
0.3657224178314209, 13559
0.3657224178314209, 13558
0.3667278289794922, 13557
0.3667278289794922, 13556
0.3667278289794922, 13555
0.3667278289794922, 13554
0.3667278289794922, 13553
0.3667278289794922, 13552
0.3667278289794922, 13551
0.3667278289794922, 13550
0.3667278289794922, 13549
0.3667278289794922, 13548
0.3667278289794922, 13547
0.3667278289794922, 13546
0.3667278289794922, 13545
0.3667278289794922, 13544
0.3667278289794922, 13543
0.3667278289794922, 13542
0.36772775650024414, 13541
0.36772775650024414, 13540
0.36772775650024414, 13539
0.36772775650024414, 13538
0.36772775650024414, 13537
0.36772775650024414, 13536
0.36772775650024414, 13535
0.36772775650024414, 13534
0.36772775650024414, 13533
0.36772775650024414, 13532
0.36772775650024414, 13531
0.36772775650024414, 13530
0.36772775650024414, 13529
4.233877658843994, 13528
4.233877658843994, 13527
4.233877658843994, 13526
4.233877658843994, 13525
4.233877658843994, 13524
4.233877658843994, 13523
4.233877658843994, 13522
4.233877658843994, 13521
4.233877658843994, 13520
4.233877658843994, 13519
4.233877658843994, 13518
4.234878063201904, 13517
4.234878063201904, 13516
4.234878063201904, 13515
4.234878063201904, 13514
4.234878063201904, 13513
4.234878063201904, 13512
4.234878063201904, 13511
4.234878063201904, 13510
4.234878063201904, 13509
4.234878063201904, 13508
4.234878063201904, 13507
4.234878063201904, 13506
4.234878063201904, 13505
4.234878063201904, 13504
4.235877752304077, 13503
4.235877752304077, 13502
4.235877752304077, 13501
4.235877752304077, 13500
4.235877752304077, 13499
4.235877752304077, 13498
4.235877752304077, 13497
4.235877752304077, 13496
4.235877752304077, 13495
4.235877752304077, 13494
4.235877752304077, 13493
4.235877752304077, 13492
4.235877752304077, 13491
4.235877752304077, 13490
4.236877679824829, 13489
4.236877679824829, 13488
4.236877679824829, 13487
4.236877679824829, 13486
4.236877679824829, 13485
4.236877679824829, 13484
4.236877679824829, 13483
4.236877679824829, 13482
4.236877679824829, 13481
4.236877679824829, 13480
4.236877679824829, 13479
4.236877679824829, 13478
4.236877679824829, 13477
4.236877679824829, 13476
4.236877679824829, 13475
4.237877607345581, 13474
4.237877607345581, 13473
4.237877607345581, 13472
4.237877607345581, 13471
4.237877607345581, 13470
4.237877607345581, 13469
4.237877607345581, 13468
4.237877607345581, 13467
4.237877607345581, 13466
4.237877607345581, 13465
4.237877607345581, 13464
4.237877607345581, 13463
4.237877607345581, 13462
4.237877607345581, 13461
4.238878011703491, 13460
4.238878011703491, 13459
4.238878011703491, 13458
4.238878011703491, 13457
4.238878011703491, 13456
4.238878011703491, 13455
4.238878011703491, 13454
4.238878011703491, 13453
4.238878011703491, 13452
4.238878011703491, 13451
4.238878011703491, 13450
4.238878011703491, 13449
4.238878011703491, 13448
4.238878011703491, 13447
4.238878011703491, 13446
4.239877939224243, 13445
4.239877939224243, 13444
4.239877939224243, 13443
4.239877939224243, 13442
4.239877939224243, 13441
4.239877939224243, 13440
4.239877939224243, 13439
4.239877939224243, 13438
4.239877939224243, 13437
4.239877939224243, 13436
4.239877939224243, 13435
4.239877939224243, 13434
4.239877939224243, 13433
4.239877939224243, 13432
4.240877866744995, 13431
4.240877866744995, 13430
4.240877866744995, 13429
4.240877866744995, 13428
4.240877866744995, 13427
4.240877866744995, 13426
4.240877866744995, 13425
4.240877866744995, 13424
4.240877866744995, 13423
4.240877866744995, 13422
4.240877866744995, 13421
4.240877866744995, 13420
4.240877866744995, 13419
4.240877866744995, 13418
4.240877866744995, 13417
4.241877794265747, 13416
4.241877794265747, 13415
4.241877794265747, 13414
4.241877794265747, 13413
4.241877794265747, 13412
4.241877794265747, 13411
4.241877794265747, 13410
4.241877794265747, 13409
4.241877794265747, 13408
4.2425291538238525, 13407
4.2425291538238525, 13406
4.2425291538238525, 13405
4.2425291538238525, 13404
4.242877960205078, 13403
4.242877960205078, 13402
4.242877960205078, 13401
4.242877960205078, 13400
4.242877960205078, 13399
4.242877960205078, 13398
4.242877960205078, 13397
4.242877960205078, 13396
4.242877960205078, 13395
4.242877960205078, 13394
4.242877960205078, 13393
4.242877960205078, 13392
4.242877960205078, 13391
4.242877960205078, 13390
4.243878126144409, 13389
4.243878126144409, 13388
4.244004964828491, 13387
4.244004964828491, 13386
4.244004964828491, 13385
4.244004964828491, 13384
4.244004964828491, 13383
4.244004964828491, 13382
4.244004964828491, 13381
4.244004964828491, 13380
4.244004964828491, 13379
4.244004964828491, 13378
4.244004964828491, 13377
4.244004964828491, 13376
4.244878053665161, 13375
4.244878053665161, 13374
4.244878053665161, 13373
4.244878053665161, 13372
4.244878053665161, 13371
4.244878053665161, 13370
4.244878053665161, 13369
4.244878053665161, 13368
4.244878053665161, 13367
4.244878053665161, 13366
4.244878053665161, 13365
4.244878053665161, 13364
9.609106302261353, 13363
9.610106229782104, 13362
9.610106229782104, 13361
9.610106229782104, 13360
9.610106229782104, 13359
9.610106229782104, 13358
9.610106229782104, 13357
9.610106229782104, 13356
9.610106229782104, 13355
9.610106229782104, 13354
9.610106229782104, 13353
9.610106229782104, 13352
9.610106229782104, 13351
9.610106229782104, 13350
9.610106229782104, 13349
9.61120057106018, 13348
9.61120057106018, 13347
9.61120057106018, 13346
9.61120057106018, 13345
9.61120057106018, 13344
9.61120057106018, 13343
9.61120057106018, 13342
9.61120057106018, 13341
9.61120057106018, 13340
9.61120057106018, 13339
9.61120057106018, 13338
9.612107276916504, 13337
9.612107276916504, 13336
9.612107276916504, 13335
9.612107276916504, 13334
9.612107276916504, 13333
9.612107276916504, 13332
9.612107276916504, 13331
9.612107276916504, 13330
9.612107276916504, 13329
9.612107276916504, 13328
9.612107276916504, 13327
9.612107276916504, 13326
9.612107276916504, 13325
9.613106727600098, 13324
9.613106727600098, 13323
9.613106727600098, 13322
9.613106727600098, 13321
9.613106727600098, 13320
9.613106727600098, 13319
9.613106727600098, 13318
9.613106727600098, 13317
9.613106727600098, 13316
9.613106727600098, 13315
9.613106727600098, 13314
9.613106727600098, 13313
9.613106727600098, 13312
9.613106727600098, 13311
9.613106727600098, 13310
9.61410665512085, 13309
9.61410665512085, 13308
9.61410665512085, 13307
9.61410665512085, 13306
9.61410665512085, 13305
9.61410665512085, 13304
9.61410665512085, 13303
9.61410665512085, 13302
9.61410665512085, 13301
9.61410665512085, 13300
9.61410665512085, 13299
9.61410665512085, 13298
9.61410665512085, 13297
9.615106582641602, 13296
