0.19104409217834473, 13964
0.19104409217834473, 13963
0.19104409217834473, 13962
0.19104409217834473, 13961
0.19104409217834473, 13960
0.19104409217834473, 13959
0.19104409217834473, 13958
0.19104409217834473, 13957
0.19104409217834473, 13956
0.19104409217834473, 13955
0.19104409217834473, 13954
0.19104409217834473, 13953
0.19104409217834473, 13952
0.1921553611755371, 13951
0.1921553611755371, 13950
0.1921553611755371, 13949
0.1921553611755371, 13948
0.1921553611755371, 13947
0.1921553611755371, 13946
0.1921553611755371, 13945
0.1921553611755371, 13944
0.1921553611755371, 13943
0.19304966926574707, 13942
0.19304966926574707, 13941
0.19304966926574707, 13940
0.19304966926574707, 13939
0.19304966926574707, 13938
0.19304966926574707, 13937
0.19304966926574707, 13936
0.19304966926574707, 13935
0.19304966926574707, 13934
0.19304966926574707, 13933
0.19304966926574707, 13932
0.19404840469360352, 13931
0.19404840469360352, 13930
0.19404840469360352, 13929
0.19404840469360352, 13928
0.19404840469360352, 13927
0.19404840469360352, 13926
0.19404840469360352, 13925
0.19404840469360352, 13924
0.3817307949066162, 13923
0.3817307949066162, 13922
0.3817307949066162, 13921
0.3817307949066162, 13920
0.3817307949066162, 13919
0.3817307949066162, 13918
0.3817307949066162, 13917
0.3817307949066162, 13916
0.38273000717163086, 13915
0.38273000717163086, 13914
0.3828592300415039, 13913
0.3828592300415039, 13912
0.3828592300415039, 13911
0.3828592300415039, 13910
0.3828592300415039, 13909
0.3828592300415039, 13908
0.3828592300415039, 13907
0.3828592300415039, 13906
0.3828592300415039, 13905
0.3828592300415039, 13904
0.3828592300415039, 13903
0.3828592300415039, 13902
0.3828592300415039, 13901
0.3837308883666992, 13900
0.3837308883666992, 13899
0.3837308883666992, 13898
0.3837308883666992, 13897
0.3837308883666992, 13896
0.3837308883666992, 13895
0.3837308883666992, 13894
0.3837308883666992, 13893
0.3837308883666992, 13892
0.3837308883666992, 13891
0.3837308883666992, 13890
0.3837308883666992, 13889
0.3837308883666992, 13888
0.3837308883666992, 13887
0.3837308883666992, 13886
0.3837308883666992, 13885
0.3847312927246094, 13884
0.3847312927246094, 13883
0.3847312927246094, 13882
0.3847312927246094, 13881
0.3847312927246094, 13880
0.3847312927246094, 13879
0.3847312927246094, 13878
0.3847312927246094, 13877
0.3847312927246094, 13876
0.3847312927246094, 13875
0.3847312927246094, 13874
0.3847312927246094, 13873
0.3847312927246094, 13872
0.3847312927246094, 13871
0.3847312927246094, 13870
0.3857309818267822, 13869
0.3857309818267822, 13868
0.3857309818267822, 13867
0.3857309818267822, 13866
0.3857309818267822, 13865
0.3857309818267822, 13864
0.3857309818267822, 13863
0.3857309818267822, 13862
0.3857309818267822, 13861
0.3857309818267822, 13860
0.3857309818267822, 13859
0.3857309818267822, 13858
0.3857309818267822, 13857
0.3857309818267822, 13856
0.3857309818267822, 13855
0.3867299556732178, 13854
0.3867299556732178, 13853
0.3867299556732178, 13852
0.3867299556732178, 13851
0.3867299556732178, 13850
0.3867299556732178, 13849
0.3867299556732178, 13848
0.3867299556732178, 13847
0.3867299556732178, 13846
0.3867299556732178, 13845
0.3867299556732178, 13844
0.3867299556732178, 13843
0.3867299556732178, 13842
0.3867299556732178, 13841
0.3867299556732178, 13840
0.3867299556732178, 13839
0.3877582550048828, 13838
0.3877582550048828, 13837
0.3877582550048828, 13836
0.3877582550048828, 13835
0.3877582550048828, 13834
0.3877582550048828, 13833
0.3877582550048828, 13832
0.3877582550048828, 13831
0.3877582550048828, 13830
0.3877582550048828, 13829
0.3877582550048828, 13828
0.3877582550048828, 13827
0.3877582550048828, 13826
0.9252979755401611, 13825
0.9262356758117676, 13824
0.9262356758117676, 13823
0.9262356758117676, 13822
0.9262356758117676, 13821
0.9262356758117676, 13820
0.9262356758117676, 13819
0.9262356758117676, 13818
0.9262356758117676, 13817
0.9262356758117676, 13816
0.9262356758117676, 13815
0.9262356758117676, 13814
0.9262356758117676, 13813
0.9262356758117676, 13812
0.9262356758117676, 13811
0.9272377490997314, 13810
0.9272377490997314, 13809
0.9272377490997314, 13808
0.9272377490997314, 13807
0.9272377490997314, 13806
0.9272377490997314, 13805
0.9272377490997314, 13804
0.9272377490997314, 13803
0.9272377490997314, 13802
0.9272377490997314, 13801
0.9272377490997314, 13800
0.9272377490997314, 13799
0.9272377490997314, 13798
0.928234338760376, 13797
0.928234338760376, 13796
0.928234338760376, 13795
0.928234338760376, 13794
0.928234338760376, 13793
0.928234338760376, 13792
0.928234338760376, 13791
0.928234338760376, 13790
0.928234338760376, 13789
0.928234338760376, 13788
0.928234338760376, 13787
0.928234338760376, 13786
0.928234338760376, 13785
0.928234338760376, 13784
0.928234338760376, 13783
0.9292337894439697, 13782
0.9292337894439697, 13781
0.9292337894439697, 13780
0.9292337894439697, 13779
0.9292337894439697, 13778
0.9292337894439697, 13777
0.9292337894439697, 13776
0.9292337894439697, 13775
0.9292337894439697, 13774
0.9292337894439697, 13773
0.9292337894439697, 13772
0.9292337894439697, 13771
0.9292337894439697, 13770
0.9292337894439697, 13769
0.9292337894439697, 13768
0.9302341938018799, 13767
0.9302341938018799, 13766
0.9302341938018799, 13765
1.8913853168487549, 13764
1.8923137187957764, 13763
1.8923137187957764, 13762
1.8923137187957764, 13761
1.8923137187957764, 13760
1.8923137187957764, 13759
1.8923137187957764, 13758
1.8923137187957764, 13757
1.8923137187957764, 13756
1.8923137187957764, 13755
1.8923137187957764, 13754
1.8923137187957764, 13753
1.8923137187957764, 13752
1.8923137187957764, 13751
1.8923137187957764, 13750
1.8923137187957764, 13749
1.8933141231536865, 13748
1.8933141231536865, 13747
1.8933141231536865, 13746
1.8933141231536865, 13745
1.8933141231536865, 13744
1.8933141231536865, 13743
1.8933141231536865, 13742
1.8933141231536865, 13741
1.8933141231536865, 13740
1.8933141231536865, 13739
1.8933141231536865, 13738
1.8933141231536865, 13737
1.8933141231536865, 13736
1.8933141231536865, 13735
1.8933141231536865, 13734
1.8943133354187012, 13733
1.8943133354187012, 13732
1.8943133354187012, 13731
1.8943133354187012, 13730
1.8943133354187012, 13729
1.8943133354187012, 13728
1.8943133354187012, 13727
1.8943133354187012, 13726
1.8943133354187012, 13725
1.8949460983276367, 13724
1.8949460983276367, 13723
1.8949460983276367, 13722
1.8949460983276367, 13721
1.8949460983276367, 13720
1.8953135013580322, 13719
1.8953135013580322, 13718
1.8953135013580322, 13717
1.8953135013580322, 13716
1.8953135013580322, 13715
1.8953135013580322, 13714
1.8953135013580322, 13713
1.8953135013580322, 13712
1.8953135013580322, 13711
1.8953135013580322, 13710
1.8953135013580322, 13709
1.8953135013580322, 13708
1.8953135013580322, 13707
1.8953135013580322, 13706
1.8953135013580322, 13705
1.8963136672973633, 13704
1.8963136672973633, 13703
1.8963136672973633, 13702
1.8963136672973633, 13701
1.8963136672973633, 13700
1.8963136672973633, 13699
1.8963136672973633, 13698
1.8968932628631592, 13697
1.8968932628631592, 13696
1.8968932628631592, 13695
1.8968932628631592, 13694
1.8968932628631592, 13693
1.8968932628631592, 13692
1.8968932628631592, 13691
1.8968932628631592, 13690
1.8968932628631592, 13689
1.8968932628631592, 13688
1.8968932628631592, 13687
1.8968932628631592, 13686
1.8968932628631592, 13685
1.8978469371795654, 13684
1.8978469371795654, 13683
1.8978469371795654, 13682
1.8978469371795654, 13681
1.8978469371795654, 13680
1.8978469371795654, 13679
1.8978469371795654, 13678
1.8978469371795654, 13677
1.8978469371795654, 13676
1.8978469371795654, 13675
1.8978469371795654, 13674
1.8978469371795654, 13673
1.8978469371795654, 13672
1.8978469371795654, 13671
1.8988463878631592, 13670
1.8988463878631592, 13669
1.8988463878631592, 13668
1.8988463878631592, 13667
1.8988463878631592, 13666
1.8988463878631592, 13665
1.8988463878631592, 13664
1.8988463878631592, 13663
1.8988463878631592, 13662
1.8988463878631592, 13661
1.8988463878631592, 13660
1.8988463878631592, 13659
1.8988463878631592, 13658
1.8988463878631592, 13657
1.899846076965332, 13656
1.899846076965332, 13655
1.899846076965332, 13654
1.899846076965332, 13653
1.899846076965332, 13652
1.899846076965332, 13651
1.899846076965332, 13650
1.899846076965332, 13649
1.899846076965332, 13648
1.899846076965332, 13647
1.899846076965332, 13646
1.899846076965332, 13645
1.899846076965332, 13644
1.899846076965332, 13643
1.899846076965332, 13642
1.9008464813232422, 13641
1.9008464813232422, 13640
1.9008464813232422, 13639
1.9008464813232422, 13638
1.9008464813232422, 13637
1.9008464813232422, 13636
1.9008464813232422, 13635
1.9008464813232422, 13634
1.9008464813232422, 13633
1.9008464813232422, 13632
1.9008464813232422, 13631
1.9008464813232422, 13630
1.9008464813232422, 13629
1.9008464813232422, 13628
1.9008464813232422, 13627
1.901846170425415, 13626
1.901846170425415, 13625
1.901846170425415, 13624
1.901846170425415, 13623
1.901846170425415, 13622
1.901846170425415, 13621
1.901846170425415, 13620
1.901846170425415, 13619
1.901846170425415, 13618
1.901846170425415, 13617
1.901846170425415, 13616
1.901846170425415, 13615
1.901846170425415, 13614
1.901846170425415, 13613
1.901846170425415, 13612
1.902846097946167, 13611
1.902846097946167, 13610
1.902846097946167, 13609
1.902846097946167, 13608
1.902846097946167, 13607
1.902846097946167, 13606
1.902846097946167, 13605
1.902846097946167, 13604
1.902846097946167, 13603
1.902846097946167, 13602
1.902846097946167, 13601
1.902846097946167, 13600
1.902846097946167, 13599
1.902846097946167, 13598
1.903846025466919, 13597
1.903846025466919, 13596
1.903846025466919, 13595
1.903846025466919, 13594
1.903846025466919, 13593
1.903846025466919, 13592
1.903846025466919, 13591
1.903846025466919, 13590
1.903846025466919, 13589
1.903846025466919, 13588
1.903846025466919, 13587
1.903846025466919, 13586
1.903846025466919, 13585
1.903846025466919, 13584
1.903846025466919, 13583
1.90484619140625, 13582
1.90484619140625, 13581
1.90484619140625, 13580
1.90484619140625, 13579
1.90484619140625, 13578
1.90484619140625, 13577
1.90484619140625, 13576
1.90484619140625, 13575
1.90484619140625, 13574
1.90484619140625, 13573
1.90484619140625, 13572
1.90484619140625, 13571
1.90484619140625, 13570
1.90484619140625, 13569
1.905846118927002, 13568
1.905846118927002, 13567
1.905846118927002, 13566
1.905846118927002, 13565
1.905846118927002, 13564
1.905846118927002, 13563
1.905846118927002, 13562
1.905846118927002, 13561
1.905846118927002, 13560
1.905846118927002, 13559
1.905846118927002, 13558
1.905846118927002, 13557
1.905846118927002, 13556
1.905846118927002, 13555
1.905846118927002, 13554
1.906846046447754, 13553
1.906846046447754, 13552
1.906846046447754, 13551
1.906846046447754, 13550
1.906846046447754, 13549
1.906846046447754, 13548
1.906846046447754, 13547
1.906846046447754, 13546
1.906846046447754, 13545
1.906846046447754, 13544
1.906846046447754, 13543
1.906846046447754, 13542
1.906846046447754, 13541
1.906846046447754, 13540
1.9078681468963623, 13539
1.9078681468963623, 13538
1.9078681468963623, 13537
1.9078681468963623, 13536
1.9078681468963623, 13535
1.9078681468963623, 13534
1.9078681468963623, 13533
1.9078681468963623, 13532
1.9078681468963623, 13531
1.9078681468963623, 13530
1.9078681468963623, 13529
1.9078681468963623, 13528
1.9078681468963623, 13527
1.9078681468963623, 13526
1.9078681468963623, 13525
1.9088685512542725, 13524
1.9088685512542725, 13523
1.9088685512542725, 13522
1.9088685512542725, 13521
1.9088685512542725, 13520
1.9088685512542725, 13519
1.9088685512542725, 13518
1.9088685512542725, 13517
1.9088685512542725, 13516
1.9088685512542725, 13515
1.9088685512542725, 13514
1.9088685512542725, 13513
1.9088685512542725, 13512
1.9088685512542725, 13511
1.9098684787750244, 13510
1.9098684787750244, 13509
1.9098684787750244, 13508
1.9098684787750244, 13507
1.9098684787750244, 13506
1.9098684787750244, 13505
5.446967840194702, 13504
5.446967840194702, 13503
5.446967840194702, 13502
5.446967840194702, 13501
5.446967840194702, 13500
5.447968244552612, 13499
5.447968244552612, 13498
5.447968244552612, 13497
5.447968244552612, 13496
5.447968244552612, 13495
5.447968244552612, 13494
5.447968244552612, 13493
5.447968244552612, 13492
5.447968244552612, 13491
5.447968244552612, 13490
5.447968244552612, 13489
5.447968244552612, 13488
5.447968244552612, 13487
5.447968244552612, 13486
5.447968244552612, 13485
5.448967933654785, 13484
5.448967933654785, 13483
5.448967933654785, 13482
5.448967933654785, 13481
5.448967933654785, 13480
5.448967933654785, 13479
5.448967933654785, 13478
5.448967933654785, 13477
5.448967933654785, 13476
5.448967933654785, 13475
5.448967933654785, 13474
5.448967933654785, 13473
5.448967933654785, 13472
5.448967933654785, 13471
5.449967622756958, 13470
5.449967622756958, 13469
5.449967622756958, 13468
5.449967622756958, 13467
5.449967622756958, 13466
5.449967622756958, 13465
5.449967622756958, 13464
5.449967622756958, 13463
5.449967622756958, 13462
5.449967622756958, 13461
5.449967622756958, 13460
5.449967622756958, 13459
5.449967622756958, 13458
5.449967622756958, 13457
5.450967788696289, 13456
5.450967788696289, 13455
5.450967788696289, 13454
5.450967788696289, 13453
5.450967788696289, 13452
5.450967788696289, 13451
5.450967788696289, 13450
5.450967788696289, 13449
5.4514734745025635, 13448
5.4514734745025635, 13447
5.4514734745025635, 13446
5.4514734745025635, 13445
5.4514734745025635, 13444
5.4514734745025635, 13443
5.4514734745025635, 13442
5.451967477798462, 13441
5.451967477798462, 13440
5.451967477798462, 13439
5.451967477798462, 13438
5.451967477798462, 13437
5.451967477798462, 13436
5.451967477798462, 13435
5.451967477798462, 13434
5.451967477798462, 13433
5.451967477798462, 13432
5.451967477798462, 13431
5.451967477798462, 13430
5.451967477798462, 13429
5.451967477798462, 13428
5.452967882156372, 13427
5.452967882156372, 13426
5.452967882156372, 13425
5.452967882156372, 13424
5.452967882156372, 13423
5.452967882156372, 13422
5.452967882156372, 13421
5.452967882156372, 13420
5.452967882156372, 13419
5.452967882156372, 13418
5.452967882156372, 13417
5.452967882156372, 13416
5.452967882156372, 13415
5.452967882156372, 13414
5.454037189483643, 13413
5.454037189483643, 13412
5.454037189483643, 13411
5.454037189483643, 13410
5.454037189483643, 13409
5.454037189483643, 13408
5.454037189483643, 13407
5.454037189483643, 13406
5.454037189483643, 13405
5.454037189483643, 13404
5.454037189483643, 13403
5.454037189483643, 13402
5.454037189483643, 13401
5.454967975616455, 13400
5.454967975616455, 13399
5.454967975616455, 13398
5.454967975616455, 13397
5.454967975616455, 13396
5.454967975616455, 13395
5.454967975616455, 13394
5.454967975616455, 13393
5.454967975616455, 13392
5.454967975616455, 13391
5.454967975616455, 13390
5.454967975616455, 13389
5.454967975616455, 13388
5.454967975616455, 13387
5.455968379974365, 13386
5.455968379974365, 13385
5.455968379974365, 13384
5.455968379974365, 13383
5.455968379974365, 13382
5.455968379974365, 13381
5.455968379974365, 13380
5.455968379974365, 13379
5.455968379974365, 13378
5.455968379974365, 13377
5.455968379974365, 13376
5.455968379974365, 13375
5.455968379974365, 13374
5.455968379974365, 13373
5.456968069076538, 13372
5.456968069076538, 13371
5.456968069076538, 13370
5.456968069076538, 13369
5.456968069076538, 13368
5.456968069076538, 13367
5.456968069076538, 13366
5.456968069076538, 13365
5.456968069076538, 13364
5.456968069076538, 13363
5.456968069076538, 13362
5.456968069076538, 13361
5.456968069076538, 13360
5.456968069076538, 13359
5.456968069076538, 13358
5.457967758178711, 13357
5.457967758178711, 13356
5.457967758178711, 13355
5.457967758178711, 13354
5.457967758178711, 13353
5.457967758178711, 13352
5.457967758178711, 13351
5.457967758178711, 13350
5.457967758178711, 13349
5.457967758178711, 13348
5.457967758178711, 13347
5.457967758178711, 13346
5.457967758178711, 13345
5.457967758178711, 13344
5.458967924118042, 13343
5.458967924118042, 13342
5.458967924118042, 13341
5.458967924118042, 13340
5.458967924118042, 13339
5.458967924118042, 13338
5.458967924118042, 13337
5.458967924118042, 13336
5.458967924118042, 13335
5.458967924118042, 13334
5.458967924118042, 13333
5.458967924118042, 13332
5.458967924118042, 13331
5.459967851638794, 13330
5.459967851638794, 13329
5.459967851638794, 13328
5.459967851638794, 13327
5.459967851638794, 13326
5.459967851638794, 13325
5.459967851638794, 13324
5.459967851638794, 13323
5.459967851638794, 13322
5.459967851638794, 13321
5.459967851638794, 13320
5.459967851638794, 13319
5.460782051086426, 13318
5.460782051086426, 13317
5.460967779159546, 13316
5.460967779159546, 13315
5.460967779159546, 13314
5.460967779159546, 13313
5.460967779159546, 13312
5.460967779159546, 13311
5.460967779159546, 13310
5.460967779159546, 13180
5.461967945098877, 13179
5.461967945098877, 13178
5.461967945098877, 13177
5.461967945098877, 13176
5.461967945098877, 13175
5.461967945098877, 13174
5.461967945098877, 13173
5.461967945098877, 13172
5.461967945098877, 13171
5.461967945098877, 13170
5.461967945098877, 13169
5.461967945098877, 13168
5.461967945098877, 13167
5.461967945098877, 13166
5.46296763420105, 13165
5.46296763420105, 13164
5.46296763420105, 13163
5.46296763420105, 13162
5.46296763420105, 13161
5.46296763420105, 13160
5.46296763420105, 13159
5.46296763420105, 13158
5.46296763420105, 13157
5.46296763420105, 13156
5.46296763420105, 13155
5.46296763420105, 13154
5.46296763420105, 13153
5.46296763420105, 13152
5.463967800140381, 13151
5.463967800140381, 13150
5.463967800140381, 13149
5.463967800140381, 13148
5.463967800140381, 13147
5.463967800140381, 13146
5.463967800140381, 13145
5.463967800140381, 13144
5.463967800140381, 13143
5.463967800140381, 13142
5.463967800140381, 13141
5.463967800140381, 13140
5.464865684509277, 13139
5.464865684509277, 13138
5.464967727661133, 13137
5.464967727661133, 13136
5.464967727661133, 13135
5.464967727661133, 13134
5.464967727661133, 13133
5.464967727661133, 13132
5.464967727661133, 13131
5.464967727661133, 13130
5.464967727661133, 13129
5.464967727661133, 13128
5.464967727661133, 13127
