0.17001938819885254, 13972
0.17001938819885254, 13971
0.17104697227478027, 13970
0.17104697227478027, 13969
0.17104697227478027, 13968
0.17104697227478027, 13967
0.17104697227478027, 13966
0.17104697227478027, 13965
0.17104697227478027, 13964
0.17104697227478027, 13963
0.17104697227478027, 13962
0.17104697227478027, 13961
0.17104697227478027, 13960
0.17104697227478027, 13959
0.17104697227478027, 13958
0.17104697227478027, 13957
0.17104697227478027, 13956
0.17204689979553223, 13955
0.17204689979553223, 13954
0.17204689979553223, 13953
0.17204689979553223, 13952
0.17204689979553223, 13951
0.17204689979553223, 13950
0.17204689979553223, 13949
0.17204689979553223, 13948
0.17204689979553223, 13947
0.17204689979553223, 13946
0.17204689979553223, 13945
0.17204689979553223, 13944
0.17204689979553223, 13943
0.17204689979553223, 13942
0.17304658889770508, 13941
0.17304658889770508, 13940
0.17304658889770508, 13939
0.17304658889770508, 13938
0.17304658889770508, 13937
0.17304658889770508, 13936
0.17304658889770508, 13935
0.17304658889770508, 13934
0.17304658889770508, 13933
0.17304658889770508, 13932
0.17304658889770508, 13931
0.17304658889770508, 13930
0.17304658889770508, 13929
0.17304658889770508, 13928
0.17404651641845703, 13927
0.17404651641845703, 13926
0.17404651641845703, 13925
0.17404651641845703, 13924
0.17404651641845703, 13923
0.17404651641845703, 13922
0.17404651641845703, 13921
0.17404651641845703, 13920
0.17404651641845703, 13919
0.17404651641845703, 13918
0.17404651641845703, 13917
0.17404651641845703, 13916
0.17404651641845703, 13915
0.17404651641845703, 13914
0.17404651641845703, 13913
0.17504668235778809, 13912
0.17504668235778809, 13911
0.17504668235778809, 13910
0.17504668235778809, 13909
0.17504668235778809, 13908
0.17504668235778809, 13907
0.17504668235778809, 13906
0.17504668235778809, 13905
0.17504668235778809, 13904
0.17504668235778809, 13903
0.17504668235778809, 13902
0.17504668235778809, 13901
0.17504668235778809, 13900
0.17504668235778809, 13899
0.17504668235778809, 13898
0.1761171817779541, 13897
0.1761171817779541, 13896
0.1761171817779541, 13895
0.1761171817779541, 13894
0.1761171817779541, 13893
0.1761171817779541, 13892
0.34302425384521484, 13891
0.34302425384521484, 13890
0.34302425384521484, 13889
0.34302425384521484, 13888
0.34302425384521484, 13887
0.34302425384521484, 13886
0.34302425384521484, 13885
0.34302425384521484, 13884
0.34302425384521484, 13883
0.34302425384521484, 13882
0.34302425384521484, 13881
0.34302425384521484, 13880
0.34302425384521484, 13879
0.34302425384521484, 13878
0.3440248966217041, 13877
0.3440248966217041, 13876
0.3440248966217041, 13875
0.3440248966217041, 13874
0.3440248966217041, 13873
0.3440248966217041, 13872
0.3440248966217041, 13871
0.3440248966217041, 13870
0.3440248966217041, 13869
0.3440248966217041, 13868
0.3440248966217041, 13867
0.3440248966217041, 13866
0.3440248966217041, 13865
0.3440248966217041, 13864
0.3440248966217041, 13863
0.34502720832824707, 13862
0.34502720832824707, 13861
0.34502720832824707, 13860
0.34502720832824707, 13859
0.34502720832824707, 13858
0.34502720832824707, 13857
0.34502720832824707, 13856
0.34502720832824707, 13855
0.3455212116241455, 13854
0.3455212116241455, 13853
0.3455212116241455, 13852
0.3455212116241455, 13851
0.3455212116241455, 13850
0.3455212116241455, 13849
0.3455212116241455, 13848
0.3460266590118408, 13847
0.3460266590118408, 13846
0.3460266590118408, 13845
0.3460266590118408, 13844
0.3460266590118408, 13843
0.3460266590118408, 13842
0.3460266590118408, 13841
0.3460266590118408, 13840
0.3460266590118408, 13839
0.3460266590118408, 13838
0.3460266590118408, 13837
0.3460266590118408, 13836
0.3460266590118408, 13835
0.3460266590118408, 13834
0.3460266590118408, 13833
0.34702515602111816, 13832
0.34702515602111816, 13831
0.34702515602111816, 13830
0.34702515602111816, 13829
0.34702515602111816, 13828
0.34702515602111816, 13827
0.34702515602111816, 13826
0.34702515602111816, 13825
0.34702515602111816, 13824
0.34702515602111816, 13823
0.34702515602111816, 13822
0.34702515602111816, 13821
0.34702515602111816, 13820
0.34702515602111816, 13819
0.8650538921356201, 13818
0.8650538921356201, 13817
0.8650538921356201, 13816
0.8650538921356201, 13815
0.8660547733306885, 13814
0.8660547733306885, 13813
0.8660547733306885, 13812
0.8660547733306885, 13811
0.8660547733306885, 13810
0.8660547733306885, 13809
0.8660547733306885, 13808
0.8660547733306885, 13807
0.8660547733306885, 13806
0.8660547733306885, 13805
0.8660547733306885, 13804
0.8660547733306885, 13803
0.8660547733306885, 13802
0.8660547733306885, 13801
0.8670544624328613, 13800
0.8670544624328613, 13799
0.8670544624328613, 13798
0.8670544624328613, 13797
0.8670544624328613, 13796
0.8670544624328613, 13795
0.8670544624328613, 13794
0.8670544624328613, 13793
0.8670544624328613, 13792
0.8670544624328613, 13791
0.8670544624328613, 13790
0.8670544624328613, 13789
0.8670544624328613, 13788
0.8670544624328613, 13787
0.8670544624328613, 13786
0.8680541515350342, 13785
0.8680541515350342, 13784
0.8680541515350342, 13783
0.8680541515350342, 13782
0.8680541515350342, 13781
0.8680541515350342, 13780
0.8680541515350342, 13779
0.8680541515350342, 13778
0.8680541515350342, 13777
0.8680541515350342, 13776
0.8680541515350342, 13775
0.8680541515350342, 13774
0.8680541515350342, 13773
0.8680541515350342, 13772
0.8680541515350342, 13771
0.8690540790557861, 13770
0.8690540790557861, 13769
0.8690540790557861, 13768
0.8690540790557861, 13767
0.8690540790557861, 13766
0.8690540790557861, 13765
0.8690540790557861, 13764
0.8690540790557861, 13763
0.8690540790557861, 13762
0.8690540790557861, 13761
0.8690540790557861, 13760
0.8690540790557861, 13759
0.8690540790557861, 13758
0.8690540790557861, 13757
0.8690540790557861, 13756
0.8700544834136963, 13755
0.8700544834136963, 13754
0.8700544834136963, 13753
0.8700544834136963, 13752
0.8700544834136963, 13751
0.8700544834136963, 13750
0.8700544834136963, 13749
0.8700544834136963, 13748
0.8700544834136963, 13747
0.8700544834136963, 13746
0.8700544834136963, 13745
0.8700544834136963, 13744
0.8700544834136963, 13743
0.8700544834136963, 13742
0.8700544834136963, 13741
0.871096134185791, 13740
0.871096134185791, 13739
0.871096134185791, 13738
0.871096134185791, 13737
0.871096134185791, 13736
0.871096134185791, 13735
0.871096134185791, 13734
0.871096134185791, 13733
0.871096134185791, 13732
0.871096134185791, 13731
0.871096134185791, 13730
0.871096134185791, 13729
0.871096134185791, 13728
0.871096134185791, 13727
0.871096134185791, 13726
0.8720951080322266, 13725
0.8720951080322266, 13724
0.8720951080322266, 13723
0.8720951080322266, 13722
0.8720951080322266, 13721
0.8720951080322266, 13720
0.8720951080322266, 13719
0.8720951080322266, 13718
0.8720951080322266, 13717
0.8720951080322266, 13716
0.8720951080322266, 13715
0.8720951080322266, 13714
0.8720951080322266, 13713
0.8720951080322266, 13712
0.8730952739715576, 13711
0.8730952739715576, 13710
0.8730952739715576, 13709
0.8730952739715576, 13708
0.8730952739715576, 13707
0.8730952739715576, 13706
0.8730952739715576, 13705
0.8730952739715576, 13704
0.8730952739715576, 13703
0.8730952739715576, 13702
0.8730952739715576, 13701
0.8730952739715576, 13700
0.8730952739715576, 13699
0.8730952739715576, 13698
0.8730952739715576, 13697
0.8740952014923096, 13696
0.8740952014923096, 13695
0.8740952014923096, 13694
0.8740952014923096, 13693
0.8740952014923096, 13692
0.8740952014923096, 13691
0.8740952014923096, 13690
0.8740952014923096, 13689
0.8740952014923096, 13688
0.8740952014923096, 13687
0.8740952014923096, 13686
0.8740952014923096, 13685
0.8740952014923096, 13684
0.8740952014923096, 13683
0.8740952014923096, 13682
0.8750948905944824, 13681
0.8750948905944824, 13680
0.8750948905944824, 13679
0.8750948905944824, 13678
0.8750948905944824, 13677
0.8750948905944824, 13676
0.8750948905944824, 13675
0.8750948905944824, 13674
0.8750948905944824, 13673
0.8750948905944824, 13672
0.8750948905944824, 13671
0.8750948905944824, 13670
0.8750948905944824, 13669
0.8750948905944824, 13668
0.8750948905944824, 13667
0.8760950565338135, 13666
0.8760950565338135, 13665
0.8760950565338135, 13664
0.8760950565338135, 13663
0.8760950565338135, 13662
0.8760950565338135, 13661
0.8760950565338135, 13660
0.8760950565338135, 13659
0.8760950565338135, 13658
0.8760950565338135, 13657
0.8760950565338135, 13656
0.8760950565338135, 13655
0.8760950565338135, 13654
0.8770949840545654, 13653
0.8770949840545654, 13652
0.8770949840545654, 13651
0.8770949840545654, 13650
0.8770949840545654, 13649
0.8770949840545654, 13648
0.8770949840545654, 13647
0.8770949840545654, 13646
0.8770949840545654, 13645
0.8770949840545654, 13644
0.8770949840545654, 13643
0.8770949840545654, 13642
0.8770949840545654, 13641
0.8780949115753174, 13640
0.8780949115753174, 13639
0.8780949115753174, 13638
0.8780949115753174, 13637
0.8780949115753174, 13636
0.8780949115753174, 13635
0.8780949115753174, 13634
0.8780949115753174, 13633
0.8780949115753174, 13632
0.8780949115753174, 13631
0.8780949115753174, 13630
0.8790948390960693, 13629
0.8790948390960693, 13628
0.8790948390960693, 13627
0.8790948390960693, 13626
0.8790948390960693, 13625
0.8790948390960693, 13624
0.8790948390960693, 13623
0.8790948390960693, 13622
0.8790948390960693, 13621
0.8790948390960693, 13620
0.8790948390960693, 13619
0.8800950050354004, 13618
0.8800950050354004, 13617
0.8800950050354004, 13616
0.8800950050354004, 13615
0.8800950050354004, 13614
0.8800950050354004, 13613
0.8800950050354004, 13612
0.8800950050354004, 13611
0.8800950050354004, 13610
0.8800950050354004, 13609
0.8800950050354004, 13608
0.8800950050354004, 13607
0.8800950050354004, 13606
0.881096363067627, 13605
0.881096363067627, 13604
0.881096363067627, 13603
0.881096363067627, 13602
0.881096363067627, 13601
0.881096363067627, 13600
0.881096363067627, 13599
0.881096363067627, 13598
0.881096363067627, 13597
0.881096363067627, 13596
0.881096363067627, 13595
0.881096363067627, 13594
0.881096363067627, 13593
0.8820955753326416, 13592
0.8820955753326416, 13591
0.8820955753326416, 13590
0.8820955753326416, 13589
0.8820955753326416, 13588
0.8820955753326416, 13587
0.8820955753326416, 13586
0.8830957412719727, 13585
0.8830957412719727, 13584
0.8830957412719727, 13583
0.8830957412719727, 13582
0.8830957412719727, 13581
0.8830957412719727, 13580
0.8830957412719727, 13579
0.8830957412719727, 13578
0.8830957412719727, 13577
0.8830957412719727, 13576
0.8840982913970947, 13575
0.8840982913970947, 13574
0.8840982913970947, 13573
0.8840982913970947, 13572
0.8840982913970947, 13571
0.8840982913970947, 13570
0.8840982913970947, 13569
0.8840982913970947, 13568
0.8840982913970947, 13567
0.8840982913970947, 13566
0.8840982913970947, 13565
0.8850963115692139, 13564
0.8850963115692139, 13563
0.8850963115692139, 13562
0.8850963115692139, 13561
0.8850963115692139, 13560
0.8850963115692139, 13559
0.8850963115692139, 13558
0.8850963115692139, 13557
0.8850963115692139, 13556
0.8850963115692139, 13555
0.8850963115692139, 13554
0.8850963115692139, 13553
0.8860960006713867, 13552
0.8860960006713867, 13551
0.8860960006713867, 13550
0.8860960006713867, 13549
0.8860960006713867, 13548
0.8860960006713867, 13547
0.8860960006713867, 13546
0.8860960006713867, 13545
0.8860960006713867, 13544
0.8860960006713867, 13543
0.8860960006713867, 13542
0.8860960006713867, 13541
0.8870968818664551, 13540
0.8870968818664551, 13539
0.8870968818664551, 13538
0.8870968818664551, 13537
0.8870968818664551, 13536
0.8870968818664551, 13535
0.8870968818664551, 13534
0.8870968818664551, 13533
0.8870968818664551, 13532
0.8870968818664551, 13531
0.8870968818664551, 13530
0.8870968818664551, 13529
0.8870968818664551, 13528
0.8870968818664551, 13527
0.8880689144134521, 13526
0.8880689144134521, 13525
0.8880689144134521, 13524
0.8880689144134521, 13523
0.8880689144134521, 13522
0.8880689144134521, 13521
0.8880689144134521, 13520
0.8880689144134521, 13519
0.8880689144134521, 13518
0.8880689144134521, 13517
0.8880689144134521, 13516
0.8890972137451172, 13515
0.8890972137451172, 13514
0.8890972137451172, 13513
0.8890972137451172, 13512
0.8890972137451172, 13511
1.796152114868164, 13510
1.796152114868164, 13509
1.796152114868164, 13508
1.796152114868164, 13507
1.796152114868164, 13506
1.796152114868164, 13505
1.796152114868164, 13504
1.796152114868164, 13503
1.796152114868164, 13502
1.796152114868164, 13501
1.796152114868164, 13500
1.796152114868164, 13499
1.797152042388916, 13498
1.797152042388916, 13497
1.797152042388916, 13496
1.797152042388916, 13495
1.797152042388916, 13494
1.797152042388916, 13493
1.797152042388916, 13492
1.797152042388916, 13491
1.797152042388916, 13490
1.797152042388916, 13489
1.797152042388916, 13488
1.797152042388916, 13487
1.797152042388916, 13486
1.797152042388916, 13485
1.7981514930725098, 13484
1.7981514930725098, 13483
1.7981514930725098, 13482
1.7981514930725098, 13481
1.7981514930725098, 13480
1.7981514930725098, 13479
1.7981514930725098, 13478
1.7981514930725098, 13477
1.7981514930725098, 13476
1.7981514930725098, 13475
1.7981514930725098, 13474
1.7981514930725098, 13473
1.7981514930725098, 13472
1.7981514930725098, 13471
1.7991511821746826, 13470
1.7991511821746826, 13469
1.7991511821746826, 13468
1.7991511821746826, 13467
1.7991511821746826, 13466
1.7991511821746826, 13465
1.799574375152588, 13464
1.799574375152588, 13463
1.799574375152588, 13462
1.799574375152588, 13461
1.799574375152588, 13460
1.799574375152588, 13459
1.799574375152588, 13458
1.8000783920288086, 13457
1.8000783920288086, 13456
1.8000783920288086, 13455
1.8000783920288086, 13454
1.8000783920288086, 13453
1.8000783920288086, 13452
1.8000783920288086, 13451
1.8000783920288086, 13450
1.8000783920288086, 13449
1.8000783920288086, 13448
1.8000783920288086, 13447
1.8000783920288086, 13446
1.8000783920288086, 13445
1.8000783920288086, 13444
1.8000783920288086, 13443
1.8010845184326172, 13442
1.8010845184326172, 13441
1.8010845184326172, 13440
1.8010845184326172, 13439
1.8010845184326172, 13438
1.8010845184326172, 13437
1.8010845184326172, 13436
1.8010845184326172, 13435
1.8010845184326172, 13434
1.8010845184326172, 13433
1.8010845184326172, 13432
1.8010845184326172, 13431
1.8010845184326172, 13430
1.8020844459533691, 13429
1.8020844459533691, 13428
1.8020844459533691, 13427
1.8020844459533691, 13426
1.8020844459533691, 13425
1.8020844459533691, 13424
1.8020844459533691, 13423
1.8020844459533691, 13422
1.8020844459533691, 13421
1.8020844459533691, 13420
1.8020844459533691, 13419
1.8020844459533691, 13418
1.8020844459533691, 13417
1.8020844459533691, 13416
1.8020844459533691, 13415
1.803084373474121, 13414
1.803084373474121, 13413
1.803084373474121, 13412
1.803084373474121, 13411
1.803084373474121, 13410
1.803084373474121, 13409
1.803084373474121, 13408
1.803084373474121, 13407
1.803084373474121, 13406
1.803084373474121, 13405
1.803084373474121, 13404
1.803084373474121, 13403
1.803084373474121, 13402
1.803084373474121, 13401
1.804084300994873, 13400
1.804084300994873, 13399
1.804084300994873, 13398
1.804084300994873, 13397
1.804084300994873, 13396
1.804084300994873, 13395
1.804084300994873, 13394
1.804084300994873, 13393
1.804084300994873, 13392
1.804084300994873, 13391
1.804084300994873, 13390
1.804084300994873, 13389
1.804084300994873, 13388
1.804084300994873, 13387
1.804084300994873, 13386
1.805084228515625, 13385
1.805084228515625, 13384
1.805084228515625, 13383
1.805084228515625, 13382
1.805084228515625, 13381
1.805084228515625, 13380
1.805084228515625, 13379
1.805084228515625, 13378
1.805084228515625, 13377
1.805084228515625, 13376
1.805084228515625, 13375
1.805084228515625, 13374
1.805084228515625, 13373
1.805084228515625, 13372
1.806084156036377, 13371
1.806084156036377, 13370
1.806084156036377, 13369
1.806084156036377, 13368
1.806084156036377, 13367
1.806084156036377, 13366
1.806084156036377, 13365
1.806084156036377, 13364
1.806084156036377, 13363
1.806084156036377, 13362
1.806084156036377, 13361
1.806084156036377, 13360
1.806084156036377, 13359
1.806084156036377, 13358
1.806084156036377, 13357
1.807084321975708, 13356
1.807084321975708, 13355
1.807084321975708, 13354
1.807084321975708, 13353
1.807084321975708, 13352
1.807084321975708, 13351
1.807084321975708, 13350
1.807084321975708, 13349
1.807084321975708, 13348
1.807084321975708, 13347
1.807084321975708, 13346
1.807084321975708, 13345
1.807084321975708, 13344
1.807084321975708, 13343
1.808035135269165, 13342
1.808035135269165, 13341
1.808035135269165, 13340
1.808035135269165, 13339
1.808035135269165, 13338
1.808035135269165, 13337
1.808035135269165, 13336
1.808035135269165, 13335
1.808035135269165, 13334
1.808035135269165, 13333
1.808035135269165, 13332
1.808035135269165, 13331
1.808035135269165, 13330
1.808035135269165, 13329
1.808035135269165, 13328
1.809084415435791, 13327
1.809084415435791, 13326
1.809084415435791, 13325
1.809084415435791, 13324
1.809084415435791, 13323
1.809084415435791, 13322
1.809084415435791, 13321
1.809084415435791, 13320
1.809084415435791, 13319
1.809084415435791, 13318
1.809084415435791, 13317
1.809084415435791, 13316
1.809084415435791, 13315
1.809084415435791, 13314
1.810084342956543, 13313
1.810084342956543, 13312
1.810084342956543, 13311
1.810084342956543, 13310
1.810084342956543, 13309
1.810084342956543, 13308
1.810084342956543, 13307
1.810084342956543, 13306
1.810084342956543, 13305
1.810084342956543, 13304
1.810084342956543, 13303
1.810084342956543, 13302
1.810084342956543, 13301
1.810084342956543, 13300
1.810084342956543, 13299
1.8111138343811035, 13298
1.8111138343811035, 13297
1.8111138343811035, 13296
1.8111138343811035, 13295
1.8111138343811035, 13294
1.8111138343811035, 13293
1.8111138343811035, 13292
1.8111138343811035, 13291
1.8111138343811035, 13290
1.8111138343811035, 13289
1.8111138343811035, 13288
1.8111138343811035, 13287
1.8111138343811035, 13286
1.8121140003204346, 13285
1.8121140003204346, 13284
1.8121140003204346, 13283
1.8121140003204346, 13282
1.8121140003204346, 13281
1.8121140003204346, 13280
1.8121140003204346, 13279
1.8121140003204346, 13278
1.8121140003204346, 13277
1.8121140003204346, 13276
1.8121140003204346, 13275
1.8121140003204346, 13274
1.8121140003204346, 13273
1.8121140003204346, 13272
1.8131136894226074, 13271
1.8131136894226074, 13270
1.8131136894226074, 13269
1.8131136894226074, 13268
1.8131136894226074, 13267
1.8131136894226074, 13266
1.8131136894226074, 13265
1.8131136894226074, 13264
1.8131136894226074, 13263
1.8131136894226074, 13262
1.8131136894226074, 13261
1.8131136894226074, 13260
1.8131136894226074, 13259
1.8131136894226074, 13258
1.8131136894226074, 13257
1.8141136169433594, 13256
1.8141136169433594, 13255
1.8141136169433594, 13254
1.8141136169433594, 13253
1.8141136169433594, 13252
1.8141136169433594, 13251
1.8141136169433594, 13250
1.8141136169433594, 13249
1.8141136169433594, 13248
1.8141136169433594, 13247
1.8141136169433594, 13246
1.8141136169433594, 13245
1.8141136169433594, 13244
1.8141136169433594, 13243
1.8151135444641113, 13242
1.8151135444641113, 13241
1.8151135444641113, 13240
1.8151135444641113, 13239
1.8151135444641113, 13238
1.8151135444641113, 13237
1.8151135444641113, 13236
1.8151135444641113, 13235
1.8151135444641113, 13234
1.8151135444641113, 13233
1.8151135444641113, 13232
1.8151135444641113, 13231
1.8151135444641113, 13230
1.8151135444641113, 13229
1.8161134719848633, 13228
1.8161134719848633, 13227
1.8161134719848633, 13226
1.8161134719848633, 13225
1.8161134719848633, 13224
1.8161134719848633, 13223
1.8161134719848633, 13222
1.8161134719848633, 13221
1.8161134719848633, 13220
1.8161134719848633, 13219
1.8161134719848633, 13218
1.8161134719848633, 13217
1.8161134719848633, 13216
1.8161134719848633, 13215
1.8161134719848633, 13214
1.8171136379241943, 13213
1.8171136379241943, 13212
1.8171136379241943, 13211
1.8171136379241943, 13210
1.8171136379241943, 13209
1.8171136379241943, 13208
1.817575454711914, 13207
1.817575454711914, 13206
1.817575454711914, 13205
1.817575454711914, 13204
1.817575454711914, 13203
1.817575454711914, 13202
1.817575454711914, 13201
1.817575454711914, 13200
1.8181135654449463, 13199
1.8181135654449463, 13198
1.8181135654449463, 13197
1.8181135654449463, 13196
1.8181135654449463, 13195
1.8181135654449463, 13194
1.8181135654449463, 13193
1.8181135654449463, 13192
1.8181135654449463, 13191
1.8181135654449463, 13190
1.8181135654449463, 13189
1.8181135654449463, 13188
1.8181135654449463, 13187
1.8181135654449463, 13186
1.8191137313842773, 13185
1.8191137313842773, 13184
1.8191137313842773, 13183
1.8191137313842773, 13182
1.8191137313842773, 13181
1.8191137313842773, 13180
1.8191137313842773, 13179
1.8191137313842773, 13178
1.8191137313842773, 13177
1.8191137313842773, 13176
1.8191137313842773, 13175
1.8191137313842773, 13174
1.8191137313842773, 13173
1.8191137313842773, 13172
1.8191137313842773, 13171
1.8201138973236084, 13170
1.8201138973236084, 13169
1.8201138973236084, 13168
1.8201138973236084, 13167
1.8201138973236084, 13166
1.8201138973236084, 13165
1.8201138973236084, 13164
1.8201138973236084, 13163
1.8201138973236084, 13162
1.8201138973236084, 13161
1.8201138973236084, 13160
1.8201138973236084, 13159
1.8201138973236084, 13158
1.8201138973236084, 13157
1.8211438655853271, 13156
1.8211438655853271, 13155
1.8211438655853271, 13154
1.8211438655853271, 13153
1.8211438655853271, 13152
1.8211438655853271, 13151
1.8211438655853271, 13150
1.8211438655853271, 13149
1.8211438655853271, 13148
1.8211438655853271, 13147
1.8211438655853271, 13146
1.8211438655853271, 13145
1.8211438655853271, 13144
1.8211438655853271, 13143
1.8221430778503418, 13142
1.8221430778503418, 13141
1.8221430778503418, 13140
1.8221430778503418, 13139
1.8221430778503418, 13138
1.8221430778503418, 13137
1.8221430778503418, 13136
1.8221430778503418, 13135
1.8221430778503418, 13134
1.8221430778503418, 13133
1.8221430778503418, 13132
1.8221430778503418, 13131
1.8221430778503418, 13130
1.8221430778503418, 13129
1.8221430778503418, 13128
1.8231430053710938, 13127
1.8231430053710938, 13126
1.8231430053710938, 13125
1.8231430053710938, 13124
1.8231430053710938, 13123
1.8231430053710938, 13122
1.823561668395996, 13121
1.823561668395996, 13120
1.823561668395996, 13119
1.823561668395996, 13118
1.823561668395996, 13117
1.823561668395996, 13116
1.823561668395996, 13115
1.823561668395996, 13114
1.8241429328918457, 13113
1.8241429328918457, 13112
1.8241429328918457, 13111
5.805057048797607, 13110
5.805057048797607, 13109
5.805057048797607, 13108
5.805057048797607, 13107
5.805057048797607, 13106
5.80605673789978, 13105
5.80605673789978, 13104
5.80605673789978, 13103
5.80605673789978, 13102
5.80605673789978, 13101
5.80605673789978, 13100
5.80605673789978, 13099
5.80605673789978, 13098
5.80605673789978, 13097
5.80605673789978, 13096
5.80605673789978, 13095
5.80605673789978, 13094
5.80605673789978, 13093
5.80605673789978, 13092
5.807056188583374, 13091
5.807056188583374, 13090
5.807056188583374, 13089
5.807056188583374, 13088
5.807056188583374, 13087
5.807056188583374, 13086
5.807056188583374, 13085
5.807056188583374, 13084
5.807056188583374, 13083
5.807056188583374, 13082
5.807056188583374, 13081
5.807056188583374, 13080
5.807056188583374, 13079
5.807056188583374, 13078
5.808056116104126, 13077
5.808056116104126, 13076
5.808056116104126, 13075
5.808056116104126, 13074
5.808056116104126, 13073
5.808056116104126, 13072
5.808056116104126, 13071
5.808056116104126, 13070
5.808056116104126, 13069
5.808056116104126, 13068
5.808056116104126, 13067
5.808056116104126, 13066
5.808056116104126, 13065
5.808056116104126, 13064
5.809056043624878, 13063
5.809056043624878, 13062
5.809056043624878, 13061
