0.177001953125, 14074
0.177001953125, 14073
0.177001953125, 14072
0.17800188064575195, 14071
0.17800188064575195, 14070
0.17800188064575195, 14069
0.17800188064575195, 14068
0.17800188064575195, 14067
0.17800188064575195, 14066
0.17800188064575195, 14065
0.17800188064575195, 14064
0.17800188064575195, 14063
0.17800188064575195, 14062
0.17800188064575195, 14061
0.17800188064575195, 14060
0.17800188064575195, 14059
0.17800188064575195, 14058
0.17800188064575195, 14057
0.179002046585083, 14056
0.179002046585083, 14055
0.179002046585083, 14054
0.179002046585083, 14053
0.179002046585083, 14052
0.179002046585083, 14051
0.179002046585083, 14050
0.179002046585083, 14049
0.179002046585083, 14048
0.179002046585083, 14047
0.179002046585083, 14046
0.179002046585083, 14045
0.179002046585083, 14044
0.179002046585083, 14043
0.179002046585083, 14042
0.18000173568725586, 14041
0.18000173568725586, 14040
0.18000173568725586, 14039
0.18000173568725586, 14038
0.18000173568725586, 14037
0.18000173568725586, 14036
0.18000173568725586, 14035
0.18000173568725586, 14034
0.18000173568725586, 14033
0.18000173568725586, 14032
0.18000173568725586, 14031
0.18000173568725586, 14030
0.18000173568725586, 14029
0.18000173568725586, 14028
0.18000173568725586, 14027
0.18000173568725586, 14026
0.1810014247894287, 14025
0.1810014247894287, 14024
0.1810014247894287, 14023
0.1810014247894287, 14022
0.1810014247894287, 14021
0.1810014247894287, 14020
0.1810014247894287, 14019
0.1810014247894287, 14018
0.1810014247894287, 14017
0.1810014247894287, 14016
0.1810014247894287, 14015
0.1810014247894287, 14014
0.1810014247894287, 14013
0.1810014247894287, 14012
0.1810014247894287, 14011
0.18200159072875977, 14010
0.18200159072875977, 14009
0.18215489387512207, 14008
0.18215489387512207, 14007
0.18215489387512207, 14006
0.18215489387512207, 14005
0.18215489387512207, 14004
0.18215489387512207, 14003
0.18215489387512207, 14002
0.18215489387512207, 14001
0.18215489387512207, 14000
0.18215489387512207, 13999
0.18215489387512207, 13998
0.18215489387512207, 13997
0.18215489387512207, 13996
0.18300175666809082, 13995
0.18300175666809082, 13994
0.18300175666809082, 13993
0.18300175666809082, 13992
0.18300175666809082, 13991
0.18300175666809082, 13990
0.18300175666809082, 13989
0.18300175666809082, 13988
0.18300175666809082, 13987
0.18300175666809082, 13986
0.18300175666809082, 13985
0.18300175666809082, 13984
0.18300175666809082, 13983
0.18300175666809082, 13982
0.18300175666809082, 13981
0.18400144577026367, 13980
0.18400144577026367, 13979
0.18400144577026367, 13978
0.18400144577026367, 13977
0.18400144577026367, 13976
0.18400144577026367, 13975
0.18400144577026367, 13974
0.18400144577026367, 13973
0.18400144577026367, 13972
0.18400144577026367, 13971
0.18400144577026367, 13970
0.18400144577026367, 13969
0.18400144577026367, 13968
0.18400144577026367, 13967
0.18400144577026367, 13966
0.18400144577026367, 13965
0.18500065803527832, 13964
0.18500065803527832, 13963
0.18500065803527832, 13962
0.18500065803527832, 13961
0.18500065803527832, 13960
0.18500065803527832, 13959
0.18500065803527832, 13958
0.18500065803527832, 13957
0.18500065803527832, 13956
0.18500065803527832, 13955
0.18500065803527832, 13954
0.18500065803527832, 13953
0.18500065803527832, 13952
0.18500065803527832, 13951
0.18500065803527832, 13950
0.18600249290466309, 13949
0.18600249290466309, 13948
0.18600249290466309, 13947
0.18600249290466309, 13946
0.18600249290466309, 13945
0.18600249290466309, 13944
0.18600249290466309, 13943
0.18600249290466309, 13942
0.18600249290466309, 13941
0.18600249290466309, 13940
0.18600249290466309, 13939
0.18600249290466309, 13938
0.18600249290466309, 13937
0.18600249290466309, 13936
0.18600249290466309, 13935
0.18700146675109863, 13934
0.18700146675109863, 13933
0.18700146675109863, 13932
0.18700146675109863, 13931
0.18700146675109863, 13930
0.18700146675109863, 13929
0.18700146675109863, 13928
0.18700146675109863, 13927
0.18700146675109863, 13926
0.18700146675109863, 13925
0.18700146675109863, 13924
0.18700146675109863, 13923
0.18700146675109863, 13922
0.18700146675109863, 13921
0.18700146675109863, 13920
0.18700146675109863, 13919
0.18800115585327148, 13918
0.18800115585327148, 13917
0.18800115585327148, 13916
0.18800115585327148, 13915
0.18800115585327148, 13914
0.18800115585327148, 13913
0.18800115585327148, 13912
0.18800115585327148, 13911
0.18800115585327148, 13910
0.18800115585327148, 13909
0.18800115585327148, 13908
0.18800115585327148, 13907
0.18800115585327148, 13906
0.18800115585327148, 13905
0.18800115585327148, 13904
0.18903088569641113, 13903
0.18903088569641113, 13902
0.18903088569641113, 13901
0.18903088569641113, 13900
0.18903088569641113, 13899
0.18903088569641113, 13898
0.18903088569641113, 13897
0.18903088569641113, 13896
0.18903088569641113, 13895
0.18903088569641113, 13894
0.18903088569641113, 13893
0.18903088569641113, 13892
0.18903088569641113, 13891
0.18903088569641113, 13890
0.18903088569641113, 13889
0.7781696319580078, 13888
0.7781696319580078, 13887
0.7781696319580078, 13886
0.7781696319580078, 13885
0.7781696319580078, 13884
0.7791690826416016, 13883
0.7791690826416016, 13882
0.7791690826416016, 13881
0.7791690826416016, 13880
0.7791690826416016, 13879
0.7791690826416016, 13878
0.7791690826416016, 13877
0.7791690826416016, 13876
0.7791690826416016, 13875
0.7791690826416016, 13874
0.7791690826416016, 13873
0.7791690826416016, 13872
0.7791690826416016, 13871
0.7791690826416016, 13870
0.780167818069458, 13869
0.780167818069458, 13868
0.780167818069458, 13867
0.780167818069458, 13866
0.780167818069458, 13865
0.780167818069458, 13864
0.780167818069458, 13863
0.780167818069458, 13862
0.780167818069458, 13861
0.780167818069458, 13860
0.780167818069458, 13859
0.780167818069458, 13858
0.780167818069458, 13857
0.780167818069458, 13856
0.780167818069458, 13855
0.7811691761016846, 13854
0.7811691761016846, 13853
0.7811691761016846, 13852
0.7811691761016846, 13851
0.7811691761016846, 13850
0.7811691761016846, 13849
0.7811691761016846, 13848
0.7811691761016846, 13847
0.7811691761016846, 13846
0.7811691761016846, 13845
0.7811691761016846, 13844
0.7811691761016846, 13843
0.7821700572967529, 13842
0.7821700572967529, 13841
0.7821700572967529, 13840
0.7821700572967529, 13839
0.7821700572967529, 13838
0.7821700572967529, 13837
0.7821700572967529, 13836
0.7821700572967529, 13835
0.7821700572967529, 13834
0.7821700572967529, 13833
0.7821700572967529, 13832
0.7831685543060303, 13831
0.7831685543060303, 13830
0.7831685543060303, 13829
0.7831685543060303, 13828
0.7831685543060303, 13827
0.7831685543060303, 13826
0.7831685543060303, 13825
0.7831685543060303, 13824
0.7831685543060303, 13823
0.7831685543060303, 13822
0.7841672897338867, 13821
0.7841672897338867, 13820
0.7841672897338867, 13819
0.7841672897338867, 13818
0.7841672897338867, 13817
0.7841672897338867, 13816
0.7841672897338867, 13815
0.7841672897338867, 13814
0.7841672897338867, 13813
0.7841672897338867, 13812
0.7851669788360596, 13811
0.7851669788360596, 13810
0.7851669788360596, 13809
0.7851669788360596, 13808
0.7851669788360596, 13807
0.7851669788360596, 13806
0.7851669788360596, 13805
1.7300798892974854, 13804
1.7300798892974854, 13803
1.7300798892974854, 13802
1.7300798892974854, 13801
1.7300798892974854, 13800
1.7300798892974854, 13799
1.7300798892974854, 13798
1.7310800552368164, 13797
1.7310800552368164, 13796
1.7310800552368164, 13795
1.7310800552368164, 13794
1.7310800552368164, 13793
1.7310800552368164, 13792
1.7310800552368164, 13791
1.7310800552368164, 13790
1.7310800552368164, 13789
1.7310800552368164, 13788
1.7310800552368164, 13787
1.7310800552368164, 13786
1.7310800552368164, 13785
1.7320806980133057, 13784
1.7320806980133057, 13783
1.7320806980133057, 13782
1.7320806980133057, 13781
1.7320806980133057, 13780
1.7320806980133057, 13779
1.7320806980133057, 13778
1.7320806980133057, 13777
1.7320806980133057, 13776
1.7320806980133057, 13775
1.7320806980133057, 13774
1.7320806980133057, 13773
1.733079433441162, 13772
1.733079433441162, 13771
1.733079433441162, 13770
1.733079433441162, 13769
1.733079433441162, 13768
1.733079433441162, 13767
1.733079433441162, 13766
1.733079433441162, 13765
1.733079433441162, 13764
1.733079433441162, 13763
1.733079433441162, 13762
1.733079433441162, 13761
1.734079360961914, 13760
1.734079360961914, 13759
1.734079360961914, 13758
1.734079360961914, 13757
1.734079360961914, 13756
1.734079360961914, 13755
1.734079360961914, 13754
1.734079360961914, 13753
1.734079360961914, 13752
1.734079360961914, 13751
1.7350807189941406, 13750
1.7350807189941406, 13749
1.7350807189941406, 13748
1.7350807189941406, 13747
1.7350807189941406, 13746
1.7350807189941406, 13745
1.7350807189941406, 13744
1.7350807189941406, 13743
1.7350807189941406, 13742
1.7350807189941406, 13741
1.7350807189941406, 13740
1.7350807189941406, 13739
1.7360799312591553, 13738
1.7360799312591553, 13737
1.7360799312591553, 13736
1.7360799312591553, 13735
1.7360799312591553, 13734
1.7360799312591553, 13733
1.7360799312591553, 13732
1.7360799312591553, 13731
1.7360799312591553, 13730
1.7360799312591553, 13729
1.7360799312591553, 13728
1.737079381942749, 13727
1.737079381942749, 13726
1.737079381942749, 13725
1.737079381942749, 13724
1.737079381942749, 13723
1.737079381942749, 13722
1.737079381942749, 13721
1.737079381942749, 13720
1.737079381942749, 13719
1.737079381942749, 13718
1.737079381942749, 13717
1.7380809783935547, 13716
1.7380809783935547, 13715
1.7380809783935547, 13714
1.7380809783935547, 13713
1.7380809783935547, 13712
1.7380809783935547, 13711
1.7380809783935547, 13710
1.7386465072631836, 13709
1.7386465072631836, 13708
1.7386465072631836, 13707
1.7386465072631836, 13706
1.7386465072631836, 13705
1.7386465072631836, 13704
1.7390797138214111, 13703
1.7390797138214111, 13702
1.7390797138214111, 13701
1.7390797138214111, 13700
1.7390797138214111, 13699
1.7390797138214111, 13698
1.7390797138214111, 13697
1.7390797138214111, 13696
1.7390797138214111, 13695
1.7390797138214111, 13694
1.7390797138214111, 13693
1.7390797138214111, 13692
1.7400798797607422, 13691
1.7400798797607422, 13690
1.7400798797607422, 13689
1.7400798797607422, 13688
1.7400798797607422, 13687
1.7400798797607422, 13686
1.7400798797607422, 13685
1.7400798797607422, 13684
1.7400798797607422, 13683
1.7400798797607422, 13682
1.7410802841186523, 13681
1.7410802841186523, 13680
1.7410802841186523, 13679
1.7410802841186523, 13678
1.7410802841186523, 13677
1.7410802841186523, 13676
1.7410802841186523, 13675
1.7410802841186523, 13674
1.7410802841186523, 13673
1.7410802841186523, 13672
1.7410802841186523, 13671
1.7420814037322998, 13670
1.7420814037322998, 13669
1.7420814037322998, 13668
1.7420814037322998, 13667
1.7420814037322998, 13666
1.7420814037322998, 13665
1.7420814037322998, 13664
1.7420814037322998, 13663
1.7420814037322998, 13662
1.7420814037322998, 13661
1.743079662322998, 13660
1.743079662322998, 13659
1.743079662322998, 13658
1.743079662322998, 13657
1.743079662322998, 13656
1.743079662322998, 13655
1.743079662322998, 13654
1.743079662322998, 13653
1.743079662322998, 13652
1.743079662322998, 13651
1.743079662322998, 13650
1.744079351425171, 13649
1.744079351425171, 13648
1.744079351425171, 13647
1.744079351425171, 13646
1.744079351425171, 13645
1.744079351425171, 13644
1.744079351425171, 13643
1.744079351425171, 13642
1.744079351425171, 13641
1.744079351425171, 13640
1.7451074123382568, 13639
1.7451074123382568, 13638
1.7451074123382568, 13637
1.7451074123382568, 13636
1.7451074123382568, 13635
1.7451074123382568, 13634
1.7451074123382568, 13633
1.7451074123382568, 13632
1.7451074123382568, 13631
1.7451074123382568, 13630
1.7451074123382568, 13629
1.7451074123382568, 13628
1.7451074123382568, 13627
1.7451074123382568, 13626
1.7461073398590088, 13625
1.7461073398590088, 13624
1.7461073398590088, 13623
1.7461073398590088, 13622
1.7461073398590088, 13621
1.7461073398590088, 13620
1.7461073398590088, 13619
1.7461073398590088, 13618
1.7461073398590088, 13617
1.7461073398590088, 13616
1.7461073398590088, 13615
1.7461073398590088, 13614
1.7471086978912354, 13613
1.7471086978912354, 13612
1.7471086978912354, 13611
1.7471086978912354, 13610
1.7471086978912354, 13609
1.7471086978912354, 13608
1.7471086978912354, 13607
1.7471086978912354, 13606
1.7471086978912354, 13605
1.7471086978912354, 13604
1.7471086978912354, 13603
1.7471086978912354, 13602
1.7471086978912354, 13601
1.7471086978912354, 13600
1.7471086978912354, 13599
1.7481069564819336, 13598
1.7481069564819336, 13597
1.7481069564819336, 13596
1.7481069564819336, 13595
1.7481069564819336, 13594
1.7481069564819336, 13593
1.7481069564819336, 13592
1.7481069564819336, 13591
1.7481069564819336, 13590
1.7481069564819336, 13589
1.7481069564819336, 13588
1.7481069564819336, 13587
1.7481069564819336, 13586
1.7481069564819336, 13585
1.7491068840026855, 13584
1.7491068840026855, 13583
1.7491068840026855, 13582
1.7491068840026855, 13581
1.7491068840026855, 13580
1.7491068840026855, 13579
1.7491068840026855, 13578
1.7491068840026855, 13577
1.7491068840026855, 13576
1.7491068840026855, 13575
1.7491068840026855, 13574
1.7491068840026855, 13573
1.7491068840026855, 13572
1.7491068840026855, 13571
1.7491068840026855, 13570
1.7501070499420166, 13569
1.7502069473266602, 13568
1.7502069473266602, 13567
1.7502069473266602, 13566
1.7502069473266602, 13565
1.7502069473266602, 13564
1.7502069473266602, 13563
1.7502069473266602, 13562
1.7502069473266602, 13561
1.7502069473266602, 13560
1.7502069473266602, 13559
1.7502069473266602, 13558
1.7502069473266602, 13557
1.7502069473266602, 13556
1.7511067390441895, 13555
1.7511067390441895, 13554
1.7511067390441895, 13553
1.7511067390441895, 13552
1.7511067390441895, 13551
1.7511067390441895, 13550
1.7511067390441895, 13549
1.7511067390441895, 13548
1.7511067390441895, 13547
1.7511067390441895, 13546
1.7511067390441895, 13545
1.7511067390441895, 13544
1.7511067390441895, 13543
1.7511067390441895, 13542
1.7511067390441895, 13541
1.7521069049835205, 13540
1.7521069049835205, 13539
1.7521069049835205, 13538
1.7521069049835205, 13537
1.7521069049835205, 13536
1.7521069049835205, 13535
1.7521069049835205, 13534
1.7521069049835205, 13533
1.7521069049835205, 13532
1.7521069049835205, 13531
1.7521069049835205, 13530
1.7521069049835205, 13529
1.7521069049835205, 13528
1.7521069049835205, 13527
1.7531068325042725, 13526
1.7531068325042725, 13525
1.7531068325042725, 13524
1.7531068325042725, 13523
1.7531068325042725, 13522
1.7531068325042725, 13521
1.7531068325042725, 13520
1.7531068325042725, 13519
1.7531068325042725, 13518
1.7531068325042725, 13517
1.7531068325042725, 13516
1.7531068325042725, 13515
1.7531068325042725, 13514
1.7531068325042725, 13513
1.7531068325042725, 13512
1.7541065216064453, 13511
1.7541065216064453, 13510
1.7541065216064453, 13509
1.7541065216064453, 13508
1.7541065216064453, 13507
1.7541065216064453, 13506
1.7541065216064453, 13505
1.7541065216064453, 13504
1.7541065216064453, 13503
1.7541065216064453, 13502
1.7541065216064453, 13501
1.7541065216064453, 13500
1.7541065216064453, 13499
1.7541065216064453, 13498
1.7541065216064453, 13497
1.755131721496582, 13496
1.755131721496582, 13495
1.755131721496582, 13494
1.755131721496582, 13493
1.7554633617401123, 13492
1.7554633617401123, 13491
1.7554633617401123, 13490
1.7554633617401123, 13489
1.7554633617401123, 13488
1.7554633617401123, 13487
1.7554633617401123, 13486
1.7554633617401123, 13485
1.7554633617401123, 13484
1.7554633617401123, 13483
1.7561309337615967, 13482
1.7561309337615967, 13481
1.7561309337615967, 13480
1.7561309337615967, 13479
1.7561309337615967, 13478
1.7561309337615967, 13477
1.7561309337615967, 13476
1.7561309337615967, 13475
1.7561309337615967, 13474
1.7561309337615967, 13473
1.7561309337615967, 13472
1.7561309337615967, 13471
1.7561309337615967, 13470
1.7561309337615967, 13469
1.7561309337615967, 13468
1.7571890354156494, 13467
1.7571890354156494, 13466
1.7571890354156494, 13465
1.7571890354156494, 13464
1.7571890354156494, 13463
1.7571890354156494, 13462
1.7571890354156494, 13461
1.7571890354156494, 13460
1.7571890354156494, 13459
1.7571890354156494, 13458
1.7571890354156494, 13457
1.7581310272216797, 13456
1.7581310272216797, 13455
1.7581310272216797, 13454
1.7581310272216797, 13453
1.7581310272216797, 13452
1.7581310272216797, 13451
1.7581310272216797, 13450
1.7581310272216797, 13449
1.7581310272216797, 13448
1.7581310272216797, 13447
1.7581310272216797, 13446
1.7581310272216797, 13445
1.7581310272216797, 13444
1.7581310272216797, 13443
1.7591314315795898, 13442
1.7591314315795898, 13441
1.7591314315795898, 13440
1.7591314315795898, 13439
1.7591314315795898, 13438
1.7591314315795898, 13437
1.7591314315795898, 13436
1.7591314315795898, 13435
1.7591314315795898, 13434
1.7591314315795898, 13433
1.7591314315795898, 13432
1.7591314315795898, 13431
1.7591314315795898, 13430
1.7591314315795898, 13429
1.7591314315795898, 13428
1.7601327896118164, 13427
1.7601327896118164, 13426
1.7601327896118164, 13425
1.7601327896118164, 13424
1.7601327896118164, 13423
1.7601327896118164, 13422
1.7601327896118164, 13421
1.7601327896118164, 13420
1.7601327896118164, 13419
1.7601327896118164, 13418
1.7601327896118164, 13417
1.7601327896118164, 13416
1.7601327896118164, 13415
1.7601327896118164, 13414
1.761134147644043, 13413
1.761134147644043, 13412
1.761134147644043, 13411
1.761134147644043, 13410
1.761134147644043, 13409
1.761134147644043, 13408
1.761134147644043, 13407
1.761134147644043, 13406
1.761134147644043, 13405
1.761134147644043, 13404
1.761134147644043, 13403
1.761134147644043, 13402
1.761134147644043, 13401
1.761134147644043, 13400
1.7621304988861084, 13399
1.7621304988861084, 13398
1.7621304988861084, 13397
1.7621304988861084, 13396
1.7621304988861084, 13395
1.7621304988861084, 13394
1.7621304988861084, 13393
1.7621304988861084, 13392
1.7621304988861084, 13391
1.7621304988861084, 13390
1.7621304988861084, 13389
1.7621304988861084, 13388
1.7621304988861084, 13387
1.7621304988861084, 13386
1.7621304988861084, 13385
1.7631301879882812, 13384
1.7631301879882812, 13383
1.7631301879882812, 13382
1.7631301879882812, 13381
1.7631301879882812, 13380
1.7631301879882812, 13379
1.7631301879882812, 13378
1.7631301879882812, 13377
1.7631301879882812, 13376
1.7631301879882812, 13375
1.7631301879882812, 13374
1.7631301879882812, 13373
1.7631301879882812, 13372
1.7631301879882812, 13371
1.7631301879882812, 13370
1.764129400253296, 13369
1.764129400253296, 13368
1.764129400253296, 13367
1.764129400253296, 13366
1.764129400253296, 13365
1.764129400253296, 13364
1.764129400253296, 13363
1.7646472454071045, 13362
1.7646472454071045, 13361
1.7646472454071045, 13360
1.7646472454071045, 13359
1.7646472454071045, 13358
1.7646472454071045, 13357
1.7646472454071045, 13356
1.7646472454071045, 13355
1.7646472454071045, 13354
1.7646472454071045, 13353
1.7646472454071045, 13352
1.7646472454071045, 13351
1.7646472454071045, 13350
1.7646472454071045, 13349
1.7646472454071045, 13348
1.765653133392334, 13347
1.765653133392334, 13346
1.765653133392334, 13345
1.765653133392334, 13344
1.765653133392334, 13343
1.765653133392334, 13342
1.765653133392334, 13341
1.765653133392334, 13340
1.765653133392334, 13339
1.765653133392334, 13338
1.765653133392334, 13337
1.765653133392334, 13336
2.475945472717285, 13240
2.475945472717285, 13239
2.475945472717285, 13238
2.475945472717285, 13237
2.475945472717285, 13236
2.475945472717285, 13235
2.475945472717285, 13234
2.475945472717285, 13233
2.475945472717285, 13232
2.475945472717285, 13231
2.475945472717285, 13230
2.475945472717285, 13229
2.475945472717285, 13228
2.475945472717285, 13227
2.477030038833618, 13226
2.477030038833618, 13225
2.477030038833618, 13224
2.477030038833618, 13223
2.477030038833618, 13222
2.477030038833618, 13221
2.477030038833618, 13220
2.477030038833618, 13219
2.477030038833618, 13218
2.477030038833618, 13217
2.477030038833618, 13216
2.477030038833618, 13215
2.477030038833618, 13214
2.477945566177368, 13213
2.477945566177368, 13212
2.477945566177368, 13211
2.477945566177368, 13210
2.477945566177368, 13209
2.477945566177368, 13208
2.477945566177368, 13207
2.477945566177368, 13206
2.477945566177368, 13205
2.477945566177368, 13204
2.477945566177368, 13203
2.477945566177368, 13202
2.477945566177368, 13201
2.477945566177368, 13200
2.477945566177368, 13199
2.478945016860962, 13198
2.478945016860962, 13197
2.478945016860962, 13196
2.478945016860962, 13195
2.478945016860962, 13194
2.478945016860962, 13193
2.478945016860962, 13192
2.478945016860962, 13191
2.478945016860962, 13190
2.478945016860962, 13189
2.478945016860962, 13188
9.191869258880615, 13187
9.191869258880615, 13186
9.191869258880615, 13185
9.191869258880615, 13184
9.191869258880615, 13183
9.191869258880615, 13182
9.191869258880615, 13181
9.191869258880615, 13180
9.191869258880615, 13179
9.191869258880615, 13178
9.191869258880615, 13177
9.192867994308472, 13176
9.192867994308472, 13175
9.192867994308472, 13174
9.192867994308472, 13173
9.192867994308472, 13172
9.192867994308472, 13171
9.192867994308472, 13170
9.192867994308472, 13169
9.192867994308472, 13168
9.192867994308472, 13167
9.192867994308472, 13166
9.192867994308472, 13165
9.192867994308472, 13164
9.192867994308472, 13163
9.192867994308472, 13162
9.193867921829224, 13161
9.193867921829224, 13160
9.193867921829224, 13159
9.193867921829224, 13158
9.193867921829224, 13157
9.193867921829224, 13156
9.193867921829224, 13155
9.193867921829224, 13154
9.193867921829224, 13153
9.193867921829224, 13152
9.193867921829224, 13151
9.193867921829224, 13150
9.193867921829224, 13149
9.193867921829224, 13148
9.194868564605713, 13147
9.194868564605713, 13146
9.194868564605713, 13145
9.194868564605713, 13144
9.194868564605713, 13143
9.194868564605713, 13142
9.194868564605713, 13141
9.194868564605713, 13140
9.194868564605713, 13139
9.194868564605713, 13138
9.194868564605713, 13137
9.194868564605713, 13136
9.194868564605713, 13135
9.195869207382202, 13134
9.195869207382202, 13133
9.195869207382202, 13132
9.195869207382202, 13131
9.195869207382202, 13130
9.195869207382202, 13129
9.195869207382202, 13128
9.195869207382202, 13127
9.195869207382202, 13126
9.195869207382202, 13125
9.195869207382202, 13124
9.195869207382202, 13123
9.195869207382202, 13122
9.196867227554321, 13121
9.196867227554321, 13120
9.196867227554321, 13119
9.196867227554321, 13118
9.196867227554321, 13117
9.196867227554321, 13116
9.196867227554321, 13115
9.196867227554321, 13114
9.196867227554321, 13106
9.196867227554321, 13105
9.196867227554321, 13104
9.196867227554321, 13103
9.196867227554321, 13102
9.196867227554321, 13101
9.197867155075073, 13100
9.197867155075073, 13099
9.197867155075073, 13098
9.197867155075073, 13097
9.197867155075073, 13096
