0.23632526397705078, 13979
0.23632526397705078, 13978
0.23632526397705078, 13977
0.23632526397705078, 13976
0.23632526397705078, 13975
0.23632526397705078, 13974
0.23732423782348633, 13973
0.23732423782348633, 13972
0.23732423782348633, 13971
0.23749732971191406, 13970
0.23749732971191406, 13969
0.23749732971191406, 13968
0.23749732971191406, 13967
0.23749732971191406, 13966
0.23749732971191406, 13965
0.23749732971191406, 13964
0.23749732971191406, 13963
0.23749732971191406, 13962
0.23749732971191406, 13961
0.23749732971191406, 13960
0.23749732971191406, 13959
0.23832464218139648, 13958
0.23832464218139648, 13957
0.23832464218139648, 13956
0.23832464218139648, 13955
0.23832464218139648, 13954
0.23832464218139648, 13953
0.23832464218139648, 13952
0.23832464218139648, 13951
0.23832464218139648, 13950
0.23832464218139648, 13949
0.23832464218139648, 13948
0.23832464218139648, 13947
0.23832464218139648, 13946
0.23832464218139648, 13945
0.23832464218139648, 13944
0.23832464218139648, 13943
0.23932337760925293, 13942
0.23932337760925293, 13941
0.23932337760925293, 13940
0.23932337760925293, 13939
0.23932337760925293, 13938
0.23932337760925293, 13937
0.23932337760925293, 13936
0.23932337760925293, 13935
0.23932337760925293, 13934
0.23932337760925293, 13933
0.23932337760925293, 13932
0.23932337760925293, 13931
0.23932337760925293, 13930
0.23932337760925293, 13929
0.23932337760925293, 13928
0.24032282829284668, 13927
0.24032282829284668, 13926
0.24032282829284668, 13925
0.24032282829284668, 13924
0.24032282829284668, 13923
0.24032282829284668, 13922
0.24032282829284668, 13921
0.24032282829284668, 13920
0.24032282829284668, 13919
0.24032282829284668, 13918
0.24032282829284668, 13917
0.24032282829284668, 13916
0.24032282829284668, 13915
0.24032282829284668, 13914
0.24132490158081055, 13913
0.24132490158081055, 13912
0.24132490158081055, 13911
0.24132490158081055, 13910
0.24132490158081055, 13909
0.24132490158081055, 13908
0.24132490158081055, 13907
0.24132490158081055, 13906
0.24132490158081055, 13905
0.24132490158081055, 13904
0.24132490158081055, 13903
0.24132490158081055, 13902
0.24132490158081055, 13901
0.24132490158081055, 13900
0.24232697486877441, 13899
0.24232697486877441, 13898
0.24232697486877441, 13897
0.24232697486877441, 13896
0.24232697486877441, 13895
0.24232697486877441, 13894
0.24232697486877441, 13893
0.24232697486877441, 13892
0.24232697486877441, 13891
0.24232697486877441, 13890
0.24232697486877441, 13889
0.24232697486877441, 13888
0.24232697486877441, 13887
0.24332714080810547, 13886
0.24332714080810547, 13885
0.24332714080810547, 13884
0.24332714080810547, 13883
0.24332714080810547, 13882
0.24332714080810547, 13881
0.24332714080810547, 13880
0.24332714080810547, 13879
0.24332714080810547, 13878
0.24332714080810547, 13877
0.24332714080810547, 13876
0.24332714080810547, 13875
0.24332714080810547, 13874
0.24332714080810547, 13873
0.2443249225616455, 13872
0.2443249225616455, 13871
0.2443249225616455, 13870
0.2443249225616455, 13869
0.2443249225616455, 13868
0.2443249225616455, 13867
0.2443249225616455, 13866
0.2443249225616455, 13865
0.2443249225616455, 13864
0.2443249225616455, 13863
0.2443249225616455, 13862
0.2443249225616455, 13861
0.2443249225616455, 13860
0.2443249225616455, 13859
0.24532508850097656, 13858
0.24532508850097656, 13857
0.24532508850097656, 13856
0.24532508850097656, 13855
0.24532508850097656, 13854
0.24532508850097656, 13853
0.24532508850097656, 13852
0.24532508850097656, 13851
0.24532508850097656, 13850
0.24532508850097656, 13849
0.2463245391845703, 13848
0.2463245391845703, 13847
0.2463245391845703, 13846
0.2463245391845703, 13845
0.2463245391845703, 13844
0.2463245391845703, 13843
0.2463245391845703, 13842
0.2463245391845703, 13841
0.2463245391845703, 13840
0.2463245391845703, 13839
0.2463245391845703, 13838
0.2463245391845703, 13837
0.24732375144958496, 13836
0.24732375144958496, 13835
0.24732375144958496, 13834
0.24732375144958496, 13833
0.24732375144958496, 13832
0.24732375144958496, 13831
0.24732375144958496, 13830
0.24732375144958496, 13829
0.24732375144958496, 13828
0.24732375144958496, 13827
0.24732375144958496, 13826
0.2483234405517578, 13825
0.2483234405517578, 13824
0.2483234405517578, 13823
0.2483234405517578, 13822
0.2483234405517578, 13821
0.2483234405517578, 13820
0.2483234405517578, 13819
0.2483234405517578, 13818
0.2483234405517578, 13817
0.2483234405517578, 13816
0.2483234405517578, 13815
0.2483234405517578, 13814
0.2483234405517578, 13813
0.24932336807250977, 13812
0.24932336807250977, 13811
0.24932336807250977, 13810
0.24932336807250977, 13809
0.24932336807250977, 13808
0.24932336807250977, 13807
0.24932336807250977, 13806
0.24932336807250977, 13805
0.24932336807250977, 13804
0.24932336807250977, 13803
0.24932336807250977, 13802
0.24932336807250977, 13801
0.24932336807250977, 13800
0.25032544136047363, 13799
0.25032544136047363, 13798
0.25032544136047363, 13797
0.25032544136047363, 13796
0.25032544136047363, 13795
0.25032544136047363, 13794
0.25032544136047363, 13793
0.25032544136047363, 13792
0.25032544136047363, 13791
0.25032544136047363, 13790
0.25032544136047363, 13789
0.25032544136047363, 13788
0.2513234615325928, 13787
0.2513234615325928, 13786
0.2513234615325928, 13785
0.2513234615325928, 13784
0.2513234615325928, 13783
0.2513234615325928, 13782
0.2513234615325928, 13781
0.2513234615325928, 13780
0.2513234615325928, 13779
0.2513234615325928, 13778
0.2513234615325928, 13777
0.2513234615325928, 13776
0.2513234615325928, 13775
0.25224781036376953, 13774
0.25224781036376953, 13773
0.25224781036376953, 13772
0.25224781036376953, 13771
0.25224781036376953, 13770
0.25224781036376953, 13769
0.25224781036376953, 13768
0.25224781036376953, 13767
0.25224781036376953, 13766
0.25224781036376953, 13765
0.25224781036376953, 13764
0.25224781036376953, 13763
0.25224781036376953, 13762
0.25325703620910645, 13761
0.25325703620910645, 13760
0.25325703620910645, 13759
0.25325703620910645, 13758
0.25325703620910645, 13757
0.25325703620910645, 13756
0.25325703620910645, 13755
0.25325703620910645, 13754
0.25325703620910645, 13753
0.25325703620910645, 13752
0.25325703620910645, 13751
0.25325703620910645, 13750
0.25325703620910645, 13749
0.25325703620910645, 13748
0.2542567253112793, 13747
0.2542567253112793, 13746
0.2542567253112793, 13745
0.2542567253112793, 13744
0.2542567253112793, 13743
0.2542567253112793, 13742
0.2542567253112793, 13741
0.2542567253112793, 13740
0.2542567253112793, 13739
0.2542567253112793, 13738
0.2542567253112793, 13737
0.2542567253112793, 13736
0.2542567253112793, 13735
0.2552621364593506, 13734
0.2552621364593506, 13733
0.2552621364593506, 13732
0.2552621364593506, 13731
0.2552621364593506, 13730
0.2552621364593506, 13729
0.2552621364593506, 13728
0.2552621364593506, 13727
0.2552621364593506, 13726
0.2552621364593506, 13725
0.2552621364593506, 13724
0.2552621364593506, 13723
0.2552621364593506, 13722
0.25626230239868164, 13721
0.25626230239868164, 13720
0.25626230239868164, 13719
0.25626230239868164, 13718
0.25626230239868164, 13717
0.25626230239868164, 13716
0.25626230239868164, 13715
0.25626230239868164, 13714
0.25626230239868164, 13713
0.25626230239868164, 13712
0.25626230239868164, 13711
0.25626230239868164, 13710
0.25626230239868164, 13709
0.2572600841522217, 13708
0.2572600841522217, 13707
0.2572600841522217, 13706
0.2572600841522217, 13705
0.2572600841522217, 13704
0.2572600841522217, 13703
0.2572600841522217, 13702
0.2572600841522217, 13701
0.2572600841522217, 13700
0.2572600841522217, 13699
0.2572600841522217, 13698
0.2572600841522217, 13697
0.2572600841522217, 13696
0.25825953483581543, 13695
0.25825953483581543, 13694
0.25825953483581543, 13693
0.25825953483581543, 13692
0.25825953483581543, 13691
0.25825953483581543, 13690
0.25825953483581543, 13689
0.25825953483581543, 13688
0.25825953483581543, 13687
0.25825953483581543, 13686
0.25825953483581543, 13685
0.25825953483581543, 13684
0.25825953483581543, 13683
0.2592625617980957, 13682
0.2592625617980957, 13681
0.2592625617980957, 13680
0.2592625617980957, 13679
0.2592625617980957, 13678
0.2592625617980957, 13677
0.2592625617980957, 13676
0.2592625617980957, 13675
0.2592625617980957, 13674
0.2592625617980957, 13673
0.2592625617980957, 13672
0.2592625617980957, 13671
0.2592625617980957, 13670
0.26026201248168945, 13669
0.26026201248168945, 13668
0.26026201248168945, 13667
0.26026201248168945, 13666
0.26026201248168945, 13665
0.26026201248168945, 13664
0.26026201248168945, 13663
0.26026201248168945, 13662
0.26026201248168945, 13661
0.26026201248168945, 13660
0.26026201248168945, 13659
0.26026201248168945, 13658
0.26026201248168945, 13657
0.2612590789794922, 13656
0.2612590789794922, 13655
0.2612590789794922, 13654
0.2612590789794922, 13653
0.2612590789794922, 13652
0.2612590789794922, 13651
0.2612590789794922, 13650
0.2612590789794922, 13649
0.2612590789794922, 13648
0.2612590789794922, 13647
0.49515843391418457, 13646
0.49515843391418457, 13645
0.49515843391418457, 13644
0.49515843391418457, 13643
0.49515843391418457, 13642
0.49515843391418457, 13641
0.49515843391418457, 13640
0.49515843391418457, 13639
0.9981510639190674, 10427
0.9981510639190674, 10426
0.9991562366485596, 10425
0.9991562366485596, 10424
0.9991562366485596, 10423
0.9991562366485596, 10422
0.9991562366485596, 10421
0.9991562366485596, 10420
1.0001521110534668, 10419
1.0001521110534668, 10418
1.0001521110534668, 10417
1.0001521110534668, 10416
1.0001521110534668, 10415
1.0001521110534668, 10414
1.0001521110534668, 10413
1.001150369644165, 10412
1.001150369644165, 10411
1.001150369644165, 10410
1.001150369644165, 10409
1.001150369644165, 10408
1.001150369644165, 10407
1.001150369644165, 10406
1.0021936893463135, 10405
1.0021936893463135, 10404
1.0021936893463135, 10403
1.0021936893463135, 10402
1.0021936893463135, 10401
1.0021936893463135, 10400
1.0021936893463135, 10399
1.0021936893463135, 10398
1.0031962394714355, 10397
1.0031962394714355, 10396
1.0031962394714355, 10395
1.0031962394714355, 10394
1.0031962394714355, 10393
1.0031962394714355, 10392
1.0031962394714355, 10391
1.0041964054107666, 10390
1.0041964054107666, 10389
1.0041964054107666, 10388
1.0041964054107666, 10387
1.0041964054107666, 10386
1.0041964054107666, 10385
1.0051980018615723, 10384
1.0051980018615723, 10383
1.0051980018615723, 10382
1.0051980018615723, 10381
1.0051980018615723, 10380
1.0051980018615723, 10379
1.0051980018615723, 10378
1.0061955451965332, 10377
1.0061955451965332, 10376
1.0061955451965332, 10375
1.0061955451965332, 10374
1.0061955451965332, 10373
1.0061955451965332, 10372
1.0061955451965332, 10371
1.0071942806243896, 10370
1.0071942806243896, 10369
1.0071942806243896, 10368
1.0071942806243896, 10367
1.0071942806243896, 10366
1.0071942806243896, 10365
1.0081946849822998, 10364
1.0081946849822998, 10363
1.0081946849822998, 10362
1.0081946849822998, 10361
1.0081946849822998, 10360
1.0081946849822998, 10359
1.0081946849822998, 10358
1.009199857711792, 10357
1.009199857711792, 10356
1.009199857711792, 10355
1.009199857711792, 10354
1.009199857711792, 10353
1.009199857711792, 10352
1.0101983547210693, 10351
1.0101983547210693, 10350
1.0101983547210693, 10349
1.0101983547210693, 10348
1.0101983547210693, 10347
1.0101983547210693, 10346
1.0101983547210693, 10345
1.0101983547210693, 10344
1.0111949443817139, 10343
1.0111949443817139, 10342
1.0111949443817139, 10341
1.0111949443817139, 10340
1.0111949443817139, 10339
1.0111949443817139, 10338
1.0111949443817139, 10337
1.0111949443817139, 10336
1.0111949443817139, 10335
1.0111949443817139, 10334
1.0121958255767822, 10333
1.0121958255767822, 10332
1.0121958255767822, 10331
1.0121958255767822, 10330
1.0121958255767822, 10329
1.0121958255767822, 10328
1.0131962299346924, 10327
1.0131962299346924, 10326
1.0131962299346924, 10325
1.0131962299346924, 10324
1.0131962299346924, 10323
1.0131962299346924, 10322
1.0141963958740234, 10321
1.0141963958740234, 10320
1.0141963958740234, 10319
1.0141963958740234, 10318
1.0141963958740234, 10317
1.0141963958740234, 10316
1.0141963958740234, 10315
1.0151948928833008, 10314
1.0151948928833008, 10313
1.0151948928833008, 10312
1.0151948928833008, 10311
1.0151948928833008, 10310
1.0151948928833008, 10309
1.0151948928833008, 10308
1.0151948928833008, 10307
1.0161945819854736, 10306
1.0161945819854736, 10305
1.0161945819854736, 10304
1.0161945819854736, 10303
1.0161945819854736, 10302
1.0161945819854736, 10301
1.0161945819854736, 10300
1.0161945819854736, 10299
1.0171942710876465, 10298
1.0171942710876465, 10297
1.0171942710876465, 10296
1.0171942710876465, 10295
1.0171942710876465, 10294
1.0171942710876465, 10293
1.0171942710876465, 10292
1.0171942710876465, 10291
1.0181941986083984, 10290
1.0181941986083984, 10289
1.0181941986083984, 10288
1.0181941986083984, 10287
1.0181941986083984, 10286
1.0181941986083984, 10285
1.0181941986083984, 10284
1.019195318222046, 10283
1.019195318222046, 10282
1.019195318222046, 10281
1.019195318222046, 10280
1.019195318222046, 10279
1.019195318222046, 10278
1.019195318222046, 10277
1.019195318222046, 10276
1.019195318222046, 10275
1.0201950073242188, 10274
1.0201950073242188, 10273
1.0201950073242188, 10272
1.0201950073242188, 10271
1.0201950073242188, 10270
1.0201950073242188, 10269
1.0201950073242188, 10268
1.0201950073242188, 10267
1.0201950073242188, 10266
1.0201950073242188, 10265
1.0201950073242188, 10264
1.0201950073242188, 10263
1.0215632915496826, 10262
1.0215632915496826, 10261
1.0215632915496826, 10260
1.0215632915496826, 10259
1.0215632915496826, 10258
1.0215632915496826, 10257
1.0215632915496826, 10256
1.0215632915496826, 10255
1.0225763320922852, 10254
1.0225763320922852, 10253
1.0225763320922852, 10252
1.0225763320922852, 10251
1.0225763320922852, 10250
1.0225763320922852, 10249
1.0225763320922852, 10248
1.0225763320922852, 10247
1.0225763320922852, 10246
1.0235741138458252, 10245
1.0235741138458252, 10244
1.0235741138458252, 10243
1.0235741138458252, 10242
1.0235741138458252, 10241
1.0235741138458252, 10240
1.02457594871521, 10239
1.02457594871521, 10238
1.02457594871521, 10237
1.02457594871521, 10236
1.02457594871521, 10235
1.02457594871521, 10234
1.02457594871521, 10233
1.02457594871521, 10232
1.0255742073059082, 10231
1.0255742073059082, 10230
1.0255742073059082, 10229
1.0255742073059082, 10228
1.0255742073059082, 10227
1.0255742073059082, 10226
1.0255742073059082, 10225
1.0255742073059082, 10224
1.0255742073059082, 10223
1.0265755653381348, 10222
1.0265755653381348, 10221
1.0265755653381348, 10220
1.0265755653381348, 10219
1.0265755653381348, 10218
1.0265755653381348, 10217
1.0265755653381348, 10216
1.0265755653381348, 10215
1.0265755653381348, 10214
1.0265755653381348, 10213
1.0275754928588867, 10212
1.0275754928588867, 10211
1.0275754928588867, 10210
1.0275754928588867, 10209
1.0275754928588867, 10208
1.0275754928588867, 10207
1.0275754928588867, 10206
1.0275754928588867, 10205
1.0275754928588867, 10204
1.0275754928588867, 10203
1.0275754928588867, 10202
1.0275754928588867, 10201
1.0275754928588867, 10200
1.028576135635376, 10199
1.028576135635376, 10198
1.028576135635376, 10197
1.028576135635376, 10196
1.028576135635376, 10195
1.028576135635376, 10194
1.0295753479003906, 10193
1.0295753479003906, 10192
1.0295753479003906, 10191
1.0295753479003906, 10190
1.0295753479003906, 10189
1.0295753479003906, 10188
1.0295753479003906, 10187
1.0305752754211426, 10186
1.0305752754211426, 10185
1.0305752754211426, 10184
1.0305752754211426, 10183
1.0305752754211426, 10182
1.0305752754211426, 10181
1.0305752754211426, 10180
1.0305752754211426, 10179
1.0315752029418945, 10178
1.0315752029418945, 10177
1.0315752029418945, 10176
1.0315752029418945, 10175
1.0315752029418945, 10174
1.0315752029418945, 10173
1.0315752029418945, 10172
1.0315752029418945, 10171
1.032573938369751, 10170
1.032573938369751, 10169
1.032573938369751, 10168
1.032573938369751, 10167
1.032573938369751, 10166
1.032573938369751, 10165
1.032573938369751, 10164
1.032573938369751, 10163
1.0335745811462402, 10162
1.0335745811462402, 10161
1.0335745811462402, 10160
1.0335745811462402, 10159
1.0335745811462402, 10158
1.0335745811462402, 10157
1.0335745811462402, 10156
1.0335745811462402, 10155
1.034574031829834, 10154
1.034574031829834, 10153
1.034574031829834, 10152
1.034574031829834, 10151
1.034574031829834, 10150
1.034574031829834, 10149
1.034574031829834, 10148
1.034574031829834, 10147
1.034574031829834, 10146
1.0355751514434814, 10145
1.0355751514434814, 10144
1.0355751514434814, 10143
1.0355751514434814, 10142
1.0355751514434814, 10141
1.0355751514434814, 10140
1.0355751514434814, 10139
1.0355751514434814, 10138
1.0355751514434814, 10137
1.0365746021270752, 10136
1.0365746021270752, 10135
1.0365746021270752, 10134
1.0365746021270752, 10133
1.0365746021270752, 10132
1.0365746021270752, 10131
1.0365746021270752, 10130
1.0365746021270752, 10129
1.0375754833221436, 10128
1.0375754833221436, 10127
1.0375754833221436, 10126
1.0375754833221436, 10125
1.0375754833221436, 10124
1.0375754833221436, 10123
1.0375754833221436, 10122
1.0375754833221436, 10121
1.0385749340057373, 10120
1.0385749340057373, 10119
1.0385749340057373, 10118
1.0385749340057373, 10117
1.0385749340057373, 10116
1.0385749340057373, 10115
1.0385749340057373, 10114
1.0385749340057373, 10113
1.0395734310150146, 10112
1.0397040843963623, 10111
1.0397040843963623, 10110
1.0397040843963623, 10109
1.0397040843963623, 10108
1.0397040843963623, 10107
1.0397040843963623, 10106
1.0397040843963623, 10105
1.0397040843963623, 10104
1.0405769348144531, 10103
1.0405769348144531, 10102
1.0405769348144531, 10101
1.0405769348144531, 10100
1.0405769348144531, 10099
1.0405769348144531, 10098
1.0415754318237305, 10097
1.0415754318237305, 10096
1.0415754318237305, 10095
1.0415754318237305, 10094
1.0415754318237305, 10093
1.0415754318237305, 10092
1.0415754318237305, 10091
1.0425772666931152, 10090
1.0425772666931152, 10089
1.0425772666931152, 10088
1.0425772666931152, 10087
1.0425772666931152, 10086
1.0425772666931152, 10085
1.0425772666931152, 10084
1.0425772666931152, 10083
1.0435760021209717, 10082
1.0435760021209717, 10081
1.0435760021209717, 10080
1.0435760021209717, 10079
1.0435760021209717, 10078
1.0435760021209717, 10077
1.0435760021209717, 10076
1.0445737838745117, 10075
1.0445737838745117, 10074
1.0445737838745117, 10073
1.0445737838745117, 10072
1.0445737838745117, 10071
1.0445737838745117, 10070
1.0445737838745117, 10069
1.0455780029296875, 10068
1.0455780029296875, 10067
1.0455780029296875, 10066
1.0455780029296875, 10065
1.0455780029296875, 10064
1.0455780029296875, 10063
1.0455780029296875, 10062
1.0455780029296875, 10061
1.046574592590332, 10060
1.046574592590332, 10059
1.046574592590332, 10058
1.046574592590332, 10057
1.046574592590332, 10056
1.046574592590332, 10055
1.046574592590332, 10054
1.0475728511810303, 10053
1.0475728511810303, 10052
1.0475728511810303, 10051
1.0475728511810303, 10050
1.0475728511810303, 10049
1.0475728511810303, 10048
1.0475728511810303, 10047
1.0475728511810303, 10046
1.0485756397247314, 10045
1.0485756397247314, 10044
1.0485756397247314, 10043
1.0485756397247314, 10042
1.0485756397247314, 10041
1.0485756397247314, 10040
1.0485756397247314, 10039
1.0495758056640625, 10038
1.0495758056640625, 10037
1.0495758056640625, 10036
1.0495758056640625, 10035
1.0495758056640625, 10034
1.0495758056640625, 10033
1.0495758056640625, 10032
1.0505735874176025, 10031
1.0505735874176025, 10030
1.0505735874176025, 10029
1.0505735874176025, 10028
1.0505735874176025, 10027
1.0505735874176025, 10026
1.0505735874176025, 10025
1.0515751838684082, 10024
1.0515751838684082, 10023
1.0515751838684082, 10022
1.0515751838684082, 10021
1.0515751838684082, 10020
1.0515751838684082, 10019
1.0515751838684082, 10018
1.0525736808776855, 10017
1.0525736808776855, 10016
1.0525736808776855, 10015
1.0525736808776855, 10014
1.0525736808776855, 10013
1.0525736808776855, 10012
1.0525736808776855, 10011
1.0525736808776855, 10010
1.053574800491333, 10009
1.053574800491333, 10008
1.053574800491333, 10007
1.053574800491333, 10006
1.053574800491333, 10005
1.053574800491333, 10004
1.053574800491333, 10003
1.053574800491333, 10002
1.0545744895935059, 10001
1.0545744895935059, 10000
1.0545744895935059, 9999
1.0545744895935059, 9998
1.0545744895935059, 9997
1.0545744895935059, 9996
1.0555753707885742, 9995
1.0555753707885742, 9994
1.0555753707885742, 9993
1.0555753707885742, 9992
1.0555753707885742, 9991
1.0555753707885742, 9990
1.056577205657959, 9989
1.056577205657959, 9988
1.056577205657959, 9987
1.056577205657959, 9986
1.056577205657959, 9985
1.056577205657959, 9984
1.056577205657959, 9983
1.0575766563415527, 9982
1.0575766563415527, 9981
1.0575766563415527, 9980
1.0575766563415527, 9979
1.0575766563415527, 9978
1.0575766563415527, 9977
1.0575766563415527, 9976
1.0585763454437256, 9975
1.0585763454437256, 9974
1.0585763454437256, 9973
1.0585763454437256, 9972
1.0585763454437256, 9971
1.0585763454437256, 9970
1.0585763454437256, 9969
1.0595765113830566, 9968
1.0595765113830566, 9967
1.0595765113830566, 9966
1.0595765113830566, 9965
1.0595765113830566, 9964
1.0595765113830566, 9963
1.0595765113830566, 9962
1.0595765113830566, 9961
1.060577630996704, 9960
1.060577630996704, 9959
1.060577630996704, 9958
1.060577630996704, 9957
1.060577630996704, 9956
1.060577630996704, 9955
1.060577630996704, 9954
1.0615794658660889, 9953
1.0615794658660889, 9952
1.0615794658660889, 9951
1.0615794658660889, 9950
1.0615794658660889, 9949
1.0615794658660889, 9948
1.0615794658660889, 9947
1.0615794658660889, 9946
1.0615794658660889, 9945
1.0615794658660889, 9944
1.0625770092010498, 9943
1.0625770092010498, 9942
1.0625770092010498, 9941
1.0625770092010498, 9940
1.0625770092010498, 9939
1.0625770092010498, 9938
1.0625770092010498, 9937
1.0635757446289062, 9936
1.0635757446289062, 9935
1.0635757446289062, 9934
1.0635757446289062, 9933
1.0635757446289062, 9932
1.0635757446289062, 9931
1.0645759105682373, 9930
1.0645759105682373, 9929
1.0645759105682373, 9928
1.0648796558380127, 9927
1.0648796558380127, 9926
1.0648796558380127, 9925
1.0648796558380127, 9924
1.0648796558380127, 9923
1.0648796558380127, 9922
1.0648796558380127, 9921
1.0655736923217773, 9920
1.0655736923217773, 9919
1.0655736923217773, 9918
1.0655736923217773, 9917
1.0655736923217773, 9916
1.0655736923217773, 9915
1.0655736923217773, 9914
1.0655736923217773, 9913
1.0655736923217773, 9912
1.0665788650512695, 9911
1.0665788650512695, 9910
1.0665788650512695, 9909
1.0665788650512695, 9908
1.0665788650512695, 9907
1.0665788650512695, 9906
1.0665788650512695, 9905
1.0665788650512695, 9904
1.0665788650512695, 9903
1.0665788650512695, 9902
1.067575216293335, 9901
1.067575216293335, 9900
1.067575216293335, 9899
1.067575216293335, 9898
1.067575216293335, 9897
1.067575216293335, 9896
1.0685794353485107, 9895
1.0685794353485107, 9894
1.0685794353485107, 9893
1.0685794353485107, 9892
1.0685794353485107, 9891
1.0695791244506836, 9890
1.0695791244506836, 9889
1.0695791244506836, 9888
1.0695791244506836, 9887
1.0695791244506836, 9886
1.0695791244506836, 9885
1.0695791244506836, 9884
1.0695791244506836, 9883
1.070577621459961, 9882
1.070577621459961, 9881
1.070577621459961, 9880
1.070577621459961, 9879
1.070577621459961, 9878
1.070577621459961, 9877
1.070577621459961, 9876
1.0715808868408203, 9875
1.0715808868408203, 9874
1.0715808868408203, 9873
1.0715808868408203, 9872
1.0715808868408203, 9871
1.0715808868408203, 9870
1.0715808868408203, 9869
1.0715808868408203, 9868
1.0715808868408203, 9867
1.0725765228271484, 9866
1.0725765228271484, 9865
1.0725765228271484, 9864
1.0725765228271484, 9863
1.0725765228271484, 9862
1.0725765228271484, 9861
1.0725765228271484, 9860
1.0725765228271484, 9859
1.0735774040222168, 9858
1.0735774040222168, 9857
1.0735774040222168, 9856
1.0735774040222168, 9855
1.0735774040222168, 9854
1.0735774040222168, 9853
1.0735774040222168, 9852
1.0735774040222168, 9851
1.0735774040222168, 9850
1.0745759010314941, 9849
1.0745759010314941, 9848
1.0745759010314941, 9847
1.0745759010314941, 9846
1.0745759010314941, 9845
1.0745759010314941, 9844
1.0745759010314941, 9843
1.0755743980407715, 9842
1.0755743980407715, 9841
1.0755743980407715, 9840
1.0755743980407715, 9839
1.0755743980407715, 9838
1.0755743980407715, 9837
1.0755743980407715, 9836
1.0765752792358398, 9835
1.0765752792358398, 9834
