0.1932203769683838, 14050
0.1932203769683838, 14049
0.19422197341918945, 14048
0.19422197341918945, 14047
0.19422197341918945, 14046
0.19422197341918945, 14045
0.19422197341918945, 14044
0.19422197341918945, 14043
0.19422197341918945, 14042
0.19422197341918945, 14041
0.19422197341918945, 14040
0.19422197341918945, 14039
0.19422197341918945, 14038
0.19422197341918945, 14037
0.19422197341918945, 14036
0.19422197341918945, 14035
0.19422197341918945, 14034
0.19422197341918945, 14033
0.195220947265625, 14032
0.195220947265625, 14031
0.195220947265625, 14030
0.195220947265625, 14029
0.195220947265625, 14028
0.195220947265625, 14027
0.195220947265625, 14026
0.195220947265625, 14025
0.195220947265625, 14024
0.195220947265625, 14023
0.195220947265625, 14022
0.195220947265625, 14021
0.195220947265625, 14020
0.195220947265625, 14019
0.195220947265625, 14018
0.19622063636779785, 14017
0.19622063636779785, 14016
0.19622063636779785, 14015
0.19622063636779785, 14014
0.19622063636779785, 14013
0.19622063636779785, 14012
0.19622063636779785, 14011
0.19622063636779785, 14010
0.19622063636779785, 14009
0.19622063636779785, 14008
0.19622063636779785, 14007
0.19622063636779785, 14006
0.19622063636779785, 14005
0.19622063636779785, 14004
0.19622063636779785, 14003
0.19725775718688965, 14002
0.19725775718688965, 14001
0.19725775718688965, 14000
0.19725775718688965, 13999
0.19725775718688965, 13998
0.19725775718688965, 13997
0.19725775718688965, 13996
0.19725775718688965, 13995
0.19725775718688965, 13994
0.19725775718688965, 13993
0.19725775718688965, 13992
0.19725775718688965, 13991
0.19725775718688965, 13990
0.19725775718688965, 13989
0.19725775718688965, 13988
0.1982572078704834, 13987
0.1982572078704834, 13986
0.1982572078704834, 13985
0.1982572078704834, 13984
0.1982572078704834, 13983
0.1982572078704834, 13982
0.1982572078704834, 13981
0.1982572078704834, 13980
0.1982572078704834, 13979
0.1982572078704834, 13978
0.1982572078704834, 13977
0.1982572078704834, 13976
0.1982572078704834, 13975
0.1982572078704834, 13974
0.1982572078704834, 13973
0.19925689697265625, 13972
0.19925689697265625, 13971
0.19925689697265625, 13970
0.19925689697265625, 13969
0.19925689697265625, 13968
0.19925689697265625, 13967
0.19925689697265625, 13966
0.19925689697265625, 13965
0.19925689697265625, 13964
0.19925689697265625, 13963
0.19925689697265625, 13962
0.19925689697265625, 13961
0.19925689697265625, 13960
0.19925689697265625, 13959
0.19925689697265625, 13958
0.2002573013305664, 13957
0.2002573013305664, 13956
0.2002573013305664, 13955
0.2002573013305664, 13954
0.2002573013305664, 13953
0.2002573013305664, 13952
0.2002573013305664, 13951
0.2002573013305664, 13950
0.2002573013305664, 13949
0.2002573013305664, 13948
0.2002573013305664, 13947
0.2002573013305664, 13946
0.2002573013305664, 13945
0.2002573013305664, 13944
0.2002573013305664, 13943
0.20125722885131836, 13942
0.20125722885131836, 13941
0.20125722885131836, 13940
0.20125722885131836, 13939
0.20125722885131836, 13938
0.20125722885131836, 13937
0.20125722885131836, 13936
0.20125722885131836, 13935
0.20125722885131836, 13934
0.20125722885131836, 13933
0.20125722885131836, 13932
0.20125722885131836, 13931
0.20125722885131836, 13930
0.20125722885131836, 13929
0.20125722885131836, 13928
0.20125722885131836, 13927
0.2022571563720703, 13926
0.2022571563720703, 13925
0.2022571563720703, 13924
0.2022571563720703, 13923
0.2022571563720703, 13922
0.2022571563720703, 13921
0.2022571563720703, 13920
0.2022571563720703, 13919
0.2022571563720703, 13918
0.2022571563720703, 13917
0.2022571563720703, 13916
0.2022571563720703, 13915
0.2022571563720703, 13914
0.2022571563720703, 13913
0.2022571563720703, 13912
0.20325708389282227, 13911
0.20325708389282227, 13910
0.20325708389282227, 13909
0.20325708389282227, 13908
0.20325708389282227, 13907
0.20325708389282227, 13906
0.20325708389282227, 13905
0.20325708389282227, 13904
0.20325708389282227, 13903
0.20325708389282227, 13902
0.20325708389282227, 13901
0.20325708389282227, 13900
0.20325708389282227, 13899
0.20325708389282227, 13898
0.20325708389282227, 13897
0.20425701141357422, 13896
0.20425701141357422, 13895
0.20425701141357422, 13894
0.20425701141357422, 13893
0.20425701141357422, 13892
0.20425701141357422, 13891
0.20425701141357422, 13890
0.20425701141357422, 13889
0.20425701141357422, 13888
0.20425701141357422, 13887
0.20425701141357422, 13886
0.20425701141357422, 13885
0.20425701141357422, 13884
0.20425701141357422, 13883
0.20425701141357422, 13882
0.20525717735290527, 13881
0.20525717735290527, 13880
0.20525717735290527, 13879
0.20525717735290527, 13878
0.20525717735290527, 13877
0.20525717735290527, 13876
0.20525717735290527, 13875
0.20525717735290527, 13874
0.41783833503723145, 13873
0.41783833503723145, 13872
0.4181222915649414, 13871
0.4181222915649414, 13870
0.4181222915649414, 13869
0.4181222915649414, 13868
0.4181222915649414, 13867
0.4181222915649414, 13866
0.4181222915649414, 13865
0.4181222915649414, 13864
0.4181222915649414, 13863
0.4181222915649414, 13862
0.4181222915649414, 13861
0.4181222915649414, 13860
0.4181222915649414, 13859
0.4181222915649414, 13858
0.4181222915649414, 13857
0.41912198066711426, 13856
0.41912198066711426, 13855
0.41912198066711426, 13854
0.41912198066711426, 13853
0.41912198066711426, 13852
0.41912198066711426, 13851
0.41912198066711426, 13850
0.41912198066711426, 13849
0.41912198066711426, 13848
0.41912198066711426, 13847
0.41912198066711426, 13846
0.41912198066711426, 13845
0.41912198066711426, 13844
0.41912198066711426, 13843
0.41912198066711426, 13842
0.4201226234436035, 13841
0.4201226234436035, 13840
0.4201226234436035, 13839
0.4201226234436035, 13838
0.4201226234436035, 13837
0.4201226234436035, 13836
0.4201226234436035, 13835
0.4201226234436035, 13834
0.4201226234436035, 13833
0.4201226234436035, 13832
0.4201226234436035, 13831
0.4201226234436035, 13830
0.4201226234436035, 13829
0.4201226234436035, 13828
0.4201226234436035, 13827
0.42112207412719727, 13826
0.42112207412719727, 13825
0.42112207412719727, 13824
0.42112207412719727, 13823
0.42112207412719727, 13822
0.42112207412719727, 13821
0.42112207412719727, 13820
0.42112207412719727, 13819
0.42112207412719727, 13818
0.42112207412719727, 13817
0.42112207412719727, 13816
0.42112207412719727, 13815
0.42112207412719727, 13814
0.42112207412719727, 13813
0.42112207412719727, 13812
0.4221217632293701, 13811
0.4221217632293701, 13810
0.4221217632293701, 13809
0.4221217632293701, 13808
0.4221217632293701, 13807
0.4221217632293701, 13806
0.4221217632293701, 13805
0.4221217632293701, 13804
0.4221217632293701, 13803
0.4221217632293701, 13802
0.4221217632293701, 13801
0.4221217632293701, 13800
0.4221217632293701, 13799
0.4221217632293701, 13798
0.4221217632293701, 13797
0.4231221675872803, 13796
0.4231221675872803, 13795
0.4231221675872803, 13794
0.4231221675872803, 13793
0.4231221675872803, 13792
0.4231221675872803, 13791
0.4231221675872803, 13790
0.4231221675872803, 13789
0.4231221675872803, 13788
0.4231221675872803, 13787
0.4231221675872803, 13786
0.4231221675872803, 13785
0.4231221675872803, 13784
0.4231221675872803, 13783
0.42412233352661133, 13782
0.42412233352661133, 13781
0.42412233352661133, 13780
0.42412233352661133, 13779
0.42412233352661133, 13778
0.42412233352661133, 13777
0.42412233352661133, 13776
0.42412233352661133, 13775
0.42412233352661133, 13774
0.42412233352661133, 13773
0.42412233352661133, 13772
0.42412233352661133, 13771
0.42412233352661133, 13770
0.42412233352661133, 13769
0.42412233352661133, 13768
0.4251220226287842, 13767
0.4251220226287842, 13766
0.4251220226287842, 13765
0.4251220226287842, 13764
0.4251220226287842, 13763
0.4251220226287842, 13762
0.4251220226287842, 13761
0.4251220226287842, 13760
0.4251220226287842, 13759
0.4251220226287842, 13758
0.4251220226287842, 13757
0.4251220226287842, 13756
0.4251220226287842, 13755
0.4260590076446533, 13754
0.4260590076446533, 13753
0.4260590076446533, 13752
0.4260590076446533, 13751
0.4260590076446533, 13750
0.4260590076446533, 13749
0.4260590076446533, 13748
0.4260590076446533, 13747
0.4260590076446533, 13746
0.4260590076446533, 13745
0.4260590076446533, 13744
0.4260590076446533, 13743
0.4260590076446533, 13742
0.4260590076446533, 13741
0.4260590076446533, 13740
0.42706751823425293, 13739
0.42706751823425293, 13738
0.617229700088501, 13737
0.617229700088501, 13736
0.617229700088501, 13735
0.617229700088501, 13734
0.617229700088501, 13733
0.617229700088501, 13732
0.617229700088501, 13731
0.617229700088501, 13730
0.617229700088501, 13729
0.617229700088501, 13728
0.617229700088501, 13727
0.617229700088501, 13726
0.617229700088501, 13725
0.617229700088501, 13724
0.6182296276092529, 13723
0.6182296276092529, 13722
0.6182296276092529, 13721
0.6182296276092529, 13720
0.6182296276092529, 13719
0.6182296276092529, 13718
0.6182296276092529, 13717
0.6182296276092529, 13716
0.6182296276092529, 13715
0.6182296276092529, 13714
0.6182296276092529, 13713
0.6182296276092529, 13712
0.6182296276092529, 13711
0.6182296276092529, 13710
0.6192290782928467, 13709
0.6192290782928467, 13708
0.6192290782928467, 13707
0.6192290782928467, 13706
0.6192290782928467, 13705
0.6192290782928467, 13704
0.6192290782928467, 13703
0.6192290782928467, 13702
0.6192290782928467, 13701
0.6192290782928467, 13700
0.6192290782928467, 13699
0.6192290782928467, 13698
0.6192290782928467, 13697
0.6192290782928467, 13696
0.6192290782928467, 13695
0.6202292442321777, 13694
0.6202292442321777, 13693
0.6202292442321777, 13692
0.6202292442321777, 13691
0.6202292442321777, 13690
0.6202292442321777, 13689
0.6202292442321777, 13688
0.6202292442321777, 13687
0.6202292442321777, 13686
0.6202292442321777, 13685
0.6202292442321777, 13684
0.6202292442321777, 13683
0.6202292442321777, 13682
0.6202292442321777, 13681
0.6202292442321777, 13680
0.6212193965911865, 13679
0.6212193965911865, 13678
0.6212193965911865, 13677
0.6212193965911865, 13676
0.6212193965911865, 13675
0.6212193965911865, 13674
0.6212193965911865, 13673
0.6212193965911865, 13672
0.6212193965911865, 13671
0.6212193965911865, 13670
0.6212193965911865, 13669
0.6212193965911865, 13668
0.6212193965911865, 13667
0.6212193965911865, 13666
0.6212193965911865, 13665
0.6212193965911865, 13664
0.6222288608551025, 13663
0.6222288608551025, 13662
0.6222288608551025, 13661
0.6222288608551025, 13660
0.6222288608551025, 13659
0.6222288608551025, 13658
0.6222288608551025, 13657
0.6222288608551025, 13656
0.6222288608551025, 13655
0.6222288608551025, 13654
0.6222288608551025, 13653
0.6222288608551025, 13652
0.6222288608551025, 13651
0.6222288608551025, 13650
0.6222288608551025, 13649
0.6232290267944336, 13648
0.6232290267944336, 13647
0.6232290267944336, 13646
0.6232290267944336, 13645
0.6232290267944336, 13644
0.6232290267944336, 13643
0.6232290267944336, 13642
0.6232290267944336, 13641
0.6232290267944336, 13640
0.6232290267944336, 13639
0.6232290267944336, 13638
0.6232290267944336, 13637
0.6240549087524414, 13636
0.6240549087524414, 13635
0.6240549087524414, 13634
0.6242289543151855, 13633
0.6242289543151855, 13632
0.6242289543151855, 13631
0.6242289543151855, 13630
0.6242289543151855, 13629
0.6242289543151855, 13628
0.6242289543151855, 13627
0.6242289543151855, 13626
0.6242289543151855, 13625
0.6242289543151855, 13624
0.6242289543151855, 13623
0.6242289543151855, 13622
0.6242289543151855, 13621
0.6242289543151855, 13620
0.6242289543151855, 13619
0.6252288818359375, 13618
0.6252288818359375, 13617
0.6252288818359375, 13616
0.6252288818359375, 13615
0.6252288818359375, 13614
0.6252288818359375, 13613
0.6252288818359375, 13612
0.6252288818359375, 13611
0.6252288818359375, 13610
0.6252288818359375, 13609
0.6252288818359375, 13608
0.6252288818359375, 13607
0.6252288818359375, 13606
0.6252288818359375, 13605
0.6252288818359375, 13604
0.6262290477752686, 13603
0.6262290477752686, 13602
0.6262290477752686, 13601
0.6262290477752686, 13600
0.6262290477752686, 13599
0.6262290477752686, 13598
0.6262290477752686, 13597
0.6262290477752686, 13596
0.6262290477752686, 13595
0.6262290477752686, 13594
0.6262290477752686, 13593
0.6262290477752686, 13592
0.6262290477752686, 13591
0.6262290477752686, 13590
0.6262290477752686, 13589
0.6272523403167725, 13588
0.6272523403167725, 13587
0.6272523403167725, 13586
0.6272523403167725, 13585
0.6272523403167725, 13584
0.6272523403167725, 13583
0.6272523403167725, 13582
0.6272523403167725, 13581
0.6272523403167725, 13580
0.6272523403167725, 13579
0.6272523403167725, 13578
0.6272523403167725, 13577
0.6272523403167725, 13576
0.6272523403167725, 13575
0.6272523403167725, 13574
0.6282522678375244, 13573
0.6282522678375244, 13572
0.6282522678375244, 13571
0.6282522678375244, 13570
0.6282522678375244, 13569
0.6282522678375244, 13568
0.6282522678375244, 13567
0.6282522678375244, 13566
0.6282522678375244, 13565
0.6282522678375244, 13564
0.6282522678375244, 13563
0.6282522678375244, 13562
0.6292538642883301, 13561
0.6292538642883301, 13560
0.6292538642883301, 13559
0.6292538642883301, 13558
0.6292538642883301, 13557
0.6292538642883301, 13556
0.6292538642883301, 13555
0.6292538642883301, 13554
0.6292538642883301, 13553
0.6292538642883301, 13552
0.6292538642883301, 13551
0.6292538642883301, 13550
0.6292538642883301, 13549
0.6292538642883301, 13548
0.6292538642883301, 13547
0.6302523612976074, 13546
0.6302523612976074, 13545
0.6302523612976074, 13544
0.6302523612976074, 13543
0.6302523612976074, 13542
0.6302523612976074, 13541
0.6302523612976074, 13540
0.6302523612976074, 13539
0.6302523612976074, 13538
0.6302523612976074, 13537
0.6302523612976074, 13536
0.6302523612976074, 13535
0.6302523612976074, 13534
0.6302523612976074, 13533
0.6302523612976074, 13532
0.631248950958252, 13531
0.631248950958252, 13530
0.631248950958252, 13529
0.631248950958252, 13528
0.631248950958252, 13527
0.631248950958252, 13526
0.631248950958252, 13525
0.631248950958252, 13524
0.631248950958252, 13523
0.631248950958252, 13522
0.631248950958252, 13521
0.631248950958252, 13520
0.631248950958252, 13519
0.631248950958252, 13518
0.631248950958252, 13517
0.6322522163391113, 13516
0.6322522163391113, 13515
0.6322522163391113, 13514
0.6322522163391113, 13513
0.6322522163391113, 13512
0.6322522163391113, 13511
0.6322522163391113, 13510
0.6322522163391113, 13509
0.6322522163391113, 13508
0.6322522163391113, 13507
0.6322522163391113, 13506
0.6322522163391113, 13505
0.6322522163391113, 13504
0.6322522163391113, 13503
0.6322522163391113, 13502
0.6332523822784424, 13501
0.6332523822784424, 13500
0.6332523822784424, 13499
0.6332523822784424, 13498
0.6332523822784424, 13497
0.6332523822784424, 13496
0.6332523822784424, 13495
0.6332523822784424, 13494
0.6332523822784424, 13493
0.6332523822784424, 13492
0.6332523822784424, 13491
0.6340384483337402, 13490
0.6340384483337402, 13489
0.6340384483337402, 13488
0.6342523097991943, 13487
0.6342523097991943, 13486
0.6342523097991943, 13485
0.6342523097991943, 13484
0.6342523097991943, 13483
0.6342523097991943, 13482
0.6342523097991943, 13481
0.6342523097991943, 13480
0.6342523097991943, 13479
0.6342523097991943, 13478
0.6342523097991943, 13477
0.6342523097991943, 13476
0.6342523097991943, 13475
0.6342523097991943, 13474
0.6342523097991943, 13473
0.6352522373199463, 13472
0.6352522373199463, 13471
0.6352522373199463, 13470
0.6352522373199463, 13469
0.6352522373199463, 13468
0.6352522373199463, 13467
0.6352522373199463, 13466
0.6352522373199463, 13465
0.6352522373199463, 13464
0.6352522373199463, 13463
0.6352522373199463, 13462
0.6352522373199463, 13461
0.6352522373199463, 13460
0.6352522373199463, 13459
0.6352522373199463, 13458
0.6362521648406982, 13457
0.6362521648406982, 13456
0.6362521648406982, 13455
0.6362521648406982, 13454
0.6362521648406982, 13453
0.6362521648406982, 13452
0.6362521648406982, 13451
0.6362521648406982, 13450
0.6362521648406982, 13449
0.6362521648406982, 13448
0.6362521648406982, 13447
0.6362521648406982, 13446
0.6362521648406982, 13445
0.6362521648406982, 13444
0.6362521648406982, 13443
0.6372523307800293, 13442
0.6372523307800293, 13441
1.4062252044677734, 13440
1.4062252044677734, 13439
1.4062252044677734, 13438
1.4062252044677734, 13437
1.4062252044677734, 13436
1.4072256088256836, 13435
4.747107982635498, 13434
4.747107982635498, 13433
4.747107982635498, 13432
4.747107982635498, 13431
4.7481067180633545, 13430
4.7481067180633545, 13429
4.7481067180633545, 13428
4.7481067180633545, 13427
4.7481067180633545, 13426
4.7481067180633545, 13425
4.748567819595337, 13424
4.748567819595337, 13423
4.748567819595337, 13422
4.748567819595337, 13421
4.748567819595337, 13420
4.748567819595337, 13419
4.748567819595337, 13418
4.748567819595337, 13417
4.749107837677002, 13416
4.749107837677002, 13415
4.749107837677002, 13414
4.749107837677002, 13413
4.749107837677002, 13412
4.749107837677002, 13411
4.749107837677002, 13410
4.749107837677002, 13409
4.749107837677002, 13408
4.749107837677002, 13407
4.749107837677002, 13406
4.749107837677002, 13405
4.749107837677002, 13404
4.749107837677002, 13403
4.749107837677002, 13402
4.750107288360596, 13401
4.750107288360596, 13400
4.750107288360596, 13399
4.750107288360596, 13398
4.750107288360596, 13397
4.750107288360596, 13396
4.750107288360596, 13395
4.750107288360596, 13394
4.750107288360596, 13393
4.750107288360596, 13392
4.750107288360596, 13391
4.750107288360596, 13390
4.750107288360596, 13389
4.750107288360596, 13388
4.751107454299927, 13387
4.751107454299927, 13386
4.751107454299927, 13385
4.751107454299927, 13384
4.751107454299927, 13383
4.751107454299927, 13382
4.751107454299927, 13381
4.751107454299927, 13380
4.751107454299927, 13379
4.751107454299927, 13378
4.751107454299927, 13377
4.751107454299927, 13376
4.751107454299927, 13375
4.751107454299927, 13374
4.752108335494995, 13373
4.752108335494995, 13372
4.752108335494995, 13371
4.752108335494995, 13370
4.752108335494995, 13369
4.752108335494995, 13368
4.752108335494995, 13367
4.752108335494995, 13366
4.752108335494995, 13365
4.752108335494995, 13364
4.752108335494995, 13363
4.752108335494995, 13362
4.752108335494995, 13361
4.752108335494995, 13360
4.752108335494995, 13359
4.75310754776001, 13358
4.75310754776001, 13357
4.75310754776001, 13356
4.75310754776001, 13355
4.75310754776001, 13354
4.75310754776001, 13353
4.75310754776001, 13352
4.75310754776001, 13351
4.75310754776001, 13350
4.75310754776001, 13349
4.75310754776001, 13348
4.75310754776001, 13347
4.75310754776001, 13346
4.754021167755127, 13345
4.75410795211792, 13344
4.75410795211792, 13343
4.75410795211792, 13342
4.75410795211792, 13341
4.75410795211792, 13340
4.75410795211792, 13339
4.75410795211792, 13338
4.75410795211792, 13337
4.75410795211792, 13336
4.75410795211792, 13335
4.75410795211792, 13334
4.75410795211792, 13333
4.75410795211792, 13332
4.755107402801514, 13331
4.755107402801514, 13330
4.755107402801514, 13329
4.755107402801514, 13328
4.755107402801514, 13327
4.755107402801514, 13326
4.755107402801514, 13325
4.755107402801514, 13324
4.755107402801514, 13323
4.755107402801514, 13322
4.755107402801514, 13321
4.755107402801514, 13320
4.755107402801514, 13319
4.755107402801514, 13318
4.756108045578003, 13317
4.756108045578003, 13316
4.756108045578003, 13315
4.756108045578003, 13314
4.756108045578003, 13313
4.756108045578003, 13312
4.756108045578003, 13311
4.756108045578003, 13310
4.756108045578003, 13309
4.756108045578003, 13308
4.756108045578003, 13307
4.756108045578003, 13306
4.756950616836548, 13305
4.756950616836548, 13304
4.756950616836548, 13303
4.757107734680176, 13302
4.757107734680176, 13301
4.757107734680176, 13300
4.757107734680176, 13299
4.757107734680176, 13298
4.757107734680176, 13297
4.757107734680176, 13296
4.757107734680176, 13295
4.757107734680176, 13294
4.757107734680176, 13293
4.757107734680176, 13292
4.757107734680176, 13291
4.757107734680176, 13290
4.757107734680176, 13289
4.7581071853637695, 13288
4.7581071853637695, 13287
4.7581071853637695, 13286
4.7581071853637695, 13285
4.7581071853637695, 13284
4.7581071853637695, 13283
4.7581071853637695, 13282
4.7581071853637695, 13281
4.7581071853637695, 13280
4.7581071853637695, 13279
4.7581071853637695, 13278
4.7581071853637695, 13277
4.7581071853637695, 13276
4.7581071853637695, 13275
4.759107351303101, 13274
4.759107351303101, 13273
4.759107351303101, 13272
4.759107351303101, 13271
4.759107351303101, 13270
4.759107351303101, 13269
4.759107351303101, 13268
4.759107351303101, 13267
4.759107351303101, 13266
4.759107351303101, 13265
4.759107351303101, 13264
4.759107351303101, 13263
4.759107351303101, 13262
4.759107351303101, 13261
4.760116338729858, 13260
4.760116338729858, 13259
4.760116338729858, 13258
4.760116338729858, 13257
4.760116338729858, 13256
4.760116338729858, 13255
4.760116338729858, 13254
4.760116338729858, 13253
4.760116338729858, 13252
4.760116338729858, 13251
4.760116338729858, 13250
4.760116338729858, 13249
4.760116338729858, 13248
4.760116338729858, 13247
4.761107444763184, 13246
4.761107444763184, 13245
4.761107444763184, 13244
4.761107444763184, 13243
4.761107444763184, 13242
4.761107444763184, 13241
