0.18103742599487305, 14045
0.18103742599487305, 14044
0.18103742599487305, 14043
0.18103742599487305, 14042
0.18103742599487305, 14041
0.18103742599487305, 14040
0.18103742599487305, 14039
0.18103742599487305, 14038
0.18103742599487305, 14037
0.18103742599487305, 14036
0.18103742599487305, 14035
0.18103742599487305, 14034
0.18103742599487305, 14033
0.18103742599487305, 14032
0.1820375919342041, 14031
0.1820375919342041, 14030
0.1820375919342041, 14029
0.1820375919342041, 14028
0.1820375919342041, 14027
0.1820375919342041, 14026
0.1820375919342041, 14025
0.1820375919342041, 14024
0.1820375919342041, 14023
0.1820375919342041, 14022
0.1820375919342041, 14021
0.1820375919342041, 14020
0.1820375919342041, 14019
0.1820375919342041, 14018
0.18303751945495605, 14017
0.18303751945495605, 14016
0.18303751945495605, 14015
0.18303751945495605, 14014
0.18303751945495605, 14013
0.18303751945495605, 14012
0.18303751945495605, 14011
0.18303751945495605, 14010
0.18303751945495605, 14009
0.18303751945495605, 14008
0.18303751945495605, 14007
0.18303751945495605, 14006
0.18303751945495605, 14005
0.18303751945495605, 14004
0.18303751945495605, 14003
0.184037446975708, 14002
0.184037446975708, 14001
0.184037446975708, 14000
0.184037446975708, 13999
0.184037446975708, 13998
0.184037446975708, 13997
0.184037446975708, 13996
0.184037446975708, 13995
0.184037446975708, 13994
0.184037446975708, 13993
0.184037446975708, 13992
0.184037446975708, 13991
0.184037446975708, 13990
0.184037446975708, 13989
0.184037446975708, 13988
0.184037446975708, 13987
0.18503737449645996, 13986
0.18503737449645996, 13985
0.18503737449645996, 13984
0.18503737449645996, 13983
0.18503737449645996, 13982
0.18503737449645996, 13981
0.18503737449645996, 13980
0.18503737449645996, 13979
0.18503737449645996, 13978
0.18503737449645996, 13977
0.18503737449645996, 13976
0.18503737449645996, 13975
0.18503737449645996, 13974
0.18503737449645996, 13973
0.18503737449645996, 13972
0.18603730201721191, 13971
0.18603730201721191, 13970
0.18603730201721191, 13969
0.18603730201721191, 13968
0.18603730201721191, 13967
0.18603730201721191, 13966
0.18603730201721191, 13965
0.18603730201721191, 13964
0.18603730201721191, 13963
0.18603730201721191, 13962
0.18603730201721191, 13961
0.18603730201721191, 13960
0.18603730201721191, 13959
0.18691229820251465, 13958
0.18703722953796387, 13957
0.18703722953796387, 13956
0.18703722953796387, 13955
0.18703722953796387, 13954
0.18703722953796387, 13953
0.18703722953796387, 13952
0.18703722953796387, 13951
0.18703722953796387, 13950
0.18703722953796387, 13949
0.18703722953796387, 13948
0.18703722953796387, 13947
0.18703722953796387, 13946
0.18703722953796387, 13945
0.18703722953796387, 13944
0.18703722953796387, 13943
0.18703722953796387, 13942
0.18803763389587402, 13941
0.18803763389587402, 13940
0.18803763389587402, 13939
0.18803763389587402, 13938
0.18803763389587402, 13937
0.18803763389587402, 13936
0.18803763389587402, 13935
0.18803763389587402, 13934
0.18803763389587402, 13933
0.18803763389587402, 13932
0.18803763389587402, 13931
0.18803763389587402, 13930
0.18803763389587402, 13929
0.18803763389587402, 13928
0.18803763389587402, 13927
0.18903756141662598, 13926
0.18903756141662598, 13925
0.18903756141662598, 13924
0.18903756141662598, 13923
0.18903756141662598, 13922
0.18903756141662598, 13921
0.18903756141662598, 13920
0.18903756141662598, 13919
0.18903756141662598, 13918
0.18903756141662598, 13917
0.18903756141662598, 13916
0.18903756141662598, 13915
0.18903756141662598, 13914
0.18903756141662598, 13913
0.18903756141662598, 13912
0.19003844261169434, 13911
0.19003844261169434, 13910
0.19003844261169434, 13909
0.19003844261169434, 13908
0.19003844261169434, 13907
0.19003844261169434, 13906
0.19003844261169434, 13905
0.19003844261169434, 13904
0.19003844261169434, 13903
0.19003844261169434, 13902
0.19003844261169434, 13901
0.19003844261169434, 13900
0.19003844261169434, 13899
0.19003844261169434, 13898
0.19003844261169434, 13897
0.19103741645812988, 13896
0.19103741645812988, 13895
0.19103741645812988, 13894
0.19103741645812988, 13893
0.19103741645812988, 13892
0.19103741645812988, 13891
0.19142413139343262, 13890
0.19142413139343262, 13889
0.19142413139343262, 13888
0.19142413139343262, 13887
0.19142413139343262, 13886
0.19142413139343262, 13885
0.19142413139343262, 13884
0.19142413139343262, 13883
0.19142413139343262, 13882
0.19203758239746094, 13881
0.19203758239746094, 13880
0.19203758239746094, 13879
0.19203758239746094, 13878
0.19203758239746094, 13877
0.19203758239746094, 13876
0.19203758239746094, 13875
0.19203758239746094, 13874
0.19203758239746094, 13873
0.19203758239746094, 13872
0.19203758239746094, 13871
0.19203758239746094, 13870
0.19203758239746094, 13869
0.19203758239746094, 13868
0.193037748336792, 13867
0.193037748336792, 13866
0.193037748336792, 13865
0.193037748336792, 13864
0.193037748336792, 13863
0.193037748336792, 13862
0.193037748336792, 13861
0.193037748336792, 13860
0.193037748336792, 13859
0.193037748336792, 13858
0.193037748336792, 13857
0.193037748336792, 13856
0.193037748336792, 13855
0.193037748336792, 13854
0.19403743743896484, 13853
0.19403743743896484, 13852
0.19403743743896484, 13851
0.19403743743896484, 13850
0.19403743743896484, 13849
0.19403743743896484, 13848
0.19403743743896484, 13847
0.19403743743896484, 13846
0.19403743743896484, 13845
0.19403743743896484, 13844
0.19403743743896484, 13843
0.19403743743896484, 13842
0.19403743743896484, 13841
0.19403743743896484, 13840
0.19403743743896484, 13839
0.1950373649597168, 13838
0.1950373649597168, 13837
0.1950373649597168, 13836
0.1950373649597168, 13835
0.19530582427978516, 13834
0.19530582427978516, 13833
0.19530582427978516, 13832
0.19530582427978516, 13831
0.19530582427978516, 13830
0.19530582427978516, 13829
0.19530582427978516, 13828
0.19530582427978516, 13827
0.19530582427978516, 13826
0.19530582427978516, 13825
0.19530582427978516, 13824
0.19603753089904785, 13823
0.19603753089904785, 13822
0.19603753089904785, 13821
0.19603753089904785, 13820
0.19603753089904785, 13819
0.19603753089904785, 13818
0.19603753089904785, 13817
0.19603753089904785, 13816
0.19603753089904785, 13815
0.19603753089904785, 13814
0.19603753089904785, 13813
0.19603753089904785, 13812
0.19603753089904785, 13811
0.19690752029418945, 13810
0.19690752029418945, 13809
0.1970374584197998, 13808
0.1970374584197998, 13807
0.1970374584197998, 13806
0.1970374584197998, 13805
0.1970374584197998, 13804
0.1970374584197998, 13803
0.1970374584197998, 13802
0.1970374584197998, 13801
0.1970374584197998, 13800
0.1970374584197998, 13799
0.1970374584197998, 13798
0.1970374584197998, 13797
0.1970374584197998, 13796
0.1970374584197998, 13795
0.1970374584197998, 13794
0.1970374584197998, 13793
0.19803762435913086, 13792
0.19803762435913086, 13791
0.19803762435913086, 13790
0.19803762435913086, 13789
0.19803762435913086, 13788
0.19803762435913086, 13787
0.19803762435913086, 13786
0.19803762435913086, 13785
0.19803762435913086, 13784
0.19803762435913086, 13783
0.19803762435913086, 13782
0.19803762435913086, 13781
0.19803762435913086, 13780
0.19803762435913086, 13779
0.19803762435913086, 13778
0.1990373134613037, 13777
0.1990373134613037, 13776
0.1990373134613037, 13775
0.1990373134613037, 13774
0.1990373134613037, 13773
0.1990373134613037, 13772
0.1990373134613037, 13771
0.1990373134613037, 13770
0.1990373134613037, 13769
0.1990373134613037, 13768
0.1990373134613037, 13767
0.1990373134613037, 13766
0.1990373134613037, 13765
0.1990373134613037, 13764
0.1990373134613037, 13763
0.20003795623779297, 13762
0.20003795623779297, 13761
0.20003795623779297, 13760
0.20003795623779297, 13759
0.20003795623779297, 13758
0.20003795623779297, 13757
0.20003795623779297, 13756
0.20003795623779297, 13755
0.20003795623779297, 13754
0.20003795623779297, 13753
0.20003795623779297, 13752
0.20003795623779297, 13751
0.20003795623779297, 13750
0.20003795623779297, 13749
0.20003795623779297, 13748
0.20103716850280762, 13747
0.20103716850280762, 13746
0.20103716850280762, 13745
0.20103716850280762, 13744
0.20103716850280762, 13743
0.20103716850280762, 13742
0.20103716850280762, 13741
0.20103716850280762, 13740
0.20103716850280762, 13739
0.20103716850280762, 13738
0.20103716850280762, 13737
0.20103716850280762, 13736
0.20103716850280762, 13735
0.20103716850280762, 13734
0.20103716850280762, 13733
0.20103716850280762, 13732
0.20203733444213867, 13731
1.2589077949523926, 13730
1.2589077949523926, 13729
1.2589077949523926, 13728
1.2589077949523926, 13727
1.2589077949523926, 13726
1.2589077949523926, 13725
1.2589077949523926, 13724
1.2589077949523926, 13723
1.2589077949523926, 13722
1.2589077949523926, 13721
1.2589077949523926, 13720
1.2589077949523926, 13719
1.2599077224731445, 13718
1.2599077224731445, 13717
1.2599077224731445, 13716
1.2599077224731445, 13715
1.2599077224731445, 13714
1.2599077224731445, 13713
1.2599077224731445, 13712
1.2599077224731445, 13711
1.2599077224731445, 13710
1.2599077224731445, 13709
1.2599077224731445, 13708
1.2599077224731445, 13707
1.2599077224731445, 13706
1.2599077224731445, 13705
1.2609074115753174, 13704
1.2609074115753174, 13703
1.2609074115753174, 13702
1.2609074115753174, 13701
1.2609074115753174, 13700
1.2609074115753174, 13699
1.2609074115753174, 13698
1.2609074115753174, 13697
1.2609074115753174, 13696
1.2609074115753174, 13695
1.2609074115753174, 13694
1.2609074115753174, 13693
1.2609074115753174, 13692
1.2609074115753174, 13691
1.2609074115753174, 13690
1.2619073390960693, 13689
1.2619073390960693, 13688
1.2619073390960693, 13687
1.2619073390960693, 13686
1.2619073390960693, 13685
1.2619073390960693, 13684
1.2619073390960693, 13683
1.2619073390960693, 13682
1.2619073390960693, 13681
1.2619073390960693, 13680
1.2619073390960693, 13679
1.2619073390960693, 13678
1.2619073390960693, 13677
1.2619073390960693, 13676
1.2629077434539795, 13675
1.2629077434539795, 13674
1.2629077434539795, 13673
1.2629077434539795, 13672
1.2629077434539795, 13671
1.2629077434539795, 13670
1.2629077434539795, 13669
1.2629077434539795, 13668
1.2629077434539795, 13667
1.2629077434539795, 13666
1.2629077434539795, 13665
1.2629077434539795, 13664
1.2629077434539795, 13663
1.2629077434539795, 13662
1.2629077434539795, 13661
1.2639071941375732, 13660
1.2639071941375732, 13659
1.2639071941375732, 13658
1.2639071941375732, 13657
1.2639071941375732, 13656
1.2639071941375732, 13655
1.2639071941375732, 13654
1.2639071941375732, 13653
1.2639071941375732, 13652
1.2639071941375732, 13651
1.2639071941375732, 13650
1.2639071941375732, 13649
1.2639071941375732, 13648
1.2639071941375732, 13647
1.2639071941375732, 13646
1.2649590969085693, 13645
1.2649590969085693, 13644
1.2649590969085693, 13643
1.2649590969085693, 13642
1.2649590969085693, 13641
1.2649590969085693, 13640
1.2649590969085693, 13639
1.2649590969085693, 13638
1.2649590969085693, 13637
1.2649590969085693, 13636
1.2649590969085693, 13635
1.2649590969085693, 13634
1.2659075260162354, 13633
1.2659075260162354, 13632
1.2659075260162354, 13631
1.2659075260162354, 13630
1.2659075260162354, 13629
1.2659075260162354, 13628
1.2659075260162354, 13627
1.2659075260162354, 13626
1.2659075260162354, 13625
1.2659075260162354, 13624
1.2659075260162354, 13623
1.2659075260162354, 13622
1.2659075260162354, 13621
1.2659075260162354, 13620
1.2669072151184082, 13619
1.2669072151184082, 13618
1.2669072151184082, 13617
1.2669072151184082, 13616
1.2669072151184082, 13615
1.2669072151184082, 13614
1.2669072151184082, 13613
1.2669072151184082, 13612
1.2669072151184082, 13611
1.2669072151184082, 13610
1.2669072151184082, 13609
1.2669072151184082, 13608
1.2669072151184082, 13607
1.2669072151184082, 13606
1.2669072151184082, 13605
1.2679071426391602, 13604
1.2679071426391602, 13603
1.2679071426391602, 13602
1.2679071426391602, 13601
1.2679071426391602, 13600
1.2679071426391602, 13599
1.2679071426391602, 13598
1.2679071426391602, 13597
1.2679071426391602, 13596
1.2679071426391602, 13595
1.2679071426391602, 13594
1.2679071426391602, 13593
1.2679071426391602, 13592
1.2679071426391602, 13591
1.268907070159912, 13590
1.268907070159912, 13589
1.268907070159912, 13588
1.268907070159912, 13587
1.268907070159912, 13586
1.268907070159912, 13585
1.268907070159912, 13584
1.268907070159912, 13583
1.268907070159912, 13582
1.268907070159912, 13581
1.268907070159912, 13580
1.268907070159912, 13579
1.268907070159912, 13578
1.268907070159912, 13577
1.268907070159912, 13576
1.2699079513549805, 13575
1.2699079513549805, 13574
1.2699079513549805, 13573
1.2699079513549805, 13572
1.2699079513549805, 13571
1.2699079513549805, 13570
1.2699079513549805, 13569
1.2699079513549805, 13568
1.2699079513549805, 13567
1.2699079513549805, 13566
1.2699079513549805, 13565
1.2699079513549805, 13564
1.2699079513549805, 13563
1.2699079513549805, 13562
1.2709078788757324, 13561
1.2709078788757324, 13560
1.2709078788757324, 13559
1.2709078788757324, 13558
1.2709078788757324, 13557
1.2709078788757324, 13556
1.2709078788757324, 13555
1.2709078788757324, 13554
1.2709078788757324, 13553
1.2709078788757324, 13552
1.2709078788757324, 13551
1.2709078788757324, 13550
1.2709078788757324, 13549
1.2709078788757324, 13548
1.2709078788757324, 13547
1.2719075679779053, 13546
1.2719075679779053, 13545
1.2719075679779053, 13544
1.2719075679779053, 13543
1.2719075679779053, 13542
1.2719075679779053, 13541
1.2719075679779053, 13540
1.2719075679779053, 13539
1.2719075679779053, 13538
1.2719075679779053, 13537
1.2719075679779053, 13536
1.2719075679779053, 13535
1.2719075679779053, 13534
1.2719075679779053, 13533
1.2729074954986572, 13532
1.2729074954986572, 13531
1.2729074954986572, 13530
1.2729074954986572, 13529
1.2729074954986572, 13528
1.2729074954986572, 13527
1.2729074954986572, 13526
1.2729074954986572, 13525
1.2729074954986572, 13524
1.2729074954986572, 13523
1.2729074954986572, 13522
1.2729074954986572, 13521
1.2729074954986572, 13520
1.2729074954986572, 13519
1.273834466934204, 13518
1.2739167213439941, 13517
1.2739167213439941, 13516
1.2739167213439941, 13515
1.2739167213439941, 13514
1.2739167213439941, 13513
1.2739167213439941, 13512
1.2739167213439941, 13511
1.2739167213439941, 13510
1.2739167213439941, 13509
1.2739167213439941, 13508
1.2739167213439941, 13507
1.2739167213439941, 13506
1.2739167213439941, 13505
1.2739167213439941, 13504
1.2749075889587402, 13503
1.2749075889587402, 13502
1.2749075889587402, 13501
1.2749075889587402, 13500
1.2749075889587402, 13499
1.2749075889587402, 13498
1.2749075889587402, 13497
1.2749075889587402, 13496
1.2749075889587402, 13495
1.2749075889587402, 13494
1.2749075889587402, 13493
1.2749075889587402, 13492
1.2749075889587402, 13491
1.2749075889587402, 13490
1.2759087085723877, 13489
1.2759087085723877, 13488
1.2759087085723877, 13487
1.2759087085723877, 13486
1.2759087085723877, 13485
1.2759087085723877, 13484
1.2759087085723877, 13483
1.2759087085723877, 13482
1.2759087085723877, 13481
1.2759087085723877, 13480
1.2759087085723877, 13479
1.2759087085723877, 13478
1.2759087085723877, 13477
1.2759087085723877, 13476
1.2769074440002441, 13475
1.2769074440002441, 13474
1.2769074440002441, 13473
1.2769074440002441, 13472
1.2769074440002441, 13471
1.2769074440002441, 13470
1.2769074440002441, 13469
1.2769074440002441, 13468
1.2769074440002441, 13467
1.2769074440002441, 13466
1.2769074440002441, 13465
1.2769074440002441, 13464
1.2769074440002441, 13463
1.2769074440002441, 13462
1.2769074440002441, 13461
1.277907133102417, 13460
1.277907133102417, 13459
1.277907133102417, 13458
1.277907133102417, 13457
1.277907133102417, 13456
4.790069580078125, 13455
4.790069580078125, 13454
4.790069580078125, 13453
4.790069580078125, 13452
4.790069580078125, 13451
4.790069580078125, 13450
4.790069580078125, 13449
4.790069580078125, 13448
4.790069580078125, 13447
4.790069580078125, 13446
4.790069580078125, 13445
4.790069580078125, 13444
4.790069580078125, 13443
4.791067838668823, 13442
4.791067838668823, 13441
4.791067838668823, 13440
4.791067838668823, 13439
4.791067838668823, 13438
4.791067838668823, 13437
4.791067838668823, 13436
4.791067838668823, 13435
4.791067838668823, 13434
4.791067838668823, 13433
4.791067838668823, 13432
4.791067838668823, 13431
4.791067838668823, 13430
4.791067838668823, 13429
4.792067527770996, 13428
4.792067527770996, 13427
4.792067527770996, 13426
4.792067527770996, 13425
4.792067527770996, 13424
4.792067527770996, 13423
4.792067527770996, 13422
4.792067527770996, 13421
4.792067527770996, 13420
4.792067527770996, 13419
4.792067527770996, 13418
4.792067527770996, 13417
4.792067527770996, 13416
4.792067527770996, 13415
4.793067932128906, 13414
4.793067932128906, 13413
4.793067932128906, 13412
4.793067932128906, 13411
4.793067932128906, 13410
4.793067932128906, 13409
4.793067932128906, 13408
4.793067932128906, 13407
4.793067932128906, 13406
4.793067932128906, 13405
4.793067932128906, 13404
4.793067932128906, 13403
4.793067932128906, 13402
4.793067932128906, 13401
4.794070720672607, 13400
4.794070720672607, 13399
4.794070720672607, 13398
4.794070720672607, 13397
4.794070720672607, 13396
4.794070720672607, 13395
4.794070720672607, 13394
4.794070720672607, 13393
4.794070720672607, 13392
4.794070720672607, 13391
4.794070720672607, 13390
4.794070720672607, 13389
4.795071125030518, 13388
4.795071125030518, 13387
4.795071125030518, 13386
4.795071125030518, 13385
4.795071125030518, 13384
4.795071125030518, 13383
4.795071125030518, 13382
4.795071125030518, 13381
4.795071125030518, 13380
4.795071125030518, 13379
4.795071125030518, 13378
4.795071125030518, 13377
4.795071125030518, 13376
4.796069622039795, 13375
4.796069622039795, 13374
4.796069622039795, 13373
4.796069622039795, 13372
4.796069622039795, 13371
4.796069622039795, 13370
4.796069622039795, 13369
4.796069622039795, 13368
4.796069622039795, 13367
4.796069622039795, 13366
4.796069622039795, 13365
4.796069622039795, 13364
4.796069622039795, 13363
4.796069622039795, 13362
4.79707145690918, 13361
4.79707145690918, 13360
4.79707145690918, 13359
4.79707145690918, 13358
4.79707145690918, 13357
4.79707145690918, 13356
4.79707145690918, 13355
4.79707145690918, 13354
4.79707145690918, 13353
4.79707145690918, 13352
4.79707145690918, 13351
4.79707145690918, 13350
4.79707145690918, 13349
4.798067569732666, 13348
4.798067569732666, 13347
4.798067569732666, 13346
4.798067569732666, 13345
4.798067569732666, 13344
4.798067569732666, 13343
4.798067569732666, 13342
4.798067569732666, 13341
4.798067569732666, 13340
4.798067569732666, 13339
4.798067569732666, 13338
4.798067569732666, 13337
4.798067569732666, 13336
4.798067569732666, 13335
4.798067569732666, 13334
4.799066543579102, 13333
4.79923677444458, 13332
4.79923677444458, 13331
4.79923677444458, 13330
4.79923677444458, 13329
4.79923677444458, 13328
4.79923677444458, 13327
4.79923677444458, 13326
4.79923677444458, 13325
4.79923677444458, 13324
4.79923677444458, 13323
4.79923677444458, 13322
4.79923677444458, 13321
4.80006742477417, 13320
4.80006742477417, 13319
4.80006742477417, 13318
4.80006742477417, 13317
4.80006742477417, 13316
4.80006742477417, 13315
4.80006742477417, 13314
4.80006742477417, 13313
4.80006742477417, 13312
4.80006742477417, 13311
4.80006742477417, 13310
4.80006742477417, 13309
4.80006742477417, 13308
4.80006742477417, 13307
4.801067590713501, 13306
4.801067590713501, 13305
4.801067590713501, 13304
4.801067590713501, 13303
4.801067590713501, 13302
4.801067590713501, 13301
4.801067590713501, 13300
4.801067590713501, 13299
4.801067590713501, 13298
4.801067590713501, 13297
4.801067590713501, 13296
4.801067590713501, 13295
4.801067590713501, 13294
4.801067590713501, 13293
4.802067279815674, 13292
4.802067279815674, 13291
4.802067279815674, 13290
4.802067279815674, 13289
4.802067279815674, 13288
4.802067279815674, 13287
4.802067279815674, 13286
4.802067279815674, 13285
4.802067279815674, 13284
4.802067279815674, 13283
4.802067279815674, 13282
4.802067279815674, 13281
4.802067279815674, 13280
4.802067279815674, 13279
4.803066730499268, 13278
4.803066730499268, 13277
4.803066730499268, 13276
4.803066730499268, 13275
4.803066730499268, 13274
4.803066730499268, 13273
4.803066730499268, 13272
4.803066730499268, 13271
4.803066730499268, 13270
4.803066730499268, 13269
4.803066730499268, 13268
4.803066730499268, 13267
4.803066730499268, 13266
4.803066730499268, 13265
4.803066730499268, 13264
4.804067373275757, 13263
4.804067373275757, 13262
4.804067373275757, 13261
4.804067373275757, 13260
4.804067373275757, 13259
4.804067373275757, 13258
4.804067373275757, 13257
4.804067373275757, 13256
4.804067373275757, 13255
4.804067373275757, 13254
4.804067373275757, 13253
4.804067373275757, 13252
4.804067373275757, 13251
4.804067373275757, 13250
4.80506706237793, 13249
4.80506706237793, 13248
4.80506706237793, 13247
4.80506706237793, 13246
4.80506706237793, 13245
4.80506706237793, 13244
4.80506706237793, 13243
4.80506706237793, 13242
4.80506706237793, 13241
4.80506706237793, 13240
4.80506706237793, 13239
4.80506706237793, 13238
4.80506706237793, 13237
4.80506706237793, 13236
4.806067228317261, 13235
4.806067228317261, 13234
4.806067228317261, 13233
4.806067228317261, 13232
4.806067228317261, 13231
4.806067228317261, 13230
4.806067228317261, 13229
4.806067228317261, 13228
4.806067228317261, 13227
4.806067228317261, 13226
4.806067228317261, 13225
4.806067228317261, 13224
4.806067228317261, 13223
4.806067228317261, 13222
4.80706787109375, 13221
4.80706787109375, 13220
4.80706787109375, 13219
4.80706787109375, 13218
4.80706787109375, 13217
4.80706787109375, 13216
4.80706787109375, 13215
4.80706787109375, 13214
4.80706787109375, 13213
4.80706787109375, 13212
4.80706787109375, 13211
4.80706787109375, 13210
4.80706787109375, 13209
4.80706787109375, 13208
4.808067321777344, 13207
4.808067321777344, 13206
4.808067321777344, 13205
4.808067321777344, 13204
4.808067321777344, 13203
4.808067321777344, 13202
4.808067321777344, 13201
4.808067321777344, 13200
4.808067321777344, 13199
4.808067321777344, 13198
4.808067321777344, 13197
4.808067321777344, 13196
4.808067321777344, 13195
4.809067010879517, 13194
4.809144020080566, 13193
4.809144020080566, 13192
4.809144020080566, 13191
4.809144020080566, 13190
4.809144020080566, 13189
4.809144020080566, 13188
4.809144020080566, 13187
4.809144020080566, 13186
4.809144020080566, 13185
4.809144020080566, 13184
4.809144020080566, 13183
4.809144020080566, 13182
4.810154676437378, 13181
4.810154676437378, 13180
4.810154676437378, 13179
4.810154676437378, 13178
4.810154676437378, 13177
4.810154676437378, 13176
4.810154676437378, 13175
4.810154676437378, 13174
4.810154676437378, 13173
4.810154676437378, 13172
4.810154676437378, 13171
4.810154676437378, 13170
4.810154676437378, 13169
4.811157464981079, 13168
4.811157464981079, 13167
4.811157464981079, 13166
4.811157464981079, 13165
4.811157464981079, 13164
4.811157464981079, 13163
4.811157464981079, 13162
4.811157464981079, 13161
4.811157464981079, 13160
4.811157464981079, 13159
4.811157464981079, 13158
4.811157464981079, 13157
4.811157464981079, 13156
4.812156677246094, 13155
4.812156677246094, 13154
4.812156677246094, 13153
4.812156677246094, 13152
4.812156677246094, 13151
4.812156677246094, 13150
4.812156677246094, 13149
4.812156677246094, 13148
4.812156677246094, 13147
4.812156677246094, 13146
4.812156677246094, 13145
4.812156677246094, 13144
4.812156677246094, 13143
4.812156677246094, 13142
4.813154697418213, 13141
4.813154697418213, 13140
4.813154697418213, 13139
4.813154697418213, 13138
4.813154697418213, 13137
4.813154697418213, 13136
4.813154697418213, 13135
4.813154697418213, 13134
4.813154697418213, 13133
4.813154697418213, 13132
4.813154697418213, 13131
4.813154697418213, 13130
4.813154697418213, 13129
4.813154697418213, 13128
4.814153671264648, 13127
4.814153671264648, 13126
4.814153671264648, 13125
4.814153671264648, 13124
4.814153671264648, 13123
4.814153671264648, 13122
4.814153671264648, 13121
4.814153671264648, 13120
4.814153671264648, 13119
4.814153671264648, 13118
4.814153671264648, 13117
4.814153671264648, 13116
4.814153671264648, 13115
4.814153671264648, 13114
4.8151535987854, 13113
4.8151535987854, 13112
4.8151535987854, 13111
4.8151535987854, 13110
4.815422058105469, 13109
4.815422058105469, 13108
4.815422058105469, 13107
