0.13000226020812988, 10980
0.13000226020812988, 10979
0.13000226020812988, 10978
0.13000226020812988, 10977
0.13000226020812988, 10976
0.13000226020812988, 10975
0.13100242614746094, 10974
0.13100242614746094, 10973
0.13100242614746094, 10972
0.13100242614746094, 10971
0.13100242614746094, 10970
0.13100242614746094, 10969
0.13100242614746094, 10968
0.13100242614746094, 10967
0.13100242614746094, 10966
0.13100242614746094, 10965
0.13100242614746094, 10964
0.13100242614746094, 10963
0.13100242614746094, 10962
0.13100242614746094, 10961
0.13100242614746094, 10960
0.13100242614746094, 10959
0.13100242614746094, 10958
0.1320021152496338, 10957
0.1320021152496338, 10956
0.1320021152496338, 10955
0.1320021152496338, 10954
0.1320021152496338, 10953
0.1320021152496338, 10952
0.1320021152496338, 10951
0.1320021152496338, 10950
0.1320021152496338, 10949
0.1320021152496338, 10948
0.1320021152496338, 10947
0.1320021152496338, 10946
0.2590808868408203, 10945
0.2590808868408203, 10944
0.2590808868408203, 10943
0.2590808868408203, 10942
0.2590808868408203, 10941
0.2590808868408203, 10940
0.2590808868408203, 10939
0.2590808868408203, 10938
0.2590808868408203, 10937
0.2590808868408203, 10936
0.2600839138031006, 10935
0.2600839138031006, 10934
0.2600839138031006, 10933
0.2600839138031006, 10932
0.2600839138031006, 10931
0.2600839138031006, 10930
0.2600839138031006, 10929
0.2600839138031006, 10928
0.2600839138031006, 10927
0.2600839138031006, 10926
0.2600839138031006, 10925
0.2600839138031006, 10924
0.2600839138031006, 10923
0.2600839138031006, 10922
0.26108312606811523, 10921
0.26108312606811523, 10920
0.26108312606811523, 10919
0.26108312606811523, 10918
0.26108312606811523, 10917
0.26108312606811523, 10916
0.26108312606811523, 10915
0.26108312606811523, 10914
0.26108312606811523, 10913
0.26108312606811523, 10912
0.26108312606811523, 10911
0.26108312606811523, 10910
0.3861520290374756, 10909
0.3861520290374756, 10908
0.3861520290374756, 10907
0.3861520290374756, 10906
0.3861520290374756, 10905
0.3861520290374756, 10904
0.3861520290374756, 10903
0.3861520290374756, 10902
0.3861520290374756, 10901
0.3861520290374756, 10900
0.3861520290374756, 10899
0.3861520290374756, 10898
0.3861520290374756, 10897
0.38702940940856934, 10896
0.38702940940856934, 10895
0.38702940940856934, 10894
0.38702940940856934, 10893
0.38702940940856934, 10892
0.38702940940856934, 10891
0.38702940940856934, 10890
0.38702940940856934, 10889
0.38702940940856934, 10888
0.38702940940856934, 10887
0.38702940940856934, 10886
0.38702940940856934, 10885
0.38702940940856934, 10884
0.38702940940856934, 10883
0.38702940940856934, 10882
0.38702940940856934, 10881
0.38702940940856934, 10880
0.3880317211151123, 10879
0.3880317211151123, 10878
0.3880317211151123, 10877
0.3880317211151123, 10876
0.3880317211151123, 10875
0.3880317211151123, 10874
0.3880317211151123, 10873
0.3880317211151123, 10872
0.3880317211151123, 10871
0.3880317211151123, 10870
0.3880317211151123, 10869
0.3880317211151123, 10868
0.3880317211151123, 10867
0.3880317211151123, 10866
0.3880317211151123, 10865
0.3880317211151123, 10864
0.38903045654296875, 10863
0.38903045654296875, 10862
0.38903045654296875, 10861
0.38903045654296875, 10860
0.38903045654296875, 10859
0.38903045654296875, 10858
0.38903045654296875, 10857
0.38903045654296875, 10856
0.38903045654296875, 10855
0.38903045654296875, 10854
0.38903045654296875, 10853
0.38903045654296875, 10852
0.38903045654296875, 10851
0.38903045654296875, 10850
0.38903045654296875, 10849
0.38903045654296875, 10848
0.38903045654296875, 10847
0.3900301456451416, 10846
0.3900301456451416, 10845
0.3900301456451416, 10844
0.3900301456451416, 10843
0.3900301456451416, 10842
0.3900301456451416, 10841
0.3900301456451416, 10840
0.3900301456451416, 10839
0.3900301456451416, 10838
0.3900301456451416, 10837
0.3900301456451416, 10836
0.3900301456451416, 10835
0.3900301456451416, 10834
0.3900301456451416, 10833
0.3900301456451416, 10832
0.3900301456451416, 10831
0.39103031158447266, 10830
0.39103031158447266, 10829
0.39103031158447266, 10828
0.39103031158447266, 10827
0.39103031158447266, 10826
0.39103031158447266, 10825
0.39103031158447266, 10824
0.39103031158447266, 10823
0.39103031158447266, 10822
0.39103031158447266, 10821
0.39103031158447266, 10820
0.39103031158447266, 10819
0.39103031158447266, 10818
0.39103031158447266, 10817
0.39103031158447266, 10816
0.39103031158447266, 10815
0.3920328617095947, 10814
0.3920328617095947, 10813
0.3920328617095947, 10812
0.3920328617095947, 10811
0.3920328617095947, 10810
0.3920328617095947, 10809
0.3920328617095947, 10808
0.3920328617095947, 10807
0.3920328617095947, 10806
0.3920328617095947, 10805
0.3920328617095947, 10804
0.3920328617095947, 10803
0.3920328617095947, 10802
0.3920328617095947, 10801
0.3920328617095947, 10800
0.3920328617095947, 10799
0.39302992820739746, 10798
0.39302992820739746, 10797
0.39302992820739746, 10796
0.39302992820739746, 10795
0.39302992820739746, 10794
0.39302992820739746, 10793
0.39302992820739746, 10792
0.39302992820739746, 10791
0.39302992820739746, 10790
0.39302992820739746, 10789
0.39302992820739746, 10788
0.39302992820739746, 10787
0.39302992820739746, 10786
0.39302992820739746, 10785
0.39302992820739746, 10784
0.39302992820739746, 10783
0.3940281867980957, 10782
0.3940281867980957, 10781
0.3940281867980957, 10780
0.3940281867980957, 10779
0.3940281867980957, 10778
0.3940281867980957, 10777
0.3940281867980957, 10776
0.3940281867980957, 10775
0.3940281867980957, 10774
0.3940281867980957, 10773
0.3940281867980957, 10772
0.3940281867980957, 10771
0.3940281867980957, 10770
0.3940281867980957, 10769
0.3940281867980957, 10768
0.3940281867980957, 10767
0.3940281867980957, 10766
0.39502739906311035, 10765
1.162888526916504, 10764
1.1638884544372559, 10763
1.1638884544372559, 10762
1.1638884544372559, 10761
1.1638884544372559, 10760
1.1638884544372559, 10759
1.1638884544372559, 10758
1.1638884544372559, 10757
1.1638884544372559, 10756
1.1638884544372559, 10755
1.1638884544372559, 10754
1.1638884544372559, 10753
1.1638884544372559, 10752
1.1638884544372559, 10751
1.1638884544372559, 10750
1.1638884544372559, 10749
1.1638884544372559, 10748
1.164839744567871, 10747
1.164839744567871, 10746
1.164839744567871, 10745
1.164839744567871, 10744
1.164839744567871, 10743
1.164839744567871, 10742
1.164839744567871, 10741
1.164839744567871, 10740
1.164839744567871, 10739
1.164839744567871, 10738
1.4177217483520508, 10737
1.4177217483520508, 10736
1.4177217483520508, 10735
1.4177217483520508, 10734
1.4177217483520508, 10733
1.4177217483520508, 10732
1.4177217483520508, 10731
1.4177217483520508, 10730
1.4177217483520508, 10729
1.4177217483520508, 10728
1.4177217483520508, 10727
1.4177217483520508, 10726
1.4177217483520508, 10725
1.4177217483520508, 10724
1.4187209606170654, 10723
1.4187209606170654, 10722
1.4187209606170654, 10721
1.4187209606170654, 10720
1.4187209606170654, 10719
1.4187209606170654, 10718
1.4187209606170654, 10717
1.4187209606170654, 10716
1.4187209606170654, 10715
1.4187209606170654, 10714
1.4187209606170654, 10713
1.4187209606170654, 10712
1.4187209606170654, 10711
1.4187209606170654, 10710
1.4187209606170654, 10709
1.4187209606170654, 10708
1.4187209606170654, 10707
1.419722318649292, 10706
1.419722318649292, 10705
1.419722318649292, 10704
1.419722318649292, 10703
1.419722318649292, 10702
1.419722318649292, 10701
1.419722318649292, 10700
1.419722318649292, 10699
1.419722318649292, 10698
1.419722318649292, 10697
1.419722318649292, 10696
1.419722318649292, 10695
1.419722318649292, 10694
1.419722318649292, 10693
1.419722318649292, 10692
1.419722318649292, 10691
1.4207220077514648, 10690
1.4207220077514648, 10689
1.4207220077514648, 10688
1.4207220077514648, 10687
1.4207220077514648, 10686
1.4207220077514648, 10685
1.4207220077514648, 10684
1.4207220077514648, 10683
1.4207220077514648, 10682
1.4207220077514648, 10681
1.4207220077514648, 10680
1.4207220077514648, 10679
1.4207220077514648, 10678
1.4207220077514648, 10677
1.4207220077514648, 10676
1.4207220077514648, 10675
1.421720266342163, 10674
1.421720266342163, 10673
1.421720266342163, 10672
1.421720266342163, 10671
1.421720266342163, 10670
1.421720266342163, 10669
1.421720266342163, 10668
1.421720266342163, 10667
1.421720266342163, 10666
1.421720266342163, 10665
1.421720266342163, 10664
1.421720266342163, 10663
1.421720266342163, 10662
1.421720266342163, 10661
1.421720266342163, 10660
1.421720266342163, 10659
1.421720266342163, 10658
1.422720193862915, 10657
1.422720193862915, 10656
1.422720193862915, 10655
1.422720193862915, 10654
1.422720193862915, 10653
1.422720193862915, 10652
1.422720193862915, 10651
1.422720193862915, 10650
1.422720193862915, 10649
3.0638320446014404, 10648
3.0638320446014404, 10647
3.0638320446014404, 10646
3.0638320446014404, 10645
3.0638320446014404, 10644
3.0638320446014404, 10643
3.0638320446014404, 10642
3.0638320446014404, 10641
3.0638320446014404, 10640
3.0638320446014404, 10639
3.0638320446014404, 10638
3.0638320446014404, 10637
3.0638320446014404, 10636
3.064831495285034, 10635
3.064831495285034, 10634
3.064831495285034, 10633
3.064831495285034, 10632
3.064831495285034, 10631
3.064831495285034, 10630
3.064831495285034, 10629
3.064831495285034, 10628
3.064831495285034, 10627
3.064831495285034, 10626
3.064831495285034, 10625
3.064831495285034, 10624
3.0658323764801025, 10623
3.0658323764801025, 10622
3.0658323764801025, 10621
3.0658323764801025, 10620
3.0658323764801025, 10619
3.0658323764801025, 10618
3.0658323764801025, 10617
3.0658323764801025, 10616
3.0658323764801025, 10615
3.0658323764801025, 10614
3.0658323764801025, 10613
3.0658323764801025, 10612
3.0658323764801025, 10611
3.0658323764801025, 10610
3.066831588745117, 10609
3.066831588745117, 10608
3.066831588745117, 10607
3.066831588745117, 10606
3.066831588745117, 10605
3.066831588745117, 10604
4.730000734329224, 10603
4.730000734329224, 10602
4.730000734329224, 10601
4.730000734329224, 10600
4.730000734329224, 10599
4.730000734329224, 10598
4.730000734329224, 10597
4.730000734329224, 10596
4.730000734329224, 10595
4.730000734329224, 10594
4.73100471496582, 10593
4.73100471496582, 10592
4.73100471496582, 10591
4.73100471496582, 10590
4.73100471496582, 10589
4.73100471496582, 10588
4.73100471496582, 10587
4.73100471496582, 10586
4.73100471496582, 10585
4.73100471496582, 10584
4.73100471496582, 10583
4.73100471496582, 10582
4.73100471496582, 10581
4.73100471496582, 10580
4.73100471496582, 10579
4.73100471496582, 10578
4.732006072998047, 10577
4.732006072998047, 10576
4.732006072998047, 10575
4.732006072998047, 10574
4.732006072998047, 10573
4.732006072998047, 10572
4.732006072998047, 10571
4.732006072998047, 10570
4.732006072998047, 10569
4.732006072998047, 10568
4.732006072998047, 10567
4.732006072998047, 10566
4.732006072998047, 10565
4.732006072998047, 10564
4.7330029010772705, 10563
4.7330029010772705, 10562
4.7330029010772705, 10561
4.7330029010772705, 10560
4.7330029010772705, 10559
4.7330029010772705, 10558
4.7330029010772705, 10557
4.7330029010772705, 10556
4.7330029010772705, 10555
4.7330029010772705, 10554
4.7330029010772705, 10553
4.7330029010772705, 10552
4.7330029010772705, 10551
4.7330029010772705, 10550
4.7330029010772705, 10549
4.7330029010772705, 10548
4.734005451202393, 10547
4.734005451202393, 10546
4.734005451202393, 10545
4.734005451202393, 10544
4.734005451202393, 10543
4.734005451202393, 10542
4.734005451202393, 10541
4.734005451202393, 10540
4.734005451202393, 10539
4.734005451202393, 10538
4.734005451202393, 10537
4.734005451202393, 10536
4.734005451202393, 10535
4.734005451202393, 10534
4.734005451202393, 10533
4.735008001327515, 10532
4.735008001327515, 10531
4.735008001327515, 10530
4.735008001327515, 10529
4.735008001327515, 10528
4.735008001327515, 10527
4.735008001327515, 10526
4.735008001327515, 10525
4.735008001327515, 10524
4.735008001327515, 10523
4.735008001327515, 10522
4.735008001327515, 10521
4.735008001327515, 10520
4.735008001327515, 10519
4.735008001327515, 10518
4.735008001327515, 10517
4.736002683639526, 10516
4.736002683639526, 10515
4.736002683639526, 10514
4.736002683639526, 10513
4.736002683639526, 10512
4.736002683639526, 10511
4.736002683639526, 10510
4.736002683639526, 10509
4.736002683639526, 10508
4.736002683639526, 10507
4.736002683639526, 10506
4.736002683639526, 10505
4.736002683639526, 10504
4.736002683639526, 10503
4.736002683639526, 10502
4.736958265304565, 10501
4.736958265304565, 10500
4.736958265304565, 10499
4.736958265304565, 10498
4.736958265304565, 10497
4.736958265304565, 10496
4.736958265304565, 10495
4.736958265304565, 10494
4.736958265304565, 10493
4.736958265304565, 10492
4.736958265304565, 10491
4.736958265304565, 10490
4.736958265304565, 10489
4.736958265304565, 10488
4.736958265304565, 10487
4.736958265304565, 10486
4.7380006313323975, 10485
4.7380006313323975, 10484
4.7380006313323975, 10483
4.7380006313323975, 10482
9.856788158416748, 10481
9.856788158416748, 10480
9.856788158416748, 10479
9.856788158416748, 10478
9.856788158416748, 10477
9.856788158416748, 10476
9.856788158416748, 10475
9.856788158416748, 10474
9.856788158416748, 10473
9.856788158416748, 10472
9.856788158416748, 10471
9.856788158416748, 10470
9.856788158416748, 10469
9.856788158416748, 10468
9.856788158416748, 10467
9.857787847518921, 10466
9.857787847518921, 10465
9.857787847518921, 10464
9.857787847518921, 10463
9.857787847518921, 10462
9.857787847518921, 10461
9.857787847518921, 10460
9.857787847518921, 10459
9.857787847518921, 10458
9.857787847518921, 10457
9.857787847518921, 10456
9.857787847518921, 10455
9.857787847518921, 10454
9.857787847518921, 10453
9.857787847518921, 10452
9.858791828155518, 10451
9.858791828155518, 10450
9.858791828155518, 10449
9.858791828155518, 10448
9.858791828155518, 10447
