0.1772289276123047, 13998
0.1772289276123047, 13997
0.1772289276123047, 13996
0.1772289276123047, 13995
0.1772289276123047, 13994
0.1772289276123047, 13993
0.17822885513305664, 13992
0.17822885513305664, 13991
0.17822885513305664, 13990
0.17822885513305664, 13989
0.17822885513305664, 13988
0.17822885513305664, 13987
0.17822885513305664, 13986
0.17822885513305664, 13985
0.17822885513305664, 13984
0.17822885513305664, 13983
0.17822885513305664, 13982
0.17822885513305664, 13981
0.17822885513305664, 13980
0.17822885513305664, 13979
0.1792285442352295, 13978
0.1792285442352295, 13977
0.1792285442352295, 13976
0.1792285442352295, 13975
0.1792285442352295, 13974
0.1792285442352295, 13973
0.1792285442352295, 13972
0.1792285442352295, 13971
0.1792285442352295, 13970
0.1792285442352295, 13969
0.1792285442352295, 13968
0.1792285442352295, 13967
0.1792285442352295, 13966
0.1792285442352295, 13965
0.1792285442352295, 13964
0.18022847175598145, 13963
0.18022847175598145, 13962
0.18022847175598145, 13961
0.18022847175598145, 13960
0.18022847175598145, 13959
0.18022847175598145, 13958
0.18022847175598145, 13957
0.18022847175598145, 13956
0.18022847175598145, 13955
0.18022847175598145, 13954
0.18022847175598145, 13953
0.18022847175598145, 13952
0.18022847175598145, 13951
0.18022847175598145, 13950
0.18022847175598145, 13949
0.18022847175598145, 13948
0.1812283992767334, 13947
0.1812283992767334, 13946
0.5360238552093506, 13945
0.5360238552093506, 13944
0.5360238552093506, 13943
0.5360238552093506, 13942
0.5360238552093506, 13941
0.5360238552093506, 13940
0.5360238552093506, 13939
0.537024736404419, 13938
0.537024736404419, 13937
0.537024736404419, 13936
0.537024736404419, 13935
0.537024736404419, 13934
0.537024736404419, 13933
0.537024736404419, 13932
0.537024736404419, 13931
0.537024736404419, 13930
0.537024736404419, 13929
0.537024736404419, 13928
0.537024736404419, 13927
0.537024736404419, 13926
0.537024736404419, 13925
0.537024736404419, 13924
0.537024736404419, 13923
0.5380251407623291, 13922
0.5380251407623291, 13921
0.5380251407623291, 13920
0.5380251407623291, 13919
0.5380251407623291, 13918
0.5380251407623291, 13917
0.5380251407623291, 13916
0.5380251407623291, 13915
0.5380251407623291, 13914
0.5380251407623291, 13913
0.5380251407623291, 13912
0.5380251407623291, 13911
0.5380251407623291, 13910
0.5380251407623291, 13909
0.5380251407623291, 13908
0.5390245914459229, 13907
0.5390245914459229, 13906
0.5390245914459229, 13905
0.5390245914459229, 13904
0.5390245914459229, 13903
0.5390245914459229, 13902
0.5390245914459229, 13901
0.5390245914459229, 13900
0.5390245914459229, 13899
0.5390245914459229, 13898
0.5390245914459229, 13897
0.5390245914459229, 13896
0.5390245914459229, 13895
0.5390245914459229, 13894
0.5390245914459229, 13893
0.5400240421295166, 13892
0.5400240421295166, 13891
0.5400240421295166, 13890
0.5400240421295166, 13889
0.5400240421295166, 13888
0.5400240421295166, 13887
0.5400240421295166, 13886
0.5400240421295166, 13885
0.5400240421295166, 13884
0.5400240421295166, 13883
0.5400240421295166, 13882
0.5400240421295166, 13881
0.5400240421295166, 13880
0.5400240421295166, 13879
0.5400240421295166, 13878
0.5400240421295166, 13877
0.5410242080688477, 13876
0.5410242080688477, 13875
0.5410242080688477, 13874
0.5410242080688477, 13873
0.5410242080688477, 13872
0.5410242080688477, 13871
0.5410242080688477, 13870
0.5410242080688477, 13869
0.5410242080688477, 13868
0.5410242080688477, 13867
0.5410242080688477, 13866
0.5410242080688477, 13865
0.5410242080688477, 13864
0.5410242080688477, 13863
0.5410242080688477, 13862
0.5420241355895996, 13861
0.5420241355895996, 13860
0.5420241355895996, 13859
0.5420241355895996, 13858
0.5420241355895996, 13857
0.5420241355895996, 13856
0.5420241355895996, 13855
0.5420241355895996, 13854
0.5420241355895996, 13853
0.5420241355895996, 13852
0.5420241355895996, 13851
0.5420241355895996, 13850
0.5420241355895996, 13849
0.5420241355895996, 13848
0.5420241355895996, 13847
0.5420241355895996, 13846
0.5430240631103516, 13845
0.5430240631103516, 13844
0.5430240631103516, 13843
0.5430240631103516, 13842
0.5430240631103516, 13841
0.5430240631103516, 13840
0.5430240631103516, 13839
0.5430240631103516, 13838
0.5430240631103516, 13837
0.5430240631103516, 13836
0.5430240631103516, 13835
0.5430240631103516, 13834
0.5430240631103516, 13833
0.5430240631103516, 13832
0.5430240631103516, 13831
0.5440242290496826, 13830
0.5440242290496826, 13829
0.5440242290496826, 13828
0.5440242290496826, 13827
0.5440242290496826, 13826
0.5440242290496826, 13825
0.5440242290496826, 13824
0.5440242290496826, 13823
0.5440242290496826, 13822
0.5440242290496826, 13821
0.5440242290496826, 13820
0.5440242290496826, 13819
0.5440242290496826, 13818
0.5440242290496826, 13817
0.5440242290496826, 13816
0.5450241565704346, 13815
0.5450241565704346, 13814
0.5450241565704346, 13813
0.5450241565704346, 13812
0.5450241565704346, 13811
0.5450241565704346, 13810
0.5450241565704346, 13809
0.5450241565704346, 13808
0.5450241565704346, 13807
0.5450241565704346, 13806
0.5450241565704346, 13805
0.5450241565704346, 13804
0.5450241565704346, 13803
0.5450241565704346, 13802
0.5450241565704346, 13801
0.5460238456726074, 13800
0.5460238456726074, 13799
0.5460238456726074, 13798
0.5460238456726074, 13797
0.5460238456726074, 13796
0.5460238456726074, 13795
0.5460238456726074, 13794
0.5460238456726074, 13793
0.5460238456726074, 13792
0.5460238456726074, 13791
0.5460238456726074, 13790
0.5460238456726074, 13789
0.5460238456726074, 13788
0.5460238456726074, 13787
0.5460238456726074, 13786
0.5470240116119385, 13785
0.5470240116119385, 13784
0.5470240116119385, 13783
0.5470240116119385, 13782
0.5470240116119385, 13781
0.5470240116119385, 13780
0.5470240116119385, 13779
0.5470240116119385, 13778
0.5470240116119385, 13777
0.5470240116119385, 13776
0.5470240116119385, 13775
0.5470240116119385, 13774
0.5470240116119385, 13773
0.5470240116119385, 13772
0.5470240116119385, 13771
0.5480241775512695, 13770
0.5480241775512695, 13769
0.5480241775512695, 13768
0.5480241775512695, 13767
0.5480241775512695, 13766
0.5480241775512695, 13765
0.5480241775512695, 13764
0.5480241775512695, 13763
0.5480241775512695, 13762
0.5480241775512695, 13761
0.5480241775512695, 13760
0.5480241775512695, 13759
0.5480241775512695, 13758
0.5480241775512695, 13757
0.5480241775512695, 13756
0.54901123046875, 13755
0.54901123046875, 13754
0.54901123046875, 13753
0.54901123046875, 13752
0.54901123046875, 13751
0.54901123046875, 13750
0.54901123046875, 13749
0.54901123046875, 13748
0.54901123046875, 13747
0.54901123046875, 13746
0.54901123046875, 13745
0.54901123046875, 13744
0.54901123046875, 13743
0.54901123046875, 13742
0.5500266551971436, 13741
0.5500266551971436, 13740
0.5500266551971436, 13739
0.5500266551971436, 13738
0.5500266551971436, 13737
0.5500266551971436, 13736
0.5500266551971436, 13735
0.5500266551971436, 13734
0.5500266551971436, 13733
0.5500266551971436, 13732
0.5500266551971436, 13731
0.5500266551971436, 13730
0.5500266551971436, 13729
0.5500266551971436, 13728
0.5510241985321045, 13727
0.5510241985321045, 13726
0.5510241985321045, 13725
0.5510241985321045, 13724
0.5510241985321045, 13723
0.5510241985321045, 13722
0.5510241985321045, 13721
0.5510241985321045, 13720
0.5510241985321045, 13719
0.5510241985321045, 13718
0.5510241985321045, 13717
0.5510241985321045, 13716
0.5510241985321045, 13715
0.5510241985321045, 13714
0.5510241985321045, 13713
0.5520246028900146, 13712
0.5520246028900146, 13711
0.5520246028900146, 13710
0.5520246028900146, 13709
0.5520246028900146, 13708
0.5520246028900146, 13707
0.5520246028900146, 13706
0.5520246028900146, 13705
0.5520246028900146, 13704
0.5520246028900146, 13703
0.5520246028900146, 13702
0.5520246028900146, 13701
0.5520246028900146, 13700
0.5520246028900146, 13699
0.5520246028900146, 13698
0.5530242919921875, 13697
0.5530242919921875, 13696
0.5530242919921875, 13695
0.5530242919921875, 13694
0.5530242919921875, 13693
0.5530242919921875, 13692
0.5530242919921875, 13691
0.5530242919921875, 13690
0.5530242919921875, 13689
0.5530242919921875, 13688
0.5530242919921875, 13687
0.5530242919921875, 13686
0.5530242919921875, 13685
0.5530242919921875, 13684
0.5530242919921875, 13683
0.5540239810943604, 13682
0.5540239810943604, 13681
0.5540239810943604, 13680
0.5540239810943604, 13679
0.5540239810943604, 13678
0.5540239810943604, 13677
0.5540239810943604, 13676
0.5540239810943604, 13675
0.5540239810943604, 13674
0.5540239810943604, 13673
0.5540239810943604, 13672
0.5540239810943604, 13671
0.5540239810943604, 13670
0.5540239810943604, 13669
0.5540239810943604, 13668
0.5550241470336914, 13667
0.5550241470336914, 13666
0.5550241470336914, 13665
0.5550241470336914, 13664
0.5550241470336914, 13663
0.5550241470336914, 13662
0.5550241470336914, 13661
0.5550241470336914, 13660
0.5550241470336914, 13659
0.5550241470336914, 13658
0.5550241470336914, 13657
0.5550241470336914, 13656
0.5550241470336914, 13655
0.5550241470336914, 13654
0.5550241470336914, 13653
0.5560243129730225, 13652
0.5560243129730225, 13651
0.5560243129730225, 13650
0.5560243129730225, 13649
0.5560243129730225, 13648
0.5560243129730225, 13647
0.5560243129730225, 13646
0.5560243129730225, 13645
0.5560243129730225, 13644
0.5560243129730225, 13643
0.5560243129730225, 13642
0.5560243129730225, 13641
0.5560243129730225, 13640
0.5560243129730225, 13639
0.5560243129730225, 13638
0.5570240020751953, 13637
0.5570240020751953, 13636
0.5570240020751953, 13635
0.5570240020751953, 13634
0.5570240020751953, 13633
0.5570240020751953, 13632
0.5570240020751953, 13631
0.5570240020751953, 13630
0.5570240020751953, 13629
0.5570240020751953, 13628
0.5570240020751953, 13627
0.5570240020751953, 13626
0.5570240020751953, 13625
0.5570240020751953, 13624
0.5570240020751953, 13623
0.5580239295959473, 13622
0.5580239295959473, 13621
0.5580239295959473, 13620
0.5580239295959473, 13619
0.5580239295959473, 13618
0.5580239295959473, 13617
0.5580239295959473, 13616
0.5580239295959473, 13615
0.5580239295959473, 13614
0.5580239295959473, 13613
0.5580239295959473, 13612
0.5580239295959473, 13611
0.5580239295959473, 13610
0.5580239295959473, 13609
0.5589964389801025, 13608
0.5589964389801025, 13607
0.5589964389801025, 13606
0.5589964389801025, 13605
0.5589964389801025, 13604
0.5589964389801025, 13603
0.5589964389801025, 13602
0.5589964389801025, 13601
0.5589964389801025, 13600
0.5589964389801025, 13599
0.5589964389801025, 13598
0.5589964389801025, 13597
0.5589964389801025, 13596
0.5589964389801025, 13595
0.5589964389801025, 13594
0.5589964389801025, 13593
0.5600240230560303, 13592
0.5600240230560303, 13591
0.5600240230560303, 13590
0.5600240230560303, 13589
0.5600240230560303, 13588
0.5600240230560303, 13587
0.5600240230560303, 13586
0.5600240230560303, 13585
0.5600240230560303, 13584
0.5600240230560303, 13583
0.5600240230560303, 13582
0.5600240230560303, 13581
0.5600240230560303, 13580
0.5600240230560303, 13579
0.5600240230560303, 13578
0.5610241889953613, 13577
0.5610241889953613, 13576
0.5610241889953613, 13575
0.5610241889953613, 13574
0.5610241889953613, 13573
0.5610241889953613, 13572
0.5610241889953613, 13571
0.5610241889953613, 13570
0.5610241889953613, 13569
0.5610241889953613, 13568
0.5610241889953613, 13567
0.5610241889953613, 13566
0.5610241889953613, 13565
0.5610241889953613, 13564
0.5610241889953613, 13563
0.5620520114898682, 13562
0.5620520114898682, 13561
1.7150635719299316, 13560
1.7150635719299316, 13559
1.7150635719299316, 13558
1.7150635719299316, 13557
1.7150635719299316, 13556
1.7150635719299316, 13555
1.7150635719299316, 13554
1.7150635719299316, 13553
1.7150635719299316, 13552
1.7150635719299316, 13551
1.7150635719299316, 13550
1.7150635719299316, 13549
1.7150635719299316, 13548
1.7150635719299316, 13547
1.7150635719299316, 13546
1.7160634994506836, 13545
1.7160634994506836, 13544
1.7160634994506836, 13543
1.7160634994506836, 13542
1.7160634994506836, 13541
1.7160634994506836, 13540
1.7160634994506836, 13539
1.7160634994506836, 13538
1.7160634994506836, 13537
1.7160634994506836, 13536
1.7160634994506836, 13535
1.7160634994506836, 13534
1.7160634994506836, 13533
1.7160634994506836, 13532
1.7160634994506836, 13531
1.7170639038085938, 13530
1.7170639038085938, 13529
1.7170639038085938, 13528
1.7170639038085938, 13527
1.7170639038085938, 13526
1.7170639038085938, 13525
1.7170639038085938, 13524
1.7170639038085938, 13523
1.7170639038085938, 13522
1.7170639038085938, 13521
1.7170639038085938, 13520
1.7170639038085938, 13519
1.7170639038085938, 13518
1.7170639038085938, 13517
1.7170639038085938, 13516
1.7180633544921875, 13515
1.7180633544921875, 13514
1.7180633544921875, 13513
1.7180633544921875, 13512
1.7180633544921875, 13511
1.7180633544921875, 13510
1.7180633544921875, 13509
1.7180633544921875, 13508
1.7180633544921875, 13507
1.7180633544921875, 13506
1.7180633544921875, 13505
1.7180633544921875, 13504
1.7180633544921875, 13503
1.7180633544921875, 13502
1.7180633544921875, 13501
1.7190401554107666, 13500
1.7190401554107666, 13499
1.7190401554107666, 13498
1.7190401554107666, 13497
1.7190401554107666, 13496
1.7190401554107666, 13495
1.7190401554107666, 13494
1.7190401554107666, 13493
1.7190401554107666, 13492
1.7190401554107666, 13491
1.7190401554107666, 13490
1.7190401554107666, 13489
1.7190401554107666, 13488
1.7190401554107666, 13487
1.7190401554107666, 13486
1.7200632095336914, 13485
1.7200632095336914, 13484
1.7200632095336914, 13483
2.4300100803375244, 13482
2.4300100803375244, 13481
2.4300100803375244, 13480
2.4300100803375244, 13479
2.4310081005096436, 13478
2.4310081005096436, 13477
2.4310081005096436, 13476
2.4310081005096436, 13475
2.4310081005096436, 13474
2.4310081005096436, 13473
2.4310081005096436, 13472
2.4310081005096436, 13471
2.4310081005096436, 13470
2.4310081005096436, 13469
2.4310081005096436, 13468
2.4310081005096436, 13467
2.4310081005096436, 13466
2.4310081005096436, 13465
2.4310081005096436, 13464
2.4320366382598877, 13463
2.4320366382598877, 13462
2.4320366382598877, 13461
2.4320366382598877, 13460
2.4320366382598877, 13459
2.4320366382598877, 13458
2.4320366382598877, 13457
2.4320366382598877, 13456
2.432579517364502, 13455
2.432579517364502, 13454
2.432579517364502, 13453
5.613894939422607, 13452
5.613894939422607, 13451
5.613894939422607, 13450
5.613894939422607, 13449
5.613894939422607, 13448
5.613894939422607, 13447
5.613894939422607, 13446
5.614895343780518, 13445
5.614895343780518, 13444
5.614895343780518, 13443
5.614895343780518, 13442
5.614895343780518, 13441
5.614895343780518, 13440
5.614895343780518, 13439
5.614895343780518, 13438
5.614895343780518, 13437
5.614895343780518, 13436
5.614895343780518, 13435
5.614895343780518, 13434
5.614895343780518, 13433
5.614895343780518, 13432
5.614895343780518, 13431
5.615894794464111, 13430
5.615894794464111, 13429
5.615894794464111, 13428
5.615894794464111, 13427
5.615894794464111, 13426
5.615894794464111, 13425
5.615894794464111, 13424
5.615894794464111, 13423
5.615894794464111, 13422
5.615894794464111, 13421
5.615894794464111, 13420
5.615894794464111, 13419
5.615894794464111, 13418
5.615894794464111, 13417
5.616894960403442, 13416
5.616894960403442, 13415
5.616894960403442, 13414
5.616894960403442, 13413
5.616894960403442, 13412
5.616894960403442, 13411
5.616894960403442, 13410
5.616894960403442, 13409
5.616894960403442, 13408
5.616894960403442, 13407
5.616894960403442, 13406
5.616894960403442, 13405
5.616894960403442, 13404
5.616894960403442, 13403
5.616894960403442, 13402
5.617894887924194, 13401
5.617894887924194, 13400
5.617894887924194, 13399
5.617894887924194, 13398
5.617894887924194, 13397
5.617894887924194, 13396
5.617894887924194, 13395
5.617894887924194, 13394
5.617894887924194, 13393
5.617894887924194, 13392
5.617894887924194, 13391
5.617894887924194, 13390
5.617894887924194, 13389
5.617894887924194, 13388
5.6189470291137695, 13387
5.6189470291137695, 13386
5.6189470291137695, 13385
5.6189470291137695, 13384
5.6189470291137695, 13383
5.6189470291137695, 13382
5.6189470291137695, 13381
5.6189470291137695, 13380
5.6189470291137695, 13379
5.6189470291137695, 13378
5.6189470291137695, 13377
5.6189470291137695, 13376
5.619895935058594, 13375
5.619895935058594, 13374
5.619895935058594, 13373
5.619895935058594, 13372
5.619895935058594, 13371
5.619895935058594, 13370
5.619895935058594, 13369
5.619895935058594, 13368
5.619895935058594, 13367
5.619895935058594, 13366
5.619895935058594, 13365
5.619895935058594, 13364
5.619895935058594, 13363
5.619895935058594, 13362
5.620895147323608, 13361
5.620895147323608, 13360
5.620895147323608, 13359
5.620895147323608, 13358
5.620895147323608, 13357
5.620895147323608, 13356
5.620895147323608, 13355
5.620895147323608, 13354
5.620895147323608, 13353
5.620895147323608, 13352
5.620895147323608, 13351
5.620895147323608, 13350
5.620895147323608, 13349
5.620895147323608, 13348
5.6218953132629395, 13347
5.6218953132629395, 13346
5.6218953132629395, 13345
5.6218953132629395, 13344
5.6218953132629395, 13343
5.6218953132629395, 13342
5.6218953132629395, 13341
5.6218953132629395, 13340
5.6218953132629395, 13339
5.6218953132629395, 13338
5.6218953132629395, 13337
5.6218953132629395, 13336
5.6218953132629395, 13335
5.6218953132629395, 13334
5.622894763946533, 13333
5.622894763946533, 13332
5.622894763946533, 13331
5.622894763946533, 13330
5.622894763946533, 13329
5.622894763946533, 13328
5.622894763946533, 13327
5.622894763946533, 13326
5.622894763946533, 13325
5.622894763946533, 13324
5.622894763946533, 13323
5.622894763946533, 13322
5.622894763946533, 13321
5.622894763946533, 13320
5.622894763946533, 13319
5.623894929885864, 13318
5.623894929885864, 13317
5.623894929885864, 13316
5.623894929885864, 13315
5.623894929885864, 13314
5.623894929885864, 13313
5.623894929885864, 13312
5.623894929885864, 13311
5.623894929885864, 13310
5.623894929885864, 13309
5.623894929885864, 13308
5.623894929885864, 13307
5.623894929885864, 13306
5.623894929885864, 13305
5.624894618988037, 13304
5.624894618988037, 13303
5.624894618988037, 13302
5.624894618988037, 13301
5.624894618988037, 13300
5.624894618988037, 13299
5.624894618988037, 13298
5.624894618988037, 13297
5.624894618988037, 13296
5.624894618988037, 13295
5.624894618988037, 13294
5.624894618988037, 13293
5.624894618988037, 13292
5.624894618988037, 13291
5.625894784927368, 13290
5.625894784927368, 13289
5.625894784927368, 13288
5.625894784927368, 13287
5.625894784927368, 13286
5.625894784927368, 13285
5.625894784927368, 13284
5.625894784927368, 13283
5.625894784927368, 13282
5.625894784927368, 13281
5.625894784927368, 13280
5.625894784927368, 13279
5.625894784927368, 13278
5.625894784927368, 13277
5.62689471244812, 13276
5.62689471244812, 13275
5.62689471244812, 13274
5.62689471244812, 13273
5.62689471244812, 13272
5.62689471244812, 13271
5.62689471244812, 13270
5.62689471244812, 13269
5.62689471244812, 13268
5.62689471244812, 13267
5.62689471244812, 13266
5.62689471244812, 13265
5.62689471244812, 13264
5.62689471244812, 13263
5.62689471244812, 13262
5.62789511680603, 13261
5.62789511680603, 13260
5.62789511680603, 13259
5.62789511680603, 13258
5.62789511680603, 13257
5.62789511680603, 13256
5.62789511680603, 13255
5.62789511680603, 13254
5.62789511680603, 13253
5.62789511680603, 13252
5.62789511680603, 13251
5.62789511680603, 13250
5.62789511680603, 13249
5.628895044326782, 13248
5.628895044326782, 13247
5.629000425338745, 13246
8.090030670166016, 13245
8.090030670166016, 13244
8.090030670166016, 13243
8.090030670166016, 13242
8.090030670166016, 13241
8.090030670166016, 13240
8.090030670166016, 13239
8.090030670166016, 13238
8.090030670166016, 13237
8.090030670166016, 13236
8.09103012084961, 13235
8.09103012084961, 13234
8.09103012084961, 13233
8.09103012084961, 13232
8.09103012084961, 13231
8.09103012084961, 13230
8.09103012084961, 13229
8.09103012084961, 13228
8.09103012084961, 13227
8.09103012084961, 13226
8.09103012084961, 13225
8.09103012084961, 13224
8.09103012084961, 13223
8.09103012084961, 13222
8.092031240463257, 13221
8.092031240463257, 13220
8.092031240463257, 13219
8.092031240463257, 13218
8.092031240463257, 13217
8.092031240463257, 13216
8.092031240463257, 13215
8.092031240463257, 13214
8.092031240463257, 13213
8.092031240463257, 13212
8.092031240463257, 13211
8.092031240463257, 13210
8.092031240463257, 13209
8.092031240463257, 13208
8.09303092956543, 13207
8.09303092956543, 13206
8.09303092956543, 13205
8.09303092956543, 13204
8.09303092956543, 13203
8.09303092956543, 13202
8.09303092956543, 13201
8.09303092956543, 13200
8.09303092956543, 13199
8.09303092956543, 13198
8.09303092956543, 13197
8.09303092956543, 13196
8.09303092956543, 13195
8.09303092956543, 13194
8.094030380249023, 13193
8.094030380249023, 13192
8.094030380249023, 13191
8.094030380249023, 13190
8.094030380249023, 13189
8.094030380249023, 13188
8.094030380249023, 13187
8.094030380249023, 13186
8.094030380249023, 13185
8.094030380249023, 13184
8.094030380249023, 13183
8.094030380249023, 13182
8.094030380249023, 13181
8.094030380249023, 13180
8.094030380249023, 13179
8.095031023025513, 13178
8.095031023025513, 13177
8.095031023025513, 13176
8.095031023025513, 13175
8.095031023025513, 13174
8.095031023025513, 13173
8.095031023025513, 13172
8.095031023025513, 13171
8.095031023025513, 13170
8.095031023025513, 13169
8.095031023025513, 13168
8.095031023025513, 13167
8.095031023025513, 13166
8.095031023025513, 13165
8.096030712127686, 13164
8.096030712127686, 13163
8.096030712127686, 13162
8.096030712127686, 13161
8.096030712127686, 13160
8.096030712127686, 13159
8.096030712127686, 13158
8.096030712127686, 13157
8.096030712127686, 13156
8.096030712127686, 13155
8.096030712127686, 13154
8.096030712127686, 13153
8.096030712127686, 13152
8.096030712127686, 13151
8.097031354904175, 13150
8.097031354904175, 13149
8.097031354904175, 13148
8.097031354904175, 13147
8.097031354904175, 13146
8.097031354904175, 13145
8.097031354904175, 13144
8.097031354904175, 13143
8.097031354904175, 13142
8.097031354904175, 13141
8.097031354904175, 13140
8.097031354904175, 13139
8.097031354904175, 13138
8.097031354904175, 13137
8.098030805587769, 13136
8.098030805587769, 13135
8.098030805587769, 13134
8.098030805587769, 13133
8.098030805587769, 13132
8.098030805587769, 13131
8.098030805587769, 13130
8.098030805587769, 13129
8.098030805587769, 13128
8.098030805587769, 13127
8.098030805587769, 13126
8.098030805587769, 13125
8.098030805587769, 13124
8.098030805587769, 13123
8.098988056182861, 13122
8.098988056182861, 13121
8.098988056182861, 13120
8.098988056182861, 13119
8.098988056182861, 13118
8.098988056182861, 13117
8.098988056182861, 13116
8.098988056182861, 13115
8.098988056182861, 13114
8.098988056182861, 13113
8.098988056182861, 13112
8.098988056182861, 13111
8.098988056182861, 13110
8.098988056182861, 13109
8.100030660629272, 13108
8.100030660629272, 13107
8.100030660629272, 13106
8.100030660629272, 13105
8.100030660629272, 13104
8.100030660629272, 13103
8.100030660629272, 13102
8.100030660629272, 13101
8.100030660629272, 13100
8.100030660629272, 13099
8.100030660629272, 13098
8.100030660629272, 13097
8.100030660629272, 13096
8.100030660629272, 13095
8.101029634475708, 13094
8.101029634475708, 13093
8.101029634475708, 13092
8.101029634475708, 13091
8.101029634475708, 13090
8.101029634475708, 13089
8.101029634475708, 13088
8.101029634475708, 13087
8.101029634475708, 13086
8.101029634475708, 13085
8.101029634475708, 13084
8.101029634475708, 13083
8.101029634475708, 13082
8.101029634475708, 13081
8.102083921432495, 13080
8.102083921432495, 13079
8.102083921432495, 13078
8.102083921432495, 13077
8.102083921432495, 13076
8.102083921432495, 13075
