0.2485942840576172, 14090
0.2485942840576172, 14089
0.2485942840576172, 14088
0.2485942840576172, 14087
0.2485942840576172, 14086
0.2485942840576172, 14085
0.2485942840576172, 14084
0.2485942840576172, 14083
0.2485942840576172, 14082
0.2485942840576172, 14081
0.2485942840576172, 14080
0.2485942840576172, 14079
0.2485942840576172, 14078
0.2485942840576172, 14077
0.24959421157836914, 14076
0.24959421157836914, 14075
0.24959421157836914, 14074
0.24959421157836914, 14073
0.24959421157836914, 14072
0.24959421157836914, 14071
0.24959421157836914, 14070
0.24959421157836914, 14069
0.24959421157836914, 14068
0.24959421157836914, 14067
0.24959421157836914, 14066
0.24959421157836914, 14065
0.24959421157836914, 14064
0.24959421157836914, 14063
0.2505948543548584, 14062
0.2505948543548584, 14061
0.2505948543548584, 14060
0.2505948543548584, 14059
0.2505948543548584, 14058
0.2505948543548584, 14057
0.2505948543548584, 14056
0.2505948543548584, 14055
0.2505948543548584, 14054
0.2505948543548584, 14053
0.2505948543548584, 14052
0.2505948543548584, 14051
0.2505948543548584, 14050
0.2505948543548584, 14049
0.25159573554992676, 14048
0.25159573554992676, 14047
0.25159573554992676, 14046
0.25159573554992676, 14045
0.25159573554992676, 14044
0.25159573554992676, 14043
0.25159573554992676, 14042
0.25159573554992676, 14041
0.25159573554992676, 14040
0.25159573554992676, 14039
0.25159573554992676, 14038
0.25159573554992676, 14037
0.25159573554992676, 14036
0.2525937557220459, 14035
0.2525937557220459, 14034
0.2525937557220459, 14033
0.2525937557220459, 14032
0.2525937557220459, 14031
0.2525937557220459, 14030
0.2525937557220459, 14029
0.2525937557220459, 14028
0.2525937557220459, 14027
0.2525937557220459, 14026
0.2525937557220459, 14025
0.2525937557220459, 14024
0.2525937557220459, 14023
0.2525937557220459, 14022
0.25359559059143066, 14021
0.25359559059143066, 14020
0.25359559059143066, 14019
0.25359559059143066, 14018
0.25359559059143066, 14017
0.25359559059143066, 14016
0.25359559059143066, 14015
0.25359559059143066, 14014
0.25359559059143066, 14013
0.25359559059143066, 14012
0.25359559059143066, 14011
0.25359559059143066, 14010
0.25359559059143066, 14009
0.2545952796936035, 14008
0.2545952796936035, 14007
0.2545952796936035, 14006
0.2545952796936035, 14005
0.2545952796936035, 14004
0.2545952796936035, 14003
0.2545952796936035, 14002
0.2545952796936035, 14001
0.2545952796936035, 14000
0.2545952796936035, 13999
0.2545952796936035, 13998
0.2545952796936035, 13997
0.2545952796936035, 13996
0.25559449195861816, 13995
0.25559449195861816, 13994
0.25559449195861816, 13993
0.25559449195861816, 13992
0.25559449195861816, 13991
0.25559449195861816, 13990
0.25559449195861816, 13989
0.25559449195861816, 13988
0.25559449195861816, 13987
0.25559449195861816, 13986
0.25559449195861816, 13985
0.25559449195861816, 13984
0.25559449195861816, 13983
0.2565948963165283, 13982
0.2565948963165283, 13981
0.2565948963165283, 13980
0.2565948963165283, 13979
0.2565948963165283, 13978
0.2565948963165283, 13977
0.2565948963165283, 13976
0.2565948963165283, 13975
0.2565948963165283, 13974
0.2565948963165283, 13973
0.2565948963165283, 13972
0.2565948963165283, 13971
0.2565948963165283, 13970
0.2575962543487549, 13969
0.2575962543487549, 13968
0.2575962543487549, 13967
0.2575962543487549, 13966
0.2575962543487549, 13965
0.2575962543487549, 13964
0.2575962543487549, 13963
0.2575962543487549, 13962
0.2575962543487549, 13961
0.2575962543487549, 13960
0.2575962543487549, 13959
0.2575962543487549, 13958
0.25859618186950684, 13957
0.25859618186950684, 13956
0.25859618186950684, 13955
0.25859618186950684, 13954
0.25859618186950684, 13953
0.25859618186950684, 13952
0.25859618186950684, 13951
0.25859618186950684, 13950
0.25859618186950684, 13949
0.25859618186950684, 13948
0.25859618186950684, 13947
0.25859618186950684, 13946
0.25859618186950684, 13945
0.259596586227417, 13944
0.259596586227417, 13943
0.259596586227417, 13942
0.259596586227417, 13941
0.259596586227417, 13940
0.259596586227417, 13939
0.259596586227417, 13938
0.259596586227417, 13937
0.259596586227417, 13936
0.259596586227417, 13935
0.259596586227417, 13934
0.259596586227417, 13933
0.26059627532958984, 13932
0.26059627532958984, 13931
0.26059627532958984, 13930
0.26059627532958984, 13929
0.26059627532958984, 13928
0.26059627532958984, 13927
0.26059627532958984, 13926
0.26059627532958984, 13925
0.26059627532958984, 13924
0.26059627532958984, 13923
0.26059627532958984, 13922
0.26059627532958984, 13921
0.2615954875946045, 13920
0.2615954875946045, 13919
0.2615954875946045, 13918
0.2615954875946045, 13917
0.2615954875946045, 13916
0.2615954875946045, 13915
0.2615954875946045, 13914
0.2615954875946045, 13913
0.2615954875946045, 13912
0.2615954875946045, 13911
0.2615954875946045, 13910
0.2615954875946045, 13909
0.26259517669677734, 13908
0.26259517669677734, 13907
0.26259517669677734, 13906
0.26259517669677734, 13905
0.26259517669677734, 13904
0.26259517669677734, 13903
0.26259517669677734, 13902
0.26259517669677734, 13901
0.26259517669677734, 13900
0.26259517669677734, 13899
0.26259517669677734, 13898
0.26259517669677734, 13897
0.26259517669677734, 13896
0.2635965347290039, 13895
0.2635965347290039, 13894
0.2635965347290039, 13893
0.2635965347290039, 13892
0.2635965347290039, 13891
0.2635965347290039, 13890
0.2635965347290039, 13889
0.2635965347290039, 13888
0.2635965347290039, 13887
0.2635965347290039, 13886
0.2635965347290039, 13885
0.2635965347290039, 13884
0.2635965347290039, 13883
0.26459646224975586, 13882
0.26459646224975586, 13881
0.26459646224975586, 13880
0.26459646224975586, 13879
0.26459646224975586, 13878
0.26459646224975586, 13877
0.26459646224975586, 13876
0.26459646224975586, 13875
0.2655940055847168, 13874
0.2655940055847168, 13873
0.2655940055847168, 13872
0.2655940055847168, 13871
0.2655940055847168, 13870
0.2655940055847168, 13869
0.2655940055847168, 13868
0.2655940055847168, 13867
0.2655940055847168, 13866
0.2655940055847168, 13865
0.26659274101257324, 13864
0.26659274101257324, 13863
0.26659274101257324, 13862
0.26659274101257324, 13861
0.26659274101257324, 13860
0.26659274101257324, 13859
0.26659274101257324, 13858
0.26659274101257324, 13857
0.26659274101257324, 13856
0.26659274101257324, 13855
0.26659274101257324, 13854
0.26659274101257324, 13853
0.2675929069519043, 13852
0.2675929069519043, 13851
0.2675929069519043, 13850
0.2675929069519043, 13849
0.2675929069519043, 13848
0.2675929069519043, 13847
0.2675929069519043, 13846
0.2675929069519043, 13845
0.2675929069519043, 13844
0.2675929069519043, 13843
0.2675929069519043, 13842
0.2675929069519043, 13841
0.2675929069519043, 13840
0.26859426498413086, 13839
0.26859426498413086, 13838
0.26859426498413086, 13837
0.26859426498413086, 13836
0.26859426498413086, 13835
0.26859426498413086, 13834
0.26859426498413086, 13833
0.26859426498413086, 13832
0.26859426498413086, 13831
0.26859426498413086, 13830
0.26859426498413086, 13829
0.26859426498413086, 13828
0.2695941925048828, 13827
0.2695941925048828, 13826
0.2695941925048828, 13825
0.2695941925048828, 13824
0.2695941925048828, 13823
0.2695941925048828, 13822
0.2695941925048828, 13821
0.2695941925048828, 13820
0.2695941925048828, 13819
0.2695941925048828, 13818
0.2695941925048828, 13817
0.2695941925048828, 13816
0.27059316635131836, 13815
0.27059316635131836, 13814
0.27059316635131836, 13813
0.27059316635131836, 13812
0.27059316635131836, 13811
0.27059316635131836, 13810
0.27059316635131836, 13809
0.27059316635131836, 13808
0.27059316635131836, 13807
0.27059316635131836, 13806
0.27059316635131836, 13805
0.27059316635131836, 13804
0.27059316635131836, 13803
0.2715950012207031, 13802
0.2715950012207031, 13801
0.2715950012207031, 13800
0.2715950012207031, 13799
0.2715950012207031, 13798
0.2715950012207031, 13797
0.2715950012207031, 13796
0.2715950012207031, 13795
0.2715950012207031, 13794
0.2715950012207031, 13793
0.2715950012207031, 13792
0.2715950012207031, 13791
0.272597074508667, 13790
0.272597074508667, 13789
0.272597074508667, 13788
0.272597074508667, 13787
0.272597074508667, 13786
0.272597074508667, 13785
0.272597074508667, 13784
0.272597074508667, 13783
0.272597074508667, 13782
0.272597074508667, 13781
0.2735929489135742, 13780
0.2735929489135742, 13779
0.2735929489135742, 13778
0.2735929489135742, 13777
0.2735929489135742, 13776
0.2735929489135742, 13775
0.2735929489135742, 13774
0.2735929489135742, 13773
0.2735929489135742, 13772
0.27459239959716797, 13771
0.27459239959716797, 13770
0.27459239959716797, 13769
0.27459239959716797, 13768
0.27459239959716797, 13767
0.27459239959716797, 13766
0.27459239959716797, 13765
0.27459239959716797, 13764
0.27459239959716797, 13763
0.2755928039550781, 13762
0.2755928039550781, 13761
0.2755928039550781, 13760
0.2755928039550781, 13759
0.2755928039550781, 13758
0.2755928039550781, 13757
0.2755928039550781, 13756
0.2755928039550781, 13755
0.2765936851501465, 13754
0.2765936851501465, 13753
0.2765936851501465, 13752
0.2765936851501465, 13751
0.2765936851501465, 13750
0.2765936851501465, 13749
0.2765936851501465, 13748
0.2765936851501465, 13747
0.2765936851501465, 13746
0.27759385108947754, 13745
0.27759385108947754, 13744
0.27759385108947754, 13743
0.27759385108947754, 13742
0.27759385108947754, 13741
0.27759385108947754, 13740
0.27759385108947754, 13739
0.27759385108947754, 13738
0.27759385108947754, 13737
0.27759385108947754, 13736
0.2785916328430176, 13735
0.2785916328430176, 13734
0.2785916328430176, 13733
0.2785916328430176, 13732
0.2785916328430176, 13731
0.2785916328430176, 13730
0.2785916328430176, 13729
0.2785916328430176, 13728
0.2785916328430176, 13727
0.27959227561950684, 13726
0.27959227561950684, 13725
0.27959227561950684, 13724
0.27959227561950684, 13723
0.27959227561950684, 13722
0.27959227561950684, 13721
0.27959227561950684, 13720
0.27959227561950684, 13719
0.27959227561950684, 13718
0.2805910110473633, 13717
0.2805910110473633, 13716
0.2805910110473633, 13715
0.2805910110473633, 13714
0.2805910110473633, 13713
0.2805910110473633, 13712
0.2805910110473633, 13711
0.2805910110473633, 13710
0.2805910110473633, 13709
0.28159451484680176, 13708
0.28159451484680176, 13707
0.28159451484680176, 13706
0.28159451484680176, 13705
0.28159451484680176, 13704
0.28159451484680176, 13703
0.28159451484680176, 13702
0.28159451484680176, 13701
0.2825925350189209, 13700
0.2825925350189209, 13699
0.2825925350189209, 13698
1.282881259918213, 13697
1.282881259918213, 13696
1.282881259918213, 13695
1.282881259918213, 13694
1.282881259918213, 13693
1.282881259918213, 13692
1.282881259918213, 13691
1.282881259918213, 13690
1.2838809490203857, 13689
1.2838809490203857, 13688
1.2838809490203857, 13687
1.2838809490203857, 13686
1.2838809490203857, 13685
1.2838809490203857, 13684
1.2838809490203857, 13683
1.2838809490203857, 13682
1.2838809490203857, 13681
1.2838809490203857, 13680
1.2838809490203857, 13679
1.284881353378296, 13678
1.284881353378296, 13677
1.284881353378296, 13676
1.284881353378296, 13675
1.284881353378296, 13674
1.284881353378296, 13673
1.284881353378296, 13672
1.284881353378296, 13671
1.284881353378296, 13670
1.284881353378296, 13669
1.284881353378296, 13668
1.2858822345733643, 13667
1.2858822345733643, 13666
1.2858822345733643, 13665
1.2858822345733643, 13664
1.2858822345733643, 13663
1.2858822345733643, 13662
1.2858822345733643, 13661
1.2858822345733643, 13660
1.2858822345733643, 13659
1.2858822345733643, 13658
1.286881446838379, 13657
1.286881446838379, 13656
1.286881446838379, 13655
1.286881446838379, 13654
1.286881446838379, 13653
1.286881446838379, 13652
1.286881446838379, 13651
1.286881446838379, 13650
1.286881446838379, 13649
1.286881446838379, 13648
1.286881446838379, 13647
1.2878811359405518, 13646
1.2878811359405518, 13645
1.2878811359405518, 13644
1.2878811359405518, 13643
1.2878811359405518, 13642
1.2878811359405518, 13641
1.2878811359405518, 13640
1.2878811359405518, 13639
1.2878811359405518, 13638
1.2888827323913574, 13637
1.2888827323913574, 13636
1.2888827323913574, 13635
1.2888827323913574, 13634
1.2888827323913574, 13633
1.2888827323913574, 13632
1.2888827323913574, 13631
1.2888827323913574, 13630
1.2888827323913574, 13629
1.543494701385498, 13628
1.543494701385498, 13627
1.543494701385498, 13626
1.543494701385498, 13625
1.543494701385498, 13624
1.543494701385498, 13623
1.544492483139038, 13622
1.544492483139038, 13621
1.544492483139038, 13620
1.544492483139038, 13619
1.544492483139038, 13618
1.544492483139038, 13617
1.544492483139038, 13616
1.544492483139038, 13615
1.544492483139038, 13614
1.5454931259155273, 13613
1.5454931259155273, 13612
1.5454931259155273, 13611
1.5454931259155273, 13610
1.5454931259155273, 13609
1.5454931259155273, 13608
1.5454931259155273, 13607
1.5454931259155273, 13606
1.546492338180542, 13605
1.546492338180542, 13604
1.546492338180542, 13603
1.546492338180542, 13602
1.546492338180542, 13601
1.546492338180542, 13600
1.546492338180542, 13599
1.547492265701294, 13598
1.547544002532959, 13597
1.547659158706665, 13596
1.547659158706665, 13595
1.547659158706665, 13594
1.547659158706665, 13593
1.547659158706665, 13592
1.547659158706665, 13591
1.5484933853149414, 13590
1.5484933853149414, 13589
1.5484933853149414, 13588
1.5484933853149414, 13587
1.5484933853149414, 13586
1.5484933853149414, 13585
1.5484933853149414, 13584
1.5484933853149414, 13583
1.549492597579956, 13582
1.549492597579956, 13581
1.549492597579956, 13580
1.549492597579956, 13579
1.549492597579956, 13578
1.549492597579956, 13577
1.549492597579956, 13576
2.5269100666046143, 13575
2.5269100666046143, 13574
2.5269100666046143, 13573
2.5269100666046143, 13572
2.5269100666046143, 13571
2.5269100666046143, 13570
2.5269100666046143, 13569
2.5269100666046143, 13568
2.5269100666046143, 13567
2.5269100666046143, 13566
2.5279088020324707, 13565
2.5279088020324707, 13564
2.5279088020324707, 13563
2.5279088020324707, 13562
2.5279088020324707, 13561
2.5279088020324707, 13560
2.5279088020324707, 13559
2.5279088020324707, 13558
2.5279088020324707, 13557
2.5279088020324707, 13556
2.5279088020324707, 13555
2.5279088020324707, 13554
2.5279088020324707, 13553
2.5279088020324707, 13552
2.52890944480896, 13551
2.52890944480896, 13550
2.52890944480896, 13549
2.52890944480896, 13548
2.52890944480896, 13547
2.52890944480896, 13546
2.52890944480896, 13545
2.52890944480896, 13544
2.52890944480896, 13543
2.52890944480896, 13542
2.52890944480896, 13541
2.52890944480896, 13540
2.52890944480896, 13539
2.52890944480896, 13538
2.5299134254455566, 13537
2.5299134254455566, 13536
2.5299134254455566, 13535
2.5299134254455566, 13534
2.5299134254455566, 13533
2.5299134254455566, 13532
2.5299134254455566, 13531
2.5299134254455566, 13530
2.5299134254455566, 13529
2.5299134254455566, 13528
2.5299134254455566, 13527
2.5299134254455566, 13526
2.5299134254455566, 13525
2.5309128761291504, 13524
2.5309128761291504, 13523
2.5309128761291504, 13522
2.5309128761291504, 13521
2.5309128761291504, 13520
2.5309128761291504, 13519
2.5314080715179443, 13518
2.5314080715179443, 13517
2.5314080715179443, 13516
2.5314080715179443, 13515
2.5314080715179443, 13514
2.5314080715179443, 13513
2.5314080715179443, 13512
2.5319128036499023, 13511
2.5319128036499023, 13510
2.5319128036499023, 13509
2.5319128036499023, 13508
2.5319128036499023, 13507
2.5319128036499023, 13506
2.5319128036499023, 13505
2.5319128036499023, 13504
2.5319128036499023, 13503
2.5319128036499023, 13502
2.5319128036499023, 13501
2.5319128036499023, 13500
2.5329103469848633, 13499
2.5329103469848633, 13498
2.5329103469848633, 13497
2.5329103469848633, 13496
2.5329103469848633, 13495
2.5329103469848633, 13494
2.5329103469848633, 13493
2.5329103469848633, 13492
2.5329103469848633, 13491
2.5329103469848633, 13490
2.5329103469848633, 13489
2.5339150428771973, 13488
2.5339150428771973, 13487
2.5339150428771973, 13486
2.5339150428771973, 13485
2.5339150428771973, 13484
2.5339150428771973, 13483
2.5339150428771973, 13482
2.5339150428771973, 13481
2.5339150428771973, 13480
2.5339150428771973, 13479
2.5349135398864746, 13478
2.5349135398864746, 13477
2.5349135398864746, 13476
2.5349135398864746, 13475
2.5349135398864746, 13474
2.5349135398864746, 13473
2.5349135398864746, 13472
2.5349135398864746, 13471
2.5349135398864746, 13470
2.5349135398864746, 13469
2.5349135398864746, 13468
2.5349135398864746, 13467
2.5349135398864746, 13466
2.535910129547119, 13465
2.535910129547119, 13464
2.535910129547119, 13463
2.535910129547119, 13462
2.535910129547119, 13461
2.535910129547119, 13460
2.535910129547119, 13459
2.535910129547119, 13458
2.535910129547119, 13457
2.535910129547119, 13456
2.535910129547119, 13455
2.535910129547119, 13454
2.5369105339050293, 13453
2.5369105339050293, 13452
2.5369105339050293, 13451
2.5369105339050293, 13450
2.5369105339050293, 13449
2.5369105339050293, 13448
2.5369105339050293, 13447
2.5369105339050293, 13446
2.5369105339050293, 13445
2.5369105339050293, 13444
2.5369105339050293, 13443
2.5369105339050293, 13442
2.5369105339050293, 13441
2.537909746170044, 13440
2.537909746170044, 13439
2.537909746170044, 13438
2.537909746170044, 13437
2.537909746170044, 13436
2.537909746170044, 13435
2.537909746170044, 13434
2.537909746170044, 13433
2.537909746170044, 13432
2.537909746170044, 13431
2.537909746170044, 13430
2.537909746170044, 13429
2.5389130115509033, 13428
2.5389130115509033, 13427
2.5389130115509033, 13426
2.5389130115509033, 13425
2.5389130115509033, 13424
2.5389130115509033, 13423
2.5389130115509033, 13422
2.5389130115509033, 13421
2.5389130115509033, 13420
2.5389130115509033, 13419
2.5389130115509033, 13418
2.5389130115509033, 13417
2.5399105548858643, 13416
2.5399105548858643, 13415
2.5399105548858643, 13414
2.5399105548858643, 13413
2.5399105548858643, 13412
2.5399105548858643, 13411
2.5399105548858643, 13410
2.5399105548858643, 13409
2.5399105548858643, 13408
2.5399105548858643, 13407
2.5399105548858643, 13406
2.5399105548858643, 13405
2.5409109592437744, 13404
2.5409109592437744, 13403
2.5409109592437744, 13402
2.5409109592437744, 13401
2.5409109592437744, 13400
2.5409109592437744, 13399
2.5409109592437744, 13398
2.5409109592437744, 13397
2.5409109592437744, 13396
2.5409109592437744, 13395
2.5409109592437744, 13394
2.5409109592437744, 13393
2.541912794113159, 13392
2.541912794113159, 13391
2.541912794113159, 13390
2.541912794113159, 13389
2.541912794113159, 13388
2.541912794113159, 13387
2.541912794113159, 13386
2.541912794113159, 13385
2.541912794113159, 13384
2.541912794113159, 13383
2.541912794113159, 13382
2.541912794113159, 13381
2.5429129600524902, 13380
2.5429129600524902, 13379
2.5429129600524902, 13378
2.5429129600524902, 13377
2.5429129600524902, 13376
2.5429129600524902, 13375
2.5429129600524902, 13374
2.5429129600524902, 13373
2.5429129600524902, 13372
2.5429129600524902, 13371
2.5429129600524902, 13370
2.5429129600524902, 13369
2.543914318084717, 13368
2.543914318084717, 13367
2.543914318084717, 13366
2.543914318084717, 13365
2.543914318084717, 13364
2.543914318084717, 13363
2.543914318084717, 13362
2.543914318084717, 13361
2.543914318084717, 13360
2.543914318084717, 13359
2.543914318084717, 13358
2.543914318084717, 13357
2.5449090003967285, 13356
2.5449090003967285, 13355
2.5449090003967285, 13354
2.5449090003967285, 13353
2.5449090003967285, 13352
2.5449090003967285, 13351
2.5449090003967285, 13350
2.5449090003967285, 13349
2.5449090003967285, 13348
2.5449090003967285, 13347
2.5449090003967285, 13346
2.5449090003967285, 13345
2.5459115505218506, 13344
2.5459115505218506, 13343
2.5459115505218506, 13342
2.5459115505218506, 13341
2.5459115505218506, 13340
2.5459115505218506, 13339
2.5459115505218506, 13338
2.5459115505218506, 13337
2.5459115505218506, 13336
2.5459115505218506, 13335
2.5459115505218506, 13334
2.5459115505218506, 13333
2.5469119548797607, 13332
2.5469119548797607, 13331
2.5469119548797607, 13330
2.5469119548797607, 13329
2.5469119548797607, 13328
2.5469119548797607, 13327
2.5469119548797607, 13326
2.5469119548797607, 13325
2.5469119548797607, 13324
2.5469119548797607, 13323
2.5469119548797607, 13322
2.5469119548797607, 13321
2.5479140281677246, 13320
2.5479140281677246, 13319
2.5479140281677246, 13318
2.5479140281677246, 13317
2.5479140281677246, 13316
2.5479140281677246, 13315
