0.17785096168518066, 14013
0.17785096168518066, 14012
0.17885136604309082, 14011
0.17885136604309082, 14010
0.17885136604309082, 14009
0.17885136604309082, 14008
0.17885136604309082, 14007
0.17885136604309082, 14006
0.17885136604309082, 14005
0.17885136604309082, 14004
0.17885136604309082, 14003
0.17885136604309082, 14002
0.17885136604309082, 14001
0.17885136604309082, 14000
0.17885136604309082, 13999
0.17885136604309082, 13998
0.17885136604309082, 13997
0.17885136604309082, 13996
0.17985105514526367, 13995
0.17985105514526367, 13994
0.17985105514526367, 13993
0.17985105514526367, 13992
0.17985105514526367, 13991
0.17985105514526367, 13990
0.17985105514526367, 13989
0.17985105514526367, 13988
0.17985105514526367, 13987
0.17985105514526367, 13986
0.17985105514526367, 13985
0.17985105514526367, 13984
0.17985105514526367, 13983
0.17985105514526367, 13982
0.18085098266601562, 13981
0.18085098266601562, 13980
0.18085098266601562, 13979
0.18085098266601562, 13978
0.18085098266601562, 13977
0.18085098266601562, 13976
0.18085098266601562, 13975
0.18085098266601562, 13974
0.18085098266601562, 13973
0.18085098266601562, 13972
0.18085098266601562, 13971
0.18085098266601562, 13970
0.18085098266601562, 13969
0.18085098266601562, 13968
0.18085098266601562, 13967
0.18085098266601562, 13966
0.18185114860534668, 13965
0.18185114860534668, 13964
0.18185114860534668, 13963
0.18185114860534668, 13962
0.18185114860534668, 13961
0.18185114860534668, 13960
0.18185114860534668, 13959
0.18185114860534668, 13958
0.18185114860534668, 13957
0.18185114860534668, 13956
0.18185114860534668, 13955
0.18185114860534668, 13954
0.18185114860534668, 13953
0.18185114860534668, 13952
0.18185114860534668, 13951
0.18285083770751953, 13950
0.18285083770751953, 13949
0.18285083770751953, 13948
0.18285083770751953, 13947
0.18285083770751953, 13946
0.18285083770751953, 13945
0.18285083770751953, 13944
0.18285083770751953, 13943
0.18285083770751953, 13942
0.18285083770751953, 13941
0.18285083770751953, 13940
0.18285083770751953, 13939
0.18285083770751953, 13938
0.18285083770751953, 13937
0.18285083770751953, 13936
0.18385100364685059, 13935
0.18385100364685059, 13934
0.18385100364685059, 13933
0.18385100364685059, 13932
0.18385100364685059, 13931
0.18385100364685059, 13930
0.18385100364685059, 13929
0.18385100364685059, 13928
0.18385100364685059, 13927
0.18385100364685059, 13926
0.18385100364685059, 13925
0.18385100364685059, 13924
0.18385100364685059, 13923
0.18385100364685059, 13922
0.18385100364685059, 13921
0.18485116958618164, 13920
0.18485116958618164, 13919
0.18485116958618164, 13918
0.18485116958618164, 13917
0.18485116958618164, 13916
0.18485116958618164, 13915
0.37587499618530273, 13914
0.37587499618530273, 13913
0.37587499618530273, 13912
0.37587499618530273, 13911
0.37587499618530273, 13910
0.3768761157989502, 13909
0.3768761157989502, 13908
0.3768761157989502, 13907
0.3768761157989502, 13906
0.3768761157989502, 13905
0.3768761157989502, 13904
0.3768761157989502, 13903
0.3768761157989502, 13902
0.3768761157989502, 13901
0.3768761157989502, 13900
0.3768761157989502, 13899
0.3768761157989502, 13898
0.3768761157989502, 13897
0.3768761157989502, 13896
0.3778810501098633, 13895
0.3778810501098633, 13894
0.3778810501098633, 13893
0.3778810501098633, 13892
0.3778810501098633, 13891
0.3778810501098633, 13890
0.3778810501098633, 13889
0.3783900737762451, 13888
0.3783900737762451, 13887
0.3783900737762451, 13886
0.3783900737762451, 13885
0.3783900737762451, 13884
0.3783900737762451, 13883
0.3783900737762451, 13882
0.3783900737762451, 13881
0.3783900737762451, 13880
0.3783900737762451, 13879
0.3783900737762451, 13878
0.3783900737762451, 13877
0.3783900737762451, 13876
0.3783900737762451, 13875
0.3783900737762451, 13874
0.3783900737762451, 13873
0.37940001487731934, 13872
0.37940001487731934, 13871
0.37940001487731934, 13870
0.37940001487731934, 13869
0.37940001487731934, 13868
0.37940001487731934, 13867
0.37940001487731934, 13866
0.37940001487731934, 13865
0.37940001487731934, 13864
0.37940001487731934, 13863
0.37940001487731934, 13862
0.37940001487731934, 13861
0.37940001487731934, 13860
0.37940001487731934, 13859
0.37940001487731934, 13858
0.3804023265838623, 13857
0.3804023265838623, 13856
0.3804023265838623, 13855
0.3804023265838623, 13854
0.3804023265838623, 13853
0.3804023265838623, 13852
0.3804023265838623, 13851
0.3804023265838623, 13850
0.3804023265838623, 13849
0.3804023265838623, 13848
0.3804023265838623, 13847
0.3804023265838623, 13846
0.3804023265838623, 13845
0.3804023265838623, 13844
0.3804023265838623, 13843
0.381411075592041, 13842
0.381411075592041, 13841
0.381411075592041, 13840
0.381411075592041, 13839
0.381411075592041, 13838
0.381411075592041, 13837
0.381411075592041, 13836
0.381411075592041, 13835
0.381411075592041, 13834
0.381411075592041, 13833
0.381411075592041, 13832
0.381411075592041, 13831
0.381411075592041, 13830
0.381411075592041, 13829
0.381411075592041, 13828
0.382413387298584, 13827
0.382413387298584, 13826
0.382413387298584, 13825
0.382413387298584, 13824
0.382413387298584, 13823
0.382413387298584, 13822
0.382413387298584, 13821
0.382413387298584, 13820
0.3829538822174072, 13819
0.3829538822174072, 13818
0.3829538822174072, 13817
0.3829538822174072, 13816
0.3829538822174072, 13815
0.3829538822174072, 13814
0.3829538822174072, 13813
0.3829538822174072, 13812
0.38347315788269043, 13811
0.38347315788269043, 13810
0.38347315788269043, 13809
0.38347315788269043, 13808
0.38347315788269043, 13807
0.38347315788269043, 13806
0.38347315788269043, 13805
0.38347315788269043, 13804
0.38347315788269043, 13803
0.38347315788269043, 13802
0.38347315788269043, 13801
0.38347315788269043, 13800
0.38347315788269043, 13799
0.38347315788269043, 13798
0.38347315788269043, 13797
0.38347315788269043, 13796
0.3845193386077881, 13795
0.3845193386077881, 13794
0.3845193386077881, 13793
0.3845193386077881, 13792
0.3845193386077881, 13791
0.3845193386077881, 13790
0.3845193386077881, 13789
0.3845193386077881, 13788
0.3845193386077881, 13787
0.3845193386077881, 13786
0.3845193386077881, 13785
0.3845193386077881, 13784
0.3845193386077881, 13783
0.3845193386077881, 13782
0.3845193386077881, 13781
0.3855271339416504, 13780
0.3855271339416504, 13779
0.3855271339416504, 13778
0.3855271339416504, 13777
0.3855271339416504, 13776
0.3855271339416504, 13775
0.3855271339416504, 13774
0.3855271339416504, 13773
0.3855271339416504, 13772
0.3855271339416504, 13771
0.3855271339416504, 13770
0.3855271339416504, 13769
0.3855271339416504, 13768
0.3855271339416504, 13767
0.3855271339416504, 13766
0.3855271339416504, 13765
0.38652968406677246, 13764
0.38652968406677246, 13763
0.38652968406677246, 13762
0.38652968406677246, 13761
0.38652968406677246, 13760
0.38652968406677246, 13759
0.38652968406677246, 13758
0.38652968406677246, 13757
0.38652968406677246, 13756
0.38652968406677246, 13755
0.38652968406677246, 13754
0.38652968406677246, 13753
0.5641381740570068, 13752
0.5641381740570068, 13751
0.5641381740570068, 13750
0.5641381740570068, 13749
0.5641381740570068, 13748
0.5641381740570068, 13747
0.5651357173919678, 13746
0.5651357173919678, 13745
0.5651357173919678, 13744
0.5651357173919678, 13743
0.5651357173919678, 13742
0.5651357173919678, 13741
0.5651357173919678, 13740
0.5651357173919678, 13739
0.5651357173919678, 13738
0.5651357173919678, 13737
0.5651357173919678, 13736
0.5651357173919678, 13735
0.5651357173919678, 13734
0.5651357173919678, 13733
0.5651357173919678, 13732
0.5661356449127197, 13731
0.5661356449127197, 13730
0.5661356449127197, 13729
0.5661356449127197, 13728
0.5661356449127197, 13727
0.5661356449127197, 13726
0.5661356449127197, 13725
0.5661356449127197, 13724
0.5661356449127197, 13723
0.5661356449127197, 13722
0.5661356449127197, 13721
0.5661356449127197, 13720
0.5661356449127197, 13719
0.5661356449127197, 13718
0.5661356449127197, 13717
0.5671350955963135, 13716
0.5671350955963135, 13715
0.5671350955963135, 13714
0.5671350955963135, 13713
0.5671350955963135, 13712
0.5671350955963135, 13711
0.5671350955963135, 13710
0.5671350955963135, 13709
0.5671350955963135, 13708
0.5671350955963135, 13707
0.5671350955963135, 13706
0.5671350955963135, 13705
0.5671350955963135, 13704
0.5671350955963135, 13703
0.5671350955963135, 13702
0.5681345462799072, 13701
0.5681345462799072, 13700
0.5681345462799072, 13699
0.5681345462799072, 13698
0.5681345462799072, 13697
0.5681345462799072, 13696
0.5681345462799072, 13695
0.5681345462799072, 13694
0.5681345462799072, 13693
0.5681345462799072, 13692
0.5681345462799072, 13691
0.5681345462799072, 13690
0.5681345462799072, 13689
0.5681345462799072, 13688
0.5681345462799072, 13687
0.5691349506378174, 13686
0.5691349506378174, 13685
0.5691349506378174, 13684
0.5691349506378174, 13683
0.5691349506378174, 13682
0.5691349506378174, 13681
0.5691349506378174, 13680
0.5691349506378174, 13679
0.5691349506378174, 13678
0.5691349506378174, 13677
0.5691349506378174, 13676
0.5691349506378174, 13675
0.5691349506378174, 13674
0.5691349506378174, 13673
0.5691349506378174, 13672
0.5701353549957275, 13671
0.5701353549957275, 13670
0.5701353549957275, 13669
0.5701353549957275, 13668
0.5701353549957275, 13667
0.5701353549957275, 13666
0.5701353549957275, 13665
0.5701353549957275, 13664
0.5701353549957275, 13663
0.5701353549957275, 13662
0.5701353549957275, 13661
0.5701353549957275, 13660
0.5701353549957275, 13659
0.5701353549957275, 13658
0.5701353549957275, 13657
0.5711345672607422, 13656
0.5711345672607422, 13655
0.5711345672607422, 13654
0.5711345672607422, 13653
0.5711345672607422, 13652
0.5711345672607422, 13651
0.5711345672607422, 13650
0.5711345672607422, 13649
0.5711345672607422, 13648
0.5711345672607422, 13647
0.5711345672607422, 13646
0.5711345672607422, 13645
0.5711345672607422, 13644
0.5711345672607422, 13643
0.5711345672607422, 13642
0.5711345672607422, 13641
0.5721352100372314, 13640
0.5721352100372314, 13639
0.5721352100372314, 13638
0.5721352100372314, 13637
0.5721352100372314, 13636
0.5721352100372314, 13635
0.5721352100372314, 13634
0.5721352100372314, 13633
0.5721352100372314, 13632
0.5721352100372314, 13631
0.5721352100372314, 13630
0.5731351375579834, 13629
0.5731351375579834, 13628
0.5731351375579834, 13627
0.5731351375579834, 13626
0.5731351375579834, 13625
0.5731351375579834, 13624
0.5731351375579834, 13623
0.5731351375579834, 13622
0.5731351375579834, 13621
0.5731351375579834, 13620
0.5731351375579834, 13619
0.5741353034973145, 13618
0.5741353034973145, 13617
0.5741353034973145, 13616
0.5741353034973145, 13615
0.5741353034973145, 13614
0.5741353034973145, 13613
0.5741353034973145, 13612
0.5741353034973145, 13611
0.5741353034973145, 13610
0.5741353034973145, 13609
0.5741353034973145, 13608
0.5741353034973145, 13607
0.5751354694366455, 13606
0.5751354694366455, 13605
0.5751354694366455, 13604
0.5751354694366455, 13603
0.5751354694366455, 13602
0.5751354694366455, 13601
0.5751354694366455, 13600
0.5751354694366455, 13599
0.5751354694366455, 13598
0.5751354694366455, 13597
0.5751354694366455, 13596
0.5751354694366455, 13595
0.5761346817016602, 13594
0.5761346817016602, 13593
0.5761346817016602, 13592
0.5761346817016602, 13591
0.5761346817016602, 13590
0.5761346817016602, 13589
0.5761346817016602, 13588
0.5761346817016602, 13587
0.5761346817016602, 13586
0.5771346092224121, 13585
0.5771346092224121, 13584
0.5771346092224121, 13583
0.5771346092224121, 13582
0.5771346092224121, 13581
0.5771346092224121, 13580
0.5771346092224121, 13579
0.5771346092224121, 13578
0.5771346092224121, 13577
0.5771346092224121, 13576
0.5781354904174805, 13575
0.5781354904174805, 13574
0.5781354904174805, 13573
0.5781354904174805, 13572
0.5781354904174805, 13571
0.5781354904174805, 13570
0.5781354904174805, 13569
0.5781354904174805, 13568
0.5781354904174805, 13567
0.5781354904174805, 13566
0.5781354904174805, 13565
0.5791354179382324, 13564
0.5791981220245361, 13563
0.5791981220245361, 13562
0.5791981220245361, 13561
0.5791981220245361, 13560
0.5791981220245361, 13559
0.5791981220245361, 13558
0.5791981220245361, 13557
0.5791981220245361, 13556
0.5791981220245361, 13555
0.5791981220245361, 13554
0.5801348686218262, 13553
0.5801348686218262, 13552
0.5801348686218262, 13551
0.5801348686218262, 13550
0.5801348686218262, 13549
0.5801348686218262, 13548
0.5801348686218262, 13547
0.5801348686218262, 13546
0.5801348686218262, 13545
0.5801348686218262, 13544
0.5811350345611572, 13543
0.5811350345611572, 13542
0.5811350345611572, 13541
0.5811350345611572, 13540
0.5811350345611572, 13539
0.5811350345611572, 13538
0.5811350345611572, 13537
0.5811350345611572, 13536
0.5811350345611572, 13535
0.5811350345611572, 13534
0.5811350345611572, 13533
0.5811350345611572, 13532
0.5811350345611572, 13531
0.5811350345611572, 13530
0.5811350345611572, 13529
0.5821337699890137, 13528
0.5821337699890137, 13527
0.5821337699890137, 13526
0.5821337699890137, 13525
0.5821337699890137, 13524
0.5821337699890137, 13523
0.5821337699890137, 13522
0.5821337699890137, 13521
0.5821337699890137, 13520
0.5821337699890137, 13519
0.5821337699890137, 13518
0.5821337699890137, 13517
0.5821337699890137, 13516
0.5831377506256104, 13515
0.5831377506256104, 13514
0.5831377506256104, 13513
0.5831377506256104, 13512
0.5831377506256104, 13511
0.5831377506256104, 13510
0.5831377506256104, 13509
0.5831377506256104, 13508
0.5831377506256104, 13507
0.5831377506256104, 13506
0.5831377506256104, 13505
0.5831377506256104, 13504
0.5831377506256104, 13503
0.5831377506256104, 13502
0.5831377506256104, 13501
0.5841343402862549, 13500
0.5841343402862549, 13499
0.5841343402862549, 13498
0.5841343402862549, 13497
0.5841343402862549, 13496
0.5841343402862549, 13495
0.5841343402862549, 13494
0.5841343402862549, 13493
0.5841343402862549, 13492
0.5841343402862549, 13491
0.5841343402862549, 13490
0.5841343402862549, 13489
0.5841343402862549, 13488
0.5841343402862549, 13487
0.5841343402862549, 13486
0.5851376056671143, 13485
0.5851376056671143, 13484
0.5851376056671143, 13483
0.5851376056671143, 13482
0.5851376056671143, 13481
0.5851376056671143, 13480
0.5851376056671143, 13479
0.5851376056671143, 13478
0.5851376056671143, 13477
0.5851376056671143, 13476
0.5851376056671143, 13475
0.5851376056671143, 13474
0.5851376056671143, 13473
0.5851376056671143, 13472
0.5851376056671143, 13471
0.5861344337463379, 13470
0.5861344337463379, 13469
0.5861344337463379, 13468
0.5861344337463379, 13467
0.5861344337463379, 13466
0.5861344337463379, 13465
0.5861344337463379, 13464
0.5861344337463379, 13463
0.5861344337463379, 13462
0.5861344337463379, 13461
0.5861344337463379, 13460
0.5861344337463379, 13459
0.5861344337463379, 13458
0.5861344337463379, 13457
0.5861344337463379, 13456
0.58713698387146, 13455
0.58713698387146, 13454
0.58713698387146, 13453
0.58713698387146, 13452
0.58713698387146, 13451
0.58713698387146, 13450
0.58713698387146, 13449
0.58713698387146, 13448
0.58713698387146, 13447
0.58713698387146, 13446
0.58713698387146, 13445
0.58713698387146, 13444
0.58713698387146, 13443
0.58713698387146, 13442
0.58713698387146, 13441
0.5881361961364746, 13440
0.5881361961364746, 13439
0.5881361961364746, 13438
0.5881361961364746, 13437
0.5881361961364746, 13436
0.5881361961364746, 13435
0.5881361961364746, 13434
0.5881361961364746, 13433
0.5881361961364746, 13432
0.5881361961364746, 13431
0.5881361961364746, 13430
0.5881361961364746, 13429
0.5881361961364746, 13428
0.5881361961364746, 13427
0.5881361961364746, 13426
0.5891366004943848, 13425
0.5891366004943848, 13424
0.5891366004943848, 13423
0.5891366004943848, 13422
0.5891366004943848, 13421
0.5891366004943848, 13420
0.5891366004943848, 13419
0.5891366004943848, 13418
0.5891366004943848, 13417
0.5891366004943848, 13416
0.5891366004943848, 13415
0.5891366004943848, 13414
0.5891366004943848, 13413
0.5891366004943848, 13412
0.5901336669921875, 13411
0.5901336669921875, 13410
0.5902078151702881, 13409
0.5902078151702881, 13408
0.5902078151702881, 13407
0.5902078151702881, 13406
0.5902078151702881, 13405
0.5902078151702881, 13404
0.5902078151702881, 13403
0.5902078151702881, 13402
0.5902078151702881, 13401
0.5902078151702881, 13400
0.5902078151702881, 13399
0.5902078151702881, 13398
0.5902078151702881, 13397
0.5911352634429932, 13396
0.5911352634429932, 13395
0.5911352634429932, 13394
0.5911352634429932, 13393
0.5911352634429932, 13392
0.5911352634429932, 13391
0.5911352634429932, 13390
0.5911352634429932, 13389
0.5911352634429932, 13388
0.5911352634429932, 13387
0.5911352634429932, 13386
0.5911352634429932, 13385
0.5911352634429932, 13384
0.5911352634429932, 13383
0.5911352634429932, 13382
0.5921356678009033, 13381
0.5921356678009033, 13380
0.5921356678009033, 13379
0.5921356678009033, 13378
0.5921356678009033, 13377
0.5921356678009033, 13376
0.5921356678009033, 13375
0.5921356678009033, 13374
0.5921356678009033, 13373
0.5921356678009033, 13372
0.5921356678009033, 13371
0.5921356678009033, 13370
0.5921356678009033, 13369
0.5921356678009033, 13368
0.5921356678009033, 13367
0.5931344032287598, 13366
0.5931344032287598, 13365
0.5931344032287598, 13364
0.5931344032287598, 13363
0.5931344032287598, 13362
0.5931344032287598, 13361
0.5931344032287598, 13360
0.5931344032287598, 13359
0.5931344032287598, 13358
0.5931344032287598, 13357
0.5931344032287598, 13356
0.5931344032287598, 13355
0.5931344032287598, 13354
0.5931344032287598, 13353
0.5931344032287598, 13352
0.594135046005249, 13351
0.594135046005249, 13350
0.594135046005249, 13349
0.594135046005249, 13348
0.594135046005249, 13347
0.594135046005249, 13346
0.594135046005249, 13345
0.594135046005249, 13344
0.594135046005249, 13343
0.594135046005249, 13342
0.594135046005249, 13341
0.594135046005249, 13340
0.594135046005249, 13339
0.594135046005249, 13338
0.594135046005249, 13337
0.5951347351074219, 13336
0.5951347351074219, 13335
0.5951347351074219, 13334
0.5951347351074219, 13333
0.5951347351074219, 13332
0.5951347351074219, 13331
0.5951347351074219, 13330
0.5951347351074219, 13329
0.5961360931396484, 13328
0.5961360931396484, 13327
0.5961360931396484, 13326
0.5961360931396484, 13325
0.5961360931396484, 13324
0.5961360931396484, 13323
0.5961360931396484, 13322
0.5961360931396484, 13321
0.5961360931396484, 13320
0.5961360931396484, 13319
0.5961360931396484, 13318
0.5971367359161377, 13317
0.5971367359161377, 13316
0.5971367359161377, 13315
0.5971367359161377, 13314
0.5971367359161377, 13313
0.5971367359161377, 13312
0.5971367359161377, 13311
0.5971367359161377, 13310
0.5971367359161377, 13309
0.5971367359161377, 13308
0.5971367359161377, 13307
0.5971367359161377, 13306
0.5971367359161377, 13305
0.5971367359161377, 13304
0.598137378692627, 13303
0.598137378692627, 13302
0.598137378692627, 13301
0.598137378692627, 13300
0.598137378692627, 13299
0.598137378692627, 13298
0.598137378692627, 13297
0.598137378692627, 13296
0.598137378692627, 13295
0.598137378692627, 13294
0.598137378692627, 13293
0.598137378692627, 13292
0.598137378692627, 13291
0.598137378692627, 13290
0.598137378692627, 13289
0.5991361141204834, 13288
0.5991361141204834, 13287
0.5991361141204834, 13286
0.5991361141204834, 13285
0.5991361141204834, 13284
0.5991361141204834, 13283
0.5991361141204834, 13282
0.5991361141204834, 13281
0.5991361141204834, 13280
0.5991361141204834, 13279
0.5991361141204834, 13278
0.5991361141204834, 13277
0.5991361141204834, 13276
0.5991361141204834, 13275
0.6001362800598145, 13274
0.6001362800598145, 13273
0.6001362800598145, 13272
0.6001362800598145, 13271
8.925833702087402, 13270
8.925833702087402, 13269
8.926834106445312, 13268
8.926834106445312, 13267
8.926834106445312, 13266
8.926834106445312, 13265
8.926834106445312, 13264
8.926834106445312, 13263
8.926834106445312, 13262
8.926834106445312, 13261
8.926834106445312, 13260
8.926834106445312, 13259
8.926834106445312, 13258
8.926834106445312, 13257
8.926834106445312, 13256
8.926834106445312, 13255
8.927833795547485, 13254
8.927833795547485, 13253
8.927833795547485, 13252
8.927833795547485, 13251
8.927833795547485, 13250
8.927833795547485, 13249
8.927833795547485, 13248
8.927833795547485, 13247
8.927833795547485, 13246
8.927833795547485, 13245
8.927833795547485, 13244
8.927833795547485, 13243
8.927833795547485, 13242
8.928835153579712, 13241
8.928835153579712, 13240
8.928835153579712, 13239
8.928835153579712, 13238
8.928835153579712, 13237
8.928835153579712, 13236
8.928835153579712, 13235
8.928835153579712, 13234
8.928835153579712, 13233
8.928835153579712, 13232
8.928835153579712, 13231
8.928835153579712, 13230
8.928835153579712, 13229
8.928835153579712, 13228
8.92983341217041, 13227
8.92983341217041, 13226
8.92983341217041, 13225
8.92983341217041, 13224
8.92983341217041, 13223
8.92983341217041, 13222
8.92983341217041, 13221
8.92983341217041, 13220
8.92983341217041, 13219
8.92983341217041, 13218
8.92983341217041, 13217
8.92983341217041, 13216
8.92983341217041, 13215
8.92983341217041, 13214
8.930834293365479, 13213
8.930834293365479, 13212
8.930834293365479, 13211
8.930834293365479, 13210
8.930834293365479, 13209
8.930834293365479, 13208
8.930834293365479, 13207
8.930834293365479, 13206
8.930834293365479, 13205
8.930834293365479, 13204
8.930834293365479, 13203
8.930834293365479, 13202
8.931836366653442, 13201
8.931836366653442, 13200
8.931836366653442, 13199
8.931836366653442, 13198
8.931836366653442, 13197
8.931836366653442, 13196
8.931836366653442, 13195
8.931836366653442, 13194
8.931836366653442, 13193
8.931836366653442, 13192
8.931836366653442, 13191
8.931836366653442, 13190
8.931836366653442, 13189
8.931836366653442, 13188
8.93283462524414, 13187
8.93283462524414, 13186
8.93283462524414, 13185
8.93283462524414, 13184
8.93283462524414, 13183
8.93283462524414, 13182
8.93283462524414, 13181
8.93283462524414, 13180
8.93283462524414, 13179
8.93283462524414, 13178
8.93283462524414, 13177
8.93283462524414, 13176
8.93283462524414, 13175
8.93283462524414, 13174
8.933834552764893, 13173
8.933834552764893, 13172
8.933834552764893, 13171
8.933834552764893, 13170
8.933834552764893, 13169
8.933834552764893, 13168
8.933834552764893, 13167
8.933834552764893, 13166
8.933834552764893, 13165
8.933834552764893, 13164
8.933834552764893, 13163
8.933834552764893, 13162
8.933834552764893, 13161
8.934834718704224, 13160
8.934834718704224, 13159
8.934834718704224, 13158
8.934834718704224, 13157
8.934834718704224, 13156
8.934834718704224, 13155
8.934834718704224, 13154
8.93583631515503, 13153
8.93583631515503, 13152
8.93583631515503, 13151
8.93583631515503, 13150
8.93583631515503, 13149
8.93583631515503, 13148
8.93583631515503, 13147
8.93583631515503, 13146
8.93583631515503, 13145
8.936905145645142, 13144
8.936905145645142, 13143
8.936905145645142, 13142
8.936905145645142, 13141
8.936905145645142, 13140
8.936905145645142, 13139
8.936905145645142, 13138
8.936905145645142, 13137
8.937837362289429, 13136
8.937837362289429, 13135
8.937837362289429, 13134
8.937837362289429, 13133
8.937837362289429, 13132
8.937837362289429, 13131
8.937837362289429, 13130
8.937837362289429, 13129
8.937837362289429, 13128
8.938837766647339, 13127
8.938837766647339, 13126
8.938837766647339, 13125
8.938837766647339, 13124
8.938837766647339, 13123
8.938837766647339, 13122
8.938837766647339, 13121
8.938837766647339, 13120
8.938837766647339, 13119
8.938837766647339, 13118
8.938837766647339, 13117
8.939837217330933, 13116
8.939837217330933, 13115
8.939837217330933, 13114
8.939837217330933, 13113
8.939837217330933, 13112
8.939837217330933, 13111
8.939837217330933, 13110
8.939837217330933, 13109
8.939837217330933, 13108
8.939837217330933, 13107
8.939837217330933, 13106
8.939837217330933, 13105
8.940837383270264, 13104
8.940837383270264, 13103
8.940837383270264, 13102
8.940837383270264, 13101
8.941216230392456, 13100
8.941216230392456, 13099
8.941216230392456, 13098
8.941216230392456, 13097
8.941216230392456, 13096
8.941216230392456, 13095
8.941216230392456, 13094
8.941216230392456, 13093
8.941838502883911, 13092
8.941838502883911, 13091
8.941838502883911, 13090
8.941838502883911, 13089
8.941838502883911, 13088
8.941838502883911, 13087
8.941838502883911, 13086
8.941838502883911, 13085
8.941838502883911, 13084
8.942495346069336, 13083
8.942495346069336, 13082
8.942495346069336, 13081
8.942495346069336, 13080
8.942495346069336, 13079
8.942495346069336, 13078
8.942495346069336, 13077
8.943006992340088, 13076
8.943006992340088, 13075
8.943006992340088, 13074
8.943006992340088, 13073
8.943006992340088, 13072
8.943006992340088, 13071
8.943006992340088, 13070
8.943006992340088, 13069
8.943006992340088, 13068
8.943006992340088, 13067
8.943006992340088, 13066
8.943006992340088, 13065
8.943006992340088, 13064
8.943006992340088, 13063
8.944026231765747, 13062
