0.17571067810058594, 14080
0.17571067810058594, 14079
0.17670989036560059, 14078
0.17670989036560059, 14077
0.17670989036560059, 14076
0.17670989036560059, 14075
0.17670989036560059, 14074
0.17670989036560059, 14073
0.17670989036560059, 14072
0.17670989036560059, 14071
0.17670989036560059, 14070
0.17670989036560059, 14069
0.17670989036560059, 14068
0.17670989036560059, 14067
0.17670989036560059, 14066
0.17670989036560059, 14065
0.17670989036560059, 14064
0.17770910263061523, 14063
0.17770910263061523, 14062
0.17770910263061523, 14061
0.17770910263061523, 14060
0.17770910263061523, 14059
0.17770910263061523, 14058
0.17770910263061523, 14057
0.17770910263061523, 14056
0.17770910263061523, 14055
0.17770910263061523, 14054
0.17770910263061523, 14053
0.17770910263061523, 14052
0.17770910263061523, 14051
0.17770910263061523, 14050
0.17770910263061523, 14049
0.17870879173278809, 14048
0.17870879173278809, 14047
0.17870879173278809, 14046
0.17870879173278809, 14045
0.17870879173278809, 14044
0.17870879173278809, 14043
0.17870879173278809, 14042
0.17870879173278809, 14041
0.17870879173278809, 14040
0.17870879173278809, 14039
0.17870879173278809, 14038
0.17870879173278809, 14037
0.17870879173278809, 14036
0.17870879173278809, 14035
0.17870879173278809, 14034
0.17870879173278809, 14033
0.17970943450927734, 14032
0.17970943450927734, 14031
0.17970943450927734, 14030
0.17970943450927734, 14029
0.17970943450927734, 14028
0.17970943450927734, 14027
0.17970943450927734, 14026
0.17970943450927734, 14025
0.17970943450927734, 14024
0.17970943450927734, 14023
0.17970943450927734, 14022
0.17970943450927734, 14021
0.17970943450927734, 14020
0.17970943450927734, 14019
0.17970943450927734, 14018
0.1807091236114502, 14017
0.1807091236114502, 14016
0.1807091236114502, 14015
0.1807091236114502, 14014
0.1807091236114502, 14013
0.1807091236114502, 14012
0.1807091236114502, 14011
0.1807091236114502, 14010
0.1807091236114502, 14009
0.1807091236114502, 14008
0.1807091236114502, 14007
0.1807091236114502, 14006
0.1807091236114502, 14005
0.1807091236114502, 14004
0.1807091236114502, 14003
0.1807091236114502, 14002
0.18170833587646484, 14001
0.18170833587646484, 14000
0.18170833587646484, 13999
0.18170833587646484, 13998
0.18170833587646484, 13997
0.18170833587646484, 13996
0.18170833587646484, 13995
0.18170833587646484, 13994
0.18170833587646484, 13993
0.18170833587646484, 13992
0.18170833587646484, 13991
0.18170833587646484, 13990
0.18170833587646484, 13989
0.18170833587646484, 13988
0.18170833587646484, 13987
0.182708740234375, 13986
0.182708740234375, 13985
0.182708740234375, 13984
0.182708740234375, 13983
0.182708740234375, 13982
0.182708740234375, 13981
0.182708740234375, 13980
0.182708740234375, 13979
0.182708740234375, 13978
0.182708740234375, 13977
0.182708740234375, 13976
0.182708740234375, 13975
0.182708740234375, 13974
0.182708740234375, 13973
0.182708740234375, 13972
0.182708740234375, 13971
0.18370938301086426, 13970
0.18370938301086426, 13969
0.18370938301086426, 13968
0.18370938301086426, 13967
0.18370938301086426, 13966
0.18370938301086426, 13965
0.18370938301086426, 13964
0.18370938301086426, 13963
0.18370938301086426, 13962
0.18370938301086426, 13961
0.18370938301086426, 13960
0.18370938301086426, 13959
0.18370938301086426, 13958
0.18370938301086426, 13957
0.18370938301086426, 13956
0.1847090721130371, 13955
0.1847090721130371, 13954
0.1847090721130371, 13953
0.1847090721130371, 13952
0.1847090721130371, 13951
0.1847090721130371, 13950
0.1847090721130371, 13949
0.1847090721130371, 13948
0.1847090721130371, 13947
0.1847090721130371, 13946
0.1847090721130371, 13945
0.1847090721130371, 13944
0.1847090721130371, 13943
0.1847090721130371, 13942
0.1847090721130371, 13941
0.1847090721130371, 13940
0.18570876121520996, 13939
0.18570876121520996, 13938
0.18570876121520996, 13937
0.18570876121520996, 13936
0.18570876121520996, 13935
0.18570876121520996, 13934
0.18570876121520996, 13933
0.18570876121520996, 13932
0.18570876121520996, 13931
0.18570876121520996, 13930
0.18570876121520996, 13929
0.18570876121520996, 13928
0.18570876121520996, 13927
0.18570876121520996, 13926
0.18670868873596191, 13925
0.18670868873596191, 13924
0.18670868873596191, 13923
0.18670868873596191, 13922
0.1869490146636963, 13921
0.1869490146636963, 13920
0.1869490146636963, 13919
0.1869490146636963, 13918
0.1869490146636963, 13917
0.1869490146636963, 13916
0.1869490146636963, 13915
0.1869490146636963, 13914
0.1869490146636963, 13913
0.1869490146636963, 13912
0.1869490146636963, 13911
0.1869490146636963, 13910
0.18770933151245117, 13909
0.18770933151245117, 13908
0.18770933151245117, 13907
0.18770933151245117, 13906
0.18770933151245117, 13905
0.18770933151245117, 13904
0.18770933151245117, 13903
0.18770933151245117, 13902
0.18770933151245117, 13901
0.18770933151245117, 13900
0.18770933151245117, 13899
0.18770933151245117, 13898
0.18770933151245117, 13897
0.18770933151245117, 13896
0.18770933151245117, 13895
0.18870973587036133, 13894
0.18870973587036133, 13893
0.18870973587036133, 13892
0.18870973587036133, 13891
0.18870973587036133, 13890
0.18870973587036133, 13889
0.18870973587036133, 13888
0.18870973587036133, 13887
0.18870973587036133, 13886
0.18870973587036133, 13885
0.18870973587036133, 13884
0.18870973587036133, 13883
0.18870973587036133, 13882
0.18870973587036133, 13881
0.18870973587036133, 13880
0.18870973587036133, 13879
0.18970942497253418, 13878
0.18970942497253418, 13877
0.18970942497253418, 13876
0.18970942497253418, 13875
0.18970942497253418, 13874
0.18970942497253418, 13873
0.18970942497253418, 13872
0.18970942497253418, 13871
0.18970942497253418, 13870
0.18970942497253418, 13869
0.18970942497253418, 13868
0.18970942497253418, 13867
0.18970942497253418, 13866
0.18970942497253418, 13865
0.18970942497253418, 13864
0.19070887565612793, 13863
0.19070887565612793, 13862
0.19070887565612793, 13861
0.19070887565612793, 13860
0.19070887565612793, 13859
0.19070887565612793, 13858
0.19070887565612793, 13857
0.19070887565612793, 13856
0.19070887565612793, 13855
0.19070887565612793, 13854
0.19070887565612793, 13853
0.19070887565612793, 13852
0.19070887565612793, 13851
0.19070887565612793, 13850
0.19070887565612793, 13849
0.19070887565612793, 13848
0.19170856475830078, 13847
0.19170856475830078, 13846
0.19170856475830078, 13845
0.19170856475830078, 13844
0.19170856475830078, 13843
0.19170856475830078, 13842
0.19170856475830078, 13841
0.19170856475830078, 13840
0.19170856475830078, 13839
0.19170856475830078, 13838
0.19170856475830078, 13837
0.19170856475830078, 13836
0.19170856475830078, 13835
0.19170856475830078, 13834
0.19271039962768555, 13833
0.19271039962768555, 13832
0.19271039962768555, 13831
0.19271039962768555, 13830
0.19271039962768555, 13829
0.19271039962768555, 13828
0.19271039962768555, 13827
0.19271039962768555, 13826
0.19271039962768555, 13825
0.19271039962768555, 13824
0.19271039962768555, 13823
0.19271039962768555, 13822
0.19271039962768555, 13821
0.19271039962768555, 13820
0.19271039962768555, 13819
0.1937103271484375, 13818
0.1937103271484375, 13817
0.1937103271484375, 13816
0.1937103271484375, 13815
0.1937103271484375, 13814
0.1937103271484375, 13813
0.1937103271484375, 13812
0.1937103271484375, 13811
0.1937103271484375, 13810
0.1937103271484375, 13809
0.1937103271484375, 13808
0.1937103271484375, 13807
0.1937103271484375, 13806
0.1937103271484375, 13805
0.1937103271484375, 13804
0.19471192359924316, 13803
0.19471192359924316, 13802
0.19471192359924316, 13801
0.19471192359924316, 13800
0.19471192359924316, 13799
0.19471192359924316, 13798
0.19471192359924316, 13797
0.19471192359924316, 13796
0.19471192359924316, 13795
0.19471192359924316, 13794
0.19471192359924316, 13793
0.1954503059387207, 13792
0.1954503059387207, 13791
0.1954503059387207, 13790
0.1954503059387207, 13789
0.1957106590270996, 13788
0.1957106590270996, 13787
0.1957106590270996, 13786
0.1957106590270996, 13785
0.1957106590270996, 13784
0.1957106590270996, 13783
0.1957106590270996, 13782
0.1957106590270996, 13781
0.1957106590270996, 13780
0.1957106590270996, 13779
0.1957106590270996, 13778
0.1957106590270996, 13777
0.1957106590270996, 13776
0.1957106590270996, 13775
0.1957106590270996, 13774
0.19670820236206055, 13773
0.19670820236206055, 13772
0.19670820236206055, 13771
0.19670820236206055, 13770
0.19695234298706055, 13769
0.19695234298706055, 13768
0.19695234298706055, 13767
0.19695234298706055, 13766
0.19695234298706055, 13765
0.19695234298706055, 13764
0.19695234298706055, 13763
0.197709321975708, 13762
0.197709321975708, 13761
0.197709321975708, 13760
0.197709321975708, 13759
0.197709321975708, 13758
0.197709321975708, 13757
0.197709321975708, 13756
0.197709321975708, 13755
0.197709321975708, 13754
0.19870853424072266, 13753
0.19870853424072266, 13752
0.19870853424072266, 13751
0.19870853424072266, 13750
0.19870853424072266, 13749
0.19870853424072266, 13748
0.19870853424072266, 13747
0.19870853424072266, 13746
0.19870853424072266, 13745
0.19870853424072266, 13744
0.19870853424072266, 13743
0.19870853424072266, 13742
0.19870853424072266, 13741
0.1997084617614746, 13740
0.1997084617614746, 13739
0.1997084617614746, 13738
0.1997084617614746, 13737
0.1997084617614746, 13736
0.1997084617614746, 13735
0.1997084617614746, 13734
0.1997084617614746, 13733
0.1997084617614746, 13732
0.1997084617614746, 13731
0.1997084617614746, 13730
0.20070910453796387, 13729
0.20070910453796387, 13728
0.20070910453796387, 13727
0.20070910453796387, 13726
0.20070910453796387, 13725
0.20070910453796387, 13724
0.20070910453796387, 13723
0.20070910453796387, 13722
0.20070910453796387, 13721
0.20070910453796387, 13720
0.20070910453796387, 13719
0.20070910453796387, 13718
0.20070910453796387, 13717
0.20170879364013672, 13716
0.20177507400512695, 13715
0.20177507400512695, 13714
0.20177507400512695, 13713
0.20177507400512695, 13712
0.20177507400512695, 13711
0.20177507400512695, 13710
0.20177507400512695, 13709
0.20177507400512695, 13708
0.20270872116088867, 13707
0.20270872116088867, 13706
0.20270872116088867, 13705
0.20270872116088867, 13704
0.20270872116088867, 13703
0.20270872116088867, 13702
0.20270872116088867, 13701
0.20270872116088867, 13700
0.20270872116088867, 13699
0.20270872116088867, 13698
0.20270872116088867, 13697
0.20270872116088867, 13696
0.20370841026306152, 13695
0.20370841026306152, 13694
0.20370841026306152, 13693
0.20370841026306152, 13692
0.20370841026306152, 13691
0.20370841026306152, 13690
0.20370841026306152, 13689
0.20370841026306152, 13688
0.20370841026306152, 13687
0.20370841026306152, 13686
0.20370841026306152, 13685
0.20470833778381348, 13684
0.20470833778381348, 13683
0.20470833778381348, 13682
0.20470833778381348, 13681
0.20470833778381348, 13680
0.20470833778381348, 13679
0.20470833778381348, 13678
0.20470833778381348, 13677
0.20470833778381348, 13676
0.20570898056030273, 13675
0.20570898056030273, 13674
0.20570898056030273, 13673
0.20570898056030273, 13672
0.20570898056030273, 13671
0.20570898056030273, 13670
0.20570898056030273, 13669
0.20570898056030273, 13668
0.20570898056030273, 13667
0.20570898056030273, 13666
0.20570898056030273, 13665
0.20670866966247559, 13664
0.20670866966247559, 13663
0.20670866966247559, 13662
0.20696544647216797, 13661
0.20696544647216797, 13660
0.20696544647216797, 13659
0.20696544647216797, 13658
0.20696544647216797, 13657
0.20696544647216797, 13656
0.20696544647216797, 13655
0.20770907402038574, 13654
0.20770907402038574, 13653
0.20770907402038574, 13652
0.20770907402038574, 13651
0.20770907402038574, 13650
0.20770907402038574, 13649
0.20770907402038574, 13648
0.20770907402038574, 13647
0.20770907402038574, 13646
0.20770907402038574, 13645
0.208709716796875, 13644
0.208709716796875, 13643
0.208709716796875, 13642
0.208709716796875, 13641
0.208709716796875, 13640
0.208709716796875, 13639
0.208709716796875, 13638
0.208709716796875, 13637
0.208709716796875, 13636
0.208709716796875, 13635
0.20970940589904785, 13634
0.20970940589904785, 13633
0.20970940589904785, 13632
0.20970940589904785, 13631
0.20970940589904785, 13630
0.20970940589904785, 13629
0.20970940589904785, 13628
0.20970940589904785, 13627
0.20970940589904785, 13626
0.20970940589904785, 13625
0.20970940589904785, 13624
0.20970940589904785, 13623
0.2107088565826416, 13622
0.2107088565826416, 13621
0.2107088565826416, 13620
0.2107088565826416, 13619
0.2107088565826416, 13618
0.2107088565826416, 13617
0.2107088565826416, 13616
0.2107088565826416, 13615
0.2107088565826416, 13614
0.2107088565826416, 13613
0.2107088565826416, 13612
0.2107088565826416, 13611
0.2107088565826416, 13610
0.21170878410339355, 13609
0.21170878410339355, 13608
0.21170878410339355, 13607
0.21170878410339355, 13606
0.21170878410339355, 13605
0.21170878410339355, 13604
0.21170878410339355, 13603
0.21170878410339355, 13602
0.21170878410339355, 13601
0.21170878410339355, 13600
0.2127087116241455, 13599
0.2127087116241455, 13598
0.2127087116241455, 13597
0.2127087116241455, 13596
0.2127087116241455, 13595
0.2127087116241455, 13594
0.2127087116241455, 13593
0.2127087116241455, 13592
0.2127087116241455, 13591
0.2127087116241455, 13590
0.2127087116241455, 13589
0.2127087116241455, 13588
0.21370840072631836, 13587
0.21370840072631836, 13586
0.21370840072631836, 13585
0.21370840072631836, 13584
0.21370840072631836, 13583
0.21370840072631836, 13582
0.21370840072631836, 13581
0.21370840072631836, 13580
0.21370840072631836, 13579
0.21370840072631836, 13578
0.21370840072631836, 13577
0.21370840072631836, 13576
0.21370840072631836, 13575
0.21370840072631836, 13574
0.21370840072631836, 13573
0.2147083282470703, 13572
0.2147083282470703, 13571
0.2147083282470703, 13570
0.2147083282470703, 13569
0.2147083282470703, 13568
0.2147083282470703, 13567
0.2147083282470703, 13566
0.2147083282470703, 13565
0.2147083282470703, 13564
0.2147083282470703, 13563
0.2147083282470703, 13562
0.2147083282470703, 13561
0.2147083282470703, 13560
0.2147083282470703, 13559
0.2147083282470703, 13558
0.21570849418640137, 13557
0.21570849418640137, 13556
0.21570849418640137, 13555
0.21570849418640137, 13554
0.21570849418640137, 13553
0.21570849418640137, 13552
0.21570849418640137, 13551
0.21570849418640137, 13550
0.21570849418640137, 13549
0.21570849418640137, 13548
0.21570849418640137, 13547
0.21570849418640137, 13546
0.21570849418640137, 13545
0.21570849418640137, 13544
0.21570849418640137, 13543
0.21670913696289062, 13542
0.21670913696289062, 13541
0.21670913696289062, 13540
0.21670913696289062, 13539
0.21670913696289062, 13538
0.21670913696289062, 13537
0.21670913696289062, 13536
0.21670913696289062, 13535
0.21670913696289062, 13534
0.21670913696289062, 13533
0.21670913696289062, 13532
0.21670913696289062, 13531
0.21670913696289062, 13530
0.21670913696289062, 13529
0.21770954132080078, 13528
0.21770954132080078, 13527
0.21770954132080078, 13526
0.21770954132080078, 13525
0.21770954132080078, 13524
0.21770954132080078, 13523
0.21770954132080078, 13522
0.21770954132080078, 13521
0.21770954132080078, 13520
0.21770954132080078, 13519
0.21770954132080078, 13518
0.21770954132080078, 13517
0.21770954132080078, 13516
0.21770954132080078, 13515
0.21770954132080078, 13514
0.21770954132080078, 13513
0.21870875358581543, 13512
0.21870875358581543, 13511
0.21870875358581543, 13510
0.21870875358581543, 13509
0.21870875358581543, 13508
0.21870875358581543, 13507
0.21870875358581543, 13506
0.21870875358581543, 13505
0.21870875358581543, 13504
0.21870875358581543, 13503
0.21870875358581543, 13502
0.21870875358581543, 13501
0.21870875358581543, 13500
0.21870875358581543, 13499
0.21870875358581543, 13498
0.21970796585083008, 13497
0.21970796585083008, 13496
0.21970796585083008, 13495
0.21970796585083008, 13494
0.21970796585083008, 13493
0.21970796585083008, 13492
0.21970796585083008, 13491
0.21970796585083008, 13490
0.21970796585083008, 13489
0.21970796585083008, 13488
0.21970796585083008, 13487
0.21970796585083008, 13486
0.21970796585083008, 13485
0.21970796585083008, 13484
0.21970796585083008, 13483
0.22070908546447754, 13482
0.22070908546447754, 13481
0.22070908546447754, 13480
0.22070908546447754, 13479
0.22070908546447754, 13478
0.22070908546447754, 13477
0.22070908546447754, 13476
0.22070908546447754, 13475
0.22070908546447754, 13474
0.22070908546447754, 13473
0.22070908546447754, 13472
0.22070908546447754, 13471
0.22070908546447754, 13470
0.22070908546447754, 13469
0.2217097282409668, 13468
0.2217097282409668, 13467
0.2217097282409668, 13466
0.2217097282409668, 13465
0.2217097282409668, 13464
0.2217097282409668, 13463
0.2217097282409668, 13462
0.2217097282409668, 13461
0.2217097282409668, 13460
0.2217097282409668, 13459
0.2217097282409668, 13458
0.2217097282409668, 13457
0.2217097282409668, 13456
0.22257447242736816, 13455
0.22257447242736816, 13454
0.22270965576171875, 13453
0.22270965576171875, 13452
0.22270965576171875, 13451
0.22270965576171875, 13450
0.22270965576171875, 13449
0.22270965576171875, 13448
0.22270965576171875, 13447
0.22270965576171875, 13446
0.22270965576171875, 13445
0.22270965576171875, 13444
0.22270965576171875, 13443
0.22270965576171875, 13442
0.22270965576171875, 13441
0.22270965576171875, 13440
0.22270965576171875, 13439
0.2237088680267334, 13438
0.2237088680267334, 13437
0.2237088680267334, 13436
0.2237088680267334, 13435
0.2237088680267334, 13434
0.2237088680267334, 13433
0.2237088680267334, 13432
0.2237088680267334, 13431
0.2237088680267334, 13430
0.2237088680267334, 13429
0.2237088680267334, 13428
0.2237088680267334, 13427
0.2237088680267334, 13426
0.2237088680267334, 13425
0.2237088680267334, 13424
0.22471284866333008, 13423
0.22471284866333008, 13422
0.22471284866333008, 13421
0.22471284866333008, 13420
0.22471284866333008, 13419
0.22471284866333008, 13418
0.22471284866333008, 13417
0.22471284866333008, 13416
0.22471284866333008, 13415
0.22471284866333008, 13414
0.22471284866333008, 13413
0.22471284866333008, 13412
0.22471284866333008, 13411
0.22471284866333008, 13410
0.2257082462310791, 13409
0.2257082462310791, 13408
0.2257082462310791, 13407
0.2257082462310791, 13406
0.2257082462310791, 13405
0.2257082462310791, 13404
0.2257082462310791, 13403
0.2257082462310791, 13402
0.2257082462310791, 13401
0.2257082462310791, 13400
0.2257082462310791, 13399
0.2257082462310791, 13398
0.2257082462310791, 13397
0.2257082462310791, 13396
0.2257082462310791, 13395
0.22670817375183105, 13394
0.22670817375183105, 13393
0.22670817375183105, 13392
0.2269608974456787, 13391
0.2269608974456787, 13390
0.2269608974456787, 13389
0.2269608974456787, 13388
0.2269608974456787, 13387
0.2269608974456787, 13386
0.2269608974456787, 13385
0.2269608974456787, 13384
0.2269608974456787, 13383
0.2269608974456787, 13382
0.2269608974456787, 13381
0.22770977020263672, 13380
0.22770977020263672, 13379
0.22770977020263672, 13378
0.22770977020263672, 13377
0.22770977020263672, 13376
0.22770977020263672, 13375
0.22770977020263672, 13374
0.22770977020263672, 13373
0.22770977020263672, 13372
0.22770977020263672, 13371
0.22770977020263672, 13370
0.22770977020263672, 13369
0.22770977020263672, 13368
0.22770977020263672, 13367
0.22770977020263672, 13366
0.22870874404907227, 13365
0.22870874404907227, 13364
0.22870874404907227, 13363
0.22870874404907227, 13362
0.22870874404907227, 13361
0.22870874404907227, 13360
0.22870874404907227, 13359
0.22870874404907227, 13358
0.22870874404907227, 13357
0.22870874404907227, 13356
0.22870874404907227, 13355
0.22870874404907227, 13354
0.22870874404907227, 13353
0.22870874404907227, 13352
0.22870874404907227, 13351
0.22970843315124512, 13350
0.22970843315124512, 13349
0.22970843315124512, 13348
0.22970843315124512, 13347
0.22970843315124512, 13346
0.22970843315124512, 13345
0.22970843315124512, 13344
0.22970843315124512, 13343
0.22970843315124512, 13342
0.22970843315124512, 13341
0.22970843315124512, 13340
0.22970843315124512, 13339
0.22970843315124512, 13338
0.22970843315124512, 13337
0.22970843315124512, 13336
0.23070979118347168, 13335
0.23070979118347168, 13334
0.23070979118347168, 13333
0.23070979118347168, 13332
0.23070979118347168, 13331
0.23070979118347168, 13330
0.23070979118347168, 13329
0.23070979118347168, 13328
0.23070979118347168, 13327
0.23070979118347168, 13326
0.23070979118347168, 13325
0.23070979118347168, 13324
0.23070979118347168, 13323
0.23070979118347168, 13322
0.23070979118347168, 13321
0.23170900344848633, 13320
0.23170900344848633, 13319
0.23170900344848633, 13318
0.23170900344848633, 13317
0.23170900344848633, 13316
0.23170900344848633, 13315
0.23170900344848633, 13314
0.23170900344848633, 13313
0.23170900344848633, 13312
0.23170900344848633, 13311
0.23170900344848633, 13310
0.23170900344848633, 13309
0.23170900344848633, 13308
0.23170900344848633, 13307
0.23170900344848633, 13306
0.23270821571350098, 13305
0.23270821571350098, 13304
5.416021108627319, 13303
5.416021108627319, 13302
5.416021108627319, 13301
5.416021108627319, 13300
5.416021108627319, 13299
5.416962385177612, 13298
5.416962385177612, 13297
5.416962385177612, 13296
5.416962385177612, 13295
5.416962385177612, 13294
5.416962385177612, 13293
5.416962385177612, 13292
5.416962385177612, 13291
5.416962385177612, 13290
5.416962385177612, 13289
5.416962385177612, 13288
5.416962385177612, 13287
5.416962385177612, 13286
5.416962385177612, 13285
5.417963027954102, 13284
5.417963027954102, 13283
5.417963027954102, 13282
5.417963027954102, 13281
5.417963027954102, 13280
5.417963027954102, 13279
5.417963027954102, 13278
5.417963027954102, 13277
5.417963027954102, 13276
5.417963027954102, 13275
5.417963027954102, 13274
5.417963027954102, 13273
5.417963027954102, 13272
5.417963027954102, 13271
5.417963027954102, 13270
5.418960094451904, 13269
5.418960094451904, 13268
5.418960094451904, 13267
5.418960094451904, 13266
5.418960094451904, 13265
5.418960094451904, 13264
5.418960094451904, 13263
5.418960094451904, 13262
5.418960094451904, 13261
5.418960094451904, 13260
5.418960094451904, 13259
5.418960094451904, 13258
5.418960094451904, 13257
5.418960094451904, 13256
5.418960094451904, 13255
5.419985055923462, 13254
5.419985055923462, 13253
5.419985055923462, 13252
5.419985055923462, 13251
5.419985055923462, 13250
5.419985055923462, 13249
5.419985055923462, 13248
5.419985055923462, 13247
5.419985055923462, 13246
5.419985055923462, 13245
5.419985055923462, 13244
5.419985055923462, 13243
5.419985055923462, 13242
5.419985055923462, 13241
5.419985055923462, 13240
5.420983552932739, 13239
5.420983552932739, 13238
5.420983552932739, 13237
5.420983552932739, 13236
5.420983552932739, 13235
5.420983552932739, 13234
5.420983552932739, 13233
5.420983552932739, 13232
5.420983552932739, 13231
5.420983552932739, 13230
5.420983552932739, 13229
5.420983552932739, 13228
5.420983552932739, 13227
5.420983552932739, 13226
5.420983552932739, 13225
5.421983242034912, 13224
5.421983242034912, 13223
5.421983242034912, 13222
5.421983242034912, 13221
5.421983242034912, 13220
5.421983242034912, 13219
5.421983242034912, 13218
5.421983242034912, 13217
5.421983242034912, 13216
5.421983242034912, 13215
5.421983242034912, 13214
5.421983242034912, 13213
5.421983242034912, 13212
5.421983242034912, 13211
5.421983242034912, 13210
5.422984600067139, 13209
5.422984600067139, 13208
5.422984600067139, 13207
5.422984600067139, 13206
5.422984600067139, 13205
5.422984600067139, 13204
5.422984600067139, 13203
5.422984600067139, 13202
5.422984600067139, 13201
9.765801668167114, 13200
9.765801668167114, 13199
9.765801668167114, 13198
9.765801668167114, 13197
9.765801668167114, 13196
9.766802310943604, 13195
9.766802310943604, 13194
9.76694393157959, 13193
9.76694393157959, 13192
9.76694393157959, 13191
9.76694393157959, 13190
9.76694393157959, 13189
9.76694393157959, 13188
9.76694393157959, 13187
9.76694393157959, 13186
9.76694393157959, 13185
9.76694393157959, 13184
9.76694393157959, 13183
9.76694393157959, 13182
9.767801523208618, 13181
9.767801523208618, 13180
9.767801523208618, 13179
9.767801523208618, 13178
9.767801523208618, 13177
9.767801523208618, 13176
9.767801523208618, 13175
9.767801523208618, 13174
9.767801523208618, 13173
9.767801523208618, 13172
9.767801523208618, 13171
9.767801523208618, 13170
9.767801523208618, 13169
9.767801523208618, 13168
9.76880168914795, 13167
9.76880168914795, 13166
9.76880168914795, 13165
9.76880168914795, 13164
9.76880168914795, 13163
9.76880168914795, 13162
9.76880168914795, 13161
9.76880168914795, 13160
9.76880168914795, 13159
9.76880168914795, 13158
9.76880168914795, 13157
9.76880168914795, 13156
9.76880168914795, 13155
9.769803285598755, 13154
9.769803285598755, 13153
9.769803285598755, 13152
9.769803285598755, 13151
9.769803285598755, 13150
9.769803285598755, 13149
9.769803285598755, 13148
9.769803285598755, 13147
9.769803285598755, 13146
9.769803285598755, 13145
9.769803285598755, 13144
9.769803285598755, 13143
9.769803285598755, 13142
9.769803285598755, 13141
9.770802974700928, 13140
9.770802974700928, 13139
9.770802974700928, 13138
9.770802974700928, 13137
9.770802974700928, 13136
9.770802974700928, 13135
9.770802974700928, 13134
9.770802974700928, 13133
9.770802974700928, 13132
9.770802974700928, 13131
9.770802974700928, 13130
9.770802974700928, 13129
9.770802974700928, 13128
9.770802974700928, 13127
9.771802186965942, 13126
9.771802186965942, 13125
9.771802186965942, 13124
9.771802186965942, 13123
9.771802186965942, 13122
9.771802186965942, 13121
9.771802186965942, 13120
9.771802186965942, 13119
9.771802186965942, 13118
9.77247953414917, 13117
9.77247953414917, 13116
9.77247953414917, 13115
9.77247953414917, 13114
9.77247953414917, 13113
9.772801876068115, 13112
9.772801876068115, 13111
9.772801876068115, 13110
9.772801876068115, 13109
9.772801876068115, 13108
9.772801876068115, 13107
9.772801876068115, 13106
9.772801876068115, 13105
