0.19586801528930664, 14029
0.19586801528930664, 14028
0.19586801528930664, 14027
0.19586801528930664, 14026
0.19586801528930664, 14025
0.19586801528930664, 14024
0.19586801528930664, 14023
0.1968679428100586, 14022
0.1968679428100586, 14021
0.1968679428100586, 14020
0.1968679428100586, 14019
0.1968679428100586, 14018
0.1968679428100586, 14017
0.1968679428100586, 14016
0.1968679428100586, 14015
0.1968679428100586, 14014
0.1968679428100586, 14013
0.1968679428100586, 14012
0.1968679428100586, 14011
0.1968679428100586, 14010
0.1968679428100586, 14009
0.1968679428100586, 14008
0.19786739349365234, 14007
0.19786739349365234, 14006
0.19786739349365234, 14005
0.19786739349365234, 14004
0.19786739349365234, 14003
0.1982128620147705, 14002
0.1982128620147705, 14001
0.1982128620147705, 14000
0.1982128620147705, 13999
0.1982128620147705, 13998
0.1982128620147705, 13997
0.1982128620147705, 13996
0.1982128620147705, 13995
0.1982128620147705, 13994
0.1982128620147705, 13993
0.1988673210144043, 13992
0.1988673210144043, 13991
0.1988673210144043, 13990
0.1988673210144043, 13989
0.1988673210144043, 13988
0.1988673210144043, 13987
0.1988673210144043, 13986
0.1988673210144043, 13985
0.1988673210144043, 13984
0.1988673210144043, 13983
0.1988673210144043, 13982
0.1988673210144043, 13981
0.1988673210144043, 13980
0.1988673210144043, 13979
0.1988673210144043, 13978
0.19986724853515625, 13977
0.19986724853515625, 13976
0.20004796981811523, 13975
0.20004796981811523, 13974
0.20004796981811523, 13973
0.20004796981811523, 13972
0.20004796981811523, 13971
0.20004796981811523, 13970
0.20004796981811523, 13969
0.20004796981811523, 13968
0.20004796981811523, 13967
0.20004796981811523, 13966
0.20004796981811523, 13965
0.20004796981811523, 13964
0.20004796981811523, 13963
0.2008669376373291, 13962
0.2008669376373291, 13961
0.2008669376373291, 13960
0.2008669376373291, 13959
0.2008669376373291, 13958
0.2008669376373291, 13957
0.2008669376373291, 13956
0.2008669376373291, 13955
0.2008669376373291, 13954
0.2008669376373291, 13953
0.2008669376373291, 13952
0.2008669376373291, 13951
0.2008669376373291, 13950
0.2008669376373291, 13949
0.2008669376373291, 13948
0.20186710357666016, 13947
0.20186710357666016, 13946
0.20186710357666016, 13945
0.20186710357666016, 13944
0.20186710357666016, 13943
0.20186710357666016, 13942
0.20186710357666016, 13941
0.20186710357666016, 13940
0.20186710357666016, 13939
0.20186710357666016, 13938
0.20186710357666016, 13937
0.20186710357666016, 13936
0.20186710357666016, 13935
0.20186710357666016, 13934
0.20186710357666016, 13933
0.20286822319030762, 13932
0.20286822319030762, 13931
0.20286822319030762, 13930
0.20286822319030762, 13929
0.20286822319030762, 13928
0.20286822319030762, 13927
0.20286822319030762, 13926
0.20286822319030762, 13925
0.20286822319030762, 13924
0.20286822319030762, 13923
0.20286822319030762, 13922
0.20286822319030762, 13921
0.20286822319030762, 13920
0.20286822319030762, 13919
0.20286822319030762, 13918
0.20286822319030762, 13917
0.20386719703674316, 13916
0.20386719703674316, 13915
0.20386719703674316, 13914
0.20386719703674316, 13913
0.20386719703674316, 13912
0.20386719703674316, 13911
0.20386719703674316, 13910
0.20386719703674316, 13909
0.20386719703674316, 13908
0.20386719703674316, 13907
0.20386719703674316, 13906
0.20386719703674316, 13905
0.20386719703674316, 13904
0.20386719703674316, 13903
0.20386719703674316, 13902
0.20486736297607422, 13901
0.20486736297607422, 13900
0.20486736297607422, 13899
0.20486736297607422, 13898
0.20486736297607422, 13897
0.20486736297607422, 13896
0.20486736297607422, 13895
0.20486736297607422, 13894
0.20486736297607422, 13893
0.20486736297607422, 13892
0.20486736297607422, 13891
0.20486736297607422, 13890
0.20486736297607422, 13889
0.20486736297607422, 13888
0.20486736297607422, 13887
0.20586729049682617, 13886
0.20586729049682617, 13885
0.20586729049682617, 13884
0.20586729049682617, 13883
0.20586729049682617, 13882
0.20586729049682617, 13881
0.20586729049682617, 13880
0.20586729049682617, 13879
0.20586729049682617, 13878
0.20586729049682617, 13877
0.20586729049682617, 13876
0.20586729049682617, 13875
0.20586729049682617, 13874
0.20586729049682617, 13873
0.20586729049682617, 13872
0.20686817169189453, 13871
0.40343403816223145, 13870
0.40343403816223145, 13869
0.40343403816223145, 13868
0.40343403816223145, 13867
0.40343403816223145, 13866
0.40343403816223145, 13865
0.40343403816223145, 13864
0.40343403816223145, 13863
0.40343403816223145, 13862
0.40343403816223145, 13861
0.40343403816223145, 13860
0.40343403816223145, 13859
0.40343403816223145, 13858
0.40343403816223145, 13857
0.40343403816223145, 13856
0.4044342041015625, 13855
0.4044342041015625, 13854
0.4044342041015625, 13853
0.4044342041015625, 13852
0.4044342041015625, 13851
0.4044342041015625, 13850
0.4044342041015625, 13849
0.4044342041015625, 13848
0.4044342041015625, 13847
0.4044342041015625, 13846
0.4044342041015625, 13845
0.4044342041015625, 13844
0.4044342041015625, 13843
0.4044342041015625, 13842
0.4044342041015625, 13841
0.40543413162231445, 13840
0.40543413162231445, 13839
0.40543413162231445, 13838
0.40543413162231445, 13837
0.40543413162231445, 13836
0.40543413162231445, 13835
0.40543413162231445, 13834
0.40543413162231445, 13833
0.40543413162231445, 13832
0.40543413162231445, 13831
0.40543413162231445, 13830
0.40543413162231445, 13829
0.40543413162231445, 13828
0.40543413162231445, 13827
0.40543413162231445, 13826
0.40543413162231445, 13825
0.40645790100097656, 13824
0.40645790100097656, 13823
0.40645790100097656, 13822
0.40645790100097656, 13821
0.40645790100097656, 13820
0.40645790100097656, 13819
0.40645790100097656, 13818
0.40645790100097656, 13817
0.40645790100097656, 13816
0.40645790100097656, 13815
0.40645790100097656, 13814
0.40645790100097656, 13813
0.40645790100097656, 13812
0.40645790100097656, 13811
0.40645790100097656, 13810
0.4074578285217285, 13809
0.4074578285217285, 13808
0.4074578285217285, 13807
0.4074578285217285, 13806
0.4074578285217285, 13805
0.4074578285217285, 13804
0.4074578285217285, 13803
0.4074578285217285, 13802
0.4074578285217285, 13801
0.4074578285217285, 13800
0.4074578285217285, 13799
0.4074578285217285, 13798
0.4074578285217285, 13797
0.4074578285217285, 13796
0.40845799446105957, 13795
0.40845799446105957, 13794
0.40845799446105957, 13793
0.40845799446105957, 13792
0.40845799446105957, 13791
0.40845799446105957, 13790
0.40845799446105957, 13789
0.40845799446105957, 13788
0.40845799446105957, 13787
0.40845799446105957, 13786
0.40845799446105957, 13785
0.40845799446105957, 13784
0.40845799446105957, 13783
0.40845799446105957, 13782
0.40845799446105957, 13781
0.4094579219818115, 13780
0.4094579219818115, 13779
0.4094579219818115, 13778
0.4094579219818115, 13777
0.4094579219818115, 13776
0.4094579219818115, 13775
0.4094579219818115, 13774
0.4094579219818115, 13773
0.4094579219818115, 13772
0.4094579219818115, 13771
0.4094579219818115, 13770
0.4094579219818115, 13769
0.4094579219818115, 13768
0.4094579219818115, 13767
0.4094579219818115, 13766
0.4094579219818115, 13765
0.4105188846588135, 13764
0.4105188846588135, 13763
0.4105188846588135, 13762
0.4105188846588135, 13761
0.4105188846588135, 13760
0.4105188846588135, 13759
0.4105188846588135, 13758
0.4105188846588135, 13757
0.4105188846588135, 13756
0.4105188846588135, 13755
0.4105188846588135, 13754
0.4105188846588135, 13753
0.4105188846588135, 13752
0.4105188846588135, 13751
0.41146135330200195, 13750
0.41146135330200195, 13749
0.41146135330200195, 13748
0.41146135330200195, 13747
0.41146135330200195, 13746
0.41146135330200195, 13745
0.41146135330200195, 13744
0.41146135330200195, 13743
0.41146135330200195, 13742
0.41146135330200195, 13741
0.41146135330200195, 13740
0.41146135330200195, 13739
0.41146135330200195, 13738
0.41146135330200195, 13737
0.4124608039855957, 13736
0.4124608039855957, 13735
0.4124608039855957, 13734
0.4124608039855957, 13733
0.4124608039855957, 13732
0.4124608039855957, 13731
0.4124608039855957, 13730
0.4124608039855957, 13729
0.4124608039855957, 13728
0.4124608039855957, 13727
0.4124608039855957, 13726
0.4124608039855957, 13725
0.4124608039855957, 13724
0.4124608039855957, 13723
0.4124608039855957, 13722
0.41346120834350586, 13721
0.41346120834350586, 13720
0.41346120834350586, 13719
0.41346120834350586, 13718
0.41346120834350586, 13717
0.41346120834350586, 13716
0.41346120834350586, 13715
0.41346120834350586, 13714
0.41346120834350586, 13713
0.41346120834350586, 13712
0.41346120834350586, 13711
0.41346120834350586, 13710
0.41346120834350586, 13709
0.41346120834350586, 13708
0.41346120834350586, 13707
0.4144599437713623, 13706
0.4144599437713623, 13705
0.4144599437713623, 13704
0.4144599437713623, 13703
0.4144599437713623, 13702
0.4144599437713623, 13701
0.4144599437713623, 13700
0.4144599437713623, 13699
0.4144599437713623, 13698
0.4144599437713623, 13697
0.4144599437713623, 13696
0.4144599437713623, 13695
0.4144599437713623, 13694
0.4144599437713623, 13693
0.4144599437713623, 13692
0.41545987129211426, 13691
0.41545987129211426, 13690
0.41545987129211426, 13689
0.41545987129211426, 13688
0.41545987129211426, 13687
0.41545987129211426, 13686
0.41545987129211426, 13685
0.41545987129211426, 13684
0.41545987129211426, 13683
0.41545987129211426, 13682
0.41545987129211426, 13681
0.41545987129211426, 13680
0.41545987129211426, 13679
0.41545987129211426, 13678
0.41545987129211426, 13677
0.416489839553833, 13676
0.416489839553833, 13675
0.416489839553833, 13674
0.416489839553833, 13673
0.416489839553833, 13672
0.416489839553833, 13671
0.416489839553833, 13670
0.416489839553833, 13669
0.416489839553833, 13668
0.416489839553833, 13667
0.416489839553833, 13666
0.416489839553833, 13665
0.416489839553833, 13664
0.416489839553833, 13663
0.416489839553833, 13662
0.41748929023742676, 13661
0.41748929023742676, 13660
0.41748929023742676, 13659
0.41748929023742676, 13658
0.41748929023742676, 13657
0.41748929023742676, 13656
0.41748929023742676, 13655
0.41748929023742676, 13654
0.9840505123138428, 13653
0.9840505123138428, 13652
0.9840505123138428, 13651
0.9840505123138428, 13650
0.9840505123138428, 13649
0.9840505123138428, 13648
0.9840505123138428, 13647
0.9840505123138428, 13646
0.9840505123138428, 13645
0.9850521087646484, 13644
0.9850521087646484, 13643
0.9850521087646484, 13642
0.9850521087646484, 13641
0.9850521087646484, 13640
0.9850521087646484, 13639
0.9850521087646484, 13638
0.9850521087646484, 13637
0.9850521087646484, 13636
0.9850521087646484, 13635
0.9850521087646484, 13634
0.9850521087646484, 13633
0.9850521087646484, 13632
0.9850521087646484, 13631
0.9850521087646484, 13630
0.9850521087646484, 13629
0.9860856533050537, 13628
0.9860856533050537, 13627
0.9860856533050537, 13626
0.9860856533050537, 13625
0.9860856533050537, 13624
0.9860856533050537, 13623
0.9860856533050537, 13622
0.9860856533050537, 13621
0.9860856533050537, 13620
0.9860856533050537, 13619
0.9860856533050537, 13618
0.9860856533050537, 13617
0.9860856533050537, 13616
0.9860856533050537, 13615
0.987086296081543, 13614
0.987086296081543, 13613
0.987086296081543, 13612
0.987086296081543, 13611
0.987086296081543, 13610
0.987086296081543, 13609
0.987086296081543, 13608
0.987086296081543, 13607
0.987086296081543, 13606
0.987086296081543, 13605
0.987086296081543, 13604
0.987086296081543, 13603
0.987086296081543, 13602
0.987086296081543, 13601
0.987086296081543, 13600
0.9880855083465576, 13599
0.9880855083465576, 13598
0.9880855083465576, 13597
0.9880855083465576, 13596
0.9880855083465576, 13595
0.9880855083465576, 13594
0.9880855083465576, 13593
0.9880855083465576, 13592
0.9880855083465576, 13591
0.9880855083465576, 13590
0.9880855083465576, 13589
0.9880855083465576, 13588
0.9880855083465576, 13587
0.9880855083465576, 13586
0.9880855083465576, 13585
0.9890851974487305, 13584
0.9890851974487305, 13583
0.9890851974487305, 13582
0.9890851974487305, 13581
0.9890851974487305, 13580
0.9890851974487305, 13579
0.9890851974487305, 13578
0.9890851974487305, 13577
0.9890851974487305, 13491
0.9890851974487305, 13490
0.9900853633880615, 13489
0.9901390075683594, 13488
0.9901390075683594, 13487
0.9901390075683594, 13486
0.9901390075683594, 13485
0.9901390075683594, 13484
0.9901390075683594, 13483
0.9901390075683594, 13482
0.9901390075683594, 13481
0.9901390075683594, 13480
0.9901390075683594, 13479
0.9910867214202881, 13478
0.9910867214202881, 13477
0.9910867214202881, 13476
0.9910867214202881, 13475
0.9910867214202881, 13474
0.9910867214202881, 13473
0.9910867214202881, 13472
0.9910867214202881, 13471
0.9910867214202881, 13470
0.9910867214202881, 13469
0.9910867214202881, 13468
0.99208664894104, 13467
0.99208664894104, 13466
0.99208664894104, 13465
0.99208664894104, 13464
0.99208664894104, 13463
0.99208664894104, 13462
0.99208664894104, 13461
0.99208664894104, 13460
0.99208664894104, 13459
0.99208664894104, 13458
0.99208664894104, 13457
0.99208664894104, 13456
0.99208664894104, 13455
0.9930891990661621, 13454
0.9930891990661621, 13453
0.9930891990661621, 13452
0.9930891990661621, 13451
0.9930891990661621, 13450
0.9930891990661621, 13449
0.9930891990661621, 13448
0.9930891990661621, 13447
0.9930891990661621, 13446
0.9930891990661621, 13445
0.9930891990661621, 13444
0.9930891990661621, 13443
0.9930891990661621, 13442
0.9930891990661621, 13441
0.9930891990661621, 13440
0.9940893650054932, 13439
0.9940893650054932, 13438
0.9940893650054932, 13437
0.9940893650054932, 13436
0.9940893650054932, 13435
0.9940893650054932, 13434
0.9940893650054932, 13433
0.9950149059295654, 13432
0.9950149059295654, 13431
0.9950149059295654, 13430
0.9950149059295654, 13429
0.9950149059295654, 13428
0.9950149059295654, 13427
0.9950149059295654, 13426
0.9950149059295654, 13425
0.9950149059295654, 13424
0.9950149059295654, 13423
0.9960231781005859, 13422
0.9960231781005859, 13421
0.9960231781005859, 13420
0.9960231781005859, 13419
0.9960231781005859, 13418
0.9960231781005859, 13417
0.9960231781005859, 13416
0.9960231781005859, 13415
0.9960231781005859, 13414
0.9960231781005859, 13413
0.9960231781005859, 13412
0.9960231781005859, 13411
0.9960231781005859, 13410
0.9960231781005859, 13409
0.9970231056213379, 13408
0.9970231056213379, 13407
0.9970231056213379, 13406
0.9970231056213379, 13405
0.9970231056213379, 13404
0.9970231056213379, 13403
0.9970231056213379, 13402
0.9970231056213379, 13401
0.9975652694702148, 13400
0.9975652694702148, 13399
0.9975652694702148, 13398
0.9975652694702148, 13397
0.9975652694702148, 13396
0.9975652694702148, 13395
0.9980230331420898, 13394
0.9980230331420898, 13393
0.9980230331420898, 13392
0.9980230331420898, 13391
0.9980230331420898, 13390
0.9980230331420898, 13389
0.9980230331420898, 13388
0.9980230331420898, 13387
0.9980230331420898, 13386
0.9980230331420898, 13385
0.9980230331420898, 13384
0.9980230331420898, 13383
0.9980230331420898, 13382
0.9980230331420898, 13381
0.9980230331420898, 13380
0.9990220069885254, 13379
0.9990220069885254, 13378
0.9990220069885254, 13377
0.9990220069885254, 13376
0.9990220069885254, 13375
0.9990220069885254, 13374
0.9990220069885254, 13373
0.9990220069885254, 13372
0.9990220069885254, 13371
0.9990220069885254, 13370
0.9990220069885254, 13369
0.9990220069885254, 13368
0.9990220069885254, 13367
0.9990220069885254, 13366
1.000023365020752, 13365
1.000023365020752, 13364
1.000023365020752, 13363
1.000023365020752, 13362
1.000023365020752, 13361
1.000023365020752, 13360
1.000023365020752, 13359
1.000023365020752, 13358
1.000023365020752, 13357
1.000023365020752, 13356
1.000023365020752, 13355
1.000023365020752, 13354
1.000023365020752, 13353
1.000023365020752, 13352
1.001023530960083, 13351
1.001023530960083, 13350
1.001023530960083, 13349
1.001023530960083, 13348
1.001023530960083, 13347
1.001023530960083, 13346
1.001023530960083, 13345
1.001023530960083, 13344
1.001023530960083, 13343
1.001023530960083, 13342
1.001023530960083, 13341
1.001023530960083, 13340
1.001023530960083, 13339
1.001023530960083, 13338
1.0020239353179932, 13337
1.0020239353179932, 13336
1.0020239353179932, 13335
1.0020239353179932, 13334
1.0020239353179932, 13333
1.0020239353179932, 13332
1.0020239353179932, 13331
1.0020239353179932, 13330
1.0020239353179932, 13329
1.0020239353179932, 13328
1.0020239353179932, 13327
1.0020239353179932, 13326
1.0020239353179932, 13325
1.003023386001587, 13324
1.003023386001587, 13323
1.003023386001587, 13322
1.003023386001587, 13321
1.003023386001587, 13320
1.003023386001587, 13319
1.003023386001587, 13318
1.003023386001587, 13317
1.003023386001587, 13316
1.003023386001587, 13315
1.003023386001587, 13314
1.003023386001587, 13313
1.003023386001587, 13312
1.003023386001587, 13311
1.004023790359497, 13310
1.004023790359497, 13309
1.004023790359497, 13308
1.004023790359497, 13307
1.004023790359497, 13306
1.004023790359497, 13305
1.004023790359497, 13304
1.004023790359497, 13303
1.004023790359497, 13302
1.004023790359497, 13301
1.004023790359497, 13300
1.004023790359497, 13299
1.004023790359497, 13298
1.005028247833252, 13297
1.005028247833252, 13296
1.005028247833252, 13295
1.005028247833252, 13294
1.005028247833252, 13293
1.005028247833252, 13292
1.005028247833252, 13291
1.005028247833252, 13290
1.005028247833252, 13289
1.005028247833252, 13288
1.005028247833252, 13287
1.005028247833252, 13286
1.005028247833252, 13285
1.005028247833252, 13284
1.006073236465454, 13283
1.006155014038086, 13282
1.006225347518921, 13281
1.006225347518921, 13280
1.006225347518921, 13279
1.006225347518921, 13278
1.006225347518921, 13277
1.0070922374725342, 13276
1.0070922374725342, 13275
1.0070922374725342, 13274
1.0070922374725342, 13273
1.0070922374725342, 13272
1.0070922374725342, 13271
1.0070922374725342, 13270
1.0070922374725342, 13269
1.0070922374725342, 13268
1.0080876350402832, 13267
1.0080876350402832, 13266
1.0080876350402832, 13265
1.0080876350402832, 13264
1.0080876350402832, 13263
1.0080876350402832, 13262
1.0080876350402832, 13261
1.0080876350402832, 13260
1.0080876350402832, 13259
1.0080876350402832, 13258
1.0090913772583008, 13257
1.0090913772583008, 13256
1.0090913772583008, 13255
1.0090913772583008, 13254
1.0090913772583008, 13253
1.0090913772583008, 13252
1.0090913772583008, 13251
1.0090913772583008, 13250
1.0090913772583008, 13249
1.0090913772583008, 13248
1.0100898742675781, 13247
1.0100898742675781, 13246
1.0100898742675781, 13245
1.0100898742675781, 13244
1.0100898742675781, 13243
1.0100898742675781, 13242
1.0100898742675781, 13241
1.0100898742675781, 13240
1.0100898742675781, 13239
1.0100898742675781, 13238
1.0110876560211182, 13237
1.0110876560211182, 13236
1.0110876560211182, 13235
1.0110876560211182, 13234
1.0110876560211182, 13233
1.0110876560211182, 13232
1.0110876560211182, 13231
1.0110876560211182, 13230
1.0110876560211182, 13229
1.0110876560211182, 13228
1.0120887756347656, 13227
1.0120887756347656, 13226
1.0120887756347656, 13225
1.0120887756347656, 13224
1.0120887756347656, 13223
1.0120887756347656, 13222
1.0120887756347656, 13221
1.0120887756347656, 13220
1.0120887756347656, 13219
1.013084888458252, 13218
1.013084888458252, 13217
1.013084888458252, 13216
1.013084888458252, 13215
1.013084888458252, 13214
1.013084888458252, 13213
1.013084888458252, 13212
1.013084888458252, 13211
1.013084888458252, 13210
1.013084888458252, 13209
1.0140845775604248, 13208
1.0140845775604248, 13207
1.0140845775604248, 13206
1.0140845775604248, 13205
1.0140845775604248, 13204
1.0140845775604248, 13203
1.0140845775604248, 13202
1.0140845775604248, 13201
1.0140845775604248, 13200
1.0150837898254395, 13199
1.0150837898254395, 13198
1.0150837898254395, 13197
1.0150837898254395, 13196
1.0150837898254395, 13195
1.0150837898254395, 13194
1.0150837898254395, 13193
1.0150837898254395, 13192
1.0150837898254395, 13191
1.0150837898254395, 13190
1.0160846710205078, 13189
1.0160846710205078, 13188
1.0160846710205078, 13187
1.0160846710205078, 13186
1.0160846710205078, 13185
1.0160846710205078, 13184
1.0160846710205078, 13183
1.0160846710205078, 13182
1.0160846710205078, 13181
1.0170843601226807, 13180
1.0170843601226807, 13179
1.0170843601226807, 13178
1.0170843601226807, 13177
1.0170843601226807, 13176
1.0170843601226807, 13175
1.0170843601226807, 13174
1.0170843601226807, 13173
1.0170843601226807, 13172
1.0170843601226807, 13171
1.0181405544281006, 13170
1.0181405544281006, 13169
1.0181405544281006, 13168
1.0181405544281006, 13167
1.0181405544281006, 13166
1.0181405544281006, 13165
1.0181405544281006, 13164
1.0181405544281006, 13163
1.0181405544281006, 13162
1.0190839767456055, 13161
1.0190839767456055, 13160
1.0190839767456055, 13159
1.019399881362915, 13158
1.019399881362915, 13157
1.019399881362915, 13156
1.019399881362915, 13155
1.019399881362915, 13154
1.019399881362915, 13153
1.019399881362915, 13152
1.0200846195220947, 13151
1.0200846195220947, 13150
1.0200846195220947, 13149
1.0200846195220947, 13148
1.0200846195220947, 13147
1.0200846195220947, 13146
1.0200846195220947, 13145
1.0200846195220947, 13144
1.0200846195220947, 13143
1.0210838317871094, 13142
1.0210838317871094, 13141
1.0210838317871094, 13140
1.0210838317871094, 13139
1.0210838317871094, 13138
1.0210838317871094, 13137
1.0210838317871094, 13136
1.0210838317871094, 13135
1.0210838317871094, 13134
1.0220844745635986, 13133
1.0220844745635986, 13132
1.0220844745635986, 13131
