0.11400985717773438, 10984
0.11400985717773438, 10983
0.11400985717773438, 10982
0.11400985717773438, 10981
0.11400985717773438, 10980
0.11400985717773438, 10979
0.11400985717773438, 10978
0.11400985717773438, 10977
0.11500859260559082, 10976
0.11500859260559082, 10975
0.11500859260559082, 10974
0.11500859260559082, 10973
0.11500859260559082, 10972
0.11500859260559082, 10971
0.11500859260559082, 10970
0.11500859260559082, 10969
0.11500859260559082, 10968
0.11500859260559082, 10967
0.11500859260559082, 10966
0.11500859260559082, 10965
0.11500859260559082, 10964
0.11500859260559082, 10963
0.11500859260559082, 10962
0.11500859260559082, 10961
0.11500859260559082, 10960
0.11600852012634277, 10959
0.11600852012634277, 10958
0.11600852012634277, 10957
0.11600852012634277, 10956
0.11600852012634277, 10955
0.11600852012634277, 10954
0.11600852012634277, 10953
0.11600852012634277, 10952
0.11600852012634277, 10951
0.11600852012634277, 10950
0.11600852012634277, 10949
0.11600852012634277, 10948
0.11600852012634277, 10947
0.11600852012634277, 10946
0.11600852012634277, 10945
0.11600852012634277, 10944
0.11600852012634277, 10943
0.11600852012634277, 10942
0.11700892448425293, 10941
0.11700892448425293, 10940
0.11700892448425293, 10939
0.11700892448425293, 10938
0.11700892448425293, 10937
0.11700892448425293, 10936
0.11700892448425293, 10935
0.23526859283447266, 10933
0.23526859283447266, 10932
0.23526859283447266, 10931
0.23526859283447266, 10930
0.23526859283447266, 10929
0.23526859283447266, 10928
0.23526859283447266, 10927
0.23526859283447266, 10926
0.23526859283447266, 10925
0.23526859283447266, 10924
0.23526859283447266, 10923
0.23526859283447266, 10922
0.23526859283447266, 10921
0.23526859283447266, 10920
0.23526859283447266, 10919
0.23526859283447266, 10918
0.2362685203552246, 10917
0.2362685203552246, 10916
0.2362685203552246, 10915
0.2362685203552246, 10914
0.2362685203552246, 10913
0.2362685203552246, 10912
0.2362685203552246, 10911
0.2362685203552246, 10910
0.2362685203552246, 10909
0.2362685203552246, 10908
0.2362685203552246, 10907
0.2362685203552246, 10906
0.2362685203552246, 10905
0.2362685203552246, 10904
0.2362685203552246, 10903
0.2362685203552246, 10902
0.2362685203552246, 10901
0.2362685203552246, 10900
0.2362685203552246, 10899
0.23726868629455566, 10898
0.23726868629455566, 10897
0.23726868629455566, 10896
0.23726868629455566, 10895
0.23726868629455566, 10894
0.23726868629455566, 10893
0.23726868629455566, 10892
0.23726868629455566, 10891
0.23726868629455566, 10890
0.23726868629455566, 10889
0.23726868629455566, 10888
0.23726868629455566, 10887
0.23726868629455566, 10886
0.23726868629455566, 10885
0.23726868629455566, 10884
0.23726868629455566, 10883
0.23726868629455566, 10882
0.23726868629455566, 10881
0.23826861381530762, 10880
0.23826861381530762, 10879
0.23826861381530762, 10878
0.23826861381530762, 10877
0.23826861381530762, 10876
0.23826861381530762, 10875
0.23826861381530762, 10874
0.23826861381530762, 10873
0.23826861381530762, 10872
0.23826861381530762, 10871
0.23826861381530762, 10870
0.23826861381530762, 10869
0.23826861381530762, 10868
0.23826861381530762, 10867
0.23826861381530762, 10866
0.23826861381530762, 10865
0.23826861381530762, 10864
0.23826861381530762, 10863
0.2392725944519043, 10862
0.2392725944519043, 10861
0.2392725944519043, 10860
0.2392725944519043, 10859
0.2392725944519043, 10858
0.2392725944519043, 10857
0.2392725944519043, 10856
0.2392725944519043, 10855
0.2392725944519043, 10854
0.2392725944519043, 10853
0.2392725944519043, 10852
0.2392725944519043, 10851
0.2392725944519043, 10850
0.2392725944519043, 10849
0.2392725944519043, 10848
0.2392725944519043, 10847
0.2392725944519043, 10846
0.24027204513549805, 10845
0.24027204513549805, 10844
0.24027204513549805, 10843
0.24027204513549805, 10842
0.24027204513549805, 10841
0.24027204513549805, 10840
0.24027204513549805, 10839
0.24027204513549805, 10838
0.24027204513549805, 10837
0.24027204513549805, 10836
0.24027204513549805, 10835
0.24027204513549805, 10834
0.24027204513549805, 10833
0.24027204513549805, 10832
0.2412731647491455, 10831
0.2412731647491455, 10830
0.2412731647491455, 10829
0.2412731647491455, 10828
0.2412731647491455, 10827
0.2412731647491455, 10826
0.2412731647491455, 10825
0.2412731647491455, 10824
0.2412731647491455, 10823
0.2412731647491455, 10822
0.2412731647491455, 10821
0.2412731647491455, 10820
0.2412731647491455, 10819
0.2412731647491455, 10818
0.2412731647491455, 10817
0.2412731647491455, 10816
0.24227046966552734, 10815
0.24227046966552734, 10814
0.24227046966552734, 10813
0.24227046966552734, 10812
0.24227046966552734, 10811
0.24227046966552734, 10810
0.24227046966552734, 10809
0.24227046966552734, 10808
0.24227046966552734, 10807
0.24227046966552734, 10806
0.24227046966552734, 10805
0.24227046966552734, 10804
0.24227046966552734, 10803
0.24227046966552734, 10802
0.24227046966552734, 10801
0.24227046966552734, 10800
0.24227046966552734, 10799
0.2432701587677002, 10798
0.2432701587677002, 10797
0.2432701587677002, 10796
0.2432701587677002, 10795
0.2432701587677002, 10794
0.2432701587677002, 10793
0.2432701587677002, 10792
0.2432701587677002, 10791
0.2432701587677002, 10790
0.2432701587677002, 10789
0.2432701587677002, 10788
0.2432701587677002, 10787
0.2432701587677002, 10786
0.2432701587677002, 10785
0.2432701587677002, 10784
0.2432701587677002, 10783
0.2432701587677002, 10782
0.24426984786987305, 10781
0.24426984786987305, 10780
0.24426984786987305, 10779
0.24426984786987305, 10778
0.24426984786987305, 10777
0.24426984786987305, 10776
0.24426984786987305, 10775
0.24426984786987305, 10774
0.24426984786987305, 10773
0.24426984786987305, 10772
0.24426984786987305, 10771
0.24426984786987305, 10770
0.24426984786987305, 10769
0.24426984786987305, 10768
0.24426984786987305, 10767
0.24426984786987305, 10766
0.24426984786987305, 10765
0.2452695369720459, 10764
0.2452695369720459, 10763
0.2452695369720459, 10762
0.2452695369720459, 10761
0.2452695369720459, 10760
0.3601393699645996, 10759
0.3601393699645996, 10758
0.3601393699645996, 10757
0.3601393699645996, 10756
0.3601393699645996, 10755
0.3601393699645996, 10754
0.3601393699645996, 10753
0.3601393699645996, 10752
0.3601393699645996, 10751
0.3601393699645996, 10750
0.3601393699645996, 10749
0.3601393699645996, 10748
0.3601393699645996, 10747
0.3601393699645996, 10746
0.3601393699645996, 10745
0.3611323833465576, 10744
0.3611323833465576, 10743
0.3611323833465576, 10742
0.3611323833465576, 10741
0.3611323833465576, 10740
0.3611323833465576, 10739
0.3611323833465576, 10738
0.3611323833465576, 10737
0.3611323833465576, 10736
0.3611323833465576, 10735
0.3611323833465576, 10734
0.3611323833465576, 10733
0.3611323833465576, 10732
0.3611323833465576, 10731
0.3611323833465576, 10730
0.3611323833465576, 10729
0.3611323833465576, 10728
0.36213016510009766, 10727
0.36213016510009766, 10726
0.36213016510009766, 10725
0.36213016510009766, 10724
0.36213016510009766, 10723
0.36213016510009766, 10722
0.36213016510009766, 10721
0.36213016510009766, 10720
0.36213016510009766, 10719
0.36213016510009766, 10718
0.36213016510009766, 10717
0.36213016510009766, 10716
0.36213016510009766, 10715
0.36213016510009766, 10714
0.36213016510009766, 10713
0.36213016510009766, 10712
0.36213016510009766, 10711
0.3631293773651123, 10710
0.3631293773651123, 10709
0.3631293773651123, 10708
0.3631293773651123, 10707
0.3631293773651123, 10706
0.3631293773651123, 10705
0.3631293773651123, 10704
0.3631293773651123, 10703
0.3631293773651123, 10702
0.3631293773651123, 10701
0.3631293773651123, 10700
0.3631293773651123, 10699
0.3631293773651123, 10698
0.3631293773651123, 10697
0.3631293773651123, 10696
0.36406493186950684, 10695
0.36406493186950684, 10694
0.36413002014160156, 10693
0.36413002014160156, 10692
0.36413002014160156, 10691
0.36413002014160156, 10690
0.36413002014160156, 10689
0.36413002014160156, 10688
0.36413002014160156, 10687
0.36413002014160156, 10686
0.36413002014160156, 10685
0.36413002014160156, 10684
0.36413002014160156, 10683
0.36413002014160156, 10682
0.36413002014160156, 10681
0.36413002014160156, 10680
0.36413002014160156, 10679
0.36413002014160156, 10678
0.3651301860809326, 10677
0.3652026653289795, 10676
0.3652026653289795, 10675
0.3652026653289795, 10674
0.3652026653289795, 10673
0.3652026653289795, 10672
0.3652026653289795, 10671
0.36574292182922363, 10670
0.36574292182922363, 10669
0.36574292182922363, 10668
0.36574292182922363, 10667
0.36574292182922363, 10666
0.36574292182922363, 10665
0.36574292182922363, 10664
0.36574292182922363, 10663
0.36574292182922363, 10662
0.36574292182922363, 10661
0.36574292182922363, 10660
0.36675524711608887, 10659
0.36675524711608887, 10658
0.36675524711608887, 10657
0.36675524711608887, 10656
0.36675524711608887, 10655
0.36675524711608887, 10654
0.36675524711608887, 10653
0.36675524711608887, 10652
0.36675524711608887, 10651
0.36675524711608887, 10650
0.36675524711608887, 10649
0.36675524711608887, 10648
0.36675524711608887, 10647
0.36675524711608887, 10646
0.36675524711608887, 10645
0.3677654266357422, 10644
0.3677654266357422, 10643
0.3677654266357422, 10642
0.3677654266357422, 10641
0.3677654266357422, 10640
0.3677654266357422, 10639
0.3677654266357422, 10638
0.3677654266357422, 10637
0.3677654266357422, 10636
0.3677654266357422, 10635
0.3677654266357422, 10634
0.3677654266357422, 10633
0.3677654266357422, 10632
0.3677654266357422, 10631
0.3677654266357422, 10630
0.3677654266357422, 10629
0.368757963180542, 10628
5.324015855789185, 10627
5.324015855789185, 10626
5.324015855789185, 10625
5.324015855789185, 10624
5.324015855789185, 10623
5.324015855789185, 10622
5.324015855789185, 10621
5.324015855789185, 10620
5.325016260147095, 10619
5.325016260147095, 10618
5.325016260147095, 10617
5.325016260147095, 10616
5.325016260147095, 10615
5.325016260147095, 10614
5.325016260147095, 10613
5.325016260147095, 10612
5.325016260147095, 10611
5.3255321979522705, 10610
5.3255321979522705, 10609
5.3255321979522705, 10608
5.3255321979522705, 10607
5.3255321979522705, 10606
5.3255321979522705, 10605
5.3255321979522705, 10604
5.3255321979522705, 10603
5.326038360595703, 10602
5.326038360595703, 10601
5.326038360595703, 10600
5.326038360595703, 10599
5.326038360595703, 10598
5.326038360595703, 10597
5.326038360595703, 10596
5.326038360595703, 10595
5.326038360595703, 10594
5.326038360595703, 10593
5.326038360595703, 10592
5.326038360595703, 10591
5.326038360595703, 10590
5.326038360595703, 10589
5.326038360595703, 10588
5.326038360595703, 10587
5.327058792114258, 10586
5.327058792114258, 10585
5.327058792114258, 10584
5.327058792114258, 10583
5.327058792114258, 10582
5.327058792114258, 10581
5.327058792114258, 10580
5.327058792114258, 10579
5.327058792114258, 10578
5.327058792114258, 10577
5.327058792114258, 10576
5.327058792114258, 10575
5.327058792114258, 10574
5.327058792114258, 10573
5.327058792114258, 10572
5.327058792114258, 10571
5.328047513961792, 10570
5.918543338775635, 10569
5.918543338775635, 10568
5.918543338775635, 10567
5.919080972671509, 10566
5.919080972671509, 10565
5.919080972671509, 10564
5.919080972671509, 10563
5.919080972671509, 10562
5.919080972671509, 10561
5.919080972671509, 10560
5.919080972671509, 10559
5.919080972671509, 10558
5.919080972671509, 10557
5.919080972671509, 10556
5.919080972671509, 10555
5.919080972671509, 10554
5.919080972671509, 10553
5.919080972671509, 10552
5.919080972671509, 10551
5.920077323913574, 10550
5.920077323913574, 10549
5.920077323913574, 10548
5.920077323913574, 10547
5.920077323913574, 10546
5.920077323913574, 10545
5.920077323913574, 10544
5.920077323913574, 10543
5.920077323913574, 10542
5.920077323913574, 10541
5.920077323913574, 10540
5.920077323913574, 10539
5.920077323913574, 10538
5.920077323913574, 10537
5.920077323913574, 10536
5.920077323913574, 10535
5.921077251434326, 10534
5.921077251434326, 10533
5.921077251434326, 10532
5.921077251434326, 10531
5.921077251434326, 10530
5.921077251434326, 10529
5.921077251434326, 10528
5.921077251434326, 10527
5.921077251434326, 10526
5.921077251434326, 10525
5.921077251434326, 10524
5.921077251434326, 10523
5.921077251434326, 10522
5.921077251434326, 10521
5.921077251434326, 10520
5.922076463699341, 10519
5.922076463699341, 10518
5.922076463699341, 10517
5.922076463699341, 10516
5.922076463699341, 10515
5.922076463699341, 10514
5.922076463699341, 10513
5.922076463699341, 10512
5.922076463699341, 10511
5.922076463699341, 10510
5.922076463699341, 10509
5.922076463699341, 10508
5.922076463699341, 10507
5.922076463699341, 10506
5.922076463699341, 10505
5.9230756759643555, 10504
5.9230756759643555, 10503
5.9230756759643555, 10502
5.9230756759643555, 10501
5.9230756759643555, 10500
5.9230756759643555, 10499
5.9230756759643555, 10498
5.9230756759643555, 10497
5.9230756759643555, 10496
5.9230756759643555, 10495
5.9230756759643555, 10494
5.9230756759643555, 10493
5.9230756759643555, 10492
5.9230756759643555, 10491
5.9230756759643555, 10490
5.9230756759643555, 10489
5.924075126647949, 10488
5.924075126647949, 10487
5.924075126647949, 10486
5.924075126647949, 10485
5.924075126647949, 10484
5.924075126647949, 10483
5.924075126647949, 10482
5.924075126647949, 10481
5.924075126647949, 10480
5.924075126647949, 10479
5.924075126647949, 10478
5.924075126647949, 10477
5.924075126647949, 10476
5.924075126647949, 10475
5.924075126647949, 10474
5.925075054168701, 10473
5.925075054168701, 10472
5.925075054168701, 10471
5.925075054168701, 10470
5.925075054168701, 10469
5.925075054168701, 10468
5.925075054168701, 10467
5.925075054168701, 10466
5.925075054168701, 10465
5.925075054168701, 10464
5.925075054168701, 10463
5.925075054168701, 10462
5.925075054168701, 10461
5.925075054168701, 10460
8.809040307998657, 10459
8.809040307998657, 10458
8.809040307998657, 10457
8.809040307998657, 10456
8.809040307998657, 10455
8.809040307998657, 10454
8.809040307998657, 10453
8.809040307998657, 10452
8.809040307998657, 10451
8.809040307998657, 10450
8.809040307998657, 10449
8.809040307998657, 10448
8.809040307998657, 10447
8.809040307998657, 10446
8.809040307998657, 10445
8.81004023551941, 10444
8.81004023551941, 10443
8.81004023551941, 10442
8.81004023551941, 10441
8.81004023551941, 10440
8.81004023551941, 10439
8.81004023551941, 10438
8.81004023551941, 10437
8.81004023551941, 10436
8.81004023551941, 10435
8.81004023551941, 10434
8.81004023551941, 10433
8.81004023551941, 10432
8.81004023551941, 10431
8.81004023551941, 10430
8.81004023551941, 10429
8.81004023551941, 10428
8.811040878295898, 10427
8.811110496520996, 10426
8.811110496520996, 10425
8.811110496520996, 10424
8.811110496520996, 10423
8.811110496520996, 10422
8.811110496520996, 10421
8.811110496520996, 10420
8.811110496520996, 10419
8.811110496520996, 10418
8.811110496520996, 10417
8.811110496520996, 10416
8.811110496520996, 10415
8.811110496520996, 10414
8.811110496520996, 10413
8.812041521072388, 10412
8.812041521072388, 10411
8.812041521072388, 10410
8.812041521072388, 10409
8.812041521072388, 10408
