0.18317270278930664, 14066
0.18317270278930664, 14065
0.18317270278930664, 14064
0.18317270278930664, 14063
0.18317270278930664, 14062
0.18317270278930664, 14061
0.18317270278930664, 14060
0.18317270278930664, 14059
0.18317270278930664, 14058
0.1841733455657959, 14057
0.1841733455657959, 14056
0.1841733455657959, 14055
0.1841733455657959, 14054
0.1841733455657959, 14053
0.1841733455657959, 14052
0.1841733455657959, 14051
0.1841733455657959, 14050
0.1841733455657959, 14049
0.1841733455657959, 14048
0.1841733455657959, 14047
0.1841733455657959, 14046
0.1841733455657959, 14045
0.1841733455657959, 14044
0.1841733455657959, 14043
0.1841733455657959, 14042
0.18517351150512695, 14041
0.18517351150512695, 14040
0.18517351150512695, 14039
0.18517351150512695, 14038
0.18517351150512695, 14037
0.18517351150512695, 14036
0.18517351150512695, 14035
0.18517351150512695, 14034
0.18517351150512695, 14033
0.18517351150512695, 14032
0.18517351150512695, 14031
0.18517351150512695, 14030
0.18517351150512695, 14029
0.18517351150512695, 14028
0.18517351150512695, 14027
0.18517351150512695, 14026
0.1861729621887207, 14025
0.1861729621887207, 14024
0.1861729621887207, 14023
0.1861729621887207, 14022
0.1861729621887207, 14021
0.1861729621887207, 14020
0.1861729621887207, 14019
0.1861729621887207, 14018
0.1861729621887207, 14017
0.1861729621887207, 14016
0.1861729621887207, 14015
0.1861729621887207, 14014
0.1861729621887207, 14013
0.1861729621887207, 14012
0.18706488609313965, 14011
0.18717288970947266, 14010
0.18717288970947266, 14009
0.18717288970947266, 14008
0.18717288970947266, 14007
0.18717288970947266, 14006
0.18717288970947266, 14005
0.18717288970947266, 14004
0.18717288970947266, 14003
0.18717288970947266, 14002
0.18717288970947266, 14001
0.18717288970947266, 14000
0.18717288970947266, 13999
0.18717288970947266, 13998
0.18717288970947266, 13997
0.18717288970947266, 13996
0.1881728172302246, 13995
0.1881728172302246, 13994
0.1881728172302246, 13993
0.1881728172302246, 13992
0.1881728172302246, 13991
0.1881728172302246, 13990
0.1881728172302246, 13989
0.1881728172302246, 13988
0.1881728172302246, 13987
0.1881728172302246, 13986
0.1881728172302246, 13985
0.1881728172302246, 13984
0.1881728172302246, 13983
0.18917560577392578, 13982
0.18917560577392578, 13981
0.18917560577392578, 13980
0.18917560577392578, 13979
0.18917560577392578, 13978
0.18917560577392578, 13977
0.18917560577392578, 13976
0.18917560577392578, 13975
0.18917560577392578, 13974
0.18917560577392578, 13973
0.18917560577392578, 13972
0.18917560577392578, 13971
0.18917560577392578, 13970
0.18917560577392578, 13969
0.18917560577392578, 13968
0.19017314910888672, 13967
0.19017314910888672, 13966
0.19017314910888672, 13965
0.19017314910888672, 13964
0.19017314910888672, 13963
0.19017314910888672, 13962
0.19017314910888672, 13961
0.19017314910888672, 13960
0.19017314910888672, 13959
0.1907339096069336, 13958
0.1907339096069336, 13957
0.1907339096069336, 13956
0.1907339096069336, 13955
0.1907339096069336, 13954
0.1907339096069336, 13953
0.1907339096069336, 13952
0.19117307662963867, 13951
0.19117307662963867, 13950
0.19117307662963867, 13949
0.19117307662963867, 13948
0.19117307662963867, 13947
0.19117307662963867, 13946
0.19117307662963867, 13945
0.19117307662963867, 13944
0.19117307662963867, 13943
0.19117307662963867, 13942
0.19117307662963867, 13941
0.19117307662963867, 13940
0.19117307662963867, 13939
0.19117307662963867, 13938
0.19117307662963867, 13937
0.19117307662963867, 13936
0.19217300415039062, 13935
0.19217300415039062, 13934
0.19217300415039062, 13933
0.19217300415039062, 13932
0.19217300415039062, 13931
0.19217300415039062, 13930
0.19217300415039062, 13929
0.19217300415039062, 13928
0.19217300415039062, 13927
0.19217300415039062, 13926
0.19217300415039062, 13925
0.19217300415039062, 13924
0.19217300415039062, 13923
0.19217300415039062, 13922
0.19217300415039062, 13921
0.19217300415039062, 13920
0.19317269325256348, 13919
0.19317269325256348, 13918
0.19317269325256348, 13917
0.19317269325256348, 13916
0.19317269325256348, 13915
0.19317269325256348, 13914
0.19317269325256348, 13913
0.19317269325256348, 13912
0.19317269325256348, 13911
0.19317269325256348, 13910
0.19317269325256348, 13909
0.19317269325256348, 13908
0.19317269325256348, 13907
0.19317269325256348, 13906
0.19317269325256348, 13905
0.19317269325256348, 13904
0.19417285919189453, 13903
0.19417285919189453, 13902
0.19417285919189453, 13901
0.19417285919189453, 13900
0.19417285919189453, 13899
0.19417285919189453, 13898
0.19417285919189453, 13897
0.19417285919189453, 13896
0.19417285919189453, 13895
0.19417285919189453, 13894
0.19417285919189453, 13893
0.19417285919189453, 13892
0.19417285919189453, 13891
0.19417285919189453, 13890
0.19517278671264648, 13889
0.19517278671264648, 13888
0.19517278671264648, 13887
0.19517278671264648, 13886
0.19517278671264648, 13885
0.19517278671264648, 13884
0.19517278671264648, 13883
0.19517278671264648, 13882
0.19517278671264648, 13881
0.19517278671264648, 13880
0.19517278671264648, 13879
0.19517278671264648, 13878
0.19517278671264648, 13877
0.19517278671264648, 13876
0.19517278671264648, 13875
0.19517278671264648, 13874
0.19617271423339844, 13873
0.19617271423339844, 13872
0.19617271423339844, 13871
0.19617271423339844, 13870
0.19617271423339844, 13869
0.19617271423339844, 13868
0.19617271423339844, 13867
0.19617271423339844, 13866
0.19617271423339844, 13865
0.19617271423339844, 13864
0.19617271423339844, 13863
0.19617271423339844, 13862
0.19617271423339844, 13861
0.19617271423339844, 13860
0.19617271423339844, 13859
0.19617271423339844, 13858
0.1971728801727295, 13857
0.1971728801727295, 13856
0.1971728801727295, 13855
0.1971728801727295, 13854
0.1971728801727295, 13853
0.1971728801727295, 13852
0.1971728801727295, 13851
0.1971728801727295, 13850
0.1971728801727295, 13849
0.1971728801727295, 13848
0.1971728801727295, 13847
0.1971728801727295, 13846
0.1971728801727295, 13845
0.1971728801727295, 13844
0.1971728801727295, 13843
0.1971728801727295, 13842
0.19817280769348145, 13841
0.39015746116638184, 13840
0.39015746116638184, 13839
0.39015746116638184, 13838
0.39015746116638184, 13837
0.39015746116638184, 13836
0.39015746116638184, 13835
0.39015746116638184, 13834
0.39015746116638184, 13833
0.39015746116638184, 13832
0.39015746116638184, 13831
0.39015746116638184, 13830
0.3911595344543457, 13829
0.3911595344543457, 13828
0.3911595344543457, 13827
0.3911595344543457, 13826
0.3911595344543457, 13825
0.3911595344543457, 13824
0.3911595344543457, 13823
0.3911595344543457, 13822
0.3911595344543457, 13821
0.3911595344543457, 13820
0.3911595344543457, 13819
0.3911595344543457, 13818
0.3911595344543457, 13817
0.3911595344543457, 13816
0.39215826988220215, 13815
0.39215826988220215, 13814
0.39215826988220215, 13813
0.39215826988220215, 13812
0.39215826988220215, 13811
0.39215826988220215, 13810
0.39215826988220215, 13809
0.39215826988220215, 13808
0.39215826988220215, 13807
0.39215826988220215, 13806
0.39215826988220215, 13805
0.39215826988220215, 13804
0.39215826988220215, 13803
0.39215826988220215, 13802
0.39316415786743164, 13801
0.39316415786743164, 13800
0.39316415786743164, 13799
0.39316415786743164, 13798
0.39316415786743164, 13797
0.39316415786743164, 13796
0.39316415786743164, 13795
0.39316415786743164, 13794
0.39316415786743164, 13793
0.39316415786743164, 13792
0.39316415786743164, 13791
0.39316415786743164, 13790
0.39316415786743164, 13789
0.39316415786743164, 13788
0.39316415786743164, 13787
0.39415740966796875, 13786
0.39415740966796875, 13785
0.39415740966796875, 13784
0.39415740966796875, 13783
0.39415740966796875, 13782
0.39415740966796875, 13781
0.39415740966796875, 13780
0.39415740966796875, 13779
0.39415740966796875, 13778
0.39415740966796875, 13777
0.39415740966796875, 13776
0.39415740966796875, 13775
0.39415740966796875, 13774
0.39415740966796875, 13773
0.39415740966796875, 13772
0.3951566219329834, 13771
0.3951566219329834, 13770
0.3951566219329834, 13769
0.3951566219329834, 13768
0.3951566219329834, 13767
0.3951566219329834, 13766
0.3951566219329834, 13765
0.3951566219329834, 13764
0.3951566219329834, 13763
0.3951566219329834, 13762
0.3951566219329834, 13761
0.3951566219329834, 13760
0.3951566219329834, 13759
0.3951566219329834, 13758
0.39615726470947266, 13757
0.39615726470947266, 13756
0.39615726470947266, 13755
0.39615726470947266, 13754
0.39615726470947266, 13753
0.39615726470947266, 13752
0.39615726470947266, 13751
0.39615726470947266, 13750
0.39615726470947266, 13749
0.39615726470947266, 13748
0.39615726470947266, 13747
0.39615726470947266, 13746
0.39615726470947266, 13745
0.39615726470947266, 13744
0.39708852767944336, 13743
0.3971569538116455, 13742
0.3971569538116455, 13741
0.3971569538116455, 13740
0.3971569538116455, 13739
0.3971569538116455, 13738
0.3971569538116455, 13737
0.3971569538116455, 13736
0.3971569538116455, 13735
0.3971569538116455, 13734
0.3971569538116455, 13733
0.3971569538116455, 13732
0.3971569538116455, 13731
0.3971569538116455, 13730
0.3971569538116455, 13729
0.3971569538116455, 13728
0.39815664291381836, 13727
0.39815664291381836, 13726
0.39815664291381836, 13725
0.39815664291381836, 13724
0.39815664291381836, 13723
0.39815664291381836, 13722
0.39815664291381836, 13721
0.39815664291381836, 13720
0.39815664291381836, 13719
0.39815664291381836, 13718
0.39815664291381836, 13717
0.39815664291381836, 13716
0.39815664291381836, 13715
0.3991568088531494, 13714
0.3991568088531494, 13713
0.3991568088531494, 13712
0.3991568088531494, 13711
0.3991568088531494, 13710
0.3991568088531494, 13709
0.3991568088531494, 13708
0.3991568088531494, 13707
0.3991568088531494, 13706
0.3991568088531494, 13705
0.3991568088531494, 13704
0.3991568088531494, 13703
0.3991568088531494, 13702
0.3991568088531494, 13701
0.3991568088531494, 13700
0.40015697479248047, 13699
0.40015697479248047, 13698
0.40015697479248047, 13697
0.40015697479248047, 13696
0.40015697479248047, 13695
0.40015697479248047, 13694
0.40015697479248047, 13693
0.40015697479248047, 13692
0.40015697479248047, 13691
0.40015697479248047, 13690
0.40015697479248047, 13689
0.40015697479248047, 13688
0.40015697479248047, 13687
0.40015697479248047, 13686
0.40015697479248047, 13685
0.4011571407318115, 13684
0.4011571407318115, 13683
0.4011571407318115, 13682
0.4011571407318115, 13681
0.4011571407318115, 13680
0.4011571407318115, 13679
0.4011571407318115, 13678
0.4011571407318115, 13677
0.4011571407318115, 13676
0.4018244743347168, 13675
0.4018244743347168, 13674
0.4018244743347168, 13673
0.4018244743347168, 13672
0.4018244743347168, 13671
0.4021565914154053, 13670
0.4021565914154053, 13669
0.4021565914154053, 13668
0.4021565914154053, 13667
0.4021565914154053, 13666
0.4021565914154053, 13665
0.4021565914154053, 13664
0.4021565914154053, 13663
0.4021565914154053, 13662
0.4021565914154053, 13661
0.4021565914154053, 13660
0.4021565914154053, 13659
0.4021565914154053, 13658
0.4021565914154053, 13657
0.4021565914154053, 13656
0.40315699577331543, 13655
0.40315699577331543, 13654
0.40315699577331543, 13653
0.40315699577331543, 13652
0.40315699577331543, 13651
0.40315699577331543, 13650
0.40315699577331543, 13649
0.40315699577331543, 13648
0.40315699577331543, 13647
0.40315699577331543, 13646
0.40315699577331543, 13645
0.40315699577331543, 13644
0.40315699577331543, 13643
0.40315699577331543, 13642
0.4041569232940674, 13641
0.4041569232940674, 13640
0.4041569232940674, 13639
0.4041569232940674, 13638
0.4041569232940674, 13637
0.4041569232940674, 13636
0.4041569232940674, 13635
0.4041569232940674, 13634
0.4041569232940674, 13633
0.4041569232940674, 13632
0.4041569232940674, 13631
0.4041569232940674, 13630
0.4041569232940674, 13629
0.4041569232940674, 13628
0.4041569232940674, 13627
0.40515685081481934, 13626
0.40515685081481934, 13625
0.5879969596862793, 13624
0.5879969596862793, 13623
0.5879969596862793, 13622
0.5879969596862793, 13621
0.5889966487884521, 13620
0.5889966487884521, 13619
0.5889966487884521, 13618
0.5889966487884521, 13617
0.5889966487884521, 13616
0.5889966487884521, 13615
0.5889966487884521, 13614
0.5889966487884521, 13613
0.5889966487884521, 13612
0.5889966487884521, 13611
0.5889966487884521, 13610
0.5889966487884521, 13609
0.5889966487884521, 13608
0.5889966487884521, 13607
0.5889966487884521, 13606
0.589996337890625, 13605
0.589996337890625, 13604
0.589996337890625, 13603
0.589996337890625, 13602
0.589996337890625, 13601
0.589996337890625, 13600
0.589996337890625, 13599
0.589996337890625, 13598
0.589996337890625, 13597
0.589996337890625, 13596
0.5907688140869141, 13595
0.5907688140869141, 13594
0.5907688140869141, 13593
0.5907688140869141, 13592
0.590996503829956, 13591
0.590996503829956, 13590
0.590996503829956, 13589
0.590996503829956, 13588
0.590996503829956, 13587
0.590996503829956, 13586
0.590996503829956, 13585
0.590996503829956, 13584
0.590996503829956, 13583
0.590996503829956, 13582
0.590996503829956, 13581
0.590996503829956, 13580
0.590996503829956, 13579
0.590996503829956, 13578
0.591996431350708, 13577
0.591996431350708, 13576
0.591996431350708, 13575
0.591996431350708, 13574
0.591996431350708, 13573
0.591996431350708, 13572
0.591996431350708, 13571
0.591996431350708, 13570
0.591996431350708, 13569
0.591996431350708, 13568
0.591996431350708, 13567
0.591996431350708, 13566
0.9501395225524902, 13565
0.9501395225524902, 13564
0.9511382579803467, 13563
0.9511382579803467, 13562
0.9511382579803467, 13561
0.9511382579803467, 13560
0.9511382579803467, 13559
0.9511382579803467, 13558
0.9511382579803467, 13557
0.9511382579803467, 13556
0.9511382579803467, 13555
0.9511382579803467, 13554
0.9511382579803467, 13553
0.9511382579803467, 13552
0.9511382579803467, 13551
0.9521400928497314, 13550
0.9521400928497314, 13549
0.9521400928497314, 13548
1.1541595458984375, 13547
1.1541595458984375, 13546
1.1541595458984375, 13545
1.1541595458984375, 13544
1.1541595458984375, 13543
1.1541595458984375, 13542
1.1551597118377686, 13541
1.1551597118377686, 13540
1.1551597118377686, 13539
1.1551597118377686, 13538
1.1551597118377686, 13537
1.1551597118377686, 13536
1.1551597118377686, 13535
1.1551597118377686, 13534
1.1551597118377686, 13533
1.1551597118377686, 13532
1.1551597118377686, 13531
1.1551597118377686, 13530
1.1561589241027832, 13529
1.1561589241027832, 13528
1.1561589241027832, 13527
1.1561589241027832, 13526
1.1561589241027832, 13525
1.1561589241027832, 13524
1.1561589241027832, 13523
1.1561589241027832, 13522
1.1567792892456055, 13521
1.1567792892456055, 13520
1.1567792892456055, 13519
1.1567792892456055, 13518
1.1571593284606934, 13517
1.1571593284606934, 13516
1.1571593284606934, 13515
1.1571593284606934, 13514
1.1571593284606934, 13513
1.1571593284606934, 13512
1.1571593284606934, 13511
1.1571593284606934, 13510
1.1571593284606934, 13509
1.1571593284606934, 13508
1.1571593284606934, 13507
1.1571593284606934, 13506
1.1581604480743408, 13505
1.1581604480743408, 13504
1.1581604480743408, 13503
1.1581604480743408, 13502
1.1581604480743408, 13501
1.1581604480743408, 13500
1.1581604480743408, 13499
1.1581604480743408, 13498
1.1581604480743408, 13497
1.1581604480743408, 13496
1.1581604480743408, 13495
1.1581604480743408, 13494
1.1591603755950928, 13493
1.1591603755950928, 13492
1.1591603755950928, 13491
1.1591603755950928, 13490
1.1591603755950928, 13489
1.1591603755950928, 13488
1.1591603755950928, 13487
1.1591603755950928, 13486
1.1591603755950928, 13485
1.1591603755950928, 13484
1.1591603755950928, 13483
1.1591603755950928, 13482
1.1601600646972656, 13481
1.1601600646972656, 13480
1.1601600646972656, 13479
1.1601600646972656, 13478
1.1601600646972656, 13477
1.1601600646972656, 13476
1.1601600646972656, 13475
1.1601600646972656, 13474
1.1601600646972656, 13473
1.1601600646972656, 13472
1.1601600646972656, 13471
1.161158800125122, 13470
1.161158800125122, 13469
1.161158800125122, 13468
1.161158800125122, 13467
1.161158800125122, 13466
1.161158800125122, 13465
1.161158800125122, 13464
1.161158800125122, 13463
1.161158800125122, 13462
1.161158800125122, 13461
1.161158800125122, 13460
1.161158800125122, 13459
1.162158727645874, 13458
1.162158727645874, 13457
1.162158727645874, 13456
1.162158727645874, 13455
1.162158727645874, 13454
1.162158727645874, 13453
1.162158727645874, 13452
1.162158727645874, 13451
1.162158727645874, 13450
1.162158727645874, 13449
1.162158727645874, 13448
1.162158727645874, 13447
1.1631591320037842, 13446
1.1631591320037842, 13445
1.1631591320037842, 13444
1.1631591320037842, 13443
1.1631591320037842, 13442
1.1631591320037842, 13441
1.1631591320037842, 13440
1.1631591320037842, 13439
1.1631591320037842, 13438
1.1631591320037842, 13437
1.1631591320037842, 13436
1.1631591320037842, 13435
1.1641592979431152, 13434
1.1641592979431152, 13433
1.1641592979431152, 13432
1.1641592979431152, 13431
1.1641592979431152, 13430
1.1641592979431152, 13429
1.1641592979431152, 13428
1.1641592979431152, 13427
1.1641592979431152, 13426
1.1641592979431152, 13425
1.1641592979431152, 13424
1.1641592979431152, 13423
1.165158987045288, 13422
1.165158987045288, 13421
1.165158987045288, 13420
1.165158987045288, 13419
1.165158987045288, 13418
1.165158987045288, 13417
1.165158987045288, 13416
1.165158987045288, 13415
1.165158987045288, 13414
1.165158987045288, 13413
1.165158987045288, 13412
1.165158987045288, 13411
1.166158676147461, 13410
1.166158676147461, 13409
1.166158676147461, 13408
1.166158676147461, 13407
1.166158676147461, 13406
1.166158676147461, 13405
1.166158676147461, 13404
1.166158676147461, 13403
1.166158676147461, 13402
1.166158676147461, 13401
1.166158676147461, 13400
1.1671597957611084, 13399
1.1671597957611084, 13398
1.1671597957611084, 13397
1.1671597957611084, 13396
1.1671597957611084, 13395
1.1671597957611084, 13394
1.1671597957611084, 13393
1.1671597957611084, 13392
1.1671597957611084, 13391
1.1671597957611084, 13390
1.1671597957611084, 13389
1.1671597957611084, 13388
1.168158769607544, 13387
1.168158769607544, 13386
1.168158769607544, 13385
1.168158769607544, 13384
1.168158769607544, 13383
1.1685869693756104, 13382
1.1685869693756104, 13381
1.1685869693756104, 13380
1.1685869693756104, 13379
1.1685869693756104, 13378
1.1685869693756104, 13377
1.1690924167633057, 13376
1.1690924167633057, 13375
1.1690924167633057, 13374
1.1690924167633057, 13373
1.1690924167633057, 13372
1.1690924167633057, 13371
1.1690924167633057, 13370
1.1690924167633057, 13369
1.1690924167633057, 13368
1.1690924167633057, 13367
1.1690924167633057, 13366
1.170060157775879, 13365
1.170060157775879, 13364
1.170060157775879, 13363
1.170060157775879, 13362
1.170060157775879, 13361
1.170060157775879, 13360
1.170060157775879, 13359
1.170060157775879, 13358
1.170060157775879, 13357
1.170060157775879, 13356
1.170060157775879, 13355
1.170060157775879, 13354
1.1710994243621826, 13353
1.1710994243621826, 13352
1.1710994243621826, 13351
1.1710994243621826, 13350
1.1710994243621826, 13349
1.1710994243621826, 13348
1.1710994243621826, 13347
1.1710994243621826, 13346
1.1710994243621826, 13345
1.1710994243621826, 13344
1.1710994243621826, 13343
1.17209792137146, 13342
1.17209792137146, 13341
1.17209792137146, 13340
1.17209792137146, 13339
1.17209792137146, 13338
1.17209792137146, 13337
1.17209792137146, 13336
1.17209792137146, 13335
1.17209792137146, 13334
1.17209792137146, 13333
1.17209792137146, 13332
1.17209792137146, 13331
1.1731007099151611, 13330
1.1731007099151611, 13329
1.1731007099151611, 13328
1.1731007099151611, 13327
1.1731007099151611, 13326
1.1731007099151611, 13325
1.1731007099151611, 13324
1.1731007099151611, 13323
1.1731007099151611, 13322
1.1731007099151611, 13321
1.1731007099151611, 13320
1.1731007099151611, 13319
1.174102544784546, 13318
1.174102544784546, 13317
1.174102544784546, 13316
1.174102544784546, 13315
1.174102544784546, 13314
1.174102544784546, 13313
1.174102544784546, 13312
1.174102544784546, 13311
1.174102544784546, 13310
1.174102544784546, 13309
1.174102544784546, 13308
1.174102544784546, 13307
1.1751017570495605, 13306
1.1751017570495605, 13305
1.1751017570495605, 13304
1.1751017570495605, 13303
1.1751017570495605, 13302
1.1751017570495605, 13301
1.1751017570495605, 13300
1.1751017570495605, 13299
1.1751017570495605, 13298
1.1751017570495605, 13297
1.1751017570495605, 13296
1.1751017570495605, 13295
1.1760978698730469, 13294
1.1760978698730469, 13293
1.1760978698730469, 13292
1.1760978698730469, 13291
1.1760978698730469, 13290
1.1760978698730469, 13289
1.1760978698730469, 13288
1.1760978698730469, 13287
1.1760978698730469, 13286
1.1760978698730469, 13285
1.1760978698730469, 13284
1.1770985126495361, 13283
1.1770985126495361, 13282
1.1770985126495361, 13281
1.1770985126495361, 13280
1.1770985126495361, 13279
1.1770985126495361, 13278
1.1770985126495361, 13277
1.1770985126495361, 13276
1.1770985126495361, 13275
1.1770985126495361, 13274
1.1770985126495361, 13273
1.1770985126495361, 13272
1.1780986785888672, 13271
1.1780986785888672, 13270
1.1780986785888672, 13269
1.1780986785888672, 13268
1.1780986785888672, 13267
1.1780986785888672, 13266
1.1780986785888672, 13265
1.1780986785888672, 13264
1.1780986785888672, 13263
1.1780986785888672, 13262
1.1780986785888672, 13261
1.1780986785888672, 13260
1.179098129272461, 13259
1.179098129272461, 13258
1.179098129272461, 13257
1.179098129272461, 13256
1.179098129272461, 13255
1.179098129272461, 13254
1.179098129272461, 13253
1.179098129272461, 13252
1.179098129272461, 13251
1.179098129272461, 13250
1.179098129272461, 13249
1.179098129272461, 13248
1.1800997257232666, 13247
1.1800997257232666, 13246
1.1800997257232666, 13245
1.1800997257232666, 13244
1.1800997257232666, 13243
1.1800997257232666, 13242
1.1800997257232666, 13241
1.1800997257232666, 13240
1.1800997257232666, 13239
1.1800997257232666, 13238
1.1800997257232666, 13237
1.1800997257232666, 13236
1.1810991764068604, 13235
1.1810991764068604, 13234
1.1810991764068604, 13233
1.1810991764068604, 13232
1.1810991764068604, 13231
1.1810991764068604, 13230
1.1810991764068604, 13229
1.1810991764068604, 13228
1.1810991764068604, 13227
1.1810991764068604, 13226
1.1810991764068604, 13225
1.1820971965789795, 13224
1.1820971965789795, 13223
1.1820971965789795, 13222
1.1820971965789795, 13221
1.1820971965789795, 13220
1.1820971965789795, 13219
1.1820971965789795, 13218
1.1820971965789795, 13217
1.1820971965789795, 13216
1.1820971965789795, 13215
1.1820971965789795, 13214
1.1820971965789795, 13213
1.1830978393554688, 13212
1.1830978393554688, 13211
1.1830978393554688, 13210
1.1830978393554688, 13209
1.1830978393554688, 13208
1.1830978393554688, 13207
1.1836004257202148, 13206
1.1836004257202148, 13205
1.1836004257202148, 13204
1.1836004257202148, 13203
1.1836004257202148, 13202
1.1836004257202148, 13201
1.184098243713379, 13200
1.184098243713379, 13199
1.184098243713379, 13198
1.184098243713379, 13197
1.184098243713379, 13196
1.184098243713379, 13195
1.184098243713379, 13194
1.184098243713379, 13193
1.184098243713379, 13192
1.184098243713379, 13191
1.184098243713379, 13190
1.1850976943969727, 13189
1.1850976943969727, 13188
1.1852006912231445, 13187
1.1852006912231445, 13186
1.1852006912231445, 13185
1.1852006912231445, 13184
1.1852006912231445, 13183
1.1852006912231445, 13182
1.1852006912231445, 13181
1.1852006912231445, 13180
1.1852006912231445, 13179
1.1860988140106201, 13178
1.1860988140106201, 13177
1.1860988140106201, 13176
1.1860988140106201, 13175
1.1860988140106201, 13174
1.1860988140106201, 13173
1.1860988140106201, 13172
1.1860988140106201, 13171
1.1860988140106201, 13170
1.1860988140106201, 13169
1.1860988140106201, 13168
1.1860988140106201, 13167
1.1870992183685303, 13166
1.1870992183685303, 13165
1.1870992183685303, 13164
1.1870992183685303, 13163
1.1870992183685303, 13162
1.1870992183685303, 13161
1.1870992183685303, 13160
1.1870992183685303, 13159
1.1870992183685303, 13158
1.1870992183685303, 13157
1.1870992183685303, 13156
1.1881005764007568, 13155
1.1881005764007568, 13154
1.1881005764007568, 13153
1.1881005764007568, 13152
1.1881005764007568, 13151
1.1881005764007568, 13150
1.1881005764007568, 13149
1.1881005764007568, 13148
1.1881005764007568, 13147
1.1881005764007568, 13146
1.1881005764007568, 13145
1.1881005764007568, 13144
1.1890981197357178, 13143
1.1890981197357178, 13142
1.1890981197357178, 13141
1.1890981197357178, 13140
1.1890981197357178, 13139
1.1890981197357178, 13138
1.1890981197357178, 13137
1.1890981197357178, 13136
1.1890981197357178, 13135
1.1890981197357178, 13134
1.1899616718292236, 13133
1.1899616718292236, 13132
1.190098762512207, 13131
1.190098762512207, 13130
1.190098762512207, 13129
1.190098762512207, 13128
1.190098762512207, 13127
1.190098762512207, 13126
1.190098762512207, 13125
1.190098762512207, 13124
1.190098762512207, 13123
1.190098762512207, 13122
1.190098762512207, 13121
1.190098762512207, 13120
1.1910974979400635, 13119
1.1910974979400635, 13118
1.1910974979400635, 13117
1.1910974979400635, 13116
1.1910974979400635, 13115
1.1910974979400635, 13114
1.1910974979400635, 13113
1.1910974979400635, 13112
1.1910974979400635, 13111
1.1910974979400635, 13110
1.1910974979400635, 13109
1.1910974979400635, 13108
1.1920976638793945, 13107
1.1920976638793945, 13106
1.1920976638793945, 13105
1.1920976638793945, 13104
1.1920976638793945, 13103
1.1920976638793945, 13102
1.1920976638793945, 13101
1.1920976638793945, 13100
1.1920976638793945, 13099
1.1920976638793945, 13098
1.1920976638793945, 13097
1.1920976638793945, 13096
1.193098545074463, 13095
1.193098545074463, 13094
1.193098545074463, 13093
1.193098545074463, 13092
1.193098545074463, 13091
1.193098545074463, 13090
1.193098545074463, 13089
1.193098545074463, 13088
1.1938085556030273, 13087
1.1938085556030273, 13086
1.1938085556030273, 13085
1.1938085556030273, 13084
1.194098711013794, 13083
1.194098711013794, 13082
1.194098711013794, 13081
1.194098711013794, 13080
1.194098711013794, 13079
1.194098711013794, 13078
1.194098711013794, 13077
1.194098711013794, 13076
1.194098711013794, 13075
1.194098711013794, 13074
1.194098711013794, 13073
1.194098711013794, 13072
1.1950981616973877, 13071
1.1950981616973877, 13070
1.1950981616973877, 13069
1.1950981616973877, 13068
1.1950981616973877, 13067
1.1950981616973877, 13066
1.1950981616973877, 13065
1.1950981616973877, 13064
1.1950981616973877, 13063
1.1950981616973877, 13062
1.1950981616973877, 13061
1.1960985660552979, 13060
1.1960985660552979, 13059
1.1960985660552979, 13058
1.1960985660552979, 13057
1.1960985660552979, 13056
1.1960985660552979, 13055
1.1960985660552979, 13054
1.1960985660552979, 13053
1.1960985660552979, 13052
1.1960985660552979, 13051
1.1960985660552979, 13050
1.1960985660552979, 13049
1.1970982551574707, 13048
1.1970982551574707, 13047
1.1970982551574707, 13046
1.1970982551574707, 13045
1.1970982551574707, 13044
1.1970982551574707, 13043
1.1970982551574707, 13042
1.1970982551574707, 13041
1.1970982551574707, 13040
1.1970982551574707, 13039
1.1970982551574707, 13038
1.1970982551574707, 13037
1.1980979442596436, 13036
1.1980979442596436, 13035
1.1980979442596436, 13034
1.1980979442596436, 13033
1.1980979442596436, 13032
1.1980979442596436, 13031
1.1980979442596436, 13030
1.1980979442596436, 13029
1.1980979442596436, 13028
1.1980979442596436, 13027
1.1990985870361328, 13026
1.1990985870361328, 13025
1.1990985870361328, 13024
1.1990985870361328, 13023
1.1990985870361328, 13022
1.1990985870361328, 13021
1.1990985870361328, 13020
1.1990985870361328, 13019
1.1990985870361328, 13018
1.1990985870361328, 13017
1.1990985870361328, 13016
1.2000997066497803, 13015
1.2000997066497803, 13014
1.2000997066497803, 13013
1.2000997066497803, 13012
1.2000997066497803, 13011
1.2000997066497803, 13010
1.2000997066497803, 13009
1.2000997066497803, 13008
1.2000997066497803, 13007
1.2000997066497803, 13006
1.2000997066497803, 13005
1.2000997066497803, 13004
1.2010979652404785, 13003
1.2010979652404785, 13002
1.2010979652404785, 13001
1.2010979652404785, 13000
1.2010979652404785, 12999
1.2010979652404785, 12998
1.2010979652404785, 12997
1.2010979652404785, 12996
1.2010979652404785, 12995
1.2010979652404785, 12994
1.2010979652404785, 12993
1.2020983695983887, 12992
1.2020983695983887, 12991
1.2020983695983887, 12990
1.2020983695983887, 12989
1.2020983695983887, 12988
1.2020983695983887, 12987
1.2020983695983887, 12986
1.2020983695983887, 12985
1.2020983695983887, 12984
1.2020983695983887, 12983
1.2020983695983887, 12982
1.2030975818634033, 12981
1.2030975818634033, 12980
1.2030975818634033, 12979
1.2030975818634033, 12978
1.2030975818634033, 12977
1.2030975818634033, 12976
1.2030975818634033, 12975
1.2030975818634033, 12974
1.2030975818634033, 12973
1.2030975818634033, 12972
1.2030975818634033, 12971
1.2030975818634033, 12970
1.2040975093841553, 12969
1.2040975093841553, 12968
1.2040975093841553, 12967
1.2040975093841553, 12966
1.2040975093841553, 12965
1.2040975093841553, 12964
1.2040975093841553, 12963
1.2040975093841553, 12962
1.2040975093841553, 12961
1.2040975093841553, 12960
1.2040975093841553, 12959
1.2050983905792236, 12958
1.2050983905792236, 12957
1.2050983905792236, 12956
1.2050983905792236, 12955
1.2050983905792236, 12954
1.2050983905792236, 12953
1.2050983905792236, 12952
1.2050983905792236, 12951
1.2050983905792236, 12950
1.2060976028442383, 12897
1.2060976028442383, 12896
1.2060976028442383, 12895
1.2060976028442383, 12894
1.2060976028442383, 12893
1.2060976028442383, 12892
1.2060976028442383, 12891
1.2060976028442383, 12890
1.2060976028442383, 12889
1.2060976028442383, 12888
1.2060976028442383, 12887
1.2060976028442383, 12886
1.2070980072021484, 12885
1.2070980072021484, 12884
1.2070980072021484, 12883
1.2070980072021484, 12882
1.2070980072021484, 12881
1.2070980072021484, 12880
1.2070980072021484, 12879
1.2070980072021484, 12878
1.2070980072021484, 12877
1.2070980072021484, 12876
1.2070980072021484, 12875
1.2080981731414795, 12874
1.2080981731414795, 12873
1.2080981731414795, 12872
1.2080981731414795, 12871
1.2080981731414795, 12870
1.2080981731414795, 12869
1.2080981731414795, 12868
1.2080981731414795, 12867
1.2080981731414795, 12866
1.2080981731414795, 12865
1.2080981731414795, 12864
1.2080981731414795, 12863
1.2090978622436523, 12862
1.2090978622436523, 12861
1.2090978622436523, 12860
1.2090978622436523, 12859
1.2090978622436523, 12858
1.2090978622436523, 12857
1.2090978622436523, 12856
1.2090978622436523, 12855
1.2090978622436523, 12854
1.2090978622436523, 12853
1.2090978622436523, 12852
1.2100987434387207, 12851
1.2100987434387207, 12850
1.2100987434387207, 12849
1.2100987434387207, 12848
1.2100987434387207, 12847
1.2100987434387207, 12846
1.2100987434387207, 12845
1.2100987434387207, 12844
1.2100987434387207, 12843
1.2100987434387207, 12842
1.2100987434387207, 12841
1.2100987434387207, 12840
1.2110986709594727, 12839
1.2110986709594727, 12838
1.2110986709594727, 12837
1.2110986709594727, 12836
1.2110986709594727, 12835
1.2110986709594727, 12834
1.2110986709594727, 12833
1.2110986709594727, 12832
1.2110986709594727, 12831
1.2110986709594727, 12830
1.2110986709594727, 12829
1.2110986709594727, 12828
1.2120978832244873, 12827
1.2120978832244873, 12826
1.2120978832244873, 12825
1.2120978832244873, 12824
1.2120978832244873, 12823
1.2120978832244873, 12822
1.2120978832244873, 12821
1.2120978832244873, 12820
1.2120978832244873, 12819
1.2120978832244873, 12818
1.2120978832244873, 12817
1.2120978832244873, 12816
1.2130980491638184, 12815
1.2130980491638184, 12814
1.2130980491638184, 12813
1.2130980491638184, 12812
1.2130980491638184, 12811
1.2130980491638184, 12810
1.2130980491638184, 12809
1.2130980491638184, 12808
1.2130980491638184, 12807
1.2130980491638184, 12806
1.2130980491638184, 12805
1.2140979766845703, 12804
1.2140979766845703, 12803
1.2140979766845703, 12802
1.2140979766845703, 12801
1.2140979766845703, 12800
1.2140979766845703, 12799
1.2140979766845703, 12798
1.2140979766845703, 12797
1.2140979766845703, 12796
1.2140979766845703, 12795
1.2140979766845703, 12794
1.2150976657867432, 12793
1.2150976657867432, 12792
1.2150976657867432, 12791
1.2150976657867432, 12790
1.2150976657867432, 12789
1.2150976657867432, 12788
1.2150976657867432, 12787
1.2150976657867432, 12786
1.2150976657867432, 12785
1.2150976657867432, 12784
1.2150976657867432, 12783
1.2150976657867432, 12782
1.2160975933074951, 12781
1.2162070274353027, 12780
1.2162070274353027, 12779
1.2162070274353027, 12778
1.2162070274353027, 12777
1.2162070274353027, 12776
1.2162070274353027, 12775
1.2162070274353027, 12774
1.2162070274353027, 12773
1.2162070274353027, 12772
1.2162070274353027, 12771
1.2171006202697754, 12770
1.2171006202697754, 12769
1.2171006202697754, 12768
1.2171006202697754, 12767
1.2171006202697754, 12766
1.2171006202697754, 12765
1.2171006202697754, 12764
1.2171006202697754, 12763
1.2171006202697754, 12762
1.2171006202697754, 12761
1.2171006202697754, 12760
1.2180984020233154, 12759
1.2180984020233154, 12758
1.2180984020233154, 12757
1.2180984020233154, 12756
1.2180984020233154, 12755
1.2180984020233154, 12754
1.2180984020233154, 12753
1.2180984020233154, 12752
1.2180984020233154, 12751
1.2180984020233154, 12750
1.2180984020233154, 12749
1.2180984020233154, 12748
1.2190980911254883, 12747
1.2190980911254883, 12746
1.2190980911254883, 12745
1.2190980911254883, 12744
1.2190980911254883, 12743
1.2190980911254883, 12742
1.2190980911254883, 12741
1.2190980911254883, 12740
1.2190980911254883, 12739
1.2190980911254883, 12738
1.2190980911254883, 12737
1.2200982570648193, 12736
1.2200982570648193, 12735
1.2200982570648193, 12734
1.2200982570648193, 12733
1.2200982570648193, 12732
1.2200982570648193, 12731
1.2200982570648193, 12730
1.2200982570648193, 12729
1.2200982570648193, 12728
1.2200982570648193, 12727
1.2200982570648193, 12726
1.2200982570648193, 12725
1.2210979461669922, 12724
1.2210979461669922, 12723
1.2210979461669922, 12722
1.2210979461669922, 12721
1.2210979461669922, 12720
1.2210979461669922, 12719
1.2210979461669922, 12718
1.2210979461669922, 12717
1.2210979461669922, 12716
1.2210979461669922, 12715
1.2210979461669922, 12714
1.2210979461669922, 12713
1.2220978736877441, 12712
1.2220978736877441, 12711
1.2220978736877441, 12710
1.2220978736877441, 12709
1.2220978736877441, 12708
1.2220978736877441, 12707
1.2220978736877441, 12706
1.2220978736877441, 12705
1.2220978736877441, 12704
1.2220978736877441, 12703
1.2220978736877441, 12702
1.2230994701385498, 12701
1.2230994701385498, 12700
1.2230994701385498, 12699
1.2230994701385498, 12698
1.2230994701385498, 12697
1.2230994701385498, 12696
1.2230994701385498, 12695
1.2230994701385498, 12694
1.2230994701385498, 12693
1.2230994701385498, 12692
1.2230994701385498, 12691
1.2230994701385498, 12690
1.2240979671478271, 12689
1.2240979671478271, 12688
1.2240979671478271, 12687
1.2240979671478271, 12686
1.2240979671478271, 12685
1.2240979671478271, 12684
1.2240979671478271, 12683
1.2240979671478271, 12682
1.2240979671478271, 12681
1.2240979671478271, 12680
1.2240979671478271, 12679
1.22509765625, 12678
1.22509765625, 12677
1.22509765625, 12676
1.22509765625, 12675
1.22509765625, 12674
1.22509765625, 12673
1.22509765625, 12672
1.22509765625, 12671
1.22509765625, 12670
1.22509765625, 12669
1.22509765625, 12668
1.22509765625, 12667
1.226097583770752, 12666
1.226097583770752, 12665
1.226097583770752, 12664
1.226097583770752, 12663
1.226097583770752, 12662
1.226097583770752, 12661
1.226097583770752, 12660
1.226097583770752, 12659
1.226097583770752, 12658
1.226097583770752, 12657
1.226097583770752, 12656
1.2270729541778564, 12655
1.2270729541778564, 12654
1.2270729541778564, 12653
1.2270729541778564, 12652
1.2270729541778564, 12651
1.2270729541778564, 12650
1.2270729541778564, 12649
1.2270729541778564, 12648
1.2270729541778564, 12647
1.2270729541778564, 12646
1.2270729541778564, 12645
1.2270729541778564, 12644
1.228097677230835, 12643
1.228097677230835, 12642
1.228097677230835, 12641
1.228097677230835, 12640
1.228097677230835, 12639
1.228097677230835, 12638
1.228097677230835, 12637
1.228097677230835, 12636
1.228097677230835, 12635
1.228097677230835, 12634
1.228097677230835, 12633
1.229097604751587, 12632
1.229097604751587, 12631
1.229097604751587, 12630
1.229097604751587, 12629
1.229097604751587, 12628
1.229097604751587, 12627
1.229097604751587, 12626
1.229097604751587, 12625
1.229097604751587, 12624
1.229097604751587, 12623
1.229097604751587, 12622
1.2300982475280762, 12621
1.2300982475280762, 12620
1.2300982475280762, 12619
1.2300982475280762, 12618
1.2300982475280762, 12617
1.2300982475280762, 12616
1.2300982475280762, 12615
1.2300982475280762, 12614
1.2300982475280762, 12613
1.2300982475280762, 12612
1.2300982475280762, 12611
1.2300982475280762, 12610
1.2310981750488281, 12609
1.2310981750488281, 12608
1.2310981750488281, 12607
1.2310981750488281, 12606
1.2310981750488281, 12605
1.2310981750488281, 12604
1.2310981750488281, 12603
1.2310981750488281, 12602
1.2310981750488281, 12601
1.2310981750488281, 12600
1.2310981750488281, 12599
1.2310981750488281, 12598
1.2321703433990479, 12597
1.2321703433990479, 12596
1.2321703433990479, 12595
1.2321703433990479, 12594
1.2321703433990479, 12593
1.2321703433990479, 12592
1.2321703433990479, 12591
1.2321703433990479, 12590
1.2321703433990479, 12589
1.2321703433990479, 12588
1.2330996990203857, 12587
1.2330996990203857, 12586
1.2330996990203857, 12585
1.2330996990203857, 12584
1.2330996990203857, 12583
1.2330996990203857, 12582
1.2330996990203857, 12581
1.2330996990203857, 12580
1.2330996990203857, 12579
1.2330996990203857, 12578
1.2330996990203857, 12577
1.2330996990203857, 12576
1.234100103378296, 12575
1.234100103378296, 12574
1.234100103378296, 12573
1.234100103378296, 12572
1.234100103378296, 12571
1.234100103378296, 12570
1.234100103378296, 12569
1.234100103378296, 12568
1.234100103378296, 12567
1.234100103378296, 12566
1.234100103378296, 12565
1.2350976467132568, 12564
1.2350976467132568, 12563
1.2350976467132568, 12562
1.2350976467132568, 12561
1.2350976467132568, 12560
1.2350976467132568, 12559
1.2350976467132568, 12558
1.2350976467132568, 12557
1.2350976467132568, 12556
1.2350976467132568, 12555
1.2350976467132568, 12554
1.2350976467132568, 12553
1.236097812652588, 12552
1.236097812652588, 12551
1.236097812652588, 12550
1.236097812652588, 12549
1.236097812652588, 12548
1.236097812652588, 12547
1.236097812652588, 12546
1.236097812652588, 12545
1.236097812652588, 12544
1.236097812652588, 12543
1.236097812652588, 12542
1.2370641231536865, 12541
1.2370641231536865, 12540
1.2370641231536865, 12539
1.2370641231536865, 12538
1.2370641231536865, 12537
1.2370641231536865, 12536
1.2370641231536865, 12535
1.2370641231536865, 12534
1.2370641231536865, 12533
1.2370641231536865, 12532
1.2370641231536865, 12531
1.2370641231536865, 12530
1.2380986213684082, 12529
1.2380986213684082, 12528
1.2380986213684082, 12527
1.2380986213684082, 12526
1.2380986213684082, 12525
1.2380986213684082, 12524
1.2380986213684082, 12523
1.2380986213684082, 12522
1.2380986213684082, 12521
1.2380986213684082, 12520
1.2380986213684082, 12519
1.2380986213684082, 12518
1.2390975952148438, 12517
1.2390975952148438, 12516
1.2390975952148438, 12515
1.2390975952148438, 12514
1.2390975952148438, 12513
1.2390975952148438, 12512
1.2390975952148438, 12511
1.2390975952148438, 12510
1.2390975952148438, 12509
1.2390975952148438, 12508
1.239955186843872, 12507
1.239955186843872, 12506
1.240098476409912, 12505
1.240098476409912, 12504
1.240098476409912, 12503
1.240098476409912, 12502
1.240098476409912, 12501
1.240098476409912, 12500
1.240098476409912, 12499
1.240098476409912, 12498
1.240098476409912, 12497
1.240098476409912, 12496
1.240098476409912, 12495
1.240098476409912, 12494
1.241098165512085, 12493
1.241098165512085, 12492
1.241098165512085, 12491
1.241098165512085, 12490
1.241098165512085, 12489
1.241098165512085, 12488
1.241098165512085, 12487
1.241098165512085, 12486
1.241098165512085, 12485
1.241098165512085, 12484
1.2420728206634521, 12483
1.2420728206634521, 12482
1.2420728206634521, 12481
1.2420728206634521, 12480
1.2420728206634521, 12479
1.2420728206634521, 12478
1.2420728206634521, 12477
1.2420728206634521, 12476
1.2420728206634521, 12475
1.2420728206634521, 12474
1.2420728206634521, 12473
1.2420728206634521, 12472
1.2430977821350098, 12471
1.2430977821350098, 12470
1.2430977821350098, 12469
1.2430977821350098, 12468
1.2430977821350098, 12467
1.2430977821350098, 12466
1.2430977821350098, 12465
1.2430977821350098, 12464
1.2430977821350098, 12463
1.2430977821350098, 12462
1.2430977821350098, 12461
1.2430977821350098, 12460
1.2440986633300781, 12459
1.2440986633300781, 12458
1.2440986633300781, 12457
1.2440986633300781, 12456
1.2440986633300781, 12455
1.2440986633300781, 12454
1.2440986633300781, 12453
1.2440986633300781, 12452
1.2440986633300781, 12451
1.2440986633300781, 12450
1.2440986633300781, 12449
1.2440986633300781, 12448
1.2450993061065674, 12447
1.2450993061065674, 12446
1.2450993061065674, 12445
1.2450993061065674, 12444
1.2450993061065674, 12443
1.2450993061065674, 12442
1.2450993061065674, 12441
1.2450993061065674, 12440
1.2450993061065674, 12439
1.2450993061065674, 12438
1.2450993061065674, 12437
1.2460980415344238, 12436
1.2460980415344238, 12435
1.2460980415344238, 12434
1.2460980415344238, 12433
1.2460980415344238, 12432
1.2460980415344238, 12431
1.2460980415344238, 12430
1.2460980415344238, 12429
1.2460980415344238, 12428
1.2460980415344238, 12427
1.2460980415344238, 12426
1.2460980415344238, 12425
1.247101068496704, 12424
