0.17595553398132324, 13993
0.17595553398132324, 13992
0.17595553398132324, 13991
0.17595553398132324, 13990
0.17595553398132324, 13989
0.17595553398132324, 13988
0.17595553398132324, 13987
0.17595553398132324, 13986
0.17595553398132324, 13985
0.17595553398132324, 13984
0.17595553398132324, 13983
0.17595553398132324, 13982
0.17595553398132324, 13981
0.17595553398132324, 13980
0.17698884010314941, 13979
0.17698884010314941, 13978
0.17698884010314941, 13977
0.17698884010314941, 13976
0.17698884010314941, 13975
0.17698884010314941, 13974
0.17698884010314941, 13973
0.17698884010314941, 13972
0.17698884010314941, 13971
0.17698884010314941, 13970
0.17698884010314941, 13969
0.17698884010314941, 13968
0.17698884010314941, 13967
0.17698884010314941, 13966
0.17698884010314941, 13965
0.17698884010314941, 13964
0.17798829078674316, 13963
0.17798829078674316, 13962
0.17798829078674316, 13961
0.17798829078674316, 13960
0.17798829078674316, 13959
0.17798829078674316, 13958
0.17798829078674316, 13957
0.17798829078674316, 13956
0.17798829078674316, 13955
0.17798829078674316, 13954
0.17798829078674316, 13953
0.17798829078674316, 13952
0.17798829078674316, 13951
0.17798829078674316, 13950
0.17798829078674316, 13949
0.17898821830749512, 13948
0.17898821830749512, 13947
0.17898821830749512, 13946
0.17898821830749512, 13945
0.17898821830749512, 13944
0.17898821830749512, 13943
0.17898821830749512, 13942
0.17898821830749512, 13941
0.17898821830749512, 13940
0.17898821830749512, 13939
0.17898821830749512, 13938
0.17898821830749512, 13937
0.17898821830749512, 13936
0.17898821830749512, 13935
0.17898821830749512, 13934
0.17998814582824707, 13933
0.17998814582824707, 13932
0.17998814582824707, 13931
0.17998814582824707, 13930
0.17998814582824707, 13929
0.17998814582824707, 13928
0.17998814582824707, 13927
0.17998814582824707, 13926
0.17998814582824707, 13925
0.17998814582824707, 13924
0.17998814582824707, 13923
0.18099141120910645, 13922
0.18099141120910645, 13921
0.18099141120910645, 13920
0.18099141120910645, 13919
0.18099141120910645, 13918
0.18099141120910645, 13917
0.18099141120910645, 13916
0.18099141120910645, 13915
0.18099141120910645, 13914
0.18099141120910645, 13913
0.18099141120910645, 13912
0.18099141120910645, 13911
0.18099141120910645, 13910
0.18099141120910645, 13909
0.18198943138122559, 13908
0.18198943138122559, 13907
0.18198943138122559, 13906
0.18198943138122559, 13905
0.18198943138122559, 13904
0.18198943138122559, 13903
0.18198943138122559, 13902
0.18198943138122559, 13901
0.18198943138122559, 13900
0.18198943138122559, 13899
0.18198943138122559, 13898
0.18198943138122559, 13897
0.18198943138122559, 13896
0.18198943138122559, 13895
0.18298840522766113, 13894
0.18298840522766113, 13893
0.18298840522766113, 13892
0.18298840522766113, 13891
0.18298840522766113, 13890
0.18298840522766113, 13889
0.18298840522766113, 13888
0.18298840522766113, 13887
0.18298840522766113, 13886
0.18298840522766113, 13885
0.18298840522766113, 13884
0.18298840522766113, 13883
0.18298840522766113, 13882
0.18298840522766113, 13881
0.18298840522766113, 13880
0.1839890480041504, 13879
0.1839890480041504, 13878
0.1839890480041504, 13877
0.1839890480041504, 13876
0.1839890480041504, 13875
0.1839890480041504, 13874
0.1839890480041504, 13873
0.1839890480041504, 13872
0.1839890480041504, 13871
0.1839890480041504, 13870
0.1839890480041504, 13869
0.1839890480041504, 13868
0.1839890480041504, 13867
0.1839890480041504, 13866
0.1839890480041504, 13865
0.18498921394348145, 13864
0.18498921394348145, 13863
0.18498921394348145, 13862
0.18498921394348145, 13861
0.18498921394348145, 13860
0.18498921394348145, 13859
0.18498921394348145, 13858
0.18498921394348145, 13857
0.18498921394348145, 13856
0.18498921394348145, 13855
0.18498921394348145, 13854
0.18498921394348145, 13853
0.18498921394348145, 13852
0.18498921394348145, 13851
0.18498921394348145, 13850
0.1859891414642334, 13849
0.1859891414642334, 13848
0.1859891414642334, 13847
0.1859891414642334, 13846
0.1859891414642334, 13845
0.1859891414642334, 13844
0.1859891414642334, 13843
0.1859891414642334, 13842
0.1859891414642334, 13841
0.1859891414642334, 13840
0.1859891414642334, 13839
0.1859891414642334, 13838
0.1859891414642334, 13837
0.1859891414642334, 13836
0.1859891414642334, 13835
0.18699073791503906, 13834
0.18699073791503906, 13833
0.18699073791503906, 13832
0.18699073791503906, 13831
0.18699073791503906, 13830
0.18699073791503906, 13829
0.18699073791503906, 13828
0.18699073791503906, 13827
0.18699073791503906, 13826
0.18699073791503906, 13825
0.18699073791503906, 13824
0.18699073791503906, 13823
0.18699073791503906, 13822
0.18699073791503906, 13821
0.18699073791503906, 13820
0.1879889965057373, 13819
0.1879889965057373, 13818
0.1879889965057373, 13817
0.1879889965057373, 13816
0.1879889965057373, 13815
0.1879889965057373, 13814
0.1879889965057373, 13813
0.1879889965057373, 13812
0.1879889965057373, 13811
0.1879889965057373, 13810
0.1879889965057373, 13809
0.1879889965057373, 13808
0.1879889965057373, 13807
0.1879889965057373, 13806
0.1879889965057373, 13805
0.18898963928222656, 13804
0.18898963928222656, 13803
0.18898963928222656, 13802
0.18898963928222656, 13801
0.18898963928222656, 13800
0.18898963928222656, 13799
0.18898963928222656, 13798
0.18898963928222656, 13797
0.18898963928222656, 13796
0.18898963928222656, 13795
0.18898963928222656, 13794
0.18898963928222656, 13793
0.18898963928222656, 13792
0.18898963928222656, 13791
0.18998932838439941, 13790
0.18998932838439941, 13789
0.18998932838439941, 13788
0.18998932838439941, 13787
0.18998932838439941, 13786
0.3751375675201416, 13785
0.3751375675201416, 13784
0.3751375675201416, 13783
0.3751375675201416, 13782
0.3751375675201416, 13781
0.3751375675201416, 13780
0.3751375675201416, 13779
0.3751375675201416, 13778
0.3751375675201416, 13777
0.3751375675201416, 13776
0.3751375675201416, 13775
0.37613749504089355, 13774
0.37613749504089355, 13773
0.37613749504089355, 13772
0.37613749504089355, 13771
0.37613749504089355, 13770
0.37613749504089355, 13769
0.37613749504089355, 13768
0.37613749504089355, 13767
0.37613749504089355, 13766
0.37613749504089355, 13765
0.37613749504089355, 13764
0.37613749504089355, 13763
0.37613749504089355, 13762
0.37613749504089355, 13761
0.37613749504089355, 13760
0.37613749504089355, 13759
0.3771669864654541, 13758
0.3771669864654541, 13757
0.3771669864654541, 13756
0.3771669864654541, 13755
0.3771669864654541, 13754
0.3771669864654541, 13753
0.3771669864654541, 13752
0.3771669864654541, 13751
0.3771669864654541, 13750
0.3771669864654541, 13749
0.3771669864654541, 13748
0.3771669864654541, 13747
0.3771669864654541, 13746
0.3771669864654541, 13745
0.3771669864654541, 13744
0.37816810607910156, 13743
0.37816810607910156, 13742
0.37816810607910156, 13741
0.37816810607910156, 13740
0.37816810607910156, 13739
0.37816810607910156, 13738
0.37816810607910156, 13737
0.37816810607910156, 13736
0.37816810607910156, 13735
0.37816810607910156, 13734
0.37816810607910156, 13733
0.37816810607910156, 13732
0.37816810607910156, 13731
0.37816810607910156, 13730
0.37816810607910156, 13729
0.3791661262512207, 13728
0.3791661262512207, 13727
0.3791661262512207, 13726
0.3791661262512207, 13725
0.3791661262512207, 13724
0.3791661262512207, 13723
0.3791661262512207, 13722
0.3791661262512207, 13721
0.3791661262512207, 13720
0.3791661262512207, 13719
0.3791661262512207, 13718
0.3791661262512207, 13717
0.3791661262512207, 13716
0.3791661262512207, 13715
0.3791661262512207, 13714
0.38019275665283203, 13713
0.38019275665283203, 13712
0.38019275665283203, 13711
0.38019275665283203, 13710
0.38019275665283203, 13709
0.38019275665283203, 13708
0.38019275665283203, 13707
0.38019275665283203, 13706
0.38019275665283203, 13705
0.38019275665283203, 13704
0.38019275665283203, 13703
0.38019275665283203, 13702
0.38019275665283203, 13701
0.38019275665283203, 13700
0.38019275665283203, 13699
0.3811919689178467, 13698
0.3811919689178467, 13697
0.3811919689178467, 13696
0.3811919689178467, 13695
0.3811919689178467, 13694
0.3811919689178467, 13693
0.3811919689178467, 13692
0.3811919689178467, 13691
0.3811919689178467, 13690
0.3811919689178467, 13689
0.3811919689178467, 13688
0.3811919689178467, 13687
0.3811919689178467, 13686
0.3811919689178467, 13685
0.3811919689178467, 13684
0.38219189643859863, 13683
0.38219189643859863, 13682
0.38219189643859863, 13681
0.38219189643859863, 13680
0.38219189643859863, 13679
0.38219189643859863, 13678
0.38219189643859863, 13677
0.38219189643859863, 13676
0.38219189643859863, 13675
0.38219189643859863, 13674
0.38219189643859863, 13673
0.38219189643859863, 13672
0.38219189643859863, 13671
0.38219189643859863, 13670
0.38219189643859863, 13669
0.3831915855407715, 13668
0.3831915855407715, 13667
0.3831915855407715, 13666
0.3831915855407715, 13665
0.3831915855407715, 13664
0.559838056564331, 13663
0.559838056564331, 13662
0.559838056564331, 13661
0.559838056564331, 13660
0.559838056564331, 13659
0.559838056564331, 13658
0.559838056564331, 13657
0.559838056564331, 13656
0.559838056564331, 13655
0.559838056564331, 13654
0.559838056564331, 13653
0.5608370304107666, 13652
0.5608370304107666, 13651
0.5608370304107666, 13650
0.5608370304107666, 13649
0.5608370304107666, 13648
0.5608370304107666, 13647
0.5608370304107666, 13646
0.5608370304107666, 13645
0.5608370304107666, 13644
0.5608370304107666, 13643
0.5608370304107666, 13642
0.5608370304107666, 13641
0.5608370304107666, 13640
0.5608370304107666, 13639
0.5608370304107666, 13638
0.561835765838623, 13637
0.561835765838623, 13636
0.561835765838623, 13635
0.561835765838623, 13634
0.561835765838623, 13633
0.561835765838623, 13632
0.561835765838623, 13631
0.561835765838623, 13630
0.561835765838623, 13629
0.561835765838623, 13628
0.561835765838623, 13627
0.561835765838623, 13626
0.561835765838623, 13625
0.561835765838623, 13624
0.561835765838623, 13623
0.561835765838623, 13622
0.5628361701965332, 13621
0.5628361701965332, 13620
0.5628361701965332, 13619
0.5628361701965332, 13618
0.5628361701965332, 13617
0.5628361701965332, 13616
0.5628361701965332, 13615
0.5628361701965332, 13614
0.5628361701965332, 13613
0.5628361701965332, 13612
0.5628361701965332, 13611
0.5628361701965332, 13610
0.5628361701965332, 13609
0.5628361701965332, 13608
0.5628361701965332, 13607
0.563835859298706, 13606
0.563835859298706, 13605
0.563835859298706, 13604
0.5640060901641846, 13603
0.5640060901641846, 13602
0.5640060901641846, 13601
0.5640060901641846, 13600
0.5640060901641846, 13599
0.5640060901641846, 13598
0.5640060901641846, 13597
0.5640060901641846, 13596
0.5640060901641846, 13595
0.5640060901641846, 13594
0.5640060901641846, 13593
0.5640060901641846, 13592
0.5648360252380371, 13591
0.5648360252380371, 13590
0.5648360252380371, 13589
0.5648360252380371, 13588
0.5648360252380371, 13587
0.5648360252380371, 13586
0.5648360252380371, 13585
0.5648360252380371, 13584
0.5648360252380371, 13583
0.5648360252380371, 13582
0.5648360252380371, 13581
0.5648360252380371, 13580
0.5648360252380371, 13579
0.5648360252380371, 13578
0.5648360252380371, 13577
0.5648360252380371, 13576
0.56583571434021, 13575
0.56583571434021, 13574
0.56583571434021, 13573
0.56583571434021, 13572
0.56583571434021, 13571
0.56583571434021, 13570
0.56583571434021, 13569
0.56583571434021, 13568
0.56583571434021, 13567
0.56583571434021, 13566
0.56583571434021, 13565
0.56583571434021, 13564
0.56583571434021, 13563
0.56583571434021, 13562
0.56583571434021, 13561
0.56583571434021, 13560
0.5668587684631348, 13559
0.566931962966919, 13558
0.566931962966919, 13557
0.566931962966919, 13556
0.566931962966919, 13555
0.566931962966919, 13554
0.566931962966919, 13553
0.566931962966919, 13552
0.566931962966919, 13551
0.566931962966919, 13550
0.566931962966919, 13549
0.566931962966919, 13548
0.566931962966919, 13547
0.566931962966919, 13546
0.566931962966919, 13545
0.5678586959838867, 13544
0.5678586959838867, 13543
0.5678586959838867, 13542
0.5678586959838867, 13541
0.5678586959838867, 13540
0.5678586959838867, 13539
0.5678586959838867, 13538
0.5678586959838867, 13537
0.5678586959838867, 13536
0.5678586959838867, 13535
0.5678586959838867, 13534
0.5678586959838867, 13533
0.5678586959838867, 13532
0.5678586959838867, 13531
0.5678586959838867, 13530
0.568859338760376, 13529
0.568859338760376, 13528
0.568859338760376, 13527
0.568859338760376, 13526
0.568859338760376, 13525
0.568859338760376, 13524
0.568859338760376, 13523
0.568859338760376, 13522
0.568859338760376, 13521
0.568859338760376, 13520
0.568859338760376, 13519
0.5695390701293945, 13518
0.5695390701293945, 13517
0.5695390701293945, 13516
0.5695390701293945, 13515
0.5698590278625488, 13514
0.5698590278625488, 13513
0.5698590278625488, 13512
0.5698590278625488, 13511
0.5698590278625488, 13510
0.5698590278625488, 13509
0.5698590278625488, 13508
0.5698590278625488, 13507
0.5698590278625488, 13506
0.5698590278625488, 13505
0.5698590278625488, 13504
0.5698590278625488, 13503
0.5698590278625488, 13502
0.5698590278625488, 13501
0.5698590278625488, 13500
0.5698590278625488, 13499
0.5708591938018799, 13498
0.5708591938018799, 13497
0.5708591938018799, 13496
0.5708591938018799, 13495
0.5708591938018799, 13494
0.5708591938018799, 13493
0.5708591938018799, 13492
0.5708591938018799, 13491
0.5708591938018799, 13490
0.5708591938018799, 13489
0.5708591938018799, 13488
0.5708591938018799, 13487
0.5708591938018799, 13486
0.5708591938018799, 13485
0.5718588829040527, 13484
0.5718588829040527, 13483
0.5718588829040527, 13482
0.5718588829040527, 13481
0.5718588829040527, 13480
0.5718588829040527, 13479
0.5718588829040527, 13478
0.5718588829040527, 13477
0.5718588829040527, 13476
0.5718588829040527, 13475
0.5718588829040527, 13474
0.5718588829040527, 13473
0.5718588829040527, 13472
0.5718588829040527, 13471
0.5718588829040527, 13470
0.5728588104248047, 13469
0.5728588104248047, 13468
0.5728588104248047, 13467
0.5728588104248047, 13466
0.5728588104248047, 13465
0.5728588104248047, 13464
0.5728588104248047, 13463
0.5728588104248047, 13462
0.5728588104248047, 13461
0.5728588104248047, 13460
0.5728588104248047, 13459
0.5728588104248047, 13458
0.5728588104248047, 13457
0.5728588104248047, 13456
0.5728588104248047, 13455
0.5738592147827148, 13454
0.5738592147827148, 13453
0.5739974975585938, 13452
0.5739974975585938, 13451
0.5739974975585938, 13450
0.5739974975585938, 13449
0.5739974975585938, 13448
0.5739974975585938, 13447
0.5739974975585938, 13446
0.5739974975585938, 13445
0.5739974975585938, 13444
0.5739974975585938, 13443
0.5739974975585938, 13442
0.5739974975585938, 13441
0.5748598575592041, 13440
0.5748598575592041, 13439
0.5748598575592041, 13438
0.5748598575592041, 13437
0.5748598575592041, 13436
0.5748598575592041, 13435
0.5748598575592041, 13434
0.5748598575592041, 13433
0.5748598575592041, 13432
0.5748598575592041, 13431
0.5748598575592041, 13430
0.5748598575592041, 13429
0.5748598575592041, 13428
0.5748598575592041, 13427
0.5748598575592041, 13426
0.5758590698242188, 13425
0.5758590698242188, 13424
0.5758590698242188, 13423
0.5758590698242188, 13422
0.5758590698242188, 13421
0.5758590698242188, 13420
0.5758590698242188, 13419
0.5758590698242188, 13418
0.5758590698242188, 13417
0.5758590698242188, 13416
0.5758590698242188, 13415
0.5758590698242188, 13414
0.5758590698242188, 13413
0.5758590698242188, 13412
0.5758590698242188, 13411
0.5769000053405762, 13410
0.5769000053405762, 13409
0.5769000053405762, 13408
0.5769000053405762, 13407
0.5769000053405762, 13406
0.5769000053405762, 13405
0.5769000053405762, 13404
0.5769000053405762, 13403
0.5769000053405762, 13402
0.5769000053405762, 13401
0.5769000053405762, 13400
0.5769000053405762, 13399
0.5769000053405762, 13398
0.5769000053405762, 13397
0.5769000053405762, 13396
0.5769000053405762, 13395
0.5778999328613281, 13394
0.5778999328613281, 13393
0.5778999328613281, 13392
0.5778999328613281, 13391
0.5778999328613281, 13390
0.5778999328613281, 13389
0.5778999328613281, 13388
0.5778999328613281, 13387
0.5778999328613281, 13386
0.5778999328613281, 13385
0.5778999328613281, 13384
0.5778999328613281, 13383
0.5778999328613281, 13382
0.5778999328613281, 13381
0.5778999328613281, 13380
0.5789003372192383, 13379
0.5789003372192383, 13378
0.5789003372192383, 13377
0.5789003372192383, 13376
0.5789003372192383, 13375
0.5789003372192383, 13374
0.5789003372192383, 13373
0.5789003372192383, 13372
0.5789003372192383, 13371
0.5789003372192383, 13370
0.5789003372192383, 13369
0.5789003372192383, 13368
0.5789003372192383, 13367
0.5789003372192383, 13366
0.5799221992492676, 13365
0.5799221992492676, 13364
0.5799221992492676, 13363
0.5799221992492676, 13362
0.5799221992492676, 13361
0.5799221992492676, 13360
0.5799221992492676, 13359
0.5799221992492676, 13358
0.5799221992492676, 13357
0.5799221992492676, 13356
0.5799221992492676, 13355
0.5799221992492676, 13354
0.5799221992492676, 13353
0.5799221992492676, 13352
0.5799221992492676, 13351
0.5799221992492676, 13350
0.5809216499328613, 13349
0.5809216499328613, 13348
0.5809216499328613, 13347
0.5809216499328613, 13346
0.5809216499328613, 13345
0.5809216499328613, 13344
0.5809216499328613, 13343
0.5809216499328613, 13342
0.5809216499328613, 13341
0.5809216499328613, 13340
0.5809216499328613, 13339
0.5809216499328613, 13338
0.5809216499328613, 13337
0.5809216499328613, 13336
0.5809216499328613, 13335
0.5819215774536133, 13334
0.5819215774536133, 13333
0.5819215774536133, 13332
0.5819215774536133, 13331
0.5819215774536133, 13330
0.5819215774536133, 13329
0.5819215774536133, 13328
0.5819215774536133, 13327
0.5819215774536133, 13326
0.5819215774536133, 13325
0.5819215774536133, 13324
0.5819215774536133, 13323
0.5819215774536133, 13322
0.5819215774536133, 13321
0.5819215774536133, 13320
0.5829215049743652, 13319
0.5829215049743652, 13318
0.5829215049743652, 13317
0.5829215049743652, 13316
0.5829215049743652, 13315
0.5829215049743652, 13314
0.5829215049743652, 13313
0.5829215049743652, 13312
0.5829215049743652, 13311
0.5829215049743652, 13310
0.5829215049743652, 13309
0.5829215049743652, 13308
0.5829215049743652, 13307
0.5829215049743652, 13306
0.5839216709136963, 13305
0.5839958190917969, 13304
0.5839958190917969, 13303
0.5839958190917969, 13302
0.5839958190917969, 13301
0.5839958190917969, 13300
0.5839958190917969, 13299
0.5839958190917969, 13298
0.5839958190917969, 13297
0.5839958190917969, 13296
0.5839958190917969, 13295
0.5839958190917969, 13294
0.5839958190917969, 13293
0.5839958190917969, 13292
0.5839958190917969, 13291
0.5849215984344482, 13290
0.5849215984344482, 13289
0.5849215984344482, 13288
0.5849215984344482, 13287
0.5849215984344482, 13286
0.5849215984344482, 13285
0.5849215984344482, 13284
0.5849215984344482, 13283
0.5849215984344482, 13282
0.5849215984344482, 13281
0.5849215984344482, 13280
0.5849215984344482, 13279
0.5849215984344482, 13278
0.5849215984344482, 13277
0.5849215984344482, 13276
0.5859215259552002, 13275
0.5859215259552002, 13274
0.5859215259552002, 13273
0.5859215259552002, 13272
0.5859215259552002, 13271
0.5859215259552002, 13270
0.5859215259552002, 13269
0.5859215259552002, 13268
0.5859215259552002, 13267
0.5859215259552002, 13266
0.5859215259552002, 13265
0.5859215259552002, 13264
0.5859215259552002, 13263
0.5859215259552002, 13262
0.5859215259552002, 13261
0.5869214534759521, 13260
0.5869214534759521, 13259
0.5869214534759521, 13258
0.5869214534759521, 13257
0.5869214534759521, 13256
0.5869214534759521, 13255
0.5869214534759521, 13254
0.5869214534759521, 13253
0.5869214534759521, 13252
0.5869214534759521, 13251
0.5869214534759521, 13250
0.5869214534759521, 13249
0.5869214534759521, 13248
0.5869214534759521, 13247
0.5869214534759521, 13246
0.5869214534759521, 13245
0.5879218578338623, 13244
0.5879218578338623, 13243
0.5879218578338623, 13242
0.5879218578338623, 13241
0.5879218578338623, 13240
0.5879218578338623, 13239
0.5879218578338623, 13238
0.5879218578338623, 13237
0.5879218578338623, 13236
0.5879218578338623, 13235
0.5879218578338623, 13234
0.5879218578338623, 13233
0.5879218578338623, 13232
0.5879218578338623, 13231
0.5879218578338623, 13230
0.5889217853546143, 13229
0.5889217853546143, 13228
0.5889217853546143, 13227
0.5889217853546143, 13226
0.5889217853546143, 13225
0.5889217853546143, 13224
0.5889217853546143, 13223
0.5889217853546143, 13222
0.5889217853546143, 13221
0.5889217853546143, 13220
0.5889217853546143, 13219
0.5889217853546143, 13218
0.5889217853546143, 13217
0.5889217853546143, 13216
0.5889217853546143, 13215
0.5899217128753662, 13214
0.5899217128753662, 13213
0.5899217128753662, 13212
0.5899217128753662, 13211
0.5899217128753662, 13210
0.5899217128753662, 13209
0.5899217128753662, 13208
0.5899217128753662, 13207
0.5899217128753662, 13206
0.5899217128753662, 13205
0.5899217128753662, 13204
0.5899217128753662, 13203
0.5899217128753662, 13202
0.5899217128753662, 13201
0.5909228324890137, 13200
0.5909228324890137, 13199
0.5909228324890137, 13198
0.5909228324890137, 13197
0.5909228324890137, 13196
0.5909228324890137, 13195
0.5909228324890137, 13194
0.5909228324890137, 13193
0.5909228324890137, 13192
0.5909228324890137, 13191
0.5909228324890137, 13190
0.5909228324890137, 13189
0.5909228324890137, 13188
0.5919246673583984, 13187
0.5919246673583984, 13186
0.5919246673583984, 13185
0.5919246673583984, 13184
0.5919246673583984, 13183
0.5919246673583984, 13182
0.5919246673583984, 13181
0.5919246673583984, 13180
0.5919246673583984, 13179
0.5919246673583984, 13178
0.5919246673583984, 13177
0.5919246673583984, 13176
0.5919246673583984, 13175
0.5919246673583984, 13174
0.5919246673583984, 13173
0.5929222106933594, 13172
0.5929222106933594, 13171
0.5929222106933594, 13170
1.917524814605713, 13169
1.917524814605713, 13168
1.917524814605713, 13167
1.917524814605713, 13166
1.917524814605713, 13165
1.917524814605713, 13164
1.917524814605713, 13163
1.917524814605713, 13162
1.9181952476501465, 13161
1.9181952476501465, 13160
1.9181952476501465, 13159
1.9181952476501465, 13158
1.9181952476501465, 13157
1.9181952476501465, 13156
1.9181952476501465, 13155
1.9181952476501465, 13154
1.9181952476501465, 13153
1.9181952476501465, 13152
1.9181952476501465, 13151
1.9181952476501465, 13150
1.9181952476501465, 13149
1.9181952476501465, 13148
1.9191956520080566, 13147
1.9191956520080566, 13146
1.9191956520080566, 13145
1.9191956520080566, 13144
1.9191956520080566, 13143
1.9191956520080566, 13142
1.9191956520080566, 13141
1.9191956520080566, 13140
1.9191956520080566, 13139
1.9191956520080566, 13138
1.9191956520080566, 13137
1.9191956520080566, 13136
1.9191956520080566, 13135
1.9191956520080566, 13134
1.9201955795288086, 13133
1.9201955795288086, 13132
1.9201955795288086, 13131
1.9201955795288086, 13130
1.9201955795288086, 13129
1.9201955795288086, 13128
1.9201955795288086, 13127
1.9201955795288086, 13126
1.9201955795288086, 13125
1.9201955795288086, 13124
1.9201955795288086, 13123
1.9201955795288086, 13122
1.9201955795288086, 13121
1.9211962223052979, 13120
1.9211962223052979, 13119
3.5020365715026855, 9952
3.5020365715026855, 9951
3.5020365715026855, 9950
3.5020365715026855, 9949
3.5020365715026855, 9948
3.5020365715026855, 9947
3.5020365715026855, 9946
3.5030367374420166, 9945
3.5030367374420166, 9944
3.5030367374420166, 9943
3.5030367374420166, 9942
3.5030367374420166, 9941
3.5030367374420166, 9940
3.5030367374420166, 9939
3.5030367374420166, 9938
3.5030367374420166, 9937
3.5030367374420166, 9936
3.503708600997925, 9935
3.503708600997925, 9934
3.503708600997925, 9933
3.503708600997925, 9932
3.504037380218506, 9931
3.504037380218506, 9930
3.504037380218506, 9929
3.504037380218506, 9928
3.504037380218506, 9927
3.504037380218506, 9926
3.504037380218506, 9925
3.504037380218506, 9924
3.504037380218506, 9923
3.504037380218506, 9922
3.504037380218506, 9921
3.504037380218506, 9920
3.504037380218506, 9919
3.504037380218506, 9918
3.5050384998321533, 9917
3.5050384998321533, 9916
3.5050384998321533, 9915
3.5050384998321533, 9914
3.5050384998321533, 9913
3.5050384998321533, 9912
3.5050384998321533, 9911
3.5050384998321533, 9910
3.5050384998321533, 9909
3.5050384998321533, 9908
3.5050384998321533, 9907
3.5050384998321533, 9906
3.5050384998321533, 9905
3.5060369968414307, 9904
3.5060369968414307, 9903
3.5060369968414307, 9902
3.5060369968414307, 9901
3.5060369968414307, 9900
3.5060369968414307, 9899
3.5060369968414307, 9898
3.5060369968414307, 9897
3.5060369968414307, 9896
3.5060369968414307, 9895
3.5060369968414307, 9894
3.5060369968414307, 9893
3.5070388317108154, 9892
3.5070388317108154, 9891
3.5070388317108154, 9890
3.5070388317108154, 9889
3.5070388317108154, 9888
3.5070388317108154, 9887
3.5070388317108154, 9886
3.5070388317108154, 9885
3.5070388317108154, 9884
3.5070388317108154, 9883
3.5070388317108154, 9882
3.5070388317108154, 9881
3.5070388317108154, 9880
3.5070388317108154, 9879
3.5080368518829346, 9878
3.5080368518829346, 9877
3.5080368518829346, 9876
3.5080368518829346, 9875
3.5080368518829346, 9874
3.5080368518829346, 9873
3.5080368518829346, 9872
3.5080368518829346, 9871
3.5080368518829346, 9870
3.5080368518829346, 9869
3.5080368518829346, 9868
3.5080368518829346, 9867
3.5080368518829346, 9866
3.5090372562408447, 9865
3.509114980697632, 9864
3.509114980697632, 9863
3.509114980697632, 9862
3.509114980697632, 9861
3.509114980697632, 9860
3.509114980697632, 9859
3.509114980697632, 9858
3.509114980697632, 9857
3.509114980697632, 9856
3.509114980697632, 9855
3.509114980697632, 9854
3.510037660598755, 9853
3.510037660598755, 9852
3.510037660598755, 9851
3.510037660598755, 9850
3.510037660598755, 9849
3.510037660598755, 9848
3.510037660598755, 9847
3.510037660598755, 9846
3.510037660598755, 9845
3.510037660598755, 9844
3.510037660598755, 9843
3.510037660598755, 9842
3.510037660598755, 9841
3.510037660598755, 9840
3.5110373497009277, 9839
3.5110373497009277, 9838
3.5110373497009277, 9837
