0.19615769386291504, 14038
0.19615769386291504, 14037
0.19615769386291504, 14036
0.19615769386291504, 14035
0.19615769386291504, 14034
0.19615769386291504, 14033
0.19615769386291504, 14032
0.19615769386291504, 14031
0.19615769386291504, 14030
0.19615769386291504, 14029
0.19615769386291504, 14028
0.1971580982208252, 14027
0.1971580982208252, 14026
0.1971580982208252, 14025
0.1971580982208252, 14024
0.1971580982208252, 14023
0.1971580982208252, 14022
0.1971580982208252, 14021
0.1971580982208252, 14020
0.1971580982208252, 14019
0.1971580982208252, 14018
0.1971580982208252, 14017
0.1971580982208252, 14016
0.1971580982208252, 14015
0.1971580982208252, 14014
0.1971580982208252, 14013
0.19815778732299805, 14012
0.19815778732299805, 14011
0.19815778732299805, 14010
0.19815778732299805, 14009
0.19815778732299805, 14008
0.19815778732299805, 14007
0.19815778732299805, 14006
0.19815778732299805, 14005
0.19815778732299805, 14004
0.19815778732299805, 14003
0.19815778732299805, 14002
0.19815778732299805, 14001
0.19815778732299805, 14000
0.19815778732299805, 13999
0.390549898147583, 13998
0.390549898147583, 13997
0.390549898147583, 13996
0.390549898147583, 13995
0.390549898147583, 13994
0.390549898147583, 13993
0.390549898147583, 13992
0.390549898147583, 13991
0.39107728004455566, 13990
0.39107728004455566, 13989
0.39107728004455566, 13988
0.39107728004455566, 13987
0.39107728004455566, 13986
0.39107728004455566, 13985
0.39107728004455566, 13984
0.39107728004455566, 13983
0.39107728004455566, 13982
0.39107728004455566, 13981
0.39107728004455566, 13980
0.39107728004455566, 13979
0.39107728004455566, 13978
0.39107728004455566, 13977
0.39107728004455566, 13976
0.39107728004455566, 13975
0.39208436012268066, 13974
0.39208436012268066, 13973
0.39208436012268066, 13972
0.39208436012268066, 13971
0.39208436012268066, 13970
0.39208436012268066, 13969
0.39208436012268066, 13968
0.39208436012268066, 13967
0.39208436012268066, 13966
0.39208436012268066, 13965
0.39208436012268066, 13964
0.39208436012268066, 13963
0.39208436012268066, 13962
0.39208436012268066, 13961
0.39208436012268066, 13960
0.39208436012268066, 13959
0.3930840492248535, 13958
0.3930840492248535, 13957
0.3930840492248535, 13956
0.3930840492248535, 13955
0.3930840492248535, 13954
0.3930840492248535, 13953
0.3930840492248535, 13952
0.3930840492248535, 13951
0.3930840492248535, 13950
0.3930840492248535, 13949
0.3930840492248535, 13948
0.3930840492248535, 13947
0.3930840492248535, 13946
0.3930840492248535, 13945
0.3930840492248535, 13944
0.3930840492248535, 13943
0.39408397674560547, 13942
0.39408397674560547, 13941
0.39408397674560547, 13940
0.39408397674560547, 13939
0.39408397674560547, 13938
0.39408397674560547, 13937
0.39408397674560547, 13936
0.39408397674560547, 13935
0.39408397674560547, 13934
0.39408397674560547, 13933
0.39408397674560547, 13932
0.39408397674560547, 13931
0.39408397674560547, 13930
0.39408397674560547, 13929
0.39408397674560547, 13928
0.39408397674560547, 13927
0.3950839042663574, 13926
0.3950839042663574, 13925
0.3950839042663574, 13924
0.3950839042663574, 13923
0.3950839042663574, 13922
0.3950839042663574, 13921
0.3950839042663574, 13920
0.3950839042663574, 13919
0.3950839042663574, 13918
0.3950839042663574, 13917
0.3950839042663574, 13916
0.3950839042663574, 13915
0.3950839042663574, 13914
0.3950839042663574, 13913
0.3950839042663574, 13912
0.3960843086242676, 13911
0.3960843086242676, 13910
0.3960843086242676, 13909
0.3960843086242676, 13908
0.3960843086242676, 13907
0.3960843086242676, 13906
0.3960843086242676, 13905
0.3960843086242676, 13904
0.3960843086242676, 13903
0.3960843086242676, 13902
0.3960843086242676, 13901
0.3960843086242676, 13900
0.3960843086242676, 13899
0.3960843086242676, 13898
0.3960843086242676, 13897
0.3960843086242676, 13896
0.39708447456359863, 13895
0.39708447456359863, 13894
0.39708447456359863, 13893
0.39708447456359863, 13892
0.39708447456359863, 13891
0.39708447456359863, 13890
0.39708447456359863, 13889
0.39708447456359863, 13888
0.39708447456359863, 13887
0.39708447456359863, 13886
0.39708447456359863, 13885
0.39708447456359863, 13884
0.39708447456359863, 13883
0.39708447456359863, 13882
0.39708447456359863, 13881
0.39708447456359863, 13880
0.3980839252471924, 13879
0.3980839252471924, 13878
0.3980839252471924, 13877
0.3980839252471924, 13876
0.3980839252471924, 13875
0.3980839252471924, 13874
0.3980839252471924, 13873
0.3980839252471924, 13872
0.3980839252471924, 13871
0.3980839252471924, 13870
0.3980839252471924, 13869
0.3980839252471924, 13868
0.3980839252471924, 13867
0.3980839252471924, 13866
0.3980839252471924, 13865
0.3980839252471924, 13864
0.39908409118652344, 13863
0.39908409118652344, 13862
0.39908409118652344, 13861
0.39908409118652344, 13860
0.39908409118652344, 13859
0.39908409118652344, 13858
0.39908409118652344, 13857
0.39908409118652344, 13856
0.39908409118652344, 13855
0.39908409118652344, 13854
0.39908409118652344, 13853
0.39908409118652344, 13852
0.39908409118652344, 13851
0.39908409118652344, 13850
0.39908409118652344, 13849
0.39908409118652344, 13848
0.4000847339630127, 13847
0.4000847339630127, 13846
0.4000847339630127, 13845
0.4000847339630127, 13844
0.4000847339630127, 13843
0.4000847339630127, 13842
0.4000847339630127, 13841
0.4000847339630127, 13840
0.4000847339630127, 13839
0.4000847339630127, 13838
0.4000847339630127, 13837
0.4000847339630127, 13836
0.4000847339630127, 13835
0.4000847339630127, 13834
0.4000847339630127, 13833
0.4000847339630127, 13832
0.40108394622802734, 13831
0.40108394622802734, 13830
0.40108394622802734, 13829
0.40108394622802734, 13828
0.40108394622802734, 13827
0.40108394622802734, 13826
0.40108394622802734, 13825
0.40108394622802734, 13824
0.40108394622802734, 13823
0.40108394622802734, 13822
0.40108394622802734, 13821
0.40108394622802734, 13820
0.40108394622802734, 13819
0.40108394622802734, 13818
0.40108394622802734, 13817
0.40108394622802734, 13816
0.5900025367736816, 13815
0.5900025367736816, 13814
0.5900025367736816, 13813
0.5900025367736816, 13812
0.5900025367736816, 13811
0.5900025367736816, 13810
0.5900025367736816, 13809
0.5900025367736816, 13808
0.5900025367736816, 13807
0.5900025367736816, 13806
0.5900025367736816, 13805
0.5900025367736816, 13804
0.5900025367736816, 13803
0.5910024642944336, 13802
0.5910024642944336, 13801
0.5910024642944336, 13800
0.5910024642944336, 13799
0.5910024642944336, 13798
0.5910024642944336, 13797
0.5910024642944336, 13796
0.5910024642944336, 13795
0.5910024642944336, 13794
0.5910024642944336, 13793
0.5910024642944336, 13792
0.5910024642944336, 13791
0.5910024642944336, 13790
0.5910024642944336, 13789
0.5910024642944336, 13788
0.5910024642944336, 13787
0.5920021533966064, 13786
0.5920021533966064, 13785
0.5920021533966064, 13784
0.5920021533966064, 13783
0.5920021533966064, 13782
0.5920021533966064, 13781
0.5920021533966064, 13780
0.5920021533966064, 13779
0.5920021533966064, 13778
0.5920021533966064, 13777
0.5920021533966064, 13776
0.5920021533966064, 13775
0.5920021533966064, 13774
0.5920021533966064, 13773
0.5920021533966064, 13772
0.5930020809173584, 13771
0.5930020809173584, 13770
0.5930020809173584, 13769
0.5930020809173584, 13768
0.5930020809173584, 13767
0.5930020809173584, 13766
0.5930020809173584, 13765
0.5930020809173584, 13764
0.5930020809173584, 13763
0.5930020809173584, 13762
0.5930020809173584, 13761
0.5930020809173584, 13760
0.5930020809173584, 13759
0.5930020809173584, 13758
0.5930020809173584, 13757
0.5930020809173584, 13756
0.5940024852752686, 13755
0.5940024852752686, 13754
0.5940024852752686, 13753
0.5940024852752686, 13752
0.5940024852752686, 13751
0.5940024852752686, 13750
0.5940024852752686, 13749
0.5940024852752686, 13748
0.5940024852752686, 13747
0.5940024852752686, 13746
0.5940024852752686, 13745
0.5940024852752686, 13744
0.5940024852752686, 13743
0.5940024852752686, 13742
0.5940024852752686, 13741
0.5950024127960205, 13740
0.5950024127960205, 13739
0.5950024127960205, 13738
0.5950024127960205, 13737
0.5950024127960205, 13736
0.5950024127960205, 13735
0.5950024127960205, 13734
0.5950024127960205, 13733
0.5950024127960205, 13732
0.5950024127960205, 13731
0.5950024127960205, 13730
0.5950024127960205, 13729
0.5950024127960205, 13728
0.5950024127960205, 13727
0.5950024127960205, 13726
0.5950024127960205, 13725
0.5960021018981934, 13724
0.5960021018981934, 13723
0.5960021018981934, 13722
0.5960021018981934, 13721
0.5960021018981934, 13720
0.5960021018981934, 13719
0.5960021018981934, 13718
0.5960021018981934, 13717
0.5960021018981934, 13716
0.5960021018981934, 13715
0.5960021018981934, 13714
0.5960021018981934, 13713
0.5960021018981934, 13712
0.5960021018981934, 13711
0.5960021018981934, 13710
0.5970022678375244, 13709
0.5970022678375244, 13708
0.5970022678375244, 13707
0.5970022678375244, 13706
0.5970022678375244, 13705
0.5970022678375244, 13704
0.5970022678375244, 13703
0.5970022678375244, 13702
0.5970022678375244, 13701
0.5970022678375244, 13700
0.5970022678375244, 13699
0.5970022678375244, 13698
0.5970022678375244, 13697
0.5970022678375244, 13696
0.5970022678375244, 13695
0.5980560779571533, 13694
0.5980560779571533, 13693
0.5980560779571533, 13692
0.5980560779571533, 13691
0.5980560779571533, 13690
0.5980560779571533, 13689
0.5980560779571533, 13688
0.5980560779571533, 13687
0.5980560779571533, 13686
0.5980560779571533, 13685
0.5980560779571533, 13684
0.599005937576294, 13683
0.599005937576294, 13682
0.599005937576294, 13681
0.599005937576294, 13680
0.599005937576294, 13679
0.599005937576294, 13678
0.599005937576294, 13677
0.599005937576294, 13676
0.599005937576294, 13675
0.599005937576294, 13674
0.599005937576294, 13673
0.599005937576294, 13672
0.599005937576294, 13671
0.6000039577484131, 13670
0.6000039577484131, 13669
0.6000039577484131, 13668
0.6000039577484131, 13667
0.6000039577484131, 13666
0.6000039577484131, 13665
0.6000039577484131, 13664
0.6000039577484131, 13663
0.6000039577484131, 13662
0.6000039577484131, 13661
0.6000039577484131, 13660
0.6000039577484131, 13659
1.4200663566589355, 13658
1.4200663566589355, 13657
1.4210667610168457, 13656
1.4210667610168457, 13655
1.4210667610168457, 13654
1.4210667610168457, 13653
1.4210667610168457, 13652
1.4210667610168457, 13651
1.4210667610168457, 13650
1.4210667610168457, 13649
1.4210667610168457, 13648
1.4210667610168457, 13647
1.4210667610168457, 13646
1.4210667610168457, 13645
1.4220681190490723, 13644
1.4220681190490723, 13643
1.4220681190490723, 13642
1.4220681190490723, 13641
1.4220681190490723, 13640
1.4220681190490723, 13639
1.4220681190490723, 13638
1.4220681190490723, 13637
1.4220681190490723, 13636
1.4220681190490723, 13635
1.4220681190490723, 13634
1.4230666160583496, 13633
1.4230666160583496, 13632
1.4230666160583496, 13631
1.4230666160583496, 13630
1.4230666160583496, 13629
1.4230666160583496, 13628
1.4230666160583496, 13627
1.4230666160583496, 13626
1.4230666160583496, 13625
1.4230666160583496, 13624
1.4230666160583496, 13623
1.4230666160583496, 13622
1.4230666160583496, 13621
1.4240663051605225, 13620
1.4240663051605225, 13619
1.4240663051605225, 13618
1.4240663051605225, 13617
1.4240663051605225, 13616
1.4240663051605225, 13615
1.4240663051605225, 13614
1.4240663051605225, 13613
1.4250695705413818, 13612
1.4250695705413818, 13611
1.4250695705413818, 13610
1.4250695705413818, 13609
1.4250695705413818, 13608
1.4250695705413818, 13607
1.4250695705413818, 13606
1.4250695705413818, 13605
1.4250695705413818, 13604
1.4250695705413818, 13603
1.4250695705413818, 13602
1.426069736480713, 13601
1.426069736480713, 13600
1.426069736480713, 13599
1.426069736480713, 13598
1.426069736480713, 13597
1.426069736480713, 13596
1.426069736480713, 13595
1.426069736480713, 13594
1.426069736480713, 13593
1.426069736480713, 13592
5.573127746582031, 13591
5.573127746582031, 13590
5.573127746582031, 13589
5.573127746582031, 13588
5.573127746582031, 13587
5.573127746582031, 13586
5.573127746582031, 13585
5.573127746582031, 13584
5.574127674102783, 13583
5.574127674102783, 13582
5.574127674102783, 13581
5.574127674102783, 13580
5.574127674102783, 13579
5.574127674102783, 13578
5.574127674102783, 13577
5.574557304382324, 13576
5.574557304382324, 13575
5.574557304382324, 13574
5.574557304382324, 13573
5.574557304382324, 13572
5.574557304382324, 13571
5.574557304382324, 13570
5.574557304382324, 13569
5.575127840042114, 13568
5.575127840042114, 13567
5.575127840042114, 13566
5.575127840042114, 13565
5.575412273406982, 13564
5.575412273406982, 13563
5.575412273406982, 13562
5.575412273406982, 13561
5.575412273406982, 13560
5.575412273406982, 13559
5.575412273406982, 13558
5.575412273406982, 13557
5.575412273406982, 13556
5.575412273406982, 13555
5.575412273406982, 13554
5.576127529144287, 13553
5.576127529144287, 13552
5.576127529144287, 13551
5.576127529144287, 13550
5.576127529144287, 13549
5.576127529144287, 13548
5.576127529144287, 13547
5.576127529144287, 13546
5.576127529144287, 13545
5.576127529144287, 13544
5.576127529144287, 13543
5.576127529144287, 13542
5.576127529144287, 13541
5.576127529144287, 13540
5.57712721824646, 13539
5.57712721824646, 13538
5.57712721824646, 13537
5.57712721824646, 13536
5.57712721824646, 13535
5.57712721824646, 13534
5.577550411224365, 13533
5.577550411224365, 13532
5.577550411224365, 13531
5.577550411224365, 13530
5.577550411224365, 13529
5.577550411224365, 13528
5.577550411224365, 13527
5.577550411224365, 13526
5.578128099441528, 13525
5.578128099441528, 13524
5.578128099441528, 13523
5.578128099441528, 13522
5.578128099441528, 13521
5.578128099441528, 13520
5.578128099441528, 13519
5.578128099441528, 13518
5.578128099441528, 13517
5.578128099441528, 13516
5.578128099441528, 13515
5.578128099441528, 13514
5.578128099441528, 13513
5.579020261764526, 13512
5.579020261764526, 13511
5.5791285037994385, 13510
5.5791285037994385, 13509
5.5791285037994385, 13508
5.5791285037994385, 13507
5.5791285037994385, 13506
5.5791285037994385, 13505
5.5791285037994385, 13504
5.5791285037994385, 13503
5.5791285037994385, 13502
5.5791285037994385, 13501
