0.19495201110839844, 14080
0.19495201110839844, 14079
0.19495201110839844, 14078
0.19495201110839844, 14077
0.19495201110839844, 14076
0.19495201110839844, 14075
0.1959536075592041, 14074
0.1959536075592041, 14073
0.1959536075592041, 14072
0.1959536075592041, 14071
0.1959536075592041, 14070
0.1959536075592041, 14069
0.1959536075592041, 14068
0.1964259147644043, 14067
0.1964259147644043, 14066
0.1964259147644043, 14065
0.1964259147644043, 14064
0.1964259147644043, 14063
0.1964259147644043, 14062
0.1964259147644043, 14061
0.1964259147644043, 14060
0.19695281982421875, 14059
0.19695281982421875, 14058
0.19695281982421875, 14057
0.19695281982421875, 14056
0.19695281982421875, 14055
0.19695281982421875, 14054
0.19695281982421875, 14053
0.19695281982421875, 14052
0.19695281982421875, 14051
0.19695281982421875, 14050
0.19695281982421875, 14049
0.19695281982421875, 14048
0.19695281982421875, 14047
0.19695281982421875, 14046
0.19695281982421875, 14045
0.19795536994934082, 14044
0.19795536994934082, 14043
0.19795536994934082, 14042
0.19795536994934082, 14041
0.19795536994934082, 14040
0.19795536994934082, 14039
0.19795536994934082, 14038
0.19795536994934082, 14037
0.19795536994934082, 14036
0.19795536994934082, 14035
0.19795536994934082, 14034
0.19795536994934082, 14033
0.19795536994934082, 14032
0.19795536994934082, 14031
0.19795536994934082, 14030
0.19795536994934082, 14029
0.19895267486572266, 14028
0.19895267486572266, 14027
0.19895267486572266, 14026
0.19895267486572266, 14025
0.19895267486572266, 14024
0.19895267486572266, 14023
0.19895267486572266, 14022
0.19895267486572266, 14021
0.19895267486572266, 14020
0.19895267486572266, 14019
0.19895267486572266, 14018
0.19895267486572266, 14017
0.19895267486572266, 14016
0.19895267486572266, 14015
0.19895267486572266, 14014
0.1999526023864746, 14013
0.1999526023864746, 14012
0.1999526023864746, 14011
0.1999526023864746, 14010
0.1999526023864746, 14009
0.1999526023864746, 14008
0.1999526023864746, 14007
0.1999526023864746, 14006
0.1999526023864746, 14005
0.1999526023864746, 14004
0.1999526023864746, 14003
0.1999526023864746, 14002
0.1999526023864746, 14001
0.1999526023864746, 14000
0.1999526023864746, 13999
0.1999526023864746, 13998
0.20095539093017578, 13997
0.20095539093017578, 13996
0.20095539093017578, 13995
0.20095539093017578, 13994
0.20095539093017578, 13993
0.20095539093017578, 13992
0.20095539093017578, 13991
0.20095539093017578, 13990
0.20095539093017578, 13989
0.20095539093017578, 13988
0.20095539093017578, 13987
0.20095539093017578, 13986
0.20095539093017578, 13985
0.20095539093017578, 13984
0.20095539093017578, 13983
0.20095539093017578, 13982
0.20195341110229492, 13981
0.20195341110229492, 13980
0.20195341110229492, 13979
0.20195341110229492, 13978
0.20195341110229492, 13977
0.20195341110229492, 13976
0.20195341110229492, 13975
0.20195341110229492, 13974
0.20195341110229492, 13973
0.20195341110229492, 13972
0.20195341110229492, 13971
0.20195341110229492, 13970
0.20195341110229492, 13969
0.20195341110229492, 13968
0.20195341110229492, 13967
0.20195341110229492, 13966
0.20295143127441406, 13965
0.20295143127441406, 13964
0.20295143127441406, 13963
0.20295143127441406, 13962
0.20295143127441406, 13961
0.20295143127441406, 13960
0.20295143127441406, 13959
0.20295143127441406, 13958
0.20295143127441406, 13957
0.20295143127441406, 13956
0.20295143127441406, 13955
0.20295143127441406, 13954
0.20295143127441406, 13953
0.20295143127441406, 13952
0.20295143127441406, 13951
0.20395469665527344, 13950
0.20395469665527344, 13949
0.20395469665527344, 13948
0.20395469665527344, 13947
0.20395469665527344, 13946
0.20395469665527344, 13945
0.20395469665527344, 13944
0.20395469665527344, 13943
0.20395469665527344, 13942
0.20395469665527344, 13941
0.20395469665527344, 13940
0.20395469665527344, 13939
0.20395469665527344, 13938
0.20395469665527344, 13937
0.20395469665527344, 13936
0.20395469665527344, 13935
0.20495295524597168, 13934
0.20495295524597168, 13933
0.20495295524597168, 13932
0.20495295524597168, 13931
0.20495295524597168, 13930
0.20495295524597168, 13929
0.20495295524597168, 13928
0.20495295524597168, 13927
0.20495295524597168, 13926
0.20495295524597168, 13925
0.20495295524597168, 13924
0.20495295524597168, 13923
0.20495295524597168, 13922
0.20495295524597168, 13921
0.20495295524597168, 13920
0.20495295524597168, 13919
0.20595145225524902, 13918
0.20595145225524902, 13917
0.20595145225524902, 13916
0.20595145225524902, 13915
0.20595145225524902, 13914
0.20595145225524902, 13913
0.20595145225524902, 13912
0.20595145225524902, 13911
0.20595145225524902, 13910
0.20595145225524902, 13909
0.20595145225524902, 13908
0.20595145225524902, 13907
0.20595145225524902, 13906
0.20595145225524902, 13905
0.20595145225524902, 13904
0.20595145225524902, 13903
0.2069530487060547, 13902
0.2069530487060547, 13901
0.2069530487060547, 13900
0.2069530487060547, 13899
0.2069530487060547, 13898
0.2069530487060547, 13897
0.2069530487060547, 13896
0.2069530487060547, 13895
0.2069530487060547, 13894
0.2069530487060547, 13893
0.2069530487060547, 13892
0.2069530487060547, 13891
0.2069530487060547, 13890
0.2069530487060547, 13889
0.2069530487060547, 13888
0.20795273780822754, 13887
0.20795273780822754, 13886
0.20795273780822754, 13885
0.20795273780822754, 13884
0.20795273780822754, 13883
0.20795273780822754, 13882
0.20795273780822754, 13881
0.20795273780822754, 13880
0.20795273780822754, 13879
0.20795273780822754, 13878
0.20795273780822754, 13877
0.20795273780822754, 13876
0.20795273780822754, 13875
0.20795273780822754, 13874
0.20795273780822754, 13873
0.2089521884918213, 13872
0.20906543731689453, 13871
0.20906543731689453, 13870
0.20906543731689453, 13869
0.20906543731689453, 13868
0.20906543731689453, 13867
0.20906543731689453, 13866
0.20906543731689453, 13865
0.20906543731689453, 13864
0.20906543731689453, 13863
0.20906543731689453, 13862
0.20906543731689453, 13861
0.20995426177978516, 13860
0.20995426177978516, 13859
0.20995426177978516, 13858
0.20995426177978516, 13857
0.20995426177978516, 13856
0.20995426177978516, 13855
0.20995426177978516, 13854
0.20995426177978516, 13853
0.20995426177978516, 13852
0.20995426177978516, 13851
0.20995426177978516, 13850
0.20995426177978516, 13849
0.20995426177978516, 13848
0.20995426177978516, 13847
0.2109525203704834, 13846
0.2109525203704834, 13845
0.2109525203704834, 13844
0.2109525203704834, 13843
0.2109525203704834, 13842
0.2109525203704834, 13841
0.2109525203704834, 13840
0.2109525203704834, 13839
0.2109525203704834, 13838
0.2109525203704834, 13837
0.2109525203704834, 13836
0.2109525203704834, 13835
0.2109525203704834, 13834
0.2109525203704834, 13833
0.2109525203704834, 13832
0.21195220947265625, 13831
0.21195220947265625, 13830
0.21195220947265625, 13829
0.21195220947265625, 13828
0.21195220947265625, 13827
0.21195220947265625, 13826
0.21195220947265625, 13825
0.21195220947265625, 13824
0.21195220947265625, 13823
0.21195220947265625, 13822
0.21195220947265625, 13821
0.21195220947265625, 13820
0.21195220947265625, 13819
0.21195220947265625, 13818
0.21195220947265625, 13817
0.2129521369934082, 13816
0.2129521369934082, 13815
0.2129521369934082, 13814
0.2129521369934082, 13813
0.2129521369934082, 13812
0.2129521369934082, 13811
0.2129521369934082, 13810
0.2129521369934082, 13809
0.2129521369934082, 13808
0.2129521369934082, 13807
0.2129521369934082, 13806
0.2129521369934082, 13805
0.2129521369934082, 13804
0.2129521369934082, 13803
0.2129521369934082, 13802
0.2129521369934082, 13801
0.21395158767700195, 13800
0.21395158767700195, 13799
0.21395158767700195, 13798
0.21395158767700195, 13797
0.21395158767700195, 13796
0.21395158767700195, 13795
0.21395158767700195, 13794
0.21395158767700195, 13793
0.21395158767700195, 13792
0.21395158767700195, 13791
0.21395158767700195, 13790
0.21395158767700195, 13789
0.21395158767700195, 13788
0.21395158767700195, 13787
0.21395158767700195, 13786
0.2149515151977539, 13785
0.2149515151977539, 13784
0.2149515151977539, 13783
0.2149515151977539, 13782
0.2149515151977539, 13781
0.2149515151977539, 13780
0.2149515151977539, 13779
0.2149515151977539, 13778
0.2149515151977539, 13777
0.2149515151977539, 13776
0.2149515151977539, 13775
0.2149515151977539, 13774
0.2149515151977539, 13773
0.2149515151977539, 13772
0.2149515151977539, 13771
0.21595168113708496, 13770
0.21595168113708496, 13769
0.21595168113708496, 13768
0.21595168113708496, 13767
0.21595168113708496, 13766
0.21595168113708496, 13765
0.21595168113708496, 13764
0.21595168113708496, 13763
0.21595168113708496, 13762
0.21595168113708496, 13761
0.21595168113708496, 13760
0.21595168113708496, 13759
0.21695160865783691, 13758
0.21695160865783691, 13757
0.21695160865783691, 13756
0.21695160865783691, 13755
0.21695160865783691, 13754
0.21695160865783691, 13753
0.21695160865783691, 13752
0.21695160865783691, 13751
0.21695160865783691, 13750
0.21695160865783691, 13749
0.21695160865783691, 13748
0.21695160865783691, 13747
0.21795129776000977, 13746
0.21795129776000977, 13745
0.21795129776000977, 13744
0.21795129776000977, 13743
0.21795129776000977, 13742
0.21795129776000977, 13741
0.21795129776000977, 13740
0.21795129776000977, 13739
0.21795129776000977, 13738
0.21795129776000977, 13737
0.21795129776000977, 13736
0.21895146369934082, 13735
0.21895146369934082, 13734
0.21895146369934082, 13733
0.21895146369934082, 13732
0.21895146369934082, 13731
0.21895146369934082, 13730
0.21895146369934082, 13729
0.21895146369934082, 13728
0.21895146369934082, 13727
0.21895146369934082, 13726
0.21895146369934082, 13725
0.21895146369934082, 13724
0.21995139122009277, 13723
0.21995139122009277, 13722
0.21995139122009277, 13721
0.21995139122009277, 13720
0.21995139122009277, 13719
0.21995139122009277, 13718
0.21995139122009277, 13717
0.21995139122009277, 13716
0.21995139122009277, 13715
0.21995139122009277, 13714
0.21995139122009277, 13713
0.22095155715942383, 13712
0.22095155715942383, 13711
0.22095155715942383, 13710
0.22095155715942383, 13709
0.22095155715942383, 13708
0.22095155715942383, 13707
0.22095155715942383, 13706
0.22095155715942383, 13705
0.22095155715942383, 13704
0.22095155715942383, 13703
0.22095155715942383, 13702
0.22095155715942383, 13701
0.22195148468017578, 13700
0.22195148468017578, 13699
0.22195148468017578, 13698
0.22195148468017578, 13697
0.22195148468017578, 13696
0.22195148468017578, 13695
0.22195148468017578, 13694
0.22195148468017578, 13693
0.22195148468017578, 13692
0.22295141220092773, 13691
0.22295141220092773, 13690
0.22295141220092773, 13689
0.22295141220092773, 13688
0.22295141220092773, 13687
0.22295141220092773, 13686
0.22295141220092773, 13685
0.22295141220092773, 13684
0.22295141220092773, 13683
0.22295141220092773, 13682
0.22295141220092773, 13681
0.2239513397216797, 13680
0.2239513397216797, 13679
0.2239513397216797, 13678
0.2239513397216797, 13677
0.2239513397216797, 13676
0.2239513397216797, 13675
0.2239513397216797, 13674
0.2239513397216797, 13673
0.2239513397216797, 13672
0.2239513397216797, 13671
0.2239513397216797, 13670
0.22495150566101074, 13669
0.22495150566101074, 13668
0.22495150566101074, 13667
0.22495150566101074, 13666
0.22495150566101074, 13665
0.22495150566101074, 13664
0.22495150566101074, 13663
0.22495150566101074, 13662
0.22495150566101074, 13661
0.22495150566101074, 13660
0.22495150566101074, 13659
0.2259540557861328, 13658
0.2259540557861328, 13657
0.2259540557861328, 13656
0.2259540557861328, 13655
0.2259540557861328, 13654
0.2259540557861328, 13653
0.2259540557861328, 13652
0.2259540557861328, 13651
0.2259540557861328, 13650
0.2259540557861328, 13649
0.2259540557861328, 13648
0.22695159912109375, 13647
0.22695159912109375, 13646
0.22695159912109375, 13645
0.22695159912109375, 13644
0.22695159912109375, 13643
0.22695159912109375, 13642
0.22695159912109375, 13641
0.22695159912109375, 13640
0.22695159912109375, 13639
0.22695159912109375, 13638
0.22695159912109375, 13637
0.2279515266418457, 13636
0.2279515266418457, 13635
0.2279515266418457, 13634
0.2279515266418457, 13633
0.2279515266418457, 13632
0.2279515266418457, 13631
0.2279515266418457, 13630
0.2279515266418457, 13629
0.2279515266418457, 13628
0.2279515266418457, 13627
0.2279515266418457, 13626
0.22895145416259766, 13625
0.22895145416259766, 13624
0.22895145416259766, 13623
0.22895145416259766, 13622
0.22895145416259766, 13621
0.22895145416259766, 13620
0.22895145416259766, 13619
0.22895145416259766, 13618
0.22895145416259766, 13617
0.22895145416259766, 13616
0.22895145416259766, 13615
0.2299516201019287, 13614
0.2299516201019287, 13613
0.2299516201019287, 13612
0.2299516201019287, 13611
0.2299516201019287, 13610
0.2299516201019287, 13609
0.2299516201019287, 13608
0.2299516201019287, 13607
0.2299516201019287, 13606
0.2299516201019287, 13605
0.2299516201019287, 13604
0.23095154762268066, 13603
0.23095154762268066, 13602
0.23095154762268066, 13601
0.23095154762268066, 13600
0.23095154762268066, 13599
0.23095154762268066, 13598
0.23095154762268066, 13597
0.23095154762268066, 13596
0.23095154762268066, 13595
0.23095154762268066, 13594
0.23095154762268066, 13593
0.23195147514343262, 13592
0.23195147514343262, 13591
0.23195147514343262, 13590
0.23195147514343262, 13589
0.23195147514343262, 13588
0.23195147514343262, 13587
0.23195147514343262, 13586
0.23195147514343262, 13585
0.23195147514343262, 13584
0.23295164108276367, 13583
0.23295164108276367, 13582
0.23295164108276367, 13581
0.23295164108276367, 13580
0.23295164108276367, 13579
0.23295164108276367, 13578
0.23295164108276367, 13577
0.23295164108276367, 13576
0.23295164108276367, 13575
0.23295164108276367, 13574
0.23295164108276367, 13573
0.23295164108276367, 13572
0.23295164108276367, 13571
0.23295164108276367, 13570
0.23395133018493652, 13569
0.23395133018493652, 13568
0.23395133018493652, 13567
0.23395133018493652, 13566
0.23395133018493652, 13565
0.23395133018493652, 13564
0.23395133018493652, 13563
0.23395133018493652, 13562
0.23395133018493652, 13561
0.23395133018493652, 13560
0.23395133018493652, 13559
0.23395133018493652, 13558
0.23395133018493652, 13557
0.23395133018493652, 13556
0.23395133018493652, 13555
0.23495173454284668, 13554
0.23495173454284668, 13553
0.23495173454284668, 13552
0.23495173454284668, 13551
0.23495173454284668, 13550
0.23495173454284668, 13549
0.23495173454284668, 13548
0.23495173454284668, 13547
0.23495173454284668, 13546
0.23495173454284668, 13545
0.23495173454284668, 13544
0.23495173454284668, 13543
0.23495173454284668, 13542
0.23495173454284668, 13541
0.23495173454284668, 13540
0.23595142364501953, 13539
0.23595142364501953, 13538
0.23595142364501953, 13537
0.23595142364501953, 13536
0.23595142364501953, 13535
0.23595142364501953, 13534
0.23595142364501953, 13533
0.23595142364501953, 13532
0.23595142364501953, 13531
0.23595142364501953, 13530
0.23595142364501953, 13529
0.23595142364501953, 13528
0.23595142364501953, 13527
0.23595142364501953, 13526
0.23595142364501953, 13525
0.23595142364501953, 13524
0.23695158958435059, 13523
0.23695158958435059, 13522
0.23695158958435059, 13521
0.23695158958435059, 13520
0.23695158958435059, 13519
0.23695158958435059, 13518
0.23695158958435059, 13517
0.23695158958435059, 13516
0.23695158958435059, 13515
0.23695158958435059, 13514
0.23695158958435059, 13513
0.23695158958435059, 13512
0.23695158958435059, 13511
0.23695158958435059, 13510
0.23695158958435059, 13509
0.23695158958435059, 13508
0.23795151710510254, 13507
0.23795151710510254, 13506
0.23795151710510254, 13505
0.23795151710510254, 13504
0.23795151710510254, 13503
0.23795151710510254, 13502
0.23795151710510254, 13501
0.23795151710510254, 13500
0.23795151710510254, 13499
0.23795151710510254, 13498
0.23795151710510254, 13497
0.23795151710510254, 13496
0.23795151710510254, 13495
0.23795151710510254, 13494
0.23795151710510254, 13493
0.2389523983001709, 13492
0.2390305995941162, 13491
0.2390305995941162, 13490
0.2390305995941162, 13489
0.2390305995941162, 13488
0.2390305995941162, 13487
0.2390305995941162, 13486
0.2390305995941162, 13485
2.6147313117980957, 10427
2.6147313117980957, 10426
2.6147313117980957, 10425
2.615730047225952, 10424
2.615730047225952, 10423
2.615730047225952, 10422
2.615730047225952, 10421
2.615730047225952, 10420
2.615730047225952, 10419
2.615730047225952, 10418
2.615730047225952, 10417
2.615730047225952, 10416
2.615730047225952, 10415
2.615730047225952, 10414
2.615730047225952, 10413
2.615730047225952, 10412
2.616730213165283, 10411
2.616730213165283, 10410
2.616730213165283, 10409
2.616730213165283, 10408
2.616730213165283, 10407
2.616730213165283, 10406
2.616730213165283, 10405
2.616730213165283, 10404
2.616730213165283, 10403
2.616730213165283, 10402
2.616730213165283, 10401
2.616730213165283, 10400
2.616730213165283, 10399
2.616730213165283, 10398
2.616730213165283, 10397
2.617729663848877, 10396
2.617729663848877, 10395
2.617729663848877, 10394
2.617729663848877, 10393
2.617729663848877, 10392
2.617729663848877, 10391
2.617729663848877, 10390
2.617729663848877, 10389
2.617729663848877, 10388
2.617729663848877, 10387
2.617729663848877, 10386
2.617729663848877, 10385
2.617729663848877, 10384
2.617729663848877, 10383
2.617729663848877, 10382
2.6187307834625244, 10381
2.6187307834625244, 10380
2.6187307834625244, 10379
2.6187307834625244, 10378
2.6187307834625244, 10377
2.6187307834625244, 10376
2.6187307834625244, 10375
2.6187307834625244, 10374
2.6187307834625244, 10373
2.6187307834625244, 10372
2.6187307834625244, 10371
2.6187307834625244, 10370
2.6187307834625244, 10369
2.6187307834625244, 10368
2.6197307109832764, 10367
2.6197307109832764, 10366
2.6197307109832764, 10365
2.6197307109832764, 10364
2.6197307109832764, 10363
2.6197307109832764, 10362
2.6197307109832764, 10361
2.6197307109832764, 10360
2.6197307109832764, 10359
2.6197307109832764, 10358
2.6197307109832764, 10357
2.6197307109832764, 10356
2.6197307109832764, 10355
2.6197307109832764, 10354
2.6207315921783447, 10353
2.6207315921783447, 10352
2.6208527088165283, 10351
2.6208527088165283, 10350
2.6208527088165283, 10349
2.6208527088165283, 10348
2.6208527088165283, 10347
2.6208527088165283, 10346
2.6208527088165283, 10345
2.6208527088165283, 10344
2.6217339038848877, 10343
2.6217339038848877, 10342
2.6217339038848877, 10341
2.6217339038848877, 10340
2.6217339038848877, 10339
2.6217339038848877, 10338
2.6217339038848877, 10337
2.6217339038848877, 10336
2.6217339038848877, 10335
2.6217339038848877, 10334
2.6217339038848877, 10333
2.6217339038848877, 10332
2.6227338314056396, 10331
