0.10908699035644531, 11017
0.1096961498260498, 11016
0.1096961498260498, 11015
0.1096961498260498, 11014
0.1096961498260498, 11013
0.1096961498260498, 11012
0.1096961498260498, 11011
0.1096961498260498, 11010
0.11008405685424805, 11009
0.11008405685424805, 11008
0.11008405685424805, 11007
0.11008405685424805, 11006
0.11008405685424805, 11005
0.11008405685424805, 11004
0.11008405685424805, 11003
0.11008405685424805, 11002
0.11008405685424805, 11001
0.11008405685424805, 11000
0.11008405685424805, 10999
0.11008405685424805, 10998
0.11008405685424805, 10997
0.11008405685424805, 10996
0.11008405685424805, 10995
0.11008405685424805, 10994
0.11008405685424805, 10993
0.1110832691192627, 10992
0.1110832691192627, 10991
0.11120963096618652, 10990
0.11120963096618652, 10989
0.11120963096618652, 10988
0.11120963096618652, 10987
0.11120963096618652, 10986
0.11120963096618652, 10985
0.11120963096618652, 10984
0.11120963096618652, 10983
0.11120963096618652, 10982
0.11120963096618652, 10981
0.11120963096618652, 10980
0.11120963096618652, 10979
0.11120963096618652, 10978
0.11120963096618652, 10977
0.11120963096618652, 10976
0.11208319664001465, 10975
0.11208319664001465, 10974
0.11208319664001465, 10973
0.11208319664001465, 10972
0.11208319664001465, 10971
0.11208319664001465, 10970
0.11208319664001465, 10969
0.11208319664001465, 10968
0.11208319664001465, 10967
0.11208319664001465, 10966
0.11208319664001465, 10965
0.11208319664001465, 10964
0.11208319664001465, 10963
0.11208319664001465, 10962
0.11208319664001465, 10961
0.11208319664001465, 10960
0.11208319664001465, 10959
0.11208319664001465, 10958
0.1130833625793457, 10957
0.1130833625793457, 10956
0.1130833625793457, 10955
0.1130833625793457, 10954
0.1130833625793457, 10953
0.1130833625793457, 10952
0.1130833625793457, 10951
0.1130833625793457, 10950
0.1130833625793457, 10949
0.1130833625793457, 10948
0.1130833625793457, 10947
0.1130833625793457, 10946
0.1130833625793457, 10945
0.1130833625793457, 10944
0.11387300491333008, 10943
0.11387300491333008, 10942
0.11387300491333008, 10941
0.11387300491333008, 10940
0.11387300491333008, 10939
0.11387300491333008, 10938
0.11387300491333008, 10937
0.11387300491333008, 10936
0.11387300491333008, 10935
0.11387300491333008, 10934
0.11387300491333008, 10933
0.11387300491333008, 10932
0.11387300491333008, 10931
0.11387300491333008, 10930
0.11387300491333008, 10929
0.11387300491333008, 10928
0.11387300491333008, 10927
0.11487841606140137, 10926
0.11487841606140137, 10925
0.11487841606140137, 10924
0.11487841606140137, 10923
0.11487841606140137, 10922
0.11487841606140137, 10921
0.11487841606140137, 10920
0.11487841606140137, 10919
0.11487841606140137, 10918
0.11487841606140137, 10917
0.11487841606140137, 10916
0.11487841606140137, 10915
0.11487841606140137, 10914
0.11487841606140137, 10913
0.11487841606140137, 10912
0.11487841606140137, 10911
0.11487841606140137, 10910
0.11587834358215332, 10909
0.11587834358215332, 10908
0.11587834358215332, 10907
0.11587834358215332, 10906
0.11587834358215332, 10905
0.11587834358215332, 10904
0.11587834358215332, 10903
0.11587834358215332, 10902
0.11587834358215332, 10901
0.11587834358215332, 10900
0.11587834358215332, 10899
0.11587834358215332, 10898
0.11587834358215332, 10897
0.11587834358215332, 10896
0.11587834358215332, 10895
0.11587834358215332, 10894
0.11587834358215332, 10893
0.11687850952148438, 10892
0.11687850952148438, 10891
0.11687850952148438, 10890
0.11687850952148438, 10889
0.11687850952148438, 10888
0.11687850952148438, 10887
0.11687850952148438, 10886
0.11687850952148438, 10885
0.11687850952148438, 10884
0.11687850952148438, 10883
0.11687850952148438, 10882
0.11687850952148438, 10881
0.11687850952148438, 10880
0.11687850952148438, 10879
0.11687850952148438, 10878
0.11787939071655273, 10877
0.11787939071655273, 10876
0.11787939071655273, 10875
0.11787939071655273, 10874
0.11787939071655273, 10873
0.11787939071655273, 10872
0.11787939071655273, 10871
0.11787939071655273, 10870
0.11787939071655273, 10869
0.11787939071655273, 10868
0.11787939071655273, 10867
0.11787939071655273, 10866
0.11787939071655273, 10865
0.11787939071655273, 10864
0.11787939071655273, 10863
0.11787939071655273, 10862
0.11787939071655273, 10861
0.11887836456298828, 10860
0.11887836456298828, 10859
0.11887836456298828, 10858
0.11887836456298828, 10857
0.11887836456298828, 10856
0.11887836456298828, 10855
0.11887836456298828, 10854
0.11887836456298828, 10853
0.11887836456298828, 10852
0.11887836456298828, 10851
0.11887836456298828, 10850
0.11887836456298828, 10849
0.11887836456298828, 10848
0.11887836456298828, 10847
0.11887836456298828, 10846
0.11887836456298828, 10845
0.11987829208374023, 10844
0.11987829208374023, 10843
0.11987829208374023, 10842
0.11987829208374023, 10841
0.11987829208374023, 10840
0.11987829208374023, 10839
0.11987829208374023, 10838
0.11987829208374023, 10837
0.11987829208374023, 10836
0.11987829208374023, 10835
0.11987829208374023, 10834
0.11987829208374023, 10833
0.11987829208374023, 10832
0.11987829208374023, 10831
0.11987829208374023, 10830
0.11987829208374023, 10829
0.12087845802307129, 10828
0.12087845802307129, 10827
0.12087845802307129, 10826
0.12087845802307129, 10825
0.12087845802307129, 10824
0.12087845802307129, 10823
0.12087845802307129, 10822
0.12087845802307129, 10821
0.12087845802307129, 10820
0.12087845802307129, 10819
0.12087845802307129, 10818
0.12087845802307129, 10817
0.12087845802307129, 10816
0.12087845802307129, 10815
0.12087845802307129, 10814
0.12087845802307129, 10813
0.12087845802307129, 10812
0.12188005447387695, 10811
0.12188005447387695, 10810
0.12188005447387695, 10809
0.12188005447387695, 10808
0.12188005447387695, 10807
0.12188005447387695, 10806
0.12188005447387695, 10805
0.12188005447387695, 10804
0.12188005447387695, 10803
0.12188005447387695, 10802
0.12188005447387695, 10801
0.12188005447387695, 10800
0.12188005447387695, 10799
0.12188005447387695, 10798
0.12188005447387695, 10797
0.12188005447387695, 10796
0.12288284301757812, 10795
0.12288284301757812, 10794
0.12288284301757812, 10793
0.12288284301757812, 10792
0.12288284301757812, 10791
0.12319016456604004, 10790
0.12319016456604004, 10789
0.12319016456604004, 10788
0.12319016456604004, 10787
0.12319016456604004, 10786
0.12319016456604004, 10785
0.12319016456604004, 10784
0.12319016456604004, 10783
0.12319016456604004, 10782
0.12370109558105469, 10781
0.12370109558105469, 10780
0.12370109558105469, 10779
0.12370109558105469, 10778
0.12370109558105469, 10777
0.12370109558105469, 10776
0.12370109558105469, 10775
0.12370109558105469, 10774
0.12370109558105469, 10773
0.12370109558105469, 10772
0.12370109558105469, 10771
0.12370109558105469, 10770
0.12370109558105469, 10769
0.12370109558105469, 10768
0.12370109558105469, 10767
0.12370109558105469, 10766
0.12471437454223633, 10765
0.12471437454223633, 10764
0.12471437454223633, 10763
0.12471437454223633, 10762
0.12471437454223633, 10761
0.12471437454223633, 10760
0.12471437454223633, 10759
0.12471437454223633, 10758
0.12471437454223633, 10757
0.12471437454223633, 10756
0.12471437454223633, 10755
0.12471437454223633, 10754
0.12471437454223633, 10753
0.12471437454223633, 10752
0.12471437454223633, 10751
0.12471437454223633, 10750
0.12471437454223633, 10749
0.12571239471435547, 10748
0.12571239471435547, 10747
0.12571239471435547, 10746
0.12571239471435547, 10745
0.12571239471435547, 10744
0.12571239471435547, 10743
0.12571239471435547, 10742
0.12571239471435547, 10741
0.12571239471435547, 10740
0.12571239471435547, 10739
0.12571239471435547, 10738
0.12571239471435547, 10737
0.12571239471435547, 10736
0.12571239471435547, 10735
0.12571239471435547, 10734
0.12571239471435547, 10733
0.12671184539794922, 10732
0.12671184539794922, 10731
0.12671184539794922, 10730
0.12671184539794922, 10729
0.12671184539794922, 10728
0.12671184539794922, 10727
0.12671184539794922, 10726
0.12671184539794922, 10725
0.12671184539794922, 10724
0.12671184539794922, 10723
0.12671184539794922, 10722
0.12671184539794922, 10721
0.12671184539794922, 10720
0.12671184539794922, 10719
0.12671184539794922, 10718
0.12671184539794922, 10717
0.12671184539794922, 10716
0.12771201133728027, 10715
0.12771201133728027, 10714
0.12771201133728027, 10713
0.4688224792480469, 10712
0.4688224792480469, 10711
0.4688224792480469, 10710
0.4688224792480469, 10709
0.4688224792480469, 10708
0.4688224792480469, 10707
0.4688224792480469, 10706
0.4688224792480469, 10705
0.46982264518737793, 10704
0.46982264518737793, 10703
0.46982264518737793, 10702
0.46982264518737793, 10701
0.46982264518737793, 10700
0.46982264518737793, 10699
0.46982264518737793, 10698
0.46982264518737793, 10697
0.46982264518737793, 10696
0.46982264518737793, 10695
0.46982264518737793, 10694
0.46982264518737793, 10693
0.46982264518737793, 10692
0.46982264518737793, 10691
0.46982264518737793, 10690
0.46982264518737793, 10689
0.46982264518737793, 10688
0.4708223342895508, 10687
0.4708223342895508, 10686
0.4708223342895508, 10685
0.4708223342895508, 10684
0.4708223342895508, 10683
0.4708223342895508, 10682
0.4708223342895508, 10681
0.4708223342895508, 10680
0.4708223342895508, 10679
0.4708223342895508, 10678
0.4708223342895508, 10677
0.4708223342895508, 10676
0.4708223342895508, 10675
0.4708223342895508, 10674
0.4708223342895508, 10673
0.4708223342895508, 10672
0.4708223342895508, 10671
0.47182226181030273, 10670
0.47182226181030273, 10669
0.47182226181030273, 10668
0.47200536727905273, 10667
0.47200536727905273, 10666
0.47200536727905273, 10665
0.47200536727905273, 10664
0.47200536727905273, 10663
0.47200536727905273, 10662
0.47200536727905273, 10661
0.47200536727905273, 10660
0.47200536727905273, 10659
0.47200536727905273, 10658
0.47200536727905273, 10657
3.064188241958618, 10656
3.064188241958618, 10655
3.064188241958618, 10654
3.064188241958618, 10653
3.065195083618164, 10652
3.065195083618164, 10651
3.065195083618164, 10650
3.065195083618164, 10649
3.065195083618164, 10648
3.065195083618164, 10647
3.065195083618164, 10646
3.065195083618164, 10645
3.065195083618164, 10644
3.066195249557495, 10643
3.066195249557495, 10642
3.066195249557495, 10641
3.066195249557495, 10640
3.066195249557495, 10639
3.066195249557495, 10638
3.066195249557495, 10637
3.066195249557495, 10636
3.067196846008301, 10635
3.067196846008301, 10634
3.067196846008301, 10633
3.067196846008301, 10632
3.067196846008301, 10631
3.067196846008301, 10630
3.067196846008301, 10629
3.067196846008301, 10628
4.742352485656738, 10627
4.742352485656738, 10626
4.742352485656738, 10625
4.742352485656738, 10624
4.742352485656738, 10623
4.742352485656738, 10622
4.742352485656738, 10621
4.742352485656738, 10620
4.742352485656738, 10619
4.742352485656738, 10618
4.742352485656738, 10617
4.74335241317749, 10616
4.74335241317749, 10615
4.74335241317749, 10614
4.74335241317749, 10613
4.74335241317749, 10612
4.74335241317749, 10611
4.74335241317749, 10610
4.74335241317749, 10609
4.74335241317749, 10608
4.74335241317749, 10607
4.74335241317749, 10606
4.74335241317749, 10605
4.74335241317749, 10604
4.74335241317749, 10603
4.74335241317749, 10602
4.981790542602539, 10601
4.981790542602539, 10600
4.981790542602539, 10599
4.982791423797607, 10598
4.982791423797607, 10597
7.4762349128723145, 10596
7.477234840393066, 10595
7.477234840393066, 10594
7.477234840393066, 10593
7.477234840393066, 10592
7.4774885177612305, 10591
7.4774885177612305, 10590
7.4774885177612305, 10589
7.4774885177612305, 10588
7.4774885177612305, 10587
7.4774885177612305, 10586
7.4774885177612305, 10585
7.4774885177612305, 10584
7.4774885177612305, 10583
7.4774885177612305, 10582
7.4774885177612305, 10581
7.4774885177612305, 10580
7.478237628936768, 10579
7.478237628936768, 10578
7.478237628936768, 10577
7.478237628936768, 10576
7.478237628936768, 10575
7.478237628936768, 10574
7.478237628936768, 10573
7.478237628936768, 10572
7.478237628936768, 10571
7.478237628936768, 10570
7.478237628936768, 10569
7.478237628936768, 10568
7.478237628936768, 10567
7.478237628936768, 10566
7.478237628936768, 10565
7.478237628936768, 10564
7.479235887527466, 10563
7.479235887527466, 10562
7.479235887527466, 10561
7.479235887527466, 10560
7.479235887527466, 10559
7.479235887527466, 10558
7.479235887527466, 10557
7.479235887527466, 10556
7.479235887527466, 10555
