0.11415338516235352, 11013
0.11415338516235352, 11012
0.11415338516235352, 11011
0.11415338516235352, 11010
0.11415338516235352, 11009
0.11415338516235352, 11008
0.11415338516235352, 11007
0.11415338516235352, 11006
0.11515331268310547, 11005
0.11515331268310547, 11004
0.11515331268310547, 11003
0.11515331268310547, 11002
0.11515331268310547, 11001
0.11515331268310547, 11000
0.11515331268310547, 10999
0.11515331268310547, 10998
0.11515331268310547, 10997
0.11515331268310547, 10996
0.11515331268310547, 10995
0.11515331268310547, 10994
0.11515331268310547, 10993
0.11515331268310547, 10992
0.11515331268310547, 10991
0.11515331268310547, 10990
0.11515331268310547, 10989
0.11615419387817383, 10988
0.11620545387268066, 10987
0.11620545387268066, 10986
0.11620545387268066, 10985
0.11620545387268066, 10984
0.11620545387268066, 10983
0.11620545387268066, 10982
0.11620545387268066, 10981
0.11620545387268066, 10980
0.11620545387268066, 10979
0.11620545387268066, 10978
0.11620545387268066, 10977
0.11620545387268066, 10976
0.11620545387268066, 10975
0.11620545387268066, 10974
0.1171562671661377, 10973
0.1171562671661377, 10972
0.1171562671661377, 10971
0.1171562671661377, 10970
0.1171562671661377, 10969
0.1171562671661377, 10968
0.1171562671661377, 10967
0.1171562671661377, 10966
0.1171562671661377, 10965
0.1171562671661377, 10964
0.1171562671661377, 10963
0.1171562671661377, 10962
0.1171562671661377, 10961
0.1171562671661377, 10960
0.1171562671661377, 10959
0.1171562671661377, 10958
0.11815500259399414, 10957
0.11815500259399414, 10956
0.11815500259399414, 10955
0.11815500259399414, 10954
0.11815500259399414, 10953
0.11815500259399414, 10952
0.11815500259399414, 10951
0.11815500259399414, 10950
0.11815500259399414, 10949
0.11815500259399414, 10948
0.11815500259399414, 10947
0.11815500259399414, 10946
0.11815500259399414, 10945
0.11815500259399414, 10944
0.11815500259399414, 10943
0.11815500259399414, 10942
0.11815500259399414, 10941
0.11815500259399414, 10940
0.11915421485900879, 10939
0.11915421485900879, 10938
0.11915421485900879, 10937
0.11915421485900879, 10936
0.11915421485900879, 10935
0.11915421485900879, 10934
0.11915421485900879, 10933
0.11915421485900879, 10932
0.11915421485900879, 10931
0.11915421485900879, 10930
0.11915421485900879, 10929
0.11915421485900879, 10928
0.11915421485900879, 10927
0.11915421485900879, 10926
0.11915421485900879, 10925
0.11915421485900879, 10924
0.12015509605407715, 10923
0.12015509605407715, 10922
0.12015509605407715, 10921
0.12015509605407715, 10920
0.12015509605407715, 10919
0.12015509605407715, 10918
0.12015509605407715, 10917
0.12015509605407715, 10916
0.12015509605407715, 10915
0.12015509605407715, 10914
0.12015509605407715, 10913
0.12015509605407715, 10912
0.12015509605407715, 10911
0.12015509605407715, 10910
0.12015509605407715, 10909
0.12015509605407715, 10908
0.12015509605407715, 10907
0.1211545467376709, 10906
0.1211545467376709, 10905
0.1211545467376709, 10904
0.1211545467376709, 10903
0.1211545467376709, 10902
0.1211545467376709, 10901
0.1211545467376709, 10900
0.1211545467376709, 10899
0.1211545467376709, 10898
0.1211545467376709, 10897
0.1211545467376709, 10896
0.1211545467376709, 10895
0.1211545467376709, 10894
0.1211545467376709, 10893
0.1211545467376709, 10892
0.12215471267700195, 10891
0.12215471267700195, 10890
0.12215471267700195, 10889
0.12215471267700195, 10888
0.12215471267700195, 10887
0.12215471267700195, 10886
0.12215471267700195, 10885
0.12215471267700195, 10884
0.12215471267700195, 10883
0.12215471267700195, 10882
0.12215471267700195, 10881
0.12215471267700195, 10880
0.12215471267700195, 10879
0.12215471267700195, 10878
0.12215471267700195, 10877
0.12215471267700195, 10876
0.12315559387207031, 10875
0.12315559387207031, 10874
0.12315559387207031, 10873
0.12315559387207031, 10872
0.12315559387207031, 10871
0.12315559387207031, 10870
0.12315559387207031, 10869
0.12315559387207031, 10868
0.12315559387207031, 10867
0.48215174674987793, 10866
0.48215174674987793, 10865
0.48215174674987793, 10864
0.4831526279449463, 10863
0.4831526279449463, 10862
0.4831526279449463, 10861
0.4831526279449463, 10860
0.4831526279449463, 10859
0.4831526279449463, 10858
0.4831526279449463, 10857
0.4831526279449463, 10856
0.4831526279449463, 10855
0.4831526279449463, 10854
0.4831526279449463, 10853
0.4831526279449463, 10852
0.4831526279449463, 10851
0.4831526279449463, 10850
0.4831526279449463, 10849
0.4831526279449463, 10848
0.4831526279449463, 10847
0.4831526279449463, 10846
0.48415422439575195, 10845
0.48415422439575195, 10844
0.48415422439575195, 10843
0.48415422439575195, 10842
0.48415422439575195, 10841
0.48415422439575195, 10840
0.48415422439575195, 10839
0.48415422439575195, 10838
0.48415422439575195, 10837
0.48415422439575195, 10836
0.48415422439575195, 10835
0.48415422439575195, 10834
0.48415422439575195, 10833
0.48415422439575195, 10832
0.48415422439575195, 10831
0.48415422439575195, 10830
0.48415422439575195, 10829
0.4851529598236084, 10828
0.4851529598236084, 10827
0.4851529598236084, 10826
0.4851529598236084, 10825
0.4851529598236084, 10824
0.4851529598236084, 10823
0.4851529598236084, 10822
0.4851529598236084, 10821
0.4851529598236084, 10820
0.4851529598236084, 10819
0.4851529598236084, 10818
0.4851529598236084, 10817
0.4851529598236084, 10816
0.4851529598236084, 10815
0.4851529598236084, 10814
0.4851529598236084, 10813
0.4851529598236084, 10812
0.48615288734436035, 10811
0.48615288734436035, 10810
0.48615288734436035, 10809
0.48615288734436035, 10808
0.48615288734436035, 10807
0.48615288734436035, 10806
0.48615288734436035, 10805
0.48615288734436035, 10804
0.48615288734436035, 10803
0.48615288734436035, 10802
0.48615288734436035, 10801
0.48615288734436035, 10800
0.48615288734436035, 10799
0.48615288734436035, 10798
0.48615288734436035, 10797
0.48615288734436035, 10796
0.48615288734436035, 10795
0.4871511459350586, 10794
0.4871511459350586, 10793
0.4871511459350586, 10792
0.4871511459350586, 10791
0.4871511459350586, 10790
0.4871511459350586, 10789
0.4871511459350586, 10788
0.4871511459350586, 10787
0.4871511459350586, 10786
0.4871511459350586, 10785
0.4871511459350586, 10784
0.4871511459350586, 10783
0.4871511459350586, 10782
0.4871511459350586, 10781
0.4871511459350586, 10780
0.4871511459350586, 10779
0.48815083503723145, 10778
0.48815083503723145, 10777
0.48815083503723145, 10776
0.48815083503723145, 10775
0.48815083503723145, 10774
0.48815083503723145, 10773
0.48815083503723145, 10772
0.48815083503723145, 10771
0.48815083503723145, 10770
0.48815083503723145, 10769
0.48815083503723145, 10768
0.48815083503723145, 10767
0.48815083503723145, 10766
0.48815083503723145, 10765
0.48815083503723145, 10764
0.48815083503723145, 10763
0.48815083503723145, 10762
0.4891507625579834, 10761
0.4891507625579834, 10760
0.4891507625579834, 10759
0.4891507625579834, 10758
0.4891507625579834, 10757
0.4891507625579834, 10756
0.4891507625579834, 10755
0.4891507625579834, 10754
0.4891507625579834, 10753
0.4891507625579834, 10752
0.4891507625579834, 10751
0.4891507625579834, 10750
0.4891507625579834, 10749
0.4891507625579834, 10748
0.4891507625579834, 10747
0.4891507625579834, 10746
0.4891507625579834, 10745
0.49015092849731445, 10744
0.49015092849731445, 10743
0.49015092849731445, 10742
0.6081891059875488, 10741
0.6081891059875488, 10740
0.6081891059875488, 10739
0.6081891059875488, 10738
0.6081891059875488, 10737
0.6081891059875488, 10736
0.6081891059875488, 10735
0.6081891059875488, 10734
0.6081891059875488, 10733
0.6081891059875488, 10732
0.6081891059875488, 10731
0.6081891059875488, 10730
0.6081891059875488, 10729
0.6081891059875488, 10728
0.6081891059875488, 10727
0.6081891059875488, 10726
0.6081891059875488, 10725
0.6091887950897217, 10724
0.6091887950897217, 10723
0.6091887950897217, 10722
0.6091887950897217, 10721
0.6091887950897217, 10720
0.6091887950897217, 10719
0.6091887950897217, 10718
0.6091887950897217, 10717
0.6091887950897217, 10716
0.6091887950897217, 10715
0.6091887950897217, 10714
0.6091887950897217, 10713
0.6091887950897217, 10712
0.6091887950897217, 10711
0.6091887950897217, 10710
0.6091887950897217, 10709
0.6091887950897217, 10708
0.6091887950897217, 10707
0.6101889610290527, 10706
0.6101889610290527, 10705
0.6101889610290527, 10704
0.6101889610290527, 10703
0.6101889610290527, 10702
0.6101889610290527, 10701
0.6101889610290527, 10700
0.6101889610290527, 10699
0.6101889610290527, 10698
0.6101889610290527, 10697
0.6101889610290527, 10696
0.6101889610290527, 10695
0.6101889610290527, 10694
0.6101889610290527, 10693
0.6101889610290527, 10692
0.6101889610290527, 10691
0.6110942363739014, 10690
0.6111903190612793, 10689
0.6111903190612793, 10688
0.6111903190612793, 10687
0.6111903190612793, 10686
0.6111903190612793, 10685
0.6111903190612793, 10684
0.6111903190612793, 10683
2.8231754302978516, 10682
2.8231754302978516, 10681
2.8231754302978516, 10680
2.8231754302978516, 10679
2.8231754302978516, 10678
2.8231754302978516, 10677
2.8231754302978516, 10676
2.8241751194000244, 10675
2.8241751194000244, 10674
2.8241751194000244, 10673
2.8241751194000244, 10672
2.8241751194000244, 10671
2.8241751194000244, 10670
2.8241751194000244, 10669
2.8241751194000244, 10668
2.8241751194000244, 10667
2.8241751194000244, 10666
2.8241751194000244, 10665
2.8241751194000244, 10664
2.8241751194000244, 10663
2.8241751194000244, 10662
2.8241751194000244, 10661
2.8251757621765137, 10660
2.8251757621765137, 10659
2.8251757621765137, 10658
2.8251757621765137, 10657
2.8251757621765137, 10656
2.8251757621765137, 10655
2.8251757621765137, 10654
2.8251757621765137, 10653
2.8251757621765137, 10652
2.8251757621765137, 10651
2.8251757621765137, 10650
2.8251757621765137, 10649
2.8251757621765137, 10648
2.8251757621765137, 10647
2.8251757621765137, 10646
2.8251757621765137, 10645
2.8261752128601074, 10644
2.8261752128601074, 10643
2.8261752128601074, 10642
2.8261752128601074, 10641
2.8261752128601074, 10640
2.8261752128601074, 10639
2.8261752128601074, 10638
2.8261752128601074, 10637
2.8261752128601074, 10636
2.8261752128601074, 10635
2.826766014099121, 10634
2.826766014099121, 10633
2.826766014099121, 10632
2.826766014099121, 10631
2.826766014099121, 10630
2.826766014099121, 10629
2.826766014099121, 10628
2.826766014099121, 10627
2.8272716999053955, 10626
2.8272716999053955, 10625
2.8272716999053955, 10624
2.8272716999053955, 10623
2.8272716999053955, 10622
2.8272716999053955, 10621
2.8272716999053955, 10620
2.8272716999053955, 10619
2.8272716999053955, 10618
2.8272716999053955, 10617
2.8272716999053955, 10616
2.8272716999053955, 10615
2.8272716999053955, 10614
2.8272716999053955, 10613
2.8272716999053955, 10612
2.8272716999053955, 10611
2.8272716999053955, 10610
2.8282790184020996, 10609
5.354218006134033, 10605
5.354379653930664, 10604
5.354379653930664, 10603
5.354379653930664, 10602
5.354379653930664, 10601
5.354379653930664, 10600
5.354379653930664, 10599
5.354379653930664, 10598
5.354379653930664, 10597
5.354379653930664, 10596
5.354379653930664, 10595
5.354379653930664, 10594
5.354379653930664, 10593
5.354379653930664, 10592
5.354379653930664, 10591
5.355217695236206, 10590
5.355217695236206, 10589
5.355217695236206, 10588
5.355217695236206, 10587
5.355217695236206, 10586
5.355217695236206, 10585
5.355217695236206, 10584
5.355217695236206, 10583
5.355217695236206, 10582
5.355217695236206, 10581
5.355217695236206, 10580
5.355217695236206, 10579
5.355217695236206, 10578
5.355217695236206, 10577
5.355217695236206, 10576
5.355217695236206, 10575
5.356217861175537, 10574
5.356217861175537, 10573
5.356217861175537, 10572
5.356217861175537, 10571
5.356217861175537, 10570
5.356217861175537, 10569
5.356217861175537, 10568
5.356217861175537, 10567
5.356217861175537, 10566
5.356217861175537, 10565
5.356217861175537, 10564
5.356217861175537, 10563
5.356217861175537, 10562
5.356217861175537, 10561
5.356217861175537, 10560
5.356217861175537, 10559
5.357217788696289, 10558
5.357217788696289, 10557
5.357217788696289, 10556
5.357217788696289, 10555
5.357217788696289, 10554
5.357217788696289, 10553
5.357217788696289, 10552
5.357217788696289, 10551
5.357217788696289, 10550
5.357217788696289, 10549
5.357217788696289, 10548
5.357217788696289, 10547
5.357217788696289, 10546
5.357217788696289, 10545
5.357217788696289, 10544
5.357217788696289, 10543
5.35821795463562, 10542
5.35821795463562, 10541
5.35821795463562, 10540
5.35821795463562, 10539
5.35821795463562, 10538
5.35821795463562, 10537
5.35821795463562, 10536
5.35821795463562, 10535
5.35821795463562, 10534
5.35821795463562, 10533
5.35821795463562, 10532
5.35821795463562, 10531
5.35821795463562, 10530
