0.1141209602355957, 10925
0.11511969566345215, 10924
0.11511969566345215, 10923
0.11511969566345215, 10922
0.11511969566345215, 10921
0.11511969566345215, 10920
0.11511969566345215, 10919
0.11511969566345215, 10918
0.11511969566345215, 10917
0.11511969566345215, 10916
0.11511969566345215, 10915
0.11511969566345215, 10914
0.11511969566345215, 10913
0.11511969566345215, 10912
0.11511969566345215, 10911
0.11511969566345215, 10910
0.11511969566345215, 10909
0.11511969566345215, 10908
0.1161203384399414, 10907
0.1161203384399414, 10906
0.1161203384399414, 10905
0.1161203384399414, 10904
0.1161203384399414, 10903
0.1161203384399414, 10902
0.1161203384399414, 10901
0.1161203384399414, 10900
0.1161203384399414, 10899
0.1161203384399414, 10898
0.1161203384399414, 10897
0.1161203384399414, 10896
0.1161203384399414, 10895
0.1161203384399414, 10894
0.1161203384399414, 10893
0.1161203384399414, 10892
0.11712074279785156, 10891
0.11712074279785156, 10890
0.11712074279785156, 10889
0.11712074279785156, 10888
0.11712074279785156, 10887
0.11712074279785156, 10886
0.11712074279785156, 10885
0.11712074279785156, 10884
0.11712074279785156, 10883
0.11712074279785156, 10882
0.11712074279785156, 10881
0.11712074279785156, 10880
0.11712074279785156, 10879
0.11712074279785156, 10878
0.11712074279785156, 10877
0.11812114715576172, 10876
0.11812114715576172, 10875
0.11812114715576172, 10874
0.11812114715576172, 10873
0.11812114715576172, 10872
0.11812114715576172, 10871
0.11812114715576172, 10870
0.11812114715576172, 10869
0.11812114715576172, 10868
0.11812114715576172, 10867
0.11812114715576172, 10866
0.11812114715576172, 10865
0.11812114715576172, 10864
0.11812114715576172, 10863
0.11812114715576172, 10862
0.11812114715576172, 10861
0.11912322044372559, 10860
0.11912322044372559, 10859
0.11912322044372559, 10858
0.11912322044372559, 10857
0.11912322044372559, 10856
0.11912322044372559, 10855
0.11912322044372559, 10854
0.11912322044372559, 10853
0.11912322044372559, 10852
0.11912322044372559, 10851
0.11912322044372559, 10850
0.11912322044372559, 10849
0.11912322044372559, 10848
0.11912322044372559, 10847
0.11912322044372559, 10846
0.11912322044372559, 10845
0.11912322044372559, 10844
0.12012076377868652, 10843
0.12012076377868652, 10842
0.12012076377868652, 10841
0.12012076377868652, 10840
0.12012076377868652, 10839
0.12012076377868652, 10838
0.12012076377868652, 10837
0.12012076377868652, 10836
0.12012076377868652, 10835
0.12012076377868652, 10834
0.12012076377868652, 10833
0.12012076377868652, 10832
0.12012076377868652, 10831
0.12012076377868652, 10830
0.12012076377868652, 10829
0.12012076377868652, 10828
0.12112045288085938, 10827
0.12112045288085938, 10826
0.12112045288085938, 10825
0.12112045288085938, 10824
0.12112045288085938, 10823
0.12112045288085938, 10822
0.12112045288085938, 10821
0.12112045288085938, 10820
0.12112045288085938, 10819
0.12112045288085938, 10818
0.12112045288085938, 10817
0.12112045288085938, 10816
0.12112045288085938, 10815
0.12112045288085938, 10814
0.12112045288085938, 10813
0.12112045288085938, 10812
0.12212109565734863, 10811
0.12212109565734863, 10810
0.12212109565734863, 10809
0.12212109565734863, 10808
0.12212109565734863, 10807
0.12212109565734863, 10806
0.12212109565734863, 10805
0.12212109565734863, 10804
0.12212109565734863, 10803
0.12212109565734863, 10802
0.12212109565734863, 10801
0.12212109565734863, 10800
0.12212109565734863, 10799
0.12212109565734863, 10798
0.12212109565734863, 10797
0.12311887741088867, 10796
0.12311887741088867, 10795
0.12311887741088867, 10794
0.12311887741088867, 10793
0.12311887741088867, 10792
0.12311887741088867, 10791
0.12311887741088867, 10790
0.12311887741088867, 10789
0.12311887741088867, 10788
0.12311887741088867, 10787
0.12311887741088867, 10786
0.12311887741088867, 10785
0.12311887741088867, 10784
0.12311887741088867, 10783
0.12311887741088867, 10782
0.12311887741088867, 10781
0.12411856651306152, 10780
0.12411856651306152, 10779
0.12411856651306152, 10778
0.12411856651306152, 10777
0.12411856651306152, 10776
0.12411856651306152, 10775
0.12411856651306152, 10774
0.12411856651306152, 10773
0.12411856651306152, 10772
0.12411856651306152, 10771
0.12411856651306152, 10770
0.12411856651306152, 10769
0.12411856651306152, 10768
0.12411856651306152, 10767
0.12411856651306152, 10766
0.12511873245239258, 10765
0.12511873245239258, 10764
0.12511873245239258, 10763
0.12511873245239258, 10762
0.12511873245239258, 10761
0.12511873245239258, 10760
0.12511873245239258, 10759
0.12511873245239258, 10758
0.12511873245239258, 10757
0.12511873245239258, 10756
0.12511873245239258, 10755
0.12511873245239258, 10754
0.12511873245239258, 10753
0.12511873245239258, 10752
0.12511873245239258, 10751
0.12611865997314453, 10750
0.12611865997314453, 10749
0.12611865997314453, 10748
0.12611865997314453, 10747
0.12611865997314453, 10746
0.12611865997314453, 10745
0.12611865997314453, 10744
0.12611865997314453, 10743
0.12611865997314453, 10742
0.12611865997314453, 10741
0.12611865997314453, 10740
0.12611865997314453, 10739
0.12611865997314453, 10738
0.12611865997314453, 10737
0.12611865997314453, 10736
0.12711834907531738, 10735
0.12711834907531738, 10734
0.12711834907531738, 10733
0.12711834907531738, 10732
0.12711834907531738, 10731
0.12711834907531738, 10730
0.12711834907531738, 10729
0.12711834907531738, 10728
0.12711834907531738, 10727
0.12711834907531738, 10726
0.12711834907531738, 10725
0.12711834907531738, 10724
0.12711834907531738, 10723
0.12711834907531738, 10722
0.12711834907531738, 10721
0.12812209129333496, 10720
0.12812209129333496, 10719
0.12812209129333496, 10718
0.12812209129333496, 10717
0.12812209129333496, 10716
0.12812209129333496, 10715
0.12812209129333496, 10714
0.12812209129333496, 10713
0.12812209129333496, 10712
0.12812209129333496, 10711
0.12812209129333496, 10710
0.12812209129333496, 10709
0.12812209129333496, 10708
0.12812209129333496, 10707
0.1291208267211914, 10706
0.1291208267211914, 10705
0.1291208267211914, 10704
0.1291208267211914, 10703
0.1291208267211914, 10702
0.1291208267211914, 10701
0.1291208267211914, 10700
0.1291208267211914, 10699
0.1291208267211914, 10698
0.1291208267211914, 10697
0.1291208267211914, 10696
0.1291208267211914, 10695
0.1291208267211914, 10694
0.1291208267211914, 10693
0.9821920394897461, 10692
0.9821920394897461, 10691
0.9821920394897461, 10690
0.9821920394897461, 10689
0.9821920394897461, 10688
0.9821920394897461, 10687
0.9821920394897461, 10686
0.9821920394897461, 10685
0.9821920394897461, 10684
0.9832162857055664, 10683
0.9832162857055664, 10682
0.9832162857055664, 10681
0.9832162857055664, 10680
0.9832162857055664, 10679
0.9832162857055664, 10678
0.9832162857055664, 10677
0.9832162857055664, 10676
0.9832162857055664, 10675
0.9832162857055664, 10674
0.9842159748077393, 10673
0.9842159748077393, 10672
0.9845402240753174, 10671
0.9845402240753174, 10670
0.9845402240753174, 10669
0.9845402240753174, 10668
0.9845402240753174, 10667
0.9845402240753174, 10666
0.9845402240753174, 10665
0.9852194786071777, 10664
0.9852194786071777, 10663
0.9852194786071777, 10662
0.9852194786071777, 10661
0.9852194786071777, 10660
0.9852194786071777, 10659
0.9852194786071777, 10658
0.9852194786071777, 10657
0.9852194786071777, 10656
0.9852194786071777, 10655
0.986217737197876, 10654
0.986217737197876, 10653
0.986217737197876, 10652
0.986217737197876, 10651
0.986217737197876, 10650
0.986217737197876, 10649
0.986217737197876, 10648
0.986217737197876, 10647
0.9872207641601562, 10646
0.9872207641601562, 10645
0.9872207641601562, 10644
0.9872207641601562, 10643
0.9872207641601562, 10642
0.9872207641601562, 10641
0.9872207641601562, 10640
0.9872207641601562, 10639
0.9872207641601562, 10638
0.9882223606109619, 10637
0.9882223606109619, 10636
0.9882223606109619, 10635
0.9882223606109619, 10634
0.9882223606109619, 10633
0.9882223606109619, 10632
0.9882223606109619, 10631
0.9882223606109619, 10630
0.9882223606109619, 10629
0.9892177581787109, 10628
0.9892177581787109, 10627
0.9892177581787109, 10626
0.9892177581787109, 10625
0.9892177581787109, 10624
0.9892177581787109, 10623
0.9892177581787109, 10622
0.9892177581787109, 10621
0.9892177581787109, 10620
0.9892177581787109, 10619
0.9892177581787109, 10618
0.9902188777923584, 10617
0.9902188777923584, 10616
0.9902188777923584, 10615
0.9902188777923584, 10614
0.9902188777923584, 10613
0.9902188777923584, 10612
0.9902188777923584, 10611
0.9902188777923584, 10610
0.9902188777923584, 10609
0.9912195205688477, 10608
0.9912195205688477, 10607
0.9912195205688477, 10606
0.9912195205688477, 10605
0.9912195205688477, 10604
0.9912195205688477, 10603
0.9912195205688477, 10602
0.9912195205688477, 10601
0.9912195205688477, 10600
0.9922184944152832, 10599
0.9922184944152832, 10598
0.9922184944152832, 10597
0.9922184944152832, 10596
0.9922184944152832, 10595
0.9922184944152832, 10594
0.9922184944152832, 10593
0.9922184944152832, 10592
0.9922184944152832, 10591
0.9932191371917725, 10590
0.9932191371917725, 10589
0.9932191371917725, 10588
0.9932191371917725, 10587
0.9937276840209961, 10586
0.9937276840209961, 10585
0.9937276840209961, 10584
0.9937276840209961, 10583
0.9937276840209961, 10582
0.9937276840209961, 10581
0.9937276840209961, 10580
0.9937276840209961, 10579
0.9937276840209961, 10578
0.9937276840209961, 10577
0.9947390556335449, 10576
0.9947390556335449, 10575
0.9947390556335449, 10574
0.9947390556335449, 10573
0.9947390556335449, 10572
0.9947390556335449, 10571
0.9947390556335449, 10570
0.9947390556335449, 10569
0.9947390556335449, 10568
0.9947390556335449, 10567
0.9947390556335449, 10566
0.9947390556335449, 10565
0.9947390556335449, 10564
0.9947390556335449, 10563
0.9947390556335449, 10562
0.9957375526428223, 10561
0.9957375526428223, 10560
0.9957375526428223, 10559
0.9957375526428223, 10558
0.9957375526428223, 10557
0.9957375526428223, 10556
0.9957375526428223, 10555
0.9957375526428223, 10554
0.9957375526428223, 10553
0.9957375526428223, 10552
0.9957375526428223, 10551
0.9957375526428223, 10550
0.9957375526428223, 10549
0.9957375526428223, 10548
0.9957375526428223, 10547
0.9967672824859619, 10546
0.9967672824859619, 10545
0.9967672824859619, 10544
0.9967672824859619, 10543
0.9967672824859619, 10542
0.9967672824859619, 10541
0.9967672824859619, 10540
0.9967672824859619, 10539
0.9967672824859619, 10538
0.9967672824859619, 10537
0.9967672824859619, 10536
0.9967672824859619, 10535
0.9967672824859619, 10534
0.9967672824859619, 10533
0.9967672824859619, 10532
0.9967672824859619, 10531
0.9977748394012451, 10530
0.9977748394012451, 10529
0.9977748394012451, 10528
0.9977748394012451, 10527
0.9977748394012451, 10526
0.9977748394012451, 10525
0.9977748394012451, 10524
0.9977748394012451, 10523
0.9977748394012451, 10522
0.9977748394012451, 10521
0.9977748394012451, 10520
0.9977748394012451, 10519
0.9977748394012451, 10518
0.9977748394012451, 10517
0.9977748394012451, 10516
3.9363455772399902, 10456
3.9363455772399902, 10455
3.9363455772399902, 10454
