0.2040107250213623, 14051
0.2040107250213623, 14050
0.2040107250213623, 14049
0.2040107250213623, 14048
0.2040107250213623, 14047
0.2040107250213623, 14046
0.2040107250213623, 14045
0.2040107250213623, 14044
0.2040107250213623, 14043
0.2040107250213623, 14042
0.20501065254211426, 14041
0.20501065254211426, 14040
0.20501065254211426, 14039
0.20501065254211426, 14038
0.20501065254211426, 14037
0.20501065254211426, 14036
0.20501065254211426, 14035
0.20501065254211426, 14034
0.20501065254211426, 14033
0.20501065254211426, 14032
0.20501065254211426, 14031
0.20501065254211426, 14030
0.20501065254211426, 14029
0.20501065254211426, 14028
0.20501065254211426, 14027
0.2060089111328125, 14026
0.2060089111328125, 14025
0.20610260963439941, 14024
0.20610260963439941, 14023
0.20610260963439941, 14022
0.20610260963439941, 14021
0.20610260963439941, 14020
0.20610260963439941, 14019
0.20610260963439941, 14018
0.20610260963439941, 14017
0.20610260963439941, 14016
0.20610260963439941, 14015
0.20610260963439941, 14014
0.20610260963439941, 14013
0.20610260963439941, 14012
0.20700979232788086, 14011
0.20700979232788086, 14010
0.20700979232788086, 14009
0.20700979232788086, 14008
0.20700979232788086, 14007
0.20700979232788086, 14006
0.20700979232788086, 14005
0.20700979232788086, 14004
0.20700979232788086, 14003
0.20700979232788086, 14002
0.20700979232788086, 14001
0.20700979232788086, 14000
0.20700979232788086, 13999
0.20700979232788086, 13998
0.20700979232788086, 13997
0.20700979232788086, 13996
0.20801091194152832, 13995
0.20801091194152832, 13994
0.20801091194152832, 13993
0.20801091194152832, 13992
0.20801091194152832, 13991
0.20801091194152832, 13990
0.20801091194152832, 13989
0.20801091194152832, 13988
0.20801091194152832, 13987
0.20801091194152832, 13986
0.20801091194152832, 13985
0.20801091194152832, 13984
0.20801091194152832, 13983
0.20801091194152832, 13982
0.20900869369506836, 13981
0.20900869369506836, 13980
0.20900869369506836, 13979
0.20900869369506836, 13978
0.20900869369506836, 13977
0.20900869369506836, 13976
0.20900869369506836, 13975
0.20900869369506836, 13974
0.20900869369506836, 13973
0.20900869369506836, 13972
0.20900869369506836, 13971
0.20900869369506836, 13970
0.20900869369506836, 13969
0.20900869369506836, 13968
0.20900869369506836, 13967
0.21000933647155762, 13966
0.21000933647155762, 13965
0.21000933647155762, 13964
0.21000933647155762, 13963
0.21000933647155762, 13962
0.21000933647155762, 13961
0.21000933647155762, 13960
0.21000933647155762, 13959
0.21000933647155762, 13958
0.21000933647155762, 13957
0.21000933647155762, 13956
0.21000933647155762, 13955
0.21000933647155762, 13954
0.21000933647155762, 13953
0.21000933647155762, 13952
0.21100902557373047, 13951
0.21100902557373047, 13950
0.21100902557373047, 13949
0.21100902557373047, 13948
0.21100902557373047, 13947
0.21100902557373047, 13946
0.21100902557373047, 13945
0.21100902557373047, 13944
0.21100902557373047, 13943
0.21159911155700684, 13942
0.21159911155700684, 13941
0.21159911155700684, 13940
0.21159911155700684, 13939
0.21159911155700684, 13938
0.21159911155700684, 13937
0.21200966835021973, 13936
0.21200966835021973, 13935
0.21200966835021973, 13934
0.21200966835021973, 13933
0.21200966835021973, 13932
0.21200966835021973, 13931
0.21200966835021973, 13930
0.21200966835021973, 13929
0.21200966835021973, 13928
0.21200966835021973, 13927
0.21200966835021973, 13926
0.21200966835021973, 13925
0.21200966835021973, 13924
0.21200966835021973, 13923
0.21200966835021973, 13922
0.21300864219665527, 13921
0.21300864219665527, 13920
0.21300864219665527, 13919
0.21300864219665527, 13918
0.21300864219665527, 13917
0.21300864219665527, 13916
0.21300864219665527, 13915
0.21300864219665527, 13914
0.21300864219665527, 13913
0.21300864219665527, 13912
0.21300864219665527, 13911
0.21300864219665527, 13910
0.21300864219665527, 13909
0.21300864219665527, 13908
0.21300864219665527, 13907
0.21400952339172363, 13906
0.21400952339172363, 13905
0.21400952339172363, 13904
0.21400952339172363, 13903
0.21400952339172363, 13902
0.21400952339172363, 13901
0.21400952339172363, 13900
0.21400952339172363, 13899
0.21400952339172363, 13898
0.21400952339172363, 13897
0.21400952339172363, 13896
0.21400952339172363, 13895
0.21400952339172363, 13894
0.21400952339172363, 13893
0.21400952339172363, 13892
0.2150096893310547, 13891
0.2150096893310547, 13890
0.2150096893310547, 13889
0.2150096893310547, 13888
0.2150096893310547, 13887
0.2150096893310547, 13886
0.2150096893310547, 13885
0.2150096893310547, 13884
0.2150096893310547, 13883
0.2150096893310547, 13882
0.2150096893310547, 13881
0.2150096893310547, 13880
0.2150096893310547, 13879
0.2150096893310547, 13878
0.2150096893310547, 13877
0.21600914001464844, 13876
0.21600914001464844, 13875
0.21600914001464844, 13874
0.21600914001464844, 13873
0.21600914001464844, 13872
0.21600914001464844, 13871
0.21600914001464844, 13870
0.21600914001464844, 13869
0.21600914001464844, 13868
0.21600914001464844, 13867
0.21600914001464844, 13866
0.21600914001464844, 13865
0.21600914001464844, 13864
0.21600914001464844, 13863
0.21600914001464844, 13862
0.2170088291168213, 13861
0.2170088291168213, 13860
0.2170088291168213, 13859
0.2170088291168213, 13858
0.2170088291168213, 13857
0.2170088291168213, 13856
0.2170088291168213, 13855
0.2170088291168213, 13854
0.2170088291168213, 13853
0.2170088291168213, 13852
0.2170088291168213, 13851
0.2170088291168213, 13850
0.2170088291168213, 13849
0.2170088291168213, 13848
0.2170088291168213, 13847
0.21800971031188965, 13846
0.21800971031188965, 13845
1.1148681640625, 13844
1.1148681640625, 13843
1.1148681640625, 13842
1.1148681640625, 13841
1.1148681640625, 13840
1.1148681640625, 13839
1.1148681640625, 13838
1.1148681640625, 13837
1.1148681640625, 13836
1.1148681640625, 13835
1.1158678531646729, 13834
1.1158678531646729, 13833
1.1158678531646729, 13832
1.1158678531646729, 13831
1.1158678531646729, 13830
1.1158678531646729, 13829
1.1158678531646729, 13828
1.1158678531646729, 13827
1.1158678531646729, 13826
1.1158678531646729, 13825
1.1158678531646729, 13824
1.1158678531646729, 13823
1.1168675422668457, 13822
1.1168675422668457, 13821
1.1170496940612793, 13820
1.1170496940612793, 13819
1.1170496940612793, 13818
1.1170496940612793, 13817
1.1170496940612793, 13816
1.1170496940612793, 13815
1.1170496940612793, 13814
1.1170496940612793, 13813
1.1170496940612793, 13812
1.117868185043335, 13811
1.117868185043335, 13810
1.2920479774475098, 13809
1.2920479774475098, 13808
1.2920479774475098, 13807
1.2920479774475098, 13806
1.2920479774475098, 13805
1.2920479774475098, 13804
1.2920479774475098, 13803
1.2920479774475098, 13802
1.2920479774475098, 13801
1.4610283374786377, 13800
1.4610283374786377, 13799
1.4610283374786377, 13798
1.4610283374786377, 13797
1.4610283374786377, 13796
1.4610283374786377, 13795
1.4610283374786377, 13794
1.4610283374786377, 13793
1.4610283374786377, 13792
1.4610283374786377, 13791
1.4620263576507568, 13790
1.4620263576507568, 13789
1.4620263576507568, 13788
1.4620263576507568, 13787
1.4620263576507568, 13786
1.4620263576507568, 13785
1.4620263576507568, 13784
1.4620263576507568, 13783
1.4620263576507568, 13782
1.463026762008667, 13781
1.463026762008667, 13780
1.463026762008667, 13779
1.463026762008667, 13778
1.463026762008667, 13777
1.463026762008667, 13776
1.463026762008667, 13775
1.463026762008667, 13774
1.463026762008667, 13773
1.463026762008667, 13772
1.463026762008667, 13771
1.46402907371521, 13770
1.46402907371521, 13769
1.46402907371521, 13768
1.46402907371521, 13767
1.46402907371521, 13766
1.46402907371521, 13765
1.46402907371521, 13764
1.46402907371521, 13763
1.46402907371521, 13762
1.46402907371521, 13761
1.465029239654541, 13760
1.465029239654541, 13759
1.6718273162841797, 13758
1.6718273162841797, 13757
1.6718273162841797, 13756
1.6718273162841797, 13755
1.6718273162841797, 13754
1.6728265285491943, 13753
1.6728265285491943, 13752
1.6728265285491943, 13751
1.6728265285491943, 13750
1.6728265285491943, 13749
1.6728265285491943, 13748
2.3750240802764893, 13747
2.3750240802764893, 13746
2.3750240802764893, 13745
2.3750240802764893, 13744
2.3750240802764893, 13743
2.3750240802764893, 13742
2.3750240802764893, 13741
2.376023769378662, 13740
2.376023769378662, 13739
2.376023769378662, 13738
2.376023769378662, 13737
2.376023769378662, 13736
2.376023769378662, 13735
2.376023769378662, 13734
2.376023769378662, 13733
2.376023769378662, 13732
2.376023769378662, 13731
2.377023458480835, 13730
2.377023458480835, 13729
2.377023458480835, 13728
2.377023458480835, 13727
2.377023458480835, 13726
2.377023458480835, 13725
2.377023458480835, 13724
2.377023458480835, 13723
2.377023458480835, 13722
2.377023458480835, 13721
2.377023458480835, 13720
2.377023458480835, 13719
2.378023862838745, 13718
2.378023862838745, 13717
2.378023862838745, 13716
2.378023862838745, 13715
2.378023862838745, 13714
2.378023862838745, 13713
2.378023862838745, 13712
2.378023862838745, 13711
2.378023862838745, 13710
2.378023862838745, 13709
2.378023862838745, 13708
2.379023551940918, 13707
2.379023551940918, 13706
2.379023551940918, 13705
2.379023551940918, 13704
2.379023551940918, 13703
2.379023551940918, 13702
2.379023551940918, 13701
2.379023551940918, 13700
2.379023551940918, 13699
2.380049467086792, 13698
2.380049467086792, 13697
2.380049467086792, 13696
2.380049467086792, 13695
2.380049467086792, 13694
2.380049467086792, 13693
2.3806519508361816, 13692
2.3806519508361816, 13691
2.3806519508361816, 13690
2.3806519508361816, 13689
2.381049394607544, 13688
2.381049394607544, 13687
2.381049394607544, 13686
2.381049394607544, 13685
2.381049394607544, 13684
2.381049394607544, 13683
2.381049394607544, 13682
2.381049394607544, 13681
2.381049394607544, 13680
2.381049394607544, 13679
2.381049394607544, 13678
2.382049322128296, 13677
2.382049322128296, 13676
2.382049322128296, 13675
2.382049322128296, 13674
2.382049322128296, 13673
2.382049322128296, 13672
2.382049322128296, 13671
2.382049322128296, 13670
2.382049322128296, 13669
2.382049322128296, 13668
2.382049322128296, 13667
2.382049322128296, 13666
2.382049322128296, 13665
2.383049249649048, 13664
2.383049249649048, 13663
2.383049249649048, 13662
2.383049249649048, 13661
2.383049249649048, 13660
2.383049249649048, 13659
2.383049249649048, 13658
2.383049249649048, 13657
2.384053945541382, 13656
2.384053945541382, 13655
2.384053945541382, 13654
2.384053945541382, 13653
2.384053945541382, 13652
2.384053945541382, 13651
2.384053945541382, 13650
2.384053945541382, 13649
2.384053945541382, 13648
2.384053945541382, 13647
2.384053945541382, 13646
2.3850505352020264, 13645
2.3850505352020264, 13644
2.3850505352020264, 13643
2.3850505352020264, 13642
2.3850505352020264, 13641
2.3850505352020264, 13640
2.3850505352020264, 13639
2.3850505352020264, 13638
2.3850505352020264, 13637
2.3850505352020264, 13636
2.386049509048462, 13635
2.386049509048462, 13634
2.386049509048462, 13633
2.386049509048462, 13632
2.386049509048462, 13631
2.386049509048462, 13630
2.386049509048462, 13629
2.386049509048462, 13628
2.386049509048462, 13627
2.386049509048462, 13626
2.386049509048462, 13625
2.3870491981506348, 13624
2.3871467113494873, 13623
2.3871467113494873, 13622
2.3871467113494873, 13621
2.3871467113494873, 13620
2.3871467113494873, 13619
2.3871467113494873, 13618
2.3871467113494873, 13617
2.3871467113494873, 13616
2.3871467113494873, 13615
2.3880491256713867, 13614
2.3880491256713867, 13613
2.3880491256713867, 13612
2.3880491256713867, 13611
2.3880491256713867, 13610
2.3880491256713867, 13609
2.3880491256713867, 13608
2.3880491256713867, 13607
2.3880491256713867, 13606
2.3880491256713867, 13605
2.3880491256713867, 13604
2.3890490531921387, 13603
3.5940182209014893, 13602
3.5940182209014893, 13601
3.5940182209014893, 13600
3.5940182209014893, 13599
3.5940182209014893, 13598
3.5940182209014893, 13597
3.5940182209014893, 13596
3.5940182209014893, 13595
3.5940182209014893, 13594
3.5940182209014893, 13593
3.5940182209014893, 13592
3.595018148422241, 13591
3.595018148422241, 13590
3.595018148422241, 13589
3.595018148422241, 13588
3.595018148422241, 13587
3.595018148422241, 13586
3.595018148422241, 13585
3.595018148422241, 13584
3.595018148422241, 13583
3.595018148422241, 13582
3.595018148422241, 13581
3.596018075942993, 13580
3.596018075942993, 13579
3.596018075942993, 13578
3.596018075942993, 13577
3.596018075942993, 13576
3.596018075942993, 13575
3.596018075942993, 13574
3.596018075942993, 13573
3.596018075942993, 13572
3.596018075942993, 13571
3.596018075942993, 13570
3.597018003463745, 13569
3.597106456756592, 13568
3.597106456756592, 13567
3.597106456756592, 13566
3.597106456756592, 13565
3.597106456756592, 13564
3.597106456756592, 13563
3.597106456756592, 13562
3.597106456756592, 13561
3.597106456756592, 13560
3.5980184078216553, 13559
3.5980184078216553, 13558
3.5980184078216553, 13557
3.5980184078216553, 13556
3.5980184078216553, 13555
3.5980184078216553, 13554
3.5980184078216553, 13553
3.5980184078216553, 13552
3.5980184078216553, 13551
3.5980184078216553, 13550
3.5980184078216553, 13549
3.5980184078216553, 13548
3.5990183353424072, 13547
3.5990891456604004, 13546
3.5990891456604004, 13545
3.5990891456604004, 13544
3.5990891456604004, 13543
3.5990891456604004, 13542
3.5990891456604004, 13541
3.5990891456604004, 13540
3.5990891456604004, 13539
3.5990891456604004, 13538
3.5990891456604004, 13537
3.5990891456604004, 13536
3.5990891456604004, 13535
3.6001052856445312, 13534
3.6001052856445312, 13533
3.6001052856445312, 13532
3.6001052856445312, 13531
3.6001052856445312, 13530
3.6001052856445312, 13529
3.6001052856445312, 13528
3.6001052856445312, 13527
3.6001052856445312, 13526
3.6001052856445312, 13525
3.6001052856445312, 13524
3.6001052856445312, 13523
3.6001052856445312, 13522
3.6001052856445312, 13521
3.6011009216308594, 13520
3.6011009216308594, 13519
3.6011009216308594, 13518
3.6011009216308594, 13517
3.6011009216308594, 13516
3.6011009216308594, 13515
3.6011009216308594, 13514
3.6011009216308594, 13513
3.6011009216308594, 13512
3.6011009216308594, 13511
3.6011009216308594, 13510
3.6011009216308594, 13509
3.6011009216308594, 13508
3.6011009216308594, 13507
3.602097511291504, 13506
3.602097511291504, 13505
3.602097511291504, 13504
3.602097511291504, 13503
3.602097511291504, 13502
3.602097511291504, 13501
3.602097511291504, 13500
3.602097511291504, 13499
3.602097511291504, 13498
3.602097511291504, 13497
3.602097511291504, 13496
3.602097511291504, 13495
3.602097511291504, 13494
3.602097511291504, 13493
3.6031017303466797, 13492
3.6031017303466797, 13491
3.6031017303466797, 13490
3.6031017303466797, 13489
3.6031017303466797, 13488
3.6031017303466797, 13487
3.6031017303466797, 13486
3.6031017303466797, 13485
3.6031017303466797, 13484
3.604097366333008, 13483
3.604097366333008, 13482
3.604097366333008, 13481
3.604097366333008, 13480
3.604097366333008, 13479
3.604097366333008, 13478
3.604097366333008, 13477
3.604097366333008, 13476
3.604097366333008, 13475
3.605097770690918, 13474
3.605097770690918, 13473
3.605097770690918, 13472
3.605097770690918, 13471
3.605097770690918, 13470
3.605097770690918, 13469
3.605097770690918, 13468
3.605097770690918, 13467
3.60609769821167, 13466
3.60609769821167, 13465
3.60609769821167, 13464
3.60609769821167, 13463
3.60609769821167, 13462
3.60609769821167, 13461
3.60609769821167, 13460
3.60609769821167, 13459
3.6070590019226074, 13458
3.6070590019226074, 13457
3.6070590019226074, 13456
3.6070590019226074, 13455
3.6070590019226074, 13454
3.6070590019226074, 13453
3.6070590019226074, 13452
3.6070590019226074, 13451
3.6070590019226074, 13450
3.608098268508911, 13449
3.608098268508911, 13448
3.608098268508911, 13447
3.608098268508911, 13446
3.608098268508911, 13445
3.608098268508911, 13444
3.608098268508911, 13443
3.608098268508911, 13442
3.6090972423553467, 13441
3.6090972423553467, 13440
3.6090972423553467, 13439
3.6090972423553467, 13438
3.6090972423553467, 13437
3.6090972423553467, 13436
3.6090972423553467, 13435
3.6090972423553467, 13434
3.6090972423553467, 13433
3.6100986003875732, 13432
3.6100986003875732, 13431
3.6100986003875732, 13430
3.6100986003875732, 13429
3.6100986003875732, 13428
3.6100986003875732, 13427
3.6100986003875732, 13426
3.6100986003875732, 13425
3.6100986003875732, 13424
3.6100986003875732, 13423
3.6110999584198, 13422
3.6110999584198, 13421
3.6110999584198, 13420
3.6110999584198, 13419
3.6110999584198, 13418
3.6110999584198, 13417
3.6110999584198, 13416
3.6110999584198, 13415
3.6110999584198, 13414
3.6110999584198, 13413
3.6110999584198, 13412
3.6110999584198, 13411
3.6110999584198, 13410
3.6121013164520264, 13409
3.6121013164520264, 13408
3.6121013164520264, 13407
3.6121013164520264, 13406
3.6121013164520264, 13405
3.6121013164520264, 13404
3.6121013164520264, 13403
3.6121013164520264, 13402
3.6121013164520264, 13401
3.6121013164520264, 13400
3.6121013164520264, 13399
3.6121013164520264, 13398
3.6121013164520264, 13397
3.6121013164520264, 13396
3.6121013164520264, 13395
3.613098621368408, 13394
3.613098621368408, 13393
3.613098621368408, 13392
3.613098621368408, 13391
3.613098621368408, 13390
3.613098621368408, 13389
3.613098621368408, 13388
3.613098621368408, 13387
3.613098621368408, 13386
3.613098621368408, 13385
3.613098621368408, 13384
3.613098621368408, 13383
3.613098621368408, 13382
3.613098621368408, 13381
3.614156723022461, 13380
3.614156723022461, 13379
3.614156723022461, 13378
3.614156723022461, 13377
3.614156723022461, 13376
3.614156723022461, 13375
3.614156723022461, 13374
3.614156723022461, 13373
3.614156723022461, 13372
3.614156723022461, 13371
3.614156723022461, 13370
3.614156723022461, 13369
3.614156723022461, 13368
3.6150989532470703, 13367
3.6150989532470703, 13366
3.6150989532470703, 13365
3.6150989532470703, 13364
3.6150989532470703, 13363
3.6150989532470703, 13362
3.6150989532470703, 13361
3.6150989532470703, 13360
3.6150989532470703, 13359
3.6150989532470703, 13358
3.6150989532470703, 13357
3.6150989532470703, 13356
