0.18580985069274902, 14091
0.18580985069274902, 14090
0.18682026863098145, 14089
0.18682026863098145, 14088
0.18682026863098145, 14087
0.18682026863098145, 14086
0.18682026863098145, 14085
0.18682026863098145, 14084
0.18682026863098145, 14083
0.18682026863098145, 14082
0.18682026863098145, 14081
0.18682026863098145, 14080
0.18682026863098145, 14079
0.18682026863098145, 14078
0.18682026863098145, 14077
0.18682026863098145, 14076
0.18682026863098145, 14075
0.18780899047851562, 14074
0.18780899047851562, 14073
0.18780899047851562, 14072
0.18780899047851562, 14071
0.18780899047851562, 14070
0.18780899047851562, 14069
0.18780899047851562, 14068
0.18780899047851562, 14067
0.18780899047851562, 14066
0.18780899047851562, 14065
0.18780899047851562, 14064
0.18780899047851562, 14063
0.18780899047851562, 14062
0.18780899047851562, 14061
0.18780899047851562, 14060
0.18880867958068848, 14059
0.18880867958068848, 14058
0.18880867958068848, 14057
0.18880867958068848, 14056
0.18880867958068848, 14055
0.18880867958068848, 14054
0.18880867958068848, 14053
0.18880867958068848, 14052
0.18880867958068848, 14051
0.18880867958068848, 14050
0.18880867958068848, 14049
0.18880867958068848, 14048
0.18956565856933594, 14047
0.18956565856933594, 14046
0.18956565856933594, 14045
0.18956565856933594, 14044
0.18980908393859863, 14043
0.18980908393859863, 14042
0.18980908393859863, 14041
0.18980908393859863, 14040
0.18980908393859863, 14039
0.18980908393859863, 14038
0.18980908393859863, 14037
0.18980908393859863, 14036
0.18980908393859863, 14035
0.18980908393859863, 14034
0.18980908393859863, 14033
0.18980908393859863, 14032
0.18980908393859863, 14031
0.18980908393859863, 14030
0.18980908393859863, 14029
0.18980908393859863, 14028
0.19080877304077148, 14027
0.19080877304077148, 14026
0.19080877304077148, 14025
0.19080877304077148, 14024
0.19080877304077148, 14023
0.19080877304077148, 14022
0.19080877304077148, 14021
0.19080877304077148, 14020
0.19080877304077148, 14019
0.19080877304077148, 14018
0.19080877304077148, 14017
0.19181084632873535, 14016
0.19181084632873535, 14015
0.19181084632873535, 14014
0.19181084632873535, 14013
0.19181084632873535, 14012
0.19181084632873535, 14011
0.19181084632873535, 14010
0.19181084632873535, 14009
0.19181084632873535, 14008
0.19181084632873535, 14007
0.19181084632873535, 14006
0.19181084632873535, 14005
0.19181084632873535, 14004
0.19181084632873535, 14003
0.19181084632873535, 14002
0.1928098201751709, 14001
0.1928098201751709, 14000
0.1928098201751709, 13999
0.1928098201751709, 13998
0.1928098201751709, 13997
0.1928098201751709, 13996
0.1928098201751709, 13995
0.1928098201751709, 13994
0.1928098201751709, 13993
0.1928098201751709, 13992
0.1928098201751709, 13991
0.1928098201751709, 13990
0.1928098201751709, 13989
0.1928098201751709, 13988
0.1928098201751709, 13987
0.1928098201751709, 13986
0.19380974769592285, 13985
0.19380974769592285, 13984
0.19380974769592285, 13983
0.19380974769592285, 13982
0.19380974769592285, 13981
0.19380974769592285, 13980
0.19380974769592285, 13979
0.19380974769592285, 13978
0.19380974769592285, 13977
0.19380974769592285, 13976
0.19380974769592285, 13975
0.19380974769592285, 13974
0.19380974769592285, 13973
0.19380974769592285, 13972
0.19380974769592285, 13971
0.19380974769592285, 13970
0.194810152053833, 13969
0.194810152053833, 13968
0.194810152053833, 13967
0.194810152053833, 13966
0.194810152053833, 13965
0.194810152053833, 13964
0.194810152053833, 13963
0.194810152053833, 13962
0.194810152053833, 13961
0.194810152053833, 13960
0.194810152053833, 13959
0.194810152053833, 13958
0.194810152053833, 13957
0.194810152053833, 13956
0.194810152053833, 13955
0.194810152053833, 13954
0.19581079483032227, 13953
0.19581079483032227, 13952
0.19581079483032227, 13951
0.19581079483032227, 13950
0.19581079483032227, 13949
0.19581079483032227, 13948
0.19581079483032227, 13947
0.19581079483032227, 13946
0.19581079483032227, 13945
0.19581079483032227, 13944
0.19581079483032227, 13943
0.19581079483032227, 13942
0.19581079483032227, 13941
0.19581079483032227, 13940
0.19581079483032227, 13939
0.19681000709533691, 13938
0.19681000709533691, 13937
0.19681000709533691, 13936
0.19681000709533691, 13935
0.19681000709533691, 13934
0.19681000709533691, 13933
0.19681000709533691, 13932
0.19681000709533691, 13931
0.19681000709533691, 13930
0.19681000709533691, 13929
0.19681000709533691, 13928
0.19681000709533691, 13927
0.19681000709533691, 13926
0.19681000709533691, 13925
0.19681000709533691, 13924
0.19681000709533691, 13923
0.19781017303466797, 13922
0.19781017303466797, 13921
0.19781017303466797, 13920
0.19781017303466797, 13919
0.19781017303466797, 13918
0.19781017303466797, 13917
0.19781017303466797, 13916
0.19781017303466797, 13915
0.19781017303466797, 13914
0.19781017303466797, 13913
0.19781017303466797, 13912
0.19781017303466797, 13911
0.19781017303466797, 13910
0.19881200790405273, 13909
0.19881200790405273, 13908
0.19881200790405273, 13907
0.19881200790405273, 13906
0.19881200790405273, 13905
0.19881200790405273, 13904
0.19945764541625977, 13903
0.19945764541625977, 13902
0.19990921020507812, 13901
0.19990921020507812, 13900
0.19990921020507812, 13899
0.19990921020507812, 13898
0.19990921020507812, 13897
0.19990921020507812, 13896
0.19990921020507812, 13895
0.19990921020507812, 13894
0.19990921020507812, 13893
0.20081019401550293, 13892
0.20081019401550293, 13891
0.20081019401550293, 13890
0.20081019401550293, 13889
0.20081019401550293, 13888
0.20081019401550293, 13887
0.20081019401550293, 13886
0.20081019401550293, 13885
0.20081019401550293, 13884
0.20168161392211914, 13883
0.20180988311767578, 13882
0.20180988311767578, 13881
0.20180988311767578, 13880
0.20180988311767578, 13879
0.20180988311767578, 13878
0.20180988311767578, 13877
0.20180988311767578, 13876
0.20180988311767578, 13875
0.20180988311767578, 13874
0.20180988311767578, 13873
0.20281195640563965, 13872
0.20281195640563965, 13871
0.2031099796295166, 13870
0.2031099796295166, 13869
0.2031099796295166, 13868
0.2031099796295166, 13867
0.2031099796295166, 13866
0.2031099796295166, 13865
0.2031099796295166, 13864
0.2031099796295166, 13863
0.2031099796295166, 13862
0.2031099796295166, 13861
0.20412015914916992, 13860
0.20412015914916992, 13859
0.20412015914916992, 13858
0.20412015914916992, 13857
0.20412015914916992, 13856
0.20479726791381836, 13855
0.20479726791381836, 13854
0.20479726791381836, 13853
0.20479726791381836, 13852
0.20511817932128906, 13851
0.20511817932128906, 13850
0.20511817932128906, 13849
0.20511817932128906, 13848
0.20511817932128906, 13847
0.20511817932128906, 13846
0.20511817932128906, 13845
0.20511817932128906, 13844
0.20511817932128906, 13843
0.20511817932128906, 13842
0.20511817932128906, 13841
0.20511817932128906, 13840
0.20511817932128906, 13839
0.20511817932128906, 13838
0.20511817932128906, 13837
0.2061173915863037, 13836
0.2061173915863037, 13835
0.2061173915863037, 13834
0.2061173915863037, 13833
0.2061173915863037, 13832
0.2061173915863037, 13831
0.2061173915863037, 13830
0.2061173915863037, 13829
0.2061173915863037, 13828
0.2061173915863037, 13827
0.2061173915863037, 13826
0.2061173915863037, 13825
0.2061173915863037, 13824
0.20711946487426758, 13823
0.20711946487426758, 13822
0.20711946487426758, 13821
0.20711946487426758, 13820
0.20711946487426758, 13819
0.20711946487426758, 13818
0.20711946487426758, 13817
0.20711946487426758, 13816
0.20711946487426758, 13815
0.20711946487426758, 13814
0.20711946487426758, 13813
0.20711946487426758, 13812
0.20711946487426758, 13811
0.20711946487426758, 13810
0.20711946487426758, 13809
0.20711946487426758, 13808
0.20812153816223145, 13807
0.20812153816223145, 13806
0.20812153816223145, 13805
0.20812153816223145, 13804
0.20812153816223145, 13803
0.20812153816223145, 13802
0.20812153816223145, 13801
0.20812153816223145, 13800
0.20812153816223145, 13799
0.20812153816223145, 13798
0.20812153816223145, 13797
0.20812153816223145, 13796
0.20812153816223145, 13795
0.20812153816223145, 13794
0.20812153816223145, 13793
0.20812153816223145, 13792
0.20911908149719238, 13791
0.20911908149719238, 13790
0.20911908149719238, 13789
0.20911908149719238, 13788
0.20911908149719238, 13787
0.20911908149719238, 13786
0.20911908149719238, 13785
0.20911908149719238, 13784
0.20911908149719238, 13783
0.20911908149719238, 13782
0.20911908149719238, 13781
0.20911908149719238, 13780
0.20911908149719238, 13779
0.20911908149719238, 13778
0.20911908149719238, 13777
0.21011734008789062, 13776
0.21011734008789062, 13775
0.21011734008789062, 13774
0.21011734008789062, 13773
0.21011734008789062, 13772
0.21011734008789062, 13771
0.21011734008789062, 13770
0.21011734008789062, 13769
0.21011734008789062, 13768
0.21011734008789062, 13767
0.21011734008789062, 13766
0.21011734008789062, 13765
0.21011734008789062, 13764
0.21011734008789062, 13763
0.21011734008789062, 13762
0.21011734008789062, 13761
0.2111189365386963, 13760
0.2111189365386963, 13759
0.2111189365386963, 13758
0.2111189365386963, 13757
0.2111189365386963, 13756
0.2111189365386963, 13755
0.2111189365386963, 13754
0.2111189365386963, 13753
0.2111189365386963, 13752
0.2111189365386963, 13751
0.2111189365386963, 13750
0.2111189365386963, 13749
0.2111189365386963, 13748
0.2111189365386963, 13747
0.2111189365386963, 13746
0.21211719512939453, 13745
0.21211719512939453, 13744
0.21211719512939453, 13743
0.21211719512939453, 13742
0.21211719512939453, 13741
0.21211719512939453, 13740
0.21211719512939453, 13739
0.21211719512939453, 13738
0.21211719512939453, 13737
0.21211719512939453, 13736
0.21211719512939453, 13735
0.21211719512939453, 13734
0.21211719512939453, 13733
0.21211719512939453, 13732
0.21211719512939453, 13731
0.21211719512939453, 13730
0.21311712265014648, 13729
0.21311712265014648, 13728
0.21311712265014648, 13727
0.21311712265014648, 13726
0.21311712265014648, 13725
0.21311712265014648, 13724
0.21311712265014648, 13723
0.21311712265014648, 13722
0.21311712265014648, 13721
0.21311712265014648, 13720
0.21311712265014648, 13719
0.21311712265014648, 13718
0.21311712265014648, 13717
0.21311712265014648, 13716
0.21311712265014648, 13715
0.21311712265014648, 13714
0.21411848068237305, 13713
0.21411848068237305, 13712
0.21411848068237305, 13711
0.21411848068237305, 13710
0.21411848068237305, 13709
0.21411848068237305, 13708
0.21411848068237305, 13707
0.21411848068237305, 13706
0.557999849319458, 13705
0.557999849319458, 13704
0.557999849319458, 13703
0.557999849319458, 13702
0.557999849319458, 13701
0.557999849319458, 13700
0.557999849319458, 13699
0.557999849319458, 13698
0.557999849319458, 13697
0.557999849319458, 13696
0.557999849319458, 13695
0.557999849319458, 13694
0.5589995384216309, 13693
0.5589995384216309, 13692
0.5589995384216309, 13691
0.5589995384216309, 13690
0.5589995384216309, 13689
0.5589995384216309, 13688
0.5589995384216309, 13687
0.5589995384216309, 13686
0.5589995384216309, 13685
0.5589995384216309, 13684
0.5589995384216309, 13683
0.5589995384216309, 13682
0.5589995384216309, 13681
0.5589995384216309, 13680
0.5589995384216309, 13679
0.5599994659423828, 13678
0.5599994659423828, 13677
0.5599994659423828, 13676
0.5599994659423828, 13675
0.5599994659423828, 13674
0.5599994659423828, 13673
0.5599994659423828, 13672
0.5599994659423828, 13671
0.5599994659423828, 13670
0.5599994659423828, 13669
0.5609991550445557, 13668
0.5609991550445557, 13667
0.5609991550445557, 13666
0.5609991550445557, 13665
0.5609991550445557, 13664
0.5609991550445557, 13663
0.5609991550445557, 13662
0.5609991550445557, 13661
1.813981533050537, 13660
1.813981533050537, 13659
1.813981533050537, 13658
1.813981533050537, 13657
1.813981533050537, 13656
1.8149807453155518, 13655
1.8149807453155518, 13654
1.8149807453155518, 13653
1.8149807453155518, 13652
1.8149807453155518, 13651
1.8149807453155518, 13650
1.8149807453155518, 13649
1.8149807453155518, 13648
1.8149807453155518, 13647
1.8149807453155518, 13646
1.8159818649291992, 13645
1.8160481452941895, 13644
1.8160481452941895, 13643
1.8160481452941895, 13642
1.8160481452941895, 13641
1.8160481452941895, 13640
1.8160481452941895, 13639
1.8160481452941895, 13638
1.8160481452941895, 13637
1.8160481452941895, 13636
1.8169825077056885, 13635
1.8169825077056885, 13634
1.8169825077056885, 13633
1.8169825077056885, 13632
1.8169825077056885, 13631
1.8169825077056885, 13630
1.8169825077056885, 13629
1.8169825077056885, 13628
1.8169825077056885, 13627
1.8169825077056885, 13626
1.8169825077056885, 13625
1.8169825077056885, 13624
1.8179821968078613, 13623
1.8179821968078613, 13622
1.8179821968078613, 13621
1.8179821968078613, 13620
1.8179821968078613, 13619
1.8179821968078613, 13618
1.8179821968078613, 13617
1.8179821968078613, 13616
1.8179821968078613, 13615
1.8179821968078613, 13614
1.8189818859100342, 13613
1.8189818859100342, 13612
1.8189818859100342, 13611
1.8189818859100342, 13610
1.8189818859100342, 13609
1.8189818859100342, 13608
1.8189818859100342, 13607
1.8189818859100342, 13606
1.8189818859100342, 13605
1.8189818859100342, 13604
1.8189818859100342, 13603
1.819981336593628, 13602
1.819981336593628, 13601
1.819981336593628, 13600
1.819981336593628, 13599
1.819981336593628, 13598
1.819981336593628, 13597
1.819981336593628, 13596
1.819981336593628, 13595
1.819981336593628, 13594
1.819981336593628, 13593
1.819981336593628, 13592
1.8209807872772217, 13591
1.8209807872772217, 13590
1.8209807872772217, 13589
1.8209807872772217, 13588
1.8209807872772217, 13587
1.8209807872772217, 13586
1.8209807872772217, 13585
1.8209807872772217, 13584
1.8209807872772217, 13583
1.8209807872772217, 13582
1.8209807872772217, 13581
1.8209807872772217, 13580
1.8209807872772217, 13579
1.8209807872772217, 13578
1.8209807872772217, 13577
1.8219811916351318, 13576
1.8219811916351318, 13575
1.8219811916351318, 13574
1.8219811916351318, 13573
1.8219811916351318, 13572
1.8219811916351318, 13571
1.8219811916351318, 13570
1.8219811916351318, 13569
1.8219811916351318, 13568
1.8219811916351318, 13567
1.8219811916351318, 13566
1.8219811916351318, 13565
1.8219811916351318, 13564
2.1637024879455566, 13563
2.1637024879455566, 13562
2.164702892303467, 13561
2.164702892303467, 13560
2.164702892303467, 13559
2.164702892303467, 13558
2.164702892303467, 13557
2.164702892303467, 13556
2.164702892303467, 13555
2.164702892303467, 13554
2.164702892303467, 13553
2.164702892303467, 13552
2.164702892303467, 13551
2.164702892303467, 13550
2.164702892303467, 13549
2.164702892303467, 13548
2.164702892303467, 13547
2.165703296661377, 13546
2.165703296661377, 13545
2.165703296661377, 13544
2.165703296661377, 13543
2.165703296661377, 13542
2.165703296661377, 13541
2.165703296661377, 13540
2.165703296661377, 13539
2.165703296661377, 13538
2.165703296661377, 13537
2.165703296661377, 13536
2.165703296661377, 13535
2.165703296661377, 13534
2.165703296661377, 13533
2.165703296661377, 13532
2.165703296661377, 13531
2.166703462600708, 13530
2.166703462600708, 13529
2.166703462600708, 13528
3.9109816551208496, 13527
3.9109816551208496, 13526
3.9109816551208496, 13525
3.9119818210601807, 13524
3.9119818210601807, 13523
3.9119818210601807, 13522
3.9119818210601807, 13521
3.9119818210601807, 13520
3.9119818210601807, 13519
3.9119818210601807, 13518
3.9119818210601807, 13517
3.9119818210601807, 13516
3.9119818210601807, 13515
3.9119818210601807, 13514
3.9119818210601807, 13513
3.9119818210601807, 13512
3.9119818210601807, 13511
3.9129819869995117, 13510
3.9129819869995117, 13509
3.9129819869995117, 13508
3.9129819869995117, 13507
3.9129819869995117, 13506
3.9129819869995117, 13505
3.9129819869995117, 13504
3.9129819869995117, 13503
3.9129819869995117, 13502
3.9129819869995117, 13501
3.9129819869995117, 13500
3.9129819869995117, 13499
3.9129819869995117, 13498
3.9129819869995117, 13497
3.9129819869995117, 13496
3.9139821529388428, 13495
3.9139821529388428, 13494
3.9139821529388428, 13493
3.9139821529388428, 13492
3.9139821529388428, 13491
3.9139821529388428, 13490
3.9139821529388428, 13489
3.9139821529388428, 13488
3.9139821529388428, 13487
3.9139821529388428, 13486
3.9139821529388428, 13485
3.9139821529388428, 13484
3.9139821529388428, 13483
3.9139821529388428, 13482
3.9139821529388428, 13481
3.9149813652038574, 13480
3.9149813652038574, 13479
3.9149813652038574, 13478
3.9149813652038574, 13477
3.9149813652038574, 13476
3.9149813652038574, 13475
3.9149813652038574, 13474
3.9149813652038574, 13473
3.9149813652038574, 13472
3.9149813652038574, 13471
3.9149813652038574, 13470
3.9149813652038574, 13469
3.9149813652038574, 13468
3.9149813652038574, 13467
3.9149813652038574, 13466
3.9159812927246094, 13465
3.9159812927246094, 13464
3.9159812927246094, 13463
3.9159812927246094, 13462
3.9159812927246094, 13461
3.9159812927246094, 13460
3.9159812927246094, 13459
3.9159812927246094, 13458
3.9159812927246094, 13457
3.9159812927246094, 13456
3.9159812927246094, 13455
3.9159812927246094, 13454
3.9159812927246094, 13453
3.9159812927246094, 13452
3.9159812927246094, 13451
3.9169814586639404, 13450
3.9169814586639404, 13449
3.9169814586639404, 13448
3.9169814586639404, 13447
3.9169814586639404, 13446
3.9169814586639404, 13445
3.9169814586639404, 13444
3.9169814586639404, 13443
3.9175329208374023, 13442
3.9175329208374023, 13441
3.9175329208374023, 13440
3.9175329208374023, 13439
3.9175329208374023, 13438
3.9175329208374023, 13437
3.9179813861846924, 13436
3.9179813861846924, 13435
3.9179813861846924, 13434
3.9179813861846924, 13433
3.9179813861846924, 13432
3.9179813861846924, 13431
3.9179813861846924, 13430
3.9179813861846924, 13429
3.9179813861846924, 13428
3.9179813861846924, 13427
3.9179813861846924, 13426
3.9179813861846924, 13425
3.9179813861846924, 13424
3.9179813861846924, 13423
3.9179813861846924, 13422
3.9189813137054443, 13421
3.9189813137054443, 13420
3.9189813137054443, 13419
3.9189813137054443, 13418
3.9189813137054443, 13417
3.9189813137054443, 13416
3.9189813137054443, 13415
3.9189813137054443, 13414
3.9189813137054443, 13413
3.9189813137054443, 13412
3.9189813137054443, 13411
3.9189813137054443, 13410
3.9189813137054443, 13409
3.9189813137054443, 13408
3.9199812412261963, 13407
3.9199812412261963, 13406
3.9199812412261963, 13405
3.9199812412261963, 13404
3.9199812412261963, 13403
3.9199812412261963, 13402
3.9199812412261963, 13401
3.9199812412261963, 13400
3.9199812412261963, 13399
3.9199812412261963, 13398
3.9199812412261963, 13397
3.9199812412261963, 13396
3.9199812412261963, 13395
3.9199812412261963, 13394
3.9199812412261963, 13393
3.921091318130493, 13392
3.921091318130493, 13391
3.921091318130493, 13390
3.921091318130493, 13389
3.921091318130493, 13388
3.921091318130493, 13387
3.921091318130493, 13386
3.921091318130493, 13385
3.921091318130493, 13384
3.921091318130493, 13383
3.921091318130493, 13382
3.921091318130493, 13381
3.921091318130493, 13380
3.9219818115234375, 13379
3.9219818115234375, 13378
3.9219818115234375, 13377
3.9219818115234375, 13376
3.9219818115234375, 13375
3.9219818115234375, 13374
3.9219818115234375, 13373
