0.21101808547973633, 14100
0.21101808547973633, 14099
0.21101808547973633, 14098
0.21101808547973633, 14097
0.21101808547973633, 14096
0.21101808547973633, 14095
0.21101808547973633, 14094
0.21101808547973633, 14093
0.21101808547973633, 14092
0.21101808547973633, 14091
0.21101808547973633, 14090
0.2120189666748047, 14089
0.2120189666748047, 14088
0.2120189666748047, 14087
0.2120189666748047, 14086
0.2120189666748047, 14085
0.2120189666748047, 14084
0.2120189666748047, 14083
0.2120189666748047, 14082
0.2120189666748047, 14081
0.2120189666748047, 14080
0.2120189666748047, 14079
0.2120189666748047, 14078
0.2120189666748047, 14077
0.2120189666748047, 14076
0.2120189666748047, 14075
0.21301889419555664, 14074
0.21301889419555664, 14073
0.21301889419555664, 14072
0.21301889419555664, 14071
0.21301889419555664, 14070
0.21301889419555664, 14069
0.21301889419555664, 14068
0.21301889419555664, 14067
0.21301889419555664, 14066
0.21301889419555664, 14065
0.21301889419555664, 14064
0.21301889419555664, 14063
0.21381306648254395, 14062
0.21381306648254395, 14061
0.21381306648254395, 14060
0.21401023864746094, 14059
0.21401023864746094, 14058
0.21401023864746094, 14057
0.21401023864746094, 14056
0.21401023864746094, 14055
0.21401023864746094, 14054
0.21401023864746094, 14053
0.21401023864746094, 14052
0.21401023864746094, 14051
0.21401023864746094, 14050
0.21401023864746094, 14049
0.21401023864746094, 14048
0.21401023864746094, 14047
0.21401023864746094, 14046
0.21401023864746094, 14045
0.21401023864746094, 14044
0.21501898765563965, 14043
0.21501898765563965, 14042
0.21501898765563965, 14041
0.21501898765563965, 14040
0.21501898765563965, 14039
0.21501898765563965, 14038
0.21501898765563965, 14037
0.21501898765563965, 14036
0.21501898765563965, 14035
0.21501898765563965, 14034
0.21501898765563965, 14033
0.21501898765563965, 14032
0.21501898765563965, 14031
0.2160201072692871, 14030
0.2160201072692871, 14029
0.2160201072692871, 14028
0.2160201072692871, 14027
0.2160201072692871, 14026
0.2160201072692871, 14025
0.2160201072692871, 14024
0.2160201072692871, 14023
0.2160201072692871, 14022
0.2160201072692871, 14021
0.2160201072692871, 14020
0.2160201072692871, 14019
0.2160201072692871, 14018
0.2160201072692871, 14017
0.2160201072692871, 14016
0.21702170372009277, 14015
0.40022993087768555, 14014
0.40022993087768555, 14013
0.40022993087768555, 14012
0.40022993087768555, 14011
0.40022993087768555, 14010
0.40022993087768555, 14009
0.40022993087768555, 14008
0.40022993087768555, 14007
0.40022993087768555, 14006
0.40022993087768555, 14005
0.40022993087768555, 14004
0.40022993087768555, 14003
0.40022993087768555, 14002
0.40022993087768555, 14001
0.40022993087768555, 14000
0.40022993087768555, 13999
0.4012305736541748, 13998
0.4012305736541748, 13997
0.4012305736541748, 13996
0.4012305736541748, 13995
0.4012305736541748, 13994
0.4012305736541748, 13993
0.4012305736541748, 13992
0.4012305736541748, 13991
0.4012305736541748, 13990
0.4012305736541748, 13989
0.4012305736541748, 13988
0.4012305736541748, 13987
0.4012305736541748, 13986
0.4012305736541748, 13985
0.4012305736541748, 13984
0.4012305736541748, 13983
0.40223097801208496, 13982
0.40223097801208496, 13981
0.40223097801208496, 13980
0.40223097801208496, 13979
0.40223097801208496, 13978
0.40223097801208496, 13977
0.40223097801208496, 13976
0.40223097801208496, 13975
0.40223097801208496, 13974
0.40223097801208496, 13973
0.40223097801208496, 13972
0.40223097801208496, 13971
0.40223097801208496, 13970
0.40223097801208496, 13969
0.40223097801208496, 13968
0.40223097801208496, 13967
0.4032313823699951, 13966
0.4032313823699951, 13965
0.4032313823699951, 13964
0.4032313823699951, 13963
0.4032313823699951, 13962
0.4032313823699951, 13961
0.4032313823699951, 13960
0.4032313823699951, 13959
0.4032313823699951, 13958
0.4032313823699951, 13957
0.4032313823699951, 13956
0.4032313823699951, 13955
0.4042332172393799, 13954
0.4042332172393799, 13953
0.4042332172393799, 13952
0.4042332172393799, 13951
0.4042332172393799, 13950
0.4042332172393799, 13949
0.4042332172393799, 13948
0.4042332172393799, 13947
0.4042332172393799, 13946
0.4042332172393799, 13945
0.4042332172393799, 13944
0.4042332172393799, 13943
0.4042332172393799, 13942
0.40523457527160645, 13941
0.40523457527160645, 13940
0.40523457527160645, 13939
0.40523457527160645, 13938
0.40523457527160645, 13937
0.40523457527160645, 13936
0.40523457527160645, 13935
0.40523457527160645, 13934
0.40523457527160645, 13933
0.40523457527160645, 13932
0.40523457527160645, 13931
0.40523457527160645, 13930
0.40523457527160645, 13929
0.40523457527160645, 13928
0.40523457527160645, 13927
0.4062340259552002, 13926
0.4062340259552002, 13925
0.4062340259552002, 13924
0.4062340259552002, 13923
0.4062340259552002, 13922
0.4062340259552002, 13921
0.4062340259552002, 13920
0.4062340259552002, 13919
0.4062340259552002, 13918
0.4062340259552002, 13917
0.4062340259552002, 13916
0.4062340259552002, 13915
0.4062340259552002, 13914
0.4062340259552002, 13913
0.4062340259552002, 13912
0.4072303771972656, 13911
0.4072303771972656, 13910
0.4072303771972656, 13909
0.4072303771972656, 13908
0.4072303771972656, 13907
0.4072303771972656, 13906
0.4072303771972656, 13905
0.4072303771972656, 13904
0.4072303771972656, 13903
0.4072303771972656, 13902
0.4072303771972656, 13901
0.4072303771972656, 13900
0.4072303771972656, 13899
0.4072303771972656, 13898
0.4072303771972656, 13897
0.4072303771972656, 13896
0.4082305431365967, 13895
0.4082305431365967, 13894
0.4082305431365967, 13893
0.4082305431365967, 13892
0.4082305431365967, 13891
0.4082305431365967, 13890
0.4082305431365967, 13889
0.4082305431365967, 13888
0.4082305431365967, 13887
0.4082305431365967, 13886
0.4082305431365967, 13885
0.4082305431365967, 13884
0.40923047065734863, 13883
0.40923047065734863, 13882
0.40923047065734863, 13881
0.40923047065734863, 13880
0.40923047065734863, 13879
0.40923047065734863, 13878
0.40923047065734863, 13877
0.40923047065734863, 13876
0.40923047065734863, 13875
0.40923047065734863, 13874
0.40923047065734863, 13873
0.40923047065734863, 13872
0.40923047065734863, 13871
0.40923047065734863, 13870
0.40923047065734863, 13869
0.40923047065734863, 13868
0.4102299213409424, 13867
0.4102299213409424, 13866
0.4102299213409424, 13865
0.4102299213409424, 13864
0.4102299213409424, 13863
0.4102299213409424, 13862
0.4102299213409424, 13861
0.4102299213409424, 13860
0.4102299213409424, 13859
0.4102299213409424, 13858
0.4102299213409424, 13857
0.4102299213409424, 13856
0.4102299213409424, 13855
0.4102299213409424, 13854
0.4102299213409424, 13853
0.4102299213409424, 13852
0.41123008728027344, 13851
0.41123008728027344, 13850
0.41123008728027344, 13849
0.41123008728027344, 13848
0.41123008728027344, 13847
0.41123008728027344, 13846
0.41123008728027344, 13845
0.41123008728027344, 13844
0.41176867485046387, 13843
0.41176867485046387, 13842
0.41176867485046387, 13841
0.41176867485046387, 13840
0.41176867485046387, 13839
0.41176867485046387, 13838
0.41176867485046387, 13837
0.4122297763824463, 13836
0.4122297763824463, 13835
0.4122297763824463, 13834
0.4122297763824463, 13833
0.4122297763824463, 13832
0.4122297763824463, 13831
0.4122297763824463, 13830
0.4122297763824463, 13829
0.4122297763824463, 13828
0.4122297763824463, 13827
0.4122297763824463, 13826
0.4122297763824463, 13825
0.4122297763824463, 13824
0.4122297763824463, 13823
0.4122297763824463, 13822
0.4122297763824463, 13821
0.41322970390319824, 13820
0.41322970390319824, 13819
0.41322970390319824, 13818
0.41322970390319824, 13817
0.41322970390319824, 13816
0.41322970390319824, 13815
0.41322970390319824, 13814
0.41322970390319824, 13813
0.41322970390319824, 13812
0.7832314968109131, 13811
0.7832314968109131, 13810
0.7832314968109131, 13809
0.7842319011688232, 13808
0.7842962741851807, 13807
0.7842962741851807, 13806
0.7842962741851807, 13805
0.7842962741851807, 13804
0.7842962741851807, 13803
0.7842962741851807, 13802
0.7842962741851807, 13801
0.7842962741851807, 13800
0.7842962741851807, 13799
0.7842962741851807, 13798
0.7842962741851807, 13797
0.7842962741851807, 13796
0.7842962741851807, 13795
0.7842962741851807, 13794
0.785231351852417, 13793
0.785231351852417, 13792
0.785231351852417, 13791
0.785231351852417, 13790
0.785231351852417, 13789
0.785231351852417, 13788
0.785231351852417, 13787
0.785231351852417, 13786
0.785231351852417, 13785
0.785231351852417, 13784
0.785231351852417, 13783
0.785231351852417, 13782
0.785231351852417, 13781
0.785231351852417, 13780
0.785231351852417, 13779
0.785231351852417, 13778
0.7862310409545898, 13777
0.7862310409545898, 13776
0.7862310409545898, 13775
0.7862310409545898, 13774
0.7862310409545898, 13773
0.7862310409545898, 13772
0.7862310409545898, 13771
0.7862310409545898, 13770
0.7862310409545898, 13769
0.7862310409545898, 13768
0.7862310409545898, 13767
0.7862310409545898, 13766
0.7862310409545898, 13765
0.7862310409545898, 13764
0.7862310409545898, 13763
0.7862310409545898, 13762
0.7872664928436279, 13761
0.7872664928436279, 13760
0.7872664928436279, 13759
0.7872664928436279, 13758
0.7872664928436279, 13757
0.7872664928436279, 13756
0.7872664928436279, 13755
0.7872664928436279, 13754
0.7872664928436279, 13753
0.7872664928436279, 13752
0.7872664928436279, 13751
0.7872664928436279, 13750
0.7872664928436279, 13749
0.7872664928436279, 13748
0.7872664928436279, 13747
0.7882676124572754, 13746
0.7882676124572754, 13745
0.7882676124572754, 13744
0.7882676124572754, 13743
0.7882676124572754, 13742
0.7882676124572754, 13741
0.7882676124572754, 13740
0.7882676124572754, 13739
0.7882676124572754, 13738
0.7882676124572754, 13737
0.7882676124572754, 13736
0.7882676124572754, 13735
0.7882676124572754, 13734
0.7882676124572754, 13733
0.7882676124572754, 13732
0.78926682472229, 13731
0.78926682472229, 13730
0.78926682472229, 13729
0.78926682472229, 13728
0.78926682472229, 13727
0.78926682472229, 13726
0.78926682472229, 13725
0.78926682472229, 13724
0.78926682472229, 13723
0.78926682472229, 13722
0.78926682472229, 13721
0.78926682472229, 13720
0.78926682472229, 13719
0.78926682472229, 13718
0.78926682472229, 13717
0.7902660369873047, 13716
0.7902660369873047, 13715
0.7902660369873047, 13714
0.7902660369873047, 13713
0.7902660369873047, 13712
0.7902660369873047, 13711
0.7902660369873047, 13710
0.7902660369873047, 13709
0.7902660369873047, 13708
0.7902660369873047, 13707
0.7902660369873047, 13706
0.7902660369873047, 13705
0.7902660369873047, 13704
0.7902660369873047, 13703
0.7902660369873047, 13702
0.791264533996582, 13701
0.791264533996582, 13700
0.791264533996582, 13699
0.791264533996582, 13698
0.791264533996582, 13697
0.791264533996582, 13696
0.791264533996582, 13695
0.791264533996582, 13694
0.791264533996582, 13693
0.791264533996582, 13692
0.791264533996582, 13691
0.791264533996582, 13690
0.7922630310058594, 13689
0.7922630310058594, 13688
0.7922630310058594, 13687
0.7922630310058594, 13686
0.7922630310058594, 13685
0.7922630310058594, 13684
0.7922630310058594, 13683
0.7922630310058594, 13682
0.7922630310058594, 13681
0.7922630310058594, 13680
0.7922630310058594, 13679
0.7922630310058594, 13678
0.7922630310058594, 13677
0.7932627201080322, 13676
0.793358325958252, 13675
0.793358325958252, 13674
0.793358325958252, 13673
0.793358325958252, 13672
0.793358325958252, 13671
1.82930326461792, 13670
1.82930326461792, 13669
1.82930326461792, 13668
1.82930326461792, 13667
1.82930326461792, 13666
1.82930326461792, 13665
1.82930326461792, 13664
1.82930326461792, 13663
1.82930326461792, 13662
1.82930326461792, 13661
1.82930326461792, 13660
1.82930326461792, 13659
1.83030366897583, 13658
1.83030366897583, 13657
1.83030366897583, 13656
1.83030366897583, 13655
1.83030366897583, 13654
1.83030366897583, 13653
1.83030366897583, 13652
1.83030366897583, 13651
1.83030366897583, 13650
1.83030366897583, 13649
1.83030366897583, 13648
1.83030366897583, 13647
1.83030366897583, 13646
1.83030366897583, 13645
1.8313028812408447, 13644
1.8313028812408447, 13643
1.8313028812408447, 13642
1.8313028812408447, 13641
1.8313028812408447, 13640
1.8313028812408447, 13639
1.8313028812408447, 13638
1.8313028812408447, 13637
1.8318562507629395, 13636
1.8318562507629395, 13635
1.8318562507629395, 13634
1.8318562507629395, 13633
1.8318562507629395, 13632
1.8318562507629395, 13631
1.8318562507629395, 13630
1.8323025703430176, 13629
1.8323025703430176, 13628
1.8323025703430176, 13627
1.8323025703430176, 13626
1.8323025703430176, 13625
1.8323025703430176, 13624
1.8323025703430176, 13623
1.8323025703430176, 13622
1.8323025703430176, 13621
1.8323025703430176, 13620
1.8323025703430176, 13619
1.8323025703430176, 13618
1.8323025703430176, 13617
1.8323025703430176, 13616
1.8333024978637695, 13615
1.8333024978637695, 13614
1.8333024978637695, 13613
1.8333024978637695, 13612
1.8333024978637695, 13611
1.8333024978637695, 13610
1.8333024978637695, 13609
1.8333024978637695, 13608
1.8333024978637695, 13607
1.8333024978637695, 13606
1.8333024978637695, 13605
1.8333024978637695, 13604
1.8333024978637695, 13603
1.8333024978637695, 13602
1.8333024978637695, 13601
1.8343029022216797, 13600
1.8343029022216797, 13599
1.8343029022216797, 13598
1.8343029022216797, 13597
1.8343029022216797, 13596
1.8343029022216797, 13595
1.8343029022216797, 13594
1.8343029022216797, 13593
1.8343029022216797, 13592
1.8343029022216797, 13591
1.8343029022216797, 13590
1.8343029022216797, 13589
1.8343029022216797, 13588
1.8343029022216797, 13587
1.8353030681610107, 13586
1.8353030681610107, 13585
1.8353030681610107, 13584
1.8353030681610107, 13583
1.8353030681610107, 13582
1.8353030681610107, 13581
1.8353030681610107, 13580
1.8353030681610107, 13579
1.8353030681610107, 13578
1.8353030681610107, 13577
1.8353030681610107, 13576
1.8353030681610107, 13575
1.8353030681610107, 13574
1.8353030681610107, 13573
1.8353030681610107, 13572
1.8363029956817627, 13571
1.8363029956817627, 13570
1.8363029956817627, 13569
1.8363029956817627, 13568
1.8363029956817627, 13567
1.8363029956817627, 13566
1.8363029956817627, 13565
1.8363029956817627, 13564
1.8363029956817627, 13563
1.8363029956817627, 13562
1.8363029956817627, 13561
1.8363029956817627, 13560
1.8363029956817627, 13559
1.8363029956817627, 13558
1.8373029232025146, 13557
1.8373029232025146, 13556
1.8373029232025146, 13555
1.8373029232025146, 13554
1.8373029232025146, 13553
1.8373029232025146, 13552
1.8373029232025146, 13551
1.8373029232025146, 13550
1.8373029232025146, 13549
1.8383028507232666, 13548
1.8383028507232666, 13547
1.8383028507232666, 13546
1.8383028507232666, 13545
1.8383028507232666, 13544
1.8383028507232666, 13543
1.8383028507232666, 13542
1.8383028507232666, 13541
1.8383028507232666, 13540
1.8383028507232666, 13539
1.8383028507232666, 13538
1.8393042087554932, 13537
1.8393042087554932, 13536
1.8393042087554932, 13535
1.8393042087554932, 13534
1.8393042087554932, 13533
1.8393042087554932, 13532
1.8393042087554932, 13531
1.8393042087554932, 13530
1.8393042087554932, 13529
1.8393042087554932, 13528
1.8393042087554932, 13527
1.8393042087554932, 13526
1.8393042087554932, 13525
1.8393042087554932, 13524
1.8403041362762451, 13523
1.8403041362762451, 13522
1.8403041362762451, 13521
1.8403041362762451, 13520
1.8403041362762451, 13519
1.8403041362762451, 13518
1.8403041362762451, 13517
1.8403041362762451, 13516
1.8403041362762451, 13515
1.8403041362762451, 13514
1.8403041362762451, 13513
1.8403041362762451, 13512
1.8403041362762451, 13511
1.8403041362762451, 13510
1.8403041362762451, 13509
1.8413043022155762, 13508
1.8413043022155762, 13507
1.8413043022155762, 13506
1.8413043022155762, 13505
1.8413043022155762, 13504
1.8413043022155762, 13503
1.8413043022155762, 13502
1.8413043022155762, 13501
1.8413043022155762, 13500
1.8413043022155762, 13499
1.8413043022155762, 13498
1.8413043022155762, 13497
1.8413043022155762, 13496
1.8413043022155762, 13495
1.8423042297363281, 13494
1.8424150943756104, 13493
1.8424150943756104, 13492
1.8424150943756104, 13491
1.8424150943756104, 13490
1.8424150943756104, 13489
1.8424150943756104, 13488
1.8424150943756104, 13487
1.8424150943756104, 13486
1.8424150943756104, 13485
1.8424150943756104, 13484
1.8424150943756104, 13483
1.8424150943756104, 13482
1.8424150943756104, 13481
1.84330415725708, 13480
1.84330415725708, 13479
1.84330415725708, 13478
1.84330415725708, 13477
1.84330415725708, 13476
1.84330415725708, 13475
1.84330415725708, 13474
1.84330415725708, 13473
1.84330415725708, 13472
1.84330415725708, 13471
1.84330415725708, 13470
1.84330415725708, 13469
1.84330415725708, 13468
1.84330415725708, 13467
1.8443048000335693, 13466
1.8443686962127686, 13465
1.8443686962127686, 13464
1.8443686962127686, 13463
1.8443686962127686, 13462
1.8443686962127686, 13461
1.8443686962127686, 13460
1.8443686962127686, 13459
1.8443686962127686, 13458
1.8443686962127686, 13457
1.8443686962127686, 13456
1.8443686962127686, 13455
1.8443686962127686, 13454
1.8443686962127686, 13453
1.8453037738800049, 13452
1.8453037738800049, 13451
1.8453037738800049, 13450
1.8453037738800049, 13449
1.8453037738800049, 13448
1.8453037738800049, 13447
1.8453037738800049, 13446
1.8453037738800049, 13445
1.8453037738800049, 13444
1.8453037738800049, 13443
1.8453037738800049, 13442
1.8453037738800049, 13441
1.8453037738800049, 13440
1.8453037738800049, 13439
1.8463034629821777, 13438
1.8463034629821777, 13437
