0.18213891983032227, 14041
0.18213891983032227, 14040
0.18243169784545898, 14039
0.18243169784545898, 14038
0.18243169784545898, 14037
0.18243169784545898, 14036
0.18243169784545898, 14035
0.18243169784545898, 14034
0.18243169784545898, 14033
0.18243169784545898, 14032
0.18243169784545898, 14031
0.18243169784545898, 14030
0.18243169784545898, 14029
0.18313980102539062, 14028
0.18313980102539062, 14027
0.18313980102539062, 14026
0.18313980102539062, 14025
0.18313980102539062, 14024
0.18313980102539062, 14023
0.18313980102539062, 14022
0.18313980102539062, 14021
0.18313980102539062, 14020
0.18313980102539062, 14019
0.18313980102539062, 14018
0.18313980102539062, 14017
0.18313980102539062, 14016
0.18313980102539062, 14015
0.18313980102539062, 14014
0.18413901329040527, 14013
0.18413901329040527, 14012
0.18413901329040527, 14011
0.18413901329040527, 14010
0.18413901329040527, 14009
0.18413901329040527, 14008
0.18413901329040527, 14007
0.18413901329040527, 14006
0.18413901329040527, 14005
0.18413901329040527, 14004
0.18413901329040527, 14003
0.18413901329040527, 14002
0.18413901329040527, 14001
0.18413901329040527, 14000
0.18413901329040527, 13999
0.18413901329040527, 13998
0.18513870239257812, 13997
0.18513870239257812, 13996
0.18528437614440918, 13995
0.18528437614440918, 13994
0.18528437614440918, 13993
0.18528437614440918, 13992
0.18528437614440918, 13991
0.18528437614440918, 13990
0.18528437614440918, 13989
0.18528437614440918, 13988
0.18528437614440918, 13987
0.18528437614440918, 13986
0.18528437614440918, 13985
0.18528437614440918, 13984
0.18528437614440918, 13983
0.18613982200622559, 13982
0.18613982200622559, 13981
0.18613982200622559, 13980
0.18613982200622559, 13979
0.18613982200622559, 13978
0.18613982200622559, 13977
0.18613982200622559, 13976
0.18613982200622559, 13975
0.18613982200622559, 13974
0.18613982200622559, 13973
0.18613982200622559, 13972
0.18613982200622559, 13971
0.18613982200622559, 13970
0.18613982200622559, 13969
0.18613982200622559, 13968
0.18613982200622559, 13967
0.18713927268981934, 13966
0.18713927268981934, 13965
0.18713927268981934, 13964
0.18713927268981934, 13963
0.18713927268981934, 13962
0.18713927268981934, 13961
0.18713927268981934, 13960
0.18713927268981934, 13959
0.18713927268981934, 13958
0.18713927268981934, 13957
0.18713927268981934, 13956
0.18713927268981934, 13955
0.18713927268981934, 13954
0.18713927268981934, 13953
0.18713927268981934, 13952
0.18713927268981934, 13951
0.18813872337341309, 13950
0.18813872337341309, 13949
0.18813872337341309, 13948
0.18813872337341309, 13947
0.18813872337341309, 13946
0.18813872337341309, 13945
0.18813872337341309, 13944
0.18813872337341309, 13943
0.18813872337341309, 13942
0.18813872337341309, 13941
0.18813872337341309, 13940
0.18813872337341309, 13939
0.18892574310302734, 13938
0.18892574310302734, 13937
0.18892574310302734, 13936
0.18913912773132324, 13935
0.18913912773132324, 13934
0.18913912773132324, 13933
0.18913912773132324, 13932
0.18913912773132324, 13931
0.18913912773132324, 13930
0.18913912773132324, 13929
0.18913912773132324, 13928
0.18913912773132324, 13927
0.18913912773132324, 13926
0.18913912773132324, 13925
0.18913912773132324, 13924
0.18913912773132324, 13923
0.18913912773132324, 13922
0.18913912773132324, 13921
0.18913912773132324, 13920
0.1901388168334961, 13919
0.1901388168334961, 13918
0.1901388168334961, 13917
0.1901388168334961, 13916
0.1901388168334961, 13915
0.1901388168334961, 13914
0.1901388168334961, 13913
0.1901388168334961, 13912
0.1901388168334961, 13911
0.1901388168334961, 13910
0.1901388168334961, 13909
0.1901388168334961, 13908
0.1901388168334961, 13907
0.1901388168334961, 13906
0.1901388168334961, 13905
0.1901388168334961, 13904
0.19113874435424805, 13903
0.19113874435424805, 13902
0.19113874435424805, 13901
0.19113874435424805, 13900
0.19113874435424805, 13899
0.19113874435424805, 13898
0.19113874435424805, 13897
0.19113874435424805, 13896
0.19113874435424805, 13895
0.19113874435424805, 13894
0.19113874435424805, 13893
0.19113874435424805, 13892
0.19193768501281738, 13891
0.19193768501281738, 13890
0.19214129447937012, 13889
0.19214129447937012, 13888
0.19214129447937012, 13887
0.19214129447937012, 13886
0.19214129447937012, 13885
0.19214129447937012, 13884
0.19214129447937012, 13883
0.19214129447937012, 13882
0.19214129447937012, 13881
0.19214129447937012, 13880
0.19214129447937012, 13879
0.19214129447937012, 13878
0.19313979148864746, 13877
0.19313979148864746, 13876
0.19313979148864746, 13875
0.19313979148864746, 13874
0.19313979148864746, 13873
0.19313979148864746, 13872
0.19313979148864746, 13871
0.19313979148864746, 13870
0.19313979148864746, 13869
0.19313979148864746, 13868
0.19313979148864746, 13867
0.19313979148864746, 13866
0.19313979148864746, 13865
0.19313979148864746, 13864
0.19414067268371582, 13863
0.19414067268371582, 13862
0.19414067268371582, 13861
0.19414067268371582, 13860
0.19414067268371582, 13859
0.19414067268371582, 13858
0.19414067268371582, 13857
0.19414067268371582, 13856
0.19414067268371582, 13855
0.19414067268371582, 13854
0.19414067268371582, 13853
0.19414067268371582, 13852
0.19414067268371582, 13851
0.19414067268371582, 13850
0.19414067268371582, 13849
0.19514036178588867, 13848
0.19514036178588867, 13847
0.19514036178588867, 13846
0.19514036178588867, 13845
0.19514036178588867, 13844
0.19514036178588867, 13843
0.19514036178588867, 13842
0.19514036178588867, 13841
0.19514036178588867, 13840
0.19514036178588867, 13839
0.19514036178588867, 13838
0.19514036178588867, 13837
0.19514036178588867, 13836
0.19514036178588867, 13835
0.19514036178588867, 13834
0.19514036178588867, 13833
0.19614124298095703, 13832
0.19614124298095703, 13831
0.19614124298095703, 13830
0.19614124298095703, 13829
0.19614124298095703, 13828
0.19614124298095703, 13827
0.19614124298095703, 13826
0.19614124298095703, 13825
0.19614124298095703, 13824
0.19614124298095703, 13823
0.19614124298095703, 13822
0.19614124298095703, 13821
0.19614124298095703, 13820
0.19614124298095703, 13819
0.19714069366455078, 13818
0.19714069366455078, 13817
0.19714069366455078, 13816
0.19714069366455078, 13815
0.19714069366455078, 13814
0.19714069366455078, 13813
0.19714069366455078, 13812
0.19714069366455078, 13811
0.19714069366455078, 13810
0.19714069366455078, 13809
0.19714069366455078, 13808
0.19714069366455078, 13807
0.19714069366455078, 13806
0.19714069366455078, 13805
0.19714069366455078, 13804
0.19814085960388184, 13803
0.19814085960388184, 13802
0.19814085960388184, 13801
0.19814085960388184, 13800
0.19814085960388184, 13799
0.19814085960388184, 13798
0.19814085960388184, 13797
0.19814085960388184, 13796
0.19814085960388184, 13795
0.19814085960388184, 13794
0.19814085960388184, 13793
0.19814085960388184, 13792
0.19814085960388184, 13791
0.19895124435424805, 13790
0.19895124435424805, 13789
0.19895124435424805, 13788
0.19913983345031738, 13787
0.19913983345031738, 13786
0.19913983345031738, 13785
0.19913983345031738, 13784
0.19913983345031738, 13783
0.19953179359436035, 13782
0.19953179359436035, 13781
0.19953179359436035, 13780
0.19953179359436035, 13779
0.19953179359436035, 13778
0.19953179359436035, 13777
0.19953179359436035, 13776
0.19953179359436035, 13775
0.19953179359436035, 13774
0.19953179359436035, 13773
0.20013999938964844, 13772
0.20013999938964844, 13771
0.20013999938964844, 13770
0.20013999938964844, 13769
0.20013999938964844, 13768
0.20013999938964844, 13767
0.20013999938964844, 13766
0.20013999938964844, 13765
0.20013999938964844, 13764
0.20013999938964844, 13763
0.20013999938964844, 13762
0.20013999938964844, 13761
0.20013999938964844, 13760
0.20013999938964844, 13759
0.20013999938964844, 13758
0.2011399269104004, 13757
0.2011399269104004, 13756
0.2011399269104004, 13755
0.2011399269104004, 13754
0.2011399269104004, 13753
0.2011399269104004, 13752
0.2011399269104004, 13751
0.2011399269104004, 13750
0.2011399269104004, 13749
0.2011399269104004, 13748
0.2011399269104004, 13747
0.2011399269104004, 13746
0.2011399269104004, 13745
0.2011399269104004, 13744
0.2011399269104004, 13743
0.20214009284973145, 13742
0.20214009284973145, 13741
0.20214009284973145, 13740
0.20214009284973145, 13739
0.20214009284973145, 13738
0.20214009284973145, 13737
0.20214009284973145, 13736
0.20214009284973145, 13735
0.20214009284973145, 13734
0.20214009284973145, 13733
0.20214009284973145, 13732
0.20214009284973145, 13731
0.20214009284973145, 13730
0.20214009284973145, 13729
0.20214009284973145, 13728
0.2031409740447998, 13727
0.2031409740447998, 13726
0.2031409740447998, 13725
0.2031409740447998, 13724
0.2031409740447998, 13723
0.2031409740447998, 13722
0.2031409740447998, 13721
0.2031409740447998, 13720
0.2031409740447998, 13719
0.2031409740447998, 13718
0.2031409740447998, 13717
0.2031409740447998, 13716
0.2031409740447998, 13715
0.2031409740447998, 13714
0.2031409740447998, 13713
0.2031409740447998, 13712
0.20414090156555176, 13711
0.20414090156555176, 13710
0.20414090156555176, 13709
0.20414090156555176, 13708
0.20414090156555176, 13707
0.20414090156555176, 13706
0.20414090156555176, 13705
0.20414090156555176, 13704
0.20414090156555176, 13703
0.20414090156555176, 13702
0.20414090156555176, 13701
0.20414090156555176, 13700
0.20414090156555176, 13699
0.20414090156555176, 13698
0.20414090156555176, 13697
0.2051398754119873, 13696
0.2051398754119873, 13695
0.20529890060424805, 13694
0.20529890060424805, 13693
0.20529890060424805, 13692
0.20529890060424805, 13691
0.20529890060424805, 13690
0.20529890060424805, 13689
0.20529890060424805, 13688
0.20529890060424805, 13687
0.20529890060424805, 13686
0.20529890060424805, 13685
0.20529890060424805, 13684
0.20529890060424805, 13683
0.20529890060424805, 13682
0.20614027976989746, 13681
0.20614027976989746, 13680
0.20614027976989746, 13679
0.20614027976989746, 13678
0.20614027976989746, 13677
0.20614027976989746, 13676
0.20614027976989746, 13675
0.20614027976989746, 13674
0.20614027976989746, 13673
0.20614027976989746, 13672
0.20614027976989746, 13671
0.20614027976989746, 13670
0.20614027976989746, 13669
0.20614027976989746, 13668
0.20614027976989746, 13667
0.20614027976989746, 13666
0.20720958709716797, 13665
0.20720958709716797, 13664
0.20720958709716797, 13663
0.20720958709716797, 13662
0.20720958709716797, 13661
0.20720958709716797, 13660
0.20720958709716797, 13659
0.20720958709716797, 13658
0.20720958709716797, 13657
0.20720958709716797, 13656
0.20814061164855957, 13655
0.20814061164855957, 13654
0.20814061164855957, 13653
0.20814061164855957, 13652
0.20814061164855957, 13651
0.20814061164855957, 13650
0.20814061164855957, 13649
0.20814061164855957, 13648
0.20814061164855957, 13647
0.20814061164855957, 13646
0.20814061164855957, 13645
0.20814061164855957, 13644
0.20814061164855957, 13643
0.20814061164855957, 13642
0.20814061164855957, 13641
0.20914030075073242, 13640
0.20914030075073242, 13639
0.20914030075073242, 13638
0.20914030075073242, 13637
0.20914030075073242, 13636
0.20914030075073242, 13635
0.20914030075073242, 13634
0.20914030075073242, 13633
0.20914030075073242, 13632
0.20914030075073242, 13631
0.20914030075073242, 13630
0.20914030075073242, 13629
0.20914030075073242, 13628
0.20914030075073242, 13627
0.21014118194580078, 13626
0.21014118194580078, 13625
0.21014118194580078, 13624
0.21014118194580078, 13623
0.21014118194580078, 13622
0.21014118194580078, 13621
0.21014118194580078, 13620
0.21014118194580078, 13619
0.21014118194580078, 13618
0.21014118194580078, 13617
0.21014118194580078, 13616
0.21014118194580078, 13615
0.21014118194580078, 13614
0.21014118194580078, 13613
0.21014118194580078, 13612
0.21114015579223633, 13611
0.21114015579223633, 13610
0.21114015579223633, 13609
0.21114015579223633, 13608
0.21114015579223633, 13607
0.21114015579223633, 13606
0.21114015579223633, 13605
0.21114015579223633, 13604
0.21114015579223633, 13603
0.21114015579223633, 13602
0.21114015579223633, 13601
0.21114015579223633, 13600
0.21114015579223633, 13599
0.21114015579223633, 13598
0.21114015579223633, 13597
0.21214008331298828, 13596
0.21214008331298828, 13595
0.21214008331298828, 13594
0.21214008331298828, 13593
0.21214008331298828, 13592
0.21214008331298828, 13591
0.21214008331298828, 13590
0.21214008331298828, 13589
0.21214008331298828, 13588
0.21214008331298828, 13587
0.21214008331298828, 13586
0.21214008331298828, 13585
0.21214008331298828, 13584
0.21214008331298828, 13583
0.21214008331298828, 13582
0.21313977241516113, 13581
0.21313977241516113, 13580
0.21313977241516113, 13579
0.21313977241516113, 13578
0.21313977241516113, 13577
0.21313977241516113, 13576
0.21313977241516113, 13575
0.21313977241516113, 13574
0.21313977241516113, 13573
0.21313977241516113, 13572
0.21313977241516113, 13571
0.21313977241516113, 13570
0.21313977241516113, 13569
0.21313977241516113, 13568
0.21313977241516113, 13567
0.21313977241516113, 13566
0.2141399383544922, 13565
0.2141399383544922, 13564
0.2141399383544922, 13563
0.2141399383544922, 13562
0.2141399383544922, 13561
0.2141399383544922, 13560
0.2141399383544922, 13559
0.2141399383544922, 13558
0.2141399383544922, 13557
0.2141399383544922, 13556
0.2141399383544922, 13555
0.2141399383544922, 13554
0.2141399383544922, 13553
0.2141399383544922, 13552
0.2141399383544922, 13551
0.21516919136047363, 13550
0.21516919136047363, 13549
0.21516919136047363, 13548
0.21516919136047363, 13547
0.21516919136047363, 13546
0.21516919136047363, 13545
0.21516919136047363, 13544
0.21516919136047363, 13543
0.21516919136047363, 13542
0.21516919136047363, 13541
0.21516919136047363, 13540
0.21516919136047363, 13539
0.21516919136047363, 13538
0.21516919136047363, 13537
0.21516919136047363, 13536
0.2161695957183838, 13535
0.2161695957183838, 13534
0.2161695957183838, 13533
0.2161695957183838, 13532
0.2161695957183838, 13531
0.2161695957183838, 13530
0.2161695957183838, 13529
0.2161695957183838, 13528
0.2161695957183838, 13527
0.2161695957183838, 13526
0.2161695957183838, 13525
0.2161695957183838, 13524
0.2161695957183838, 13523
0.2161695957183838, 13522
0.2161695957183838, 13521
0.21716904640197754, 13520
0.21716904640197754, 13519
0.21716904640197754, 13518
0.21716904640197754, 13517
0.21716904640197754, 13516
0.21716904640197754, 13515
0.21716904640197754, 13514
0.21716904640197754, 13513
0.21716904640197754, 13512
0.21716904640197754, 13511
0.21716904640197754, 13510
0.21716904640197754, 13509
0.21716904640197754, 13508
0.21716904640197754, 13507
0.21716904640197754, 13506
0.2181699275970459, 13505
0.2181699275970459, 13504
0.2181699275970459, 13503
0.2181699275970459, 13502
0.2181699275970459, 13501
0.2181699275970459, 13500
0.2181699275970459, 13499
0.2181699275970459, 13498
0.2181699275970459, 13497
0.2181699275970459, 13496
0.2181699275970459, 13495
0.2181699275970459, 13494
0.2181699275970459, 13493
0.2181699275970459, 13492
0.2181699275970459, 13491
0.21917009353637695, 13490
0.21917009353637695, 13489
0.21917009353637695, 13488
0.21917009353637695, 13487
0.21917009353637695, 13486
0.21917009353637695, 13485
0.21917009353637695, 13484
0.21917009353637695, 13483
0.21917009353637695, 13482
0.21917009353637695, 13481
0.21917009353637695, 13480
0.21917009353637695, 13479
0.21917009353637695, 13478
0.21917009353637695, 13477
0.21917009353637695, 13476
0.21917009353637695, 13475
0.2201693058013916, 13474
0.2201693058013916, 13473
0.2201693058013916, 13472
0.2201693058013916, 13471
0.2201693058013916, 13470
0.2201693058013916, 13469
0.2201693058013916, 13468
0.2201693058013916, 13467
0.2201693058013916, 13466
0.2201693058013916, 13465
0.2201693058013916, 13464
0.2201693058013916, 13463
0.2201693058013916, 13462
0.2201693058013916, 13461
0.2201693058013916, 13460
0.22116899490356445, 13459
0.22116899490356445, 13458
0.22116899490356445, 13457
0.22116899490356445, 13456
0.22116899490356445, 13455
0.22116899490356445, 13454
0.22116899490356445, 13453
0.22116899490356445, 13452
0.22116899490356445, 13451
0.22116899490356445, 13450
0.22116899490356445, 13449
0.22116899490356445, 13448
0.22116899490356445, 13447
0.22116899490356445, 13446
0.22116899490356445, 13445
0.2221691608428955, 13444
0.2222287654876709, 13443
0.2222287654876709, 13442
0.2222287654876709, 13441
0.2222287654876709, 13440
0.2222287654876709, 13439
0.2222287654876709, 13438
0.2222287654876709, 13437
0.2222287654876709, 13436
0.2222287654876709, 13435
0.2222287654876709, 13434
0.2222287654876709, 13433
0.2222287654876709, 13432
0.2222287654876709, 13431
0.22317028045654297, 13430
0.22317028045654297, 13429
0.22317028045654297, 13428
0.22317028045654297, 13427
0.22317028045654297, 13426
0.22317028045654297, 13425
0.22317028045654297, 13424
0.22317028045654297, 13423
0.22317028045654297, 13422
0.22317028045654297, 13421
0.22317028045654297, 13420
0.22317028045654297, 13419
0.22317028045654297, 13418
0.22317028045654297, 13417
0.22317028045654297, 13416
0.22317028045654297, 13415
0.22416901588439941, 13414
0.22416901588439941, 13413
0.22416901588439941, 13412
0.22416901588439941, 13411
0.22416901588439941, 13410
0.22416901588439941, 13409
0.22416901588439941, 13408
0.22416901588439941, 13407
0.22416901588439941, 13406
0.22416901588439941, 13405
0.22416901588439941, 13404
0.22416901588439941, 13403
0.22416901588439941, 13402
0.22416901588439941, 13401
0.22516965866088867, 13400
0.22516965866088867, 13399
0.22516965866088867, 13398
0.22516965866088867, 13397
0.22516965866088867, 13396
0.22516965866088867, 13395
0.22516965866088867, 13394
0.22516965866088867, 13393
0.22516965866088867, 13392
0.22516965866088867, 13391
0.22516965866088867, 13390
0.22516965866088867, 13389
0.22516965866088867, 13388
0.22516965866088867, 13387
0.22516965866088867, 13386
0.22616934776306152, 13385
0.22616934776306152, 13384
0.22616934776306152, 13383
0.22616934776306152, 13382
0.22616934776306152, 13381
0.22616934776306152, 13380
0.22616934776306152, 13379
0.22616934776306152, 13378
0.22616934776306152, 13377
0.22616934776306152, 13376
0.22616934776306152, 13375
0.22616934776306152, 13374
0.22616934776306152, 13373
0.22616934776306152, 13372
0.22616934776306152, 13371
0.22716927528381348, 13370
0.22716927528381348, 13369
0.22716927528381348, 13368
0.22716927528381348, 13367
0.22716927528381348, 13366
0.22716927528381348, 13365
0.22716927528381348, 13364
0.22716927528381348, 13363
0.22716927528381348, 13362
0.22716927528381348, 13361
0.22716927528381348, 13360
0.22716927528381348, 13359
0.22716927528381348, 13358
0.22716927528381348, 13357
0.22716927528381348, 13356
0.22816920280456543, 13355
0.22816920280456543, 13354
0.22816920280456543, 13353
0.22816920280456543, 13352
0.22816920280456543, 13351
0.22816920280456543, 13350
0.22816920280456543, 13349
0.22816920280456543, 13348
0.22816920280456543, 13347
0.22816920280456543, 13346
0.22816920280456543, 13345
0.22816920280456543, 13344
0.22816920280456543, 13343
0.22816920280456543, 13342
0.22816920280456543, 13341
0.22916913032531738, 13340
0.22916913032531738, 13339
0.22916913032531738, 13338
0.22916913032531738, 13337
0.22916913032531738, 13336
0.22916913032531738, 13335
0.22916913032531738, 13334
0.22916913032531738, 13333
0.22916913032531738, 13332
0.22916913032531738, 13331
0.22916913032531738, 13330
0.22916913032531738, 13329
0.22916913032531738, 13328
0.22916913032531738, 13327
0.22916913032531738, 13326
0.23016905784606934, 13325
0.23016905784606934, 13324
0.23016905784606934, 13323
0.23016905784606934, 13322
0.23016905784606934, 13321
0.23016905784606934, 13320
0.23016905784606934, 13319
0.23016905784606934, 13318
0.23016905784606934, 13317
0.23016905784606934, 13316
0.23016905784606934, 13315
0.23016905784606934, 13314
0.23016905784606934, 13313
0.23016905784606934, 13312
0.23016905784606934, 13311
4.348392724990845, 13310
4.349336385726929, 13309
4.349336385726929, 13308
4.349336385726929, 13307
4.349336385726929, 13306
4.349336385726929, 13305
4.349336385726929, 13304
4.349336385726929, 13303
4.349336385726929, 13302
4.349336385726929, 13301
4.349336385726929, 13300
4.349336385726929, 13299
4.349336385726929, 13298
4.349336385726929, 13297
4.349336385726929, 13296
4.349336385726929, 13295
4.3503358364105225, 13294
4.3503358364105225, 13293
4.3503358364105225, 13292
4.3503358364105225, 13291
4.3503358364105225, 13290
4.3503358364105225, 13289
4.3503358364105225, 13288
4.3503358364105225, 13287
4.3503358364105225, 13286
4.3503358364105225, 13285
4.3503358364105225, 13284
4.3503358364105225, 13283
4.3503358364105225, 13282
4.3503358364105225, 13281
4.351336240768433, 13280
4.351336240768433, 13279
4.351336240768433, 13278
4.351336240768433, 13277
4.351336240768433, 13276
4.351336240768433, 13275
4.351336240768433, 13274
4.351336240768433, 13273
4.351336240768433, 13272
4.351336240768433, 13271
4.351336240768433, 13270
4.351336240768433, 13269
4.351336240768433, 13268
4.351336240768433, 13267
4.352336406707764, 13266
4.352396488189697, 13265
4.352396488189697, 13264
4.352396488189697, 13263
4.352396488189697, 13262
4.352396488189697, 13261
4.352396488189697, 13260
4.352396488189697, 13259
5.603325843811035, 10373
5.6043243408203125, 10372
5.6043243408203125, 10371
5.6043243408203125, 10370
5.6043243408203125, 10369
5.6043243408203125, 10368
5.6043243408203125, 10367
5.6043243408203125, 10366
5.6043243408203125, 10365
5.6043243408203125, 10364
5.6043243408203125, 10363
5.6043243408203125, 10362
5.6043243408203125, 10361
5.6043243408203125, 10360
5.6043243408203125, 10359
5.605325222015381, 10358
5.605325222015381, 10357
5.605325222015381, 10356
5.605325222015381, 10355
5.605325222015381, 10354
5.605325222015381, 10353
5.605325222015381, 10352
5.605325222015381, 10351
5.605325222015381, 10350
5.605325222015381, 10349
5.605325222015381, 10348
5.606326580047607, 10347
5.606326580047607, 10346
5.606326580047607, 10345
5.606326580047607, 10344
5.606326580047607, 10343
5.606326580047607, 10342
5.606326580047607, 10341
5.606326580047607, 10340
5.606326580047607, 10339
5.606326580047607, 10338
5.606326580047607, 10337
5.606326580047607, 10336
5.606326580047607, 10335
5.607324123382568, 10334
5.607324123382568, 10333
5.607324123382568, 10332
5.607324123382568, 10331
5.607324123382568, 10330
5.607324123382568, 10329
5.607324123382568, 10328
5.607324123382568, 10327
5.607324123382568, 10326
5.607324123382568, 10325
5.607324123382568, 10324
5.607324123382568, 10323
5.607324123382568, 10322
5.608323574066162, 10321
5.608323574066162, 10320
5.608323574066162, 10319
5.608323574066162, 10318
5.608323574066162, 10317
5.608323574066162, 10316
5.608323574066162, 10315
5.608323574066162, 10314
5.608323574066162, 10313
5.608323574066162, 10312
5.608323574066162, 10311
5.608323574066162, 10310
5.608323574066162, 10309
5.609325170516968, 10308
5.609325170516968, 10307
5.609325170516968, 10306
5.609325170516968, 10305
5.609325170516968, 10304
5.609325170516968, 10303
5.609325170516968, 10302
5.609325170516968, 10301
5.609325170516968, 10300
5.609325170516968, 10299
5.609325170516968, 10298
5.609325170516968, 10297
5.609325170516968, 10296
5.609325170516968, 10295
5.610324859619141, 10294
5.610324859619141, 10293
5.610324859619141, 10292
5.610324859619141, 10291
5.610324859619141, 10290
5.610324859619141, 10289
5.610324859619141, 10288
5.610324859619141, 10287
5.610324859619141, 10286
5.610324859619141, 10285
5.610324859619141, 10284
5.610324859619141, 10283
5.610324859619141, 10282
5.610324859619141, 10281
5.611323833465576, 10280
5.611323833465576, 10279
5.611323833465576, 10278
5.611323833465576, 10277
5.611323833465576, 10276
5.611323833465576, 10275
5.611323833465576, 10274
5.611323833465576, 10273
5.611323833465576, 10272
5.611323833465576, 10271
5.611323833465576, 10270
5.611323833465576, 10269
5.611323833465576, 10268
5.6123247146606445, 10267
5.6123247146606445, 10266
5.6123247146606445, 10265
5.6123247146606445, 10264
5.6123247146606445, 10263
5.6123247146606445, 10262
5.6123247146606445, 10261
5.6123247146606445, 10260
5.6123247146606445, 10259
5.6123247146606445, 10258
5.6123247146606445, 10257
5.6123247146606445, 10256
5.6123247146606445, 10255
5.6123247146606445, 10254
5.6133246421813965, 10253
5.6133246421813965, 10252
5.6133246421813965, 10251
5.6133246421813965, 10250
5.6133246421813965, 10249
5.6133246421813965, 10248
5.6133246421813965, 10247
5.6133246421813965, 10246
5.6133246421813965, 10245
5.6133246421813965, 10244
5.6133246421813965, 10243
5.6133246421813965, 10242
5.6133246421813965, 10241
5.614324569702148, 10240
5.614324569702148, 10239
5.614324569702148, 10238
5.614324569702148, 10237
5.614324569702148, 10236
5.614324569702148, 10235
5.614324569702148, 10234
5.614324569702148, 10233
5.614324569702148, 10232
5.614324569702148, 10231
5.614324569702148, 10230
5.614324569702148, 10229
5.614324569702148, 10228
5.615355491638184, 10227
5.615355491638184, 10226
5.615355491638184, 10225
5.615355491638184, 10224
5.615355491638184, 10223
5.615355491638184, 10222
5.615355491638184, 10221
5.615355491638184, 10220
5.615355491638184, 10219
5.615355491638184, 10218
5.615355491638184, 10217
5.615355491638184, 10216
5.615355491638184, 10215
5.6163551807403564, 10214
5.6163551807403564, 10213
5.6163551807403564, 10212
5.6163551807403564, 10211
5.6163551807403564, 10210
5.6163551807403564, 10209
5.6163551807403564, 10208
5.6163551807403564, 10207
5.6163551807403564, 10206
5.6163551807403564, 10205
5.6163551807403564, 10204
5.6163551807403564, 10203
5.6163551807403564, 10202
5.617355108261108, 10201
5.617355108261108, 10200
5.617355108261108, 10199
5.617355108261108, 10198
5.617355108261108, 10197
5.617355108261108, 10196
5.617355108261108, 10195
5.617355108261108, 10194
5.617355108261108, 10193
5.617355108261108, 10192
5.617355108261108, 10191
5.617355108261108, 10190
5.617355108261108, 10189
5.617355108261108, 10188
5.61835503578186, 10187
5.61835503578186, 10186
5.61835503578186, 10185
5.61835503578186, 10184
5.61835503578186, 10183
5.61835503578186, 10182
5.61835503578186, 10181
5.61835503578186, 10180
5.61835503578186, 10179
5.61835503578186, 10178
5.61835503578186, 10177
5.61835503578186, 10176
5.61835503578186, 10175
5.619354963302612, 10174
5.619354963302612, 10173
5.619354963302612, 10172
5.619354963302612, 10171
5.619354963302612, 10170
5.619354963302612, 10169
5.619354963302612, 10168
5.619354963302612, 10167
5.619354963302612, 10166
5.619354963302612, 10165
5.619354963302612, 10164
5.619354963302612, 10163
5.619354963302612, 10162
5.620354890823364, 10161
5.620354890823364, 10160
5.620354890823364, 10159
5.620354890823364, 10158
5.620354890823364, 10157
5.620354890823364, 10156
5.620354890823364, 10155
5.620354890823364, 10154
5.620354890823364, 10153
5.620354890823364, 10152
5.620354890823364, 10151
5.620354890823364, 10150
5.620354890823364, 10149
5.621355056762695, 10148
5.621416091918945, 10147
5.621416091918945, 10146
5.621416091918945, 10145
5.621416091918945, 10144
5.621416091918945, 10143
5.621416091918945, 10142
5.621416091918945, 10141
5.621416091918945, 10140
5.621416091918945, 10139
5.622357368469238, 10138
5.622357368469238, 10137
5.622357368469238, 10136
5.622357368469238, 10135
5.622357368469238, 10134
5.622357368469238, 10133
5.622357368469238, 10132
5.622357368469238, 10131
5.622357368469238, 10130
5.622357368469238, 10129
5.622357368469238, 10128
5.622357368469238, 10127
5.622357368469238, 10126
5.623357772827148, 10125
5.623357772827148, 10124
5.623357772827148, 10123
5.623357772827148, 10122
5.623357772827148, 10121
5.623357772827148, 10120
5.623357772827148, 10119
5.623357772827148, 10118
5.623357772827148, 10117
5.623357772827148, 10116
5.623357772827148, 10115
5.623357772827148, 10114
5.623357772827148, 10113
5.623357772827148, 10112
5.62435507774353, 10111
5.62435507774353, 10110
5.62435507774353, 10109
5.62435507774353, 10108
5.62435507774353, 10107
5.62435507774353, 10106
5.62435507774353, 10105
5.62435507774353, 10104
5.624965190887451, 10103
5.624965190887451, 10102
5.624965190887451, 10101
5.624965190887451, 10100
5.624965190887451, 10099
5.6253557205200195, 10098
5.6253557205200195, 10097
5.6253557205200195, 10096
5.6253557205200195, 10095
5.6253557205200195, 10094
5.6253557205200195, 10093
5.6253557205200195, 10092
5.6253557205200195, 10091
5.6253557205200195, 10090
5.6253557205200195, 10089
5.6253557205200195, 10088
5.6253557205200195, 10087
5.6253557205200195, 10086
5.626354694366455, 10085
5.626354694366455, 10084
5.626354694366455, 10083
5.626354694366455, 10082
5.626354694366455, 10081
5.626354694366455, 10080
5.626354694366455, 10079
5.626354694366455, 10078
5.626354694366455, 10077
5.626354694366455, 10076
5.626354694366455, 10075
5.626354694366455, 10074
5.626354694366455, 10073
5.626354694366455, 10072
5.627355575561523, 10071
5.627355575561523, 10070
5.627355575561523, 10069
5.627355575561523, 10068
5.627355575561523, 10067
5.627355575561523, 10066
5.627355575561523, 10065
5.627355575561523, 10064
5.627355575561523, 10063
5.627355575561523, 10062
5.627355575561523, 10061
5.627355575561523, 10060
5.627355575561523, 10059
5.627355575561523, 10058
5.628356218338013, 10057
5.628356218338013, 10056
5.628356218338013, 10055
5.628356218338013, 10054
5.628356218338013, 10053
5.628356218338013, 10052
5.628356218338013, 10051
5.628356218338013, 10050
5.628356218338013, 10049
5.628356218338013, 10048
5.628356218338013, 10047
5.628356218338013, 10046
5.628356218338013, 10045
5.628356218338013, 10044
5.629354953765869, 10043
5.629354953765869, 10042
5.629354953765869, 10041
5.629354953765869, 10040
5.629354953765869, 10039
5.629354953765869, 10038
5.629354953765869, 10037
5.629354953765869, 10036
5.629354953765869, 10035
5.629354953765869, 10034
5.629354953765869, 10033
5.629354953765869, 10032
5.629354953765869, 10031
5.630354642868042, 10030
5.630429267883301, 10029
5.630429267883301, 10028
5.630429267883301, 10027
5.630429267883301, 10026
5.630429267883301, 10025
5.630429267883301, 10024
5.630429267883301, 10023
5.630429267883301, 10022
5.630429267883301, 10021
5.630429267883301, 10020
5.630429267883301, 10019
5.630429267883301, 10018
5.630429267883301, 10017
5.6313557624816895, 10016
5.6313557624816895, 10015
5.6313557624816895, 10014
5.6313557624816895, 10013
5.6313557624816895, 10012
5.6313557624816895, 10011
5.6313557624816895, 10010
5.6313557624816895, 10009
5.6313557624816895, 10008
5.6313557624816895, 10007
5.6313557624816895, 10006
5.6313557624816895, 10005
5.6313557624816895, 10004
5.6313557624816895, 10003
5.632354736328125, 10002
5.632354736328125, 10001
5.632354736328125, 10000
5.632354736328125, 9999
5.632354736328125, 9998
5.632354736328125, 9997
5.632354736328125, 9996
5.632354736328125, 9995
5.632354736328125, 9994
5.632354736328125, 9993
5.632354736328125, 9992
5.632354736328125, 9991
5.632354736328125, 9990
5.633356809616089, 9989
5.633356809616089, 9988
5.633356809616089, 9987
5.633356809616089, 9986
5.633356809616089, 9985
5.633356809616089, 9984
5.633356809616089, 9983
5.633356809616089, 9982
5.633356809616089, 9981
5.633356809616089, 9980
5.633356809616089, 9979
5.633356809616089, 9978
5.633356809616089, 9977
5.634355545043945, 9976
5.634449005126953, 9975
5.634449005126953, 9974
5.634449005126953, 9973
5.634449005126953, 9972
5.634449005126953, 9971
5.634449005126953, 9970
5.634449005126953, 9969
5.634449005126953, 9968
5.634449005126953, 9967
5.634449005126953, 9966
5.634449005126953, 9965
5.634449005126953, 9964
5.634449005126953, 9963
5.634449005126953, 9962
5.635455846786499, 9961
5.635455846786499, 9960
5.635455846786499, 9959
5.635455846786499, 9958
5.635455846786499, 9957
5.635455846786499, 9956
5.635455846786499, 9955
5.635455846786499, 9954
5.635455846786499, 9953
5.635455846786499, 9952
5.635455846786499, 9951
5.635455846786499, 9950
5.636456727981567, 9949
5.636456727981567, 9948
5.636456727981567, 9947
5.636456727981567, 9946
5.636456727981567, 9945
5.636456727981567, 9944
5.636456727981567, 9943
5.636456727981567, 9942
5.6370227336883545, 9941
5.6370227336883545, 9940
5.6370227336883545, 9939
5.6370227336883545, 9938
5.6370227336883545, 9937
5.6374571323394775, 9936
5.6374571323394775, 9935
5.6374571323394775, 9934
5.6374571323394775, 9933
5.6374571323394775, 9932
5.6374571323394775, 9931
5.6374571323394775, 9930
5.6374571323394775, 9929
5.6374571323394775, 9928
5.6374571323394775, 9927
5.6374571323394775, 9926
5.638455629348755, 9925
5.638455629348755, 9924
5.638455629348755, 9923
5.638455629348755, 9922
5.638455629348755, 9921
5.638455629348755, 9920
5.638455629348755, 9919
5.638455629348755, 9918
5.638455629348755, 9917
5.638455629348755, 9916
5.638455629348755, 9915
5.638455629348755, 9914
5.638455629348755, 9913
5.639456272125244, 9912
5.639456272125244, 9911
5.639456272125244, 9910
5.639456272125244, 9909
5.639456272125244, 9908
5.639456272125244, 9907
5.639456272125244, 9906
5.639456272125244, 9905
5.639456272125244, 9904
5.639456272125244, 9903
5.639456272125244, 9902
5.639456272125244, 9901
5.639456272125244, 9900
5.639456272125244, 9899
5.640456438064575, 9898
5.640456438064575, 9897
5.640456438064575, 9896
5.640456438064575, 9895
5.640456438064575, 9894
5.640456438064575, 9893
5.640456438064575, 9892
5.640456438064575, 9891
5.640456438064575, 9890
5.640456438064575, 9889
5.640456438064575, 9888
5.640456438064575, 9887
5.640456438064575, 9886
5.641455888748169, 9885
5.641455888748169, 9884
5.641455888748169, 9883
5.641455888748169, 9882
5.641455888748169, 9881
5.641455888748169, 9880
5.641455888748169, 9879
5.641455888748169, 9878
5.641455888748169, 9877
5.641455888748169, 9876
5.641455888748169, 9875
5.641455888748169, 9874
5.641455888748169, 9873
5.642456769943237, 9872
5.642456769943237, 9871
5.642456769943237, 9870
5.642456769943237, 9869
5.642456769943237, 9868
5.642456769943237, 9867
5.642456769943237, 9866
5.642456769943237, 9865
5.642456769943237, 9864
5.642456769943237, 9863
5.642456769943237, 9862
5.642456769943237, 9861
5.643456220626831, 9860
5.643456220626831, 9859
