0.1810002326965332, 14010
0.1810002326965332, 14009
0.18200016021728516, 14008
0.18200016021728516, 14007
0.18200016021728516, 14006
0.18200016021728516, 14005
0.18200016021728516, 14004
0.18200016021728516, 14003
0.18200016021728516, 14002
0.18200016021728516, 14001
0.18200016021728516, 14000
0.18200016021728516, 13999
0.18200016021728516, 13998
0.18200016021728516, 13997
0.18200016021728516, 13996
0.18200016021728516, 13995
0.18200016021728516, 13994
0.18200016021728516, 13993
0.18300104141235352, 13992
0.18300104141235352, 13991
0.18300104141235352, 13990
0.18300104141235352, 13989
0.18300104141235352, 13988
0.18300104141235352, 13987
0.18300104141235352, 13986
0.18300104141235352, 13985
0.18300104141235352, 13984
0.18300104141235352, 13983
0.18300104141235352, 13982
0.18300104141235352, 13981
0.18300104141235352, 13980
0.18300104141235352, 13979
0.18300104141235352, 13978
0.18400049209594727, 13977
0.18400049209594727, 13976
0.18400049209594727, 13975
0.18400049209594727, 13974
0.18400049209594727, 13973
0.18400049209594727, 13972
0.18400049209594727, 13971
0.18400049209594727, 13970
0.18400049209594727, 13969
0.18400049209594727, 13968
0.18400049209594727, 13967
0.18400049209594727, 13966
0.18400049209594727, 13965
0.18400049209594727, 13964
0.18400049209594727, 13963
0.18500018119812012, 13962
0.18500018119812012, 13961
0.18500018119812012, 13960
0.18500018119812012, 13959
0.18500018119812012, 13958
0.18500018119812012, 13957
0.18500018119812012, 13956
0.18500018119812012, 13955
0.18549299240112305, 13954
0.18549299240112305, 13953
0.18549299240112305, 13952
0.18549299240112305, 13951
0.18549299240112305, 13950
0.18549299240112305, 13949
0.18549299240112305, 13948
0.18549299240112305, 13947
0.18600034713745117, 13946
0.18600034713745117, 13945
0.18600034713745117, 13944
0.18600034713745117, 13943
0.18600034713745117, 13942
0.18633723258972168, 13941
0.18633723258972168, 13940
0.18633723258972168, 13939
0.18633723258972168, 13938
0.18633723258972168, 13937
0.18633723258972168, 13936
0.18633723258972168, 13935
0.18633723258972168, 13934
0.18633723258972168, 13933
0.18633723258972168, 13932
0.18700027465820312, 13931
0.18700027465820312, 13930
0.18700027465820312, 13929
0.18700027465820312, 13928
0.18700027465820312, 13927
0.18700027465820312, 13926
0.18700027465820312, 13925
0.18700027465820312, 13924
0.18700027465820312, 13923
0.18700027465820312, 13922
0.18700027465820312, 13921
0.18700027465820312, 13920
0.18700027465820312, 13919
0.18700027465820312, 13918
0.18700027465820312, 13917
0.18700027465820312, 13916
0.18800020217895508, 13915
0.18800020217895508, 13914
0.18800020217895508, 13913
0.18800020217895508, 13912
0.18800020217895508, 13911
0.18800020217895508, 13910
0.18800020217895508, 13909
0.18800020217895508, 13908
0.18800020217895508, 13907
0.18800020217895508, 13906
0.18800020217895508, 13905
0.18800020217895508, 13904
0.18800020217895508, 13903
0.18800020217895508, 13902
0.18800020217895508, 13901
0.18800020217895508, 13900
0.18900060653686523, 13899
0.18900060653686523, 13898
0.18900060653686523, 13897
0.18900060653686523, 13896
0.18900060653686523, 13895
0.18900060653686523, 13894
0.18900060653686523, 13893
0.18900060653686523, 13892
0.18900060653686523, 13891
0.18900060653686523, 13890
0.18900060653686523, 13889
0.18900060653686523, 13888
0.18900060653686523, 13887
0.18900060653686523, 13886
0.18900060653686523, 13885
0.19000029563903809, 13884
0.19000029563903809, 13883
0.19000029563903809, 13882
0.19000029563903809, 13881
0.19000029563903809, 13880
0.19000029563903809, 13879
0.19000029563903809, 13878
0.19000029563903809, 13877
0.19000029563903809, 13876
0.19000029563903809, 13875
0.19000029563903809, 13874
0.19000029563903809, 13873
0.19000029563903809, 13872
0.19000029563903809, 13871
0.19000029563903809, 13870
0.19000029563903809, 13869
0.19099998474121094, 13868
0.19099998474121094, 13867
0.19099998474121094, 13866
0.19099998474121094, 13865
0.19099998474121094, 13864
0.19099998474121094, 13863
0.19099998474121094, 13862
0.19099998474121094, 13861
0.19099998474121094, 13860
0.19099998474121094, 13859
0.19099998474121094, 13858
0.19099998474121094, 13857
0.19099998474121094, 13856
0.19099998474121094, 13855
0.19099998474121094, 13854
0.192000150680542, 13853
0.19205832481384277, 13852
0.19205832481384277, 13851
0.19205832481384277, 13850
0.19205832481384277, 13849
0.19205832481384277, 13848
0.19205832481384277, 13847
0.19205832481384277, 13846
0.19205832481384277, 13845
0.19205832481384277, 13844
0.19205832481384277, 13843
0.19205832481384277, 13842
0.19205832481384277, 13841
0.19205832481384277, 13840
0.19205832481384277, 13839
0.19205832481384277, 13838
0.1930689811706543, 13837
0.1930689811706543, 13836
0.1930689811706543, 13835
0.1930689811706543, 13834
0.1930689811706543, 13833
0.1930689811706543, 13832
0.1930689811706543, 13831
0.1930689811706543, 13830
0.1930689811706543, 13829
0.1930689811706543, 13828
0.1930689811706543, 13827
0.1930689811706543, 13826
0.1930689811706543, 13825
0.1930689811706543, 13824
0.1930689811706543, 13823
0.1930689811706543, 13822
0.19406890869140625, 13821
0.19406890869140625, 13820
0.19406890869140625, 13819
0.19406890869140625, 13818
0.19406890869140625, 13817
0.19406890869140625, 13816
0.545896053314209, 13815
0.545896053314209, 13814
0.545896053314209, 13813
0.545896053314209, 13812
0.545896053314209, 13811
0.5468957424163818, 13810
0.5468957424163818, 13809
0.5468957424163818, 13808
0.5468957424163818, 13807
0.5468957424163818, 13806
0.5468957424163818, 13805
0.5468957424163818, 13804
0.5468957424163818, 13803
0.5468957424163818, 13802
0.5468957424163818, 13801
0.5468957424163818, 13800
0.5468957424163818, 13799
0.5468957424163818, 13798
0.5468957424163818, 13797
0.5468957424163818, 13796
0.5478959083557129, 13795
0.5478959083557129, 13794
0.5478959083557129, 13793
0.5480868816375732, 13792
0.5480868816375732, 13791
0.5480868816375732, 13790
0.5480868816375732, 13789
0.5480868816375732, 13788
0.5480868816375732, 13787
0.5480868816375732, 13786
0.5480868816375732, 13785
0.5480868816375732, 13784
0.5480868816375732, 13783
0.548896312713623, 13782
0.548896312713623, 13781
0.548896312713623, 13780
0.548896312713623, 13779
0.548896312713623, 13778
0.548896312713623, 13777
0.548896312713623, 13776
0.548896312713623, 13775
0.548896312713623, 13774
0.548896312713623, 13773
0.548896312713623, 13772
0.548896312713623, 13771
0.548896312713623, 13770
0.5498971939086914, 13769
0.5499532222747803, 13768
0.5499532222747803, 13767
0.5499532222747803, 13766
0.5499532222747803, 13765
0.5499532222747803, 13764
1.2869579792022705, 13763
1.2869579792022705, 13762
1.2869579792022705, 13761
1.2869579792022705, 13760
1.2879576683044434, 13759
1.2879576683044434, 13758
1.2879576683044434, 13757
1.2879576683044434, 13756
1.2879576683044434, 13755
1.2879576683044434, 13754
1.2879576683044434, 13753
1.2879576683044434, 13752
1.2879576683044434, 13751
1.2889575958251953, 13750
1.2889575958251953, 13749
1.2889575958251953, 13748
1.2889575958251953, 13747
1.2889575958251953, 13746
1.2889575958251953, 13745
1.2889575958251953, 13744
1.2889575958251953, 13743
1.2889575958251953, 13742
1.2889575958251953, 13741
1.2889575958251953, 13740
1.2889575958251953, 13739
1.289954423904419, 13738
1.289954423904419, 13737
1.289954423904419, 13736
1.289954423904419, 13735
1.289954423904419, 13734
1.289954423904419, 13733
1.289954423904419, 13732
1.289954423904419, 13731
1.289954423904419, 13730
1.289954423904419, 13729
1.289954423904419, 13728
1.2909576892852783, 13727
1.2909576892852783, 13726
1.2909576892852783, 13725
1.2909576892852783, 13724
1.2909576892852783, 13723
1.2909576892852783, 13722
1.2909576892852783, 13721
1.2909576892852783, 13720
1.2909576892852783, 13719
1.2909576892852783, 13718
1.2909576892852783, 13717
1.2919578552246094, 13716
1.2919578552246094, 13715
1.2919578552246094, 13714
1.2919578552246094, 13713
1.2919578552246094, 13712
1.2919578552246094, 13711
1.2919578552246094, 13710
1.2919578552246094, 13709
1.2919578552246094, 13708
1.2929582595825195, 13707
1.2929582595825195, 13706
1.2929582595825195, 13705
1.2929582595825195, 13704
1.2929582595825195, 13703
1.2929582595825195, 13702
1.2929582595825195, 13701
1.2929582595825195, 13700
1.2929582595825195, 13699
1.2929582595825195, 13698
1.2929582595825195, 13697
1.2929582595825195, 13696
1.2929582595825195, 13695
1.2939579486846924, 13694
1.2941129207611084, 13693
1.2941129207611084, 13692
1.2941129207611084, 13691
1.2941129207611084, 13690
1.2941129207611084, 13689
1.2941129207611084, 13688
1.2941129207611084, 13687
1.2941129207611084, 13686
1.2949578762054443, 13685
1.2949578762054443, 13684
1.2949578762054443, 13683
1.2949578762054443, 13682
1.2949578762054443, 13681
1.2949578762054443, 13680
1.2949578762054443, 13679
1.2949578762054443, 13678
1.2949578762054443, 13677
1.2949578762054443, 13676
1.2949578762054443, 13675
1.2959580421447754, 13674
1.2959580421447754, 13673
1.2959580421447754, 13672
1.2959580421447754, 13671
1.2959580421447754, 13670
1.2959580421447754, 13669
1.2959580421447754, 13668
1.2966573238372803, 13667
1.2966573238372803, 13666
1.2966573238372803, 13665
1.2966573238372803, 13664
1.2969579696655273, 13663
1.2969579696655273, 13662
1.2969579696655273, 13661
1.2969579696655273, 13660
1.2969579696655273, 13659
1.2969579696655273, 13658
1.2969579696655273, 13657
1.2969579696655273, 13656
1.2969579696655273, 13655
1.2969579696655273, 13654
1.2969579696655273, 13653
1.2969579696655273, 13652
1.2969579696655273, 13651
1.2969579696655273, 13650
1.2979578971862793, 13649
1.2979578971862793, 13648
1.2979578971862793, 13647
1.2979578971862793, 13646
1.2979578971862793, 13645
1.2979578971862793, 13644
1.2979578971862793, 13643
1.2979578971862793, 13642
1.2979578971862793, 13641
1.2979578971862793, 13640
1.2979578971862793, 13639
1.2979578971862793, 13638
1.2979578971862793, 13637
1.2979578971862793, 13636
1.2989580631256104, 13635
1.2989580631256104, 13634
1.2989580631256104, 13633
1.2989580631256104, 13632
1.2989580631256104, 13631
1.2989580631256104, 13630
1.2989580631256104, 13629
1.2989580631256104, 13628
1.2989580631256104, 13627
1.2989580631256104, 13626
1.2989580631256104, 13625
1.2989580631256104, 13624
1.2989580631256104, 13623
1.2989580631256104, 13622
1.2989580631256104, 13621
1.2999577522277832, 13620
1.3000314235687256, 13619
1.3000314235687256, 13618
1.3000314235687256, 13617
1.3000314235687256, 13616
1.3000314235687256, 13615
1.3000314235687256, 13614
1.3000314235687256, 13613
1.3000314235687256, 13612
1.3000314235687256, 13611
1.3000314235687256, 13610
1.3000314235687256, 13609
1.3000314235687256, 13608
1.3000314235687256, 13607
1.3009579181671143, 13606
1.3009579181671143, 13605
1.3009579181671143, 13604
1.3009579181671143, 13603
1.3009579181671143, 13602
1.3009579181671143, 13601
1.3009579181671143, 13600
1.3009579181671143, 13599
1.3009579181671143, 13598
1.3009579181671143, 13597
1.3019585609436035, 13596
1.3019585609436035, 13595
1.3019585609436035, 13594
1.3019585609436035, 13593
1.3019585609436035, 13592
1.3019585609436035, 13591
1.3019585609436035, 13590
1.3019585609436035, 13589
1.3019585609436035, 13588
3.480194330215454, 13587
3.480194330215454, 13586
3.480194330215454, 13585
3.480194330215454, 13584
3.480194330215454, 13583
3.480194330215454, 13582
3.480194330215454, 13581
3.480194330215454, 13580
3.480194330215454, 13579
3.480194330215454, 13578
3.481194019317627, 13577
3.481194019317627, 13576
3.481194019317627, 13575
3.481194019317627, 13574
3.481194019317627, 13573
3.481194019317627, 13572
3.481194019317627, 13571
3.481194019317627, 13570
3.4817073345184326, 13569
3.4817073345184326, 13568
3.4817073345184326, 13567
3.4817073345184326, 13566
3.4817073345184326, 13565
3.4817073345184326, 13564
3.4817073345184326, 13563
3.4817073345184326, 13562
3.4817073345184326, 13561
3.4817073345184326, 13560
3.4817073345184326, 13559
3.4817073345184326, 13558
3.4817073345184326, 13557
3.4817073345184326, 13556
3.4827144145965576, 13555
3.4827144145965576, 13554
3.482830047607422, 13553
3.482830047607422, 13552
3.482830047607422, 13551
3.482830047607422, 13550
3.482830047607422, 13549
3.482830047607422, 13548
3.482830047607422, 13547
3.482830047607422, 13546
3.482830047607422, 13545
3.482830047607422, 13544
3.483715534210205, 13543
3.483715534210205, 13542
3.483715534210205, 13541
3.483715534210205, 13540
3.483715534210205, 13539
3.483715534210205, 13538
3.483715534210205, 13537
3.483715534210205, 13536
3.483715534210205, 13535
3.483715534210205, 13534
3.483715534210205, 13533
5.379068851470947, 13532
5.379068851470947, 13531
5.379068851470947, 13530
5.379068851470947, 13529
5.379068851470947, 13528
5.379068851470947, 13527
5.379068851470947, 13526
5.379068851470947, 13525
5.379068851470947, 13524
5.379068851470947, 13523
5.379068851470947, 13522
5.379068851470947, 13521
5.379068851470947, 13520
5.380069732666016, 13519
5.380069732666016, 13518
5.380069732666016, 13517
5.380069732666016, 13516
5.380069732666016, 13515
5.380069732666016, 13514
5.380069732666016, 13513
5.380069732666016, 13512
5.380069732666016, 13511
5.380069732666016, 13510
5.380069732666016, 13509
5.380069732666016, 13508
5.380069732666016, 13507
5.380069732666016, 13506
5.381069183349609, 13505
5.381069183349609, 13504
5.381069183349609, 13503
5.381069183349609, 13502
5.381069183349609, 13501
5.381069183349609, 13500
5.381069183349609, 13499
5.381069183349609, 13498
5.381069183349609, 13497
5.381069183349609, 13496
5.381069183349609, 13495
5.381069183349609, 13494
5.381069183349609, 13493
5.381069183349609, 13492
5.382068872451782, 13491
5.382068872451782, 13490
5.382068872451782, 13489
5.382068872451782, 13488
5.382068872451782, 13487
5.382068872451782, 13486
5.382068872451782, 13485
5.382068872451782, 13484
5.382068872451782, 13483
5.382068872451782, 13482
5.382068872451782, 13481
5.382068872451782, 13480
5.382068872451782, 13479
5.382068872451782, 13478
5.382068872451782, 13477
5.383099317550659, 13476
5.383099317550659, 13475
5.383099317550659, 13474
5.383099317550659, 13473
5.383099317550659, 13472
5.383099317550659, 13471
5.383099317550659, 13470
5.383099317550659, 13469
5.383099317550659, 13468
5.383099317550659, 13467
5.383099317550659, 13466
5.383099317550659, 13465
5.383099317550659, 13464
5.383099317550659, 13463
5.384098768234253, 13462
5.384098768234253, 13461
5.384098768234253, 13460
5.384098768234253, 13459
5.384098768234253, 13458
5.384098768234253, 13457
5.384098768234253, 13456
5.384098768234253, 13455
5.384098768234253, 13454
5.384098768234253, 13453
5.384098768234253, 13452
5.384098768234253, 13451
5.384098768234253, 13450
5.385098218917847, 13449
5.385098218917847, 13448
5.385098218917847, 13447
5.385098218917847, 13446
5.385098218917847, 13445
5.385098218917847, 13444
5.385098218917847, 13443
5.385098218917847, 13442
5.385098218917847, 13441
5.385098218917847, 13440
5.385098218917847, 13439
5.385098218917847, 13438
5.385098218917847, 13437
5.385098218917847, 13436
5.386098861694336, 13435
5.386098861694336, 13434
5.386098861694336, 13433
5.386098861694336, 13432
5.386337757110596, 13431
5.386337757110596, 13430
5.386337757110596, 13429
5.386337757110596, 13428
5.386337757110596, 13427
5.386337757110596, 13426
5.386337757110596, 13425
5.386337757110596, 13424
5.386337757110596, 13423
5.386337757110596, 13422
5.386337757110596, 13421
5.387098789215088, 13420
5.387098789215088, 13419
5.387098789215088, 13418
5.387098789215088, 13417
5.387098789215088, 13416
5.387098789215088, 13415
5.387098789215088, 13414
5.387098789215088, 13413
5.387098789215088, 13412
5.387098789215088, 13411
5.387098789215088, 13410
5.387098789215088, 13409
5.387098789215088, 13408
5.387098789215088, 13407
5.388098239898682, 13406
5.388098239898682, 13405
5.388098239898682, 13404
5.388098239898682, 13403
5.388098239898682, 13402
5.388098239898682, 13401
5.388098239898682, 13400
5.388098239898682, 13399
5.388098239898682, 13398
5.388098239898682, 13397
5.388098239898682, 13396
5.388098239898682, 13395
5.388098239898682, 13394
5.388098239898682, 13393
5.389098405838013, 13392
5.389098405838013, 13391
5.389098405838013, 13390
5.389098405838013, 13389
5.389098405838013, 13388
5.389098405838013, 13387
5.389098405838013, 13386
5.389098405838013, 13385
5.389098405838013, 13384
5.389098405838013, 13383
5.389098405838013, 13382
5.389098405838013, 13381
5.389098405838013, 13380
5.389957666397095, 13379
5.389957666397095, 13378
5.39009952545166, 13377
5.39009952545166, 13376
5.39009952545166, 13375
5.39009952545166, 13374
5.39009952545166, 13373
5.39009952545166, 13372
5.39009952545166, 13371
5.39009952545166, 13370
5.39009952545166, 13369
5.39009952545166, 13368
5.39009952545166, 13367
5.39009952545166, 13366
5.39009952545166, 13365
5.39009952545166, 13364
5.391098499298096, 13363
5.391098499298096, 13362
5.391098499298096, 13361
5.391098499298096, 13360
5.391098499298096, 13359
5.391098499298096, 13358
5.391098499298096, 13357
5.391098499298096, 13356
5.391098499298096, 13355
5.391098499298096, 13354
5.391098499298096, 13353
5.391098499298096, 13352
5.391098499298096, 13351
5.391098499298096, 13350
5.3920981884002686, 13349
5.3920981884002686, 13348
5.3920981884002686, 13347
5.3920981884002686, 13346
5.3920981884002686, 13345
5.3920981884002686, 13344
5.3920981884002686, 13343
5.3920981884002686, 13342
5.3920981884002686, 13341
5.3920981884002686, 13340
5.3920981884002686, 13339
5.3920981884002686, 13338
5.3920981884002686, 13337
5.3920981884002686, 13336
5.393099784851074, 13335
5.393173456192017, 13334
5.393173456192017, 13333
5.393173456192017, 13332
5.393173456192017, 13331
5.393173456192017, 13330
5.393173456192017, 13329
5.393173456192017, 13328
5.393173456192017, 13327
5.393173456192017, 13326
5.393173456192017, 13325
5.394099235534668, 13324
5.394099235534668, 13323
5.394099235534668, 13322
5.394099235534668, 13321
5.394099235534668, 13320
5.394099235534668, 13319
5.394099235534668, 13318
5.394099235534668, 13317
5.394099235534668, 13316
5.394099235534668, 13315
5.394099235534668, 13314
5.394099235534668, 13313
5.395097970962524, 13312
5.395097970962524, 13311
5.395097970962524, 13310
5.395097970962524, 13309
5.395097970962524, 13308
5.395097970962524, 13307
5.395097970962524, 13306
5.395097970962524, 13305
5.395097970962524, 13304
5.395097970962524, 13303
5.395097970962524, 13302
5.395097970962524, 13301
5.395097970962524, 13300
5.395097970962524, 13299
5.395097970962524, 13298
5.396099090576172, 13297
5.396099090576172, 13296
5.396099090576172, 13295
5.396099090576172, 13294
5.396099090576172, 13293
9.565330505371094, 13292
9.565330505371094, 13291
9.566329717636108, 13290
9.566329717636108, 13289
9.566329717636108, 13288
9.566329717636108, 13287
9.566329717636108, 13286
9.566329717636108, 13285
9.566329717636108, 13284
9.566329717636108, 13283
9.566329717636108, 13282
9.566329717636108, 13281
9.566329717636108, 13280
9.566329717636108, 13279
9.566329717636108, 13278
9.566329717636108, 13277
9.566329717636108, 13276
9.56732964515686, 13275
9.56732964515686, 13274
9.56732964515686, 13273
9.56732964515686, 13272
9.56732964515686, 13271
9.56732964515686, 13270
9.56732964515686, 13269
9.56732964515686, 13268
9.56732964515686, 13267
9.56732964515686, 13266
9.56732964515686, 13265
9.56732964515686, 13264
9.56732964515686, 13263
9.568330526351929, 13262
9.568330526351929, 13261
9.568330526351929, 13260
9.568330526351929, 13259
9.568330526351929, 13258
9.568330526351929, 13257
9.568330526351929, 13256
9.568330526351929, 13255
9.568330526351929, 13254
9.568330526351929, 13253
9.568330526351929, 13252
9.568330526351929, 13251
9.568330526351929, 13250
9.568330526351929, 13249
9.569330215454102, 13248
9.569330215454102, 13247
9.569330215454102, 13246
9.569330215454102, 13245
9.569330215454102, 13244
9.569330215454102, 13243
9.569330215454102, 13242
9.569330215454102, 13241
9.569330215454102, 13240
