0.17298412322998047, 14084
0.17298412322998047, 14083
0.17298412322998047, 14082
0.1733837127685547, 14081
0.1733837127685547, 14080
0.1733837127685547, 14079
0.1733837127685547, 14078
0.1733837127685547, 14077
0.1733837127685547, 14076
0.1733837127685547, 14075
0.1733837127685547, 14074
0.1733837127685547, 14073
0.1733837127685547, 14072
0.1733837127685547, 14071
0.1733837127685547, 14070
0.1733837127685547, 14069
0.1733837127685547, 14068
0.1733837127685547, 14067
0.17438387870788574, 14066
0.33809852600097656, 14065
0.33809852600097656, 14064
0.33809852600097656, 14063
0.33809852600097656, 14062
0.33809852600097656, 14061
0.3390989303588867, 14060
0.3390989303588867, 14059
0.3390989303588867, 14058
0.3390989303588867, 14057
0.3390989303588867, 14056
0.3390989303588867, 14055
0.3390989303588867, 14054
0.3390989303588867, 14053
0.3390989303588867, 14052
0.3390989303588867, 14051
0.3390989303588867, 14050
0.3390989303588867, 14049
0.3390989303588867, 14048
0.3390989303588867, 14047
0.3390989303588867, 14046
0.34009838104248047, 14045
0.34009838104248047, 14044
0.34009838104248047, 14043
0.34009838104248047, 14042
0.34009838104248047, 14041
0.34009838104248047, 14040
0.34009838104248047, 14039
0.34009838104248047, 14038
0.34009838104248047, 14037
0.34009838104248047, 14036
0.34009838104248047, 14035
0.34009838104248047, 14034
0.34009838104248047, 14033
0.34009838104248047, 14032
0.3410985469818115, 14031
0.3410985469818115, 14030
0.3410985469818115, 14029
0.3410985469818115, 14028
0.3410985469818115, 14027
0.3410985469818115, 14026
0.3410985469818115, 14025
0.3410985469818115, 14024
0.3410985469818115, 14023
0.3410985469818115, 14022
0.3410985469818115, 14021
0.3410985469818115, 14020
0.3410985469818115, 14019
0.3410985469818115, 14018
0.3410985469818115, 14017
0.3420982360839844, 14016
0.3420982360839844, 14015
0.3420982360839844, 14014
0.3420982360839844, 14013
0.3420982360839844, 14012
0.3420982360839844, 14011
0.3420982360839844, 14010
0.3420982360839844, 14009
0.3420982360839844, 14008
0.3420982360839844, 14007
0.3420982360839844, 14006
0.3420982360839844, 14005
0.3420982360839844, 14004
0.3420982360839844, 14003
0.3420982360839844, 14002
0.34309816360473633, 14001
0.34309816360473633, 14000
0.34309816360473633, 13999
0.34309816360473633, 13998
0.34309816360473633, 13997
0.34309816360473633, 13996
0.34309816360473633, 13995
0.34309816360473633, 13994
0.34309816360473633, 13993
0.34309816360473633, 13992
0.34309816360473633, 13991
0.34309816360473633, 13990
0.34309816360473633, 13989
0.34309816360473633, 13988
0.34309816360473633, 13987
0.3440983295440674, 13986
0.3440983295440674, 13985
0.3440983295440674, 13984
0.3440983295440674, 13983
0.3440983295440674, 13982
0.3440983295440674, 13981
0.3440983295440674, 13980
0.3440983295440674, 13979
0.3440983295440674, 13978
0.3440983295440674, 13977
0.3440983295440674, 13976
0.3440983295440674, 13975
0.3440983295440674, 13974
0.34504151344299316, 13973
0.34504151344299316, 13972
0.34504151344299316, 13971
0.34504151344299316, 13970
0.34504151344299316, 13969
0.34504151344299316, 13968
0.34504151344299316, 13967
0.34504151344299316, 13966
0.34504151344299316, 13965
0.34504151344299316, 13964
0.34504151344299316, 13963
0.34504151344299316, 13962
0.34504151344299316, 13961
0.34504151344299316, 13960
0.34604763984680176, 13959
0.34604763984680176, 13958
0.34604763984680176, 13957
0.34604763984680176, 13956
0.34604763984680176, 13955
0.34604763984680176, 13954
0.34604763984680176, 13953
0.34604763984680176, 13952
0.34604763984680176, 13951
0.34604763984680176, 13950
0.34604763984680176, 13949
0.34604763984680176, 13948
0.34604763984680176, 13947
0.34604763984680176, 13946
0.34604763984680176, 13945
0.3470475673675537, 13944
0.3470475673675537, 13943
0.3470475673675537, 13942
0.3470475673675537, 13941
0.3470475673675537, 13940
0.3470475673675537, 13939
0.3470475673675537, 13938
0.3470475673675537, 13937
0.3475914001464844, 13936
0.3475914001464844, 13935
0.3475914001464844, 13934
0.3475914001464844, 13933
0.3475914001464844, 13932
0.3475914001464844, 13931
0.34804749488830566, 13930
0.34804749488830566, 13929
0.34804749488830566, 13928
0.34804749488830566, 13927
0.34804749488830566, 13926
0.34804749488830566, 13925
0.34804749488830566, 13924
0.34804749488830566, 13923
0.34804749488830566, 13922
0.34804749488830566, 13921
0.34804749488830566, 13920
0.34804749488830566, 13919
0.34804749488830566, 13918
0.34804749488830566, 13917
0.3490474224090576, 13916
0.3490474224090576, 13915
0.3490474224090576, 13914
0.3490474224090576, 13913
0.3490474224090576, 13912
0.3490474224090576, 13911
0.3490474224090576, 13910
0.3490474224090576, 13909
0.3490474224090576, 13908
0.3490474224090576, 13907
0.3490474224090576, 13906
0.3490474224090576, 13905
0.3490474224090576, 13904
0.3490474224090576, 13903
0.3490474224090576, 13902
0.35004734992980957, 13901
0.35004734992980957, 13900
0.35004734992980957, 13899
0.35004734992980957, 13898
0.35004734992980957, 13897
0.35004734992980957, 13896
0.35004734992980957, 13895
0.35004734992980957, 13894
0.35004734992980957, 13893
0.35004734992980957, 13892
0.35004734992980957, 13891
0.35004734992980957, 13890
0.35004734992980957, 13889
0.35004734992980957, 13888
0.35004734992980957, 13887
0.3510472774505615, 13886
0.3510472774505615, 13885
0.3510472774505615, 13884
0.3510472774505615, 13883
0.3510472774505615, 13882
0.3510472774505615, 13881
0.35144758224487305, 13880
0.35144758224487305, 13879
0.35144758224487305, 13878
0.35144758224487305, 13877
0.35144758224487305, 13876
0.35144758224487305, 13875
0.35144758224487305, 13874
0.35144758224487305, 13873
0.35144758224487305, 13872
0.3520476818084717, 13871
0.3520476818084717, 13870
0.3520476818084717, 13869
0.3520476818084717, 13868
0.3520476818084717, 13867
0.3520476818084717, 13866
0.3520476818084717, 13865
0.3520476818084717, 13864
0.3520476818084717, 13863
0.3520476818084717, 13862
0.3520476818084717, 13861
0.3520476818084717, 13860
0.3520476818084717, 13859
0.35304832458496094, 13858
0.35304832458496094, 13857
0.35304832458496094, 13856
0.35304832458496094, 13855
0.35304832458496094, 13854
0.35304832458496094, 13853
0.35304832458496094, 13852
0.35304832458496094, 13851
0.35304832458496094, 13850
0.35304832458496094, 13849
0.35304832458496094, 13848
0.35304832458496094, 13847
0.35304832458496094, 13846
0.35304832458496094, 13845
0.3540477752685547, 13844
0.3540477752685547, 13843
0.3540477752685547, 13842
0.3540477752685547, 13841
0.3540477752685547, 13840
0.3540477752685547, 13839
0.3540477752685547, 13838
0.3540477752685547, 13837
0.3540477752685547, 13836
0.3540477752685547, 13835
0.3540477752685547, 13834
0.3540477752685547, 13833
0.3540477752685547, 13832
0.3540477752685547, 13831
0.3540477752685547, 13830
0.35504722595214844, 13829
0.35504722595214844, 13828
0.35504722595214844, 13827
0.35504722595214844, 13826
0.35504722595214844, 13825
0.35504722595214844, 13824
0.35504722595214844, 13823
0.35504722595214844, 13822
0.35504722595214844, 13821
0.35504722595214844, 13820
0.35504722595214844, 13819
0.35504722595214844, 13818
0.35504722595214844, 13817
0.35591864585876465, 13816
0.35591864585876465, 13815
0.3759469985961914, 10421
0.3759469985961914, 10420
0.3759469985961914, 10419
0.3759469985961914, 10418
0.3759469985961914, 10417
0.3759469985961914, 10416
0.3759469985961914, 10415
0.3759469985961914, 10414
0.3759469985961914, 10413
0.3759469985961914, 10412
0.3759469985961914, 10411
0.3759469985961914, 10410
0.3759469985961914, 10409
0.37694740295410156, 10408
0.37694740295410156, 10407
0.37694740295410156, 10406
0.37694740295410156, 10405
0.37694740295410156, 10404
0.37694740295410156, 10403
0.37694740295410156, 10402
0.37694740295410156, 10401
0.37694740295410156, 10400
0.37694740295410156, 10399
0.37694740295410156, 10398
0.37694740295410156, 10397
0.37694740295410156, 10396
0.37694740295410156, 10395
0.3779473304748535, 10394
0.3779473304748535, 10393
0.3779473304748535, 10392
0.3779473304748535, 10391
0.3779473304748535, 10390
0.3779473304748535, 10389
0.3779473304748535, 10388
0.3779473304748535, 10387
0.3779473304748535, 10386
0.3779473304748535, 10385
0.3779473304748535, 10384
0.3779473304748535, 10383
0.3779473304748535, 10382
0.3779473304748535, 10381
0.37894749641418457, 10380
0.37894749641418457, 10379
0.37894749641418457, 10378
0.37894749641418457, 10377
0.37894749641418457, 10376
0.37894749641418457, 10375
0.37894749641418457, 10374
0.37894749641418457, 10373
0.37894749641418457, 10372
0.37894749641418457, 10371
0.37894749641418457, 10370
0.37894749641418457, 10369
0.37894749641418457, 10368
0.37894749641418457, 10367
0.3799471855163574, 10366
0.3799471855163574, 10365
0.3799471855163574, 10364
0.3799471855163574, 10363
0.3799471855163574, 10362
0.3799471855163574, 10361
0.3799471855163574, 10360
0.3799471855163574, 10359
0.3799471855163574, 10358
0.3799471855163574, 10357
0.3799471855163574, 10356
0.3799471855163574, 10355
0.3799471855163574, 10354
0.3809471130371094, 10353
0.3809471130371094, 10352
0.3809471130371094, 10351
0.3809471130371094, 10350
0.3809471130371094, 10349
0.3809471130371094, 10348
0.3809471130371094, 10347
0.3809471130371094, 10346
0.3809471130371094, 10345
0.3809471130371094, 10344
0.3809471130371094, 10343
0.3809471130371094, 10342
0.3809471130371094, 10341
0.3809471130371094, 10340
0.3809471130371094, 10339
0.38194727897644043, 10338
0.38194727897644043, 10337
0.38194727897644043, 10336
0.38194727897644043, 10335
0.38194727897644043, 10334
0.38194727897644043, 10333
0.38194727897644043, 10332
0.38194727897644043, 10331
0.38194727897644043, 10330
0.38194727897644043, 10329
0.38194727897644043, 10328
0.38194727897644043, 10327
0.38194727897644043, 10326
0.38194727897644043, 10325
0.3829474449157715, 10324
0.38300204277038574, 10323
0.38300204277038574, 10322
0.38300204277038574, 10321
0.38300204277038574, 10320
0.38300204277038574, 10319
0.38300204277038574, 10318
0.38300204277038574, 10317
0.38300204277038574, 10316
0.38300204277038574, 10315
0.38300204277038574, 10314
0.38300204277038574, 10313
0.38300204277038574, 10312
0.38300204277038574, 10311
0.38300204277038574, 10310
0.38394713401794434, 10309
0.38394713401794434, 10308
0.38394713401794434, 10307
0.38394713401794434, 10306
0.38394713401794434, 10305
0.38394713401794434, 10304
0.38394713401794434, 10303
0.38394713401794434, 10302
0.38394713401794434, 10301
0.38394713401794434, 10300
0.38394713401794434, 10299
0.38394713401794434, 10298
0.3849477767944336, 10297
0.3849477767944336, 10296
0.3849477767944336, 10295
0.3849477767944336, 10294
0.3849477767944336, 10293
0.3849477767944336, 10292
0.3849477767944336, 10291
0.3849477767944336, 10290
0.3849477767944336, 10289
0.3849477767944336, 10288
0.3849477767944336, 10287
0.3849477767944336, 10286
0.38594746589660645, 10285
0.38594746589660645, 10284
0.38594746589660645, 10283
0.38594746589660645, 10282
0.38594746589660645, 10281
0.38594746589660645, 10280
0.38594746589660645, 10279
0.38594746589660645, 10278
0.38594746589660645, 10277
0.38594746589660645, 10276
0.38594746589660645, 10275
0.38594746589660645, 10274
0.38594746589660645, 10273
0.38594746589660645, 10272
0.3869473934173584, 10271
0.3869473934173584, 10270
0.3869473934173584, 10269
0.3869473934173584, 10268
0.3869473934173584, 10267
0.3869473934173584, 10266
0.3869473934173584, 10265
0.3869473934173584, 10264
0.3869473934173584, 10263
0.3869473934173584, 10262
0.3869473934173584, 10261
0.3869473934173584, 10260
0.3869473934173584, 10259
0.3869473934173584, 10258
0.3869473934173584, 10257
0.38794708251953125, 10256
0.38794708251953125, 10255
0.38794708251953125, 10254
0.38794708251953125, 10253
0.38794708251953125, 10252
0.38794708251953125, 10251
0.38794708251953125, 10250
0.38794708251953125, 10249
0.38794708251953125, 10248
0.38794708251953125, 10247
0.38794708251953125, 10246
0.38794708251953125, 10245
0.38794708251953125, 10244
0.38794708251953125, 10243
0.38794708251953125, 10242
0.3889470100402832, 10241
0.3889470100402832, 10240
0.3889470100402832, 10239
0.3889470100402832, 10238
0.3889470100402832, 10237
0.3889470100402832, 10236
0.3889470100402832, 10235
0.3889470100402832, 10234
0.3889470100402832, 10233
0.3889470100402832, 10232
0.3889470100402832, 10231
0.3889470100402832, 10230
0.3889470100402832, 10229
0.3889470100402832, 10228
0.38994717597961426, 10227
0.38994717597961426, 10226
0.38994717597961426, 10225
0.38994717597961426, 10224
0.38994717597961426, 10223
0.38994717597961426, 10222
0.38994717597961426, 10221
0.38994717597961426, 10220
0.38994717597961426, 10219
0.38994717597961426, 10218
0.38994717597961426, 10217
0.38994717597961426, 10216
0.38994717597961426, 10215
0.38994717597961426, 10214
0.3909471035003662, 10213
0.3909471035003662, 10212
0.3909471035003662, 10211
0.3909471035003662, 10210
0.3909471035003662, 10209
0.3909471035003662, 10208
0.3909471035003662, 10207
0.3909471035003662, 10206
0.3909471035003662, 10205
0.3909471035003662, 10204
0.3909471035003662, 10203
0.3909471035003662, 10202
0.3909471035003662, 10201
0.3909471035003662, 10200
0.39194703102111816, 10199
0.39194703102111816, 10198
0.39194703102111816, 10197
0.39194703102111816, 10196
0.39194703102111816, 10195
0.39194703102111816, 10194
0.39194703102111816, 10193
0.39194703102111816, 10192
0.39194703102111816, 10191
0.39255833625793457, 10190
0.39255833625793457, 10189
0.39255833625793457, 10188
0.39255833625793457, 10187
0.39255833625793457, 10186
0.39255833625793457, 10185
0.3929479122161865, 10184
0.3929479122161865, 10183
0.3929479122161865, 10182
0.3929479122161865, 10181
0.3929479122161865, 10180
0.3929479122161865, 10179
0.3929479122161865, 10178
0.3929479122161865, 10177
0.3929479122161865, 10176
0.3929479122161865, 10175
0.3929479122161865, 10174
0.3929479122161865, 10173
0.3929479122161865, 10172
0.3929479122161865, 10171
0.39394712448120117, 10170
0.39394712448120117, 10169
0.39394712448120117, 10168
0.39394712448120117, 10167
0.39394712448120117, 10166
0.39394712448120117, 10165
0.39394712448120117, 10164
0.39394712448120117, 10163
0.39394712448120117, 10162
0.39394712448120117, 10161
0.39394712448120117, 10160
0.39394712448120117, 10159
0.39394712448120117, 10158
0.39394712448120117, 10157
0.3949470520019531, 10156
0.3950502872467041, 10155
0.3950502872467041, 10154
0.3950502872467041, 10153
0.3950502872467041, 10152
0.3950502872467041, 10151
0.3950502872467041, 10150
0.3950502872467041, 10149
0.3950502872467041, 10148
0.3950502872467041, 10147
0.3950502872467041, 10146
0.3950502872467041, 10145
0.3950502872467041, 10144
0.3950502872467041, 10143
0.3950502872467041, 10142
0.3960559368133545, 10141
0.3960559368133545, 10140
0.3960559368133545, 10139
0.3960559368133545, 10138
0.3960559368133545, 10137
0.3960559368133545, 10136
0.3960559368133545, 10135
0.3960559368133545, 10134
0.3960559368133545, 10133
0.3960559368133545, 10132
0.3960559368133545, 10131
0.3960559368133545, 10130
0.3960559368133545, 10129
0.3960559368133545, 10128
0.39705586433410645, 10127
0.39705586433410645, 10126
0.39705586433410645, 10125
0.39705586433410645, 10124
0.39705586433410645, 10123
0.39705586433410645, 10122
0.39705586433410645, 10121
0.39705586433410645, 10120
0.39705586433410645, 10119
0.39705586433410645, 10118
0.39705586433410645, 10117
0.39705586433410645, 10116
0.39705586433410645, 10115
0.39705586433410645, 10114
0.3980560302734375, 10113
0.3980560302734375, 10112
0.3980560302734375, 10111
0.3980560302734375, 10110
0.3980560302734375, 10109
0.3980560302734375, 10108
0.3980560302734375, 10107
0.3980560302734375, 10106
0.3980560302734375, 10105
0.3980560302734375, 10104
0.3980560302734375, 10103
0.3980560302734375, 10102
0.3980560302734375, 10101
0.3980560302734375, 10100
0.39905595779418945, 10099
0.39905595779418945, 10098
0.39905595779418945, 10097
0.39905595779418945, 10096
0.39905595779418945, 10095
0.39905595779418945, 10094
0.39905595779418945, 10093
0.39905595779418945, 10092
0.39905595779418945, 10091
0.39905595779418945, 10090
0.39905595779418945, 10089
0.39905595779418945, 10088
0.39905595779418945, 10087
0.39905595779418945, 10086
0.4000558853149414, 10085
0.4000558853149414, 10084
0.4000558853149414, 10083
0.4000558853149414, 10082
0.4000558853149414, 10081
0.4000558853149414, 10080
0.4000558853149414, 10079
0.4010593891143799, 10078
0.4010593891143799, 10077
0.4010593891143799, 10076
0.4010593891143799, 10075
0.4010593891143799, 10074
0.4010593891143799, 10073
0.4010593891143799, 10072
0.4010593891143799, 10071
0.4010593891143799, 10070
0.4010593891143799, 10069
0.4010593891143799, 10068
0.4020569324493408, 10067
0.4020569324493408, 10066
0.4020569324493408, 10065
0.4020569324493408, 10064
0.4020569324493408, 10063
0.4020569324493408, 10062
0.4020569324493408, 10061
0.4020569324493408, 10060
0.4020569324493408, 10059
0.4020569324493408, 10058
0.4020569324493408, 10057
0.4020569324493408, 10056
0.40299177169799805, 10055
0.40305638313293457, 10054
0.40305638313293457, 10053
0.40305638313293457, 10052
0.40305638313293457, 10051
0.40305638313293457, 10050
0.40305638313293457, 10049
0.40305638313293457, 10048
0.40305638313293457, 10047
0.40305638313293457, 10046
0.40305638313293457, 10045
0.40305638313293457, 10044
0.40305638313293457, 10043
0.40305638313293457, 10042
0.40305638313293457, 10041
0.4040558338165283, 10040
0.4040558338165283, 10039
0.4040558338165283, 10038
0.4040558338165283, 10037
0.4040558338165283, 10036
0.4040558338165283, 10035
0.4040558338165283, 10034
0.4040558338165283, 10033
0.4040558338165283, 10032
0.4040558338165283, 10031
0.4040558338165283, 10030
0.4040558338165283, 10029
0.4040558338165283, 10028
0.4040558338165283, 10027
0.4040558338165283, 10026
0.4050569534301758, 10025
0.4050569534301758, 10024
0.4050569534301758, 10023
0.4050569534301758, 10022
0.4050569534301758, 10021
0.4050569534301758, 10020
0.4050569534301758, 10019
0.4050569534301758, 10018
0.4050569534301758, 10017
0.4050569534301758, 10016
0.4050569534301758, 10015
0.4050569534301758, 10014
0.4050569534301758, 10013
0.4050569534301758, 10012
0.40605688095092773, 10011
0.40605688095092773, 10010
0.40605688095092773, 10009
0.40605688095092773, 10008
0.40605688095092773, 10007
0.40605688095092773, 10006
