0.18627238273620605, 13988
0.18627238273620605, 13987
0.18627238273620605, 13986
0.18627238273620605, 13985
0.18627238273620605, 13984
0.18627238273620605, 13983
0.18627238273620605, 13982
0.18627238273620605, 13981
0.18627238273620605, 13980
0.1872720718383789, 13979
0.1872720718383789, 13978
0.1872720718383789, 13977
0.1872720718383789, 13976
0.1872720718383789, 13975
0.1872720718383789, 13974
0.1872720718383789, 13973
0.1872720718383789, 13972
0.1872720718383789, 13971
0.1872720718383789, 13970
0.1872720718383789, 13969
0.18801093101501465, 13968
0.18801093101501465, 13967
0.18801093101501465, 13966
0.18801093101501465, 13965
0.18827295303344727, 13964
0.18827295303344727, 13963
0.18827295303344727, 13962
0.18827295303344727, 13961
0.18827295303344727, 13960
0.18827295303344727, 13959
0.18827295303344727, 13958
0.18827295303344727, 13957
0.18827295303344727, 13956
0.18827295303344727, 13955
0.18827295303344727, 13954
0.18827295303344727, 13953
0.18827295303344727, 13952
0.18827295303344727, 13951
0.18827295303344727, 13950
0.18927240371704102, 13949
0.18927240371704102, 13948
0.18927240371704102, 13947
0.18927240371704102, 13946
0.18927240371704102, 13945
0.18927240371704102, 13944
0.18927240371704102, 13943
0.18927240371704102, 13942
0.18927240371704102, 13941
0.18927240371704102, 13940
0.18927240371704102, 13939
0.18927240371704102, 13938
0.18927240371704102, 13937
0.18927240371704102, 13936
0.19027209281921387, 13935
0.19027209281921387, 13934
0.366229772567749, 13933
0.36716270446777344, 13932
0.36716270446777344, 13931
0.36716270446777344, 13930
0.36716270446777344, 13929
0.36716270446777344, 13928
0.36716270446777344, 13927
0.36716270446777344, 13926
0.36716270446777344, 13925
0.36716270446777344, 13924
0.36716270446777344, 13923
0.36716270446777344, 13922
0.36716270446777344, 13921
0.36716270446777344, 13920
0.36716270446777344, 13919
0.36716270446777344, 13918
0.36716270446777344, 13917
0.3681614398956299, 13916
0.3681614398956299, 13915
0.3681614398956299, 13914
0.3681614398956299, 13913
0.3681614398956299, 13912
0.3681614398956299, 13911
0.3681614398956299, 13910
0.3681614398956299, 13909
0.3681614398956299, 13908
0.3681614398956299, 13907
0.3681614398956299, 13906
0.3681614398956299, 13905
0.3681614398956299, 13904
0.3681614398956299, 13903
0.3681614398956299, 13902
0.36916160583496094, 13901
0.36916160583496094, 13900
0.36916160583496094, 13899
0.36916160583496094, 13898
0.36916160583496094, 13897
0.36916160583496094, 13896
0.36916160583496094, 13895
0.36916160583496094, 13894
0.36916160583496094, 13893
0.36916160583496094, 13892
0.36916160583496094, 13891
0.36916160583496094, 13890
0.36916160583496094, 13889
0.36916160583496094, 13888
0.36916160583496094, 13887
0.3701615333557129, 13886
0.3701615333557129, 13885
0.3701615333557129, 13884
0.3701615333557129, 13883
0.3701615333557129, 13882
0.3701615333557129, 13881
0.3701615333557129, 13880
0.3701615333557129, 13879
0.3701615333557129, 13878
0.3701615333557129, 13877
0.3701615333557129, 13876
0.3701615333557129, 13875
0.3701615333557129, 13874
0.3701615333557129, 13873
0.3701615333557129, 13872
0.3701615333557129, 13871
0.37116146087646484, 13870
0.37116146087646484, 13869
0.37116146087646484, 13868
0.37116146087646484, 13867
0.37116146087646484, 13866
0.37116146087646484, 13865
0.37116146087646484, 13864
0.37116146087646484, 13863
0.37116146087646484, 13862
0.37116146087646484, 13861
0.37116146087646484, 13860
0.37116146087646484, 13859
0.37116146087646484, 13858
0.37116146087646484, 13857
0.37116146087646484, 13856
0.3721613883972168, 13855
0.3721613883972168, 13854
0.3721613883972168, 13853
0.3721613883972168, 13852
0.3721613883972168, 13851
0.3721613883972168, 13850
0.3721613883972168, 13849
0.3721613883972168, 13848
0.3721613883972168, 13847
0.3721613883972168, 13846
0.3727407455444336, 13845
0.3727407455444336, 13844
0.3727407455444336, 13843
0.3727407455444336, 13842
0.3727407455444336, 13841
0.37316179275512695, 13840
0.37316179275512695, 13839
0.37316179275512695, 13838
0.37316179275512695, 13837
0.37316179275512695, 13836
0.37316179275512695, 13835
0.37316179275512695, 13834
0.37316179275512695, 13833
0.37316179275512695, 13832
0.37316179275512695, 13831
0.37316179275512695, 13830
0.37316179275512695, 13829
0.37316179275512695, 13828
0.37316179275512695, 13827
0.37316179275512695, 13826
0.3741614818572998, 13825
0.3741614818572998, 13824
0.3741614818572998, 13823
0.3741614818572998, 13822
0.3741614818572998, 13821
0.3741614818572998, 13820
0.3741614818572998, 13819
0.3741614818572998, 13818
0.3741614818572998, 13817
0.3741614818572998, 13816
0.3741614818572998, 13815
0.3741614818572998, 13814
0.3741614818572998, 13813
0.3741614818572998, 13812
0.5482640266418457, 13811
0.5482640266418457, 13810
0.5482640266418457, 13809
0.5482640266418457, 13808
0.5482640266418457, 13807
0.5482640266418457, 13806
0.5482640266418457, 13805
0.5482640266418457, 13804
0.5482640266418457, 13803
0.5482640266418457, 13802
0.5482640266418457, 13801
0.5482640266418457, 13800
0.5482640266418457, 13799
0.5482640266418457, 13798
0.5482640266418457, 13797
0.5492551326751709, 13796
0.5492551326751709, 13795
0.5492551326751709, 13794
0.5492551326751709, 13793
0.5492551326751709, 13792
0.5492551326751709, 13791
0.5492551326751709, 13790
0.5492551326751709, 13789
0.5492551326751709, 13788
0.5492551326751709, 13787
0.5492551326751709, 13786
0.5492551326751709, 13785
0.5492551326751709, 13784
0.5492551326751709, 13783
0.5492551326751709, 13782
0.5502543449401855, 13781
0.5502543449401855, 13780
0.5502543449401855, 13779
0.5502543449401855, 13778
0.5502543449401855, 13777
0.5502543449401855, 13776
0.5502543449401855, 13775
0.5502543449401855, 13774
0.5502543449401855, 13773
0.5502543449401855, 13772
0.5502543449401855, 13771
0.5502543449401855, 13770
0.5502543449401855, 13769
0.5502543449401855, 13768
0.5502543449401855, 13767
0.5502543449401855, 13766
0.5512540340423584, 13765
0.5512540340423584, 13764
0.5512540340423584, 13763
0.5512540340423584, 13762
0.5512540340423584, 13761
0.5512540340423584, 13760
0.5512540340423584, 13759
0.5512540340423584, 13758
0.5512540340423584, 13757
0.5512540340423584, 13756
0.5512540340423584, 13755
0.5512540340423584, 13754
0.5512540340423584, 13753
0.5512540340423584, 13752
0.5512540340423584, 13751
0.5522541999816895, 13750
0.5522541999816895, 13749
0.5522541999816895, 13748
0.5522541999816895, 13747
0.5522541999816895, 13746
0.5522541999816895, 13745
0.5522541999816895, 13744
0.552743673324585, 13743
0.552743673324585, 13742
0.552743673324585, 13741
0.552743673324585, 13740
0.552743673324585, 13739
0.552743673324585, 13738
0.552743673324585, 13737
0.5532548427581787, 13736
0.5532548427581787, 13735
0.5532548427581787, 13734
0.5532548427581787, 13733
0.5532548427581787, 13732
0.5532548427581787, 13731
0.5532548427581787, 13730
0.5532548427581787, 13729
0.5532548427581787, 13728
0.5532548427581787, 13727
0.5532548427581787, 13726
0.5532548427581787, 13725
0.5532548427581787, 13724
0.5532548427581787, 13723
0.5532548427581787, 13722
0.5542545318603516, 13721
0.5542545318603516, 13720
0.5542545318603516, 13719
0.5542545318603516, 13718
0.5542545318603516, 13717
0.5542545318603516, 13716
0.5542545318603516, 13715
0.5542545318603516, 13714
0.5542545318603516, 13713
0.5542545318603516, 13712
0.5542545318603516, 13711
0.5542545318603516, 13710
0.5542545318603516, 13709
0.5542545318603516, 13708
0.5552544593811035, 13707
0.5552544593811035, 13706
0.5552544593811035, 13705
0.5552544593811035, 13704
0.5552544593811035, 13703
0.5552544593811035, 13702
0.5552544593811035, 13701
0.5552544593811035, 13700
0.5552544593811035, 13699
0.5552544593811035, 13698
0.5552544593811035, 13697
0.5552544593811035, 13696
0.5552544593811035, 13695
0.5552544593811035, 13694
0.5552544593811035, 13693
0.5562543869018555, 13692
0.5562543869018555, 13691
0.5562543869018555, 13690
0.5562543869018555, 13689
0.5562543869018555, 13688
0.5562543869018555, 13687
0.5562543869018555, 13686
0.5562543869018555, 13685
0.5562543869018555, 13684
0.5562543869018555, 13683
0.5802545547485352, 9978
0.5802545547485352, 9977
0.5802545547485352, 9976
0.5802545547485352, 9975
0.5802545547485352, 9974
0.5802545547485352, 9973
0.5802545547485352, 9972
0.5802545547485352, 9971
0.5802545547485352, 9970
0.5802545547485352, 9969
0.5802545547485352, 9968
0.5802545547485352, 9967
0.5812821388244629, 9966
0.5812821388244629, 9965
0.5812821388244629, 9964
0.5812821388244629, 9963
0.5812821388244629, 9962
0.5812821388244629, 9961
0.5812821388244629, 9960
0.5812821388244629, 9959
0.5812821388244629, 9958
0.5812821388244629, 9957
0.5812821388244629, 9956
0.5812821388244629, 9955
0.5822820663452148, 9954
0.5822820663452148, 9953
0.5822820663452148, 9952
0.5822820663452148, 9951
0.5822820663452148, 9950
0.5822820663452148, 9949
0.5822820663452148, 9948
0.5822820663452148, 9947
0.5822820663452148, 9946
0.5822820663452148, 9945
0.5822820663452148, 9944
0.5822820663452148, 9943
0.5832819938659668, 9942
0.5832819938659668, 9941
0.5832819938659668, 9940
0.5832819938659668, 9939
0.5832819938659668, 9938
0.5832819938659668, 9937
0.5832819938659668, 9936
0.5832819938659668, 9935
0.5832819938659668, 9934
0.5832819938659668, 9933
0.5832819938659668, 9932
0.5843441486358643, 9931
0.5843441486358643, 9930
0.5843441486358643, 9929
0.5843441486358643, 9928
0.5843441486358643, 9927
0.5843441486358643, 9926
0.5843441486358643, 9925
0.5843441486358643, 9924
0.5843441486358643, 9923
0.5843441486358643, 9922
0.5843441486358643, 9921
0.5852820873260498, 9920
0.5852820873260498, 9919
0.5852820873260498, 9918
0.5852820873260498, 9917
0.5852820873260498, 9916
0.5852820873260498, 9915
0.5852820873260498, 9914
0.5852820873260498, 9913
0.5852820873260498, 9912
0.5852820873260498, 9911
0.5852820873260498, 9910
0.5852820873260498, 9909
0.5852820873260498, 9908
0.5862817764282227, 9907
0.5862817764282227, 9906
0.5862817764282227, 9905
0.5862817764282227, 9904
0.5862817764282227, 9903
0.5862817764282227, 9902
0.5862817764282227, 9901
0.5862817764282227, 9900
0.5862817764282227, 9899
0.5862817764282227, 9898
0.5862817764282227, 9897
0.5862817764282227, 9896
0.5872819423675537, 9895
0.5872819423675537, 9894
0.5872819423675537, 9893
0.5872819423675537, 9892
0.5872819423675537, 9891
0.5872819423675537, 9890
0.5872819423675537, 9889
0.5872819423675537, 9888
0.5872819423675537, 9887
0.5872819423675537, 9886
0.5872819423675537, 9885
0.588287353515625, 9884
