0.21845364570617676, 14070
0.21845364570617676, 14069
0.21845364570617676, 14068
0.21845364570617676, 14067
0.21845364570617676, 14066
0.21845364570617676, 14065
0.21845364570617676, 14064
0.21845364570617676, 14063
0.21845364570617676, 14062
0.21845364570617676, 14061
0.21845364570617676, 14060
0.2194530963897705, 14059
0.2194530963897705, 14058
0.2194530963897705, 14057
0.2194530963897705, 14056
0.2194530963897705, 14055
0.2194530963897705, 14054
0.2194530963897705, 14053
0.2194530963897705, 14052
0.2194530963897705, 14051
0.2194530963897705, 14050
0.2194530963897705, 14049
0.2194530963897705, 14048
0.2194530963897705, 14047
0.2194530963897705, 14046
0.22045469284057617, 14045
0.22045469284057617, 14044
0.22045469284057617, 14043
0.22045469284057617, 14042
0.22045469284057617, 14041
0.22045469284057617, 14040
0.22045469284057617, 14039
0.22045469284057617, 14038
0.22045469284057617, 14037
0.22045469284057617, 14036
0.22045469284057617, 14035
0.22045469284057617, 14034
0.22045469284057617, 14033
0.22045469284057617, 14032
0.22145605087280273, 14031
0.22145605087280273, 14030
0.22145605087280273, 14029
0.22145605087280273, 14028
0.22145605087280273, 14027
0.22145605087280273, 14026
0.22145605087280273, 14025
0.22145605087280273, 14024
0.22145605087280273, 14023
0.22145605087280273, 14022
0.22145605087280273, 14021
0.22145605087280273, 14020
0.22145605087280273, 14019
0.22145605087280273, 14018
0.22245335578918457, 14017
0.22245335578918457, 14016
0.22245335578918457, 14015
0.22245335578918457, 14014
0.22245335578918457, 14013
0.22245335578918457, 14012
0.22245335578918457, 14011
0.22245335578918457, 14010
0.22345447540283203, 14009
0.22345447540283203, 14008
0.22345447540283203, 14007
0.22345447540283203, 14006
0.22345447540283203, 14005
0.22345447540283203, 14004
0.22345447540283203, 14003
0.22345447540283203, 14002
0.22345447540283203, 14001
0.22345447540283203, 14000
0.22345447540283203, 13999
0.22345447540283203, 13998
0.22345447540283203, 13997
0.22345447540283203, 13996
0.22445416450500488, 13995
0.22445416450500488, 13994
0.22445416450500488, 13993
0.22445416450500488, 13992
0.22445416450500488, 13991
0.22445416450500488, 13990
0.22445416450500488, 13989
0.22445416450500488, 13988
0.22445416450500488, 13987
0.22445416450500488, 13986
0.22445416450500488, 13985
0.22445416450500488, 13984
0.22445416450500488, 13983
0.22445416450500488, 13982
0.22545504570007324, 13981
0.22545504570007324, 13980
0.22545504570007324, 13979
0.22545504570007324, 13978
0.22545504570007324, 13977
0.22545504570007324, 13976
0.22545504570007324, 13975
0.22545504570007324, 13974
0.22545504570007324, 13973
0.22545504570007324, 13972
0.22545504570007324, 13971
0.22545504570007324, 13970
0.22545504570007324, 13969
0.22545504570007324, 13968
0.2264537811279297, 13967
0.2264537811279297, 13966
0.2264537811279297, 13965
0.2264537811279297, 13964
0.2264537811279297, 13963
0.2264537811279297, 13962
0.2264537811279297, 13961
0.2264537811279297, 13960
0.2264537811279297, 13959
0.2264537811279297, 13958
0.2264537811279297, 13957
0.2264537811279297, 13956
0.2264537811279297, 13955
0.2264537811279297, 13954
0.22745370864868164, 13953
0.22745370864868164, 13952
0.22745370864868164, 13951
0.22745370864868164, 13950
0.22745370864868164, 13949
0.22745370864868164, 13948
0.22745370864868164, 13947
0.22745370864868164, 13946
0.22745370864868164, 13945
0.22745370864868164, 13944
0.22745370864868164, 13943
0.22745370864868164, 13942
0.2284538745880127, 13941
0.2284538745880127, 13940
0.2284538745880127, 13939
0.2284538745880127, 13938
0.2284538745880127, 13937
0.2284538745880127, 13936
0.2284538745880127, 13935
0.2284538745880127, 13934
0.2284538745880127, 13933
0.2284538745880127, 13932
0.2284538745880127, 13931
0.2284538745880127, 13930
0.2284538745880127, 13929
0.22945332527160645, 13928
0.22945332527160645, 13927
0.22945332527160645, 13926
0.22945332527160645, 13925
0.22945332527160645, 13924
0.22945332527160645, 13923
0.22945332527160645, 13922
0.22945332527160645, 13921
0.22945332527160645, 13920
0.22945332527160645, 13919
0.22945332527160645, 13918
0.22945332527160645, 13917
0.22945332527160645, 13916
0.22945332527160645, 13915
0.230454683303833, 13914
0.230454683303833, 13913
0.230454683303833, 13912
0.230454683303833, 13911
0.230454683303833, 13910
0.230454683303833, 13909
0.230454683303833, 13908
0.230454683303833, 13907
0.230454683303833, 13906
0.230454683303833, 13905
0.230454683303833, 13904
0.230454683303833, 13903
0.230454683303833, 13902
0.23145341873168945, 13901
0.23145341873168945, 13900
0.23145341873168945, 13899
0.23145341873168945, 13898
0.23145341873168945, 13897
0.23145341873168945, 13896
0.23145341873168945, 13895
0.23145341873168945, 13894
0.23145341873168945, 13893
0.23145341873168945, 13892
0.23145341873168945, 13891
0.23145341873168945, 13890
0.23145341873168945, 13889
0.2324533462524414, 13888
0.2324533462524414, 13887
0.2324533462524414, 13886
0.2324533462524414, 13885
0.2324533462524414, 13884
0.2324533462524414, 13883
0.2324533462524414, 13882
0.2324533462524414, 13881
0.2324533462524414, 13880
0.2324533462524414, 13879
0.2324533462524414, 13878
0.2324533462524414, 13877
0.2324533462524414, 13876
0.23345279693603516, 13875
0.23345279693603516, 13874
0.23345279693603516, 13873
0.23345279693603516, 13872
0.23345279693603516, 13871
0.23345279693603516, 13870
0.23345279693603516, 13869
0.23345279693603516, 13868
0.23345279693603516, 13867
0.23345279693603516, 13866
0.23345279693603516, 13865
0.23345279693603516, 13864
0.23345279693603516, 13863
0.23445343971252441, 13862
0.23445343971252441, 13861
0.23445343971252441, 13860
0.23445343971252441, 13859
0.23445343971252441, 13858
0.23445343971252441, 13857
0.23445343971252441, 13856
0.23445343971252441, 13855
0.23445343971252441, 13854
0.23445343971252441, 13853
0.23445343971252441, 13852
0.23445343971252441, 13851
0.23445343971252441, 13850
0.23545360565185547, 13849
0.23545360565185547, 13848
0.23545360565185547, 13847
0.23545360565185547, 13846
0.23545360565185547, 13845
0.23545360565185547, 13844
0.23545360565185547, 13843
0.23545360565185547, 13842
0.23545360565185547, 13841
0.23545360565185547, 13840
0.23545360565185547, 13839
0.23545360565185547, 13838
0.23645448684692383, 13837
0.23645448684692383, 13836
0.23645448684692383, 13835
0.23645448684692383, 13834
0.23645448684692383, 13833
0.23645448684692383, 13832
0.23645448684692383, 13831
0.23645448684692383, 13830
0.23645448684692383, 13829
0.23645448684692383, 13828
0.23645448684692383, 13827
0.23645448684692383, 13826
0.23645448684692383, 13825
0.23645448684692383, 13824
0.23745417594909668, 13823
0.23745417594909668, 13822
0.23761987686157227, 13821
0.23761987686157227, 13820
0.23761987686157227, 13819
0.23761987686157227, 13818
0.23761987686157227, 13817
0.23761987686157227, 13816
0.23761987686157227, 13815
0.23761987686157227, 13814
0.9169266223907471, 13813
0.9179246425628662, 13812
0.9179246425628662, 13811
0.9179246425628662, 13810
0.9179246425628662, 13809
0.9179246425628662, 13808
0.9179246425628662, 13807
0.9179246425628662, 13806
0.9179246425628662, 13805
0.9179246425628662, 13804
0.9179246425628662, 13803
0.9179246425628662, 13802
0.9179246425628662, 13801
0.9179246425628662, 13800
0.9179246425628662, 13799
0.9179246425628662, 13798
0.9189252853393555, 13797
0.9189252853393555, 13796
0.9189252853393555, 13795
0.9189252853393555, 13794
0.9189252853393555, 13793
0.9189252853393555, 13792
0.9189252853393555, 13791
0.9189252853393555, 13790
0.9189252853393555, 13789
0.9189252853393555, 13788
0.9189252853393555, 13787
0.9189252853393555, 13786
0.9189252853393555, 13785
0.9189252853393555, 13784
0.9189252853393555, 13783
0.9199259281158447, 13782
0.9199259281158447, 13781
0.9199259281158447, 13780
0.9199259281158447, 13779
0.9199259281158447, 13778
0.9199259281158447, 13777
0.9199259281158447, 13776
0.9199259281158447, 13775
0.9199259281158447, 13774
0.9199259281158447, 13773
0.9199259281158447, 13772
0.9199259281158447, 13771
0.9199259281158447, 13770
0.9199259281158447, 13769
0.9199259281158447, 13768
0.9209244251251221, 13767
0.9209244251251221, 13766
0.9209244251251221, 13765
0.9209244251251221, 13764
0.9209244251251221, 13763
0.9209244251251221, 13762
0.9209244251251221, 13761
0.9209244251251221, 13760
0.9209244251251221, 13759
0.9209244251251221, 13758
0.9209244251251221, 13757
0.9209244251251221, 13756
0.9209244251251221, 13755
0.9209244251251221, 13754
0.9219236373901367, 13753
0.9219236373901367, 13752
0.9219236373901367, 13751
0.9219236373901367, 13750
0.9219236373901367, 13749
0.9219236373901367, 13748
0.9219236373901367, 13747
0.9219236373901367, 13746
0.9219236373901367, 13745
0.9219236373901367, 13744
0.9229269027709961, 13743
0.9229269027709961, 13742
0.9229269027709961, 13741
0.9229269027709961, 13740
0.9229269027709961, 13739
0.9229269027709961, 13738
0.9229269027709961, 13737
0.9229269027709961, 13736
0.9229269027709961, 13735
0.9239249229431152, 13734
0.9239249229431152, 13733
0.9239249229431152, 13732
0.9239249229431152, 13731
0.9239249229431152, 13730
0.9239249229431152, 13729
0.9239249229431152, 13728
0.9239249229431152, 13727
0.9239249229431152, 13726
0.9239249229431152, 13725
0.9239249229431152, 13724
0.9249250888824463, 13723
0.9250216484069824, 13722
0.9250216484069824, 13721
0.9250216484069824, 13720
0.9250216484069824, 13719
0.9250216484069824, 13718
0.9250216484069824, 13717
0.9250216484069824, 13716
0.9259257316589355, 13715
0.9259257316589355, 13714
0.9259257316589355, 13713
0.9259257316589355, 13712
0.9259257316589355, 13711
0.9259257316589355, 13710
0.9259257316589355, 13709
0.9259257316589355, 13708
0.9259257316589355, 13707
0.9259257316589355, 13706
0.9269235134124756, 13705
0.9269235134124756, 13704
0.9269235134124756, 13703
0.9269235134124756, 13702
0.9269235134124756, 13701
0.9269235134124756, 13700
0.9269235134124756, 13699
0.9269235134124756, 13698
0.9269235134124756, 13697
0.9269235134124756, 13696
0.9269235134124756, 13695
0.927924633026123, 13694
0.927924633026123, 13693
0.927924633026123, 13692
0.927924633026123, 13691
0.927924633026123, 13690
0.927924633026123, 13689
0.927924633026123, 13688
0.927924633026123, 13687
0.927924633026123, 13686
0.927924633026123, 13685
0.9289271831512451, 13684
0.9289271831512451, 13683
0.9289271831512451, 13682
0.9289271831512451, 13681
0.9289271831512451, 13680
0.9289271831512451, 13679
0.9289271831512451, 13678
0.9289271831512451, 13677
0.9289271831512451, 13676
0.929922342300415, 13675
0.929922342300415, 13674
0.929922342300415, 13673
0.929922342300415, 13672
0.929922342300415, 13671
0.929922342300415, 13670
0.929922342300415, 13669
0.929922342300415, 13668
0.929922342300415, 13667
0.929922342300415, 13666
0.9309229850769043, 13665
0.9309229850769043, 13664
0.9309229850769043, 13663
0.9309229850769043, 13662
0.9309229850769043, 13661
0.9309229850769043, 13660
0.9309229850769043, 13659
0.9309229850769043, 13658
0.9309229850769043, 13657
0.9309229850769043, 13656
0.9309229850769043, 13655
0.9319229125976562, 13654
0.9319229125976562, 13653
0.9319229125976562, 13652
0.9319229125976562, 13651
0.9319229125976562, 13650
0.9319229125976562, 13649
0.9319229125976562, 13648
0.9319229125976562, 13647
0.9319229125976562, 13646
0.9319229125976562, 13645
0.9319229125976562, 13644
0.9329218864440918, 13643
0.9329218864440918, 13642
0.9329218864440918, 13641
0.9329218864440918, 13640
0.9329218864440918, 13639
0.9329218864440918, 13638
0.9329218864440918, 13637
0.9329218864440918, 13636
0.9329218864440918, 13635
0.9329218864440918, 13634
0.9329218864440918, 13633
0.9329218864440918, 13632
0.9339237213134766, 13631
0.9339237213134766, 13630
0.9339237213134766, 13629
0.9339237213134766, 13628
0.9339237213134766, 13627
0.9339237213134766, 13626
0.9339237213134766, 13625
0.9339237213134766, 13624
0.9339237213134766, 13623
0.9339237213134766, 13622
0.9349241256713867, 13621
0.9349241256713867, 13620
0.9350342750549316, 13619
0.9350342750549316, 13618
0.9350342750549316, 13617
0.9350342750549316, 13616
0.9350342750549316, 13615
0.9350342750549316, 13614
0.9350342750549316, 13613
0.9359228610992432, 13612
0.9359228610992432, 13611
0.9359228610992432, 13610
0.9359228610992432, 13609
0.9359228610992432, 13608
0.9359228610992432, 13607
0.9359228610992432, 13606
0.9359228610992432, 13605
0.9359228610992432, 13604
0.9359228610992432, 13603
0.9359228610992432, 13602
0.9359228610992432, 13601
0.9359228610992432, 13600
0.9359228610992432, 13599
0.9369220733642578, 13598
0.9369220733642578, 13597
0.9369220733642578, 13596
0.9369220733642578, 13595
0.9369220733642578, 13594
0.9369220733642578, 13593
0.9369220733642578, 13592
0.9369220733642578, 13591
0.9369220733642578, 13590
0.9369220733642578, 13589
0.9369220733642578, 13588
0.9369220733642578, 13587
0.9369220733642578, 13586
0.9369220733642578, 13585
0.9379231929779053, 13584
0.9379231929779053, 13583
0.9379231929779053, 13582
0.9379231929779053, 13581
0.9379231929779053, 13580
0.9379231929779053, 13579
0.9379231929779053, 13578
0.9379231929779053, 13577
0.9379231929779053, 13576
0.9379231929779053, 13575
0.9379231929779053, 13574
0.9379231929779053, 13573
0.9379231929779053, 13572
0.9379231929779053, 13571
0.9389233589172363, 13570
0.9389233589172363, 13569
0.9389233589172363, 13568
0.9389233589172363, 13567
0.9389233589172363, 13566
0.9389233589172363, 13565
0.9389233589172363, 13564
0.9389233589172363, 13563
0.9389233589172363, 13562
0.9389233589172363, 13561
0.9389233589172363, 13560
0.9389233589172363, 13559
0.9389233589172363, 13558
0.9399259090423584, 13557
0.9399259090423584, 13556
0.9399259090423584, 13555
0.9399259090423584, 13554
0.9399259090423584, 13553
0.9399259090423584, 13552
0.9399259090423584, 13551
0.9399259090423584, 13550
0.9399259090423584, 13549
0.9399259090423584, 13548
0.9399259090423584, 13547
0.9399259090423584, 13546
0.9399259090423584, 13545
0.9409255981445312, 13544
0.9409255981445312, 13543
0.9409255981445312, 13542
0.9409255981445312, 13541
0.9409255981445312, 13540
0.9409255981445312, 13539
0.9409255981445312, 13538
0.9409255981445312, 13537
0.9409255981445312, 13536
0.9409255981445312, 13535
0.9409255981445312, 13534
0.9409255981445312, 13533
0.9409255981445312, 13532
0.9419229030609131, 13531
0.9419229030609131, 13530
0.9419229030609131, 13529
0.9419229030609131, 13528
0.9419229030609131, 13527
0.9419229030609131, 13526
0.9419229030609131, 13525
0.9419229030609131, 13524
0.9419229030609131, 13523
0.9419229030609131, 13522
0.9419229030609131, 13521
0.9419229030609131, 13520
0.9419229030609131, 13519
0.9419229030609131, 13518
0.942924976348877, 13517
0.942924976348877, 13516
0.942924976348877, 13515
0.942924976348877, 13514
0.942924976348877, 13513
0.942924976348877, 13512
0.942924976348877, 13511
0.942924976348877, 13510
0.942924976348877, 13509
0.942924976348877, 13508
0.942924976348877, 13507
0.942924976348877, 13506
0.9439256191253662, 13505
0.9439256191253662, 13504
0.9439256191253662, 13503
0.9439256191253662, 13502
0.9439256191253662, 13501
0.9439256191253662, 13500
0.9439256191253662, 13499
0.9439256191253662, 13498
0.9444653987884521, 13497
0.9444653987884521, 13496
0.9444653987884521, 13495
0.9444653987884521, 13494
0.9444653987884521, 13493
0.9444653987884521, 13492
0.944927453994751, 13491
0.944927453994751, 13490
0.944927453994751, 13489
0.944927453994751, 13488
0.944927453994751, 13487
0.944927453994751, 13486
0.944927453994751, 13485
0.944927453994751, 13484
0.944927453994751, 13483
0.944927453994751, 13482
0.944927453994751, 13481
0.944927453994751, 13480
0.9459269046783447, 13479
0.9459269046783447, 13478
0.9459269046783447, 13477
0.9459269046783447, 13476
0.9459269046783447, 13475
0.9459269046783447, 13474
0.9459269046783447, 13473
0.9459269046783447, 13472
0.9459269046783447, 13471
0.9459269046783447, 13470
0.9459269046783447, 13469
0.9459269046783447, 13468
0.9459269046783447, 13467
0.9459269046783447, 13466
0.9469237327575684, 13465
0.9469237327575684, 13464
0.9469237327575684, 13463
0.9469237327575684, 13462
0.9469237327575684, 13461
0.9469237327575684, 13460
3.1202969551086426, 10305
3.12129545211792, 10304
3.12129545211792, 10303
3.12129545211792, 10302
3.12129545211792, 10301
3.12129545211792, 10300
3.12129545211792, 10299
3.12129545211792, 10298
3.12129545211792, 10297
3.12129545211792, 10296
3.12129545211792, 10295
3.12129545211792, 10294
3.12129545211792, 10293
3.1222944259643555, 10292
3.1222944259643555, 10291
3.1222944259643555, 10290
3.1222944259643555, 10289
3.1222944259643555, 10288
3.1222944259643555, 10287
3.1222944259643555, 10286
3.1222944259643555, 10285
3.1222944259643555, 10284
3.1222944259643555, 10283
3.1222944259643555, 10282
3.1222944259643555, 10281
3.1232962608337402, 10280
3.1232962608337402, 10279
3.1232962608337402, 10278
3.1232962608337402, 10277
3.1232962608337402, 10276
3.1232962608337402, 10275
3.1232962608337402, 10274
3.1232962608337402, 10273
3.1232962608337402, 10272
3.1232962608337402, 10271
3.1232962608337402, 10270
3.1232962608337402, 10269
3.1232962608337402, 10268
3.1242942810058594, 10267
3.1242942810058594, 10266
3.1242942810058594, 10265
3.1242942810058594, 10264
3.1242942810058594, 10263
3.1242942810058594, 10262
3.1242942810058594, 10261
3.1242942810058594, 10260
3.1242942810058594, 10259
3.1242942810058594, 10258
3.1242942810058594, 10257
3.1242942810058594, 10256
3.1252963542938232, 10255
3.1252963542938232, 10254
3.1252963542938232, 10253
3.1252963542938232, 10252
3.1252963542938232, 10251
3.1252963542938232, 10250
3.1252963542938232, 10249
3.1252963542938232, 10248
3.1252963542938232, 10247
3.1252963542938232, 10246
3.1252963542938232, 10245
3.1252963542938232, 10244
3.1252963542938232, 10243
3.1262950897216797, 10242
3.1262950897216797, 10241
3.1262950897216797, 10240
3.1262950897216797, 10239
3.1262950897216797, 10238
3.1262950897216797, 10237
3.1262950897216797, 10236
3.1262950897216797, 10235
3.1262950897216797, 10234
3.1262950897216797, 10233
3.1262950897216797, 10232
3.1262950897216797, 10231
3.1272952556610107, 10230
3.1272952556610107, 10229
3.1272952556610107, 10228
3.1272952556610107, 10227
3.1272952556610107, 10226
3.1272952556610107, 10225
3.1272952556610107, 10224
3.1272952556610107, 10223
3.1272952556610107, 10222
3.1272952556610107, 10221
3.1272952556610107, 10220
3.128366470336914, 10219
3.128366470336914, 10218
3.128366470336914, 10217
3.128366470336914, 10216
3.128366470336914, 10215
3.128366470336914, 10214
3.128366470336914, 10213
3.128366470336914, 10212
3.128366470336914, 10211
3.128366470336914, 10210
3.128366470336914, 10209
3.1292951107025146, 10208
3.1292951107025146, 10207
3.1292951107025146, 10206
3.1292951107025146, 10205
3.1292951107025146, 10204
3.1292951107025146, 10203
3.1292951107025146, 10202
3.1292951107025146, 10201
3.1292951107025146, 10200
3.1292951107025146, 10199
3.1292951107025146, 10198
3.1302947998046875, 10197
3.1302947998046875, 10196
3.1302947998046875, 10195
3.1302947998046875, 10194
3.1302947998046875, 10193
3.1302947998046875, 10192
3.1302947998046875, 10191
3.1302947998046875, 10190
3.1302947998046875, 10189
3.1302947998046875, 10188
3.1302947998046875, 10187
3.1302947998046875, 10186
3.1302947998046875, 10185
3.1312966346740723, 10184
3.1312966346740723, 10183
3.1312966346740723, 10182
3.1312966346740723, 10181
3.1312966346740723, 10180
3.1312966346740723, 10179
3.1312966346740723, 10178
3.1312966346740723, 10177
3.1312966346740723, 10176
3.1312966346740723, 10175
3.132298231124878, 10174
3.132298231124878, 10173
3.132298231124878, 10172
3.132298231124878, 10171
3.132298231124878, 10170
3.132298231124878, 10169
3.132298231124878, 10168
3.132298231124878, 10167
3.132298231124878, 10166
3.132298231124878, 10165
3.132298231124878, 10164
3.132298231124878, 10163
3.133298397064209, 10162
3.133298397064209, 10161
3.133298397064209, 10160
3.133298397064209, 10159
3.133298397064209, 10158
3.133298397064209, 10157
3.133298397064209, 10156
3.133298397064209, 10155
3.133298397064209, 10154
3.133298397064209, 10153
3.133298397064209, 10152
3.133298397064209, 10151
3.133298397064209, 10150
3.134298324584961, 10149
3.134298324584961, 10148
3.134298324584961, 10147
3.134298324584961, 10146
3.134298324584961, 10145
3.134298324584961, 10144
3.134298324584961, 10143
3.134298324584961, 10142
3.134298324584961, 10141
3.134298324584961, 10140
3.134298324584961, 10139
3.135295867919922, 10138
3.135295867919922, 10137
3.135295867919922, 10136
3.135295867919922, 10135
3.135295867919922, 10134
3.135295867919922, 10133
3.135295867919922, 10132
3.135295867919922, 10131
3.135295867919922, 10130
3.135295867919922, 10129
3.135295867919922, 10128
3.1362955570220947, 10127
3.1362955570220947, 10126
3.1362955570220947, 10125
3.1362955570220947, 10124
3.1362955570220947, 10123
3.1362955570220947, 10122
3.1362955570220947, 10121
3.1362955570220947, 10120
3.1362955570220947, 10119
3.1362955570220947, 10118
3.1362955570220947, 10117
3.1372950077056885, 10116
3.1372950077056885, 10115
3.1372950077056885, 10114
3.1372950077056885, 10113
3.1372950077056885, 10112
3.1372950077056885, 10111
3.1372950077056885, 10110
3.1372950077056885, 10109
3.1372950077056885, 10108
3.1372950077056885, 10107
3.1372950077056885, 10106
3.1372950077056885, 10105
3.1372950077056885, 10104
3.1382980346679688, 10103
3.1382980346679688, 10102
3.1382980346679688, 10101
3.1382980346679688, 10100
3.1382980346679688, 10099
3.1382980346679688, 10098
3.1382980346679688, 10097
3.1382980346679688, 10096
3.1382980346679688, 10095
3.1382980346679688, 10094
3.1382980346679688, 10093
3.1382980346679688, 10092
3.139298915863037, 10091
3.139298915863037, 10090
3.139298915863037, 10089
3.139298915863037, 10088
3.139298915863037, 10087
3.139298915863037, 10086
3.139298915863037, 10085
3.139298915863037, 10084
3.139298915863037, 10083
3.139298915863037, 10082
3.139298915863037, 10081
3.139298915863037, 10080
3.1402947902679443, 10079
3.1402947902679443, 10078
3.1402947902679443, 10077
3.1402947902679443, 10076
3.1402947902679443, 10075
3.1402947902679443, 10074
3.1402947902679443, 10073
3.1402947902679443, 10072
3.1402947902679443, 10071
3.1402947902679443, 10070
3.1402947902679443, 10069
3.1412956714630127, 10068
3.1412956714630127, 10067
3.1412956714630127, 10066
3.1412956714630127, 10065
3.1412956714630127, 10064
3.1412956714630127, 10063
3.1412956714630127, 10062
3.1412956714630127, 10061
3.1412956714630127, 10060
3.1412956714630127, 10059
3.1412956714630127, 10058
3.1412956714630127, 10057
3.1422946453094482, 10056
3.1422946453094482, 10055
3.1422946453094482, 10054
3.1422946453094482, 10053
3.1422946453094482, 10052
3.1422946453094482, 10051
3.1422946453094482, 10050
3.1422946453094482, 10049
3.1422946453094482, 10048
3.1422946453094482, 10047
3.1422946453094482, 10046
3.1432945728302, 10045
3.1432945728302, 10044
3.1432945728302, 10043
3.1432945728302, 10042
3.1432945728302, 10041
3.1432945728302, 10040
3.1432945728302, 10039
3.1432945728302, 10038
3.1432945728302, 10037
3.1432945728302, 10036
3.1432945728302, 10035
3.1432945728302, 10034
3.1442954540252686, 10033
3.1442954540252686, 10032
3.1442954540252686, 10031
3.1442954540252686, 10030
3.1442954540252686, 10029
3.1442954540252686, 10028
3.1442954540252686, 10027
3.1442954540252686, 10026
3.1442954540252686, 10025
3.1442954540252686, 10024
3.1442954540252686, 10023
3.1442954540252686, 10022
3.1452949047088623, 10021
3.1452949047088623, 10020
3.1452949047088623, 10019
3.1452949047088623, 10018
3.1452949047088623, 10017
3.1452949047088623, 10016
3.1452949047088623, 10015
3.1452949047088623, 10014
3.1452949047088623, 10013
3.1452949047088623, 10012
3.1452949047088623, 10011
3.1452949047088623, 10010
3.1462955474853516, 10009
3.1462955474853516, 10008
3.1462955474853516, 10007
3.1462955474853516, 10006
3.1462955474853516, 10005
3.1462955474853516, 10004
3.1462955474853516, 10003
3.1462955474853516, 10002
3.1462955474853516, 10001
3.1462955474853516, 10000
3.1462955474853516, 9999
3.1462955474853516, 9998
3.1472957134246826, 9997
3.1472957134246826, 9996
3.1472957134246826, 9995
3.1472957134246826, 9994
3.1472957134246826, 9993
3.1472957134246826, 9992
3.1472957134246826, 9991
3.1472957134246826, 9990
3.1472957134246826, 9989
3.1472957134246826, 9988
3.1472957134246826, 9987
3.1472957134246826, 9986
3.1482980251312256, 9985
3.1482980251312256, 9984
3.1482980251312256, 9983
3.1482980251312256, 9982
3.1482980251312256, 9981
3.1482980251312256, 9980
3.1482980251312256, 9979
3.1482980251312256, 9978
3.1482980251312256, 9977
3.1482980251312256, 9976
3.1482980251312256, 9975
3.1482980251312256, 9974
3.1482980251312256, 9973
3.149294137954712, 9972
3.149294137954712, 9971
3.149294137954712, 9970
3.149294137954712, 9969
3.149294137954712, 9968
3.149294137954712, 9967
3.149294137954712, 9966
3.149294137954712, 9965
3.149294137954712, 9964
3.149294137954712, 9963
3.149294137954712, 9962
3.149294137954712, 9961
3.149294137954712, 9960
3.150296688079834, 9959
3.150296688079834, 9958
3.150296688079834, 9957
3.150296688079834, 9956
3.150296688079834, 9955
3.150296688079834, 9954
3.150296688079834, 9953
3.150296688079834, 9952
3.150296688079834, 9951
3.150296688079834, 9950
3.151294231414795, 9949
3.151294231414795, 9948
3.151294231414795, 9947
3.151294231414795, 9946
3.151294231414795, 9945
3.151294231414795, 9944
3.151294231414795, 9943
3.151294231414795, 9942
3.151294231414795, 9941
3.151294231414795, 9940
3.151294231414795, 9939
3.151294231414795, 9938
3.1522951126098633, 9937
3.1522951126098633, 9936
3.1522951126098633, 9935
3.1522951126098633, 9934
3.1522951126098633, 9933
3.1522951126098633, 9932
3.1522951126098633, 9931
3.1522951126098633, 9930
3.1522951126098633, 9929
3.1522951126098633, 9928
3.1522951126098633, 9927
3.1522951126098633, 9926
3.1532950401306152, 9925
3.1532950401306152, 9924
3.1532950401306152, 9923
3.1532950401306152, 9922
3.1532950401306152, 9921
3.1532950401306152, 9920
3.1532950401306152, 9919
3.1532950401306152, 9918
3.1532950401306152, 9917
3.1532950401306152, 9916
3.1532950401306152, 9915
3.1532950401306152, 9914
3.1532950401306152, 9913
3.1542954444885254, 9912
3.1542954444885254, 9911
3.1542954444885254, 9910
3.1542954444885254, 9909
3.1542954444885254, 9908
3.1542954444885254, 9907
3.1542954444885254, 9906
3.1542954444885254, 9905
3.1542954444885254, 9904
3.1542954444885254, 9903
3.1542954444885254, 9902
3.1542954444885254, 9901
3.1552951335906982, 9900
3.1552951335906982, 9899
3.1552951335906982, 9898
3.1552951335906982, 9897
3.1552951335906982, 9896
3.1552951335906982, 9895
3.1552951335906982, 9894
3.1552951335906982, 9893
3.1552951335906982, 9892
3.1552951335906982, 9891
3.1552951335906982, 9890
3.1552951335906982, 9889
3.1552951335906982, 9888
3.156294822692871, 9887
3.156294822692871, 9886
3.156294822692871, 9885
3.156294822692871, 9884
