0.20011615753173828, 14061
0.20011615753173828, 14060
0.20011615753173828, 14059
0.20011615753173828, 14058
0.20011615753173828, 14057
0.20011615753173828, 14056
0.20011615753173828, 14055
0.20011615753173828, 14054
0.20011615753173828, 14053
0.20011615753173828, 14052
0.20111656188964844, 14051
0.20111656188964844, 14050
0.20111656188964844, 14049
0.20111656188964844, 14048
0.20111656188964844, 14047
0.20111656188964844, 14046
0.20111656188964844, 14045
0.20111656188964844, 14044
0.20111656188964844, 14043
0.20111656188964844, 14042
0.20111656188964844, 14041
0.20111656188964844, 14040
0.20111656188964844, 14039
0.20111656188964844, 14038
0.2021167278289795, 14037
0.2021167278289795, 14036
0.2021167278289795, 14035
0.2021167278289795, 14034
0.2021167278289795, 14033
0.2021167278289795, 14032
0.2021167278289795, 14031
0.2021167278289795, 14030
0.2021167278289795, 14029
0.2021167278289795, 14028
0.2021167278289795, 14027
0.20311784744262695, 14026
0.20311784744262695, 14025
0.20311784744262695, 14024
0.20311784744262695, 14023
0.20311784744262695, 14022
0.20311784744262695, 14021
0.20311784744262695, 14020
0.20311784744262695, 14019
0.2041177749633789, 14018
0.2041177749633789, 14017
0.2041177749633789, 14016
0.2041177749633789, 14015
0.2041177749633789, 14014
0.2041177749633789, 14013
0.2041177749633789, 14012
0.2041177749633789, 14011
0.2041177749633789, 14010
0.20512056350708008, 14009
0.20528626441955566, 14008
0.20528626441955566, 14007
0.20528626441955566, 14006
0.20528626441955566, 14005
0.20528626441955566, 14004
0.20528626441955566, 14003
0.20528626441955566, 14002
0.20528626441955566, 14001
0.20528626441955566, 14000
0.20528626441955566, 13999
0.20528626441955566, 13998
0.20528626441955566, 13997
0.2061169147491455, 13996
0.2061169147491455, 13995
0.2063000202178955, 13994
0.2063000202178955, 13993
0.2063000202178955, 13992
0.2063000202178955, 13991
0.2063000202178955, 13990
0.2063000202178955, 13989
0.2063000202178955, 13988
0.2063000202178955, 13987
0.2063000202178955, 13986
0.2063000202178955, 13985
0.2063000202178955, 13984
0.2063000202178955, 13983
0.20711874961853027, 13982
0.20711874961853027, 13981
0.20711874961853027, 13980
0.20711874961853027, 13979
0.20711874961853027, 13978
0.20711874961853027, 13977
0.20711874961853027, 13976
0.20711874961853027, 13975
0.20711874961853027, 13974
0.20711874961853027, 13973
0.20711874961853027, 13972
0.20711874961853027, 13971
0.20711874961853027, 13970
0.20711874961853027, 13969
0.20811676979064941, 13968
0.20811676979064941, 13967
0.20811676979064941, 13966
0.20811676979064941, 13965
0.20811676979064941, 13964
0.20811676979064941, 13963
0.20811676979064941, 13962
0.20811676979064941, 13961
0.20811676979064941, 13960
0.20811676979064941, 13959
0.20811676979064941, 13958
0.20811676979064941, 13957
0.20811676979064941, 13956
0.20811676979064941, 13955
0.20811676979064941, 13954
0.20911622047424316, 13953
0.20911622047424316, 13952
0.20911622047424316, 13951
0.20911622047424316, 13950
0.20911622047424316, 13949
0.20911622047424316, 13948
0.20911622047424316, 13947
0.20911622047424316, 13946
0.20911622047424316, 13945
0.20911622047424316, 13944
0.20911622047424316, 13943
0.20911622047424316, 13942
0.20911622047424316, 13941
0.20911622047424316, 13940
0.20911622047424316, 13939
0.21011638641357422, 13938
0.21011638641357422, 13937
0.21011638641357422, 13936
0.21011638641357422, 13935
0.21011638641357422, 13934
0.21011638641357422, 13933
0.21011638641357422, 13932
0.21060395240783691, 13931
0.21060395240783691, 13930
0.21060395240783691, 13929
0.21060395240783691, 13928
0.21060395240783691, 13927
0.21060395240783691, 13926
0.21060395240783691, 13925
0.21060395240783691, 13924
0.21111607551574707, 13923
0.21111607551574707, 13922
0.21111607551574707, 13921
0.21111607551574707, 13920
0.21111607551574707, 13919
0.21111607551574707, 13918
0.21111607551574707, 13917
0.21111607551574707, 13916
0.21111607551574707, 13915
0.21111607551574707, 13914
0.21111607551574707, 13913
0.21111607551574707, 13912
0.21111607551574707, 13911
0.21111607551574707, 13910
0.21111607551574707, 13909
0.21211576461791992, 13908
0.21211576461791992, 13907
0.21211576461791992, 13906
0.21211576461791992, 13905
0.21211576461791992, 13904
0.21211576461791992, 13903
0.21211576461791992, 13902
0.21211576461791992, 13901
0.21211576461791992, 13900
0.21211576461791992, 13899
0.21211576461791992, 13898
0.21211576461791992, 13897
0.21211576461791992, 13896
0.21211576461791992, 13895
0.21211576461791992, 13894
0.21311593055725098, 13893
0.21311593055725098, 13892
0.21311593055725098, 13891
0.21311593055725098, 13890
0.21311593055725098, 13889
0.21311593055725098, 13888
0.21311593055725098, 13887
0.21357011795043945, 13886
0.21357011795043945, 13885
0.21357011795043945, 13884
0.21357011795043945, 13883
0.21357011795043945, 13882
0.21357011795043945, 13881
0.21357011795043945, 13880
0.21357011795043945, 13879
0.21357011795043945, 13878
0.21411585807800293, 13877
0.21411585807800293, 13876
0.21411585807800293, 13875
0.21411585807800293, 13874
0.21411585807800293, 13873
0.21411585807800293, 13872
0.21411585807800293, 13871
0.21411585807800293, 13870
0.21411585807800293, 13869
0.21411585807800293, 13868
0.21411585807800293, 13867
0.21411585807800293, 13866
0.21411585807800293, 13865
0.21411585807800293, 13864
0.21411585807800293, 13863
0.21511602401733398, 13862
0.21521687507629395, 13861
0.21521687507629395, 13860
0.21521687507629395, 13859
0.21521687507629395, 13858
0.21521687507629395, 13857
0.21521687507629395, 13856
0.21521687507629395, 13855
0.21521687507629395, 13854
0.21521687507629395, 13853
0.21521687507629395, 13852
0.21521687507629395, 13851
0.21521687507629395, 13850
0.21521687507629395, 13849
0.21521687507629395, 13848
0.21611595153808594, 13847
0.21611595153808594, 13846
0.21611595153808594, 13845
0.21611595153808594, 13844
0.21611595153808594, 13843
0.21611595153808594, 13842
0.21611595153808594, 13841
0.21611595153808594, 13840
0.21611595153808594, 13839
0.21611595153808594, 13838
0.21611595153808594, 13837
0.21611595153808594, 13836
0.21611595153808594, 13835
0.21611595153808594, 13834
0.2171175479888916, 13833
0.2171175479888916, 13832
0.2171175479888916, 13831
0.2171175479888916, 13830
0.2171175479888916, 13829
0.2171175479888916, 13828
0.2171175479888916, 13827
0.2171175479888916, 13826
0.2171175479888916, 13825
0.2171175479888916, 13824
0.2171175479888916, 13823
0.2171175479888916, 13822
0.2171175479888916, 13821
0.2171175479888916, 13820
0.2171175479888916, 13819
0.2171175479888916, 13818
0.21811628341674805, 13817
0.21811628341674805, 13816
0.21811628341674805, 13815
0.21811628341674805, 13814
0.21811628341674805, 13813
0.21811628341674805, 13812
0.21811628341674805, 13811
0.21811628341674805, 13810
0.21811628341674805, 13809
0.21811628341674805, 13808
0.21811628341674805, 13807
0.21811628341674805, 13806
0.21811628341674805, 13805
0.21811628341674805, 13804
0.21811628341674805, 13803
0.2191162109375, 13802
0.2191162109375, 13801
0.2191162109375, 13800
0.2191162109375, 13799
0.2191162109375, 13798
0.2191162109375, 13797
0.2191162109375, 13796
0.2191162109375, 13795
0.2191162109375, 13794
0.2191162109375, 13793
0.2191162109375, 13792
0.2191162109375, 13791
0.2191162109375, 13790
0.2191162109375, 13789
0.2191162109375, 13788
0.22011637687683105, 13787
0.22011637687683105, 13786
0.22011637687683105, 13785
0.22011637687683105, 13784
0.22011637687683105, 13783
0.22011637687683105, 13782
0.22011637687683105, 13781
0.22011637687683105, 13780
0.22011637687683105, 13779
0.22011637687683105, 13778
0.22011637687683105, 13777
0.22011637687683105, 13776
0.22011637687683105, 13775
0.22011637687683105, 13774
0.44298410415649414, 13773
0.44298410415649414, 13772
0.44298410415649414, 13771
0.44298410415649414, 13770
0.44298410415649414, 13769
0.44298410415649414, 13768
0.44298410415649414, 13767
0.44298410415649414, 13766
0.44298410415649414, 13765
0.44298410415649414, 13764
0.44298410415649414, 13763
0.44298410415649414, 13762
0.44298410415649414, 13761
0.44298410415649414, 13760
0.4439842700958252, 13759
0.4439842700958252, 13758
0.4439842700958252, 13757
0.4439842700958252, 13756
0.4439842700958252, 13755
0.4439842700958252, 13754
0.4439842700958252, 13753
0.4439842700958252, 13752
0.4439842700958252, 13751
0.4439842700958252, 13750
0.44498443603515625, 13749
0.44498443603515625, 13748
0.44498443603515625, 13747
0.44498443603515625, 13746
0.44498443603515625, 13745
0.44498443603515625, 13744
0.44498443603515625, 13743
0.44498443603515625, 13742
0.44498443603515625, 13741
0.44498443603515625, 13740
0.44498443603515625, 13739
0.44498443603515625, 13738
0.4459848403930664, 13737
0.4459848403930664, 13736
0.4459848403930664, 13735
0.4459848403930664, 13734
0.4459848403930664, 13733
0.4459848403930664, 13732
0.4459848403930664, 13731
0.4459848403930664, 13730
0.4459848403930664, 13729
0.4459848403930664, 13728
0.4459848403930664, 13727
0.4459848403930664, 13726
0.44698500633239746, 13725
0.44698500633239746, 13724
0.44698500633239746, 13723
0.44698500633239746, 13722
0.44698500633239746, 13721
0.44698500633239746, 13720
0.44698500633239746, 13719
0.44698500633239746, 13718
0.44698500633239746, 13717
0.44698500633239746, 13716
0.44698500633239746, 13715
0.4479866027832031, 13714
0.4479866027832031, 13713
0.4479866027832031, 13712
0.4479866027832031, 13711
0.4479866027832031, 13710
0.4479866027832031, 13709
0.4479866027832031, 13708
0.4479866027832031, 13707
0.4479866027832031, 13706
0.4479866027832031, 13705
0.4479866027832031, 13704
0.4479866027832031, 13703
0.44898438453674316, 13702
0.44898438453674316, 13701
0.44898438453674316, 13700
0.44898438453674316, 13699
0.44898438453674316, 13698
0.44898438453674316, 13697
0.44898438453674316, 13696
0.44898438453674316, 13695
0.44898438453674316, 13694
0.44898438453674316, 13693
0.44898438453674316, 13692
0.449984073638916, 13691
0.449984073638916, 13690
0.449984073638916, 13689
0.449984073638916, 13688
0.449984073638916, 13687
0.449984073638916, 13686
0.449984073638916, 13685
0.449984073638916, 13684
0.449984073638916, 13683
0.449984073638916, 13682
0.4509851932525635, 13681
0.4509851932525635, 13680
0.4509851932525635, 13679
0.4509851932525635, 13678
0.4509851932525635, 13677
0.4509851932525635, 13676
0.4509851932525635, 13675
0.4509851932525635, 13674
0.4509851932525635, 13673
0.4509851932525635, 13672
0.451984167098999, 13671
0.451984167098999, 13670
0.451984167098999, 13669
0.451984167098999, 13668
0.451984167098999, 13667
0.451984167098999, 13666
0.451984167098999, 13665
0.451984167098999, 13664
0.451984167098999, 13663
0.451984167098999, 13662
0.451984167098999, 13661
0.451984167098999, 13660
0.4529843330383301, 13659
0.4529843330383301, 13658
0.4529843330383301, 13657
0.4529843330383301, 13656
0.4529843330383301, 13655
0.4529843330383301, 13654
0.4529843330383301, 13653
0.4529843330383301, 13652
0.4529843330383301, 13651
0.4529843330383301, 13650
0.4529843330383301, 13649
0.4529843330383301, 13648
0.45398473739624023, 13647
0.45398473739624023, 13646
0.45398473739624023, 13645
0.45398473739624023, 13644
0.45398473739624023, 13643
0.45398473739624023, 13642
0.45398473739624023, 13641
0.45398473739624023, 13640
0.45398473739624023, 13639
0.45398473739624023, 13638
0.4549853801727295, 13637
0.4549853801727295, 13636
0.4549853801727295, 13635
0.4549853801727295, 13634
0.4549853801727295, 13633
0.4549853801727295, 13632
0.4549853801727295, 13631
0.4549853801727295, 13630
0.4549853801727295, 13629
0.4549853801727295, 13628
0.4549853801727295, 13627
0.4549853801727295, 13626
0.45598530769348145, 13625
0.45598530769348145, 13624
0.45598530769348145, 13623
0.45598530769348145, 13622
0.45598530769348145, 13621
0.45598530769348145, 13620
0.45598530769348145, 13619
0.45598530769348145, 13618
0.45598530769348145, 13617
0.45598530769348145, 13616
0.45598530769348145, 13615
0.45703673362731934, 13614
0.45703673362731934, 13613
0.45703673362731934, 13612
0.45703673362731934, 13611
0.45703673362731934, 13610
0.45703673362731934, 13609
0.45703673362731934, 13608
0.45703673362731934, 13607
0.45703673362731934, 13606
0.45703673362731934, 13605
0.45703673362731934, 13604
0.45703673362731934, 13603
0.45703673362731934, 13602
0.45798492431640625, 13601
0.45798492431640625, 13600
0.45798492431640625, 13599
0.45798492431640625, 13598
0.45798492431640625, 13597
0.45798492431640625, 13596
0.45798492431640625, 13595
0.45798492431640625, 13594
0.45798492431640625, 13593
0.45798492431640625, 13592
0.45798492431640625, 13591
0.45798492431640625, 13590
0.45798492431640625, 13589
1.0268793106079102, 13588
1.0268793106079102, 13587
1.0268793106079102, 13586
1.0268793106079102, 13585
1.0268793106079102, 13584
1.0278801918029785, 13583
1.0278801918029785, 13582
1.0278801918029785, 13581
1.0278801918029785, 13580
1.0278801918029785, 13579
1.0278801918029785, 13578
1.0278801918029785, 13577
1.0278801918029785, 13576
1.0278801918029785, 13575
1.0278801918029785, 13574
1.0288796424865723, 13573
1.0288796424865723, 13572
1.0288796424865723, 13571
1.0288796424865723, 13570
1.0288796424865723, 13569
1.0288796424865723, 13568
1.0288796424865723, 13567
1.0288796424865723, 13566
1.0288796424865723, 13565
1.0298793315887451, 13564
1.0298793315887451, 13563
1.0298793315887451, 13562
1.0298793315887451, 13561
1.0298793315887451, 13560
1.0298793315887451, 13559
1.0298793315887451, 13558
1.0298793315887451, 13557
1.0298793315887451, 13556
1.0298793315887451, 13555
1.0298793315887451, 13554
1.0308804512023926, 13553
1.0308804512023926, 13552
1.0308804512023926, 13551
1.0308804512023926, 13550
1.0308804512023926, 13549
1.0308804512023926, 13548
1.0308804512023926, 13547
1.0308804512023926, 13546
1.0308804512023926, 13545
1.031879186630249, 13544
1.031879186630249, 13543
1.031879186630249, 13542
1.031879186630249, 13541
1.031879186630249, 13540
1.031879186630249, 13539
1.031879186630249, 13538
1.031879186630249, 13537
1.031879186630249, 13536
1.031879186630249, 13535
1.032881736755371, 13534
1.032881736755371, 13533
1.032881736755371, 13532
1.032881736755371, 13531
1.032881736755371, 13530
1.032881736755371, 13529
1.032881736755371, 13528
1.032881736755371, 13527
1.032881736755371, 13526
1.032881736755371, 13525
1.032881736755371, 13524
1.033879041671753, 13523
1.033879041671753, 13522
1.033879041671753, 13521
1.033879041671753, 13520
1.033879041671753, 13519
1.033879041671753, 13518
1.033879041671753, 13517
1.033879041671753, 13516
1.033879041671753, 13515
1.033879041671753, 13514
1.033879041671753, 13513
1.033879041671753, 13512
1.033879041671753, 13511
1.0348803997039795, 13510
1.0348803997039795, 13509
1.0348803997039795, 13508
1.0348803997039795, 13507
1.0348803997039795, 13506
1.0348803997039795, 13505
1.0348803997039795, 13504
1.0348803997039795, 13503
1.0348803997039795, 13502
1.0348803997039795, 13501
1.0348803997039795, 13500
1.0348803997039795, 13499
1.0348803997039795, 13498
1.0358798503875732, 13497
1.0358798503875732, 13496
1.0358798503875732, 13495
1.0358798503875732, 13494
1.0358798503875732, 13493
1.0358798503875732, 13492
1.0358798503875732, 13491
1.0358798503875732, 13490
1.0358798503875732, 13489
1.0358798503875732, 13488
1.0358798503875732, 13487
1.0358798503875732, 13486
1.036879539489746, 13485
1.036879539489746, 13484
1.036879539489746, 13483
1.036879539489746, 13482
1.036879539489746, 13481
1.036879539489746, 13480
1.036879539489746, 13479
1.036879539489746, 13478
1.036879539489746, 13477
1.036879539489746, 13476
1.036879539489746, 13475
1.0378801822662354, 13474
1.0378801822662354, 13473
1.0378801822662354, 13472
1.0378801822662354, 13471
1.0378801822662354, 13470
1.0378801822662354, 13469
1.0378801822662354, 13468
1.0378801822662354, 13467
1.0378801822662354, 13466
1.0378801822662354, 13465
1.0388824939727783, 13464
1.0388824939727783, 13463
1.0388824939727783, 13462
1.0388824939727783, 13461
1.0388824939727783, 13460
1.0388824939727783, 13459
1.0388824939727783, 13458
1.0388824939727783, 13457
1.0388824939727783, 13456
1.0388824939727783, 13455
1.0388824939727783, 13454
1.0388824939727783, 13453
1.0388824939727783, 13452
1.039881706237793, 13451
1.039881706237793, 13450
1.039881706237793, 13449
1.039881706237793, 13448
1.039881706237793, 13447
1.039881706237793, 13446
1.039881706237793, 13445
1.039881706237793, 13444
1.039881706237793, 13443
1.039881706237793, 13442
1.040879249572754, 13441
1.040879249572754, 13440
1.040879249572754, 13439
1.040879249572754, 13438
1.040879249572754, 13437
1.040879249572754, 13436
1.040879249572754, 13435
1.040879249572754, 13434
1.040879249572754, 13433
1.040879249572754, 13432
1.040879249572754, 13431
1.040879249572754, 13430
1.0418803691864014, 13429
1.0418803691864014, 13428
1.0418803691864014, 13427
1.0418803691864014, 13426
1.0418803691864014, 13425
1.0418803691864014, 13424
1.0418803691864014, 13423
1.0418803691864014, 13422
1.0418803691864014, 13421
1.042879343032837, 13420
1.042879343032837, 13419
1.042879343032837, 13418
1.042879343032837, 13417
1.042879343032837, 13416
1.042879343032837, 13415
1.042879343032837, 13414
1.042879343032837, 13413
1.042879343032837, 13412
1.042879343032837, 13411
1.042879343032837, 13410
1.0438790321350098, 13409
1.0438790321350098, 13408
1.0438790321350098, 13407
1.0438790321350098, 13406
1.0438790321350098, 13405
1.0438790321350098, 13404
1.0438790321350098, 13403
1.0438790321350098, 13402
1.0438790321350098, 13401
1.0438790321350098, 13400
1.0438790321350098, 13399
1.0448830127716064, 13398
1.0448830127716064, 13397
1.0448830127716064, 13396
1.0448830127716064, 13395
1.0448830127716064, 13394
1.0448830127716064, 13393
1.0448830127716064, 13392
1.0448830127716064, 13391
1.0448830127716064, 13390
1.0448830127716064, 13389
1.0458803176879883, 13388
1.0458803176879883, 13387
1.0458803176879883, 13386
1.0458803176879883, 13385
1.0458803176879883, 13384
1.0458803176879883, 13383
1.0458803176879883, 13382
1.0458803176879883, 13381
1.0468788146972656, 13380
1.0468788146972656, 13379
1.0468788146972656, 13378
1.0468788146972656, 13377
1.0468788146972656, 13376
1.0468788146972656, 13375
1.0468788146972656, 13374
1.0468788146972656, 13373
1.0468788146972656, 13372
1.0468788146972656, 13371
1.0468788146972656, 13370
1.0468788146972656, 13369
1.047879934310913, 13368
1.047879934310913, 13367
1.047879934310913, 13366
7.37974739074707, 13365
7.37974739074707, 13364
7.37974739074707, 13363
7.37974739074707, 13362
7.37974739074707, 13361
7.37974739074707, 13360
7.37974739074707, 13359
7.37974739074707, 13358
7.38074803352356, 13357
7.38074803352356, 13356
7.38074803352356, 13355
7.38074803352356, 13354
7.38074803352356, 13353
7.38074803352356, 13352
7.38074803352356, 13351
7.38074803352356, 13350
7.38074803352356, 13349
7.38074803352356, 13348
7.38074803352356, 13347
7.38074803352356, 13346
7.38074803352356, 13345
7.38074803352356, 13344
7.381748199462891, 13343
7.381748199462891, 13342
7.381748199462891, 13341
7.381748199462891, 13340
7.381748199462891, 13339
7.381748199462891, 13338
7.381748199462891, 13337
7.381748199462891, 13336
7.381748199462891, 13335
7.38245701789856, 13334
7.38245701789856, 13333
7.38245701789856, 13332
7.38245701789856, 13331
7.382747411727905, 13330
7.382747411727905, 13329
7.382747411727905, 13328
7.382747411727905, 13327
7.382747411727905, 13326
