0.1690065860748291, 14077
0.1690065860748291, 14076
0.1690065860748291, 14075
0.1690065860748291, 14074
0.1690065860748291, 14073
0.17000722885131836, 14072
0.17000722885131836, 14071
0.17000722885131836, 14070
0.17000722885131836, 14069
0.17000722885131836, 14068
0.17000722885131836, 14067
0.17000722885131836, 14066
0.17000722885131836, 14065
0.17000722885131836, 14064
0.17000722885131836, 14063
0.17000722885131836, 14062
0.17000722885131836, 14061
0.17000722885131836, 14060
0.17000722885131836, 14059
0.17000722885131836, 14058
0.1710069179534912, 14057
0.1710069179534912, 14056
0.1710069179534912, 14055
0.1710069179534912, 14054
0.1710069179534912, 14053
0.1710069179534912, 14052
0.1710069179534912, 14051
0.1710069179534912, 14050
0.1710069179534912, 14049
0.1710069179534912, 14048
0.1710069179534912, 14047
0.1710069179534912, 14046
0.1710069179534912, 14045
0.1710069179534912, 14044
0.1710069179534912, 14043
0.17200779914855957, 14042
0.17200779914855957, 14041
0.17200779914855957, 14040
0.17200779914855957, 14039
0.17200779914855957, 14038
0.17200779914855957, 14037
0.17200779914855957, 14036
0.17200779914855957, 14035
0.17200779914855957, 14034
0.17200779914855957, 14033
0.17200779914855957, 14032
0.17200779914855957, 14031
0.17200779914855957, 14030
0.17200779914855957, 14029
0.17200779914855957, 14028
0.17300677299499512, 14027
0.17300677299499512, 14026
0.17300677299499512, 14025
0.17300677299499512, 14024
0.17300677299499512, 14023
0.17300677299499512, 14022
0.17300677299499512, 14021
0.17300677299499512, 14020
0.17300677299499512, 14019
0.17300677299499512, 14018
0.17300677299499512, 14017
0.17300677299499512, 14016
0.17300677299499512, 14015
0.17300677299499512, 14014
0.17300677299499512, 14013
0.17300677299499512, 14012
0.17400670051574707, 14011
0.17400670051574707, 14010
0.17400670051574707, 14009
0.17400670051574707, 14008
0.17400670051574707, 14007
0.17400670051574707, 14006
0.17400670051574707, 14005
0.17400670051574707, 14004
0.17400670051574707, 14003
0.17400670051574707, 14002
0.17400670051574707, 14001
0.17400670051574707, 14000
0.17400670051574707, 13999
0.17400670051574707, 13998
0.17400670051574707, 13997
0.17400670051574707, 13996
0.17502856254577637, 13995
0.17509937286376953, 13994
0.17509937286376953, 13993
0.17509937286376953, 13992
0.17509937286376953, 13991
0.17509937286376953, 13990
0.17509937286376953, 13989
0.17509937286376953, 13988
0.17509937286376953, 13987
0.17509937286376953, 13986
0.17509937286376953, 13985
0.17509937286376953, 13984
0.17509937286376953, 13983
0.17509937286376953, 13982
0.17509937286376953, 13981
0.17602944374084473, 13980
0.17602944374084473, 13979
0.17602944374084473, 13978
0.17602944374084473, 13977
0.17602944374084473, 13976
0.17602944374084473, 13975
0.17602944374084473, 13974
0.17602944374084473, 13973
0.17602944374084473, 13972
0.17602944374084473, 13971
0.17602944374084473, 13970
0.17602944374084473, 13969
0.17602944374084473, 13968
0.17602944374084473, 13967
0.17602944374084473, 13966
0.17602944374084473, 13965
0.17702817916870117, 13964
0.177109956741333, 13963
0.177109956741333, 13962
0.177109956741333, 13961
0.177109956741333, 13960
0.177109956741333, 13959
0.177109956741333, 13958
0.177109956741333, 13957
0.177109956741333, 13956
0.177109956741333, 13955
0.177109956741333, 13954
0.177109956741333, 13953
0.177109956741333, 13952
0.17802977561950684, 13951
0.17802977561950684, 13950
0.17802977561950684, 13949
0.17802977561950684, 13948
0.17802977561950684, 13947
0.17802977561950684, 13946
0.17802977561950684, 13945
0.17802977561950684, 13944
0.17802977561950684, 13943
0.17802977561950684, 13942
0.17802977561950684, 13941
0.17802977561950684, 13940
0.17802977561950684, 13939
0.17802977561950684, 13938
0.17802977561950684, 13937
0.17902922630310059, 13936
0.17902922630310059, 13935
0.17902922630310059, 13934
0.17902922630310059, 13933
0.17902922630310059, 13932
0.17902922630310059, 13931
0.17902922630310059, 13930
0.17902922630310059, 13929
0.17902922630310059, 13928
0.17902922630310059, 13927
0.17902922630310059, 13926
0.17902922630310059, 13925
0.17902922630310059, 13924
0.17902922630310059, 13923
0.17902922630310059, 13922
0.17902922630310059, 13921
0.18002724647521973, 13920
0.18002724647521973, 13919
0.18002724647521973, 13918
0.18002724647521973, 13917
0.18002724647521973, 13916
0.18002724647521973, 13915
0.18002724647521973, 13914
0.18002724647521973, 13913
0.18002724647521973, 13912
0.18002724647521973, 13911
0.18002724647521973, 13910
0.18002724647521973, 13909
0.18002724647521973, 13908
0.18002724647521973, 13907
0.18002724647521973, 13906
0.18002724647521973, 13905
0.1810286045074463, 13904
0.1810286045074463, 13903
0.1810286045074463, 13902
0.1810286045074463, 13901
0.1810286045074463, 13900
0.1810286045074463, 13899
0.1810286045074463, 13898
0.1810286045074463, 13897
0.1810286045074463, 13896
0.1810286045074463, 13895
0.1810286045074463, 13894
0.1810286045074463, 13893
0.1810286045074463, 13892
0.1810286045074463, 13891
0.1810286045074463, 13890
0.18202781677246094, 13889
0.18202781677246094, 13888
0.18202781677246094, 13887
0.18202781677246094, 13886
0.18226885795593262, 13885
0.18226885795593262, 13884
0.18226885795593262, 13883
0.18226885795593262, 13882
0.18226885795593262, 13881
0.18226885795593262, 13880
0.18226885795593262, 13879
0.18226885795593262, 13878
0.18226885795593262, 13877
0.18226885795593262, 13876
0.18226885795593262, 13875
0.18226885795593262, 13874
0.1830275058746338, 13873
0.1830275058746338, 13872
0.1830275058746338, 13871
0.1830275058746338, 13870
0.1830275058746338, 13869
0.1830275058746338, 13868
0.1830275058746338, 13867
0.1830275058746338, 13866
0.1830275058746338, 13865
0.1830275058746338, 13864
0.1830275058746338, 13863
0.1830275058746338, 13862
0.1830275058746338, 13861
0.1830275058746338, 13860
0.1830275058746338, 13859
0.18402862548828125, 13858
0.18402862548828125, 13857
0.18402862548828125, 13856
0.18402862548828125, 13855
0.18402862548828125, 13854
0.18402862548828125, 13853
0.18402862548828125, 13852
0.18402862548828125, 13851
0.18402862548828125, 13850
0.18402862548828125, 13849
0.18402862548828125, 13848
0.18402862548828125, 13847
0.18402862548828125, 13846
0.18402862548828125, 13845
0.18402862548828125, 13844
0.18402862548828125, 13843
0.1850278377532959, 13842
0.1850278377532959, 13841
0.1850278377532959, 13840
0.1850278377532959, 13839
0.1850278377532959, 13838
0.1850278377532959, 13837
0.1850278377532959, 13836
0.1850278377532959, 13835
0.1850278377532959, 13834
0.1850278377532959, 13833
0.1850278377532959, 13832
0.1850278377532959, 13831
0.1850278377532959, 13830
0.1850278377532959, 13829
0.1850278377532959, 13828
0.1850278377532959, 13827
0.18602752685546875, 13826
0.18602752685546875, 13825
0.18602752685546875, 13824
0.18602752685546875, 13823
0.18602752685546875, 13822
0.18602752685546875, 13821
0.18602752685546875, 13820
0.18602752685546875, 13819
0.18602752685546875, 13818
0.18602752685546875, 13817
0.18602752685546875, 13816
0.18602752685546875, 13815
0.18602752685546875, 13814
0.18602752685546875, 13813
0.18602752685546875, 13812
0.18602752685546875, 13811
0.1870272159576416, 13810
0.1870272159576416, 13809
0.1870272159576416, 13808
0.1870272159576416, 13807
0.1870272159576416, 13806
0.1870272159576416, 13805
0.18746113777160645, 13804
0.18746113777160645, 13803
0.18746113777160645, 13802
0.18746113777160645, 13801
0.18746113777160645, 13800
0.18746113777160645, 13799
0.18746113777160645, 13798
0.18746113777160645, 13797
0.18746113777160645, 13796
0.18802762031555176, 13795
0.18802762031555176, 13794
0.18802762031555176, 13793
0.18802762031555176, 13792
0.18802762031555176, 13791
0.18802762031555176, 13790
0.18802762031555176, 13789
0.18802762031555176, 13788
0.18802762031555176, 13787
0.18802762031555176, 13786
0.18802762031555176, 13785
0.18802762031555176, 13784
0.18802762031555176, 13783
0.18802762031555176, 13782
0.18802762031555176, 13781
0.18802762031555176, 13780
0.1890275478363037, 13779
0.1890275478363037, 13778
0.1890275478363037, 13777
0.1890275478363037, 13776
0.1890275478363037, 13775
0.1890275478363037, 13774
0.1890275478363037, 13773
0.1890275478363037, 13772
0.1890275478363037, 13771
0.1890275478363037, 13770
0.1890275478363037, 13769
0.1890275478363037, 13768
0.1890275478363037, 13767
0.1890275478363037, 13766
0.1890275478363037, 13765
0.18999099731445312, 13764
0.18999099731445312, 13763
0.18999099731445312, 13762
0.18999099731445312, 13761
0.18999099731445312, 13760
0.18999099731445312, 13759
0.18999099731445312, 13758
0.18999099731445312, 13757
0.18999099731445312, 13756
0.18999099731445312, 13755
0.18999099731445312, 13754
0.18999099731445312, 13753
0.18999099731445312, 13752
0.18999099731445312, 13751
0.18999099731445312, 13750
0.18999099731445312, 13749
0.1910839080810547, 13748
0.1910839080810547, 13747
0.1910839080810547, 13746
0.1910839080810547, 13745
0.1910839080810547, 13744
0.19139313697814941, 13743
0.19139313697814941, 13742
0.19139313697814941, 13741
0.19139313697814941, 13740
0.19139313697814941, 13739
0.19139313697814941, 13738
0.19139313697814941, 13737
0.19139313697814941, 13736
0.19139313697814941, 13735
0.19139313697814941, 13734
0.1920309066772461, 13733
0.1920309066772461, 13732
0.1920309066772461, 13731
0.1920309066772461, 13730
0.1920309066772461, 13729
0.1920309066772461, 13728
0.1920309066772461, 13727
0.1920309066772461, 13726
0.1920309066772461, 13725
0.1920309066772461, 13724
0.1920309066772461, 13723
0.1920309066772461, 13722
0.1920309066772461, 13721
0.1920309066772461, 13720
0.1920309066772461, 13719
0.19303131103515625, 13718
0.19303131103515625, 13717
0.19303131103515625, 13716
0.19303131103515625, 13715
0.19303131103515625, 13714
0.19303131103515625, 13713
0.19303131103515625, 13712
0.19303131103515625, 13711
0.19303131103515625, 13710
0.19303131103515625, 13709
0.19303131103515625, 13708
0.19303131103515625, 13707
0.19303131103515625, 13706
0.19303131103515625, 13705
0.19303131103515625, 13704
0.1940317153930664, 13703
0.1940317153930664, 13702
0.1940317153930664, 13701
0.1940317153930664, 13700
0.1940317153930664, 13699
0.1940317153930664, 13698
0.1940317153930664, 13697
0.1940317153930664, 13696
0.1940317153930664, 13695
0.1940317153930664, 13694
0.1940317153930664, 13693
0.1940317153930664, 13692
0.1940317153930664, 13691
0.1940317153930664, 13690
0.1940317153930664, 13689
0.19502973556518555, 13688
0.19502973556518555, 13687
0.19502973556518555, 13686
0.19502973556518555, 13685
0.19502973556518555, 13684
0.19502973556518555, 13683
0.19502973556518555, 13682
0.19502973556518555, 13681
0.19502973556518555, 13680
0.19502973556518555, 13679
0.19502973556518555, 13678
0.19502973556518555, 13677
0.19502973556518555, 13676
0.19502973556518555, 13675
0.19502973556518555, 13674
0.1960294246673584, 13673
0.1960294246673584, 13672
0.1960294246673584, 13671
0.1960294246673584, 13670
0.1960294246673584, 13669
0.1960294246673584, 13668
0.1960294246673584, 13667
0.1960294246673584, 13666
0.1960294246673584, 13665
0.1960294246673584, 13664
0.1960294246673584, 13663
0.1960294246673584, 13662
0.1960294246673584, 13661
0.1960294246673584, 13660
0.1960294246673584, 13659
0.19702887535095215, 13658
0.19702887535095215, 13657
0.19702887535095215, 13656
0.19702887535095215, 13655
0.19702887535095215, 13654
0.19702887535095215, 13653
0.19702887535095215, 13652
0.19702887535095215, 13651
0.19702887535095215, 13650
0.19702887535095215, 13649
0.19702887535095215, 13648
0.19702887535095215, 13647
0.19702887535095215, 13646
0.19702887535095215, 13645
0.19702887535095215, 13644
0.1980288028717041, 13643
0.1980288028717041, 13642
0.1980288028717041, 13641
0.1980288028717041, 13640
0.1980288028717041, 13639
0.1980288028717041, 13638
0.1980288028717041, 13637
0.1980288028717041, 13636
0.1980288028717041, 13635
0.1980288028717041, 13634
0.1980288028717041, 13633
0.1980288028717041, 13632
0.1980288028717041, 13631
0.1980288028717041, 13630
0.19902944564819336, 13629
0.19902944564819336, 13628
0.19902944564819336, 13627
0.19902944564819336, 13626
0.19902944564819336, 13625
0.19902944564819336, 13624
0.19902944564819336, 13623
0.19902944564819336, 13622
0.19902944564819336, 13621
0.19902944564819336, 13620
0.19902944564819336, 13619
0.19902944564819336, 13618
0.19902944564819336, 13617
0.19902944564819336, 13616
0.19902944564819336, 13615
0.2000293731689453, 13614
0.2000293731689453, 13613
0.2000293731689453, 13612
0.2000293731689453, 13611
0.2000293731689453, 13610
0.2000293731689453, 13609
0.2000293731689453, 13608
0.2000293731689453, 13607
0.2000293731689453, 13606
0.2000293731689453, 13605
0.2000293731689453, 13604
0.2000293731689453, 13603
0.2000293731689453, 13602
0.2000293731689453, 13601
0.2000293731689453, 13600
0.20102787017822266, 13599
0.20102787017822266, 13598
0.20102787017822266, 13597
0.20102787017822266, 13596
0.20102787017822266, 13595
0.20102787017822266, 13594
0.20102787017822266, 13593
0.20102787017822266, 13592
0.20102787017822266, 13591
0.20102787017822266, 13590
0.20102787017822266, 13589
0.20102787017822266, 13588
0.20102787017822266, 13587
0.20102787017822266, 13586
0.20102787017822266, 13585
0.20102787017822266, 13584
0.2020275592803955, 13583
0.2020275592803955, 13582
0.2020275592803955, 13581
0.2020275592803955, 13580
0.2020275592803955, 13579
0.2020275592803955, 13578
0.2020275592803955, 13577
0.2020275592803955, 13576
0.2020275592803955, 13575
0.2020275592803955, 13574
0.2020275592803955, 13573
0.2020275592803955, 13572
0.2020275592803955, 13571
0.2020275592803955, 13570
0.2020275592803955, 13569
0.20302844047546387, 13568
0.20302844047546387, 13567
0.20302844047546387, 13566
0.20302844047546387, 13565
0.20302844047546387, 13564
0.20302844047546387, 13563
0.20302844047546387, 13562
0.20302844047546387, 13561
0.20302844047546387, 13560
0.20302844047546387, 13559
0.20302844047546387, 13558
0.20302844047546387, 13557
0.20302844047546387, 13556
0.20302844047546387, 13555
0.20302844047546387, 13554
0.2040269374847412, 13553
0.2040269374847412, 13552
0.2040269374847412, 13551
0.2040269374847412, 13550
0.2040269374847412, 13549
0.2040269374847412, 13548
0.2040269374847412, 13547
0.2040269374847412, 13546
0.2040269374847412, 13545
0.2040269374847412, 13544
0.2040269374847412, 13543
0.2040269374847412, 13542
0.2040269374847412, 13541
0.2040269374847412, 13540
0.20502924919128418, 13539
0.20502924919128418, 13538
0.20502924919128418, 13537
0.20502924919128418, 13536
0.20502924919128418, 13535
0.20502924919128418, 13534
0.20502924919128418, 13533
0.20502924919128418, 13532
0.20502924919128418, 13531
0.20502924919128418, 13530
0.20502924919128418, 13529
0.20502924919128418, 13528
0.20502924919128418, 13527
0.20502924919128418, 13526
0.20502924919128418, 13525
0.20602750778198242, 13524
0.20602750778198242, 13523
0.20602750778198242, 13522
0.20602750778198242, 13521
0.20602750778198242, 13520
0.20602750778198242, 13519
0.20602750778198242, 13518
0.20602750778198242, 13517
0.20602750778198242, 13516
0.20602750778198242, 13515
0.20602750778198242, 13514
0.20602750778198242, 13513
0.20602750778198242, 13512
0.20602750778198242, 13511
0.20602750778198242, 13510
0.20702743530273438, 13509
0.20702743530273438, 13508
0.20702743530273438, 13507
0.20702743530273438, 13506
0.20702743530273438, 13505
0.20702743530273438, 13504
0.20702743530273438, 13503
0.20702743530273438, 13502
0.20702743530273438, 13501
0.20702743530273438, 13500
0.20702743530273438, 13499
0.20702743530273438, 13498
0.20702743530273438, 13497
0.20702743530273438, 13496
0.20702743530273438, 13495
0.20702743530273438, 13494
0.20809054374694824, 13493
0.20809054374694824, 13492
0.20809054374694824, 13491
0.20809054374694824, 13490
0.20809054374694824, 13489
0.20809054374694824, 13488
0.20809054374694824, 13487
0.20809054374694824, 13486
0.20809054374694824, 13485
0.20809054374694824, 13484
0.20809054374694824, 13483
0.20809054374694824, 13482
0.20809054374694824, 13481
0.20809054374694824, 13480
0.20902800559997559, 13479
0.20902800559997559, 13478
0.20902800559997559, 13477
0.20902800559997559, 13476
0.20902800559997559, 13475
0.20902800559997559, 13474
0.20902800559997559, 13473
0.20902800559997559, 13472
0.20902800559997559, 13471
0.20902800559997559, 13470
0.20902800559997559, 13469
0.20902800559997559, 13468
0.20902800559997559, 13467
0.20902800559997559, 13466
0.20902800559997559, 13465
0.21003317832946777, 13464
0.21003317832946777, 13463
0.21003317832946777, 13462
0.21003317832946777, 13461
0.21003317832946777, 13460
0.21003317832946777, 13459
0.21003317832946777, 13458
0.21003317832946777, 13457
0.21003317832946777, 13456
0.21003317832946777, 13455
0.21003317832946777, 13454
0.21003317832946777, 13453
0.21003317832946777, 13452
0.21003317832946777, 13451
0.21003317832946777, 13450
0.2110300064086914, 13449
0.2110300064086914, 13448
0.2110300064086914, 13447
0.2110300064086914, 13446
0.2110300064086914, 13445
0.2110300064086914, 13444
0.2110300064086914, 13443
0.2110300064086914, 13442
0.2110300064086914, 13441
0.2110300064086914, 13440
0.2110300064086914, 13439
0.2110300064086914, 13438
0.2110300064086914, 13437
0.2110300064086914, 13436
0.2110300064086914, 13435
0.21202731132507324, 13434
0.21202731132507324, 13433
0.21221685409545898, 13432
0.21221685409545898, 13431
0.21221685409545898, 13430
0.21221685409545898, 13429
0.21221685409545898, 13428
0.21221685409545898, 13427
0.21221685409545898, 13426
0.21221685409545898, 13425
0.21221685409545898, 13424
0.21221685409545898, 13423
0.21221685409545898, 13422
0.21221685409545898, 13421
0.21221685409545898, 13420
0.2130279541015625, 13419
0.2130279541015625, 13418
0.2130279541015625, 13417
0.2130279541015625, 13416
0.2130279541015625, 13415
0.2130279541015625, 13414
0.2130279541015625, 13413
0.2130279541015625, 13412
0.2130279541015625, 13411
0.2130279541015625, 13410
0.2130279541015625, 13409
0.2130279541015625, 13408
0.2130279541015625, 13407
0.2130279541015625, 13406
0.2130279541015625, 13405
5.566329479217529, 13404
5.5673301219940186, 13403
5.5673301219940186, 13402
5.5673301219940186, 13401
5.5673301219940186, 13400
5.5673301219940186, 13399
5.5673301219940186, 13398
5.5673301219940186, 13397
5.5673301219940186, 13396
5.5673301219940186, 13395
5.5673301219940186, 13394
5.5673301219940186, 13393
5.5673301219940186, 13392
5.5673301219940186, 13391
5.5673301219940186, 13390
5.568329811096191, 13389
5.568329811096191, 13388
5.568329811096191, 13387
5.568329811096191, 13386
5.568329811096191, 13385
5.568329811096191, 13384
5.568329811096191, 13383
5.568329811096191, 13382
5.568329811096191, 13381
5.568329811096191, 13380
5.568329811096191, 13379
5.568329811096191, 13378
5.568329811096191, 13377
5.568329811096191, 13376
5.568329811096191, 13375
5.569329500198364, 13374
5.569329500198364, 13373
5.569329500198364, 13372
5.569329500198364, 13371
5.569329500198364, 13370
5.569329500198364, 13369
5.569329500198364, 13368
5.569329500198364, 13367
5.569329500198364, 13366
5.569329500198364, 13365
5.570017099380493, 13364
5.570017099380493, 13363
5.570017099380493, 13362
5.570017099380493, 13361
5.570017099380493, 13360
5.570329427719116, 13359
5.570329427719116, 13358
5.570329427719116, 13357
5.570329427719116, 13356
5.570329427719116, 13355
5.570329427719116, 13354
5.570329427719116, 13353
5.570329427719116, 13352
5.570329427719116, 13351
5.570329427719116, 13350
5.570329427719116, 13349
5.570329427719116, 13348
5.570329427719116, 13347
5.570329427719116, 13346
5.570329427719116, 13345
5.571329593658447, 13344
5.571329593658447, 13343
5.571329593658447, 13342
5.571329593658447, 13341
5.571329593658447, 13340
5.571329593658447, 13339
5.571329593658447, 13338
5.571329593658447, 13337
5.571329593658447, 13336
5.571329593658447, 13335
5.571329593658447, 13334
5.571329593658447, 13333
5.571329593658447, 13332
5.571329593658447, 13331
5.571329593658447, 13330
5.572329521179199, 13329
5.572329521179199, 13328
5.572329521179199, 13327
5.572329521179199, 13326
5.572329521179199, 13325
5.572329521179199, 13324
5.572329521179199, 13323
5.572329521179199, 13322
5.572329521179199, 13321
5.572329521179199, 13320
5.572329521179199, 13319
5.572329521179199, 13318
5.572329521179199, 13317
5.572329521179199, 13316
5.572329521179199, 13315
5.57332968711853, 13314
5.57332968711853, 13313
5.57332968711853, 13312
5.57332968711853, 13311
5.57332968711853, 13310
5.57332968711853, 13309
5.57332968711853, 13308
5.57332968711853, 13307
5.57332968711853, 13306
5.57332968711853, 13305
5.57332968711853, 13304
5.57332968711853, 13303
5.57332968711853, 13302
5.57332968711853, 13301
5.574329376220703, 13300
5.574329376220703, 13299
5.574329376220703, 13298
5.574329376220703, 13297
5.574329376220703, 13296
5.933295726776123, 11867
5.933295726776123, 11866
5.933295726776123, 11865
5.933295726776123, 11864
5.933295726776123, 11863
5.933295726776123, 11862
5.934295177459717, 11861
5.934295177459717, 11860
5.934295177459717, 11859
5.934295177459717, 11858
5.934295177459717, 11857
5.934295177459717, 11856
5.934295177459717, 11855
5.934295177459717, 11854
5.934295177459717, 11853
5.934295177459717, 11852
5.934295177459717, 11851
5.934295177459717, 11850
5.934295177459717, 11849
5.934295177459717, 11848
5.934295177459717, 11847
