0.17496800422668457, 14088
0.17496800422668457, 14087
0.17496800422668457, 14086
0.17496800422668457, 14085
0.17496800422668457, 14084
0.17496800422668457, 14083
0.17496800422668457, 14082
0.17596864700317383, 14081
0.17596864700317383, 14080
0.17596864700317383, 14079
0.17596864700317383, 14078
0.17596864700317383, 14077
0.17596864700317383, 14076
0.17596864700317383, 14075
0.17596864700317383, 14074
0.17596864700317383, 14073
0.17596864700317383, 14072
0.17596864700317383, 14071
0.17596864700317383, 14070
0.17596864700317383, 14069
0.17596864700317383, 14068
0.17596864700317383, 14067
0.17696833610534668, 14066
0.17696833610534668, 14065
0.17696833610534668, 14064
0.17696833610534668, 14063
0.17696833610534668, 14062
0.17696833610534668, 14061
0.17696833610534668, 14060
0.17696833610534668, 14059
0.17696833610534668, 14058
0.17696833610534668, 14057
0.17696833610534668, 14056
0.17696833610534668, 14055
0.17696833610534668, 14054
0.17696833610534668, 14053
0.17696833610534668, 14052
0.17796826362609863, 14051
0.17796826362609863, 14050
0.17796826362609863, 14049
0.17796826362609863, 14048
0.17796826362609863, 14047
0.17796826362609863, 14046
0.17796826362609863, 14045
0.17796826362609863, 14044
0.17796826362609863, 14043
0.17796826362609863, 14042
0.17796826362609863, 14041
0.17796826362609863, 14040
0.17796826362609863, 14039
0.17796826362609863, 14038
0.17796826362609863, 14037
0.17895889282226562, 14036
0.17895889282226562, 14035
0.17895889282226562, 14034
0.17895889282226562, 14033
0.17895889282226562, 14032
0.17895889282226562, 14031
0.17895889282226562, 14030
0.17895889282226562, 14029
0.17895889282226562, 14028
0.17895889282226562, 14027
0.17895889282226562, 14026
0.17895889282226562, 14025
0.17895889282226562, 14024
0.17895889282226562, 14023
0.17996811866760254, 14022
0.17996811866760254, 14021
0.17996811866760254, 14020
0.17996811866760254, 14019
0.17996811866760254, 14018
0.17996811866760254, 14017
0.17996811866760254, 14016
0.17996811866760254, 14015
0.17996811866760254, 14014
0.17996811866760254, 14013
0.17996811866760254, 14012
0.17996811866760254, 14011
0.17996811866760254, 14010
0.17996811866760254, 14009
0.1809685230255127, 14008
0.1809685230255127, 14007
0.1809685230255127, 14006
0.1809685230255127, 14005
0.1809685230255127, 14004
0.1809685230255127, 14003
0.1809685230255127, 14002
0.1809685230255127, 14001
0.1809685230255127, 14000
0.1809685230255127, 13999
0.1809685230255127, 13998
0.1809685230255127, 13997
0.1809685230255127, 13996
0.1809685230255127, 13995
0.18196845054626465, 13994
0.18196845054626465, 13993
0.18196845054626465, 13992
0.18196845054626465, 13991
0.18196845054626465, 13990
0.18196845054626465, 13989
0.18196845054626465, 13988
0.18196845054626465, 13987
0.18196845054626465, 13986
0.18196845054626465, 13985
0.18196845054626465, 13984
0.18196845054626465, 13983
0.18196845054626465, 13982
0.18196845054626465, 13981
0.18196845054626465, 13980
0.1829688549041748, 13979
0.1829688549041748, 13978
0.1829688549041748, 13977
0.1829688549041748, 13976
0.1829688549041748, 13975
0.1829688549041748, 13974
0.1829688549041748, 13973
0.1829688549041748, 13972
0.1829688549041748, 13971
0.1829688549041748, 13970
0.1829688549041748, 13969
0.1829688549041748, 13968
0.1829688549041748, 13967
0.1829688549041748, 13966
0.1829688549041748, 13965
0.18396830558776855, 13964
0.18396830558776855, 13963
0.18396830558776855, 13962
0.18396830558776855, 13961
0.18396830558776855, 13960
0.18396830558776855, 13959
0.18396830558776855, 13958
0.18396830558776855, 13957
0.18396830558776855, 13956
0.18396830558776855, 13955
0.18396830558776855, 13954
0.18396830558776855, 13953
0.18396830558776855, 13952
0.18396830558776855, 13951
0.18396830558776855, 13950
0.1849679946899414, 13949
0.1849679946899414, 13948
0.1849679946899414, 13947
0.1849679946899414, 13946
0.1849679946899414, 13945
0.1849679946899414, 13944
0.1849679946899414, 13943
0.1849679946899414, 13942
0.1849679946899414, 13941
0.1849679946899414, 13940
0.1849679946899414, 13939
0.1849679946899414, 13938
0.1849679946899414, 13937
0.1849679946899414, 13936
0.1849679946899414, 13935
0.18596792221069336, 13934
0.18596792221069336, 13933
0.18596792221069336, 13932
0.18596792221069336, 13931
0.18596792221069336, 13930
0.18596792221069336, 13929
0.18596792221069336, 13928
0.18596792221069336, 13927
0.18596792221069336, 13926
0.18596792221069336, 13925
0.18596792221069336, 13924
0.18596792221069336, 13923
0.18596792221069336, 13922
0.18596792221069336, 13921
0.18596792221069336, 13920
0.18696808815002441, 13919
0.18696808815002441, 13918
0.18696808815002441, 13917
0.18696808815002441, 13916
0.18696808815002441, 13915
0.18696808815002441, 13914
0.18696808815002441, 13913
0.18696808815002441, 13912
0.18696808815002441, 13911
0.18696808815002441, 13910
0.18696808815002441, 13909
0.18696808815002441, 13908
0.18696808815002441, 13907
0.18696808815002441, 13906
0.18696808815002441, 13905
0.18796801567077637, 13904
0.18796801567077637, 13903
0.18796801567077637, 13902
0.18796801567077637, 13901
0.18796801567077637, 13900
0.18796801567077637, 13899
0.18796801567077637, 13898
0.18796801567077637, 13897
0.18796801567077637, 13896
0.18796801567077637, 13895
0.18796801567077637, 13894
0.18796801567077637, 13893
0.18796801567077637, 13892
0.18796801567077637, 13891
0.18796801567077637, 13890
0.18895864486694336, 13889
0.18895864486694336, 13888
0.18895864486694336, 13887
0.18895864486694336, 13886
0.18895864486694336, 13885
0.18895864486694336, 13884
0.18895864486694336, 13883
0.18895864486694336, 13882
0.18895864486694336, 13881
0.18895864486694336, 13880
0.18895864486694336, 13879
0.18895864486694336, 13878
0.18895864486694336, 13877
0.18895864486694336, 13876
0.18895864486694336, 13875
0.18895864486694336, 13874
0.18996787071228027, 13873
0.18996787071228027, 13872
0.18996787071228027, 13871
0.18996787071228027, 13870
0.18996787071228027, 13869
0.18996787071228027, 13868
0.18996787071228027, 13867
0.18996787071228027, 13866
0.18996787071228027, 13865
0.18996787071228027, 13864
0.18996787071228027, 13863
0.18996787071228027, 13862
0.18996787071228027, 13861
0.19096851348876953, 13860
0.19096851348876953, 13859
0.19096851348876953, 13858
0.19096851348876953, 13857
0.19096851348876953, 13856
0.19096851348876953, 13855
0.19096851348876953, 13854
0.19096851348876953, 13853
0.19096851348876953, 13852
0.19096851348876953, 13851
0.19096851348876953, 13850
0.19096851348876953, 13849
0.19196820259094238, 13848
0.19196820259094238, 13847
0.19196820259094238, 13846
0.19196820259094238, 13845
0.19196820259094238, 13844
0.19196820259094238, 13843
0.19196820259094238, 13842
0.19196820259094238, 13841
0.19196820259094238, 13840
0.19196820259094238, 13839
0.19196820259094238, 13838
0.19296813011169434, 13837
0.19296813011169434, 13836
0.19296813011169434, 13835
0.19296813011169434, 13834
0.19296813011169434, 13833
0.19296813011169434, 13832
0.19349360466003418, 13831
0.19349360466003418, 13830
0.19349360466003418, 13829
0.19349360466003418, 13828
0.19349360466003418, 13827
0.1939682960510254, 13826
0.1939682960510254, 13825
0.1939682960510254, 13824
0.1939682960510254, 13823
0.1939682960510254, 13822
0.1939682960510254, 13821
0.1939682960510254, 13820
0.1939682960510254, 13819
0.1939682960510254, 13818
0.19496822357177734, 13817
0.19496822357177734, 13816
0.19496822357177734, 13815
0.19496822357177734, 13814
0.19496822357177734, 13813
0.19496822357177734, 13812
0.19496822357177734, 13811
0.19496822357177734, 13810
0.19496822357177734, 13809
0.19496822357177734, 13808
0.19496822357177734, 13807
0.19603204727172852, 13806
0.19603204727172852, 13805
0.19603204727172852, 13804
0.19603204727172852, 13803
0.19603204727172852, 13802
0.19603204727172852, 13801
0.19603204727172852, 13800
0.19603204727172852, 13799
0.19603204727172852, 13798
0.19603204727172852, 13797
0.19603204727172852, 13796
0.19696950912475586, 13795
0.19696950912475586, 13794
0.19696950912475586, 13793
0.19696950912475586, 13792
0.19696950912475586, 13791
0.19696950912475586, 13790
0.19696950912475586, 13789
0.19696950912475586, 13788
0.19696950912475586, 13787
0.19696950912475586, 13786
0.19696950912475586, 13785
0.19696950912475586, 13784
0.19696950912475586, 13783
0.19696950912475586, 13782
0.1979680061340332, 13781
0.1979680061340332, 13780
0.1979680061340332, 13779
0.1979680061340332, 13778
0.1979680061340332, 13777
0.1979680061340332, 13776
0.1979680061340332, 13775
0.1979680061340332, 13774
0.1979680061340332, 13773
0.1986398696899414, 13772
0.1986398696899414, 13771
0.1986398696899414, 13770
0.1986398696899414, 13769
0.1986398696899414, 13768
0.19896817207336426, 13767
0.19896817207336426, 13766
0.19896817207336426, 13765
0.19896817207336426, 13764
0.19896817207336426, 13763
0.19896817207336426, 13762
0.19896817207336426, 13761
0.19896817207336426, 13760
0.19896817207336426, 13759
0.19896817207336426, 13758
0.19896817207336426, 13757
0.19896817207336426, 13756
0.19896817207336426, 13755
0.19896817207336426, 13754
0.19896817207336426, 13753
0.1999680995941162, 13752
0.1999680995941162, 13751
0.1999680995941162, 13750
0.1999680995941162, 13749
0.1999680995941162, 13748
0.1999680995941162, 13747
0.1999680995941162, 13746
0.1999680995941162, 13745
0.1999680995941162, 13744
0.1999680995941162, 13743
0.1999680995941162, 13742
0.1999680995941162, 13741
0.1999680995941162, 13740
0.1999680995941162, 13739
0.1999680995941162, 13738
0.20096802711486816, 13737
0.20096802711486816, 13736
0.20096802711486816, 13735
0.20096802711486816, 13734
0.20096802711486816, 13733
0.20096802711486816, 13732
0.20096802711486816, 13731
0.20096802711486816, 13730
0.20096802711486816, 13729
0.20096802711486816, 13728
0.20096802711486816, 13727
0.20096802711486816, 13726
0.20096802711486816, 13725
0.20096802711486816, 13724
0.20096802711486816, 13723
0.20196795463562012, 13722
0.20196795463562012, 13721
0.20196795463562012, 13720
0.20196795463562012, 13719
0.20196795463562012, 13718
0.20196795463562012, 13717
0.20196795463562012, 13716
0.20196795463562012, 13715
0.20196795463562012, 13714
0.20196795463562012, 13713
0.20196795463562012, 13712
0.20196795463562012, 13711
0.20196795463562012, 13710
0.20196795463562012, 13709
0.20296812057495117, 13708
0.20296812057495117, 13707
0.20296812057495117, 13706
0.20296812057495117, 13705
0.20296812057495117, 13704
0.20296812057495117, 13703
0.20296812057495117, 13702
0.20296812057495117, 13701
0.20296812057495117, 13700
0.20296812057495117, 13699
0.20296812057495117, 13698
0.20369338989257812, 13697
0.20369338989257812, 13696
0.20369338989257812, 13695
0.20396804809570312, 13694
0.20396804809570312, 13693
0.20396804809570312, 13692
0.20396804809570312, 13691
0.20396804809570312, 13690
0.20396804809570312, 13689
0.20396804809570312, 13688
0.20396804809570312, 13687
0.20396804809570312, 13686
0.20396804809570312, 13685
0.20396804809570312, 13684
0.20396804809570312, 13683
0.20396804809570312, 13682
0.20396804809570312, 13681
0.20396804809570312, 13680
0.20496821403503418, 13679
0.20502352714538574, 13678
0.20502352714538574, 13677
0.20502352714538574, 13676
0.20502352714538574, 13675
0.20502352714538574, 13674
0.20502352714538574, 13673
0.20502352714538574, 13672
0.20502352714538574, 13671
0.20502352714538574, 13670
0.20502352714538574, 13669
0.20502352714538574, 13668
0.20502352714538574, 13667
0.20502352714538574, 13666
0.20502352714538574, 13665
0.20596814155578613, 13664
0.20596814155578613, 13663
0.20596814155578613, 13662
0.20596814155578613, 13661
0.20596814155578613, 13660
0.20596814155578613, 13659
0.20596814155578613, 13658
0.20596814155578613, 13657
0.20596814155578613, 13656
0.20596814155578613, 13655
0.20596814155578613, 13654
0.20596814155578613, 13653
0.20596814155578613, 13652
0.20596814155578613, 13651
0.20596814155578613, 13650
0.20696806907653809, 13649
0.20696806907653809, 13648
0.20696806907653809, 13647
0.20696806907653809, 13646
0.20696806907653809, 13645
0.20735526084899902, 13644
0.20735526084899902, 13643
0.20735526084899902, 13642
0.20735526084899902, 13641
0.20735526084899902, 13640
0.20735526084899902, 13639
0.20735526084899902, 13638
0.20735526084899902, 13637
0.20735526084899902, 13636
0.20796823501586914, 13635
0.20796823501586914, 13634
0.20796823501586914, 13633
0.20796823501586914, 13632
0.20796823501586914, 13631
0.20796823501586914, 13630
0.20796823501586914, 13629
0.20796823501586914, 13628
0.20796823501586914, 13627
0.20796823501586914, 13626
0.20796823501586914, 13625
0.20796823501586914, 13624
0.20796823501586914, 13623
0.20796823501586914, 13622
0.20796823501586914, 13621
0.2089684009552002, 13620
0.2089684009552002, 13619
0.2089684009552002, 13618
0.2089684009552002, 13617
0.2089684009552002, 13616
0.2089684009552002, 13615
0.2089684009552002, 13614
0.2089684009552002, 13613
0.2089684009552002, 13612
0.2089684009552002, 13611
0.2089684009552002, 13610
0.2089684009552002, 13609
0.2089684009552002, 13608
0.20996785163879395, 13607
0.20996785163879395, 13606
0.20996785163879395, 13605
0.20996785163879395, 13604
0.20996785163879395, 13603
0.20996785163879395, 13602
0.20996785163879395, 13601
0.20996785163879395, 13600
0.20996785163879395, 13599
0.20996785163879395, 13598
0.20996785163879395, 13597
0.20996785163879395, 13596
0.20996785163879395, 13595
0.20996785163879395, 13594
0.20996785163879395, 13593
0.2109682559967041, 13592
0.2109682559967041, 13591
0.2109682559967041, 13590
0.2109682559967041, 13589
0.2109682559967041, 13588
0.2109682559967041, 13587
0.2109682559967041, 13586
0.2109682559967041, 13585
0.2109682559967041, 13584
0.2109682559967041, 13583
0.2109682559967041, 13582
0.2109682559967041, 13581
0.2109682559967041, 13580
0.2109682559967041, 13579
0.2109682559967041, 13578
0.2109682559967041, 13577
0.21205401420593262, 13576
0.21205401420593262, 13575
0.21205401420593262, 13574
0.21205401420593262, 13573
0.21205401420593262, 13572
0.21205401420593262, 13571
0.21205401420593262, 13570
0.21205401420593262, 13569
0.2126603126525879, 13568
0.2126603126525879, 13567
0.2126603126525879, 13566
0.2126603126525879, 13565
0.2129685878753662, 13564
0.2129685878753662, 13563
0.2129685878753662, 13562
0.2129685878753662, 13561
0.2129685878753662, 13560
0.2129685878753662, 13559
0.2129685878753662, 13558
0.2129685878753662, 13557
0.2129685878753662, 13556
0.2129685878753662, 13555
0.2129685878753662, 13554
0.2129685878753662, 13553
0.2129685878753662, 13552
0.2129685878753662, 13551
0.21396827697753906, 13550
0.21396827697753906, 13549
0.21396827697753906, 13548
0.21396827697753906, 13547
0.21396827697753906, 13546
0.21396827697753906, 13545
0.21396827697753906, 13544
0.21396827697753906, 13543
0.21396827697753906, 13542
0.21396827697753906, 13541
0.21396827697753906, 13540
0.21396827697753906, 13539
0.21396827697753906, 13538
0.21396827697753906, 13537
0.2150099277496338, 13490
0.2150099277496338, 13489
0.2150099277496338, 13488
0.2150099277496338, 13487
0.2150099277496338, 13486
0.2150099277496338, 13485
0.2150099277496338, 13484
0.2150099277496338, 13483
0.2150099277496338, 13482
0.2150099277496338, 13481
0.2150099277496338, 13480
0.2150099277496338, 13479
0.2150099277496338, 13478
0.21601438522338867, 13477
0.21601438522338867, 13476
0.21601438522338867, 13475
0.21601438522338867, 13474
0.21601438522338867, 13473
0.21601438522338867, 13472
0.21601438522338867, 13471
0.21601438522338867, 13470
0.21601438522338867, 13469
0.21601438522338867, 13468
0.21601438522338867, 13467
0.21601438522338867, 13466
0.21601438522338867, 13465
0.21601438522338867, 13464
0.21601438522338867, 13463
0.21701407432556152, 13462
0.21701407432556152, 13461
0.21701407432556152, 13460
0.21701407432556152, 13459
0.21701407432556152, 13458
0.21701407432556152, 13457
0.21701407432556152, 13456
0.21701407432556152, 13455
0.21701407432556152, 13454
0.21701407432556152, 13453
0.21701407432556152, 13452
0.21701407432556152, 13451
0.21701407432556152, 13450
0.21701407432556152, 13449
0.21701407432556152, 13448
0.21801400184631348, 13447
0.21801400184631348, 13446
0.21801400184631348, 13445
0.21801400184631348, 13444
0.21801400184631348, 13443
3.5596988201141357, 13442
3.5596988201141357, 13441
3.5596988201141357, 13440
3.5596988201141357, 13439
3.5596988201141357, 13438
3.5596988201141357, 13437
3.5596988201141357, 13436
3.5596988201141357, 13435
3.5596988201141357, 13434
3.5596988201141357, 13433
3.5596988201141357, 13432
3.5606987476348877, 13431
3.5606987476348877, 13430
3.5606987476348877, 13429
3.5606987476348877, 13428
3.5606987476348877, 13427
3.5606987476348877, 13426
3.5606987476348877, 13425
3.5606987476348877, 13424
3.5606987476348877, 13423
3.5606987476348877, 13422
3.5606987476348877, 13421
3.5606987476348877, 13420
3.5606987476348877, 13419
3.5606987476348877, 13418
3.5606987476348877, 13417
3.5617241859436035, 13416
3.5617241859436035, 13415
3.5617241859436035, 13414
3.5617241859436035, 13413
3.5617241859436035, 13412
3.5617241859436035, 13411
3.5617241859436035, 13410
3.5617241859436035, 13409
3.5617241859436035, 13408
3.5617241859436035, 13407
3.5617241859436035, 13406
3.5617241859436035, 13405
3.5617241859436035, 13404
3.5617241859436035, 13403
3.5627238750457764, 13402
3.5627238750457764, 13401
3.5627238750457764, 13400
3.5627238750457764, 13399
3.5627238750457764, 13398
3.5627238750457764, 13397
3.5627238750457764, 13396
3.5627238750457764, 13395
3.5627238750457764, 13394
3.5627238750457764, 13393
3.5627238750457764, 13392
3.5627238750457764, 13391
3.5627238750457764, 13390
3.5627238750457764, 13389
3.5637238025665283, 13388
3.5637238025665283, 13387
3.5637238025665283, 13386
3.5637238025665283, 13385
3.5637238025665283, 13384
3.5637238025665283, 13383
3.5637238025665283, 13382
3.5637238025665283, 13381
3.5637238025665283, 13380
3.5637238025665283, 13379
3.5637238025665283, 13378
3.5637238025665283, 13377
3.564509391784668, 13376
3.564509391784668, 13375
3.564509391784668, 13374
3.5647237300872803, 13373
3.5647237300872803, 13372
3.5647237300872803, 13371
3.5647237300872803, 13370
3.5647237300872803, 13369
3.5647237300872803, 13368
3.5647237300872803, 13367
3.5647237300872803, 13366
4.179462909698486, 13365
4.179462909698486, 13364
4.179462909698486, 13363
4.179462909698486, 13362
4.179462909698486, 13361
4.179462909698486, 13360
4.179462909698486, 13359
4.179462909698486, 13358
4.179462909698486, 13357
4.179462909698486, 13356
5.912752151489258, 13355
5.912752151489258, 13354
5.912752151489258, 13353
5.912752151489258, 13352
5.912752151489258, 13351
5.9137513637542725, 13350
5.9137513637542725, 13349
5.9137513637542725, 13348
5.9137513637542725, 13347
5.9137513637542725, 13346
5.9137513637542725, 13345
5.9137513637542725, 13344
5.9137513637542725, 13343
5.9137513637542725, 13342
5.9137513637542725, 13341
5.9137513637542725, 13340
5.9137513637542725, 13339
5.9137513637542725, 13338
5.9137513637542725, 13337
5.9137513637542725, 13336
5.914750814437866, 13335
5.914750814437866, 13334
5.914750814437866, 13333
5.914750814437866, 13332
5.914750814437866, 13331
5.914750814437866, 13330
5.914750814437866, 13329
5.914750814437866, 13328
5.914750814437866, 13327
5.914750814437866, 13326
5.914750814437866, 13325
5.914750814437866, 13324
5.914750814437866, 13323
5.914750814437866, 13322
5.915750503540039, 13321
