0.23020291328430176, 14048
0.23020291328430176, 14047
0.23020291328430176, 14046
0.23020291328430176, 14045
0.23020291328430176, 14044
0.23020291328430176, 14043
0.23120427131652832, 14042
0.23120427131652832, 14041
0.23120427131652832, 14040
0.23120427131652832, 14039
0.23120427131652832, 14038
0.23120427131652832, 14037
0.23120427131652832, 14036
0.23120427131652832, 14035
0.23120427131652832, 14034
0.23120427131652832, 14033
0.23120427131652832, 14032
0.23120427131652832, 14031
0.23120427131652832, 14030
0.23120427131652832, 14029
0.23120427131652832, 14028
0.23220348358154297, 14027
0.23220348358154297, 14026
0.23220348358154297, 14025
0.23220348358154297, 14024
0.23220348358154297, 14023
0.23220348358154297, 14022
0.23220348358154297, 14021
0.23220348358154297, 14020
0.23220348358154297, 14019
0.23220348358154297, 14018
0.23220348358154297, 14017
0.4642055034637451, 13973
0.4642055034637451, 13972
0.46520543098449707, 13971
0.46520543098449707, 13970
0.46520543098449707, 13969
0.46520543098449707, 13968
0.46520543098449707, 13967
0.46520543098449707, 13966
0.46520543098449707, 13965
0.46520543098449707, 13964
0.46520543098449707, 13963
0.46520543098449707, 13962
0.46520543098449707, 13961
0.46520543098449707, 13960
0.46520543098449707, 13959
0.46520543098449707, 13958
0.4662034511566162, 13957
0.4662034511566162, 13956
0.4662034511566162, 13955
0.4662034511566162, 13954
0.4662034511566162, 13953
0.4662034511566162, 13952
0.4662034511566162, 13951
0.4662034511566162, 13950
0.4662034511566162, 13949
0.4662034511566162, 13948
0.4662034511566162, 13947
0.4662034511566162, 13946
0.4662034511566162, 13945
0.4662034511566162, 13944
0.46720385551452637, 13943
0.46720385551452637, 13942
0.46720385551452637, 13941
0.46720385551452637, 13940
0.46720385551452637, 13939
0.46720385551452637, 13938
0.46720385551452637, 13937
0.46720385551452637, 13936
0.46720385551452637, 13935
0.46720385551452637, 13934
0.46720385551452637, 13933
0.46720385551452637, 13932
0.46720385551452637, 13931
0.46720385551452637, 13930
0.46720385551452637, 13929
0.46820688247680664, 13928
0.46820688247680664, 13927
0.46820688247680664, 13926
0.46820688247680664, 13925
0.46820688247680664, 13924
0.46820688247680664, 13923
0.46820688247680664, 13922
0.46820688247680664, 13921
0.46820688247680664, 13920
0.4692051410675049, 13919
0.4692051410675049, 13918
0.4692051410675049, 13917
0.4692051410675049, 13916
0.4692051410675049, 13915
0.4692051410675049, 13914
0.4692051410675049, 13913
0.4692051410675049, 13912
0.4692051410675049, 13911
0.4692051410675049, 13910
0.4692051410675049, 13909
0.4692051410675049, 13908
0.4692051410675049, 13907
0.4692051410675049, 13906
0.47020578384399414, 13905
0.47020578384399414, 13904
0.47020578384399414, 13903
0.47020578384399414, 13902
0.47020578384399414, 13901
0.47020578384399414, 13900
0.47020578384399414, 13899
0.47020578384399414, 13898
0.47020578384399414, 13897
0.47020578384399414, 13896
0.47020578384399414, 13895
0.47020578384399414, 13894
0.47020578384399414, 13893
0.47020578384399414, 13892
0.47020578384399414, 13891
0.4712057113647461, 13890
0.4712057113647461, 13889
0.4712057113647461, 13888
0.4712057113647461, 13887
0.4712057113647461, 13886
0.4712057113647461, 13885
0.4712057113647461, 13884
0.4712057113647461, 13883
0.4712057113647461, 13882
0.4712057113647461, 13881
0.4712057113647461, 13880
0.4712057113647461, 13879
0.4712057113647461, 13878
0.4712057113647461, 13877
0.47220635414123535, 13876
0.47220635414123535, 13875
0.47220635414123535, 13874
0.47220635414123535, 13873
0.47220635414123535, 13872
0.47220635414123535, 13871
0.47220635414123535, 13870
0.47220635414123535, 13869
0.47220635414123535, 13868
0.47220635414123535, 13867
0.47220635414123535, 13866
0.47220635414123535, 13865
0.47220635414123535, 13864
0.47220635414123535, 13863
0.4732060432434082, 13862
0.4732060432434082, 13861
0.4732060432434082, 13860
0.4732060432434082, 13859
0.4732060432434082, 13858
0.4732060432434082, 13857
0.4732060432434082, 13856
0.4732060432434082, 13855
0.4732060432434082, 13854
0.4732060432434082, 13853
0.4732060432434082, 13852
0.4732060432434082, 13851
0.4732060432434082, 13850
0.4732060432434082, 13849
0.47420620918273926, 13848
0.47420620918273926, 13847
0.47420620918273926, 13846
0.47420620918273926, 13845
0.47420620918273926, 13844
0.47420620918273926, 13843
0.47420620918273926, 13842
0.47420620918273926, 13841
0.47420620918273926, 13840
0.47420620918273926, 13839
0.47420620918273926, 13838
0.47420620918273926, 13837
0.47420620918273926, 13836
0.47420620918273926, 13835
0.4752027988433838, 13834
0.4752027988433838, 13833
0.4752027988433838, 13832
0.4752027988433838, 13831
0.4752027988433838, 13830
0.4752027988433838, 13829
0.4752027988433838, 13828
0.4752027988433838, 13827
0.4752027988433838, 13826
0.4752027988433838, 13825
0.4752027988433838, 13824
0.47605061531066895, 13823
0.47605061531066895, 13822
0.47605061531066895, 13821
0.47605061531066895, 13820
0.47605061531066895, 13819
0.47605061531066895, 13818
0.47605061531066895, 13817
0.47605061531066895, 13816
0.47605061531066895, 13815
0.47605061531066895, 13814
0.47605061531066895, 13813
0.47605061531066895, 13812
0.47605061531066895, 13811
0.47605061531066895, 13810
0.4770638942718506, 13809
0.4770638942718506, 13808
0.4770638942718506, 13807
0.4770638942718506, 13806
0.7090537548065186, 13805
0.7090537548065186, 13804
0.7090537548065186, 13803
0.7090537548065186, 13802
0.7090537548065186, 13801
0.7090537548065186, 13800
0.7090537548065186, 13799
0.7090537548065186, 13798
0.7100541591644287, 13797
0.7100541591644287, 13796
0.7100541591644287, 13795
0.7100541591644287, 13794
0.7100541591644287, 13793
0.7100541591644287, 13792
0.7100541591644287, 13791
0.7100541591644287, 13790
0.7100541591644287, 13789
0.7100541591644287, 13788
0.7100541591644287, 13787
0.7100541591644287, 13786
0.7100541591644287, 13785
0.7100541591644287, 13784
0.7110574245452881, 13783
0.7110574245452881, 13782
0.7110574245452881, 13781
0.7110574245452881, 13780
0.7110574245452881, 13779
0.7110574245452881, 13778
0.7110574245452881, 13777
0.7110574245452881, 13776
0.7110574245452881, 13775
0.7110574245452881, 13774
0.7110574245452881, 13773
0.7110574245452881, 13772
0.7110574245452881, 13771
0.7120585441589355, 13770
0.7120585441589355, 13769
0.7120585441589355, 13768
0.7120585441589355, 13767
0.7120585441589355, 13766
0.7120585441589355, 13765
0.7120585441589355, 13764
0.7120585441589355, 13763
0.7120585441589355, 13762
0.7120585441589355, 13761
0.7120585441589355, 13760
0.7120585441589355, 13759
0.7120585441589355, 13758
0.7130570411682129, 13757
0.7130570411682129, 13756
0.7130570411682129, 13755
0.7130570411682129, 13754
0.7130570411682129, 13753
0.7130570411682129, 13752
0.7130570411682129, 13751
0.7130570411682129, 13750
0.7130570411682129, 13749
0.7130570411682129, 13748
0.7130570411682129, 13747
0.7130570411682129, 13746
0.7130570411682129, 13745
0.7130570411682129, 13744
0.7140533924102783, 13743
0.7140533924102783, 13742
0.7140533924102783, 13741
0.7140533924102783, 13740
0.7140533924102783, 13739
0.7140533924102783, 13738
0.7140533924102783, 13737
0.7140533924102783, 13736
0.7140533924102783, 13735
0.7140533924102783, 13734
0.7140533924102783, 13733
0.7140533924102783, 13732
0.7140533924102783, 13731
0.7140533924102783, 13730
0.715054988861084, 13729
0.715054988861084, 13728
0.715054988861084, 13727
0.715054988861084, 13726
0.715054988861084, 13725
0.715054988861084, 13724
0.715054988861084, 13723
0.715054988861084, 13722
0.715054988861084, 13721
0.715054988861084, 13720
0.715054988861084, 13719
0.715054988861084, 13718
0.715054988861084, 13717
0.7160561084747314, 13716
0.7160561084747314, 13715
0.7160561084747314, 13714
0.7160561084747314, 13713
0.7160561084747314, 13712
0.7160561084747314, 13711
0.7160561084747314, 13710
0.7160561084747314, 13709
0.7160561084747314, 13708
0.7160561084747314, 13707
0.7160561084747314, 13706
0.7160561084747314, 13705
0.7160561084747314, 13704
0.7170600891113281, 13703
0.7170600891113281, 13702
0.7170600891113281, 13701
0.7170600891113281, 13700
0.7170600891113281, 13699
0.7170600891113281, 13698
0.7170600891113281, 13697
0.7170600891113281, 13696
0.7170600891113281, 13695
0.7170600891113281, 13694
0.7170600891113281, 13693
0.7170600891113281, 13692
0.7180585861206055, 13691
0.7180585861206055, 13690
0.7180585861206055, 13689
0.7180585861206055, 13688
0.7180585861206055, 13687
0.7180585861206055, 13686
0.7180585861206055, 13685
0.7180585861206055, 13684
0.9512050151824951, 13683
0.9512050151824951, 13682
0.9512050151824951, 13681
0.9512050151824951, 13680
0.9512050151824951, 13679
0.9512050151824951, 13678
0.9512050151824951, 13677
0.9512050151824951, 13676
0.9512050151824951, 13675
0.9512050151824951, 13674
0.9522037506103516, 13673
0.9522037506103516, 13672
0.9522037506103516, 13671
0.9522037506103516, 13670
0.9522037506103516, 13669
0.9522037506103516, 13668
0.9522037506103516, 13667
0.9522037506103516, 13666
0.9522037506103516, 13665
0.9522037506103516, 13664
0.9522037506103516, 13663
0.9532015323638916, 13662
0.9532015323638916, 13661
0.9532015323638916, 13660
0.9532015323638916, 13659
0.9532015323638916, 13658
0.9532015323638916, 13657
0.9532015323638916, 13656
0.9532015323638916, 13655
0.9532015323638916, 13654
0.9532015323638916, 13653
0.9532015323638916, 13652
0.9542028903961182, 13651
0.9542028903961182, 13650
0.9542028903961182, 13649
0.9542028903961182, 13648
0.9542028903961182, 13647
0.9542028903961182, 13646
0.9542028903961182, 13645
0.9542028903961182, 13644
0.9542028903961182, 13643
0.9542028903961182, 13642
0.9552032947540283, 13641
0.9552032947540283, 13640
0.9552032947540283, 13639
0.9552032947540283, 13638
0.9552032947540283, 13637
0.9552032947540283, 13636
0.9552032947540283, 13635
0.9552032947540283, 13634
0.9552032947540283, 13633
0.9552032947540283, 13632
0.9552032947540283, 13631
0.9552032947540283, 13630
0.9562046527862549, 13629
0.9563074111938477, 13628
0.9563074111938477, 13627
0.9563074111938477, 13626
0.9563074111938477, 13625
0.9563074111938477, 13624
0.9563074111938477, 13623
0.9563074111938477, 13622
0.9563074111938477, 13621
0.9563074111938477, 13620
0.9563074111938477, 13619
0.957319974899292, 13618
0.957319974899292, 13617
0.957319974899292, 13616
0.957319974899292, 13615
0.957319974899292, 13614
0.957319974899292, 13613
0.957319974899292, 13612
0.957319974899292, 13611
0.957319974899292, 13610
0.957319974899292, 13609
0.9583172798156738, 13608
0.9583172798156738, 13607
0.9583172798156738, 13606
0.9583172798156738, 13605
0.9583172798156738, 13604
0.9583172798156738, 13603
0.9583172798156738, 13602
0.9583172798156738, 13601
0.9583172798156738, 13600
0.9583172798156738, 13599
0.9583172798156738, 13598
0.9593179225921631, 13597
0.9593179225921631, 13596
0.9593179225921631, 13595
0.9593179225921631, 13594
0.9593179225921631, 13593
0.9593179225921631, 13592
0.9593179225921631, 13591
0.9593179225921631, 13590
0.9593179225921631, 13589
0.9593179225921631, 13588
0.9603190422058105, 13587
0.9603190422058105, 13586
0.9603190422058105, 13585
0.9603190422058105, 13584
0.9603190422058105, 13583
0.9603190422058105, 13582
0.9603190422058105, 13581
0.9603190422058105, 13580
0.9603190422058105, 13579
0.9613189697265625, 13578
0.9613189697265625, 13577
0.9613189697265625, 13576
0.9613189697265625, 13575
0.9613189697265625, 13574
0.9613189697265625, 13573
0.9613189697265625, 13572
0.9613189697265625, 13571
0.9613189697265625, 13570
0.9613189697265625, 13569
0.9623196125030518, 13568
0.9623196125030518, 13567
0.9623196125030518, 13566
0.9623196125030518, 13565
0.9623196125030518, 13564
0.9623196125030518, 13563
0.9623196125030518, 13562
0.9623196125030518, 13561
0.9623196125030518, 13560
0.9633193016052246, 13559
0.9633193016052246, 13558
0.9633193016052246, 13557
0.9633193016052246, 13556
0.9633193016052246, 13555
0.9633193016052246, 13554
0.9633193016052246, 13553
0.9633193016052246, 13552
0.9633193016052246, 13551
0.9643199443817139, 13550
0.9643199443817139, 13549
0.9643199443817139, 13548
0.9643199443817139, 13547
0.9643199443817139, 13546
0.9643199443817139, 13545
0.9643199443817139, 13544
0.9643199443817139, 13543
0.9643199443817139, 13542
0.9643199443817139, 13541
0.9653165340423584, 13540
0.9653165340423584, 13539
0.9653165340423584, 13538
0.9653165340423584, 13537
0.9653165340423584, 13536
1.7373311519622803, 13535
1.7383308410644531, 13534
1.7383308410644531, 13533
1.7383308410644531, 13532
1.7383308410644531, 13531
1.7383308410644531, 13530
1.7383308410644531, 13529
1.7383308410644531, 13528
1.7383308410644531, 13527
1.7383308410644531, 13526
1.7383308410644531, 13525
1.7383308410644531, 13524
1.7383308410644531, 13523
1.7383308410644531, 13522
1.7383308410644531, 13521
1.7393317222595215, 13520
1.7393317222595215, 13519
1.7393317222595215, 13518
1.7393317222595215, 13517
1.7393317222595215, 13516
1.7393317222595215, 13515
1.7393317222595215, 13514
1.7393317222595215, 13513
1.7393317222595215, 13512
1.7393317222595215, 13511
1.7393317222595215, 13510
1.7393317222595215, 13509
1.7393317222595215, 13508
1.7403340339660645, 13507
1.7403340339660645, 13506
1.7403340339660645, 13505
1.7403340339660645, 13504
1.7403340339660645, 13503
1.7403340339660645, 13502
1.7403340339660645, 13501
1.7403340339660645, 13500
1.7403340339660645, 13499
1.7403340339660645, 13498
1.7403340339660645, 13497
1.7403340339660645, 13496
1.7403340339660645, 13495
1.7413322925567627, 13494
1.7413322925567627, 13493
1.7413322925567627, 13492
1.7413322925567627, 13491
1.7413322925567627, 13490
1.7413322925567627, 13489
1.7413322925567627, 13488
1.7413322925567627, 13487
1.7413322925567627, 13486
1.7413322925567627, 13485
1.7413322925567627, 13484
1.7413322925567627, 13483
1.7413322925567627, 13482
1.7423312664031982, 13481
1.7423312664031982, 13480
1.7423312664031982, 13479
1.7423312664031982, 13478
1.7423312664031982, 13477
1.7423312664031982, 13476
1.7423312664031982, 13475
1.7423312664031982, 13474
1.7423312664031982, 13473
1.7423312664031982, 13472
1.743330478668213, 13471
1.743330478668213, 13470
1.743330478668213, 13469
1.743330478668213, 13468
1.743330478668213, 13467
1.743330478668213, 13466
1.743330478668213, 13465
1.743330478668213, 13464
1.743330478668213, 13463
1.743330478668213, 13462
1.743330478668213, 13461
1.743330478668213, 13460
1.743330478668213, 13459
2.2139956951141357, 13190
2.2139956951141357, 13189
2.2149949073791504, 13188
2.2149949073791504, 13187
2.2149949073791504, 13186
2.2149949073791504, 13185
2.2149949073791504, 13184
2.2149949073791504, 13183
2.2149949073791504, 13182
2.2149949073791504, 13181
2.2149949073791504, 13180
2.2149949073791504, 13179
2.2149949073791504, 13178
2.2149949073791504, 13177
2.2149949073791504, 13176
2.2149949073791504, 13175
2.215993642807007, 13174
2.215993642807007, 13173
2.215993642807007, 13172
2.215993642807007, 13171
2.215993642807007, 13170
2.215993642807007, 13169
2.215993642807007, 13168
2.215993642807007, 13167
2.215993642807007, 13166
2.215993642807007, 13165
2.215993642807007, 13164
2.215993642807007, 13163
2.215993642807007, 13162
2.216994524002075, 13161
2.216994524002075, 13160
2.216994524002075, 13159
2.216994524002075, 13158
2.216994524002075, 13157
2.216994524002075, 13156
2.216994524002075, 13155
2.216994524002075, 13154
2.216994524002075, 13153
2.216994524002075, 13152
2.216994524002075, 13151
2.216994524002075, 13150
2.216994524002075, 13149
2.216994524002075, 13148
2.2179954051971436, 13147
2.2179954051971436, 13146
2.2179954051971436, 13145
2.2179954051971436, 13144
2.2179954051971436, 13143
2.2179954051971436, 13142
