0.2247018814086914, 11014
0.2247018814086914, 11013
0.22570157051086426, 11012
0.22570157051086426, 11011
0.22570157051086426, 11010
0.22570157051086426, 11009
0.22570157051086426, 11008
0.22570157051086426, 11007
0.22570157051086426, 11006
0.22570157051086426, 11005
0.22570157051086426, 11004
0.22670292854309082, 11003
0.22670292854309082, 11002
0.22670292854309082, 11001
0.22670292854309082, 11000
0.22670292854309082, 10999
0.22670292854309082, 10998
0.22670292854309082, 10997
0.22670292854309082, 10996
0.22770476341247559, 10995
0.22770476341247559, 10994
0.22770476341247559, 10993
0.22770476341247559, 10992
0.22770476341247559, 10991
0.22770476341247559, 10990
0.22870469093322754, 10989
0.22870469093322754, 10988
0.22870469093322754, 10987
0.22870469093322754, 10986
0.22870469093322754, 10985
0.22870469093322754, 10984
0.22970294952392578, 10983
0.22970294952392578, 10982
0.22970294952392578, 10981
0.22970294952392578, 10980
0.22970294952392578, 10979
0.22970294952392578, 10978
0.22970294952392578, 10977
0.23070120811462402, 10976
0.23070120811462402, 10975
0.23070120811462402, 10974
0.23070120811462402, 10973
0.23070120811462402, 10972
0.23070120811462402, 10971
0.23070120811462402, 10970
0.23070120811462402, 10969
0.23070120811462402, 10968
0.2317032814025879, 10967
0.2317032814025879, 10966
0.2317032814025879, 10965
0.2317032814025879, 10964
0.2317032814025879, 10963
0.2317032814025879, 10962
0.2317032814025879, 10961
0.2317032814025879, 10960
0.2317032814025879, 10959
0.2317032814025879, 10958
0.2317032814025879, 10957
0.23270249366760254, 10956
0.23270249366760254, 10955
0.23270249366760254, 10954
0.23270249366760254, 10953
0.23270249366760254, 10952
0.23270249366760254, 10951
0.23270249366760254, 10950
0.23270249366760254, 10949
0.23270249366760254, 10948
0.23270249366760254, 10947
0.2337045669555664, 10946
0.2337045669555664, 10945
0.2337045669555664, 10944
0.2337045669555664, 10943
0.2337045669555664, 10942
0.2337045669555664, 10941
0.2337045669555664, 10940
0.2337045669555664, 10939
0.2337045669555664, 10938
0.2337045669555664, 10937
0.23470354080200195, 10936
0.23470354080200195, 10935
0.23470354080200195, 10934
0.23470354080200195, 10933
0.23470354080200195, 10932
0.23470354080200195, 10931
0.23470354080200195, 10930
0.23470354080200195, 10929
0.23470354080200195, 10928
0.23470354080200195, 10927
0.235701322555542, 10926
0.235701322555542, 10925
0.235701322555542, 10924
0.235701322555542, 10923
0.235701322555542, 10922
0.235701322555542, 10921
0.235701322555542, 10920
0.235701322555542, 10919
0.235701322555542, 10918
0.235701322555542, 10917
0.23670244216918945, 10916
0.23670244216918945, 10915
0.23670244216918945, 10914
0.23670244216918945, 10913
0.23670244216918945, 10912
0.23670244216918945, 10911
0.23670244216918945, 10910
0.23670244216918945, 10909
0.23670244216918945, 10908
0.23770570755004883, 10907
0.23770570755004883, 10906
0.238051176071167, 10905
0.238051176071167, 10904
0.238051176071167, 10903
0.238051176071167, 10902
0.2387082576751709, 10901
0.2387082576751709, 10900
0.2387082576751709, 10899
0.2387082576751709, 10898
0.2387082576751709, 10897
0.2387082576751709, 10896
0.2387082576751709, 10895
0.23970460891723633, 10894
0.23970460891723633, 10893
0.23970460891723633, 10892
0.23970460891723633, 10891
0.23970460891723633, 10890
0.23970460891723633, 10889
0.23970460891723633, 10888
0.24070382118225098, 10887
0.24070382118225098, 10886
0.24070382118225098, 10885
0.24070382118225098, 10884
0.24070382118225098, 10883
0.24070382118225098, 10882
0.24070382118225098, 10881
0.24070382118225098, 10880
0.24170184135437012, 10879
0.24170184135437012, 10878
0.24170184135437012, 10877
0.24170184135437012, 10876
0.24170184135437012, 10875
0.24170184135437012, 10874
0.24170184135437012, 10873
0.24271011352539062, 10872
0.24271011352539062, 10871
0.24271011352539062, 10870
0.24271011352539062, 10869
0.24271011352539062, 10868
0.24271011352539062, 10867
0.24271011352539062, 10866
0.24370503425598145, 10865
0.24370503425598145, 10864
0.24370503425598145, 10863
0.24370503425598145, 10862
0.24370503425598145, 10861
0.24370503425598145, 10860
0.24370503425598145, 10859
0.24470925331115723, 10858
0.24470925331115723, 10857
0.24470925331115723, 10856
0.24470925331115723, 10855
0.24470925331115723, 10854
0.24470925331115723, 10853
0.24470925331115723, 10852
0.24470925331115723, 10851
0.24570345878601074, 10850
0.24570345878601074, 10849
0.24570345878601074, 10848
0.24570345878601074, 10847
0.24570345878601074, 10846
0.24570345878601074, 10845
0.24570345878601074, 10844
0.24570345878601074, 10843
0.24570345878601074, 10842
0.24570345878601074, 10841
0.2467026710510254, 10840
0.2467026710510254, 10839
0.2467026710510254, 10838
0.2467026710510254, 10837
0.2467026710510254, 10836
0.2467026710510254, 10835
0.2467026710510254, 10834
0.24770259857177734, 10833
0.24782514572143555, 10832
0.24782514572143555, 10831
0.24782514572143555, 10830
0.24782514572143555, 10829
0.24782514572143555, 10828
0.24782514572143555, 10827
0.2487010955810547, 10826
0.2487010955810547, 10825
0.2487010955810547, 10824
0.2487010955810547, 10823
0.2487010955810547, 10822
0.2487010955810547, 10821
0.2487010955810547, 10820
0.24970054626464844, 10819
0.24970054626464844, 10818
0.24970054626464844, 10817
0.24970054626464844, 10816
0.24970054626464844, 10815
0.24970054626464844, 10814
0.24970054626464844, 10813
0.250701904296875, 10812
0.250701904296875, 10811
0.250701904296875, 10810
0.250701904296875, 10809
0.250701904296875, 10808
0.250701904296875, 10807
0.250701904296875, 10806
0.25170302391052246, 10805
0.25170302391052246, 10804
0.25170302391052246, 10803
0.25170302391052246, 10802
0.25170302391052246, 10801
0.25170302391052246, 10800
0.25170302391052246, 10799
0.2527015209197998, 10798
0.2527015209197998, 10797
0.2527015209197998, 10796
0.2527015209197998, 10795
0.2527015209197998, 10794
0.2527015209197998, 10793
0.2527015209197998, 10792
0.25370192527770996, 10791
0.25370192527770996, 10790
0.25370192527770996, 10789
0.25370192527770996, 10788
0.25370192527770996, 10787
0.25370192527770996, 10786
0.25370192527770996, 10785
0.2547032833099365, 10784
0.2547032833099365, 10783
0.2547032833099365, 10782
0.2547032833099365, 10781
0.2547032833099365, 10780
0.2547032833099365, 10779
0.2547032833099365, 10778
0.2547032833099365, 10777
0.2547032833099365, 10776
0.25570225715637207, 10775
0.25570225715637207, 10774
0.25570225715637207, 10773
0.25570225715637207, 10772
0.25570225715637207, 10771
0.25570225715637207, 10770
0.25570225715637207, 10769
0.25670313835144043, 10768
0.25670313835144043, 10767
0.25670313835144043, 10766
0.25670313835144043, 10765
0.25670313835144043, 10764
0.25670313835144043, 10763
0.4358687400817871, 10762
0.4358687400817871, 10761
0.4358687400817871, 10760
0.4358687400817871, 10759
0.4358687400817871, 10758
0.4358687400817871, 10757
0.4358687400817871, 10756
0.4358687400817871, 10755
0.4358687400817871, 10754
0.4358687400817871, 10753
0.4358687400817871, 10752
0.43677616119384766, 10751
0.43677616119384766, 10750
0.43677616119384766, 10749
0.43677616119384766, 10748
0.43677616119384766, 10747
0.43677616119384766, 10746
0.43677616119384766, 10745
0.43677616119384766, 10744
0.43677616119384766, 10743
0.43677616119384766, 10742
0.43677616119384766, 10741
0.43677616119384766, 10740
0.43677616119384766, 10739
0.43677616119384766, 10738
0.43677616119384766, 10737
0.43677616119384766, 10736
0.43677616119384766, 10735
0.4377756118774414, 10734
0.4377756118774414, 10733
0.4377756118774414, 10732
0.4377756118774414, 10731
0.4377756118774414, 10730
0.4377756118774414, 10729
0.4377756118774414, 10728
0.4377756118774414, 10727
0.4377756118774414, 10726
0.4377756118774414, 10725
0.4377756118774414, 10724
0.4377756118774414, 10723
0.4377756118774414, 10722
0.4377756118774414, 10721
0.4377756118774414, 10720
0.4377756118774414, 10719
0.43877553939819336, 10718
0.43877553939819336, 10717
0.43877553939819336, 10716
0.43877553939819336, 10715
0.43877553939819336, 10714
0.43877553939819336, 10713
0.43877553939819336, 10712
0.43877553939819336, 10711
0.43877553939819336, 10710
0.43877553939819336, 10709
0.43877553939819336, 10708
0.43877553939819336, 10707
0.43877553939819336, 10706
0.43877553939819336, 10705
0.43877553939819336, 10704
0.43877553939819336, 10703
0.4397759437561035, 10702
0.4397759437561035, 10701
0.4397759437561035, 10700
0.4397759437561035, 10699
0.4397759437561035, 10698
0.4397759437561035, 10697
0.4397759437561035, 10696
0.4397759437561035, 10695
0.4397759437561035, 10694
0.4397759437561035, 10693
0.4397759437561035, 10692
0.4397759437561035, 10691
0.4397759437561035, 10690
0.4397759437561035, 10689
0.4397759437561035, 10688
0.4397759437561035, 10687
0.44077563285827637, 10686
0.44077563285827637, 10685
0.44077563285827637, 10684
0.44077563285827637, 10683
0.44077563285827637, 10682
0.44077563285827637, 10681
0.44077563285827637, 10680
0.44077563285827637, 10679
0.44077563285827637, 10678
0.44077563285827637, 10677
0.44077563285827637, 10676
0.44077563285827637, 10675
0.44077563285827637, 10674
0.44077563285827637, 10673
0.44077563285827637, 10672
0.44077563285827637, 10671
0.4417753219604492, 10670
0.4417753219604492, 10669
0.4417753219604492, 10668
0.4417753219604492, 10667
0.4417753219604492, 10666
0.4417753219604492, 10665
0.4417753219604492, 10664
0.4417753219604492, 10663
0.4417753219604492, 10662
0.4417753219604492, 10661
0.4417753219604492, 10660
0.4417753219604492, 10659
0.4417753219604492, 10658
0.4417753219604492, 10657
0.4417753219604492, 10656
0.4417753219604492, 10655
0.4428126811981201, 10654
0.4428126811981201, 10653
0.4428126811981201, 10652
0.4428126811981201, 10651
0.4428126811981201, 10650
0.4428126811981201, 10649
0.4428126811981201, 10648
0.4428126811981201, 10647
0.4428126811981201, 10646
0.4428126811981201, 10645
0.4428126811981201, 10644
0.4428126811981201, 10643
0.4428126811981201, 10642
0.4428126811981201, 10641
0.4428126811981201, 10640
0.44381284713745117, 10639
0.44381284713745117, 10638
0.44381284713745117, 10637
0.44381284713745117, 10636
0.44381284713745117, 10635
0.44381284713745117, 10634
0.44381284713745117, 10633
0.44381284713745117, 10632
0.44381284713745117, 10631
0.44381284713745117, 10630
0.44381284713745117, 10629
0.44381284713745117, 10628
0.44381284713745117, 10627
0.44381284713745117, 10626
0.44381284713745117, 10625
0.44481563568115234, 10624
0.44481563568115234, 10623
0.44481563568115234, 10622
0.44481563568115234, 10621
0.44481563568115234, 10620
0.44481563568115234, 10619
0.44481563568115234, 10618
0.44481563568115234, 10617
0.44481563568115234, 10616
0.44481563568115234, 10615
0.44481563568115234, 10614
0.44481563568115234, 10613
0.44481563568115234, 10612
0.44481563568115234, 10611
0.44481563568115234, 10610
0.44481563568115234, 10609
0.4458141326904297, 10608
0.44590163230895996, 10607
0.44590163230895996, 10606
0.44590163230895996, 10605
0.44590163230895996, 10604
0.44590163230895996, 10603
0.44590163230895996, 10602
0.44590163230895996, 10601
0.44590163230895996, 10600
0.44590163230895996, 10599
0.44590163230895996, 10598
0.44590163230895996, 10597
0.44590163230895996, 10596
0.44590163230895996, 10595
0.44590163230895996, 10594
0.44681453704833984, 10593
0.44681453704833984, 10592
0.44681453704833984, 10591
0.44681453704833984, 10590
0.44681453704833984, 10589
0.44681453704833984, 10588
0.44681453704833984, 10587
0.44681453704833984, 10586
0.44681453704833984, 10585
0.44681453704833984, 10584
0.44681453704833984, 10583
0.44681453704833984, 10582
0.44681453704833984, 10581
0.44681453704833984, 10580
0.44681453704833984, 10579
0.4478137493133545, 10578
0.4478137493133545, 10577
0.4478137493133545, 10576
0.4478137493133545, 10575
0.4478137493133545, 10574
0.4478137493133545, 10573
0.4478137493133545, 10572
0.4478137493133545, 10571
0.4478137493133545, 10570
0.4478137493133545, 10569
0.4478137493133545, 10568
0.4478137493133545, 10567
0.4478137493133545, 10566
0.4478137493133545, 10565
0.4478137493133545, 10564
0.4478137493133545, 10563
0.44881415367126465, 10562
0.44881415367126465, 10561
0.44881415367126465, 10560
0.44881415367126465, 10559
0.44881415367126465, 10558
0.44881415367126465, 10557
0.44881415367126465, 10556
0.44881415367126465, 10555
0.44881415367126465, 10554
0.44881415367126465, 10553
0.44881415367126465, 10552
0.44881415367126465, 10551
0.44881415367126465, 10550
0.44881415367126465, 10549
0.44881415367126465, 10548
0.4498147964477539, 10547
0.4498147964477539, 10546
0.4498147964477539, 10545
0.4498147964477539, 10544
0.4498147964477539, 10543
0.4498147964477539, 10542
0.4498147964477539, 10541
0.4498147964477539, 10540
0.4498147964477539, 10539
0.4498147964477539, 10538
0.4498147964477539, 10537
0.4498147964477539, 10536
0.4498147964477539, 10535
0.4498147964477539, 10534
0.4498147964477539, 10533
0.45081496238708496, 10532
0.45081496238708496, 10531
0.45081496238708496, 10530
0.45081496238708496, 10529
0.45081496238708496, 10528
0.45081496238708496, 10527
0.45081496238708496, 10526
0.45081496238708496, 10525
0.45081496238708496, 10524
0.45081496238708496, 10523
0.45081496238708496, 10522
0.45081496238708496, 10521
0.45081496238708496, 10520
0.45081496238708496, 10519
0.45081496238708496, 10518
0.4518141746520996, 10517
0.4518141746520996, 10516
0.4518141746520996, 10515
0.4518141746520996, 10514
0.4518141746520996, 10513
0.4518141746520996, 10512
0.4518141746520996, 10511
0.4518141746520996, 10510
0.4518141746520996, 10509
0.4518141746520996, 10508
0.4518141746520996, 10507
0.4518141746520996, 10506
0.4518141746520996, 10505
0.4518141746520996, 10504
0.4518141746520996, 10503
0.4518141746520996, 10502
0.45281410217285156, 10501
0.45281410217285156, 10500
0.45281410217285156, 10499
0.45281410217285156, 10498
0.45281410217285156, 10497
0.45281410217285156, 10496
0.45281410217285156, 10495
0.45281410217285156, 10494
0.45281410217285156, 10493
0.45281410217285156, 10492
0.45281410217285156, 10491
0.45281410217285156, 10490
0.45281410217285156, 10489
0.45281410217285156, 10488
0.45281410217285156, 10487
0.4538145065307617, 10486
0.4538145065307617, 10485
0.4538145065307617, 10484
0.4538145065307617, 10483
0.4538145065307617, 10482
0.4538145065307617, 10481
0.4538145065307617, 10480
0.4538145065307617, 10479
0.4538145065307617, 10478
0.4538145065307617, 10477
0.4538145065307617, 10476
0.4538145065307617, 10475
0.4538145065307617, 10474
0.4538145065307617, 10473
0.45481371879577637, 10472
0.45481371879577637, 10471
0.45481371879577637, 10470
0.45481371879577637, 10469
0.45481371879577637, 10468
0.45481371879577637, 10467
0.45481371879577637, 10466
0.45481371879577637, 10465
0.45481371879577637, 10464
0.45481371879577637, 10463
0.45481371879577637, 10462
0.45481371879577637, 10461
0.45481371879577637, 10460
0.45481371879577637, 10459
0.45481371879577637, 10458
0.4558119773864746, 10457
0.4558119773864746, 10456
0.4558119773864746, 10455
0.4558119773864746, 10454
0.4558119773864746, 10453
0.4558119773864746, 10452
0.4558119773864746, 10451
0.4558119773864746, 10450
0.4558119773864746, 10449
0.4558119773864746, 10448
0.4558119773864746, 10447
0.4558119773864746, 10446
0.4558119773864746, 10445
0.4558119773864746, 10444
0.4558119773864746, 10443
0.45681262016296387, 10442
0.45681262016296387, 10441
0.45681262016296387, 10440
0.45681262016296387, 10439
0.45681262016296387, 10438
0.45681262016296387, 10437
0.45681262016296387, 10436
0.45681262016296387, 10435
0.45681262016296387, 10434
0.45681262016296387, 10433
0.45681262016296387, 10432
0.45681262016296387, 10431
0.45681262016296387, 10430
0.45681262016296387, 10429
0.45681262016296387, 10428
0.4578125476837158, 10427
0.4578125476837158, 10426
0.4578125476837158, 10425
0.4578125476837158, 10424
0.4578125476837158, 10423
0.4578125476837158, 10422
0.4578125476837158, 10421
0.4578125476837158, 10420
0.4578125476837158, 10419
0.4578125476837158, 10418
0.4578125476837158, 10417
0.4578125476837158, 10416
0.4578125476837158, 10415
0.4578125476837158, 10414
0.4578125476837158, 10413
0.4578125476837158, 10412
0.45881223678588867, 10411
0.45881223678588867, 10410
0.45881223678588867, 10409
0.45881223678588867, 10408
0.45881223678588867, 10407
0.45881223678588867, 10406
0.45881223678588867, 10405
0.45881223678588867, 10404
0.45881223678588867, 10403
0.45881223678588867, 10402
