0.178328275680542, 14025
0.178328275680542, 14024
0.178328275680542, 14023
0.178328275680542, 14022
0.178328275680542, 14021
0.178328275680542, 14020
0.178328275680542, 14019
0.178328275680542, 14018
0.17932701110839844, 14017
0.17932701110839844, 14016
0.17932701110839844, 14015
0.17932701110839844, 14014
0.17932701110839844, 14013
0.17932701110839844, 14012
0.17932701110839844, 14011
0.17932701110839844, 14010
0.17932701110839844, 14009
0.17932701110839844, 14008
0.17932701110839844, 14007
0.17932701110839844, 14006
0.17932701110839844, 14005
0.17932701110839844, 14004
0.17932701110839844, 14003
0.18032407760620117, 14002
0.18032407760620117, 14001
0.18032407760620117, 14000
0.18032407760620117, 13999
0.18032407760620117, 13998
0.18032407760620117, 13997
0.18032407760620117, 13996
0.18032407760620117, 13995
0.18032407760620117, 13994
0.18032407760620117, 13993
0.18032407760620117, 13992
0.18032407760620117, 13991
0.18032407760620117, 13990
0.18032407760620117, 13989
0.18032407760620117, 13988
0.18132424354553223, 13987
0.18132424354553223, 13986
0.18132424354553223, 13985
0.18153643608093262, 13984
0.18153643608093262, 13983
0.18153643608093262, 13982
0.18153643608093262, 13981
0.18153643608093262, 13980
0.18153643608093262, 13979
0.18153643608093262, 13978
0.18153643608093262, 13977
0.18153643608093262, 13976
0.18153643608093262, 13975
0.18153643608093262, 13974
0.18153643608093262, 13973
0.1823253631591797, 13972
0.1823253631591797, 13971
0.1823253631591797, 13970
0.1823253631591797, 13969
0.1823253631591797, 13968
0.1823253631591797, 13967
0.1823253631591797, 13966
0.1823253631591797, 13965
0.1823253631591797, 13964
0.1823253631591797, 13963
0.1823253631591797, 13962
0.1823253631591797, 13961
0.1823253631591797, 13960
0.1823253631591797, 13959
0.1823253631591797, 13958
0.18332409858703613, 13957
0.18332409858703613, 13956
0.18332409858703613, 13955
0.18332409858703613, 13954
0.18332409858703613, 13953
0.18332409858703613, 13952
0.18332409858703613, 13951
0.18332409858703613, 13950
0.18384003639221191, 13949
0.18384003639221191, 13948
0.18384003639221191, 13947
0.18384003639221191, 13946
0.18384003639221191, 13945
0.18384003639221191, 13944
0.18384003639221191, 13943
0.18384003639221191, 13942
0.18384003639221191, 13941
0.18384003639221191, 13940
0.18384003639221191, 13939
0.18384003639221191, 13938
0.18384003639221191, 13937
0.18384003639221191, 13936
0.18384003639221191, 13935
0.18384003639221191, 13934
0.18484711647033691, 13933
0.18484711647033691, 13932
0.18484711647033691, 13931
0.18484711647033691, 13930
0.18484711647033691, 13929
0.18484711647033691, 13928
0.18484711647033691, 13927
0.18484711647033691, 13926
0.18484711647033691, 13925
0.18484711647033691, 13924
0.18484711647033691, 13923
0.18484711647033691, 13922
0.18484711647033691, 13921
0.18484711647033691, 13920
0.18484711647033691, 13919
0.18584585189819336, 13918
0.18584585189819336, 13917
0.18584585189819336, 13916
0.18584585189819336, 13915
0.18584585189819336, 13914
0.18584585189819336, 13913
0.18584585189819336, 13912
0.18584585189819336, 13911
0.18584585189819336, 13910
0.18584585189819336, 13909
0.18584585189819336, 13908
0.18584585189819336, 13907
0.18584585189819336, 13906
0.18584585189819336, 13905
0.18584585189819336, 13904
0.1868455410003662, 13903
0.1868455410003662, 13902
0.1868455410003662, 13901
0.1868455410003662, 13900
0.1868455410003662, 13899
0.1868455410003662, 13898
0.1868455410003662, 13897
0.1868455410003662, 13896
0.1868455410003662, 13895
0.1868455410003662, 13894
0.1868455410003662, 13893
0.1868455410003662, 13892
0.1868455410003662, 13891
0.1868455410003662, 13890
0.1868455410003662, 13889
0.1868455410003662, 13888
0.18784689903259277, 13887
0.18784689903259277, 13886
0.18784689903259277, 13885
0.18784689903259277, 13884
0.18784689903259277, 13883
0.18784689903259277, 13882
0.18784689903259277, 13881
0.18784689903259277, 13880
0.18784689903259277, 13879
0.18784689903259277, 13878
0.18784689903259277, 13877
0.18784689903259277, 13876
0.18784689903259277, 13875
0.18784689903259277, 13874
0.18884611129760742, 13873
0.18884611129760742, 13872
0.18884611129760742, 13871
0.18884611129760742, 13870
0.18884611129760742, 13869
0.18884611129760742, 13868
0.18884611129760742, 13867
0.18884611129760742, 13866
0.18884611129760742, 13865
0.18884611129760742, 13864
0.18884611129760742, 13863
0.18884611129760742, 13862
0.18884611129760742, 13861
0.18884611129760742, 13860
0.18884611129760742, 13859
0.18984532356262207, 13858
0.18984532356262207, 13857
0.18984532356262207, 13856
0.18984532356262207, 13855
0.18984532356262207, 13854
0.18984532356262207, 13853
0.18984532356262207, 13852
0.18984532356262207, 13851
0.18984532356262207, 13850
0.18984532356262207, 13849
0.18984532356262207, 13848
0.18984532356262207, 13847
0.18984532356262207, 13846
0.18984532356262207, 13845
0.18984532356262207, 13844
0.18984532356262207, 13843
0.1909024715423584, 13842
0.1909024715423584, 13841
0.1909024715423584, 13840
0.1909024715423584, 13839
0.1909024715423584, 13838
0.1909024715423584, 13837
0.1909024715423584, 13836
0.1909024715423584, 13835
0.1909024715423584, 13834
0.1909024715423584, 13833
0.1909024715423584, 13832
0.1909024715423584, 13831
0.1909024715423584, 13830
0.1909024715423584, 13829
0.1918487548828125, 13828
0.1918487548828125, 13827
0.1918487548828125, 13826
0.1918487548828125, 13825
0.1918487548828125, 13824
0.1918487548828125, 13823
0.1918487548828125, 13822
0.1918487548828125, 13821
0.1918487548828125, 13820
0.1918487548828125, 13819
0.1918487548828125, 13818
0.1918487548828125, 13817
0.1918487548828125, 13816
0.1918487548828125, 13815
0.19284605979919434, 13814
0.19284605979919434, 13813
0.19284605979919434, 13812
0.19284605979919434, 13811
0.19284605979919434, 13810
0.19284605979919434, 13809
0.19284605979919434, 13808
0.19284605979919434, 13807
0.19284605979919434, 13806
0.19284605979919434, 13805
0.19284605979919434, 13804
0.19284605979919434, 13803
0.19284605979919434, 13802
0.19284605979919434, 13801
0.19284605979919434, 13800
0.19284605979919434, 13799
0.19284605979919434, 13798
0.19284605979919434, 13797
0.19406867027282715, 13796
0.19406867027282715, 13795
0.19406867027282715, 13794
0.19406867027282715, 13793
0.19406867027282715, 13792
0.19406867027282715, 13791
0.19406867027282715, 13790
0.19406867027282715, 13789
0.19406867027282715, 13788
0.19406867027282715, 13787
0.19406867027282715, 13786
0.19406867027282715, 13785
0.19406867027282715, 13784
0.19406867027282715, 13783
0.19406867027282715, 13782
0.19406867027282715, 13781
0.19507837295532227, 13780
0.19507837295532227, 13779
0.19507837295532227, 13778
0.19507837295532227, 13777
0.19507837295532227, 13776
0.19507837295532227, 13775
0.19507837295532227, 13774
0.19507837295532227, 13773
0.19507837295532227, 13772
0.19507837295532227, 13771
0.19507837295532227, 13770
0.19507837295532227, 13769
0.19507837295532227, 13768
0.19507837295532227, 13767
0.19607758522033691, 13766
0.19607758522033691, 13765
0.19607758522033691, 13764
0.19607758522033691, 13763
0.19607758522033691, 13762
0.19607758522033691, 13761
0.19607758522033691, 13760
0.19607758522033691, 13759
0.19607758522033691, 13758
0.19607758522033691, 13757
0.19607758522033691, 13756
0.19607758522033691, 13755
0.19607758522033691, 13754
0.19607758522033691, 13753
0.19607758522033691, 13752
0.19707798957824707, 13751
0.19707798957824707, 13750
0.19707798957824707, 13749
0.19707798957824707, 13748
0.19707798957824707, 13747
0.19707798957824707, 13746
0.19707798957824707, 13745
0.19707798957824707, 13744
0.19707798957824707, 13743
0.19707798957824707, 13742
0.19707798957824707, 13741
0.19707798957824707, 13740
0.19707798957824707, 13739
0.19707798957824707, 13738
0.19707798957824707, 13737
0.19807791709899902, 13736
0.19807791709899902, 13735
0.19807791709899902, 13734
0.19807791709899902, 13733
0.19807791709899902, 13732
0.19807791709899902, 13731
0.19807791709899902, 13730
0.19807791709899902, 13729
0.19807791709899902, 13728
0.19807791709899902, 13727
0.19807791709899902, 13726
0.19807791709899902, 13725
0.19807791709899902, 13724
0.19807791709899902, 13723
0.19807791709899902, 13722
0.19907665252685547, 13721
0.19907665252685547, 13720
0.19907665252685547, 13719
0.19907665252685547, 13718
0.19907665252685547, 13717
0.19907665252685547, 13716
0.19907665252685547, 13715
0.19907665252685547, 13714
0.19907665252685547, 13713
0.19907665252685547, 13712
0.19907665252685547, 13711
0.19907665252685547, 13710
0.19907665252685547, 13709
0.19907665252685547, 13708
0.19907665252685547, 13707
0.20007610321044922, 13706
0.20007610321044922, 13705
0.20007610321044922, 13704
0.20007610321044922, 13703
0.20007610321044922, 13702
0.20007610321044922, 13701
0.20007610321044922, 13700
0.20007610321044922, 13699
0.20007610321044922, 13698
0.20007610321044922, 13697
0.20007610321044922, 13696
0.20007610321044922, 13695
0.20007610321044922, 13694
0.20007610321044922, 13693
0.20007610321044922, 13692
0.20107555389404297, 13691
0.20107555389404297, 13690
0.20107555389404297, 13689
0.20107555389404297, 13688
0.20107555389404297, 13687
0.20107555389404297, 13686
0.20107555389404297, 13685
0.20107555389404297, 13684
0.20107555389404297, 13683
0.20107555389404297, 13682
0.20107555389404297, 13681
0.20107555389404297, 13680
0.20107555389404297, 13679
0.20107555389404297, 13678
0.20107555389404297, 13677
0.20207786560058594, 13676
0.20207786560058594, 13675
0.20207786560058594, 13674
0.20207786560058594, 13673
0.20207786560058594, 13672
0.20207786560058594, 13671
0.20207786560058594, 13670
0.20207786560058594, 13669
0.20207786560058594, 13668
0.20207786560058594, 13667
0.20207786560058594, 13666
0.20207786560058594, 13665
0.20207786560058594, 13664
0.20207786560058594, 13663
0.20207786560058594, 13662
0.2030775547027588, 13661
0.2030775547027588, 13660
0.2030775547027588, 13659
0.2030775547027588, 13658
0.2030775547027588, 13657
0.2030775547027588, 13656
0.2030775547027588, 13655
0.2030775547027588, 13654
0.2030775547027588, 13653
0.2030775547027588, 13652
0.2030775547027588, 13651
0.2030775547027588, 13650
0.2030775547027588, 13649
0.2030775547027588, 13648
0.2030775547027588, 13647
2.045814275741577, 13646
2.045814275741577, 13645
2.045814275741577, 13644
2.045814275741577, 13643
2.045814275741577, 13642
2.045814275741577, 13641
2.045814275741577, 13640
2.045814275741577, 13639
2.045814275741577, 13638
2.045814275741577, 13637
2.0468127727508545, 13636
2.0468127727508545, 13635
2.0468127727508545, 13634
2.0468127727508545, 13633
2.0468127727508545, 13632
2.0468127727508545, 13631
2.0468127727508545, 13630
2.0468127727508545, 13629
2.0468127727508545, 13628
2.0468127727508545, 13627
2.0468127727508545, 13626
2.0468127727508545, 13625
2.0468127727508545, 13624
2.0468127727508545, 13623
2.0468127727508545, 13622
2.0478134155273438, 13621
2.0478134155273438, 13620
2.0478134155273438, 13619
2.0478134155273438, 13618
2.0478134155273438, 13617
2.0478134155273438, 13616
2.0478134155273438, 13615
2.0478134155273438, 13614
2.0478134155273438, 13613
2.0478134155273438, 13612
2.0478134155273438, 13611
2.0478134155273438, 13610
2.0488126277923584, 13609
2.0488126277923584, 13608
2.0488126277923584, 13607
2.0488126277923584, 13606
2.0488126277923584, 13605
2.0488126277923584, 13604
2.0488126277923584, 13603
2.0488126277923584, 13602
2.0488126277923584, 13601
2.0488126277923584, 13600
2.0498135089874268, 13599
2.0498135089874268, 13598
2.0498135089874268, 13597
2.0498135089874268, 13596
2.0498135089874268, 13595
2.0498135089874268, 13594
2.0498135089874268, 13593
2.0498135089874268, 13592
2.0498135089874268, 13591
2.0498135089874268, 13590
2.0508129596710205, 13589
2.0509023666381836, 13588
2.0509023666381836, 13587
2.0509023666381836, 13586
2.0509023666381836, 13585
2.0509023666381836, 13584
2.0509023666381836, 13583
4.173126935958862, 13582
4.173126935958862, 13581
4.173126935958862, 13580
4.173126935958862, 13579
4.173126935958862, 13578
4.174126863479614, 13577
4.174126863479614, 13576
4.174126863479614, 13575
4.174126863479614, 13574
4.174126863479614, 13573
4.174126863479614, 13572
4.174126863479614, 13571
4.174126863479614, 13570
4.174126863479614, 13569
4.174126863479614, 13568
4.175127029418945, 13567
4.175127029418945, 13566
4.175127029418945, 13565
4.175127029418945, 13564
4.175127029418945, 13563
4.175127029418945, 13562
4.175127029418945, 13561
4.175127029418945, 13560
4.175127029418945, 13559
4.175127029418945, 13558
4.175127029418945, 13557
4.175127029418945, 13556
4.175127029418945, 13555
4.176127195358276, 13554
4.176127195358276, 13553
5.5119993686676025, 13552
5.5119993686676025, 13551
5.5119993686676025, 13550
5.5119993686676025, 13549
5.5119993686676025, 13548
5.5119993686676025, 13547
5.513035535812378, 13546
5.513035535812378, 13545
5.513035535812378, 13544
5.513035535812378, 13543
5.513035535812378, 13542
5.513035535812378, 13541
5.513035535812378, 13540
5.513035535812378, 13539
5.513035535812378, 13538
5.513035535812378, 13537
5.513035535812378, 13536
5.513035535812378, 13535
5.513035535812378, 13534
5.513035535812378, 13533
5.514037370681763, 13532
5.514037370681763, 13531
5.514037370681763, 13530
5.514037370681763, 13529
5.514037370681763, 13528
5.514037370681763, 13527
5.514037370681763, 13526
5.514037370681763, 13525
5.514037370681763, 13524
5.514037370681763, 13523
5.514037370681763, 13522
5.514037370681763, 13521
5.514037370681763, 13520
5.514037370681763, 13519
5.515036106109619, 13518
5.515036106109619, 13517
5.515036106109619, 13516
5.515036106109619, 13515
5.515036106109619, 13514
5.515036106109619, 13513
5.515036106109619, 13512
5.515036106109619, 13511
5.515036106109619, 13510
5.515036106109619, 13509
5.515036106109619, 13508
5.515036106109619, 13507
5.515036106109619, 13506
5.516035795211792, 13505
5.516035795211792, 13504
5.516035795211792, 13503
5.516035795211792, 13502
5.516035795211792, 13501
5.516035795211792, 13500
5.516035795211792, 13499
5.516035795211792, 13498
5.516035795211792, 13497
5.516035795211792, 13496
5.516035795211792, 13495
5.516035795211792, 13494
5.516035795211792, 13493
5.516035795211792, 13492
5.517035245895386, 13491
5.517035245895386, 13490
5.517035245895386, 13489
5.517035245895386, 13488
5.517035245895386, 13487
5.517035245895386, 13486
5.517035245895386, 13485
5.517035245895386, 13484
5.517035245895386, 13483
5.517035245895386, 13482
5.517035245895386, 13481
5.517035245895386, 13480
5.517035245895386, 13479
5.517035245895386, 13478
9.528064489364624, 12996
9.528064489364624, 12995
9.528064489364624, 12994
9.528064489364624, 12993
9.528064489364624, 12992
9.528064489364624, 12991
9.528064489364624, 12990
9.528064489364624, 12989
9.529065132141113, 12988
9.529065132141113, 12987
9.529065132141113, 12986
9.529065132141113, 12985
9.529065132141113, 12984
9.529065132141113, 12983
9.529065132141113, 12982
9.529553890228271, 12981
9.529553890228271, 12980
9.529553890228271, 12979
9.529553890228271, 12978
9.529553890228271, 12977
9.529553890228271, 12976
9.530065536499023, 12975
9.530065536499023, 12974
9.530065536499023, 12973
9.530065536499023, 12972
9.530065536499023, 12971
9.530065536499023, 12970
9.530065536499023, 12969
9.530065536499023, 12968
9.530065536499023, 12967
9.530065536499023, 12966
9.530065536499023, 12965
9.530065536499023, 12964
9.530065536499023, 12963
9.530065536499023, 12962
9.531065702438354, 12961
9.531065702438354, 12960
9.531065702438354, 12959
9.531065702438354, 12958
9.531065702438354, 12957
9.531065702438354, 12956
9.531065702438354, 12955
9.531065702438354, 12954
9.531065702438354, 12953
9.531065702438354, 12952
9.531065702438354, 12951
9.531065702438354, 12950
9.531065702438354, 12949
9.531065702438354, 12948
9.532065391540527, 12947
9.532065391540527, 12946
9.532065391540527, 12945
9.532065391540527, 12944
9.532065391540527, 12943
9.532065391540527, 12942
9.532065391540527, 12941
9.532065391540527, 12940
9.532065391540527, 12939
9.532065391540527, 12938
9.532065391540527, 12937
9.532065391540527, 12936
9.532065391540527, 12935
9.532065391540527, 12934
9.5330650806427, 12933
9.5330650806427, 12932
9.5330650806427, 12931
9.5330650806427, 12930
9.5330650806427, 12929
9.5330650806427, 12928
9.5330650806427, 12927
9.5330650806427, 12926
9.5330650806427, 12925
9.5330650806427, 12924
9.5330650806427, 12923
9.5330650806427, 12922
9.5330650806427, 12921
9.5330650806427, 12920
9.53406548500061, 12919
9.53406548500061, 12918
9.53406548500061, 12917
9.53406548500061, 12916
9.53406548500061, 12915
9.53406548500061, 12914
9.53406548500061, 12913
9.53406548500061, 12912
9.53406548500061, 12911
9.53406548500061, 12910
9.53406548500061, 12909
9.53406548500061, 12908
9.53406548500061, 12907
9.535064935684204, 12906
9.535064935684204, 12905
9.535064935684204, 12904
9.535064935684204, 12903
9.535064935684204, 12902
9.535064935684204, 12901
9.535064935684204, 12900
9.535064935684204, 12899
9.535064935684204, 12898
9.535064935684204, 12897
9.536064863204956, 12896
9.536064863204956, 12895
9.536064863204956, 12894
9.536064863204956, 12893
9.536064863204956, 12892
9.536064863204956, 12891
9.536064863204956, 12890
9.536064863204956, 12889
9.536064863204956, 12888
9.536064863204956, 12887
9.536064863204956, 12886
9.536064863204956, 12885
9.537065267562866, 12884
9.537065267562866, 12883
9.537065267562866, 12882
9.537065267562866, 12881
9.537065267562866, 12880
9.537065267562866, 12879
9.537065267562866, 12878
9.537065267562866, 12877
9.537065267562866, 12876
9.537065267562866, 12875
9.537065267562866, 12874
9.537065267562866, 12873
9.537065267562866, 12872
9.53806447982788, 12871
9.538172960281372, 12870
9.538172960281372, 12869
9.538172960281372, 12868
9.538381576538086, 12867
9.538381576538086, 12866
9.538381576538086, 12865
9.538381576538086, 12864
9.538381576538086, 12863
9.538381576538086, 12862
9.538381576538086, 12861
9.538381576538086, 12860
9.538381576538086, 12859
9.538381576538086, 12858
9.539064884185791, 12857
9.539064884185791, 12856
9.539064884185791, 12855
9.539064884185791, 12854
9.539064884185791, 12853
9.539064884185791, 12852
9.539064884185791, 12851
9.539064884185791, 12850
9.539064884185791, 12849
9.539064884185791, 12848
9.539064884185791, 12847
9.539064884185791, 12846
9.539064884185791, 12845
9.540065050125122, 12844
9.540065050125122, 12843
9.540065050125122, 12842
9.540065050125122, 12841
9.540065050125122, 12840
9.540065050125122, 12839
9.540065050125122, 12838
9.540065050125122, 12837
9.540065050125122, 12836
9.540065050125122, 12835
9.540065050125122, 12834
9.540065050125122, 12833
9.540065050125122, 12832
9.540065050125122, 12831
9.541064739227295, 12830
9.541064739227295, 12829
9.541064739227295, 12828
9.541064739227295, 12827
9.541064739227295, 12826
9.541064739227295, 12825
9.541064739227295, 12824
9.541064739227295, 12823
9.541064739227295, 12822
9.541064739227295, 12821
9.541064739227295, 12820
9.541064739227295, 12819
9.541064739227295, 12818
9.542015075683594, 12817
9.542015075683594, 12816
9.542015075683594, 12815
9.542015075683594, 12814
9.542015075683594, 12813
9.542015075683594, 12812
9.542015075683594, 12811
9.542015075683594, 12810
9.542015075683594, 12809
9.542015075683594, 12808
9.542015075683594, 12807
9.542015075683594, 12806
9.542015075683594, 12805
9.543064832687378, 12804
9.543064832687378, 12803
9.543064832687378, 12802
9.543064832687378, 12801
9.543064832687378, 12800
9.543064832687378, 12799
