0.19701766967773438, 14026
0.19701766967773438, 14025
0.19701766967773438, 14024
0.19701766967773438, 14023
0.19701766967773438, 14022
0.19701766967773438, 14021
0.19701766967773438, 14020
0.19701766967773438, 14019
0.19701766967773438, 14018
0.19701766967773438, 14017
0.19701766967773438, 14016
0.19701766967773438, 14015
0.19701766967773438, 14014
0.19701766967773438, 14013
0.19701766967773438, 14012
0.19801831245422363, 14011
0.19801831245422363, 14010
0.19801831245422363, 14009
0.19801831245422363, 14008
0.19801831245422363, 14007
0.19801831245422363, 14006
0.19801831245422363, 14005
0.19801831245422363, 14004
0.19801831245422363, 14003
0.19801831245422363, 14002
0.19801831245422363, 14001
0.19801831245422363, 14000
0.19801831245422363, 13999
0.19801831245422363, 13998
0.19801831245422363, 13997
0.1990187168121338, 13996
0.1990187168121338, 13995
0.1990187168121338, 13994
0.1990187168121338, 13993
0.1990187168121338, 13992
0.1990187168121338, 13991
0.1990187168121338, 13990
0.1990187168121338, 13989
0.1990187168121338, 13988
0.1990187168121338, 13987
0.1990187168121338, 13986
0.1990187168121338, 13985
0.1990187168121338, 13984
0.1990187168121338, 13983
0.1990187168121338, 13982
0.1990187168121338, 13981
0.20001864433288574, 13980
0.20001864433288574, 13979
0.20001864433288574, 13978
0.20001864433288574, 13977
0.20001864433288574, 13976
0.20001864433288574, 13975
0.20001864433288574, 13974
0.20001864433288574, 13973
0.20001864433288574, 13972
0.20001864433288574, 13971
0.20001864433288574, 13970
0.20001864433288574, 13969
0.20001864433288574, 13968
0.20001864433288574, 13967
0.20001864433288574, 13966
0.20001864433288574, 13965
0.201019287109375, 13964
0.201019287109375, 13963
0.201019287109375, 13962
0.201019287109375, 13961
0.201019287109375, 13960
0.201019287109375, 13959
0.201019287109375, 13958
0.201019287109375, 13957
0.201019287109375, 13956
0.201019287109375, 13955
0.201019287109375, 13954
0.201019287109375, 13953
0.201019287109375, 13952
0.201019287109375, 13951
0.201019287109375, 13950
0.201019287109375, 13949
0.20201778411865234, 13948
0.20201778411865234, 13947
0.20201778411865234, 13946
0.20201778411865234, 13945
0.20201778411865234, 13944
0.20201778411865234, 13943
0.20201778411865234, 13942
0.20201778411865234, 13941
0.20201778411865234, 13940
0.20201778411865234, 13939
0.20201778411865234, 13938
0.20201778411865234, 13937
0.20201778411865234, 13936
0.20201778411865234, 13935
0.20201778411865234, 13934
0.20201778411865234, 13933
0.2030181884765625, 13932
0.2030181884765625, 13931
0.2030181884765625, 13930
0.2030181884765625, 13929
0.2030181884765625, 13928
0.2030181884765625, 13927
0.2030181884765625, 13926
0.2030181884765625, 13925
0.2030181884765625, 13924
0.2030181884765625, 13923
0.2030181884765625, 13922
0.2030181884765625, 13921
0.2030181884765625, 13920
0.2030181884765625, 13919
0.2030181884765625, 13918
0.20401883125305176, 13917
0.20401883125305176, 13916
0.20401883125305176, 13915
0.20401883125305176, 13914
0.20401883125305176, 13913
0.20401883125305176, 13912
0.20401883125305176, 13911
0.20401883125305176, 13910
0.20401883125305176, 13909
0.20401883125305176, 13908
0.20401883125305176, 13907
0.20401883125305176, 13906
0.20401883125305176, 13905
0.20401883125305176, 13904
0.20401883125305176, 13903
0.20401883125305176, 13902
0.2050175666809082, 13901
0.2050175666809082, 13900
0.2050175666809082, 13899
0.2050175666809082, 13898
0.2050175666809082, 13897
0.2050175666809082, 13896
0.2050175666809082, 13895
0.2050175666809082, 13894
0.2050175666809082, 13893
0.2050175666809082, 13892
0.2050175666809082, 13891
0.2050175666809082, 13890
0.2050175666809082, 13889
0.2050175666809082, 13888
0.2050175666809082, 13887
0.2050175666809082, 13886
0.20601773262023926, 13885
0.20601773262023926, 13884
0.20601773262023926, 13883
0.20601773262023926, 13882
0.20601773262023926, 13881
0.20601773262023926, 13880
0.20601773262023926, 13879
0.20601773262023926, 13878
0.20601773262023926, 13877
0.20601773262023926, 13876
0.20601773262023926, 13875
0.20601773262023926, 13874
0.20601773262023926, 13873
0.20601773262023926, 13872
0.20601773262023926, 13871
0.20601773262023926, 13870
0.20601773262023926, 13869
0.20705199241638184, 13868
0.20705199241638184, 13867
0.20705199241638184, 13866
0.20705199241638184, 13865
0.20705199241638184, 13864
0.20705199241638184, 13863
0.20705199241638184, 13862
0.20705199241638184, 13861
0.20705199241638184, 13860
0.20705199241638184, 13859
0.20705199241638184, 13858
0.20705199241638184, 13857
0.20705199241638184, 13856
0.20705199241638184, 13855
0.20705199241638184, 13854
0.20804953575134277, 13853
0.20804953575134277, 13852
0.20804953575134277, 13851
0.20804953575134277, 13850
0.20804953575134277, 13849
0.20804953575134277, 13848
0.20804953575134277, 13847
0.20804953575134277, 13846
0.20804953575134277, 13845
0.20804953575134277, 13844
0.20804953575134277, 13843
0.20804953575134277, 13842
0.20804953575134277, 13841
0.20804953575134277, 13840
0.20804953575134277, 13839
0.20804953575134277, 13838
0.20905041694641113, 13837
0.20905041694641113, 13836
0.20905041694641113, 13835
0.20905041694641113, 13834
0.20905041694641113, 13833
0.20905041694641113, 13832
0.20905041694641113, 13831
0.20905041694641113, 13830
0.20905041694641113, 13829
0.20905041694641113, 13828
0.20905041694641113, 13827
0.20905041694641113, 13826
0.20905041694641113, 13825
0.20905041694641113, 13824
0.20905041694641113, 13823
0.20905041694641113, 13822
0.21004915237426758, 13821
0.21004915237426758, 13820
0.21004915237426758, 13819
0.21004915237426758, 13818
0.21004915237426758, 13817
0.21004915237426758, 13816
0.21004915237426758, 13815
0.21004915237426758, 13814
0.21004915237426758, 13813
0.21004915237426758, 13812
0.21004915237426758, 13811
0.21004915237426758, 13810
0.21004915237426758, 13809
0.21004915237426758, 13808
0.21004915237426758, 13807
0.21004915237426758, 13806
0.21104884147644043, 13805
0.21104884147644043, 13804
0.21104884147644043, 13803
0.21104884147644043, 13802
0.21104884147644043, 13801
0.21104884147644043, 13800
0.21104884147644043, 13799
0.21104884147644043, 13798
0.21104884147644043, 13797
0.21104884147644043, 13796
0.21104884147644043, 13795
0.21104884147644043, 13794
0.21104884147644043, 13793
0.21104884147644043, 13792
0.21104884147644043, 13791
0.21104884147644043, 13790
0.2120802402496338, 13789
0.2120802402496338, 13788
0.2120802402496338, 13787
0.2120802402496338, 13786
0.2120802402496338, 13785
0.2120802402496338, 13784
0.2120802402496338, 13783
0.2120802402496338, 13782
0.2120802402496338, 13781
0.2120802402496338, 13780
0.2120802402496338, 13779
0.2120802402496338, 13778
0.2120802402496338, 13777
0.2120802402496338, 13776
0.2120802402496338, 13775
0.2120802402496338, 13774
0.21307921409606934, 13773
0.21307921409606934, 13772
0.21307921409606934, 13771
0.21307921409606934, 13770
0.21307921409606934, 13769
0.21307921409606934, 13768
0.21307921409606934, 13767
0.21307921409606934, 13766
0.21307921409606934, 13765
0.21307921409606934, 13764
0.21307921409606934, 13763
0.21307921409606934, 13762
0.21307921409606934, 13761
0.21307921409606934, 13760
0.21307921409606934, 13759
0.21307921409606934, 13758
0.2140789031982422, 13757
0.2140789031982422, 13756
0.2140789031982422, 13755
0.2140789031982422, 13754
0.2140789031982422, 13753
0.2140789031982422, 13752
0.2140789031982422, 13751
0.2140789031982422, 13750
0.2140789031982422, 13749
0.2140789031982422, 13748
0.2140789031982422, 13747
0.2140789031982422, 13746
0.2140789031982422, 13745
0.2140789031982422, 13744
0.2140789031982422, 13743
0.2140789031982422, 13742
0.21507906913757324, 13741
0.21507906913757324, 13740
0.21507906913757324, 13739
0.21507906913757324, 13738
0.21507906913757324, 13737
0.21507906913757324, 13736
0.21507906913757324, 13735
0.21507906913757324, 13734
0.21507906913757324, 13733
0.21507906913757324, 13732
0.21507906913757324, 13731
0.21507906913757324, 13730
0.21507906913757324, 13729
0.21507906913757324, 13728
0.21507906913757324, 13727
0.21507906913757324, 13726
0.2160801887512207, 13725
0.2160801887512207, 13724
0.2160801887512207, 13723
0.2160801887512207, 13722
0.2160801887512207, 13721
0.2160801887512207, 13720
0.2160801887512207, 13719
0.2160801887512207, 13718
0.2160801887512207, 13717
0.2160801887512207, 13716
0.2160801887512207, 13715
0.2160801887512207, 13714
0.2160801887512207, 13713
0.2160801887512207, 13712
0.2160801887512207, 13711
0.21707916259765625, 13710
0.21707916259765625, 13709
0.21707916259765625, 13708
0.21707916259765625, 13707
0.21707916259765625, 13706
0.21707916259765625, 13705
0.21707916259765625, 13704
0.21707916259765625, 13703
0.21707916259765625, 13702
0.21707916259765625, 13701
0.21707916259765625, 13700
0.21707916259765625, 13699
0.21707916259765625, 13698
0.21707916259765625, 13697
0.21707916259765625, 13696
0.2180788516998291, 13695
0.2180788516998291, 13694
0.2180788516998291, 13693
0.2180788516998291, 13692
0.2180788516998291, 13691
0.2180788516998291, 13690
0.2180788516998291, 13689
0.2180788516998291, 13688
0.2180788516998291, 13687
0.2180788516998291, 13686
0.2180788516998291, 13685
0.2180788516998291, 13684
0.2180788516998291, 13683
0.2180788516998291, 13682
0.2180788516998291, 13681
0.2180788516998291, 13680
0.21907973289489746, 13679
0.21907973289489746, 13678
0.21907973289489746, 13677
0.21907973289489746, 13676
0.21907973289489746, 13675
0.21907973289489746, 13674
0.21907973289489746, 13673
0.21907973289489746, 13672
0.21907973289489746, 13671
0.21907973289489746, 13670
0.21907973289489746, 13669
0.21907973289489746, 13668
0.21907973289489746, 13667
0.21907973289489746, 13666
0.21907973289489746, 13665
0.21907973289489746, 13664
0.2200789451599121, 13663
0.2200789451599121, 13662
0.2200789451599121, 13661
0.2200789451599121, 13660
0.2200789451599121, 13659
0.2200789451599121, 13658
0.2200789451599121, 13657
0.2200789451599121, 13656
0.2200789451599121, 13655
0.2200789451599121, 13654
0.2200789451599121, 13653
0.2200789451599121, 13652
0.2200789451599121, 13651
0.2200789451599121, 13650
0.2200789451599121, 13649
0.2200789451599121, 13648
0.22107863426208496, 13647
0.22107863426208496, 13646
0.22107863426208496, 13645
0.22107863426208496, 13644
0.22107863426208496, 13643
0.22107863426208496, 13642
0.22107863426208496, 13641
0.22107863426208496, 13640
0.22107863426208496, 13639
0.22107863426208496, 13638
0.22107863426208496, 13637
0.22107863426208496, 13636
0.22107863426208496, 13635
0.22107863426208496, 13634
0.22107863426208496, 13633
0.22210693359375, 13632
0.2221693992614746, 13631
0.2221693992614746, 13630
0.2221693992614746, 13629
0.2221693992614746, 13628
0.2221693992614746, 13627
0.2221693992614746, 13626
0.2221693992614746, 13625
0.2221693992614746, 13624
0.2221693992614746, 13623
0.2221693992614746, 13622
0.2221693992614746, 13621
0.2221693992614746, 13620
0.2221693992614746, 13619
0.2221693992614746, 13618
0.22310829162597656, 13617
0.22310829162597656, 13616
0.22310829162597656, 13615
0.22310829162597656, 13614
0.22310829162597656, 13613
0.22310829162597656, 13612
0.22310829162597656, 13611
0.22310829162597656, 13610
0.22310829162597656, 13609
0.22310829162597656, 13608
0.22310829162597656, 13607
0.22310829162597656, 13606
0.22310829162597656, 13605
0.22310829162597656, 13604
0.22310829162597656, 13603
0.22410845756530762, 13602
0.22410845756530762, 13601
0.22410845756530762, 13600
0.22410845756530762, 13599
0.22410845756530762, 13598
0.22410845756530762, 13597
0.22410845756530762, 13596
0.22410845756530762, 13595
0.22410845756530762, 13594
0.22410845756530762, 13593
0.22410845756530762, 13592
0.22410845756530762, 13591
0.22410845756530762, 13590
0.22410845756530762, 13589
0.22410845756530762, 13588
0.22510790824890137, 13587
0.22510790824890137, 13586
0.22510790824890137, 13585
0.22510790824890137, 13584
0.22510790824890137, 13583
0.22510790824890137, 13582
0.22510790824890137, 13581
0.22510790824890137, 13580
0.22510790824890137, 13579
0.22510790824890137, 13578
0.22510790824890137, 13577
0.22510790824890137, 13576
0.22510790824890137, 13575
0.22510790824890137, 13574
0.22510790824890137, 13573
0.2261066436767578, 13572
0.2261066436767578, 13571
0.2261066436767578, 13570
0.2261066436767578, 13569
0.2261066436767578, 13568
0.2261066436767578, 13567
0.2261066436767578, 13566
0.2261066436767578, 13565
0.2261066436767578, 13564
0.2261066436767578, 13563
0.2261066436767578, 13562
0.2261066436767578, 13561
0.2261066436767578, 13560
0.2261066436767578, 13559
0.2261066436767578, 13558
0.2261066436767578, 13557
0.22710680961608887, 13556
0.7608704566955566, 13555
0.7608704566955566, 13554
0.7608704566955566, 13553
0.7608704566955566, 13552
0.7608704566955566, 13551
0.7608704566955566, 13550
0.7608704566955566, 13549
0.7608704566955566, 13548
0.7608704566955566, 13547
0.7608704566955566, 13546
0.7608704566955566, 13545
0.7608704566955566, 13544
0.7618706226348877, 13543
0.7618706226348877, 13542
0.7618706226348877, 13541
0.7618706226348877, 13540
0.7618706226348877, 13539
0.7618706226348877, 13538
0.7618706226348877, 13537
0.7618706226348877, 13536
0.7618706226348877, 13535
0.7618706226348877, 13534
0.7618706226348877, 13533
0.7618706226348877, 13532
0.7618706226348877, 13531
0.7618706226348877, 13530
0.7618706226348877, 13529
0.762871503829956, 13528
0.762871503829956, 13527
0.762871503829956, 13526
0.762871503829956, 13525
0.762871503829956, 13524
0.762871503829956, 13523
0.762871503829956, 13522
0.762871503829956, 13521
0.762871503829956, 13520
0.762871503829956, 13519
0.762871503829956, 13518
0.762871503829956, 13517
0.762871503829956, 13516
0.762871503829956, 13515
0.7638723850250244, 13514
0.7638723850250244, 13513
0.7638723850250244, 13512
0.7638723850250244, 13511
0.7638723850250244, 13510
0.7638723850250244, 13509
0.7638723850250244, 13508
0.7638723850250244, 13507
0.7638723850250244, 13506
0.7638723850250244, 13505
0.7638723850250244, 13504
0.7638723850250244, 13503
0.7638723850250244, 13502
0.7638723850250244, 13501
0.7648718357086182, 13500
0.7648718357086182, 13499
0.7648718357086182, 13498
0.7648718357086182, 13497
0.7648718357086182, 13496
0.7648718357086182, 13495
0.7648718357086182, 13494
0.7648718357086182, 13493
0.7648718357086182, 13492
0.7648718357086182, 13491
0.7648718357086182, 13490
0.7648718357086182, 13489
0.7648718357086182, 13488
0.7648718357086182, 13487
0.7648718357086182, 13486
0.7658729553222656, 13485
0.7658729553222656, 13484
0.7658729553222656, 13483
0.7658729553222656, 13482
0.7658729553222656, 13481
0.7658729553222656, 13480
0.7658729553222656, 13479
0.7658729553222656, 13478
0.7658729553222656, 13477
0.7658729553222656, 13476
0.7658729553222656, 13475
0.7658729553222656, 13474
0.7658729553222656, 13473
0.7658729553222656, 13472
0.7658729553222656, 13471
0.7668733596801758, 13470
0.7668733596801758, 13469
0.7668733596801758, 13468
0.7668733596801758, 13467
0.7668733596801758, 13466
0.7668733596801758, 13465
0.7668733596801758, 13464
0.7668733596801758, 13463
0.7668733596801758, 13462
0.7668733596801758, 13461
0.7668733596801758, 13460
0.7678711414337158, 13459
0.7678711414337158, 13458
0.7678711414337158, 13457
0.7678711414337158, 13456
0.7678711414337158, 13455
0.7678711414337158, 13454
0.7678711414337158, 13453
0.7678711414337158, 13452
0.7678711414337158, 13451
0.7678711414337158, 13450
0.7678711414337158, 13449
0.7678711414337158, 13448
0.7678711414337158, 13447
0.7678711414337158, 13446
0.7678711414337158, 13445
0.7688717842102051, 13444
0.7688717842102051, 13443
0.7688717842102051, 13442
0.7688717842102051, 13441
0.7688717842102051, 13440
0.7688717842102051, 13439
0.7688717842102051, 13438
0.7688717842102051, 13437
0.7688717842102051, 13436
0.7688717842102051, 13435
0.7688717842102051, 13434
0.7688717842102051, 13433
0.7688717842102051, 13432
0.7688717842102051, 13431
0.7698712348937988, 13430
0.7698712348937988, 13429
0.7698712348937988, 13428
0.7698712348937988, 13427
0.7698712348937988, 13426
0.7698712348937988, 13425
0.7698712348937988, 13424
0.7698712348937988, 13423
0.7698712348937988, 13422
0.7698712348937988, 13421
0.7698712348937988, 13420
0.7698712348937988, 13419
0.7698712348937988, 13418
0.7698712348937988, 13417
9.496050834655762, 13416
9.496050834655762, 13415
9.496050834655762, 13414
9.496307849884033, 13413
9.496307849884033, 13412
9.496307849884033, 13411
9.496307849884033, 13410
9.496307849884033, 13409
9.496307849884033, 13408
9.496307849884033, 13407
9.496307849884033, 13406
9.496307849884033, 13405
9.496307849884033, 13404
9.496307849884033, 13403
9.496307849884033, 13402
9.496307849884033, 13401
9.496307849884033, 13400
9.497307538986206, 13399
9.497406244277954, 13398
9.497406244277954, 13397
9.497406244277954, 13396
9.497406244277954, 13395
9.497406244277954, 13394
9.497406244277954, 13393
9.497406244277954, 13392
9.497406244277954, 13391
9.497406244277954, 13390
9.497406244277954, 13389
9.497406244277954, 13388
9.497406244277954, 13387
9.497406244277954, 13386
9.498307466506958, 13385
9.498307466506958, 13384
9.498307466506958, 13383
9.498307466506958, 13382
9.498307466506958, 13381
9.498307466506958, 13380
9.498307466506958, 13379
9.498307466506958, 13378
9.498307466506958, 13377
9.498307466506958, 13376
9.498307466506958, 13375
9.498307466506958, 13374
9.498307466506958, 13373
9.498307466506958, 13372
9.49930739402771, 13371
9.49930739402771, 13370
9.49930739402771, 13369
9.49930739402771, 13368
9.49930739402771, 13367
9.49930739402771, 13366
9.49930739402771, 13365
9.49930739402771, 13364
9.49930739402771, 13363
9.49930739402771, 13362
9.49930739402771, 13361
9.49930739402771, 13360
9.49930739402771, 13359
9.49930739402771, 13358
9.500307559967041, 13357
9.500307559967041, 13356
9.500307559967041, 13355
9.500307559967041, 13354
9.500307559967041, 13353
9.500307559967041, 13352
9.500307559967041, 13351
9.500307559967041, 13350
9.500307559967041, 13349
9.500307559967041, 13348
9.500307559967041, 13347
9.500307559967041, 13346
9.500307559967041, 13345
9.500307559967041, 13344
9.501307487487793, 13343
9.501307487487793, 13342
9.501307487487793, 13341
9.501307487487793, 13340
9.501307487487793, 13339
9.501307487487793, 13338
9.501307487487793, 13337
9.501307487487793, 13336
9.501307487487793, 13335
9.501307487487793, 13334
9.501307487487793, 13333
9.501307487487793, 13332
9.501307487487793, 13331
9.501307487487793, 13330
9.502307415008545, 13329
9.502307415008545, 13328
9.502307415008545, 13327
9.502307415008545, 13326
9.502307415008545, 13325
9.502307415008545, 13324
9.502307415008545, 13323
9.502307415008545, 13322
9.502307415008545, 13321
9.502307415008545, 13320
9.502307415008545, 13319
9.502307415008545, 13318
9.502307415008545, 13317
9.503308057785034, 13316
9.503308057785034, 13315
9.503308057785034, 13314
9.503308057785034, 13313
9.503308057785034, 13312
9.503308057785034, 13311
9.503308057785034, 13310
9.503308057785034, 13309
9.503308057785034, 13308
9.503308057785034, 13307
9.503308057785034, 13306
9.503308057785034, 13305
9.503308057785034, 13304
9.503308057785034, 13303
9.504307508468628, 13302
9.504307508468628, 13301
9.504307508468628, 13300
9.504307508468628, 13299
9.504307508468628, 13298
9.504307508468628, 13297
9.504307508468628, 13296
9.504307508468628, 13295
9.504307508468628, 13294
9.504307508468628, 13293
9.504307508468628, 13292
9.504307508468628, 13291
9.504307508468628, 13290
9.505307674407959, 13289
9.505307674407959, 13288
9.505307674407959, 13287
9.505307674407959, 13286
9.505307674407959, 13285
9.505307674407959, 13284
9.505307674407959, 13283
9.505307674407959, 13282
9.505307674407959, 13281
9.505307674407959, 13280
9.505307674407959, 13279
9.505307674407959, 13278
9.505307674407959, 13277
9.505307674407959, 13276
9.506307601928711, 13275
9.506307601928711, 13274
9.506307601928711, 13273
9.506307601928711, 13272
9.506307601928711, 13271
9.506307601928711, 13270
9.506307601928711, 13269
9.506307601928711, 13268
9.506307601928711, 13267
9.506307601928711, 13266
9.506307601928711, 13265
9.506307601928711, 13264
9.506307601928711, 13263
9.506307601928711, 13262
9.506307601928711, 13261
9.507307529449463, 13260
9.507307529449463, 13259
9.507307529449463, 13258
9.507307529449463, 13257
9.507307529449463, 13256
9.507307529449463, 13255
9.507307529449463, 13254
9.507307529449463, 13253
9.507307529449463, 13252
9.507307529449463, 13251
9.507307529449463, 13250
9.507307529449463, 13249
9.507307529449463, 13248
9.507307529449463, 13247
9.508307456970215, 13246
9.508307456970215, 13245
9.508307456970215, 13244
9.508307456970215, 13243
9.508307456970215, 13242
9.508307456970215, 13241
9.508307456970215, 13240
9.508307456970215, 13239
9.508901834487915, 13238
9.508901834487915, 13237
9.508901834487915, 13236
9.508901834487915, 13235
9.508901834487915, 13234
9.508901834487915, 13233
9.509307384490967, 13232
9.509307384490967, 13231
9.509307384490967, 13230
9.509307384490967, 13229
9.509307384490967, 13228
9.509307384490967, 13227
9.509307384490967, 13226
9.509307384490967, 13225
9.509307384490967, 13224
9.509307384490967, 13223
9.509307384490967, 13222
9.509307384490967, 13221
9.509307384490967, 13220
9.509307384490967, 13219
9.510307550430298, 13218
9.510307550430298, 13217
9.510307550430298, 13216
9.510307550430298, 13215
9.510307550430298, 13214
9.510307550430298, 13213
9.510307550430298, 13212
9.510830402374268, 13211
9.510830402374268, 13210
9.510830402374268, 13209
9.510830402374268, 13208
9.510830402374268, 13207
9.510830402374268, 13206
9.510830402374268, 13205
9.510830402374268, 13204
9.510830402374268, 13203
9.510830402374268, 13202
9.510830402374268, 13201
9.510830402374268, 13200
9.510830402374268, 13199
9.510830402374268, 13198
9.511834383010864, 13197
9.511834383010864, 13196
9.511834383010864, 13195
9.511834383010864, 13194
9.511834383010864, 13193
9.511834383010864, 13192
9.511834383010864, 13191
9.511834383010864, 13190
9.511834383010864, 13189
9.511834383010864, 13188
9.511834383010864, 13187
9.511834383010864, 13186
9.511834383010864, 13185
9.511834383010864, 13184
9.512834310531616, 13183
9.512834310531616, 13182
9.512834310531616, 13181
9.512834310531616, 13180
9.512834310531616, 13179
9.513239860534668, 13178
9.513239860534668, 13177
9.513239860534668, 13176
9.513239860534668, 13175
9.513239860534668, 13174
9.513239860534668, 13173
9.513239860534668, 13172
9.513239860534668, 13171
9.513239860534668, 13170
9.513834238052368, 13169
9.513834238052368, 13168
9.513834238052368, 13167
9.513834238052368, 13166
9.513834238052368, 13165
9.513834238052368, 13164
9.513834238052368, 13163
9.513834238052368, 13162
9.513834238052368, 13161
9.513834238052368, 13160
9.513834238052368, 13159
9.513834238052368, 13158
9.513834238052368, 13157
9.513834238052368, 13156
9.514834642410278, 13155
9.514834642410278, 13154
9.514834642410278, 13153
9.514834642410278, 13152
9.514834642410278, 13151
9.514834642410278, 13150
9.514834642410278, 13149
9.514834642410278, 13148
9.514834642410278, 13147
9.514834642410278, 13146
9.514834642410278, 13145
9.514834642410278, 13144
9.514834642410278, 13143
9.514834642410278, 13142
9.515834331512451, 13141
9.515834331512451, 13140
9.515834331512451, 13139
9.515834331512451, 13138
9.515834331512451, 13137
9.515834331512451, 13136
9.515834331512451, 13135
9.515834331512451, 13134
9.515834331512451, 13133
9.515834331512451, 13132
9.515834331512451, 13131
9.515834331512451, 13130
9.515834331512451, 13129
9.515834331512451, 13128
9.516834497451782, 13127
9.516834497451782, 13126
9.516834497451782, 13125
9.516834497451782, 13124
9.516834497451782, 13123
9.516834497451782, 13122
9.516834497451782, 13121
9.516834497451782, 13120
9.516834497451782, 13119
9.516834497451782, 13118
9.516834497451782, 13117
9.516834497451782, 13116
9.516834497451782, 13115
9.516834497451782, 13114
9.517834424972534, 13113
9.517834424972534, 13112
9.517834424972534, 13111
9.517834424972534, 13110
9.517834424972534, 13109
9.517834424972534, 13108
9.517834424972534, 13107
9.517834424972534, 13106
9.517834424972534, 13105
9.517834424972534, 13104
9.517834424972534, 13103
9.517834424972534, 13102
9.517834424972534, 13101
9.518834590911865, 13100
9.518834590911865, 13099
9.518834590911865, 13098
9.518834590911865, 13097
9.518834590911865, 13096
9.518834590911865, 13095
9.518834590911865, 13094
9.518834590911865, 13093
9.518834590911865, 13092
9.518834590911865, 13091
9.518834590911865, 13090
9.518834590911865, 13089
9.518834590911865, 13088
9.519834518432617, 13087
9.519834518432617, 13086
9.519834518432617, 13085
9.519834518432617, 13084
9.519834518432617, 13083
9.519834518432617, 13082
9.519834518432617, 13081
9.519834518432617, 13080
9.519834518432617, 13079
9.519834518432617, 13078
9.519834518432617, 13077
9.519834518432617, 13076
9.519834518432617, 13075
9.519834518432617, 13074
9.519834518432617, 13073
9.52083444595337, 13072
9.52083444595337, 13071
9.52083444595337, 13070
9.52083444595337, 13069
9.52083444595337, 13068
9.52083444595337, 13067
9.52083444595337, 13066
9.52083444595337, 13065
9.52083444595337, 13064
9.52083444595337, 13063
9.52083444595337, 13062
9.52083444595337, 13061
9.52083444595337, 13060
9.521834373474121, 13059
9.521834373474121, 13058
9.521834373474121, 13057
9.521834373474121, 13056
9.521834373474121, 13055
9.521834373474121, 13054
9.521834373474121, 13053
9.521834373474121, 13052
9.521834373474121, 13051
9.521834373474121, 13050
9.521834373474121, 13049
9.521834373474121, 13048
9.521834373474121, 13047
9.521834373474121, 13046
9.521834373474121, 13045
9.522834300994873, 13044
9.522834300994873, 13043
9.522834300994873, 13042
9.522834300994873, 13041
9.522834300994873, 13040
9.522834300994873, 13039
9.522834300994873, 13038
9.522834300994873, 13037
9.522834300994873, 13036
9.522834300994873, 13035
9.522834300994873, 13034
9.522834300994873, 13033
9.522834300994873, 13032
9.522834300994873, 13031
9.523834228515625, 13030
9.523834228515625, 13029
9.523834228515625, 13028
9.523834228515625, 13027
9.523834228515625, 13026
9.523834228515625, 13025
9.523834228515625, 13024
9.523834228515625, 13023
