0.1172940731048584, 10992
0.1172940731048584, 10991
0.1172940731048584, 10990
0.11829185485839844, 10989
0.11829185485839844, 10988
0.11829185485839844, 10987
0.11829185485839844, 10986
0.11829185485839844, 10985
0.11829185485839844, 10984
0.11829185485839844, 10983
0.11829185485839844, 10982
0.11829185485839844, 10981
0.11829185485839844, 10980
0.11829185485839844, 10979
0.11829185485839844, 10978
0.11829185485839844, 10977
0.11829185485839844, 10976
0.11829185485839844, 10975
0.11829185485839844, 10974
0.11829185485839844, 10973
0.11929059028625488, 10972
0.11929059028625488, 10971
0.11929059028625488, 10970
0.11929059028625488, 10969
0.11929059028625488, 10968
0.11929059028625488, 10967
0.11929059028625488, 10966
0.11929059028625488, 10965
0.11929059028625488, 10964
0.11929059028625488, 10963
0.11929059028625488, 10962
0.11929059028625488, 10961
0.11929059028625488, 10960
0.11929059028625488, 10959
0.11929059028625488, 10958
0.11929059028625488, 10957
0.11929059028625488, 10956
0.12029099464416504, 10955
0.12029099464416504, 10954
0.12029099464416504, 10953
0.12029099464416504, 10952
0.12029099464416504, 10951
0.12029099464416504, 10950
0.12029099464416504, 10949
0.12029099464416504, 10948
0.12029099464416504, 10947
0.12029099464416504, 10946
0.12029099464416504, 10945
0.12029099464416504, 10944
0.12029099464416504, 10943
0.12029099464416504, 10942
0.12029099464416504, 10941
0.12029099464416504, 10940
0.1212916374206543, 10939
0.1212916374206543, 10938
0.1212916374206543, 10937
0.1212916374206543, 10936
0.1212916374206543, 10935
0.1212916374206543, 10934
0.1212916374206543, 10933
0.1212916374206543, 10932
0.1212916374206543, 10931
0.1212916374206543, 10930
0.1212916374206543, 10929
0.1212916374206543, 10928
0.1212916374206543, 10927
0.1212916374206543, 10926
0.1212916374206543, 10925
0.1212916374206543, 10924
0.12229061126708984, 10923
0.12229061126708984, 10922
0.12229061126708984, 10921
0.12229061126708984, 10920
0.12229061126708984, 10919
0.12229061126708984, 10918
0.12229061126708984, 10917
0.12229061126708984, 10916
0.12229061126708984, 10915
0.12229061126708984, 10914
0.12229061126708984, 10913
0.12229061126708984, 10912
0.12229061126708984, 10911
0.12229061126708984, 10910
0.12229061126708984, 10909
0.12229061126708984, 10908
0.1232914924621582, 10907
0.1232914924621582, 10906
0.1232914924621582, 10905
0.1232914924621582, 10904
0.1232914924621582, 10903
0.1232914924621582, 10902
0.1232914924621582, 10901
0.1232914924621582, 10900
0.1232914924621582, 10899
0.1232914924621582, 10898
0.1232914924621582, 10897
0.1232914924621582, 10896
0.1232914924621582, 10895
0.1232914924621582, 10894
0.1232914924621582, 10893
0.1232914924621582, 10892
0.1232914924621582, 10891
0.12429475784301758, 10890
0.12429475784301758, 10889
0.12429475784301758, 10888
0.12429475784301758, 10887
0.12429475784301758, 10886
0.12429475784301758, 10885
0.12429475784301758, 10884
0.12429475784301758, 10883
0.12429475784301758, 10882
0.12429475784301758, 10881
0.12429475784301758, 10880
0.12429475784301758, 10879
0.12429475784301758, 10878
0.12429475784301758, 10877
0.12429475784301758, 10876
0.12429475784301758, 10875
0.12529277801513672, 10874
0.12529277801513672, 10873
0.12529277801513672, 10872
0.12529277801513672, 10871
0.12529277801513672, 10870
0.12529277801513672, 10869
0.12529277801513672, 10868
0.12529277801513672, 10867
0.12529277801513672, 10866
0.12529277801513672, 10865
0.12529277801513672, 10864
0.12529277801513672, 10863
0.12529277801513672, 10862
0.12529277801513672, 10861
0.12529277801513672, 10860
0.12529277801513672, 10859
0.12629222869873047, 10858
0.12629222869873047, 10857
0.12629222869873047, 10856
0.12629222869873047, 10855
0.12629222869873047, 10854
0.12629222869873047, 10853
0.12629222869873047, 10852
0.12629222869873047, 10851
0.12629222869873047, 10850
0.12629222869873047, 10849
0.12629222869873047, 10848
0.12629222869873047, 10847
0.12629222869873047, 10846
0.12629222869873047, 10845
0.12629222869873047, 10844
0.12629222869873047, 10843
0.1272907257080078, 10842
0.1272907257080078, 10841
0.1272907257080078, 10840
0.1272907257080078, 10839
0.1272907257080078, 10838
0.1272907257080078, 10837
0.1272907257080078, 10836
0.1272907257080078, 10835
0.1272907257080078, 10834
0.1272907257080078, 10833
0.1272907257080078, 10832
0.1272907257080078, 10831
0.1272907257080078, 10830
0.1272907257080078, 10829
0.1272907257080078, 10828
0.1272907257080078, 10827
0.1272907257080078, 10826
0.12829089164733887, 10825
0.12829089164733887, 10824
0.12829089164733887, 10823
0.12829089164733887, 10822
0.12829089164733887, 10821
0.12829089164733887, 10820
0.12829089164733887, 10819
0.12829089164733887, 10818
0.12829089164733887, 10817
0.12829089164733887, 10816
0.12829089164733887, 10815
0.12829089164733887, 10814
0.12829089164733887, 10813
0.12829089164733887, 10812
0.12829089164733887, 10811
0.12829089164733887, 10810
0.12929010391235352, 10809
0.12929010391235352, 10808
0.12929010391235352, 10807
0.12929010391235352, 10806
0.12929010391235352, 10805
0.12929010391235352, 10804
0.12929010391235352, 10803
0.12929010391235352, 10802
0.12929010391235352, 10801
0.12929010391235352, 10800
0.12929010391235352, 10799
0.12929010391235352, 10798
0.12929010391235352, 10797
0.12929010391235352, 10796
0.12929010391235352, 10795
0.12929010391235352, 10794
0.12929010391235352, 10793
0.13031244277954102, 10792
0.13031244277954102, 10791
0.13031244277954102, 10790
0.13031244277954102, 10789
0.13031244277954102, 10788
0.13031244277954102, 10787
0.13031244277954102, 10786
0.13031244277954102, 10785
0.13031244277954102, 10784
0.13031244277954102, 10783
0.13031244277954102, 10782
0.13031244277954102, 10781
0.13031244277954102, 10780
0.13031244277954102, 10779
0.13031244277954102, 10778
0.13031244277954102, 10777
0.13131284713745117, 10776
0.13131284713745117, 10775
0.13131284713745117, 10774
0.13131284713745117, 10773
0.13131284713745117, 10772
0.13131284713745117, 10771
0.13131284713745117, 10770
0.13131284713745117, 10769
0.13131284713745117, 10768
0.13131284713745117, 10767
0.13131284713745117, 10766
0.13131284713745117, 10765
0.13131284713745117, 10764
0.13131284713745117, 10763
0.13131284713745117, 10762
0.13131284713745117, 10761
0.13231205940246582, 10760
0.13231205940246582, 10759
0.13231205940246582, 10758
0.13231205940246582, 10757
0.13231205940246582, 10756
0.13231205940246582, 10755
0.13231205940246582, 10754
0.13231205940246582, 10753
0.13231205940246582, 10752
0.13231205940246582, 10751
0.13231205940246582, 10750
0.13231205940246582, 10749
0.13231205940246582, 10748
0.13231205940246582, 10747
0.13231205940246582, 10746
0.13231205940246582, 10745
0.13331246376037598, 10744
0.13331246376037598, 10743
0.13331246376037598, 10742
0.13331246376037598, 10741
0.13331246376037598, 10740
0.13331246376037598, 10739
0.13331246376037598, 10738
0.13331246376037598, 10737
0.13331246376037598, 10736
0.13331246376037598, 10735
0.13331246376037598, 10734
0.13331246376037598, 10733
0.13331246376037598, 10732
0.13331246376037598, 10731
0.13331246376037598, 10730
0.13331246376037598, 10729
0.13431310653686523, 10728
0.13431310653686523, 10727
0.13431310653686523, 10726
0.13431310653686523, 10725
0.13431310653686523, 10724
0.13431310653686523, 10723
0.13431310653686523, 10722
0.13431310653686523, 10721
0.13431310653686523, 10720
0.13431310653686523, 10719
0.13431310653686523, 10718
0.13431310653686523, 10717
0.13431310653686523, 10716
0.13431310653686523, 10715
0.13531231880187988, 10714
0.13531231880187988, 10713
0.13531231880187988, 10712
0.13531231880187988, 10711
0.13531231880187988, 10710
0.13531231880187988, 10709
0.13531231880187988, 10708
0.13531231880187988, 10707
0.13531231880187988, 10706
0.13531231880187988, 10705
0.13531231880187988, 10704
0.13531231880187988, 10703
0.13531231880187988, 10702
0.13531231880187988, 10701
0.13531231880187988, 10700
0.13631415367126465, 10699
0.13631415367126465, 10698
0.13631415367126465, 10697
0.13631415367126465, 10696
0.13631415367126465, 10695
0.13631415367126465, 10694
0.13631415367126465, 10693
0.13631415367126465, 10692
0.13631415367126465, 10691
0.13631415367126465, 10690
0.13631415367126465, 10689
0.13631415367126465, 10688
0.13631415367126465, 10687
0.13631415367126465, 10686
0.13631415367126465, 10685
0.137315034866333, 10684
0.137315034866333, 10683
0.137315034866333, 10682
0.137315034866333, 10681
0.137315034866333, 10680
0.137315034866333, 10679
0.137315034866333, 10678
0.137315034866333, 10677
0.137315034866333, 10676
0.137315034866333, 10675
0.137315034866333, 10674
0.137315034866333, 10673
0.137315034866333, 10672
0.137315034866333, 10671
0.137315034866333, 10670
0.13831210136413574, 10669
0.13831210136413574, 10668
0.13831210136413574, 10667
0.13831210136413574, 10666
0.13831210136413574, 10665
0.13831210136413574, 10664
0.7521970272064209, 10663
0.7521970272064209, 10662
0.7531962394714355, 10661
0.7531962394714355, 10660
0.7531962394714355, 10659
0.7531962394714355, 10658
0.7531962394714355, 10657
0.7531962394714355, 10656
0.7531962394714355, 10655
0.7531962394714355, 10654
0.7531962394714355, 10653
0.7531962394714355, 10652
0.7531962394714355, 10651
0.7531962394714355, 10650
0.7531962394714355, 10649
0.7531962394714355, 10648
0.7531962394714355, 10647
3.093383550643921, 10646
3.094383478164673, 10645
3.094383478164673, 10644
3.094383478164673, 10643
3.094383478164673, 10642
3.094383478164673, 10641
3.094383478164673, 10640
3.094383478164673, 10639
3.094383478164673, 10638
3.094383478164673, 10637
3.094383478164673, 10636
3.094383478164673, 10635
3.094383478164673, 10634
3.094383478164673, 10633
3.094383478164673, 10632
3.094383478164673, 10631
3.0953900814056396, 10630
3.0953900814056396, 10629
3.0953900814056396, 10628
3.0953900814056396, 10627
3.0953900814056396, 10626
3.0953900814056396, 10625
3.0953900814056396, 10624
3.0953900814056396, 10623
3.0953900814056396, 10622
3.0953900814056396, 10621
3.0953900814056396, 10620
3.0953900814056396, 10619
4.478930711746216, 10618
4.478930711746216, 10617
4.478930711746216, 10616
4.478930711746216, 10615
4.478930711746216, 10614
4.478930711746216, 10613
4.478930711746216, 10612
4.478930711746216, 10611
4.478930711746216, 10610
4.478930711746216, 10609
4.479930877685547, 10608
4.480004072189331, 10607
4.480004072189331, 10606
4.480004072189331, 10605
4.480004072189331, 10604
4.480004072189331, 10603
4.480004072189331, 10602
4.480004072189331, 10601
4.480004072189331, 10600
4.480004072189331, 10599
4.480004072189331, 10598
4.480004072189331, 10597
4.480004072189331, 10596
4.480932235717773, 10595
4.480932235717773, 10594
4.480932235717773, 10593
4.480932235717773, 10592
4.480932235717773, 10591
4.480932235717773, 10590
4.480932235717773, 10589
4.480932235717773, 10588
4.480932235717773, 10587
4.480932235717773, 10586
4.480932235717773, 10585
4.480932235717773, 10584
4.480932235717773, 10583
4.480932235717773, 10582
4.480932235717773, 10581
4.480932235717773, 10580
4.481931686401367, 10579
4.481931686401367, 10578
4.481931686401367, 10577
4.481931686401367, 10576
4.481931686401367, 10575
4.481931686401367, 10574
4.481931686401367, 10573
4.481931686401367, 10572
4.481931686401367, 10571
4.481931686401367, 10570
4.481931686401367, 10569
4.481931686401367, 10568
4.481931686401367, 10567
4.482736349105835, 10566
4.482736349105835, 10565
4.482736349105835, 10564
4.4829323291778564, 10563
4.4829323291778564, 10562
4.4829323291778564, 10561
4.4829323291778564, 10560
4.4829323291778564, 10559
4.4829323291778564, 10558
4.4829323291778564, 10557
4.4829323291778564, 10556
4.4829323291778564, 10555
4.4829323291778564, 10554
4.4829323291778564, 10553
4.4829323291778564, 10552
4.4829323291778564, 10551
4.4829323291778564, 10550
4.4829323291778564, 10549
4.4829323291778564, 10548
4.483931541442871, 10547
4.483931541442871, 10546
4.483931541442871, 10545
4.483931541442871, 10544
4.483931541442871, 10543
4.483931541442871, 10542
4.483931541442871, 10541
4.483931541442871, 10540
4.483931541442871, 10539
4.483931541442871, 10538
4.483931541442871, 10537
4.483931541442871, 10536
4.483931541442871, 10535
4.483931541442871, 10534
4.483931541442871, 10533
4.484930992126465, 10532
4.484930992126465, 10531
4.484930992126465, 10530
4.484930992126465, 10529
4.484930992126465, 10528
4.484930992126465, 10527
4.484930992126465, 10526
4.484930992126465, 10525
4.484930992126465, 10524
4.484930992126465, 10523
4.484930992126465, 10522
4.484930992126465, 10521
4.484930992126465, 10520
4.484930992126465, 10519
4.4859325885772705, 10518
4.4859325885772705, 10517
4.4859325885772705, 10516
4.4859325885772705, 10515
4.4859325885772705, 10514
4.4859325885772705, 10513
4.4859325885772705, 10512
4.4859325885772705, 10511
4.4859325885772705, 10510
4.4859325885772705, 10509
4.4859325885772705, 10508
4.4859325885772705, 10507
4.4859325885772705, 10506
4.4859325885772705, 10505
4.4859325885772705, 10504
4.486931324005127, 10503
4.486931324005127, 10502
4.486931324005127, 10501
4.486931324005127, 10500
4.486931324005127, 10499
4.486931324005127, 10498
4.486931324005127, 10497
4.486931324005127, 10496
4.486931324005127, 10495
4.486931324005127, 10494
4.486931324005127, 10493
4.486931324005127, 10492
4.486931324005127, 10491
4.486931324005127, 10490
5.501068115234375, 10489
5.501068115234375, 10488
5.501068115234375, 10487
5.501068115234375, 10486
5.501068115234375, 10485
5.501068115234375, 10484
5.501068115234375, 10483
5.501068115234375, 10482
5.50206995010376, 10481
5.50206995010376, 10480
5.50206995010376, 10479
5.50206995010376, 10478
5.50206995010376, 10477
5.50206995010376, 10476
5.50206995010376, 10475
5.50206995010376, 10474
5.50206995010376, 10473
5.50206995010376, 10472
5.50206995010376, 10471
5.50206995010376, 10470
5.50206995010376, 10469
5.50206995010376, 10468
5.50206995010376, 10467
5.50206995010376, 10466
5.503069639205933, 10465
5.503069639205933, 10464
5.503069639205933, 10463
5.503069639205933, 10462
5.503069639205933, 10461
6.381690740585327, 10460
6.381690740585327, 10459
6.381690740585327, 10458
6.381690740585327, 10457
6.381690740585327, 10456
6.381690740585327, 10455
6.381690740585327, 10454
6.381690740585327, 10453
6.381690740585327, 10452
6.382690668106079, 10451
6.382690668106079, 10450
6.382690668106079, 10449
6.382690668106079, 10448
6.382690668106079, 10447
6.382690668106079, 10446
6.382690668106079, 10445
6.382690668106079, 10444
6.382690668106079, 10443
6.382690668106079, 10442
6.382690668106079, 10441
6.382690668106079, 10440
