0.1737532615661621, 14075
0.17475199699401855, 14074
0.17475199699401855, 14073
0.17475199699401855, 14072
0.17475199699401855, 14071
0.17475199699401855, 14070
0.17475199699401855, 14069
0.17475199699401855, 14068
0.17475199699401855, 14067
0.17475199699401855, 14066
0.17475199699401855, 14065
0.17475199699401855, 14064
0.17475199699401855, 14063
0.17475199699401855, 14062
0.17475199699401855, 14061
0.17475199699401855, 14060
0.17475199699401855, 14059
0.1757521629333496, 14058
0.17583036422729492, 14057
0.17583036422729492, 14056
0.17583036422729492, 14055
0.17583036422729492, 14054
0.17583036422729492, 14053
0.17583036422729492, 14052
0.17583036422729492, 14051
0.17583036422729492, 14050
0.17583036422729492, 14049
0.17583036422729492, 14048
0.17583036422729492, 14047
0.17583036422729492, 14046
0.17583036422729492, 14045
0.17675352096557617, 14044
0.17675352096557617, 14043
0.17675352096557617, 14042
0.17675352096557617, 14041
0.17675352096557617, 14040
0.17675352096557617, 14039
0.17675352096557617, 14038
0.17675352096557617, 14037
0.17675352096557617, 14036
0.17675352096557617, 14035
0.17675352096557617, 14034
0.17675352096557617, 14033
0.17675352096557617, 14032
0.17675352096557617, 14031
0.17775201797485352, 14030
0.17775201797485352, 14029
0.17775201797485352, 14028
0.17775201797485352, 14027
0.17775201797485352, 14026
0.17775201797485352, 14025
0.17775201797485352, 14024
0.17775201797485352, 14023
0.17775201797485352, 14022
0.17775201797485352, 14021
0.17775201797485352, 14020
0.17775201797485352, 14019
0.17775201797485352, 14018
0.17775201797485352, 14017
0.17775201797485352, 14016
0.17775201797485352, 14015
0.17875194549560547, 14014
0.17875194549560547, 14013
0.17875194549560547, 14012
0.17875194549560547, 14011
0.17875194549560547, 14010
0.17875194549560547, 14009
0.17875194549560547, 14008
0.17875194549560547, 14007
0.17875194549560547, 14006
0.17875194549560547, 14005
0.17875194549560547, 14004
0.17875194549560547, 14003
0.17875194549560547, 14002
0.17875194549560547, 14001
0.17875194549560547, 14000
0.17975330352783203, 13999
0.17975330352783203, 13998
0.17975330352783203, 13997
0.17975330352783203, 13996
0.17975330352783203, 13995
0.17975330352783203, 13994
0.17975330352783203, 13993
0.17975330352783203, 13992
0.17975330352783203, 13991
0.17975330352783203, 13990
0.17975330352783203, 13989
0.17975330352783203, 13988
0.17975330352783203, 13987
0.17975330352783203, 13986
0.17975330352783203, 13985
0.18075227737426758, 13984
0.18075227737426758, 13983
0.18085265159606934, 13982
0.18085265159606934, 13981
0.18085265159606934, 13980
0.18085265159606934, 13979
0.18085265159606934, 13978
0.18085265159606934, 13977
0.18085265159606934, 13976
0.18085265159606934, 13975
0.18085265159606934, 13974
0.18085265159606934, 13973
0.18085265159606934, 13972
0.18085265159606934, 13971
0.18085265159606934, 13970
0.18175244331359863, 13969
0.18175244331359863, 13968
0.18175244331359863, 13967
0.18175244331359863, 13966
0.18175244331359863, 13965
0.18175244331359863, 13964
0.18175244331359863, 13963
0.18175244331359863, 13962
0.18175244331359863, 13961
0.18175244331359863, 13960
0.18175244331359863, 13959
0.18175244331359863, 13958
0.18175244331359863, 13957
0.18175244331359863, 13956
0.18175244331359863, 13955
0.18175244331359863, 13954
0.182753324508667, 13953
0.182753324508667, 13952
0.182753324508667, 13951
0.182753324508667, 13950
0.182753324508667, 13949
0.182753324508667, 13948
0.182753324508667, 13947
0.182753324508667, 13946
0.182753324508667, 13945
0.182753324508667, 13944
0.182753324508667, 13943
0.182753324508667, 13942
0.182753324508667, 13941
0.182753324508667, 13940
0.182753324508667, 13939
0.18375253677368164, 13938
0.18375253677368164, 13937
0.18375253677368164, 13936
0.18375253677368164, 13935
0.18375253677368164, 13934
0.18375253677368164, 13933
0.18375253677368164, 13932
0.18375253677368164, 13931
0.18375253677368164, 13930
0.18375253677368164, 13929
0.18375253677368164, 13928
0.18375253677368164, 13927
0.18375253677368164, 13926
0.18375253677368164, 13925
0.18375253677368164, 13924
0.1847524642944336, 13923
0.1847524642944336, 13922
0.1847524642944336, 13921
0.1847524642944336, 13920
0.1847524642944336, 13919
0.1847524642944336, 13918
0.1847524642944336, 13917
0.1847524642944336, 13916
0.1847524642944336, 13915
0.1847524642944336, 13914
0.1847524642944336, 13913
0.1847524642944336, 13912
0.1847524642944336, 13911
0.1847524642944336, 13910
0.1847524642944336, 13909
0.18575263023376465, 13908
0.18575263023376465, 13907
0.18575263023376465, 13906
0.18575263023376465, 13905
0.18575263023376465, 13904
0.18575263023376465, 13903
0.18575263023376465, 13902
0.18575263023376465, 13901
0.18575263023376465, 13900
0.18575263023376465, 13899
0.18575263023376465, 13898
0.18575263023376465, 13897
0.18575263023376465, 13896
0.18575263023376465, 13895
0.18575263023376465, 13894
0.1867523193359375, 13893
0.1867523193359375, 13892
0.1867523193359375, 13891
0.1867523193359375, 13890
0.1867523193359375, 13889
0.1867523193359375, 13888
0.1867523193359375, 13887
0.1867523193359375, 13886
0.1867523193359375, 13885
0.1867523193359375, 13884
0.1867523193359375, 13883
0.1867523193359375, 13882
0.1867523193359375, 13881
0.1867523193359375, 13880
0.1867523193359375, 13879
0.18775200843811035, 13878
0.18775200843811035, 13877
0.18775200843811035, 13876
0.18775200843811035, 13875
0.18775200843811035, 13874
0.18775200843811035, 13873
0.18775200843811035, 13872
0.18775200843811035, 13871
0.18775200843811035, 13870
0.18775200843811035, 13869
0.18775200843811035, 13868
0.18775200843811035, 13867
0.1885695457458496, 13866
0.1885695457458496, 13865
0.1885695457458496, 13864
0.1887524127960205, 13863
0.1887524127960205, 13862
0.1887524127960205, 13861
0.1887524127960205, 13860
0.1887524127960205, 13859
0.1887524127960205, 13858
0.1887524127960205, 13857
0.1887524127960205, 13856
0.1887524127960205, 13855
0.1887524127960205, 13854
0.1887524127960205, 13853
0.1887524127960205, 13852
0.1887524127960205, 13851
0.1887524127960205, 13850
0.1887524127960205, 13849
0.18975329399108887, 13848
0.18975329399108887, 13847
0.18975329399108887, 13846
0.18975329399108887, 13845
0.18975329399108887, 13844
0.18975329399108887, 13843
0.18975329399108887, 13842
0.18975329399108887, 13841
0.18975329399108887, 13840
0.18975329399108887, 13839
0.18975329399108887, 13838
0.18975329399108887, 13837
0.18975329399108887, 13836
0.18975329399108887, 13835
0.18975329399108887, 13834
0.1907515525817871, 13833
0.1907515525817871, 13832
0.1907515525817871, 13831
0.1907515525817871, 13830
0.1907515525817871, 13829
0.1907515525817871, 13828
0.1907515525817871, 13827
0.1907515525817871, 13826
0.1907515525817871, 13825
0.1907515525817871, 13824
0.1907515525817871, 13823
0.1907515525817871, 13822
0.1907515525817871, 13821
0.1907515525817871, 13820
0.1907515525817871, 13819
0.1907515525817871, 13818
0.191786527633667, 13817
0.191786527633667, 13816
0.191786527633667, 13815
0.191786527633667, 13814
0.191786527633667, 13813
0.191786527633667, 13812
0.191786527633667, 13811
0.191786527633667, 13810
0.191786527633667, 13809
0.191786527633667, 13808
0.36707258224487305, 13807
0.36707258224487305, 13806
0.36707258224487305, 13805
0.36707258224487305, 13804
0.36707258224487305, 13803
0.36707258224487305, 13802
0.36707258224487305, 13801
0.36707258224487305, 13800
0.36707258224487305, 13799
0.36707258224487305, 13798
0.36707258224487305, 13797
0.36707258224487305, 13796
0.3680000305175781, 13795
0.3680000305175781, 13794
0.3680000305175781, 13793
0.3680000305175781, 13792
0.3680000305175781, 13791
0.3680000305175781, 13790
0.3680000305175781, 13789
0.3680000305175781, 13788
0.3680000305175781, 13787
0.3680000305175781, 13786
0.3680000305175781, 13785
0.3680000305175781, 13784
0.3680000305175781, 13783
0.3680000305175781, 13782
0.3680000305175781, 13781
0.3690006732940674, 13780
0.3690006732940674, 13779
0.3690006732940674, 13778
0.3690006732940674, 13777
0.3690006732940674, 13776
0.3690006732940674, 13775
0.3690006732940674, 13774
0.3690006732940674, 13773
0.3690006732940674, 13772
0.3690006732940674, 13771
0.3690006732940674, 13770
0.3690006732940674, 13769
0.3690006732940674, 13768
0.3690006732940674, 13767
0.3690006732940674, 13766
0.3690006732940674, 13765
0.37000060081481934, 13764
0.37000060081481934, 13763
0.37000060081481934, 13762
0.37000060081481934, 13761
0.37000060081481934, 13760
0.37000060081481934, 13759
0.37000060081481934, 13758
0.37000060081481934, 13757
0.37000060081481934, 13756
0.37000060081481934, 13755
0.37000060081481934, 13754
0.37000060081481934, 13753
0.37000060081481934, 13752
0.37000060081481934, 13751
0.37000060081481934, 13750
0.37000060081481934, 13749
0.3710660934448242, 13748
0.3710660934448242, 13747
0.3710660934448242, 13746
0.3710660934448242, 13745
0.3710660934448242, 13744
0.3710660934448242, 13743
0.3710660934448242, 13742
0.3710660934448242, 13741
0.3710660934448242, 13740
0.3710660934448242, 13739
0.3710660934448242, 13738
0.3710660934448242, 13737
0.3710660934448242, 13736
0.3710660934448242, 13735
0.3720221519470215, 13734
0.3720221519470215, 13733
0.3720221519470215, 13732
0.3720221519470215, 13731
0.3720221519470215, 13730
0.3720221519470215, 13729
0.3720221519470215, 13728
0.3720221519470215, 13727
0.3720221519470215, 13726
0.3720221519470215, 13725
0.3720221519470215, 13724
0.3720221519470215, 13723
0.3720221519470215, 13722
0.3720221519470215, 13721
0.3720221519470215, 13720
1.6565463542938232, 13719
1.6565463542938232, 13718
1.6565463542938232, 13717
1.6565463542938232, 13716
1.657545804977417, 13715
1.657545804977417, 13714
1.657545804977417, 13713
1.657545804977417, 13712
1.657545804977417, 13711
1.657545804977417, 13710
1.657545804977417, 13709
1.657545804977417, 13708
1.657545804977417, 13707
1.657545804977417, 13706
1.657545804977417, 13705
1.657545804977417, 13704
1.657545804977417, 13703
1.657545804977417, 13702
1.657545804977417, 13701
1.6585450172424316, 13700
1.834953784942627, 13699
1.834953784942627, 13698
1.834953784942627, 13697
1.834953784942627, 13696
1.834953784942627, 13695
1.834953784942627, 13694
1.834953784942627, 13693
1.834953784942627, 13692
1.834953784942627, 13691
1.834953784942627, 13690
1.835953712463379, 13689
1.835953712463379, 13688
1.835953712463379, 13687
1.835953712463379, 13686
1.835953712463379, 13685
1.835953712463379, 13684
1.835953712463379, 13683
1.835953712463379, 13682
1.835953712463379, 13681
1.835953712463379, 13680
1.835953712463379, 13679
1.835953712463379, 13678
1.835953712463379, 13677
1.835953712463379, 13676
1.8369536399841309, 13675
1.8369536399841309, 13674
1.8369536399841309, 13673
1.8369536399841309, 13672
1.8369536399841309, 13671
1.8369536399841309, 13670
1.8369536399841309, 13669
1.8369536399841309, 13668
1.8369536399841309, 13667
1.8369536399841309, 13666
1.8369536399841309, 13665
1.8369536399841309, 13664
1.8369536399841309, 13663
1.8379554748535156, 13662
1.8379554748535156, 13661
1.8379554748535156, 13660
1.8379554748535156, 13659
1.8379554748535156, 13658
1.8379554748535156, 13657
1.8379554748535156, 13656
1.8379554748535156, 13655
1.8379554748535156, 13654
1.8379554748535156, 13653
1.8379554748535156, 13652
1.8379554748535156, 13651
1.8379554748535156, 13650
1.8379554748535156, 13649
1.8379554748535156, 13648
1.838953971862793, 13647
1.8390233516693115, 13646
1.8390233516693115, 13645
1.8390233516693115, 13644
1.8390233516693115, 13643
1.8390233516693115, 13642
1.8390233516693115, 13641
1.8390233516693115, 13640
1.8390233516693115, 13639
1.8390233516693115, 13638
1.8390233516693115, 13637
1.8390233516693115, 13636
1.8390233516693115, 13635
1.8390233516693115, 13634
1.839954137802124, 13633
1.839954137802124, 13632
1.839954137802124, 13631
1.839954137802124, 13630
1.839954137802124, 13629
1.839954137802124, 13628
1.839954137802124, 13627
1.839954137802124, 13626
2.0180468559265137, 13625
2.0180468559265137, 13624
2.0180468559265137, 13623
2.193835496902466, 13622
2.193835496902466, 13621
2.193835496902466, 13620
2.193835496902466, 13619
2.193835496902466, 13618
2.193835496902466, 13617
2.193835496902466, 13616
2.1948351860046387, 13615
2.1948351860046387, 13614
2.1948351860046387, 13613
2.1948351860046387, 13612
2.1948351860046387, 13611
2.1948351860046387, 13610
2.1948351860046387, 13609
2.1948351860046387, 13608
2.1948351860046387, 13607
2.1948351860046387, 13606
2.1948351860046387, 13605
2.1948351860046387, 13604
2.1948351860046387, 13603
2.1948351860046387, 13602
2.1948351860046387, 13601
2.1948351860046387, 13600
2.1958348751068115, 13599
2.1958348751068115, 13598
2.1958348751068115, 13597
2.1958348751068115, 13596
2.1958348751068115, 13595
2.1958348751068115, 13594
2.1958348751068115, 13593
2.1958348751068115, 13592
2.1958348751068115, 13591
2.1958348751068115, 13590
2.1958348751068115, 13589
2.1958348751068115, 13588
2.1958348751068115, 13587
2.1958348751068115, 13586
2.1958348751068115, 13585
2.1968348026275635, 13584
2.1968348026275635, 13583
2.1968348026275635, 13582
2.1968348026275635, 13581
2.1968348026275635, 13580
2.1968348026275635, 13579
2.1968348026275635, 13578
2.1968348026275635, 13577
2.1968348026275635, 13576
2.1968348026275635, 13575
2.1968348026275635, 13574
2.1968348026275635, 13573
2.1968348026275635, 13572
2.1968348026275635, 13571
2.1968348026275635, 13570
2.1978349685668945, 13569
2.1978349685668945, 13568
2.1978349685668945, 13567
2.1978349685668945, 13566
2.1978349685668945, 13565
2.1978349685668945, 13564
2.1978349685668945, 13563
2.1978349685668945, 13562
2.1978349685668945, 13561
2.1978349685668945, 13560
2.1978349685668945, 13559
2.1978349685668945, 13558
2.1978349685668945, 13557
2.1978349685668945, 13556
2.1978349685668945, 13555
2.1988348960876465, 13554
2.1988348960876465, 13553
2.1988348960876465, 13552
2.1990115642547607, 13551
2.1990115642547607, 13550
2.1990115642547607, 13549
2.1990115642547607, 13548
2.1990115642547607, 13547
2.1990115642547607, 13546
2.1990115642547607, 13545
2.1990115642547607, 13544
2.1990115642547607, 13543
2.1990115642547607, 13542
2.1990115642547607, 13541
2.1990115642547607, 13540
2.1998348236083984, 13539
2.1998348236083984, 13538
2.1998348236083984, 13537
2.1998348236083984, 13536
2.1998348236083984, 13535
2.1998348236083984, 13534
2.1998348236083984, 13533
2.1998348236083984, 13532
2.1998348236083984, 13531
2.1998348236083984, 13530
2.1998348236083984, 13529
2.1998348236083984, 13528
2.1998348236083984, 13527
2.1998348236083984, 13526
2.1998348236083984, 13525
2.200835704803467, 13524
2.200835704803467, 13523
2.200835704803467, 13522
2.200835704803467, 13521
2.200835704803467, 13520
2.200835704803467, 13519
2.200835704803467, 13518
2.200835704803467, 13517
2.200835704803467, 13516
2.200835704803467, 13515
2.200835704803467, 13514
2.200835704803467, 13513
2.200835704803467, 13512
2.200835704803467, 13511
2.200835704803467, 13510
2.201836347579956, 13509
2.201836347579956, 13508
2.201836347579956, 13507
2.201836347579956, 13506
2.201836347579956, 13505
2.201836347579956, 13504
2.201836347579956, 13503
2.201836347579956, 13502
2.201836347579956, 13501
2.201836347579956, 13500
2.201836347579956, 13499
2.201836347579956, 13498
2.201836347579956, 13497
2.201836347579956, 13496
2.201836347579956, 13495
2.202836275100708, 13494
2.202836275100708, 13493
2.202836275100708, 13492
2.202836275100708, 13491
2.202836275100708, 13490
2.202836275100708, 13489
2.202836275100708, 13488
2.202836275100708, 13487
2.202836275100708, 13486
2.202836275100708, 13485
2.202836275100708, 13484
2.202836275100708, 13483
2.202836275100708, 13482
2.89616060256958, 13136
2.89616060256958, 13135
2.89616060256958, 13134
2.89616060256958, 13133
2.89616060256958, 13132
2.89616060256958, 13131
2.89616060256958, 13130
2.89616060256958, 13129
2.89616060256958, 13128
2.89616060256958, 13127
2.89616060256958, 13126
2.89616060256958, 13125
2.89616060256958, 13124
2.89616060256958, 13123
2.89616060256958, 13122
2.897160530090332, 13121
2.897160530090332, 13120
2.897160530090332, 13119
2.897160530090332, 13118
2.897160530090332, 13117
2.897160530090332, 13116
2.897160530090332, 13115
2.897160530090332, 13114
2.897160530090332, 13113
2.897160530090332, 13112
2.897160530090332, 13111
2.897160530090332, 13110
2.897160530090332, 13109
2.898160934448242, 13108
2.898160934448242, 13107
2.898160934448242, 13106
2.898160934448242, 13105
2.898160934448242, 13104
2.898160934448242, 13103
2.898160934448242, 13102
2.898160934448242, 13101
2.898160934448242, 13100
2.898160934448242, 13099
2.898160934448242, 13098
2.898160934448242, 13097
2.898160934448242, 13096
2.898160934448242, 13095
2.899160861968994, 13094
2.899160861968994, 13093
2.899160861968994, 13092
2.899160861968994, 13091
2.899160861968994, 13090
2.899160861968994, 13089
2.899160861968994, 13088
2.899160861968994, 13087
2.899160861968994, 13086
2.899160861968994, 13085
2.899160861968994, 13084
2.899160861968994, 13083
2.899160861968994, 13082
2.899160861968994, 13081
2.899160861968994, 13080
2.900160551071167, 13079
2.900160551071167, 13078
2.900160551071167, 13077
2.900160551071167, 13076
2.900160551071167, 13075
2.900160551071167, 13074
2.900160551071167, 13073
2.900160551071167, 13072
2.900160551071167, 13071
2.900160551071167, 13070
2.900160551071167, 13069
2.900160551071167, 13068
2.900160551071167, 13067
2.900160551071167, 13066
2.901160478591919, 13065
2.901160478591919, 13064
2.901160478591919, 13063
2.901160478591919, 13062
2.901160478591919, 13061
2.901160478591919, 13060
2.901160478591919, 13059
2.901160478591919, 13058
2.901160478591919, 13057
2.901160478591919, 13056
2.901160478591919, 13055
2.901160478591919, 13054
2.901160478591919, 13053
2.901160478591919, 13052
2.901160478591919, 13051
2.902160406112671, 13050
