0.18946623802185059, 14094
0.18946623802185059, 14093
0.18946623802185059, 14092
0.18946623802185059, 14091
0.18946623802185059, 14090
0.18946623802185059, 14089
0.18946623802185059, 14088
0.18946623802185059, 14087
0.19046711921691895, 14086
0.19046711921691895, 14085
0.19046711921691895, 14084
0.19046711921691895, 14083
0.19046711921691895, 14082
0.19046711921691895, 14081
0.19046711921691895, 14080
0.19046711921691895, 14079
0.19046711921691895, 14078
0.19046711921691895, 14077
0.19046711921691895, 14076
0.19046711921691895, 14075
0.19046711921691895, 14074
0.19046711921691895, 14073
0.19046711921691895, 14072
0.19146728515625, 14071
0.19146728515625, 14070
0.19146728515625, 14069
0.19146728515625, 14068
0.19146728515625, 14067
0.19146728515625, 14066
0.19146728515625, 14065
0.19146728515625, 14064
0.19146728515625, 14063
0.19199228286743164, 14062
0.19199228286743164, 14061
0.19199228286743164, 14060
0.19199228286743164, 14059
0.19199228286743164, 14058
0.19199228286743164, 14057
0.19199228286743164, 14056
0.19199228286743164, 14055
0.19199228286743164, 14054
0.19199228286743164, 14053
0.19199228286743164, 14052
0.19199228286743164, 14051
0.19199228286743164, 14050
0.19199228286743164, 14049
0.19199228286743164, 14048
0.19299983978271484, 14047
0.19299983978271484, 14046
0.19299983978271484, 14045
0.19299983978271484, 14044
0.19299983978271484, 14043
0.19299983978271484, 14042
0.19299983978271484, 14041
0.19299983978271484, 14040
0.193526029586792, 14039
0.193526029586792, 14038
0.193526029586792, 14037
0.193526029586792, 14036
0.193526029586792, 14035
0.193526029586792, 14034
0.1939997673034668, 14033
0.1939997673034668, 14032
0.1939997673034668, 14031
0.1939997673034668, 14030
0.1939997673034668, 14029
0.1939997673034668, 14028
0.1939997673034668, 14027
0.1939997673034668, 14026
0.1939997673034668, 14025
0.1939997673034668, 14024
0.1939997673034668, 14023
0.1939997673034668, 14022
0.1939997673034668, 14021
0.1939997673034668, 14020
0.1939997673034668, 14019
0.19499945640563965, 14018
0.19499945640563965, 14017
0.19499945640563965, 14016
0.19499945640563965, 14015
0.19499945640563965, 14014
0.19499945640563965, 14013
0.19499945640563965, 14012
0.19499945640563965, 14011
0.19499945640563965, 14010
0.19499945640563965, 14009
0.19499945640563965, 14008
0.19499945640563965, 14007
0.19499945640563965, 14006
0.19499945640563965, 14005
0.1960010528564453, 14004
0.1960010528564453, 14003
0.1960010528564453, 14002
0.1960010528564453, 14001
0.1960010528564453, 14000
0.1960010528564453, 13999
0.1960010528564453, 13998
0.1960010528564453, 13997
0.1960010528564453, 13996
0.1960010528564453, 13995
0.1960010528564453, 13994
0.1960010528564453, 13993
0.1960010528564453, 13992
0.1960010528564453, 13991
0.1960010528564453, 13990
0.19700026512145996, 13989
0.19700026512145996, 13988
0.19700026512145996, 13987
0.19700026512145996, 13986
0.19700026512145996, 13985
0.19700026512145996, 13984
0.19700026512145996, 13983
0.19700026512145996, 13982
0.19700026512145996, 13981
0.19700026512145996, 13980
0.19700026512145996, 13979
0.19700026512145996, 13978
0.19700026512145996, 13977
0.19700026512145996, 13976
0.19700026512145996, 13975
0.1979999542236328, 13974
0.1979999542236328, 13973
0.1979999542236328, 13972
0.1979999542236328, 13971
0.1979999542236328, 13970
0.1979999542236328, 13969
0.1979999542236328, 13968
0.1979999542236328, 13967
0.1979999542236328, 13966
0.1979999542236328, 13965
0.1979999542236328, 13964
0.1979999542236328, 13963
0.1979999542236328, 13962
0.1979999542236328, 13961
0.1979999542236328, 13960
0.19899964332580566, 13959
0.19899964332580566, 13958
0.19899964332580566, 13957
0.19899964332580566, 13956
0.19899964332580566, 13955
0.19899964332580566, 13954
0.19899964332580566, 13953
0.19899964332580566, 13952
0.19899964332580566, 13951
0.19899964332580566, 13950
0.19899964332580566, 13949
0.19899964332580566, 13948
0.19899964332580566, 13947
0.19899964332580566, 13946
0.19899964332580566, 13945
0.20000052452087402, 13944
0.20000052452087402, 13943
0.20000052452087402, 13942
0.20000052452087402, 13941
0.20000052452087402, 13940
0.20000052452087402, 13939
0.20000052452087402, 13938
0.20000052452087402, 13937
0.20000052452087402, 13936
0.20000052452087402, 13935
0.20000052452087402, 13934
0.20000052452087402, 13933
0.20000052452087402, 13932
0.20000052452087402, 13931
0.20000052452087402, 13930
0.20100021362304688, 13929
0.20100021362304688, 13928
0.20100021362304688, 13927
0.20100021362304688, 13926
0.20100021362304688, 13925
0.20100021362304688, 13924
0.20100021362304688, 13923
0.20100021362304688, 13922
0.20100021362304688, 13921
0.20100021362304688, 13920
0.20100021362304688, 13919
0.20100021362304688, 13918
0.20100021362304688, 13917
0.20100021362304688, 13916
0.20100021362304688, 13915
0.20100021362304688, 13914
0.20200037956237793, 13913
0.20200037956237793, 13912
0.20200037956237793, 13911
0.20200037956237793, 13910
0.20200037956237793, 13909
0.20200037956237793, 13908
0.20200037956237793, 13907
0.20200037956237793, 13906
0.20200037956237793, 13905
0.20200037956237793, 13904
0.20200037956237793, 13903
0.20200037956237793, 13902
0.20200037956237793, 13901
0.20200037956237793, 13900
0.20200037956237793, 13899
0.2030012607574463, 13898
0.2030012607574463, 13897
0.2030012607574463, 13896
0.2030012607574463, 13895
0.2030012607574463, 13894
0.2030012607574463, 13893
0.2030012607574463, 13892
0.2030012607574463, 13891
0.2030012607574463, 13890
0.2030012607574463, 13889
0.2030012607574463, 13888
0.2030012607574463, 13887
0.2030012607574463, 13886
0.2030012607574463, 13885
0.2030012607574463, 13884
0.20399999618530273, 13883
0.20399999618530273, 13882
0.20399999618530273, 13881
0.20399999618530273, 13880
0.20399999618530273, 13879
0.20399999618530273, 13878
0.20399999618530273, 13877
0.20399999618530273, 13876
0.20399999618530273, 13875
0.20399999618530273, 13874
0.20399999618530273, 13873
0.20399999618530273, 13872
0.20399999618530273, 13871
0.20399999618530273, 13870
0.20399999618530273, 13869
0.2050168514251709, 13868
0.2050168514251709, 13867
0.2050168514251709, 13866
0.2050168514251709, 13865
0.2050168514251709, 13864
0.2050168514251709, 13863
0.2050168514251709, 13862
0.2050168514251709, 13861
0.2050168514251709, 13860
0.2050168514251709, 13859
0.2050168514251709, 13858
0.2050168514251709, 13857
0.2050168514251709, 13856
0.2050168514251709, 13855
0.2050168514251709, 13854
0.2060084342956543, 13853
0.2060084342956543, 13852
0.2060084342956543, 13851
0.2060084342956543, 13850
0.2060084342956543, 13849
0.2060084342956543, 13848
0.2060084342956543, 13847
0.2060084342956543, 13846
0.2060084342956543, 13845
0.2060084342956543, 13844
0.2060084342956543, 13843
0.2060084342956543, 13842
0.2060084342956543, 13841
0.2060084342956543, 13840
0.2060084342956543, 13839
0.2070150375366211, 13838
0.2070150375366211, 13837
0.2070150375366211, 13836
0.2070150375366211, 13835
0.2070150375366211, 13834
0.2070150375366211, 13833
0.2070150375366211, 13832
0.20749878883361816, 13831
0.20749878883361816, 13830
0.20749878883361816, 13829
0.20749878883361816, 13828
0.20749878883361816, 13827
0.20749878883361816, 13826
0.20749878883361816, 13825
0.20749878883361816, 13824
0.20799994468688965, 13823
0.20799994468688965, 13822
0.20799994468688965, 13821
0.20799994468688965, 13820
0.20799994468688965, 13819
0.20799994468688965, 13818
0.20799994468688965, 13817
0.20799994468688965, 13816
0.20799994468688965, 13815
0.20799994468688965, 13814
0.20799994468688965, 13813
0.20799994468688965, 13812
0.20799994468688965, 13811
0.20799994468688965, 13810
0.20799994468688965, 13809
0.38604259490966797, 13808
0.38604259490966797, 13807
0.3870432376861572, 13806
0.3870432376861572, 13805
0.3870432376861572, 13804
0.3870432376861572, 13803
0.3870432376861572, 13802
0.3870432376861572, 13801
0.3870432376861572, 13800
0.3870432376861572, 13799
0.3870432376861572, 13798
0.3870432376861572, 13797
0.3870432376861572, 13796
0.3870432376861572, 13795
0.3870432376861572, 13794
0.3870432376861572, 13793
0.3870432376861572, 13792
0.3870432376861572, 13791
0.3880424499511719, 13790
0.3880424499511719, 13789
0.3880424499511719, 13788
0.3880424499511719, 13787
0.3880424499511719, 13786
0.3880424499511719, 13785
0.3880424499511719, 13784
0.3880424499511719, 13783
0.3880424499511719, 13782
0.3880424499511719, 13781
0.3880424499511719, 13780
0.3880424499511719, 13779
0.3880424499511719, 13778
0.3880424499511719, 13777
0.3880424499511719, 13776
0.3880424499511719, 13775
0.38904237747192383, 13774
0.38904237747192383, 13773
0.38904237747192383, 13772
0.38904237747192383, 13771
0.38904237747192383, 13770
0.38904237747192383, 13769
0.38904237747192383, 13768
0.38904237747192383, 13767
0.38904237747192383, 13766
0.38904237747192383, 13765
0.38904237747192383, 13764
0.38904237747192383, 13763
0.38904237747192383, 13762
0.38904237747192383, 13761
0.38904237747192383, 13760
0.3900430202484131, 13759
0.3900430202484131, 13758
0.3900430202484131, 13757
0.3900430202484131, 13756
0.3900430202484131, 13755
0.3900430202484131, 13754
0.3900430202484131, 13753
0.3900430202484131, 13752
0.3900430202484131, 13751
0.3900430202484131, 13750
0.3900430202484131, 13749
0.3900430202484131, 13748
0.3900430202484131, 13747
0.3900430202484131, 13746
0.3900430202484131, 13745
0.3900430202484131, 13744
0.39104247093200684, 13743
0.391143798828125, 13742
0.391143798828125, 13741
0.391143798828125, 13740
0.391143798828125, 13739
0.391143798828125, 13738
0.391143798828125, 13737
0.391143798828125, 13736
0.391143798828125, 13735
0.3916482925415039, 13734
0.3916482925415039, 13733
0.3916482925415039, 13732
0.3916482925415039, 13731
0.3916482925415039, 13730
0.3916482925415039, 13729
0.3916482925415039, 13728
0.3916482925415039, 13727
0.3916482925415039, 13726
0.3916482925415039, 13725
0.3916482925415039, 13724
0.3916482925415039, 13723
0.3916482925415039, 13722
0.3916482925415039, 13721
0.3916482925415039, 13720
0.3916482925415039, 13719
0.3926541805267334, 13718
0.3926541805267334, 13717
0.3926541805267334, 13716
0.3926541805267334, 13715
0.3926541805267334, 13714
0.3926541805267334, 13713
0.3926541805267334, 13712
0.3926541805267334, 13711
0.3926541805267334, 13710
0.3926541805267334, 13709
0.3926541805267334, 13708
0.3926541805267334, 13707
0.3926541805267334, 13706
0.3926541805267334, 13705
0.3926541805267334, 13704
0.39365434646606445, 13703
0.39365434646606445, 13702
0.39365434646606445, 13701
0.39365434646606445, 13700
0.39365434646606445, 13699
0.39365434646606445, 13698
0.39365434646606445, 13697
0.39365434646606445, 13696
0.39365434646606445, 13695
0.39365434646606445, 13694
0.39365434646606445, 13693
0.39365434646606445, 13692
0.39365434646606445, 13691
0.39365434646606445, 13690
0.39365434646606445, 13689
0.3946537971496582, 13688
0.3946537971496582, 13687
0.3946537971496582, 13686
0.3946537971496582, 13685
0.3946537971496582, 13684
0.3946537971496582, 13683
0.3946537971496582, 13682
4.301037311553955, 13681
4.301037311553955, 13680
4.301037311553955, 13679
4.301037311553955, 13678
4.302037477493286, 13677
4.302037477493286, 13676
4.302037477493286, 13675
4.302037477493286, 13674
4.302037477493286, 13673
4.302037477493286, 13672
4.302037477493286, 13671
4.302037477493286, 13670
4.302037477493286, 13669
4.302037477493286, 13668
4.302037477493286, 13667
4.302037477493286, 13666
4.302037477493286, 13665
4.302037477493286, 13664
4.303037166595459, 13663
4.303037166595459, 13662
4.303037166595459, 13661
4.303037166595459, 13660
4.303037166595459, 13659
4.303037166595459, 13658
4.303037166595459, 13657
4.303037166595459, 13656
4.303037166595459, 13655
4.303037166595459, 13654
4.303037166595459, 13653
4.303037166595459, 13652
4.303037166595459, 13651
4.303037166595459, 13650
4.303037166595459, 13649
4.30403733253479, 13648
4.30403733253479, 13647
4.30403733253479, 13646
4.30403733253479, 13645
4.30403733253479, 13644
4.30403733253479, 13643
4.30403733253479, 13642
4.30403733253479, 13641
4.30403733253479, 13640
4.30403733253479, 13639
4.30403733253479, 13638
4.30403733253479, 13637
4.30403733253479, 13636
4.30403733253479, 13635
4.305037021636963, 13634
4.305037021636963, 13633
4.305037021636963, 13632
4.305037021636963, 13631
4.305037021636963, 13630
4.305037021636963, 13629
4.305037021636963, 13628
4.305037021636963, 13627
4.305037021636963, 13626
4.305037021636963, 13625
4.305037021636963, 13624
4.305037021636963, 13623
4.305037021636963, 13622
4.305037021636963, 13621
4.305037021636963, 13620
4.306036949157715, 13619
4.306036949157715, 13618
4.306036949157715, 13617
4.306036949157715, 13616
4.306036949157715, 13615
4.306036949157715, 13614
4.306446552276611, 13613
4.306446552276611, 13612
4.306446552276611, 13611
4.306446552276611, 13610
4.306446552276611, 13609
4.306446552276611, 13608
4.306446552276611, 13607
4.306446552276611, 13606
4.306446552276611, 13605
5.348963499069214, 13604
5.348963499069214, 13603
5.348963499069214, 13602
5.348963499069214, 13601
5.348963499069214, 13600
5.3499696254730225, 13599
5.3499696254730225, 13598
5.3499696254730225, 13597
5.3499696254730225, 13596
5.3499696254730225, 13595
5.3499696254730225, 13594
5.3499696254730225, 13593
5.3499696254730225, 13592
5.3499696254730225, 13591
5.3499696254730225, 13590
5.3499696254730225, 13589
5.3499696254730225, 13588
5.3499696254730225, 13587
5.3499696254730225, 13586
5.350963830947876, 13585
5.350963830947876, 13584
5.350963830947876, 13583
5.350963830947876, 13582
5.350963830947876, 13581
5.350963830947876, 13580
5.350963830947876, 13579
5.350963830947876, 13578
5.350963830947876, 13577
5.350963830947876, 13576
5.350963830947876, 13575
5.350963830947876, 13574
5.350963830947876, 13573
5.350963830947876, 13572
5.350963830947876, 13571
5.351963520050049, 13570
5.351963520050049, 13569
5.351963520050049, 13568
5.351963520050049, 13567
5.351963520050049, 13566
5.351963520050049, 13565
5.351963520050049, 13564
5.351963520050049, 13563
5.351963520050049, 13562
5.351963520050049, 13561
5.351963520050049, 13560
5.351963520050049, 13559
5.351963520050049, 13558
5.351963520050049, 13557
5.351963520050049, 13556
5.352989912033081, 13555
5.352989912033081, 13554
5.352989912033081, 13553
5.352989912033081, 13552
5.352989912033081, 13551
5.352989912033081, 13550
5.352989912033081, 13549
5.352989912033081, 13548
5.352989912033081, 13547
5.352989912033081, 13546
5.352989912033081, 13545
5.352989912033081, 13544
5.352989912033081, 13543
5.352989912033081, 13542
5.352989912033081, 13541
5.353989124298096, 13540
5.353989124298096, 13539
5.353989124298096, 13538
5.353989124298096, 13537
5.353989124298096, 13536
5.353989124298096, 13535
5.353989124298096, 13534
5.353989124298096, 13533
5.353989124298096, 13532
5.353989124298096, 13531
5.354991674423218, 13530
5.354991674423218, 13529
5.354991674423218, 13528
5.354991674423218, 13527
5.354991674423218, 13526
5.354991674423218, 13525
5.354991674423218, 13524
5.354991674423218, 13523
5.354991674423218, 13522
5.354991674423218, 13521
5.354991674423218, 13520
5.354991674423218, 13519
5.354991674423218, 13518
5.354991674423218, 13517
5.355990648269653, 13516
5.355990648269653, 13515
5.355990648269653, 13514
5.355990648269653, 13513
5.355990648269653, 13512
5.355990648269653, 13511
5.355990648269653, 13510
5.355990648269653, 13509
5.355990648269653, 13508
5.355990648269653, 13507
5.355990648269653, 13506
5.355990648269653, 13505
5.355990648269653, 13504
5.355990648269653, 13503
5.356990337371826, 13502
5.356990337371826, 13501
5.356990337371826, 13500
5.356990337371826, 13499
5.356990337371826, 13498
5.356990337371826, 13497
5.356990337371826, 13496
5.356990337371826, 13495
5.356990337371826, 13494
5.356990337371826, 13493
5.356990337371826, 13492
5.356990337371826, 13491
5.356990337371826, 13490
5.356990337371826, 13489
5.356990337371826, 13488
5.357990026473999, 13487
5.357990026473999, 13486
5.357990026473999, 13485
5.357990026473999, 13484
5.357990026473999, 13483
5.357990026473999, 13482
5.357990026473999, 13481
5.357990026473999, 13480
5.357990026473999, 13479
5.357990026473999, 13478
5.357990026473999, 13477
5.357990026473999, 13476
5.357990026473999, 13475
5.357990026473999, 13474
5.358989715576172, 13473
5.358989715576172, 13472
5.358989715576172, 13471
5.358989715576172, 13470
5.358989715576172, 13469
5.358989715576172, 13468
5.358989715576172, 13467
5.358989715576172, 13466
5.358989715576172, 13465
5.358989715576172, 13464
5.358989715576172, 13463
5.358989715576172, 13462
5.358989715576172, 13461
5.358989715576172, 13460
5.358989715576172, 13459
5.35994291305542, 13458
5.35994291305542, 13457
5.35994291305542, 13456
5.35994291305542, 13455
5.35994291305542, 13454
5.35994291305542, 13453
5.35994291305542, 13452
5.35994291305542, 13451
5.35994291305542, 13450
5.35994291305542, 13449
5.35994291305542, 13448
5.35994291305542, 13447
5.35994291305542, 13446
5.35994291305542, 13445
5.35994291305542, 13444
5.360989809036255, 13443
5.360989809036255, 13442
5.360989809036255, 13441
5.360989809036255, 13440
5.360989809036255, 13439
5.360989809036255, 13438
5.360989809036255, 13437
5.360989809036255, 13436
5.360989809036255, 13435
5.360989809036255, 13434
5.360989809036255, 13433
5.360989809036255, 13432
5.360989809036255, 13431
5.360989809036255, 13430
5.360989809036255, 13429
5.361990213394165, 13428
5.361990213394165, 13427
5.361990213394165, 13426
5.361990213394165, 13425
5.361990213394165, 13424
5.361990213394165, 13423
5.361990213394165, 13422
5.361990213394165, 13421
5.361990213394165, 13420
5.361990213394165, 13419
5.361990213394165, 13418
5.361990213394165, 13417
5.361990213394165, 13416
5.361990213394165, 13415
5.361990213394165, 13414
5.36302638053894, 13413
5.36302638053894, 13412
5.36302638053894, 13411
5.36302638053894, 13410
5.36302638053894, 13409
5.36302638053894, 13408
5.36302638053894, 13407
5.36302638053894, 13406
5.36302638053894, 13405
5.36302638053894, 13404
5.36302638053894, 13403
5.36302638053894, 13402
5.36302638053894, 13401
5.36302638053894, 13400
5.36302638053894, 13399
5.3640265464782715, 13398
5.3640265464782715, 13397
5.3640265464782715, 13396
5.3640265464782715, 13395
5.3640265464782715, 13394
5.3640265464782715, 13393
5.3640265464782715, 13392
5.3640265464782715, 13391
5.3640265464782715, 13390
5.3640265464782715, 13389
5.3640265464782715, 13388
5.3640265464782715, 13387
5.3640265464782715, 13386
5.3640265464782715, 13385
5.3640265464782715, 13384
5.3650267124176025, 13383
5.3650267124176025, 13382
5.3650267124176025, 13381
5.3650267124176025, 13380
5.3650267124176025, 13379
5.3650267124176025, 13378
5.3650267124176025, 13377
5.3650267124176025, 13376
5.3650267124176025, 13375
5.3650267124176025, 13374
5.3650267124176025, 13373
5.3650267124176025, 13372
5.3650267124176025, 13371
5.3650267124176025, 13370
5.366026401519775, 13369
5.366026401519775, 13368
5.366026401519775, 13367
5.366225481033325, 13366
5.366225481033325, 13365
5.366225481033325, 13364
5.366225481033325, 13363
5.366225481033325, 13362
5.366225481033325, 13361
5.366225481033325, 13360
5.366225481033325, 13359
5.366225481033325, 13358
5.366225481033325, 13357
5.366225481033325, 13356
5.366225481033325, 13355
5.3670268058776855, 13354
5.3670268058776855, 13353
5.3670268058776855, 13352
5.3670268058776855, 13351
5.3670268058776855, 13350
5.3670268058776855, 13349
5.3670268058776855, 13348
5.3670268058776855, 13347
5.3670268058776855, 13346
5.3670268058776855, 13345
5.3670268058776855, 13344
5.3670268058776855, 13343
5.3670268058776855, 13342
5.3670268058776855, 13341
5.368026494979858, 13340
5.368026494979858, 13339
5.368026494979858, 13338
5.368026494979858, 13337
5.368026494979858, 13336
5.368026494979858, 13335
5.368026494979858, 13334
5.368026494979858, 13333
5.368026494979858, 13332
5.368026494979858, 13331
5.368026494979858, 13330
5.368026494979858, 13329
5.368026494979858, 13328
5.368026494979858, 13327
5.368026494979858, 13326
5.36902642250061, 13325
5.36902642250061, 13324
5.36902642250061, 13323
5.36902642250061, 13322
5.36902642250061, 13321
5.36902642250061, 13320
5.36902642250061, 13319
5.36902642250061, 13318
5.36902642250061, 13317
5.36902642250061, 13316
5.36902642250061, 13315
5.36902642250061, 13314
5.36902642250061, 13313
5.36902642250061, 13312
5.370033502578735, 13311
5.370033502578735, 13310
5.370033502578735, 13309
5.370033502578735, 13308
5.370033502578735, 13307
5.370033502578735, 13306
5.370033502578735, 13305
5.370033502578735, 13304
5.370033502578735, 13303
5.370033502578735, 13302
5.370033502578735, 13301
5.370033502578735, 13300
5.370033502578735, 13299
5.371026515960693, 13298
5.371026515960693, 13297
5.371026515960693, 13296
5.371026515960693, 13295
5.371026515960693, 13294
5.371026515960693, 13293
5.371026515960693, 13292
5.371026515960693, 13291
5.371026515960693, 13290
5.371026515960693, 13289
5.371026515960693, 13288
5.371026515960693, 13287
5.371026515960693, 13286
5.371026515960693, 13285
5.371026515960693, 13284
5.3720269203186035, 13283
5.3720269203186035, 13282
5.3720269203186035, 13281
5.3720269203186035, 13280
5.3720269203186035, 13279
5.3720269203186035, 13278
5.3720269203186035, 13277
5.3720269203186035, 13276
5.3720269203186035, 13275
5.3720269203186035, 13274
5.3720269203186035, 13273
5.3720269203186035, 13272
5.3720269203186035, 13271
5.3720269203186035, 13270
5.373027563095093, 13269
5.373027563095093, 13268
5.373027563095093, 13267
5.373027563095093, 13266
5.373027563095093, 13265
5.373027563095093, 13264
5.373027563095093, 13263
5.373027563095093, 13262
5.373027563095093, 13261
5.373027563095093, 13260
5.373027563095093, 13259
5.373027563095093, 13258
5.373027563095093, 13257
5.373027563095093, 13256
5.374027252197266, 13255
5.374027252197266, 13254
5.374027252197266, 13253
5.374027252197266, 13252
5.374027252197266, 13251
5.374027252197266, 13250
5.374027252197266, 13249
5.374027252197266, 13248
5.374027252197266, 13247
5.374027252197266, 13246
5.374027252197266, 13245
5.374027252197266, 13244
5.374027252197266, 13243
5.374027252197266, 13242
5.374027252197266, 13241
5.375026702880859, 13240
5.375026702880859, 13239
5.375026702880859, 13238
5.375026702880859, 13237
5.375026702880859, 13236
5.375026702880859, 13235
5.375026702880859, 13234
5.375026702880859, 13233
5.375026702880859, 13232
5.375026702880859, 13231
5.375026702880859, 13230
5.375026702880859, 13229
5.375026702880859, 13228
5.375026702880859, 13227
5.375026702880859, 13226
5.376026630401611, 13225
5.376026630401611, 13224
5.376026630401611, 13223
5.376026630401611, 13222
5.376026630401611, 13221
5.376026630401611, 13220
5.376026630401611, 13219
5.376026630401611, 13218
5.376026630401611, 13217
5.376026630401611, 13216
5.376026630401611, 13215
5.376026630401611, 13214
5.376026630401611, 13213
5.376026630401611, 13212
5.377027273178101, 13211
5.377027273178101, 13210
5.377027273178101, 13209
5.377027273178101, 13208
5.377027273178101, 13207
5.377027273178101, 13206
5.377027273178101, 13205
5.377027273178101, 13204
5.377027273178101, 13203
5.377027273178101, 13202
5.377027273178101, 13201
5.377027273178101, 13200
5.377027273178101, 13199
5.377027273178101, 13198
5.377027273178101, 13197
5.378027439117432, 13196
5.378027439117432, 13195
5.378027439117432, 13194
5.378027439117432, 13193
5.378027439117432, 13192
5.378027439117432, 13191
5.378027439117432, 13190
5.378027439117432, 13189
5.378027439117432, 13188
5.378027439117432, 13187
5.378027439117432, 13186
5.378027439117432, 13185
5.378027439117432, 13184
5.378027439117432, 13183
5.379026651382446, 13182
5.379026651382446, 13181
5.379026651382446, 13180
5.379026651382446, 13179
5.379026651382446, 13178
5.379026651382446, 13177
5.379026651382446, 13176
5.379026651382446, 13175
5.379026651382446, 13174
5.379026651382446, 13173
5.379026651382446, 13172
5.379026651382446, 13171
5.379026651382446, 13170
5.379026651382446, 13169
5.379026651382446, 13168
5.380026340484619, 13167
5.380026340484619, 13166
5.380026340484619, 13165
5.380026340484619, 13164
5.380026340484619, 13163
5.380026340484619, 13162
5.380026340484619, 13161
5.380026340484619, 13160
5.380026340484619, 13159
5.380026340484619, 13158
5.380026340484619, 13157
5.380026340484619, 13156
5.380026340484619, 13155
5.380026340484619, 13154
5.380026340484619, 13153
5.381026268005371, 13152
5.381026268005371, 13151
5.381026268005371, 13150
5.381026268005371, 13149
5.381026268005371, 13148
5.381026268005371, 13147
5.381026268005371, 13146
5.381026268005371, 13145
5.381026268005371, 13144
5.381026268005371, 13143
5.381026268005371, 13142
5.381026268005371, 13141
5.381026268005371, 13140
5.381026268005371, 13139
5.382030963897705, 13138
5.382030963897705, 13137
5.382030963897705, 13136
5.382030963897705, 13135
5.382030963897705, 13134
5.382030963897705, 13133
5.382030963897705, 13132
5.382030963897705, 13131
5.382030963897705, 13130
5.382030963897705, 13129
5.382030963897705, 13128
5.382030963897705, 13127
5.382030963897705, 13126
5.382030963897705, 13125
5.382030963897705, 13124
5.383039951324463, 13123
5.383039951324463, 13122
5.383039951324463, 13121
5.383039951324463, 13120
5.383039951324463, 13119
5.383039951324463, 13118
5.383039951324463, 13117
5.383039951324463, 13116
5.383039951324463, 13115
5.383039951324463, 13114
5.383039951324463, 13113
5.383039951324463, 13112
5.383039951324463, 13111
5.383039951324463, 13110
5.383039951324463, 13109
5.384039402008057, 13108
5.384039402008057, 13107
5.384039402008057, 13106
5.384039402008057, 13105
5.384039402008057, 13104
5.384039402008057, 13103
5.384039402008057, 13102
5.384039402008057, 13101
5.384039402008057, 13100
5.384039402008057, 13099
5.384039402008057, 13098
5.384039402008057, 13097
5.384039402008057, 13096
5.384039402008057, 13095
5.385039567947388, 13094
5.385039567947388, 13093
5.385039567947388, 13092
5.385039567947388, 13091
5.385039567947388, 13090
5.385039567947388, 13089
5.385039567947388, 13088
5.385039567947388, 13087
5.385039567947388, 13086
5.385039567947388, 13085
5.385039567947388, 13084
5.385039567947388, 13083
5.385039567947388, 13082
5.385039567947388, 13081
5.386040210723877, 13080
5.386040210723877, 13079
5.386040210723877, 13078
5.386040210723877, 13077
5.386040210723877, 13076
5.386040210723877, 13075
