0.17371273040771484, 14055
0.17371273040771484, 14054
0.1739027500152588, 14053
0.1739027500152588, 14052
0.1739027500152588, 14051
0.1739027500152588, 14050
0.1739027500152588, 14049
0.1739027500152588, 14048
0.1739027500152588, 14047
0.1739027500152588, 14046
0.1739027500152588, 14045
0.1739027500152588, 14044
0.1739027500152588, 14043
0.1739027500152588, 14042
0.1739027500152588, 14041
0.1747126579284668, 14040
0.1747126579284668, 14039
0.1747126579284668, 14038
0.1747126579284668, 14037
0.1747126579284668, 14036
0.1747126579284668, 14035
0.1747126579284668, 14034
0.1747126579284668, 14033
0.1747126579284668, 14032
0.1747126579284668, 14031
0.1747126579284668, 14030
0.1747126579284668, 14029
0.1747126579284668, 14028
0.1747126579284668, 14027
0.1747126579284668, 14026
0.17571258544921875, 14025
0.17571258544921875, 14024
0.17571258544921875, 14023
0.17571258544921875, 14022
0.17571258544921875, 14021
0.17571258544921875, 14020
0.17571258544921875, 14019
0.17571258544921875, 14018
0.17571258544921875, 14017
0.17571258544921875, 14016
0.17571258544921875, 14015
0.17571258544921875, 14014
0.17571258544921875, 14013
0.17571258544921875, 14012
0.17571258544921875, 14011
0.17674493789672852, 14010
0.17674493789672852, 14009
0.17674493789672852, 14008
0.17674493789672852, 14007
0.17674493789672852, 14006
0.17674493789672852, 14005
0.17674493789672852, 14004
0.17674493789672852, 14003
0.17674493789672852, 14002
0.17674493789672852, 14001
0.17674493789672852, 14000
0.17674493789672852, 13999
0.17674493789672852, 13998
0.17674493789672852, 13997
0.17674493789672852, 13996
0.17774534225463867, 13995
0.17774534225463867, 13994
0.17774534225463867, 13993
0.17774534225463867, 13992
0.17774534225463867, 13991
0.17774534225463867, 13990
0.17774534225463867, 13989
0.17774534225463867, 13988
0.17774534225463867, 13987
0.17774534225463867, 13986
0.17774534225463867, 13985
0.17774534225463867, 13984
0.17774534225463867, 13983
0.17774534225463867, 13982
0.17774534225463867, 13981
0.17874479293823242, 13980
0.17874479293823242, 13979
0.17874479293823242, 13978
0.17874479293823242, 13977
0.17874479293823242, 13976
0.17874479293823242, 13975
0.17874479293823242, 13974
0.17874479293823242, 13973
0.17874479293823242, 13972
0.17874479293823242, 13971
0.17874479293823242, 13970
0.17874479293823242, 13969
0.17874479293823242, 13968
0.17874479293823242, 13967
0.17874479293823242, 13966
0.17974472045898438, 13965
0.17974472045898438, 13964
0.17974472045898438, 13963
0.17974472045898438, 13962
0.17974472045898438, 13961
0.17974472045898438, 13960
0.17974472045898438, 13959
0.17974472045898438, 13958
0.17974472045898438, 13957
0.17974472045898438, 13956
0.17974472045898438, 13955
0.17974472045898438, 13954
0.17974472045898438, 13953
0.17974472045898438, 13952
0.17974472045898438, 13951
0.17974472045898438, 13950
0.18074464797973633, 13949
0.18074464797973633, 13948
0.18074464797973633, 13947
0.18074464797973633, 13946
0.18074464797973633, 13945
0.18074464797973633, 13944
0.18074464797973633, 13943
0.18074464797973633, 13942
0.18074464797973633, 13941
0.18074464797973633, 13940
0.18074464797973633, 13939
0.18074464797973633, 13938
0.18074464797973633, 13937
0.18074464797973633, 13936
0.18074464797973633, 13935
0.18174481391906738, 13934
0.18174481391906738, 13933
0.18174481391906738, 13932
0.18174481391906738, 13931
0.18174481391906738, 13930
0.18174481391906738, 13929
0.18174481391906738, 13928
0.18174481391906738, 13927
0.18174481391906738, 13926
0.18174481391906738, 13925
0.18174481391906738, 13924
0.18174481391906738, 13923
0.18174481391906738, 13922
0.18174481391906738, 13921
0.18174481391906738, 13920
0.18174481391906738, 13919
0.18274474143981934, 13918
0.18274474143981934, 13917
0.18274474143981934, 13916
0.18274474143981934, 13915
0.18274474143981934, 13914
0.18274474143981934, 13913
0.18274474143981934, 13912
0.18274474143981934, 13911
0.18274474143981934, 13910
0.18274474143981934, 13909
0.18274474143981934, 13908
0.18274474143981934, 13907
0.18274474143981934, 13906
0.18274474143981934, 13905
0.18274474143981934, 13904
0.1837446689605713, 13903
0.1837446689605713, 13902
0.1837446689605713, 13901
0.1837446689605713, 13900
0.1837446689605713, 13899
0.1837446689605713, 13898
0.1837446689605713, 13897
0.1837446689605713, 13896
0.1837446689605713, 13895
0.1837446689605713, 13894
0.1837446689605713, 13893
0.1837446689605713, 13892
0.1837446689605713, 13891
0.1837446689605713, 13890
0.1837446689605713, 13889
0.18474459648132324, 13888
0.18474459648132324, 13887
0.18474459648132324, 13886
0.18474459648132324, 13885
0.18474459648132324, 13884
0.18474459648132324, 13883
0.18474459648132324, 13882
0.18474459648132324, 13881
0.18474459648132324, 13880
0.18474459648132324, 13879
0.18474459648132324, 13878
0.18474459648132324, 13877
0.18474459648132324, 13876
0.18474459648132324, 13875
0.18474459648132324, 13874
0.18474459648132324, 13873
0.1857445240020752, 13872
0.1857445240020752, 13871
0.1857445240020752, 13870
0.1857445240020752, 13869
0.1857445240020752, 13868
0.1857445240020752, 13867
0.1857445240020752, 13866
0.1857445240020752, 13865
0.1857445240020752, 13864
0.1857445240020752, 13863
0.1857445240020752, 13862
0.1857445240020752, 13861
0.1857445240020752, 13860
0.1857445240020752, 13859
0.1857445240020752, 13858
0.18677186965942383, 13857
0.1868588924407959, 13856
0.1868588924407959, 13855
0.1868588924407959, 13854
0.1868588924407959, 13853
0.1868588924407959, 13852
0.1868588924407959, 13851
0.1868588924407959, 13850
0.1868588924407959, 13849
0.1868588924407959, 13848
0.1868588924407959, 13847
0.1868588924407959, 13846
0.1868588924407959, 13845
0.1868588924407959, 13844
0.1868588924407959, 13843
0.18777155876159668, 13842
0.18777155876159668, 13841
0.18777155876159668, 13840
0.18777155876159668, 13839
0.18777155876159668, 13838
0.18777155876159668, 13837
0.18777155876159668, 13836
0.18777155876159668, 13835
0.18777155876159668, 13834
0.18777155876159668, 13833
0.18777155876159668, 13832
0.18777155876159668, 13831
0.18777155876159668, 13830
0.18777155876159668, 13829
0.18777155876159668, 13828
0.18877172470092773, 13827
0.18877172470092773, 13826
0.18877172470092773, 13825
0.18877172470092773, 13824
0.18877172470092773, 13823
0.18877172470092773, 13822
0.18877172470092773, 13821
0.18877172470092773, 13820
0.18877172470092773, 13819
0.18877172470092773, 13818
0.18877172470092773, 13817
0.18877172470092773, 13816
0.18877172470092773, 13815
0.18877172470092773, 13814
0.18877172470092773, 13813
0.35573673248291016, 13812
0.3567953109741211, 13811
0.3567953109741211, 13810
0.3567953109741211, 13809
0.3567953109741211, 13808
0.3567953109741211, 13807
0.3567953109741211, 13806
0.3567953109741211, 13805
0.3567953109741211, 13804
0.3567953109741211, 13803
0.3567953109741211, 13802
0.3567953109741211, 13801
0.3567953109741211, 13800
0.3567953109741211, 13799
0.3567953109741211, 13798
0.35773706436157227, 13797
0.35773706436157227, 13796
0.35773706436157227, 13795
0.35773706436157227, 13794
0.35773706436157227, 13793
0.35773706436157227, 13792
0.35773706436157227, 13791
0.35773706436157227, 13790
0.35773706436157227, 13789
0.35773706436157227, 13788
0.35773706436157227, 13787
0.35773706436157227, 13786
0.35773706436157227, 13785
0.35773706436157227, 13784
0.35773706436157227, 13783
0.35773706436157227, 13782
0.3587367534637451, 13781
0.3587367534637451, 13780
0.3587367534637451, 13779
0.3587367534637451, 13778
0.3587367534637451, 13777
0.3587367534637451, 13776
0.3587367534637451, 13775
0.3587367534637451, 13774
0.3587367534637451, 13773
0.3587367534637451, 13772
0.3587367534637451, 13771
0.3587367534637451, 13770
0.3587367534637451, 13769
0.3587367534637451, 13768
0.3587367534637451, 13767
0.3597373962402344, 13766
0.3597373962402344, 13765
0.3597373962402344, 13764
0.3597373962402344, 13763
0.3597373962402344, 13762
0.3597373962402344, 13761
0.3597373962402344, 13760
0.3597373962402344, 13759
0.3597373962402344, 13758
0.3597373962402344, 13757
0.3597373962402344, 13756
0.3597373962402344, 13755
0.3597373962402344, 13754
0.3597373962402344, 13753
0.3597373962402344, 13752
0.360736608505249, 13751
0.360736608505249, 13750
0.360736608505249, 13749
0.360736608505249, 13748
0.360736608505249, 13747
0.360736608505249, 13746
0.360736608505249, 13745
0.360736608505249, 13744
0.360736608505249, 13743
0.360736608505249, 13742
0.360736608505249, 13741
0.360736608505249, 13740
0.360736608505249, 13739
0.360736608505249, 13738
0.360736608505249, 13737
0.3617367744445801, 13736
0.3617367744445801, 13735
0.3617367744445801, 13734
0.3617367744445801, 13733
0.3617367744445801, 13732
0.3620483875274658, 13731
0.3620483875274658, 13730
0.3620483875274658, 13729
0.3620483875274658, 13728
0.3620483875274658, 13727
0.3620483875274658, 13726
0.3620483875274658, 13725
0.3620483875274658, 13724
0.3620483875274658, 13723
0.3620483875274658, 13722
0.36273670196533203, 13721
0.36273670196533203, 13720
0.36273670196533203, 13719
0.36273670196533203, 13718
0.36273670196533203, 13717
0.36273670196533203, 13716
0.36273670196533203, 13715
0.36273670196533203, 13714
0.36273670196533203, 13713
0.36273670196533203, 13712
0.36273670196533203, 13711
0.36273670196533203, 13710
0.36273670196533203, 13709
0.36273670196533203, 13708
0.36273670196533203, 13707
0.3637368679046631, 13706
0.3637368679046631, 13705
0.3637368679046631, 13704
0.3637368679046631, 13703
0.3637368679046631, 13702
0.3637368679046631, 13701
0.3637368679046631, 13700
0.3637368679046631, 13699
0.3637368679046631, 13698
0.3637368679046631, 13697
0.3637368679046631, 13696
0.3637368679046631, 13695
0.3637368679046631, 13694
0.3637368679046631, 13693
0.3637368679046631, 13692
0.36473679542541504, 13691
0.36473679542541504, 13690
0.36473679542541504, 13689
0.36473679542541504, 13688
0.36473679542541504, 13687
0.36473679542541504, 13686
0.36473679542541504, 13685
0.36473679542541504, 13684
0.36473679542541504, 13683
0.36473679542541504, 13682
0.36473679542541504, 13681
0.36473679542541504, 13680
0.36473679542541504, 13679
0.3657374382019043, 13678
0.3657374382019043, 13677
0.3657374382019043, 13676
0.3657374382019043, 13675
0.3657374382019043, 13674
0.3657374382019043, 13673
0.3657374382019043, 13672
0.3657374382019043, 13671
0.3657374382019043, 13670
0.3657374382019043, 13669
0.3657374382019043, 13668
0.3657374382019043, 13667
0.3657374382019043, 13666
0.3657374382019043, 13665
0.3657374382019043, 13664
0.36673688888549805, 13663
0.36673688888549805, 13662
0.36673688888549805, 13661
0.36673688888549805, 13660
0.36673688888549805, 13659
0.36673688888549805, 13658
0.36673688888549805, 13657
0.36673688888549805, 13656
0.36673688888549805, 13655
0.36673688888549805, 13654
0.36673688888549805, 13653
0.36673688888549805, 13652
0.36673688888549805, 13651
0.36673688888549805, 13650
0.36773681640625, 13649
0.36773681640625, 13648
0.36773681640625, 13647
0.36773681640625, 13646
0.36773681640625, 13645
0.36773681640625, 13644
0.36773681640625, 13643
0.36773681640625, 13642
0.36773681640625, 13641
0.36773681640625, 13640
0.36773681640625, 13639
0.36773681640625, 13638
0.36773681640625, 13637
0.36773681640625, 13636
0.36773681640625, 13635
0.36873698234558105, 13634
0.36873698234558105, 13633
0.36873698234558105, 13632
0.36873698234558105, 13631
0.36873698234558105, 13630
0.36873698234558105, 13629
3.430952310562134, 13628
3.430952310562134, 13627
3.430952310562134, 13626
3.430952310562134, 13625
3.430952310562134, 13624
3.430952310562134, 13623
3.430952310562134, 13622
3.430952310562134, 13621
3.431952714920044, 13620
3.431952714920044, 13619
3.431952714920044, 13618
3.431952714920044, 13617
3.431952714920044, 13616
3.431952714920044, 13615
3.431952714920044, 13614
3.431952714920044, 13613
3.431952714920044, 13612
3.431952714920044, 13611
3.431952714920044, 13610
3.431952714920044, 13609
3.431952714920044, 13608
3.431952714920044, 13607
3.431952714920044, 13606
3.432952404022217, 13605
3.432952404022217, 13604
3.432952404022217, 13603
3.432952404022217, 13602
3.432952404022217, 13601
3.432952404022217, 13600
3.432952404022217, 13599
3.432952404022217, 13598
3.432952404022217, 13597
3.432952404022217, 13596
3.432952404022217, 13595
3.432952404022217, 13594
3.432952404022217, 13593
3.432952404022217, 13592
3.432952404022217, 13591
3.4339449405670166, 13590
3.4339449405670166, 13589
3.4339449405670166, 13588
3.4339449405670166, 13587
3.4339449405670166, 13586
3.4339449405670166, 13585
3.4339449405670166, 13584
3.4339449405670166, 13583
3.4339449405670166, 13582
3.4339449405670166, 13581
3.4349546432495117, 13580
3.628859758377075, 10192
3.628859758377075, 10191
3.628859758377075, 10190
3.628859758377075, 10189
3.628859758377075, 10188
3.628859758377075, 10187
3.628859758377075, 10186
3.628859758377075, 10185
3.628859758377075, 10184
3.629861354827881, 10183
3.629861354827881, 10182
3.629861354827881, 10181
3.629861354827881, 10180
3.629861354827881, 10179
3.629861354827881, 10178
3.629861354827881, 10177
3.629861354827881, 10176
3.629861354827881, 10175
3.629861354827881, 10174
3.629861354827881, 10173
3.629861354827881, 10172
3.629861354827881, 10171
3.629861354827881, 10170
3.630859851837158, 10169
3.630859851837158, 10168
3.630859851837158, 10167
3.630859851837158, 10166
3.630859851837158, 10165
3.630859851837158, 10164
3.630859851837158, 10163
3.630859851837158, 10162
3.630859851837158, 10161
3.630859851837158, 10160
3.630859851837158, 10159
3.630859851837158, 10158
3.630859851837158, 10157
3.630859851837158, 10156
3.6318607330322266, 10155
3.6318607330322266, 10154
3.6318607330322266, 10153
3.6318607330322266, 10152
3.6318607330322266, 10151
3.6318607330322266, 10150
3.6318607330322266, 10149
3.6318607330322266, 10148
3.6318607330322266, 10147
3.6318607330322266, 10146
3.6318607330322266, 10145
3.6318607330322266, 10144
3.6318607330322266, 10143
3.6318607330322266, 10142
3.632859945297241, 10141
3.632859945297241, 10140
3.632859945297241, 10139
3.632859945297241, 10138
3.632859945297241, 10137
3.632859945297241, 10136
3.632859945297241, 10135
3.632859945297241, 10134
3.632859945297241, 10133
3.632859945297241, 10132
3.632859945297241, 10131
3.632859945297241, 10130
3.632859945297241, 10129
3.632859945297241, 10128
3.633859634399414, 10127
3.633859634399414, 10126
3.633859634399414, 10125
3.633859634399414, 10124
3.633859634399414, 10123
3.633859634399414, 10122
3.633859634399414, 10121
3.633859634399414, 10120
3.633859634399414, 10119
3.633859634399414, 10118
3.633859634399414, 10117
3.633859634399414, 10116
3.6348605155944824, 10115
3.6348605155944824, 10114
3.6348605155944824, 10113
3.6348605155944824, 10112
3.6348605155944824, 10111
3.6348605155944824, 10110
3.6348605155944824, 10109
3.6348605155944824, 10108
3.6348605155944824, 10107
3.6348605155944824, 10106
3.6348605155944824, 10105
3.6348605155944824, 10104
3.6348605155944824, 10103
3.6348605155944824, 10102
3.635859966278076, 10101
3.635859966278076, 10100
3.635859966278076, 10099
3.635859966278076, 10098
3.635859966278076, 10097
3.635859966278076, 10096
3.635859966278076, 10095
3.635859966278076, 10094
3.635859966278076, 10093
3.635859966278076, 10092
3.635859966278076, 10091
3.635859966278076, 10090
3.635859966278076, 10089
3.635859966278076, 10088
3.636887550354004, 10087
3.636887550354004, 10086
3.636887550354004, 10085
3.636887550354004, 10084
3.636887550354004, 10083
3.636887550354004, 10082
3.636887550354004, 10081
3.6375069618225098, 10080
3.6375069618225098, 10079
3.6375069618225098, 10078
3.6375069618225098, 10077
3.637888193130493, 10076
3.637888193130493, 10075
3.637888193130493, 10074
3.637888193130493, 10073
3.637888193130493, 10072
3.637888193130493, 10071
3.637888193130493, 10070
3.637888193130493, 10069
3.637888193130493, 10068
3.637888193130493, 10067
3.637888193130493, 10066
3.637888193130493, 10065
3.637888193130493, 10064
3.637888193130493, 10063
3.638888359069824, 10062
3.638888359069824, 10061
3.638888359069824, 10060
3.638888359069824, 10059
3.638888359069824, 10058
3.638888359069824, 10057
3.638888359069824, 10056
3.638888359069824, 10055
3.638888359069824, 10054
3.638888359069824, 10053
3.638888359069824, 10052
3.638888359069824, 10051
3.638888359069824, 10050
3.639887809753418, 10049
3.639887809753418, 10048
3.639887809753418, 10047
3.639887809753418, 10046
3.639887809753418, 10045
3.639887809753418, 10044
3.639887809753418, 10043
3.639887809753418, 10042
3.639887809753418, 10041
3.639887809753418, 10040
3.639887809753418, 10039
3.639887809753418, 10038
3.639887809753418, 10037
3.639887809753418, 10036
3.640887498855591, 10035
3.640887498855591, 10034
3.640887498855591, 10033
3.640887498855591, 10032
3.640887498855591, 10031
3.640887498855591, 10030
3.640887498855591, 10029
3.640887498855591, 10028
3.640887498855591, 10027
3.640887498855591, 10026
3.640887498855591, 10025
3.641887664794922, 10024
3.641887664794922, 10023
3.641887664794922, 10022
3.641887664794922, 10021
3.641887664794922, 10020
3.641887664794922, 10019
3.641887664794922, 10018
3.641887664794922, 10017
3.641887664794922, 10016
3.641887664794922, 10015
3.641887664794922, 10014
3.641887664794922, 10013
3.641887664794922, 10012
3.641887664794922, 10011
3.6428871154785156, 10010
3.6428871154785156, 10009
3.6428871154785156, 10008
3.6428871154785156, 10007
3.6428871154785156, 10006
3.6428871154785156, 10005
3.6428871154785156, 10004
3.6428871154785156, 10003
3.6428871154785156, 10002
3.6428871154785156, 10001
3.6428871154785156, 10000
3.6428871154785156, 9999
3.6428871154785156, 9998
3.6438872814178467, 9997
3.6438872814178467, 9996
3.6438872814178467, 9995
3.6438872814178467, 9994
3.6438872814178467, 9993
3.6438872814178467, 9992
3.6438872814178467, 9991
3.6438872814178467, 9990
3.6438872814178467, 9989
3.6438872814178467, 9988
3.6438872814178467, 9987
3.6438872814178467, 9986
3.6438872814178467, 9985
3.6438872814178467, 9984
3.6448874473571777, 9983
3.6448874473571777, 9982
3.6448874473571777, 9981
3.6448874473571777, 9980
3.6448874473571777, 9979
3.6448874473571777, 9978
3.6448874473571777, 9977
3.6448874473571777, 9976
3.6448874473571777, 9975
3.6448874473571777, 9974
3.6448874473571777, 9973
3.6448874473571777, 9972
3.6448874473571777, 9971
3.6448874473571777, 9970
3.6458873748779297, 9969
3.6458873748779297, 9968
3.6458873748779297, 9967
3.6458873748779297, 9966
3.6458873748779297, 9965
3.6458873748779297, 9964
3.6458873748779297, 9963
3.6458873748779297, 9962
3.6458873748779297, 9961
3.6458873748779297, 9960
3.6458873748779297, 9959
3.6458873748779297, 9958
3.6458873748779297, 9957
3.6458873748779297, 9956
3.6468870639801025, 9955
3.6468870639801025, 9954
3.6468870639801025, 9953
3.6468870639801025, 9952
3.6468870639801025, 9951
3.6468870639801025, 9950
3.6468870639801025, 9949
3.6468870639801025, 9948
3.6468870639801025, 9947
3.6468870639801025, 9946
3.6468870639801025, 9945
3.6468870639801025, 9944
3.6468870639801025, 9943
3.6468870639801025, 9942
3.6478869915008545, 9941
3.6478869915008545, 9940
3.6478869915008545, 9939
3.6478869915008545, 9938
3.6478869915008545, 9937
3.6478869915008545, 9936
3.6478869915008545, 9935
3.6478869915008545, 9934
3.6478869915008545, 9933
3.6478869915008545, 9932
3.6478869915008545, 9931
3.6478869915008545, 9930
3.6478869915008545, 9929
3.6478869915008545, 9928
3.6488871574401855, 9927
3.6488871574401855, 9926
3.6488871574401855, 9925
3.6488871574401855, 9924
3.6488871574401855, 9923
3.6488871574401855, 9922
3.6488871574401855, 9921
3.6488871574401855, 9920
3.6488871574401855, 9919
3.6488871574401855, 9918
3.6488871574401855, 9917
3.6488871574401855, 9916
3.6488871574401855, 9915
3.6488871574401855, 9914
3.6498870849609375, 9913
3.6498870849609375, 9912
3.6498870849609375, 9911
3.6498870849609375, 9910
3.6498870849609375, 9909
3.6498870849609375, 9908
3.6498870849609375, 9907
3.6498870849609375, 9906
3.6498870849609375, 9905
3.6498870849609375, 9904
3.6498870849609375, 9903
3.6498870849609375, 9902
3.6498870849609375, 9901
3.6508870124816895, 9900
3.6508870124816895, 9899
3.6508870124816895, 9898
3.6508870124816895, 9897
3.6508870124816895, 9896
3.6508870124816895, 9895
3.6508870124816895, 9894
3.6508870124816895, 9893
3.6508870124816895, 9892
3.6508870124816895, 9891
3.6508870124816895, 9890
3.6508870124816895, 9889
3.6508870124816895, 9888
3.6518869400024414, 9887
3.6518869400024414, 9886
3.6518869400024414, 9885
3.6518869400024414, 9884
3.6518869400024414, 9883
3.6518869400024414, 9882
3.6518869400024414, 9881
3.6518869400024414, 9880
3.652435302734375, 9879
3.652435302734375, 9878
3.652435302734375, 9877
3.652435302734375, 9876
3.652435302734375, 9875
3.652435302734375, 9874
3.6528871059417725, 9873
3.6528871059417725, 9872
3.6528871059417725, 9871
3.6528871059417725, 9870
3.6528871059417725, 9869
3.6528871059417725, 9868
3.6528871059417725, 9867
3.6528871059417725, 9866
3.6528871059417725, 9865
3.653888702392578, 9864
3.653888702392578, 9863
3.653888702392578, 9862
3.653888702392578, 9861
3.653888702392578, 9860
3.653888702392578, 9859
3.653888702392578, 9858
3.653888702392578, 9857
3.653888702392578, 9856
3.653888702392578, 9855
3.653888702392578, 9854
3.653888702392578, 9853
3.653888702392578, 9852
3.654886484146118, 9851
3.654886484146118, 9850
3.654886484146118, 9849
3.654886484146118, 9848
3.654886484146118, 9847
3.654886484146118, 9846
3.654886484146118, 9845
3.654886484146118, 9844
3.654886484146118, 9843
3.654886484146118, 9842
3.654886484146118, 9841
3.6558871269226074, 9840
3.6558871269226074, 9839
3.6558871269226074, 9838
3.6558871269226074, 9837
3.6558871269226074, 9836
3.6558871269226074, 9835
3.6558871269226074, 9834
3.6558871269226074, 9833
3.6558871269226074, 9832
3.6558871269226074, 9831
