0.17265987396240234, 14091
0.17265987396240234, 14090
0.17265987396240234, 14089
0.17265987396240234, 14088
0.17265987396240234, 14087
0.17265987396240234, 14086
0.17265987396240234, 14085
0.17265987396240234, 14084
0.17265987396240234, 14083
0.17265987396240234, 14082
0.1736607551574707, 14081
0.1736607551574707, 14080
0.1736607551574707, 14079
0.1736607551574707, 14078
0.1736607551574707, 14077
0.1736607551574707, 14076
0.1736607551574707, 14075
0.1736607551574707, 14074
0.1736607551574707, 14073
0.1736607551574707, 14072
0.1736607551574707, 14071
0.1736607551574707, 14070
0.1736607551574707, 14069
0.1736607551574707, 14068
0.1736607551574707, 14067
0.17466092109680176, 14066
0.17466092109680176, 14065
0.17466092109680176, 14064
0.17466092109680176, 14063
0.17466092109680176, 14062
0.17466092109680176, 14061
0.17466092109680176, 14060
0.17466092109680176, 14059
0.17466092109680176, 14058
0.17466092109680176, 14057
0.17466092109680176, 14056
0.17466092109680176, 14055
0.17466092109680176, 14054
0.17466092109680176, 14053
0.17466092109680176, 14052
0.1756603717803955, 14051
0.1756603717803955, 14050
0.1756603717803955, 14049
0.1756603717803955, 14048
0.17593073844909668, 14047
0.17593073844909668, 14046
0.17593073844909668, 14045
0.17593073844909668, 14044
0.17593073844909668, 14043
0.17593073844909668, 14042
0.17593073844909668, 14041
0.17593073844909668, 14040
0.17593073844909668, 14039
0.17593073844909668, 14038
0.17593073844909668, 14037
0.17666077613830566, 14036
0.17666077613830566, 14035
0.17666077613830566, 14034
0.17666077613830566, 14033
0.17666077613830566, 14032
0.17666077613830566, 14031
0.17666077613830566, 14030
0.17666077613830566, 14029
0.17666077613830566, 14028
0.17666077613830566, 14027
0.17666077613830566, 14026
0.17666077613830566, 14025
0.17666077613830566, 14024
0.17666077613830566, 14023
0.17666077613830566, 14022
0.17766022682189941, 14021
0.17772722244262695, 14020
0.17772722244262695, 14019
0.17772722244262695, 14018
0.17772722244262695, 14017
0.17772722244262695, 14016
0.17772722244262695, 14015
0.17772722244262695, 14014
0.17772722244262695, 14013
0.17772722244262695, 14012
0.17772722244262695, 14011
0.17772722244262695, 14010
0.17772722244262695, 14009
0.17772722244262695, 14008
0.17772722244262695, 14007
0.17772722244262695, 14006
0.17873668670654297, 14005
0.17873668670654297, 14004
0.17873668670654297, 14003
0.17873668670654297, 14002
0.17873668670654297, 14001
0.17873668670654297, 14000
0.17873668670654297, 13999
0.17873668670654297, 13998
0.17873668670654297, 13997
0.17873668670654297, 13996
0.17873668670654297, 13995
0.17873668670654297, 13994
0.17873668670654297, 13993
0.17873668670654297, 13992
0.17973709106445312, 13991
0.17973709106445312, 13990
0.17973709106445312, 13989
0.17973709106445312, 13988
0.17973709106445312, 13987
0.17973709106445312, 13986
0.17973709106445312, 13985
0.17973709106445312, 13984
0.17973709106445312, 13983
0.17973709106445312, 13982
0.17973709106445312, 13981
0.17973709106445312, 13980
0.17973709106445312, 13979
0.17973709106445312, 13978
0.17973709106445312, 13977
0.17973709106445312, 13976
0.18073606491088867, 13975
0.18073606491088867, 13974
0.18073606491088867, 13973
0.18073606491088867, 13972
0.18073606491088867, 13971
0.18073606491088867, 13970
0.18073606491088867, 13969
0.18073606491088867, 13968
0.18073606491088867, 13967
0.18073606491088867, 13966
0.18073606491088867, 13965
0.18073606491088867, 13964
0.18073606491088867, 13963
0.18073606491088867, 13962
0.18073606491088867, 13961
0.18173575401306152, 13960
0.18173575401306152, 13959
0.18173575401306152, 13958
0.18173575401306152, 13957
0.18173575401306152, 13956
0.18173575401306152, 13955
0.18173575401306152, 13954
0.18173575401306152, 13953
0.18173575401306152, 13952
0.18232083320617676, 13951
0.18232083320617676, 13950
0.18232083320617676, 13949
0.18232083320617676, 13948
0.18232083320617676, 13947
0.35190868377685547, 13946
0.35190868377685547, 13945
0.35190868377685547, 13944
0.35190868377685547, 13943
0.35190868377685547, 13942
0.35190868377685547, 13941
0.35190868377685547, 13940
0.35190868377685547, 13939
0.35190868377685547, 13938
0.35190868377685547, 13937
0.35190868377685547, 13936
0.3529090881347656, 13935
0.3529090881347656, 13934
0.3529090881347656, 13933
0.3529090881347656, 13932
0.3529090881347656, 13931
0.3529090881347656, 13930
0.3529090881347656, 13929
0.3529090881347656, 13928
0.3529090881347656, 13927
0.3529090881347656, 13926
0.3529090881347656, 13925
0.3529090881347656, 13924
0.3529090881347656, 13923
0.3529090881347656, 13922
0.3529090881347656, 13921
0.3529090881347656, 13920
0.35390806198120117, 13919
0.35390806198120117, 13918
0.35390806198120117, 13917
0.35390806198120117, 13916
0.35390806198120117, 13915
0.35390806198120117, 13914
0.35390806198120117, 13913
0.35390806198120117, 13912
0.35390806198120117, 13911
0.35390806198120117, 13910
0.35390806198120117, 13909
0.35390806198120117, 13908
0.35390806198120117, 13907
0.35390806198120117, 13906
0.35390806198120117, 13905
0.35390806198120117, 13904
0.3549079895019531, 13903
0.3549079895019531, 13902
0.3549079895019531, 13901
0.3549079895019531, 13900
0.3549079895019531, 13899
0.3549079895019531, 13898
0.3549079895019531, 13897
0.3549079895019531, 13896
0.3549079895019531, 13895
0.3549079895019531, 13894
0.3549079895019531, 13893
0.3549079895019531, 13892
0.3549079895019531, 13891
0.3549079895019531, 13890
0.3559086322784424, 13889
0.3559684753417969, 13888
0.3559684753417969, 13887
0.3559684753417969, 13886
0.3559684753417969, 13885
0.3559684753417969, 13884
0.3559684753417969, 13883
0.3559684753417969, 13882
0.3559684753417969, 13881
0.3559684753417969, 13880
0.3559684753417969, 13879
0.3559684753417969, 13878
0.3559684753417969, 13877
0.3559684753417969, 13876
0.3559684753417969, 13875
0.3559684753417969, 13874
0.35690808296203613, 13873
0.35690808296203613, 13872
0.35690808296203613, 13871
0.35690808296203613, 13870
0.35690808296203613, 13869
0.35690808296203613, 13868
0.35690808296203613, 13867
0.35690808296203613, 13866
0.35690808296203613, 13865
0.35690808296203613, 13864
0.35690808296203613, 13863
0.35690808296203613, 13862
0.35690808296203613, 13861
0.35690808296203613, 13860
0.35690808296203613, 13859
0.3579080104827881, 13858
0.3579080104827881, 13857
0.3579080104827881, 13856
0.3579080104827881, 13855
0.3579080104827881, 13854
0.3579080104827881, 13853
0.3579080104827881, 13852
0.3579080104827881, 13851
0.3579080104827881, 13850
0.3579080104827881, 13849
0.3579080104827881, 13848
0.3579080104827881, 13847
0.3579080104827881, 13846
0.3579080104827881, 13845
0.3579080104827881, 13844
0.35890817642211914, 13843
0.35890817642211914, 13842
0.35890817642211914, 13841
0.35890817642211914, 13840
0.35890817642211914, 13839
0.35890817642211914, 13838
0.35890817642211914, 13837
0.35890817642211914, 13836
0.35890817642211914, 13835
0.35890817642211914, 13834
0.35890817642211914, 13833
0.5299797058105469, 13832
0.5299797058105469, 13831
0.5299797058105469, 13830
0.5299797058105469, 13829
0.5299797058105469, 13828
0.5299797058105469, 13827
0.5299797058105469, 13826
0.5299797058105469, 13825
0.5299797058105469, 13824
0.5299797058105469, 13823
0.5299797058105469, 13822
0.5309808254241943, 13821
0.5309808254241943, 13820
0.5309808254241943, 13819
0.5309808254241943, 13818
0.5309808254241943, 13817
0.5309808254241943, 13816
0.5309808254241943, 13815
0.5309808254241943, 13814
0.5309808254241943, 13813
0.5309808254241943, 13812
0.5309808254241943, 13811
0.5309808254241943, 13810
0.5319795608520508, 13809
0.5319795608520508, 13808
0.5319795608520508, 13807
0.5319795608520508, 13806
0.5319795608520508, 13805
0.5319795608520508, 13804
0.5319795608520508, 13803
0.5319795608520508, 13802
0.5319795608520508, 13801
0.5319795608520508, 13800
0.5319795608520508, 13799
0.5319795608520508, 13798
0.5329792499542236, 13797
0.5329792499542236, 13796
0.5329792499542236, 13795
0.5329792499542236, 13794
0.5329792499542236, 13793
0.5329792499542236, 13792
0.5334641933441162, 13791
0.5334641933441162, 13790
0.5334641933441162, 13789
0.5334641933441162, 13788
0.5334641933441162, 13787
0.5334641933441162, 13786
0.5334641933441162, 13785
0.5339810848236084, 13784
0.5339810848236084, 13783
0.5339810848236084, 13782
0.5339810848236084, 13781
0.5339810848236084, 13780
0.5339810848236084, 13779
0.5339810848236084, 13778
0.5339810848236084, 13777
0.5339810848236084, 13776
0.5339810848236084, 13775
0.5339810848236084, 13774
0.5339810848236084, 13773
0.534980297088623, 13772
0.534980297088623, 13771
0.534980297088623, 13770
0.534980297088623, 13769
0.534980297088623, 13768
0.534980297088623, 13767
0.534980297088623, 13766
0.534980297088623, 13765
0.534980297088623, 13764
0.534980297088623, 13763
0.534980297088623, 13762
0.5359690189361572, 13761
0.5359690189361572, 13760
0.5359690189361572, 13759
0.5359690189361572, 13758
0.5359690189361572, 13757
0.5359690189361572, 13756
0.5359690189361572, 13755
0.5359690189361572, 13754
0.5359690189361572, 13753
0.5359690189361572, 13752
0.5359690189361572, 13751
0.5359690189361572, 13750
0.536980390548706, 13749
0.536980390548706, 13748
0.536980390548706, 13747
0.536980390548706, 13746
0.536980390548706, 13745
0.536980390548706, 13744
0.536980390548706, 13743
0.536980390548706, 13742
0.536980390548706, 13741
0.536980390548706, 13740
0.536980390548706, 13739
0.536980390548706, 13738
0.536980390548706, 13737
0.536980390548706, 13736
0.5379796028137207, 13735
0.5379796028137207, 13734
0.5379796028137207, 13733
0.5379796028137207, 13732
0.5379796028137207, 13731
0.5379796028137207, 13730
0.5379796028137207, 13729
0.5379796028137207, 13728
0.5379796028137207, 13727
0.5379796028137207, 13726
0.5379796028137207, 13725
0.5379796028137207, 13724
0.5379796028137207, 13723
0.5379796028137207, 13722
0.5379796028137207, 13721
0.5379796028137207, 13720
0.5389792919158936, 13719
0.5389792919158936, 13718
0.5389792919158936, 13717
0.5389792919158936, 13716
0.5389792919158936, 13715
0.5389792919158936, 13714
0.5389792919158936, 13713
0.5389792919158936, 13712
0.5389792919158936, 13711
0.5389792919158936, 13710
0.5389792919158936, 13709
0.5389792919158936, 13708
0.5389792919158936, 13707
0.5389792919158936, 13706
0.5389792919158936, 13705
0.5399799346923828, 13704
0.5399799346923828, 13703
0.5399799346923828, 13702
0.5399799346923828, 13701
0.5399799346923828, 13700
0.5403213500976562, 13699
0.5403213500976562, 13698
0.5403213500976562, 13697
0.5403213500976562, 13696
0.5403213500976562, 13695
0.5403213500976562, 13694
0.5403213500976562, 13693
0.5403213500976562, 13692
0.5403213500976562, 13691
0.5403213500976562, 13690
0.540980339050293, 13689
0.540980339050293, 13688
0.540980339050293, 13687
0.540980339050293, 13686
0.540980339050293, 13685
0.540980339050293, 13684
0.540980339050293, 13683
0.540980339050293, 13682
0.540980339050293, 13681
0.540980339050293, 13680
0.540980339050293, 13679
0.540980339050293, 13678
0.540980339050293, 13677
0.540980339050293, 13676
0.540980339050293, 13675
0.5419797897338867, 13674
0.5419797897338867, 13673
0.5419797897338867, 13672
0.5419797897338867, 13671
0.5419797897338867, 13670
0.5419797897338867, 13669
0.5419797897338867, 13668
0.5424695014953613, 13667
0.5424695014953613, 13666
0.5424695014953613, 13665
0.5424695014953613, 13664
0.5424695014953613, 13663
0.5424695014953613, 13662
0.5424695014953613, 13661
0.5424695014953613, 13660
0.5429801940917969, 13659
0.5429801940917969, 13658
0.5429801940917969, 13657
0.5429801940917969, 13656
0.5429801940917969, 13655
0.5429801940917969, 13654
0.5429801940917969, 13653
0.5429801940917969, 13652
0.5429801940917969, 13651
0.5429801940917969, 13650
0.5429801940917969, 13649
0.5429801940917969, 13648
0.5429801940917969, 13647
0.5429801940917969, 13646
0.5429801940917969, 13645
0.5429801940917969, 13644
0.5439798831939697, 13643
0.5439798831939697, 13642
0.5439798831939697, 13641
0.5439798831939697, 13640
0.5439798831939697, 13639
0.5439798831939697, 13638
0.5439798831939697, 13637
0.5439798831939697, 13636
0.5439798831939697, 13635
0.5439798831939697, 13634
0.5439798831939697, 13633
0.5439798831939697, 13632
0.5439798831939697, 13631
0.5439798831939697, 13630
0.5449795722961426, 13629
0.5449795722961426, 13628
0.5449795722961426, 13627
0.5449795722961426, 13626
0.5449795722961426, 13625
0.5449795722961426, 13624
0.5449795722961426, 13623
0.5449795722961426, 13622
0.5449795722961426, 13621
0.5449795722961426, 13620
0.5449795722961426, 13619
0.5449795722961426, 13618
0.5449795722961426, 13617
0.7138543128967285, 13616
0.7138543128967285, 13615
0.7138543128967285, 13614
0.7138543128967285, 13613
0.7138543128967285, 13612
0.7138543128967285, 13611
0.7138543128967285, 13610
0.7138543128967285, 13609
0.7138543128967285, 13608
0.7138543128967285, 13607
0.7138543128967285, 13606
0.7138543128967285, 13605
0.7138543128967285, 13604
0.7138543128967285, 13603
0.7148551940917969, 13602
0.7148551940917969, 13601
0.7148551940917969, 13600
0.7148551940917969, 13599
0.7148551940917969, 13598
0.7148551940917969, 13597
0.7148551940917969, 13596
0.7148551940917969, 13595
0.7148551940917969, 13594
0.7148551940917969, 13593
0.7148551940917969, 13592
0.7148551940917969, 13591
0.7148551940917969, 13590
0.7148551940917969, 13589
0.7148551940917969, 13588
0.7158544063568115, 13587
0.7159357070922852, 13586
0.7159357070922852, 13585
0.7159357070922852, 13584
0.7159357070922852, 13583
0.7159357070922852, 13582
0.7159357070922852, 13581
0.7159357070922852, 13580
0.7159357070922852, 13579
0.7159357070922852, 13578
0.7159357070922852, 13577
0.7159357070922852, 13576
0.7159357070922852, 13575
0.7159357070922852, 13574
0.7159357070922852, 13573
0.7168543338775635, 13572
0.7168543338775635, 13571
0.7168543338775635, 13570
0.7168543338775635, 13569
0.7168543338775635, 13568
0.7168543338775635, 13567
0.7168543338775635, 13566
0.7168543338775635, 13565
0.7168543338775635, 13564
0.7168543338775635, 13563
0.7168543338775635, 13562
0.7168543338775635, 13561
0.7168543338775635, 13560
0.7168543338775635, 13559
0.7168543338775635, 13558
0.7178540229797363, 13557
0.7178540229797363, 13556
0.7178540229797363, 13555
0.7178540229797363, 13554
0.7178540229797363, 13553
0.7178540229797363, 13552
0.7178540229797363, 13551
0.7178540229797363, 13550
0.7178540229797363, 13549
0.7178540229797363, 13548
3.073737859725952, 13547
3.073737859725952, 13546
3.073737859725952, 13545
3.073737859725952, 13544
3.073737859725952, 13543
3.073737859725952, 13542
3.073737859725952, 13541
3.073737859725952, 13540
3.073737859725952, 13539
3.073737859725952, 13538
3.074738025665283, 13537
3.074738025665283, 13536
3.074738025665283, 13535
3.074738025665283, 13534
3.074738025665283, 13533
3.074738025665283, 13532
3.074738025665283, 13531
3.074738025665283, 13530
3.074738025665283, 13529
3.074738025665283, 13528
3.074738025665283, 13527
3.074738025665283, 13526
3.074738025665283, 13525
3.074738025665283, 13524
3.075735569000244, 13523
3.075735569000244, 13522
3.075735569000244, 13521
3.075735569000244, 13520
3.075735569000244, 13519
3.075735569000244, 13518
3.075735569000244, 13517
3.075735569000244, 13516
3.075735569000244, 13515
3.075735569000244, 13514
3.075735569000244, 13513
3.075735569000244, 13512
3.075735569000244, 13511
3.075735569000244, 13510
3.076735734939575, 13509
3.076735734939575, 13508
3.076735734939575, 13507
3.076735734939575, 13506
3.076735734939575, 13505
3.076735734939575, 13504
3.076735734939575, 13503
3.076735734939575, 13502
3.076735734939575, 13501
3.076735734939575, 13500
3.076735734939575, 13499
3.076735734939575, 13498
3.076735734939575, 13497
3.076735734939575, 13496
3.0777359008789062, 13495
3.0777359008789062, 13494
3.0777359008789062, 13493
3.0777359008789062, 13492
3.0777359008789062, 13491
3.0777359008789062, 13490
3.0777359008789062, 13489
3.0777359008789062, 13488
3.0777359008789062, 13487
3.0777359008789062, 13486
3.0777359008789062, 13485
3.0777359008789062, 13484
3.0777359008789062, 13483
3.0777359008789062, 13482
3.0787384510040283, 13481
3.0787384510040283, 13480
3.0787384510040283, 13479
3.0787384510040283, 13478
3.0787384510040283, 13477
3.0787384510040283, 13476
3.0787384510040283, 13475
3.0787384510040283, 13474
3.0787384510040283, 13473
3.0787384510040283, 13472
3.0787384510040283, 13471
3.0787384510040283, 13470
3.0797367095947266, 13469
3.0797367095947266, 13468
3.0797367095947266, 13467
3.0797367095947266, 13466
3.0797367095947266, 13465
3.0797367095947266, 13464
3.0797367095947266, 13463
3.0797367095947266, 13462
3.0797367095947266, 13461
3.0797367095947266, 13460
3.0797367095947266, 13459
3.0797367095947266, 13458
3.0797367095947266, 13457
3.0797367095947266, 13456
3.0807363986968994, 13455
3.0807363986968994, 13454
3.0807363986968994, 13453
3.0807363986968994, 13452
3.0807363986968994, 13451
3.0807363986968994, 13450
3.0807363986968994, 13449
3.0807363986968994, 13448
3.0807363986968994, 13447
3.0807363986968994, 13446
3.0807363986968994, 13445
3.0807363986968994, 13444
3.0807363986968994, 13443
3.0807363986968994, 13442
4.297909498214722, 13441
4.297909498214722, 13440
4.297909498214722, 13439
4.297909498214722, 13438
4.298910617828369, 13437
4.298910617828369, 13436
4.298910617828369, 13435
4.298910617828369, 13434
4.298910617828369, 13433
4.298910617828369, 13432
4.298910617828369, 13431
4.298910617828369, 13430
4.298910617828369, 13429
4.298910617828369, 13428
4.298910617828369, 13427
4.298910617828369, 13426
4.298910617828369, 13425
4.298910617828369, 13424
4.299909353256226, 13423
4.299909353256226, 13422
4.299909353256226, 13421
4.299909353256226, 13420
4.299909353256226, 13419
4.299909353256226, 13418
4.299909353256226, 13417
4.299909353256226, 13416
4.299909353256226, 13415
4.299909353256226, 13414
4.299909353256226, 13413
4.299909353256226, 13412
4.299909353256226, 13411
4.3009092807769775, 13410
4.3009092807769775, 13409
4.3009092807769775, 13408
4.3009092807769775, 13407
4.3009092807769775, 13406
4.3009092807769775, 13405
4.3009092807769775, 13404
4.3009092807769775, 13403
4.3009092807769775, 13402
4.3009092807769775, 13401
4.3009092807769775, 13400
4.3009092807769775, 13399
4.3009092807769775, 13398
4.3009092807769775, 13397
4.3019092082977295, 13396
4.3019092082977295, 13395
4.3019092082977295, 13394
4.3019092082977295, 13393
4.3019092082977295, 13392
4.3019092082977295, 13391
4.3019092082977295, 13390
4.3019092082977295, 13389
4.3019092082977295, 13388
4.3019092082977295, 13387
4.3019092082977295, 13386
4.3019092082977295, 13385
4.302911043167114, 13384
4.302911043167114, 13383
4.302911043167114, 13382
4.302911043167114, 13381
4.302911043167114, 13380
4.302911043167114, 13379
4.302911043167114, 13378
4.302911043167114, 13377
4.302911043167114, 13376
4.302911043167114, 13375
4.302911043167114, 13374
4.302911043167114, 13373
4.302911043167114, 13372
4.302911043167114, 13371
4.303909063339233, 13370
4.303909063339233, 13369
4.303909063339233, 13368
4.303909063339233, 13367
4.303909063339233, 13366
4.303909063339233, 13365
4.303909063339233, 13364
4.303909063339233, 13363
4.303909063339233, 13362
4.303909063339233, 13361
4.303909063339233, 13360
4.303909063339233, 13359
4.303909063339233, 13358
4.303909063339233, 13357
4.304908990859985, 13356
4.304908990859985, 13355
4.304908990859985, 13354
4.304908990859985, 13353
4.304908990859985, 13352
4.304908990859985, 13351
4.304908990859985, 13350
4.304908990859985, 13349
4.304908990859985, 13348
4.304908990859985, 13347
4.304908990859985, 13346
4.304908990859985, 13345
4.304908990859985, 13344
4.304908990859985, 13343
4.305978059768677, 13342
4.305978059768677, 13341
4.305978059768677, 13340
4.305978059768677, 13339
4.305978059768677, 13338
4.305978059768677, 13337
4.305978059768677, 13336
4.305978059768677, 13335
4.305978059768677, 13334
4.305978059768677, 13333
4.305978059768677, 13332
4.305978059768677, 13331
4.305978059768677, 13330
4.305978059768677, 13329
4.306909561157227, 13328
4.306909561157227, 13327
4.306909561157227, 13326
4.306909561157227, 13325
4.306909561157227, 13324
4.306909561157227, 13323
4.306909561157227, 13322
4.306909561157227, 13321
4.306909561157227, 13320
4.306909561157227, 13319
4.306909561157227, 13318
4.306909561157227, 13317
4.306909561157227, 13316
4.306909561157227, 13315
4.307909250259399, 13314
4.307909250259399, 13313
4.307909250259399, 13312
4.307909250259399, 13311
4.307909250259399, 13310
8.776031970977783, 13309
8.776031970977783, 13308
8.776031970977783, 13307
8.776031970977783, 13306
8.776031970977783, 13305
8.776031970977783, 13304
8.776031970977783, 13303
8.776031970977783, 13302
8.776031970977783, 13301
8.776031970977783, 13300
8.776031970977783, 13299
8.77709674835205, 13298
8.77709674835205, 13297
8.77709674835205, 13296
8.77709674835205, 13295
8.77709674835205, 13294
8.77709674835205, 13293
8.77709674835205, 13292
8.77709674835205, 13291
8.77709674835205, 13290
8.77709674835205, 13289
8.77709674835205, 13288
8.77709674835205, 13287
8.77709674835205, 13286
8.778034925460815, 13285
8.778034925460815, 13284
8.778034925460815, 13283
8.778034925460815, 13282
8.778034925460815, 13281
8.778034925460815, 13280
8.778034925460815, 13279
8.778034925460815, 13278
8.778034925460815, 13277
8.778034925460815, 13276
8.778034925460815, 13275
8.778034925460815, 13274
8.778034925460815, 13273
8.779036521911621, 13272
8.779036521911621, 13271
8.779036521911621, 13270
8.779036521911621, 13269
8.779036521911621, 13268
8.779036521911621, 13267
8.779036521911621, 13266
8.779036521911621, 13265
8.779036521911621, 13264
8.779036521911621, 13263
8.779036521911621, 13262
8.779036521911621, 13261
8.779036521911621, 13260
8.779036521911621, 13259
8.779036521911621, 13258
8.780036449432373, 13257
8.780036449432373, 13256
8.780036449432373, 13255
8.780036449432373, 13254
8.780036449432373, 13253
8.780036449432373, 13252
8.780036449432373, 13251
8.780036449432373, 13250
8.780036449432373, 13249
8.780036449432373, 13248
8.780036449432373, 13247
8.780036449432373, 13246
8.780036449432373, 13245
8.780036449432373, 13244
8.781032085418701, 13243
8.781032085418701, 13242
8.781032085418701, 13241
8.781032085418701, 13240
8.781032085418701, 13239
8.781032085418701, 13238
8.781032085418701, 13237
