0.18987464904785156, 14073
0.18987464904785156, 14072
0.18987464904785156, 14071
0.18987464904785156, 14070
0.18987464904785156, 14069
0.18987464904785156, 14068
0.18987464904785156, 14067
0.18987464904785156, 14066
0.18987464904785156, 14065
0.18987464904785156, 14064
0.18987464904785156, 14063
0.18987464904785156, 14062
0.19087505340576172, 14061
0.19087505340576172, 14060
0.19087505340576172, 14059
0.19087505340576172, 14058
0.19087505340576172, 14057
0.19087505340576172, 14056
0.19087505340576172, 14055
0.19087505340576172, 14054
0.19087505340576172, 14053
0.19087505340576172, 14052
0.19087505340576172, 14051
0.19087505340576172, 14050
0.19087505340576172, 14049
0.19087505340576172, 14048
0.19087505340576172, 14047
0.19087505340576172, 14046
0.19187521934509277, 14045
0.19187521934509277, 14044
0.19187521934509277, 14043
0.19187521934509277, 14042
0.19187521934509277, 14041
0.19187521934509277, 14040
0.19187521934509277, 14039
0.19187521934509277, 14038
0.19187521934509277, 14037
0.19187521934509277, 14036
0.19187521934509277, 14035
0.19187521934509277, 14034
0.19187521934509277, 14033
0.19187521934509277, 14032
0.19187521934509277, 14031
0.19287490844726562, 14030
0.19287490844726562, 14029
0.19287490844726562, 14028
0.19287490844726562, 14027
0.19287490844726562, 14026
0.19287490844726562, 14025
0.19287490844726562, 14024
0.19287490844726562, 14023
0.19287490844726562, 14022
0.19287490844726562, 14021
0.19287490844726562, 14020
0.19287490844726562, 14019
0.19287490844726562, 14018
0.19287490844726562, 14017
0.19287490844726562, 14016
0.19387483596801758, 14015
0.19387483596801758, 14014
0.19387483596801758, 14013
0.19387483596801758, 14012
0.19387483596801758, 14011
0.19387483596801758, 14010
0.19387483596801758, 14009
0.19387483596801758, 14008
0.19387483596801758, 14007
0.19387483596801758, 14006
0.19387483596801758, 14005
0.19387483596801758, 14004
0.19387483596801758, 14003
0.19387483596801758, 14002
0.19387483596801758, 14001
0.19387483596801758, 14000
0.19487476348876953, 13999
0.19487476348876953, 13998
0.19487476348876953, 13997
0.19487476348876953, 13996
0.19487476348876953, 13995
0.19487476348876953, 13994
0.19487476348876953, 13993
0.19487476348876953, 13992
0.19487476348876953, 13991
0.19487476348876953, 13990
0.19487476348876953, 13989
0.19487476348876953, 13988
0.19487476348876953, 13987
0.19487476348876953, 13986
0.19487476348876953, 13985
0.19487476348876953, 13984
0.1960153579711914, 13983
0.1960153579711914, 13982
0.1960153579711914, 13981
0.1960153579711914, 13980
0.1960153579711914, 13979
0.1960153579711914, 13978
0.1960153579711914, 13977
0.1960153579711914, 13976
0.1960153579711914, 13975
0.1960153579711914, 13974
0.1960153579711914, 13973
0.19688010215759277, 13972
0.19688010215759277, 13971
0.19688010215759277, 13970
0.19688010215759277, 13969
0.19688010215759277, 13968
0.19688010215759277, 13967
0.19688010215759277, 13966
0.19688010215759277, 13965
0.19688010215759277, 13964
0.19688010215759277, 13963
0.19688010215759277, 13962
0.19688010215759277, 13961
0.1978769302368164, 13960
0.1978769302368164, 13959
0.1978769302368164, 13958
0.1978769302368164, 13957
0.1978769302368164, 13956
0.1978769302368164, 13955
0.1978769302368164, 13954
0.1978769302368164, 13953
0.1978769302368164, 13952
0.1978769302368164, 13951
0.1978769302368164, 13950
0.1978769302368164, 13949
0.1978769302368164, 13948
0.1978769302368164, 13947
0.1978769302368164, 13946
0.19894003868103027, 13945
0.19894003868103027, 13944
0.19894003868103027, 13943
0.19894003868103027, 13942
0.19894003868103027, 13941
0.19894003868103027, 13940
0.19894003868103027, 13939
0.19894003868103027, 13938
0.19894003868103027, 13937
0.19894003868103027, 13936
0.19894003868103027, 13935
0.19987726211547852, 13934
0.19987726211547852, 13933
0.19987726211547852, 13932
0.19987726211547852, 13931
0.19987726211547852, 13930
0.19987726211547852, 13929
0.19987726211547852, 13928
0.19987726211547852, 13927
0.19987726211547852, 13926
0.19987726211547852, 13925
0.19987726211547852, 13924
0.19987726211547852, 13923
0.19987726211547852, 13922
0.19987726211547852, 13921
0.19987726211547852, 13920
0.2008805274963379, 13919
0.2008805274963379, 13918
0.2008805274963379, 13917
0.2008805274963379, 13916
0.2008805274963379, 13915
0.2008805274963379, 13914
0.2008805274963379, 13913
0.2008805274963379, 13912
0.2008805274963379, 13911
0.2008805274963379, 13910
0.2008805274963379, 13909
0.2008805274963379, 13908
0.2008805274963379, 13907
0.2008805274963379, 13906
0.2008805274963379, 13905
0.20187830924987793, 13904
0.20187830924987793, 13903
0.20187830924987793, 13902
0.20187830924987793, 13901
0.20187830924987793, 13900
0.20187830924987793, 13899
0.20187830924987793, 13898
0.20187830924987793, 13897
0.20187830924987793, 13896
0.20187830924987793, 13895
0.20187830924987793, 13894
0.20187830924987793, 13893
0.20187830924987793, 13892
0.2028794288635254, 13891
0.2028794288635254, 13890
0.2028794288635254, 13889
0.2028794288635254, 13888
0.2028794288635254, 13887
0.2028794288635254, 13886
0.2028794288635254, 13885
0.2028794288635254, 13884
0.2028794288635254, 13883
0.2028794288635254, 13882
0.2028794288635254, 13881
0.2028794288635254, 13880
0.2028794288635254, 13879
0.2028794288635254, 13878
0.20387649536132812, 13877
0.20387649536132812, 13876
0.20387649536132812, 13875
0.20387649536132812, 13874
0.20387649536132812, 13873
0.20387649536132812, 13872
0.20387649536132812, 13871
0.20387649536132812, 13870
0.20387649536132812, 13869
0.20387649536132812, 13868
0.20387649536132812, 13867
0.20387649536132812, 13866
0.20387649536132812, 13865
0.20387649536132812, 13864
0.20387649536132812, 13863
0.2048788070678711, 13862
0.2048788070678711, 13861
0.2048788070678711, 13860
0.2048788070678711, 13859
0.2048788070678711, 13858
0.2048788070678711, 13857
0.2048788070678711, 13856
0.2048788070678711, 13855
0.2048788070678711, 13854
0.2048788070678711, 13853
0.2048788070678711, 13852
0.2048788070678711, 13851
0.2048788070678711, 13850
0.2048788070678711, 13849
0.2048788070678711, 13848
0.20587635040283203, 13847
0.20587635040283203, 13846
0.20587635040283203, 13845
0.20587635040283203, 13844
0.20587635040283203, 13843
0.20587635040283203, 13842
0.20587635040283203, 13841
0.20587635040283203, 13840
0.20587635040283203, 13839
0.20587635040283203, 13838
0.20587635040283203, 13837
0.20587635040283203, 13836
0.20587635040283203, 13835
0.20587635040283203, 13834
0.20587635040283203, 13833
0.2068769931793213, 13832
0.2068769931793213, 13831
0.2068769931793213, 13830
0.2068769931793213, 13829
0.2068769931793213, 13828
0.2068769931793213, 13827
0.2068769931793213, 13826
0.2068769931793213, 13825
0.2068769931793213, 13824
0.2068769931793213, 13823
0.2068769931793213, 13822
0.2068769931793213, 13821
0.2068769931793213, 13820
0.2068769931793213, 13819
0.2068769931793213, 13818
0.20787596702575684, 13817
0.20787596702575684, 13816
0.20787596702575684, 13815
0.20787596702575684, 13814
0.20787596702575684, 13813
0.20787596702575684, 13812
0.20787596702575684, 13811
0.20787596702575684, 13810
0.20787596702575684, 13809
0.20787596702575684, 13808
0.20787596702575684, 13807
0.20787596702575684, 13806
0.20787596702575684, 13805
0.20787596702575684, 13804
0.20787596702575684, 13803
0.20787596702575684, 13802
0.2088758945465088, 13801
0.2088758945465088, 13800
0.2088758945465088, 13799
0.2088758945465088, 13798
0.2088758945465088, 13797
0.2088758945465088, 13796
0.2088758945465088, 13795
0.2088758945465088, 13794
0.2088758945465088, 13793
0.2088758945465088, 13792
0.2088758945465088, 13791
0.2088758945465088, 13790
0.2088758945465088, 13789
0.2088758945465088, 13788
0.2088758945465088, 13787
0.20987606048583984, 13786
0.20987606048583984, 13785
0.20987606048583984, 13784
0.20987606048583984, 13783
0.20987606048583984, 13782
0.20987606048583984, 13781
0.20987606048583984, 13780
0.20987606048583984, 13779
0.20987606048583984, 13778
0.20987606048583984, 13777
0.20987606048583984, 13776
0.20987606048583984, 13775
0.20987606048583984, 13774
0.20987606048583984, 13773
0.20987606048583984, 13772
0.21087646484375, 13771
0.21087646484375, 13770
0.21087646484375, 13769
0.21087646484375, 13768
0.21087646484375, 13767
0.21087646484375, 13766
0.21087646484375, 13765
0.21087646484375, 13764
0.21087646484375, 13763
0.21087646484375, 13762
0.21087646484375, 13761
0.21087646484375, 13760
0.21087646484375, 13759
0.21187710762023926, 13758
0.21195077896118164, 13757
0.21195077896118164, 13756
0.21195077896118164, 13755
0.21195077896118164, 13754
0.21195077896118164, 13753
0.21195077896118164, 13752
0.21195077896118164, 13751
0.21296072006225586, 13750
0.21296072006225586, 13749
0.21296072006225586, 13748
0.21296072006225586, 13747
0.21296072006225586, 13746
0.21296072006225586, 13745
0.21396160125732422, 13744
0.21396160125732422, 13743
0.21396160125732422, 13742
0.21396160125732422, 13741
0.21396160125732422, 13740
0.21396160125732422, 13739
0.21396160125732422, 13738
0.21396160125732422, 13737
0.21496295928955078, 13736
0.21496295928955078, 13735
0.21496295928955078, 13734
0.21496295928955078, 13733
0.21496295928955078, 13732
0.5809447765350342, 13731
0.5809447765350342, 13730
0.5809447765350342, 13729
0.5809447765350342, 13728
0.5809447765350342, 13727
0.5809447765350342, 13726
0.5809447765350342, 13725
0.5809447765350342, 13724
0.5809447765350342, 13723
0.5809447765350342, 13722
0.5809447765350342, 13721
0.5819382667541504, 13720
0.5819382667541504, 13719
0.5819382667541504, 13718
0.5819382667541504, 13717
0.5819382667541504, 13716
0.5819382667541504, 13715
0.5819382667541504, 13714
0.5819382667541504, 13713
0.5819382667541504, 13712
0.5819382667541504, 13711
0.5819382667541504, 13710
0.5819382667541504, 13709
0.5819382667541504, 13708
0.5819382667541504, 13707
0.5819382667541504, 13706
0.5829389095306396, 13705
0.5829389095306396, 13704
0.5829389095306396, 13703
0.5829389095306396, 13702
0.5829389095306396, 13701
0.5829389095306396, 13700
0.5829389095306396, 13699
0.5829389095306396, 13698
0.5829389095306396, 13697
0.5829389095306396, 13696
0.5829389095306396, 13695
0.5829389095306396, 13694
0.5829389095306396, 13693
0.5839369297027588, 13692
0.5839369297027588, 13691
0.5839369297027588, 13690
0.5839369297027588, 13689
0.5839369297027588, 13688
0.5839369297027588, 13687
0.5839369297027588, 13686
0.5839369297027588, 13685
0.5839369297027588, 13684
0.5839369297027588, 13683
0.5839369297027588, 13682
0.5839369297027588, 13681
0.5839369297027588, 13680
0.5839369297027588, 13679
0.5839369297027588, 13678
0.5849368572235107, 13677
0.5849368572235107, 13676
0.5849368572235107, 13675
0.5849368572235107, 13674
0.5849368572235107, 13673
0.5849368572235107, 13672
0.5849368572235107, 13671
0.5849368572235107, 13670
0.5849368572235107, 13669
0.5849368572235107, 13668
0.5849368572235107, 13667
0.5849368572235107, 13666
0.5849368572235107, 13665
0.5849368572235107, 13664
0.5849368572235107, 13663
0.5859367847442627, 13662
0.5859367847442627, 13661
0.5859367847442627, 13660
0.5859367847442627, 13659
0.5859367847442627, 13658
0.5859367847442627, 13657
0.5859367847442627, 13656
0.5859367847442627, 13655
0.5859367847442627, 13654
0.5859367847442627, 13653
0.5859367847442627, 13652
0.5859367847442627, 13651
0.5859367847442627, 13650
0.5859367847442627, 13649
0.5859367847442627, 13648
0.5869944095611572, 13647
0.5869944095611572, 13646
0.5869944095611572, 13645
0.5869944095611572, 13644
0.5869944095611572, 13643
0.5869944095611572, 13642
0.5869944095611572, 13641
0.5869944095611572, 13640
0.5869944095611572, 13639
0.5869944095611572, 13638
0.5869944095611572, 13637
0.5879390239715576, 13636
0.5879390239715576, 13635
0.5879390239715576, 13634
0.5879390239715576, 13633
0.5879390239715576, 13632
0.5879390239715576, 13631
0.5879390239715576, 13630
0.5879390239715576, 13629
0.5879390239715576, 13628
0.5879390239715576, 13627
0.5879390239715576, 13626
0.5879390239715576, 13625
0.5879390239715576, 13624
0.5879390239715576, 13623
0.5879390239715576, 13622
0.5889389514923096, 13621
0.5889389514923096, 13620
0.5889389514923096, 13619
0.5889389514923096, 13618
0.5889389514923096, 13617
0.5889389514923096, 13616
0.5889389514923096, 13615
0.5889389514923096, 13614
0.5889389514923096, 13613
0.5889389514923096, 13612
0.5889389514923096, 13611
0.5896687507629395, 13610
0.5896687507629395, 13609
0.5896687507629395, 13608
0.5896687507629395, 13607
0.5899384021759033, 13606
0.5899384021759033, 13605
0.5899384021759033, 13604
0.5899384021759033, 13603
0.5899384021759033, 13602
0.5899384021759033, 13601
0.5899384021759033, 13600
0.5899384021759033, 13599
0.5899384021759033, 13598
0.5899384021759033, 13597
0.5899384021759033, 13596
0.5899384021759033, 13595
0.5899384021759033, 13594
0.5899384021759033, 13593
0.5899384021759033, 13592
0.5909380912780762, 13591
0.5909380912780762, 13590
0.5909380912780762, 13589
0.5909380912780762, 13588
0.5909380912780762, 13587
0.5909380912780762, 13586
0.5909380912780762, 13585
0.5909380912780762, 13584
0.5909380912780762, 13583
0.5909380912780762, 13582
0.5909380912780762, 13581
0.5909380912780762, 13580
0.5909380912780762, 13579
0.5909380912780762, 13578
0.5909380912780762, 13577
0.5919380187988281, 13576
0.5919380187988281, 13575
0.5919380187988281, 13574
0.5919380187988281, 13573
0.5919380187988281, 13572
0.5919380187988281, 13571
0.5919380187988281, 13570
0.5919380187988281, 13569
0.5919380187988281, 13568
0.5919380187988281, 13567
0.5919380187988281, 13566
0.5919380187988281, 13565
0.5919380187988281, 13564
0.5919380187988281, 13563
0.5919380187988281, 13562
0.5929388999938965, 13561
0.5929388999938965, 13560
0.5929388999938965, 13559
0.5929388999938965, 13558
0.5929388999938965, 13557
0.5929388999938965, 13556
0.5929388999938965, 13555
0.5929388999938965, 13554
0.5929388999938965, 13553
0.5929388999938965, 13552
0.5929388999938965, 13551
0.5929388999938965, 13550
0.5929388999938965, 13549
0.5929388999938965, 13548
0.5929388999938965, 13547
0.5939383506774902, 13546
0.5939383506774902, 13545
0.5939383506774902, 13544
0.5939383506774902, 13543
0.5939383506774902, 13542
0.5939383506774902, 13541
0.5939383506774902, 13540
0.5939383506774902, 13539
0.5939383506774902, 13538
0.5939383506774902, 13537
0.5939383506774902, 13536
0.5939383506774902, 13535
0.5939383506774902, 13534
0.5939383506774902, 13533
0.5939383506774902, 13532
0.5939383506774902, 13531
0.594937801361084, 13530
0.594937801361084, 13529
0.594937801361084, 13528
0.594937801361084, 13527
0.594937801361084, 13526
0.594937801361084, 13525
0.594937801361084, 13524
0.594937801361084, 13523
0.594937801361084, 13522
0.594937801361084, 13521
0.594937801361084, 13520
0.594937801361084, 13519
0.594937801361084, 13518
0.594937801361084, 13517
0.594937801361084, 13516
0.5959377288818359, 13515
0.5959377288818359, 13514
0.5959377288818359, 13513
0.5959377288818359, 13512
0.5959377288818359, 13511
0.5959377288818359, 13510
0.5959377288818359, 13509
0.5959377288818359, 13508
0.5959377288818359, 13507
0.5959377288818359, 13506
0.5959377288818359, 13505
0.5959377288818359, 13504
0.5959377288818359, 13503
0.5959377288818359, 13502
0.5969383716583252, 13501
0.5969383716583252, 13500
0.5969383716583252, 13499
0.5969383716583252, 13498
0.5969383716583252, 13497
0.5969383716583252, 13496
0.5969383716583252, 13495
0.5969383716583252, 13494
0.5969383716583252, 13493
0.5969383716583252, 13492
0.5969383716583252, 13491
0.5969383716583252, 13490
0.5969383716583252, 13489
0.5969383716583252, 13488
0.5969383716583252, 13487
0.5979385375976562, 13486
0.5979385375976562, 13485
0.5979385375976562, 13484
0.5979385375976562, 13483
0.5979385375976562, 13482
0.5979385375976562, 13481
0.5979385375976562, 13480
0.5979385375976562, 13479
0.5979385375976562, 13478
0.5979385375976562, 13477
0.5979385375976562, 13476
0.5979385375976562, 13475
1.177725076675415, 13474
1.177725076675415, 13473
1.177725076675415, 13472
1.177725076675415, 13471
1.177725076675415, 13470
1.177725076675415, 13469
1.177725076675415, 13468
1.177725076675415, 13467
1.178725242614746, 13466
1.178725242614746, 13465
1.178725242614746, 13464
1.178725242614746, 13463
1.178725242614746, 13462
1.178725242614746, 13461
1.178725242614746, 13460
1.178725242614746, 13459
1.178725242614746, 13458
1.178725242614746, 13457
1.178725242614746, 13456
1.178725242614746, 13455
1.178725242614746, 13454
1.178725242614746, 13453
6.004631996154785, 13452
6.004631996154785, 13451
6.004631996154785, 13450
6.004631996154785, 13449
6.004631996154785, 13448
6.005631923675537, 13447
6.005631923675537, 13446
6.005631923675537, 13445
6.005829095840454, 13444
6.005829095840454, 13443
6.005829095840454, 13442
6.005829095840454, 13441
6.005829095840454, 13440
6.005829095840454, 13439
6.005829095840454, 13438
6.005829095840454, 13437
6.005829095840454, 13436
6.005829095840454, 13435
6.005829095840454, 13434
6.005829095840454, 13433
6.006631851196289, 13432
6.006631851196289, 13431
6.006631851196289, 13430
6.006631851196289, 13429
6.006631851196289, 13428
6.006631851196289, 13427
6.006631851196289, 13426
6.006631851196289, 13425
6.006631851196289, 13424
6.006631851196289, 13423
6.006631851196289, 13422
6.006631851196289, 13421
6.006631851196289, 13420
6.006631851196289, 13419
6.007631063461304, 13418
6.007631063461304, 13417
6.007631063461304, 13416
6.007631063461304, 13415
6.007631063461304, 13414
6.007631063461304, 13413
6.007631063461304, 13412
6.007631063461304, 13411
6.007631063461304, 13410
6.007631063461304, 13409
6.007631063461304, 13408
6.007631063461304, 13407
6.007631063461304, 13406
6.007631063461304, 13405
6.008631229400635, 13404
6.008631229400635, 13403
6.008631229400635, 13402
6.008631229400635, 13401
6.008631229400635, 13400
6.008631229400635, 13399
6.008631229400635, 13398
6.008631229400635, 13397
6.008631229400635, 13396
6.008631229400635, 13395
6.008631229400635, 13394
6.008631229400635, 13393
6.008631229400635, 13392
6.008631229400635, 13391
6.008631229400635, 13390
6.009631156921387, 13389
6.009631156921387, 13388
6.009631156921387, 13387
6.009631156921387, 13386
6.009950876235962, 13385
6.009950876235962, 13384
6.009950876235962, 13383
6.009950876235962, 13382
6.009950876235962, 13381
6.009950876235962, 13380
6.009950876235962, 13379
6.009950876235962, 13378
6.009950876235962, 13377
6.009950876235962, 13376
6.010631322860718, 13375
6.010631322860718, 13374
6.010631322860718, 13373
6.010631322860718, 13372
6.010631322860718, 13371
6.010631322860718, 13370
6.010631322860718, 13369
6.010631322860718, 13368
6.010631322860718, 13367
6.010631322860718, 13366
6.010631322860718, 13365
6.010631322860718, 13364
6.010631322860718, 13363
6.010631322860718, 13362
6.010631322860718, 13361
6.01163125038147, 13360
6.01163125038147, 13359
6.01163125038147, 13358
6.01163125038147, 13357
6.01163125038147, 13356
6.01163125038147, 13355
6.01163125038147, 13354
6.01163125038147, 13353
6.01163125038147, 13352
6.01163125038147, 13351
6.01163125038147, 13350
6.01163125038147, 13349
6.01163125038147, 13348
6.01163125038147, 13347
6.01163125038147, 13346
6.0126543045043945, 13345
6.0126543045043945, 13344
6.012827634811401, 13343
6.012827634811401, 13342
6.012827634811401, 13341
6.012827634811401, 13340
6.012827634811401, 13339
6.012827634811401, 13338
6.012827634811401, 13337
6.012827634811401, 13336
6.012827634811401, 13335
6.012827634811401, 13334
6.012827634811401, 13333
6.012827634811401, 13332
6.0136542320251465, 13331
6.0136542320251465, 13330
6.0136542320251465, 13329
6.0136542320251465, 13328
6.0136542320251465, 13327
6.0136542320251465, 13326
6.0136542320251465, 13325
6.0136542320251465, 13324
6.0136542320251465, 13323
6.0136542320251465, 13322
6.0136542320251465, 13321
6.0136542320251465, 13320
6.0136542320251465, 13319
6.0136542320251465, 13318
6.0136542320251465, 13317
6.014653921127319, 13316
6.014653921127319, 13315
6.014653921127319, 13314
6.014653921127319, 13313
6.014653921127319, 13312
6.014653921127319, 13311
6.014653921127319, 13310
6.014653921127319, 13309
6.014653921127319, 13308
6.014653921127319, 13307
6.7277607917785645, 13306
6.7277607917785645, 13305
6.7277607917785645, 13304
6.7277607917785645, 13303
6.7277607917785645, 13302
6.7287609577178955, 13301
6.7287609577178955, 13300
6.7287609577178955, 13299
6.7287609577178955, 13298
6.7287609577178955, 13297
6.7287609577178955, 13296
6.7287609577178955, 13295
6.7287609577178955, 13294
6.7287609577178955, 13293
6.7287609577178955, 13292
6.7287609577178955, 13291
6.7287609577178955, 13290
6.7287609577178955, 13289
6.7287609577178955, 13288
6.7297608852386475, 13287
6.7297608852386475, 13286
6.7297608852386475, 13285
6.7297608852386475, 13284
9.923948764801025, 10510
9.923948764801025, 10509
9.923948764801025, 10508
9.923948764801025, 10507
9.923948764801025, 10506
9.923948764801025, 10505
9.924949169158936, 10504
9.924949169158936, 10503
9.924949169158936, 10502
9.924949169158936, 10501
9.924949169158936, 10500
9.924949169158936, 10499
9.924949169158936, 10498
9.924949169158936, 10497
9.924949169158936, 10496
9.924949169158936, 10495
9.924949169158936, 10494
9.924949169158936, 10493
9.924949169158936, 10492
9.924949169158936, 10491
9.925948858261108, 10490
9.925948858261108, 10489
9.925948858261108, 10488
9.925948858261108, 10487
9.925948858261108, 10486
9.925948858261108, 10485
9.925948858261108, 10484
9.925948858261108, 10483
9.925948858261108, 10482
9.925948858261108, 10481
9.925948858261108, 10480
9.925948858261108, 10479
9.925948858261108, 10478
9.925948858261108, 10477
9.925948858261108, 10476
9.92694902420044, 10475
9.92694902420044, 10474
9.92694902420044, 10473
9.92694902420044, 10472
9.92694902420044, 10471
9.92694902420044, 10470
9.92694902420044, 10469
9.92694902420044, 10468
9.92694902420044, 10467
9.92694902420044, 10466
9.92694902420044, 10465
9.927718162536621, 10464
9.927718162536621, 10463
9.927718162536621, 10462
9.927948951721191, 10461
9.927948951721191, 10460
9.927948951721191, 10459
9.927948951721191, 10458
9.927948951721191, 10457
9.927948951721191, 10456
9.927948951721191, 10455
9.927948951721191, 10454
9.927948951721191, 10453
9.927948951721191, 10452
9.927948951721191, 10451
9.927948951721191, 10450
9.927948951721191, 10449
9.927948951721191, 10448
9.928948879241943, 10447
9.929089307785034, 10446
9.929089307785034, 10445
9.929089307785034, 10444
9.929089307785034, 10443
9.929089307785034, 10442
9.929089307785034, 10441
9.929089307785034, 10440
9.929089307785034, 10439
9.929089307785034, 10438
9.929089307785034, 10437
9.929089307785034, 10436
9.929948806762695, 10435
9.929948806762695, 10434
9.929948806762695, 10433
9.929948806762695, 10432
9.929948806762695, 10431
9.929948806762695, 10430
9.929948806762695, 10429
9.929948806762695, 10428
9.929948806762695, 10427
9.929948806762695, 10426
9.929948806762695, 10425
9.929948806762695, 10424
9.929948806762695, 10423
9.929948806762695, 10422
9.930948734283447, 10421
9.930948734283447, 10420
9.930948734283447, 10419
9.930948734283447, 10418
9.930948734283447, 10417
9.931453943252563, 10416
9.931453943252563, 10415
9.931453943252563, 10414
9.931453943252563, 10413
9.931453943252563, 10412
9.931453943252563, 10411
9.931453943252563, 10410
9.931958198547363, 10409
9.931958198547363, 10408
9.931958198547363, 10407
9.931958198547363, 10406
9.931958198547363, 10405
9.931958198547363, 10404
9.931958198547363, 10403
9.931958198547363, 10402
9.931958198547363, 10401
9.931958198547363, 10400
9.931958198547363, 10399
9.931958198547363, 10398
9.931958198547363, 10397
9.931958198547363, 10396
9.932964324951172, 10395
9.932964324951172, 10394
9.932964324951172, 10393
9.932964324951172, 10392
9.932964324951172, 10391
9.932964324951172, 10390
9.932964324951172, 10389
9.932964324951172, 10388
9.932964324951172, 10387
9.932964324951172, 10386
9.932964324951172, 10385
9.932964324951172, 10384
9.932964324951172, 10383
9.933964252471924, 10382
9.933964252471924, 10381
9.933964252471924, 10380
9.933964252471924, 10379
9.933964252471924, 10378
9.933964252471924, 10377
9.933964252471924, 10376
9.933964252471924, 10375
9.933964252471924, 10374
9.933964252471924, 10373
9.933964252471924, 10372
9.933964252471924, 10371
9.933964252471924, 10370
9.933964252471924, 10369
9.934964179992676, 10368
9.934964179992676, 10367
9.934964179992676, 10366
9.934964179992676, 10365
9.934964179992676, 10364
9.934964179992676, 10363
9.934964179992676, 10362
9.934964179992676, 10361
9.934964179992676, 10360
9.934964179992676, 10359
9.934964179992676, 10358
9.934964179992676, 10357
9.934964179992676, 10356
9.934964179992676, 10355
9.935964107513428, 10354
9.936033487319946, 10353
9.936033487319946, 10352
9.936033487319946, 10351
9.936033487319946, 10350
9.936033487319946, 10349
9.936033487319946, 10348
9.936033487319946, 10347
9.936033487319946, 10346
9.936033487319946, 10345
9.936033487319946, 10344
9.936033487319946, 10343
9.936033487319946, 10342
9.936033487319946, 10341
9.937029600143433, 10340
9.937029600143433, 10339
9.937029600143433, 10338
9.937029600143433, 10337
9.937029600143433, 10336
9.937029600143433, 10335
9.937029600143433, 10334
9.937029600143433, 10333
9.937029600143433, 10332
9.937029600143433, 10331
9.937029600143433, 10330
9.937029600143433, 10329
9.937029600143433, 10328
9.937964677810669, 10327
9.937964677810669, 10326
9.937964677810669, 10325
9.937964677810669, 10324
9.937964677810669, 10323
9.937964677810669, 10322
9.937964677810669, 10321
9.937964677810669, 10320
9.937964677810669, 10319
9.937964677810669, 10318
9.937964677810669, 10317
9.937964677810669, 10316
9.937964677810669, 10315
9.937964677810669, 10314
9.937964677810669, 10313
9.938964128494263, 10312
9.938964128494263, 10311
9.938964128494263, 10310
9.938964128494263, 10309
9.938964128494263, 10308
9.938964128494263, 10307
9.938964128494263, 10306
9.938964128494263, 10305
9.938964128494263, 10304
9.938964128494263, 10303
9.938964128494263, 10302
9.938964128494263, 10301
9.939964294433594, 10300
9.939964294433594, 10299
9.939964294433594, 10298
9.939964294433594, 10297
9.939964294433594, 10296
9.939964294433594, 10295
9.939964294433594, 10294
9.939964294433594, 10293
9.939964294433594, 10292
9.939964294433594, 10291
9.939964294433594, 10290
9.939964294433594, 10289
9.939964294433594, 10288
9.940963983535767, 10287
9.940963983535767, 10286
9.940963983535767, 10285
9.940963983535767, 10284
9.940963983535767, 10283
9.940963983535767, 10282
9.940963983535767, 10281
9.941456079483032, 10280
9.941456079483032, 10279
9.941456079483032, 10278
9.941456079483032, 10277
9.941456079483032, 10276
9.941456079483032, 10275
9.941456079483032, 10274
9.941960334777832, 10273
9.941960334777832, 10272
9.941960334777832, 10271
9.941960334777832, 10270
9.941960334777832, 10269
9.941960334777832, 10268
9.941960334777832, 10267
9.941960334777832, 10266
9.941960334777832, 10265
9.941960334777832, 10264
9.941960334777832, 10263
9.941960334777832, 10262
9.941960334777832, 10261
9.942965507507324, 10260
9.942965507507324, 10259
9.942965507507324, 10258
9.942965507507324, 10257
9.942965507507324, 10256
9.942965507507324, 10255
9.942965507507324, 10254
9.942965507507324, 10253
9.942965507507324, 10252
9.942965507507324, 10251
9.942965507507324, 10250
9.942965507507324, 10249
9.942965507507324, 10248
9.943965435028076, 10247
9.943965435028076, 10246
9.943965435028076, 10245
9.943965435028076, 10244
9.943965435028076, 10243
9.943965435028076, 10242
9.943965435028076, 10241
9.943965435028076, 10240
9.943965435028076, 10239
9.943965435028076, 10238
9.943965435028076, 10237
9.943965435028076, 10236
9.943965435028076, 10235
9.944965600967407, 10234
9.944965600967407, 10233
9.944965600967407, 10232
9.944965600967407, 10231
9.944965600967407, 10230
9.944965600967407, 10229
9.944965600967407, 10228
9.944965600967407, 10227
9.944965600967407, 10226
9.944965600967407, 10225
9.944965600967407, 10224
9.944965600967407, 10223
9.944965600967407, 10222
9.944965600967407, 10221
9.944965600967407, 10220
9.94596552848816, 10219
9.94596552848816, 10218
9.94596552848816, 10217
9.94596552848816, 10216
9.94596552848816, 10215
9.94596552848816, 10214
9.94596552848816, 10213
9.94596552848816, 10212
9.94596552848816, 10211
9.94596552848816, 10210
9.946965456008911, 10209
9.946965456008911, 10208
9.946965456008911, 10207
9.946965456008911, 10206
9.946965456008911, 10205
9.946965456008911, 10204
9.946965456008911, 10203
9.946965456008911, 10202
9.946965456008911, 10201
9.946965456008911, 10200
9.946965456008911, 10199
9.946965456008911, 10198
9.946965456008911, 10197
9.946965456008911, 10196
9.946965456008911, 10195
9.947965383529663, 10194
9.947965383529663, 10193
9.947965383529663, 10192
9.947965383529663, 10191
9.947965383529663, 10190
9.947965383529663, 10189
9.947965383529663, 10188
9.947965383529663, 10187
9.947965383529663, 10186
9.947965383529663, 10185
9.947965383529663, 10184
9.947965383529663, 10183
9.947965383529663, 10182
9.948965549468994, 10181
9.948965549468994, 10180
9.948965549468994, 10179
9.948965549468994, 10178
9.948965549468994, 10177
9.948965549468994, 10176
9.948965549468994, 10175
9.948965549468994, 10174
9.949551820755005, 10173
9.949551820755005, 10172
9.949551820755005, 10171
9.949551820755005, 10170
9.949551820755005, 10169
9.949551820755005, 10168
9.949965238571167, 10167
9.949965238571167, 10166
9.949965238571167, 10165
9.949965238571167, 10164
9.949965238571167, 10163
9.949965238571167, 10162
9.949965238571167, 10161
9.949965238571167, 10160
9.949965238571167, 10159
9.949965238571167, 10158
9.949965238571167, 10157
9.949965238571167, 10156
9.949965238571167, 10155
9.949965238571167, 10154
9.950965404510498, 10153
9.950965404510498, 10152
9.950965404510498, 10151
9.950965404510498, 10150
9.950965404510498, 10149
9.950965404510498, 10148
9.950965404510498, 10147
9.950965404510498, 10146
9.950965404510498, 10145
9.950965404510498, 10144
9.950965404510498, 10143
9.950965404510498, 10142
9.950965404510498, 10141
9.950965404510498, 10140
9.951965093612671, 10139
9.951965093612671, 10138
9.951965093612671, 10137
9.951965093612671, 10136
9.951965093612671, 10135
9.951965093612671, 10134
9.951965093612671, 10133
9.951965093612671, 10132
9.951965093612671, 10131
9.951965093612671, 10130
9.951965093612671, 10129
9.951965093612671, 10128
9.952965259552002, 10127
9.952965259552002, 10126
9.952965259552002, 10125
9.952965259552002, 10124
9.952965259552002, 10123
9.952965259552002, 10122
9.952965259552002, 10121
9.952965259552002, 10120
9.952965259552002, 10119
9.952965259552002, 10118
9.952965259552002, 10117
9.952965259552002, 10116
9.952965259552002, 10115
9.95396637916565, 10114
9.95396637916565, 10113
9.95396637916565, 10112
9.95396637916565, 10111
9.95396637916565, 10110
9.95396637916565, 10109
9.95396637916565, 10108
9.95396637916565, 10107
9.95396637916565, 10106
9.95396637916565, 10105
9.95396637916565, 10104
9.95396637916565, 10103
9.95396637916565, 10102
9.954965829849243, 10101
9.954965829849243, 10100
9.954965829849243, 10099
9.954965829849243, 10098
9.954965829849243, 10097
9.954965829849243, 10096
9.954965829849243, 10095
9.954965829849243, 10094
9.954965829849243, 10093
9.954965829849243, 10092
9.954965829849243, 10091
9.954965829849243, 10090
9.954965829849243, 10089
9.954965829849243, 10088
9.955965757369995, 10087
9.955965757369995, 10086
9.955965757369995, 10085
9.956323862075806, 10084
9.956323862075806, 10083
9.956323862075806, 10082
9.956323862075806, 10081
9.956323862075806, 10080
9.956323862075806, 10079
9.956323862075806, 10078
9.956323862075806, 10077
9.956323862075806, 10076
9.956965923309326, 10075
9.956965923309326, 10074
9.956965923309326, 10073
9.956965923309326, 10072
9.956965923309326, 10071
9.956965923309326, 10070
9.956965923309326, 10069
9.957468032836914, 10068
9.957468032836914, 10067
9.957468032836914, 10066
9.957468032836914, 10065
9.957468032836914, 10064
9.957468032836914, 10063
9.957468032836914, 10062
9.957966089248657, 10061
9.957966089248657, 10060
9.957966089248657, 10059
9.957966089248657, 10058
9.957966089248657, 10057
9.957966089248657, 10056
9.957966089248657, 10055
9.957966089248657, 10054
9.957966089248657, 10053
9.957966089248657, 10052
9.957966089248657, 10051
9.957966089248657, 10050
9.957966089248657, 10049
9.958965539932251, 10048
9.958965539932251, 10047
9.958965539932251, 10046
9.958965539932251, 10045
9.958965539932251, 10044
9.958965539932251, 10043
9.958965539932251, 10042
9.958965539932251, 10041
9.958965539932251, 10040
9.958965539932251, 10039
9.958965539932251, 10038
9.958965539932251, 10037
9.958965539932251, 10036
9.958965539932251, 10035
9.959933280944824, 10034
9.959933280944824, 10033
9.959933280944824, 10032
9.959933280944824, 10031
9.959933280944824, 10030
9.959933280944824, 10029
9.959933280944824, 10028
9.959933280944824, 10027
9.959933280944824, 10026
9.959933280944824, 10025
9.959933280944824, 10024
9.959933280944824, 10023
9.959933280944824, 10022
9.959933280944824, 10021
9.960965394973755, 10020
9.960965394973755, 10019
9.960965394973755, 10018
9.960965394973755, 10017
9.960965394973755, 10016
9.960965394973755, 10015
9.960965394973755, 10014
9.960965394973755, 10013
9.960965394973755, 10012
9.960965394973755, 10011
9.960965394973755, 10010
9.960965394973755, 10009
9.960965394973755, 10008
9.960965394973755, 10007
9.960965394973755, 10006
9.961965560913086, 10005
9.961965560913086, 10004
9.961965560913086, 10003
9.961965560913086, 10002
9.961965560913086, 10001
9.961965560913086, 10000
9.961965560913086, 9999
9.961965560913086, 9998
9.961965560913086, 9997
9.961965560913086, 9996
9.961965560913086, 9995
9.961965560913086, 9994
9.961965560913086, 9993
9.961965560913086, 9992
9.962965488433838, 9991
9.962965488433838, 9990
9.962965488433838, 9989
9.962965488433838, 9988
9.962965488433838, 9987
9.962965488433838, 9986
9.962965488433838, 9985
9.962965488433838, 9984
9.962965488433838, 9983
9.962965488433838, 9982
9.962965488433838, 9981
9.962965488433838, 9980
9.962965488433838, 9979
9.96396541595459, 9978
9.96396541595459, 9977
9.96396541595459, 9976
9.96396541595459, 9975
9.96396541595459, 9974
9.96396541595459, 9973
9.96396541595459, 9972
9.96396541595459, 9971
9.96396541595459, 9970
9.96396541595459, 9969
9.96396541595459, 9968
9.96396541595459, 9967
9.96396541595459, 9966
9.964965581893921, 9965
9.964965581893921, 9964
9.964965581893921, 9963
9.964965581893921, 9962
9.964965581893921, 9961
9.964965581893921, 9960
9.964965581893921, 9959
9.964965581893921, 9958
9.964965581893921, 9957
9.964965581893921, 9956
9.964965581893921, 9955
9.964965581893921, 9954
9.964965581893921, 9953
9.964965581893921, 9952
9.965965270996094, 9951
9.965965270996094, 9950
9.965965270996094, 9949
9.965965270996094, 9948
9.965965270996094, 9947
9.966315746307373, 9946
9.966315746307373, 9945
9.966315746307373, 9944
9.966315746307373, 9943
9.966315746307373, 9942
9.966315746307373, 9941
9.966315746307373, 9940
9.966315746307373, 9939
9.966315746307373, 9938
9.966965436935425, 9937
9.966965436935425, 9936
9.966965436935425, 9935
9.966965436935425, 9934
9.966965436935425, 9933
9.966965436935425, 9932
9.966965436935425, 9931
9.966965436935425, 9930
9.966965436935425, 9929
9.966965436935425, 9928
9.966965436935425, 9927
9.966965436935425, 9926
9.966965436935425, 9925
9.966965436935425, 9924
9.967965364456177, 9923
9.967965364456177, 9922
9.967965364456177, 9921
9.967965364456177, 9920
9.967965364456177, 9919
9.967965364456177, 9918
9.967965364456177, 9917
9.967965364456177, 9916
9.967965364456177, 9915
9.967965364456177, 9914
9.967965364456177, 9913
9.967965364456177, 9912
9.967965364456177, 9911
9.967965364456177, 9910
9.969019412994385, 9909
9.969019412994385, 9908
9.969019412994385, 9907
9.969019412994385, 9906
10.138992547988892, 9905
10.138992547988892, 9904
10.138992547988892, 9903
10.138992547988892, 9902
10.139992475509644, 9901
10.139992475509644, 9900
10.139992475509644, 9899
10.139992475509644, 9898
10.139992475509644, 9897
10.139992475509644, 9896
10.139992475509644, 9895
10.139992475509644, 9894
10.139992475509644, 9893
10.139992475509644, 9892
10.14099407196045, 9891
10.14099407196045, 9890
10.14099407196045, 9889
10.14099407196045, 9888
10.14099407196045, 9887
10.14099407196045, 9886
10.14099407196045, 9885
10.14099407196045, 9884
10.14099407196045, 9883
10.14099407196045, 9882
10.141994953155518, 9881
10.141994953155518, 9880
10.141994953155518, 9879
10.141994953155518, 9878
10.141994953155518, 9877
10.141994953155518, 9876
10.141994953155518, 9875
10.141994953155518, 9874
10.141994953155518, 9873
