0.17693376541137695, 14073
0.17693376541137695, 14072
0.17733383178710938, 14071
0.17733383178710938, 14070
0.17733383178710938, 14069
0.17733383178710938, 14068
0.17733383178710938, 14067
0.17733383178710938, 14066
0.17733383178710938, 14065
0.17733383178710938, 14064
0.17733383178710938, 14063
0.17733383178710938, 14062
0.17733383178710938, 14061
0.17733383178710938, 14060
0.17733383178710938, 14059
0.17733383178710938, 14058
0.17833375930786133, 14057
0.17833375930786133, 14056
0.17833375930786133, 14055
0.17833375930786133, 14054
0.17833375930786133, 14053
0.17833375930786133, 14052
0.17833375930786133, 14051
0.17833375930786133, 14050
0.17833375930786133, 14049
0.17833375930786133, 14048
0.17833375930786133, 14047
0.17833375930786133, 14046
0.17833375930786133, 14045
0.17833375930786133, 14044
0.17833375930786133, 14043
0.17933320999145508, 14042
0.17933320999145508, 14041
0.17933320999145508, 14040
0.17933320999145508, 14039
0.17933320999145508, 14038
0.17933320999145508, 14037
0.17933320999145508, 14036
0.17933320999145508, 14035
0.17933320999145508, 14034
0.17933320999145508, 14033
0.17933320999145508, 14032
0.17933320999145508, 14031
0.17933320999145508, 14030
0.17933320999145508, 14029
0.17933320999145508, 14028
0.17933320999145508, 14027
0.18033313751220703, 14026
0.18033313751220703, 14025
0.18033313751220703, 14024
0.18033313751220703, 14023
0.18033313751220703, 14022
0.18033313751220703, 14021
0.18033313751220703, 14020
0.18033313751220703, 14019
0.18033313751220703, 14018
0.18033313751220703, 14017
0.18033313751220703, 14016
0.18033313751220703, 14015
0.18033313751220703, 14014
0.18033313751220703, 14013
0.18033313751220703, 14012
0.18133330345153809, 14011
0.18133330345153809, 14010
0.18133330345153809, 14009
0.18133330345153809, 14008
0.18133330345153809, 14007
0.18133330345153809, 14006
0.18133330345153809, 14005
0.18133330345153809, 14004
0.18133330345153809, 14003
0.18133330345153809, 14002
0.18133330345153809, 14001
0.18133330345153809, 14000
0.18133330345153809, 13999
0.18133330345153809, 13998
0.18133330345153809, 13997
0.18133330345153809, 13996
0.18233323097229004, 13995
0.18233323097229004, 13994
0.18233323097229004, 13993
0.18233323097229004, 13992
0.18233323097229004, 13991
0.18233323097229004, 13990
0.18233323097229004, 13989
0.18233323097229004, 13988
0.18233323097229004, 13987
0.18233323097229004, 13986
0.18233323097229004, 13985
0.18233323097229004, 13984
0.18233323097229004, 13983
0.18233323097229004, 13982
0.18233323097229004, 13981
0.183333158493042, 13980
0.183333158493042, 13979
0.183333158493042, 13978
0.183333158493042, 13977
0.183333158493042, 13976
0.183333158493042, 13975
0.183333158493042, 13974
0.183333158493042, 13973
0.183333158493042, 13972
0.183333158493042, 13971
0.183333158493042, 13970
0.183333158493042, 13969
0.183333158493042, 13968
0.183333158493042, 13967
0.183333158493042, 13966
0.183333158493042, 13965
0.18433308601379395, 13964
0.18433308601379395, 13963
0.18433308601379395, 13962
0.18433308601379395, 13961
0.18433308601379395, 13960
0.18468713760375977, 13959
0.18468713760375977, 13958
0.18468713760375977, 13957
0.18468713760375977, 13956
0.18468713760375977, 13955
0.18468713760375977, 13954
0.18468713760375977, 13953
0.18519139289855957, 13952
0.18519139289855957, 13951
0.18519139289855957, 13950
0.18519139289855957, 13949
0.18519139289855957, 13948
0.18519139289855957, 13947
0.18519139289855957, 13946
0.18519139289855957, 13945
0.18519139289855957, 13944
0.18519139289855957, 13943
0.18519139289855957, 13942
0.18519139289855957, 13941
0.18519139289855957, 13940
0.18519139289855957, 13939
0.18519139289855957, 13938
0.18519139289855957, 13937
0.18619775772094727, 13936
0.18619775772094727, 13935
0.18619775772094727, 13934
0.18619775772094727, 13933
0.18619775772094727, 13932
0.18619775772094727, 13931
0.18619775772094727, 13930
0.18619775772094727, 13929
0.18619775772094727, 13928
0.18619775772094727, 13927
0.18619775772094727, 13926
0.18619775772094727, 13925
0.18619775772094727, 13924
0.18619775772094727, 13923
0.18619775772094727, 13922
0.18719744682312012, 13921
0.18719744682312012, 13920
0.18719744682312012, 13919
0.18719744682312012, 13918
0.18719744682312012, 13917
0.18719744682312012, 13916
0.18719744682312012, 13915
0.18719744682312012, 13914
0.18719744682312012, 13913
0.18719744682312012, 13912
0.18719744682312012, 13911
0.18719744682312012, 13910
0.18719744682312012, 13909
0.18719744682312012, 13908
0.18719744682312012, 13907
0.18719744682312012, 13906
0.18819761276245117, 13905
0.18819761276245117, 13904
0.18819761276245117, 13903
0.18819761276245117, 13902
0.18819761276245117, 13901
0.18819761276245117, 13900
0.18819761276245117, 13899
0.18819761276245117, 13898
0.18819761276245117, 13897
0.18819761276245117, 13896
0.18819761276245117, 13895
0.18819761276245117, 13894
0.18819761276245117, 13893
0.18819761276245117, 13892
0.18819761276245117, 13891
0.18819761276245117, 13890
0.18919754028320312, 13889
0.18919754028320312, 13888
0.18919754028320312, 13887
0.18919754028320312, 13886
0.18919754028320312, 13885
0.18919754028320312, 13884
0.18919754028320312, 13883
0.18919754028320312, 13882
0.18919754028320312, 13881
0.18919754028320312, 13880
0.18919754028320312, 13879
0.18919754028320312, 13878
0.18919754028320312, 13877
0.18919754028320312, 13876
0.18919754028320312, 13875
0.19019746780395508, 13874
0.19019746780395508, 13873
0.19019746780395508, 13872
0.19019746780395508, 13871
0.19019746780395508, 13870
0.19019746780395508, 13869
0.19019746780395508, 13868
0.19019746780395508, 13867
0.19019746780395508, 13866
0.19019746780395508, 13865
0.19019746780395508, 13864
0.19019746780395508, 13863
0.19019746780395508, 13862
0.19019746780395508, 13861
0.19019746780395508, 13860
0.19019746780395508, 13859
0.19119787216186523, 13858
0.19119787216186523, 13857
0.19119787216186523, 13856
0.19119787216186523, 13855
0.19119787216186523, 13854
0.19119787216186523, 13853
0.19119787216186523, 13852
0.19169163703918457, 13851
0.19169163703918457, 13850
0.19169163703918457, 13849
0.19169163703918457, 13848
0.19169163703918457, 13847
0.19169163703918457, 13846
0.19169163703918457, 13845
0.19169163703918457, 13844
0.19225144386291504, 13843
0.19225144386291504, 13842
0.19225144386291504, 13841
0.19225144386291504, 13840
0.19225144386291504, 13839
0.19225144386291504, 13838
0.19225144386291504, 13837
0.19225144386291504, 13836
0.19225144386291504, 13835
0.19225144386291504, 13834
0.19225144386291504, 13833
0.19225144386291504, 13832
0.19225144386291504, 13831
0.19319915771484375, 13830
0.19319915771484375, 13829
0.19319915771484375, 13828
0.19319915771484375, 13827
0.19319915771484375, 13826
0.19319915771484375, 13825
0.19319915771484375, 13824
0.19319915771484375, 13823
0.19319915771484375, 13822
0.19319915771484375, 13821
0.19319915771484375, 13820
0.19319915771484375, 13819
0.19319915771484375, 13818
0.19319915771484375, 13817
0.19319915771484375, 13816
0.1941981315612793, 13815
0.1941981315612793, 13814
0.1941981315612793, 13813
0.1941981315612793, 13812
0.1941981315612793, 13811
0.1941981315612793, 13810
0.1941981315612793, 13809
0.1941981315612793, 13808
0.1941981315612793, 13807
0.1941981315612793, 13806
0.1941981315612793, 13805
0.1941981315612793, 13804
0.1941981315612793, 13803
0.1941981315612793, 13802
0.1941981315612793, 13801
0.1941981315612793, 13800
0.19519829750061035, 13799
0.19519829750061035, 13798
0.19519829750061035, 13797
0.19519829750061035, 13796
0.19519829750061035, 13795
0.19519829750061035, 13794
0.19519829750061035, 13793
0.19519829750061035, 13792
0.19519829750061035, 13791
0.19519829750061035, 13790
0.19519829750061035, 13789
0.19519829750061035, 13788
0.19519829750061035, 13787
0.19622564315795898, 13786
0.19622564315795898, 13785
0.19622564315795898, 13784
0.19622564315795898, 13783
0.19622564315795898, 13782
0.19622564315795898, 13781
0.19622564315795898, 13780
0.19622564315795898, 13779
0.19622564315795898, 13778
0.19622564315795898, 13777
0.19622564315795898, 13776
0.19622564315795898, 13775
0.19722533226013184, 13774
0.19722533226013184, 13773
0.19722533226013184, 13772
0.19722533226013184, 13771
0.19722533226013184, 13770
0.19722533226013184, 13769
0.19722533226013184, 13768
0.19722533226013184, 13767
0.19722533226013184, 13766
0.19722533226013184, 13765
0.1982252597808838, 13764
0.1982252597808838, 13763
0.1982252597808838, 13762
0.1982252597808838, 13761
0.1982252597808838, 13760
0.1982252597808838, 13759
0.1982252597808838, 13758
0.1982252597808838, 13757
0.1982252597808838, 13756
0.1982252597808838, 13755
0.1982252597808838, 13754
0.19922566413879395, 13753
0.19922566413879395, 13752
0.19922566413879395, 13751
0.19922566413879395, 13750
0.19922566413879395, 13749
0.19922566413879395, 13748
0.19922566413879395, 13747
0.19922566413879395, 13746
0.19922566413879395, 13745
0.19922566413879395, 13744
0.2002253532409668, 13743
0.2002253532409668, 13742
0.2002253532409668, 13741
0.2002253532409668, 13740
0.2002253532409668, 13739
0.2002253532409668, 13738
0.2002253532409668, 13737
0.2002253532409668, 13736
0.2002253532409668, 13735
0.2002253532409668, 13734
0.2002253532409668, 13733
0.2002253532409668, 13732
0.2002253532409668, 13731
0.2002253532409668, 13730
0.20122551918029785, 13729
0.20122551918029785, 13728
0.20122551918029785, 13727
0.20122551918029785, 13726
0.20122551918029785, 13725
0.20122551918029785, 13724
0.20122551918029785, 13723
0.20122551918029785, 13722
0.20122551918029785, 13721
0.2022252082824707, 13720
0.2022252082824707, 13719
0.2022252082824707, 13718
0.2022252082824707, 13717
0.2022252082824707, 13716
0.2022252082824707, 13715
0.2022252082824707, 13714
0.2022252082824707, 13713
0.2022252082824707, 13712
0.2022252082824707, 13711
0.2022252082824707, 13710
0.20322513580322266, 13709
0.20322513580322266, 13708
0.20322513580322266, 13707
0.20322513580322266, 13706
0.20322513580322266, 13705
0.20322513580322266, 13704
0.20322513580322266, 13703
0.20322513580322266, 13702
0.20322513580322266, 13701
0.20322513580322266, 13700
0.20322513580322266, 13699
0.20322513580322266, 13698
0.20322513580322266, 13697
0.2042253017425537, 13696
0.2042253017425537, 13695
0.2042253017425537, 13694
0.2042253017425537, 13693
0.2042253017425537, 13692
0.2042253017425537, 13691
0.2042253017425537, 13690
0.2042253017425537, 13689
0.2042253017425537, 13688
0.2042253017425537, 13687
0.5481874942779541, 13686
0.5481874942779541, 13685
0.5481874942779541, 13684
0.5481874942779541, 13683
0.5481874942779541, 13682
0.5481874942779541, 13681
0.5481874942779541, 13680
0.5481874942779541, 13679
0.5481874942779541, 13678
0.5481874942779541, 13677
0.5481874942779541, 13676
0.5491876602172852, 13675
0.5491876602172852, 13674
0.5491876602172852, 13673
0.5491876602172852, 13672
0.5491876602172852, 13671
0.5491876602172852, 13670
0.5491876602172852, 13669
0.5491876602172852, 13668
0.5491876602172852, 13667
0.5491876602172852, 13666
0.550187349319458, 13665
0.550187349319458, 13664
0.550187349319458, 13663
0.550187349319458, 13662
0.550187349319458, 13661
0.550187349319458, 13660
0.550187349319458, 13659
0.550187349319458, 13658
0.550187349319458, 13657
0.550187349319458, 13656
0.55118727684021, 13655
0.55118727684021, 13654
0.55118727684021, 13653
0.55118727684021, 13652
0.55118727684021, 13651
0.55118727684021, 13650
0.55118727684021, 13649
0.55118727684021, 13648
0.55118727684021, 13647
0.55118727684021, 13646
0.5521886348724365, 13645
0.5521886348724365, 13644
0.5521886348724365, 13643
0.5521886348724365, 13642
0.5521886348724365, 13641
0.5521886348724365, 13640
0.5521886348724365, 13639
0.5521886348724365, 13638
0.5521886348724365, 13637
0.553187370300293, 13636
0.553187370300293, 13635
0.553187370300293, 13634
0.553187370300293, 13633
0.553187370300293, 13632
0.553187370300293, 13631
0.553187370300293, 13630
0.553187370300293, 13629
0.553187370300293, 13628
0.5541872978210449, 13627
0.5541872978210449, 13626
0.5541872978210449, 13625
0.5541872978210449, 13624
0.5541872978210449, 13623
0.5541872978210449, 13622
0.5541872978210449, 13621
0.5541872978210449, 13620
0.5541872978210449, 13619
0.5551872253417969, 13618
0.5551872253417969, 13617
0.5551872253417969, 13616
0.5551872253417969, 13615
0.5551872253417969, 13614
0.5551872253417969, 13613
0.5551872253417969, 13612
0.5551872253417969, 13611
0.5551872253417969, 13610
0.5551872253417969, 13609
0.5551872253417969, 13608
0.5551872253417969, 13607
0.5551872253417969, 13606
0.5551872253417969, 13605
0.5561871528625488, 13604
0.5561871528625488, 13603
0.5561871528625488, 13602
0.5561871528625488, 13601
0.5561871528625488, 13600
0.5561871528625488, 13599
0.5561871528625488, 13598
0.5561871528625488, 13597
0.5561871528625488, 13596
0.5561871528625488, 13595
0.5561871528625488, 13594
0.5561871528625488, 13593
0.5561871528625488, 13592
0.5561871528625488, 13591
0.5561871528625488, 13590
0.5571870803833008, 13589
0.5571870803833008, 13588
0.5571870803833008, 13587
0.5571870803833008, 13586
0.5571870803833008, 13585
0.5571870803833008, 13584
0.5571870803833008, 13583
0.5571870803833008, 13582
0.5571870803833008, 13581
0.5571870803833008, 13580
0.5571870803833008, 13579
0.5571870803833008, 13578
0.5571870803833008, 13577
0.5571870803833008, 13576
0.5571870803833008, 13575
0.5581870079040527, 13574
0.5581870079040527, 13573
0.5581870079040527, 13572
0.5581870079040527, 13571
0.5581870079040527, 13570
0.5581870079040527, 13569
0.5581870079040527, 13568
0.5581870079040527, 13567
0.5581870079040527, 13566
0.5581870079040527, 13565
0.5581870079040527, 13564
0.5581870079040527, 13563
0.5581870079040527, 13562
0.5581870079040527, 13561
0.5581870079040527, 13560
0.5591871738433838, 13559
0.5591871738433838, 13558
0.5591871738433838, 13557
0.5591871738433838, 13556
0.5591871738433838, 13555
0.5591871738433838, 13554
2.6702089309692383, 13553
2.6702089309692383, 13552
2.6702089309692383, 13551
2.6702089309692383, 13550
2.6702089309692383, 13549
2.6702089309692383, 13548
2.6702089309692383, 13547
2.6702089309692383, 13546
2.6702089309692383, 13545
2.6712090969085693, 13544
2.6712090969085693, 13543
2.6712090969085693, 13542
2.6712090969085693, 13541
2.6712090969085693, 13540
2.6712090969085693, 13539
2.6712090969085693, 13538
2.6712090969085693, 13537
2.6712090969085693, 13536
2.6712090969085693, 13535
2.6712090969085693, 13534
2.6712090969085693, 13533
2.6712090969085693, 13532
2.6712090969085693, 13531
2.672208786010742, 13530
2.672208786010742, 13529
2.672208786010742, 13528
2.672208786010742, 13527
2.672208786010742, 13526
2.672208786010742, 13525
2.672208786010742, 13524
2.672208786010742, 13523
2.672208786010742, 13522
2.672208786010742, 13521
2.672208786010742, 13520
2.672208786010742, 13519
2.672208786010742, 13518
2.672208786010742, 13517
2.672208786010742, 13516
2.6732089519500732, 13515
2.6732089519500732, 13514
2.6732089519500732, 13513
2.6732089519500732, 13512
2.6732089519500732, 13511
2.6732089519500732, 13510
2.6732089519500732, 13509
2.6732089519500732, 13508
2.6732089519500732, 13507
2.6732089519500732, 13506
2.6732089519500732, 13505
2.6732089519500732, 13504
2.6732089519500732, 13503
2.6732089519500732, 13502
2.6732089519500732, 13501
2.674208879470825, 13500
2.674208879470825, 13499
2.674208879470825, 13498
2.674208879470825, 13497
2.674208879470825, 13496
2.674208879470825, 13495
2.674208879470825, 13494
2.674208879470825, 13493
2.674208879470825, 13492
2.674208879470825, 13491
2.674208879470825, 13490
2.674208879470825, 13489
2.674208879470825, 13488
2.674208879470825, 13487
2.675208806991577, 13486
2.675208806991577, 13485
2.675208806991577, 13484
2.675208806991577, 13483
2.675208806991577, 13482
2.675208806991577, 13481
2.675208806991577, 13480
2.675208806991577, 13479
2.675208806991577, 13478
2.675208806991577, 13477
2.675208806991577, 13476
2.675208806991577, 13475
2.675208806991577, 13474
2.675208806991577, 13473
2.676208734512329, 13472
2.676208734512329, 13471
2.676208734512329, 13470
2.676208734512329, 13469
2.676208734512329, 13468
2.676208734512329, 13467
2.676208734512329, 13466
2.676208734512329, 13465
2.676208734512329, 13464
2.676208734512329, 13463
2.676208734512329, 13462
2.676208734512329, 13461
2.676208734512329, 13460
2.676208734512329, 13459
2.67720890045166, 13458
2.67720890045166, 13457
2.67720890045166, 13456
2.67720890045166, 13455
2.67720890045166, 13454
2.67720890045166, 13453
2.67720890045166, 13452
2.67720890045166, 13451
2.67720890045166, 13450
2.67720890045166, 13449
2.67720890045166, 13448
2.67720890045166, 13447
2.67720890045166, 13446
2.67720890045166, 13445
2.67720890045166, 13444
2.678208827972412, 13443
2.678208827972412, 13442
2.678208827972412, 13441
2.678208827972412, 13440
2.678208827972412, 13439
2.678208827972412, 13438
2.678208827972412, 13437
2.678208827972412, 13436
2.678208827972412, 13435
2.678208827972412, 13434
2.678208827972412, 13433
2.678208827972412, 13432
2.678208827972412, 13431
2.678208827972412, 13430
2.679208755493164, 13429
2.679208755493164, 13428
2.679208755493164, 13427
2.679208755493164, 13426
2.679208755493164, 13425
2.679208755493164, 13424
2.679208755493164, 13423
2.679208755493164, 13422
2.679208755493164, 13421
2.679208755493164, 13420
2.679208755493164, 13419
2.679208755493164, 13418
2.679208755493164, 13417
2.679208755493164, 13416
2.6803064346313477, 13415
2.6803064346313477, 13414
2.6803064346313477, 13413
2.6803064346313477, 13412
2.6803064346313477, 13411
2.6803064346313477, 13410
2.6803064346313477, 13409
2.6803064346313477, 13408
2.6803064346313477, 13407
2.68121075630188, 13406
2.68121075630188, 13405
2.68121075630188, 13404
2.68121075630188, 13403
2.68121075630188, 13402
2.68121075630188, 13401
2.68121075630188, 13400
2.68121075630188, 13399
2.68121075630188, 13398
2.68121075630188, 13397
2.68121075630188, 13396
2.68121075630188, 13395
2.68121075630188, 13394
2.68121075630188, 13393
2.68121075630188, 13392
2.6822128295898438, 13391
2.6822128295898438, 13390
2.6822128295898438, 13389
2.6822128295898438, 13388
2.6822128295898438, 13387
2.6822128295898438, 13386
2.6822128295898438, 13385
2.6822128295898438, 13384
2.6822128295898438, 13383
2.6822128295898438, 13382
2.6822128295898438, 13381
2.6822128295898438, 13380
2.6822128295898438, 13379
2.6832094192504883, 13378
2.6832094192504883, 13377
2.6832094192504883, 13376
2.6832094192504883, 13375
2.6832094192504883, 13374
2.6832094192504883, 13373
2.6832094192504883, 13372
2.6832094192504883, 13371
2.6832094192504883, 13370
2.6832094192504883, 13369
2.6832094192504883, 13368
2.6832094192504883, 13367
2.6832094192504883, 13366
2.6832094192504883, 13365
2.6832094192504883, 13364
5.787097454071045, 13363
5.787097454071045, 13362
5.787097454071045, 13361
5.787097454071045, 13360
5.787097454071045, 13359
5.787097454071045, 13358
5.787097454071045, 13357
5.787097454071045, 13356
5.788097858428955, 13355
5.788097858428955, 13354
5.788097858428955, 13353
5.788097858428955, 13352
5.788097858428955, 13351
5.788097858428955, 13350
5.788097858428955, 13349
5.788097858428955, 13348
5.788674354553223, 13347
5.788674354553223, 13346
5.788674354553223, 13345
5.788674354553223, 13344
5.788674354553223, 13343
5.789098739624023, 13342
5.789098739624023, 13341
5.789098739624023, 13340
5.789098739624023, 13339
5.789098739624023, 13338
5.789098739624023, 13337
5.789098739624023, 13336
5.789098739624023, 13335
5.789098739624023, 13334
5.789098739624023, 13333
5.789098739624023, 13332
5.789098739624023, 13331
5.789098739624023, 13330
5.789098739624023, 13329
5.789098739624023, 13328
5.79009747505188, 13327
5.79009747505188, 13326
5.79009747505188, 13325
5.79009747505188, 13324
5.79009747505188, 13323
5.79009747505188, 13322
5.79009747505188, 13321
5.79009747505188, 13320
5.79009747505188, 13319
5.79009747505188, 13318
5.79009747505188, 13317
5.79009747505188, 13316
5.79009747505188, 13315
5.79009747505188, 13314
5.791097402572632, 13313
5.791097402572632, 13312
5.791097402572632, 13311
5.791097402572632, 13310
5.791097402572632, 13309
5.791097402572632, 13308
5.791097402572632, 13307
5.791097402572632, 13306
5.791097402572632, 13305
5.791097402572632, 13304
5.791097402572632, 13303
5.791097402572632, 13302
5.791097402572632, 13301
5.791097402572632, 13300
5.791097402572632, 13299
5.792097091674805, 13298
5.792097091674805, 13297
5.792097091674805, 13296
5.792097091674805, 13295
5.792097091674805, 13294
5.792097091674805, 13293
5.792097091674805, 13292
5.792097091674805, 13291
5.792097091674805, 13290
5.792097091674805, 13289
5.792097091674805, 13288
5.792097091674805, 13287
5.792097091674805, 13286
5.793097496032715, 13285
5.793097496032715, 13284
5.793097496032715, 13283
5.793097496032715, 13282
5.793097496032715, 13281
5.793097496032715, 13280
5.793097496032715, 13279
5.793097496032715, 13278
5.793097496032715, 13277
5.793097496032715, 13276
5.793097496032715, 13275
5.793097496032715, 13274
5.793097496032715, 13273
5.793097496032715, 13272
5.794097423553467, 13271
5.794097423553467, 13270
5.794097423553467, 13269
5.794097423553467, 13268
5.794097423553467, 13267
5.794097423553467, 13266
5.794097423553467, 13265
5.794097423553467, 13264
5.794097423553467, 13263
