0.17704105377197266, 14066
0.17704105377197266, 14065
0.17704105377197266, 14064
0.17704105377197266, 14063
0.17704105377197266, 14062
0.1780402660369873, 14061
0.1780402660369873, 14060
0.1780402660369873, 14059
0.1780402660369873, 14058
0.1780402660369873, 14057
0.1780402660369873, 14056
0.1780402660369873, 14055
0.1780402660369873, 14054
0.1780402660369873, 14053
0.1780402660369873, 14052
0.1780402660369873, 14051
0.1780402660369873, 14050
0.1780402660369873, 14049
0.1780402660369873, 14048
0.1780402660369873, 14047
0.1780402660369873, 14046
0.17904090881347656, 14045
0.17904090881347656, 14044
0.17904090881347656, 14043
0.17904090881347656, 14042
0.17904090881347656, 14041
0.17904090881347656, 14040
0.17904090881347656, 14039
0.17904090881347656, 14038
0.17904090881347656, 14037
0.17904090881347656, 14036
0.17904090881347656, 14035
0.17904090881347656, 14034
0.17904090881347656, 14033
0.17904090881347656, 14032
0.18004155158996582, 14031
0.18004155158996582, 14030
0.18004155158996582, 14029
0.18004155158996582, 14028
0.18004155158996582, 14027
0.18004155158996582, 14026
0.18004155158996582, 14025
0.18004155158996582, 14024
0.18004155158996582, 14023
0.18004155158996582, 14022
0.18004155158996582, 14021
0.18004155158996582, 14020
0.18004155158996582, 14019
0.18004155158996582, 14018
0.18004155158996582, 14017
0.18004155158996582, 14016
0.18104124069213867, 14015
0.18104124069213867, 14014
0.18104124069213867, 14013
0.18104124069213867, 14012
0.18104124069213867, 14011
0.18104124069213867, 14010
0.18104124069213867, 14009
0.18104124069213867, 14008
0.18104124069213867, 14007
0.18104124069213867, 14006
0.18104124069213867, 14005
0.18104124069213867, 14004
0.18104124069213867, 14003
0.18104124069213867, 14002
0.18104124069213867, 14001
0.18204021453857422, 14000
0.18215107917785645, 13999
0.18215107917785645, 13998
0.18215107917785645, 13997
0.18215107917785645, 13996
0.18215107917785645, 13995
0.18215107917785645, 13994
0.18215107917785645, 13993
0.18215107917785645, 13992
0.18215107917785645, 13991
0.18215107917785645, 13990
0.18215107917785645, 13989
0.18215107917785645, 13988
0.18215107917785645, 13987
0.18215107917785645, 13986
0.18304133415222168, 13985
0.18304133415222168, 13984
0.18304133415222168, 13983
0.18304133415222168, 13982
0.18304133415222168, 13981
0.18304133415222168, 13980
0.18304133415222168, 13979
0.18304133415222168, 13978
0.18304133415222168, 13977
0.18304133415222168, 13976
0.18304133415222168, 13975
0.18304133415222168, 13974
0.18304133415222168, 13973
0.18304133415222168, 13972
0.18304133415222168, 13971
0.18403983116149902, 13970
0.18403983116149902, 13969
0.18403983116149902, 13968
0.18403983116149902, 13967
0.18403983116149902, 13966
0.18403983116149902, 13965
0.18403983116149902, 13964
0.18403983116149902, 13963
0.18403983116149902, 13962
0.18403983116149902, 13961
0.18403983116149902, 13960
0.18403983116149902, 13959
0.18403983116149902, 13958
0.18403983116149902, 13957
0.18403983116149902, 13956
0.1850435733795166, 13955
0.1850435733795166, 13954
0.1850435733795166, 13953
0.1850435733795166, 13952
0.1850435733795166, 13951
0.1850435733795166, 13950
0.1850435733795166, 13949
0.1850435733795166, 13948
0.1850435733795166, 13947
0.18561005592346191, 13946
0.18561005592346191, 13945
0.18561005592346191, 13944
0.18561005592346191, 13943
0.18561005592346191, 13942
0.18561005592346191, 13941
0.18561005592346191, 13940
0.18611717224121094, 13939
0.18611717224121094, 13938
0.18611717224121094, 13937
0.18611717224121094, 13936
0.18611717224121094, 13935
0.18611717224121094, 13934
0.18611717224121094, 13933
0.18611717224121094, 13932
0.18611717224121094, 13931
0.18611717224121094, 13930
0.18611717224121094, 13929
0.18611717224121094, 13928
0.18611717224121094, 13927
0.18611717224121094, 13926
0.18611717224121094, 13925
0.18611717224121094, 13924
0.18712902069091797, 13923
0.18712902069091797, 13922
0.18712902069091797, 13921
0.18712902069091797, 13920
0.18712902069091797, 13919
0.18712902069091797, 13918
0.18712902069091797, 13917
0.18712902069091797, 13916
0.18712902069091797, 13915
0.18712902069091797, 13914
0.18712902069091797, 13913
0.18712902069091797, 13912
0.18712902069091797, 13911
0.18712902069091797, 13910
0.18712902069091797, 13909
0.18812918663024902, 13908
0.18812918663024902, 13907
0.18812918663024902, 13906
0.18812918663024902, 13905
0.18812918663024902, 13904
0.18812918663024902, 13903
0.18812918663024902, 13902
0.18812918663024902, 13901
0.18812918663024902, 13900
0.18812918663024902, 13899
0.18812918663024902, 13898
0.18812918663024902, 13897
0.18812918663024902, 13896
0.18812918663024902, 13895
0.18812918663024902, 13894
0.18912672996520996, 13893
0.18912672996520996, 13892
0.18912672996520996, 13891
0.18912672996520996, 13890
0.18912672996520996, 13889
0.18912672996520996, 13888
0.18912672996520996, 13887
0.18912672996520996, 13886
0.18912672996520996, 13885
0.18912672996520996, 13884
0.18912672996520996, 13883
0.18912672996520996, 13882
0.18912672996520996, 13881
0.18912672996520996, 13880
0.18912672996520996, 13879
0.19012665748596191, 13878
0.19012665748596191, 13877
0.19012665748596191, 13876
0.19012665748596191, 13875
0.19012665748596191, 13874
0.19012665748596191, 13873
0.19012665748596191, 13872
0.19012665748596191, 13871
0.19012665748596191, 13870
0.19012665748596191, 13869
0.1911301612854004, 13868
0.1911301612854004, 13867
0.1911301612854004, 13866
0.1911301612854004, 13865
0.1911301612854004, 13864
0.1911301612854004, 13863
0.1911301612854004, 13862
0.1911301612854004, 13861
0.1911301612854004, 13860
0.1911301612854004, 13859
0.1911301612854004, 13858
0.1911301612854004, 13857
0.1911301612854004, 13856
0.1911301612854004, 13855
0.19212746620178223, 13854
0.19212746620178223, 13853
0.19212746620178223, 13852
0.19212746620178223, 13851
0.19212746620178223, 13850
0.19212746620178223, 13849
0.19212746620178223, 13848
0.19212746620178223, 13847
0.19212746620178223, 13846
0.19212746620178223, 13845
0.19212746620178223, 13844
0.19212746620178223, 13843
0.19212746620178223, 13842
0.19212746620178223, 13841
0.19212746620178223, 13840
0.1931309700012207, 13839
0.1931309700012207, 13838
0.1931309700012207, 13837
0.1931309700012207, 13836
0.1931309700012207, 13835
0.1931309700012207, 13834
0.1931309700012207, 13833
0.7910239696502686, 13832
0.7910239696502686, 13831
0.7910239696502686, 13830
0.7910239696502686, 13829
0.7910239696502686, 13828
0.7910239696502686, 13827
0.7910239696502686, 13826
0.7915987968444824, 13825
0.7915987968444824, 13824
0.7915987968444824, 13823
0.7915987968444824, 13822
0.7915987968444824, 13821
0.7915987968444824, 13820
0.7920238971710205, 13819
0.7920238971710205, 13818
0.7920238971710205, 13817
0.7920238971710205, 13816
0.7920238971710205, 13815
0.7920238971710205, 13814
0.7920238971710205, 13813
0.7920238971710205, 13812
0.7920238971710205, 13811
0.7920238971710205, 13810
0.7920238971710205, 13809
0.7920238971710205, 13808
0.7920238971710205, 13807
0.7920238971710205, 13806
0.7920238971710205, 13805
0.7920238971710205, 13804
0.7930240631103516, 13803
0.7930240631103516, 13802
0.7930240631103516, 13801
0.7930240631103516, 13800
0.7930240631103516, 13799
0.7930240631103516, 13798
0.7930240631103516, 13797
0.7930240631103516, 13796
0.7930240631103516, 13795
0.7930240631103516, 13794
0.7930240631103516, 13793
0.7930240631103516, 13792
0.7930240631103516, 13791
0.7930240631103516, 13790
0.7930240631103516, 13789
0.7940242290496826, 13788
0.794090747833252, 13787
0.794090747833252, 13786
0.794090747833252, 13785
0.794090747833252, 13784
0.794090747833252, 13783
0.794090747833252, 13782
0.794090747833252, 13781
0.794090747833252, 13780
0.794090747833252, 13779
0.794090747833252, 13778
0.794090747833252, 13777
0.794090747833252, 13776
0.794090747833252, 13775
0.7950243949890137, 13774
0.7950243949890137, 13773
0.7950243949890137, 13772
0.7950243949890137, 13771
0.7950243949890137, 13770
0.7950243949890137, 13769
0.7950243949890137, 13768
0.7950243949890137, 13767
0.7950243949890137, 13766
0.7950243949890137, 13765
0.7950243949890137, 13764
0.7950243949890137, 13763
0.7950243949890137, 13762
0.7950243949890137, 13761
0.7950243949890137, 13760
0.7960243225097656, 13759
0.7960243225097656, 13758
0.7960243225097656, 13757
0.7960243225097656, 13756
0.7960243225097656, 13755
0.7960243225097656, 13754
0.7960243225097656, 13753
0.7960243225097656, 13752
0.7965388298034668, 13751
0.7965388298034668, 13750
0.7965388298034668, 13749
0.7965388298034668, 13748
0.7965388298034668, 13747
0.7965388298034668, 13746
0.7965388298034668, 13745
0.7965388298034668, 13744
0.7965388298034668, 13743
0.7965388298034668, 13742
0.7965388298034668, 13741
0.7965388298034668, 13740
0.7965388298034668, 13739
0.7965388298034668, 13738
0.7965388298034668, 13737
0.7965388298034668, 13736
0.7975447177886963, 13735
0.7975447177886963, 13734
0.7975447177886963, 13733
0.7975447177886963, 13732
0.7975447177886963, 13731
0.7975447177886963, 13730
0.7975447177886963, 13729
0.7975447177886963, 13728
0.7975447177886963, 13727
0.7975447177886963, 13726
0.7975447177886963, 13725
0.7975447177886963, 13724
0.7975447177886963, 13723
0.7975447177886963, 13722
0.7975447177886963, 13721
0.7975447177886963, 13720
0.7985446453094482, 13719
0.7985446453094482, 13718
0.7985446453094482, 13717
0.7985446453094482, 13716
0.7985446453094482, 13715
0.7985446453094482, 13714
0.7985446453094482, 13713
0.7985446453094482, 13712
0.7985446453094482, 13711
0.7985446453094482, 13710
0.7985446453094482, 13709
0.7985446453094482, 13708
0.7985446453094482, 13707
0.7985446453094482, 13706
0.7985446453094482, 13705
0.7995443344116211, 13704
0.7995443344116211, 13703
0.7995443344116211, 13702
0.7995443344116211, 13701
0.7995443344116211, 13700
0.7995443344116211, 13699
0.7995443344116211, 13698
0.7995443344116211, 13697
0.7995443344116211, 13696
0.7995443344116211, 13695
0.7995443344116211, 13694
0.7995443344116211, 13693
0.7995443344116211, 13692
0.7995443344116211, 13691
0.7995443344116211, 13690
0.8005445003509521, 13689
0.8006424903869629, 13688
0.8006424903869629, 13687
0.8006424903869629, 13686
0.8006424903869629, 13685
0.8006424903869629, 13684
0.8006424903869629, 13683
0.8006424903869629, 13682
0.8006424903869629, 13681
0.8006424903869629, 13680
0.8006424903869629, 13679
0.8006424903869629, 13678
0.8006424903869629, 13677
0.8006424903869629, 13676
0.801546573638916, 13675
0.801546573638916, 13674
0.801546573638916, 13673
0.801546573638916, 13672
0.801546573638916, 13671
0.801546573638916, 13670
0.801546573638916, 13669
0.801546573638916, 13668
0.801546573638916, 13667
0.801546573638916, 13666
0.801546573638916, 13665
0.801546573638916, 13664
0.801546573638916, 13663
0.801546573638916, 13662
0.801546573638916, 13661
0.8025455474853516, 13660
0.8025455474853516, 13659
0.8025455474853516, 13658
0.8025455474853516, 13657
0.8025455474853516, 13656
0.8025455474853516, 13655
0.8025455474853516, 13654
0.8025455474853516, 13653
0.8025455474853516, 13652
0.8025455474853516, 13651
0.8025455474853516, 13650
0.8025455474853516, 13649
0.8025455474853516, 13648
0.8025455474853516, 13647
0.8025455474853516, 13646
0.8035452365875244, 13645
0.8035452365875244, 13644
0.8035452365875244, 13643
0.8035452365875244, 13642
0.8035452365875244, 13641
0.8035452365875244, 13640
0.8035452365875244, 13639
0.8035452365875244, 13638
0.8035452365875244, 13637
0.8035452365875244, 13636
0.8035452365875244, 13635
0.8035452365875244, 13634
0.8035452365875244, 13633
0.8035452365875244, 13632
0.8035452365875244, 13631
0.8045451641082764, 13630
0.8045451641082764, 13629
0.8045451641082764, 13628
0.8045451641082764, 13627
0.8045451641082764, 13626
0.8045451641082764, 13625
0.8045451641082764, 13624
0.8045451641082764, 13623
0.8045451641082764, 13622
0.8045451641082764, 13621
0.8045451641082764, 13620
0.8045451641082764, 13619
0.8045451641082764, 13618
0.8055460453033447, 13586
0.8055460453033447, 13585
0.8055460453033447, 13584
0.8055460453033447, 13583
0.8055460453033447, 13582
0.8055460453033447, 13581
0.8055460453033447, 13580
0.8055460453033447, 13579
0.8060667514801025, 13578
0.8060667514801025, 13577
0.8060667514801025, 13576
0.8060667514801025, 13575
0.8060667514801025, 13574
0.8060667514801025, 13573
0.8060667514801025, 13572
0.8060667514801025, 13571
0.8060667514801025, 13570
0.8060667514801025, 13569
0.8060667514801025, 13568
0.8060667514801025, 13567
0.8060667514801025, 13566
0.8060667514801025, 13565
0.8060667514801025, 13564
0.8070743083953857, 13563
0.8070743083953857, 13562
0.8070743083953857, 13561
0.8070743083953857, 13560
0.8070743083953857, 13559
0.8070743083953857, 13558
0.8070743083953857, 13557
0.8070743083953857, 13556
0.8070743083953857, 13555
0.8070743083953857, 13554
0.8070743083953857, 13553
0.8070743083953857, 13552
0.8070743083953857, 13551
0.8070743083953857, 13550
0.8070743083953857, 13549
0.8080742359161377, 13548
0.8080742359161377, 13547
0.8080742359161377, 13546
0.8080742359161377, 13545
0.8080742359161377, 13544
0.8080742359161377, 13543
0.8080742359161377, 13542
0.8080742359161377, 13541
0.8080742359161377, 13540
0.8080742359161377, 13539
0.8080742359161377, 13538
0.8080742359161377, 13537
0.8080742359161377, 13536
0.8080742359161377, 13535
0.8080742359161377, 13534
0.8090753555297852, 13533
0.8090753555297852, 13532
0.8090753555297852, 13531
0.8090753555297852, 13530
0.8090753555297852, 13529
0.8090753555297852, 13528
0.8090753555297852, 13527
0.8096027374267578, 13526
0.8096027374267578, 13525
0.8096027374267578, 13524
0.8096027374267578, 13523
0.8096027374267578, 13522
0.8096027374267578, 13521
0.8096027374267578, 13520
0.810075044631958, 13519
0.810075044631958, 13518
0.810075044631958, 13517
0.810075044631958, 13516
0.810075044631958, 13515
0.810075044631958, 13514
0.810075044631958, 13513
0.810075044631958, 13512
0.810075044631958, 13511
0.810075044631958, 13510
0.810075044631958, 13509
0.810075044631958, 13508
0.810075044631958, 13507
0.810075044631958, 13506
0.810075044631958, 13505
0.8110752105712891, 13504
0.8110752105712891, 13503
0.8110752105712891, 13502
0.8110752105712891, 13501
0.8110752105712891, 13500
0.8110752105712891, 13499
0.8110752105712891, 13498
0.8110752105712891, 13497
0.8110752105712891, 13496
0.8110752105712891, 13495
0.8110752105712891, 13494
0.8110752105712891, 13493
0.8110752105712891, 13492
0.8110752105712891, 13491
0.8110752105712891, 13490
0.8120746612548828, 13489
0.8120746612548828, 13488
0.8120746612548828, 13487
0.8120746612548828, 13486
0.8120746612548828, 13485
0.8120746612548828, 13484
0.8120746612548828, 13483
0.8120746612548828, 13482
0.8120746612548828, 13481
0.8120746612548828, 13480
0.8120746612548828, 13479
0.8120746612548828, 13478
0.8120746612548828, 13477
0.8120746612548828, 13476
0.8120746612548828, 13475
0.8130741119384766, 13474
0.8130741119384766, 13473
0.8130741119384766, 13472
0.8130741119384766, 13471
0.8130741119384766, 13470
0.8130741119384766, 13469
0.8130741119384766, 13468
0.8130741119384766, 13467
0.8130741119384766, 13466
0.8130741119384766, 13465
0.8130741119384766, 13464
0.8130741119384766, 13463
0.8130741119384766, 13462
0.8130741119384766, 13461
0.8130741119384766, 13460
0.8140740394592285, 13459
0.8140740394592285, 13458
0.8140740394592285, 13457
0.8140740394592285, 13456
0.8140740394592285, 13455
0.8140740394592285, 13454
0.8140740394592285, 13453
0.8140740394592285, 13452
0.8140740394592285, 13451
0.8140740394592285, 13450
0.8140740394592285, 13449
0.8140740394592285, 13448
0.8140740394592285, 13447
0.8140740394592285, 13446
0.8140740394592285, 13445
0.8150742053985596, 13444
0.8150742053985596, 13443
0.8150742053985596, 13442
0.8150742053985596, 13441
0.8150742053985596, 13440
0.8150742053985596, 13439
0.8150742053985596, 13438
0.8150742053985596, 13437
0.8150742053985596, 13436
0.8150742053985596, 13435
0.8150742053985596, 13434
0.8150742053985596, 13433
0.8150742053985596, 13432
0.8150742053985596, 13431
0.8150742053985596, 13430
0.8160746097564697, 13429
0.8160746097564697, 13428
0.8160746097564697, 13427
0.8160746097564697, 13426
0.8160746097564697, 13425
0.8160746097564697, 13424
0.8160746097564697, 13423
0.8160746097564697, 13422
0.8160746097564697, 13421
0.8160746097564697, 13420
0.8160746097564697, 13419
0.8160746097564697, 13418
0.8170745372772217, 13417
0.8170745372772217, 13416
0.8170745372772217, 13415
0.8170745372772217, 13414
0.8170745372772217, 13413
0.8170745372772217, 13412
0.8170745372772217, 13411
0.8170745372772217, 13410
0.8170745372772217, 13409
0.8170745372772217, 13408
0.8170745372772217, 13407
0.8170745372772217, 13406
0.8170745372772217, 13405
0.8170745372772217, 13404
0.8180742263793945, 13403
0.818138599395752, 13402
0.818138599395752, 13401
0.818138599395752, 13400
0.818138599395752, 13399
0.818138599395752, 13398
0.818138599395752, 13397
0.818138599395752, 13396
0.818138599395752, 13395
0.818138599395752, 13394
0.818138599395752, 13393
0.818138599395752, 13392
0.818138599395752, 13391
0.818138599395752, 13390
0.818138599395752, 13389
0.8190743923187256, 13388
0.8190743923187256, 13387
0.8190743923187256, 13386
0.8190743923187256, 13385
0.8190743923187256, 13384
0.8190743923187256, 13383
0.8190743923187256, 13382
0.8190743923187256, 13381
0.8190743923187256, 13380
0.8190743923187256, 13379
0.8190743923187256, 13378
0.8190743923187256, 13377
0.8190743923187256, 13376
0.8190743923187256, 13375
0.8190743923187256, 13374
0.820073127746582, 13373
0.820073127746582, 13372
0.820073127746582, 13371
0.820073127746582, 13370
0.820073127746582, 13369
0.820073127746582, 13368
0.820073127746582, 13367
0.820073127746582, 13366
0.820073127746582, 13365
0.820073127746582, 13364
0.820073127746582, 13363
0.820073127746582, 13362
0.820073127746582, 13361
0.820073127746582, 13360
0.820073127746582, 13359
0.8210742473602295, 13358
0.8210742473602295, 13357
0.8210742473602295, 13356
0.8210742473602295, 13355
0.8210742473602295, 13354
0.8210742473602295, 13353
0.8210742473602295, 13352
0.8210742473602295, 13351
0.8210742473602295, 13350
0.8210742473602295, 13349
0.8210742473602295, 13348
0.8210742473602295, 13347
0.8210742473602295, 13346
0.8210742473602295, 13345
0.8210742473602295, 13344
0.8220736980438232, 13343
0.8220736980438232, 13342
0.8220736980438232, 13341
0.8220736980438232, 13340
0.8220736980438232, 13339
0.8220736980438232, 13338
0.8220736980438232, 13337
0.8220736980438232, 13336
0.8220736980438232, 13335
0.8220736980438232, 13334
0.8220736980438232, 13333
0.8220736980438232, 13332
0.8220736980438232, 13331
0.8220736980438232, 13330
0.8220736980438232, 13329
0.8230733871459961, 13328
0.8230733871459961, 13327
0.8230733871459961, 13326
0.8230733871459961, 13325
0.8230733871459961, 13324
0.8230733871459961, 13323
0.8230733871459961, 13322
0.8230733871459961, 13321
0.8230733871459961, 13320
0.8230733871459961, 13319
0.8230733871459961, 13318
0.8230733871459961, 13317
0.8230733871459961, 13316
0.8230733871459961, 13315
0.8240740299224854, 13314
0.8241307735443115, 13313
0.8241307735443115, 13312
0.8241307735443115, 13311
0.8241307735443115, 13310
0.8241307735443115, 13309
0.8241307735443115, 13308
0.8241307735443115, 13307
0.8241307735443115, 13306
0.8241307735443115, 13305
0.8241307735443115, 13304
0.8241307735443115, 13303
0.8241307735443115, 13302
0.8241307735443115, 13301
0.8241307735443115, 13300
0.8250734806060791, 13299
0.8250734806060791, 13298
0.8250734806060791, 13297
0.8250734806060791, 13296
0.8250734806060791, 13295
0.8250734806060791, 13294
0.8250734806060791, 13293
0.8250734806060791, 13292
0.8250734806060791, 13291
0.8250734806060791, 13290
0.8250734806060791, 13289
0.8250734806060791, 13288
0.8250734806060791, 13287
0.8250734806060791, 13286
0.826073169708252, 13285
0.826073169708252, 13284
0.826073169708252, 13283
0.826073169708252, 13282
0.826073169708252, 13281
0.826073169708252, 13280
0.826073169708252, 13279
0.826073169708252, 13278
0.826073169708252, 13277
0.826073169708252, 13276
0.826073169708252, 13275
0.826073169708252, 13274
0.826073169708252, 13273
0.826073169708252, 13272
0.826073169708252, 13271
0.8270745277404785, 13270
0.8270745277404785, 13269
0.8270745277404785, 13268
0.8270745277404785, 13267
0.8270745277404785, 13266
0.8270745277404785, 13265
0.8270745277404785, 13264
0.8270745277404785, 13263
0.8270745277404785, 13262
0.8270745277404785, 13261
0.8270745277404785, 13260
0.8270745277404785, 13259
0.8270745277404785, 13258
0.8270745277404785, 13257
0.8280735015869141, 13256
0.8280735015869141, 13255
0.8280735015869141, 13254
0.8280735015869141, 13253
0.8280735015869141, 13252
0.8280735015869141, 13251
0.8280735015869141, 13250
0.8280735015869141, 13249
0.8280735015869141, 13248
0.8280735015869141, 13247
0.8280735015869141, 13246
0.8280735015869141, 13245
0.8280735015869141, 13244
0.8280735015869141, 13243
0.8280735015869141, 13242
0.829073429107666, 13241
0.829073429107666, 13240
0.829073429107666, 13239
0.829073429107666, 13238
0.829073429107666, 13237
0.829073429107666, 13236
0.829073429107666, 13235
0.829073429107666, 13234
0.829073429107666, 13233
0.829073429107666, 13232
0.829073429107666, 13231
0.829073429107666, 13230
0.829073429107666, 13229
0.829073429107666, 13228
0.829073429107666, 13227
0.830073356628418, 13226
0.830073356628418, 13225
0.830073356628418, 13224
0.830073356628418, 13223
0.830073356628418, 13222
0.830073356628418, 13221
0.830073356628418, 13220
6.287897109985352, 10124
6.287897109985352, 10123
6.287897109985352, 10122
6.287897109985352, 10121
6.287897109985352, 10120
6.287897109985352, 10119
6.287897109985352, 10118
6.288897275924683, 10117
6.288897275924683, 10116
6.288897275924683, 10115
6.288897275924683, 10114
6.288897275924683, 10113
6.288897275924683, 10112
6.288897275924683, 10111
6.288897275924683, 10110
6.288897275924683, 10109
6.288897275924683, 10108
6.288897275924683, 10107
6.288897275924683, 10106
6.288897275924683, 10105
6.288897275924683, 10104
6.289897203445435, 10103
6.289897203445435, 10102
6.289897203445435, 10101
6.289897203445435, 10100
6.289897203445435, 10099
6.289897203445435, 10098
6.289897203445435, 10097
6.289897203445435, 10096
6.289897203445435, 10095
6.29090142250061, 10094
6.29090142250061, 10093
6.29090142250061, 10092
6.29090142250061, 10091
6.29090142250061, 10090
6.29090142250061, 10089
6.29090142250061, 10088
6.29090142250061, 10087
6.29090142250061, 10086
6.29090142250061, 10085
6.29090142250061, 10084
6.29189658164978, 10083
6.29189658164978, 10082
6.29189658164978, 10081
6.29189658164978, 10080
6.29189658164978, 10079
6.29189658164978, 10078
6.29189658164978, 10077
6.29189658164978, 10076
6.29189658164978, 10075
6.292896032333374, 10074
6.292896032333374, 10073
6.292896032333374, 10072
6.292896032333374, 10071
6.292896032333374, 10070
6.292896032333374, 10069
6.292896032333374, 10068
6.292896032333374, 10067
6.292896032333374, 10066
6.292896032333374, 10065
6.292896032333374, 10064
6.293895959854126, 10063
6.293895959854126, 10062
6.293895959854126, 10061
6.293895959854126, 10060
6.293895959854126, 10059
6.293895959854126, 10058
6.293895959854126, 10057
6.293895959854126, 10056
6.293895959854126, 10055
6.293895959854126, 10054
6.293895959854126, 10053
6.294897079467773, 10052
6.294897079467773, 10051
6.294897079467773, 10050
6.294897079467773, 10049
6.294897079467773, 10048
6.294897079467773, 10047
6.294897079467773, 10046
6.294897079467773, 10045
6.294897079467773, 10044
6.294897079467773, 10043
6.294897079467773, 10042
6.294897079467773, 10041
6.294897079467773, 10040
6.294897079467773, 10039
6.295896530151367, 10038
6.295896530151367, 10037
6.295896530151367, 10036
6.295896530151367, 10035
6.295896530151367, 10034
6.295896530151367, 10033
6.295896530151367, 10032
6.295896530151367, 10031
6.295896530151367, 10030
6.295896530151367, 10029
6.295896530151367, 10028
6.295896530151367, 10027
6.295896530151367, 10026
6.295896530151367, 10025
6.296895742416382, 10024
6.296895742416382, 10023
6.296895742416382, 10022
6.296895742416382, 10021
6.296895742416382, 10020
6.296895742416382, 10019
6.296895742416382, 10018
6.296895742416382, 10017
6.296895742416382, 10016
6.296895742416382, 10015
6.296895742416382, 10014
6.296895742416382, 10013
6.296895742416382, 10012
6.297895669937134, 10011
6.297895669937134, 10010
6.297895669937134, 10009
6.297895669937134, 10008
6.297895669937134, 10007
6.297895669937134, 10006
6.297895669937134, 10005
6.297895669937134, 10004
6.297895669937134, 10003
6.297895669937134, 10002
6.297895669937134, 10001
6.297895669937134, 10000
6.297895669937134, 9999
6.298895359039307, 9998
6.298895359039307, 9997
6.298895359039307, 9996
6.298895359039307, 9995
6.298895359039307, 9994
6.298895359039307, 9993
6.298895359039307, 9992
6.298895359039307, 9991
6.298895359039307, 9990
6.298895359039307, 9989
6.298895359039307, 9988
6.298895359039307, 9987
6.298895359039307, 9986
6.299895286560059, 9985
6.299895286560059, 9984
6.299895286560059, 9983
6.299895286560059, 9982
6.299895286560059, 9981
6.299895286560059, 9980
6.299895286560059, 9979
6.299895286560059, 9978
6.299895286560059, 9977
6.299895286560059, 9976
6.299895286560059, 9975
6.299895286560059, 9974
6.299895286560059, 9973
6.299895286560059, 9972
6.299895286560059, 9971
6.300898790359497, 9970
6.300898790359497, 9969
6.300898790359497, 9968
6.300898790359497, 9967
6.300898790359497, 9966
6.300898790359497, 9965
6.300898790359497, 9964
6.300898790359497, 9963
6.300898790359497, 9962
6.300898790359497, 9961
6.300898790359497, 9960
6.300898790359497, 9959
6.300898790359497, 9958
6.300898790359497, 9957
6.301896095275879, 9956
6.301896095275879, 9955
6.301896095275879, 9954
6.301896095275879, 9953
6.301896095275879, 9952
6.301896095275879, 9951
6.301896095275879, 9950
6.301896095275879, 9949
6.301896095275879, 9948
6.301896095275879, 9947
6.301896095275879, 9946
6.301896095275879, 9945
6.301896095275879, 9944
6.301896095275879, 9943
6.302895545959473, 9942
6.302895545959473, 9941
6.302895545959473, 9940
6.302895545959473, 9939
6.302895545959473, 9938
6.302895545959473, 9937
6.302895545959473, 9936
6.302895545959473, 9935
6.302895545959473, 9934
6.302895545959473, 9933
6.302895545959473, 9932
6.302895545959473, 9931
6.302895545959473, 9930
6.302895545959473, 9929
6.30389666557312, 9928
6.30389666557312, 9927
6.30389666557312, 9926
6.30389666557312, 9925
6.30389666557312, 9924
6.30389666557312, 9923
6.30389666557312, 9922
6.30389666557312, 9921
6.30389666557312, 9920
6.30389666557312, 9919
6.30389666557312, 9918
6.30389666557312, 9917
6.30389666557312, 9916
6.304895401000977, 9915
6.304895401000977, 9914
6.304895401000977, 9913
6.304895401000977, 9912
6.304895401000977, 9911
6.304895401000977, 9910
