0.23061585426330566, 14083
0.23061585426330566, 14082
0.23061585426330566, 14081
0.23061585426330566, 14080
0.23061585426330566, 14079
0.23061585426330566, 14078
0.23061585426330566, 14077
0.23161625862121582, 14076
0.23161625862121582, 14075
0.23161625862121582, 14074
0.23161625862121582, 14073
0.23161625862121582, 14072
0.23161625862121582, 14071
0.23161625862121582, 14070
0.23161625862121582, 14069
0.23161625862121582, 14068
0.23161625862121582, 14067
0.23161625862121582, 14066
0.23161625862121582, 14065
0.23161625862121582, 14064
0.23161625862121582, 14063
0.23261404037475586, 14062
0.23261404037475586, 14061
0.23261404037475586, 14060
0.23261404037475586, 14059
0.23261404037475586, 14058
0.23261404037475586, 14057
0.23261404037475586, 14056
0.23261404037475586, 14055
0.23261404037475586, 14054
0.23261404037475586, 14053
0.23261404037475586, 14052
0.23261404037475586, 14051
0.23261404037475586, 14050
0.23261404037475586, 14049
0.23361420631408691, 14048
0.23361420631408691, 14047
0.23361420631408691, 14046
0.23361420631408691, 14045
0.23361420631408691, 14044
0.23361420631408691, 14043
0.23361420631408691, 14042
0.23361420631408691, 14041
0.23361420631408691, 14040
0.23361420631408691, 14039
0.23361420631408691, 14038
0.23361420631408691, 14037
0.23361420631408691, 14036
0.23361420631408691, 14035
0.23461484909057617, 14034
0.23461484909057617, 14033
0.23461484909057617, 14032
0.23461484909057617, 14031
0.23461484909057617, 14030
0.23461484909057617, 14029
0.23461484909057617, 14028
0.23461484909057617, 14027
0.23461484909057617, 14026
0.23461484909057617, 14025
0.23461484909057617, 14024
0.23461484909057617, 14023
0.23461484909057617, 14022
0.23561477661132812, 14021
0.23561477661132812, 14020
0.23561477661132812, 14019
0.23561477661132812, 14018
0.23561477661132812, 14017
0.23561477661132812, 14016
0.23561477661132812, 14015
0.23561477661132812, 14014
0.23561477661132812, 14013
0.23561477661132812, 14012
0.23561477661132812, 14011
0.23561477661132812, 14010
0.23561477661132812, 14009
0.23661422729492188, 14008
0.23661422729492188, 14007
0.23661422729492188, 14006
0.23661422729492188, 14005
0.23661422729492188, 14004
0.23661422729492188, 14003
0.23661422729492188, 14002
0.23661422729492188, 14001
0.23661422729492188, 14000
0.23661422729492188, 13999
0.23661422729492188, 13998
0.23661422729492188, 13997
0.23661422729492188, 13996
0.23761677742004395, 13995
0.23761677742004395, 13994
0.23761677742004395, 13993
0.23761677742004395, 13992
0.23761677742004395, 13991
0.23761677742004395, 13990
0.23761677742004395, 13989
0.23761677742004395, 13988
0.23761677742004395, 13987
0.23761677742004395, 13986
0.23761677742004395, 13985
0.23761677742004395, 13984
0.23761677742004395, 13983
0.2386167049407959, 13982
0.2386167049407959, 13981
0.2386167049407959, 13980
0.2386167049407959, 13979
0.2386167049407959, 13978
0.2386167049407959, 13977
0.2386167049407959, 13976
0.2386167049407959, 13975
0.2386167049407959, 13974
0.2386167049407959, 13973
0.2386167049407959, 13972
0.2386167049407959, 13971
0.2386167049407959, 13970
0.23961639404296875, 13969
0.23961639404296875, 13968
0.23961639404296875, 13967
0.23961639404296875, 13966
0.23961639404296875, 13965
0.23961639404296875, 13964
0.23961639404296875, 13963
0.23961639404296875, 13962
0.23961639404296875, 13961
0.23961639404296875, 13960
0.23961639404296875, 13959
0.23961639404296875, 13958
0.23961639404296875, 13957
0.2406163215637207, 13956
0.2406163215637207, 13955
0.2406163215637207, 13954
0.2406163215637207, 13953
0.2406163215637207, 13952
0.2406163215637207, 13951
0.2406163215637207, 13950
0.2406163215637207, 13949
0.2406163215637207, 13948
0.2406163215637207, 13947
0.2406163215637207, 13946
0.2406163215637207, 13945
0.2406163215637207, 13944
0.24161672592163086, 13943
0.24161672592163086, 13942
0.24161672592163086, 13941
0.24161672592163086, 13940
0.24161672592163086, 13939
0.24161672592163086, 13938
0.24161672592163086, 13937
0.24161672592163086, 13936
0.24161672592163086, 13935
0.24161672592163086, 13934
0.24161672592163086, 13933
0.24161672592163086, 13932
0.2426152229309082, 13931
0.2426152229309082, 13930
0.2426152229309082, 13929
0.2426152229309082, 13928
0.2426152229309082, 13927
0.2426152229309082, 13926
0.2426152229309082, 13925
0.2426152229309082, 13924
0.2426152229309082, 13923
0.2426152229309082, 13922
0.2426152229309082, 13921
0.2426152229309082, 13920
0.2426152229309082, 13919
0.24361515045166016, 13918
0.24361515045166016, 13917
0.24361515045166016, 13916
0.24361515045166016, 13915
0.24361515045166016, 13914
0.24361515045166016, 13913
0.24361515045166016, 13912
0.24361515045166016, 13911
0.24361515045166016, 13910
0.24361515045166016, 13909
0.24361515045166016, 13908
0.24361515045166016, 13907
0.2446153163909912, 13906
0.2446153163909912, 13905
0.2446153163909912, 13904
0.2446153163909912, 13903
0.2446153163909912, 13902
0.2446153163909912, 13901
0.2446153163909912, 13900
0.2446153163909912, 13899
0.2446153163909912, 13898
0.2446153163909912, 13897
0.2446153163909912, 13896
0.2446153163909912, 13895
0.2446153163909912, 13894
0.2456972599029541, 13893
0.2456972599029541, 13892
0.2456972599029541, 13891
0.2456972599029541, 13890
0.2456972599029541, 13889
0.2456972599029541, 13888
0.2456972599029541, 13887
0.2456972599029541, 13886
0.2456972599029541, 13885
0.24661564826965332, 13884
0.24661564826965332, 13883
0.24661564826965332, 13882
0.24661564826965332, 13881
0.24661564826965332, 13880
0.24661564826965332, 13879
0.24661564826965332, 13878
0.24661564826965332, 13877
0.24661564826965332, 13876
0.24661564826965332, 13875
0.24661564826965332, 13874
0.24661564826965332, 13873
0.24761462211608887, 13872
0.24761462211608887, 13871
0.24761462211608887, 13870
0.24761462211608887, 13869
0.24761462211608887, 13868
0.24761462211608887, 13867
0.24761462211608887, 13866
0.24761462211608887, 13865
0.24761462211608887, 13864
0.24761462211608887, 13863
0.24761462211608887, 13862
0.24761462211608887, 13861
0.24761462211608887, 13860
0.24861526489257812, 13859
0.24861526489257812, 13858
0.24861526489257812, 13857
0.24861526489257812, 13856
0.24861526489257812, 13855
0.24861526489257812, 13854
0.24861526489257812, 13853
0.24861526489257812, 13852
0.24861526489257812, 13851
0.24861526489257812, 13850
0.2496187686920166, 13849
0.2496187686920166, 13848
0.2496187686920166, 13847
0.2496187686920166, 13846
0.2496187686920166, 13845
0.2496187686920166, 13844
0.2496187686920166, 13843
0.2496187686920166, 13842
0.2496187686920166, 13841
0.2496187686920166, 13840
0.2496187686920166, 13839
0.2496187686920166, 13838
0.2496187686920166, 13837
0.25061845779418945, 13836
0.25061845779418945, 13835
0.25061845779418945, 13834
0.25061845779418945, 13833
0.25061845779418945, 13832
0.25061845779418945, 13831
0.25061845779418945, 13830
0.25061845779418945, 13829
0.25061845779418945, 13828
0.25061845779418945, 13827
0.25061845779418945, 13826
0.25061845779418945, 13825
0.4748506546020508, 13824
0.4748506546020508, 13823
0.4748506546020508, 13822
0.4748506546020508, 13821
0.4748506546020508, 13820
0.4758622646331787, 13819
0.4758622646331787, 13818
0.4758622646331787, 13817
0.4758622646331787, 13816
0.4758622646331787, 13815
0.4758622646331787, 13814
0.4758622646331787, 13813
0.4758622646331787, 13812
0.4758622646331787, 13811
0.4758622646331787, 13810
0.4758622646331787, 13809
0.4758622646331787, 13808
0.4758622646331787, 13807
0.4758622646331787, 13806
0.47686123847961426, 13805
0.47686123847961426, 13804
0.47686123847961426, 13803
0.47686123847961426, 13802
0.47686123847961426, 13801
0.47686123847961426, 13800
0.47686123847961426, 13799
0.47686123847961426, 13798
0.47686123847961426, 13797
0.47686123847961426, 13796
0.47686123847961426, 13795
0.4776599407196045, 13794
0.4776599407196045, 13793
0.4776599407196045, 13792
0.4776599407196045, 13791
0.4776599407196045, 13790
0.4776599407196045, 13789
0.4776599407196045, 13788
0.4776599407196045, 13787
0.4776599407196045, 13786
0.4776599407196045, 13785
0.478670597076416, 13784
0.478670597076416, 13783
0.478670597076416, 13782
0.478670597076416, 13781
1.2252135276794434, 13780
1.2252135276794434, 13779
1.2252135276794434, 13778
1.2252135276794434, 13777
1.2252135276794434, 13776
1.2252135276794434, 13775
1.2252135276794434, 13774
1.2252135276794434, 13773
1.2252135276794434, 13772
1.2252135276794434, 13771
1.2252135276794434, 13770
1.2252135276794434, 13769
1.2252135276794434, 13768
1.2262136936187744, 13767
1.2262136936187744, 13766
1.2262136936187744, 13765
1.2262136936187744, 13764
1.2262136936187744, 13763
1.2262136936187744, 13762
1.2262136936187744, 13761
1.2262136936187744, 13760
1.2262136936187744, 13759
1.2262136936187744, 13758
1.2262136936187744, 13757
1.2262136936187744, 13756
1.2262136936187744, 13755
1.2262136936187744, 13754
1.2272155284881592, 13753
1.2272155284881592, 13752
1.2272155284881592, 13751
1.2272155284881592, 13750
1.2272155284881592, 13749
1.2272155284881592, 13748
1.2272155284881592, 13747
1.2272155284881592, 13746
1.2272155284881592, 13745
1.2272155284881592, 13744
1.2272155284881592, 13743
1.2272155284881592, 13742
1.2272155284881592, 13741
1.2272155284881592, 13740
1.2282171249389648, 13739
1.2282171249389648, 13738
1.2282171249389648, 13737
1.4672620296478271, 13736
1.4672620296478271, 13735
1.4672620296478271, 13734
1.4672620296478271, 13733
1.4672620296478271, 13732
1.4672620296478271, 13731
1.4672620296478271, 13730
1.4672620296478271, 13729
1.4672620296478271, 13728
1.4672620296478271, 13727
1.4672620296478271, 13726
1.4672620296478271, 13725
1.4682612419128418, 13724
1.4682612419128418, 13723
1.4682612419128418, 13722
1.4682612419128418, 13721
1.4682612419128418, 13720
1.4682612419128418, 13719
1.4682612419128418, 13718
1.4682612419128418, 13717
1.4682612419128418, 13716
1.4682612419128418, 13715
1.4682612419128418, 13714
1.4682612419128418, 13713
1.4692621231079102, 13712
1.9844465255737305, 13711
1.9844465255737305, 13710
1.9844465255737305, 13709
1.9844465255737305, 13708
1.9844465255737305, 13707
1.9844465255737305, 13706
1.9844465255737305, 13705
1.9844465255737305, 13704
1.9844465255737305, 13703
1.9854471683502197, 13702
1.9854471683502197, 13701
1.9854471683502197, 13700
1.9854471683502197, 13699
1.9854471683502197, 13698
1.9854471683502197, 13697
1.9854471683502197, 13696
1.9854471683502197, 13695
1.9854471683502197, 13694
1.9854471683502197, 13693
1.9854471683502197, 13692
1.9854471683502197, 13691
1.9854471683502197, 13690
1.9854471683502197, 13689
1.9864482879638672, 13688
1.9864482879638672, 13687
1.9864482879638672, 13686
1.9864482879638672, 13685
1.9864482879638672, 13684
1.9864482879638672, 13683
1.9864482879638672, 13682
1.9864482879638672, 13681
1.9864482879638672, 13680
1.9864482879638672, 13679
1.9864482879638672, 13678
1.9864482879638672, 13677
1.9864482879638672, 13676
1.9864482879638672, 13675
1.9874496459960938, 13674
1.9874496459960938, 13673
1.9874496459960938, 13672
1.9874496459960938, 13671
1.9874496459960938, 13670
1.9874496459960938, 13669
1.9874496459960938, 13668
1.9874496459960938, 13667
1.9874496459960938, 13666
1.9874496459960938, 13665
1.9874496459960938, 13664
1.9874496459960938, 13663
1.9874496459960938, 13662
1.9874496459960938, 13661
1.9884495735168457, 13660
1.9884495735168457, 13659
1.9884495735168457, 13658
1.9884495735168457, 13657
1.9884495735168457, 13656
1.9884495735168457, 13655
1.9884495735168457, 13654
1.9884495735168457, 13653
1.9884495735168457, 13652
1.9884495735168457, 13651
1.9884495735168457, 13650
1.9884495735168457, 13649
1.9894473552703857, 13648
1.9894473552703857, 13647
1.9894473552703857, 13646
1.9894473552703857, 13645
1.9894473552703857, 13644
1.9894473552703857, 13643
1.9894473552703857, 13642
1.9894473552703857, 13641
1.9894473552703857, 13640
1.9894473552703857, 13639
1.9894473552703857, 13638
1.9894473552703857, 13637
1.9894473552703857, 13636
1.9904465675354004, 13635
1.9904465675354004, 13634
1.9904465675354004, 13633
1.9904465675354004, 13632
1.9904465675354004, 13631
1.9904465675354004, 13630
1.9904465675354004, 13629
1.9904465675354004, 13628
1.9904465675354004, 13627
1.9904465675354004, 13626
1.9904465675354004, 13625
1.9904465675354004, 13624
1.9914474487304688, 13623
1.9914474487304688, 13622
1.9914474487304688, 13621
1.9914474487304688, 13620
1.9914474487304688, 13619
1.9914474487304688, 13618
1.9914474487304688, 13617
1.9914474487304688, 13616
1.9914474487304688, 13615
1.9914474487304688, 13614
1.9914474487304688, 13613
1.9914474487304688, 13612
1.9924488067626953, 13611
1.9925594329833984, 13610
1.9925594329833984, 13609
1.9925594329833984, 13608
1.9925594329833984, 13607
1.9925594329833984, 13606
1.9925594329833984, 13605
1.9925594329833984, 13604
1.9934477806091309, 13603
1.9934477806091309, 13602
1.9934477806091309, 13601
1.9934477806091309, 13600
1.9934477806091309, 13599
1.9934477806091309, 13598
1.9934477806091309, 13597
1.9934477806091309, 13596
1.9934477806091309, 13595
1.9934477806091309, 13594
1.9934477806091309, 13593
1.9934477806091309, 13592
1.9944462776184082, 13591
1.9944462776184082, 13590
1.9944462776184082, 13589
1.9944462776184082, 13588
1.9944462776184082, 13587
1.9944462776184082, 13586
1.9944462776184082, 13585
1.9944462776184082, 13584
1.9944462776184082, 13583
1.9944462776184082, 13582
1.9944462776184082, 13581
1.9944462776184082, 13580
1.9944462776184082, 13579
1.995450496673584, 13578
1.995450496673584, 13577
1.995450496673584, 13576
1.995450496673584, 13575
1.995450496673584, 13574
1.995450496673584, 13573
1.995450496673584, 13572
1.995450496673584, 13571
1.995450496673584, 13570
1.995450496673584, 13569
1.995450496673584, 13568
1.995450496673584, 13567
1.9964473247528076, 13566
1.9964473247528076, 13565
1.9964473247528076, 13564
1.9964473247528076, 13563
1.9964473247528076, 13562
1.9964473247528076, 13561
1.9964473247528076, 13560
1.9964473247528076, 13559
1.9964473247528076, 13558
1.9964473247528076, 13557
1.9964473247528076, 13556
1.9964473247528076, 13555
1.9964473247528076, 13554
1.9974479675292969, 13553
1.9974479675292969, 13552
1.9974479675292969, 13551
1.9974479675292969, 13550
1.9974479675292969, 13549
1.9974479675292969, 13548
1.9974479675292969, 13547
1.9974479675292969, 13546
1.9974479675292969, 13545
1.9974479675292969, 13544
1.9974479675292969, 13543
1.9974479675292969, 13542
1.998448371887207, 13541
1.998448371887207, 13540
1.998448371887207, 13539
1.998448371887207, 13538
1.998448371887207, 13537
1.998448371887207, 13536
1.998448371887207, 13535
1.998448371887207, 13534
1.998448371887207, 13533
1.998448371887207, 13532
1.998448371887207, 13531
1.998448371887207, 13530
1.9994463920593262, 13529
1.9994463920593262, 13528
1.9994463920593262, 13527
1.9994463920593262, 13526
1.9994463920593262, 13525
1.9994463920593262, 13524
1.9994463920593262, 13523
1.9994463920593262, 13522
1.9994463920593262, 13521
1.9994463920593262, 13520
1.9994463920593262, 13519
1.9994463920593262, 13518
1.9994463920593262, 13517
2.0004470348358154, 13516
2.0004470348358154, 13515
2.0004470348358154, 13514
2.0004470348358154, 13513
2.0004470348358154, 13512
2.0004470348358154, 13511
2.0004470348358154, 13510
2.0004470348358154, 13509
2.0004470348358154, 13508
2.0004470348358154, 13507
2.0004470348358154, 13506
2.0004470348358154, 13505
2.001448392868042, 13504
2.001448392868042, 13503
2.001448392868042, 13502
2.001448392868042, 13501
2.001448392868042, 13500
2.001448392868042, 13499
2.001448392868042, 13498
2.001448392868042, 13497
2.001448392868042, 13496
2.001448392868042, 13495
2.001448392868042, 13494
2.001448392868042, 13493
2.0024490356445312, 13492
2.0024490356445312, 13491
2.0024490356445312, 13490
2.0024490356445312, 13489
2.0024490356445312, 13488
2.0024490356445312, 13487
2.0024490356445312, 13486
2.0024490356445312, 13485
2.0024490356445312, 13484
2.0024490356445312, 13483
2.0024490356445312, 13482
2.0034475326538086, 13481
2.0034475326538086, 13480
2.0034475326538086, 13479
2.0034475326538086, 13478
2.0034475326538086, 13477
2.0034475326538086, 13476
2.0034475326538086, 13475
2.0034475326538086, 13474
2.0034475326538086, 13473
2.0034475326538086, 13472
2.0034475326538086, 13471
2.0034475326538086, 13470
2.0044493675231934, 13469
2.0044493675231934, 13468
2.0044493675231934, 13467
2.0044493675231934, 13466
2.0044493675231934, 13465
2.0044493675231934, 13464
2.0044493675231934, 13463
2.0044493675231934, 13462
2.0044493675231934, 13461
2.0044493675231934, 13460
2.0044493675231934, 13459
2.0044493675231934, 13458
2.0054502487182617, 13457
2.0054502487182617, 13456
2.0054502487182617, 13455
2.0054502487182617, 13454
2.0054502487182617, 13453
2.0054502487182617, 13452
2.0054502487182617, 13451
2.0054502487182617, 13450
2.0054502487182617, 13449
2.0054502487182617, 13448
2.0054502487182617, 13447
2.0054502487182617, 13446
2.0064480304718018, 13445
2.0064480304718018, 13444
2.0064480304718018, 13443
2.0064480304718018, 13442
3.6713452339172363, 13441
3.6713452339172363, 13440
3.6713452339172363, 13439
3.6713452339172363, 13438
3.6713452339172363, 13437
3.6713452339172363, 13436
3.6713452339172363, 13435
3.6713452339172363, 13434
3.6713452339172363, 13433
3.6713452339172363, 13432
3.6713452339172363, 13431
3.6713452339172363, 13430
3.6713452339172363, 13429
3.672349214553833, 13428
3.672349214553833, 13427
3.672349214553833, 13426
3.672349214553833, 13425
3.672349214553833, 13424
3.672349214553833, 13423
3.672349214553833, 13422
3.672349214553833, 13421
3.672349214553833, 13420
3.672349214553833, 13419
3.672349214553833, 13418
3.672349214553833, 13417
3.672349214553833, 13416
3.673348903656006, 13415
3.673348903656006, 13414
3.673348903656006, 13413
3.673348903656006, 13412
3.673348903656006, 13411
3.673348903656006, 13410
3.673348903656006, 13409
3.673348903656006, 13408
3.673348903656006, 13407
3.673348903656006, 13406
3.673348903656006, 13405
3.673348903656006, 13404
3.673348903656006, 13403
3.674346685409546, 13402
3.674346685409546, 13401
3.674346685409546, 13400
3.674346685409546, 13399
3.674346685409546, 13398
3.674346685409546, 13397
3.674346685409546, 13396
3.674346685409546, 13395
3.674346685409546, 13394
3.674346685409546, 13393
3.674346685409546, 13392
3.674346685409546, 13391
3.6753458976745605, 13390
3.6753458976745605, 13389
3.6753458976745605, 13388
3.6753458976745605, 13387
3.6753458976745605, 13386
3.6753458976745605, 13385
3.6753458976745605, 13384
3.6753458976745605, 13383
3.6753458976745605, 13382
3.6753458976745605, 13381
3.6753458976745605, 13380
3.6753458976745605, 13379
3.6753458976745605, 13378
3.676344871520996, 13377
3.676344871520996, 13376
3.676344871520996, 13375
3.676344871520996, 13374
3.676344871520996, 13373
3.676344871520996, 13372
3.676344871520996, 13371
3.676344871520996, 13370
3.676344871520996, 13369
3.676344871520996, 13368
3.676344871520996, 13367
3.676344871520996, 13366
3.677347183227539, 13365
3.677347183227539, 13364
3.677347183227539, 13363
3.677347183227539, 13362
3.677347183227539, 13361
3.677347183227539, 13360
3.677347183227539, 13359
3.677347183227539, 13358
3.677347183227539, 13357
3.677347183227539, 13356
3.677347183227539, 13355
3.677347183227539, 13354
3.67834734916687, 13353
3.67834734916687, 13352
3.67834734916687, 13351
3.67834734916687, 13350
3.67834734916687, 13349
3.67834734916687, 13348
3.67834734916687, 13347
3.67834734916687, 13346
3.67834734916687, 13345
3.67834734916687, 13344
3.67834734916687, 13343
3.6793506145477295, 13342
3.6793506145477295, 13341
3.6793506145477295, 13340
3.6793506145477295, 13339
3.6793506145477295, 13338
3.6793506145477295, 13337
3.6793506145477295, 13336
3.6793506145477295, 13335
3.6793506145477295, 13334
3.6793506145477295, 13333
3.6793506145477295, 13332
3.6793506145477295, 13331
3.6803455352783203, 13330
3.6803455352783203, 13329
3.6803455352783203, 13328
3.6803455352783203, 13327
3.6803455352783203, 13326
3.6803455352783203, 13325
3.6803455352783203, 13324
3.6803455352783203, 13323
3.6803455352783203, 13322
3.6803455352783203, 13321
3.6803455352783203, 13320
3.6803455352783203, 13319
3.6813466548919678, 13318
3.6813466548919678, 13317
3.6813466548919678, 13316
3.6813466548919678, 13315
3.6813466548919678, 13314
3.6813466548919678, 13313
3.6813466548919678, 13312
3.6813466548919678, 13311
3.6813466548919678, 13310
3.6813466548919678, 13309
3.6813466548919678, 13308
3.6813466548919678, 13307
3.682345390319824, 13306
3.682345390319824, 13305
3.682345390319824, 13304
3.682345390319824, 13303
3.682345390319824, 13302
3.682345390319824, 13301
3.682345390319824, 13300
3.682345390319824, 13299
3.682345390319824, 13298
3.682345390319824, 13297
3.682345390319824, 13296
3.683345317840576, 13295
3.683345317840576, 13294
3.683345317840576, 13293
3.683345317840576, 13292
3.683345317840576, 13291
3.683345317840576, 13290
3.683345317840576, 13289
3.683345317840576, 13288
3.683345317840576, 13287
3.683345317840576, 13286
3.683345317840576, 13285
3.684345245361328, 13284
3.684345245361328, 13283
3.684345245361328, 13282
3.684345245361328, 13281
3.684345245361328, 13280
3.684345245361328, 13279
3.684345245361328, 13278
3.684345245361328, 13277
3.684345245361328, 13276
3.684345245361328, 13275
3.684345245361328, 13274
3.684345245361328, 13273
3.6853461265563965, 13272
3.6853461265563965, 13271
3.6853461265563965, 13270
3.6853461265563965, 13269
3.6853461265563965, 13268
3.6853461265563965, 13267
3.6853461265563965, 13266
3.6853461265563965, 13265
3.6853461265563965, 13264
3.6853461265563965, 13263
3.6853461265563965, 13262
3.6853461265563965, 13261
3.6863486766815186, 13260
3.6863486766815186, 13259
3.6863486766815186, 13258
3.6863486766815186, 13257
3.6863486766815186, 13256
3.6863486766815186, 13255
3.6863486766815186, 13254
3.6863486766815186, 13253
3.6863486766815186, 13252
3.6863486766815186, 13251
3.6863486766815186, 13250
3.6873457431793213, 13249
3.6873457431793213, 13248
3.6873457431793213, 13247
3.6873457431793213, 13246
3.6873457431793213, 13245
3.6873457431793213, 13244
3.6873457431793213, 13243
3.6873457431793213, 13242
3.6873457431793213, 13241
3.6873457431793213, 13240
3.6873457431793213, 13239
3.6873457431793213, 13238
3.6883461475372314, 13237
3.6883461475372314, 13236
3.6883461475372314, 13235
3.6883461475372314, 13234
3.6883461475372314, 13233
3.6883461475372314, 13232
3.6883461475372314, 13231
3.6883461475372314, 13230
3.6883461475372314, 13229
3.6883461475372314, 13228
3.6883461475372314, 13227
3.6893463134765625, 13226
3.6893463134765625, 13225
3.6893463134765625, 13224
3.6893463134765625, 13223
3.6893463134765625, 13222
3.6893463134765625, 13221
3.6893463134765625, 13220
3.6893463134765625, 13219
3.6893463134765625, 13218
3.6893463134765625, 13217
3.6893463134765625, 13216
3.6893463134765625, 13215
3.6903505325317383, 13214
3.6903505325317383, 13213
3.6903505325317383, 13212
3.6903505325317383, 13211
3.6903505325317383, 13210
3.6903505325317383, 13209
3.6903505325317383, 13208
3.6903505325317383, 13207
3.6903505325317383, 13206
3.6903505325317383, 13205
3.6903505325317383, 13204
3.691348075866699, 13203
3.691348075866699, 13202
3.691348075866699, 13201
3.691348075866699, 13200
3.691348075866699, 13199
3.691348075866699, 13198
3.691348075866699, 13197
3.691348075866699, 13196
3.691348075866699, 13195
3.691348075866699, 13194
3.691348075866699, 13193
3.692344903945923, 13192
3.692344903945923, 13191
3.692344903945923, 13190
3.692344903945923, 13189
3.692344903945923, 13188
3.6933460235595703, 13187
3.6933460235595703, 13186
3.6933460235595703, 13185
3.6933460235595703, 13184
3.6933460235595703, 13183
3.6933460235595703, 13182
3.6933460235595703, 13181
3.6933460235595703, 13180
3.6933460235595703, 13179
3.6933460235595703, 13178
3.6933460235595703, 13177
3.694347381591797, 13176
3.694347381591797, 13175
3.694347381591797, 13174
3.694347381591797, 13173
3.694347381591797, 13172
3.694347381591797, 13171
3.694347381591797, 13170
3.694347381591797, 13169
3.694347381591797, 13168
3.694347381591797, 13167
3.694347381591797, 13166
3.695345878601074, 13165
3.695345878601074, 13164
3.695345878601074, 13163
3.695345878601074, 13162
3.695345878601074, 13161
3.695345878601074, 13160
3.695345878601074, 13159
3.695345878601074, 13158
3.695345878601074, 13157
3.695345878601074, 13156
3.695345878601074, 13155
3.696345329284668, 13154
3.696345329284668, 13153
3.696345329284668, 13152
3.696345329284668, 13151
3.696345329284668, 13150
3.696345329284668, 13149
3.696345329284668, 13148
3.696345329284668, 13147
3.696345329284668, 13146
3.696345329284668, 13145
3.696345329284668, 13144
3.696345329284668, 13143
3.696345329284668, 13142
3.697347640991211, 13141
3.697347640991211, 13140
3.697347640991211, 13139
3.697347640991211, 13138
3.697347640991211, 13137
3.697347640991211, 13136
3.697347640991211, 13135
3.697347640991211, 13134
3.697347640991211, 13133
3.697347640991211, 13132
3.697347640991211, 13131
3.697347640991211, 13130
3.698345184326172, 13129
3.698345184326172, 13128
3.698345184326172, 13127
3.698345184326172, 13126
3.698345184326172, 13125
3.698345184326172, 13124
3.698345184326172, 13123
3.698345184326172, 13122
3.698345184326172, 13121
3.698345184326172, 13120
3.698345184326172, 13119
3.698345184326172, 13118
3.6993465423583984, 13117
3.6993465423583984, 13116
3.6993465423583984, 13115
3.6993465423583984, 13114
3.6993465423583984, 13113
3.6993465423583984, 13112
3.6993465423583984, 13111
3.6993465423583984, 13110
3.6993465423583984, 13109
3.6993465423583984, 13108
3.6993465423583984, 13107
3.700345277786255, 13106
3.700345277786255, 13105
3.700345277786255, 13104
3.700345277786255, 13103
3.700345277786255, 13102
3.700345277786255, 13101
3.700345277786255, 13100
3.700345277786255, 13099
3.700345277786255, 13098
3.700345277786255, 13097
3.700345277786255, 13096
3.700345277786255, 13095
3.7013487815856934, 13094
3.7013487815856934, 13093
3.7013487815856934, 13092
3.7013487815856934, 13091
3.7013487815856934, 13090
3.7013487815856934, 13089
3.7013487815856934, 13088
3.7013487815856934, 13087
3.7013487815856934, 13086
3.7013487815856934, 13085
3.7013487815856934, 13084
3.7013487815856934, 13083
3.702346086502075, 13082
3.702346086502075, 13081
3.702346086502075, 13080
3.702346086502075, 13079
3.702346086502075, 13078
3.702346086502075, 13077
3.702346086502075, 13076
3.702346086502075, 13075
3.702346086502075, 13074
3.702346086502075, 13073
