0.18609929084777832, 14003
0.18609929084777832, 14002
0.18609929084777832, 14001
0.18609929084777832, 14000
0.18609929084777832, 13999
0.18609929084777832, 13998
0.18609929084777832, 13997
0.18609929084777832, 13996
0.18709015846252441, 13995
0.18709015846252441, 13994
0.18709015846252441, 13993
0.18709015846252441, 13992
0.18709015846252441, 13991
0.18709015846252441, 13990
0.18709015846252441, 13989
0.18709015846252441, 13988
0.18709015846252441, 13987
0.18709015846252441, 13986
0.18709015846252441, 13985
0.18709015846252441, 13984
0.18709015846252441, 13983
0.18709015846252441, 13982
0.18709015846252441, 13981
0.18808960914611816, 13980
0.18808960914611816, 13979
0.18808960914611816, 13978
0.18808960914611816, 13977
0.18808960914611816, 13976
0.18808960914611816, 13975
0.18808960914611816, 13974
0.18808960914611816, 13973
0.18808960914611816, 13972
0.18808960914611816, 13971
0.18808960914611816, 13970
0.18808960914611816, 13969
0.18808960914611816, 13968
0.18808960914611816, 13967
0.18808960914611816, 13966
0.18908977508544922, 13965
0.18908977508544922, 13964
0.18908977508544922, 13963
0.18908977508544922, 13962
0.18908977508544922, 13961
0.18908977508544922, 13960
0.18908977508544922, 13959
0.18908977508544922, 13958
0.18908977508544922, 13957
0.18908977508544922, 13956
0.18908977508544922, 13955
0.18908977508544922, 13954
0.18908977508544922, 13953
0.18908977508544922, 13952
0.18908977508544922, 13951
0.19008946418762207, 13950
0.19008946418762207, 13949
0.19008946418762207, 13948
0.19008946418762207, 13947
0.19008946418762207, 13946
0.19008946418762207, 13945
0.19008946418762207, 13944
0.19008946418762207, 13943
0.19008946418762207, 13942
0.19008946418762207, 13941
0.19008946418762207, 13940
0.19008946418762207, 13939
0.19008946418762207, 13938
0.19008946418762207, 13937
0.19008946418762207, 13936
0.19108986854553223, 13935
0.19108986854553223, 13934
0.19108986854553223, 13933
0.19108986854553223, 13932
0.19108986854553223, 13931
0.19108986854553223, 13930
0.19108986854553223, 13929
0.19108986854553223, 13928
0.19108986854553223, 13927
0.19108986854553223, 13926
0.19108986854553223, 13925
0.19108986854553223, 13924
0.19108986854553223, 13923
0.19108986854553223, 13922
0.19108986854553223, 13921
0.19208979606628418, 13920
0.19208979606628418, 13919
0.19208979606628418, 13918
0.19208979606628418, 13917
0.19208979606628418, 13916
0.19208979606628418, 13915
0.19208979606628418, 13914
0.19208979606628418, 13913
0.19208979606628418, 13912
0.19208979606628418, 13911
0.19309067726135254, 13910
0.19309067726135254, 13909
0.19309067726135254, 13908
0.19309067726135254, 13907
0.36443662643432617, 13906
0.36443662643432617, 13905
0.36443662643432617, 13904
0.36443662643432617, 13903
0.36443662643432617, 13902
0.36443662643432617, 13901
0.36543726921081543, 13900
0.36543726921081543, 13899
0.36543726921081543, 13898
0.36543726921081543, 13897
0.36543726921081543, 13896
0.36543726921081543, 13895
0.36543726921081543, 13894
0.36543726921081543, 13893
0.36543726921081543, 13892
0.36543726921081543, 13891
0.36543726921081543, 13890
0.36543726921081543, 13889
0.36543726921081543, 13888
0.36543726921081543, 13887
0.36543726921081543, 13886
0.36543726921081543, 13885
0.3664360046386719, 13884
0.3664360046386719, 13883
0.3664360046386719, 13882
0.3664360046386719, 13881
0.3666989803314209, 13880
0.3666989803314209, 13879
0.3666989803314209, 13878
0.3666989803314209, 13877
0.3666989803314209, 13876
0.3666989803314209, 13875
0.3666989803314209, 13874
0.3666989803314209, 13873
0.3666989803314209, 13872
0.3666989803314209, 13871
0.3666989803314209, 13870
0.36743617057800293, 13869
0.36743617057800293, 13868
0.36743617057800293, 13867
0.36743617057800293, 13866
0.36743617057800293, 13865
0.36743617057800293, 13864
0.36743617057800293, 13863
0.36743617057800293, 13862
0.36743617057800293, 13861
0.36743617057800293, 13860
0.36743617057800293, 13859
0.36743617057800293, 13858
0.36743617057800293, 13857
0.36743617057800293, 13856
0.3684372901916504, 13855
0.3684372901916504, 13854
0.3684372901916504, 13853
0.3684372901916504, 13852
0.3684372901916504, 13851
0.3684372901916504, 13850
0.3684372901916504, 13849
0.3684372901916504, 13848
0.3684372901916504, 13847
0.3684372901916504, 13846
0.3684372901916504, 13845
0.3684372901916504, 13844
0.3684372901916504, 13843
0.3684372901916504, 13842
0.3684372901916504, 13841
0.36943650245666504, 13840
0.36943650245666504, 13839
0.36943650245666504, 13838
0.36968374252319336, 13837
0.36968374252319336, 13836
0.36968374252319336, 13835
0.36968374252319336, 13834
0.36968374252319336, 13833
0.36968374252319336, 13832
0.36968374252319336, 13831
0.36968374252319336, 13830
0.36968374252319336, 13829
0.36968374252319336, 13828
0.36968374252319336, 13827
0.36968374252319336, 13826
0.3704359531402588, 13825
0.3704359531402588, 13824
0.3704359531402588, 13823
0.3704359531402588, 13822
0.3704359531402588, 13821
0.3704359531402588, 13820
0.3704359531402588, 13819
0.3704359531402588, 13818
0.3704359531402588, 13817
0.3704359531402588, 13816
0.3704359531402588, 13815
0.3704359531402588, 13814
0.3704359531402588, 13813
0.3704359531402588, 13812
0.3704359531402588, 13811
0.37143588066101074, 13810
0.37143588066101074, 13809
0.37143588066101074, 13808
0.37143588066101074, 13807
0.37143588066101074, 13806
0.37143588066101074, 13805
0.37143588066101074, 13804
0.3719656467437744, 13803
0.3719656467437744, 13802
0.3719656467437744, 13801
0.3719656467437744, 13800
0.3719656467437744, 13799
0.3719656467437744, 13798
0.3719656467437744, 13797
0.3719656467437744, 13796
0.3719656467437744, 13795
0.3719656467437744, 13794
0.3719656467437744, 13793
0.3719656467437744, 13792
0.3719656467437744, 13791
0.3719656467437744, 13790
0.3719656467437744, 13789
0.3729732036590576, 13788
0.3729732036590576, 13787
0.3729732036590576, 13786
0.3729732036590576, 13785
0.3729732036590576, 13784
0.3729732036590576, 13783
0.3729732036590576, 13782
0.3729732036590576, 13781
0.3729732036590576, 13780
0.3729732036590576, 13779
0.3729732036590576, 13778
0.3729732036590576, 13777
0.3729732036590576, 13776
0.3729732036590576, 13775
0.3729732036590576, 13774
0.3739736080169678, 13773
0.3739736080169678, 13772
0.3739736080169678, 13771
0.3739736080169678, 13770
0.3739736080169678, 13769
0.3739736080169678, 13768
0.3739736080169678, 13767
0.3739736080169678, 13766
0.3739736080169678, 13765
0.3739736080169678, 13764
0.3739736080169678, 13763
0.3739736080169678, 13762
0.3739736080169678, 13761
0.3739736080169678, 13760
0.3739736080169678, 13759
0.3749730587005615, 13758
0.3749730587005615, 13757
0.3749730587005615, 13756
0.3749730587005615, 13755
0.3749730587005615, 13754
0.3749730587005615, 13753
0.3749730587005615, 13752
0.3749730587005615, 13751
0.3749730587005615, 13750
0.3749730587005615, 13749
0.3749730587005615, 13748
0.3749730587005615, 13747
0.3749730587005615, 13746
0.3749730587005615, 13745
0.3749730587005615, 13744
0.3759734630584717, 13743
0.3759734630584717, 13742
0.3759734630584717, 13741
0.3759734630584717, 13740
0.3759734630584717, 13739
0.3759734630584717, 13738
0.3759734630584717, 13737
0.3759734630584717, 13736
0.37654924392700195, 13735
0.37654924392700195, 13734
0.37654924392700195, 13733
0.37654924392700195, 13732
0.37654924392700195, 13731
0.37654924392700195, 13730
0.37697339057922363, 13729
0.37697339057922363, 13728
0.37697339057922363, 13727
0.37697339057922363, 13726
0.37697339057922363, 13725
0.37697339057922363, 13724
0.37697339057922363, 13723
0.37697339057922363, 13722
0.37697339057922363, 13721
0.37697339057922363, 13720
0.37697339057922363, 13719
0.37697339057922363, 13718
0.37697339057922363, 13717
0.37697339057922363, 13716
0.37697339057922363, 13715
0.3779733180999756, 13714
0.3779733180999756, 13713
0.3779733180999756, 13712
0.3779733180999756, 13711
0.3779733180999756, 13710
0.3779733180999756, 13709
0.3779733180999756, 13708
0.3779733180999756, 13707
0.3779733180999756, 13706
0.3779733180999756, 13705
0.5493156909942627, 13704
0.5493156909942627, 13703
0.5493156909942627, 13702
0.5493156909942627, 13701
0.5493156909942627, 13700
0.5493156909942627, 13699
0.5493156909942627, 13698
0.5493156909942627, 13697
0.550154447555542, 13696
0.550154447555542, 13695
0.550154447555542, 13694
0.550154447555542, 13693
0.550154447555542, 13692
0.550154447555542, 13691
0.550154447555542, 13690
0.550154447555542, 13689
0.550154447555542, 13688
0.550154447555542, 13687
0.550154447555542, 13686
0.550154447555542, 13685
0.550154447555542, 13684
0.550154447555542, 13683
0.550154447555542, 13682
0.551154613494873, 13681
0.551154613494873, 13680
0.551154613494873, 13679
0.551154613494873, 13678
0.551154613494873, 13677
0.551154613494873, 13676
0.551154613494873, 13675
0.551154613494873, 13674
0.551154613494873, 13673
0.551154613494873, 13672
0.551154613494873, 13671
0.551154613494873, 13670
0.551154613494873, 13669
0.551154613494873, 13668
0.551154613494873, 13667
0.5521543025970459, 13666
0.5521543025970459, 13665
0.5521543025970459, 13664
0.5521543025970459, 13663
0.5521543025970459, 13662
0.5521543025970459, 13661
0.5521543025970459, 13660
0.5521543025970459, 13659
0.5521543025970459, 13658
0.5521543025970459, 13657
0.5521543025970459, 13656
0.5521543025970459, 13655
0.5521543025970459, 13654
0.5521543025970459, 13653
0.5531539916992188, 13652
0.5531539916992188, 13651
0.5531539916992188, 13650
0.5531539916992188, 13649
0.5531539916992188, 13648
0.5531539916992188, 13647
0.5531539916992188, 13646
0.5531539916992188, 13645
0.5531539916992188, 13644
0.5531539916992188, 13643
0.5531539916992188, 13642
0.5531539916992188, 13641
0.5531539916992188, 13640
0.5531539916992188, 13639
0.5531539916992188, 13638
0.5541551113128662, 13637
0.5541551113128662, 13636
0.5541551113128662, 13635
0.5541551113128662, 13634
0.5541551113128662, 13633
0.5541551113128662, 13632
0.5541551113128662, 13631
0.5541551113128662, 13630
0.5541551113128662, 13629
0.5541551113128662, 13628
0.5541551113128662, 13627
0.5541551113128662, 13626
0.5541551113128662, 13625
0.5541551113128662, 13624
0.5551552772521973, 13623
0.5551552772521973, 13622
0.5551552772521973, 13621
0.5551552772521973, 13620
0.5551552772521973, 13619
0.5551552772521973, 13618
0.5551552772521973, 13617
0.5551552772521973, 13616
0.5551552772521973, 13615
0.5551552772521973, 13614
0.5551552772521973, 13613
0.5551552772521973, 13612
0.5551552772521973, 13611
0.5551552772521973, 13610
0.5551552772521973, 13609
0.5561542510986328, 13608
0.5561542510986328, 13607
0.5561542510986328, 13606
0.5561542510986328, 13605
0.5561542510986328, 13604
0.5561542510986328, 13603
0.5561542510986328, 13602
0.5566174983978271, 13601
0.5566174983978271, 13600
0.5566174983978271, 13599
0.5566174983978271, 13598
0.5571560859680176, 13597
0.5571560859680176, 13596
0.5571560859680176, 13595
0.5571560859680176, 13594
0.5571560859680176, 13593
0.5571560859680176, 13592
0.5571560859680176, 13591
0.5571560859680176, 13590
0.5571560859680176, 13589
0.5571560859680176, 13588
0.5571560859680176, 13587
0.5571560859680176, 13586
0.5571560859680176, 13585
0.5571560859680176, 13584
0.5571560859680176, 13583
0.5581557750701904, 13582
0.5581557750701904, 13581
0.5581557750701904, 13580
0.5581557750701904, 13579
0.5581557750701904, 13578
0.5581557750701904, 13577
0.5581557750701904, 13576
0.5581557750701904, 13575
0.5581557750701904, 13574
0.5581557750701904, 13573
0.5581557750701904, 13572
0.5581557750701904, 13571
0.5581557750701904, 13570
0.5581557750701904, 13569
0.5591552257537842, 13568
0.5591552257537842, 13567
0.5591552257537842, 13566
0.5591552257537842, 13565
0.5591552257537842, 13564
0.5591552257537842, 13563
0.5591552257537842, 13562
0.5591552257537842, 13561
0.5591552257537842, 13560
0.5591552257537842, 13559
0.5591552257537842, 13558
0.5591552257537842, 13557
0.5591552257537842, 13556
0.5591552257537842, 13555
0.5591552257537842, 13554
0.560157299041748, 13553
0.560157299041748, 13552
0.560157299041748, 13551
0.560157299041748, 13550
0.560157299041748, 13549
0.560157299041748, 13548
0.560157299041748, 13547
0.560157299041748, 13546
0.560157299041748, 13545
0.560157299041748, 13544
0.560157299041748, 13543
0.560157299041748, 13542
0.560157299041748, 13541
0.560157299041748, 13540
0.560157299041748, 13539
0.5611555576324463, 13538
0.5611555576324463, 13537
0.5611555576324463, 13536
0.5611555576324463, 13535
0.5611555576324463, 13534
0.5611555576324463, 13533
0.5611555576324463, 13532
0.5611555576324463, 13531
0.5611555576324463, 13530
0.5611555576324463, 13529
0.5611555576324463, 13528
0.5611555576324463, 13527
0.5611555576324463, 13526
0.5611555576324463, 13525
0.5611555576324463, 13524
0.5621552467346191, 13523
0.5621552467346191, 13522
0.5621552467346191, 13521
0.5621552467346191, 13520
0.5621552467346191, 13519
0.5621552467346191, 13518
0.5621552467346191, 13517
0.5621552467346191, 13516
0.5621552467346191, 13515
0.5621552467346191, 13514
0.5621552467346191, 13513
1.9332184791564941, 13512
1.9332184791564941, 13511
1.9332184791564941, 13510
1.9332184791564941, 13509
1.934218406677246, 13508
1.934218406677246, 13507
1.934218406677246, 13506
1.934218406677246, 13505
1.934218406677246, 13504
1.934218406677246, 13503
1.934218406677246, 13502
1.934218406677246, 13501
1.934218406677246, 13500
1.935218334197998, 13499
1.935218334197998, 13498
1.935218334197998, 13497
1.935218334197998, 13496
1.935218334197998, 13495
1.935218334197998, 13494
1.935218334197998, 13493
1.935218334197998, 13492
1.935218334197998, 13491
1.93621826171875, 13490
1.93621826171875, 13489
1.93621826171875, 13488
1.93621826171875, 13487
1.93621826171875, 13486
1.93621826171875, 13485
1.93621826171875, 13484
1.93621826171875, 13483
1.93621826171875, 13482
1.937218189239502, 13481
1.937218189239502, 13480
1.937218189239502, 13479
1.937218189239502, 13478
1.937218189239502, 13477
1.937218189239502, 13476
1.937218189239502, 13475
1.937218189239502, 13474
1.937218189239502, 13473
1.937218189239502, 13472
1.937218189239502, 13471
1.9382174015045166, 13470
1.9382174015045166, 13469
1.9382174015045166, 13468
1.9382174015045166, 13467
1.9382174015045166, 13466
1.9382174015045166, 13465
1.9382174015045166, 13464
1.9382174015045166, 13463
1.9382174015045166, 13462
1.9382174015045166, 13461
1.9382174015045166, 13460
1.9392173290252686, 13459
1.9392173290252686, 13458
1.9392173290252686, 13457
1.9392173290252686, 13456
1.9392173290252686, 13455
1.9392173290252686, 13454
1.9392173290252686, 13453
1.9392173290252686, 13452
1.9392173290252686, 13451
1.9392173290252686, 13450
1.9392173290252686, 13449
1.9392173290252686, 13448
1.9392173290252686, 13447
1.9392173290252686, 13446
1.9402222633361816, 13445
1.9402222633361816, 13444
1.9402222633361816, 13443
1.9402222633361816, 13442
1.9402222633361816, 13441
1.9402222633361816, 13440
1.9402222633361816, 13439
1.9402222633361816, 13438
1.9402222633361816, 13437
1.9402222633361816, 13436
1.9402222633361816, 13435
1.9402222633361816, 13434
1.9402222633361816, 13433
1.9402222633361816, 13432
1.9412217140197754, 13431
1.9412217140197754, 13430
1.9412217140197754, 13429
1.9412217140197754, 13428
1.9412217140197754, 13427
1.9412217140197754, 13426
1.9412217140197754, 13425
1.9412217140197754, 13424
1.9412217140197754, 13423
1.9412217140197754, 13422
1.9412217140197754, 13421
1.9412217140197754, 13420
1.9412217140197754, 13419
1.9412217140197754, 13418
1.9422216415405273, 13417
1.9422216415405273, 13416
1.9422216415405273, 13415
1.9422216415405273, 13414
1.9422216415405273, 13413
1.9422216415405273, 13412
1.9422216415405273, 13411
1.9422216415405273, 13410
1.9422216415405273, 13409
1.9422216415405273, 13408
1.9422216415405273, 13407
1.9422216415405273, 13406
1.9422216415405273, 13405
1.9422216415405273, 13404
1.943220615386963, 13403
1.943220615386963, 13402
1.943220615386963, 13401
1.943220615386963, 13400
1.943220615386963, 13399
1.943220615386963, 13398
1.943220615386963, 13397
1.943220615386963, 13396
1.943220615386963, 13395
1.943220615386963, 13394
1.943220615386963, 13393
1.943220615386963, 13392
1.943220615386963, 13391
1.943220615386963, 13390
1.9442236423492432, 13389
1.9442236423492432, 13388
1.9442236423492432, 13387
1.9442236423492432, 13386
1.9442236423492432, 13385
1.9442236423492432, 13384
1.9442236423492432, 13383
1.9442236423492432, 13382
1.9442236423492432, 13381
1.9442236423492432, 13380
1.9442236423492432, 13379
1.9442236423492432, 13378
1.9442236423492432, 13377
1.9442236423492432, 13376
1.9452240467071533, 13375
1.9452240467071533, 13374
1.9452240467071533, 13373
1.9452240467071533, 13372
1.9452240467071533, 13371
1.9452240467071533, 13370
1.9452240467071533, 13369
1.9452240467071533, 13368
1.9452240467071533, 13367
1.9452240467071533, 13366
1.9452240467071533, 13365
1.9452240467071533, 13364
1.9452240467071533, 13363
1.9452240467071533, 13362
1.9462199211120605, 13361
1.9462199211120605, 13360
1.9462199211120605, 13359
1.9462199211120605, 13358
1.9462199211120605, 13357
1.9462199211120605, 13356
1.9462199211120605, 13355
1.9462199211120605, 13354
1.9462199211120605, 13353
1.9462199211120605, 13352
1.9462199211120605, 13351
1.9462199211120605, 13350
1.9462199211120605, 13349
1.9462199211120605, 13348
1.9472196102142334, 13347
1.9472196102142334, 13346
1.9472196102142334, 13345
1.9472196102142334, 13344
1.9472196102142334, 13343
1.9472196102142334, 13342
1.9472196102142334, 13341
1.9472196102142334, 13340
1.9472196102142334, 13339
1.9472196102142334, 13338
1.9472196102142334, 13337
1.9472196102142334, 13336
1.9472196102142334, 13335
1.9482195377349854, 13334
1.9482195377349854, 13333
1.9482195377349854, 13332
1.9482195377349854, 13331
1.9482195377349854, 13330
1.9482195377349854, 13329
1.9482195377349854, 13328
1.9482195377349854, 13327
1.9482195377349854, 13326
1.9482195377349854, 13325
1.9482195377349854, 13324
1.9482195377349854, 13323
1.9482195377349854, 13322
1.9482195377349854, 13321
1.9492197036743164, 13320
1.9492197036743164, 13319
1.9492197036743164, 13318
1.9492197036743164, 13317
1.9492197036743164, 13316
1.9492197036743164, 13315
1.9492197036743164, 13314
1.9492197036743164, 13313
1.9492197036743164, 13312
1.9492197036743164, 13311
1.9492197036743164, 13310
1.9492197036743164, 13309
1.9492197036743164, 13308
1.950221300125122, 13307
1.950221300125122, 13306
1.950221300125122, 13305
1.950221300125122, 13304
1.950221300125122, 13303
1.950221300125122, 13302
1.950221300125122, 13301
1.950221300125122, 13300
1.950221300125122, 13299
1.950221300125122, 13298
1.950221300125122, 13297
1.950221300125122, 13296
1.950221300125122, 13295
1.950221300125122, 13294
1.950221300125122, 13293
1.9512197971343994, 13292
1.9512197971343994, 13291
1.9512197971343994, 13290
1.9512197971343994, 13289
1.9512197971343994, 13288
1.9512197971343994, 13287
1.9512197971343994, 13286
1.9512197971343994, 13285
1.9512197971343994, 13284
1.9512197971343994, 13283
1.9512197971343994, 13282
1.9512197971343994, 13281
1.9512197971343994, 13280
1.9512197971343994, 13279
1.9522192478179932, 13278
1.9522192478179932, 13277
1.9522192478179932, 13276
1.9522192478179932, 13275
1.9522192478179932, 13274
1.9522192478179932, 13273
1.9522192478179932, 13272
1.9522192478179932, 13271
1.9522192478179932, 13270
1.9522192478179932, 13269
1.9522192478179932, 13268
1.9522192478179932, 13267
1.9522192478179932, 13266
1.9522192478179932, 13265
1.9522192478179932, 13264
1.9532196521759033, 13263
1.9532196521759033, 13262
1.9532196521759033, 13261
1.9532196521759033, 13260
1.9532196521759033, 13259
1.9532196521759033, 13258
1.9532196521759033, 13257
1.9532196521759033, 13256
1.9532196521759033, 13255
1.9532196521759033, 13254
1.9532196521759033, 13253
1.9532196521759033, 13252
1.9532196521759033, 13251
1.9532196521759033, 13250
1.9542198181152344, 13249
1.9542198181152344, 13248
1.9542198181152344, 13247
1.9542198181152344, 13246
1.9542198181152344, 13245
1.9542198181152344, 13244
1.9542198181152344, 13243
1.9542198181152344, 13242
1.9542198181152344, 13241
1.9542198181152344, 13240
1.9542198181152344, 13239
1.9542198181152344, 13238
1.9542198181152344, 13237
1.9542198181152344, 13236
1.9542198181152344, 13235
1.955219030380249, 13234
1.955219030380249, 13233
1.955219030380249, 13232
1.955219030380249, 13231
1.955219030380249, 13230
1.955219030380249, 13229
1.955219030380249, 13228
1.955219030380249, 13227
1.955219030380249, 13226
1.955219030380249, 13225
1.955219030380249, 13224
1.955219030380249, 13223
1.955219030380249, 13222
1.955219030380249, 13221
1.956221103668213, 13220
1.956221103668213, 13219
1.956221103668213, 13218
1.956221103668213, 13217
1.956221103668213, 13216
1.956221103668213, 13215
1.956221103668213, 13214
1.956221103668213, 13213
1.956221103668213, 13212
1.956221103668213, 13211
1.956221103668213, 13210
1.956221103668213, 13209
1.956221103668213, 13208
1.956221103668213, 13207
1.956221103668213, 13206
1.957219123840332, 13205
1.957219123840332, 13204
1.957219123840332, 13203
1.957219123840332, 13202
1.957219123840332, 13201
1.957219123840332, 13200
1.957219123840332, 13199
1.957219123840332, 13198
1.957219123840332, 13197
1.957219123840332, 13196
1.957219123840332, 13195
1.957219123840332, 13194
1.957219123840332, 13193
1.957219123840332, 13192
1.957219123840332, 13191
1.958219051361084, 13190
1.958219051361084, 13189
1.958219051361084, 13188
1.958219051361084, 13187
1.958219051361084, 13186
1.958219051361084, 13185
1.958219051361084, 13184
1.958219051361084, 13183
1.958219051361084, 13182
1.958219051361084, 13181
1.958219051361084, 13180
1.958219051361084, 13179
1.958219051361084, 13178
1.958219051361084, 13177
1.9592196941375732, 13176
1.9592196941375732, 13175
1.9592196941375732, 13174
1.9592196941375732, 13173
1.9592196941375732, 13172
1.9592196941375732, 13171
1.9592196941375732, 13170
1.9592196941375732, 13169
1.9592196941375732, 13168
1.9592196941375732, 13167
1.9592196941375732, 13166
1.9592196941375732, 13165
1.9592196941375732, 13164
1.9592196941375732, 13163
1.9592196941375732, 13162
1.960218906402588, 13161
1.960218906402588, 13160
1.960218906402588, 13159
1.960218906402588, 13158
1.960218906402588, 13157
1.960218906402588, 13156
1.960218906402588, 13155
1.960218906402588, 13154
1.960218906402588, 13153
1.960218906402588, 13152
1.960218906402588, 13151
1.960218906402588, 13150
1.960218906402588, 13149
1.960218906402588, 13148
1.961219310760498, 13147
1.961219310760498, 13146
1.961219310760498, 13145
1.961219310760498, 13144
1.961219310760498, 13143
1.961219310760498, 13142
1.961219310760498, 13141
1.961219310760498, 13140
1.961219310760498, 13139
1.961219310760498, 13138
1.961219310760498, 13137
1.961219310760498, 13136
1.961219310760498, 13135
1.961219310760498, 13134
1.96221923828125, 13133
1.96221923828125, 13132
