0.2317044734954834, 14076
0.2317044734954834, 14075
0.2317044734954834, 14074
0.2317044734954834, 14073
0.2317044734954834, 14072
0.2317044734954834, 14071
0.2317044734954834, 14070
0.2317044734954834, 14069
0.2317044734954834, 14068
0.2317044734954834, 14067
0.2317044734954834, 14066
0.2317044734954834, 14065
0.2317044734954834, 14064
0.23270606994628906, 14063
0.23270606994628906, 14062
0.23270606994628906, 14061
0.23270606994628906, 14060
0.23270606994628906, 14059
0.23270606994628906, 14058
0.23270606994628906, 14057
0.23270606994628906, 14056
0.23270606994628906, 14055
0.23270606994628906, 14054
0.23270606994628906, 14053
0.23270606994628906, 14052
0.23270606994628906, 14051
0.23270606994628906, 14050
0.23270606994628906, 14049
0.23370814323425293, 14048
0.23370814323425293, 14047
0.23370814323425293, 14046
0.23370814323425293, 14045
0.23370814323425293, 14044
0.23370814323425293, 14043
0.23370814323425293, 14042
0.23370814323425293, 14041
0.23370814323425293, 14040
0.23370814323425293, 14039
0.23370814323425293, 14038
0.23370814323425293, 14037
0.23370814323425293, 14036
0.23370814323425293, 14035
0.23470616340637207, 14034
0.23470616340637207, 14033
0.23470616340637207, 14032
0.23470616340637207, 14031
0.23470616340637207, 14030
0.23470616340637207, 14029
0.23470616340637207, 14028
0.23470616340637207, 14027
0.23470616340637207, 14026
0.23470616340637207, 14025
0.23470616340637207, 14024
0.23470616340637207, 14023
0.23570489883422852, 14022
0.23570489883422852, 14021
0.23570489883422852, 14020
0.23570489883422852, 14019
0.23570489883422852, 14018
0.23570489883422852, 14017
0.23570489883422852, 14016
0.23570489883422852, 14015
0.23570489883422852, 14014
0.23570489883422852, 14013
0.23670506477355957, 14012
0.23670506477355957, 14011
0.23670506477355957, 14010
0.23670506477355957, 14009
0.23670506477355957, 14008
0.23670506477355957, 14007
0.23670506477355957, 14006
0.23670506477355957, 14005
0.23670506477355957, 14004
0.23770546913146973, 14003
0.23770546913146973, 14002
0.23770546913146973, 14001
0.23770546913146973, 14000
0.23770546913146973, 13999
0.23770546913146973, 13998
0.23770546913146973, 13997
0.23770546913146973, 13996
0.23770546913146973, 13995
0.23770546913146973, 13994
0.23770546913146973, 13993
0.23770546913146973, 13992
0.23870611190795898, 13991
0.23870611190795898, 13990
0.23870611190795898, 13989
0.23870611190795898, 13988
0.23870611190795898, 13987
0.23870611190795898, 13986
0.23870611190795898, 13985
0.23870611190795898, 13984
0.23870611190795898, 13983
0.23870611190795898, 13982
0.23870611190795898, 13981
0.23870611190795898, 13980
0.23870611190795898, 13979
0.23870611190795898, 13978
0.23970603942871094, 13977
0.23970603942871094, 13976
0.23970603942871094, 13975
0.23970603942871094, 13974
0.23970603942871094, 13973
0.23970603942871094, 13972
0.23970603942871094, 13971
0.23970603942871094, 13970
0.23970603942871094, 13969
0.23970603942871094, 13968
0.23970603942871094, 13967
0.23970603942871094, 13966
0.23970603942871094, 13965
0.23970603942871094, 13964
0.2407059669494629, 13963
0.2407059669494629, 13962
0.2407059669494629, 13961
0.2407059669494629, 13960
0.2407059669494629, 13959
0.2407059669494629, 13958
0.2407059669494629, 13957
0.2407059669494629, 13956
0.2407059669494629, 13955
0.2407059669494629, 13954
0.2407059669494629, 13953
0.2407059669494629, 13952
0.2407059669494629, 13951
0.2407059669494629, 13950
0.24170804023742676, 13949
0.24170804023742676, 13948
0.24170804023742676, 13947
0.24170804023742676, 13946
0.24170804023742676, 13945
0.24170804023742676, 13944
0.24170804023742676, 13943
0.24170804023742676, 13942
0.24170804023742676, 13941
0.24170804023742676, 13940
0.24170804023742676, 13939
0.24170804023742676, 13938
0.24170804023742676, 13937
0.24170804023742676, 13936
0.24170804023742676, 13935
0.2427070140838623, 13934
0.2427070140838623, 13933
0.2427070140838623, 13932
0.2427070140838623, 13931
0.2427070140838623, 13930
0.2427070140838623, 13929
0.2427070140838623, 13928
0.2427070140838623, 13927
0.2427070140838623, 13926
0.2427070140838623, 13925
0.2427070140838623, 13924
0.2427070140838623, 13923
0.2427070140838623, 13922
0.2427070140838623, 13921
0.24370861053466797, 13920
0.24370861053466797, 13919
0.24370861053466797, 13918
0.24370861053466797, 13917
0.24370861053466797, 13916
0.24370861053466797, 13915
0.24370861053466797, 13914
0.24370861053466797, 13913
0.24370861053466797, 13912
0.24370861053466797, 13911
0.24370861053466797, 13910
0.24370861053466797, 13909
0.24370861053466797, 13908
0.24470925331115723, 13907
0.24470925331115723, 13906
0.24470925331115723, 13905
0.24470925331115723, 13904
0.24470925331115723, 13903
0.24470925331115723, 13902
0.24470925331115723, 13901
0.24470925331115723, 13900
0.24470925331115723, 13899
0.24470925331115723, 13898
0.24470925331115723, 13897
0.24470925331115723, 13896
0.24470925331115723, 13895
0.24570465087890625, 13894
0.24570465087890625, 13893
0.24570465087890625, 13892
0.24570465087890625, 13891
0.24570465087890625, 13890
0.24570465087890625, 13889
0.24570465087890625, 13888
0.24570465087890625, 13887
0.24570465087890625, 13886
0.24570465087890625, 13885
0.24570465087890625, 13884
0.24570465087890625, 13883
0.24570465087890625, 13882
0.2467048168182373, 13881
0.2467048168182373, 13880
0.2467048168182373, 13879
0.2467048168182373, 13878
0.2467048168182373, 13877
0.2467048168182373, 13876
0.2467048168182373, 13875
0.2467048168182373, 13874
0.2467048168182373, 13873
0.2467048168182373, 13872
0.2467048168182373, 13871
0.2467048168182373, 13870
0.2467048168182373, 13869
0.24770593643188477, 13868
0.24770593643188477, 13867
0.24770593643188477, 13866
0.24770593643188477, 13865
0.24770593643188477, 13864
0.24770593643188477, 13863
0.24770593643188477, 13862
0.24770593643188477, 13861
0.24770593643188477, 13860
0.24770593643188477, 13859
0.24770593643188477, 13858
0.24770593643188477, 13857
0.24870634078979492, 13856
0.24870634078979492, 13855
0.24870634078979492, 13854
0.24870634078979492, 13853
0.24870634078979492, 13852
0.24870634078979492, 13851
0.24870634078979492, 13850
0.24870634078979492, 13849
0.24870634078979492, 13848
0.24870634078979492, 13847
0.24870634078979492, 13846
0.24870634078979492, 13845
0.24870634078979492, 13844
0.24970507621765137, 13843
0.24970507621765137, 13842
0.24970507621765137, 13841
0.4849662780761719, 13840
0.4849662780761719, 13839
0.4849662780761719, 13838
0.4849662780761719, 13837
0.4849662780761719, 13836
0.4849662780761719, 13835
0.4849662780761719, 13834
0.48596739768981934, 13833
0.48596739768981934, 13832
0.48596739768981934, 13831
0.48596739768981934, 13830
0.48596739768981934, 13829
0.48596739768981934, 13828
0.48596739768981934, 13827
0.48596739768981934, 13826
0.48596739768981934, 13825
0.48596739768981934, 13824
0.48596739768981934, 13823
0.48596739768981934, 13822
0.4869656562805176, 13821
0.4869656562805176, 13820
0.4869656562805176, 13819
0.4869656562805176, 13818
0.4869656562805176, 13817
0.4869656562805176, 13816
0.4869656562805176, 13815
0.4869656562805176, 13814
0.4869656562805176, 13813
0.4869656562805176, 13812
0.4869656562805176, 13811
0.4869656562805176, 13810
0.4869656562805176, 13809
0.4869656562805176, 13808
0.48796582221984863, 13807
0.48796582221984863, 13806
0.48796582221984863, 13805
0.48796582221984863, 13804
0.48796582221984863, 13803
0.48796582221984863, 13802
0.48796582221984863, 13801
0.48796582221984863, 13800
0.48796582221984863, 13799
0.48796582221984863, 13798
0.48796582221984863, 13797
0.48796582221984863, 13796
0.48796582221984863, 13795
0.48796582221984863, 13794
0.48796582221984863, 13793
0.4889986515045166, 13792
0.4889986515045166, 13791
0.4889986515045166, 13790
0.4889986515045166, 13789
0.4889986515045166, 13788
0.4889986515045166, 13787
0.4889986515045166, 13786
0.4889986515045166, 13785
0.4889986515045166, 13784
0.4889986515045166, 13783
0.4889986515045166, 13782
0.4889986515045166, 13781
0.4889986515045166, 13780
0.4889986515045166, 13779
0.4889986515045166, 13778
0.48999714851379395, 13777
0.48999714851379395, 13776
0.48999714851379395, 13775
0.48999714851379395, 13774
0.48999714851379395, 13773
0.48999714851379395, 13772
0.48999714851379395, 13771
0.48999714851379395, 13770
0.48999714851379395, 13769
0.48999714851379395, 13768
0.48999714851379395, 13767
0.48999714851379395, 13766
0.48999714851379395, 13765
0.48999714851379395, 13764
0.4909965991973877, 13763
0.4909965991973877, 13762
0.4909965991973877, 13761
0.4909965991973877, 13760
0.4909965991973877, 13759
0.4909965991973877, 13758
0.4909965991973877, 13757
0.4909965991973877, 13756
0.4909965991973877, 13755
0.4909965991973877, 13754
0.4909965991973877, 13753
0.4909965991973877, 13752
0.4909965991973877, 13751
0.4909965991973877, 13750
0.49199938774108887, 13749
0.49199938774108887, 13748
0.49199938774108887, 13747
0.49199938774108887, 13746
0.49199938774108887, 13745
0.49199938774108887, 13744
0.49199938774108887, 13743
0.49199938774108887, 13742
0.49199938774108887, 13741
0.49199938774108887, 13740
0.49199938774108887, 13739
0.49199938774108887, 13738
0.49199938774108887, 13737
0.49199938774108887, 13736
0.4929978847503662, 13735
0.4929978847503662, 13734
0.4929978847503662, 13733
0.4929978847503662, 13732
0.4929978847503662, 13731
0.4929978847503662, 13730
0.4929978847503662, 13729
0.4929978847503662, 13728
0.4929978847503662, 13727
0.4929978847503662, 13726
0.4929978847503662, 13725
0.4929978847503662, 13724
0.4929978847503662, 13723
0.4929978847503662, 13722
0.493999719619751, 13721
0.493999719619751, 13720
0.493999719619751, 13719
0.493999719619751, 13718
0.493999719619751, 13717
0.493999719619751, 13716
0.493999719619751, 13715
0.493999719619751, 13714
0.493999719619751, 13713
0.493999719619751, 13712
0.493999719619751, 13711
0.493999719619751, 13710
0.493999719619751, 13709
0.493999719619751, 13708
0.4949979782104492, 13707
0.4949979782104492, 13706
0.4949979782104492, 13705
0.4949979782104492, 13704
0.4949979782104492, 13703
0.4949979782104492, 13702
0.4949979782104492, 13701
0.4949979782104492, 13700
0.4949979782104492, 13699
0.4949979782104492, 13698
0.4949979782104492, 13697
0.4949979782104492, 13696
0.4949979782104492, 13695
0.4959988594055176, 13694
0.4959988594055176, 13693
0.4959988594055176, 13692
0.4959988594055176, 13691
0.4959988594055176, 13690
0.4959988594055176, 13689
0.4959988594055176, 13688
0.4959988594055176, 13687
0.4959988594055176, 13686
0.4959988594055176, 13685
0.4959988594055176, 13684
0.4959988594055176, 13683
0.4959988594055176, 13682
0.49699878692626953, 13681
0.49699878692626953, 13680
0.49699878692626953, 13679
0.49699878692626953, 13678
0.49699878692626953, 13677
0.49699878692626953, 13676
0.49699878692626953, 13675
0.49699878692626953, 13674
0.49699878692626953, 13673
0.49699878692626953, 13672
0.49699878692626953, 13671
0.49699878692626953, 13670
0.49699878692626953, 13669
0.4980010986328125, 13668
0.4980010986328125, 13667
0.4980010986328125, 13666
0.4980010986328125, 13665
0.4980010986328125, 13664
0.4980010986328125, 13663
0.4980010986328125, 13662
0.4980010986328125, 13661
0.4980010986328125, 13660
0.4980010986328125, 13659
0.4980010986328125, 13658
0.4989964962005615, 13657
0.4989964962005615, 13656
0.4989964962005615, 13655
0.4989964962005615, 13654
0.4989964962005615, 13653
0.4989964962005615, 13652
0.4989964962005615, 13651
0.4989964962005615, 13650
0.49999523162841797, 13649
0.49999523162841797, 13648
0.49999523162841797, 13647
0.49999523162841797, 13646
0.49999523162841797, 13645
0.49999523162841797, 13644
0.49999523162841797, 13643
0.49999523162841797, 13642
0.49999523162841797, 13641
0.49999523162841797, 13640
0.49999523162841797, 13639
0.5009956359863281, 13638
0.5009956359863281, 13637
0.5009956359863281, 13636
0.5009956359863281, 13635
0.5009956359863281, 13634
0.5009956359863281, 13633
0.5009956359863281, 13632
0.5009956359863281, 13631
0.5009956359863281, 13630
0.5009956359863281, 13629
0.5019962787628174, 13628
0.5019962787628174, 13627
0.5019962787628174, 13626
0.5019962787628174, 13625
0.5019962787628174, 13624
0.5019962787628174, 13623
0.5019962787628174, 13622
0.5019962787628174, 13621
0.5019962787628174, 13620
0.502997875213623, 13619
0.502997875213623, 13618
0.502997875213623, 13617
0.502997875213623, 13616
0.502997875213623, 13615
0.502997875213623, 13614
0.502997875213623, 13613
0.502997875213623, 13612
0.502997875213623, 13611
0.504000186920166, 13610
0.504000186920166, 13609
0.504000186920166, 13608
0.504000186920166, 13607
0.504000186920166, 13606
0.504000186920166, 13605
0.504000186920166, 13604
0.504000186920166, 13603
0.504000186920166, 13602
0.504000186920166, 13601
0.5049989223480225, 13600
0.5049989223480225, 13599
0.5049989223480225, 13598
0.5049989223480225, 13597
0.5049989223480225, 13596
0.5049989223480225, 13595
0.5049989223480225, 13594
0.5049989223480225, 13593
0.5059974193572998, 13592
0.5059974193572998, 13591
0.5059974193572998, 13590
0.5059974193572998, 13589
0.5059974193572998, 13588
0.5059974193572998, 13587
0.5059974193572998, 13586
0.5059974193572998, 13585
0.5059974193572998, 13584
0.5069949626922607, 13583
0.5069949626922607, 13582
0.5069949626922607, 13581
0.5069949626922607, 13580
0.5069949626922607, 13579
0.5069949626922607, 13578
0.5069949626922607, 13577
0.5069949626922607, 13576
0.5069949626922607, 13575
0.5069949626922607, 13574
0.5069949626922607, 13573
0.5079965591430664, 13572
0.5079965591430664, 13571
0.5079965591430664, 13570
0.5079965591430664, 13569
0.5079965591430664, 13568
0.5079965591430664, 13567
0.5079965591430664, 13566
0.5079965591430664, 13565
0.5079965591430664, 13564
0.5079965591430664, 13563
0.5079965591430664, 13562
0.5079965591430664, 13561
0.744835376739502, 13560
0.744835376739502, 13559
0.744835376739502, 13558
0.744835376739502, 13557
0.744835376739502, 13556
0.744835376739502, 13555
0.744835376739502, 13554
0.744835376739502, 13553
0.744835376739502, 13552
0.744835376739502, 13551
0.744835376739502, 13550
0.7458364963531494, 13549
0.7458364963531494, 13548
0.7458364963531494, 13547
0.7458364963531494, 13546
0.7458364963531494, 13545
0.7458364963531494, 13544
5.320828437805176, 13543
5.3218302726745605, 13542
5.3218302726745605, 13541
5.3218302726745605, 13540
5.3218302726745605, 13539
5.3218302726745605, 13538
5.3218302726745605, 13537
5.3218302726745605, 13536
5.3218302726745605, 13535
5.3218302726745605, 13534
5.3218302726745605, 13533
5.32263970375061, 13532
5.32263970375061, 13531
5.32263970375061, 13530
5.32282829284668, 13529
5.32282829284668, 13528
5.32282829284668, 13527
5.32282829284668, 13526
5.32282829284668, 13525
5.32282829284668, 13524
5.32282829284668, 13523
5.32282829284668, 13522
5.32282829284668, 13521
5.32282829284668, 13520
5.32282829284668, 13519
5.32282829284668, 13518
5.32282829284668, 13517
5.32282829284668, 13516
5.323829174041748, 13515
5.323829174041748, 13514
5.323829174041748, 13513
5.323829174041748, 13512
5.323829174041748, 13511
5.323829174041748, 13510
5.323829174041748, 13509
5.323829174041748, 13508
5.323829174041748, 13507
5.323829174041748, 13506
5.323829174041748, 13505
5.323829174041748, 13504
5.323829174041748, 13503
5.324826240539551, 13502
5.324826240539551, 13501
5.324826240539551, 13500
5.324826240539551, 13499
5.324826240539551, 13498
5.324826240539551, 13497
5.324826240539551, 13496
5.324826240539551, 13495
5.324826240539551, 13494
5.324826240539551, 13493
5.324826240539551, 13492
5.324826240539551, 13491
5.324826240539551, 13490
5.325829982757568, 13489
5.325829982757568, 13488
5.325829982757568, 13487
5.325829982757568, 13486
5.325829982757568, 13485
5.325829982757568, 13484
5.325829982757568, 13483
5.325829982757568, 13482
5.325829982757568, 13481
5.325829982757568, 13480
5.325829982757568, 13479
5.325829982757568, 13478
5.32682991027832, 13477
5.32682991027832, 13476
5.32682991027832, 13475
5.32682991027832, 13474
5.32682991027832, 13473
5.32682991027832, 13472
5.32682991027832, 13471
5.32682991027832, 13470
5.32682991027832, 13469
5.32682991027832, 13468
5.32682991027832, 13467
5.32682991027832, 13466
5.32682991027832, 13465
5.327830076217651, 13464
5.327830076217651, 13463
5.327830076217651, 13462
5.327830076217651, 13461
5.327830076217651, 13460
5.327830076217651, 13459
5.327830076217651, 13458
5.327830076217651, 13457
5.327830076217651, 13456
5.327830076217651, 13455
5.327830076217651, 13454
5.327830076217651, 13453
5.328830242156982, 13452
5.328830242156982, 13451
5.328830242156982, 13450
5.328830242156982, 13449
5.328830242156982, 13448
5.328830242156982, 13447
5.328830242156982, 13446
5.328830242156982, 13445
5.328830242156982, 13444
5.328830242156982, 13443
5.328830242156982, 13442
5.328830242156982, 13441
5.328830242156982, 13440
5.32983136177063, 13439
5.32983136177063, 13438
5.32983136177063, 13437
5.32983136177063, 13436
5.32983136177063, 13435
5.32983136177063, 13434
5.32983136177063, 13433
5.32983136177063, 13432
5.32983136177063, 13431
5.32983136177063, 13430
5.32983136177063, 13429
5.32983136177063, 13428
5.330829381942749, 13427
5.330829381942749, 13426
5.330829381942749, 13425
5.330829381942749, 13424
5.330829381942749, 13423
5.330829381942749, 13422
5.330829381942749, 13421
5.330829381942749, 13420
5.330829381942749, 13419
5.330829381942749, 13418
5.330829381942749, 13417
5.330829381942749, 13416
5.331828832626343, 13415
5.331828832626343, 13414
5.331828832626343, 13413
5.331828832626343, 13412
5.331828832626343, 13411
5.331828832626343, 13410
5.331828832626343, 13409
5.331828832626343, 13408
5.331828832626343, 13407
5.331828832626343, 13406
5.331828832626343, 13405
5.331828832626343, 13404
5.331828832626343, 13403
5.332828044891357, 13402
5.332828044891357, 13401
5.332828044891357, 13400
5.332828044891357, 13399
5.332828044891357, 13398
5.332828044891357, 13397
5.332828044891357, 13396
5.332828044891357, 13395
5.332828044891357, 13394
5.332828044891357, 13393
5.332828044891357, 13392
5.333830833435059, 13391
5.333830833435059, 13390
5.333830833435059, 13389
5.333830833435059, 13388
5.333830833435059, 13387
5.333830833435059, 13386
5.333830833435059, 13385
5.333830833435059, 13384
5.333830833435059, 13383
5.333830833435059, 13382
5.333830833435059, 13381
5.334831476211548, 13380
5.334831476211548, 13379
5.334831476211548, 13378
5.334831476211548, 13377
5.334831476211548, 13376
5.334831476211548, 13375
5.334831476211548, 13374
5.334831476211548, 13373
5.334831476211548, 13372
5.334831476211548, 13371
5.334831476211548, 13370
5.334831476211548, 13369
5.3358306884765625, 13368
5.3358306884765625, 13367
5.3358306884765625, 13366
5.3358306884765625, 13365
5.3358306884765625, 13364
5.3358306884765625, 13363
5.3358306884765625, 13362
5.3358306884765625, 13361
5.3358306884765625, 13360
5.3358306884765625, 13359
5.3358306884765625, 13358
5.3358306884765625, 13357
5.336831331253052, 13356
5.336831331253052, 13355
5.336831331253052, 13354
5.336831331253052, 13353
5.336831331253052, 13352
5.336831331253052, 13351
5.336831331253052, 13350
5.336831331253052, 13349
5.336831331253052, 13348
5.336831331253052, 13347
5.336831331253052, 13346
5.336831331253052, 13345
5.33782958984375, 13344
5.33782958984375, 13343
5.33782958984375, 13342
5.33782958984375, 13341
5.33782958984375, 13340
5.33782958984375, 13339
5.33782958984375, 13338
5.33782958984375, 13337
5.33782958984375, 13336
5.33782958984375, 13335
5.33782958984375, 13334
5.33782958984375, 13333
5.338825464248657, 13332
