0.18308281898498535, 14094
0.18308281898498535, 14093
0.18308281898498535, 14092
0.18308281898498535, 14091
0.18308281898498535, 14090
0.18308281898498535, 14089
0.18308281898498535, 14088
0.18308281898498535, 14087
0.18308281898498535, 14086
0.18308281898498535, 14085
0.18308281898498535, 14084
0.18308281898498535, 14083
0.18308281898498535, 14082
0.18308281898498535, 14081
0.18408465385437012, 14080
0.18408465385437012, 14079
0.18408465385437012, 14078
0.18408465385437012, 14077
0.18408465385437012, 14076
0.18408465385437012, 14075
0.18408465385437012, 14074
0.18408465385437012, 14073
0.18408465385437012, 14072
0.18408465385437012, 14071
0.18408465385437012, 14070
0.18408465385437012, 14069
0.18408465385437012, 14068
0.18509125709533691, 14067
0.18509125709533691, 14066
0.18509125709533691, 14065
0.18509125709533691, 14064
0.18509125709533691, 14063
0.18509125709533691, 14062
0.18509125709533691, 14061
0.18509125709533691, 14060
0.18509125709533691, 14059
0.18509125709533691, 14058
0.18509125709533691, 14057
0.18509125709533691, 14056
0.18509125709533691, 14055
0.18509125709533691, 14054
0.18509125709533691, 14053
0.18608546257019043, 14052
0.18608546257019043, 14051
0.18608546257019043, 14050
0.18608546257019043, 14049
0.18608546257019043, 14048
0.18608546257019043, 14047
0.18608546257019043, 14046
0.18608546257019043, 14045
0.18608546257019043, 14044
0.18608546257019043, 14043
0.18608546257019043, 14042
0.18608546257019043, 14041
0.18608546257019043, 14040
0.18608546257019043, 14039
0.18608546257019043, 14038
0.1870880126953125, 14037
0.1870880126953125, 14036
0.1870880126953125, 14035
0.1870880126953125, 14034
0.1870880126953125, 14033
0.1870880126953125, 14032
0.1870880126953125, 14031
0.1870880126953125, 14030
0.1870880126953125, 14029
0.1870880126953125, 14028
0.1870880126953125, 14027
0.1870880126953125, 14026
0.1870880126953125, 14025
0.1870880126953125, 14024
0.18808770179748535, 14023
0.18808770179748535, 14022
0.18808770179748535, 14021
0.18808770179748535, 14020
0.18808770179748535, 14019
0.18808770179748535, 14018
0.18808770179748535, 14017
0.18808770179748535, 14016
0.18808770179748535, 14015
0.18808770179748535, 14014
0.18808770179748535, 14013
0.18808770179748535, 14012
0.18808770179748535, 14011
0.18808770179748535, 14010
0.18808770179748535, 14009
0.1890859603881836, 14008
0.1890859603881836, 14007
0.1890859603881836, 14006
0.1890859603881836, 14005
0.1890859603881836, 14004
0.1890859603881836, 14003
0.1890859603881836, 14002
0.1890859603881836, 14001
0.1890859603881836, 14000
0.1890859603881836, 13999
0.1890859603881836, 13998
0.1890859603881836, 13997
0.1890859603881836, 13996
0.1890859603881836, 13995
0.1890859603881836, 13994
0.19008445739746094, 13993
0.19008445739746094, 13992
0.19008445739746094, 13991
0.19008445739746094, 13990
0.19008445739746094, 13989
0.19008445739746094, 13988
0.19008445739746094, 13987
0.19008445739746094, 13986
0.19008445739746094, 13985
0.19008445739746094, 13984
0.19008445739746094, 13983
0.191084623336792, 13982
0.191084623336792, 13981
0.191084623336792, 13980
0.191084623336792, 13979
0.191084623336792, 13978
0.191084623336792, 13977
0.191084623336792, 13976
0.191084623336792, 13975
0.191084623336792, 13974
0.191084623336792, 13973
0.191084623336792, 13972
0.191084623336792, 13971
0.191084623336792, 13970
0.191084623336792, 13969
0.19208312034606934, 13968
0.19208312034606934, 13967
0.19208312034606934, 13966
0.19208312034606934, 13965
0.19208312034606934, 13964
0.19208312034606934, 13963
0.19208312034606934, 13962
0.19208312034606934, 13961
0.19208312034606934, 13960
0.19208312034606934, 13959
0.19208312034606934, 13958
0.19208312034606934, 13957
0.19208312034606934, 13956
0.19208312034606934, 13955
0.1930832862854004, 13954
0.1930832862854004, 13953
0.1930832862854004, 13952
0.1930832862854004, 13951
0.1930832862854004, 13950
0.1930832862854004, 13949
0.1930832862854004, 13948
0.1930832862854004, 13947
0.1930832862854004, 13946
0.1930832862854004, 13945
0.1930832862854004, 13944
0.1930832862854004, 13943
0.19408607482910156, 13942
0.19408607482910156, 13941
0.19408607482910156, 13940
0.19408607482910156, 13939
0.19408607482910156, 13938
0.19408607482910156, 13937
0.19408607482910156, 13936
0.19408607482910156, 13935
0.19408607482910156, 13934
0.19408607482910156, 13933
0.19408607482910156, 13932
0.19408607482910156, 13931
0.19408607482910156, 13930
0.19408607482910156, 13929
0.19408607482910156, 13928
0.19508600234985352, 13927
0.19508600234985352, 13926
0.19508600234985352, 13925
0.19508600234985352, 13924
0.19508600234985352, 13923
0.19508600234985352, 13922
0.19508600234985352, 13921
0.19508600234985352, 13920
0.19508600234985352, 13919
0.19608640670776367, 13918
0.19608640670776367, 13917
0.19608640670776367, 13916
0.19608640670776367, 13915
0.19608640670776367, 13914
0.19608640670776367, 13913
0.19608640670776367, 13912
0.19608640670776367, 13911
0.19608640670776367, 13910
0.19608640670776367, 13909
0.19608640670776367, 13908
0.19608640670776367, 13907
0.19608640670776367, 13906
0.19608640670776367, 13905
0.19708251953125, 13904
0.19708251953125, 13903
0.19708251953125, 13902
0.19708251953125, 13901
0.19708251953125, 13900
0.19708251953125, 13899
0.19708251953125, 13898
0.19708251953125, 13897
0.19708251953125, 13896
0.19708251953125, 13895
0.19708251953125, 13894
0.19708251953125, 13893
0.19708251953125, 13892
0.19708251953125, 13891
0.19808459281921387, 13890
0.19808459281921387, 13889
0.19808459281921387, 13888
0.19808459281921387, 13887
0.19808459281921387, 13886
0.19808459281921387, 13885
0.19808459281921387, 13884
0.19808459281921387, 13883
0.19808459281921387, 13882
0.19808459281921387, 13881
0.19808459281921387, 13880
0.19808459281921387, 13879
0.19908356666564941, 13878
0.19908356666564941, 13877
0.19908356666564941, 13876
0.19908356666564941, 13875
0.19908356666564941, 13874
0.19908356666564941, 13873
0.19908356666564941, 13872
0.19908356666564941, 13871
0.19908356666564941, 13870
0.19908356666564941, 13869
0.19908356666564941, 13868
0.19908356666564941, 13867
0.19908356666564941, 13866
0.20008611679077148, 13865
0.20008611679077148, 13864
0.20008611679077148, 13863
0.20008611679077148, 13862
0.20008611679077148, 13861
0.20008611679077148, 13860
0.20008611679077148, 13859
0.20008611679077148, 13858
0.20008611679077148, 13857
0.20008611679077148, 13856
0.20008611679077148, 13855
0.20008611679077148, 13854
0.20008611679077148, 13853
0.20008611679077148, 13852
0.20008611679077148, 13851
0.20108890533447266, 13850
0.20108890533447266, 13849
0.20108890533447266, 13848
0.20108890533447266, 13847
0.20108890533447266, 13846
0.20108890533447266, 13845
0.20108890533447266, 13844
0.20108890533447266, 13843
0.20108890533447266, 13842
0.20108890533447266, 13841
0.20108890533447266, 13840
0.20108890533447266, 13839
0.20108890533447266, 13838
0.20108890533447266, 13837
0.20108890533447266, 13836
0.2020876407623291, 13835
0.2020876407623291, 13834
0.2020876407623291, 13833
0.2020876407623291, 13832
0.2020876407623291, 13831
0.2020876407623291, 13830
0.2020876407623291, 13829
0.2020876407623291, 13828
0.2020876407623291, 13827
0.2020876407623291, 13826
0.2020876407623291, 13825
0.2020876407623291, 13824
0.2020876407623291, 13823
0.2020876407623291, 13822
0.2020876407623291, 13821
0.20308709144592285, 13820
0.20308709144592285, 13819
0.20308709144592285, 13818
0.20308709144592285, 13817
0.20308709144592285, 13816
0.20308709144592285, 13815
0.20308709144592285, 13814
0.20308709144592285, 13813
0.20308709144592285, 13812
0.20308709144592285, 13811
0.20308709144592285, 13810
0.20308709144592285, 13809
0.20308709144592285, 13808
0.20308709144592285, 13807
0.20308709144592285, 13806
0.2040863037109375, 13805
0.2040863037109375, 13804
0.2040863037109375, 13803
0.2040863037109375, 13802
0.2040863037109375, 13801
0.2040863037109375, 13800
0.2040863037109375, 13799
0.2040863037109375, 13798
0.2040863037109375, 13797
0.2040863037109375, 13796
0.2040863037109375, 13795
0.2040863037109375, 13794
0.2040863037109375, 13793
0.2040863037109375, 13792
0.2040863037109375, 13791
0.20508670806884766, 13790
0.20508670806884766, 13789
0.20508670806884766, 13788
0.20508670806884766, 13787
0.20508670806884766, 13786
0.20508670806884766, 13785
0.20508670806884766, 13784
0.20508670806884766, 13783
0.20508670806884766, 13782
0.20508670806884766, 13781
0.2060863971710205, 13780
0.2060863971710205, 13779
0.2060863971710205, 13778
0.2060863971710205, 13777
0.2060863971710205, 13776
0.2060863971710205, 13775
0.2060863971710205, 13774
0.2060863971710205, 13773
0.2060863971710205, 13772
0.2060863971710205, 13771
0.2060863971710205, 13770
0.20708346366882324, 13769
0.20708346366882324, 13768
0.20708346366882324, 13767
0.20708346366882324, 13766
0.20708346366882324, 13765
0.20708346366882324, 13764
0.20708346366882324, 13763
0.20708346366882324, 13762
0.20708346366882324, 13761
0.20708346366882324, 13760
0.20708346366882324, 13759
0.20708346366882324, 13758
0.2080826759338379, 13757
0.2080826759338379, 13756
0.2080826759338379, 13755
0.2080826759338379, 13754
0.2080826759338379, 13753
0.2080826759338379, 13752
0.2080826759338379, 13751
0.2080826759338379, 13750
0.2080826759338379, 13749
0.2080826759338379, 13748
0.2080826759338379, 13747
0.2080826759338379, 13746
0.2080826759338379, 13745
0.2080826759338379, 13744
0.2080826759338379, 13743
0.20908594131469727, 13742
0.20908594131469727, 13741
0.20908594131469727, 13740
0.20908594131469727, 13739
0.20908594131469727, 13738
0.20908594131469727, 13737
0.20908594131469727, 13736
0.20908594131469727, 13735
0.20908594131469727, 13734
0.20908594131469727, 13733
0.20908594131469727, 13732
0.20908594131469727, 13731
0.20908594131469727, 13730
0.20908594131469727, 13729
0.20908594131469727, 13728
0.2100837230682373, 13727
0.2100837230682373, 13726
0.2100837230682373, 13725
0.2100837230682373, 13724
0.2100837230682373, 13723
0.2100837230682373, 13722
0.2100837230682373, 13721
0.2100837230682373, 13720
0.2100837230682373, 13719
0.2100837230682373, 13718
0.2100837230682373, 13717
0.2100837230682373, 13716
0.2100837230682373, 13715
0.414111852645874, 13714
0.414111852645874, 13713
0.414111852645874, 13712
0.414111852645874, 13711
0.414111852645874, 13710
0.414111852645874, 13709
0.414111852645874, 13708
0.414111852645874, 13707
0.414111852645874, 13706
0.414111852645874, 13705
0.414111852645874, 13704
0.414111852645874, 13703
0.414111852645874, 13702
0.414111852645874, 13701
0.414111852645874, 13700
0.4151132106781006, 13699
0.4151132106781006, 13698
0.4151132106781006, 13697
0.4151132106781006, 13696
0.4151132106781006, 13695
0.4151132106781006, 13694
0.4151132106781006, 13693
0.4151132106781006, 13692
0.4151132106781006, 13691
0.4151132106781006, 13690
0.4151132106781006, 13689
0.4151132106781006, 13688
0.4151132106781006, 13687
0.4151132106781006, 13686
0.41611289978027344, 13685
0.41611289978027344, 13684
0.41611289978027344, 13683
0.41611289978027344, 13682
0.41611289978027344, 13681
0.41611289978027344, 13680
0.41611289978027344, 13679
0.41611289978027344, 13678
0.41611289978027344, 13677
0.41611289978027344, 13676
0.41611289978027344, 13675
0.41611289978027344, 13674
0.41611289978027344, 13673
0.41611289978027344, 13672
0.4171128273010254, 13671
0.4171128273010254, 13670
0.4171128273010254, 13669
0.4171128273010254, 13668
0.4171128273010254, 13667
0.4171128273010254, 13666
0.4171128273010254, 13665
0.4171128273010254, 13664
0.4171128273010254, 13663
0.4171128273010254, 13662
0.4171128273010254, 13661
0.4171128273010254, 13660
0.4171128273010254, 13659
0.41811275482177734, 13658
0.41811275482177734, 13657
0.41811275482177734, 13656
0.41811275482177734, 13655
0.41811275482177734, 13654
0.41811275482177734, 13653
0.9799704551696777, 13652
0.9799704551696777, 13651
0.9799704551696777, 13650
0.9799704551696777, 13649
0.9799704551696777, 13648
0.9799704551696777, 13647
0.9799704551696777, 13646
0.9799704551696777, 13645
0.9799704551696777, 13644
0.9799704551696777, 13643
0.9799704551696777, 13642
0.9814305305480957, 13641
0.9814305305480957, 13640
0.9814305305480957, 13639
0.9814305305480957, 13638
0.9814305305480957, 13637
0.9814305305480957, 13636
0.9814305305480957, 13635
0.9814305305480957, 13634
0.9814305305480957, 13633
0.9814305305480957, 13632
0.9814305305480957, 13631
0.9814305305480957, 13630
0.9814305305480957, 13629
0.9814305305480957, 13628
0.9814305305480957, 13627
0.9824419021606445, 13626
0.9824419021606445, 13625
0.9824419021606445, 13624
0.9824419021606445, 13623
0.9824419021606445, 13622
0.9824419021606445, 13621
0.9824419021606445, 13620
0.9824419021606445, 13619
0.9824419021606445, 13618
0.9824419021606445, 13617
0.9824419021606445, 13616
0.9824419021606445, 13615
0.9824419021606445, 13614
0.9824419021606445, 13613
0.9834415912628174, 13612
0.9834415912628174, 13611
0.9834415912628174, 13610
0.9834415912628174, 13609
0.9834415912628174, 13608
0.9834415912628174, 13607
0.9834415912628174, 13606
0.9834415912628174, 13605
0.9834415912628174, 13604
0.9834415912628174, 13603
0.9834415912628174, 13602
0.9834415912628174, 13601
0.9834415912628174, 13600
0.9834415912628174, 13599
0.9834415912628174, 13598
0.9844400882720947, 13597
0.9844400882720947, 13596
0.9844400882720947, 13595
0.9844400882720947, 13594
0.9844400882720947, 13593
0.9844400882720947, 13592
0.9844400882720947, 13591
0.9844400882720947, 13590
0.9844400882720947, 13589
0.9844400882720947, 13588
0.9844400882720947, 13587
0.9844400882720947, 13586
0.9844400882720947, 13585
0.9844400882720947, 13584
0.9844400882720947, 13583
0.9854395389556885, 13582
0.9854395389556885, 13581
0.9854395389556885, 13580
0.9854395389556885, 13579
0.9854395389556885, 13578
0.9854395389556885, 13577
0.9854395389556885, 13576
0.9854395389556885, 13575
0.9854395389556885, 13574
0.9854395389556885, 13573
0.9854395389556885, 13572
0.9864411354064941, 13571
0.9864411354064941, 13570
0.9864411354064941, 13569
0.9864411354064941, 13568
0.9864411354064941, 13567
0.9864411354064941, 13566
0.9864411354064941, 13565
0.9864411354064941, 13564
0.9864411354064941, 13563
0.9864411354064941, 13562
0.9864411354064941, 13561
0.9864411354064941, 13560
0.987440824508667, 13559
0.987440824508667, 13558
0.987440824508667, 13557
0.987440824508667, 13556
0.9877097606658936, 13555
0.9877097606658936, 13554
0.9877097606658936, 13553
0.9877097606658936, 13552
0.9877097606658936, 13551
0.9877097606658936, 13550
0.9877097606658936, 13549
0.9877097606658936, 13548
0.9884412288665771, 13547
0.9884412288665771, 13546
0.9884412288665771, 13545
0.9884412288665771, 13544
9.083982944488525, 13543
9.083982944488525, 13542
9.083982944488525, 13541
9.083982944488525, 13540
9.083982944488525, 13539
9.083982944488525, 13538
9.084984064102173, 13537
9.084984064102173, 13536
9.084984064102173, 13535
9.084984064102173, 13534
9.084984064102173, 13533
9.084984064102173, 13532
9.084984064102173, 13531
9.084984064102173, 13530
9.084984064102173, 13529
9.084984064102173, 13528
9.084984064102173, 13527
9.084984064102173, 13526
9.084984064102173, 13525
9.084984064102173, 13524
9.085983753204346, 13523
9.085983753204346, 13522
9.085983753204346, 13521
9.085983753204346, 13520
9.085983753204346, 13519
9.085983753204346, 13518
9.085983753204346, 13517
9.085983753204346, 13516
9.086548805236816, 13515
9.086548805236816, 13514
9.086548805236816, 13513
9.086548805236816, 13512
9.086548805236816, 13511
9.086548805236816, 13510
9.086548805236816, 13509
9.08698558807373, 13508
9.08698558807373, 13507
9.08698558807373, 13506
9.08698558807373, 13505
9.08698558807373, 13504
9.08698558807373, 13503
9.08698558807373, 13502
9.08698558807373, 13501
9.08698558807373, 13500
9.08698558807373, 13499
9.08698558807373, 13498
9.08698558807373, 13497
9.08698558807373, 13496
9.087985277175903, 13495
9.087985277175903, 13494
9.087985277175903, 13493
9.087985277175903, 13492
9.087985277175903, 13491
9.087985277175903, 13490
9.087985277175903, 13489
9.087985277175903, 13488
9.087985277175903, 13487
9.087985277175903, 13486
9.087985277175903, 13485
9.087985277175903, 13484
9.087985277175903, 13483
9.087985277175903, 13482
9.08898401260376, 13481
9.08898401260376, 13480
9.08898401260376, 13479
9.08898401260376, 13478
9.08898401260376, 13477
9.08898401260376, 13476
9.08898401260376, 13475
9.08898401260376, 13474
9.08898401260376, 13473
9.08898401260376, 13472
9.08898401260376, 13471
9.08898401260376, 13470
9.08898401260376, 13469
9.08898401260376, 13468
9.089983224868774, 13467
9.089983224868774, 13466
9.089983224868774, 13465
9.089983224868774, 13464
9.089983224868774, 13463
9.089983224868774, 13462
9.089983224868774, 13461
9.089983224868774, 13460
9.089983224868774, 13459
9.089983224868774, 13458
9.089983224868774, 13457
9.089983224868774, 13456
9.089983224868774, 13455
9.089983224868774, 13454
9.089983224868774, 13453
9.091017484664917, 13452
9.091017484664917, 13451
9.091017484664917, 13450
10.014021873474121, 13339
10.014021873474121, 13338
10.014021873474121, 13337
10.014021873474121, 13336
10.014021873474121, 13335
10.015022039413452, 13334
10.015022039413452, 13333
10.015022039413452, 13332
10.015022039413452, 13331
10.015022039413452, 13330
10.015022039413452, 13329
10.015022039413452, 13328
10.015022039413452, 13327
10.015022039413452, 13326
10.015022039413452, 13325
10.015022039413452, 13324
10.015022039413452, 13323
10.015022039413452, 13322
10.015022039413452, 13321
10.016021490097046, 13320
10.016021490097046, 13319
10.016021490097046, 13318
10.016021490097046, 13317
10.016021490097046, 13316
10.016021490097046, 13315
10.016505002975464, 13314
10.016505002975464, 13313
10.016505002975464, 13312
10.016505002975464, 13311
10.016505002975464, 13310
10.016505002975464, 13309
10.016505002975464, 13308
10.016505002975464, 13307
10.017021894454956, 13306
10.017021894454956, 13305
10.017021894454956, 13304
10.017021894454956, 13303
10.017021894454956, 13302
10.017021894454956, 13301
10.017021894454956, 13300
10.017021894454956, 13299
10.017021894454956, 13298
10.017021894454956, 13297
10.017021894454956, 13296
10.017021894454956, 13295
10.018024444580078, 13294
10.018024444580078, 13293
10.018024444580078, 13292
10.018024444580078, 13291
10.018024444580078, 13290
10.018024444580078, 13289
10.018024444580078, 13288
10.018024444580078, 13287
10.018024444580078, 13286
10.018024444580078, 13285
10.018024444580078, 13284
10.018024444580078, 13283
10.018024444580078, 13282
10.018024444580078, 13281
10.019021987915039, 13280
10.019021987915039, 13279
10.019021987915039, 13278
10.019021987915039, 13277
10.019021987915039, 13276
10.019021987915039, 13275
10.019021987915039, 13274
10.019021987915039, 13273
10.019021987915039, 13272
10.019021987915039, 13271
10.019021987915039, 13270
10.019021987915039, 13269
10.019021987915039, 13268
