0.17514514923095703, 14029
0.17514514923095703, 14028
0.17514514923095703, 14027
0.17514514923095703, 14026
0.17514514923095703, 14025
0.17514514923095703, 14024
0.17514514923095703, 14023
0.1761455535888672, 14022
0.1761455535888672, 14021
0.1761455535888672, 14020
0.1761455535888672, 14019
0.1761455535888672, 14018
0.1761455535888672, 14017
0.1761455535888672, 14016
0.1761455535888672, 14015
0.1761455535888672, 14014
0.1761455535888672, 14013
0.1761455535888672, 14012
0.1761455535888672, 14011
0.1761455535888672, 14010
0.1761455535888672, 14009
0.1761455535888672, 14008
0.17714619636535645, 14007
0.17714619636535645, 14006
0.17714619636535645, 14005
0.17714619636535645, 14004
0.17714619636535645, 14003
0.17714619636535645, 14002
0.17714619636535645, 14001
0.17714619636535645, 14000
0.17714619636535645, 13999
0.17714619636535645, 13998
0.17714619636535645, 13997
0.17714619636535645, 13996
0.17714619636535645, 13995
0.17714619636535645, 13994
0.17714619636535645, 13993
0.1781458854675293, 13992
0.1781458854675293, 13991
0.1781458854675293, 13990
0.1781458854675293, 13989
0.1781458854675293, 13988
0.1781458854675293, 13987
0.1781458854675293, 13986
0.1781458854675293, 13985
0.1781458854675293, 13984
0.17914605140686035, 13983
0.17914605140686035, 13982
0.17914605140686035, 13981
0.17914605140686035, 13980
0.17914605140686035, 13979
0.17914605140686035, 13978
0.17914605140686035, 13977
0.17914605140686035, 13976
0.17914605140686035, 13975
0.17914605140686035, 13974
0.17914605140686035, 13973
0.17914605140686035, 13972
0.17914605140686035, 13971
0.17914605140686035, 13970
0.17914605140686035, 13969
0.1801459789276123, 13968
0.1801459789276123, 13967
0.1801459789276123, 13966
0.1801459789276123, 13965
0.1801459789276123, 13964
0.1801459789276123, 13963
0.1801459789276123, 13962
0.1801459789276123, 13961
0.1801459789276123, 13960
0.1801459789276123, 13959
0.1801459789276123, 13958
0.1801459789276123, 13957
0.1801459789276123, 13956
0.1801459789276123, 13955
0.1801459789276123, 13954
0.18114566802978516, 13953
0.18114566802978516, 13952
0.18114566802978516, 13951
0.18114566802978516, 13950
0.18114566802978516, 13949
0.18114566802978516, 13948
0.18114566802978516, 13947
0.18160057067871094, 13946
0.18160057067871094, 13945
0.18160057067871094, 13944
0.18160057067871094, 13943
0.18160057067871094, 13942
0.18160057067871094, 13941
0.18160057067871094, 13940
0.18160057067871094, 13939
0.18214631080627441, 13938
0.18214631080627441, 13937
0.18214631080627441, 13936
0.18214631080627441, 13935
0.18214631080627441, 13934
0.18214631080627441, 13933
0.18214631080627441, 13932
0.18214631080627441, 13931
0.18214631080627441, 13930
0.18214631080627441, 13929
0.18214631080627441, 13928
0.18214631080627441, 13927
0.18214631080627441, 13926
0.18214631080627441, 13925
0.18214631080627441, 13924
0.18314599990844727, 13923
0.18320822715759277, 13922
0.18320822715759277, 13921
0.18320822715759277, 13920
0.18320822715759277, 13919
0.18320822715759277, 13918
0.18320822715759277, 13917
0.18320822715759277, 13916
0.18320822715759277, 13915
0.18320822715759277, 13914
0.18320822715759277, 13913
0.18320822715759277, 13912
0.18320822715759277, 13911
0.18320822715759277, 13910
0.18320822715759277, 13909
0.18414592742919922, 13908
0.18414592742919922, 13907
0.18414592742919922, 13906
0.18414592742919922, 13905
0.18414592742919922, 13904
0.18414592742919922, 13903
0.18414592742919922, 13902
0.18414592742919922, 13901
0.18414592742919922, 13900
0.18414592742919922, 13899
0.18414592742919922, 13898
0.18414592742919922, 13897
0.18414592742919922, 13896
0.18414592742919922, 13895
0.18414592742919922, 13894
0.18514657020568848, 13893
0.18514657020568848, 13892
0.18514657020568848, 13891
0.18514657020568848, 13890
0.18514657020568848, 13889
0.18514657020568848, 13888
0.18514657020568848, 13887
0.18514657020568848, 13886
0.18514657020568848, 13885
0.18514657020568848, 13884
0.18578100204467773, 13883
0.18578100204467773, 13882
0.18578100204467773, 13881
0.18578100204467773, 13880
0.18578100204467773, 13879
0.18614625930786133, 13878
0.18614625930786133, 13877
0.18614625930786133, 13876
0.18614625930786133, 13875
0.18614625930786133, 13874
0.18614625930786133, 13873
0.18614625930786133, 13872
0.18614625930786133, 13871
0.18614625930786133, 13870
0.18614625930786133, 13869
0.18614625930786133, 13868
0.18614625930786133, 13867
0.18614625930786133, 13866
0.18614625930786133, 13865
0.18614625930786133, 13864
0.18614625930786133, 13863
0.18714547157287598, 13862
0.18714547157287598, 13861
0.18714547157287598, 13860
0.18714547157287598, 13859
0.18714547157287598, 13858
0.18714547157287598, 13857
0.18714547157287598, 13856
0.1876068115234375, 13855
0.1876068115234375, 13854
0.1876068115234375, 13853
0.1876068115234375, 13852
0.1876068115234375, 13851
0.1876068115234375, 13850
0.1876068115234375, 13849
0.18811249732971191, 13848
0.18811249732971191, 13847
0.18811249732971191, 13846
0.18811249732971191, 13845
0.18811249732971191, 13844
0.18811249732971191, 13843
0.18811249732971191, 13842
0.18811249732971191, 13841
0.18811249732971191, 13840
0.18811249732971191, 13839
0.18811249732971191, 13838
0.18811249732971191, 13837
0.18811249732971191, 13836
0.18811249732971191, 13835
0.18811249732971191, 13834
0.18912029266357422, 13833
0.18912029266357422, 13832
0.18912029266357422, 13831
0.18912029266357422, 13830
0.18912029266357422, 13829
0.18912029266357422, 13828
0.18912029266357422, 13827
0.18912029266357422, 13826
0.18912029266357422, 13825
0.18912029266357422, 13824
0.18912029266357422, 13823
0.18912029266357422, 13822
0.18912029266357422, 13821
0.18912029266357422, 13820
0.18912029266357422, 13819
0.19011950492858887, 13818
0.19011950492858887, 13817
0.19011950492858887, 13816
0.19011950492858887, 13815
0.19011950492858887, 13814
0.19011950492858887, 13813
0.19011950492858887, 13812
0.1905968189239502, 13811
0.1905968189239502, 13810
0.1905968189239502, 13809
0.1905968189239502, 13808
0.1905968189239502, 13807
0.1905968189239502, 13806
0.19112086296081543, 13805
0.19112086296081543, 13804
0.19112086296081543, 13803
0.19112086296081543, 13802
0.19112086296081543, 13801
0.19112086296081543, 13800
0.19112086296081543, 13799
0.19112086296081543, 13798
0.19112086296081543, 13797
0.19112086296081543, 13796
0.19112086296081543, 13795
0.19112086296081543, 13794
0.19112086296081543, 13793
0.19211912155151367, 13792
0.19211912155151367, 13791
0.19211912155151367, 13790
0.1923506259918213, 13789
0.1923506259918213, 13788
0.1923506259918213, 13787
0.1923506259918213, 13786
0.1923506259918213, 13785
0.1923506259918213, 13784
0.1923506259918213, 13783
0.1923506259918213, 13782
0.1923506259918213, 13781
0.1923506259918213, 13780
0.1923506259918213, 13779
0.19312143325805664, 13778
0.19312143325805664, 13777
0.19312143325805664, 13776
0.19312143325805664, 13775
0.19312143325805664, 13774
0.19312143325805664, 13773
0.19312143325805664, 13772
0.19312143325805664, 13771
0.19312143325805664, 13770
0.19312143325805664, 13769
0.19312143325805664, 13768
0.19312143325805664, 13767
0.19312143325805664, 13766
0.19312143325805664, 13765
0.1941220760345459, 13764
0.1941220760345459, 13763
0.1941220760345459, 13762
0.1941220760345459, 13761
0.1941220760345459, 13760
0.1941220760345459, 13759
0.1941220760345459, 13758
0.1941220760345459, 13757
0.1941220760345459, 13756
0.1941220760345459, 13755
0.1941220760345459, 13754
0.1941220760345459, 13753
0.1941220760345459, 13752
0.1941220760345459, 13751
0.1941220760345459, 13750
0.19511985778808594, 13749
0.19511985778808594, 13748
0.19511985778808594, 13747
0.19511985778808594, 13746
0.19511985778808594, 13745
0.19511985778808594, 13744
0.19511985778808594, 13743
0.19511985778808594, 13742
0.19511985778808594, 13741
0.19511985778808594, 13740
0.19511985778808594, 13739
0.19511985778808594, 13738
0.19511985778808594, 13737
0.1961212158203125, 13736
0.1961212158203125, 13735
0.1961212158203125, 13734
0.1961212158203125, 13733
0.1961212158203125, 13732
0.1961212158203125, 13731
0.1961212158203125, 13730
0.1961212158203125, 13729
0.1961212158203125, 13728
0.1961212158203125, 13727
0.1961212158203125, 13726
0.1961212158203125, 13725
0.1961212158203125, 13724
0.1961212158203125, 13723
0.1961212158203125, 13722
0.19711995124816895, 13721
0.19711995124816895, 13720
0.19711995124816895, 13719
0.19711995124816895, 13718
0.19711995124816895, 13717
0.19711995124816895, 13716
0.19711995124816895, 13715
0.19711995124816895, 13714
0.1981194019317627, 13713
0.1981194019317627, 13712
0.1981194019317627, 13711
0.1981194019317627, 13710
0.1981194019317627, 13709
0.1981194019317627, 13708
0.1981194019317627, 13707
0.1981194019317627, 13706
0.1981194019317627, 13705
0.1981194019317627, 13704
0.1981194019317627, 13703
0.19912028312683105, 13702
0.19912028312683105, 13701
0.19912028312683105, 13700
0.19912028312683105, 13699
0.19912028312683105, 13698
0.19912028312683105, 13697
0.19912028312683105, 13696
0.19912028312683105, 13695
0.19912028312683105, 13694
0.2001197338104248, 13693
0.2001197338104248, 13692
0.2001197338104248, 13691
0.2001197338104248, 13690
0.2001197338104248, 13689
0.2001197338104248, 13688
0.2001197338104248, 13687
0.2001197338104248, 13686
0.2001197338104248, 13685
0.2001197338104248, 13684
0.20111894607543945, 13683
0.20111894607543945, 13682
0.20111894607543945, 13681
0.20111894607543945, 13680
0.20111894607543945, 13679
0.20111894607543945, 13678
0.20111894607543945, 13677
0.20111894607543945, 13676
0.20111894607543945, 13675
0.20111894607543945, 13674
0.2021191120147705, 13673
0.2021191120147705, 13672
0.20239996910095215, 13671
0.20239996910095215, 13670
0.20239996910095215, 13669
0.20239996910095215, 13668
0.20239996910095215, 13667
0.20239996910095215, 13666
0.20239996910095215, 13665
0.20239996910095215, 13664
0.20312094688415527, 13663
0.20312094688415527, 13662
0.20312094688415527, 13661
0.20312094688415527, 13660
0.20312094688415527, 13659
0.20312094688415527, 13658
0.20312094688415527, 13657
0.203965425491333, 13656
0.203965425491333, 13655
0.20412182807922363, 13654
0.20412182807922363, 13653
0.20412182807922363, 13652
0.20412182807922363, 13651
0.20412182807922363, 13650
0.20412182807922363, 13649
0.20412182807922363, 13648
0.20412182807922363, 13647
0.20412182807922363, 13646
0.20512175559997559, 13645
0.20512175559997559, 13644
0.20512175559997559, 13643
0.20512175559997559, 13642
0.20512175559997559, 13641
0.20561480522155762, 13640
0.20561480522155762, 13639
0.20561480522155762, 13638
0.20561480522155762, 13637
0.20612883567810059, 13636
0.20612883567810059, 13635
0.20612883567810059, 13634
0.20612883567810059, 13633
0.20612883567810059, 13632
0.20612883567810059, 13631
0.20612883567810059, 13630
0.20612883567810059, 13629
0.20612883567810059, 13628
0.2071237564086914, 13627
0.2071237564086914, 13626
0.2071237564086914, 13625
0.2071237564086914, 13624
0.2071237564086914, 13623
0.2071237564086914, 13622
0.2071237564086914, 13621
0.2071237564086914, 13620
0.2071237564086914, 13619
0.20811986923217773, 13618
0.20811986923217773, 13617
0.20811986923217773, 13616
0.20811986923217773, 13615
0.20811986923217773, 13614
0.20811986923217773, 13613
0.20811986923217773, 13612
0.20811986923217773, 13611
0.20811986923217773, 13610
0.20911884307861328, 13609
0.20911884307861328, 13608
0.20911884307861328, 13607
0.20911884307861328, 13606
0.20911884307861328, 13605
0.20911884307861328, 13604
0.20911884307861328, 13603
0.20911884307861328, 13602
0.21012187004089355, 13601
0.21012187004089355, 13600
0.21012187004089355, 13599
0.21012187004089355, 13598
0.21012187004089355, 13597
0.21012187004089355, 13596
0.21012187004089355, 13595
0.21012187004089355, 13594
0.21012187004089355, 13593
0.2111194133758545, 13592
0.2111194133758545, 13591
0.2111194133758545, 13590
0.2111194133758545, 13589
0.2111194133758545, 13588
0.2111194133758545, 13587
0.2111194133758545, 13586
0.2111194133758545, 13585
0.2111194133758545, 13584
0.2111194133758545, 13583
0.21211957931518555, 13582
0.21211957931518555, 13581
0.21211957931518555, 13580
0.21211957931518555, 13579
0.21211957931518555, 13578
0.21211957931518555, 13577
0.21211957931518555, 13576
0.21211957931518555, 13575
0.21211957931518555, 13574
0.21211957931518555, 13573
0.21211957931518555, 13572
0.2131195068359375, 13571
0.2131195068359375, 13570
0.2131195068359375, 13569
0.2131195068359375, 13568
0.2131195068359375, 13567
0.2131195068359375, 13566
0.2131195068359375, 13565
0.2131195068359375, 13564
0.2131195068359375, 13563
0.2131195068359375, 13562
0.2131195068359375, 13561
0.2131195068359375, 13560
0.2131195068359375, 13559
0.2131195068359375, 13558
0.2131195068359375, 13557
0.21411895751953125, 13556
0.21411895751953125, 13555
0.21411895751953125, 13554
0.21411895751953125, 13553
0.21411895751953125, 13552
0.21411895751953125, 13551
0.21411895751953125, 13550
0.21411895751953125, 13549
0.21411895751953125, 13548
0.21411895751953125, 13542
0.21411895751953125, 13541
0.21411895751953125, 13540
0.21411895751953125, 13539
0.21411895751953125, 13538
0.2151191234588623, 13537
0.2151191234588623, 13536
0.2151191234588623, 13535
0.2151191234588623, 13534
0.2151191234588623, 13533
0.2151191234588623, 13532
0.2151191234588623, 13531
0.2151191234588623, 13530
0.2151191234588623, 13529
0.2151191234588623, 13528
0.2151191234588623, 13527
0.2151191234588623, 13526
0.2151191234588623, 13525
0.2151191234588623, 13524
0.2160663604736328, 13523
0.21611928939819336, 13522
0.21611928939819336, 13521
0.21611928939819336, 13520
0.21611928939819336, 13519
0.21611928939819336, 13518
0.21611928939819336, 13517
0.21611928939819336, 13516
0.21611928939819336, 13515
0.21611928939819336, 13514
0.21611928939819336, 13513
0.21611928939819336, 13512
0.21611928939819336, 13511
0.21611928939819336, 13510
0.21611928939819336, 13509
0.21711945533752441, 13508
0.21711945533752441, 13507
0.21711945533752441, 13506
0.21711945533752441, 13505
0.21711945533752441, 13504
0.21711945533752441, 13503
0.21711945533752441, 13502
0.21711945533752441, 13501
0.21711945533752441, 13500
0.21711945533752441, 13499
0.21711945533752441, 13498
0.21711945533752441, 13497
0.21711945533752441, 13496
0.21711945533752441, 13495
0.21711945533752441, 13494
0.21811938285827637, 13493
0.21820545196533203, 13492
0.21820545196533203, 13491
0.21820545196533203, 13490
0.21820545196533203, 13489
0.21820545196533203, 13488
0.21820545196533203, 13487
0.21820545196533203, 13486
0.21871161460876465, 13485
0.21871161460876465, 13484
0.21871161460876465, 13483
0.21871161460876465, 13482
0.21871161460876465, 13481
0.21871161460876465, 13480
0.21871161460876465, 13479
0.21871161460876465, 13478
0.21871161460876465, 13477
0.21871161460876465, 13476
0.21871161460876465, 13475
0.21871161460876465, 13474
0.21871161460876465, 13473
0.21871161460876465, 13472
0.21871161460876465, 13471
0.21971893310546875, 13470
0.21971893310546875, 13469
0.21971893310546875, 13468
0.21971893310546875, 13467
0.21971893310546875, 13466
0.21971893310546875, 13465
0.21971893310546875, 13464
0.21971893310546875, 13463
0.21971893310546875, 13462
0.21971893310546875, 13461
0.21971893310546875, 13460
0.21971893310546875, 13459
0.21971893310546875, 13458
0.21971893310546875, 13457
0.2207186222076416, 13456
0.2207186222076416, 13455
0.2207186222076416, 13454
0.2207186222076416, 13453
0.2207186222076416, 13452
0.2207186222076416, 13451
0.2207186222076416, 13450
0.2207186222076416, 13449
0.2207186222076416, 13448
0.2207186222076416, 13447
0.2207186222076416, 13446
0.2207186222076416, 13445
0.2207186222076416, 13444
0.2207186222076416, 13443
0.2207186222076416, 13442
0.22171807289123535, 13441
0.22171807289123535, 13440
0.22171807289123535, 13439
0.22171807289123535, 13438
0.22171807289123535, 13437
0.22171807289123535, 13436
0.22171807289123535, 13435
0.22171807289123535, 13434
0.22171807289123535, 13433
0.22171807289123535, 13432
0.22171807289123535, 13431
0.22171807289123535, 13430
0.22171807289123535, 13429
0.2227189540863037, 13428
0.2227189540863037, 13427
0.2227189540863037, 13426
0.2227189540863037, 13425
0.2227189540863037, 13424
0.2227189540863037, 13423
0.2227189540863037, 13422
0.2227189540863037, 13421
0.2227189540863037, 13420
0.2227189540863037, 13419
0.2227189540863037, 13418
0.2227189540863037, 13417
0.2227189540863037, 13416
0.2227189540863037, 13415
0.2227189540863037, 13414
0.22371840476989746, 13413
0.22371840476989746, 13412
0.22371840476989746, 13411
0.22371840476989746, 13410
0.22371840476989746, 13409
0.22371840476989746, 13408
0.22371840476989746, 13407
0.22371840476989746, 13406
0.22371840476989746, 13405
0.22371840476989746, 13404
0.22371840476989746, 13403
0.22371840476989746, 13402
0.22371840476989746, 13401
0.22371840476989746, 13400
0.2247180938720703, 13399
0.2247180938720703, 13398
0.2247180938720703, 13397
0.2247180938720703, 13396
0.2247180938720703, 13395
0.2247180938720703, 13394
0.2247180938720703, 13393
0.2247180938720703, 13392
0.2247180938720703, 13391
0.2247180938720703, 13390
0.2247180938720703, 13389
0.2247180938720703, 13388
0.2247180938720703, 13387
0.2247180938720703, 13386
0.22571849822998047, 13385
0.22571849822998047, 13384
0.22571849822998047, 13383
0.22571849822998047, 13382
0.22571849822998047, 13381
0.22571849822998047, 13380
0.22571849822998047, 13379
0.22571849822998047, 13378
0.22571849822998047, 13377
0.22571849822998047, 13376
0.22571849822998047, 13375
0.22571849822998047, 13374
0.22571849822998047, 13373
0.22571849822998047, 13372
0.22571849822998047, 13371
0.22671866416931152, 13370
0.22671866416931152, 13369
0.22671866416931152, 13368
0.22671866416931152, 13367
0.22671866416931152, 13366
0.22671866416931152, 13365
0.22671866416931152, 13364
0.22671866416931152, 13363
0.22671866416931152, 13362
0.22671866416931152, 13361
0.22671866416931152, 13360
0.22671866416931152, 13359
0.22671866416931152, 13358
0.22671866416931152, 13357
0.22671866416931152, 13356
0.22771883010864258, 13355
0.22771883010864258, 13354
0.22771883010864258, 13353
0.22771883010864258, 13352
0.22771883010864258, 13351
0.22771883010864258, 13350
0.22771883010864258, 13349
0.22771883010864258, 13348
0.22771883010864258, 13347
0.22771883010864258, 13346
0.22771883010864258, 13345
0.22771883010864258, 13344
0.22771883010864258, 13343
0.22771883010864258, 13342
0.22871804237365723, 13341
0.22871804237365723, 13340
0.22871804237365723, 13339
0.22871804237365723, 13338
0.22871804237365723, 13337
0.22871804237365723, 13336
0.22871804237365723, 13335
0.22871804237365723, 13334
0.22871804237365723, 13333
0.22871804237365723, 13332
0.22871804237365723, 13331
0.22871804237365723, 13330
0.22871804237365723, 13329
0.22871804237365723, 13328
0.22871804237365723, 13327
0.22971892356872559, 13326
0.22971892356872559, 13325
0.22971892356872559, 13324
0.22971892356872559, 13323
0.22971892356872559, 13322
0.22971892356872559, 13321
0.22971892356872559, 13320
0.22971892356872559, 13319
0.22971892356872559, 13318
0.22971892356872559, 13317
0.22971892356872559, 13316
0.22971892356872559, 13315
0.22971892356872559, 13314
0.22971892356872559, 13313
0.23071837425231934, 13312
0.23071837425231934, 13311
0.23071837425231934, 13310
0.23071837425231934, 13309
0.23071837425231934, 13308
0.23071837425231934, 13307
0.23071837425231934, 13306
0.23071837425231934, 13305
0.23071837425231934, 13304
0.23071837425231934, 13303
0.23071837425231934, 13302
0.23071837425231934, 13301
0.23071837425231934, 13300
0.23071837425231934, 13299
0.23071837425231934, 13298
0.23171782493591309, 13297
0.23171782493591309, 13296
0.23171782493591309, 13295
0.23171782493591309, 13294
0.23171782493591309, 13293
0.23171782493591309, 13292
0.23171782493591309, 13291
0.23171782493591309, 13290
0.23171782493591309, 13289
0.23171782493591309, 13288
0.2324826717376709, 13287
0.2324826717376709, 13286
0.2324826717376709, 13285
0.2324826717376709, 13284
0.23271870613098145, 13283
0.23271870613098145, 13282
0.23271870613098145, 13281
0.23271870613098145, 13280
0.23271870613098145, 13279
0.23271870613098145, 13278
0.23271870613098145, 13277
0.23271870613098145, 13276
0.23271870613098145, 13275
0.23271870613098145, 13274
0.23271870613098145, 13273
0.23271870613098145, 13272
0.23271870613098145, 13271
0.23271870613098145, 13270
0.2337181568145752, 13269
0.2337791919708252, 13268
0.2337791919708252, 13267
0.2337791919708252, 13266
0.2337791919708252, 13265
0.2337791919708252, 13264
0.2337791919708252, 13263
0.2337791919708252, 13262
0.2337791919708252, 13261
0.2337791919708252, 13260
0.2337791919708252, 13259
0.2337791919708252, 13258
0.2337791919708252, 13257
0.2337791919708252, 13256
0.23471808433532715, 13255
0.23471808433532715, 13254
0.23471808433532715, 13253
0.23471808433532715, 13252
0.23471808433532715, 13251
0.23471808433532715, 13250
0.23471808433532715, 13249
0.23471808433532715, 13248
0.23471808433532715, 13247
0.23471808433532715, 13246
0.23471808433532715, 13245
0.23471808433532715, 13244
0.23471808433532715, 13243
0.23471808433532715, 13242
0.2357184886932373, 13241
0.2357184886932373, 13240
0.2357184886932373, 13239
0.2357184886932373, 13238
0.2357184886932373, 13237
0.23608183860778809, 13236
0.23608183860778809, 13235
0.23608183860778809, 13234
0.23608183860778809, 13233
0.23608183860778809, 13232
0.23608183860778809, 13231
0.23608183860778809, 13230
0.23608183860778809, 13229
0.23608183860778809, 13228
0.23671960830688477, 13227
0.23671960830688477, 13226
0.23671960830688477, 13225
0.23671960830688477, 13224
0.23671960830688477, 13223
0.23671960830688477, 13222
0.23671960830688477, 13221
0.23671960830688477, 13220
0.23671960830688477, 13219
0.23671960830688477, 13218
0.23671960830688477, 13217
0.23671960830688477, 13216
0.23671960830688477, 13215
0.23671960830688477, 13214
0.23671960830688477, 13213
0.2377185821533203, 13212
0.2377185821533203, 13211
0.2377185821533203, 13210
0.2377185821533203, 13209
0.2377185821533203, 13208
0.2377185821533203, 13207
0.2377185821533203, 13206
0.23827099800109863, 13205
0.23827099800109863, 13204
0.23827099800109863, 13203
0.23827099800109863, 13202
0.23827099800109863, 13201
0.23827099800109863, 13200
0.23827099800109863, 13199
0.23827099800109863, 13198
0.23827099800109863, 13197
0.23827099800109863, 13196
0.23827099800109863, 13195
0.23827099800109863, 13194
0.23827099800109863, 13193
0.23827099800109863, 13192
0.23928308486938477, 13191
0.23928308486938477, 13190
0.23928308486938477, 13189
0.23928308486938477, 13188
0.23928308486938477, 13187
0.23928308486938477, 13186
0.23928308486938477, 13185
0.23928308486938477, 13184
0.23928308486938477, 13183
0.23928308486938477, 13182
0.23928308486938477, 13181
0.23928308486938477, 13180
0.23928308486938477, 13179
0.23928308486938477, 13178
0.24028325080871582, 13177
0.24028325080871582, 13176
0.24028325080871582, 13175
0.24028325080871582, 13174
0.24028325080871582, 13173
0.24028325080871582, 13172
0.24028325080871582, 13171
0.24028325080871582, 13170
0.24028325080871582, 13169
0.24028325080871582, 13168
0.24028325080871582, 13167
0.24028325080871582, 13166
0.24028325080871582, 13165
0.24028325080871582, 13164
0.24128293991088867, 13163
0.24128293991088867, 13162
0.24128293991088867, 13161
0.24128293991088867, 13160
0.24128293991088867, 13159
0.24128293991088867, 13158
0.24128293991088867, 13157
0.24128293991088867, 13156
0.24128293991088867, 13155
0.24128293991088867, 13154
0.24128293991088867, 13153
0.24128293991088867, 13152
0.24128293991088867, 13151
0.24128293991088867, 13150
0.24228239059448242, 13149
0.24228239059448242, 13148
0.24228239059448242, 13147
0.24243831634521484, 13146
0.24243831634521484, 13145
0.24243831634521484, 13144
0.24243831634521484, 13143
0.24243831634521484, 13142
0.24243831634521484, 13141
0.24243831634521484, 13140
0.24243831634521484, 13139
0.24243831634521484, 13138
0.24243831634521484, 13137
0.24243831634521484, 13136
0.24328255653381348, 13135
0.24328255653381348, 13134
0.24328255653381348, 13133
0.24328255653381348, 13132
0.24328255653381348, 13131
0.24328255653381348, 13130
0.24328255653381348, 13129
0.24328255653381348, 13128
0.24328255653381348, 13127
0.24328255653381348, 13126
0.24328255653381348, 13125
0.24328255653381348, 13124
0.24328255653381348, 13123
0.24328255653381348, 13122
0.24428224563598633, 13121
0.24428224563598633, 13120
0.24428224563598633, 13119
0.24428224563598633, 13118
0.24428224563598633, 13117
0.24428224563598633, 13116
0.24428224563598633, 13115
0.24428224563598633, 13114
0.24428224563598633, 13113
0.24428224563598633, 13112
0.24428224563598633, 13111
0.24428224563598633, 13110
0.24428224563598633, 13109
0.24428224563598633, 13108
0.24428224563598633, 13107
0.24528169631958008, 13106
0.24528169631958008, 13105
0.24528169631958008, 13104
0.24528169631958008, 13103
0.24528169631958008, 13102
0.24528169631958008, 13101
0.24528169631958008, 13100
0.24528169631958008, 13099
0.24528169631958008, 13098
0.24528169631958008, 13097
0.24528169631958008, 13096
0.24528169631958008, 13095
0.24528169631958008, 13094
0.24528169631958008, 13093
0.24628329277038574, 13092
0.24628329277038574, 13091
0.24628329277038574, 13090
0.24628329277038574, 13089
0.24628329277038574, 13088
0.24628329277038574, 13087
0.24628329277038574, 13086
0.24628329277038574, 13085
0.24628329277038574, 13084
0.24628329277038574, 13083
0.24628329277038574, 13082
0.24628329277038574, 13081
0.24628329277038574, 13080
0.24628329277038574, 13079
0.2472827434539795, 13078
0.2472827434539795, 13077
0.2472827434539795, 13076
0.2472827434539795, 13075
0.2472827434539795, 13074
0.2472827434539795, 13073
0.2472827434539795, 13072
0.2472827434539795, 13071
0.2472827434539795, 13070
0.2472827434539795, 13069
0.2472827434539795, 13068
0.2472827434539795, 13067
0.2472827434539795, 13066
0.24828124046325684, 13065
0.24828124046325684, 13064
0.24828124046325684, 13063
0.24828124046325684, 13062
0.24828124046325684, 13061
0.24828124046325684, 13060
0.24828124046325684, 13059
0.24828124046325684, 13058
0.24828124046325684, 13057
0.24828124046325684, 13056
0.24828124046325684, 13055
0.24828124046325684, 13054
0.24828124046325684, 13053
0.9828555583953857, 9818
0.9828555583953857, 9817
0.9828555583953857, 9816
0.9828555583953857, 9815
0.9828555583953857, 9814
0.9828555583953857, 9813
0.9828555583953857, 9812
0.9828555583953857, 9811
0.9828555583953857, 9810
0.9828555583953857, 9809
0.9828555583953857, 9808
0.9828555583953857, 9807
0.983856201171875, 9806
0.983856201171875, 9805
0.983856201171875, 9804
0.983856201171875, 9803
0.983856201171875, 9802
0.983856201171875, 9801
0.983856201171875, 9800
0.983856201171875, 9799
0.983856201171875, 9798
0.983856201171875, 9797
0.983856201171875, 9796
0.983856201171875, 9795
0.983856201171875, 9794
0.983856201171875, 9793
0.984856128692627, 9792
0.9849579334259033, 9791
0.9849579334259033, 9790
0.9849579334259033, 9789
