0.17909812927246094, 14065
0.17909812927246094, 14064
0.17909812927246094, 14063
0.17909812927246094, 14062
0.17909812927246094, 14061
0.17909812927246094, 14060
0.17909812927246094, 14059
0.1800978183746338, 14058
0.1800978183746338, 14057
0.1800978183746338, 14056
0.1800978183746338, 14055
0.1800978183746338, 14054
0.1800978183746338, 14053
0.1800978183746338, 14052
0.1800978183746338, 14051
0.1800978183746338, 14050
0.1800978183746338, 14049
0.1800978183746338, 14048
0.1800978183746338, 14047
0.1800978183746338, 14046
0.1800978183746338, 14045
0.1800978183746338, 14044
0.18109703063964844, 14043
0.18109703063964844, 14042
0.18109703063964844, 14041
0.18109703063964844, 14040
0.18109703063964844, 14039
0.18109703063964844, 14038
0.18109703063964844, 14037
0.18109703063964844, 14036
0.18109703063964844, 14035
0.18109703063964844, 14034
0.18109703063964844, 14033
0.18109703063964844, 14032
0.18109703063964844, 14031
0.18109703063964844, 14030
0.18109703063964844, 14029
0.18109703063964844, 14028
0.1821269989013672, 14027
0.1821269989013672, 14026
0.1821269989013672, 14025
0.1821269989013672, 14024
0.1821269989013672, 14023
0.1821269989013672, 14022
0.1821269989013672, 14021
0.1821269989013672, 14020
0.1821269989013672, 14019
0.1821269989013672, 14018
0.1821269989013672, 14017
0.1821269989013672, 14016
0.1821269989013672, 14015
0.1821269989013672, 14014
0.1821269989013672, 14013
0.1821269989013672, 14012
0.18312644958496094, 14011
0.18312644958496094, 14010
0.18312644958496094, 14009
0.18312644958496094, 14008
0.18312644958496094, 14007
0.18312644958496094, 14006
0.18312644958496094, 14005
0.18312644958496094, 14004
0.18312644958496094, 14003
0.18312644958496094, 14002
0.18312644958496094, 14001
0.18312644958496094, 14000
0.18312644958496094, 13999
0.18312644958496094, 13998
0.184126615524292, 13997
0.184126615524292, 13996
0.184126615524292, 13995
0.184126615524292, 13994
0.184126615524292, 13993
0.184126615524292, 13992
0.184126615524292, 13991
0.184126615524292, 13990
0.184126615524292, 13989
0.184126615524292, 13988
0.184126615524292, 13987
0.184126615524292, 13986
0.184126615524292, 13985
0.184126615524292, 13984
0.184126615524292, 13983
0.18512654304504395, 13982
0.18512654304504395, 13981
0.18512654304504395, 13980
0.18512654304504395, 13979
0.18512654304504395, 13978
0.18512654304504395, 13977
0.18512654304504395, 13976
0.18512654304504395, 13975
0.18512654304504395, 13974
0.18512654304504395, 13973
0.18512654304504395, 13972
0.18512654304504395, 13971
0.18512654304504395, 13970
0.18512654304504395, 13969
0.18512654304504395, 13968
0.1861276626586914, 13967
0.1861276626586914, 13966
0.1861276626586914, 13965
0.1861276626586914, 13964
0.1861276626586914, 13963
0.1861276626586914, 13962
0.1861276626586914, 13961
0.1861276626586914, 13960
0.1861276626586914, 13959
0.1861276626586914, 13958
0.1861276626586914, 13957
0.1861276626586914, 13956
0.1861276626586914, 13955
0.1861276626586914, 13954
0.1861276626586914, 13953
0.1861276626586914, 13952
0.18712687492370605, 13951
0.18712687492370605, 13950
0.18712687492370605, 13949
0.18735051155090332, 13948
0.18735051155090332, 13947
0.18735051155090332, 13946
0.18735051155090332, 13945
0.18735051155090332, 13944
0.18735051155090332, 13943
0.18735051155090332, 13942
0.18735051155090332, 13941
0.18735051155090332, 13940
0.18735051155090332, 13939
0.18735051155090332, 13938
0.188126802444458, 13937
0.188126802444458, 13936
0.188126802444458, 13935
0.188126802444458, 13934
0.188126802444458, 13933
0.188126802444458, 13932
0.188126802444458, 13931
0.188126802444458, 13930
0.188126802444458, 13929
0.188126802444458, 13928
0.188126802444458, 13927
0.188126802444458, 13926
0.188126802444458, 13925
0.188126802444458, 13924
0.188126802444458, 13923
0.188126802444458, 13922
0.18912649154663086, 13921
0.18912649154663086, 13920
0.18912649154663086, 13919
0.18912649154663086, 13918
0.18912649154663086, 13917
0.18912649154663086, 13916
0.18912649154663086, 13915
0.18912649154663086, 13914
0.18912649154663086, 13913
0.18912649154663086, 13912
0.18912649154663086, 13911
0.18912649154663086, 13910
0.18912649154663086, 13909
0.18912649154663086, 13908
0.18912649154663086, 13907
0.19012665748596191, 13906
0.19012665748596191, 13905
0.19012665748596191, 13904
0.19012665748596191, 13903
0.19012665748596191, 13902
0.19012665748596191, 13901
0.19012665748596191, 13900
0.19012665748596191, 13899
0.19012665748596191, 13898
0.19012665748596191, 13897
0.19012665748596191, 13896
0.19012665748596191, 13895
0.19012665748596191, 13894
0.19012665748596191, 13893
0.19012665748596191, 13892
0.19012665748596191, 13891
0.19112682342529297, 13890
0.19112682342529297, 13889
0.19112682342529297, 13888
0.19112682342529297, 13887
0.19112682342529297, 13886
0.19112682342529297, 13885
0.19112682342529297, 13884
0.19112682342529297, 13883
0.19112682342529297, 13882
0.19112682342529297, 13881
0.19112682342529297, 13880
0.19112682342529297, 13879
0.19112682342529297, 13878
0.19112682342529297, 13877
0.19112682342529297, 13876
0.19212675094604492, 13875
0.19212675094604492, 13874
0.19212675094604492, 13873
0.19212675094604492, 13872
0.19212675094604492, 13871
0.19212675094604492, 13870
0.19212675094604492, 13869
0.19212675094604492, 13868
0.19212675094604492, 13867
0.19212675094604492, 13866
0.19212675094604492, 13865
0.19212675094604492, 13864
0.19212675094604492, 13863
0.19212675094604492, 13862
0.19212675094604492, 13861
0.19212675094604492, 13860
0.19312667846679688, 13859
0.19312667846679688, 13858
0.19312667846679688, 13857
0.19312667846679688, 13856
0.19312667846679688, 13855
0.19312667846679688, 13854
0.19312667846679688, 13853
0.19312667846679688, 13852
0.19312667846679688, 13851
0.19312667846679688, 13850
0.19312667846679688, 13849
0.19312667846679688, 13848
0.19312667846679688, 13847
0.19312667846679688, 13846
0.19312667846679688, 13845
0.19412660598754883, 13844
0.19412660598754883, 13843
0.19412660598754883, 13842
0.19412660598754883, 13841
0.19412660598754883, 13840
0.19412660598754883, 13839
0.19412660598754883, 13838
0.19412660598754883, 13837
0.19412660598754883, 13836
0.19412660598754883, 13835
0.19412660598754883, 13834
0.19412660598754883, 13833
0.19512701034545898, 13832
0.19512701034545898, 13831
0.19512701034545898, 13830
0.19512701034545898, 13829
0.19512701034545898, 13828
0.19512701034545898, 13827
0.19512701034545898, 13826
0.19512701034545898, 13825
0.19512701034545898, 13824
0.19512701034545898, 13823
0.19512701034545898, 13822
0.19512701034545898, 13821
0.19512701034545898, 13820
0.19612574577331543, 13819
0.19612574577331543, 13818
0.19612574577331543, 13817
0.19612574577331543, 13816
0.19612574577331543, 13815
0.19612574577331543, 13814
0.19612574577331543, 13813
0.19612574577331543, 13812
0.19612574577331543, 13811
0.19612574577331543, 13810
0.19612574577331543, 13809
0.19612574577331543, 13808
0.19612574577331543, 13807
0.19612574577331543, 13806
0.19612574577331543, 13805
0.19612574577331543, 13804
0.1971282958984375, 13803
0.1971282958984375, 13802
0.1971282958984375, 13801
0.1971282958984375, 13800
0.1971282958984375, 13799
0.1971282958984375, 13798
0.1971282958984375, 13797
0.1971282958984375, 13796
0.1971282958984375, 13795
0.1971282958984375, 13794
0.1971282958984375, 13793
0.1971282958984375, 13792
0.1971282958984375, 13791
0.1971282958984375, 13790
0.1971282958984375, 13789
0.19812822341918945, 13788
0.19812822341918945, 13787
0.19812822341918945, 13786
0.19812822341918945, 13785
0.19812822341918945, 13784
0.19812822341918945, 13783
0.19812822341918945, 13782
0.19812822341918945, 13781
0.19812822341918945, 13780
0.19812822341918945, 13779
0.19812822341918945, 13778
0.19812822341918945, 13777
0.19812822341918945, 13776
0.19812822341918945, 13775
0.19812822341918945, 13774
0.1991279125213623, 13773
0.1991279125213623, 13772
0.1991279125213623, 13771
0.1991279125213623, 13770
0.1991279125213623, 13769
0.1991279125213623, 13768
0.1991279125213623, 13767
0.1991279125213623, 13766
0.1991279125213623, 13765
0.1991279125213623, 13764
0.19977259635925293, 13763
0.19977259635925293, 13762
0.19977259635925293, 13761
0.19977259635925293, 13760
0.19977259635925293, 13759
0.20012664794921875, 13758
0.20012664794921875, 13757
0.20012664794921875, 13756
0.20012664794921875, 13755
0.20012664794921875, 13754
0.20012664794921875, 13753
0.20012664794921875, 13752
0.20012664794921875, 13751
0.20012664794921875, 13750
0.20012664794921875, 13749
0.20012664794921875, 13748
0.20012664794921875, 13747
0.20012664794921875, 13746
0.20012664794921875, 13745
0.20012664794921875, 13744
0.2011256217956543, 13743
0.2011256217956543, 13742
0.2011256217956543, 13741
0.2011256217956543, 13740
0.2011256217956543, 13739
0.2011256217956543, 13738
0.2011256217956543, 13737
0.2011256217956543, 13736
0.2011256217956543, 13735
0.2011256217956543, 13734
0.2011256217956543, 13733
0.2011256217956543, 13732
0.20194053649902344, 13731
0.20194053649902344, 13730
0.20194053649902344, 13729
0.20212578773498535, 13728
0.20212578773498535, 13727
0.20212578773498535, 13726
0.20212578773498535, 13725
0.20212578773498535, 13724
0.20212578773498535, 13723
0.20212578773498535, 13722
0.20212578773498535, 13721
0.20212578773498535, 13720
0.20212578773498535, 13719
0.20212578773498535, 13718
0.20212578773498535, 13717
0.20212578773498535, 13716
0.20212578773498535, 13715
0.20212578773498535, 13714
0.2031261920928955, 13713
0.2031261920928955, 13712
0.2031261920928955, 13711
0.2031261920928955, 13710
0.2031261920928955, 13709
0.2031261920928955, 13708
0.2031261920928955, 13707
0.2031261920928955, 13706
0.2031261920928955, 13705
0.2031261920928955, 13704
0.2031261920928955, 13703
0.2031261920928955, 13702
0.2031261920928955, 13701
0.2031261920928955, 13700
0.2031261920928955, 13699
0.20412588119506836, 13698
0.20412588119506836, 13697
0.20412588119506836, 13696
0.20412588119506836, 13695
0.20412588119506836, 13694
0.20412588119506836, 13693
0.20412588119506836, 13692
0.20412588119506836, 13691
0.20412588119506836, 13690
0.20412588119506836, 13689
0.20412588119506836, 13688
0.20412588119506836, 13687
0.20412588119506836, 13686
0.20412588119506836, 13685
0.20412588119506836, 13684
0.20512747764587402, 13683
0.20521020889282227, 13682
0.20521020889282227, 13681
0.20521020889282227, 13680
0.20521020889282227, 13679
0.20521020889282227, 13678
0.20521020889282227, 13677
0.20521020889282227, 13676
0.20521020889282227, 13675
0.20521020889282227, 13674
0.20521020889282227, 13673
0.20521020889282227, 13672
0.20521020889282227, 13671
0.20521020889282227, 13670
0.20521020889282227, 13669
0.20612668991088867, 13668
0.20612668991088867, 13667
0.20612668991088867, 13666
0.20612668991088867, 13665
0.20612668991088867, 13664
0.20612668991088867, 13663
0.20612668991088867, 13662
0.20612668991088867, 13661
0.20612668991088867, 13660
0.20612668991088867, 13659
0.20612668991088867, 13658
0.20612668991088867, 13657
0.20612668991088867, 13656
0.20612668991088867, 13655
0.20612668991088867, 13654
0.20712590217590332, 13653
0.20712590217590332, 13652
0.20712590217590332, 13651
0.20712590217590332, 13650
0.20712590217590332, 13649
0.20712590217590332, 13648
0.20712590217590332, 13647
0.20712590217590332, 13646
0.20712590217590332, 13645
0.20712590217590332, 13644
0.20712590217590332, 13643
0.20712590217590332, 13642
0.20712590217590332, 13641
0.20712590217590332, 13640
0.20712590217590332, 13639
0.20812559127807617, 13638
0.20812559127807617, 13637
0.20812559127807617, 13636
0.20812559127807617, 13635
0.20812559127807617, 13634
0.20812559127807617, 13633
0.20812559127807617, 13632
0.20812559127807617, 13631
0.20812559127807617, 13630
0.20812559127807617, 13629
0.578465461730957, 13628
0.578465461730957, 13627
0.578465461730957, 13626
0.578465461730957, 13625
0.578465461730957, 13624
0.578465461730957, 13623
0.5794658660888672, 13622
0.5794658660888672, 13621
0.5794658660888672, 13620
0.5794658660888672, 13619
0.5794658660888672, 13618
0.5794658660888672, 13617
0.5794658660888672, 13616
0.5794658660888672, 13615
0.5794658660888672, 13614
0.5794658660888672, 13613
0.5794658660888672, 13612
0.5794658660888672, 13611
0.5794658660888672, 13610
0.5794658660888672, 13609
0.5794658660888672, 13608
0.5804662704467773, 13607
0.5804662704467773, 13606
0.5804662704467773, 13605
0.5804662704467773, 13604
0.5804662704467773, 13603
0.5804662704467773, 13602
0.5804662704467773, 13601
0.5804662704467773, 13600
0.5804662704467773, 13599
0.5804662704467773, 13598
0.5804662704467773, 13597
0.5804662704467773, 13596
0.5804662704467773, 13595
0.5804662704467773, 13594
0.5804662704467773, 13593
0.5814661979675293, 13592
0.5814661979675293, 13591
0.5814661979675293, 13590
0.5814661979675293, 13589
0.5814661979675293, 13588
0.5814661979675293, 13587
0.5814661979675293, 13586
0.5814661979675293, 13585
0.5814661979675293, 13584
1.8343026638031006, 13583
1.8343026638031006, 13582
1.8343026638031006, 13581
1.8343026638031006, 13580
1.8343026638031006, 13579
1.8343026638031006, 13578
1.8353023529052734, 13577
1.8353023529052734, 13576
1.8353023529052734, 13575
1.8353023529052734, 13574
1.8353023529052734, 13573
1.8353023529052734, 13572
1.8353023529052734, 13571
1.8353023529052734, 13570
1.8353023529052734, 13569
1.8353023529052734, 13568
1.8353023529052734, 13567
1.8353023529052734, 13566
1.8353023529052734, 13565
1.8353023529052734, 13564
1.8353023529052734, 13563
1.836301565170288, 13562
1.836301565170288, 13561
1.836301565170288, 13560
1.836301565170288, 13559
1.836301565170288, 13558
1.836301565170288, 13557
1.836301565170288, 13556
1.836301565170288, 13555
1.836301565170288, 13554
1.836301565170288, 13553
1.836301565170288, 13552
1.836301565170288, 13551
1.836301565170288, 13550
1.836301565170288, 13549
1.8373022079467773, 13548
1.8373022079467773, 13547
1.8373022079467773, 13546
1.8373022079467773, 13545
1.8373022079467773, 13544
1.8373022079467773, 13543
1.8373022079467773, 13542
1.8373022079467773, 13541
1.8373022079467773, 13540
1.8373022079467773, 13539
1.8373022079467773, 13538
1.8373022079467773, 13537
1.8373022079467773, 13536
1.8373022079467773, 13535
1.838301658630371, 13534
1.838301658630371, 13533
1.838301658630371, 13532
1.838301658630371, 13531
1.838301658630371, 13530
1.838301658630371, 13529
1.838301658630371, 13528
1.838301658630371, 13527
1.838301658630371, 13526
1.838301658630371, 13525
1.838301658630371, 13524
1.838301658630371, 13523
1.838301658630371, 13522
1.838301658630371, 13521
1.838301658630371, 13520
1.8393020629882812, 13519
1.8393020629882812, 13518
1.8393020629882812, 13517
1.8393020629882812, 13516
1.8393020629882812, 13515
1.8393020629882812, 13514
1.8393020629882812, 13513
1.8393020629882812, 13512
1.8393020629882812, 13511
1.8393020629882812, 13510
1.8393020629882812, 13509
1.8393020629882812, 13508
1.8393020629882812, 13507
1.8403024673461914, 13506
1.840409517288208, 13505
1.840409517288208, 13504
1.840409517288208, 13503
1.840409517288208, 13502
1.840409517288208, 13501
1.840409517288208, 13500
1.840409517288208, 13499
1.840409517288208, 13498
1.840409517288208, 13497
1.840409517288208, 13496
1.8413028717041016, 13495
1.8413028717041016, 13494
1.8413028717041016, 13493
1.8413028717041016, 13492
1.8413028717041016, 13491
1.8413028717041016, 13490
1.8413028717041016, 13489
1.8413028717041016, 13488
1.8413028717041016, 13487
1.8413028717041016, 13486
1.8413028717041016, 13485
1.8413028717041016, 13484
1.842301607131958, 13483
1.842301607131958, 13482
1.842301607131958, 13481
1.842301607131958, 13480
1.842301607131958, 13479
1.842301607131958, 13478
1.842301607131958, 13477
1.842301607131958, 13476
1.842301607131958, 13475
1.842301607131958, 13474
1.842301607131958, 13473
1.842301607131958, 13472
1.842301607131958, 13471
1.842301607131958, 13470
1.8433008193969727, 13469
1.8433008193969727, 13468
1.8433008193969727, 13467
2.720128297805786, 13466
2.720128297805786, 13465
2.72112774848938, 13464
2.72112774848938, 13463
2.72112774848938, 13462
2.72112774848938, 13461
2.72112774848938, 13460
2.72112774848938, 13459
2.72112774848938, 13458
2.72112774848938, 13457
2.721759080886841, 13456
2.721759080886841, 13455
2.721759080886841, 13454
2.721759080886841, 13453
2.721759080886841, 13452
2.721759080886841, 13451
2.722128391265869, 13450
2.722219944000244, 13449
2.722219944000244, 13448
2.722219944000244, 13447
2.722219944000244, 13446
2.722219944000244, 13445
2.722219944000244, 13444
2.722219944000244, 13443
2.722219944000244, 13442
2.722219944000244, 13441
2.722219944000244, 13440
2.722219944000244, 13439
2.722219944000244, 13438
2.722219944000244, 13437
2.7231285572052, 13436
2.7231285572052, 13435
2.7231285572052, 13434
2.7231285572052, 13433
2.7231285572052, 13432
2.7231285572052, 13431
2.7231285572052, 13430
2.7231285572052, 13429
2.7231285572052, 13428
2.7231285572052, 13427
2.7231285572052, 13426
2.7231285572052, 13425
2.7231285572052, 13424
2.7231285572052, 13423
2.7231285572052, 13422
2.724128007888794, 13421
2.724128007888794, 13420
2.724128007888794, 13419
2.724128007888794, 13418
2.724128007888794, 13417
2.724128007888794, 13416
2.724128007888794, 13415
2.724128007888794, 13414
2.724128007888794, 13413
2.724128007888794, 13412
2.724128007888794, 13411
2.724128007888794, 13410
2.724128007888794, 13409
2.724128007888794, 13408
2.725128650665283, 13407
2.725128650665283, 13406
2.725285053253174, 13405
2.725285053253174, 13404
2.725285053253174, 13403
2.725285053253174, 13402
2.725285053253174, 13401
2.725285053253174, 13400
2.725285053253174, 13399
2.725285053253174, 13398
2.725285053253174, 13397
2.725285053253174, 13396
2.725285053253174, 13395
2.725285053253174, 13394
2.726128339767456, 13393
2.726128339767456, 13392
2.726128339767456, 13391
2.726128339767456, 13390
2.726128339767456, 13389
2.726128339767456, 13388
2.726128339767456, 13387
2.726128339767456, 13386
2.726128339767456, 13385
2.726128339767456, 13384
2.726128339767456, 13383
2.726128339767456, 13382
2.726128339767456, 13381
2.726128339767456, 13380
2.7271275520324707, 13379
2.7271275520324707, 13378
2.7271275520324707, 13377
2.7271275520324707, 13376
2.7271275520324707, 13375
2.7271275520324707, 13374
2.7271275520324707, 13373
2.7271275520324707, 13372
2.7271275520324707, 13371
2.7277653217315674, 13370
2.7277653217315674, 13369
2.7277653217315674, 13368
2.7277653217315674, 13367
2.7277653217315674, 13366
2.72812819480896, 13365
2.72812819480896, 13364
2.7282497882843018, 13363
2.7282497882843018, 13362
2.7282497882843018, 13361
2.7282497882843018, 13360
2.7282497882843018, 13359
2.7282497882843018, 13358
2.7282497882843018, 13357
2.7282497882843018, 13356
2.7282497882843018, 13355
2.7282497882843018, 13354
2.7282497882843018, 13353
2.7282497882843018, 13352
2.7282497882843018, 13351
2.72912859916687, 13350
2.72912859916687, 13349
2.72912859916687, 13348
2.72912859916687, 13347
2.72912859916687, 13346
2.72912859916687, 13345
2.72912859916687, 13344
2.72912859916687, 13343
2.72912859916687, 13342
2.72912859916687, 13341
2.72912859916687, 13340
2.72912859916687, 13339
2.72912859916687, 13338
2.72912859916687, 13337
2.730128288269043, 13336
2.730128288269043, 13335
2.730128288269043, 13334
2.730128288269043, 13333
2.730128288269043, 13332
2.730128288269043, 13331
2.730128288269043, 13330
2.730128288269043, 13329
2.730128288269043, 13328
2.730128288269043, 13327
2.730128288269043, 13326
2.730128288269043, 13325
2.730128288269043, 13324
2.730128288269043, 13323
2.730128288269043, 13322
2.7311291694641113, 13321
2.7311291694641113, 13320
2.7311291694641113, 13319
2.7311291694641113, 13318
2.7311291694641113, 13317
2.7311291694641113, 13316
2.7311291694641113, 13315
2.7311291694641113, 13314
2.7311291694641113, 13313
2.7311291694641113, 13312
2.7311291694641113, 13311
2.7311291694641113, 13310
2.7311291694641113, 13309
2.7311291694641113, 13308
2.7321279048919678, 13307
2.7321279048919678, 13306
2.732266426086426, 13305
2.732266426086426, 13304
2.732266426086426, 13303
2.732266426086426, 13302
2.732266426086426, 13301
2.732266426086426, 13300
2.732266426086426, 13299
2.732266426086426, 13298
2.732266426086426, 13297
2.732266426086426, 13296
2.732266426086426, 13295
2.733128547668457, 13294
2.733128547668457, 13293
2.733128547668457, 13292
2.733128547668457, 13291
2.733128547668457, 13290
2.733128547668457, 13289
2.733128547668457, 13288
2.733128547668457, 13287
2.733128547668457, 13286
2.733128547668457, 13285
2.733128547668457, 13284
2.733128547668457, 13283
2.733128547668457, 13282
2.733128547668457, 13281
2.733128547668457, 13280
2.7341291904449463, 13279
2.7341291904449463, 13278
2.7341291904449463, 13277
2.7341291904449463, 13276
2.7341291904449463, 13275
2.7341291904449463, 13274
2.7341291904449463, 13273
2.7341291904449463, 13272
2.7341291904449463, 13271
2.7341291904449463, 13270
2.7341291904449463, 13269
2.7341291904449463, 13268
2.7341291904449463, 13267
2.7341291904449463, 13266
2.735130548477173, 13265
2.735130548477173, 13264
2.735130548477173, 13263
2.735130548477173, 13262
2.735130548477173, 13261
2.735130548477173, 13260
2.735130548477173, 13259
2.735130548477173, 13258
2.735130548477173, 13257
2.735130548477173, 13256
2.735130548477173, 13255
2.735130548477173, 13254
2.735130548477173, 13253
2.735130548477173, 13252
2.736128807067871, 13251
2.736128807067871, 13250
2.736128807067871, 13249
2.736128807067871, 13248
2.736128807067871, 13247
2.736128807067871, 13246
4.715285062789917, 13245
4.715285062789917, 13244
4.715285062789917, 13243
4.715285062789917, 13242
4.715285062789917, 13241
4.715285062789917, 13240
4.716283798217773, 13239
4.716283798217773, 13238
4.716283798217773, 13237
4.716283798217773, 13236
4.716283798217773, 13235
4.716283798217773, 13234
4.716283798217773, 13233
4.716283798217773, 13232
4.716283798217773, 13231
4.716283798217773, 13230
4.716283798217773, 13229
4.716283798217773, 13228
4.716283798217773, 13227
4.716283798217773, 13226
4.717283487319946, 13225
4.717283487319946, 13224
4.717283487319946, 13223
4.717283487319946, 13222
4.717283487319946, 13221
4.717283487319946, 13220
4.717283487319946, 13219
4.717754125595093, 13218
4.717754125595093, 13217
4.717754125595093, 13216
4.717754125595093, 13215
4.717754125595093, 13214
4.717754125595093, 13213
4.717754125595093, 13212
4.718284368515015, 13211
4.718284368515015, 13210
4.718284368515015, 13209
4.718284368515015, 13208
4.718284368515015, 13207
4.718284368515015, 13206
4.718284368515015, 13205
4.718284368515015, 13204
4.718284368515015, 13203
4.718284368515015, 13202
4.718284368515015, 13201
4.718284368515015, 13200
4.718284368515015, 13199
4.718284368515015, 13198
4.718284368515015, 13197
4.719284534454346, 13196
4.719284534454346, 13195
4.719284534454346, 13194
4.719284534454346, 13193
4.719284534454346, 13192
4.719284534454346, 13191
4.719284534454346, 13190
4.719284534454346, 13189
4.719284534454346, 13188
4.719284534454346, 13187
4.719284534454346, 13186
4.719284534454346, 13185
4.719284534454346, 13184
4.719284534454346, 13183
4.7202842235565186, 13182
4.7202842235565186, 13181
4.7202842235565186, 13180
4.7202842235565186, 13179
4.7202842235565186, 13178
4.7202842235565186, 13177
4.7202842235565186, 13176
4.720760345458984, 13175
4.720760345458984, 13174
4.720760345458984, 13173
4.720760345458984, 13172
4.720760345458984, 13171
4.720760345458984, 13170
4.720760345458984, 13169
4.7212841510772705, 13168
4.7212841510772705, 13167
4.7212841510772705, 13166
4.7212841510772705, 13165
4.7212841510772705, 13164
4.7212841510772705, 13163
4.7212841510772705, 13162
4.7212841510772705, 13161
4.7212841510772705, 13160
4.7212841510772705, 13159
4.7212841510772705, 13158
4.7212841510772705, 13157
4.7212841510772705, 13156
4.7212841510772705, 13155
4.7222654819488525, 13154
4.7222654819488525, 13153
4.7222654819488525, 13152
4.7222654819488525, 13151
4.7222654819488525, 13150
4.7222654819488525, 13149
4.7222654819488525, 13148
4.7222654819488525, 13147
4.7222654819488525, 13146
4.7222654819488525, 13145
4.7222654819488525, 13144
4.7222654819488525, 13143
4.7222654819488525, 13142
4.7222654819488525, 13141
4.7222654819488525, 13140
4.723284006118774, 13139
4.723284006118774, 13138
4.723284006118774, 13137
4.723284006118774, 13136
4.723284006118774, 13135
4.723284006118774, 13134
4.723284006118774, 13133
4.723284006118774, 13132
4.723284006118774, 13131
4.723284006118774, 13130
4.723284006118774, 13129
4.723284006118774, 13128
4.723284006118774, 13127
4.723284006118774, 13126
4.724284410476685, 13125
4.724284410476685, 13124
4.724284410476685, 13123
4.724284410476685, 13122
4.724284410476685, 13121
4.724284410476685, 13120
4.724284410476685, 13119
4.724284410476685, 13118
4.724284410476685, 13117
4.724284410476685, 13116
4.724284410476685, 13115
4.724284410476685, 13114
4.725143194198608, 13113
4.725143194198608, 13112
4.725143194198608, 13111
4.725143194198608, 13110
4.725143194198608, 13109
4.725143194198608, 13108
4.725143194198608, 13107
4.725143194198608, 13106
4.725143194198608, 13105
4.725143194198608, 13104
4.725143194198608, 13103
4.725143194198608, 13102
4.725143194198608, 13101
4.725143194198608, 13100
4.726149797439575, 13099
4.726149797439575, 13098
4.726149797439575, 13097
4.726149797439575, 13096
4.726149797439575, 13095
4.726149797439575, 13094
4.726149797439575, 13093
4.726149797439575, 13092
4.726149797439575, 13091
4.726149797439575, 13090
4.726149797439575, 13089
4.726149797439575, 13088
4.726149797439575, 13087
4.726149797439575, 13086
4.727151155471802, 13085
4.727151155471802, 13084
4.727151155471802, 13083
4.727151155471802, 13082
4.727151155471802, 13081
4.727151155471802, 13080
4.727151155471802, 13079
4.727151155471802, 13078
4.727151155471802, 13077
4.727151155471802, 13076
4.727151155471802, 13075
4.727151155471802, 13074
4.727151155471802, 13073
4.727151155471802, 13072
4.728149890899658, 13071
4.728149890899658, 13070
4.728149890899658, 13069
4.728149890899658, 13068
4.728149890899658, 13067
4.728149890899658, 13066
4.728149890899658, 13065
4.728149890899658, 13064
4.728149890899658, 13063
4.728149890899658, 13062
4.728149890899658, 13061
4.728149890899658, 13060
4.728149890899658, 13059
4.728149890899658, 13058
4.729149341583252, 13057
4.729149341583252, 13056
4.729149341583252, 13055
4.729149341583252, 13054
4.729149341583252, 13053
5.977184057235718, 13052
5.977184057235718, 13051
9.164190530776978, 12822
9.164190530776978, 12821
9.164190530776978, 12812
9.164190530776978, 12811
9.164190530776978, 12810
9.164190530776978, 12809
9.164190530776978, 12808
9.164190530776978, 12807
9.164190530776978, 12806
9.164190530776978, 12805
9.165191173553467, 12804
9.165191173553467, 12803
9.165191173553467, 12802
9.165191173553467, 12801
9.165191173553467, 12800
9.165191173553467, 12799
9.165191173553467, 12798
9.165191173553467, 12797
9.165191173553467, 12796
9.165191173553467, 12795
9.165191173553467, 12794
9.165191173553467, 12793
9.165191173553467, 12792
9.165191173553467, 12791
9.166190385818481, 12790
9.166190385818481, 12789
9.166190385818481, 12788
9.166190385818481, 12787
9.166190385818481, 12786
9.166190385818481, 12785
9.166190385818481, 12784
9.166190385818481, 12783
9.166190385818481, 12782
9.166190385818481, 12781
9.166190385818481, 12780
9.166190385818481, 12779
9.166190385818481, 12778
9.167190313339233, 12777
9.167190313339233, 12776
9.167190313339233, 12775
9.167190313339233, 12774
9.167190313339233, 12773
9.167190313339233, 12772
9.167190313339233, 12771
9.167190313339233, 12770
9.167190313339233, 12769
9.167190313339233, 12768
9.167190313339233, 12767
9.167190313339233, 12766
9.167190313339233, 12765
9.167190313339233, 12764
9.168190717697144, 12763
9.168190717697144, 12762
9.168190717697144, 12761
9.168190717697144, 12760
9.168190717697144, 12759
9.168190717697144, 12758
9.168190717697144, 12757
9.168190717697144, 12756
9.168190717697144, 12755
9.168190717697144, 12754
9.168190717697144, 12753
9.168190717697144, 12752
9.169191122055054, 12751
9.169191122055054, 12750
9.169191122055054, 12749
9.169191122055054, 12748
9.169191122055054, 12747
9.169191122055054, 12746
9.169191122055054, 12745
9.169191122055054, 12744
9.169191122055054, 12743
9.169191122055054, 12742
9.169191122055054, 12741
9.169191122055054, 12740
9.169191122055054, 12739
9.170190334320068, 12738
9.170190334320068, 12737
9.170190334320068, 12736
9.170190334320068, 12735
9.170190334320068, 12734
9.170190334320068, 12733
9.170190334320068, 12732
9.170190334320068, 12731
9.170190334320068, 12730
9.170190334320068, 12729
9.170190334320068, 12728
9.170190334320068, 12727
9.170190334320068, 12726
9.170190334320068, 12725
9.171191215515137, 12724
9.171191215515137, 12723
9.171191215515137, 12722
9.171191215515137, 12721
9.171191215515137, 12720
9.171191215515137, 12719
9.171191215515137, 12718
9.171191215515137, 12717
9.171191215515137, 12716
9.171191215515137, 12715
9.171191215515137, 12714
9.171191215515137, 12713
9.171191215515137, 12712
9.171191215515137, 12711
9.17219066619873, 12710
9.17219066619873, 12709
9.17219066619873, 12708
9.17219066619873, 12707
9.17219066619873, 12706
9.17219066619873, 12705
9.17219066619873, 12704
9.17219066619873, 12703
9.17219066619873, 12702
9.17219066619873, 12701
9.17219066619873, 12700
9.17219066619873, 12699
9.17219066619873, 12698
9.17219066619873, 12697
9.17219066619873, 12696
9.173190116882324, 12695
9.173190116882324, 12694
9.173190116882324, 12693
9.173190116882324, 12692
9.173190116882324, 12691
9.173190116882324, 12690
9.173190116882324, 12689
9.173190116882324, 12688
9.173190116882324, 12687
9.173190116882324, 12686
9.173190116882324, 12685
9.173190116882324, 12684
9.173190116882324, 12683
9.173190116882324, 12682
9.174190282821655, 12681
9.174190282821655, 12680
9.174190282821655, 12679
9.174190282821655, 12678
9.174190282821655, 12677
9.174190282821655, 12676
9.174190282821655, 12675
9.174190282821655, 12674
9.174190282821655, 12673
9.174190282821655, 12672
9.174190282821655, 12671
9.174190282821655, 12670
9.174190282821655, 12669
9.174190282821655, 12668
9.175224304199219, 12667
9.175224304199219, 12666
9.175224304199219, 12665
9.175224304199219, 12664
9.175224304199219, 12663
9.175224304199219, 12662
9.175224304199219, 12661
9.175224304199219, 12660
9.175758838653564, 12659
9.175758838653564, 12658
9.175758838653564, 12657
9.175758838653564, 12656
9.175758838653564, 12655
9.175758838653564, 12654
9.17622447013855, 12653
9.17622447013855, 12652
9.17622447013855, 12651
9.17622447013855, 12650
9.17622447013855, 12649
9.17622447013855, 12648
9.17622447013855, 12647
9.17622447013855, 12646
9.17622447013855, 12645
9.17622447013855, 12644
9.17622447013855, 12643
9.17622447013855, 12642
9.17622447013855, 12641
9.17622447013855, 12640
9.177224397659302, 12639
9.177224397659302, 12638
9.177224397659302, 12637
9.177224397659302, 12636
9.177224397659302, 12635
9.177224397659302, 12634
9.177224397659302, 12633
9.177224397659302, 12632
9.177224397659302, 12631
9.177224397659302, 12630
9.177224397659302, 12629
9.177224397659302, 12628
