0.17586922645568848, 14063
0.17586922645568848, 14062
0.17586922645568848, 14061
0.17586922645568848, 14060
0.17586922645568848, 14059
0.17586922645568848, 14058
0.17586922645568848, 14057
0.17586922645568848, 14056
0.1769564151763916, 14055
0.1769564151763916, 14054
0.1769564151763916, 14053
0.1769564151763916, 14052
0.1769564151763916, 14051
0.1769564151763916, 14050
0.1769564151763916, 14049
0.1769564151763916, 14048
0.1769564151763916, 14047
0.1769564151763916, 14046
0.1769564151763916, 14045
0.1769564151763916, 14044
0.1769564151763916, 14043
0.1769564151763916, 14042
0.1769564151763916, 14041
0.17790913581848145, 14040
0.17790913581848145, 14039
0.17790913581848145, 14038
0.17790913581848145, 14037
0.17790913581848145, 14036
0.17790913581848145, 14035
0.17790913581848145, 14034
0.17790913581848145, 14033
0.17790913581848145, 14032
0.17790913581848145, 14031
0.17790913581848145, 14030
0.17790913581848145, 14029
0.17790913581848145, 14028
0.17790913581848145, 14027
0.1789083480834961, 14026
0.1789083480834961, 14025
0.1789083480834961, 14024
0.1789083480834961, 14023
0.1789083480834961, 14022
0.1789083480834961, 14021
0.1789083480834961, 14020
0.1789083480834961, 14019
0.1789083480834961, 14018
0.1789083480834961, 14017
0.1789083480834961, 14016
0.1789083480834961, 14015
0.1789083480834961, 14014
0.1789083480834961, 14013
0.1789083480834961, 14012
0.1789083480834961, 14011
0.1799790859222412, 14010
0.1799790859222412, 14009
0.1799790859222412, 14008
0.1799790859222412, 14007
0.1799790859222412, 14006
0.1799790859222412, 14005
0.1799790859222412, 14004
0.1799790859222412, 14003
0.1799790859222412, 14002
0.1799790859222412, 14001
0.1799790859222412, 14000
0.1809232234954834, 13999
0.1809232234954834, 13998
0.1809232234954834, 13997
0.1809232234954834, 13996
0.1809232234954834, 13995
0.1809232234954834, 13994
0.1809232234954834, 13993
0.1809232234954834, 13992
0.1809232234954834, 13991
0.1809232234954834, 13990
0.1809232234954834, 13989
0.1809232234954834, 13988
0.1809232234954834, 13987
0.1809232234954834, 13986
0.18192291259765625, 13985
0.18192291259765625, 13984
0.18192291259765625, 13983
0.18192291259765625, 13982
0.18192291259765625, 13981
0.18192291259765625, 13980
0.18192291259765625, 13979
0.18192291259765625, 13978
0.18192291259765625, 13977
0.18192291259765625, 13976
0.18192291259765625, 13975
0.18192291259765625, 13974
0.18192291259765625, 13973
0.18192291259765625, 13972
0.18192291259765625, 13971
0.18291950225830078, 13970
0.18291950225830078, 13969
0.18291950225830078, 13968
0.18291950225830078, 13967
0.18291950225830078, 13966
0.18291950225830078, 13965
0.18291950225830078, 13964
0.18291950225830078, 13963
0.18291950225830078, 13962
0.18291950225830078, 13961
0.18291950225830078, 13960
0.18291950225830078, 13959
0.18291950225830078, 13958
0.18291950225830078, 13957
0.18391704559326172, 13956
0.18391704559326172, 13955
0.18391704559326172, 13954
0.18391704559326172, 13953
0.18391704559326172, 13952
0.18391704559326172, 13951
0.18391704559326172, 13950
0.18391704559326172, 13949
0.18391704559326172, 13948
0.18391704559326172, 13947
0.18391704559326172, 13946
0.18391704559326172, 13945
0.18391704559326172, 13944
0.18391704559326172, 13943
0.18391704559326172, 13942
0.18491888046264648, 13941
0.18491888046264648, 13940
0.18491888046264648, 13939
0.18491888046264648, 13938
0.18491888046264648, 13937
0.18491888046264648, 13936
0.18491888046264648, 13935
0.18491888046264648, 13934
0.18491888046264648, 13933
0.18491888046264648, 13932
0.18491888046264648, 13931
0.18491888046264648, 13930
0.18491888046264648, 13929
0.18491888046264648, 13928
0.18491888046264648, 13927
0.18591809272766113, 13926
0.18591809272766113, 13925
0.18591809272766113, 13924
0.18591809272766113, 13923
0.18591809272766113, 13922
0.18591809272766113, 13921
0.18591809272766113, 13920
0.18591809272766113, 13919
0.18591809272766113, 13918
0.18591809272766113, 13917
0.18591809272766113, 13916
0.18591809272766113, 13915
0.18591809272766113, 13914
0.18591809272766113, 13913
0.18591809272766113, 13912
0.18691706657409668, 13911
0.18691706657409668, 13910
0.18691706657409668, 13909
0.18691706657409668, 13908
0.18691706657409668, 13907
0.18691706657409668, 13906
0.18691706657409668, 13905
0.18691706657409668, 13904
0.18691706657409668, 13903
0.18691706657409668, 13902
0.18691706657409668, 13901
0.18691706657409668, 13900
0.18691706657409668, 13899
0.18779659271240234, 13898
0.18779659271240234, 13897
0.18795084953308105, 13896
0.18795084953308105, 13895
0.18795084953308105, 13894
0.18795084953308105, 13893
0.18795084953308105, 13892
0.18795084953308105, 13891
0.18795084953308105, 13890
0.18795084953308105, 13889
0.18795084953308105, 13888
0.18795084953308105, 13887
0.18795084953308105, 13886
0.18795084953308105, 13885
0.18795084953308105, 13884
0.1889500617980957, 13883
0.1889500617980957, 13882
0.1889500617980957, 13881
0.1889500617980957, 13880
0.1889500617980957, 13879
0.1889500617980957, 13878
0.1889500617980957, 13877
0.1889500617980957, 13876
0.1889500617980957, 13875
0.1889500617980957, 13874
0.1889500617980957, 13873
0.1889500617980957, 13872
0.1889500617980957, 13871
0.1889500617980957, 13870
0.1889500617980957, 13869
0.18995141983032227, 13868
0.18995141983032227, 13867
0.18995141983032227, 13866
0.18995141983032227, 13865
0.18995141983032227, 13864
0.18995141983032227, 13863
0.18995141983032227, 13862
0.18995141983032227, 13861
0.18995141983032227, 13860
0.18995141983032227, 13859
0.18995141983032227, 13858
0.18995141983032227, 13857
0.18995141983032227, 13856
0.18995141983032227, 13855
0.18995141983032227, 13854
0.1909501552581787, 13853
0.1909501552581787, 13852
0.1909501552581787, 13851
0.1909501552581787, 13850
0.1909501552581787, 13849
0.1909501552581787, 13848
0.1909501552581787, 13847
0.1909501552581787, 13846
0.1909501552581787, 13845
0.1909501552581787, 13844
0.1909501552581787, 13843
0.1909501552581787, 13842
0.19195175170898438, 13841
0.19195175170898438, 13840
0.19195175170898438, 13839
0.19195175170898438, 13838
0.19195175170898438, 13837
0.19195175170898438, 13836
0.19195175170898438, 13835
0.19195175170898438, 13834
0.19195175170898438, 13833
0.19195175170898438, 13832
0.19195175170898438, 13831
0.19195175170898438, 13830
0.19195175170898438, 13829
0.19295024871826172, 13828
0.19295024871826172, 13827
0.19295024871826172, 13826
0.19295024871826172, 13825
0.19295024871826172, 13824
0.19295024871826172, 13823
0.19295024871826172, 13822
0.19295024871826172, 13821
0.19295024871826172, 13820
0.19295024871826172, 13819
0.19295024871826172, 13818
0.19295024871826172, 13817
0.19295024871826172, 13816
0.19295024871826172, 13815
0.19394969940185547, 13814
0.19394969940185547, 13813
0.19394969940185547, 13812
0.19394969940185547, 13811
0.19394969940185547, 13810
0.19394969940185547, 13809
0.19394969940185547, 13808
0.19394969940185547, 13807
0.19394969940185547, 13806
0.19394969940185547, 13805
0.19394969940185547, 13804
0.19394969940185547, 13803
0.19394969940185547, 13802
0.19394969940185547, 13801
0.19495487213134766, 13800
0.19495487213134766, 13799
0.19495487213134766, 13798
0.19495487213134766, 13797
0.19495487213134766, 13796
0.19495487213134766, 13795
0.19495487213134766, 13794
0.19495487213134766, 13793
0.19495487213134766, 13792
0.19495487213134766, 13791
0.19495487213134766, 13790
0.19495487213134766, 13789
0.19495487213134766, 13788
0.19495487213134766, 13787
0.19495487213134766, 13786
0.1959517002105713, 13785
0.1960303783416748, 13784
0.1960303783416748, 13783
0.1960303783416748, 13782
0.1960303783416748, 13781
0.1960303783416748, 13780
0.1960303783416748, 13779
0.1960303783416748, 13778
0.1960303783416748, 13777
0.1960303783416748, 13776
0.19695091247558594, 13775
0.19695091247558594, 13774
0.19695091247558594, 13773
0.19695091247558594, 13772
0.19695091247558594, 13771
0.19695091247558594, 13770
0.19695091247558594, 13769
0.19695091247558594, 13768
0.19695091247558594, 13767
0.19695091247558594, 13766
0.19695091247558594, 13765
0.19695091247558594, 13764
0.1979520320892334, 13763
0.1979520320892334, 13762
0.1979520320892334, 13761
0.1979520320892334, 13760
0.1979520320892334, 13759
0.1979520320892334, 13758
0.1979520320892334, 13757
0.1979520320892334, 13756
0.1979520320892334, 13755
0.1979520320892334, 13754
0.1979520320892334, 13753
0.1979520320892334, 13752
0.1979520320892334, 13751
0.19895076751708984, 13750
0.19895076751708984, 13749
0.19895076751708984, 13748
0.19895076751708984, 13747
0.19895076751708984, 13746
0.19895076751708984, 13745
0.19895076751708984, 13744
0.19895076751708984, 13743
0.19895076751708984, 13742
0.19895076751708984, 13741
0.19895076751708984, 13740
0.19895076751708984, 13739
0.19895076751708984, 13738
0.1999502182006836, 13737
0.1999502182006836, 13736
0.1999502182006836, 13735
0.1999502182006836, 13734
0.1999502182006836, 13733
0.1999502182006836, 13732
0.1999502182006836, 13731
0.1999502182006836, 13730
0.1999502182006836, 13729
0.1999502182006836, 13728
0.20095014572143555, 13727
0.20095014572143555, 13726
0.20095014572143555, 13725
0.20095014572143555, 13724
0.20095014572143555, 13723
0.20095014572143555, 13722
0.20141363143920898, 13721
0.20141363143920898, 13720
0.20141363143920898, 13719
0.20141363143920898, 13718
0.20141363143920898, 13717
0.20141363143920898, 13716
0.20141363143920898, 13715
0.20141363143920898, 13714
0.2019507884979248, 13713
0.2019507884979248, 13712
0.2019507884979248, 13711
0.2019507884979248, 13710
0.2019507884979248, 13709
0.2019507884979248, 13708
0.2019507884979248, 13707
0.2019507884979248, 13706
0.2019507884979248, 13705
0.2019507884979248, 13704
0.2019507884979248, 13703
0.2019507884979248, 13702
0.2019507884979248, 13701
0.2019507884979248, 13700
0.2019507884979248, 13699
0.20295000076293945, 13698
0.20295000076293945, 13697
0.20295000076293945, 13696
0.20295000076293945, 13695
0.20295000076293945, 13694
0.20295000076293945, 13693
0.20295000076293945, 13692
0.20295000076293945, 13691
0.20295000076293945, 13690
0.20295000076293945, 13689
0.20295000076293945, 13688
0.20295000076293945, 13687
0.20295000076293945, 13686
0.20295000076293945, 13685
0.2039499282836914, 13684
0.2039499282836914, 13683
0.2039499282836914, 13682
0.2039499282836914, 13681
0.2039499282836914, 13680
0.2039499282836914, 13679
0.2039499282836914, 13678
0.2039499282836914, 13677
0.2039499282836914, 13676
0.2039499282836914, 13675
0.2039499282836914, 13674
0.2039499282836914, 13673
0.2039499282836914, 13672
0.20495057106018066, 13671
0.20495057106018066, 13670
0.20495057106018066, 13669
0.20495057106018066, 13668
0.20495057106018066, 13667
0.20495057106018066, 13666
0.20495057106018066, 13665
0.20495057106018066, 13664
0.20495057106018066, 13663
0.20495057106018066, 13662
0.20495057106018066, 13661
0.20495057106018066, 13660
0.20495057106018066, 13659
0.20495057106018066, 13658
0.20595026016235352, 13657
0.20595026016235352, 13656
0.20595026016235352, 13655
0.20595026016235352, 13654
0.20595026016235352, 13653
0.20595026016235352, 13652
0.20595026016235352, 13651
0.20595026016235352, 13650
0.20595026016235352, 13649
0.20595026016235352, 13648
0.20595026016235352, 13647
0.20595026016235352, 13646
0.20595026016235352, 13645
0.20595026016235352, 13644
0.20695018768310547, 13643
0.20695018768310547, 13642
0.20695018768310547, 13641
0.20695018768310547, 13640
0.20695018768310547, 13639
0.20695018768310547, 13638
0.20695018768310547, 13637
0.20695018768310547, 13636
0.20695018768310547, 13635
0.20695018768310547, 13634
0.20695018768310547, 13633
0.20695018768310547, 13632
0.20695018768310547, 13631
0.20695018768310547, 13630
0.20795059204101562, 13629
0.20795059204101562, 13628
0.20795059204101562, 13627
0.20795059204101562, 13626
0.20795059204101562, 13625
0.20795059204101562, 13624
0.20795059204101562, 13623
0.20795059204101562, 13622
0.20795059204101562, 13621
0.20795059204101562, 13620
0.20795059204101562, 13619
0.20795059204101562, 13618
0.20795059204101562, 13617
0.20795059204101562, 13616
0.20894980430603027, 13615
0.20894980430603027, 13614
0.20894980430603027, 13613
0.20894980430603027, 13612
0.20894980430603027, 13611
0.20894980430603027, 13610
0.20894980430603027, 13609
0.20894980430603027, 13608
0.20894980430603027, 13607
0.20894980430603027, 13606
0.20894980430603027, 13605
0.20894980430603027, 13604
0.20894980430603027, 13603
0.20894980430603027, 13602
0.20994973182678223, 13601
0.20994973182678223, 13600
0.20994973182678223, 13599
0.20994973182678223, 13598
0.20994973182678223, 13597
0.20994973182678223, 13596
0.20994973182678223, 13595
0.20994973182678223, 13594
0.20994973182678223, 13593
0.20994973182678223, 13592
0.20994973182678223, 13591
0.20994973182678223, 13590
0.20994973182678223, 13589
0.20994973182678223, 13588
0.21094989776611328, 13587
0.21094989776611328, 13586
0.21094989776611328, 13585
0.21094989776611328, 13584
0.21094989776611328, 13583
0.21094989776611328, 13582
0.21094989776611328, 13581
0.21094989776611328, 13580
0.21094989776611328, 13579
0.21094989776611328, 13578
0.21094989776611328, 13577
0.21094989776611328, 13576
0.21094989776611328, 13575
0.21094989776611328, 13574
0.21194982528686523, 13573
0.2120809555053711, 13572
0.2120809555053711, 13571
0.2120809555053711, 13570
0.2120809555053711, 13569
0.2120809555053711, 13568
0.2120809555053711, 13567
0.2120809555053711, 13566
0.2120809555053711, 13565
0.2120809555053711, 13564
0.2120809555053711, 13563
0.2120809555053711, 13562
0.2120809555053711, 13561
0.2120809555053711, 13560
0.2129507064819336, 13559
0.2129507064819336, 13558
0.2129507064819336, 13557
0.2129507064819336, 13556
0.2129507064819336, 13555
0.2129507064819336, 13554
0.2129507064819336, 13553
0.2129507064819336, 13552
0.2129507064819336, 13551
0.2129507064819336, 13550
0.2129507064819336, 13549
0.2129507064819336, 13548
0.2129507064819336, 13547
0.2129507064819336, 13546
0.21395063400268555, 13545
0.21395063400268555, 13544
0.21395063400268555, 13543
0.21395063400268555, 13542
0.21395063400268555, 13541
0.21395063400268555, 13540
0.21395063400268555, 13539
0.21395063400268555, 13538
0.21395063400268555, 13537
0.21395063400268555, 13536
0.21395063400268555, 13535
0.21395063400268555, 13534
0.21395063400268555, 13533
0.21395063400268555, 13532
0.2149522304534912, 13531
0.2149522304534912, 13530
0.2149522304534912, 13529
0.2149522304534912, 13528
0.2149522304534912, 13527
0.2149522304534912, 13526
0.2149522304534912, 13525
0.2149522304534912, 13524
0.2149522304534912, 13523
0.2149522304534912, 13522
0.2149522304534912, 13521
0.2149522304534912, 13520
0.2149522304534912, 13519
0.2149522304534912, 13518
0.21595120429992676, 13517
0.21595120429992676, 13516
0.21595120429992676, 13515
0.21595120429992676, 13514
0.21595120429992676, 13513
0.21595120429992676, 13512
0.21595120429992676, 13511
0.21595120429992676, 13510
0.21595120429992676, 13509
0.21595120429992676, 13508
0.21595120429992676, 13507
0.21595120429992676, 13506
0.21595120429992676, 13505
0.21685290336608887, 13504
0.21685290336608887, 13503
0.21685290336608887, 13502
0.21685290336608887, 13501
0.21685290336608887, 13500
0.21685290336608887, 13499
0.21685290336608887, 13498
0.21685290336608887, 13497
0.21685290336608887, 13496
0.21685290336608887, 13495
0.21685290336608887, 13494
0.21685290336608887, 13493
0.21685290336608887, 13492
0.21685290336608887, 13491
0.21786069869995117, 13490
0.21786069869995117, 13489
0.21786069869995117, 13488
0.21786069869995117, 13487
0.21786069869995117, 13486
0.21786069869995117, 13485
0.21786069869995117, 13484
0.21786069869995117, 13483
0.21786069869995117, 13482
0.21786069869995117, 13481
0.21786069869995117, 13480
0.21786069869995117, 13479
0.21786069869995117, 13478
0.21786069869995117, 13477
0.9478168487548828, 13476
0.9479579925537109, 13475
0.9479579925537109, 13474
0.9479579925537109, 13473
0.9479579925537109, 13472
0.9479579925537109, 13471
0.9479579925537109, 13470
0.9479579925537109, 13469
0.9479579925537109, 13468
0.9479579925537109, 13467
0.9479579925537109, 13466
0.9479579925537109, 13465
0.9479579925537109, 13464
0.9479579925537109, 13463
0.9479579925537109, 13462
0.9479579925537109, 13461
0.9489574432373047, 13460
0.9489574432373047, 13459
0.9489574432373047, 13458
0.9489574432373047, 13457
0.9489574432373047, 13456
0.9489574432373047, 13455
0.9489574432373047, 13454
0.9489574432373047, 13453
0.9489574432373047, 13452
0.9489574432373047, 13451
0.9489574432373047, 13450
0.9489574432373047, 13449
0.9489574432373047, 13448
0.9489574432373047, 13447
0.9499576091766357, 13446
0.9499576091766357, 13445
0.9499576091766357, 13444
0.9499576091766357, 13443
0.9499576091766357, 13442
0.9499576091766357, 13441
0.9499576091766357, 13440
0.9499576091766357, 13439
0.9499576091766357, 13438
0.9499576091766357, 13437
0.9499576091766357, 13436
0.9499576091766357, 13435
0.9499576091766357, 13434
0.9499576091766357, 13433
0.9499576091766357, 13432
0.9509580135345459, 13431
0.9509580135345459, 13430
0.9509580135345459, 13429
0.9509580135345459, 13428
0.9509580135345459, 13427
0.9509580135345459, 13426
0.9509580135345459, 13425
0.9509580135345459, 13424
0.9509580135345459, 13423
0.9509580135345459, 13422
0.9509580135345459, 13421
0.9509580135345459, 13420
0.9509580135345459, 13419
0.9509580135345459, 13418
0.9519577026367188, 13417
0.9519577026367188, 13416
0.9519577026367188, 13415
0.9519577026367188, 13414
0.9519577026367188, 13413
0.9519577026367188, 13412
0.9519577026367188, 13411
0.9519577026367188, 13410
0.9519577026367188, 13409
0.9519577026367188, 13408
0.9519577026367188, 13407
0.9519577026367188, 13406
0.9519577026367188, 13405
0.9519577026367188, 13404
0.9529576301574707, 13403
0.9529576301574707, 13402
0.9529576301574707, 13401
0.9529576301574707, 13400
0.9529576301574707, 13399
0.9529576301574707, 13398
0.9529576301574707, 13397
2.634122133255005, 13396
2.634122133255005, 13395
2.634122133255005, 13394
2.634122133255005, 13393
2.634122133255005, 13392
2.634122133255005, 13391
2.634122133255005, 13390
2.6350200176239014, 13389
2.6350200176239014, 13388
2.6350200176239014, 13387
2.6350200176239014, 13386
2.6350200176239014, 13385
2.6350200176239014, 13384
2.6350200176239014, 13383
2.6350200176239014, 13382
2.6350200176239014, 13381
2.6350200176239014, 13380
2.6350200176239014, 13379
2.6350200176239014, 13378
2.6350200176239014, 13377
2.6350200176239014, 13376
2.636019706726074, 13375
2.636019706726074, 13374
2.636019706726074, 13373
2.636019706726074, 13372
2.636019706726074, 13371
2.636019706726074, 13370
2.636019706726074, 13369
2.636019706726074, 13368
2.636019706726074, 13367
2.636019706726074, 13366
2.636019706726074, 13365
2.637019157409668, 13364
2.637019157409668, 13363
2.637019157409668, 13362
2.637019157409668, 13361
2.637019157409668, 13360
2.637019157409668, 13359
2.637019157409668, 13358
2.637019157409668, 13357
2.637019157409668, 13356
2.637019157409668, 13355
2.637019157409668, 13354
2.637019157409668, 13353
2.638019323348999, 13352
2.638019323348999, 13351
2.638019323348999, 13350
2.638019323348999, 13349
2.638019323348999, 13348
2.638019323348999, 13347
2.638019323348999, 13346
2.638019323348999, 13345
2.638019323348999, 13344
2.638019323348999, 13343
2.638019323348999, 13342
2.638019323348999, 13341
2.638019323348999, 13340
2.638019323348999, 13339
2.6390187740325928, 13338
2.6390187740325928, 13337
2.6390187740325928, 13336
2.6390187740325928, 13335
2.6390187740325928, 13334
2.6390187740325928, 13333
2.6390187740325928, 13332
2.6390187740325928, 13331
2.6390187740325928, 13330
2.6390187740325928, 13329
2.6390187740325928, 13328
2.6390187740325928, 13327
2.6390187740325928, 13326
2.6390187740325928, 13325
2.6400182247161865, 13324
2.6400182247161865, 13323
2.6400182247161865, 13322
2.6400182247161865, 13321
2.6403114795684814, 13320
2.6403114795684814, 13319
2.6403114795684814, 13318
2.6403114795684814, 13317
2.6403114795684814, 13316
2.6403114795684814, 13315
2.6403114795684814, 13314
2.6403114795684814, 13313
2.6403114795684814, 13312
2.6403114795684814, 13311
2.6410200595855713, 13310
2.6410200595855713, 13309
2.6410200595855713, 13308
2.6410200595855713, 13307
2.6410200595855713, 13306
2.6410200595855713, 13305
2.6410200595855713, 13304
2.6410200595855713, 13303
2.6410200595855713, 13302
2.6410200595855713, 13301
2.6410200595855713, 13300
2.6410200595855713, 13299
2.6410200595855713, 13298
2.6410200595855713, 13297
2.6420187950134277, 13296
2.6420187950134277, 13295
2.6420187950134277, 13294
2.6420187950134277, 13293
2.6420187950134277, 13292
2.6420187950134277, 13291
2.6420187950134277, 13290
2.6420187950134277, 13289
2.6420187950134277, 13288
2.6420187950134277, 13287
2.6420187950134277, 13286
2.6420187950134277, 13285
2.6420187950134277, 13284
2.6420187950134277, 13283
2.6430225372314453, 13282
2.6430225372314453, 13281
2.6430225372314453, 13280
2.6430225372314453, 13279
2.6430225372314453, 13278
2.6430225372314453, 13277
2.6430225372314453, 13276
2.6430225372314453, 13275
2.6430225372314453, 13274
2.6430225372314453, 13273
2.6430225372314453, 13272
2.6430225372314453, 13271
2.6430225372314453, 13270
2.6430225372314453, 13269
2.6440231800079346, 13268
2.6440231800079346, 13267
2.6440231800079346, 13266
2.6440231800079346, 13265
2.6440231800079346, 13264
2.6443984508514404, 13263
2.6443984508514404, 13262
2.6443984508514404, 13261
2.6443984508514404, 13260
2.6443984508514404, 13259
2.6443984508514404, 13258
2.6443984508514404, 13257
2.6443984508514404, 13256
2.645019292831421, 13255
2.645019292831421, 13254
2.645019292831421, 13253
2.645019292831421, 13252
2.645019292831421, 13251
2.645019292831421, 13250
2.645019292831421, 13249
2.645019292831421, 13248
2.645019292831421, 13247
2.645019292831421, 13246
2.645019292831421, 13245
2.645019292831421, 13244
5.82080340385437, 13243
5.82080340385437, 13242
5.82080340385437, 13241
5.82080340385437, 13240
5.82080340385437, 13239
5.8217856884002686, 13238
5.8217856884002686, 13237
5.8217856884002686, 13236
5.8217856884002686, 13235
