0.19510102272033691, 14039
0.19510102272033691, 14038
0.19510102272033691, 14037
0.19510102272033691, 14036
0.19510102272033691, 14035
0.19510102272033691, 14034
0.19510102272033691, 14033
0.19510102272033691, 14032
0.19510102272033691, 14031
0.19510102272033691, 14030
0.19510102272033691, 14029
0.19510102272033691, 14028
0.19510102272033691, 14027
0.19510102272033691, 14026
0.19609975814819336, 14025
0.19609975814819336, 14024
0.19609975814819336, 14023
0.19609975814819336, 14022
0.19609975814819336, 14021
0.19609975814819336, 14020
0.19609975814819336, 14019
0.19609975814819336, 14018
0.19609975814819336, 14017
0.19609975814819336, 14016
0.19609975814819336, 14015
0.19609975814819336, 14014
0.19609975814819336, 14013
0.19609975814819336, 14012
0.19710087776184082, 14011
0.19710087776184082, 14010
0.19710087776184082, 14009
0.19710087776184082, 14008
0.19710087776184082, 14007
0.19710087776184082, 14006
0.19710087776184082, 14005
0.19710087776184082, 14004
0.19710087776184082, 14003
0.19710087776184082, 14002
0.19710087776184082, 14001
0.19710087776184082, 14000
0.19710087776184082, 13999
0.19710087776184082, 13998
0.19710087776184082, 13997
0.19710087776184082, 13996
0.19809985160827637, 13995
0.19809985160827637, 13994
0.19809985160827637, 13993
0.19809985160827637, 13992
0.3850405216217041, 13991
0.3850405216217041, 13990
0.3850405216217041, 13989
0.3850405216217041, 13988
0.3850405216217041, 13987
0.3850405216217041, 13986
0.3850405216217041, 13985
0.3850405216217041, 13984
0.3850405216217041, 13983
0.3850405216217041, 13982
0.3850405216217041, 13981
0.38604068756103516, 13980
0.38604068756103516, 13979
0.38604068756103516, 13978
0.38604068756103516, 13977
0.38604068756103516, 13976
0.38604068756103516, 13975
0.38604068756103516, 13974
0.38604068756103516, 13973
0.38604068756103516, 13972
0.38604068756103516, 13971
0.38604068756103516, 13970
0.38604068756103516, 13969
0.38604068756103516, 13968
0.38604068756103516, 13967
0.38604068756103516, 13966
0.38604068756103516, 13965
0.387040376663208, 13964
0.387040376663208, 13963
0.3871645927429199, 13962
0.3871645927429199, 13961
0.3871645927429199, 13960
0.3871645927429199, 13959
0.3871645927429199, 13958
0.3871645927429199, 13957
0.3871645927429199, 13956
0.3871645927429199, 13955
0.38765811920166016, 13954
0.38765811920166016, 13953
0.38765811920166016, 13952
0.38765811920166016, 13951
0.38765811920166016, 13950
0.38765811920166016, 13949
0.38765811920166016, 13948
0.38765811920166016, 13947
0.3881702423095703, 13946
0.3881702423095703, 13945
0.3881702423095703, 13944
0.3881702423095703, 13943
0.3881702423095703, 13942
0.3881702423095703, 13941
0.3881702423095703, 13940
0.3881702423095703, 13939
0.3881702423095703, 13938
0.3881702423095703, 13937
0.3881702423095703, 13936
0.3881702423095703, 13935
0.3881702423095703, 13934
0.3881702423095703, 13933
0.3881702423095703, 13932
0.3881702423095703, 13931
0.38917016983032227, 13930
0.38917016983032227, 13929
0.38917016983032227, 13928
0.38917016983032227, 13927
0.38917016983032227, 13926
0.38917016983032227, 13925
0.38917016983032227, 13924
0.38917016983032227, 13923
0.38917016983032227, 13922
0.38917016983032227, 13921
0.38917016983032227, 13920
0.38917016983032227, 13919
0.38917016983032227, 13918
0.38917016983032227, 13917
0.38917016983032227, 13916
0.3901705741882324, 13915
0.3901705741882324, 13914
0.3901705741882324, 13913
0.3901705741882324, 13912
0.3901705741882324, 13911
0.3901705741882324, 13910
0.3901705741882324, 13909
0.3901705741882324, 13908
0.3901705741882324, 13907
0.3901705741882324, 13906
0.3901705741882324, 13905
0.3901705741882324, 13904
0.3901705741882324, 13903
0.3901705741882324, 13902
0.3901705741882324, 13901
0.3901705741882324, 13900
0.391171932220459, 13899
0.391171932220459, 13898
0.391171932220459, 13897
0.391171932220459, 13896
0.391171932220459, 13895
0.391171932220459, 13894
0.391171932220459, 13893
0.391171932220459, 13892
0.391171932220459, 13891
0.391171932220459, 13890
0.391171932220459, 13889
0.391171932220459, 13888
0.391171932220459, 13887
0.391171932220459, 13886
0.391171932220459, 13885
0.39217305183410645, 13884
0.39217305183410645, 13883
0.39217305183410645, 13882
0.39217305183410645, 13881
0.39217305183410645, 13880
0.39217305183410645, 13879
0.39217305183410645, 13878
0.39217305183410645, 13877
0.39217305183410645, 13876
0.39217305183410645, 13875
0.39217305183410645, 13874
0.39217305183410645, 13873
0.39217305183410645, 13872
0.39217305183410645, 13871
0.393172025680542, 13870
0.393172025680542, 13869
0.393172025680542, 13868
0.393172025680542, 13867
0.393172025680542, 13866
0.393172025680542, 13865
0.393172025680542, 13864
0.393172025680542, 13863
0.393172025680542, 13862
0.393172025680542, 13861
0.393172025680542, 13860
0.393172025680542, 13859
0.393172025680542, 13858
0.393172025680542, 13857
0.393172025680542, 13856
0.39417123794555664, 13855
0.39417123794555664, 13854
0.39417123794555664, 13853
0.39417123794555664, 13852
0.39417123794555664, 13851
0.39417123794555664, 13850
0.39417123794555664, 13849
0.39417123794555664, 13848
0.39417123794555664, 13847
0.39417123794555664, 13846
0.39417123794555664, 13845
0.39417123794555664, 13844
0.39417123794555664, 13843
0.39417123794555664, 13842
0.39417123794555664, 13841
0.39417123794555664, 13840
0.3951699733734131, 13839
0.3951699733734131, 13838
0.3951699733734131, 13837
0.3951699733734131, 13836
0.3951699733734131, 13835
0.3951699733734131, 13834
0.3951699733734131, 13833
0.3951699733734131, 13832
0.3951699733734131, 13831
0.5749680995941162, 13830
0.5749680995941162, 13829
0.5749680995941162, 13828
0.5749680995941162, 13827
0.5759692192077637, 13826
0.5759692192077637, 13825
0.5759692192077637, 13824
0.5759692192077637, 13823
0.5759692192077637, 13822
0.5759692192077637, 13821
0.5759692192077637, 13820
0.5759692192077637, 13819
0.5759692192077637, 13818
0.5759692192077637, 13817
0.5759692192077637, 13816
0.5759692192077637, 13815
0.5759692192077637, 13814
0.5759692192077637, 13813
0.5759692192077637, 13812
0.5759692192077637, 13811
0.5769696235656738, 13810
0.5769696235656738, 13809
0.5769696235656738, 13808
0.5769696235656738, 13807
0.5769696235656738, 13806
0.5769696235656738, 13805
0.5769696235656738, 13804
0.5769696235656738, 13803
0.5769696235656738, 13802
0.5769696235656738, 13801
0.5769696235656738, 13800
0.5769696235656738, 13799
0.5769696235656738, 13798
0.5769696235656738, 13797
0.5769696235656738, 13796
0.5779690742492676, 13795
0.5779690742492676, 13794
0.5779690742492676, 13793
0.5779690742492676, 13792
0.5779690742492676, 13791
0.5779690742492676, 13790
0.5779690742492676, 13789
0.5779690742492676, 13788
0.5779690742492676, 13787
0.5779690742492676, 13786
0.5779690742492676, 13785
0.5779690742492676, 13784
0.5779690742492676, 13783
0.5779690742492676, 13782
0.5779690742492676, 13781
0.5789692401885986, 13780
0.5789692401885986, 13779
0.5789692401885986, 13778
0.5789692401885986, 13777
0.5789692401885986, 13776
0.5789692401885986, 13775
0.5789692401885986, 13774
0.5789692401885986, 13773
0.5789692401885986, 13772
0.5789692401885986, 13771
0.5789692401885986, 13770
0.5789692401885986, 13769
0.5789692401885986, 13768
0.5799715518951416, 13767
0.5799715518951416, 13766
0.5799715518951416, 13765
0.5799715518951416, 13764
0.5799715518951416, 13763
0.5799715518951416, 13762
0.5799715518951416, 13761
0.5799715518951416, 13760
0.5799715518951416, 13759
0.5799715518951416, 13758
0.5799715518951416, 13757
0.5799715518951416, 13756
0.5799715518951416, 13755
0.5799715518951416, 13754
0.5799715518951416, 13753
0.580970048904419, 13752
0.580970048904419, 13751
0.580970048904419, 13750
0.580970048904419, 13749
0.580970048904419, 13748
0.580970048904419, 13747
0.580970048904419, 13746
0.580970048904419, 13745
0.580970048904419, 13744
0.580970048904419, 13743
0.580970048904419, 13742
0.580970048904419, 13741
0.580970048904419, 13740
0.580970048904419, 13739
0.580970048904419, 13738
0.58197021484375, 13737
0.58197021484375, 13736
0.58197021484375, 13735
0.58197021484375, 13734
0.58197021484375, 13733
0.58197021484375, 13732
0.58197021484375, 13731
0.58197021484375, 13730
0.58197021484375, 13729
0.58197021484375, 13728
0.58197021484375, 13727
0.58197021484375, 13726
0.58197021484375, 13725
0.58197021484375, 13724
0.58197021484375, 13723
0.58197021484375, 13722
0.5829694271087646, 13721
0.5830409526824951, 13720
0.5830409526824951, 13719
0.5830409526824951, 13718
0.5830409526824951, 13717
0.5830409526824951, 13716
0.5830409526824951, 13715
0.5830409526824951, 13714
0.5830409526824951, 13713
0.5830409526824951, 13712
0.5830409526824951, 13711
0.5830409526824951, 13710
0.5830409526824951, 13709
0.5830409526824951, 13708
0.5830409526824951, 13707
0.5839695930480957, 13706
0.5839695930480957, 13705
0.5839695930480957, 13704
0.5839695930480957, 13703
0.5839695930480957, 13702
0.5839695930480957, 13701
0.5839695930480957, 13700
0.5839695930480957, 13699
0.5839695930480957, 13698
0.5839695930480957, 13697
0.5846223831176758, 13696
0.5846223831176758, 13695
0.5846223831176758, 13694
0.5846223831176758, 13693
0.5846223831176758, 13692
0.5849690437316895, 13691
0.5849690437316895, 13690
0.5849690437316895, 13689
0.5849690437316895, 13688
0.5849690437316895, 13687
0.5849690437316895, 13686
0.5849690437316895, 13685
0.5849690437316895, 13684
0.5849690437316895, 13683
0.5849690437316895, 13682
0.5849690437316895, 13681
0.5849690437316895, 13680
0.5849690437316895, 13679
0.5859689712524414, 13678
0.5859689712524414, 13677
0.5859689712524414, 13676
0.5859689712524414, 13675
0.5859689712524414, 13674
0.5859689712524414, 13673
0.5859689712524414, 13672
0.5859689712524414, 13671
0.5859689712524414, 13670
0.5859689712524414, 13669
0.5859689712524414, 13668
0.5859689712524414, 13667
0.5859689712524414, 13666
0.5859689712524414, 13665
0.5859689712524414, 13664
0.5869691371917725, 13663
0.5869691371917725, 13662
0.5869691371917725, 13661
0.5869691371917725, 13660
0.5869691371917725, 13659
0.5869691371917725, 13658
0.5869691371917725, 13657
0.5869691371917725, 13656
0.5869691371917725, 13655
0.5869691371917725, 13654
0.5869691371917725, 13653
0.5869691371917725, 13652
0.5869691371917725, 13651
0.5869691371917725, 13650
0.5869691371917725, 13649
0.5879690647125244, 13648
0.5879690647125244, 13647
0.5879690647125244, 13646
0.5879690647125244, 13645
0.5879690647125244, 13644
0.5879690647125244, 13643
0.5879690647125244, 13642
0.5879690647125244, 13641
0.5879690647125244, 13640
0.5879690647125244, 13639
0.5879690647125244, 13638
0.5879690647125244, 13637
0.5879690647125244, 13636
0.5879690647125244, 13635
0.5879690647125244, 13634
0.5889689922332764, 13633
0.5889689922332764, 13632
0.5889689922332764, 13631
0.5889689922332764, 13630
0.5889689922332764, 13629
0.5889689922332764, 13628
0.5889689922332764, 13627
0.5889689922332764, 13626
0.5889689922332764, 13625
0.5889689922332764, 13624
0.5889689922332764, 13623
0.5889689922332764, 13622
0.5889689922332764, 13621
0.5889689922332764, 13620
0.5889689922332764, 13619
0.5899693965911865, 13618
0.5899693965911865, 13617
0.5899693965911865, 13616
0.5899693965911865, 13615
0.5899693965911865, 13614
0.5899693965911865, 13613
0.5899693965911865, 13612
0.5899693965911865, 13611
0.5899693965911865, 13610
0.5899693965911865, 13609
0.5909695625305176, 13608
0.5909695625305176, 13607
0.5909695625305176, 13606
0.5909695625305176, 13605
0.5909695625305176, 13604
0.5909695625305176, 13603
0.5909695625305176, 13602
0.5909695625305176, 13601
0.5909695625305176, 13600
0.5909695625305176, 13599
0.5909695625305176, 13598
0.5919697284698486, 13597
0.5919697284698486, 13596
0.5919697284698486, 13595
0.5919697284698486, 13594
0.5919697284698486, 13593
0.5919697284698486, 13592
0.5919697284698486, 13591
0.5919697284698486, 13590
0.5919697284698486, 13589
0.5919697284698486, 13588
0.5919697284698486, 13587
0.5929703712463379, 13586
0.5929703712463379, 13585
0.5929703712463379, 13584
0.5929703712463379, 13583
0.5929703712463379, 13582
0.5929703712463379, 13581
0.5929703712463379, 13580
0.5929703712463379, 13579
0.5929703712463379, 13578
0.5929703712463379, 13577
0.5929703712463379, 13576
0.5939688682556152, 13575
0.5939688682556152, 13574
0.5939688682556152, 13573
0.5939688682556152, 13572
0.5939688682556152, 13571
0.5939688682556152, 13570
0.5939688682556152, 13569
0.5939688682556152, 13568
0.5939688682556152, 13567
0.5939688682556152, 13566
0.5939688682556152, 13565
0.594968318939209, 13564
0.594968318939209, 13563
0.594968318939209, 13562
0.594968318939209, 13561
0.594968318939209, 13560
0.594968318939209, 13559
0.594968318939209, 13558
0.594968318939209, 13557
0.594968318939209, 13556
0.594968318939209, 13555
0.594968318939209, 13554
0.594968318939209, 13553
0.5959680080413818, 13552
0.5959680080413818, 13551
0.5959680080413818, 13550
0.5959680080413818, 13549
0.5959680080413818, 13548
0.5959680080413818, 13547
0.5959680080413818, 13546
0.5959680080413818, 13545
0.5959680080413818, 13544
0.5959680080413818, 13543
0.5959680080413818, 13542
0.5969688892364502, 13541
0.5969688892364502, 13540
0.5969688892364502, 13539
0.5969688892364502, 13538
0.5969688892364502, 13537
0.5969688892364502, 13536
0.5969688892364502, 13535
0.5969688892364502, 13534
0.5969688892364502, 13533
0.5969688892364502, 13532
0.5969688892364502, 13531
0.5969688892364502, 13530
0.5969688892364502, 13529
0.5969688892364502, 13528
0.5969688892364502, 13527
0.5979704856872559, 13526
0.5980441570281982, 13525
0.5980441570281982, 13524
0.5980441570281982, 13523
0.5980441570281982, 13522
0.5980441570281982, 13521
0.5980441570281982, 13520
0.5980441570281982, 13519
0.5980441570281982, 13518
0.5980441570281982, 13517
0.5980441570281982, 13516
0.5980441570281982, 13515
0.5980441570281982, 13514
0.5980441570281982, 13513
0.5980441570281982, 13512
0.5989680290222168, 13511
0.5989680290222168, 13510
0.5989680290222168, 13509
0.5989680290222168, 13508
0.5989680290222168, 13507
0.5989680290222168, 13506
0.5989680290222168, 13505
0.5989680290222168, 13504
0.5989680290222168, 13503
0.5989680290222168, 13502
0.5989680290222168, 13501
0.5989680290222168, 13500
0.5989680290222168, 13499
0.5989680290222168, 13498
0.5999689102172852, 13497
0.5999689102172852, 13496
0.5999689102172852, 13495
0.5999689102172852, 13494
0.5999689102172852, 13493
0.5999689102172852, 13492
0.5999689102172852, 13491
0.5999689102172852, 13490
0.5999689102172852, 13489
0.5999689102172852, 13488
0.5999689102172852, 13487
0.5999689102172852, 13486
0.5999689102172852, 13485
0.5999689102172852, 13484
0.5999689102172852, 13483
0.6009681224822998, 13482
0.6009681224822998, 13481
0.6009681224822998, 13480
0.6009681224822998, 13479
0.6009681224822998, 13478
0.6009681224822998, 13477
0.6009681224822998, 13476
0.6009681224822998, 13475
0.6009681224822998, 13474
0.6009681224822998, 13473
0.6009681224822998, 13472
0.6009681224822998, 13471
0.6009681224822998, 13470
0.6009681224822998, 13469
0.6009681224822998, 13468
0.6019678115844727, 13467
0.6019678115844727, 13466
0.6019678115844727, 13465
0.6019678115844727, 13464
0.6019678115844727, 13463
0.6019678115844727, 13462
0.6019678115844727, 13461
0.6019678115844727, 13460
0.6019678115844727, 13459
0.6019678115844727, 13458
0.6026325225830078, 13457
0.6026325225830078, 13456
0.6026325225830078, 13455
0.6026325225830078, 13454
0.6026325225830078, 13453
0.6029684543609619, 13452
0.6029684543609619, 13451
0.6029684543609619, 13450
0.6029684543609619, 13449
0.6029684543609619, 13448
0.6029684543609619, 13447
0.6029684543609619, 13446
0.6029684543609619, 13445
0.6029684543609619, 13444
0.6029684543609619, 13443
0.6029684543609619, 13442
0.6029684543609619, 13441
0.6029684543609619, 13440
0.6029684543609619, 13439
0.6039683818817139, 13438
0.6039683818817139, 13437
0.6039683818817139, 13436
0.6039683818817139, 13435
0.6039683818817139, 13434
0.6039683818817139, 13433
0.6039683818817139, 13432
0.6039683818817139, 13431
0.6039683818817139, 13430
0.6039683818817139, 13429
0.6039683818817139, 13428
0.6039683818817139, 13427
0.6039683818817139, 13426
0.6039683818817139, 13425
0.6039683818817139, 13424
0.6049699783325195, 13423
0.6049699783325195, 13422
0.6049699783325195, 13421
0.6049699783325195, 13420
0.6049699783325195, 13419
0.6049699783325195, 13418
0.6049699783325195, 13417
0.6049699783325195, 13416
0.6049699783325195, 13415
0.6049699783325195, 13414
0.6049699783325195, 13413
0.6049699783325195, 13412
0.6049699783325195, 13411
0.6049699783325195, 13410
0.6049699783325195, 13409
0.6059696674346924, 13408
0.6059696674346924, 13407
0.6059696674346924, 13406
0.6059696674346924, 13405
0.6059696674346924, 13404
0.6059696674346924, 13403
0.6059696674346924, 13402
0.6059696674346924, 13401
0.6059696674346924, 13400
0.6059696674346924, 13399
0.6059696674346924, 13398
2.5552403926849365, 13397
2.5552403926849365, 13396
2.5552403926849365, 13395
2.5552403926849365, 13394
2.5552403926849365, 13393
2.5552403926849365, 13392
2.5552403926849365, 13391
2.5552403926849365, 13390
2.5552403926849365, 13389
2.5552403926849365, 13388
2.556241273880005, 13387
2.556241273880005, 13386
2.556241273880005, 13385
2.556241273880005, 13384
2.556241273880005, 13383
2.556241273880005, 13382
2.556241273880005, 13381
2.556241273880005, 13380
2.556241273880005, 13379
2.556241273880005, 13378
2.556241273880005, 13377
2.556241273880005, 13376
2.556241273880005, 13375
2.556241273880005, 13374
2.556241273880005, 13373
2.5572402477264404, 13372
2.5572402477264404, 13371
2.5572402477264404, 13370
2.5572402477264404, 13369
2.5572402477264404, 13368
2.5572402477264404, 13367
2.5572402477264404, 13366
2.5572402477264404, 13365
2.5572402477264404, 13364
2.5572402477264404, 13363
2.5572402477264404, 13362
2.5572402477264404, 13361
2.5572402477264404, 13360
2.5572402477264404, 13359
2.5582406520843506, 13358
2.5582406520843506, 13357
2.5582406520843506, 13356
2.5582406520843506, 13355
2.5582406520843506, 13354
2.5582406520843506, 13353
2.5582406520843506, 13352
2.5582406520843506, 13351
2.5582406520843506, 13350
2.5582406520843506, 13349
2.5582406520843506, 13348
2.5582406520843506, 13347
2.5582406520843506, 13346
2.5582406520843506, 13345
2.559242010116577, 13344
2.559242010116577, 13343
2.559242010116577, 13342
2.559242010116577, 13341
2.559242010116577, 13340
2.559242010116577, 13339
2.559242010116577, 13338
2.559242010116577, 13337
2.559242010116577, 13336
2.559242010116577, 13335
2.559242010116577, 13334
2.559242010116577, 13333
2.559242010116577, 13332
2.559242010116577, 13331
2.560241222381592, 13330
2.560241222381592, 13329
2.560241222381592, 13328
2.560241222381592, 13327
2.560241222381592, 13326
2.560241222381592, 13325
2.560241222381592, 13324
2.560241222381592, 13323
2.560241222381592, 13322
2.560241222381592, 13321
2.560241222381592, 13320
2.560241222381592, 13319
2.560241222381592, 13318
2.5612411499023438, 13317
2.5612411499023438, 13316
2.5612411499023438, 13315
2.5612411499023438, 13314
2.5612411499023438, 13313
2.5612411499023438, 13312
2.5612411499023438, 13311
2.5612411499023438, 13310
2.5612411499023438, 13309
2.5612411499023438, 13308
2.5612411499023438, 13307
2.5612411499023438, 13306
2.5612411499023438, 13305
2.5612411499023438, 13304
2.562241554260254, 13303
2.562241554260254, 13302
2.562241554260254, 13301
2.562241554260254, 13300
2.562241554260254, 13299
2.562241554260254, 13298
2.562241554260254, 13297
2.562241554260254, 13296
2.562241554260254, 13295
2.562241554260254, 13294
2.562241554260254, 13293
2.562241554260254, 13292
2.562241554260254, 13291
2.562241554260254, 13290
2.562241554260254, 13289
2.5632405281066895, 13288
2.5632405281066895, 13287
2.5632405281066895, 13286
2.5632405281066895, 13285
2.5632405281066895, 13284
2.5632405281066895, 13283
2.5632405281066895, 13282
2.5632405281066895, 13281
2.5632405281066895, 13280
2.5632405281066895, 13279
2.5632405281066895, 13278
2.5632405281066895, 13277
2.5632405281066895, 13276
2.5632405281066895, 13275
2.5642404556274414, 13274
2.5642404556274414, 13273
2.5642404556274414, 13272
2.5642404556274414, 13271
2.5642404556274414, 13270
2.5642404556274414, 13269
2.5642404556274414, 13268
2.5642404556274414, 13267
2.5642404556274414, 13266
2.5642404556274414, 13265
2.5642404556274414, 13264
2.5642404556274414, 13263
2.5642404556274414, 13262
2.5652406215667725, 13261
2.5652406215667725, 13260
2.5652406215667725, 13259
2.5652406215667725, 13258
2.5652406215667725, 13257
2.5652406215667725, 13256
2.5652406215667725, 13255
2.5652406215667725, 13254
2.5652406215667725, 13253
2.5652406215667725, 13252
2.5652406215667725, 13251
2.5652406215667725, 13250
2.5652406215667725, 13249
2.5652406215667725, 13248
2.5652406215667725, 13247
2.5662403106689453, 13246
2.5662403106689453, 13245
2.5662403106689453, 13244
2.5662403106689453, 13243
2.5662403106689453, 13242
2.5662403106689453, 13241
2.5662403106689453, 13240
2.5662403106689453, 13239
2.5662403106689453, 13238
2.5662403106689453, 13237
2.5662403106689453, 13236
2.5662403106689453, 13235
2.5662403106689453, 13234
2.5672404766082764, 13233
2.5672404766082764, 13232
2.5672404766082764, 13231
2.5672404766082764, 13230
2.5672404766082764, 13229
2.5672404766082764, 13228
2.5672404766082764, 13227
2.5672404766082764, 13226
2.5672404766082764, 13225
2.5672404766082764, 13224
2.5672404766082764, 13223
2.5672404766082764, 13222
2.5672404766082764, 13221
2.5672404766082764, 13220
2.5672404766082764, 13219
2.568272829055786, 13218
2.568272829055786, 13217
2.568272829055786, 13216
2.568272829055786, 13215
2.568272829055786, 13214
2.568272829055786, 13213
2.568272829055786, 13212
2.568272829055786, 13211
2.568272829055786, 13210
2.568272829055786, 13209
2.568272829055786, 13208
2.568272829055786, 13207
2.568272829055786, 13206
2.569272518157959, 13205
2.569272518157959, 13204
2.569272518157959, 13203
2.569272518157959, 13202
2.569272518157959, 13201
2.569272518157959, 13200
2.569272518157959, 13199
2.569272518157959, 13198
2.569272518157959, 13197
2.569272518157959, 13196
2.569272518157959, 13195
2.569272518157959, 13194
2.569272518157959, 13193
2.569272518157959, 13192
2.570272445678711, 13191
2.570272445678711, 13190
2.570272445678711, 13189
2.570272445678711, 13188
2.570272445678711, 13187
2.570272445678711, 13186
2.570272445678711, 13185
2.570272445678711, 13184
2.570272445678711, 13183
2.570272445678711, 13182
2.570272445678711, 13181
2.570272445678711, 13180
2.570272445678711, 13179
2.570272445678711, 13178
2.5712735652923584, 13177
2.5712735652923584, 13176
2.5712735652923584, 13175
2.5712735652923584, 13174
2.5712735652923584, 13173
2.5712735652923584, 13172
2.5712735652923584, 13171
2.5712735652923584, 13170
2.5712735652923584, 13169
2.5712735652923584, 13168
2.5712735652923584, 13167
2.5712735652923584, 13166
2.5712735652923584, 13165
2.5712735652923584, 13164
2.5722734928131104, 13163
2.5722734928131104, 13162
2.5722734928131104, 13161
2.5722734928131104, 13160
2.5722734928131104, 13159
2.5722734928131104, 13158
2.5722734928131104, 13157
2.5722734928131104, 13156
2.5722734928131104, 13155
2.5722734928131104, 13154
2.5722734928131104, 13153
2.5722734928131104, 13152
2.5722734928131104, 13151
2.5722734928131104, 13150
2.5722734928131104, 13149
2.573272705078125, 13148
2.573272705078125, 13147
2.573272705078125, 13146
2.573272705078125, 13145
2.573272705078125, 13144
2.573272705078125, 13143
2.573272705078125, 13142
2.573272705078125, 13141
2.573272705078125, 13140
2.573272705078125, 13139
2.573272705078125, 13138
2.573272705078125, 13137
2.573272705078125, 13136
2.573272705078125, 13135
2.574272632598877, 13134
2.574272632598877, 13133
2.574272632598877, 13132
2.574272632598877, 13131
2.574272632598877, 13130
2.574272632598877, 13129
2.574272632598877, 13128
2.574272632598877, 13127
2.574272632598877, 13126
2.574272632598877, 13125
2.574272632598877, 13124
2.574272632598877, 13123
2.574272632598877, 13122
2.5752739906311035, 13121
2.5752739906311035, 13120
2.5752739906311035, 13119
2.5752739906311035, 13118
2.5752739906311035, 13117
2.5752739906311035, 13116
2.5752739906311035, 13115
2.5752739906311035, 13114
2.5752739906311035, 13113
2.5752739906311035, 13112
2.5752739906311035, 13111
2.5752739906311035, 13110
2.5752739906311035, 13109
2.5752739906311035, 13108
2.57627272605896, 13107
2.57627272605896, 13106
2.57627272605896, 13105
2.57627272605896, 13104
2.57627272605896, 13103
2.57627272605896, 13102
2.57627272605896, 13101
2.57627272605896, 13100
2.57627272605896, 13099
2.57627272605896, 13098
2.57627272605896, 13097
2.57627272605896, 13096
2.57627272605896, 13095
2.57627272605896, 13094
2.577272891998291, 13093
2.577272891998291, 13092
2.577272891998291, 13091
2.577272891998291, 13090
2.577272891998291, 13089
2.577272891998291, 13088
2.577272891998291, 13087
2.577272891998291, 13086
2.577272891998291, 13085
2.577272891998291, 13084
2.577272891998291, 13083
2.577272891998291, 13082
2.577272891998291, 13081
2.577272891998291, 13080
2.578296661376953, 13079
2.578296661376953, 13078
2.578296661376953, 13077
2.578296661376953, 13076
2.578296661376953, 13075
2.578296661376953, 13074
2.578296661376953, 13073
2.578296661376953, 13072
2.578296661376953, 13071
2.578296661376953, 13070
2.578296661376953, 13069
2.578296661376953, 13068
2.578296661376953, 13067
2.578296661376953, 13066
2.578296661376953, 13065
2.579296827316284, 13064
2.579296827316284, 13063
2.579296827316284, 13062
2.579296827316284, 13061
2.579296827316284, 13060
2.579296827316284, 13059
2.579296827316284, 13058
2.579296827316284, 13057
2.579296827316284, 13056
2.579296827316284, 13055
2.579296827316284, 13054
2.579296827316284, 13053
2.579296827316284, 13052
2.580296754837036, 13051
2.580296754837036, 13050
2.580296754837036, 13049
2.580296754837036, 13048
2.5806221961975098, 13047
2.5806221961975098, 13046
2.5806221961975098, 13045
2.5806221961975098, 13044
2.5806221961975098, 13043
2.5806221961975098, 13042
2.5806221961975098, 13041
2.5806221961975098, 13040
2.5806221961975098, 13039
2.5806221961975098, 13038
2.58129620552063, 13037
2.58129620552063, 13036
2.58129620552063, 13035
2.58129620552063, 13034
2.58129620552063, 13033
2.58129620552063, 13032
2.58129620552063, 13031
2.58129620552063, 13030
2.58129620552063, 13029
2.58129620552063, 13028
2.58129620552063, 13027
2.58129620552063, 13026
2.58129620552063, 13025
2.58129620552063, 13024
2.582296133041382, 13023
2.582296133041382, 13022
2.582296133041382, 13021
2.582296133041382, 13020
2.582296133041382, 13019
2.582296133041382, 13018
2.582296133041382, 13017
2.582296133041382, 13016
2.582296133041382, 13015
2.582296133041382, 13014
2.582296133041382, 13013
2.582296133041382, 13012
2.582296133041382, 13011
2.582296133041382, 13010
2.583296298980713, 13009
2.583296298980713, 13008
2.583296298980713, 13007
2.583296298980713, 13006
2.583296298980713, 13005
2.583296298980713, 13004
2.583296298980713, 13003
2.583296298980713, 13002
2.583296298980713, 13001
2.583296298980713, 13000
2.583296298980713, 12999
2.583296298980713, 12998
2.583296298980713, 12997
2.583296298980713, 12996
2.584296226501465, 12995
2.584296226501465, 12994
2.584296226501465, 12993
2.584296226501465, 12992
2.584296226501465, 12991
2.584296226501465, 12990
2.584296226501465, 12989
2.584296226501465, 12988
2.584296226501465, 12987
2.584296226501465, 12986
2.584296226501465, 12985
2.584296226501465, 12984
2.584296226501465, 12983
2.584296226501465, 12982
2.584296226501465, 12981
2.5852959156036377, 12980
2.5852959156036377, 12979
2.5852959156036377, 12978
2.5852959156036377, 12977
2.5852959156036377, 12976
2.5852959156036377, 12975
2.5852959156036377, 12974
2.5852959156036377, 12973
2.6038591861724854, 10360
2.6038591861724854, 10359
2.6038591861724854, 10358
2.6038591861724854, 10357
2.6038591861724854, 10356
2.6038591861724854, 10355
2.6038591861724854, 10354
2.6038591861724854, 10353
2.6038591861724854, 10352
2.6038591861724854, 10351
2.6038591861724854, 10350
2.6038591861724854, 10349
2.604858875274658, 10348
2.604858875274658, 10347
2.604858875274658, 10346
2.605088233947754, 10345
2.605154275894165, 10344
2.605154275894165, 10343
2.605154275894165, 10342
2.605154275894165, 10341
2.605154275894165, 10340
2.605858564376831, 10339
2.605858564376831, 10338
2.605858564376831, 10337
2.605858564376831, 10336
2.605858564376831, 10335
2.605858564376831, 10334
2.605858564376831, 10333
2.605858564376831, 10332
2.605858564376831, 10331
2.605858564376831, 10330
2.605858564376831, 10329
2.606861114501953, 10328
2.606861114501953, 10327
2.606861114501953, 10326
2.606861114501953, 10325
2.606861114501953, 10324
2.606861114501953, 10323
2.606861114501953, 10322
2.606861114501953, 10321
2.606861114501953, 10320
2.606861114501953, 10319
2.606861114501953, 10318
2.6078600883483887, 10317
2.6078600883483887, 10316
2.6078600883483887, 10315
2.6078600883483887, 10314
2.6078600883483887, 10313
2.6078600883483887, 10312
2.6078600883483887, 10311
2.6078600883483887, 10310
2.6078600883483887, 10309
2.6078600883483887, 10308
2.6088602542877197, 10307
2.6088602542877197, 10306
2.6088602542877197, 10305
2.6088602542877197, 10304
2.6088602542877197, 10303
2.6088602542877197, 10302
2.6088602542877197, 10301
2.6088602542877197, 10300
2.6088602542877197, 10299
2.6088602542877197, 10298
2.6088602542877197, 10297
2.6088602542877197, 10296
2.6098594665527344, 10295
2.6098594665527344, 10294
2.6098594665527344, 10293
2.6098594665527344, 10292
2.6098594665527344, 10291
2.6098594665527344, 10290
2.6098594665527344, 10289
2.6098594665527344, 10288
2.6098594665527344, 10287
2.6098594665527344, 10286
2.6098594665527344, 10285
2.6098594665527344, 10284
2.6098594665527344, 10283
2.6098594665527344, 10282
2.6108591556549072, 10281
2.6108591556549072, 10280
2.6108591556549072, 10279
2.6108591556549072, 10278
2.6108591556549072, 10277
2.6108591556549072, 10276
2.6108591556549072, 10275
2.6108591556549072, 10274
2.6108591556549072, 10273
2.6108591556549072, 10272
2.6108591556549072, 10271
2.6108591556549072, 10270
2.6108591556549072, 10269
2.6118595600128174, 10268
2.6118595600128174, 10267
2.6118595600128174, 10266
2.6118595600128174, 10265
2.6118595600128174, 10264
2.6118595600128174, 10263
2.6118595600128174, 10262
2.6118595600128174, 10261
2.6118595600128174, 10260
2.6118595600128174, 10259
2.6118595600128174, 10258
2.6118595600128174, 10257
2.6118595600128174, 10256
2.6118595600128174, 10255
2.6128592491149902, 10254
2.6128592491149902, 10253
2.6128592491149902, 10252
2.6128592491149902, 10251
2.6128592491149902, 10250
2.6128592491149902, 10249
2.6128592491149902, 10248
2.6128592491149902, 10247
2.6128592491149902, 10246
2.6128592491149902, 10245
2.6128592491149902, 10244
2.613859176635742, 10243
2.613859176635742, 10242
2.613859176635742, 10241
2.613859176635742, 10240
2.613859176635742, 10239
2.613859176635742, 10238
2.613859176635742, 10237
2.613859176635742, 10236
2.613859176635742, 10235
2.613859176635742, 10234
2.613859176635742, 10233
2.613859176635742, 10232
2.613859176635742, 10231
2.6148595809936523, 10230
2.6148595809936523, 10229
2.6148595809936523, 10228
2.6148595809936523, 10227
2.6148595809936523, 10226
2.6148595809936523, 10225
2.6148595809936523, 10224
2.6148595809936523, 10223
2.6148595809936523, 10222
2.6148595809936523, 10221
2.6148595809936523, 10220
2.6148595809936523, 10219
2.6148595809936523, 10218
2.6148595809936523, 10217
2.6158597469329834, 10216
2.6158597469329834, 10215
2.6158597469329834, 10214
2.6158597469329834, 10213
2.6158597469329834, 10212
2.6158597469329834, 10211
2.6158597469329834, 10210
2.6158597469329834, 10209
2.6158597469329834, 10208
2.6158597469329834, 10207
2.6158597469329834, 10206
2.6158597469329834, 10205
2.6158597469329834, 10204
2.6158597469329834, 10203
2.616858959197998, 10202
2.616858959197998, 10201
2.616858959197998, 10200
2.616858959197998, 10199
2.616858959197998, 10198
2.616858959197998, 10197
2.616858959197998, 10196
2.616858959197998, 10195
2.616858959197998, 10194
2.616858959197998, 10193
2.616858959197998, 10192
2.616858959197998, 10191
2.616858959197998, 10190
2.616858959197998, 10189
2.617859125137329, 10188
2.617859125137329, 10187
2.617859125137329, 10186
2.617859125137329, 10185
2.617859125137329, 10184
2.617859125137329, 10183
2.617859125137329, 10182
2.617859125137329, 10181
2.617859125137329, 10180
2.617859125137329, 10179
2.617859125137329, 10178
2.617859125137329, 10177
2.617859125137329, 10176
2.617859125137329, 10175
2.61885929107666, 10174
2.61885929107666, 10173
2.61885929107666, 10172
2.61885929107666, 10171
2.61885929107666, 10170
2.61885929107666, 10169
2.61885929107666, 10168
2.61885929107666, 10167
2.61885929107666, 10166
2.61885929107666, 10165
2.61885929107666, 10164
2.61885929107666, 10163
2.61885929107666, 10162
2.6198596954345703, 10161
2.6198596954345703, 10160
2.6198596954345703, 10159
2.6198596954345703, 10158
2.6198596954345703, 10157
2.6198596954345703, 10156
2.6198596954345703, 10155
2.6198596954345703, 10154
2.6198596954345703, 10153
2.6198596954345703, 10152
2.6198596954345703, 10151
2.6198596954345703, 10150
2.6198596954345703, 10149
2.6198596954345703, 10148
2.620859384536743, 10147
2.620859384536743, 10146
2.620859384536743, 10145
2.620859384536743, 10144
2.620859384536743, 10143
2.620859384536743, 10142
2.620859384536743, 10141
2.620859384536743, 10140
2.620859384536743, 10139
2.620859384536743, 10138
2.620859384536743, 10137
2.620859384536743, 10136
2.621861219406128, 10135
2.621861219406128, 10134
2.621861219406128, 10133
2.621861219406128, 10132
2.621861219406128, 10131
2.621861219406128, 10130
2.621861219406128, 10129
2.621861219406128, 10128
2.621861219406128, 10127
2.621861219406128, 10126
2.621861219406128, 10125
2.621861219406128, 10124
2.621861219406128, 10123
2.6228604316711426, 10122
2.6228604316711426, 10121
2.6228604316711426, 10120
2.6228604316711426, 10119
2.6228604316711426, 10118
2.6228604316711426, 10117
2.6228604316711426, 10116
2.6228604316711426, 10115
2.6228604316711426, 10114
2.6228604316711426, 10113
2.6228604316711426, 10112
2.6228604316711426, 10111
2.6228604316711426, 10110
2.623861074447632, 10109
2.623861074447632, 10108
2.623861074447632, 10107
2.623861074447632, 10106
2.623861074447632, 10105
2.623861074447632, 10104
2.623861074447632, 10103
2.623861074447632, 10102
2.623861074447632, 10101
2.623861074447632, 10100
2.623861074447632, 10099
2.623861074447632, 10098
2.623861074447632, 10097
2.623861074447632, 10096
2.6248602867126465, 10095
2.6248602867126465, 10094
2.6248602867126465, 10093
2.6248602867126465, 10092
2.6248602867126465, 10091
2.6248602867126465, 10090
2.6248602867126465, 10089
2.6248602867126465, 10088
2.6248602867126465, 10087
2.6248602867126465, 10086
2.6248602867126465, 10085
2.6248602867126465, 10084
2.6248602867126465, 10083
2.6258609294891357, 10082
2.6258609294891357, 10081
2.6258609294891357, 10080
2.6258609294891357, 10079
2.6258609294891357, 10078
2.6258609294891357, 10077
2.6258609294891357, 10076
2.6258609294891357, 10075
2.6258609294891357, 10074
2.6258609294891357, 10073
2.6258609294891357, 10072
2.6258609294891357, 10071
2.6258609294891357, 10070
2.6268603801727295, 10069
2.6268603801727295, 10068
2.6268603801727295, 10067
2.6268603801727295, 10066
2.6268603801727295, 10065
2.6268603801727295, 10064
2.6268603801727295, 10063
2.6268603801727295, 10062
2.6268603801727295, 10061
2.6268603801727295, 10060
2.6268603801727295, 10059
2.6268603801727295, 10058
2.6268603801727295, 10057
2.6268603801727295, 10056
2.6268603801727295, 10055
2.627859592437744, 10054
2.627859592437744, 10053
2.627859592437744, 10052
2.627859592437744, 10051
2.627859592437744, 10050
2.627859592437744, 10049
2.627859592437744, 10048
2.627859592437744, 10047
2.627859592437744, 10046
2.627859592437744, 10045
2.627859592437744, 10044
2.627859592437744, 10043
2.627859592437744, 10042
2.628859758377075, 10041
2.628859758377075, 10040
2.628859758377075, 10039
2.628859758377075, 10038
2.628859758377075, 10037
2.628859758377075, 10036
2.628859758377075, 10035
2.628859758377075, 10034
2.628859758377075, 10033
2.628859758377075, 10032
2.628859758377075, 10031
2.628859758377075, 10030
2.628859758377075, 10029
2.628859758377075, 10028
2.62985897064209, 10027
2.62985897064209, 10026
2.62985897064209, 10025
2.62985897064209, 10024
2.62985897064209, 10023
2.62985897064209, 10022
2.62985897064209, 10021
2.62985897064209, 10020
2.62985897064209, 10019
2.62985897064209, 10018
2.62985897064209, 10017
2.62985897064209, 10016
2.62985897064209, 10015
2.62985897064209, 10014
2.630859136581421, 10013
2.630859136581421, 10012
2.630859136581421, 10011
2.630859136581421, 10010
2.630859136581421, 10009
2.630859136581421, 10008
2.630859136581421, 10007
2.630859136581421, 10006
2.630859136581421, 10005
2.630859136581421, 10004
2.630859136581421, 10003
2.631632089614868, 10002
2.631632089614868, 10001
2.631632089614868, 10000
2.6318588256835938, 9999
2.6318588256835938, 9998
2.6318588256835938, 9997
2.6318588256835938, 9996
2.6318588256835938, 9995
2.6318588256835938, 9994
2.6318588256835938, 9993
2.6318588256835938, 9992
2.6318588256835938, 9991
2.6318588256835938, 9990
2.6318588256835938, 9989
2.6318588256835938, 9988
2.6318588256835938, 9987
2.6318588256835938, 9986
2.632858991622925, 9985
2.632858991622925, 9984
2.632858991622925, 9983
2.632858991622925, 9982
2.632858991622925, 9981
2.632858991622925, 9980
2.632858991622925, 9979
2.632858991622925, 9978
2.632858991622925, 9977
2.632858991622925, 9976
2.632858991622925, 9975
2.632858991622925, 9974
2.632858991622925, 9973
2.632858991622925, 9972
2.6338589191436768, 9971
2.6338589191436768, 9970
2.6338589191436768, 9969
2.6338589191436768, 9968
2.6338589191436768, 9967
2.6338589191436768, 9966
2.6338589191436768, 9965
2.6338589191436768, 9964
2.6338589191436768, 9963
2.6338589191436768, 9962
2.6338589191436768, 9961
2.6338589191436768, 9960
2.6338589191436768, 9959
2.6338589191436768, 9958
2.634859800338745, 9957
2.634859800338745, 9956
2.634859800338745, 9955
2.634859800338745, 9954
2.634859800338745, 9953
2.634859800338745, 9952
2.634859800338745, 9951
2.634859800338745, 9950
2.634859800338745, 9949
2.634859800338745, 9948
2.634859800338745, 9947
2.634859800338745, 9946
2.634859800338745, 9945
2.634859800338745, 9944
2.6358590126037598, 9943
2.6358590126037598, 9942
2.6358590126037598, 9941
2.6358590126037598, 9940
2.6358590126037598, 9939
2.6358590126037598, 9938
2.6358590126037598, 9937
2.6358590126037598, 9936
2.6358590126037598, 9935
2.6358590126037598, 9934
2.6358590126037598, 9933
2.6358590126037598, 9932
2.6358590126037598, 9931
2.6368601322174072, 9930
2.6368601322174072, 9929
2.6368601322174072, 9928
2.6368601322174072, 9927
2.6368601322174072, 9926
2.6368601322174072, 9925
2.6368601322174072, 9924
2.6368601322174072, 9923
2.6368601322174072, 9922
2.6368601322174072, 9921
2.6368601322174072, 9920
2.6368601322174072, 9919
2.6368601322174072, 9918
2.6368601322174072, 9917
2.637860059738159, 9916
2.637860059738159, 9915
2.637860059738159, 9914
2.637860059738159, 9913
2.637860059738159, 9912
2.637860059738159, 9911
2.637860059738159, 9910
2.637860059738159, 9909
2.637860059738159, 9908
2.637860059738159, 9907
2.637860059738159, 9906
2.637860059738159, 9905
3.0448172092437744, 9904
3.0448172092437744, 9903
3.0448172092437744, 9902
3.0448172092437744, 9901
3.0448172092437744, 9900
3.0448172092437744, 9899
3.0448172092437744, 9898
3.0448172092437744, 9897
3.0448172092437744, 9896
3.0448172092437744, 9895
3.0448172092437744, 9894
3.0448172092437744, 9893
3.0448172092437744, 9892
3.0458624362945557, 9891
3.0458624362945557, 9890
3.0458624362945557, 9889
3.0458624362945557, 9888
3.0458624362945557, 9887
3.0458624362945557, 9886
3.0458624362945557, 9885
3.0458624362945557, 9884
3.0458624362945557, 9883
3.0458624362945557, 9882
3.0458624362945557, 9881
3.0458624362945557, 9880
3.0458624362945557, 9879
3.0458624362945557, 9878
3.0468621253967285, 9877
3.0468621253967285, 9876
3.0470149517059326, 9875
3.0470149517059326, 9874
3.0470149517059326, 9873
3.0470149517059326, 9872
3.0470149517059326, 9871
3.0470149517059326, 9870
3.0470149517059326, 9869
3.0470149517059326, 9868
3.0470149517059326, 9867
3.0470149517059326, 9866
3.0470149517059326, 9865
3.0470149517059326, 9864
3.0470149517059326, 9863
3.0470149517059326, 9862
3.0480260848999023, 9861
3.0480260848999023, 9860
3.0480260848999023, 9859
3.0480260848999023, 9858
3.0480260848999023, 9857
3.0480260848999023, 9856
3.0480260848999023, 9855
3.0480260848999023, 9854
3.0480260848999023, 9853
3.0480260848999023, 9852
3.0480260848999023, 9851
3.0480260848999023, 9850
3.0480260848999023, 9849
3.0480260848999023, 9848
3.049027442932129, 9847
3.049027442932129, 9846
3.049027442932129, 9845
3.049027442932129, 9844
3.049027442932129, 9843
3.049027442932129, 9842
3.049027442932129, 9841
3.049027442932129, 9840
3.049027442932129, 9839
3.8090274333953857, 9833
3.8090274333953857, 9832
3.8090274333953857, 9831
3.8090274333953857, 9830
3.8090274333953857, 9829
3.8090274333953857, 9828
3.8090274333953857, 9827
3.8090274333953857, 9826
3.8090274333953857, 9825
3.8090274333953857, 9824
3.8090274333953857, 9823
3.8090274333953857, 9822
3.8100268840789795, 9821
3.8100268840789795, 9820
3.8100268840789795, 9819
3.8100268840789795, 9818
3.8100268840789795, 9817
3.8100268840789795, 9816
3.8100268840789795, 9815
3.8100268840789795, 9814
3.8100268840789795, 9813
3.8100268840789795, 9812
3.8100268840789795, 9811
3.8100268840789795, 9810
3.8100268840789795, 9809
3.8100268840789795, 9808
3.8100268840789795, 9807
3.811025619506836, 9806
3.811025619506836, 9805
3.811025619506836, 9804
3.811025619506836, 9803
