0.11648035049438477, 10966
0.11648035049438477, 10965
0.11648035049438477, 10964
0.11648035049438477, 10963
0.11648035049438477, 10962
0.11648035049438477, 10961
0.11648035049438477, 10960
0.11648035049438477, 10959
0.11648035049438477, 10958
0.11700820922851562, 10957
0.11700820922851562, 10956
0.11700820922851562, 10955
0.11700820922851562, 10954
0.11700820922851562, 10953
0.11700820922851562, 10952
0.11700820922851562, 10951
0.11700820922851562, 10950
0.11700820922851562, 10949
0.11700820922851562, 10948
0.11700820922851562, 10947
0.11700820922851562, 10946
0.11700820922851562, 10945
0.11794829368591309, 10944
0.2352008819580078, 10943
0.2352008819580078, 10942
0.2352008819580078, 10941
0.2352008819580078, 10940
0.2352008819580078, 10939
0.2352008819580078, 10938
0.2352008819580078, 10937
0.2352008819580078, 10936
0.2352008819580078, 10935
0.2352008819580078, 10934
0.2352008819580078, 10933
0.2352008819580078, 10932
0.2352008819580078, 10931
0.2352008819580078, 10930
0.2352008819580078, 10929
0.23620104789733887, 10928
0.23620104789733887, 10927
0.23620104789733887, 10926
0.23620104789733887, 10925
0.23620104789733887, 10924
0.23620104789733887, 10923
0.23620104789733887, 10922
0.23620104789733887, 10921
0.23620104789733887, 10920
0.23620104789733887, 10919
0.23620104789733887, 10918
0.23620104789733887, 10917
0.23620104789733887, 10916
0.23620104789733887, 10915
0.23620104789733887, 10914
0.23620104789733887, 10913
0.23620104789733887, 10912
0.23620104789733887, 10911
0.23720097541809082, 10910
0.23720097541809082, 10909
0.23720097541809082, 10908
0.23720097541809082, 10907
0.23720097541809082, 10906
0.23720097541809082, 10905
0.23720097541809082, 10904
0.23720097541809082, 10903
0.23720097541809082, 10902
0.23720097541809082, 10901
0.23720097541809082, 10900
0.23720097541809082, 10899
0.23720097541809082, 10898
0.23720097541809082, 10897
0.23720097541809082, 10896
0.23720097541809082, 10895
0.23720097541809082, 10894
0.23820114135742188, 10893
0.23820114135742188, 10892
0.23820114135742188, 10891
0.23820114135742188, 10890
0.23820114135742188, 10889
0.23820114135742188, 10888
0.23820114135742188, 10887
0.23820114135742188, 10886
0.23820114135742188, 10885
0.23820114135742188, 10884
0.23820114135742188, 10883
0.23820114135742188, 10882
0.23820114135742188, 10881
0.23820114135742188, 10880
0.23820114135742188, 10879
0.23820114135742188, 10878
0.23820114135742188, 10877
0.23820114135742188, 10876
0.23920130729675293, 10875
0.23920130729675293, 10874
0.23920130729675293, 10873
0.23920130729675293, 10872
0.23920130729675293, 10871
0.23920130729675293, 10870
0.23920130729675293, 10869
0.23920130729675293, 10868
0.23920130729675293, 10867
0.23920130729675293, 10866
0.23920130729675293, 10865
0.23920130729675293, 10864
0.23920130729675293, 10863
0.23920130729675293, 10862
0.23920130729675293, 10861
0.23920130729675293, 10860
0.23920130729675293, 10859
0.23920130729675293, 10858
0.24020147323608398, 10857
0.24020147323608398, 10856
0.24020147323608398, 10855
0.24020147323608398, 10854
0.24020147323608398, 10853
0.24020147323608398, 10852
0.24020147323608398, 10851
0.24020147323608398, 10850
0.24020147323608398, 10849
0.24020147323608398, 10848
0.24020147323608398, 10847
0.24020147323608398, 10846
0.24020147323608398, 10845
0.24020147323608398, 10844
0.24020147323608398, 10843
0.24020147323608398, 10842
0.24020147323608398, 10841
0.24120640754699707, 10840
0.24120640754699707, 10839
0.24120640754699707, 10838
0.24120640754699707, 10837
0.24120640754699707, 10836
0.24120640754699707, 10835
0.24120640754699707, 10834
0.24120640754699707, 10833
0.24120640754699707, 10832
0.24120640754699707, 10831
0.24120640754699707, 10830
0.24120640754699707, 10829
0.24120640754699707, 10828
0.24120640754699707, 10827
0.24120640754699707, 10826
0.24120640754699707, 10825
0.24120640754699707, 10824
0.24220585823059082, 10823
0.24220585823059082, 10822
0.24220585823059082, 10821
0.24220585823059082, 10820
0.24220585823059082, 10819
0.24220585823059082, 10818
0.24220585823059082, 10817
0.24220585823059082, 10816
0.24220585823059082, 10815
0.24220585823059082, 10814
0.24220585823059082, 10813
0.24220585823059082, 10812
0.24220585823059082, 10811
0.24220585823059082, 10810
0.24220585823059082, 10809
0.24320435523986816, 10808
0.24320435523986816, 10807
0.3601806163787842, 10806
0.3601806163787842, 10805
0.3601806163787842, 10804
0.3601806163787842, 10803
0.3601806163787842, 10802
0.3601806163787842, 10801
0.3601806163787842, 10800
0.3601806163787842, 10799
0.3601806163787842, 10798
0.3601806163787842, 10797
0.3601806163787842, 10796
0.3601806163787842, 10795
0.36118054389953613, 10794
0.36118054389953613, 10793
0.36118054389953613, 10792
0.36118054389953613, 10791
0.36118054389953613, 10790
0.36118054389953613, 10789
0.36118054389953613, 10788
0.36118054389953613, 10787
0.36118054389953613, 10786
0.36118054389953613, 10785
0.36118054389953613, 10784
0.36118054389953613, 10783
0.36118054389953613, 10782
0.36118054389953613, 10781
0.36118054389953613, 10780
0.36118054389953613, 10779
0.36118054389953613, 10778
0.36118054389953613, 10777
0.3621807098388672, 10776
0.3621807098388672, 10775
0.3621807098388672, 10774
0.3621807098388672, 10773
0.3621807098388672, 10772
0.3621807098388672, 10771
0.3621807098388672, 10770
0.3621807098388672, 10769
0.3621807098388672, 10768
0.3621807098388672, 10767
0.3621807098388672, 10766
0.3621807098388672, 10765
0.3621807098388672, 10764
0.3621807098388672, 10763
0.3621807098388672, 10762
0.3621807098388672, 10761
0.36318087577819824, 10760
0.36318087577819824, 10759
0.36318087577819824, 10758
0.36318087577819824, 10757
0.36318087577819824, 10756
0.36318087577819824, 10755
0.36318087577819824, 10754
0.36318087577819824, 10753
0.36318087577819824, 10752
0.36318087577819824, 10751
0.36318087577819824, 10750
0.36318087577819824, 10749
0.36318087577819824, 10748
0.36318087577819824, 10747
0.36318087577819824, 10746
0.36318087577819824, 10745
0.36318087577819824, 10744
0.36318087577819824, 10743
0.3641805648803711, 10742
0.3641805648803711, 10741
0.3641805648803711, 10740
0.3641805648803711, 10739
0.3641805648803711, 10738
0.3641805648803711, 10737
0.3641805648803711, 10736
0.3641805648803711, 10735
0.3641805648803711, 10734
0.3641805648803711, 10733
0.3641805648803711, 10732
0.3641805648803711, 10731
0.3641805648803711, 10730
0.3641805648803711, 10729
0.3641805648803711, 10728
0.5979092121124268, 10727
0.5979092121124268, 10726
0.5979092121124268, 10725
0.5979092121124268, 10724
0.5979092121124268, 10723
0.5979092121124268, 10722
0.5979092121124268, 10721
0.5979092121124268, 10720
0.5979092121124268, 10719
0.5989091396331787, 10718
0.5989091396331787, 10717
0.5989091396331787, 10716
0.5989091396331787, 10715
0.5989091396331787, 10714
0.5989091396331787, 10713
0.5989091396331787, 10712
0.5989091396331787, 10711
0.5989091396331787, 10710
0.5989091396331787, 10709
0.5989091396331787, 10708
0.5989091396331787, 10707
0.5989091396331787, 10706
0.5989091396331787, 10705
0.5989091396331787, 10704
0.5989091396331787, 10703
0.5989091396331787, 10702
0.5989091396331787, 10701
0.5999090671539307, 10700
0.5999090671539307, 10699
0.5999090671539307, 10698
0.5999090671539307, 10697
0.5999090671539307, 10696
0.5999090671539307, 10695
0.5999090671539307, 10694
0.5999090671539307, 10693
0.5999090671539307, 10692
0.5999090671539307, 10691
0.5999090671539307, 10690
0.5999090671539307, 10689
0.5999090671539307, 10688
0.5999090671539307, 10687
0.5999090671539307, 10686
0.5999090671539307, 10685
0.5999090671539307, 10684
0.5999090671539307, 10683
0.6009087562561035, 10682
0.6009087562561035, 10681
0.6009087562561035, 10680
0.6009087562561035, 10679
0.6009087562561035, 10678
0.6009087562561035, 10677
0.6009087562561035, 10676
0.6009087562561035, 10675
0.6009087562561035, 10674
0.6009087562561035, 10673
0.6009087562561035, 10672
0.6009087562561035, 10671
0.6009087562561035, 10670
0.6009087562561035, 10669
0.6009087562561035, 10668
0.6009087562561035, 10667
0.6009087562561035, 10666
0.6009087562561035, 10665
0.6019093990325928, 10664
0.6019093990325928, 10663
0.6019093990325928, 10662
0.6019093990325928, 10661
0.6019093990325928, 10660
0.6019093990325928, 10659
0.6019093990325928, 10658
0.6019093990325928, 10657
0.6019093990325928, 10656
0.6019093990325928, 10655
0.6019093990325928, 10654
0.6019093990325928, 10653
0.6019093990325928, 10652
0.6019093990325928, 10651
0.6019093990325928, 10650
0.6019093990325928, 10649
0.6029093265533447, 10648
0.6029093265533447, 10647
0.6029093265533447, 10646
0.6029093265533447, 10645
0.6029093265533447, 10644
0.6029093265533447, 10643
0.6029093265533447, 10642
0.6029093265533447, 10641
0.6029093265533447, 10640
0.6029093265533447, 10639
0.6029093265533447, 10638
0.6029093265533447, 10637
0.6029093265533447, 10636
0.6029093265533447, 10635
0.6029093265533447, 10634
0.6029093265533447, 10633
0.6029093265533447, 10632
0.6039092540740967, 10631
0.6039092540740967, 10630
0.6039092540740967, 10629
0.6039092540740967, 10628
0.6039092540740967, 10627
0.6039092540740967, 10626
0.6039092540740967, 10625
0.6039092540740967, 10624
0.6039092540740967, 10623
0.6039092540740967, 10622
0.6039092540740967, 10621
0.6039092540740967, 10620
0.6039092540740967, 10619
0.6039092540740967, 10618
0.6049096584320068, 10617
0.6049096584320068, 10616
0.6049096584320068, 10615
0.6049096584320068, 10614
0.6049096584320068, 10613
0.6049096584320068, 10612
0.6049096584320068, 10611
0.6049096584320068, 10610
0.6049096584320068, 10609
0.6049096584320068, 10608
0.6049096584320068, 10607
0.6049096584320068, 10606
0.6049096584320068, 10605
0.6049096584320068, 10604
0.6049096584320068, 10603
0.6049096584320068, 10602
0.6059093475341797, 10601
0.6059093475341797, 10600
0.6059093475341797, 10599
0.6059093475341797, 10598
0.6059093475341797, 10597
0.6059093475341797, 10596
0.6059093475341797, 10595
0.6059093475341797, 10594
0.6059093475341797, 10593
0.6059093475341797, 10592
0.6059093475341797, 10591
0.6059093475341797, 10590
0.6059093475341797, 10589
0.6059093475341797, 10588
0.6059093475341797, 10587
0.6059093475341797, 10586
0.6059093475341797, 10585
0.6069092750549316, 10584
0.6069092750549316, 10583
0.6069092750549316, 10582
0.6069092750549316, 10581
0.6069092750549316, 10580
0.6069092750549316, 10579
0.6069092750549316, 10578
0.6069092750549316, 10577
0.6069092750549316, 10576
0.6069092750549316, 10575
0.6069092750549316, 10574
0.6069092750549316, 10573
0.6069092750549316, 10572
0.6069092750549316, 10571
0.6069092750549316, 10570
0.6069092750549316, 10569
0.6069092750549316, 10568
0.6079394817352295, 10567
0.6079394817352295, 10566
7.080115079879761, 10565
7.080115079879761, 10564
7.080115079879761, 10563
7.080115079879761, 10562
7.080115079879761, 10561
7.081114768981934, 10560
7.081114768981934, 10559
7.081114768981934, 10558
7.081114768981934, 10557
7.081114768981934, 10556
7.081114768981934, 10555
7.081114768981934, 10554
7.081114768981934, 10553
7.081114768981934, 10552
7.081114768981934, 10551
7.081114768981934, 10550
7.081114768981934, 10549
7.081114768981934, 10548
7.081114768981934, 10547
7.081114768981934, 10546
7.081114768981934, 10545
7.0821146965026855, 10544
7.0821146965026855, 10543
7.0821146965026855, 10542
7.0821146965026855, 10541
7.0821146965026855, 10540
7.0821146965026855, 10539
7.0821146965026855, 10538
7.0821146965026855, 10537
7.0821146965026855, 10536
7.0821146965026855, 10535
7.0821146965026855, 10534
7.0821146965026855, 10533
7.0821146965026855, 10532
7.0821146965026855, 10531
7.0821146965026855, 10530
7.0821146965026855, 10529
7.0821146965026855, 10528
7.083114862442017, 10527
7.083114862442017, 10526
7.083114862442017, 10525
7.083114862442017, 10524
7.083114862442017, 10523
7.083114862442017, 10522
7.083114862442017, 10521
7.083114862442017, 10520
7.083114862442017, 10519
7.083114862442017, 10518
7.083114862442017, 10517
7.083114862442017, 10516
7.083114862442017, 10515
7.083114862442017, 10514
7.083114862442017, 10513
7.083114862442017, 10512
7.083114862442017, 10511
7.0841147899627686, 10510
7.0841147899627686, 10509
7.0841147899627686, 10508
7.0841147899627686, 10507
7.0841147899627686, 10506
7.0841147899627686, 10505
7.0841147899627686, 10504
7.0841147899627686, 10503
7.0841147899627686, 10502
7.0841147899627686, 10501
7.0841147899627686, 10500
7.0841147899627686, 10499
7.0841147899627686, 10498
7.0841147899627686, 10497
7.0841147899627686, 10496
7.0841147899627686, 10495
7.0851149559021, 10494
7.0851149559021, 10493
7.0851149559021, 10492
7.0851149559021, 10491
7.0851149559021, 10490
7.0851149559021, 10489
7.0851149559021, 10488
7.0851149559021, 10487
7.0851149559021, 10486
7.0851149559021, 10432
7.0851149559021, 10431
7.0851149559021, 10430
7.0861146450042725, 10429
7.0861146450042725, 10428
7.0861146450042725, 10427
7.0861146450042725, 10426
7.0861146450042725, 10425
7.0861146450042725, 10424
7.0861146450042725, 10423
7.0861146450042725, 10422
