0.1769106388092041, 13987
0.1769106388092041, 13986
0.1769106388092041, 13985
0.1769106388092041, 13984
0.1769106388092041, 13983
0.1769106388092041, 13982
0.1769106388092041, 13981
0.1769106388092041, 13980
0.1769106388092041, 13979
0.1769106388092041, 13978
0.1769106388092041, 13977
0.17791128158569336, 13976
0.17791128158569336, 13975
0.17791128158569336, 13974
0.17791128158569336, 13973
0.17791128158569336, 13972
0.17791128158569336, 13971
0.17791128158569336, 13970
0.17791128158569336, 13969
0.17791128158569336, 13968
0.17791128158569336, 13967
0.17791128158569336, 13966
0.1789109706878662, 13965
0.1789109706878662, 13964
0.1789109706878662, 13963
0.1789109706878662, 13962
0.17921924591064453, 13961
0.17921924591064453, 13960
0.17921924591064453, 13959
0.17921924591064453, 13958
0.17921924591064453, 13957
0.17921924591064453, 13956
0.17921924591064453, 13955
0.17921924591064453, 13954
0.17921924591064453, 13953
0.17991065979003906, 13952
0.17991065979003906, 13951
0.17991065979003906, 13950
0.17991065979003906, 13949
0.17991065979003906, 13948
0.17991065979003906, 13947
0.17991065979003906, 13946
0.17991065979003906, 13945
0.17991065979003906, 13944
0.17991065979003906, 13943
0.17991065979003906, 13942
0.17991065979003906, 13941
0.17991065979003906, 13940
0.17991065979003906, 13939
0.17991065979003906, 13938
0.1809101104736328, 13937
0.1809101104736328, 13936
0.1809101104736328, 13935
0.1809101104736328, 13934
0.1809101104736328, 13933
0.1809101104736328, 13932
0.1809101104736328, 13931
0.1809101104736328, 13930
0.1809101104736328, 13929
0.1809101104736328, 13928
0.1809101104736328, 13927
0.1809101104736328, 13926
0.1809101104736328, 13925
0.1809101104736328, 13924
0.1809101104736328, 13923
0.1809101104736328, 13922
0.18190979957580566, 13921
0.18190979957580566, 13920
0.18190979957580566, 13919
0.18190979957580566, 13918
0.18190979957580566, 13917
0.18190979957580566, 13916
0.18190979957580566, 13915
0.18190979957580566, 13914
0.18190979957580566, 13913
0.18190979957580566, 13912
0.18190979957580566, 13911
0.18190979957580566, 13910
0.18190979957580566, 13909
0.18190979957580566, 13908
0.18190979957580566, 13907
0.18190979957580566, 13906
0.18291068077087402, 13905
0.18291068077087402, 13904
0.18291068077087402, 13903
0.18291068077087402, 13902
0.18291068077087402, 13901
0.18291068077087402, 13900
0.18291068077087402, 13899
0.18291068077087402, 13898
0.18291068077087402, 13897
0.18291068077087402, 13896
0.18291068077087402, 13895
0.18291068077087402, 13894
0.18291068077087402, 13893
0.18291068077087402, 13892
0.18291068077087402, 13891
0.18291068077087402, 13890
0.18391013145446777, 13889
0.18391013145446777, 13888
0.18391013145446777, 13887
0.18391013145446777, 13886
0.18391013145446777, 13885
0.18391013145446777, 13884
0.18391013145446777, 13883
0.18391013145446777, 13882
0.18391013145446777, 13881
0.18391013145446777, 13880
0.18391013145446777, 13879
0.18391013145446777, 13878
0.18391013145446777, 13877
0.18391013145446777, 13876
0.18391013145446777, 13875
0.18491291999816895, 13874
0.18491291999816895, 13873
0.18491291999816895, 13872
0.18491291999816895, 13871
0.18491291999816895, 13870
0.18491291999816895, 13869
0.18491291999816895, 13868
0.18491291999816895, 13867
0.18491291999816895, 13866
0.18491291999816895, 13865
0.18491291999816895, 13864
0.18491291999816895, 13863
0.18491291999816895, 13862
0.18491291999816895, 13861
0.18491291999816895, 13860
0.18491291999816895, 13859
0.18592023849487305, 13858
0.18592023849487305, 13857
0.18599963188171387, 13856
0.18599963188171387, 13855
0.18599963188171387, 13854
0.18599963188171387, 13853
0.18599963188171387, 13852
0.18599963188171387, 13851
0.18599963188171387, 13850
0.18599963188171387, 13849
0.18599963188171387, 13848
0.18599963188171387, 13847
0.18599963188171387, 13846
0.18599963188171387, 13845
0.18599963188171387, 13844
0.18599963188171387, 13843
0.1869215965270996, 13842
0.1869215965270996, 13841
0.1869215965270996, 13840
0.1869215965270996, 13839
0.1869215965270996, 13838
0.1869215965270996, 13837
0.1869215965270996, 13836
0.1869215965270996, 13835
0.1869215965270996, 13834
0.1869215965270996, 13833
0.1869215965270996, 13832
0.1869215965270996, 13831
0.1869215965270996, 13830
0.1869215965270996, 13829
0.1869215965270996, 13828
0.1869215965270996, 13827
0.18791961669921875, 13826
0.18791961669921875, 13825
0.18791961669921875, 13824
0.18791961669921875, 13823
0.18791961669921875, 13822
0.18791961669921875, 13821
0.18791961669921875, 13820
0.18791961669921875, 13819
0.18791961669921875, 13818
0.18791961669921875, 13817
0.18791961669921875, 13816
0.18791961669921875, 13815
0.18791961669921875, 13814
0.18791961669921875, 13813
0.18791961669921875, 13812
0.18892383575439453, 13811
0.18892383575439453, 13810
0.18892383575439453, 13809
0.18892383575439453, 13808
0.18892383575439453, 13807
0.18892383575439453, 13806
0.18892383575439453, 13805
0.18892383575439453, 13804
0.18892383575439453, 13803
0.18892383575439453, 13802
0.18892383575439453, 13801
0.18892383575439453, 13800
0.18892383575439453, 13799
0.18892383575439453, 13798
0.18892383575439453, 13797
0.18892383575439453, 13796
0.18993258476257324, 13795
0.18993258476257324, 13794
0.18993258476257324, 13793
0.18993258476257324, 13792
0.18993258476257324, 13791
0.36918163299560547, 13790
0.36918163299560547, 13789
0.36918163299560547, 13788
0.36918163299560547, 13787
0.36918163299560547, 13786
0.36918163299560547, 13785
0.36918163299560547, 13784
0.37018275260925293, 13783
0.37018275260925293, 13782
0.37018275260925293, 13781
0.37018275260925293, 13780
0.37018275260925293, 13779
0.37018275260925293, 13778
0.37018275260925293, 13777
0.37018275260925293, 13776
0.37018275260925293, 13775
0.37018275260925293, 13774
0.37018275260925293, 13773
0.37018275260925293, 13772
0.37018275260925293, 13771
0.37018275260925293, 13770
0.37018275260925293, 13769
0.37118101119995117, 13768
0.37118101119995117, 13767
0.37118101119995117, 13766
0.37118101119995117, 13765
0.37118101119995117, 13764
0.37118101119995117, 13763
0.37118101119995117, 13762
0.37118101119995117, 13761
0.37118101119995117, 13760
0.37118101119995117, 13759
0.37118101119995117, 13758
0.37118101119995117, 13757
0.37118101119995117, 13756
0.37118101119995117, 13755
0.37118101119995117, 13754
0.3721809387207031, 13753
0.3721809387207031, 13752
0.3721809387207031, 13751
0.3721809387207031, 13750
0.3721809387207031, 13749
0.3721809387207031, 13748
0.3721809387207031, 13747
0.3721809387207031, 13746
0.3721809387207031, 13745
0.3721809387207031, 13744
0.3721809387207031, 13743
0.3721809387207031, 13742
0.3721809387207031, 13741
0.3721809387207031, 13740
0.3731834888458252, 13739
0.3731834888458252, 13738
0.3731834888458252, 13737
0.3731834888458252, 13736
0.3731834888458252, 13735
0.3731834888458252, 13734
0.3731834888458252, 13733
0.3731834888458252, 13732
0.3731834888458252, 13731
0.3731834888458252, 13730
0.3731834888458252, 13729
0.3731834888458252, 13728
0.3731834888458252, 13727
0.3731834888458252, 13726
0.3731834888458252, 13725
0.37418079376220703, 13724
0.37418079376220703, 13723
0.37418079376220703, 13722
0.37418079376220703, 13721
0.37418079376220703, 13720
0.37418079376220703, 13719
0.37418079376220703, 13718
0.37418079376220703, 13717
0.37418079376220703, 13716
0.37418079376220703, 13715
0.37418079376220703, 13714
0.37418079376220703, 13713
0.37418079376220703, 13712
2.0299463272094727, 13711
2.0299463272094727, 13710
2.0299463272094727, 13709
2.0299463272094727, 13708
2.0299463272094727, 13707
2.0299463272094727, 13706
2.0299463272094727, 13705
2.0299463272094727, 13704
2.0299463272094727, 13703
2.0299463272094727, 13702
2.0299463272094727, 13701
2.0299463272094727, 13700
2.0310137271881104, 13699
2.0310137271881104, 13698
2.0310137271881104, 13697
2.0310137271881104, 13696
2.0310137271881104, 13695
2.0310137271881104, 13694
2.0310137271881104, 13693
2.0310137271881104, 13692
2.0310137271881104, 13691
2.0310137271881104, 13690
2.0310137271881104, 13689
2.0310137271881104, 13688
2.0310137271881104, 13687
2.031946897506714, 13686
2.031946897506714, 13685
2.031946897506714, 13684
2.031946897506714, 13683
2.031946897506714, 13682
2.031946897506714, 13681
2.031946897506714, 13680
2.031946897506714, 13679
2.031946897506714, 13678
2.031946897506714, 13677
2.031946897506714, 13676
2.031946897506714, 13675
2.031946897506714, 13674
2.031946897506714, 13673
2.031946897506714, 13672
2.0329461097717285, 13671
2.0329461097717285, 13670
2.0329461097717285, 13669
2.0329461097717285, 13668
2.0329461097717285, 13667
2.0329461097717285, 13666
2.0329461097717285, 13665
2.0329461097717285, 13664
2.0329461097717285, 13663
2.0329461097717285, 13662
2.0329461097717285, 13661
2.0329461097717285, 13660
2.0329461097717285, 13659
2.0329461097717285, 13658
2.0329461097717285, 13657
2.0339460372924805, 13656
2.0339460372924805, 13655
2.0339460372924805, 13654
2.0339460372924805, 13653
2.0339460372924805, 13652
2.0339460372924805, 13651
2.0339460372924805, 13650
2.0339460372924805, 13649
2.0339460372924805, 13648
2.0339460372924805, 13647
2.0339460372924805, 13646
2.0339460372924805, 13645
2.0339460372924805, 13644
2.0339460372924805, 13643
2.0339460372924805, 13642
2.034946918487549, 13641
2.034946918487549, 13640
2.034946918487549, 13639
2.034946918487549, 13638
2.034946918487549, 13637
2.034946918487549, 13636
2.034946918487549, 13635
2.034946918487549, 13634
2.034946918487549, 13633
2.034946918487549, 13632
2.034946918487549, 13631
2.034946918487549, 13630
2.034946918487549, 13629
2.034946918487549, 13628
2.0359461307525635, 13627
2.036008596420288, 13626
2.036008596420288, 13625
2.036008596420288, 13624
2.036008596420288, 13623
2.036008596420288, 13622
2.036008596420288, 13621
2.036008596420288, 13620
2.036008596420288, 13619
2.036008596420288, 13618
2.036008596420288, 13617
2.036008596420288, 13616
2.036008596420288, 13615
2.036008596420288, 13614
2.036008596420288, 13613
2.0369460582733154, 13612
2.0369460582733154, 13611
2.0369460582733154, 13610
2.0369460582733154, 13609
2.0369460582733154, 13608
2.0369460582733154, 13607
2.0369460582733154, 13606
2.0369460582733154, 13605
2.0369460582733154, 13604
2.0369460582733154, 13603
2.0369460582733154, 13602
2.0369460582733154, 13601
2.0369460582733154, 13600
2.0369460582733154, 13599
2.0369460582733154, 13598
2.0379459857940674, 13597
2.0379459857940674, 13596
2.0379459857940674, 13595
2.0379459857940674, 13594
2.0379459857940674, 13593
2.0379459857940674, 13592
2.0379459857940674, 13591
2.0379459857940674, 13590
2.0379459857940674, 13589
2.0379459857940674, 13588
2.0379459857940674, 13587
2.0379459857940674, 13586
2.0379459857940674, 13585
2.0379459857940674, 13584
2.0379459857940674, 13583
2.0389461517333984, 13582
2.0389461517333984, 13581
2.0389461517333984, 13580
2.0389461517333984, 13579
2.0389461517333984, 13578
2.0389461517333984, 13577
2.0389461517333984, 13576
2.0389461517333984, 13575
2.0389461517333984, 13574
2.0389461517333984, 13573
2.0389461517333984, 13572
2.0389461517333984, 13571
2.0389461517333984, 13570
2.0389461517333984, 13569
2.0389461517333984, 13568
2.0399460792541504, 13567
2.0399460792541504, 13566
2.0399460792541504, 13565
2.0399460792541504, 13564
2.0399460792541504, 13563
2.0399460792541504, 13562
2.0399460792541504, 13561
2.0399460792541504, 13560
2.0399460792541504, 13559
2.0399460792541504, 13558
2.0399460792541504, 13557
2.0399460792541504, 13556
2.0399460792541504, 13555
2.0399460792541504, 13554
2.0409460067749023, 13553
2.0409460067749023, 13552
2.0409460067749023, 13551
2.0409460067749023, 13550
2.0409460067749023, 13549
2.0409460067749023, 13548
2.0409460067749023, 13547
2.0409460067749023, 13546
2.0409460067749023, 13545
2.0409460067749023, 13544
2.0409460067749023, 13543
2.0409460067749023, 13542
2.0409460067749023, 13541
2.0409460067749023, 13540
2.0409460067749023, 13539
2.0419461727142334, 13538
2.0419461727142334, 13537
2.0419461727142334, 13536
2.0419461727142334, 13535
2.0419461727142334, 13534
2.0419461727142334, 13533
2.0419461727142334, 13532
2.0423805713653564, 13531
2.0423805713653564, 13530
2.0423805713653564, 13529
2.0423805713653564, 13528
2.0423805713653564, 13527
2.0423805713653564, 13526
2.0423805713653564, 13525
2.0423805713653564, 13524
2.0429463386535645, 13523
2.0429463386535645, 13522
2.0429463386535645, 13521
2.0429463386535645, 13520
2.0429463386535645, 13519
2.0429463386535645, 13518
2.0429463386535645, 13517
2.0429463386535645, 13516
2.0429463386535645, 13515
2.0429463386535645, 13514
2.0429463386535645, 13513
2.0429463386535645, 13512
2.0429463386535645, 13511
2.0429463386535645, 13510
2.0429463386535645, 13509
2.0439462661743164, 13508
2.0439462661743164, 13507
2.0439462661743164, 13506
2.0439462661743164, 13505
2.0439462661743164, 13504
2.0439462661743164, 13503
2.0439462661743164, 13502
2.0439462661743164, 13501
2.0439462661743164, 13500
2.0439462661743164, 13499
2.0439462661743164, 13498
2.0439462661743164, 13497
2.0439462661743164, 13496
2.0439462661743164, 13495
2.0449461936950684, 13494
2.0449461936950684, 13493
2.0449461936950684, 13492
2.0449461936950684, 13491
2.0449461936950684, 13490
2.0449461936950684, 13489
2.0449461936950684, 13488
2.0449461936950684, 13487
2.0449461936950684, 13486
2.0449461936950684, 13485
2.0449461936950684, 13484
2.0449461936950684, 13483
2.0449461936950684, 13482
2.0449461936950684, 13481
2.0459463596343994, 13480
2.0459463596343994, 13479
2.0459463596343994, 13478
2.0459463596343994, 13477
2.0459463596343994, 13476
2.0459463596343994, 13475
2.0459463596343994, 13474
2.0459463596343994, 13473
2.0459463596343994, 13472
2.0459463596343994, 13471
2.0459463596343994, 13470
2.0459463596343994, 13469
2.0459463596343994, 13468
2.0459463596343994, 13467
2.0469460487365723, 13466
2.0469460487365723, 13465
2.0469460487365723, 13464
2.0469460487365723, 13463
2.0469460487365723, 13462
2.0469460487365723, 13461
2.0469460487365723, 13460
2.0469460487365723, 13459
2.0469460487365723, 13458
2.0469460487365723, 13457
2.0469460487365723, 13456
2.0469460487365723, 13455
2.0469460487365723, 13454
2.0469460487365723, 13453
2.0479464530944824, 13452
2.0479464530944824, 13451
2.0479464530944824, 13450
2.0479464530944824, 13449
2.0479464530944824, 13448
2.0479464530944824, 13447
2.0479464530944824, 13446
2.0479464530944824, 13445
2.0479464530944824, 13444
2.0479464530944824, 13443
2.0479464530944824, 13442
2.0479464530944824, 13441
2.0479464530944824, 13440
2.0479464530944824, 13439
2.0479464530944824, 13438
2.0489461421966553, 13437
2.0489461421966553, 13436
2.0489461421966553, 13435
2.0489461421966553, 13434
2.0489461421966553, 13433
2.0489461421966553, 13432
2.0489461421966553, 13431
2.0489461421966553, 13430
2.0489461421966553, 13429
2.0489461421966553, 13428
2.0489461421966553, 13427
2.0489461421966553, 13426
2.0489461421966553, 13425
2.0489461421966553, 13424
2.0489461421966553, 13423
2.0499460697174072, 13422
2.0499460697174072, 13421
2.0499460697174072, 13420
2.0499460697174072, 13419
2.0499460697174072, 13418
2.0499460697174072, 13417
2.0499460697174072, 13416
2.0499460697174072, 13415
2.0499460697174072, 13414
2.0499460697174072, 13413
2.0499460697174072, 13412
2.0499460697174072, 13411
2.0499460697174072, 13410
2.0499460697174072, 13409
2.0499460697174072, 13408
2.0509462356567383, 13407
2.0509462356567383, 13406
2.0509462356567383, 13405
2.0509462356567383, 13404
2.0509462356567383, 13403
2.0509462356567383, 13402
2.0509462356567383, 13401
2.0509462356567383, 13400
2.0509462356567383, 13399
2.0509462356567383, 13398
2.0509462356567383, 13397
2.0509462356567383, 13396
2.0509462356567383, 13395
2.0509462356567383, 13394
2.0519461631774902, 13393
2.0519461631774902, 13392
2.0519461631774902, 13391
2.0519461631774902, 13390
2.0519461631774902, 13389
2.0519461631774902, 13388
2.0519461631774902, 13387
2.0519461631774902, 13386
2.0519461631774902, 13385
2.0519461631774902, 13384
2.0519461631774902, 13383
2.0519461631774902, 13382
2.0519461631774902, 13381
2.0519461631774902, 13380
2.0519461631774902, 13379
2.052946090698242, 13378
2.052946090698242, 13377
2.052946090698242, 13376
2.052946090698242, 13375
2.052946090698242, 13374
2.052946090698242, 13373
2.052946090698242, 13372
2.052946090698242, 13371
2.052946090698242, 13370
2.053539752960205, 13369
2.053539752960205, 13368
2.053539752960205, 13367
2.053539752960205, 13366
2.053539752960205, 13365
2.0539462566375732, 13364
2.0539462566375732, 13363
2.0539462566375732, 13362
2.0539462566375732, 13361
2.0539462566375732, 13360
2.0539462566375732, 13359
2.0539462566375732, 13358
2.0539462566375732, 13357
2.0539462566375732, 13356
2.0539462566375732, 13355
2.0539462566375732, 13354
2.0539462566375732, 13353
2.0539462566375732, 13352
2.0539462566375732, 13351
2.0539462566375732, 13350
2.054945945739746, 13349
2.054945945739746, 13348
2.054945945739746, 13347
2.054945945739746, 13346
2.054945945739746, 13345
2.054945945739746, 13344
2.054945945739746, 13343
2.054945945739746, 13342
2.054945945739746, 13341
2.054945945739746, 13340
2.054945945739746, 13339
2.054945945739746, 13338
2.054945945739746, 13337
2.054945945739746, 13336
2.055946111679077, 13335
2.055946111679077, 13334
2.055946111679077, 13333
2.055946111679077, 13332
2.055946111679077, 13331
2.055946111679077, 13330
2.055946111679077, 13329
2.055946111679077, 13328
2.055946111679077, 13327
2.055946111679077, 13326
2.055946111679077, 13325
2.055946111679077, 13324
2.055946111679077, 13323
2.055946111679077, 13322
2.055946111679077, 13321
2.056946039199829, 13320
2.056946039199829, 13319
2.056946039199829, 13318
2.056946039199829, 13317
2.056946039199829, 13316
2.056946039199829, 13315
2.056946039199829, 13314
2.056946039199829, 13313
2.056946039199829, 13312
2.056946039199829, 13311
2.056946039199829, 13310
2.056946039199829, 13309
2.056946039199829, 13308
2.056946039199829, 13307
2.05794620513916, 13306
2.05794620513916, 13305
2.05794620513916, 13304
2.05794620513916, 13303
2.05794620513916, 13302
2.05794620513916, 13301
2.05794620513916, 13300
2.05794620513916, 13299
2.05794620513916, 13298
2.05794620513916, 13297
2.05794620513916, 13296
2.05794620513916, 13295
2.05794620513916, 13294
2.05794620513916, 13293
2.05794620513916, 13292
2.058945894241333, 13291
2.058945894241333, 13290
2.058945894241333, 13289
2.058945894241333, 13288
2.058945894241333, 13287
2.058945894241333, 13286
2.058945894241333, 13285
2.058945894241333, 13284
2.058945894241333, 13283
2.058945894241333, 13282
2.058945894241333, 13281
2.058945894241333, 13280
2.058945894241333, 13279
2.058945894241333, 13278
2.059946298599243, 13277
2.059946298599243, 13276
2.059946298599243, 13275
2.059946298599243, 13274
2.059946298599243, 13273
2.059946298599243, 13272
2.059946298599243, 13271
2.059946298599243, 13270
2.059946298599243, 13269
2.0605218410491943, 13268
2.0605218410491943, 13267
2.0605218410491943, 13266
2.0605218410491943, 13265
2.0605218410491943, 13264
2.0605218410491943, 13263
2.060946226119995, 13262
2.060946226119995, 13261
2.060946226119995, 13260
2.060946226119995, 13259
2.060946226119995, 13258
2.060946226119995, 13257
2.060946226119995, 13256
2.060946226119995, 13255
2.060946226119995, 13254
2.060946226119995, 13253
2.060946226119995, 13252
2.060946226119995, 13251
2.060946226119995, 13250
2.060946226119995, 13249
2.061946153640747, 13248
2.424924612045288, 13247
2.424924612045288, 13246
2.424924612045288, 13245
2.425553321838379, 13244
2.425553321838379, 13243
2.425553321838379, 13242
2.425553321838379, 13241
2.425553321838379, 13240
2.425553321838379, 13239
2.42592453956604, 13238
2.42592453956604, 13237
2.42592453956604, 13236
2.42592453956604, 13235
2.42592453956604, 13234
2.42592453956604, 13233
2.42592453956604, 13232
2.42592453956604, 13231
2.42592453956604, 13230
2.42592453956604, 13229
2.42592453956604, 13228
2.42592453956604, 13227
2.42592453956604, 13226
2.42592453956604, 13225
2.426924705505371, 13224
2.426924705505371, 13223
2.426924705505371, 13222
2.426924705505371, 13221
2.426924705505371, 13220
2.426924705505371, 13219
2.426924705505371, 13218
2.426924705505371, 13217
2.426924705505371, 13216
2.426924705505371, 13215
2.426924705505371, 13214
2.426924705505371, 13213
2.426924705505371, 13212
2.426924705505371, 13211
2.426924705505371, 13210
2.427924394607544, 13209
2.427924394607544, 13208
2.427924394607544, 13207
2.427924394607544, 13206
2.427924394607544, 13205
2.427924394607544, 13204
2.427924394607544, 13203
2.427924394607544, 13202
2.427924394607544, 13201
2.427924394607544, 13200
2.427924394607544, 13199
2.427924394607544, 13198
2.427924394607544, 13197
2.427924394607544, 13196
2.427924394607544, 13195
2.428924322128296, 13194
2.428924322128296, 13193
2.428924322128296, 13192
2.428924322128296, 13191
2.428924322128296, 13190
2.428924322128296, 13189
2.428924322128296, 13188
2.428924322128296, 13187
2.428924322128296, 13186
2.428924322128296, 13185
2.428924322128296, 13184
2.428924322128296, 13183
2.428924322128296, 13182
2.428924322128296, 13181
2.429924488067627, 13180
2.429924488067627, 13179
2.429924488067627, 13178
2.429924488067627, 13177
2.429924488067627, 13176
2.429924488067627, 13175
2.429924488067627, 13174
2.429924488067627, 13173
2.429924488067627, 13172
2.429924488067627, 13171
2.429924488067627, 13170
2.429924488067627, 13169
2.429924488067627, 13168
2.429924488067627, 13167
2.430924415588379, 13166
2.430924415588379, 13165
2.430924415588379, 13164
2.430924415588379, 13163
2.430924415588379, 13162
2.430924415588379, 13161
2.430924415588379, 13160
2.430924415588379, 13159
2.430924415588379, 13158
2.430924415588379, 13157
2.430924415588379, 13156
2.430924415588379, 13155
2.430924415588379, 13154
2.431791305541992, 13153
2.431924343109131, 13152
2.431924343109131, 13151
2.431924343109131, 13150
2.431924343109131, 13149
2.431924343109131, 13148
2.431924343109131, 13147
2.431924343109131, 13146
2.431924343109131, 13145
2.431924343109131, 13144
2.431924343109131, 13143
2.431924343109131, 13142
2.431924343109131, 13141
2.431924343109131, 13140
2.431924343109131, 13139
2.432924509048462, 13138
2.432924509048462, 13137
2.432924509048462, 13136
2.432924509048462, 13135
2.432924509048462, 13134
2.432924509048462, 13133
2.432924509048462, 13132
2.432924509048462, 13131
2.432924509048462, 13130
2.432924509048462, 13129
2.432924509048462, 13128
2.432924509048462, 13127
2.432924509048462, 13126
2.432924509048462, 13125
2.433924436569214, 13124
2.433924436569214, 13123
2.433924436569214, 13122
2.433924436569214, 13121
2.433924436569214, 13120
2.433924436569214, 13119
2.433924436569214, 13118
2.433924436569214, 13117
2.433924436569214, 13116
2.433924436569214, 13115
2.433924436569214, 13114
2.433924436569214, 13113
2.433924436569214, 13112
2.433924436569214, 13111
2.433924436569214, 13110
2.434924602508545, 13109
2.434924602508545, 13108
2.434924602508545, 13107
2.434924602508545, 13106
2.434924602508545, 13105
2.434924602508545, 13104
2.434924602508545, 13103
2.434924602508545, 13102
2.434924602508545, 13101
2.434924602508545, 13100
2.434924602508545, 13099
2.434924602508545, 13098
2.434924602508545, 13097
2.434924602508545, 13096
2.43599796295166, 13095
2.43599796295166, 13094
2.43599796295166, 13093
2.43599796295166, 13092
2.43599796295166, 13091
2.43599796295166, 13090
2.43599796295166, 13089
2.43599796295166, 13088
2.43599796295166, 13087
2.43599796295166, 13086
2.43599796295166, 13085
2.43599796295166, 13084
2.4369289875030518, 13083
2.4369289875030518, 13082
2.4369289875030518, 13081
2.4369289875030518, 13080
2.4369289875030518, 13079
2.4369289875030518, 13078
2.4369289875030518, 13077
2.4369289875030518, 13076
2.4369289875030518, 13075
2.4369289875030518, 13074
2.4369289875030518, 13073
2.4369289875030518, 13072
2.4369289875030518, 13071
2.4369289875030518, 13070
2.4379262924194336, 13069
2.4379262924194336, 13068
2.4379262924194336, 13067
2.4379262924194336, 13066
2.4379262924194336, 13065
2.4379262924194336, 13064
2.4379262924194336, 13063
2.4379262924194336, 13062
2.4379262924194336, 13061
2.4379262924194336, 13060
2.4379262924194336, 13059
2.4379262924194336, 13058
2.4379262924194336, 13057
2.4379262924194336, 13056
2.438924789428711, 13055
2.4390392303466797, 13054
2.4390392303466797, 13053
2.4390392303466797, 13052
2.4390392303466797, 13051
2.4390392303466797, 13050
2.4390392303466797, 13049
2.4390392303466797, 13048
2.4390392303466797, 13047
2.4390392303466797, 13046
2.4390392303466797, 13045
2.4390392303466797, 13044
2.4390392303466797, 13043
2.4390392303466797, 13042
2.439924716949463, 13041
