0.20622706413269043, 14090
0.20622706413269043, 14089
0.20622706413269043, 14088
0.20714664459228516, 14087
0.20714664459228516, 14086
0.20714664459228516, 14085
0.20714664459228516, 14084
0.20714664459228516, 14083
0.20714664459228516, 14082
0.20714664459228516, 14081
0.20714664459228516, 14080
0.20714664459228516, 14079
0.20714664459228516, 14078
0.20714664459228516, 14077
0.20714664459228516, 14076
0.20714664459228516, 14075
0.20814990997314453, 14074
0.20814990997314453, 14073
0.20814990997314453, 14072
0.20814990997314453, 14071
0.20814990997314453, 14070
0.20814990997314453, 14069
0.20814990997314453, 14068
0.20814990997314453, 14067
0.20814990997314453, 14066
0.20814990997314453, 14065
0.20814990997314453, 14064
0.20814990997314453, 14063
0.20814990997314453, 14062
0.20814990997314453, 14061
0.20814990997314453, 14060
0.2091503143310547, 14059
0.2091503143310547, 14058
0.2091503143310547, 14057
0.2091503143310547, 14056
0.2091503143310547, 14055
0.2091503143310547, 14054
0.2091503143310547, 14053
0.2091503143310547, 14052
0.2091503143310547, 14051
0.2091503143310547, 14050
0.2091503143310547, 14049
0.2091503143310547, 14048
0.2091503143310547, 14047
0.2091503143310547, 14046
0.2091503143310547, 14045
0.21014928817749023, 14044
0.21014928817749023, 14043
0.21014928817749023, 14042
0.21014928817749023, 14041
0.21014928817749023, 14040
0.21014928817749023, 14039
0.21014928817749023, 14038
0.21014928817749023, 14037
0.21014928817749023, 14036
0.21014928817749023, 14035
0.21014928817749023, 14034
0.21014928817749023, 14033
0.21014928817749023, 14032
0.21014928817749023, 14031
0.21014928817749023, 14030
0.2111515998840332, 14029
0.2111515998840332, 14028
0.2111515998840332, 14027
0.2111515998840332, 14026
0.2111515998840332, 14025
0.2111515998840332, 14024
0.2111515998840332, 14023
0.2111515998840332, 14022
0.2111515998840332, 14021
0.2111515998840332, 14020
0.2111515998840332, 14019
0.2111515998840332, 14018
0.2111515998840332, 14017
0.21215128898620605, 14016
0.21215128898620605, 14015
0.21215128898620605, 14014
0.21215128898620605, 14013
0.21215128898620605, 14012
0.21215128898620605, 14011
0.21215128898620605, 14010
0.21215128898620605, 14009
0.21215128898620605, 14008
0.21215128898620605, 14007
0.21215128898620605, 14006
0.21215128898620605, 14005
0.21215128898620605, 14004
0.21215128898620605, 14003
0.21215128898620605, 14002
0.21215128898620605, 14001
0.2131502628326416, 14000
0.2131502628326416, 13999
0.2131502628326416, 13998
0.2131502628326416, 13997
0.2131502628326416, 13996
0.2131502628326416, 13995
0.2131502628326416, 13994
0.2131502628326416, 13993
0.2131502628326416, 13992
0.2131502628326416, 13991
0.2131502628326416, 13990
0.2131502628326416, 13989
0.2131502628326416, 13988
0.2131502628326416, 13987
0.2131502628326416, 13986
0.2131502628326416, 13985
0.21414899826049805, 13984
0.21414899826049805, 13983
0.2142317295074463, 13982
0.2142317295074463, 13981
0.2142317295074463, 13980
0.2142317295074463, 13979
0.2142317295074463, 13978
0.2142317295074463, 13977
0.2142317295074463, 13976
0.2142317295074463, 13975
0.2142317295074463, 13974
0.2142317295074463, 13973
0.2142317295074463, 13972
0.2142317295074463, 13971
0.21500253677368164, 13970
0.21500253677368164, 13969
0.2151484489440918, 13968
0.2151484489440918, 13967
0.2151484489440918, 13966
0.2151484489440918, 13965
0.2151484489440918, 13964
0.2151484489440918, 13963
0.2151484489440918, 13962
0.2151484489440918, 13961
0.2151484489440918, 13960
0.2151484489440918, 13959
0.2151484489440918, 13958
0.2151484489440918, 13957
0.2151484489440918, 13956
0.2151484489440918, 13955
0.2151484489440918, 13954
0.2151484489440918, 13953
0.21622014045715332, 13952
0.21622014045715332, 13951
0.21622014045715332, 13950
0.21622014045715332, 13949
0.21622014045715332, 13948
0.21622014045715332, 13947
0.21622014045715332, 13946
0.21622014045715332, 13945
0.21622014045715332, 13944
0.21622014045715332, 13943
0.21622014045715332, 13942
0.21622014045715332, 13941
0.21622014045715332, 13940
0.21622014045715332, 13939
0.21622014045715332, 13938
0.2171614170074463, 13937
0.2171614170074463, 13936
0.2171614170074463, 13935
0.2171614170074463, 13934
0.2171614170074463, 13933
0.2171614170074463, 13932
0.2171614170074463, 13931
0.2171614170074463, 13930
0.2171614170074463, 13929
0.2171614170074463, 13928
0.2171614170074463, 13927
0.2171614170074463, 13926
0.2171614170074463, 13925
0.2171614170074463, 13924
0.2171614170074463, 13923
0.2171614170074463, 13922
0.21815013885498047, 13921
0.21815013885498047, 13920
0.21815013885498047, 13919
0.21815013885498047, 13918
0.21815013885498047, 13917
0.21815013885498047, 13916
0.21815013885498047, 13915
0.21815013885498047, 13914
0.21815013885498047, 13913
0.21815013885498047, 13912
0.21815013885498047, 13911
0.21815013885498047, 13910
0.21815013885498047, 13909
0.21815013885498047, 13908
0.21901774406433105, 13907
0.21901774406433105, 13906
0.21901774406433105, 13905
0.21901774406433105, 13904
0.21901774406433105, 13903
0.21901774406433105, 13902
0.21901774406433105, 13901
0.21901774406433105, 13900
0.21901774406433105, 13899
0.21901774406433105, 13898
0.21901774406433105, 13897
0.21901774406433105, 13896
0.21901774406433105, 13895
0.21901774406433105, 13894
0.21901774406433105, 13893
0.2200312614440918, 13892
0.2200312614440918, 13891
0.2200312614440918, 13890
0.2200312614440918, 13889
0.2200312614440918, 13888
0.2200312614440918, 13887
0.2200312614440918, 13886
0.2200312614440918, 13885
0.2200312614440918, 13884
0.2200312614440918, 13883
0.2200312614440918, 13882
0.2200312614440918, 13881
0.2200312614440918, 13880
0.2200312614440918, 13879
0.2200312614440918, 13878
0.2200312614440918, 13877
0.22103047370910645, 13876
0.22103047370910645, 13875
0.22103047370910645, 13874
0.22103047370910645, 13873
0.22103047370910645, 13872
0.22103047370910645, 13871
0.22103047370910645, 13870
0.22103047370910645, 13869
0.22103047370910645, 13868
0.22103047370910645, 13867
0.22103047370910645, 13866
0.22103047370910645, 13865
0.22103047370910645, 13864
0.22103047370910645, 13863
0.22103047370910645, 13862
0.22103047370910645, 13861
0.2220304012298584, 13860
0.2220304012298584, 13859
0.2220304012298584, 13858
0.2220304012298584, 13857
0.2220304012298584, 13856
0.2220304012298584, 13855
0.2220304012298584, 13854
0.2220304012298584, 13853
0.2220304012298584, 13852
0.2220304012298584, 13851
0.2220304012298584, 13850
0.2220304012298584, 13849
0.2220304012298584, 13848
0.2220304012298584, 13847
0.2220304012298584, 13846
0.22303080558776855, 13845
0.22303080558776855, 13844
0.2231731414794922, 13843
0.2231731414794922, 13842
0.2231731414794922, 13841
0.2231731414794922, 13840
0.2231731414794922, 13839
0.2231731414794922, 13838
0.2231731414794922, 13837
0.2240283489227295, 13836
0.2240283489227295, 13835
0.2240283489227295, 13834
0.2240283489227295, 13833
0.2240283489227295, 13832
0.2240283489227295, 13831
0.2240283489227295, 13830
0.2240283489227295, 13829
0.2240283489227295, 13828
0.2240283489227295, 13827
0.2240283489227295, 13826
0.2240283489227295, 13825
0.2240283489227295, 13824
0.2240283489227295, 13823
0.2240283489227295, 13822
0.22502994537353516, 13821
0.22502994537353516, 13820
0.22502994537353516, 13819
0.22502994537353516, 13818
0.22502994537353516, 13817
0.22502994537353516, 13816
0.22502994537353516, 13815
0.22502994537353516, 13814
0.22502994537353516, 13813
0.22502994537353516, 13812
0.22502994537353516, 13811
0.22502994537353516, 13810
0.22502994537353516, 13809
0.22502994537353516, 13808
0.22502994537353516, 13807
0.22502994537353516, 13806
0.22607707977294922, 13805
0.22607707977294922, 13804
0.22607707977294922, 13803
0.22607707977294922, 13802
0.22607707977294922, 13801
0.22607707977294922, 13800
0.22607707977294922, 13799
0.22607707977294922, 13798
0.22607707977294922, 13797
0.22607707977294922, 13796
0.22607707977294922, 13795
0.22607707977294922, 13794
0.22607707977294922, 13793
0.22607707977294922, 13792
0.22607707977294922, 13791
0.22707796096801758, 13790
0.22707796096801758, 13789
0.22707796096801758, 13788
0.22707796096801758, 13787
0.22707796096801758, 13786
0.22707796096801758, 13785
0.22707796096801758, 13784
0.22707796096801758, 13783
0.22707796096801758, 13782
0.22707796096801758, 13781
0.22707796096801758, 13780
0.22707796096801758, 13779
0.22707796096801758, 13778
0.22707796096801758, 13777
0.22807741165161133, 13776
0.22807741165161133, 13775
0.22807741165161133, 13774
0.22807741165161133, 13773
0.22807741165161133, 13772
0.22807741165161133, 13771
0.22807741165161133, 13770
0.22807741165161133, 13769
0.22807741165161133, 13768
0.22807741165161133, 13767
0.22907710075378418, 13766
0.22907710075378418, 13765
0.22907710075378418, 13764
0.22907710075378418, 13763
0.22907710075378418, 13762
0.22907710075378418, 13761
0.22907710075378418, 13760
0.22907710075378418, 13759
0.22907710075378418, 13758
0.23007655143737793, 13757
0.23007655143737793, 13756
0.23007655143737793, 13755
0.23007655143737793, 13754
0.23007655143737793, 13753
0.23007655143737793, 13752
0.23007655143737793, 13751
0.23007655143737793, 13750
0.23007655143737793, 13749
0.23007655143737793, 13748
0.23007655143737793, 13747
0.23007655143737793, 13746
0.23107647895812988, 13745
0.23107647895812988, 13744
0.23107647895812988, 13743
0.23107647895812988, 13742
0.23107647895812988, 13741
0.23107647895812988, 13740
0.23107647895812988, 13739
0.23107647895812988, 13738
0.23107647895812988, 13737
0.23107647895812988, 13736
0.23107647895812988, 13735
0.23207664489746094, 13734
0.23207664489746094, 13733
0.23207664489746094, 13732
0.23207664489746094, 13731
0.23207664489746094, 13730
0.23207664489746094, 13729
0.23207664489746094, 13728
0.23207664489746094, 13727
0.23207664489746094, 13726
0.23207664489746094, 13725
0.23207664489746094, 13724
0.2330763339996338, 13723
0.2330763339996338, 13722
0.2330763339996338, 13721
0.2330763339996338, 13720
0.2330763339996338, 13719
0.2330763339996338, 13718
0.2330763339996338, 13717
0.2330763339996338, 13716
0.2330763339996338, 13715
0.23407602310180664, 13714
0.23407602310180664, 13713
0.23407602310180664, 13712
0.23407602310180664, 13711
0.23407602310180664, 13710
0.23407602310180664, 13709
0.23407602310180664, 13708
0.23407602310180664, 13707
0.23407602310180664, 13706
0.23407602310180664, 13705
0.23407602310180664, 13704
0.23407602310180664, 13703
0.23407602310180664, 13702
0.2350764274597168, 13701
0.2350764274597168, 13700
0.2350764274597168, 13699
0.2350764274597168, 13698
0.2350764274597168, 13697
0.2350764274597168, 13696
0.2350764274597168, 13695
0.2350764274597168, 13694
0.2350764274597168, 13693
0.2350764274597168, 13692
0.2350764274597168, 13691
0.2350764274597168, 13690
0.23607587814331055, 13689
0.23607587814331055, 13688
0.23607587814331055, 13687
0.23607587814331055, 13686
0.23607587814331055, 13685
0.23607587814331055, 13684
0.23607587814331055, 13683
0.23607587814331055, 13682
0.23607587814331055, 13681
0.23607587814331055, 13680
0.23607587814331055, 13679
0.23703551292419434, 13678
0.23703551292419434, 13677
0.23703551292419434, 13676
0.23703551292419434, 13675
0.23703551292419434, 13674
0.23703551292419434, 13673
0.23703551292419434, 13672
0.23703551292419434, 13671
0.23703551292419434, 13670
0.23703551292419434, 13669
0.23703551292419434, 13668
0.23703551292419434, 13667
0.23703551292419434, 13666
0.23807621002197266, 13665
0.23807621002197266, 13664
0.23807621002197266, 13663
0.23807621002197266, 13662
0.23807621002197266, 13661
0.23807621002197266, 13660
0.23807621002197266, 13659
0.23807621002197266, 13658
0.23807621002197266, 13657
0.2390763759613037, 13656
0.2390763759613037, 13655
0.23923039436340332, 13654
0.23923039436340332, 13653
0.23923039436340332, 13652
0.23923039436340332, 13651
0.23923039436340332, 13650
0.23923039436340332, 13649
0.23923039436340332, 13648
0.23923039436340332, 13647
0.24024534225463867, 13646
0.24024534225463867, 13645
0.24024534225463867, 13644
0.24024534225463867, 13643
0.24024534225463867, 13642
0.24024534225463867, 13641
0.24024534225463867, 13640
0.24024534225463867, 13639
0.24024534225463867, 13638
0.24124479293823242, 13637
0.24124479293823242, 13636
0.24124479293823242, 13635
0.24124479293823242, 13634
0.24124479293823242, 13633
0.24124479293823242, 13632
0.24124479293823242, 13631
0.24124479293823242, 13630
0.24124479293823242, 13629
0.24224448204040527, 13628
0.24224448204040527, 13627
0.24224448204040527, 13626
0.24224448204040527, 13625
0.24224448204040527, 13624
0.24224448204040527, 13623
0.24224448204040527, 13622
0.24224448204040527, 13621
0.24224448204040527, 13620
0.24324297904968262, 13619
0.24324297904968262, 13618
0.24324297904968262, 13617
0.24324297904968262, 13616
0.24324297904968262, 13615
0.24324297904968262, 13614
0.24324297904968262, 13613
0.24324297904968262, 13612
0.24324297904968262, 13611
0.24324297904968262, 13610
0.24424266815185547, 13609
0.24424266815185547, 13608
0.24424266815185547, 13607
0.24424266815185547, 13606
0.24424266815185547, 13605
0.24424266815185547, 13604
0.24424266815185547, 13603
0.24424266815185547, 13602
0.24724555015563965, 13601
0.24724555015563965, 13600
0.24724555015563965, 13599
0.2482459545135498, 13598
0.2482459545135498, 13597
0.2482459545135498, 13596
0.2482459545135498, 13595
0.2482459545135498, 13594
0.2482459545135498, 13593
0.2482459545135498, 13592
0.2482459545135498, 13591
0.2482459545135498, 13590
0.24924659729003906, 13589
0.24924659729003906, 13588
0.24924659729003906, 13587
0.24924659729003906, 13586
0.24924659729003906, 13585
0.24994945526123047, 13584
0.24994945526123047, 13583
0.24994945526123047, 13582
0.24994945526123047, 13581
0.24994945526123047, 13580
0.24994945526123047, 13579
0.24994945526123047, 13578
0.24994945526123047, 13577
0.2510693073272705, 13576
0.2510693073272705, 13575
0.2510693073272705, 13574
0.2510693073272705, 13573
0.2510693073272705, 13572
0.2510693073272705, 13571
0.2510693073272705, 13570
0.2510693073272705, 13569
0.2520101070404053, 13568
0.2520101070404053, 13567
0.2520101070404053, 13566
0.2520101070404053, 13565
0.2520101070404053, 13564
0.2520101070404053, 13563
0.2520101070404053, 13562
0.2520101070404053, 13561
0.2520101070404053, 13560
0.2529609203338623, 13559
0.2529609203338623, 13558
0.2529609203338623, 13557
0.2529609203338623, 13556
0.2529609203338623, 13555
0.2529609203338623, 13554
0.2529609203338623, 13553
0.2529609203338623, 13552
0.25396108627319336, 13551
0.25396108627319336, 13550
0.25396108627319336, 13549
0.25396108627319336, 13548
0.25396108627319336, 13547
0.25396108627319336, 13546
0.25396108627319336, 13545
0.25396108627319336, 13544
0.25396108627319336, 13543
0.2549607753753662, 13542
0.2549607753753662, 13541
0.2549607753753662, 13540
0.2549607753753662, 13539
0.2549607753753662, 13538
0.2549607753753662, 13537
0.2549607753753662, 13536
0.2549607753753662, 13535
0.2549607753753662, 13534
0.25596046447753906, 13533
0.25596046447753906, 13532
0.25596046447753906, 13531
0.25596046447753906, 13530
0.25596046447753906, 13529
0.25596046447753906, 13528
0.25596046447753906, 13527
0.25596046447753906, 13526
0.256960391998291, 13525
0.256960391998291, 13524
0.256960391998291, 13523
0.256960391998291, 13522
0.256960391998291, 13521
0.256960391998291, 13520
0.256960391998291, 13519
0.256960391998291, 13518
0.2579622268676758, 13517
0.2579622268676758, 13516
0.2579622268676758, 13515
0.2579622268676758, 13514
0.2579622268676758, 13513
0.2579622268676758, 13512
0.2579622268676758, 13511
0.2579622268676758, 13510
0.2579622268676758, 13509
0.2579622268676758, 13508
0.2590157985687256, 13507
0.2590157985687256, 13506
0.2590157985687256, 13505
0.2590157985687256, 13504
0.2590157985687256, 13503
0.2590157985687256, 13502
0.2590157985687256, 13501
0.2590157985687256, 13500
0.2590157985687256, 13499
0.2590157985687256, 13498
0.2603015899658203, 13458
0.2603015899658203, 13457
0.2603015899658203, 13456
0.2603015899658203, 13455
0.2603015899658203, 13454
0.2603015899658203, 13453
0.261033296585083, 13452
0.26111578941345215, 13451
0.26111578941345215, 13450
0.26111578941345215, 13449
0.26111578941345215, 13448
0.26111578941345215, 13447
0.26111578941345215, 13446
0.26111578941345215, 13445
0.2620272636413574, 13444
0.2620272636413574, 13443
0.2620272636413574, 13442
0.2620272636413574, 13441
0.2620272636413574, 13440
0.2626614570617676, 13439
0.2626614570617676, 13438
0.2626614570617676, 13437
0.2630288600921631, 13436
0.2630288600921631, 13435
0.2630288600921631, 13434
0.2630288600921631, 13433
0.2630288600921631, 13432
0.2630288600921631, 13431
0.2630288600921631, 13430
0.2630288600921631, 13429
0.2630288600921631, 13428
0.26403117179870605, 13427
0.26403117179870605, 13426
0.26403117179870605, 13425
0.26403117179870605, 13424
0.26403117179870605, 13423
0.8231244087219238, 13422
0.8231244087219238, 13421
0.8231244087219238, 13420
0.8231244087219238, 13419
0.8231244087219238, 13418
0.824127197265625, 13417
0.824127197265625, 13416
0.824127197265625, 13415
0.824127197265625, 13414
2.008945941925049, 10471
2.008945941925049, 10470
2.008945941925049, 10469
2.008945941925049, 10468
2.008945941925049, 10467
2.008945941925049, 10466
2.008945941925049, 10465
2.009946346282959, 10464
2.009946346282959, 10463
2.009946346282959, 10462
2.009946346282959, 10461
2.009946346282959, 10460
2.009946346282959, 10459
2.009946346282959, 10458
2.009946346282959, 10457
2.009946346282959, 10456
2.009946346282959, 10455
2.009946346282959, 10454
2.009946346282959, 10453
2.0109457969665527, 10452
2.0109457969665527, 10451
2.0109457969665527, 10450
2.0109457969665527, 10449
2.0109457969665527, 10448
2.0109457969665527, 10447
2.0109457969665527, 10446
2.0109457969665527, 10445
2.0109457969665527, 10444
2.0109457969665527, 10443
2.0109457969665527, 10442
2.0109457969665527, 10441
2.0109457969665527, 10440
2.011945962905884, 10439
2.011945962905884, 10438
2.011945962905884, 10437
2.011945962905884, 10436
2.011945962905884, 10435
2.011945962905884, 10434
2.011945962905884, 10433
2.011945962905884, 10432
2.011945962905884, 10431
2.011945962905884, 10430
2.011945962905884, 10429
2.011945962905884, 10428
2.011945962905884, 10427
2.011945962905884, 10426
2.012946367263794, 10425
2.013000011444092, 10424
2.013000011444092, 10423
2.013000011444092, 10422
2.013000011444092, 10421
2.013000011444092, 10420
2.013000011444092, 10419
2.013000011444092, 10418
2.013000011444092, 10417
2.013000011444092, 10416
2.013000011444092, 10415
2.013000011444092, 10414
2.013000011444092, 10413
2.013946056365967, 10412
2.013946056365967, 10411
2.013946056365967, 10410
2.013946056365967, 10409
2.013946056365967, 10408
2.013946056365967, 10407
2.013946056365967, 10406
2.013946056365967, 10405
2.013946056365967, 10404
2.013946056365967, 10403
2.013946056365967, 10402
2.013946056365967, 10401
2.013946056365967, 10400
2.013946056365967, 10399
2.0149457454681396, 10398
2.0149457454681396, 10397
2.0149457454681396, 10396
2.0149457454681396, 10395
2.0149457454681396, 10394
2.0149457454681396, 10393
2.0149457454681396, 10392
2.0149457454681396, 10391
2.0149457454681396, 10390
2.0149457454681396, 10389
2.0149457454681396, 10388
2.0149457454681396, 10387
2.0149457454681396, 10386
2.015946388244629, 10385
2.015946388244629, 10384
2.015946388244629, 10383
2.015946388244629, 10382
2.015946388244629, 10381
2.015946388244629, 10380
2.015946388244629, 10379
2.015946388244629, 10378
2.015946388244629, 10377
2.015946388244629, 10376
2.015946388244629, 10375
2.015946388244629, 10374
2.015946388244629, 10373
2.015946388244629, 10372
2.0170092582702637, 10371
2.0170092582702637, 10370
2.0170092582702637, 10369
2.0170092582702637, 10368
2.0170092582702637, 10367
2.0170092582702637, 10366
2.0170092582702637, 10365
2.0170092582702637, 10364
2.0170092582702637, 10363
2.0170092582702637, 10362
2.0170092582702637, 10361
2.0170092582702637, 10360
2.0170092582702637, 10359
2.017946243286133, 10358
2.017946243286133, 10357
2.017946243286133, 10356
2.017946243286133, 10355
2.017946243286133, 10354
2.017946243286133, 10353
2.017946243286133, 10352
2.017946243286133, 10351
2.017946243286133, 10350
2.017946243286133, 10349
2.017946243286133, 10348
2.017946243286133, 10347
2.017946243286133, 10346
2.017946243286133, 10345
2.018946647644043, 10344
2.018946647644043, 10343
2.018946647644043, 10342
2.018946647644043, 10341
2.018946647644043, 10340
2.018946647644043, 10339
2.018946647644043, 10338
2.018946647644043, 10337
2.018946647644043, 10336
2.018946647644043, 10335
2.018946647644043, 10334
2.018946647644043, 10333
2.018946647644043, 10332
2.018946647644043, 10331
2.0199668407440186, 10330
2.0199668407440186, 10329
2.0199668407440186, 10328
2.0199668407440186, 10327
2.0199668407440186, 10326
2.0199668407440186, 10325
2.0199668407440186, 10324
2.0199668407440186, 10323
2.0199668407440186, 10322
2.0199668407440186, 10321
2.0199668407440186, 10320
2.0199668407440186, 10319
2.0199668407440186, 10318
2.020967483520508, 10317
2.020967483520508, 10316
2.020967483520508, 10315
2.020967483520508, 10314
2.020967483520508, 10313
2.020967483520508, 10312
2.020967483520508, 10311
2.020967483520508, 10310
2.020967483520508, 10309
2.020967483520508, 10308
2.020967483520508, 10307
2.020967483520508, 10306
2.020967483520508, 10305
2.020967483520508, 10304
2.020967483520508, 10303
2.0219674110412598, 10302
2.0219674110412598, 10301
2.0219674110412598, 10300
2.0219674110412598, 10299
2.0219674110412598, 10298
2.0219674110412598, 10297
2.0219674110412598, 10296
2.0219674110412598, 10295
2.0219674110412598, 10294
2.0219674110412598, 10293
2.0219674110412598, 10292
2.0219674110412598, 10291
2.0219674110412598, 10290
2.0219674110412598, 10289
2.0229666233062744, 10288
2.0229666233062744, 10287
2.0229666233062744, 10286
2.0229666233062744, 10285
2.0229666233062744, 10284
2.0229666233062744, 10283
2.0229666233062744, 10282
2.0229666233062744, 10281
2.0229666233062744, 10280
2.0229666233062744, 10279
2.0229666233062744, 10278
2.0229666233062744, 10277
2.0229666233062744, 10276
2.0229666233062744, 10275
2.0239667892456055, 10274
2.0239667892456055, 10273
2.0239667892456055, 10272
2.0239667892456055, 10271
2.0239667892456055, 10270
2.0239667892456055, 10269
2.0239667892456055, 10268
2.0239667892456055, 10267
2.0239667892456055, 10266
2.0239667892456055, 10265
2.0239667892456055, 10264
2.0239667892456055, 10263
2.0249667167663574, 10262
2.0249667167663574, 10261
2.0249667167663574, 10260
2.0249667167663574, 10259
2.0249667167663574, 10258
2.0249667167663574, 10257
2.0249667167663574, 10256
2.0249667167663574, 10255
2.0249667167663574, 10254
2.0249667167663574, 10253
2.0249667167663574, 10252
2.0249667167663574, 10251
2.0249667167663574, 10250
2.0249667167663574, 10249
2.0259664058685303, 10248
2.0259664058685303, 10247
2.0259664058685303, 10246
2.0259664058685303, 10245
2.0259664058685303, 10244
2.0259664058685303, 10243
2.0259664058685303, 10242
2.0259664058685303, 10241
2.0259664058685303, 10240
2.0259664058685303, 10239
2.0259664058685303, 10238
2.0259664058685303, 10237
2.0269668102264404, 10236
2.027031421661377, 10235
2.027031421661377, 10234
2.027031421661377, 10233
2.027031421661377, 10232
2.027031421661377, 10231
2.027031421661377, 10230
2.027031421661377, 10229
2.027031421661377, 10228
2.027031421661377, 10227
2.027031421661377, 10226
2.027031421661377, 10225
2.027031421661377, 10224
2.027031421661377, 10223
2.0279669761657715, 10222
2.0279669761657715, 10221
2.0279669761657715, 10220
2.0279669761657715, 10219
2.0279669761657715, 10218
2.0279669761657715, 10217
2.0279669761657715, 10216
2.0279669761657715, 10215
2.0279669761657715, 10214
2.0279669761657715, 10213
2.0279669761657715, 10212
2.0279669761657715, 10211
2.0279669761657715, 10210
2.0279669761657715, 10209
2.029017448425293, 10208
2.029017448425293, 10207
2.029017448425293, 10206
2.029017448425293, 10205
2.029017448425293, 10204
2.029017448425293, 10203
2.029017448425293, 10202
2.029017448425293, 10201
2.029017448425293, 10200
2.029017448425293, 10199
2.029017448425293, 10198
2.029017448425293, 10197
2.029017448425293, 10196
2.029017448425293, 10195
2.0300486087799072, 10194
2.0300486087799072, 10193
2.0300486087799072, 10192
2.0300486087799072, 10191
2.0300486087799072, 10190
2.0300486087799072, 10189
2.0300486087799072, 10188
2.0300486087799072, 10187
2.0300486087799072, 10186
2.0300486087799072, 10185
2.0300486087799072, 10184
2.0300486087799072, 10183
2.0300486087799072, 10182
2.0310592651367188, 10181
2.0310592651367188, 10180
2.0310592651367188, 10179
2.0310592651367188, 10178
2.0310592651367188, 10177
2.0310592651367188, 10176
2.0310592651367188, 10175
2.0310592651367188, 10174
2.0310592651367188, 10173
2.0310592651367188, 10172
2.0310592651367188, 10171
2.0310592651367188, 10170
2.0310592651367188, 10169
2.0310592651367188, 10168
2.0320587158203125, 10167
2.0320587158203125, 10166
2.0320587158203125, 10165
2.0320587158203125, 10164
2.0320587158203125, 10163
2.0320587158203125, 10162
2.0320587158203125, 10161
2.0320587158203125, 10160
2.0320587158203125, 10159
2.0320587158203125, 10158
2.0320587158203125, 10157
2.0320587158203125, 10156
2.0320587158203125, 10155
2.033059597015381, 10154
2.033059597015381, 10153
2.033059597015381, 10152
2.033059597015381, 10151
2.033059597015381, 10150
2.033059597015381, 10149
2.033059597015381, 10148
2.033059597015381, 10147
2.033059597015381, 10146
2.033059597015381, 10145
2.033059597015381, 10144
2.033059597015381, 10143
2.033059597015381, 10142
2.033059597015381, 10141
2.0340588092803955, 10140
2.0340588092803955, 10139
2.0340588092803955, 10138
2.0340588092803955, 10137
2.0340588092803955, 10136
2.0340588092803955, 10135
2.0340588092803955, 10134
2.0340588092803955, 10133
2.0340588092803955, 10132
2.0340588092803955, 10131
2.0340588092803955, 10130
2.0340588092803955, 10129
2.0340588092803955, 10128
2.0350587368011475, 10127
2.0350587368011475, 10126
2.0350587368011475, 10125
2.0350587368011475, 10124
2.0350587368011475, 10123
2.0350587368011475, 10122
2.0350587368011475, 10121
2.0350587368011475, 10120
2.0350587368011475, 10119
2.0350587368011475, 10118
2.0350587368011475, 10117
2.0350587368011475, 10116
2.0350587368011475, 10115
2.0350587368011475, 10114
2.0360584259033203, 10113
2.0360584259033203, 10112
2.0360584259033203, 10111
2.0360584259033203, 10110
2.0360584259033203, 10109
2.0360584259033203, 10108
2.0360584259033203, 10107
2.0360584259033203, 10106
2.0360584259033203, 10105
2.0360584259033203, 10104
2.0360584259033203, 10103
2.0360584259033203, 10102
2.0360584259033203, 10101
2.0370383262634277, 10100
2.0370383262634277, 10099
2.0370383262634277, 10098
2.0370383262634277, 10097
2.0370383262634277, 10096
2.03757905960083, 10095
2.03757905960083, 10094
2.03757905960083, 10093
2.03757905960083, 10092
2.03757905960083, 10091
2.03757905960083, 10090
2.03757905960083, 10089
2.0380585193634033, 10088
2.0380585193634033, 10087
2.0380585193634033, 10086
2.0380585193634033, 10085
2.0380585193634033, 10084
2.0380585193634033, 10083
2.0380585193634033, 10082
2.0380585193634033, 10081
2.0380585193634033, 10080
2.0380585193634033, 10079
2.0380585193634033, 10078
2.0380585193634033, 10077
2.0380585193634033, 10076
2.0380585193634033, 10075
2.0390584468841553, 10074
2.0390584468841553, 10073
2.0390584468841553, 10072
2.0390584468841553, 10071
2.0390584468841553, 10070
2.0390584468841553, 10069
2.0390584468841553, 10068
2.0390584468841553, 10067
2.0390584468841553, 10066
2.0390584468841553, 10065
2.0390584468841553, 10064
2.0390584468841553, 10063
2.0390584468841553, 10062
2.0390584468841553, 10061
2.0400588512420654, 10060
2.0400588512420654, 10059
2.0400588512420654, 10058
2.0400588512420654, 10057
2.0400588512420654, 10056
2.0400588512420654, 10055
2.0400588512420654, 10054
2.0400588512420654, 10053
2.0400588512420654, 10052
2.0400588512420654, 10051
2.0400588512420654, 10050
2.0400588512420654, 10049
2.0400588512420654, 10048
2.0400588512420654, 10047
2.0410590171813965, 10046
2.0410590171813965, 10045
2.0410590171813965, 10044
2.0410590171813965, 10043
2.0410590171813965, 10042
2.0410590171813965, 10041
2.0410590171813965, 10040
2.0410590171813965, 10039
2.0410590171813965, 10038
2.0410590171813965, 10037
2.0410590171813965, 10036
2.0410590171813965, 10035
2.0410590171813965, 10034
2.0410590171813965, 10033
2.0410590171813965, 10032
2.0420584678649902, 10031
2.0420584678649902, 10030
2.042224407196045, 10029
2.042224407196045, 10028
2.042224407196045, 10027
2.042224407196045, 10026
2.042224407196045, 10025
2.042224407196045, 10024
2.042224407196045, 10023
2.042224407196045, 10022
2.042224407196045, 10021
2.042224407196045, 10020
2.042224407196045, 10019
2.042224407196045, 10018
2.043058395385742, 10017
2.043058395385742, 10016
2.043058395385742, 10015
2.043058395385742, 10014
2.043058395385742, 10013
2.043058395385742, 10012
2.043058395385742, 10011
2.043058395385742, 10010
2.043058395385742, 10009
2.043058395385742, 10008
2.043058395385742, 10007
2.043058395385742, 10006
2.043058395385742, 10005
2.043058395385742, 10004
2.043058395385742, 10003
2.0440585613250732, 10002
2.0440585613250732, 10001
2.0440585613250732, 10000
2.0440585613250732, 9999
2.0440585613250732, 9998
2.0440585613250732, 9997
2.0440585613250732, 9996
2.0440585613250732, 9995
2.0440585613250732, 9994
2.0440585613250732, 9993
2.0440585613250732, 9992
2.0440585613250732, 9991
2.0440585613250732, 9990
2.0440585613250732, 9989
2.045058488845825, 9988
2.045058488845825, 9987
2.045058488845825, 9986
2.045058488845825, 9985
2.045058488845825, 9984
2.045058488845825, 9983
2.045058488845825, 9982
2.045058488845825, 9981
2.045058488845825, 9980
2.045058488845825, 9979
2.045058488845825, 9978
2.045058488845825, 9977
2.045058488845825, 9976
2.0460596084594727, 9975
2.0460596084594727, 9974
2.0460596084594727, 9973
2.0460596084594727, 9972
2.0460596084594727, 9971
2.0460596084594727, 9970
2.0460596084594727, 9969
2.0460596084594727, 9968
2.0460596084594727, 9967
2.0460596084594727, 9966
2.0460596084594727, 9965
2.0460596084594727, 9964
2.0460596084594727, 9963
2.0460596084594727, 9962
2.047058582305908, 9961
2.047058582305908, 9960
2.047058582305908, 9959
2.047058582305908, 9958
2.047058582305908, 9957
2.047058582305908, 9956
2.047058582305908, 9955
2.047058582305908, 9954
2.047058582305908, 9953
2.047058582305908, 9952
2.047058582305908, 9951
2.047058582305908, 9950
2.047058582305908, 9949
2.047058582305908, 9948
2.04805850982666, 9947
2.04805850982666, 9946
2.04805850982666, 9945
2.04805850982666, 9944
2.04805850982666, 9943
2.04805850982666, 9942
2.04805850982666, 9941
2.04805850982666, 9940
2.04805850982666, 9939
2.04805850982666, 9938
2.04805850982666, 9937
2.04805850982666, 9936
2.04805850982666, 9935
2.0490589141845703, 9934
2.0490589141845703, 9933
2.0490589141845703, 9932
2.0490589141845703, 9931
2.0490589141845703, 9930
2.0490589141845703, 9929
2.0490589141845703, 9928
2.0490589141845703, 9927
2.0496010780334473, 9926
2.0496010780334473, 9925
2.0496010780334473, 9924
2.0496010780334473, 9923
2.0496010780334473, 9922
2.0496010780334473, 9921
2.0496010780334473, 9920
2.050058364868164, 9919
2.050058364868164, 9918
2.050058364868164, 9917
2.050058364868164, 9916
2.050058364868164, 9915
2.050058364868164, 9914
2.050058364868164, 9913
2.050058364868164, 9912
2.050058364868164, 9911
2.050058364868164, 9910
2.050058364868164, 9909
2.050058364868164, 9908
2.050058364868164, 9907
2.050058364868164, 9906
2.051058530807495, 9905
2.051058530807495, 9904
2.051058530807495, 9903
2.051058530807495, 9902
2.051058530807495, 9901
2.051058530807495, 9900
2.051058530807495, 9899
2.051058530807495, 9898
2.051058530807495, 9897
2.051058530807495, 9896
2.051058530807495, 9895
2.051058530807495, 9894
2.051058530807495, 9893
2.051058530807495, 9892
2.052058696746826, 9891
2.052058696746826, 9890
2.052058696746826, 9889
2.052058696746826, 9888
2.052058696746826, 9887
2.052058696746826, 9886
2.052058696746826, 9885
2.0525543689727783, 9884
2.0525543689727783, 9883
2.0525543689727783, 9882
2.0525543689727783, 9881
2.0525543689727783, 9880
2.0525543689727783, 9879
2.0525543689727783, 9878
2.05305814743042, 9877
2.05305814743042, 9876
2.05305814743042, 9875
2.05305814743042, 9874
2.05305814743042, 9873
2.05305814743042, 9872
2.05305814743042, 9871
2.05305814743042, 9870
2.05305814743042, 9869
2.05305814743042, 9868
2.05305814743042, 9867
2.05305814743042, 9866
2.05305814743042, 9865
2.05305814743042, 9864
2.05305814743042, 9863
2.054058313369751, 9862
2.054058313369751, 9861
2.054058313369751, 9860
2.054058313369751, 9859
2.054058313369751, 9858
2.054058313369751, 9857
2.054058313369751, 9856
2.054058313369751, 9855
2.054058313369751, 9854
2.054058313369751, 9853
2.054058313369751, 9852
2.054058313369751, 9851
2.054058313369751, 9850
2.054058313369751, 9849
2.055058717727661, 9848
2.055058717727661, 9847
2.055058717727661, 9846
2.055058717727661, 9845
2.055058717727661, 9844
2.055058717727661, 9843
2.055058717727661, 9842
2.055058717727661, 9841
2.055058717727661, 9840
2.055058717727661, 9839
2.055058717727661, 9838
2.055058717727661, 9837
2.055058717727661, 9836
