0.2298431396484375, 14048
0.2298431396484375, 14047
0.2298431396484375, 14046
0.2298431396484375, 14045
0.2298431396484375, 14044
0.2298431396484375, 14043
0.23084187507629395, 14042
0.23084187507629395, 14041
0.23084187507629395, 14040
0.23084187507629395, 14039
0.23084187507629395, 14038
0.23084187507629395, 14037
0.23084187507629395, 14036
0.23084187507629395, 14035
0.23084187507629395, 14034
0.23084187507629395, 14033
0.23084187507629395, 14032
0.23084187507629395, 14031
0.23084187507629395, 14030
0.23084187507629395, 14029
0.23184585571289062, 14028
0.23184585571289062, 14027
0.23184585571289062, 14026
0.23184585571289062, 14025
0.23184585571289062, 14024
0.23184585571289062, 14023
0.23184585571289062, 14022
0.23184585571289062, 14021
0.23184585571289062, 14020
0.23184585571289062, 14019
0.23184585571289062, 14018
0.23184585571289062, 14017
0.23284173011779785, 14016
0.23284173011779785, 14015
0.23284173011779785, 14014
0.23284173011779785, 14013
0.23284173011779785, 14012
0.23284173011779785, 14011
0.23284173011779785, 14010
0.23284173011779785, 14009
0.23284173011779785, 14008
0.23284173011779785, 14007
0.23284173011779785, 14006
0.23284173011779785, 14005
0.23284173011779785, 14004
0.2338418960571289, 14003
0.2338418960571289, 14002
0.2338418960571289, 14001
0.2338418960571289, 14000
0.2338418960571289, 13999
0.2338418960571289, 13998
0.2338418960571289, 13997
0.2338418960571289, 13996
0.2338418960571289, 13995
0.2338418960571289, 13994
0.2338418960571289, 13993
0.2338418960571289, 13992
0.2338418960571289, 13991
0.23484230041503906, 13990
0.23484230041503906, 13989
0.23484230041503906, 13988
0.23484230041503906, 13987
0.23484230041503906, 13986
0.23484230041503906, 13985
0.23484230041503906, 13984
0.23484230041503906, 13983
0.23484230041503906, 13982
0.23484230041503906, 13981
0.23484230041503906, 13980
0.23484230041503906, 13979
0.23484230041503906, 13978
0.23584508895874023, 13977
0.23584508895874023, 13976
0.23584508895874023, 13975
0.23584508895874023, 13974
0.23584508895874023, 13973
0.23584508895874023, 13972
0.23584508895874023, 13971
0.23584508895874023, 13970
0.23584508895874023, 13969
0.23584508895874023, 13968
0.23584508895874023, 13967
0.23584508895874023, 13966
0.23684144020080566, 13965
0.23684144020080566, 13964
0.23684144020080566, 13963
0.23684144020080566, 13962
0.23684144020080566, 13961
0.23684144020080566, 13960
0.23684144020080566, 13959
0.23684144020080566, 13958
0.23684144020080566, 13957
0.23684144020080566, 13956
0.23684144020080566, 13955
0.23684144020080566, 13954
0.23784661293029785, 13953
0.23784661293029785, 13952
0.23784661293029785, 13951
0.23784661293029785, 13950
0.23784661293029785, 13949
0.23784661293029785, 13948
0.23784661293029785, 13947
0.23784661293029785, 13946
0.23784661293029785, 13945
0.23784661293029785, 13944
0.23784661293029785, 13943
0.23784661293029785, 13942
0.23784661293029785, 13941
0.2388453483581543, 13940
0.2388453483581543, 13939
0.2388453483581543, 13938
0.2388453483581543, 13937
0.2388453483581543, 13936
0.2388453483581543, 13935
0.2388453483581543, 13934
0.2388453483581543, 13933
0.2388453483581543, 13932
0.2388453483581543, 13931
0.2388453483581543, 13930
0.23984313011169434, 13929
0.23984313011169434, 13928
0.23984313011169434, 13927
0.23984313011169434, 13926
0.23984313011169434, 13925
0.23984313011169434, 13924
0.23984313011169434, 13923
0.23984313011169434, 13922
0.23984313011169434, 13921
0.23984313011169434, 13920
0.23984313011169434, 13919
0.23984313011169434, 13918
0.23984313011169434, 13917
0.2408430576324463, 13916
0.2408430576324463, 13915
0.2408430576324463, 13914
0.2408430576324463, 13913
0.2408430576324463, 13912
0.2408430576324463, 13911
0.2408430576324463, 13910
0.2408430576324463, 13909
0.2408430576324463, 13908
0.2408430576324463, 13907
0.2408430576324463, 13906
0.2408430576324463, 13905
0.24184298515319824, 13904
0.24184298515319824, 13903
0.24184298515319824, 13902
0.24184298515319824, 13901
0.24184298515319824, 13900
0.24184298515319824, 13899
0.24184298515319824, 13898
0.24184298515319824, 13897
0.24184298515319824, 13896
0.24184298515319824, 13895
0.24184298515319824, 13894
0.24184298515319824, 13893
0.2428429126739502, 13892
0.2428429126739502, 13891
0.2428429126739502, 13890
0.2428429126739502, 13889
0.2428429126739502, 13888
0.2428429126739502, 13887
0.2428429126739502, 13886
0.4769704341888428, 13885
0.4769704341888428, 13884
0.4769704341888428, 13883
0.4769704341888428, 13882
0.4769704341888428, 13881
0.4769704341888428, 13880
0.4769704341888428, 13879
0.4769704341888428, 13878
0.4769704341888428, 13877
0.4769704341888428, 13876
0.4769704341888428, 13875
0.4769704341888428, 13874
0.4769704341888428, 13873
0.47797393798828125, 13872
0.47797393798828125, 13871
0.47797393798828125, 13870
0.47797393798828125, 13869
0.47797393798828125, 13868
0.47797393798828125, 13867
0.47797393798828125, 13866
0.47797393798828125, 13865
0.47797393798828125, 13864
0.47797393798828125, 13863
0.47797393798828125, 13862
0.47797393798828125, 13861
0.47797393798828125, 13860
0.47797393798828125, 13859
0.4789714813232422, 13858
0.4789714813232422, 13857
0.4789714813232422, 13856
0.4789714813232422, 13855
0.4789714813232422, 13854
0.4789714813232422, 13853
0.4789714813232422, 13852
0.4789714813232422, 13851
0.4789714813232422, 13850
0.4789714813232422, 13849
0.4789714813232422, 13848
0.4789714813232422, 13847
0.4789714813232422, 13846
0.4789714813232422, 13845
0.47997236251831055, 13844
0.47997236251831055, 13843
0.47997236251831055, 13842
0.47997236251831055, 13841
0.47997236251831055, 13840
0.47997236251831055, 13839
0.47997236251831055, 13838
0.47997236251831055, 13837
0.47997236251831055, 13836
0.47997236251831055, 13835
0.47997236251831055, 13834
0.47997236251831055, 13833
0.47997236251831055, 13832
0.47997236251831055, 13831
0.47997236251831055, 13830
0.4809749126434326, 13829
0.4811108112335205, 13828
0.4811108112335205, 13827
0.4811108112335205, 13826
0.4811108112335205, 13825
0.4811108112335205, 13824
0.4811108112335205, 13823
0.4811108112335205, 13822
0.4811108112335205, 13821
0.4811108112335205, 13820
0.4811108112335205, 13819
0.4811108112335205, 13818
0.4811108112335205, 13817
0.48197269439697266, 13816
0.48197269439697266, 13815
0.48197269439697266, 13814
0.48197269439697266, 13813
0.48197269439697266, 13812
0.941192626953125, 13811
0.941192626953125, 13810
0.941192626953125, 13809
0.941192626953125, 13808
0.941192626953125, 13807
0.941192626953125, 13806
0.941192626953125, 13805
0.941192626953125, 13804
0.9421932697296143, 13803
0.9421932697296143, 13802
0.9423279762268066, 13801
0.9423279762268066, 13800
0.9423279762268066, 13799
0.9423279762268066, 13798
0.9423279762268066, 13797
0.9423279762268066, 13796
0.9423279762268066, 13795
0.9423279762268066, 13794
0.9423279762268066, 13793
0.9423279762268066, 13792
0.9423279762268066, 13791
0.9423279762268066, 13790
0.9431922435760498, 13789
0.9431922435760498, 13788
0.9431922435760498, 13787
0.9431922435760498, 13786
0.9431922435760498, 13785
0.9431922435760498, 13784
0.9431922435760498, 13783
0.9431922435760498, 13782
0.9431922435760498, 13781
0.9431922435760498, 13780
0.9431922435760498, 13779
0.9431922435760498, 13778
0.9431922435760498, 13777
0.9431922435760498, 13776
0.944195032119751, 13775
0.944195032119751, 13774
0.944195032119751, 13773
0.944195032119751, 13772
0.944195032119751, 13771
0.944195032119751, 13770
0.944195032119751, 13769
0.944195032119751, 13768
0.944195032119751, 13767
0.944195032119751, 13766
0.944195032119751, 13765
0.944195032119751, 13764
0.944195032119751, 13763
0.944195032119751, 13762
0.9451949596405029, 13761
0.9451949596405029, 13760
0.9451949596405029, 13759
0.9451949596405029, 13758
0.9451949596405029, 13757
0.9451949596405029, 13756
0.9451949596405029, 13755
0.9451949596405029, 13754
0.9451949596405029, 13753
0.9451949596405029, 13752
0.9451949596405029, 13751
0.9451949596405029, 13750
0.9451949596405029, 13749
0.9451949596405029, 13748
0.9461913108825684, 13747
0.9461913108825684, 13746
0.9461913108825684, 13745
0.9461913108825684, 13744
0.9461913108825684, 13743
0.9461913108825684, 13742
0.9461913108825684, 13741
0.9461913108825684, 13740
0.9461913108825684, 13739
0.9461913108825684, 13738
0.9461913108825684, 13737
0.9461913108825684, 13736
0.9461913108825684, 13735
0.9471909999847412, 13734
0.9471909999847412, 13733
0.9471909999847412, 13732
0.9471909999847412, 13731
0.9471909999847412, 13730
0.9471909999847412, 13729
0.9471909999847412, 13728
0.9471909999847412, 13727
0.9471909999847412, 13726
0.9471909999847412, 13725
0.9471909999847412, 13724
0.9471909999847412, 13723
0.9471909999847412, 13722
0.9481921195983887, 13721
0.9481921195983887, 13720
0.9481921195983887, 13719
0.9481921195983887, 13718
0.9481921195983887, 13717
0.9481921195983887, 13716
0.9481921195983887, 13715
0.9481921195983887, 13714
0.9481921195983887, 13713
0.9481921195983887, 13712
0.9481921195983887, 13711
0.9481921195983887, 13710
0.9481921195983887, 13709
0.9481921195983887, 13708
0.9491932392120361, 13707
0.9491932392120361, 13706
0.9491932392120361, 13705
0.9491932392120361, 13704
0.9491932392120361, 13703
0.9491932392120361, 13702
0.9491932392120361, 13701
0.9491932392120361, 13700
0.9491932392120361, 13699
0.9491932392120361, 13698
0.9491932392120361, 13697
0.9491932392120361, 13696
0.9491932392120361, 13695
0.9501955509185791, 13694
0.9501955509185791, 13693
0.9501955509185791, 13692
0.9501955509185791, 13691
0.9501955509185791, 13690
0.9501955509185791, 13689
0.9501955509185791, 13688
0.9501955509185791, 13687
0.9501955509185791, 13686
0.9501955509185791, 13685
0.9501955509185791, 13684
0.9501955509185791, 13683
0.9501955509185791, 13682
0.9511957168579102, 13681
0.9511957168579102, 13680
0.9511957168579102, 13679
0.9511957168579102, 13678
0.9511957168579102, 13677
0.9511957168579102, 13676
0.9511957168579102, 13675
0.9511957168579102, 13674
0.9511957168579102, 13673
0.9511957168579102, 13672
0.9511957168579102, 13671
0.9511957168579102, 13670
0.9511957168579102, 13669
0.9521956443786621, 13668
0.9521956443786621, 13667
0.9521956443786621, 13666
0.9521956443786621, 13665
0.9521956443786621, 13664
0.9521956443786621, 13663
0.9521956443786621, 13662
0.9521956443786621, 13661
0.9521956443786621, 13660
0.9521956443786621, 13659
0.9521956443786621, 13658
0.9521956443786621, 13657
0.9531955718994141, 13656
0.9531955718994141, 13655
0.9531955718994141, 13654
0.9531955718994141, 13653
0.9531955718994141, 13652
0.9531955718994141, 13651
0.9531955718994141, 13650
0.9531955718994141, 13649
0.9531955718994141, 13648
0.9531955718994141, 13647
0.9531955718994141, 13646
0.9531955718994141, 13645
0.9541926383972168, 13644
0.9541926383972168, 13643
0.9541926383972168, 13642
0.9541926383972168, 13641
0.9541926383972168, 13640
0.9541926383972168, 13639
0.9541926383972168, 13638
0.9541926383972168, 13637
0.955193042755127, 13636
0.955193042755127, 13635
0.955193042755127, 13634
0.955193042755127, 13633
0.955193042755127, 13632
0.955193042755127, 13631
0.955193042755127, 13630
0.9561936855316162, 13629
0.9561936855316162, 13628
0.9561936855316162, 13627
0.9561936855316162, 13626
0.9561936855316162, 13625
0.9561936855316162, 13624
0.9561936855316162, 13623
0.9561936855316162, 13622
0.9561936855316162, 13621
0.9561936855316162, 13620
0.957195520401001, 13619
0.957195520401001, 13618
0.957195520401001, 13617
0.957195520401001, 13616
0.957195520401001, 13615
0.957195520401001, 13614
0.957195520401001, 13613
0.9581952095031738, 13612
0.9581952095031738, 13611
0.9581952095031738, 13610
0.9581952095031738, 13609
0.9581952095031738, 13608
0.9581952095031738, 13607
0.9581952095031738, 13606
0.9581952095031738, 13605
0.9581952095031738, 13604
0.9581952095031738, 13603
0.9591958522796631, 13602
0.9591958522796631, 13601
0.9591958522796631, 13600
0.9591958522796631, 13599
0.9591958522796631, 13598
0.9591958522796631, 13597
0.9591958522796631, 13596
0.9591958522796631, 13595
0.9591958522796631, 13594
0.9601972103118896, 13593
0.9601972103118896, 13592
0.9601972103118896, 13591
0.9601972103118896, 13590
0.9601972103118896, 13589
0.9601972103118896, 13588
0.9601972103118896, 13587
0.9601972103118896, 13586
0.9601972103118896, 13585
0.9611945152282715, 13584
0.9611945152282715, 13583
0.9611945152282715, 13582
0.9611945152282715, 13581
0.9611945152282715, 13580
0.9611945152282715, 13579
0.9611945152282715, 13578
0.9611945152282715, 13577
0.9621913433074951, 13576
0.9621913433074951, 13575
0.9621913433074951, 13574
0.9621913433074951, 13573
0.9621913433074951, 13572
0.9621913433074951, 13571
0.9621913433074951, 13570
0.9621913433074951, 13569
0.9621913433074951, 13568
0.9621913433074951, 13567
0.9621913433074951, 13566
0.9621913433074951, 13565
0.9621913433074951, 13564
0.9631938934326172, 13563
0.9631938934326172, 13562
0.9631938934326172, 13561
0.9631938934326172, 13560
0.9631938934326172, 13559
0.9631938934326172, 13558
0.9631938934326172, 13557
0.9631938934326172, 13556
0.9631938934326172, 13555
0.9631938934326172, 13554
0.9631938934326172, 13553
0.9631938934326172, 13552
0.9631938934326172, 13551
0.9641945362091064, 13550
0.9641945362091064, 13549
0.9641945362091064, 13548
0.9641945362091064, 13547
0.9641945362091064, 13546
0.9641945362091064, 13545
0.9641945362091064, 13544
0.9641945362091064, 13543
0.9641945362091064, 13542
0.9641945362091064, 13541
0.9641945362091064, 13540
0.9641945362091064, 13539
0.9641945362091064, 13538
0.9651932716369629, 13537
0.9651932716369629, 13536
0.9651932716369629, 13535
0.9651932716369629, 13534
0.9651932716369629, 13533
0.9651932716369629, 13532
0.9651932716369629, 13531
0.9651932716369629, 13530
0.9651932716369629, 13529
0.9651932716369629, 13528
0.9651932716369629, 13527
0.9651932716369629, 13526
0.9651932716369629, 13525
0.9661960601806641, 13524
0.9661960601806641, 13523
0.9661960601806641, 13522
0.9661960601806641, 13521
0.9661960601806641, 13520
0.9661960601806641, 13519
0.9661960601806641, 13518
0.9661960601806641, 13517
0.9661960601806641, 13516
0.9661960601806641, 13515
0.9661960601806641, 13514
0.9661960601806641, 13513
0.9661960601806641, 13512
0.9661960601806641, 13511
0.9671955108642578, 13510
0.9671955108642578, 13509
0.9671955108642578, 13508
0.9671955108642578, 13507
0.9671955108642578, 13506
0.9671955108642578, 13505
0.9671955108642578, 13504
0.9671955108642578, 13503
0.9671955108642578, 13502
0.9671955108642578, 13501
0.9671955108642578, 13500
0.9671955108642578, 13499
0.9671955108642578, 13498
0.9681921005249023, 13497
0.9681921005249023, 13496
0.9681921005249023, 13495
0.9681921005249023, 13494
0.9681921005249023, 13493
0.9681921005249023, 13492
0.9681921005249023, 13491
0.9681921005249023, 13490
0.9681921005249023, 13489
0.9681921005249023, 13488
0.9681921005249023, 13487
0.9681921005249023, 13486
0.9681921005249023, 13485
0.9691956043243408, 13484
0.9691956043243408, 13483
0.9691956043243408, 13482
0.9691956043243408, 13481
0.9691956043243408, 13480
0.9691956043243408, 13479
0.9691956043243408, 13478
0.9691956043243408, 13477
0.9691956043243408, 13476
0.9691956043243408, 13475
0.9691956043243408, 13474
0.9691956043243408, 13473
0.9691956043243408, 13472
0.9701941013336182, 13471
0.9701941013336182, 13470
0.9701941013336182, 13469
0.9701941013336182, 13468
0.9701941013336182, 13467
0.9701941013336182, 13466
0.9701941013336182, 13465
0.9701941013336182, 13464
0.9701941013336182, 13463
0.9701941013336182, 13462
0.9711940288543701, 13461
0.9711940288543701, 13460
0.9711940288543701, 13459
0.9711940288543701, 13458
0.9711940288543701, 13457
0.9711940288543701, 13456
0.9711940288543701, 13455
0.9711940288543701, 13454
0.9711940288543701, 13453
0.9721930027008057, 13452
0.9721930027008057, 13451
0.9721930027008057, 13450
0.9721930027008057, 13449
0.9721930027008057, 13448
0.9721930027008057, 13447
0.9721930027008057, 13446
0.9721930027008057, 13445
0.9731965065002441, 13444
0.9731965065002441, 13443
0.9731965065002441, 13442
0.9731965065002441, 13441
0.9731965065002441, 13440
0.9731965065002441, 13439
0.9731965065002441, 13438
0.9731965065002441, 13437
0.9731965065002441, 13436
0.9731965065002441, 13435
0.9731965065002441, 13434
0.9731965065002441, 13433
0.9731965065002441, 13432
0.9741950035095215, 13431
0.9741950035095215, 13430
0.9741950035095215, 13429
0.9741950035095215, 13428
0.9741950035095215, 13427
0.9741950035095215, 13426
0.9741950035095215, 13425
0.9741950035095215, 13424
0.9751951694488525, 13423
0.9751951694488525, 13422
0.9754493236541748, 13421
0.9754493236541748, 13420
0.9754493236541748, 13419
0.9754493236541748, 13418
0.9754493236541748, 13417
0.9754493236541748, 13416
0.9754493236541748, 13415
0.9754493236541748, 13414
0.9754493236541748, 13413
0.9761929512023926, 13412
0.9761929512023926, 13411
0.9761929512023926, 13410
0.9761929512023926, 13409
0.9761929512023926, 13408
0.9761929512023926, 13407
0.9761929512023926, 13406
0.9761929512023926, 13405
0.9761929512023926, 13404
0.9761929512023926, 13403
0.9761929512023926, 13402
0.9761929512023926, 13401
3.9150311946868896, 13400
3.9150311946868896, 13399
3.9150311946868896, 13398
3.9150311946868896, 13397
3.9150311946868896, 13396
3.9150311946868896, 13395
3.9160265922546387, 13394
3.9160265922546387, 13393
3.916363000869751, 13392
3.916363000869751, 13391
3.916363000869751, 13390
3.916363000869751, 13389
3.916363000869751, 13388
3.9170291423797607, 13387
3.9170291423797607, 13386
3.9170291423797607, 13385
3.9170291423797607, 13384
3.9170291423797607, 13383
3.9170291423797607, 13382
3.91802978515625, 13381
3.9182088375091553, 13380
3.9182088375091553, 13379
3.9182088375091553, 13378
3.9182088375091553, 13377
3.9182088375091553, 13376
3.9182088375091553, 13375
3.9182088375091553, 13374
3.9182088375091553, 13373
3.9192302227020264, 13372
3.9192302227020264, 13371
3.919532299041748, 13370
3.919532299041748, 13369
3.919532299041748, 13368
3.919532299041748, 13367
3.919532299041748, 13366
3.9202234745025635, 13365
3.9203040599823, 13364
3.9203040599823, 13363
3.9203040599823, 13362
3.9203040599823, 13361
3.9203040599823, 13360
3.9203040599823, 13359
3.921226739883423, 13358
3.921396493911743, 13357
3.921396493911743, 13356
3.921396493911743, 13355
3.921396493911743, 13354
3.921396493911743, 13353
3.921396493911743, 13352
3.9222235679626465, 13351
3.9223453998565674, 13350
3.9223453998565674, 13349
3.9223453998565674, 13348
3.9223453998565674, 13347
3.922855854034424, 13346
3.922855854034424, 13345
3.922855854034424, 13344
3.922855854034424, 13343
3.922855854034424, 13342
3.922855854034424, 13341
3.922855854034424, 13340
3.922855854034424, 13339
3.92386794090271, 13338
3.92386794090271, 13337
3.92386794090271, 13336
3.92386794090271, 13335
3.92386794090271, 13334
3.92386794090271, 13333
3.92386794090271, 13332
3.92386794090271, 13331
3.92386794090271, 13330
3.92386794090271, 13329
3.9248666763305664, 13328
3.9248666763305664, 13327
5.9061126708984375, 13170
5.9061126708984375, 13169
5.907111644744873, 13168
5.907111644744873, 13167
5.907111644744873, 13166
5.907111644744873, 13165
5.907111644744873, 13164
5.907111644744873, 13163
5.907111644744873, 13162
5.907111644744873, 13161
5.907111644744873, 13160
5.907111644744873, 13159
5.907111644744873, 13158
5.907111644744873, 13157
5.907111644744873, 13156
5.908112049102783, 13155
5.908112049102783, 13154
5.908112049102783, 13153
5.908112049102783, 13152
5.908112049102783, 13151
5.908112049102783, 13150
5.908112049102783, 13149
5.908112049102783, 13148
5.908112049102783, 13147
5.908112049102783, 13146
5.908112049102783, 13145
5.908112049102783, 13144
5.9091126918792725, 13143
5.9091126918792725, 13142
5.9091126918792725, 13141
5.9091126918792725, 13140
5.9091126918792725, 13139
5.9091126918792725, 13138
5.9091126918792725, 13137
5.9091126918792725, 13136
5.9091126918792725, 13135
5.9091126918792725, 13134
5.9091126918792725, 13133
5.9091126918792725, 13132
5.9091126918792725, 13131
5.910111665725708, 13130
5.910111665725708, 13129
5.910111665725708, 13128
5.910394191741943, 13127
5.910394191741943, 13126
