0.17133641242980957, 14032
0.17133641242980957, 14031
0.17133641242980957, 14030
0.17133641242980957, 14029
0.17133641242980957, 14028
0.17133641242980957, 14027
0.17133641242980957, 14026
0.17133641242980957, 14025
0.17133641242980957, 14024
0.17133641242980957, 14023
0.17133641242980957, 14022
0.17233705520629883, 14021
0.17233705520629883, 14020
0.17233705520629883, 14019
0.17233705520629883, 14018
0.17233705520629883, 14017
0.17233705520629883, 14016
0.17233705520629883, 14015
0.17233705520629883, 14014
0.17233705520629883, 14013
0.17233705520629883, 14012
0.17233705520629883, 14011
0.17233705520629883, 14010
0.17233705520629883, 14009
0.17323517799377441, 14008
0.17323517799377441, 14007
0.1733403205871582, 14006
0.1733403205871582, 14005
0.1733403205871582, 14004
0.1733403205871582, 14003
0.1733403205871582, 14002
0.1733403205871582, 14001
0.1733403205871582, 14000
0.1733403205871582, 13999
0.1733403205871582, 13998
0.1733403205871582, 13997
0.1733403205871582, 13996
0.1733403205871582, 13995
0.1733403205871582, 13994
0.1733403205871582, 13993
0.1733403205871582, 13992
0.17433786392211914, 13991
0.1743929386138916, 13990
0.1743929386138916, 13989
0.1743929386138916, 13988
0.1743929386138916, 13987
0.1743929386138916, 13986
0.1743929386138916, 13985
0.1743929386138916, 13984
0.1743929386138916, 13983
0.1743929386138916, 13982
0.1743929386138916, 13981
0.1743929386138916, 13980
0.1743929386138916, 13979
0.1743929386138916, 13978
0.1753380298614502, 13977
0.1753380298614502, 13976
0.1753380298614502, 13975
0.1753380298614502, 13974
0.1753380298614502, 13973
0.1753380298614502, 13972
0.1753380298614502, 13971
0.1753380298614502, 13970
0.1753380298614502, 13969
0.1753380298614502, 13968
0.1753380298614502, 13967
0.1753380298614502, 13966
0.1753380298614502, 13965
0.17633891105651855, 13964
0.17633891105651855, 13963
0.17633891105651855, 13962
0.17633891105651855, 13961
0.17633891105651855, 13960
0.17633891105651855, 13959
0.17633891105651855, 13958
0.17633891105651855, 13957
0.17633891105651855, 13956
0.17633891105651855, 13955
0.17633891105651855, 13954
0.17633891105651855, 13953
0.17633891105651855, 13952
0.17633891105651855, 13951
0.17633891105651855, 13950
0.1773371696472168, 13949
0.1773371696472168, 13948
0.1773371696472168, 13947
0.1773371696472168, 13946
0.1773371696472168, 13945
0.1773371696472168, 13944
0.1773371696472168, 13943
0.1773371696472168, 13942
0.1773371696472168, 13941
0.1773371696472168, 13940
0.1773371696472168, 13939
0.1773371696472168, 13938
0.1773371696472168, 13937
0.1773371696472168, 13936
0.1773371696472168, 13935
0.1773371696472168, 13934
0.17833733558654785, 13933
0.17833733558654785, 13932
0.17833733558654785, 13931
0.17833733558654785, 13930
0.17833733558654785, 13929
0.17833733558654785, 13928
0.17833733558654785, 13927
0.17833733558654785, 13926
0.17833733558654785, 13925
0.17833733558654785, 13924
0.17833733558654785, 13923
0.17833733558654785, 13922
0.17833733558654785, 13921
0.17833733558654785, 13920
0.17833733558654785, 13919
0.179337739944458, 13918
0.179337739944458, 13917
0.179337739944458, 13916
0.179337739944458, 13915
0.179337739944458, 13914
0.179337739944458, 13913
0.179337739944458, 13912
0.179337739944458, 13911
0.179337739944458, 13910
0.179337739944458, 13909
0.179337739944458, 13908
0.179337739944458, 13907
0.179337739944458, 13906
0.179337739944458, 13905
0.179337739944458, 13904
0.18033742904663086, 13903
0.18033742904663086, 13902
0.18033742904663086, 13901
0.18033742904663086, 13900
0.18033742904663086, 13899
0.18033742904663086, 13898
0.18033742904663086, 13897
0.18033742904663086, 13896
0.18033742904663086, 13895
0.18033742904663086, 13894
0.18033742904663086, 13893
0.18033742904663086, 13892
0.18033742904663086, 13891
0.18033742904663086, 13890
0.18033742904663086, 13889
0.1813368797302246, 13888
0.1813368797302246, 13887
0.1813368797302246, 13886
0.1813368797302246, 13885
0.1813368797302246, 13884
0.1813368797302246, 13883
0.1813368797302246, 13882
0.1813368797302246, 13881
0.1813368797302246, 13880
0.1813368797302246, 13879
0.1813368797302246, 13878
0.1813368797302246, 13877
0.1813368797302246, 13876
0.1813368797302246, 13875
0.1813368797302246, 13874
0.1813368797302246, 13873
0.18233680725097656, 13872
0.18233680725097656, 13871
0.18233680725097656, 13870
0.18233680725097656, 13869
0.18233680725097656, 13868
0.18233680725097656, 13867
0.18233680725097656, 13866
0.18233680725097656, 13865
0.18233680725097656, 13864
0.18233680725097656, 13863
0.18233680725097656, 13862
0.18233680725097656, 13861
0.18233680725097656, 13860
0.1832275390625, 13859
0.18333792686462402, 13858
0.18333792686462402, 13857
0.18333792686462402, 13856
0.18333792686462402, 13855
0.18333792686462402, 13854
0.18333792686462402, 13853
0.18333792686462402, 13852
0.18333792686462402, 13851
0.18333792686462402, 13850
0.18333792686462402, 13849
0.18333792686462402, 13848
0.18333792686462402, 13847
0.18333792686462402, 13846
0.18333792686462402, 13845
0.18333792686462402, 13844
0.18333792686462402, 13843
0.18433761596679688, 13842
0.18433761596679688, 13841
0.18433761596679688, 13840
0.18433761596679688, 13839
0.18433761596679688, 13838
0.18433761596679688, 13837
0.18433761596679688, 13836
0.18433761596679688, 13835
0.18433761596679688, 13834
0.18433761596679688, 13833
0.18433761596679688, 13832
0.18433761596679688, 13831
0.18433761596679688, 13830
0.18433761596679688, 13829
0.18433761596679688, 13828
0.18533682823181152, 13827
0.18533682823181152, 13826
0.18533682823181152, 13825
0.18533682823181152, 13824
0.18533682823181152, 13823
0.18533682823181152, 13822
0.18533682823181152, 13821
0.18533682823181152, 13820
0.18533682823181152, 13819
0.18533682823181152, 13818
0.18533682823181152, 13817
0.18533682823181152, 13816
0.18533682823181152, 13815
0.18533682823181152, 13814
0.18533682823181152, 13813
0.18533682823181152, 13812
0.18636870384216309, 13811
0.18636870384216309, 13810
0.18636870384216309, 13809
0.18636870384216309, 13808
0.18636870384216309, 13807
0.18636870384216309, 13806
0.18636870384216309, 13805
0.18636870384216309, 13804
0.18636870384216309, 13803
0.18636870384216309, 13802
0.18636870384216309, 13801
0.18636870384216309, 13800
0.18636870384216309, 13799
0.18736624717712402, 13798
0.18736624717712402, 13797
0.18736624717712402, 13796
0.18736624717712402, 13795
0.18736624717712402, 13794
0.18736624717712402, 13793
0.18736624717712402, 13792
0.18736624717712402, 13791
0.18736624717712402, 13790
0.18736624717712402, 13789
0.18736624717712402, 13788
0.18736624717712402, 13787
0.18837189674377441, 13786
0.18837189674377441, 13785
0.18837189674377441, 13784
0.18837189674377441, 13783
0.18837189674377441, 13782
0.1887671947479248, 13781
0.1887671947479248, 13780
0.1887671947479248, 13779
0.1887671947479248, 13778
0.1887671947479248, 13777
0.1887671947479248, 13776
0.18936967849731445, 13775
0.18936967849731445, 13774
0.18936967849731445, 13773
0.18936967849731445, 13772
0.18936967849731445, 13771
0.18936967849731445, 13770
0.18936967849731445, 13769
0.18936967849731445, 13768
0.18936967849731445, 13767
0.18936967849731445, 13766
0.18936967849731445, 13765
0.1903672218322754, 13764
0.1903672218322754, 13763
0.1903672218322754, 13762
0.361560583114624, 13761
0.361560583114624, 13760
0.361560583114624, 13759
0.361560583114624, 13758
0.36221766471862793, 13757
0.36221766471862793, 13756
0.36221766471862793, 13755
0.36221766471862793, 13754
0.36221766471862793, 13753
0.36221766471862793, 13752
0.36221766471862793, 13751
0.36221766471862793, 13750
0.36221766471862793, 13749
0.36221766471862793, 13748
0.36221766471862793, 13747
0.36221766471862793, 13746
0.3632171154022217, 13745
0.3632171154022217, 13744
0.3632171154022217, 13743
0.3632171154022217, 13742
0.3632171154022217, 13741
0.3632171154022217, 13740
0.3632171154022217, 13739
0.3632171154022217, 13738
0.3632171154022217, 13737
0.3632171154022217, 13736
0.3632171154022217, 13735
0.3632171154022217, 13734
0.3632171154022217, 13733
0.3632171154022217, 13732
0.36421680450439453, 13731
0.36421680450439453, 13730
0.36421680450439453, 13729
0.36421680450439453, 13728
0.36421680450439453, 13727
0.36421680450439453, 13726
0.36421680450439453, 13725
0.36421680450439453, 13724
0.36421680450439453, 13723
0.36421680450439453, 13722
0.36421680450439453, 13721
0.36421680450439453, 13720
0.3652167320251465, 13719
0.3652167320251465, 13718
0.3652167320251465, 13717
0.3652167320251465, 13716
0.3652167320251465, 13715
0.3652167320251465, 13714
0.3652167320251465, 13713
0.3652167320251465, 13712
0.3652167320251465, 13711
0.3652167320251465, 13710
0.3652167320251465, 13709
0.3652167320251465, 13708
0.36621689796447754, 13707
0.36621689796447754, 13706
0.36621689796447754, 13705
0.36621689796447754, 13704
0.36621689796447754, 13703
0.36621689796447754, 13702
0.36621689796447754, 13701
0.36621689796447754, 13700
0.36621689796447754, 13699
0.36621689796447754, 13698
0.36621689796447754, 13697
0.36621689796447754, 13696
0.3672165870666504, 13695
0.3672165870666504, 13694
0.3672165870666504, 13693
0.3672165870666504, 13692
0.3672165870666504, 13691
0.3672165870666504, 13690
0.3672165870666504, 13689
0.3672165870666504, 13688
0.3672165870666504, 13687
0.3672165870666504, 13686
0.3672165870666504, 13685
0.3672165870666504, 13684
0.3672165870666504, 13683
0.36821675300598145, 13682
0.36821675300598145, 13681
0.36821675300598145, 13680
0.36821675300598145, 13679
0.36821675300598145, 13678
0.36821675300598145, 13677
0.36821675300598145, 13676
0.36821675300598145, 13675
0.36821675300598145, 13674
0.36821675300598145, 13673
0.36821675300598145, 13672
0.3692171573638916, 13671
0.5412235260009766, 13670
0.5412235260009766, 13669
0.5412235260009766, 13668
0.5412235260009766, 13667
0.5412235260009766, 13666
0.5412235260009766, 13665
0.5412235260009766, 13664
0.5412235260009766, 13663
0.5412235260009766, 13662
0.5412235260009766, 13661
0.5422234535217285, 13660
0.5422234535217285, 13659
0.5422234535217285, 13658
0.5422234535217285, 13657
0.5422234535217285, 13656
0.5422234535217285, 13655
0.5422234535217285, 13654
0.5422234535217285, 13653
0.5422234535217285, 13652
0.5422234535217285, 13651
0.5422234535217285, 13650
0.5422234535217285, 13649
0.5432169437408447, 13648
0.5432169437408447, 13647
0.5432169437408447, 13646
0.5432169437408447, 13645
0.5432169437408447, 13644
0.5432169437408447, 13643
0.5432169437408447, 13642
0.5432169437408447, 13641
0.5432169437408447, 13640
0.5432169437408447, 13639
0.5432169437408447, 13638
0.5432169437408447, 13637
0.5432169437408447, 13636
0.5442249774932861, 13635
0.5442249774932861, 13634
0.5442249774932861, 13633
0.5442249774932861, 13632
0.5442249774932861, 13631
0.5442249774932861, 13630
0.5442249774932861, 13629
0.5442249774932861, 13628
0.5442249774932861, 13627
0.5442249774932861, 13626
0.5442249774932861, 13625
0.5442249774932861, 13624
0.5452237129211426, 13623
0.5452237129211426, 13622
0.5452237129211426, 13621
0.5452237129211426, 13620
0.5452237129211426, 13619
0.5452237129211426, 13618
0.5452237129211426, 13617
0.5452237129211426, 13616
0.5452237129211426, 13615
0.5452237129211426, 13614
0.5452237129211426, 13613
0.5452237129211426, 13612
0.5462243556976318, 13611
0.5462243556976318, 13610
0.5462243556976318, 13609
0.5462243556976318, 13608
0.5462243556976318, 13607
0.5462243556976318, 13606
0.5462243556976318, 13605
0.5462243556976318, 13604
0.5462243556976318, 13603
0.5462243556976318, 13602
0.5462243556976318, 13601
0.5462243556976318, 13600
0.5472245216369629, 13599
0.5472245216369629, 13598
0.5472245216369629, 13597
0.5472245216369629, 13596
0.5472245216369629, 13595
0.5472245216369629, 13594
0.5472245216369629, 13593
0.5472245216369629, 13592
0.5472245216369629, 13591
0.5472245216369629, 13590
0.5472245216369629, 13589
0.5472245216369629, 13588
0.5482239723205566, 13587
0.5482239723205566, 13586
0.5482239723205566, 13585
0.5482239723205566, 13584
0.5482239723205566, 13583
0.5482239723205566, 13582
0.5482239723205566, 13581
0.5482239723205566, 13580
0.5482239723205566, 13579
0.5482239723205566, 13578
0.5482239723205566, 13577
0.5482239723205566, 13576
0.5492234230041504, 13575
0.5492234230041504, 13574
0.5492234230041504, 13573
0.5492234230041504, 13572
0.5492234230041504, 13571
0.5492234230041504, 13570
0.5492234230041504, 13569
0.5492234230041504, 13568
0.5492234230041504, 13567
0.5492234230041504, 13566
0.5492234230041504, 13565
0.5492234230041504, 13564
0.5502235889434814, 13563
0.5502235889434814, 13562
0.5502235889434814, 13561
0.5502235889434814, 13560
0.5502235889434814, 13559
0.5502235889434814, 13558
0.5502235889434814, 13557
0.5502235889434814, 13556
0.5502235889434814, 13555
0.5502235889434814, 13554
0.5502235889434814, 13553
0.5502235889434814, 13552
0.5502235889434814, 13551
0.5502235889434814, 13550
0.5512762069702148, 13549
0.5512762069702148, 13548
0.5512762069702148, 13547
0.5512762069702148, 13546
0.5512762069702148, 13545
0.5512762069702148, 13544
0.5512762069702148, 13543
0.5512762069702148, 13542
0.5522429943084717, 13541
0.5522429943084717, 13540
0.5522429943084717, 13539
0.5522429943084717, 13538
0.5522429943084717, 13537
0.5522429943084717, 13536
0.5522429943084717, 13535
0.5522429943084717, 13534
0.5522429943084717, 13533
0.5522429943084717, 13532
0.5532281398773193, 13531
0.5532281398773193, 13530
0.5532281398773193, 13529
0.5532281398773193, 13528
0.5532281398773193, 13527
0.5532281398773193, 13526
0.5532281398773193, 13525
0.5532281398773193, 13524
0.5532281398773193, 13523
0.5532281398773193, 13522
0.5532281398773193, 13521
0.5532281398773193, 13520
0.5532281398773193, 13519
0.5532281398773193, 13518
0.5532281398773193, 13517
0.5542247295379639, 13516
0.5542247295379639, 13515
0.5542247295379639, 13514
0.5542247295379639, 13513
0.5542247295379639, 13512
0.5542247295379639, 13511
0.5542247295379639, 13510
0.5542247295379639, 13509
0.5542247295379639, 13508
0.5542247295379639, 13507
3.0432121753692627, 13506
3.0440948009490967, 13505
3.0440948009490967, 13504
3.0440948009490967, 13503
3.0440948009490967, 13502
3.0440948009490967, 13501
3.0440948009490967, 13500
3.0440948009490967, 13499
3.0440948009490967, 13498
3.0440948009490967, 13497
3.0440948009490967, 13496
3.0440948009490967, 13495
3.0440948009490967, 13494
3.0440948009490967, 13493
3.0440948009490967, 13492
3.045095682144165, 13491
3.045095682144165, 13490
3.045095682144165, 13489
3.045095682144165, 13488
3.045095682144165, 13487
3.045095682144165, 13486
3.045095682144165, 13485
3.045095682144165, 13484
3.045095682144165, 13483
3.045095682144165, 13482
3.045095682144165, 13481
3.045095682144165, 13480
3.045095682144165, 13479
3.0460946559906006, 13478
3.0460946559906006, 13477
3.0460946559906006, 13476
3.0460946559906006, 13475
3.0460946559906006, 13474
3.0460946559906006, 13473
3.0460946559906006, 13472
3.0460946559906006, 13471
3.0460946559906006, 13470
3.0460946559906006, 13469
3.0460946559906006, 13468
3.0460946559906006, 13467
3.0460946559906006, 13466
3.0460946559906006, 13465
3.0470945835113525, 13464
3.0470945835113525, 13463
3.0470945835113525, 13462
3.0470945835113525, 13461
3.0470945835113525, 13460
3.0470945835113525, 13459
3.0470945835113525, 13458
3.0470945835113525, 13457
3.0470945835113525, 13456
3.0470945835113525, 13455
3.0470945835113525, 13454
3.0470945835113525, 13453
3.0470945835113525, 13452
3.0470945835113525, 13451
3.0480947494506836, 13450
3.0480947494506836, 13449
3.0480947494506836, 13448
3.0480947494506836, 13447
3.0480947494506836, 13446
3.0480947494506836, 13445
3.0480947494506836, 13444
3.0480947494506836, 13443
3.0480947494506836, 13442
3.0480947494506836, 13441
3.0480947494506836, 13440
3.0480947494506836, 13439
3.0480947494506836, 13438
3.0480947494506836, 13437
3.0490946769714355, 13436
3.0490946769714355, 13435
3.0490946769714355, 13434
3.0490946769714355, 13433
3.0490946769714355, 13432
3.0490946769714355, 13431
3.0490946769714355, 13430
3.0490946769714355, 13429
3.0490946769714355, 13428
3.0490946769714355, 13427
3.0490946769714355, 13426
3.0490946769714355, 13425
3.0490946769714355, 13424
3.0490946769714355, 13423
3.0490946769714355, 13422
3.0500943660736084, 13421
3.0500943660736084, 13420
3.0500943660736084, 13419
3.0500943660736084, 13418
3.0500943660736084, 13417
3.0500943660736084, 13416
3.0500943660736084, 13415
3.0500943660736084, 13414
3.0500943660736084, 13413
3.0500943660736084, 13412
3.0500943660736084, 13411
3.0500943660736084, 13410
3.0500943660736084, 13409
3.0500943660736084, 13408
3.0510945320129395, 13407
3.0510945320129395, 13406
3.0510945320129395, 13405
3.0510945320129395, 13404
3.0510945320129395, 13403
3.0510945320129395, 13402
3.0510945320129395, 13401
3.0510945320129395, 13400
3.0510945320129395, 13399
3.0510945320129395, 13398
3.0510945320129395, 13397
3.0510945320129395, 13396
3.0510945320129395, 13395
3.0510945320129395, 13394
3.0520944595336914, 13393
3.0520944595336914, 13392
3.0520944595336914, 13391
3.0520944595336914, 13390
3.0520944595336914, 13389
3.0520944595336914, 13388
3.0520944595336914, 13387
3.0520944595336914, 13386
3.0520944595336914, 13385
3.0520944595336914, 13384
3.0520944595336914, 13383
3.0520944595336914, 13382
3.0520944595336914, 13381
3.0520944595336914, 13380
3.053051471710205, 13379
3.053051471710205, 13378
3.053051471710205, 13377
3.053051471710205, 13376
3.053051471710205, 13375
3.053051471710205, 13374
3.053051471710205, 13373
3.053051471710205, 13372
3.053051471710205, 13371
3.053051471710205, 13370
3.053051471710205, 13369
3.053051471710205, 13368
3.053051471710205, 13367
3.053051471710205, 13366
3.0540945529937744, 13365
3.0540945529937744, 13364
3.0540945529937744, 13363
3.0540945529937744, 13362
3.0540945529937744, 13361
3.0540945529937744, 13360
3.0540945529937744, 13359
3.0540945529937744, 13358
3.0540945529937744, 13357
3.0540945529937744, 13356
3.0540945529937744, 13355
3.0540945529937744, 13354
3.0540945529937744, 13353
3.0540945529937744, 13352
3.0540945529937744, 13351
3.0550944805145264, 13350
3.0550944805145264, 13349
3.0550944805145264, 13348
3.0550944805145264, 13347
3.0550944805145264, 13346
3.0550944805145264, 13345
3.0550944805145264, 13344
3.0550944805145264, 13343
3.0550944805145264, 13342
3.0550944805145264, 13341
3.0550944805145264, 13340
3.0550944805145264, 13339
3.0550944805145264, 13338
3.0550944805145264, 13337
3.056126117706299, 13336
3.056126117706299, 13335
3.056126117706299, 13334
3.056126117706299, 13333
3.056126117706299, 13332
3.056126117706299, 13331
3.056126117706299, 13330
3.056126117706299, 13329
3.056126117706299, 13328
3.056126117706299, 13327
3.056126117706299, 13326
3.056126117706299, 13325
3.056126117706299, 13324
3.056126117706299, 13323
3.0571184158325195, 13322
3.0571184158325195, 13321
3.0571184158325195, 13320
3.0571184158325195, 13319
3.0571184158325195, 13318
3.0571184158325195, 13317
5.648274660110474, 13316
5.648274660110474, 13315
5.648274660110474, 13314
5.648274660110474, 13313
5.648274660110474, 13312
5.648274660110474, 13311
5.648274660110474, 13310
5.649274587631226, 13309
5.649274587631226, 13308
5.649274587631226, 13307
5.649274587631226, 13306
5.649274587631226, 13305
5.649274587631226, 13304
5.649274587631226, 13303
5.649274587631226, 13302
5.649274587631226, 13301
5.649274587631226, 13300
5.649274587631226, 13299
5.649274587631226, 13298
5.649274587631226, 13297
5.649274587631226, 13296
5.649274587631226, 13295
5.650274753570557, 13294
5.650274753570557, 13293
5.650274753570557, 13292
5.650274753570557, 13291
5.650274753570557, 13290
5.650274753570557, 13289
5.650274753570557, 13288
5.650274753570557, 13287
5.650274753570557, 13286
5.650274753570557, 13285
5.650274753570557, 13284
5.650274753570557, 13283
5.650274753570557, 13282
5.650274753570557, 13281
5.651274919509888, 13280
5.651274919509888, 13279
5.651274919509888, 13278
5.651274919509888, 13277
5.651274919509888, 13276
5.651274919509888, 13275
5.651274919509888, 13274
5.651274919509888, 13273
5.651274919509888, 13272
5.651274919509888, 13271
5.651274919509888, 13270
5.651274919509888, 13269
5.651274919509888, 13268
5.651274919509888, 13267
5.65227484703064, 13266
5.65227484703064, 13265
5.65227484703064, 13264
5.65227484703064, 13263
5.65227484703064, 13262
5.65227484703064, 13261
5.65227484703064, 13260
5.65227484703064, 13259
5.65227484703064, 13258
5.65227484703064, 13257
5.65227484703064, 13256
5.65227484703064, 13255
5.65227484703064, 13254
5.65227484703064, 13253
5.65326189994812, 13252
5.65326189994812, 13251
5.65326189994812, 13250
5.65326189994812, 13249
5.65326189994812, 13248
5.65326189994812, 13247
5.65326189994812, 13246
5.65326189994812, 13245
5.65326189994812, 13244
5.65326189994812, 13243
5.65326189994812, 13242
5.65326189994812, 13241
5.65326189994812, 13240
5.65326189994812, 13239
5.6542744636535645, 13238
5.6542744636535645, 13237
5.6542744636535645, 13236
5.6542744636535645, 13235
5.6542744636535645, 13234
5.6542744636535645, 13233
5.6542744636535645, 13232
5.6542744636535645, 13231
5.655275583267212, 13230
5.655275583267212, 13229
5.655275583267212, 13228
5.655275583267212, 13227
5.655275583267212, 13226
5.655275583267212, 13225
5.655275583267212, 13224
5.655275583267212, 13223
5.655275583267212, 13222
5.655275583267212, 13221
5.655275583267212, 13220
5.655275583267212, 13219
5.655275583267212, 13218
5.655275583267212, 13217
5.656275272369385, 13216
5.656275272369385, 13215
5.656275272369385, 13214
5.656275272369385, 13213
5.656275272369385, 13212
5.656275272369385, 13211
5.656275272369385, 13210
5.656275272369385, 13209
5.656275272369385, 13208
5.656275272369385, 13207
5.656275272369385, 13206
5.656275272369385, 13205
5.656275272369385, 13204
5.656275272369385, 13203
5.657275438308716, 13202
5.657275438308716, 13201
5.657275438308716, 13200
5.657275438308716, 13199
5.657275438308716, 13198
5.657275438308716, 13197
5.657275438308716, 13196
5.657275438308716, 13195
5.657275438308716, 13194
5.657275438308716, 13193
5.657275438308716, 13192
5.657275438308716, 13191
5.657275438308716, 13190
5.657275438308716, 13189
5.658280611038208, 13188
5.658280611038208, 13187
5.658280611038208, 13186
5.658280611038208, 13185
5.658280611038208, 13184
5.658280611038208, 13183
5.658280611038208, 13182
5.658280611038208, 13181
5.658280611038208, 13180
5.658280611038208, 13179
5.658280611038208, 13178
5.658280611038208, 13177
5.658280611038208, 13176
5.658280611038208, 13175
5.659275531768799, 13174
5.659275531768799, 13173
5.659275531768799, 13172
5.659275531768799, 13171
5.659275531768799, 13170
5.659275531768799, 13169
5.659275531768799, 13168
5.659275531768799, 13167
5.659275531768799, 13166
5.659275531768799, 13165
5.659275531768799, 13164
5.659275531768799, 13163
5.659275531768799, 13162
5.659275531768799, 13161
5.660275459289551, 13160
5.660275459289551, 13159
5.660275459289551, 13158
5.660275459289551, 13157
5.660275459289551, 13156
5.660275459289551, 13155
5.660275459289551, 13154
5.660275459289551, 13153
5.660275459289551, 13152
5.660275459289551, 13151
5.660275459289551, 13150
5.660275459289551, 13149
5.660275459289551, 13148
5.660275459289551, 13147
5.66127610206604, 13146
5.66127610206604, 13145
5.66127610206604, 13144
