0.17196178436279297, 14041
0.17196178436279297, 14040
0.17196178436279297, 14039
0.17196178436279297, 14038
0.17196178436279297, 14037
0.17196178436279297, 14036
0.17246770858764648, 14035
0.17246770858764648, 14034
0.17246770858764648, 14033
0.17246770858764648, 14032
0.17246770858764648, 14031
0.17246770858764648, 14030
0.17246770858764648, 14029
0.17246770858764648, 14028
0.17246770858764648, 14027
0.17246770858764648, 14026
0.17246770858764648, 14025
0.17246770858764648, 14024
0.17246770858764648, 14023
0.17246770858764648, 14022
0.17246770858764648, 14021
0.17347407341003418, 14020
0.17347407341003418, 14019
0.17347407341003418, 14018
0.17347407341003418, 14017
0.17347407341003418, 14016
0.17347407341003418, 14015
0.17347407341003418, 14014
0.17347407341003418, 14013
0.17347407341003418, 14012
0.17347407341003418, 14011
0.17347407341003418, 14010
0.17347407341003418, 14009
0.17347407341003418, 14008
0.17347407341003418, 14007
0.17447447776794434, 14006
0.17447447776794434, 14005
0.17447447776794434, 14004
0.17447447776794434, 14003
0.17447447776794434, 14002
0.17447447776794434, 14001
0.17447447776794434, 14000
0.17447447776794434, 13999
0.17447447776794434, 13998
0.17447447776794434, 13997
0.17447447776794434, 13996
0.17447447776794434, 13995
0.17447447776794434, 13994
0.17447447776794434, 13993
0.17447447776794434, 13992
0.17548012733459473, 13991
0.17548012733459473, 13990
0.17548012733459473, 13989
0.17548012733459473, 13988
0.17548012733459473, 13987
0.17548012733459473, 13986
0.17548012733459473, 13985
0.17548012733459473, 13984
0.17548012733459473, 13983
0.17548012733459473, 13982
0.17548012733459473, 13981
0.17548012733459473, 13980
0.17548012733459473, 13979
0.17548012733459473, 13978
0.17548012733459473, 13977
0.17647743225097656, 13976
0.17647743225097656, 13975
0.17647743225097656, 13974
0.17647743225097656, 13973
0.17647743225097656, 13972
0.17647743225097656, 13971
0.17647743225097656, 13970
0.17647743225097656, 13969
0.17647743225097656, 13968
0.17647743225097656, 13967
0.17647743225097656, 13966
0.17647743225097656, 13965
0.17647743225097656, 13964
0.17647743225097656, 13963
0.1774742603302002, 13962
0.1774742603302002, 13961
0.1774742603302002, 13960
0.1774742603302002, 13959
0.1774742603302002, 13958
0.1774742603302002, 13957
0.1774742603302002, 13956
0.1774742603302002, 13955
0.1774742603302002, 13954
0.1774742603302002, 13953
0.1774742603302002, 13952
0.1774742603302002, 13951
0.1774742603302002, 13950
0.1774742603302002, 13949
0.1774742603302002, 13948
0.17847418785095215, 13947
0.17847418785095215, 13946
0.17847418785095215, 13945
0.17847418785095215, 13944
0.17847418785095215, 13943
0.17847418785095215, 13942
0.17847418785095215, 13941
0.17847418785095215, 13940
0.17847418785095215, 13939
0.17847418785095215, 13938
0.17847418785095215, 13937
0.17847418785095215, 13936
0.17847418785095215, 13935
0.17847418785095215, 13934
0.17847418785095215, 13933
0.179473876953125, 13932
0.179473876953125, 13931
0.179473876953125, 13930
0.179473876953125, 13929
0.179473876953125, 13928
0.179473876953125, 13927
0.179473876953125, 13926
0.179473876953125, 13925
0.179473876953125, 13924
0.179473876953125, 13923
0.179473876953125, 13922
0.179473876953125, 13921
0.18028044700622559, 13920
0.18028044700622559, 13919
0.18047451972961426, 13918
0.18047451972961426, 13917
0.18047451972961426, 13916
0.18047451972961426, 13915
0.18047451972961426, 13914
0.18047451972961426, 13913
0.18047451972961426, 13912
0.18047451972961426, 13911
0.18047451972961426, 13910
0.18047451972961426, 13909
0.18047451972961426, 13908
0.18047451972961426, 13907
0.18047451972961426, 13906
0.18047451972961426, 13905
0.18047451972961426, 13904
0.18047451972961426, 13903
0.18147563934326172, 13902
0.18147563934326172, 13901
0.18147563934326172, 13900
0.18147563934326172, 13899
0.18147563934326172, 13898
0.18147563934326172, 13897
0.18147563934326172, 13896
0.18147563934326172, 13895
0.18147563934326172, 13894
0.18147563934326172, 13893
0.18147563934326172, 13892
0.18147563934326172, 13891
0.18147563934326172, 13890
0.18147563934326172, 13889
0.18147563934326172, 13888
0.18247413635253906, 13887
0.18247413635253906, 13886
0.18247413635253906, 13885
0.18247413635253906, 13884
0.18247413635253906, 13883
0.18247413635253906, 13882
0.18247413635253906, 13881
0.18247413635253906, 13880
0.18247413635253906, 13879
0.18247413635253906, 13878
0.18247413635253906, 13877
0.18247413635253906, 13876
0.18247413635253906, 13875
0.18247413635253906, 13874
0.18247413635253906, 13873
0.18347501754760742, 13872
0.18347501754760742, 13871
0.18347501754760742, 13870
0.18347501754760742, 13869
0.18347501754760742, 13868
0.18347501754760742, 13867
0.18347501754760742, 13866
0.18347501754760742, 13865
0.18347501754760742, 13864
0.18347501754760742, 13863
0.18347501754760742, 13862
0.18347501754760742, 13861
0.18347501754760742, 13860
0.18347501754760742, 13859
0.18447470664978027, 13858
0.18447470664978027, 13857
0.18447470664978027, 13856
0.18447470664978027, 13855
0.18447470664978027, 13854
0.18447470664978027, 13853
0.18447470664978027, 13852
0.18447470664978027, 13851
0.18447470664978027, 13850
0.18447470664978027, 13849
0.18447470664978027, 13848
0.18447470664978027, 13847
0.18447470664978027, 13846
0.18447470664978027, 13845
0.18547391891479492, 13844
0.18547391891479492, 13843
0.18547391891479492, 13842
0.18547391891479492, 13841
0.18547391891479492, 13840
0.18547391891479492, 13839
0.18547391891479492, 13838
0.18547391891479492, 13837
0.18547391891479492, 13836
0.18547391891479492, 13835
0.18547391891479492, 13834
0.18547391891479492, 13833
0.18627285957336426, 13832
0.18627285957336426, 13831
0.18627285957336426, 13830
0.18647432327270508, 13829
0.18647432327270508, 13828
0.18647432327270508, 13827
0.18647432327270508, 13826
0.18647432327270508, 13825
0.18647432327270508, 13824
0.18647432327270508, 13823
0.18647432327270508, 13822
0.18647432327270508, 13821
0.18647432327270508, 13820
0.18647432327270508, 13819
0.18647432327270508, 13818
0.18647432327270508, 13817
0.18647432327270508, 13816
0.18647432327270508, 13815
0.18747448921203613, 13814
0.18747448921203613, 13813
0.18747448921203613, 13812
0.18747448921203613, 13811
0.18747448921203613, 13810
0.18747448921203613, 13809
0.18747448921203613, 13808
0.18747448921203613, 13807
0.18747448921203613, 13806
0.18747448921203613, 13805
0.18747448921203613, 13804
0.18747448921203613, 13803
0.18747448921203613, 13802
0.18747448921203613, 13801
0.18747448921203613, 13800
0.18847417831420898, 13799
0.18847417831420898, 13798
0.18847417831420898, 13797
0.18847417831420898, 13796
0.18847417831420898, 13795
0.18847417831420898, 13794
0.18847417831420898, 13793
0.18847417831420898, 13792
0.18847417831420898, 13791
0.18847417831420898, 13790
0.18847417831420898, 13789
0.18847417831420898, 13788
0.18847417831420898, 13787
0.18847417831420898, 13786
0.18847417831420898, 13785
0.18947434425354004, 13784
0.18947434425354004, 13783
0.18947434425354004, 13782
0.18947434425354004, 13781
0.18947434425354004, 13780
0.18947434425354004, 13779
0.18947434425354004, 13778
0.18947434425354004, 13777
0.18947434425354004, 13776
0.18947434425354004, 13775
0.18947434425354004, 13774
0.1904749870300293, 13773
0.1904749870300293, 13772
0.1904749870300293, 13771
0.1904749870300293, 13770
0.1904749870300293, 13769
0.1904749870300293, 13768
0.1904749870300293, 13767
0.1904749870300293, 13766
0.1904749870300293, 13765
0.1904749870300293, 13764
0.1904749870300293, 13763
0.1904749870300293, 13762
0.1904749870300293, 13761
0.19147396087646484, 13760
0.19147396087646484, 13759
0.19147396087646484, 13758
0.36182403564453125, 13757
0.36182403564453125, 13756
0.36182403564453125, 13755
0.36182403564453125, 13754
0.36182403564453125, 13753
0.36182403564453125, 13752
0.36182403564453125, 13751
0.36182403564453125, 13750
0.36182403564453125, 13749
0.3625974655151367, 13748
0.3625974655151367, 13747
0.3625974655151367, 13746
0.3625974655151367, 13745
0.3625974655151367, 13744
0.3625974655151367, 13743
0.3625974655151367, 13742
0.3625974655151367, 13741
0.3625974655151367, 13740
0.3625974655151367, 13739
0.3625974655151367, 13738
0.3625974655151367, 13737
0.3625974655151367, 13736
0.3625974655151367, 13735
0.36360669136047363, 13734
0.36368632316589355, 13733
0.36368632316589355, 13732
0.36368632316589355, 13731
0.36368632316589355, 13730
0.36368632316589355, 13729
0.36368632316589355, 13728
0.36368632316589355, 13727
0.36368632316589355, 13726
0.36368632316589355, 13725
0.3646078109741211, 13724
0.3646078109741211, 13723
0.3646078109741211, 13722
0.3646078109741211, 13721
0.3646078109741211, 13720
0.3646078109741211, 13719
0.3646078109741211, 13718
0.3646078109741211, 13717
0.3646078109741211, 13716
0.3646078109741211, 13715
0.36560702323913574, 13714
0.36560702323913574, 13713
0.36560702323913574, 13712
0.36560702323913574, 13711
0.36560702323913574, 13710
0.36560702323913574, 13709
0.36560702323913574, 13708
0.36560702323913574, 13707
0.36560702323913574, 13706
0.36560702323913574, 13705
0.36560702323913574, 13704
0.3666071891784668, 13703
0.3666071891784668, 13702
0.3666071891784668, 13701
0.3666071891784668, 13700
0.3666071891784668, 13699
0.3666071891784668, 13698
0.3666071891784668, 13697
0.3666071891784668, 13696
0.3666071891784668, 13695
0.3666071891784668, 13694
0.3666071891784668, 13693
0.36760735511779785, 13692
0.36760735511779785, 13691
0.36760735511779785, 13690
0.36760735511779785, 13689
0.36760735511779785, 13688
0.36760735511779785, 13687
0.36760735511779785, 13686
0.36760735511779785, 13685
0.36760735511779785, 13684
0.36760735511779785, 13683
0.36760735511779785, 13682
0.3686070442199707, 13681
0.3686070442199707, 13680
0.3686070442199707, 13679
0.3686070442199707, 13678
0.3686070442199707, 13677
0.3686070442199707, 13676
0.3686070442199707, 13675
0.3686070442199707, 13674
0.3686070442199707, 13673
0.3686070442199707, 13672
0.3686070442199707, 13671
0.36960721015930176, 13670
0.36960721015930176, 13669
0.36960721015930176, 13668
0.36960721015930176, 13667
0.36960721015930176, 13666
0.36960721015930176, 13665
0.36960721015930176, 13664
0.3702840805053711, 13663
0.3702840805053711, 13662
0.3702840805053711, 13661
0.3702840805053711, 13660
0.3706073760986328, 13659
0.3706073760986328, 13658
0.3706073760986328, 13657
0.3706073760986328, 13656
0.3706073760986328, 13655
0.3706073760986328, 13654
0.3706073760986328, 13653
0.3706073760986328, 13652
0.3706073760986328, 13651
0.3706073760986328, 13650
0.3706073760986328, 13649
0.37160634994506836, 13648
0.37160634994506836, 13647
0.37160634994506836, 13646
0.37160634994506836, 13645
0.37160634994506836, 13644
0.37160634994506836, 13643
0.37160634994506836, 13642
0.37160634994506836, 13641
0.37160634994506836, 13640
0.37160634994506836, 13639
0.37160634994506836, 13638
0.3726069927215576, 13637
0.3726069927215576, 13636
0.3726069927215576, 13635
0.3726069927215576, 13634
0.3726069927215576, 13633
0.3726069927215576, 13632
0.3726069927215576, 13631
0.3726069927215576, 13630
0.3726069927215576, 13629
0.3726069927215576, 13628
0.3726069927215576, 13627
0.3726069927215576, 13626
0.3726069927215576, 13625
0.373607873916626, 13624
0.373607873916626, 13623
0.373607873916626, 13622
0.373607873916626, 13621
0.373607873916626, 13620
0.373607873916626, 13619
0.373607873916626, 13618
0.373607873916626, 13617
0.373607873916626, 13616
0.373607873916626, 13615
0.373607873916626, 13614
0.3746066093444824, 13613
0.3746066093444824, 13612
0.3746066093444824, 13611
0.3746066093444824, 13610
0.3746066093444824, 13609
0.3746066093444824, 13608
0.3746066093444824, 13607
0.3746066093444824, 13606
0.3746066093444824, 13605
0.3746066093444824, 13604
0.3746066093444824, 13603
0.3746066093444824, 13602
0.3756072521209717, 13601
0.3756072521209717, 13600
0.3756072521209717, 13599
0.3756072521209717, 13598
0.3756072521209717, 13597
0.3756072521209717, 13596
0.3756072521209717, 13595
0.3756072521209717, 13594
0.3756072521209717, 13593
0.3756072521209717, 13592
0.3756072521209717, 13591
0.3756072521209717, 13590
0.37660670280456543, 13589
0.37660670280456543, 13588
0.37660670280456543, 13587
0.37660670280456543, 13586
0.37660670280456543, 13585
0.37660670280456543, 13584
0.37660670280456543, 13583
0.37660670280456543, 13582
0.37660670280456543, 13581
0.37660670280456543, 13580
0.37660670280456543, 13579
0.37660670280456543, 13578
0.37660670280456543, 13577
0.37660670280456543, 13576
0.37660670280456543, 13575
0.3776063919067383, 13574
0.3776063919067383, 13573
0.3776063919067383, 13572
0.3776063919067383, 13571
0.3776063919067383, 13570
0.3776063919067383, 13569
0.37797093391418457, 13568
0.37797093391418457, 13567
0.37797093391418457, 13566
0.37797093391418457, 13565
0.37797093391418457, 13564
0.37797093391418457, 13563
0.37797093391418457, 13562
0.37797093391418457, 13561
0.37797093391418457, 13560
0.3786153793334961, 13559
0.3786153793334961, 13558
0.3786153793334961, 13557
0.3786153793334961, 13556
0.3786153793334961, 13555
0.3786153793334961, 13554
0.3786153793334961, 13553
0.3786153793334961, 13552
0.3786153793334961, 13551
0.3786153793334961, 13550
0.3786153793334961, 13549
0.3786153793334961, 13548
0.3786153793334961, 13547
0.3786153793334961, 13546
0.3786153793334961, 13545
0.379608154296875, 13544
0.379608154296875, 13543
0.379608154296875, 13542
0.379608154296875, 13541
0.379608154296875, 13540
0.379608154296875, 13539
0.379608154296875, 13538
0.379608154296875, 13537
0.379608154296875, 13536
0.379608154296875, 13535
0.379608154296875, 13534
0.379608154296875, 13533
0.379608154296875, 13532
0.3806145191192627, 13531
0.3806145191192627, 13530
0.3806145191192627, 13529
0.3806145191192627, 13528
0.3806145191192627, 13527
0.3806145191192627, 13526
0.3806145191192627, 13525
0.3806145191192627, 13524
0.3806145191192627, 13523
0.3806145191192627, 13522
0.3806145191192627, 13521
0.3806145191192627, 13520
0.3806145191192627, 13519
0.3806145191192627, 13518
0.3806145191192627, 13517
0.3816065788269043, 13516
0.3816065788269043, 13515
0.3816065788269043, 13514
0.3816065788269043, 13513
0.3816065788269043, 13512
0.3816065788269043, 13511
0.3816065788269043, 13510
0.3816065788269043, 13509
0.3816065788269043, 13508
0.3816065788269043, 13507
0.3816065788269043, 13506
0.3816065788269043, 13505
0.3816065788269043, 13504
0.3816065788269043, 13503
0.3816065788269043, 13502
0.38260650634765625, 13501
0.38260650634765625, 13500
0.38260650634765625, 13499
0.38260650634765625, 13498
0.38260650634765625, 13497
0.38260650634765625, 13496
0.38260650634765625, 13495
0.38260650634765625, 13494
0.38260650634765625, 13493
0.38260650634765625, 13492
0.38260650634765625, 13491
0.38260650634765625, 13490
0.38260650634765625, 13489
0.38260650634765625, 13488
0.38260650634765625, 13487
0.3836073875427246, 13486
0.3836073875427246, 13485
0.3836073875427246, 13484
0.3836073875427246, 13483
0.3836073875427246, 13482
0.3836073875427246, 13481
0.3836073875427246, 13480
0.3836073875427246, 13479
0.3836073875427246, 13478
0.3836073875427246, 13477
0.3836073875427246, 13476
0.3836073875427246, 13475
0.3836073875427246, 13474
0.3836073875427246, 13473
0.3836073875427246, 13472
0.9218003749847412, 13471
0.9218003749847412, 13470
0.9218003749847412, 13469
0.9218003749847412, 13468
0.9218003749847412, 13467
0.9218003749847412, 13466
0.9218003749847412, 13465
0.9218003749847412, 13464
0.9218003749847412, 13463
0.9218003749847412, 13462
0.9218003749847412, 13461
0.9218003749847412, 13460
0.9228010177612305, 13459
0.9228935241699219, 13458
0.9228935241699219, 13457
0.9228935241699219, 13456
0.9228935241699219, 13455
0.9228935241699219, 13454
0.9228935241699219, 13453
0.9228935241699219, 13452
0.9228935241699219, 13451
0.9228935241699219, 13450
0.9228935241699219, 13449
0.9228935241699219, 13448
0.9228935241699219, 13447
0.9228935241699219, 13446
0.9238007068634033, 13445
0.9238007068634033, 13444
2.0705008506774902, 13443
2.0705008506774902, 13442
2.0705008506774902, 13441
2.0705008506774902, 13440
2.0705008506774902, 13439
2.0705008506774902, 13438
2.0705008506774902, 13437
2.0705008506774902, 13436
2.0705008506774902, 13435
2.0705008506774902, 13434
2.0705008506774902, 13433
2.0705008506774902, 13432
2.0705008506774902, 13431
2.0715014934539795, 13430
2.0715014934539795, 13429
2.0715014934539795, 13428
2.0715014934539795, 13427
2.0715014934539795, 13426
2.0715014934539795, 13425
3.4207546710968018, 13424
3.4207546710968018, 13423
3.4207546710968018, 13422
3.4207546710968018, 13421
3.4207546710968018, 13420
3.4207546710968018, 13419
3.4207546710968018, 13418
3.4207546710968018, 13417
3.4207546710968018, 13416
3.4217545986175537, 13415
3.4217545986175537, 13414
3.4217545986175537, 13413
3.4217545986175537, 13412
3.4217545986175537, 13411
3.4217545986175537, 13410
3.4217545986175537, 13409
3.4217545986175537, 13408
3.4217545986175537, 13407
3.4217545986175537, 13406
3.4217545986175537, 13405
3.4217545986175537, 13404
3.4217545986175537, 13403
3.4217545986175537, 13402
3.4227547645568848, 13401
3.4227547645568848, 13400
3.4227547645568848, 13399
3.4227547645568848, 13398
3.4227547645568848, 13397
3.4227547645568848, 13396
3.4227547645568848, 13395
3.4227547645568848, 13394
3.4227547645568848, 13393
3.4227547645568848, 13392
3.4227547645568848, 13391
3.4227547645568848, 13390
3.4227547645568848, 13389
3.4227547645568848, 13388
3.4237546920776367, 13387
3.4237546920776367, 13386
3.4237546920776367, 13385
3.4237546920776367, 13384
3.4237546920776367, 13383
3.4237546920776367, 13382
3.4237546920776367, 13381
3.4237546920776367, 13380
3.4237546920776367, 13379
3.4237546920776367, 13378
3.4237546920776367, 13377
3.4237546920776367, 13376
3.4237546920776367, 13375
3.4237546920776367, 13374
3.4237546920776367, 13373
3.424813747406006, 13372
3.424813747406006, 13371
3.424813747406006, 13370
3.424813747406006, 13369
3.424813747406006, 13368
3.424813747406006, 13367
3.424813747406006, 13366
3.424813747406006, 13365
3.424813747406006, 13364
3.424813747406006, 13363
3.424813747406006, 13362
3.4257564544677734, 13361
3.4257564544677734, 13360
3.4257564544677734, 13359
3.4257564544677734, 13358
3.4257564544677734, 13357
3.4257564544677734, 13356
3.4257564544677734, 13355
3.4257564544677734, 13354
3.4257564544677734, 13353
3.4257564544677734, 13352
3.4257564544677734, 13351
3.4257564544677734, 13350
3.4257564544677734, 13349
3.4257564544677734, 13348
3.4267547130584717, 13347
3.4267547130584717, 13346
3.4267547130584717, 13345
3.4267547130584717, 13344
3.4267547130584717, 13343
3.4267547130584717, 13342
3.4267547130584717, 13341
3.4267547130584717, 13340
3.4267547130584717, 13339
3.4267547130584717, 13338
3.4267547130584717, 13337
3.4267547130584717, 13336
3.4267547130584717, 13335
3.4267547130584717, 13334
3.4277544021606445, 13333
3.4277544021606445, 13332
3.4277544021606445, 13331
3.4277544021606445, 13330
3.4277544021606445, 13329
3.4277544021606445, 13328
3.4277544021606445, 13327
3.4277544021606445, 13326
3.4277544021606445, 13325
3.4277544021606445, 13324
3.4277544021606445, 13323
3.4277544021606445, 13322
3.4277544021606445, 13321
3.4277544021606445, 13320
3.4287545680999756, 13319
3.4287545680999756, 13318
3.4287545680999756, 13317
3.4287545680999756, 13316
3.4287545680999756, 13315
3.4287545680999756, 13314
3.4287545680999756, 13313
3.4287545680999756, 13312
3.4287545680999756, 13311
3.4287545680999756, 13310
3.4287545680999756, 13309
3.4287545680999756, 13308
3.4287545680999756, 13307
3.4287545680999756, 13306
3.429755926132202, 13305
3.429755926132202, 13304
3.429755926132202, 13303
3.429755926132202, 13302
3.429755926132202, 13301
3.429755926132202, 13300
3.429755926132202, 13299
3.429755926132202, 13298
3.429755926132202, 13297
3.429755926132202, 13296
3.429755926132202, 13295
3.429755926132202, 13294
3.429755926132202, 13293
3.4307548999786377, 13292
3.4307548999786377, 13291
3.4307548999786377, 13290
3.4307548999786377, 13289
3.4307548999786377, 13288
3.4307548999786377, 13287
3.4307548999786377, 13286
3.4307548999786377, 13285
3.4307548999786377, 13284
3.4307548999786377, 13283
3.4307548999786377, 13282
9.617473840713501, 13281
9.617473840713501, 13280
9.617473840713501, 13279
9.617473840713501, 13278
9.617473840713501, 13277
9.617473840713501, 13276
9.617473840713501, 13275
9.617473840713501, 13274
9.617473840713501, 13273
9.617473840713501, 13272
9.617473840713501, 13271
9.617473840713501, 13270
9.618474006652832, 13269
9.618474006652832, 13268
9.618474006652832, 13267
9.618474006652832, 13266
9.618474006652832, 13265
9.618474006652832, 13264
9.618474006652832, 13263
9.618474006652832, 13262
9.618474006652832, 13261
9.618474006652832, 13260
9.618474006652832, 13259
9.618474006652832, 13258
9.618474006652832, 13257
9.618474006652832, 13256
9.618474006652832, 13255
9.619473457336426, 13254
9.619473457336426, 13253
9.619473457336426, 13252
9.619473457336426, 13251
9.619473457336426, 13250
9.619473457336426, 13249
9.619473457336426, 13248
9.619473457336426, 13247
9.619473457336426, 13246
9.619473457336426, 13245
9.619473457336426, 13244
9.619473457336426, 13243
9.619473457336426, 13242
9.619473457336426, 13241
9.620473623275757, 13240
9.620473623275757, 13239
9.620473623275757, 13238
9.620473623275757, 13237
9.62074589729309, 13236
9.62074589729309, 13235
9.62074589729309, 13234
9.62074589729309, 13233
9.62074589729309, 13232
9.62074589729309, 13231
9.62074589729309, 13230
9.62074589729309, 13229
9.62074589729309, 13228
9.62074589729309, 13227
9.621474742889404, 13226
9.621474742889404, 13225
9.621474742889404, 13224
9.621474742889404, 13223
9.621474742889404, 13222
9.621474742889404, 13221
9.621474742889404, 13220
9.621474742889404, 13219
9.621474742889404, 13218
9.621474742889404, 13217
9.621474742889404, 13216
9.621474742889404, 13215
9.621474742889404, 13214
9.621474742889404, 13213
9.621474742889404, 13212
9.62247347831726, 13211
9.62247347831726, 13210
9.62247347831726, 13209
9.62247347831726, 13208
9.62247347831726, 13207
9.62247347831726, 13206
9.62247347831726, 13205
9.62247347831726, 13204
9.62247347831726, 13203
9.62247347831726, 13202
9.62247347831726, 13201
9.62247347831726, 13200
9.62247347831726, 13199
9.62247347831726, 13198
9.623492002487183, 13197
9.623492002487183, 13196
9.623492002487183, 13195
9.623492002487183, 13194
9.623492002487183, 13193
9.623492002487183, 13192
9.623492002487183, 13191
9.623492002487183, 13190
9.623492002487183, 13189
9.623492002487183, 13188
9.623492002487183, 13187
9.623492002487183, 13186
9.623492002487183, 13185
9.623492002487183, 13184
9.624492168426514, 13183
