0.1811964511871338, 14098
0.1811964511871338, 14097
0.1811964511871338, 14096
0.1811964511871338, 14095
0.1811964511871338, 14094
0.1811964511871338, 14093
0.1811964511871338, 14092
0.1811964511871338, 14091
0.1811964511871338, 14090
0.1811964511871338, 14089
0.1811964511871338, 14088
0.1811964511871338, 14087
0.1811964511871338, 14086
0.18219685554504395, 14085
0.18219685554504395, 14084
0.18219685554504395, 14083
0.18219685554504395, 14082
0.18219685554504395, 14081
0.18219685554504395, 14080
0.18219685554504395, 14079
0.18219685554504395, 14078
0.18219685554504395, 14077
0.18219685554504395, 14076
0.18219685554504395, 14075
0.18219685554504395, 14074
0.18219685554504395, 14073
0.18219685554504395, 14072
0.18219685554504395, 14071
0.18219685554504395, 14070
0.1831967830657959, 14069
0.1831967830657959, 14068
0.1831967830657959, 14067
0.1831967830657959, 14066
0.1831967830657959, 14065
0.1831967830657959, 14064
0.1831967830657959, 14063
0.1831967830657959, 14062
0.1831967830657959, 14061
0.1831967830657959, 14060
0.1831967830657959, 14059
0.1831967830657959, 14058
0.1831967830657959, 14057
0.1831967830657959, 14056
0.18423104286193848, 14055
0.18423104286193848, 14054
0.18423104286193848, 14053
0.18423104286193848, 14052
0.18423104286193848, 14051
0.18423104286193848, 14050
0.18423104286193848, 14049
0.18423104286193848, 14048
0.18423104286193848, 14047
0.18423104286193848, 14046
0.18423104286193848, 14045
0.18423104286193848, 14044
0.18423104286193848, 14043
0.18423104286193848, 14042
0.18423104286193848, 14041
0.18523168563842773, 14040
0.18523168563842773, 14039
0.18523168563842773, 14038
0.18523168563842773, 14037
0.18523168563842773, 14036
0.18523168563842773, 14035
0.18523168563842773, 14034
0.18523168563842773, 14033
0.18523168563842773, 14032
0.18523168563842773, 14031
0.18523168563842773, 14030
0.18523168563842773, 14029
0.18523168563842773, 14028
0.18523168563842773, 14027
0.18523168563842773, 14026
0.18523168563842773, 14025
0.18623113632202148, 14024
0.18623113632202148, 14023
0.18623113632202148, 14022
0.18623113632202148, 14021
0.18623113632202148, 14020
0.18623113632202148, 14019
0.18623113632202148, 14018
0.18623113632202148, 14017
0.18623113632202148, 14016
0.18623113632202148, 14015
0.18623113632202148, 14014
0.18623113632202148, 14013
0.18623113632202148, 14012
0.18623113632202148, 14011
0.18623113632202148, 14010
0.18623113632202148, 14009
0.18723082542419434, 14008
0.18723082542419434, 14007
0.18723082542419434, 14006
0.18723082542419434, 14005
0.18723082542419434, 14004
0.18723082542419434, 14003
0.18723082542419434, 14002
0.18723082542419434, 14001
0.18723082542419434, 14000
0.18723082542419434, 13999
0.18723082542419434, 13998
0.18723082542419434, 13997
0.18723082542419434, 13996
0.18723082542419434, 13995
0.18723082542419434, 13994
0.1882309913635254, 13993
0.1882309913635254, 13992
0.1882309913635254, 13991
0.1882309913635254, 13990
0.1882309913635254, 13989
0.1882309913635254, 13988
0.1882309913635254, 13987
0.1882309913635254, 13986
0.1882309913635254, 13985
0.1882309913635254, 13984
0.1882309913635254, 13983
0.1882309913635254, 13982
0.1882309913635254, 13981
0.1882309913635254, 13980
0.1882309913635254, 13979
0.1882309913635254, 13978
0.18923091888427734, 13977
0.18923091888427734, 13976
0.18923091888427734, 13975
0.18923091888427734, 13974
0.18923091888427734, 13973
0.18923091888427734, 13972
0.18923091888427734, 13971
0.18965959548950195, 13970
0.18965959548950195, 13969
0.18965959548950195, 13968
0.18965959548950195, 13967
0.18965959548950195, 13966
0.18965959548950195, 13965
0.18965959548950195, 13964
0.18965959548950195, 13963
0.18965959548950195, 13962
0.1902310848236084, 13961
0.1902310848236084, 13960
0.1902310848236084, 13959
0.1902310848236084, 13958
0.1902310848236084, 13957
0.1902310848236084, 13956
0.1902310848236084, 13955
0.1902310848236084, 13954
0.1902310848236084, 13953
0.1902310848236084, 13952
0.1902310848236084, 13951
0.1902310848236084, 13950
0.1902310848236084, 13949
0.1902310848236084, 13948
0.1911327838897705, 13947
0.19123101234436035, 13946
0.19123101234436035, 13945
0.19123101234436035, 13944
0.19123101234436035, 13943
0.19123101234436035, 13942
0.19123101234436035, 13941
0.19123101234436035, 13940
0.19123101234436035, 13939
0.19123101234436035, 13938
0.19123101234436035, 13937
0.19123101234436035, 13936
0.19123101234436035, 13935
0.19123101234436035, 13934
0.19123101234436035, 13933
0.19123101234436035, 13932
0.19123101234436035, 13931
0.1922316551208496, 13930
0.1922316551208496, 13929
0.1922316551208496, 13928
0.1922316551208496, 13927
0.1922316551208496, 13926
0.1922316551208496, 13925
0.1922316551208496, 13924
0.1922316551208496, 13923
0.1922316551208496, 13922
0.1922316551208496, 13921
0.1922316551208496, 13920
0.1922316551208496, 13919
0.1922316551208496, 13918
0.19323301315307617, 13917
0.19323301315307617, 13916
0.19323301315307617, 13915
0.19323301315307617, 13914
0.19323301315307617, 13913
0.19323301315307617, 13912
0.19323301315307617, 13911
0.19323301315307617, 13910
0.19323301315307617, 13909
0.19323301315307617, 13908
0.19323301315307617, 13907
0.19323301315307617, 13906
0.19323301315307617, 13905
0.19323301315307617, 13904
0.19323301315307617, 13903
0.19423270225524902, 13902
0.19423270225524902, 13901
0.19423270225524902, 13900
0.19423270225524902, 13899
0.19423270225524902, 13898
0.19423270225524902, 13897
0.19423270225524902, 13896
0.19423270225524902, 13895
0.19423270225524902, 13894
0.19423270225524902, 13893
0.19423270225524902, 13892
0.19423270225524902, 13891
0.19423270225524902, 13890
0.19423270225524902, 13889
0.19423270225524902, 13888
0.19523096084594727, 13887
0.19523096084594727, 13886
0.19523096084594727, 13885
0.19523096084594727, 13884
0.19523096084594727, 13883
0.19523096084594727, 13882
0.19523096084594727, 13881
0.19523096084594727, 13880
0.19523096084594727, 13879
0.19523096084594727, 13878
0.19523096084594727, 13877
0.19523096084594727, 13876
0.19523096084594727, 13875
0.19523096084594727, 13874
0.19523096084594727, 13873
0.19523096084594727, 13872
0.19623112678527832, 13871
0.19623112678527832, 13870
0.19623112678527832, 13869
0.19623112678527832, 13868
0.19623112678527832, 13867
0.19623112678527832, 13866
0.19623112678527832, 13865
0.19623112678527832, 13864
0.19623112678527832, 13863
0.19623112678527832, 13862
0.19623112678527832, 13861
0.19623112678527832, 13860
0.19623112678527832, 13859
0.19623112678527832, 13858
0.19623112678527832, 13857
0.19723105430603027, 13856
0.19723105430603027, 13855
0.19732427597045898, 13854
0.19732427597045898, 13853
0.19732427597045898, 13852
0.19732427597045898, 13851
0.19732427597045898, 13850
0.19732427597045898, 13849
0.19732427597045898, 13848
0.19732427597045898, 13847
0.19732427597045898, 13846
0.19732427597045898, 13845
0.19732427597045898, 13844
0.19732427597045898, 13843
0.19732427597045898, 13842
0.19732427597045898, 13841
0.19823145866394043, 13840
0.19823145866394043, 13839
0.19823145866394043, 13838
0.19823145866394043, 13837
0.19823145866394043, 13836
0.19823145866394043, 13835
0.19823145866394043, 13834
0.19823145866394043, 13833
0.19823145866394043, 13832
0.19823145866394043, 13831
0.19823145866394043, 13830
0.19823145866394043, 13829
0.19823145866394043, 13828
0.19823145866394043, 13827
0.19823145866394043, 13826
0.19823145866394043, 13825
0.19923138618469238, 13824
0.19923138618469238, 13823
0.19923138618469238, 13822
0.19923138618469238, 13821
0.19923138618469238, 13820
0.19923138618469238, 13819
0.19923138618469238, 13818
0.19923138618469238, 13817
0.19923138618469238, 13816
0.19923138618469238, 13815
0.19923138618469238, 13814
0.19923138618469238, 13813
0.19923138618469238, 13812
0.19923138618469238, 13811
0.19923138618469238, 13810
0.20023107528686523, 13809
0.9171576499938965, 13808
0.9171576499938965, 13807
0.9171576499938965, 13806
0.9171576499938965, 13805
0.9171576499938965, 13804
0.9171576499938965, 13803
0.9171576499938965, 13802
0.9181575775146484, 13801
0.9181575775146484, 13800
0.9181575775146484, 13799
0.9181575775146484, 13798
0.9181575775146484, 13797
0.9181575775146484, 13796
0.9181575775146484, 13795
0.9181575775146484, 13794
0.9181575775146484, 13793
0.9181575775146484, 13792
0.9181575775146484, 13791
0.9181575775146484, 13790
0.9181575775146484, 13789
0.9181575775146484, 13788
0.9181575775146484, 13787
0.9191577434539795, 13786
0.9191577434539795, 13785
0.9191577434539795, 13784
0.9191577434539795, 13783
0.9191577434539795, 13782
0.9191577434539795, 13781
0.9191577434539795, 13780
0.9191577434539795, 13779
0.9191577434539795, 13778
0.9191577434539795, 13777
0.9191577434539795, 13776
0.9191577434539795, 13775
0.9191577434539795, 13774
0.9191577434539795, 13773
0.9191577434539795, 13772
0.9201569557189941, 13771
0.9201569557189941, 13770
0.9201569557189941, 13769
0.9201569557189941, 13768
0.9201569557189941, 13767
0.9201569557189941, 13766
0.9201569557189941, 13765
0.9201569557189941, 13764
0.9201569557189941, 13763
0.9201569557189941, 13762
0.9208638668060303, 13761
0.9208638668060303, 13760
0.9208638668060303, 13759
0.9208638668060303, 13758
0.9208638668060303, 13757
0.9211571216583252, 13756
0.9211571216583252, 13755
0.9211571216583252, 13754
0.9211571216583252, 13753
0.9211571216583252, 13752
0.9211571216583252, 13751
0.9211571216583252, 13750
0.9211571216583252, 13749
0.9211571216583252, 13748
0.9211571216583252, 13747
0.9211571216583252, 13746
0.9211571216583252, 13745
0.9211571216583252, 13744
0.9211571216583252, 13743
0.9211571216583252, 13742
0.922156810760498, 13741
0.922156810760498, 13740
0.922156810760498, 13739
0.922156810760498, 13738
0.922156810760498, 13737
0.922156810760498, 13736
0.922156810760498, 13735
0.922156810760498, 13734
0.922156810760498, 13733
0.922156810760498, 13732
0.922156810760498, 13731
0.922156810760498, 13730
0.922156810760498, 13729
0.922156810760498, 13728
0.9231569766998291, 13727
0.9231569766998291, 13726
0.9231569766998291, 13725
0.9231569766998291, 13724
0.9231569766998291, 13723
1.105215072631836, 13722
1.105215072631836, 13721
1.105215072631836, 13720
1.105215072631836, 13719
1.105215072631836, 13718
1.106215238571167, 13463
1.106215238571167, 13462
1.106215238571167, 13461
1.1072146892547607, 13460
1.1072146892547607, 13459
1.1072146892547607, 13458
1.1072146892547607, 13457
1.1072146892547607, 13456
1.1072146892547607, 13455
1.1072146892547607, 13454
1.1072146892547607, 13453
1.1072146892547607, 13452
1.1072146892547607, 13451
1.1072146892547607, 13450
1.1072146892547607, 13449
1.1072146892547607, 13448
1.1072146892547607, 13447
1.1072146892547607, 13446
1.1082146167755127, 13445
1.1082146167755127, 13444
1.1082146167755127, 13443
1.1082146167755127, 13442
1.1082146167755127, 13441
1.1082146167755127, 13440
1.1082146167755127, 13439
1.1082146167755127, 13438
1.1082146167755127, 13437
1.1082146167755127, 13436
1.1082146167755127, 13435
1.1082146167755127, 13434
1.1082146167755127, 13433
1.1082146167755127, 13432
1.1092195510864258, 13431
1.109285831451416, 13430
1.109285831451416, 13429
1.109285831451416, 13428
1.109285831451416, 13427
1.109285831451416, 13426
1.109285831451416, 13425
1.109285831451416, 13424
1.109285831451416, 13423
1.109285831451416, 13422
1.109285831451416, 13421
1.109285831451416, 13420
1.109285831451416, 13419
1.109285831451416, 13418
1.109285831451416, 13417
1.1102147102355957, 13416
1.1102147102355957, 13415
1.1102147102355957, 13414
1.1102147102355957, 13413
1.1102147102355957, 13412
1.1102147102355957, 13411
1.1102147102355957, 13410
1.1102147102355957, 13409
1.1102147102355957, 13408
1.1102147102355957, 13407
1.1102147102355957, 13406
1.1102147102355957, 13405
1.1102147102355957, 13404
1.1102147102355957, 13403
1.1102147102355957, 13402
1.1112143993377686, 13401
1.1112143993377686, 13400
1.1112143993377686, 13399
1.1112143993377686, 13398
1.1112143993377686, 13397
1.1112143993377686, 13396
1.1112143993377686, 13395
1.1112143993377686, 13394
1.1112143993377686, 13393
1.1112143993377686, 13392
1.1112143993377686, 13391
1.1112143993377686, 13390
1.1112143993377686, 13389
1.1112143993377686, 13388
1.1112143993377686, 13387
1.1122143268585205, 13386
1.1122143268585205, 13385
1.1122143268585205, 13384
1.1122143268585205, 13383
1.1122143268585205, 13382
1.1122143268585205, 13381
1.1122143268585205, 13380
1.1122143268585205, 13379
1.1122143268585205, 13378
1.1122143268585205, 13377
1.1122143268585205, 13376
1.1122143268585205, 13375
1.1122143268585205, 13374
1.1122143268585205, 13373
1.1122143268585205, 13372
1.1132144927978516, 13371
1.1132144927978516, 13370
1.1132144927978516, 13369
1.1132144927978516, 13368
1.1132144927978516, 13367
1.1132144927978516, 13366
1.1132144927978516, 13365
1.1132144927978516, 13364
1.1132144927978516, 13363
1.1132144927978516, 13362
1.1132144927978516, 13361
1.1132144927978516, 13360
1.1132144927978516, 13359
1.1132144927978516, 13358
1.1132144927978516, 13357
1.1142146587371826, 13356
1.1142146587371826, 13355
1.1142146587371826, 13354
1.1142146587371826, 13353
1.1142146587371826, 13352
1.1142146587371826, 13351
1.1142146587371826, 13350
1.1142146587371826, 13349
1.1142146587371826, 13348
1.1142146587371826, 13347
1.1142146587371826, 13346
1.1142146587371826, 13345
1.1142146587371826, 13344
1.1142146587371826, 13343
1.1142146587371826, 13342
1.11527419090271, 13341
1.11527419090271, 13340
1.11527419090271, 13339
1.11527419090271, 13338
1.11527419090271, 13337
1.11527419090271, 13336
1.11527419090271, 13335
1.11527419090271, 13334
1.11527419090271, 13333
1.11527419090271, 13332
1.11527419090271, 13331
1.11527419090271, 13330
1.11527419090271, 13329
1.1162161827087402, 13328
1.1162161827087402, 13327
1.1162161827087402, 13326
1.1162161827087402, 13325
1.1162161827087402, 13324
1.1162161827087402, 13323
1.1162161827087402, 13322
1.1162161827087402, 13321
1.1162161827087402, 13320
1.1162161827087402, 13319
1.1162161827087402, 13318
1.1162161827087402, 13317
1.1162161827087402, 13316
1.1162161827087402, 13315
1.1162161827087402, 13314
1.1172146797180176, 13313
1.1172146797180176, 13312
1.1172146797180176, 13311
1.1172146797180176, 13310
1.1172146797180176, 13309
1.1172146797180176, 13308
1.1172146797180176, 13307
1.1172146797180176, 13306
1.1172146797180176, 13305
1.1172146797180176, 13304
1.1172146797180176, 13303
1.1172146797180176, 13302
1.1172146797180176, 13301
1.1172146797180176, 13300
1.1182146072387695, 13299
1.1182146072387695, 13298
1.1182146072387695, 13297
1.1182146072387695, 13296
1.1182146072387695, 13295
1.1182146072387695, 13294
1.1182146072387695, 13293
4.307130813598633, 13292
4.307130813598633, 13291
4.307130813598633, 13290
4.307130813598633, 13289
4.307130813598633, 13288
4.307130813598633, 13287
4.307130813598633, 13286
4.307130813598633, 13285
4.307130813598633, 13284
4.307130813598633, 13283
4.307130813598633, 13282
4.308130979537964, 13281
4.308130979537964, 13280
4.308130979537964, 13279
4.308130979537964, 13278
4.308130979537964, 13277
4.308130979537964, 13276
4.308130979537964, 13275
4.308130979537964, 13274
4.308130979537964, 13273
4.308130979537964, 13272
4.308130979537964, 13271
4.308130979537964, 13270
4.308130979537964, 13269
4.308130979537964, 13268
4.309131860733032, 13267
4.309131860733032, 13266
4.309131860733032, 13265
4.309131860733032, 13264
4.309131860733032, 13263
4.309131860733032, 13262
4.309131860733032, 13261
4.309131860733032, 13260
4.309131860733032, 13259
4.309131860733032, 13258
4.309131860733032, 13257
4.309131860733032, 13256
4.309131860733032, 13255
4.309131860733032, 13254
4.310131311416626, 13253
4.310131311416626, 13252
4.310131311416626, 13251
4.310131311416626, 13250
4.310131311416626, 13249
4.310131311416626, 13248
4.310131311416626, 13247
4.310131311416626, 13246
4.310131311416626, 13245
4.310131311416626, 13244
4.310131311416626, 13243
4.310131311416626, 13242
4.310131311416626, 13241
4.310131311416626, 13240
4.311132431030273, 13239
4.311132431030273, 13238
4.311132431030273, 13237
4.311132431030273, 13236
4.311132431030273, 13235
4.311132431030273, 13234
4.311132431030273, 13233
4.311132431030273, 13232
4.311132431030273, 13231
4.311132431030273, 13230
4.311132431030273, 13229
4.311132431030273, 13228
4.311132431030273, 13227
4.311132431030273, 13226
4.312132358551025, 13225
4.312132358551025, 13224
4.312132358551025, 13223
4.312132358551025, 13222
4.312132358551025, 13221
4.312132358551025, 13220
4.312132358551025, 13219
4.312132358551025, 13218
4.312132358551025, 13217
4.312132358551025, 13216
4.312132358551025, 13215
4.312132358551025, 13214
4.312132358551025, 13213
4.312132358551025, 13212
4.313131093978882, 13211
4.313131093978882, 13210
4.313131093978882, 13209
4.313131093978882, 13208
4.313131093978882, 13207
4.313131093978882, 13206
4.313131093978882, 13205
4.313131093978882, 13204
4.313131093978882, 13203
4.313131093978882, 13202
4.313131093978882, 13201
4.313131093978882, 13200
4.313131093978882, 13199
4.313131093978882, 13198
4.314133167266846, 13197
4.314133167266846, 13196
4.314133167266846, 13195
4.314133167266846, 13194
4.314133167266846, 13193
4.314133167266846, 13192
4.314133167266846, 13191
4.314133167266846, 13190
4.314133167266846, 13189
4.314133167266846, 13188
4.314133167266846, 13187
4.314133167266846, 13186
4.314133167266846, 13185
4.314133167266846, 13184
4.315131902694702, 13183
4.315131902694702, 13182
4.315131902694702, 13181
4.315131902694702, 13180
4.315131902694702, 13179
4.315131902694702, 13178
4.315131902694702, 13177
4.315131902694702, 13176
4.315131902694702, 13175
4.315131902694702, 13174
4.315131902694702, 13173
4.315131902694702, 13172
4.315131902694702, 13171
4.315131902694702, 13170
4.316130638122559, 13169
4.316130638122559, 13168
4.316130638122559, 13167
4.316130638122559, 13166
4.316130638122559, 13165
4.316130638122559, 13164
4.316130638122559, 13163
4.316130638122559, 13162
4.316130638122559, 13161
4.316130638122559, 13160
4.316130638122559, 13159
4.316130638122559, 13158
4.316130638122559, 13157
4.317131757736206, 13156
4.317131757736206, 13155
4.317131757736206, 13154
4.317131757736206, 13153
4.317131757736206, 13152
4.317131757736206, 13151
4.317131757736206, 13150
4.317131757736206, 13149
4.317131757736206, 13148
4.317131757736206, 13147
4.317131757736206, 13146
4.317131757736206, 13145
4.317131757736206, 13144
4.317131757736206, 13143
4.3181312084198, 13142
4.3181312084198, 13141
4.3181312084198, 13140
4.3181312084198, 13139
4.3181312084198, 13138
4.3181312084198, 13137
4.3181312084198, 13136
4.3181312084198, 13135
4.3181312084198, 13134
4.3181312084198, 13133
4.3181312084198, 13132
4.3181312084198, 13131
4.3181312084198, 13130
4.3181312084198, 13129
4.3191306591033936, 13128
4.3191306591033936, 13127
4.3191306591033936, 13126
4.3191306591033936, 13125
4.3191306591033936, 13124
4.3191306591033936, 13123
4.3191306591033936, 13122
4.3191306591033936, 13121
4.3191306591033936, 13120
4.3191306591033936, 13119
4.3191306591033936, 13118
4.3191306591033936, 13117
4.3191306591033936, 13116
4.3191306591033936, 13115
4.3191306591033936, 13114
4.320131063461304, 13113
4.320131063461304, 13112
4.320131063461304, 13111
4.320131063461304, 13110
4.320131063461304, 13109
4.320131063461304, 13108
4.320131063461304, 13107
4.320131063461304, 13106
4.320131063461304, 13105
4.320131063461304, 13104
4.320131063461304, 13103
4.320131063461304, 13102
4.320131063461304, 13101
4.320131063461304, 13100
4.321133136749268, 13099
4.321133136749268, 13098
4.321133136749268, 13097
4.321133136749268, 13096
4.321133136749268, 13095
4.321133136749268, 13094
4.321133136749268, 13093
4.321133136749268, 13092
4.321133136749268, 13091
4.321133136749268, 13090
4.321133136749268, 13089
4.321133136749268, 13088
4.321133136749268, 13087
4.321133136749268, 13086
4.321133136749268, 13085
4.322131156921387, 13084
4.322131156921387, 13083
4.322131156921387, 13082
4.322131156921387, 13081
4.322131156921387, 13080
4.322131156921387, 13079
4.322131156921387, 13078
4.322131156921387, 13077
4.322131156921387, 13076
4.322131156921387, 13075
4.322131156921387, 13074
4.322131156921387, 13073
4.322131156921387, 13072
4.323133230209351, 13071
4.323133230209351, 13070
4.323133230209351, 13069
4.323133230209351, 13068
4.323133230209351, 13067
4.323133230209351, 13066
4.323133230209351, 13065
4.323133230209351, 13064
4.323133230209351, 13063
4.323133230209351, 13062
4.323133230209351, 13061
4.323133230209351, 13060
4.323133230209351, 13059
4.323133230209351, 13058
4.324131011962891, 13057
4.324131011962891, 13056
4.324131011962891, 13055
4.324131011962891, 13054
4.324131011962891, 13053
4.324131011962891, 13052
4.324131011962891, 13051
4.324131011962891, 13050
4.324131011962891, 13049
4.324131011962891, 13048
4.324131011962891, 13047
4.324131011962891, 13046
4.324131011962891, 13045
4.324131011962891, 13044
4.325132846832275, 13043
4.325132846832275, 13042
4.325132846832275, 13041
4.325132846832275, 13040
4.325132846832275, 13039
4.325132846832275, 13038
4.325132846832275, 13037
4.325132846832275, 13036
4.325132846832275, 13035
4.325132846832275, 13034
4.325132846832275, 13033
4.325132846832275, 13032
4.325132846832275, 13031
4.325132846832275, 13030
4.326133489608765, 13029
4.326133489608765, 13028
4.326133489608765, 13027
4.326133489608765, 13026
4.326133489608765, 13025
4.326133489608765, 13024
4.326133489608765, 13023
4.326133489608765, 13022
4.326133489608765, 13021
4.326133489608765, 13020
4.326133489608765, 13019
4.326133489608765, 13018
4.326133489608765, 13017
4.326133489608765, 13016
4.327133417129517, 13015
4.327133417129517, 13014
4.327133417129517, 13013
4.327133417129517, 13012
4.327133417129517, 13011
4.327133417129517, 13010
4.327133417129517, 13009
4.327133417129517, 13008
4.327133417129517, 13007
4.327133417129517, 13006
4.327133417129517, 13005
4.327133417129517, 13004
4.327133417129517, 13003
4.327133417129517, 13002
4.328131198883057, 13001
4.328131198883057, 13000
4.328131198883057, 12999
4.328131198883057, 12998
4.328131198883057, 12997
4.328131198883057, 12996
4.328131198883057, 12995
4.328131198883057, 12994
4.328131198883057, 12993
4.328131198883057, 12992
4.328131198883057, 12991
4.328131198883057, 12990
4.328131198883057, 12989
4.328131198883057, 12988
4.32913064956665, 12987
4.32913064956665, 12986
4.32913064956665, 12985
4.32913064956665, 12984
4.32913064956665, 12983
4.32913064956665, 12982
4.32913064956665, 12981
4.32913064956665, 12980
4.32913064956665, 12979
4.32913064956665, 12978
4.32913064956665, 12977
4.32913064956665, 12976
4.32913064956665, 12975
4.32913064956665, 12974
4.330132007598877, 12973
4.330132007598877, 12972
4.330132007598877, 12971
4.330132007598877, 12970
4.330132007598877, 12969
4.330132007598877, 12968
4.330132007598877, 12967
4.330132007598877, 12966
4.330132007598877, 12965
4.330132007598877, 12964
4.330132007598877, 12963
4.330132007598877, 12962
4.330132007598877, 12961
4.331127405166626, 12960
4.331127405166626, 12959
4.331127405166626, 12958
4.331127405166626, 12957
4.331127405166626, 12956
4.331127405166626, 12955
4.331127405166626, 12954
4.331127405166626, 12953
4.331127405166626, 12952
4.331127405166626, 12951
4.331127405166626, 12950
4.331127405166626, 12949
4.331127405166626, 12948
4.331127405166626, 12947
4.331127405166626, 12946
4.332132339477539, 12945
4.332132339477539, 12944
4.332132339477539, 12943
4.332132339477539, 12942
4.332132339477539, 12941
4.332132339477539, 12940
4.332132339477539, 12939
4.332132339477539, 12938
4.332132339477539, 12937
4.332132339477539, 12936
4.332132339477539, 12935
4.332132339477539, 12934
4.3331310749053955, 12933
4.3331310749053955, 12932
4.3331310749053955, 12931
4.3331310749053955, 12930
4.3331310749053955, 12929
4.3331310749053955, 12928
4.3331310749053955, 12927
4.3331310749053955, 12926
4.3331310749053955, 12925
4.3331310749053955, 12924
4.3331310749053955, 12923
4.3331310749053955, 12922
4.3331310749053955, 12921
4.334135293960571, 12920
4.334135293960571, 12919
4.334135293960571, 12918
4.334135293960571, 12917
4.334135293960571, 12916
4.334135293960571, 12915
4.334135293960571, 12914
4.334135293960571, 12913
4.334135293960571, 12912
4.334135293960571, 12911
4.334135293960571, 12910
4.334135293960571, 12909
4.334135293960571, 12908
4.334135293960571, 12907
4.335142374038696, 12906
4.335142374038696, 12905
4.335142374038696, 12904
4.335142374038696, 12903
4.335142374038696, 12902
4.335142374038696, 12901
4.335142374038696, 12900
4.335142374038696, 12899
4.335142374038696, 12898
4.335142374038696, 12897
4.335142374038696, 12896
4.335142374038696, 12895
4.335142374038696, 12894
4.335142374038696, 12893
4.3361430168151855, 12892
4.3361430168151855, 12891
4.3361430168151855, 12890
4.3361430168151855, 12889
4.3361430168151855, 12888
4.3361430168151855, 12887
4.3361430168151855, 12886
4.3361430168151855, 12885
4.3361430168151855, 12884
4.3361430168151855, 12883
4.3361430168151855, 12882
4.3361430168151855, 12881
4.3361430168151855, 12880
4.3361430168151855, 12879
4.3371422290802, 12878
4.3371422290802, 12877
4.3371422290802, 12876
4.3371422290802, 12875
4.3371422290802, 12874
4.3371422290802, 12873
4.3371422290802, 12872
4.3371422290802, 12871
4.3371422290802, 12870
4.3371422290802, 12869
4.3371422290802, 12868
4.3371422290802, 12867
4.3371422290802, 12866
4.3371422290802, 12865
4.338142395019531, 12864
4.338142395019531, 12863
4.338142395019531, 12862
4.338142395019531, 12861
4.338142395019531, 12860
4.338142395019531, 12859
4.338142395019531, 12858
4.338142395019531, 12857
4.338142395019531, 12856
4.338142395019531, 12855
4.338142395019531, 12854
4.338142395019531, 12853
4.338142395019531, 12852
4.338142395019531, 12851
4.338142395019531, 12850
4.339141845703125, 12849
4.339141845703125, 12848
4.339141845703125, 12847
4.339141845703125, 12846
4.339141845703125, 12845
4.339141845703125, 12844
4.339141845703125, 12843
4.339141845703125, 12842
4.339141845703125, 12841
4.339141845703125, 12840
4.339141845703125, 12839
4.339141845703125, 12838
4.339141845703125, 12837
4.340141773223877, 12836
4.340141773223877, 12835
4.340141773223877, 12834
4.340141773223877, 12833
4.340141773223877, 12832
4.340141773223877, 12831
4.340141773223877, 12830
4.340141773223877, 12829
4.340141773223877, 12828
4.340141773223877, 12827
4.340141773223877, 12826
4.340141773223877, 12825
4.340141773223877, 12824
4.340141773223877, 12823
4.340141773223877, 12822
4.341141939163208, 12821
