0.1757662296295166, 13951
0.1757662296295166, 13950
0.1757662296295166, 13949
0.1757662296295166, 13948
0.1763594150543213, 13947
0.1763594150543213, 13946
0.1763594150543213, 13945
0.1763594150543213, 13944
0.1763594150543213, 13943
0.1763594150543213, 13942
0.17676615715026855, 13941
0.17676615715026855, 13940
0.17676615715026855, 13939
0.17676615715026855, 13938
0.17676615715026855, 13937
0.17676615715026855, 13936
0.17676615715026855, 13935
0.17676615715026855, 13934
0.17676615715026855, 13933
0.17676615715026855, 13932
0.17676615715026855, 13931
0.17676615715026855, 13930
0.17676615715026855, 13929
0.17676615715026855, 13928
0.17676615715026855, 13927
0.1777665615081787, 13926
0.1777665615081787, 13925
0.1777665615081787, 13924
0.1777665615081787, 13923
0.1777665615081787, 13922
0.1777665615081787, 13921
0.1777665615081787, 13920
0.1777665615081787, 13919
0.1777665615081787, 13918
0.1777665615081787, 13917
0.1777665615081787, 13916
0.1777665615081787, 13915
0.1777665615081787, 13914
0.1777665615081787, 13913
0.1777665615081787, 13912
0.17876601219177246, 13911
0.17876601219177246, 13910
0.17876601219177246, 13909
0.17876601219177246, 13908
0.17876601219177246, 13907
0.17876601219177246, 13906
0.17876601219177246, 13905
0.17876601219177246, 13904
0.17876601219177246, 13903
0.17876601219177246, 13902
0.17876601219177246, 13901
0.17876601219177246, 13900
0.17876601219177246, 13899
0.17876601219177246, 13898
0.17876601219177246, 13897
0.1797657012939453, 13896
0.1797657012939453, 13895
0.1797657012939453, 13894
0.1797657012939453, 13893
0.1797657012939453, 13892
0.1797657012939453, 13891
0.1797657012939453, 13890
0.1797657012939453, 13889
0.1797657012939453, 13888
0.1797657012939453, 13887
0.1797657012939453, 13886
0.18076825141906738, 13885
0.18076825141906738, 13884
0.18076825141906738, 13883
0.18076825141906738, 13882
0.18076825141906738, 13881
0.18076825141906738, 13880
0.18076825141906738, 13879
0.18076825141906738, 13878
0.18076825141906738, 13877
0.18076825141906738, 13876
0.18076825141906738, 13875
0.18076825141906738, 13874
0.18076825141906738, 13873
0.18076825141906738, 13872
0.18176817893981934, 13871
0.18176817893981934, 13870
0.18176817893981934, 13869
0.18176817893981934, 13868
0.18176817893981934, 13867
0.18176817893981934, 13866
0.18176817893981934, 13865
0.18176817893981934, 13864
0.18176817893981934, 13863
0.18176817893981934, 13862
0.18176817893981934, 13861
0.18176817893981934, 13860
0.18176817893981934, 13859
0.18176817893981934, 13858
0.18176817893981934, 13857
0.18176817893981934, 13856
0.18276762962341309, 13855
0.18276762962341309, 13854
0.18276762962341309, 13853
0.18276762962341309, 13852
0.18276762962341309, 13851
0.18276762962341309, 13850
0.18276762962341309, 13849
0.18276762962341309, 13848
0.18276762962341309, 13847
0.7078726291656494, 13846
0.7078726291656494, 13845
0.7078726291656494, 13844
0.7078726291656494, 13843
0.7078726291656494, 13842
0.7078726291656494, 13841
0.7078726291656494, 13840
0.7078726291656494, 13839
0.7088723182678223, 13838
0.7088723182678223, 13837
0.7088723182678223, 13836
0.7088723182678223, 13835
0.7088723182678223, 13834
0.7088723182678223, 13833
0.7088723182678223, 13832
0.7088723182678223, 13831
0.7088723182678223, 13830
0.7088723182678223, 13829
0.7088723182678223, 13828
0.7088723182678223, 13827
0.7088723182678223, 13826
0.7088723182678223, 13825
0.7088723182678223, 13824
0.7098720073699951, 13823
0.7098720073699951, 13822
0.7098720073699951, 13821
0.7098720073699951, 13820
0.7098720073699951, 13819
0.7098720073699951, 13818
0.7098720073699951, 13817
0.7098720073699951, 13816
0.7098720073699951, 13815
0.7098720073699951, 13814
0.7098720073699951, 13813
0.7098720073699951, 13812
0.7098720073699951, 13811
0.7098720073699951, 13810
0.7098720073699951, 13809
0.7098720073699951, 13808
0.7108719348907471, 13807
0.7108719348907471, 13806
0.7108719348907471, 13805
0.7108719348907471, 13804
0.7108719348907471, 13803
0.7108719348907471, 13802
0.7108719348907471, 13801
0.7108719348907471, 13800
0.7108719348907471, 13799
0.7108719348907471, 13798
0.7108719348907471, 13797
0.7108719348907471, 13796
0.7118732929229736, 13795
0.7118732929229736, 13794
0.7118732929229736, 13793
0.7118732929229736, 13792
0.7118732929229736, 13791
0.7118732929229736, 13790
0.7118732929229736, 13789
0.7118732929229736, 13788
0.7118732929229736, 13787
0.7118732929229736, 13786
0.7118732929229736, 13785
0.7118732929229736, 13784
0.7128729820251465, 13783
0.7128729820251465, 13782
0.7128729820251465, 13781
0.7128729820251465, 13780
0.7128729820251465, 13779
0.7128729820251465, 13778
0.7128729820251465, 13777
0.7128729820251465, 13776
0.7128729820251465, 13775
0.7128729820251465, 13774
0.7128729820251465, 13773
0.7128729820251465, 13772
0.7128729820251465, 13771
0.7128729820251465, 13770
0.7128729820251465, 13769
0.7128729820251465, 13768
0.7138726711273193, 13767
0.7138726711273193, 13766
0.7138726711273193, 13765
0.7138726711273193, 13764
0.7138726711273193, 13763
0.7138726711273193, 13762
0.7138726711273193, 13761
0.7138726711273193, 13760
0.7138726711273193, 13759
0.7138726711273193, 13758
0.7138726711273193, 13757
0.7138726711273193, 13756
0.7138726711273193, 13755
0.7138726711273193, 13754
0.7138726711273193, 13753
0.7148725986480713, 13752
0.7148725986480713, 13751
0.7148725986480713, 13750
0.7148725986480713, 13749
0.7148725986480713, 13748
0.7148725986480713, 13747
0.7148725986480713, 13746
0.7148725986480713, 13745
0.7148725986480713, 13744
0.7148725986480713, 13743
0.7148725986480713, 13742
0.7148725986480713, 13741
0.7148725986480713, 13740
0.7148725986480713, 13739
0.7148725986480713, 13738
0.7158737182617188, 13737
0.7158737182617188, 13736
0.7158737182617188, 13735
0.7158737182617188, 13734
0.7158737182617188, 13733
0.7158737182617188, 13732
0.7158737182617188, 13731
0.7158737182617188, 13730
0.7158737182617188, 13729
0.7158737182617188, 13728
0.7158737182617188, 13727
0.7158737182617188, 13726
0.7158737182617188, 13725
0.7158737182617188, 13724
0.7158737182617188, 13723
0.7168734073638916, 13722
0.7168734073638916, 13721
0.7168734073638916, 13720
0.7168734073638916, 13719
0.7168734073638916, 13718
0.7168734073638916, 13717
0.7168734073638916, 13716
0.7168734073638916, 13715
0.7168734073638916, 13714
0.7168734073638916, 13713
0.7168734073638916, 13712
0.7168734073638916, 13711
0.7168734073638916, 13710
0.7178728580474854, 13709
0.7178728580474854, 13708
0.7178728580474854, 13707
0.7178728580474854, 13706
0.7178728580474854, 13705
0.7178728580474854, 13704
0.7178728580474854, 13703
0.7178728580474854, 13702
0.7178728580474854, 13701
0.7178728580474854, 13700
0.7188725471496582, 13699
0.7188725471496582, 13698
0.7188725471496582, 13697
0.7188725471496582, 13696
0.7188725471496582, 13695
0.7188725471496582, 13694
0.7188725471496582, 13693
0.7188725471496582, 13692
0.7188725471496582, 13691
0.7188725471496582, 13690
0.7188725471496582, 13689
0.7188725471496582, 13688
0.7188725471496582, 13687
0.7198734283447266, 13686
0.7199699878692627, 13685
0.7199699878692627, 13684
0.7199699878692627, 13683
0.7199699878692627, 13682
0.7199699878692627, 13681
0.7199699878692627, 13680
0.7199699878692627, 13679
0.7199699878692627, 13678
0.7199699878692627, 13677
0.7199699878692627, 13676
0.7199699878692627, 13675
0.7199699878692627, 13674
0.7208728790283203, 13673
0.7208728790283203, 13672
0.7208728790283203, 13671
0.7208728790283203, 13670
0.7208728790283203, 13669
0.7208728790283203, 13668
0.7208728790283203, 13667
0.7208728790283203, 13666
0.7208728790283203, 13665
0.7208728790283203, 13664
0.7218728065490723, 13663
0.7218728065490723, 13662
0.7218728065490723, 13661
0.7218728065490723, 13660
0.7218728065490723, 13659
0.7218728065490723, 13658
0.7218728065490723, 13657
0.7218728065490723, 13656
0.7218728065490723, 13655
0.7218728065490723, 13654
0.7218728065490723, 13653
0.7228724956512451, 13652
0.7228724956512451, 13651
0.7228724956512451, 13650
0.7228724956512451, 13649
0.7228724956512451, 13648
0.7228724956512451, 13647
0.7228724956512451, 13646
0.7228724956512451, 13645
0.7228724956512451, 13644
0.7228724956512451, 13643
0.723874568939209, 13642
0.723874568939209, 13641
0.723874568939209, 13640
0.723874568939209, 13639
0.723874568939209, 13638
0.723874568939209, 13637
0.723874568939209, 13636
0.723874568939209, 13635
0.723874568939209, 13634
0.723874568939209, 13633
0.723874568939209, 13632
0.723874568939209, 13631
0.723874568939209, 13630
0.723874568939209, 13629
0.723874568939209, 13628
0.723874568939209, 13627
0.7248735427856445, 13626
0.7248735427856445, 13625
0.7248735427856445, 13624
0.7248735427856445, 13623
0.7248735427856445, 13622
0.7248735427856445, 13621
0.7248735427856445, 13620
0.7248735427856445, 13619
0.7248735427856445, 13618
0.7248735427856445, 13617
0.7248735427856445, 13616
0.7248735427856445, 13615
0.7248735427856445, 13614
0.7248735427856445, 13613
0.7248735427856445, 13612
0.7258725166320801, 13611
0.7258725166320801, 13610
0.7258725166320801, 13609
0.7258725166320801, 13608
0.7258725166320801, 13607
0.7258725166320801, 13606
0.7258725166320801, 13605
0.7258725166320801, 13604
0.7258725166320801, 13603
0.7258725166320801, 13602
0.7258725166320801, 13601
0.7258725166320801, 13600
0.7258725166320801, 13599
0.7258725166320801, 13598
0.7258725166320801, 13597
0.7268733978271484, 13596
0.7268733978271484, 13595
0.7268733978271484, 13594
0.7268733978271484, 13593
0.7268733978271484, 13592
0.7268733978271484, 13591
0.7268733978271484, 13590
0.7268733978271484, 13589
0.7268733978271484, 13588
0.7268733978271484, 13587
0.7268733978271484, 13586
0.7268733978271484, 13585
0.7268733978271484, 13584
0.7268733978271484, 13583
0.7268733978271484, 13582
0.7278733253479004, 13581
0.7278733253479004, 13580
0.7278733253479004, 13579
0.7278733253479004, 13578
0.7278733253479004, 13577
0.7278733253479004, 13576
0.7278733253479004, 13575
0.7278733253479004, 13574
0.7278733253479004, 13573
0.7278733253479004, 13572
0.7278733253479004, 13571
0.7278733253479004, 13570
0.7278733253479004, 13569
0.7278733253479004, 13568
0.7278733253479004, 13567
0.7288730144500732, 13566
0.7288730144500732, 13565
0.7288730144500732, 13564
0.7288730144500732, 13563
0.7288730144500732, 13562
0.7288730144500732, 13561
0.7288730144500732, 13560
0.7288730144500732, 13559
0.7288730144500732, 13558
0.7288730144500732, 13557
0.7288730144500732, 13556
0.7288730144500732, 13555
0.7288730144500732, 13554
0.7288730144500732, 13553
0.7288730144500732, 13552
0.7298727035522461, 13551
0.7298727035522461, 13550
0.7298727035522461, 13549
0.7298727035522461, 13548
0.7298727035522461, 13547
0.7298727035522461, 13546
0.7298727035522461, 13545
0.7298727035522461, 13544
0.7298727035522461, 13543
0.7298727035522461, 13542
0.7298727035522461, 13541
0.7298727035522461, 13540
0.7298727035522461, 13539
0.7298727035522461, 13538
0.7298727035522461, 13537
0.7308733463287354, 13536
0.7308733463287354, 13535
0.7308733463287354, 13534
0.7308733463287354, 13533
0.7308733463287354, 13532
0.7308733463287354, 13531
0.7308733463287354, 13530
0.7308733463287354, 13529
0.7308733463287354, 13528
0.7308733463287354, 13527
0.7308733463287354, 13526
0.7308733463287354, 13525
0.7308733463287354, 13524
0.7308733463287354, 13523
0.7318775653839111, 13522
0.7318775653839111, 13521
0.7318775653839111, 13520
0.7318775653839111, 13519
0.7318775653839111, 13518
0.7318775653839111, 13517
0.7318775653839111, 13516
0.7318775653839111, 13515
0.7318775653839111, 13514
0.7318775653839111, 13513
0.7318775653839111, 13512
0.7318775653839111, 13511
0.7318775653839111, 13510
0.7318775653839111, 13509
0.7318775653839111, 13508
0.7328746318817139, 13507
0.7328746318817139, 13506
0.7328746318817139, 13505
0.7328746318817139, 13504
0.7328746318817139, 13503
0.7328746318817139, 13502
0.7328746318817139, 13501
0.7328746318817139, 13500
0.7328746318817139, 13499
0.7328746318817139, 13498
0.7328746318817139, 13497
0.7328746318817139, 13496
0.7328746318817139, 13495
0.7338740825653076, 13494
0.7338740825653076, 13493
0.7338740825653076, 13492
0.7338740825653076, 13491
0.7338740825653076, 13490
0.7338740825653076, 13489
0.7338740825653076, 13488
0.7338740825653076, 13487
0.7338740825653076, 13486
0.7338740825653076, 13485
0.7338740825653076, 13484
0.7338740825653076, 13483
0.7338740825653076, 13482
0.7338740825653076, 13481
0.734872579574585, 13480
0.734872579574585, 13479
0.734872579574585, 13478
0.734872579574585, 13477
0.734872579574585, 13476
0.734872579574585, 13475
0.734872579574585, 13474
0.734872579574585, 13473
0.734872579574585, 13472
0.734872579574585, 13471
0.734872579574585, 13470
0.734872579574585, 13469
0.734872579574585, 13468
0.734872579574585, 13467
0.734872579574585, 13466
0.7358732223510742, 13465
0.7358732223510742, 13464
0.7358732223510742, 13463
0.7358732223510742, 13462
0.7358732223510742, 13461
0.7358732223510742, 13460
0.7358732223510742, 13459
0.7358732223510742, 13458
0.7358732223510742, 13457
0.7358732223510742, 13456
0.7358732223510742, 13455
0.7358732223510742, 13454
0.7358732223510742, 13453
0.7358732223510742, 13452
0.736872673034668, 13451
0.736872673034668, 13450
0.736872673034668, 13449
0.736872673034668, 13448
0.736872673034668, 13447
0.736872673034668, 13446
0.736872673034668, 13445
0.736872673034668, 13444
0.736872673034668, 13443
0.736872673034668, 13442
0.736872673034668, 13441
0.736872673034668, 13440
0.736872673034668, 13439
0.736872673034668, 13438
0.736872673034668, 13437
0.7378723621368408, 13436
0.7378723621368408, 13435
0.7378723621368408, 13434
0.7378723621368408, 13433
0.7378723621368408, 13432
0.7378723621368408, 13431
0.7378723621368408, 13430
0.7378723621368408, 13429
0.7378723621368408, 13428
0.7378723621368408, 13427
0.7378723621368408, 13426
0.7378723621368408, 13425
0.7378723621368408, 13424
0.7378723621368408, 13423
0.7388732433319092, 13422
0.7388732433319092, 13421
0.7388732433319092, 13420
0.7388732433319092, 13419
0.7388732433319092, 13418
0.7388732433319092, 13417
0.7388732433319092, 13416
0.7388732433319092, 13415
0.7388732433319092, 13414
0.7388732433319092, 13413
0.7388732433319092, 13412
0.7388732433319092, 13411
0.7388732433319092, 13410
0.7388732433319092, 13409
0.7388732433319092, 13408
0.7398738861083984, 13407
0.7398738861083984, 13406
0.7398738861083984, 13405
0.7398738861083984, 13404
0.7398738861083984, 13403
0.7398738861083984, 13402
0.7398738861083984, 13401
0.7398738861083984, 13400
0.7398738861083984, 13399
0.7398738861083984, 13398
0.7398738861083984, 13397
0.7398738861083984, 13396
0.7398738861083984, 13395
0.7398738861083984, 13394
0.7398738861083984, 13393
0.7408759593963623, 13392
0.7408759593963623, 13391
0.7408759593963623, 13390
0.7408759593963623, 13389
0.7408759593963623, 13388
0.7408759593963623, 13387
0.7408759593963623, 13386
0.7408759593963623, 13385
0.7408759593963623, 13384
0.7408759593963623, 13383
0.7408759593963623, 13382
0.7408759593963623, 13381
0.7408759593963623, 13380
0.7408759593963623, 13379
0.7408759593963623, 13378
0.741873025894165, 13377
0.741873025894165, 13376
0.741873025894165, 13375
0.741873025894165, 13374
0.741873025894165, 13373
0.741873025894165, 13372
0.741873025894165, 13371
0.741873025894165, 13370
0.741873025894165, 13369
0.741873025894165, 13368
0.741873025894165, 13367
0.741873025894165, 13366
0.741873025894165, 13365
0.741873025894165, 13364
0.7428731918334961, 13363
0.7428731918334961, 13362
0.7428731918334961, 13361
4.99487566947937, 13360
4.99487566947937, 13359
4.99487566947937, 13358
4.99487566947937, 13357
4.99487566947937, 13356
4.99487566947937, 13355
4.99487566947937, 13354
4.99487566947937, 13353
4.99487566947937, 13352
4.99487566947937, 13351
4.99487566947937, 13350
4.99487566947937, 13349
4.99487566947937, 13348
4.99487566947937, 13347
4.995874404907227, 13346
4.995874404907227, 13345
4.995874404907227, 13344
4.995874404907227, 13343
4.995874404907227, 13342
4.995874404907227, 13341
4.995874404907227, 13340
4.995874404907227, 13339
4.995874404907227, 13338
4.995874404907227, 13337
4.995874404907227, 13336
4.995874404907227, 13335
4.995874404907227, 13334
4.996875762939453, 13333
4.996875762939453, 13332
4.996875762939453, 13331
4.996875762939453, 13330
4.996875762939453, 13329
4.996875762939453, 13328
4.996875762939453, 13327
4.996875762939453, 13326
4.996875762939453, 13325
4.996875762939453, 13324
4.996875762939453, 13323
4.996875762939453, 13322
4.996875762939453, 13321
4.996875762939453, 13320
4.99787449836731, 13319
4.99787449836731, 13318
4.99787449836731, 13317
4.99787449836731, 13316
4.99787449836731, 13315
4.99787449836731, 13314
4.99787449836731, 13313
4.99787449836731, 13312
4.99787449836731, 13311
4.99787449836731, 13310
4.99787449836731, 13309
4.99787449836731, 13308
4.99787449836731, 13307
4.99787449836731, 13306
4.99887490272522, 13305
4.99887490272522, 13304
4.99887490272522, 13303
4.99887490272522, 13302
4.99887490272522, 13301
4.99887490272522, 13300
4.99887490272522, 13299
4.99887490272522, 13298
4.99887490272522, 13297
4.99887490272522, 13296
4.99887490272522, 13295
4.99887490272522, 13294
4.99887490272522, 13293
4.99887490272522, 13292
4.999874591827393, 13291
4.9999682903289795, 13290
4.9999682903289795, 13289
4.9999682903289795, 13288
4.9999682903289795, 13287
4.9999682903289795, 13286
4.9999682903289795, 13285
4.9999682903289795, 13284
4.9999682903289795, 13283
4.9999682903289795, 13282
4.9999682903289795, 13281
4.9999682903289795, 13280
4.9999682903289795, 13279
4.9999682903289795, 13278
5.000875234603882, 13277
5.000875234603882, 13276
5.000875234603882, 13275
