0.1858375072479248, 14077
0.1858375072479248, 14076
0.18683505058288574, 14075
0.18683505058288574, 14074
0.18683505058288574, 14073
0.18683505058288574, 14072
0.18683505058288574, 14071
0.18683505058288574, 14070
0.18683505058288574, 14069
0.18683505058288574, 14068
0.18683505058288574, 14067
0.18683505058288574, 14066
0.18683505058288574, 14065
0.18683505058288574, 14064
0.18683505058288574, 14063
0.18683505058288574, 14062
0.18683505058288574, 14061
0.1878376007080078, 14060
0.1878376007080078, 14059
0.1878376007080078, 14058
0.1878376007080078, 14057
0.1878376007080078, 14056
0.1878376007080078, 14055
0.1878376007080078, 14054
0.1878376007080078, 14053
0.1878376007080078, 14052
0.1878376007080078, 14051
0.1878376007080078, 14050
0.1878376007080078, 14049
0.1878376007080078, 14048
0.1878376007080078, 14047
0.1878376007080078, 14046
0.1878376007080078, 14045
0.18883705139160156, 14044
0.18883705139160156, 14043
0.18883705139160156, 14042
0.18883705139160156, 14041
0.18883705139160156, 14040
0.18883705139160156, 14039
0.18883705139160156, 14038
0.18883705139160156, 14037
0.18883705139160156, 14036
0.18883705139160156, 14035
0.18883705139160156, 14034
0.18883705139160156, 14033
0.18883705139160156, 14032
0.18883705139160156, 14031
0.18883705139160156, 14030
0.1898355484008789, 14029
0.1898355484008789, 14028
0.1898355484008789, 14027
0.1898355484008789, 14026
0.1898355484008789, 14025
0.1898355484008789, 14024
0.1898355484008789, 14023
0.1898355484008789, 14022
0.1898355484008789, 14021
0.1898355484008789, 14020
0.1898355484008789, 14019
0.1898355484008789, 14018
0.1898355484008789, 14017
0.1898355484008789, 14016
0.1898355484008789, 14015
0.1898355484008789, 14014
0.19083690643310547, 14013
0.19083690643310547, 14012
0.19083690643310547, 14011
0.19083690643310547, 14010
0.19083690643310547, 14009
0.19083690643310547, 14008
0.19083690643310547, 14007
0.19083690643310547, 14006
0.19083690643310547, 14005
0.19083690643310547, 14004
0.19083690643310547, 14003
0.19083690643310547, 14002
0.19083690643310547, 14001
0.19083690643310547, 14000
0.19083690643310547, 13999
0.19183921813964844, 13998
0.19183921813964844, 13997
0.19183921813964844, 13996
0.19183921813964844, 13995
0.19183921813964844, 13994
0.19183921813964844, 13993
0.19183921813964844, 13992
0.19183921813964844, 13991
0.19183921813964844, 13990
0.19183921813964844, 13989
0.19183921813964844, 13988
0.19183921813964844, 13987
0.19183921813964844, 13986
0.19183921813964844, 13985
0.19183921813964844, 13984
0.19283556938171387, 13983
0.19283556938171387, 13982
0.19283556938171387, 13981
0.19283556938171387, 13980
0.19283556938171387, 13979
0.19283556938171387, 13978
0.19283556938171387, 13977
0.19283556938171387, 13976
0.19283556938171387, 13975
0.19283556938171387, 13974
0.19283556938171387, 13973
0.19283556938171387, 13972
0.19283556938171387, 13971
0.19283556938171387, 13970
0.19283556938171387, 13969
0.19383788108825684, 13968
0.19383788108825684, 13967
0.19383788108825684, 13966
0.19383788108825684, 13965
0.19383788108825684, 13964
0.19383788108825684, 13963
0.19383788108825684, 13962
0.19383788108825684, 13961
0.19383788108825684, 13960
0.19383788108825684, 13959
0.19383788108825684, 13958
0.19383788108825684, 13957
0.19383788108825684, 13956
0.19383788108825684, 13955
0.19383788108825684, 13954
0.19383788108825684, 13953
0.19483733177185059, 13952
0.19483733177185059, 13951
0.19500255584716797, 13950
0.19500255584716797, 13949
0.19500255584716797, 13948
0.19500255584716797, 13947
0.19500255584716797, 13946
0.19500255584716797, 13945
0.19500255584716797, 13944
0.19500255584716797, 13943
0.19500255584716797, 13942
0.19500255584716797, 13941
0.19500255584716797, 13940
0.19500255584716797, 13939
0.19500255584716797, 13938
0.19583654403686523, 13937
0.19583654403686523, 13936
0.19583654403686523, 13935
0.19583654403686523, 13934
0.19583654403686523, 13933
0.19583654403686523, 13932
0.19583654403686523, 13931
0.19583654403686523, 13930
0.19583654403686523, 13929
0.19583654403686523, 13928
0.19583654403686523, 13927
0.19583654403686523, 13926
0.19583654403686523, 13925
0.19583654403686523, 13924
0.19583654403686523, 13923
0.1968369483947754, 13922
0.1968369483947754, 13921
0.1968369483947754, 13920
0.1968369483947754, 13919
0.1968369483947754, 13918
0.1968369483947754, 13917
0.1968369483947754, 13916
0.1968369483947754, 13915
0.1968369483947754, 13914
0.1968369483947754, 13913
0.1968369483947754, 13912
0.1968369483947754, 13911
0.1968369483947754, 13910
0.1968369483947754, 13909
0.1968369483947754, 13908
0.1968369483947754, 13907
0.19783759117126465, 13906
0.19783759117126465, 13905
0.19783759117126465, 13904
0.19783759117126465, 13903
0.19783759117126465, 13902
0.19783759117126465, 13901
0.19783759117126465, 13900
0.19783759117126465, 13899
0.19783759117126465, 13898
0.19783759117126465, 13897
0.19783759117126465, 13896
0.7187883853912354, 13895
0.7187883853912354, 13894
0.7187883853912354, 13893
0.7187883853912354, 13892
0.7197942733764648, 13891
0.7197942733764648, 13890
0.7197942733764648, 13889
0.7197942733764648, 13888
0.7197942733764648, 13887
0.7197942733764648, 13886
0.7197942733764648, 13885
0.7197942733764648, 13884
0.7197942733764648, 13883
0.7197942733764648, 13882
0.7197942733764648, 13881
0.7197942733764648, 13880
0.7197942733764648, 13879
0.7197942733764648, 13878
0.7207937240600586, 13877
0.7207937240600586, 13876
0.7207937240600586, 13875
0.7207937240600586, 13874
0.7207937240600586, 13873
0.7207937240600586, 13872
0.7207937240600586, 13871
0.7207937240600586, 13870
0.7207937240600586, 13869
0.7207937240600586, 13868
0.7207937240600586, 13867
0.7207937240600586, 13866
0.7207937240600586, 13865
0.7207937240600586, 13864
0.7207937240600586, 13863
0.7207937240600586, 13862
0.7217934131622314, 13861
0.7217934131622314, 13860
0.7217934131622314, 13859
0.7217934131622314, 13858
0.7217934131622314, 13857
0.7217934131622314, 13856
0.7217934131622314, 13855
0.7217934131622314, 13854
0.7217934131622314, 13853
0.7217934131622314, 13852
0.7217934131622314, 13851
0.7217934131622314, 13850
0.7217934131622314, 13849
0.7217934131622314, 13848
0.7217934131622314, 13847
0.7227935791015625, 13846
0.7227935791015625, 13845
0.7227935791015625, 13844
0.7227935791015625, 13843
0.7227935791015625, 13842
0.7227935791015625, 13841
0.7227935791015625, 13840
0.7227935791015625, 13839
0.7227935791015625, 13838
0.7227935791015625, 13837
0.7227935791015625, 13836
0.7227935791015625, 13835
0.7227935791015625, 13834
0.7227935791015625, 13833
0.7237939834594727, 13832
0.7237939834594727, 13831
0.7237939834594727, 13830
0.7237939834594727, 13829
0.7237939834594727, 13828
0.7237939834594727, 13827
0.7237939834594727, 13826
0.7237939834594727, 13825
0.7237939834594727, 13824
0.7237939834594727, 13823
0.7237939834594727, 13822
0.7237939834594727, 13821
0.7237939834594727, 13820
0.7237939834594727, 13819
0.7237939834594727, 13818
0.7247936725616455, 13817
0.7247936725616455, 13816
0.7247936725616455, 13815
0.7247936725616455, 13814
0.7247936725616455, 13813
0.7247936725616455, 13812
0.7247936725616455, 13811
0.7247936725616455, 13810
0.7247936725616455, 13809
0.7247936725616455, 13808
0.7247936725616455, 13807
0.7247936725616455, 13806
0.7247936725616455, 13805
0.7247936725616455, 13804
0.7247936725616455, 13803
0.7257936000823975, 13802
0.7257936000823975, 13801
0.7257936000823975, 13800
0.7257936000823975, 13799
0.7257936000823975, 13798
0.7257936000823975, 13797
0.7257936000823975, 13796
0.7257936000823975, 13795
0.7257936000823975, 13794
0.7257936000823975, 13793
0.7257936000823975, 13792
0.7257936000823975, 13791
0.7257936000823975, 13790
0.7257936000823975, 13789
0.7267935276031494, 13788
0.7267935276031494, 13787
0.7267935276031494, 13786
0.7267935276031494, 13785
0.7267935276031494, 13784
0.7267935276031494, 13783
0.7267935276031494, 13782
0.7267935276031494, 13781
0.7267935276031494, 13780
0.7267935276031494, 13779
0.7267935276031494, 13778
0.7267935276031494, 13777
0.7267935276031494, 13776
0.7267935276031494, 13775
0.7277934551239014, 13774
0.7277934551239014, 13773
0.7277934551239014, 13772
0.7277934551239014, 13771
0.7277934551239014, 13770
0.7277934551239014, 13769
0.7277934551239014, 13768
0.7277934551239014, 13767
0.7277934551239014, 13766
0.7277934551239014, 13765
0.7277934551239014, 13764
0.7277934551239014, 13763
0.7277934551239014, 13762
0.7277934551239014, 13761
0.7277934551239014, 13760
0.7287933826446533, 13759
0.7287933826446533, 13758
0.7288942337036133, 13757
0.7288942337036133, 13756
0.7288942337036133, 13755
0.7288942337036133, 13754
0.7288942337036133, 13753
0.7288942337036133, 13752
0.7288942337036133, 13751
0.7288942337036133, 13750
0.7288942337036133, 13749
0.7288942337036133, 13748
0.7288942337036133, 13747
0.7288942337036133, 13746
0.7288942337036133, 13745
0.7288942337036133, 13744
0.7288942337036133, 13743
0.7298998832702637, 13742
0.7298998832702637, 13741
0.7298998832702637, 13740
0.7298998832702637, 13739
0.7298998832702637, 13738
0.7298998832702637, 13737
0.7298998832702637, 13736
0.7298998832702637, 13735
0.7298998832702637, 13734
0.7298998832702637, 13733
0.7298998832702637, 13732
0.7298998832702637, 13731
0.7298998832702637, 13730
0.7298998832702637, 13729
0.7308998107910156, 13728
0.7308998107910156, 13727
0.7308998107910156, 13726
0.7308998107910156, 13725
0.7308998107910156, 13724
0.7308998107910156, 13723
0.902122974395752, 13722
0.902122974395752, 13721
0.902122974395752, 13720
0.902122974395752, 13719
0.902122974395752, 13718
0.902122974395752, 13717
0.902122974395752, 13716
0.9031229019165039, 13715
0.9031229019165039, 13714
0.9031229019165039, 13713
0.9031229019165039, 13712
0.9031229019165039, 13711
0.9031229019165039, 13710
0.9031229019165039, 13709
0.9031229019165039, 13708
0.9031229019165039, 13707
0.9031229019165039, 13706
0.9031229019165039, 13705
0.9031229019165039, 13704
0.9031229019165039, 13703
0.9031229019165039, 13702
0.9031229019165039, 13701
0.9041233062744141, 13700
0.9041233062744141, 13699
0.9041233062744141, 13698
0.9041233062744141, 13697
0.9041233062744141, 13696
0.9041233062744141, 13695
0.9041233062744141, 13694
0.9041233062744141, 13693
0.9041233062744141, 13692
0.9041233062744141, 13691
0.9041233062744141, 13690
0.9041233062744141, 13689
0.9041233062744141, 13688
0.9041233062744141, 13687
0.9041233062744141, 13686
0.9051227569580078, 13685
0.9051227569580078, 13684
0.9051227569580078, 13683
0.9051227569580078, 13682
0.9051227569580078, 13681
0.9051227569580078, 13680
0.9051227569580078, 13679
0.9051227569580078, 13678
0.9051227569580078, 13677
0.9051227569580078, 13676
0.9051227569580078, 13675
0.9051227569580078, 13674
0.9051227569580078, 13673
0.9051227569580078, 13672
0.9051227569580078, 13671
0.9051227569580078, 13670
0.9061226844787598, 13669
0.9061226844787598, 13668
0.9061226844787598, 13667
0.9061226844787598, 13666
0.9061226844787598, 13665
0.9061226844787598, 13664
0.9061226844787598, 13663
0.9061226844787598, 13662
0.9061226844787598, 13661
0.9061226844787598, 13660
0.9061226844787598, 13659
0.9061226844787598, 13658
0.9061226844787598, 13657
0.9061226844787598, 13656
0.9070737361907959, 13655
0.9070737361907959, 13654
0.9070737361907959, 13653
0.9070737361907959, 13652
0.9070737361907959, 13651
0.9070737361907959, 13650
0.9070737361907959, 13649
0.9070737361907959, 13648
0.9070737361907959, 13647
0.9070737361907959, 13646
0.9070737361907959, 13645
0.9070737361907959, 13644
0.9070737361907959, 13643
0.9070737361907959, 13642
0.9070737361907959, 13641
0.9070737361907959, 13640
0.9081225395202637, 13639
0.9081225395202637, 13638
0.9081225395202637, 13637
0.9081225395202637, 13636
0.9081225395202637, 13635
0.9081225395202637, 13634
0.9081225395202637, 13633
0.9081225395202637, 13632
0.9081225395202637, 13631
0.9081225395202637, 13630
0.9081225395202637, 13629
0.9081225395202637, 13628
0.9081225395202637, 13627
0.9081225395202637, 13626
0.9081225395202637, 13625
0.9081225395202637, 13624
0.9091229438781738, 13623
0.9091229438781738, 13622
0.9091229438781738, 13621
0.9091229438781738, 13620
0.9091229438781738, 13619
0.9091229438781738, 13618
0.9091229438781738, 13617
0.9091229438781738, 13616
0.9091229438781738, 13615
0.9091229438781738, 13614
0.9091229438781738, 13613
0.9091229438781738, 13612
0.9091229438781738, 13611
0.9091229438781738, 13610
0.9101228713989258, 13609
0.9101228713989258, 13608
0.9101228713989258, 13607
0.9101228713989258, 13606
0.9101228713989258, 13605
0.9101228713989258, 13604
0.9101228713989258, 13603
0.9101228713989258, 13602
0.9106006622314453, 13601
0.9106006622314453, 13600
0.9106006622314453, 13599
0.9106006622314453, 13598
0.9106006622314453, 13597
0.9111239910125732, 13596
0.9111239910125732, 13595
0.9111239910125732, 13594
0.9111239910125732, 13593
0.9111239910125732, 13592
0.9111239910125732, 13591
0.9111239910125732, 13590
0.9111239910125732, 13589
0.9111239910125732, 13588
0.9111239910125732, 13587
0.9111239910125732, 13586
0.9111239910125732, 13585
0.9111239910125732, 13584
0.9111239910125732, 13583
0.9121232032775879, 13582
0.9121232032775879, 13581
0.9121232032775879, 13580
0.9121232032775879, 13579
0.9121232032775879, 13578
0.9121232032775879, 13577
0.9121232032775879, 13576
0.9121232032775879, 13575
0.9121232032775879, 13574
0.9121232032775879, 13573
0.9121232032775879, 13572
0.9121232032775879, 13571
0.9121232032775879, 13570
0.9121232032775879, 13569
0.9121232032775879, 13568
0.9131228923797607, 13567
0.9131228923797607, 13566
0.9131228923797607, 13565
0.9131228923797607, 13564
0.9131228923797607, 13563
0.9131228923797607, 13562
0.9131228923797607, 13561
0.9131228923797607, 13560
0.9131228923797607, 13559
0.9131228923797607, 13558
0.9131228923797607, 13557
0.9131228923797607, 13556
0.9131228923797607, 13555
0.9131228923797607, 13554
0.9131228923797607, 13553
0.9131228923797607, 13552
0.9141230583190918, 13551
0.9141230583190918, 13550
0.9141230583190918, 13549
0.9141230583190918, 13548
0.9141230583190918, 13547
0.9141230583190918, 13546
0.9141230583190918, 13545
0.9141230583190918, 13544
0.9141230583190918, 13543
0.9141230583190918, 13542
0.9141230583190918, 13541
0.9141230583190918, 13540
0.9141230583190918, 13539
0.9141230583190918, 13538
0.9141230583190918, 13537
0.9151227474212646, 13536
0.9151227474212646, 13535
0.9151227474212646, 13534
0.9151227474212646, 13533
0.9151227474212646, 13532
0.9151227474212646, 13531
0.9151227474212646, 13530
0.9151227474212646, 13529
0.9151227474212646, 13528
0.9151227474212646, 13527
0.9151227474212646, 13526
0.9151227474212646, 13525
0.9151227474212646, 13524
0.9151227474212646, 13523
0.9151227474212646, 13522
0.9151227474212646, 13521
0.9161226749420166, 13520
0.9161226749420166, 13519
0.9161226749420166, 13518
0.9161226749420166, 13517
0.9161226749420166, 13516
0.9161226749420166, 13515
0.9161226749420166, 13514
0.9161226749420166, 13513
0.9161226749420166, 13512
0.9161226749420166, 13511
0.9161226749420166, 13510
0.9161226749420166, 13509
0.9161226749420166, 13508
0.9161226749420166, 13507
0.9161226749420166, 13506
0.9171228408813477, 13505
0.9171228408813477, 13504
0.9171228408813477, 13503
0.9171228408813477, 13502
0.9171228408813477, 13501
0.9171228408813477, 13500
0.9171228408813477, 13499
0.9171228408813477, 13498
0.9171228408813477, 13497
0.9171228408813477, 13496
0.9171228408813477, 13495
0.9171228408813477, 13494
0.9171228408813477, 13493
8.64502739906311, 13492
8.64502739906311, 13491
8.64502739906311, 13490
8.64502739906311, 13489
8.64502739906311, 13488
8.64502739906311, 13487
8.64502739906311, 13486
8.64502739906311, 13485
8.64502739906311, 13484
8.64502739906311, 13483
8.64502739906311, 13482
8.646027565002441, 13481
8.646027565002441, 13480
8.646027565002441, 13479
8.646027565002441, 13478
8.646027565002441, 13477
8.646027565002441, 13476
8.646027565002441, 13475
8.646027565002441, 13474
