0.18212103843688965, 14023
0.18212103843688965, 14022
0.18212103843688965, 14021
0.18212103843688965, 14020
0.18212103843688965, 14019
0.18212103843688965, 14018
0.18212103843688965, 14017
0.18212103843688965, 14016
0.1831207275390625, 14015
0.1831207275390625, 14014
0.1831207275390625, 14013
0.1831207275390625, 14012
0.1831207275390625, 14011
0.1831207275390625, 14010
0.1831207275390625, 14009
0.1831207275390625, 14008
0.1831207275390625, 14007
0.1831207275390625, 14006
0.1831207275390625, 14005
0.1831207275390625, 14004
0.1831207275390625, 14003
0.1831207275390625, 14002
0.1831207275390625, 14001
0.18412113189697266, 14000
0.18412113189697266, 13999
0.18412113189697266, 13998
0.18412113189697266, 13997
0.18412113189697266, 13996
0.18412113189697266, 13995
0.18412113189697266, 13994
0.18412113189697266, 13993
0.18412113189697266, 13992
0.18412113189697266, 13991
0.18412113189697266, 13990
0.18412113189697266, 13989
0.18412113189697266, 13988
0.18497800827026367, 13987
0.18497800827026367, 13986
0.18497800827026367, 13985
0.18512225151062012, 13984
0.18512225151062012, 13983
0.18512225151062012, 13982
0.18512225151062012, 13981
0.18512225151062012, 13980
0.18512225151062012, 13979
0.18512225151062012, 13978
0.18512225151062012, 13977
0.18512225151062012, 13976
0.18512225151062012, 13975
0.18512225151062012, 13974
0.18512225151062012, 13973
0.18512225151062012, 13972
0.18512225151062012, 13971
0.18512225151062012, 13970
0.18612074851989746, 13969
0.18612074851989746, 13968
0.18612074851989746, 13967
0.18612074851989746, 13966
0.18612074851989746, 13965
0.18612074851989746, 13964
0.18612074851989746, 13963
0.18612074851989746, 13962
0.18612074851989746, 13961
0.18612074851989746, 13960
0.18612074851989746, 13959
0.18612074851989746, 13958
0.18612074851989746, 13957
0.18612074851989746, 13956
0.18612074851989746, 13955
0.18712091445922852, 13954
0.18712091445922852, 13953
0.18712091445922852, 13952
0.18712091445922852, 13951
0.18712091445922852, 13950
0.18712091445922852, 13949
0.18712091445922852, 13948
0.18712091445922852, 13947
0.18712091445922852, 13946
0.18712091445922852, 13945
0.18712091445922852, 13944
0.18712091445922852, 13943
0.18712091445922852, 13942
0.18712091445922852, 13941
0.18712091445922852, 13940
0.18812203407287598, 13939
0.18812203407287598, 13938
0.18812203407287598, 13937
0.18812203407287598, 13936
0.18812203407287598, 13935
0.18812203407287598, 13934
0.18812203407287598, 13933
0.18812203407287598, 13932
0.18812203407287598, 13931
0.18812203407287598, 13930
0.18812203407287598, 13929
0.18812203407287598, 13928
0.18812203407287598, 13927
0.18812203407287598, 13926
0.18812203407287598, 13925
0.18812203407287598, 13924
0.18912100791931152, 13923
0.18912100791931152, 13922
0.18912100791931152, 13921
0.18912100791931152, 13920
0.18912100791931152, 13919
0.18912100791931152, 13918
0.18912100791931152, 13917
0.18912100791931152, 13916
0.18912100791931152, 13915
0.18912100791931152, 13914
0.18912100791931152, 13913
0.18912100791931152, 13912
0.18912100791931152, 13911
0.18912100791931152, 13910
0.19012069702148438, 13909
0.19012069702148438, 13908
0.19012069702148438, 13907
0.19012069702148438, 13906
0.19012069702148438, 13905
0.19012069702148438, 13904
0.19012069702148438, 13903
0.19012069702148438, 13902
0.19012069702148438, 13901
0.19012069702148438, 13900
0.19012069702148438, 13899
0.19012069702148438, 13898
0.19012069702148438, 13897
0.19012069702148438, 13896
0.19012069702148438, 13895
0.19012069702148438, 13894
0.19112110137939453, 13893
0.19112110137939453, 13892
0.19112110137939453, 13891
0.19112110137939453, 13890
0.19112110137939453, 13889
0.19112110137939453, 13888
0.19112110137939453, 13887
0.19112110137939453, 13886
0.19112110137939453, 13885
0.19112110137939453, 13884
0.19112110137939453, 13883
0.19112110137939453, 13882
0.19112110137939453, 13881
0.19112110137939453, 13880
0.19112110137939453, 13879
0.19212079048156738, 13878
0.19212079048156738, 13877
0.19212079048156738, 13876
0.19212079048156738, 13875
0.19212079048156738, 13874
0.19212079048156738, 13873
0.19212079048156738, 13872
0.19212079048156738, 13871
0.19212079048156738, 13870
0.19212079048156738, 13869
0.19212079048156738, 13868
0.19212079048156738, 13867
0.19212079048156738, 13866
0.19212079048156738, 13865
0.19212079048156738, 13864
0.19312071800231934, 13863
0.19312071800231934, 13862
0.19312071800231934, 13861
0.19312071800231934, 13860
0.19312071800231934, 13859
0.19312071800231934, 13858
0.19312071800231934, 13857
0.19312071800231934, 13856
0.19312071800231934, 13855
0.19312071800231934, 13854
0.19312071800231934, 13853
0.19312071800231934, 13852
0.19312071800231934, 13851
0.19312071800231934, 13850
0.19312071800231934, 13849
0.1941213607788086, 13848
0.1941213607788086, 13847
0.1941213607788086, 13846
0.1941213607788086, 13845
0.1941213607788086, 13844
0.1941213607788086, 13843
0.1941213607788086, 13842
0.1941213607788086, 13841
0.1941213607788086, 13840
0.1941213607788086, 13839
0.1941213607788086, 13838
0.1941213607788086, 13837
0.1941213607788086, 13836
0.19512248039245605, 13835
0.19512248039245605, 13834
0.19512248039245605, 13833
0.19512248039245605, 13832
0.19512248039245605, 13831
0.19512248039245605, 13830
0.19512248039245605, 13829
0.19512248039245605, 13828
0.19512248039245605, 13827
0.19512248039245605, 13826
0.19512248039245605, 13825
0.19512248039245605, 13824
0.19512248039245605, 13823
0.19512248039245605, 13822
0.19612479209899902, 13821
0.19612479209899902, 13820
0.19612479209899902, 13819
0.19612479209899902, 13818
0.19612479209899902, 13817
0.19612479209899902, 13816
0.19612479209899902, 13815
0.19612479209899902, 13814
0.19612479209899902, 13813
0.19612479209899902, 13812
0.19712257385253906, 13811
0.19712257385253906, 13810
0.19712257385253906, 13809
0.19712257385253906, 13808
0.19712257385253906, 13807
0.19712257385253906, 13806
0.19712257385253906, 13805
0.19712257385253906, 13804
0.19712257385253906, 13803
0.19712257385253906, 13802
0.19712257385253906, 13801
0.19712257385253906, 13800
0.19712257385253906, 13799
0.1981508731842041, 13798
0.1981508731842041, 13797
0.1981508731842041, 13796
0.1981508731842041, 13795
0.1981508731842041, 13794
0.1981508731842041, 13793
0.1981508731842041, 13792
0.1981508731842041, 13791
0.1981508731842041, 13790
0.1981508731842041, 13789
0.1981508731842041, 13788
0.1981508731842041, 13787
0.1981508731842041, 13786
0.1981508731842041, 13785
0.1981508731842041, 13784
0.19915080070495605, 13783
0.19915080070495605, 13782
0.19915080070495605, 13781
0.19915080070495605, 13780
0.19915080070495605, 13779
0.19915080070495605, 13778
0.19915080070495605, 13777
0.19915080070495605, 13776
0.19915080070495605, 13775
0.19915080070495605, 13774
0.19915080070495605, 13773
0.19915080070495605, 13772
0.19915080070495605, 13771
0.19915080070495605, 13770
0.2001495361328125, 13769
0.2001495361328125, 13768
0.2001495361328125, 13767
0.2001495361328125, 13766
0.2001495361328125, 13765
0.2001495361328125, 13764
0.2001495361328125, 13763
0.2001495361328125, 13762
0.2001495361328125, 13761
0.2001495361328125, 13760
0.2001495361328125, 13759
0.2001495361328125, 13758
0.2001495361328125, 13757
0.2001495361328125, 13756
0.2001495361328125, 13755
0.20114850997924805, 13754
0.20114850997924805, 13753
0.20114850997924805, 13752
0.20114850997924805, 13751
0.20114850997924805, 13750
0.20114850997924805, 13749
0.20114850997924805, 13748
0.20114850997924805, 13747
0.20114850997924805, 13746
0.20114850997924805, 13745
0.20114850997924805, 13744
0.20114850997924805, 13743
0.20114850997924805, 13742
0.20114850997924805, 13741
0.20114850997924805, 13740
0.2021484375, 13739
0.2021484375, 13738
0.2021484375, 13737
0.2021484375, 13736
0.2021484375, 13735
0.2021484375, 13734
0.2021484375, 13733
0.2021484375, 13732
0.2021484375, 13731
0.2021484375, 13730
0.2021484375, 13729
0.2021484375, 13728
0.2021484375, 13727
0.2021484375, 13726
0.2021484375, 13725
0.20314836502075195, 13724
0.20314836502075195, 13723
0.20314836502075195, 13722
0.20314836502075195, 13721
0.20314836502075195, 13720
0.20314836502075195, 13719
0.20314836502075195, 13718
0.20314836502075195, 13717
0.20314836502075195, 13716
0.20314836502075195, 13715
0.20314836502075195, 13714
0.20314836502075195, 13713
0.20314836502075195, 13712
0.20314836502075195, 13711
0.20314836502075195, 13710
0.2041487693786621, 13709
0.2041487693786621, 13708
0.2041487693786621, 13707
0.2041487693786621, 13706
0.2041487693786621, 13705
0.2041487693786621, 13704
0.2041487693786621, 13703
0.2041487693786621, 13702
0.2041487693786621, 13701
0.2041487693786621, 13700
0.2041487693786621, 13699
0.2041487693786621, 13698
0.2041487693786621, 13697
0.2041487693786621, 13696
0.2041487693786621, 13695
0.20514869689941406, 13694
0.20514869689941406, 13693
0.20514869689941406, 13692
0.20514869689941406, 13691
0.20514869689941406, 13690
0.20514869689941406, 13689
0.20514869689941406, 13688
0.20514869689941406, 13687
0.20514869689941406, 13686
0.20514869689941406, 13685
0.20514869689941406, 13684
0.20514869689941406, 13683
0.20514869689941406, 13682
0.20514869689941406, 13681
0.20514869689941406, 13680
0.20614862442016602, 13679
0.20614862442016602, 13678
0.20614862442016602, 13677
0.20614862442016602, 13676
0.20614862442016602, 13675
0.20614862442016602, 13674
0.20614862442016602, 13673
0.20667219161987305, 13672
0.20667219161987305, 13671
0.20667219161987305, 13670
0.20667219161987305, 13669
0.20667219161987305, 13668
0.20667219161987305, 13667
0.20667219161987305, 13666
0.20667219161987305, 13665
0.20667219161987305, 13664
0.20667219161987305, 13663
0.20667219161987305, 13662
0.20667219161987305, 13661
0.20667219161987305, 13660
0.20667219161987305, 13659
0.20667219161987305, 13658
0.20767951011657715, 13657
0.20767951011657715, 13656
0.20785880088806152, 13655
0.20785880088806152, 13654
0.20785880088806152, 13653
0.20785880088806152, 13652
0.20785880088806152, 13651
0.20785880088806152, 13650
0.20785880088806152, 13649
0.20785880088806152, 13648
0.20785880088806152, 13647
0.20785880088806152, 13646
0.20785880088806152, 13645
0.20785880088806152, 13644
0.2086782455444336, 13643
0.2086782455444336, 13642
0.2086782455444336, 13641
0.2086782455444336, 13640
0.2086782455444336, 13639
0.2086782455444336, 13638
0.2086782455444336, 13637
0.2086782455444336, 13636
0.2086782455444336, 13635
0.2086782455444336, 13634
0.2086782455444336, 13633
0.2086782455444336, 13632
0.2086782455444336, 13631
0.2086782455444336, 13630
0.2086782455444336, 13629
0.20967817306518555, 13628
0.20973849296569824, 13627
0.20973849296569824, 13626
0.20973849296569824, 13625
0.20973849296569824, 13624
0.20973849296569824, 13623
0.20973849296569824, 13622
0.20973849296569824, 13621
0.20973849296569824, 13620
0.20973849296569824, 13619
0.20973849296569824, 13618
0.2106800079345703, 13617
0.2106800079345703, 13616
0.2106800079345703, 13615
0.2106800079345703, 13614
0.2106800079345703, 13613
0.2106800079345703, 13612
0.2106800079345703, 13611
0.2106800079345703, 13610
0.2106800079345703, 13609
0.2106800079345703, 13608
0.2106800079345703, 13607
0.21167993545532227, 13606
0.21167993545532227, 13605
0.21167993545532227, 13604
0.21167993545532227, 13603
0.21167993545532227, 13602
0.21167993545532227, 13601
0.21167993545532227, 13600
0.21167993545532227, 13599
0.21167993545532227, 13598
0.21167993545532227, 13597
0.21167993545532227, 13596
0.21167993545532227, 13595
0.21167993545532227, 13594
0.2126786708831787, 13593
0.2126786708831787, 13592
0.2126786708831787, 13591
0.2126786708831787, 13590
0.2126786708831787, 13589
0.2126786708831787, 13588
0.2126786708831787, 13587
0.2126786708831787, 13586
0.2126786708831787, 13585
0.2126786708831787, 13584
0.2126786708831787, 13583
0.2126786708831787, 13582
0.21367788314819336, 13581
0.21367788314819336, 13580
0.21367788314819336, 13579
0.21367788314819336, 13578
0.21367788314819336, 13577
0.21367788314819336, 13576
0.21367788314819336, 13575
0.21367788314819336, 13574
0.21367788314819336, 13573
0.21367788314819336, 13572
0.21367788314819336, 13571
0.21367788314819336, 13570
0.21367788314819336, 13569
0.21367788314819336, 13568
0.21467876434326172, 13567
0.21467876434326172, 13566
0.21467876434326172, 13565
0.21467876434326172, 13564
0.21467876434326172, 13563
0.21499896049499512, 13562
0.21499896049499512, 13561
0.21499896049499512, 13560
0.21499896049499512, 13559
0.21499896049499512, 13558
0.21499896049499512, 13557
0.21499896049499512, 13556
0.21499896049499512, 13555
0.21499896049499512, 13554
0.21499896049499512, 13553
0.21567845344543457, 13552
0.21567845344543457, 13551
0.21567845344543457, 13550
0.21567845344543457, 13549
0.21567845344543457, 13548
0.21567845344543457, 13547
0.21567845344543457, 13546
0.21567845344543457, 13545
0.21567845344543457, 13544
0.21567845344543457, 13543
0.21567845344543457, 13542
0.21567845344543457, 13541
0.21567845344543457, 13540
0.21567845344543457, 13539
0.21567845344543457, 13538
0.21667790412902832, 13537
0.21667790412902832, 13536
0.21667790412902832, 13535
0.21667790412902832, 13534
0.21667790412902832, 13533
0.21667790412902832, 13532
0.21667790412902832, 13531
0.21667790412902832, 13530
0.21667790412902832, 13529
0.21667790412902832, 13528
0.21667790412902832, 13527
0.21667790412902832, 13526
0.21667790412902832, 13525
0.21667790412902832, 13524
0.21667790412902832, 13523
0.21767854690551758, 13522
0.21767854690551758, 13521
0.21767854690551758, 13520
0.21767854690551758, 13519
0.21767854690551758, 13518
0.21767854690551758, 13517
0.21767854690551758, 13516
0.21767854690551758, 13515
0.21767854690551758, 13514
0.21767854690551758, 13513
0.21767854690551758, 13512
0.21767854690551758, 13511
0.21767854690551758, 13510
0.21767854690551758, 13509
0.21867823600769043, 13508
0.21867823600769043, 13507
0.21867823600769043, 13506
0.21867823600769043, 13505
0.21867823600769043, 13504
0.21867823600769043, 13503
0.21867823600769043, 13502
0.21867823600769043, 13501
0.21867823600769043, 13500
0.21867823600769043, 13499
0.21867823600769043, 13498
0.21867823600769043, 13497
0.21867823600769043, 13496
0.21867823600769043, 13495
0.21867823600769043, 13494
0.21967792510986328, 13493
0.21967792510986328, 13492
0.21967792510986328, 13491
0.21967792510986328, 13490
0.21967792510986328, 13489
0.21967792510986328, 13488
0.21967792510986328, 13487
0.21967792510986328, 13486
0.21967792510986328, 13485
0.21967792510986328, 13484
0.21967792510986328, 13483
0.21967792510986328, 13482
0.21967792510986328, 13481
0.21967792510986328, 13480
0.21967792510986328, 13479
0.22067785263061523, 13478
0.22067785263061523, 13477
0.22067785263061523, 13476
0.22067785263061523, 13475
0.22067785263061523, 13474
0.22067785263061523, 13473
0.22067785263061523, 13472
0.22067785263061523, 13471
0.22067785263061523, 13470
0.22067785263061523, 13469
0.22067785263061523, 13468
0.22067785263061523, 13467
0.22067785263061523, 13466
0.22067785263061523, 13465
0.2216813564300537, 13464
0.2216813564300537, 13463
0.2216813564300537, 13462
0.2216813564300537, 13461
0.2216813564300537, 13460
0.2216813564300537, 13459
0.2216813564300537, 13458
0.2216813564300537, 13457
0.2216813564300537, 13456
0.2216813564300537, 13455
0.2216813564300537, 13454
0.2216813564300537, 13453
0.2216813564300537, 13452
0.2216813564300537, 13451
0.2216813564300537, 13450
0.22268366813659668, 13449
0.22268366813659668, 13448
0.22268366813659668, 13447
0.22268366813659668, 13446
0.22268366813659668, 13445
0.22268366813659668, 13444
0.22268366813659668, 13443
0.22268366813659668, 13442
0.22268366813659668, 13441
0.22268366813659668, 13440
0.22268366813659668, 13439
0.22268366813659668, 13438
0.22268366813659668, 13437
0.22268366813659668, 13436
0.22268366813659668, 13435
0.22368192672729492, 13434
0.22368192672729492, 13433
0.22368192672729492, 13432
0.22368192672729492, 13431
0.22368192672729492, 13430
0.22368192672729492, 13429
0.22368192672729492, 13428
0.22368192672729492, 13427
0.22368192672729492, 13426
0.22368192672729492, 13425
0.22368192672729492, 13424
0.22368192672729492, 13423
0.2244722843170166, 13422
0.22467994689941406, 13421
0.22467994689941406, 13420
0.22467994689941406, 13419
0.22467994689941406, 13418
0.22467994689941406, 13417
0.22467994689941406, 13416
0.22467994689941406, 13415
0.22467994689941406, 13414
0.22467994689941406, 13413
0.22467994689941406, 13412
0.22467994689941406, 13411
0.22467994689941406, 13410
0.22467994689941406, 13409
0.22467994689941406, 13408
0.22467994689941406, 13407
0.22568035125732422, 13406
0.22568035125732422, 13405
0.22568035125732422, 13404
0.22568035125732422, 13403
0.22568035125732422, 13402
0.22568035125732422, 13401
0.22568035125732422, 13400
0.22568035125732422, 13399
0.22568035125732422, 13398
0.22568035125732422, 13397
0.22568035125732422, 13396
0.22568035125732422, 13395
0.22568035125732422, 13394
0.22568035125732422, 13393
0.22667884826660156, 13392
0.22667884826660156, 13391
0.226776123046875, 13390
0.226776123046875, 13389
0.226776123046875, 13388
0.226776123046875, 13387
0.226776123046875, 13386
0.226776123046875, 13385
0.226776123046875, 13384
0.226776123046875, 13383
0.226776123046875, 13382
0.226776123046875, 13381
0.226776123046875, 13380
0.226776123046875, 13379
0.226776123046875, 13378
0.226776123046875, 13377
0.22777009010314941, 13376
0.22777009010314941, 13375
0.22777009010314941, 13374
0.22777009010314941, 13373
0.22777009010314941, 13372
0.22777009010314941, 13371
0.22777009010314941, 13370
0.22777009010314941, 13369
0.22777009010314941, 13368
0.22777009010314941, 13367
0.22777009010314941, 13366
0.22777009010314941, 13365
0.22777009010314941, 13364
0.22777009010314941, 13363
0.22777009010314941, 13362
0.22877001762390137, 13361
0.22877001762390137, 13360
0.22877001762390137, 13359
0.22877001762390137, 13358
0.22877001762390137, 13357
0.22877001762390137, 13356
0.22877001762390137, 13355
0.22877001762390137, 13354
0.22877001762390137, 13353
0.22877001762390137, 13352
0.22877001762390137, 13351
0.22877001762390137, 13350
0.22877001762390137, 13349
0.22877001762390137, 13348
0.22976946830749512, 13347
0.22976946830749512, 13346
0.22976946830749512, 13345
0.22976946830749512, 13344
0.22976946830749512, 13343
0.22976946830749512, 13342
0.22976946830749512, 13341
0.22976946830749512, 13340
0.22976946830749512, 13339
0.22976946830749512, 13338
0.22976946830749512, 13337
0.22976946830749512, 13336
0.22976946830749512, 13335
0.22976946830749512, 13334
0.22976946830749512, 13333
0.23076939582824707, 13332
0.23076939582824707, 13331
0.23076939582824707, 13330
0.23076939582824707, 13329
0.23076939582824707, 13328
0.23076939582824707, 13327
0.23076939582824707, 13326
0.23076939582824707, 13325
0.23076939582824707, 13324
0.23076939582824707, 13323
0.23076939582824707, 13322
0.23076939582824707, 13321
0.23076939582824707, 13320
0.23076939582824707, 13319
0.23076939582824707, 13318
0.23176980018615723, 13317
0.23176980018615723, 13316
0.23176980018615723, 13315
0.23176980018615723, 13314
0.23176980018615723, 13313
0.23176980018615723, 13312
0.23176980018615723, 13311
0.23176980018615723, 13310
0.23176980018615723, 13309
0.23176980018615723, 13308
0.23247814178466797, 13307
0.23247814178466797, 13306
0.23247814178466797, 13305
0.23247814178466797, 13304
0.23276972770690918, 13303
0.23276972770690918, 13302
0.23276972770690918, 13301
0.23276972770690918, 13300
0.23276972770690918, 13299
0.23276972770690918, 13298
0.23276972770690918, 13297
0.23276972770690918, 13296
0.23276972770690918, 13295
0.23276972770690918, 13294
0.23276972770690918, 13293
0.23276972770690918, 13292
0.23276972770690918, 13291
0.23276972770690918, 13290
0.23276972770690918, 13289
0.23376941680908203, 13288
0.23376941680908203, 13287
0.23376941680908203, 13286
0.23376941680908203, 13285
0.23376941680908203, 13284
0.23376941680908203, 13283
0.23376941680908203, 13282
0.23376941680908203, 13281
0.23376941680908203, 13280
0.23376941680908203, 13279
0.23376941680908203, 13278
0.23376941680908203, 13277
0.23376941680908203, 13276
0.23376941680908203, 13275
0.23376941680908203, 13274
0.23476934432983398, 13273
0.23476934432983398, 13272
0.23476934432983398, 13271
0.23476934432983398, 13270
0.23476934432983398, 13269
0.23476934432983398, 13268
0.23476934432983398, 13267
0.23476934432983398, 13266
0.23476934432983398, 13265
0.23476934432983398, 13264
0.23476934432983398, 13263
0.23476934432983398, 13262
0.23476934432983398, 13261
0.23476934432983398, 13260
0.23577022552490234, 13259
0.23577022552490234, 13258
0.23577022552490234, 13257
0.23577022552490234, 13256
0.23577022552490234, 13255
0.23577022552490234, 13254
0.23577022552490234, 13253
0.23577022552490234, 13252
0.23577022552490234, 13251
0.23577022552490234, 13250
0.23577022552490234, 13249
0.23577022552490234, 13248
0.23577022552490234, 13247
0.23577022552490234, 13246
0.23577022552490234, 13245
0.2367696762084961, 13244
0.2367696762084961, 13243
0.2367696762084961, 13242
0.2367696762084961, 13241
0.2367696762084961, 13240
0.2367696762084961, 13239
0.2367696762084961, 13238
0.2367696762084961, 13237
0.2367696762084961, 13236
0.2367696762084961, 13235
0.2367696762084961, 13234
0.2367696762084961, 13233
0.2367696762084961, 13232
0.2367696762084961, 13231
0.23776984214782715, 13230
0.23776984214782715, 13229
0.23785734176635742, 13228
0.23785734176635742, 13227
0.23785734176635742, 13226
0.23785734176635742, 13225
0.23785734176635742, 13224
0.23785734176635742, 13223
0.23785734176635742, 13222
0.23785734176635742, 13221
0.23785734176635742, 13220
0.23785734176635742, 13219
0.23785734176635742, 13218
0.23785734176635742, 13217
0.23785734176635742, 13216
0.2387707233428955, 13215
0.2387707233428955, 13214
0.2387707233428955, 13213
0.2387707233428955, 13212
0.2387707233428955, 13211
0.2387707233428955, 13210
0.2387707233428955, 13209
0.2387707233428955, 13208
0.2387707233428955, 13207
0.2387707233428955, 13206
0.2387707233428955, 13205
0.2387707233428955, 13204
0.2387707233428955, 13203
0.2387707233428955, 13202
0.2387707233428955, 13201
0.23976969718933105, 13200
0.23976969718933105, 13199
0.23976969718933105, 13198
0.23976969718933105, 13197
0.23976969718933105, 13196
0.23976969718933105, 13195
0.23976969718933105, 13194
0.23976969718933105, 13193
0.23976969718933105, 13192
0.24077510833740234, 13191
0.24077510833740234, 13190
0.24077510833740234, 13189
0.24077510833740234, 13188
0.24077510833740234, 13187
0.24077510833740234, 13186
0.24077510833740234, 13185
0.24077510833740234, 13184
0.24077510833740234, 13183
0.24077510833740234, 13182
0.24077510833740234, 13181
0.24077510833740234, 13180
0.24077510833740234, 13179
0.24177169799804688, 13178
0.24177169799804688, 13177
0.24177169799804688, 13176
0.24177169799804688, 13175
0.24177169799804688, 13174
0.24177169799804688, 13173
0.24177169799804688, 13172
0.24177169799804688, 13171
0.24177169799804688, 13170
0.24177169799804688, 13169
0.24177169799804688, 13168
0.24177169799804688, 13167
0.24177169799804688, 13166
0.24177169799804688, 13165
0.24177169799804688, 13164
0.24277138710021973, 13163
0.24277138710021973, 13162
0.24277138710021973, 13161
0.24277138710021973, 13160
0.24277138710021973, 13159
0.24277138710021973, 13158
0.24277138710021973, 13157
0.24277138710021973, 13156
0.24277138710021973, 13155
0.24277138710021973, 13154
0.24277138710021973, 13153
0.24277138710021973, 13152
0.24277138710021973, 13151
0.24277138710021973, 13150
0.24376988410949707, 13149
0.24376988410949707, 13148
0.24376988410949707, 13147
0.24376988410949707, 13146
0.24376988410949707, 13145
0.24376988410949707, 13144
0.24376988410949707, 13143
0.24376988410949707, 13142
0.24376988410949707, 13141
0.24376988410949707, 13140
0.24376988410949707, 13139
0.24376988410949707, 13138
0.24376988410949707, 13137
0.24376988410949707, 13136
0.24477028846740723, 13135
0.24477028846740723, 13134
0.24477028846740723, 13133
0.2449936866760254, 13132
0.2449936866760254, 13131
0.2449936866760254, 13130
0.2449936866760254, 13129
0.2449936866760254, 13128
0.2449936866760254, 13127
0.2449936866760254, 13126
0.2449936866760254, 13125
0.2449936866760254, 13124
0.2449936866760254, 13123
0.24576997756958008, 13122
0.24576997756958008, 13121
0.24576997756958008, 13120
0.24576997756958008, 13119
0.24576997756958008, 13118
0.24576997756958008, 13117
0.24576997756958008, 13116
0.24576997756958008, 13115
0.24576997756958008, 13114
0.24576997756958008, 13113
0.24576997756958008, 13112
0.24576997756958008, 13111
0.24576997756958008, 13110
0.24576997756958008, 13109
0.24576997756958008, 13108
0.24676966667175293, 13107
0.24676966667175293, 13106
0.24676966667175293, 13105
0.24676966667175293, 13104
0.24676966667175293, 13103
0.24676966667175293, 13102
0.24676966667175293, 13101
0.24676966667175293, 13100
0.24676966667175293, 13099
0.24676966667175293, 13098
0.24676966667175293, 13097
0.24676966667175293, 13096
0.24676966667175293, 13095
0.24779987335205078, 13094
0.24788308143615723, 13093
0.24788308143615723, 13092
0.24788308143615723, 13091
0.24788308143615723, 13090
0.24788308143615723, 13089
0.24788308143615723, 13088
0.24788308143615723, 13087
0.24788308143615723, 13086
0.24788308143615723, 13085
0.24788308143615723, 13084
0.24788308143615723, 13083
0.24788308143615723, 13082
0.24788308143615723, 13081
0.24879980087280273, 13080
0.24879980087280273, 13079
0.24879980087280273, 13078
0.24879980087280273, 13077
0.24879980087280273, 13076
0.24879980087280273, 13075
0.24879980087280273, 13074
0.24879980087280273, 13073
0.24879980087280273, 13072
0.24879980087280273, 13071
0.24879980087280273, 13070
0.24879980087280273, 13069
0.24879980087280273, 13068
0.24879980087280273, 13067
0.24979925155639648, 13066
0.24979925155639648, 13065
0.24979925155639648, 13064
0.24979925155639648, 13063
0.24979925155639648, 13062
0.24979925155639648, 13061
0.24979925155639648, 13060
0.24979925155639648, 13059
0.24979925155639648, 13058
0.24979925155639648, 13057
0.24979925155639648, 13056
0.24979925155639648, 13055
0.24979925155639648, 13054
0.24979925155639648, 13053
0.24979925155639648, 13052
0.25079917907714844, 13051
0.25079917907714844, 13050
0.25079917907714844, 13049
0.25079917907714844, 13048
0.25079917907714844, 13047
0.25079917907714844, 13046
0.25079917907714844, 13045
0.25079917907714844, 13044
0.25079917907714844, 13043
0.25079917907714844, 13042
0.25079917907714844, 13041
0.25079917907714844, 13040
0.25079917907714844, 13039
0.25079917907714844, 13038
0.2517993450164795, 13037
0.2517993450164795, 13036
0.2517993450164795, 13035
0.2517993450164795, 13034
0.2517993450164795, 13033
0.2517993450164795, 13032
0.2517993450164795, 13031
0.2517993450164795, 13030
0.2517993450164795, 13029
0.2517993450164795, 13028
0.2517993450164795, 13027
0.2517993450164795, 13026
0.2517993450164795, 13025
0.2517993450164795, 13024
0.2517993450164795, 13023
0.25279951095581055, 13022
0.25279951095581055, 13021
0.25279951095581055, 13020
0.25279951095581055, 13019
0.25279951095581055, 13018
0.25279951095581055, 13017
0.25279951095581055, 13016
0.25279951095581055, 13015
0.25279951095581055, 13014
0.25279951095581055, 13013
0.25279951095581055, 13012
0.25279951095581055, 13011
0.25279951095581055, 13010
0.25279951095581055, 13009
0.25279951095581055, 13008
0.2537994384765625, 13007
0.2537994384765625, 13006
0.2537994384765625, 13005
0.2537994384765625, 13004
0.2537994384765625, 13003
0.2537994384765625, 13002
0.2537994384765625, 13001
0.2537994384765625, 13000
0.2537994384765625, 12999
0.2537994384765625, 12998
0.2537994384765625, 12997
0.2537994384765625, 12996
0.2537994384765625, 12995
0.2537994384765625, 12994
0.25479936599731445, 12993
0.25479936599731445, 12992
0.25494861602783203, 12991
0.25494861602783203, 12990
0.25494861602783203, 12989
0.25494861602783203, 12988
0.25494861602783203, 12987
0.25494861602783203, 12986
0.25494861602783203, 12985
0.25494861602783203, 12984
0.25494861602783203, 12983
0.25494861602783203, 12982
0.25494861602783203, 12981
0.2558012008666992, 12980
0.2558012008666992, 12979
0.2558012008666992, 12978
0.2558012008666992, 12977
0.2558012008666992, 12976
0.2558012008666992, 12975
0.2558012008666992, 12974
0.2558012008666992, 12973
0.2558012008666992, 12972
0.2558012008666992, 12971
0.2558012008666992, 12970
0.2558012008666992, 12969
0.2558012008666992, 12968
0.2558012008666992, 12967
0.25679993629455566, 12966
0.25679993629455566, 12965
0.25679993629455566, 12964
0.25679993629455566, 12963
0.25679993629455566, 12962
0.25679993629455566, 12961
0.25679993629455566, 12960
0.25679993629455566, 12959
0.25679993629455566, 12958
0.25679993629455566, 12957
0.25679993629455566, 12956
0.25679993629455566, 12955
0.25679993629455566, 12954
0.25679993629455566, 12953
0.25679993629455566, 12952
0.2577996253967285, 12951
0.2577996253967285, 12950
0.2577996253967285, 12949
0.2577996253967285, 12948
0.2577996253967285, 12947
0.2577996253967285, 12946
0.2577996253967285, 12945
0.2577996253967285, 12944
0.2577996253967285, 12943
0.2577996253967285, 12942
0.2577996253967285, 12941
0.2577996253967285, 12940
0.2577996253967285, 12939
0.2577996253967285, 12938
0.2588005065917969, 12937
0.2588005065917969, 12936
0.2588005065917969, 12935
0.2588005065917969, 12934
0.2588005065917969, 12933
0.2588005065917969, 12932
0.2588005065917969, 12931
0.2588005065917969, 12930
0.2588005065917969, 12929
0.2588005065917969, 12928
0.2588005065917969, 12927
0.2588005065917969, 12926
0.2588005065917969, 12925
0.2588005065917969, 12924
0.2598001956939697, 12923
0.2598001956939697, 12922
0.2598001956939697, 12921
0.2598001956939697, 12920
0.2598001956939697, 12919
0.2598001956939697, 12918
0.2598001956939697, 12917
0.2598001956939697, 12916
0.2598001956939697, 12915
0.2598001956939697, 12914
0.2598001956939697, 12913
0.2598001956939697, 12912
0.2598001956939697, 12911
0.2598001956939697, 12910
0.2598001956939697, 12909
0.2608001232147217, 12908
0.2608001232147217, 12907
0.2608001232147217, 12906
0.2608001232147217, 12905
0.2608001232147217, 12904
0.2608001232147217, 12903
0.2608001232147217, 12902
0.2608001232147217, 12901
0.2608001232147217, 12900
0.2608001232147217, 12899
0.2608001232147217, 12898
0.2608001232147217, 12897
0.2608001232147217, 12896
0.2608001232147217, 12895
0.26179981231689453, 12894
0.26179981231689453, 12893
0.26179981231689453, 12892
0.26179981231689453, 12891
0.26179981231689453, 12890
0.26179981231689453, 12889
0.26179981231689453, 12888
0.26179981231689453, 12887
0.26179981231689453, 12886
0.26179981231689453, 12885
0.26179981231689453, 12884
0.26179981231689453, 12883
0.26179981231689453, 12882
0.26179981231689453, 12881
0.2627995014190674, 12880
0.2627995014190674, 12879
0.2627995014190674, 12878
0.2627995014190674, 12877
0.2627995014190674, 12876
0.2627995014190674, 12875
0.2627995014190674, 12874
0.2627995014190674, 12873
0.2627995014190674, 12872
0.2627995014190674, 12871
0.2627995014190674, 12870
0.2627995014190674, 12869
0.2627995014190674, 12868
0.2627995014190674, 12867
0.2627995014190674, 12866
0.26379942893981934, 12865
0.26379942893981934, 12864
0.26379942893981934, 12863
0.26379942893981934, 12862
0.26379942893981934, 12861
0.26379942893981934, 12860
0.26379942893981934, 12859
0.26379942893981934, 12858
0.26379942893981934, 12857
0.26379942893981934, 12856
0.26379942893981934, 12855
0.26379942893981934, 12854
0.26379942893981934, 12853
0.26379942893981934, 12852
0.2648005485534668, 12851
0.2648005485534668, 12850
0.26494908332824707, 12849
0.26494908332824707, 12848
0.26494908332824707, 12847
0.26494908332824707, 12846
0.26494908332824707, 12845
0.26494908332824707, 12844
0.26494908332824707, 12843
0.26494908332824707, 12842
0.26494908332824707, 12841
0.26494908332824707, 12840
0.26494908332824707, 12839
0.26494908332824707, 12838
0.26579999923706055, 12837
0.26579999923706055, 12836
0.26579999923706055, 12835
0.26579999923706055, 12834
0.26579999923706055, 12833
0.26579999923706055, 12832
0.26579999923706055, 12831
0.26579999923706055, 12830
0.26579999923706055, 12829
0.26579999923706055, 12828
0.26648736000061035, 12827
0.26648736000061035, 12826
0.26648736000061035, 12825
0.26648736000061035, 12824
0.26648736000061035, 12823
0.26648736000061035, 12822
0.26699399948120117, 12821
0.26699399948120117, 12820
0.26699399948120117, 12819
0.26699399948120117, 12818
0.26699399948120117, 12817
0.26699399948120117, 12816
0.26699399948120117, 12815
0.26699399948120117, 12814
0.26699399948120117, 12813
0.26699399948120117, 12812
0.26699399948120117, 12811
0.26699399948120117, 12810
0.26699399948120117, 12809
0.26699399948120117, 12808
0.2680041790008545, 12807
0.2680041790008545, 12806
0.2680041790008545, 12805
0.2680041790008545, 12804
0.2680041790008545, 12803
0.2680041790008545, 12802
0.2680041790008545, 12801
0.2680041790008545, 12800
0.2680041790008545, 12799
0.2680041790008545, 12798
0.2680041790008545, 12797
0.2680041790008545, 12796
0.2688302993774414, 12795
0.26889562606811523, 12794
0.26889562606811523, 12793
0.26900386810302734, 12792
0.26900386810302734, 12791
0.26900386810302734, 12790
0.26900386810302734, 12789
0.26900386810302734, 12788
0.26900386810302734, 12787
0.26900386810302734, 12786
0.26900386810302734, 12785
0.26900386810302734, 12784
0.26900386810302734, 12783
0.26900386810302734, 12782
0.26900386810302734, 12781
0.26900386810302734, 12780
0.26900386810302734, 12779
0.26900386810302734, 12778
0.2700033187866211, 12777
0.2700033187866211, 12776
0.2700033187866211, 12775
0.2700033187866211, 12774
