0.19904398918151855, 14026
0.19904398918151855, 14025
0.19904398918151855, 14024
0.19904398918151855, 14023
0.19904398918151855, 14022
0.19904398918151855, 14021
0.19904398918151855, 14020
0.19904398918151855, 14019
0.19904398918151855, 14018
0.19904398918151855, 14017
0.19904398918151855, 14016
0.20004487037658691, 14015
0.20004487037658691, 14014
0.20004487037658691, 14013
0.20004487037658691, 14012
0.20004487037658691, 14011
0.20004487037658691, 14010
0.20004487037658691, 14009
0.20004487037658691, 14008
0.20004487037658691, 14007
0.20004487037658691, 14006
0.20004487037658691, 14005
0.20004487037658691, 14004
0.20004487037658691, 14003
0.20004487037658691, 14002
0.20104694366455078, 14001
0.20104694366455078, 14000
0.20104694366455078, 13999
0.20104694366455078, 13998
0.20104694366455078, 13997
0.20104694366455078, 13996
0.20104694366455078, 13995
0.20104694366455078, 13994
0.20104694366455078, 13993
0.20104694366455078, 13992
0.20104694366455078, 13991
0.20104694366455078, 13990
0.20104694366455078, 13989
0.20104694366455078, 13988
0.20104694366455078, 13987
0.20104694366455078, 13986
0.20204448699951172, 13985
0.20204448699951172, 13984
0.20204448699951172, 13983
0.20204448699951172, 13982
0.20204448699951172, 13981
0.20204448699951172, 13980
0.20204448699951172, 13979
0.20204448699951172, 13978
0.20204448699951172, 13977
0.20204448699951172, 13976
0.20204448699951172, 13975
0.20204448699951172, 13974
0.20204448699951172, 13973
0.20204448699951172, 13972
0.20204448699951172, 13971
0.20304441452026367, 13970
0.20304441452026367, 13969
0.20304441452026367, 13968
0.20304441452026367, 13967
0.20304441452026367, 13966
0.20304441452026367, 13965
0.20304441452026367, 13964
0.20304441452026367, 13963
0.20304441452026367, 13962
0.20304441452026367, 13961
0.20304441452026367, 13960
0.20304441452026367, 13959
0.20304441452026367, 13958
0.20304441452026367, 13957
0.20304441452026367, 13956
0.20304441452026367, 13955
0.20404362678527832, 13954
0.20404362678527832, 13953
0.20404362678527832, 13952
0.20404362678527832, 13951
0.20404362678527832, 13950
0.20404362678527832, 13949
0.20404362678527832, 13948
0.20404362678527832, 13947
0.20404362678527832, 13946
0.20404362678527832, 13945
0.20404362678527832, 13944
0.20404362678527832, 13943
0.20404362678527832, 13942
0.20404362678527832, 13941
0.20404362678527832, 13940
0.20504379272460938, 13939
0.20504379272460938, 13938
0.20504379272460938, 13937
0.20504379272460938, 13936
0.20504379272460938, 13935
0.20504379272460938, 13934
0.20504379272460938, 13933
0.20504379272460938, 13932
0.20504379272460938, 13931
0.20504379272460938, 13930
0.20504379272460938, 13929
0.20504379272460938, 13928
0.20504379272460938, 13927
0.20504379272460938, 13926
0.20504379272460938, 13925
0.20504379272460938, 13924
0.20604372024536133, 13923
0.20604372024536133, 13922
0.20604372024536133, 13921
0.20604372024536133, 13920
0.20604372024536133, 13919
0.20604372024536133, 13918
0.20604372024536133, 13917
0.20604372024536133, 13916
0.20604372024536133, 13915
0.20604372024536133, 13914
0.20604372024536133, 13913
0.20604372024536133, 13912
0.20604372024536133, 13911
0.20604372024536133, 13910
0.20604372024536133, 13909
0.20604372024536133, 13908
0.2070446014404297, 13907
0.2070446014404297, 13906
0.2070446014404297, 13905
0.2070446014404297, 13904
0.2070446014404297, 13903
0.2070446014404297, 13902
0.2070446014404297, 13901
0.2070446014404297, 13900
0.2070446014404297, 13899
0.2070446014404297, 13898
0.2070446014404297, 13897
0.2070446014404297, 13896
0.2070446014404297, 13895
0.2070446014404297, 13894
0.2070446014404297, 13893
0.20810604095458984, 13892
0.20810604095458984, 13891
0.20810604095458984, 13890
0.20810604095458984, 13889
0.20810604095458984, 13888
0.20810604095458984, 13887
0.20810604095458984, 13886
0.20810604095458984, 13885
0.20810604095458984, 13884
0.20810604095458984, 13883
0.20810604095458984, 13882
0.20810604095458984, 13881
0.20810604095458984, 13880
0.20810604095458984, 13879
0.2090449333190918, 13878
0.2090449333190918, 13877
0.2090449333190918, 13876
0.2090449333190918, 13875
0.2090449333190918, 13874
0.2090449333190918, 13873
0.2090449333190918, 13872
0.2090449333190918, 13871
0.2090449333190918, 13870
0.2090449333190918, 13869
0.2090449333190918, 13868
0.2090449333190918, 13867
0.2090449333190918, 13866
0.2090449333190918, 13865
0.2090449333190918, 13864
0.2090449333190918, 13863
0.21004390716552734, 13862
0.21004390716552734, 13861
0.21004390716552734, 13860
0.21004390716552734, 13859
0.21004390716552734, 13858
0.21004390716552734, 13857
0.21004390716552734, 13856
0.21004390716552734, 13855
0.21004390716552734, 13854
0.21004390716552734, 13853
0.21004390716552734, 13852
0.21004390716552734, 13851
0.21004390716552734, 13850
0.21004390716552734, 13849
0.21004390716552734, 13848
0.21004390716552734, 13847
0.2110435962677002, 13846
0.2110435962677002, 13845
0.2110435962677002, 13844
0.2110435962677002, 13843
0.2110435962677002, 13842
0.2110435962677002, 13841
0.2110435962677002, 13840
0.2110435962677002, 13839
0.2110435962677002, 13838
0.2110435962677002, 13837
0.2110435962677002, 13836
0.2110435962677002, 13835
0.2110435962677002, 13834
0.2110435962677002, 13833
0.2110435962677002, 13832
0.21204376220703125, 13831
0.21204376220703125, 13830
0.21204376220703125, 13829
0.21204376220703125, 13828
0.21204376220703125, 13827
0.21204376220703125, 13826
0.21204376220703125, 13825
0.21204376220703125, 13824
0.21204376220703125, 13823
0.21204376220703125, 13822
0.21204376220703125, 13821
0.21204376220703125, 13820
0.21204376220703125, 13819
0.21204376220703125, 13818
0.21204376220703125, 13817
0.21204376220703125, 13816
0.2130441665649414, 13815
0.2130441665649414, 13814
0.2130441665649414, 13813
0.2130441665649414, 13812
0.2130441665649414, 13811
0.2130441665649414, 13810
0.2130441665649414, 13809
0.2130441665649414, 13808
0.2130441665649414, 13807
0.2130441665649414, 13806
0.2130441665649414, 13805
0.2130441665649414, 13804
0.2130441665649414, 13803
0.2130441665649414, 13802
0.2130441665649414, 13801
0.21404385566711426, 13800
0.21404385566711426, 13799
0.21404385566711426, 13798
0.21404385566711426, 13797
0.21404385566711426, 13796
0.21404385566711426, 13795
0.21404385566711426, 13794
0.21404385566711426, 13793
0.21404385566711426, 13792
0.21404385566711426, 13791
0.21404385566711426, 13790
0.21504449844360352, 13789
0.21504449844360352, 13788
0.21504449844360352, 13787
0.21504449844360352, 13786
0.21504449844360352, 13785
0.21504449844360352, 13784
0.21504449844360352, 13783
0.21504449844360352, 13782
0.21504449844360352, 13781
0.21504449844360352, 13780
0.21504449844360352, 13779
0.21504449844360352, 13778
0.21604347229003906, 13777
0.21604347229003906, 13776
0.21604347229003906, 13775
0.21604347229003906, 13774
0.21604347229003906, 13773
0.2164905071258545, 13772
0.2164905071258545, 13771
0.2164905071258545, 13770
0.2164905071258545, 13769
0.2164905071258545, 13768
0.2164905071258545, 13767
0.2164905071258545, 13766
0.21704387664794922, 13765
0.21704387664794922, 13764
0.21704387664794922, 13763
0.21704387664794922, 13762
0.21704387664794922, 13761
0.21704387664794922, 13760
0.21704387664794922, 13759
0.21704387664794922, 13758
0.21704387664794922, 13757
0.21704387664794922, 13756
0.21704387664794922, 13755
0.21704387664794922, 13754
0.21804356575012207, 13753
0.21804356575012207, 13752
0.21804356575012207, 13751
0.21804356575012207, 13750
0.21804356575012207, 13749
0.21804356575012207, 13748
0.21804356575012207, 13747
0.21804356575012207, 13746
0.21804356575012207, 13745
0.21804356575012207, 13744
0.21804356575012207, 13743
0.21804356575012207, 13742
0.21904349327087402, 13741
0.21904349327087402, 13740
0.21904349327087402, 13739
0.21904349327087402, 13738
0.21904349327087402, 13737
0.21904349327087402, 13736
0.21904349327087402, 13735
0.21904349327087402, 13734
0.21904349327087402, 13733
0.7707414627075195, 13732
0.7707414627075195, 13731
0.7707414627075195, 13730
0.7707414627075195, 13729
0.7707414627075195, 13728
0.7707414627075195, 13727
0.7707414627075195, 13726
0.7707414627075195, 13725
0.7707414627075195, 13724
0.7717411518096924, 13723
0.7717411518096924, 13722
0.7717411518096924, 13721
0.7717411518096924, 13720
0.7717411518096924, 13719
0.7717411518096924, 13718
0.7717411518096924, 13717
0.7717411518096924, 13716
0.7717411518096924, 13715
0.7717411518096924, 13714
0.7717411518096924, 13713
0.7727410793304443, 13712
0.7727410793304443, 13711
0.7727410793304443, 13710
0.7727410793304443, 13709
0.7727410793304443, 13708
0.7727410793304443, 13707
0.7727410793304443, 13706
0.7727410793304443, 13705
0.7727410793304443, 13704
0.7727410793304443, 13703
0.7727410793304443, 13702
0.7727410793304443, 13701
0.7737412452697754, 13700
0.7737412452697754, 13699
0.7737412452697754, 13698
0.7737412452697754, 13697
0.7737412452697754, 13696
0.7737412452697754, 13695
0.7737412452697754, 13694
0.7737412452697754, 13693
0.7737412452697754, 13692
0.7737412452697754, 13691
0.7737412452697754, 13690
0.7747411727905273, 13689
0.7747411727905273, 13688
0.7747411727905273, 13687
0.7747411727905273, 13686
0.7747411727905273, 13685
0.7747411727905273, 13684
0.7747411727905273, 13683
0.7747411727905273, 13682
0.7747411727905273, 13681
0.7747411727905273, 13680
0.7757411003112793, 13679
0.7757411003112793, 13678
0.7757411003112793, 13677
0.7757411003112793, 13676
0.7761237621307373, 13675
0.7761237621307373, 13674
0.7761237621307373, 13673
0.7761237621307373, 13672
0.7761237621307373, 13671
0.7767412662506104, 13670
0.7767412662506104, 13669
0.7767412662506104, 13668
0.7767412662506104, 13667
0.7767412662506104, 13666
0.7767412662506104, 13665
0.7767412662506104, 13664
0.7767412662506104, 13663
0.7767412662506104, 13662
0.7767412662506104, 13661
0.7777411937713623, 13660
0.7777411937713623, 13659
0.7777411937713623, 13658
0.7777411937713623, 13657
0.7777411937713623, 13656
0.7782540321350098, 13655
0.7782540321350098, 13654
0.7782540321350098, 13653
0.7782540321350098, 13652
0.7782540321350098, 13651
0.778775691986084, 13650
0.778775691986084, 13649
0.778775691986084, 13648
0.778775691986084, 13647
0.778775691986084, 13646
0.778775691986084, 13645
0.778775691986084, 13644
0.778775691986084, 13643
0.778775691986084, 13642
0.7797813415527344, 13641
0.7797813415527344, 13640
0.779958963394165, 13639
0.779958963394165, 13638
0.779958963394165, 13637
0.779958963394165, 13636
0.779958963394165, 13635
0.779958963394165, 13634
0.779958963394165, 13633
0.779958963394165, 13632
0.779958963394165, 13631
0.779958963394165, 13630
0.779958963394165, 13629
0.7809634208679199, 13628
0.7809634208679199, 13627
0.7809634208679199, 13626
1.5584890842437744, 13625
1.5591270923614502, 13624
1.5591270923614502, 13623
1.5591270923614502, 13622
1.5591270923614502, 13621
1.5591270923614502, 13620
1.5591270923614502, 13619
1.5591270923614502, 13618
1.5591270923614502, 13617
1.5591270923614502, 13616
1.5591270923614502, 13615
1.5601284503936768, 13614
1.5601284503936768, 13613
1.5601284503936768, 13612
1.5601284503936768, 13611
1.5601284503936768, 13610
1.5601284503936768, 13609
1.5601284503936768, 13608
1.5601284503936768, 13607
1.5601284503936768, 13606
1.5601284503936768, 13605
1.5601284503936768, 13604
1.5611281394958496, 13603
1.5611281394958496, 13602
1.5611281394958496, 13601
1.5611281394958496, 13600
1.5611281394958496, 13599
1.5611281394958496, 13598
1.5611281394958496, 13597
1.5611281394958496, 13596
1.5611281394958496, 13595
1.5611281394958496, 13594
1.5611281394958496, 13593
2.1410977840423584, 13592
2.1410977840423584, 13591
2.1410977840423584, 13590
2.1420981884002686, 13589
2.1420981884002686, 13588
2.1420981884002686, 13587
2.1420981884002686, 13586
2.1420981884002686, 13585
2.1420981884002686, 13584
2.1420981884002686, 13583
2.1420981884002686, 13582
2.1420981884002686, 13581
2.1420981884002686, 13580
2.1420981884002686, 13579
2.1430985927581787, 13578
2.1430985927581787, 13577
2.1430985927581787, 13576
2.1430985927581787, 13575
2.1430985927581787, 13574
2.1430985927581787, 13573
2.1434898376464844, 13572
2.7030551433563232, 13571
2.7030551433563232, 13570
2.7040555477142334, 13569
2.7040555477142334, 13568
2.7040555477142334, 13567
2.7040555477142334, 13566
2.7040555477142334, 13565
2.7040555477142334, 13564
2.7040555477142334, 13563
2.7040555477142334, 13562
2.7040555477142334, 13561
2.7040555477142334, 13560
2.7040555477142334, 13559
2.7040555477142334, 13558
2.7040555477142334, 13557
2.705054759979248, 13556
2.705054759979248, 13555
2.705054759979248, 13554
2.705054759979248, 13553
2.705054759979248, 13552
2.705054759979248, 13551
2.705054759979248, 13550
2.705054759979248, 13549
2.705054759979248, 13548
2.705054759979248, 13547
2.705054759979248, 13546
2.705054759979248, 13545
2.705054759979248, 13544
2.705054759979248, 13543
2.7060558795928955, 13542
2.7060558795928955, 13541
2.7060558795928955, 13540
2.7060558795928955, 13539
2.7060558795928955, 13538
2.7060558795928955, 13537
2.7060558795928955, 13536
2.7060558795928955, 13535
2.7060558795928955, 13534
2.7060558795928955, 13533
2.7060558795928955, 13532
2.7060558795928955, 13531
2.7060558795928955, 13530
2.7060558795928955, 13529
2.7060558795928955, 13528
2.7070558071136475, 13527
2.7070558071136475, 13526
2.7070558071136475, 13525
2.7070558071136475, 13524
2.7070558071136475, 13523
2.7070558071136475, 13522
2.7070558071136475, 13521
2.7070558071136475, 13520
2.7070558071136475, 13519
2.7070558071136475, 13518
2.7070558071136475, 13517
2.7070558071136475, 13516
2.7070558071136475, 13515
2.7070558071136475, 13514
2.708055257797241, 13513
2.708055257797241, 13512
2.708055257797241, 13511
2.708055257797241, 13510
2.708055257797241, 13509
2.708055257797241, 13508
2.708055257797241, 13507
2.708055257797241, 13506
2.708055257797241, 13505
2.708055257797241, 13504
2.708055257797241, 13503
2.708055257797241, 13502
2.708055257797241, 13501
2.708055257797241, 13500
2.708055257797241, 13499
2.709057092666626, 13498
2.709057092666626, 13497
2.709057092666626, 13496
2.709057092666626, 13495
2.709057092666626, 13494
2.709057092666626, 13493
2.709057092666626, 13492
2.709057092666626, 13491
2.709057092666626, 13490
2.7096800804138184, 13489
2.7096800804138184, 13488
2.7096800804138184, 13487
2.7096800804138184, 13486
2.7096800804138184, 13485
2.710054874420166, 13484
2.710054874420166, 13483
2.710054874420166, 13482
2.710054874420166, 13481
2.710054874420166, 13480
2.710054874420166, 13479
2.710054874420166, 13478
2.710515260696411, 13477
2.710515260696411, 13476
2.710515260696411, 13475
2.710515260696411, 13474
2.710515260696411, 13473
2.710515260696411, 13472
2.710515260696411, 13471
2.711055278778076, 13470
2.711055278778076, 13469
2.711055278778076, 13468
2.711055278778076, 13467
2.711055278778076, 13466
2.711055278778076, 13465
2.711055278778076, 13464
2.711055278778076, 13463
2.711055278778076, 13462
2.711055278778076, 13461
2.711055278778076, 13460
2.711055278778076, 13459
2.711055278778076, 13458
2.711055278778076, 13457
2.711055278778076, 13456
2.7120542526245117, 13455
2.7120542526245117, 13454
2.7120542526245117, 13453
2.7120542526245117, 13452
2.7120542526245117, 13451
2.7120542526245117, 13450
2.7120542526245117, 13449
2.7120542526245117, 13448
2.7120542526245117, 13447
2.7120542526245117, 13446
2.7120542526245117, 13445
2.7120542526245117, 13444
2.7120542526245117, 13443
2.7120542526245117, 13442
2.7120542526245117, 13441
2.7130796909332275, 13440
2.7130796909332275, 13439
2.7130796909332275, 13438
2.7130796909332275, 13437
2.7130796909332275, 13436
2.7130796909332275, 13435
2.7130796909332275, 13434
2.7130796909332275, 13433
2.7130796909332275, 13432
2.7130796909332275, 13431
2.7130796909332275, 13430
2.7130796909332275, 13429
2.7130796909332275, 13428
2.7140793800354004, 13427
2.7140793800354004, 13426
2.7140793800354004, 13425
2.7140793800354004, 13424
2.7140793800354004, 13423
2.7140793800354004, 13422
2.7140793800354004, 13421
2.7140793800354004, 13420
2.7140793800354004, 13419
2.7140793800354004, 13418
2.7140793800354004, 13417
2.7140793800354004, 13416
2.7140793800354004, 13415
2.7140793800354004, 13414
2.715078830718994, 13413
2.715156316757202, 13412
2.715156316757202, 13411
2.715156316757202, 13410
2.715156316757202, 13409
2.715156316757202, 13408
3.978842258453369, 10187
3.978842258453369, 10186
3.978842258453369, 10185
3.978842258453369, 10184
3.978842258453369, 10183
3.978842258453369, 10182
3.978842258453369, 10181
3.978842258453369, 10180
3.978842258453369, 10179
3.9798424243927, 10178
3.9798424243927, 10177
3.9798424243927, 10176
3.9798424243927, 10175
3.9798424243927, 10174
3.9798424243927, 10173
3.9798424243927, 10172
3.9798424243927, 10171
3.9798424243927, 10170
3.9798424243927, 10169
3.9798424243927, 10168
3.9798424243927, 10167
3.9798424243927, 10166
3.9798424243927, 10165
3.980842113494873, 10164
3.980842113494873, 10163
3.980842113494873, 10162
3.980842113494873, 10161
3.980842113494873, 10160
3.980842113494873, 10159
3.980842113494873, 10158
3.980842113494873, 10157
3.980842113494873, 10156
3.980842113494873, 10155
3.980842113494873, 10154
3.980842113494873, 10153
3.980842113494873, 10152
3.981841802597046, 10151
3.981841802597046, 10150
3.981841802597046, 10149
3.981841802597046, 10148
3.981841802597046, 10147
3.981841802597046, 10146
3.981841802597046, 10145
3.981841802597046, 10144
3.981841802597046, 10143
3.981841802597046, 10142
3.981841802597046, 10141
3.981841802597046, 10140
3.981841802597046, 10139
3.982875347137451, 10138
3.982875347137451, 10137
3.982875347137451, 10136
3.982875347137451, 10135
3.982875347137451, 10134
3.982875347137451, 10133
3.982875347137451, 10132
3.982875347137451, 10131
3.982875347137451, 10130
3.982875347137451, 10129
3.982875347137451, 10128
3.982875347137451, 10127
3.982875347137451, 10126
3.982875347137451, 10125
3.983875036239624, 10124
3.983875036239624, 10123
3.983875036239624, 10122
3.983875036239624, 10121
3.983875036239624, 10120
3.983875036239624, 10119
3.983875036239624, 10118
3.983875036239624, 10117
3.983875036239624, 10116
3.983875036239624, 10115
3.983875036239624, 10114
3.983875036239624, 10113
3.983875036239624, 10112
3.983875036239624, 10111
3.984874963760376, 10110
3.984874963760376, 10109
3.984874963760376, 10108
3.984874963760376, 10107
3.984874963760376, 10106
3.984874963760376, 10105
3.984874963760376, 10104
3.984874963760376, 10103
3.984874963760376, 10102
3.984874963760376, 10101
3.984874963760376, 10100
3.984874963760376, 10099
3.984874963760376, 10098
3.984874963760376, 10097
3.985875129699707, 10096
3.985875129699707, 10095
3.985875129699707, 10094
3.985875129699707, 10093
3.985875129699707, 10092
3.985875129699707, 10091
3.985875129699707, 10090
3.985875129699707, 10089
3.985875129699707, 10088
3.985875129699707, 10087
3.985875129699707, 10086
3.985875129699707, 10085
3.985875129699707, 10084
3.985875129699707, 10083
3.986875057220459, 10082
3.986875057220459, 10081
3.9870688915252686, 10080
3.9870688915252686, 10079
3.9870688915252686, 10078
3.9870688915252686, 10077
3.9870688915252686, 10076
3.9870688915252686, 10075
3.9870688915252686, 10074
3.9870688915252686, 10073
3.9870688915252686, 10072
3.9870688915252686, 10071
3.9870688915252686, 10070
3.987874984741211, 10069
3.987874984741211, 10068
3.987874984741211, 10067
3.987874984741211, 10066
3.987874984741211, 10065
3.987874984741211, 10064
3.987874984741211, 10063
3.987874984741211, 10062
3.987874984741211, 10061
3.987874984741211, 10060
3.987874984741211, 10059
3.987874984741211, 10058
3.987874984741211, 10057
3.987874984741211, 10056
3.988874912261963, 10055
3.988874912261963, 10054
3.988874912261963, 10053
3.988874912261963, 10052
3.988874912261963, 10051
3.988874912261963, 10050
3.988874912261963, 10049
3.988874912261963, 10048
3.988874912261963, 10047
3.988874912261963, 10046
3.988874912261963, 10045
3.988874912261963, 10044
3.988874912261963, 10043
3.988874912261963, 10042
3.988874912261963, 10041
3.989874839782715, 10040
3.989874839782715, 10039
3.989874839782715, 10038
3.989874839782715, 10037
3.989874839782715, 10036
3.989874839782715, 10035
3.989874839782715, 10034
3.989874839782715, 10033
3.989874839782715, 10032
3.989874839782715, 10031
3.989874839782715, 10030
3.989874839782715, 10029
3.989874839782715, 10028
3.989874839782715, 10027
3.990874767303467, 10026
3.990874767303467, 10025
3.990874767303467, 10024
3.990874767303467, 10023
3.990874767303467, 10022
3.990874767303467, 10021
3.990874767303467, 10020
3.990874767303467, 10019
3.990874767303467, 10018
3.990874767303467, 10017
3.990874767303467, 10016
3.990874767303467, 10015
3.990874767303467, 10014
3.991874933242798, 10013
3.991874933242798, 10012
3.991874933242798, 10011
3.991874933242798, 10010
3.991874933242798, 10009
3.991874933242798, 10008
3.991874933242798, 10007
3.991874933242798, 10006
3.991874933242798, 10005
3.991874933242798, 10004
3.991874933242798, 10003
3.991874933242798, 10002
3.991874933242798, 10001
3.991874933242798, 10000
3.9929096698760986, 9999
3.9929096698760986, 9998
3.9929096698760986, 9997
3.9929096698760986, 9996
3.9929096698760986, 9995
3.9929096698760986, 9994
3.9929096698760986, 9993
3.9929096698760986, 9992
3.9929096698760986, 9991
3.9939124584198, 9990
3.9939124584198, 9989
3.9939124584198, 9988
3.9939124584198, 9987
3.9939124584198, 9986
3.9939124584198, 9985
3.9939124584198, 9984
3.9939124584198, 9983
3.9939124584198, 9982
3.9939124584198, 9981
3.9939124584198, 9980
3.9939124584198, 9979
3.9939124584198, 9978
3.9949142932891846, 9977
3.9949142932891846, 9976
3.9949142932891846, 9975
3.9949142932891846, 9974
3.9949142932891846, 9973
3.995290994644165, 9972
3.995290994644165, 9971
3.995290994644165, 9970
3.995290994644165, 9969
3.995290994644165, 9968
3.995290994644165, 9967
3.995290994644165, 9966
3.995290994644165, 9965
3.995290994644165, 9964
3.995910882949829, 9963
3.995910882949829, 9962
3.995910882949829, 9961
3.995910882949829, 9960
3.995910882949829, 9959
3.995910882949829, 9958
3.995910882949829, 9957
3.995910882949829, 9956
3.995910882949829, 9955
3.995910882949829, 9954
3.995910882949829, 9953
3.995910882949829, 9952
3.995910882949829, 9951
3.99691104888916, 9950
3.99691104888916, 9949
3.99691104888916, 9948
3.99691104888916, 9947
3.99691104888916, 9946
3.99691104888916, 9945
3.99691104888916, 9944
3.99691104888916, 9943
3.99691104888916, 9942
3.99691104888916, 9941
3.99691104888916, 9940
3.99691104888916, 9939
3.99691104888916, 9938
3.99691104888916, 9937
3.997910261154175, 9936
3.997910261154175, 9935
3.997910261154175, 9934
3.997910261154175, 9933
3.997910261154175, 9932
3.997910261154175, 9931
3.997910261154175, 9930
3.997910261154175, 9929
3.997910261154175, 9928
3.997910261154175, 9927
3.997910261154175, 9926
3.997910261154175, 9925
3.997910261154175, 9924
3.997910261154175, 9923
3.998911142349243, 9922
3.998911142349243, 9921
3.998911142349243, 9920
3.998911142349243, 9919
3.998911142349243, 9918
3.998911142349243, 9917
3.998911142349243, 9916
3.998911142349243, 9915
3.998911142349243, 9914
3.998911142349243, 9913
3.998911142349243, 9912
3.998911142349243, 9911
3.998911142349243, 9910
3.999910831451416, 9909
3.999910831451416, 9908
3.999910831451416, 9907
3.999910831451416, 9906
3.999910831451416, 9905
3.999910831451416, 9904
3.999910831451416, 9903
3.999910831451416, 9902
3.999910831451416, 9901
3.999910831451416, 9900
3.999910831451416, 9899
3.999910831451416, 9898
3.999910831451416, 9897
3.999910831451416, 9896
4.000911712646484, 9895
4.000911712646484, 9894
4.000911712646484, 9893
4.000911712646484, 9892
4.000911712646484, 9891
4.001306533813477, 9890
4.001306533813477, 9889
4.001306533813477, 9888
4.001306533813477, 9887
4.001306533813477, 9886
4.001306533813477, 9885
4.001306533813477, 9884
4.001814365386963, 9883
4.001814365386963, 9882
4.001814365386963, 9881
4.001814365386963, 9880
4.001814365386963, 9879
4.001814365386963, 9878
4.001814365386963, 9877
4.001814365386963, 9876
4.001814365386963, 9875
4.001814365386963, 9874
4.001814365386963, 9873
4.001814365386963, 9872
4.001814365386963, 9871
4.001814365386963, 9870
4.0028228759765625, 9869
4.0028228759765625, 9868
4.0028228759765625, 9867
4.0028228759765625, 9866
4.0028228759765625, 9865
4.0028228759765625, 9864
4.0028228759765625, 9863
4.0028228759765625, 9862
4.0028228759765625, 9861
4.0028228759765625, 9860
4.0028228759765625, 9859
4.0028228759765625, 9858
4.0028228759765625, 9857
4.003823757171631, 9856
4.003823757171631, 9855
4.003823757171631, 9854
4.003823757171631, 9853
4.003823757171631, 9852
4.003823757171631, 9851
4.003823757171631, 9850
4.003823757171631, 9849
4.003823757171631, 9848
4.003823757171631, 9847
4.003823757171631, 9846
4.003823757171631, 9845
4.003823757171631, 9844
4.003823757171631, 9843
4.004822015762329, 9842
4.004822015762329, 9841
4.004822015762329, 9840
4.004822015762329, 9839
4.004822015762329, 9838
4.004822015762329, 9837
4.004822015762329, 9836
4.004822015762329, 9835
4.004822015762329, 9834
4.004822015762329, 9833
