0.18198847770690918, 14064
0.18198847770690918, 14063
0.18198847770690918, 14062
0.18198847770690918, 14061
0.18198847770690918, 14060
0.18198847770690918, 14059
0.18198847770690918, 14058
0.18198847770690918, 14057
0.18198847770690918, 14056
0.18198847770690918, 14055
0.18198847770690918, 14054
0.18198847770690918, 14053
0.18198847770690918, 14052
0.18198847770690918, 14051
0.18198847770690918, 14050
0.18198847770690918, 14049
0.18298768997192383, 14048
0.18298768997192383, 14047
0.18298768997192383, 14046
0.18298768997192383, 14045
0.18298768997192383, 14044
0.18298768997192383, 14043
0.18298768997192383, 14042
0.18298768997192383, 14041
0.18298768997192383, 14040
0.18298768997192383, 14039
0.18298768997192383, 14038
0.18298768997192383, 14037
0.18298768997192383, 14036
0.18298768997192383, 14035
0.18298768997192383, 14034
0.18398737907409668, 14033
0.18398737907409668, 14032
0.18398737907409668, 14031
0.18398737907409668, 14030
0.18398737907409668, 14029
0.18398737907409668, 14028
0.18398737907409668, 14027
0.18398737907409668, 14026
0.18398737907409668, 14025
0.18398737907409668, 14024
0.18398737907409668, 14023
0.18398737907409668, 14022
0.18398737907409668, 14021
0.18398737907409668, 14020
0.18398737907409668, 14019
0.18398737907409668, 14018
0.18498849868774414, 14017
0.18498849868774414, 14016
0.18498849868774414, 14015
0.18498849868774414, 14014
0.18498849868774414, 14013
0.18498849868774414, 14012
0.18498849868774414, 14011
0.18498849868774414, 14010
0.18498849868774414, 14009
0.18498849868774414, 14008
0.18498849868774414, 14007
0.18498849868774414, 14006
0.18498849868774414, 14005
0.18498849868774414, 14004
0.1859879493713379, 14003
0.1859879493713379, 14002
0.1859879493713379, 14001
0.1859879493713379, 14000
0.1859879493713379, 13999
0.1859879493713379, 13998
0.1859879493713379, 13997
0.1859879493713379, 13996
0.1859879493713379, 13995
0.1859879493713379, 13994
0.1859879493713379, 13993
0.1859879493713379, 13992
0.1859879493713379, 13991
0.1859879493713379, 13990
0.18683409690856934, 13989
0.18683409690856934, 13988
0.18699073791503906, 13987
0.18699073791503906, 13986
0.18699073791503906, 13985
0.18699073791503906, 13984
0.18699073791503906, 13983
0.18699073791503906, 13982
0.18699073791503906, 13981
0.18699073791503906, 13980
0.18699073791503906, 13979
0.18699073791503906, 13978
0.18699073791503906, 13977
0.18699073791503906, 13976
0.18699073791503906, 13975
0.18699073791503906, 13974
0.18699073791503906, 13973
0.18699073791503906, 13972
0.1879887580871582, 13971
0.1879887580871582, 13970
0.1879887580871582, 13969
0.1879887580871582, 13968
0.1879887580871582, 13967
0.1879887580871582, 13966
0.1879887580871582, 13965
0.1879887580871582, 13964
0.1879887580871582, 13963
0.1879887580871582, 13962
0.1879887580871582, 13961
0.1879887580871582, 13960
0.1879887580871582, 13959
0.1879887580871582, 13958
0.1879887580871582, 13957
0.18898773193359375, 13956
0.18898773193359375, 13955
0.18898773193359375, 13954
0.18898773193359375, 13953
0.18898773193359375, 13952
0.18898773193359375, 13951
0.18898773193359375, 13950
0.18898773193359375, 13949
0.18898773193359375, 13948
0.18898773193359375, 13947
0.18898773193359375, 13946
0.18898773193359375, 13945
0.18898773193359375, 13944
0.18898773193359375, 13943
0.18898773193359375, 13942
0.18898773193359375, 13941
0.189988374710083, 13940
0.189988374710083, 13939
0.189988374710083, 13938
0.189988374710083, 13937
0.189988374710083, 13936
0.189988374710083, 13935
0.189988374710083, 13934
0.189988374710083, 13933
0.189988374710083, 13932
0.189988374710083, 13931
0.189988374710083, 13930
0.189988374710083, 13929
0.189988374710083, 13928
0.189988374710083, 13927
0.189988374710083, 13926
0.189988374710083, 13925
0.19098806381225586, 13924
0.19098806381225586, 13923
0.19098806381225586, 13922
0.19098806381225586, 13921
0.19098806381225586, 13920
0.19098806381225586, 13919
0.19098806381225586, 13918
0.19098806381225586, 13917
0.19098806381225586, 13916
0.19098806381225586, 13915
0.19098806381225586, 13914
0.19098806381225586, 13913
0.19098806381225586, 13912
0.19098806381225586, 13911
0.19098806381225586, 13910
0.1919877529144287, 13909
0.1919877529144287, 13908
0.1919877529144287, 13907
0.1919877529144287, 13906
0.1919877529144287, 13905
0.1919877529144287, 13904
0.1919877529144287, 13903
0.1919877529144287, 13902
0.1919877529144287, 13901
0.1919877529144287, 13900
0.1919877529144287, 13899
0.1919877529144287, 13898
0.1919877529144287, 13897
0.1919877529144287, 13896
0.1919877529144287, 13895
0.1919877529144287, 13894
0.19298744201660156, 13893
0.19298744201660156, 13892
0.19298744201660156, 13891
0.19298744201660156, 13890
0.19298744201660156, 13889
0.19298744201660156, 13888
0.19298744201660156, 13887
0.19298744201660156, 13886
0.19298744201660156, 13885
0.19298744201660156, 13884
0.19298744201660156, 13883
0.19298744201660156, 13882
0.19298744201660156, 13881
0.19298744201660156, 13880
0.19298744201660156, 13879
0.19398808479309082, 13878
0.19398808479309082, 13877
0.19398808479309082, 13876
0.19398808479309082, 13875
0.19398808479309082, 13874
0.19398808479309082, 13873
0.19398808479309082, 13872
0.19398808479309082, 13871
0.19398808479309082, 13870
0.19398808479309082, 13869
0.19398808479309082, 13868
0.19398808479309082, 13867
0.19398808479309082, 13866
0.19398808479309082, 13865
0.19398808479309082, 13864
0.19398808479309082, 13863
0.19505953788757324, 13862
0.19505953788757324, 13861
0.19505953788757324, 13860
0.19505953788757324, 13859
0.19505953788757324, 13858
0.19505953788757324, 13857
0.19505953788757324, 13856
0.19505953788757324, 13855
0.19505953788757324, 13854
0.19505953788757324, 13853
0.19505953788757324, 13852
0.19598960876464844, 13851
0.19598960876464844, 13850
0.19598960876464844, 13849
0.19598960876464844, 13848
0.19598960876464844, 13847
0.19598960876464844, 13846
0.19598960876464844, 13845
0.19598960876464844, 13844
0.19598960876464844, 13843
0.19598960876464844, 13842
0.19598960876464844, 13841
0.19598960876464844, 13840
0.19598960876464844, 13839
0.19698858261108398, 13838
0.19698858261108398, 13837
0.19698858261108398, 13836
0.19698858261108398, 13835
0.19698858261108398, 13834
0.19698858261108398, 13833
0.19698858261108398, 13832
0.19698858261108398, 13831
0.19698858261108398, 13830
0.19698858261108398, 13829
0.19698858261108398, 13828
0.37273073196411133, 13827
0.3737304210662842, 13826
0.3737304210662842, 13825
0.3737304210662842, 13824
0.3737304210662842, 13823
0.3737304210662842, 13822
0.3737304210662842, 13821
0.3737304210662842, 13820
0.3737304210662842, 13819
0.3737304210662842, 13818
0.3737304210662842, 13817
0.3737304210662842, 13816
0.3737304210662842, 13815
0.3737304210662842, 13814
0.3737304210662842, 13813
0.3737304210662842, 13812
0.37473034858703613, 13811
0.37473034858703613, 13810
0.37473034858703613, 13809
0.37473034858703613, 13808
0.37473034858703613, 13807
0.37473034858703613, 13806
0.37473034858703613, 13805
0.37473034858703613, 13804
0.37473034858703613, 13803
0.37473034858703613, 13802
0.37473034858703613, 13801
0.37473034858703613, 13800
0.37473034858703613, 13799
0.37473034858703613, 13798
0.37473034858703613, 13797
0.3757305145263672, 13796
0.3757305145263672, 13795
0.3757305145263672, 13794
0.3757305145263672, 13793
0.3757305145263672, 13792
0.3757305145263672, 13791
0.3757305145263672, 13790
0.3757305145263672, 13789
0.3757305145263672, 13788
0.3757305145263672, 13787
0.3757305145263672, 13786
0.3757305145263672, 13785
0.3757305145263672, 13784
0.3757305145263672, 13783
0.3757305145263672, 13782
0.37673020362854004, 13781
0.37673020362854004, 13780
0.37673020362854004, 13779
0.37673020362854004, 13778
0.37673020362854004, 13777
0.37673020362854004, 13776
0.37673020362854004, 13775
0.37673020362854004, 13774
0.37673020362854004, 13773
0.37673020362854004, 13772
0.37673020362854004, 13771
0.37673020362854004, 13770
0.37673020362854004, 13769
0.37673020362854004, 13768
0.37673020362854004, 13767
0.37673020362854004, 13766
0.377730131149292, 13765
0.377730131149292, 13764
0.377730131149292, 13763
0.377730131149292, 13762
0.377730131149292, 13761
0.377730131149292, 13760
0.377730131149292, 13759
0.377730131149292, 13758
0.377730131149292, 13757
0.377730131149292, 13756
0.377730131149292, 13755
0.377730131149292, 13754
0.377730131149292, 13753
0.377730131149292, 13752
0.37873029708862305, 13751
0.37873029708862305, 13750
0.37873029708862305, 13749
0.37873029708862305, 13748
0.37873029708862305, 13747
0.37873029708862305, 13746
0.37873029708862305, 13745
0.37873029708862305, 13744
0.37873029708862305, 13743
0.37873029708862305, 13742
0.37873029708862305, 13741
0.37873029708862305, 13740
0.37873029708862305, 13739
0.37873029708862305, 13738
0.37873029708862305, 13737
0.379730224609375, 13736
0.379730224609375, 13735
0.379730224609375, 13734
0.379730224609375, 13733
0.379730224609375, 13732
0.379730224609375, 13731
0.379730224609375, 13730
0.379730224609375, 13729
0.379730224609375, 13728
0.379730224609375, 13727
0.379730224609375, 13726
0.379730224609375, 13725
0.379730224609375, 13724
0.379730224609375, 13723
0.379730224609375, 13722
0.38073015213012695, 13721
0.38073015213012695, 13720
0.38073015213012695, 13719
0.38073015213012695, 13718
0.38073015213012695, 13717
0.38073015213012695, 13716
0.38073015213012695, 13715
0.38073015213012695, 13714
0.38073015213012695, 13713
0.38073015213012695, 13712
0.38073015213012695, 13711
0.38073015213012695, 13710
0.38073015213012695, 13709
0.38073015213012695, 13708
0.381730318069458, 13707
0.381730318069458, 13706
0.381730318069458, 13705
0.381730318069458, 13704
0.381730318069458, 13703
0.381730318069458, 13702
0.381730318069458, 13701
0.381730318069458, 13700
0.381730318069458, 13699
0.381730318069458, 13698
0.381730318069458, 13697
0.381730318069458, 13696
0.381730318069458, 13695
0.381730318069458, 13694
0.38273024559020996, 13693
0.38273024559020996, 13692
0.38273024559020996, 13691
0.38273024559020996, 13690
0.38273024559020996, 13689
0.38273024559020996, 13688
0.38273024559020996, 13687
0.38273024559020996, 13686
0.38273024559020996, 13685
0.38273024559020996, 13684
0.3833646774291992, 13683
0.3833646774291992, 13682
0.3833646774291992, 13681
0.3833646774291992, 13680
0.3833646774291992, 13679
0.3837301731109619, 13678
0.3837301731109619, 13677
0.3837301731109619, 13676
0.3837301731109619, 13675
0.3837301731109619, 13674
0.3837301731109619, 13673
0.3837301731109619, 13672
0.3837301731109619, 13671
0.3837301731109619, 13670
0.3837301731109619, 13669
0.3837301731109619, 13668
0.3837301731109619, 13667
0.3837301731109619, 13666
0.3837301731109619, 13665
0.3837301731109619, 13664
0.38473010063171387, 13663
0.38473010063171387, 13662
0.38473010063171387, 13661
0.38473010063171387, 13660
0.38473010063171387, 13659
0.38473010063171387, 13658
0.38473010063171387, 13657
0.38473010063171387, 13656
0.38473010063171387, 13655
0.38473010063171387, 13654
0.38473010063171387, 13653
0.38473010063171387, 13652
0.38473010063171387, 13651
0.38573122024536133, 13650
0.38573122024536133, 13649
0.38573122024536133, 13648
0.38573122024536133, 13647
0.38573122024536133, 13646
0.38573122024536133, 13645
0.38573122024536133, 13644
0.38573122024536133, 13643
0.38573122024536133, 13642
0.38573122024536133, 13641
0.38573122024536133, 13640
0.38573122024536133, 13639
0.38573122024536133, 13638
0.38573122024536133, 13637
0.386730432510376, 13636
0.386730432510376, 13635
0.386730432510376, 13634
0.386730432510376, 13633
0.386730432510376, 13632
0.386730432510376, 13631
0.386730432510376, 13630
0.386730432510376, 13629
0.386730432510376, 13628
0.386730432510376, 13627
0.386730432510376, 13626
0.386730432510376, 13625
0.386730432510376, 13624
0.386730432510376, 13623
0.38773036003112793, 13622
0.38773036003112793, 13621
0.38773036003112793, 13620
0.38773036003112793, 13619
0.38773036003112793, 13618
0.38773036003112793, 13617
0.38773036003112793, 13616
0.38773036003112793, 13615
0.38773036003112793, 13614
0.38773036003112793, 13613
0.38773036003112793, 13612
0.38773036003112793, 13611
0.38773036003112793, 13610
0.38773036003112793, 13609
0.38773036003112793, 13608
0.388730525970459, 13607
0.388730525970459, 13606
0.388730525970459, 13605
0.388730525970459, 13604
0.388730525970459, 13603
0.388730525970459, 13602
0.388730525970459, 13601
0.388730525970459, 13600
0.388730525970459, 13599
0.388730525970459, 13598
0.388730525970459, 13597
0.388730525970459, 13596
0.388730525970459, 13595
0.388730525970459, 13594
0.38973045349121094, 13593
0.3897974491119385, 13592
0.3897974491119385, 13591
0.3897974491119385, 13590
0.3897974491119385, 13589
0.3897974491119385, 13588
0.3897974491119385, 13587
0.3897974491119385, 13586
0.3897974491119385, 13585
0.3897974491119385, 13584
0.3897974491119385, 13583
0.3897974491119385, 13582
0.3897974491119385, 13581
0.3897974491119385, 13580
0.3897974491119385, 13579
0.3907303810119629, 13578
0.3907303810119629, 13577
0.3907303810119629, 13576
0.3907303810119629, 13575
0.3907303810119629, 13574
0.3907303810119629, 13573
0.3907303810119629, 13572
0.3907303810119629, 13571
0.3907303810119629, 13570
0.3907303810119629, 13569
0.3907303810119629, 13568
0.3907303810119629, 13567
0.3907303810119629, 13566
0.3907303810119629, 13565
0.3907303810119629, 13564
0.39173030853271484, 13563
0.39173030853271484, 13562
0.39173030853271484, 13561
0.39173030853271484, 13560
0.39173030853271484, 13559
0.39173030853271484, 13558
0.39173030853271484, 13557
0.39173030853271484, 13556
0.39173030853271484, 13555
0.39173030853271484, 13554
0.39173030853271484, 13553
0.39173030853271484, 13552
0.39173030853271484, 13551
0.39173030853271484, 13550
0.3927302360534668, 13549
0.3927302360534668, 13548
0.3927302360534668, 13547
0.3927302360534668, 13546
0.3927302360534668, 13545
0.3927302360534668, 13544
0.3927302360534668, 13543
0.3927302360534668, 13542
0.3927302360534668, 13541
0.3927302360534668, 13540
0.3927302360534668, 13539
0.3927302360534668, 13538
0.3927302360534668, 13537
0.3927302360534668, 13536
0.39373016357421875, 13535
0.39373016357421875, 13534
0.39373016357421875, 13533
0.39373016357421875, 13532
0.39373016357421875, 13531
0.39373016357421875, 13530
0.39373016357421875, 13529
0.39373016357421875, 13528
0.39373016357421875, 13527
0.39373016357421875, 13526
0.39373016357421875, 13525
0.39373016357421875, 13524
0.39373016357421875, 13523
0.39373016357421875, 13522
0.3947305679321289, 13521
0.3947305679321289, 13520
0.3947305679321289, 13519
0.3947305679321289, 13518
0.3947305679321289, 13517
0.3947305679321289, 13516
0.3947305679321289, 13515
0.3947305679321289, 13514
0.3947305679321289, 13513
0.3947305679321289, 13512
0.3947305679321289, 13511
0.3947305679321289, 13510
0.3947305679321289, 13509
0.3947305679321289, 13508
0.3947305679321289, 13507
0.39573025703430176, 13506
0.39573025703430176, 13505
0.39573025703430176, 13504
0.39573025703430176, 13503
0.39573025703430176, 13502
0.39573025703430176, 13501
0.39573025703430176, 13500
0.39573025703430176, 13499
0.3963027000427246, 13498
0.3963027000427246, 13497
0.3963027000427246, 13496
0.3963027000427246, 13495
0.3963027000427246, 13494
0.3963027000427246, 13493
0.3967304229736328, 13492
0.3967304229736328, 13491
0.3967304229736328, 13490
0.3967304229736328, 13489
0.3967304229736328, 13488
0.3967304229736328, 13487
0.3967304229736328, 13486
0.3967304229736328, 13485
0.3967304229736328, 13484
0.3967304229736328, 13483
0.3967304229736328, 13482
0.3967304229736328, 13481
0.3967304229736328, 13480
0.3967304229736328, 13479
0.3967304229736328, 13478
0.39773011207580566, 13477
0.39786291122436523, 13476
0.39786291122436523, 13475
0.39786291122436523, 13474
0.39786291122436523, 13473
0.39786291122436523, 13472
0.39786291122436523, 13471
0.39786291122436523, 13470
0.39786291122436523, 13469
0.39786291122436523, 13468
0.39786291122436523, 13467
0.39786291122436523, 13466
0.39786291122436523, 13465
0.39786291122436523, 13464
0.3987302780151367, 13463
0.3987302780151367, 13462
0.3987302780151367, 13461
0.3987302780151367, 13460
0.3987302780151367, 13459
0.3987302780151367, 13458
0.3987302780151367, 13457
0.3987302780151367, 13456
0.3987302780151367, 13455
0.3987302780151367, 13454
0.3987302780151367, 13453
0.3987302780151367, 13452
0.3987302780151367, 13451
0.3987302780151367, 13450
0.3987302780151367, 13449
0.39973020553588867, 13448
0.39973020553588867, 13447
0.39973020553588867, 13446
0.39973020553588867, 13445
0.39973020553588867, 13444
0.39973020553588867, 13443
0.39973020553588867, 13442
0.39973020553588867, 13441
0.39973020553588867, 13440
0.39973020553588867, 13439
0.39973020553588867, 13438
0.39973020553588867, 13437
0.39973020553588867, 13436
0.40073060989379883, 13435
0.40073060989379883, 13434
0.40073060989379883, 13433
0.40073060989379883, 13432
0.40073060989379883, 13431
0.40073060989379883, 13430
0.40073060989379883, 13429
0.40073060989379883, 13428
0.40073060989379883, 13427
0.40073060989379883, 13426
0.40073060989379883, 13425
0.40073060989379883, 13424
0.40073060989379883, 13423
0.40073060989379883, 13422
0.40073060989379883, 13421
0.4017302989959717, 13420
0.4017302989959717, 13419
0.4017302989959717, 13418
0.4017302989959717, 13417
0.4017302989959717, 13416
0.4017302989959717, 13415
0.4017302989959717, 13414
0.4017302989959717, 13413
4.323810815811157, 13412
4.323810815811157, 13411
4.323810815811157, 13410
4.323810815811157, 13409
4.323810815811157, 13408
4.323810815811157, 13407
4.323810815811157, 13406
4.323810815811157, 13405
4.32481050491333, 13404
4.3248865604400635, 13403
4.3248865604400635, 13402
4.3248865604400635, 13401
4.3248865604400635, 13400
4.3248865604400635, 13399
4.3248865604400635, 13398
4.3248865604400635, 13397
4.3248865604400635, 13396
4.3248865604400635, 13395
4.3248865604400635, 13394
4.3248865604400635, 13393
4.3248865604400635, 13392
4.3248865604400635, 13391
4.325811147689819, 13390
4.325811147689819, 13389
4.325811147689819, 13388
4.325811147689819, 13387
4.325811147689819, 13386
4.325811147689819, 13385
4.325811147689819, 13384
4.325811147689819, 13383
4.325811147689819, 13382
4.325811147689819, 13381
4.325811147689819, 13380
4.325811147689819, 13379
4.325811147689819, 13378
4.325811147689819, 13377
4.326812505722046, 13376
4.326812505722046, 13375
4.326812505722046, 13374
4.326812505722046, 13373
4.326812505722046, 13372
4.326812505722046, 13371
4.326812505722046, 13370
4.326812505722046, 13369
4.326812505722046, 13368
4.326812505722046, 13367
4.326812505722046, 13366
4.326812505722046, 13365
4.326812505722046, 13364
4.326812505722046, 13363
4.327811241149902, 13362
4.327811241149902, 13361
4.327811241149902, 13360
4.327811241149902, 13359
4.327811241149902, 13358
