0.17988204956054688, 14050
0.17988204956054688, 14049
0.17988204956054688, 14048
0.17988204956054688, 14047
0.17988204956054688, 14046
0.17988204956054688, 14045
0.17988204956054688, 14044
0.17988204956054688, 14043
0.17988204956054688, 14042
0.17988204956054688, 14041
0.18088245391845703, 14040
0.18088245391845703, 14039
0.18088245391845703, 14038
0.18088245391845703, 14037
0.18088245391845703, 14036
0.18088245391845703, 14035
0.18088245391845703, 14034
0.18088245391845703, 14033
0.18088245391845703, 14032
0.18088245391845703, 14031
0.18088245391845703, 14030
0.18088245391845703, 14029
0.18088245391845703, 14028
0.18088245391845703, 14027
0.18088245391845703, 14026
0.18188190460205078, 14025
0.18188190460205078, 14024
0.18188190460205078, 14023
0.18188190460205078, 14022
0.18188190460205078, 14021
0.18188190460205078, 14020
0.18188190460205078, 14019
0.18188190460205078, 14018
0.18188190460205078, 14017
0.18188190460205078, 14016
0.18188190460205078, 14015
0.18188190460205078, 14014
0.18188190460205078, 14013
0.18188190460205078, 14012
0.18188190460205078, 14011
0.18288302421569824, 14010
0.18288302421569824, 14009
0.18288302421569824, 14008
0.18288302421569824, 14007
0.18288302421569824, 14006
0.18288302421569824, 14005
0.18288302421569824, 14004
0.18288302421569824, 14003
0.18288302421569824, 14002
0.18288302421569824, 14001
0.18288302421569824, 14000
0.18288302421569824, 13999
0.18288302421569824, 13998
0.18288302421569824, 13997
0.18288302421569824, 13996
0.18288302421569824, 13995
0.183882474899292, 13994
0.183882474899292, 13993
0.183882474899292, 13992
0.18411731719970703, 13991
0.18411731719970703, 13990
0.18411731719970703, 13989
0.18411731719970703, 13988
0.18411731719970703, 13987
0.18411731719970703, 13986
0.18411731719970703, 13985
0.18411731719970703, 13984
0.18411731719970703, 13983
0.18411731719970703, 13982
0.18411731719970703, 13981
0.18411731719970703, 13980
0.18488264083862305, 13979
0.18488264083862305, 13978
0.18488264083862305, 13977
0.18488264083862305, 13976
0.18488264083862305, 13975
0.18488264083862305, 13974
0.18488264083862305, 13973
0.18488264083862305, 13972
0.18488264083862305, 13971
0.18488264083862305, 13970
0.18488264083862305, 13969
0.18488264083862305, 13968
0.18488264083862305, 13967
0.18488264083862305, 13966
0.18488264083862305, 13965
0.18488264083862305, 13964
0.1858828067779541, 13963
0.1858828067779541, 13962
0.1858828067779541, 13961
0.1858828067779541, 13960
0.1858828067779541, 13959
0.1858828067779541, 13958
0.1858828067779541, 13957
0.1858828067779541, 13956
0.1858828067779541, 13955
0.1858828067779541, 13954
0.1858828067779541, 13953
0.1858828067779541, 13952
0.1858828067779541, 13951
0.1858828067779541, 13950
0.1858828067779541, 13949
0.1858828067779541, 13948
0.18691706657409668, 13947
0.18691706657409668, 13946
0.18691706657409668, 13945
0.18691706657409668, 13944
0.18691706657409668, 13943
0.18691706657409668, 13942
0.18691706657409668, 13941
0.18691706657409668, 13940
0.18691706657409668, 13939
0.18691706657409668, 13938
0.18691706657409668, 13937
0.18691706657409668, 13936
0.18691706657409668, 13935
0.18691706657409668, 13934
0.18691706657409668, 13933
0.18691706657409668, 13932
0.18791747093200684, 13931
0.18791747093200684, 13930
0.18791747093200684, 13929
0.18791747093200684, 13928
0.18791747093200684, 13927
0.18791747093200684, 13926
0.18791747093200684, 13925
0.18791747093200684, 13924
0.18791747093200684, 13923
0.18791747093200684, 13922
0.18791747093200684, 13921
0.18791747093200684, 13920
0.18791747093200684, 13919
0.18791747093200684, 13918
0.18791747093200684, 13917
0.1889171600341797, 13916
0.1889171600341797, 13915
0.1889171600341797, 13914
0.1889171600341797, 13913
0.1889171600341797, 13912
0.1889171600341797, 13911
0.1889171600341797, 13910
0.1889171600341797, 13909
0.1889171600341797, 13908
0.1889171600341797, 13907
0.1889171600341797, 13906
0.1889171600341797, 13905
0.1889171600341797, 13904
0.1889171600341797, 13903
0.1889171600341797, 13902
0.1889171600341797, 13901
0.18991637229919434, 13900
0.18991637229919434, 13899
0.18991637229919434, 13898
0.18991637229919434, 13897
0.18991637229919434, 13896
0.18991637229919434, 13895
0.18991637229919434, 13894
0.18991637229919434, 13893
0.18991637229919434, 13892
0.18991637229919434, 13891
0.18991637229919434, 13890
0.18991637229919434, 13889
0.18991637229919434, 13888
0.18991637229919434, 13887
0.18991637229919434, 13886
0.1909162998199463, 13885
0.1909162998199463, 13884
0.1909162998199463, 13883
0.1909162998199463, 13882
0.1909162998199463, 13881
0.1909162998199463, 13880
0.1909162998199463, 13879
0.1909162998199463, 13878
0.1909162998199463, 13877
0.1909162998199463, 13876
0.1909162998199463, 13875
0.19160985946655273, 13874
0.19160985946655273, 13873
0.19160985946655273, 13872
0.19192171096801758, 13871
0.19192171096801758, 13870
0.19192171096801758, 13869
0.19192171096801758, 13868
0.19192171096801758, 13867
0.19192171096801758, 13866
0.19192171096801758, 13865
0.19192171096801758, 13864
0.19192171096801758, 13863
0.19192171096801758, 13862
0.19192171096801758, 13861
0.19192171096801758, 13860
0.1929173469543457, 13859
0.1929173469543457, 13858
0.1929173469543457, 13857
0.1929173469543457, 13856
0.1929173469543457, 13855
0.1929173469543457, 13854
0.1929173469543457, 13853
0.1929173469543457, 13852
0.1929173469543457, 13851
0.1929173469543457, 13850
0.1929173469543457, 13849
0.1929173469543457, 13848
0.1929173469543457, 13847
0.1929173469543457, 13846
0.1929173469543457, 13845
0.19391727447509766, 13844
0.19391727447509766, 13843
0.19391727447509766, 13842
0.19391727447509766, 13841
0.19391727447509766, 13840
0.19391727447509766, 13839
0.19391727447509766, 13838
0.19391727447509766, 13837
0.19391727447509766, 13836
0.19391727447509766, 13835
0.19391727447509766, 13834
0.19391727447509766, 13833
0.19391727447509766, 13832
0.19391727447509766, 13831
0.19391727447509766, 13830
0.19491815567016602, 13829
0.19491815567016602, 13828
0.19491815567016602, 13827
0.19491815567016602, 13826
0.19491815567016602, 13825
0.19491815567016602, 13824
0.19491815567016602, 13823
0.19491815567016602, 13822
0.19491815567016602, 13821
0.19491815567016602, 13820
0.19491815567016602, 13819
0.19491815567016602, 13818
0.19491815567016602, 13817
0.19491815567016602, 13816
0.19591832160949707, 13815
0.19591832160949707, 13814
0.19591832160949707, 13813
0.19591832160949707, 13812
0.19591832160949707, 13811
0.19591832160949707, 13810
0.19591832160949707, 13809
0.19591832160949707, 13808
0.19591832160949707, 13807
0.19591832160949707, 13806
0.19591832160949707, 13805
0.19591832160949707, 13804
0.19591832160949707, 13803
0.19591832160949707, 13802
0.19591832160949707, 13801
0.19591832160949707, 13800
0.19695639610290527, 13799
0.19695639610290527, 13798
0.19695639610290527, 13797
0.19695639610290527, 13796
0.19695639610290527, 13795
0.19695639610290527, 13794
0.19695639610290527, 13793
0.19695639610290527, 13792
0.19695639610290527, 13791
0.19695639610290527, 13790
0.19695639610290527, 13789
0.19695639610290527, 13788
0.19695639610290527, 13787
0.19695639610290527, 13786
0.19695639610290527, 13785
0.19795513153076172, 13784
0.19795513153076172, 13783
0.19795513153076172, 13782
0.19795513153076172, 13781
0.19795513153076172, 13780
0.19795513153076172, 13779
0.19795513153076172, 13778
0.19795513153076172, 13777
0.19795513153076172, 13776
0.19795513153076172, 13775
0.19795513153076172, 13774
0.19795513153076172, 13773
0.19795513153076172, 13772
0.19795513153076172, 13771
0.19795513153076172, 13770
0.19895601272583008, 13769
0.19895601272583008, 13768
0.19895601272583008, 13767
0.19895601272583008, 13766
0.19895601272583008, 13765
0.19895601272583008, 13764
0.19895601272583008, 13763
0.19895601272583008, 13762
0.19895601272583008, 13761
0.19895601272583008, 13760
0.19895601272583008, 13759
0.19895601272583008, 13758
0.19895601272583008, 13757
0.19895601272583008, 13756
0.19995474815368652, 13755
0.19995474815368652, 13754
0.19995474815368652, 13753
0.19995474815368652, 13752
0.19995474815368652, 13751
0.19995474815368652, 13750
0.19995474815368652, 13749
0.19995474815368652, 13748
0.19995474815368652, 13747
0.19995474815368652, 13746
0.19995474815368652, 13745
0.19995474815368652, 13744
0.19995474815368652, 13743
0.19995474815368652, 13742
0.20095419883728027, 13741
0.20095419883728027, 13740
0.20095419883728027, 13739
0.20095419883728027, 13738
0.20095419883728027, 13737
0.20095419883728027, 13736
0.20095419883728027, 13735
0.20095419883728027, 13734
0.20095419883728027, 13733
0.20095419883728027, 13732
0.20195484161376953, 13731
0.20195484161376953, 13730
0.20195484161376953, 13729
0.20195484161376953, 13728
0.20195484161376953, 13727
0.20195484161376953, 13726
0.20195484161376953, 13725
0.20195484161376953, 13724
0.20195484161376953, 13723
0.20195484161376953, 13722
0.20195484161376953, 13721
0.20295476913452148, 13720
0.20310306549072266, 13719
0.20310306549072266, 13718
0.20310306549072266, 13717
0.20310306549072266, 13716
0.20310306549072266, 13715
0.20310306549072266, 13714
0.20310306549072266, 13713
0.20310306549072266, 13712
0.20310306549072266, 13711
0.20395517349243164, 13710
0.20395517349243164, 13709
0.20395517349243164, 13708
0.20395517349243164, 13707
0.20395517349243164, 13706
0.20395517349243164, 13705
0.20395517349243164, 13704
0.20395517349243164, 13703
0.20395517349243164, 13702
0.20395517349243164, 13701
0.20395517349243164, 13700
0.20395517349243164, 13699
0.2049551010131836, 13698
0.2049551010131836, 13697
0.2049551010131836, 13696
0.2049551010131836, 13695
0.2049551010131836, 13694
0.2049551010131836, 13693
0.2049551010131836, 13692
0.2049551010131836, 13691
0.2049551010131836, 13690
0.2049551010131836, 13689
0.2049551010131836, 13688
0.20595502853393555, 13687
0.20595502853393555, 13686
0.20595502853393555, 13685
0.20595502853393555, 13684
0.20595502853393555, 13683
0.20595502853393555, 13682
0.20595502853393555, 13681
0.20595502853393555, 13680
0.20595502853393555, 13679
0.20595502853393555, 13678
0.20595502853393555, 13677
0.2069871425628662, 13676
0.2069871425628662, 13675
0.2069871425628662, 13674
0.2069871425628662, 13673
0.2069871425628662, 13672
0.2069871425628662, 13671
0.2069871425628662, 13670
0.2069871425628662, 13669
0.2069871425628662, 13668
0.2069871425628662, 13667
0.2069871425628662, 13666
0.20798707008361816, 13665
0.20798707008361816, 13664
0.20798707008361816, 13663
0.20798707008361816, 13662
0.20798707008361816, 13661
0.20798707008361816, 13660
0.20798707008361816, 13659
0.20798707008361816, 13658
0.20798707008361816, 13657
0.20798707008361816, 13656
0.20898675918579102, 13655
0.20898675918579102, 13654
0.20898675918579102, 13653
0.20898675918579102, 13652
0.20898675918579102, 13651
0.20898675918579102, 13650
0.20898675918579102, 13649
0.20898675918579102, 13648
0.20898675918579102, 13647
0.20898675918579102, 13646
0.2099895477294922, 13645
0.2099895477294922, 13644
0.2099895477294922, 13643
0.2099895477294922, 13642
0.2099895477294922, 13641
0.2099895477294922, 13640
0.2099895477294922, 13639
0.2099895477294922, 13638
0.2099895477294922, 13637
0.2099895477294922, 13636
0.21098923683166504, 13635
0.21098923683166504, 13634
0.21098923683166504, 13633
0.21098923683166504, 13632
0.21098923683166504, 13631
0.21098923683166504, 13630
0.21098923683166504, 13629
0.21098923683166504, 13628
0.21098923683166504, 13627
0.21098923683166504, 13626
0.21198654174804688, 13625
0.21198654174804688, 13624
0.21198654174804688, 13623
0.21198654174804688, 13622
0.21198654174804688, 13621
0.21198654174804688, 13620
0.21198654174804688, 13619
0.21198654174804688, 13618
0.21198654174804688, 13617
0.21198654174804688, 13616
0.21198654174804688, 13615
0.21198654174804688, 13614
0.21298718452453613, 13613
0.21298718452453613, 13612
0.21298718452453613, 13611
0.21298718452453613, 13610
0.21298718452453613, 13609
0.21298718452453613, 13608
0.21298718452453613, 13607
0.21298718452453613, 13606
0.21298718452453613, 13605
0.21298718452453613, 13604
0.21298718452453613, 13603
0.21398663520812988, 13602
0.21398663520812988, 13601
0.21398663520812988, 13600
0.21398663520812988, 13599
0.21398663520812988, 13598
0.21398663520812988, 13597
0.21398663520812988, 13596
0.21398663520812988, 13595
0.21398663520812988, 13594
0.21498680114746094, 13593
0.21498680114746094, 13592
0.21498680114746094, 13591
0.21498680114746094, 13590
0.21498680114746094, 13589
0.21498680114746094, 13588
0.21498680114746094, 13587
0.21498680114746094, 13586
0.21498680114746094, 13585
0.21498680114746094, 13584
0.21498680114746094, 13583
0.21498680114746094, 13582
0.21498680114746094, 13581
0.21498680114746094, 13580
0.21498680114746094, 13579
0.2159881591796875, 13578
0.2159881591796875, 13577
0.2159881591796875, 13576
0.2159881591796875, 13575
0.2159881591796875, 13574
0.2159881591796875, 13573
0.2159881591796875, 13572
0.2159881591796875, 13571
0.2159881591796875, 13570
0.2159881591796875, 13569
0.2159881591796875, 13568
0.2159881591796875, 13567
0.2159881591796875, 13566
0.2159881591796875, 13565
0.2159881591796875, 13564
0.2159881591796875, 13563
0.21702313423156738, 13562
0.21702313423156738, 13561
0.21702313423156738, 13560
0.21702313423156738, 13559
0.21702313423156738, 13558
0.21702313423156738, 13557
0.21702313423156738, 13556
0.21702313423156738, 13555
0.21702313423156738, 13554
0.21702313423156738, 13553
0.21702313423156738, 13552
0.21702313423156738, 13551
0.21702313423156738, 13550
0.21702313423156738, 13549
0.21702313423156738, 13548
0.21802210807800293, 13547
0.21802210807800293, 13546
0.21802210807800293, 13545
0.21802210807800293, 13544
0.21802210807800293, 13543
0.21802210807800293, 13542
0.21802210807800293, 13541
0.21802210807800293, 13540
0.21802210807800293, 13539
0.21802210807800293, 13538
0.21802210807800293, 13537
0.21802210807800293, 13536
0.21802210807800293, 13535
0.21802210807800293, 13534
0.21902203559875488, 13533
0.21902203559875488, 13532
0.21902203559875488, 13531
0.21902203559875488, 13530
0.21902203559875488, 13529
0.21902203559875488, 13528
0.21902203559875488, 13527
0.21902203559875488, 13526
0.21902203559875488, 13525
0.21902203559875488, 13524
0.21902203559875488, 13523
0.21902203559875488, 13522
0.21902203559875488, 13521
0.21902203559875488, 13520
0.21902203559875488, 13519
0.21902203559875488, 13518
0.22002196311950684, 13517
0.22002196311950684, 13516
0.22002196311950684, 13515
0.22002196311950684, 13514
0.22002196311950684, 13513
0.22002196311950684, 13512
0.22002196311950684, 13511
0.22002196311950684, 13510
0.22002196311950684, 13509
0.22002196311950684, 13508
0.22002196311950684, 13507
0.22002196311950684, 13506
0.22002196311950684, 13505
0.22002196311950684, 13504
0.22002196311950684, 13503
0.2210221290588379, 13502
0.2210221290588379, 13501
0.2210221290588379, 13500
0.2210221290588379, 13499
0.2210221290588379, 13498
0.2210221290588379, 13497
0.2210221290588379, 13496
0.2210221290588379, 13495
0.2210221290588379, 13494
0.2210221290588379, 13493
0.2210221290588379, 13492
0.2210221290588379, 13491
0.2210221290588379, 13490
0.2210221290588379, 13489
0.2210221290588379, 13488
0.22202205657958984, 13487
0.22202205657958984, 13486
0.22202205657958984, 13485
0.22202205657958984, 13484
0.22202205657958984, 13483
0.22202205657958984, 13482
0.22202205657958984, 13481
0.22202205657958984, 13480
0.22202205657958984, 13479
0.22202205657958984, 13478
0.22202205657958984, 13477
0.22202205657958984, 13476
0.2230231761932373, 13475
0.2230231761932373, 13474
0.2230231761932373, 13473
0.2230231761932373, 13472
0.2230231761932373, 13471
0.2230231761932373, 13470
5.574100494384766, 13469
5.575101375579834, 13468
5.575101375579834, 13467
5.575101375579834, 13466
5.575101375579834, 13465
5.575101375579834, 13464
5.575101375579834, 13463
5.575101375579834, 13462
5.575101375579834, 13461
5.575101375579834, 13460
5.576101064682007, 13459
5.576101064682007, 13458
5.576101064682007, 13457
5.576101064682007, 13456
5.576101064682007, 13455
5.576101064682007, 13454
5.576101064682007, 13453
5.576101064682007, 13452
5.576101064682007, 13451
5.577101230621338, 13450
5.577101230621338, 13449
5.577101230621338, 13448
5.577101230621338, 13447
5.577101230621338, 13446
5.577101230621338, 13445
5.577101230621338, 13444
5.577101230621338, 13443
5.577101230621338, 13442
5.578102111816406, 13441
5.578102111816406, 13440
5.578102111816406, 13439
5.578102111816406, 13438
5.578102111816406, 13437
5.578102111816406, 13436
5.578102111816406, 13435
5.578102111816406, 13434
5.578102111816406, 13433
5.579101800918579, 13432
5.579101800918579, 13431
5.579101800918579, 13430
5.579101800918579, 13429
5.579101800918579, 13428
5.579101800918579, 13427
5.579101800918579, 13426
5.579101800918579, 13425
5.579101800918579, 13424
5.579101800918579, 13423
5.580101013183594, 13422
5.580101013183594, 13421
5.580101013183594, 13420
5.580101013183594, 13419
5.580101013183594, 13418
5.580101013183594, 13417
5.580101013183594, 13416
5.580101013183594, 13415
5.580101013183594, 13414
5.581100940704346, 13413
5.581100940704346, 13412
5.581100940704346, 13411
5.581100940704346, 13410
5.581100940704346, 13409
5.581100940704346, 13408
5.581100940704346, 13407
5.581100940704346, 13406
5.581100940704346, 13405
5.582101106643677, 13404
5.582101106643677, 13403
5.582101106643677, 13402
5.582101106643677, 13401
5.582101106643677, 13400
5.582101106643677, 13399
5.582101106643677, 13398
5.582101106643677, 13397
5.582101106643677, 13396
5.583101272583008, 13395
5.583101272583008, 13394
5.583101272583008, 13393
5.583101272583008, 13392
5.583101272583008, 13391
5.583101272583008, 13390
5.583101272583008, 13389
5.583101272583008, 13388
5.58410120010376, 13387
5.58410120010376, 13386
5.58410120010376, 13385
5.58410120010376, 13384
5.58410120010376, 13383
5.58410120010376, 13382
5.58410120010376, 13381
5.58410120010376, 13380
5.58410120010376, 13379
5.585101127624512, 13378
5.585101127624512, 13377
5.585101127624512, 13376
5.585101127624512, 13375
5.585101127624512, 13374
5.585101127624512, 13373
5.585101127624512, 13372
5.585101127624512, 13371
5.585101127624512, 13370
5.586101055145264, 13369
5.586101055145264, 13368
5.586101055145264, 13367
5.586101055145264, 13366
5.586101055145264, 13365
5.586101055145264, 13364
5.586101055145264, 13363
5.586101055145264, 13362
5.586101055145264, 13361
5.587100982666016, 13360
5.587100982666016, 13359
5.587100982666016, 13358
5.587100982666016, 13357
5.587100982666016, 13356
5.587100982666016, 13355
5.587100982666016, 13354
5.587100982666016, 13353
5.587100982666016, 13352
5.588100910186768, 13351
5.588100910186768, 13350
5.588100910186768, 13349
5.588100910186768, 13348
5.588100910186768, 13347
5.588100910186768, 13346
5.588100910186768, 13345
5.588100910186768, 13344
5.588100910186768, 13343
5.589101552963257, 13342
5.589101552963257, 13341
5.589101552963257, 13340
5.589101552963257, 13339
5.589101552963257, 13338
5.589101552963257, 13337
5.589101552963257, 13336
5.589101552963257, 13335
5.589101552963257, 13334
5.590101003646851, 13333
5.590101003646851, 13332
5.590101003646851, 13331
5.590101003646851, 13330
5.590101003646851, 13329
5.590101003646851, 13328
5.590101003646851, 13327
5.590101003646851, 13326
5.590101003646851, 13325
5.591101169586182, 13324
5.591216087341309, 13323
5.591216087341309, 13322
5.591216087341309, 13321
5.591216087341309, 13320
5.591216087341309, 13319
5.591216087341309, 13318
5.591216087341309, 13317
5.591216087341309, 13316
5.592101097106934, 13315
5.592101097106934, 13314
5.592101097106934, 13313
5.592101097106934, 13312
5.592101097106934, 13311
5.592101097106934, 13310
5.592101097106934, 13309
5.592101097106934, 13308
5.592101097106934, 13307
5.5931010246276855, 13306
5.5931010246276855, 13305
5.5931010246276855, 13304
5.5931010246276855, 13303
5.5931010246276855, 13302
5.5931010246276855, 13301
5.5931010246276855, 13300
5.5931010246276855, 13299
5.5931010246276855, 13298
5.594070911407471, 13297
5.594070911407471, 13296
5.594070911407471, 13295
5.594070911407471, 13294
5.594070911407471, 13293
5.594070911407471, 13292
5.594070911407471, 13291
5.594070911407471, 13290
5.594070911407471, 13289
5.5951008796691895, 13288
5.5951008796691895, 13287
5.5951008796691895, 13286
5.5951008796691895, 13285
5.5951008796691895, 13284
5.5951008796691895, 13283
5.5951008796691895, 13282
5.5951008796691895, 13281
5.5951008796691895, 13280
5.5961010456085205, 13279
5.5961010456085205, 13278
5.5961010456085205, 13277
5.5961010456085205, 13276
5.5961010456085205, 13275
5.5961010456085205, 13274
5.5961010456085205, 13273
5.5961010456085205, 13272
5.5961010456085205, 13271
5.597101211547852, 13270
5.597101211547852, 13269
5.597101211547852, 13268
5.597101211547852, 13267
5.597101211547852, 13266
5.597101211547852, 13265
5.597101211547852, 13264
5.597101211547852, 13263
5.597101211547852, 13262
5.5981011390686035, 13261
5.5981011390686035, 13260
5.5981011390686035, 13259
5.5981011390686035, 13258
5.5981011390686035, 13257
5.5981011390686035, 13256
5.5981011390686035, 13255
5.5981011390686035, 13254
5.5981011390686035, 13253
5.599102020263672, 13252
5.599102020263672, 13251
5.599102020263672, 13250
5.599102020263672, 13249
5.599102020263672, 13248
5.599102020263672, 13247
5.599102020263672, 13246
5.599102020263672, 13245
5.599102020263672, 13244
5.600100994110107, 13243
5.600100994110107, 13242
5.600100994110107, 13241
5.60045313835144, 13240
5.60045313835144, 13239
5.60045313835144, 13238
5.60045313835144, 13237
5.60045313835144, 13236
5.60045313835144, 13235
5.6011011600494385, 13234
5.6011011600494385, 13233
5.6011011600494385, 13232
5.6011011600494385, 13231
5.6011011600494385, 13230
5.6011011600494385, 13229
5.6011011600494385, 13228
5.6011011600494385, 13227
5.6011011600494385, 13226
5.602100849151611, 13225
5.602100849151611, 13224
5.602100849151611, 13223
5.602100849151611, 13222
5.602100849151611, 13221
5.602100849151611, 13220
5.602100849151611, 13219
5.602100849151611, 13218
5.602100849151611, 13217
5.603100776672363, 13216
5.603100776672363, 13215
5.603100776672363, 13214
5.603100776672363, 13213
5.603100776672363, 13212
5.603100776672363, 13211
5.603100776672363, 13210
5.603100776672363, 13209
5.603100776672363, 13208
5.604100227355957, 13207
5.604100227355957, 13206
5.604100227355957, 13205
5.604100227355957, 13204
5.604100227355957, 13203
5.604100227355957, 13202
5.604100227355957, 13201
5.604100227355957, 13200
5.604100227355957, 13199
5.605100870132446, 13198
5.605100870132446, 13197
5.605100870132446, 13196
5.605100870132446, 13195
5.605100870132446, 13194
5.605100870132446, 13193
5.605100870132446, 13192
5.605100870132446, 13191
5.605100870132446, 13190
5.6061012744903564, 13189
5.6061012744903564, 13188
5.6061012744903564, 13187
5.6061012744903564, 13186
5.6061012744903564, 13185
5.6061012744903564, 13184
5.6061012744903564, 13183
5.6061012744903564, 13182
5.6061012744903564, 13181
5.607101202011108, 13180
5.607101202011108, 13179
5.607101202011108, 13178
5.607101202011108, 13177
5.607101202011108, 13176
5.607101202011108, 13175
5.607101202011108, 13174
5.607101202011108, 13173
7.192084312438965, 10171
7.192084312438965, 10170
7.192084312438965, 10169
7.192084312438965, 10168
7.193084478378296, 10167
7.193084478378296, 10166
7.193084478378296, 10165
7.193084478378296, 10164
7.193084478378296, 10163
7.193084478378296, 10162
7.193084478378296, 10161
7.193084478378296, 10160
7.193084478378296, 10159
7.193084478378296, 10158
7.193084478378296, 10157
7.193084478378296, 10156
7.193084478378296, 10155
7.194065809249878, 10154
7.194065809249878, 10153
7.194065809249878, 10152
7.194065809249878, 10151
7.194065809249878, 10150
7.194065809249878, 10149
7.194065809249878, 10148
7.194065809249878, 10147
7.194065809249878, 10146
7.194065809249878, 10145
7.194065809249878, 10144
7.194065809249878, 10143
7.194065809249878, 10142
7.195084095001221, 10141
7.195084095001221, 10140
7.195084095001221, 10139
7.195084095001221, 10138
7.195084095001221, 10137
7.195084095001221, 10136
7.195084095001221, 10135
7.195084095001221, 10134
7.195084095001221, 10133
7.195084095001221, 10132
7.195084095001221, 10131
7.195084095001221, 10130
7.195084095001221, 10129
7.195084095001221, 10128
7.196084499359131, 10127
7.196084499359131, 10126
7.196084499359131, 10125
7.196084499359131, 10124
7.196084499359131, 10123
7.196084499359131, 10122
7.196084499359131, 10121
7.196084499359131, 10120
7.196084499359131, 10119
7.196084499359131, 10118
7.196084499359131, 10117
7.196084499359131, 10116
7.196084499359131, 10115
7.196084499359131, 10114
7.197084426879883, 10113
7.197084426879883, 10112
7.197084426879883, 10111
7.197084426879883, 10110
7.197084426879883, 10109
7.197084426879883, 10108
7.197084426879883, 10107
7.197084426879883, 10106
7.197084426879883, 10105
7.197084426879883, 10104
7.197084426879883, 10103
7.197084426879883, 10102
7.197084426879883, 10101
7.198084354400635, 10100
7.198084354400635, 10099
7.198084354400635, 10098
7.198084354400635, 10097
7.198084354400635, 10096
7.198084354400635, 10095
7.198084354400635, 10094
7.198084354400635, 10093
7.198084354400635, 10092
7.198084354400635, 10091
7.199084758758545, 10090
7.199084758758545, 10089
7.199084758758545, 10088
7.199084758758545, 10087
7.199084758758545, 10086
7.199084758758545, 10085
7.199084758758545, 10084
7.199084758758545, 10083
7.199084758758545, 10082
7.199084758758545, 10081
7.199084758758545, 10080
7.199084758758545, 10079
7.199084758758545, 10078
7.200084447860718, 10077
7.200084447860718, 10076
7.200084447860718, 10075
7.200084447860718, 10074
7.200084447860718, 10073
7.200084447860718, 10072
7.200084447860718, 10071
7.200084447860718, 10070
7.200084447860718, 10069
7.200084447860718, 10068
7.200084447860718, 10067
7.200084447860718, 10066
7.200084447860718, 10065
7.20108437538147, 10064
7.20108437538147, 10063
7.20108437538147, 10062
7.20108437538147, 10061
7.20108437538147, 10060
7.20108437538147, 10059
7.20108437538147, 10058
7.20108437538147, 10057
7.20108437538147, 10056
7.20108437538147, 10055
7.20108437538147, 10054
7.20108437538147, 10053
7.20108437538147, 10052
7.20108437538147, 10051
7.202084302902222, 10050
7.202084302902222, 10049
7.202084302902222, 10048
7.202084302902222, 10047
7.202084302902222, 10046
7.202084302902222, 10045
7.202084302902222, 10044
7.202084302902222, 10043
7.202084302902222, 10042
7.202084302902222, 10041
7.202084302902222, 10040
7.202084302902222, 10039
7.202084302902222, 10038
7.202084302902222, 10037
7.203084230422974, 10036
7.203084230422974, 10035
7.203084230422974, 10034
7.203084230422974, 10033
7.203084230422974, 10032
7.203084230422974, 10031
7.203084230422974, 10030
7.203084230422974, 10029
7.203084230422974, 10028
7.203084230422974, 10027
7.203084230422974, 10026
7.203084230422974, 10025
7.203084230422974, 10024
7.203084230422974, 10023
7.2040629386901855, 10022
7.2040629386901855, 10021
7.2040629386901855, 10020
7.2040629386901855, 10019
7.2040629386901855, 10018
7.2040629386901855, 10017
7.2040629386901855, 10016
7.2040629386901855, 10015
7.2040629386901855, 10014
7.2040629386901855, 10013
7.2040629386901855, 10012
7.2040629386901855, 10011
7.205084323883057, 10010
7.205084323883057, 10009
7.205084323883057, 10008
7.205084323883057, 10007
7.205084323883057, 10006
7.205084323883057, 10005
7.205084323883057, 10004
7.205084323883057, 10003
7.205084323883057, 10002
7.205084323883057, 10001
7.205084323883057, 10000
7.205084323883057, 9999
7.205084323883057, 9998
7.205084323883057, 9997
7.206084251403809, 9996
7.206084251403809, 9995
7.206084251403809, 9994
7.206084251403809, 9993
7.206084251403809, 9992
7.206084251403809, 9991
7.206084251403809, 9990
7.206084251403809, 9989
7.206084251403809, 9988
7.206084251403809, 9987
7.206084251403809, 9986
7.206084251403809, 9985
7.206084251403809, 9984
7.2070841789245605, 9983
7.2070841789245605, 9982
7.2070841789245605, 9981
7.2070841789245605, 9980
7.2070841789245605, 9979
7.2070841789245605, 9978
7.2070841789245605, 9977
7.2070841789245605, 9976
7.2070841789245605, 9975
7.2070841789245605, 9974
7.2070841789245605, 9973
7.2070841789245605, 9972
7.2070841789245605, 9971
7.2070841789245605, 9970
7.2070841789245605, 9969
7.208084344863892, 9968
7.208084344863892, 9967
7.208084344863892, 9966
7.208084344863892, 9965
7.208084344863892, 9964
7.208084344863892, 9963
7.208084344863892, 9962
7.208084344863892, 9961
7.208084344863892, 9960
7.208084344863892, 9959
7.208084344863892, 9958
7.208084344863892, 9957
7.209050178527832, 9956
7.209050178527832, 9955
7.209050178527832, 9954
7.209050178527832, 9953
7.209050178527832, 9952
7.209050178527832, 9951
7.209050178527832, 9950
7.209050178527832, 9949
7.209050178527832, 9948
7.209050178527832, 9947
7.209050178527832, 9946
7.209050178527832, 9945
7.209050178527832, 9944
7.209050178527832, 9943
7.2100841999053955, 9942
7.2100841999053955, 9941
7.2100841999053955, 9940
7.2100841999053955, 9939
7.2100841999053955, 9938
7.2100841999053955, 9937
7.2100841999053955, 9936
7.2100841999053955, 9935
7.2100841999053955, 9934
7.2100841999053955, 9933
7.2100841999053955, 9932
7.2100841999053955, 9931
7.2100841999053955, 9930
7.2110841274261475, 9929
7.2110841274261475, 9928
7.2110841274261475, 9927
7.2110841274261475, 9926
7.2110841274261475, 9925
7.2110841274261475, 9924
7.2110841274261475, 9923
7.2110841274261475, 9922
7.2110841274261475, 9921
7.2110841274261475, 9920
7.2110841274261475, 9919
7.2110841274261475, 9918
7.2110841274261475, 9917
7.2110841274261475, 9916
7.2120842933654785, 9915
7.2120842933654785, 9914
7.2120842933654785, 9913
7.2120842933654785, 9912
7.2120842933654785, 9911
7.2120842933654785, 9910
7.2120842933654785, 9909
7.2120842933654785, 9908
7.2120842933654785, 9907
7.2120842933654785, 9906
7.2120842933654785, 9905
7.2120842933654785, 9904
7.2120842933654785, 9903
7.2120842933654785, 9902
7.2130842208862305, 9901
7.2130842208862305, 9900
7.2130842208862305, 9899
7.2130842208862305, 9898
7.2130842208862305, 9897
7.2130842208862305, 9896
7.2130842208862305, 9895
7.2130842208862305, 9894
7.2130842208862305, 9893
7.2130842208862305, 9892
7.2130842208862305, 9891
7.2130842208862305, 9890
7.2130842208862305, 9889
7.214084148406982, 9888
7.214084148406982, 9887
7.214084148406982, 9886
7.214084148406982, 9885
7.214084148406982, 9884
7.214084148406982, 9883
7.214084148406982, 9882
7.214084148406982, 9881
7.21508526802063, 9880
7.21508526802063, 9879
7.21508526802063, 9878
7.21508526802063, 9877
7.21508526802063, 9876
7.21508526802063, 9875
7.21508526802063, 9874
7.21508526802063, 9873
7.21508526802063, 9872
7.21508526802063, 9871
7.21508526802063, 9870
7.21508526802063, 9869
7.21508526802063, 9868
7.216084718704224, 9867
7.216084718704224, 9866
7.216084718704224, 9865
7.216084718704224, 9864
7.216084718704224, 9863
7.216084718704224, 9862
7.216084718704224, 9861
7.216084718704224, 9860
7.216084718704224, 9859
7.216084718704224, 9858
7.216084718704224, 9857
7.216084718704224, 9856
7.2170844078063965, 9855
7.2170844078063965, 9854
7.2170844078063965, 9853
7.2170844078063965, 9852
7.2170844078063965, 9851
7.2170844078063965, 9850
7.2170844078063965, 9849
7.2170844078063965, 9848
7.2170844078063965, 9847
7.2170844078063965, 9846
7.2170844078063965, 9845
7.2170844078063965, 9844
7.2170844078063965, 9843
7.2170844078063965, 9842
7.218084335327148, 9841
7.218084335327148, 9840
7.218084335327148, 9839
7.218084335327148, 9838
7.218084335327148, 9837
7.218084335327148, 9836
7.218084335327148, 9835
7.218084335327148, 9834
7.218084335327148, 9833
7.218084335327148, 9832
7.218084335327148, 9831
7.218084335327148, 9830
7.218084335327148, 9829
7.218084335327148, 9828
7.2190842628479, 9827
7.2190842628479, 9826
7.2190842628479, 9825
7.2190842628479, 9824
7.2190842628479, 9823
7.2190842628479, 9822
7.2190842628479, 9821
7.2190842628479, 9820
7.2190842628479, 9819
7.2190842628479, 9818
7.2190842628479, 9817
7.2190842628479, 9816
7.2190842628479, 9815
7.2190842628479, 9814
7.220084190368652, 9813
7.220084190368652, 9812
7.220084190368652, 9811
7.220084190368652, 9810
7.220084190368652, 9809
7.220084190368652, 9808
7.220084190368652, 9807
7.220084190368652, 9806
