0.19811797142028809, 14102
0.19811797142028809, 14101
0.19811797142028809, 14100
0.19811797142028809, 14099
0.19911813735961914, 14098
0.19911813735961914, 14097
0.19911813735961914, 14096
0.19911813735961914, 14095
0.19911813735961914, 14094
0.19911813735961914, 14093
0.19911813735961914, 14092
0.19911813735961914, 14091
0.19911813735961914, 14090
0.19911813735961914, 14089
0.19911813735961914, 14088
0.19911813735961914, 14087
0.19911813735961914, 14086
0.19911813735961914, 14085
0.19911813735961914, 14084
0.200117826461792, 14083
0.200117826461792, 14082
0.200117826461792, 14081
0.200117826461792, 14080
0.200117826461792, 14079
0.200117826461792, 14078
0.200117826461792, 14077
0.200117826461792, 14076
0.200117826461792, 14075
0.200117826461792, 14074
0.200117826461792, 14073
0.200117826461792, 14072
0.200117826461792, 14071
0.200117826461792, 14070
0.200117826461792, 14069
0.20112133026123047, 14068
0.20112133026123047, 14067
0.20112133026123047, 14066
0.20112133026123047, 14065
0.20112133026123047, 14064
0.20112133026123047, 14063
0.20112133026123047, 14062
0.20112133026123047, 14061
0.20112133026123047, 14060
0.20112133026123047, 14059
0.20112133026123047, 14058
0.20112133026123047, 14057
0.20112133026123047, 14056
0.20112133026123047, 14055
0.20212101936340332, 14054
0.20212101936340332, 14053
0.20212101936340332, 14052
0.20212101936340332, 14051
0.20212101936340332, 14050
0.20212101936340332, 14049
0.20212101936340332, 14048
0.20212101936340332, 14047
0.20212101936340332, 14046
0.20212101936340332, 14045
0.20212101936340332, 14044
0.20212101936340332, 14043
0.20212101936340332, 14042
0.20212101936340332, 14041
0.20212101936340332, 14040
0.20311903953552246, 14039
0.20311903953552246, 14038
0.20311903953552246, 14037
0.20311903953552246, 14036
0.20311903953552246, 14035
0.20311903953552246, 14034
0.20311903953552246, 14033
0.20311903953552246, 14032
0.20311903953552246, 14031
0.20311903953552246, 14030
0.20311903953552246, 14029
0.20311903953552246, 14028
0.20311903953552246, 14027
0.20311903953552246, 14026
0.20311903953552246, 14025
0.204118013381958, 14024
0.204118013381958, 14023
0.204118013381958, 14022
0.204118013381958, 14021
0.204118013381958, 14020
0.204118013381958, 14019
0.204118013381958, 14018
0.204118013381958, 14017
0.204118013381958, 14016
0.204118013381958, 14015
0.204118013381958, 14014
0.204118013381958, 14013
0.204118013381958, 14012
0.3932356834411621, 14011
0.3932356834411621, 14010
0.3932356834411621, 14009
0.3932356834411621, 14008
0.3932356834411621, 14007
0.39423322677612305, 14006
0.39423322677612305, 14005
0.39423322677612305, 14004
0.39423322677612305, 14003
0.39423322677612305, 14002
0.39423322677612305, 14001
0.39423322677612305, 14000
0.39423322677612305, 13999
0.39423322677612305, 13998
0.39423322677612305, 13997
0.39423322677612305, 13996
0.39423322677612305, 13995
0.39423322677612305, 13994
0.39423322677612305, 13993
0.39423322677612305, 13992
0.3952302932739258, 13991
0.3952302932739258, 13990
0.3952302932739258, 13989
0.3952302932739258, 13988
0.3952302932739258, 13987
0.3952302932739258, 13986
0.3952302932739258, 13985
0.3952302932739258, 13984
0.3952302932739258, 13983
0.3952302932739258, 13982
0.3952302932739258, 13981
0.3952302932739258, 13980
0.3952302932739258, 13979
0.3952302932739258, 13978
0.3952302932739258, 13977
0.39623165130615234, 13976
0.39623165130615234, 13975
0.39623165130615234, 13974
0.39623165130615234, 13973
0.39623165130615234, 13972
0.39623165130615234, 13971
0.39623165130615234, 13970
0.39623165130615234, 13969
0.39623165130615234, 13968
0.39623165130615234, 13967
0.39623165130615234, 13966
0.39623165130615234, 13965
0.39623165130615234, 13964
0.39623165130615234, 13963
0.39623165130615234, 13962
0.39623165130615234, 13961
0.3972623348236084, 13960
0.3972623348236084, 13959
0.3972623348236084, 13958
0.3972623348236084, 13957
0.3972623348236084, 13956
0.3972623348236084, 13955
0.3972623348236084, 13954
0.3972623348236084, 13953
0.3972623348236084, 13952
0.3972623348236084, 13951
0.3972623348236084, 13950
0.3972623348236084, 13949
0.3972623348236084, 13948
0.3972623348236084, 13947
0.39826178550720215, 13946
0.39826178550720215, 13945
0.39826178550720215, 13944
0.39826178550720215, 13943
0.39826178550720215, 13942
0.39826178550720215, 13941
0.39826178550720215, 13940
0.39826178550720215, 13939
0.39826178550720215, 13938
0.39826178550720215, 13937
0.39826178550720215, 13936
0.39826178550720215, 13935
0.39826178550720215, 13934
0.39826178550720215, 13933
0.39826178550720215, 13932
0.3992617130279541, 13931
0.3992617130279541, 13930
0.3992617130279541, 13929
0.3992617130279541, 13928
0.3992617130279541, 13927
0.3992617130279541, 13926
0.3992617130279541, 13925
0.3992617130279541, 13924
0.3992617130279541, 13923
0.3992617130279541, 13922
0.3992617130279541, 13921
0.3992617130279541, 13920
0.3992617130279541, 13919
0.3992617130279541, 13918
0.3992617130279541, 13917
0.40026259422302246, 13916
0.40026259422302246, 13915
0.40026259422302246, 13914
0.40026259422302246, 13913
0.40026259422302246, 13912
0.40026259422302246, 13911
0.40026259422302246, 13910
0.40026259422302246, 13909
0.40026259422302246, 13908
0.40026259422302246, 13907
0.40026259422302246, 13906
0.40026259422302246, 13905
0.40026259422302246, 13904
0.40026259422302246, 13903
0.40026259422302246, 13902
0.4012620449066162, 13901
0.4012620449066162, 13900
0.4012620449066162, 13899
0.4012620449066162, 13898
0.4012620449066162, 13897
0.4012620449066162, 13896
0.4012620449066162, 13895
0.4012620449066162, 13894
0.4012620449066162, 13893
0.4012620449066162, 13892
0.4012620449066162, 13891
0.4012620449066162, 13890
0.4012620449066162, 13889
0.4012620449066162, 13888
0.4012620449066162, 13887
0.40226173400878906, 13886
0.40226173400878906, 13885
0.40226173400878906, 13884
0.40226173400878906, 13883
0.40226173400878906, 13882
0.40226173400878906, 13881
0.40226173400878906, 13880
0.40226173400878906, 13879
0.40226173400878906, 13878
0.40226173400878906, 13877
0.40226173400878906, 13876
0.40226173400878906, 13875
0.40226173400878906, 13874
0.40226173400878906, 13873
0.40226173400878906, 13872
0.4032611846923828, 13871
0.4032611846923828, 13870
0.4032611846923828, 13869
0.4032611846923828, 13868
0.4032611846923828, 13867
0.4032611846923828, 13866
0.4032611846923828, 13865
0.4032611846923828, 13864
0.4032611846923828, 13863
0.4032611846923828, 13862
0.4032611846923828, 13861
0.4032611846923828, 13860
0.4032611846923828, 13859
0.4032611846923828, 13858
0.4032611846923828, 13857
0.4042625427246094, 13856
0.4042625427246094, 13855
0.4042625427246094, 13854
0.4042625427246094, 13853
0.4042625427246094, 13852
0.4042625427246094, 13851
0.4042625427246094, 13850
0.4042625427246094, 13849
0.4042625427246094, 13848
0.4042625427246094, 13847
0.4042625427246094, 13846
0.4042625427246094, 13845
0.4042625427246094, 13844
0.4042625427246094, 13843
0.4042625427246094, 13842
0.40526294708251953, 13841
0.40526294708251953, 13840
0.40526294708251953, 13839
0.40526294708251953, 13838
0.40526294708251953, 13837
0.40526294708251953, 13836
0.40526294708251953, 13835
0.40526294708251953, 13834
0.40526294708251953, 13833
0.40526294708251953, 13832
0.40526294708251953, 13831
0.40526294708251953, 13830
0.40526294708251953, 13829
0.40526294708251953, 13828
0.40526294708251953, 13827
0.4062626361846924, 13826
0.4062626361846924, 13825
0.4062626361846924, 13824
0.4062626361846924, 13823
0.4062626361846924, 13822
0.4062626361846924, 13821
0.4062626361846924, 13820
0.4062626361846924, 13819
0.4062626361846924, 13818
0.4062626361846924, 13817
0.4062626361846924, 13816
0.4062626361846924, 13815
0.40726280212402344, 13814
0.40726280212402344, 13813
0.40726280212402344, 13812
0.40726280212402344, 13811
0.40726280212402344, 13810
0.40726280212402344, 13809
0.40726280212402344, 13808
0.40726280212402344, 13807
0.40726280212402344, 13806
0.40726280212402344, 13805
0.40726280212402344, 13804
0.40726280212402344, 13803
0.40726280212402344, 13802
0.4082651138305664, 13801
0.4082651138305664, 13800
0.4082651138305664, 13799
0.4082651138305664, 13798
0.4082651138305664, 13797
0.4082651138305664, 13796
0.4082651138305664, 13795
0.4082651138305664, 13794
0.4082651138305664, 13793
0.4082651138305664, 13792
0.4082651138305664, 13791
0.4082651138305664, 13790
0.4082651138305664, 13789
0.4082651138305664, 13788
0.4092676639556885, 13787
0.4092676639556885, 13786
0.4092676639556885, 13785
0.4092676639556885, 13784
0.4092676639556885, 13783
0.4092676639556885, 13782
0.4092676639556885, 13781
0.4092676639556885, 13780
0.4092676639556885, 13779
0.4092676639556885, 13778
0.4092676639556885, 13777
0.4092676639556885, 13776
0.4092676639556885, 13775
0.41026806831359863, 13774
0.41031813621520996, 13773
0.41031813621520996, 13772
0.41031813621520996, 13771
0.41031813621520996, 13770
0.41031813621520996, 13769
0.41031813621520996, 13768
0.41031813621520996, 13767
0.41031813621520996, 13766
0.41031813621520996, 13765
0.41031813621520996, 13764
0.4112679958343506, 13763
0.4112679958343506, 13762
0.4112679958343506, 13761
0.4112679958343506, 13760
0.4112679958343506, 13759
0.4112679958343506, 13758
0.4112679958343506, 13757
0.4112679958343506, 13756
0.4112679958343506, 13755
0.41226959228515625, 13754
0.41226959228515625, 13753
0.41226959228515625, 13752
0.41226959228515625, 13751
0.41226959228515625, 13750
0.41226959228515625, 13749
0.41226959228515625, 13748
0.41226959228515625, 13747
0.41226959228515625, 13746
0.41226959228515625, 13745
0.4132688045501709, 13744
0.4132688045501709, 13743
0.4132688045501709, 13742
0.4132688045501709, 13741
0.4132688045501709, 13740
0.4132688045501709, 13739
0.4132688045501709, 13738
0.4132688045501709, 13737
0.41426658630371094, 13736
0.41426658630371094, 13735
0.41426658630371094, 13734
0.41426658630371094, 13733
0.41426658630371094, 13732
0.41426658630371094, 13731
0.41426658630371094, 13730
0.41426658630371094, 13729
0.4152686595916748, 13728
0.4152686595916748, 13727
0.4152686595916748, 13726
0.4152686595916748, 13725
0.4152686595916748, 13724
0.4152686595916748, 13723
0.4152686595916748, 13722
0.4152686595916748, 13721
0.4152686595916748, 13720
0.41626811027526855, 13719
0.41626811027526855, 13718
0.41626811027526855, 13717
0.41626811027526855, 13716
0.41626811027526855, 13715
0.41626811027526855, 13714
0.7984097003936768, 13713
0.7984097003936768, 13712
0.7984097003936768, 13711
0.7984097003936768, 13710
0.7984097003936768, 13709
0.7984097003936768, 13708
0.7984097003936768, 13707
0.7994091510772705, 13706
0.7994091510772705, 13705
0.7994091510772705, 13704
0.7994091510772705, 13703
0.7994091510772705, 13702
0.7994091510772705, 13701
0.7994091510772705, 13700
0.7994091510772705, 13699
0.7994091510772705, 13698
0.7994091510772705, 13697
0.7994091510772705, 13696
0.7994091510772705, 13695
0.7994091510772705, 13694
0.7994091510772705, 13693
0.7994091510772705, 13692
0.8004107475280762, 13691
0.8004107475280762, 13690
0.8004107475280762, 13689
0.8004107475280762, 13688
0.8004107475280762, 13687
0.8004107475280762, 13686
0.8004107475280762, 13685
0.8004107475280762, 13684
0.8004107475280762, 13683
0.8004107475280762, 13682
0.8004107475280762, 13681
0.8004107475280762, 13680
0.8004107475280762, 13679
0.8004107475280762, 13678
0.8004107475280762, 13677
0.8014099597930908, 13676
0.8014099597930908, 13675
0.8014099597930908, 13674
0.8014099597930908, 13673
0.8014099597930908, 13672
0.8014099597930908, 13671
0.8014099597930908, 13670
0.8014099597930908, 13669
0.8014099597930908, 13668
0.8014099597930908, 13667
0.8014099597930908, 13666
0.8014099597930908, 13665
0.8014099597930908, 13664
0.8014099597930908, 13663
0.8014099597930908, 13662
0.8024101257324219, 13661
0.8024101257324219, 13660
0.8024101257324219, 13659
0.8024101257324219, 13658
0.8024101257324219, 13657
0.8024101257324219, 13656
0.8024101257324219, 13655
0.8024101257324219, 13654
0.8024101257324219, 13653
0.8024101257324219, 13652
0.8024101257324219, 13651
0.8024101257324219, 13650
0.8024101257324219, 13649
0.8024101257324219, 13648
0.8024101257324219, 13647
0.8034102916717529, 13646
0.8034102916717529, 13645
0.8034102916717529, 13644
0.8034102916717529, 13643
0.8034102916717529, 13642
0.8034102916717529, 13641
0.8034102916717529, 13640
0.8034102916717529, 13639
0.8034102916717529, 13638
0.8034102916717529, 13637
0.8034102916717529, 13636
0.8034102916717529, 13635
0.8034102916717529, 13634
0.8034102916717529, 13633
0.8034102916717529, 13632
0.8044121265411377, 13631
0.8044121265411377, 13630
0.8044121265411377, 13629
0.8044121265411377, 13628
0.8044121265411377, 13627
0.8044121265411377, 13626
0.8044121265411377, 13625
0.8044121265411377, 13624
0.8044121265411377, 13623
0.8044121265411377, 13622
0.8044121265411377, 13621
0.8044121265411377, 13620
0.8044121265411377, 13619
0.8044121265411377, 13618
0.8054111003875732, 13617
0.8054111003875732, 13616
0.8054111003875732, 13615
0.8054111003875732, 13614
0.8054111003875732, 13613
0.8054111003875732, 13612
0.8054111003875732, 13611
0.8054111003875732, 13610
0.8054111003875732, 13609
0.8054111003875732, 13608
0.8054111003875732, 13607
0.8054111003875732, 13606
0.8054111003875732, 13605
0.8054111003875732, 13604
0.8054111003875732, 13603
0.8064095973968506, 13602
0.8064095973968506, 13601
0.8064095973968506, 13600
0.8064095973968506, 13599
0.8064095973968506, 13598
0.8064095973968506, 13597
0.8064095973968506, 13596
0.8064095973968506, 13595
0.8064095973968506, 13594
0.8064095973968506, 13593
0.8064095973968506, 13592
0.8064095973968506, 13591
0.8064095973968506, 13590
0.8064095973968506, 13589
0.8064095973968506, 13588
0.8074102401733398, 13587
0.8074102401733398, 13586
0.8074102401733398, 13585
0.8074102401733398, 13584
0.8074102401733398, 13583
0.8074102401733398, 13582
0.8074102401733398, 13581
0.8074102401733398, 13580
0.8074102401733398, 13579
0.8074102401733398, 13578
0.8074102401733398, 13577
0.8074102401733398, 13576
0.8074102401733398, 13575
0.8074102401733398, 13574
0.8074102401733398, 13573
0.8084096908569336, 13572
0.8084096908569336, 13571
0.8084096908569336, 13570
0.8084096908569336, 13569
0.8084096908569336, 13568
0.8084096908569336, 13567
0.8084096908569336, 13566
0.8084096908569336, 13565
0.8084096908569336, 13564
0.8084096908569336, 13563
0.8084096908569336, 13562
0.8084096908569336, 13561
0.8084096908569336, 13560
0.8084096908569336, 13559
0.8084096908569336, 13558
0.8094110488891602, 13557
0.8094110488891602, 13556
0.8094110488891602, 13555
0.8094110488891602, 13554
0.8094110488891602, 13553
0.8094110488891602, 13552
0.8094110488891602, 13551
0.8094110488891602, 13550
0.8094110488891602, 13549
0.8094110488891602, 13548
0.8094110488891602, 13547
0.8094110488891602, 13546
0.8094110488891602, 13545
0.8094110488891602, 13544
0.810410737991333, 13543
0.810410737991333, 13542
2.851717472076416, 13541
2.851717472076416, 13540
2.851717472076416, 13539
2.851717472076416, 13538
2.851717472076416, 13537
2.851717472076416, 13536
2.851717472076416, 13535
2.851717472076416, 13534
2.851717472076416, 13533
2.851717472076416, 13532
2.851717472076416, 13531
2.851717472076416, 13530
2.852717161178589, 13529
2.852717161178589, 13528
2.852717161178589, 13527
2.852717161178589, 13526
2.852717161178589, 13525
2.852717161178589, 13524
2.852717161178589, 13523
2.852717161178589, 13522
2.852717161178589, 13521
2.852717161178589, 13520
2.852717161178589, 13519
2.852717161178589, 13518
2.852717161178589, 13517
2.852717161178589, 13516
2.8537182807922363, 13515
2.8537182807922363, 13514
2.8537182807922363, 13513
2.853987693786621, 13512
2.853987693786621, 13511
2.853987693786621, 13510
2.853987693786621, 13509
2.853987693786621, 13508
2.853987693786621, 13507
2.853987693786621, 13506
2.853987693786621, 13505
2.853987693786621, 13504
2.853987693786621, 13503
2.853987693786621, 13502
2.8547184467315674, 13501
2.8547184467315674, 13500
2.8547184467315674, 13499
2.8547184467315674, 13498
2.8547184467315674, 13497
2.8547184467315674, 13496
2.8547184467315674, 13495
4.3872389793396, 13494
4.3872389793396, 13493
4.3872389793396, 13492
4.3872389793396, 13491
4.3872389793396, 13490
4.3872389793396, 13489
4.3872389793396, 13488
4.3872389793396, 13487
4.3872389793396, 13486
4.3872389793396, 13485
4.3872389793396, 13484
4.3872389793396, 13483
4.388238906860352, 13482
4.388238906860352, 13481
4.388238906860352, 13480
4.388238906860352, 13479
4.388238906860352, 13478
4.388238906860352, 13477
4.388238906860352, 13476
4.388238906860352, 13475
4.388238906860352, 13474
4.388238906860352, 13473
4.388238906860352, 13472
4.388238906860352, 13471
4.388238906860352, 13470
4.388238906860352, 13469
4.388238906860352, 13468
4.389237880706787, 13467
4.389237880706787, 13466
4.389237880706787, 13465
4.389237880706787, 13464
4.389237880706787, 13463
4.389237880706787, 13462
4.389237880706787, 13461
4.389237880706787, 13460
4.389237880706787, 13459
4.389237880706787, 13458
4.389237880706787, 13457
4.389237880706787, 13456
4.389237880706787, 13455
4.389237880706787, 13454
4.390237092971802, 13453
4.390237092971802, 13452
4.390237092971802, 13451
4.390237092971802, 13450
4.390237092971802, 13449
4.390237092971802, 13448
4.390237092971802, 13447
4.390237092971802, 13446
4.390237092971802, 13445
4.390237092971802, 13444
4.390237092971802, 13443
4.390237092971802, 13442
4.390237092971802, 13441
4.390237092971802, 13440
4.391237735748291, 13439
4.391237735748291, 13438
4.391237735748291, 13437
4.391237735748291, 13436
4.391237735748291, 13435
4.391237735748291, 13434
4.391237735748291, 13433
4.391237735748291, 13432
4.391237735748291, 13431
4.391237735748291, 13430
4.391237735748291, 13429
4.391237735748291, 13428
4.391237735748291, 13427
4.391237735748291, 13426
4.392238140106201, 13425
4.392238140106201, 13424
4.392238140106201, 13423
4.392238140106201, 13422
4.392238140106201, 13421
4.392238140106201, 13420
4.392238140106201, 13419
4.392238140106201, 13418
4.392238140106201, 13417
4.392238140106201, 13416
4.392238140106201, 13415
4.392238140106201, 13414
4.392238140106201, 13413
4.392238140106201, 13412
4.39323878288269, 13411
4.39323878288269, 13410
4.39323878288269, 13409
4.39323878288269, 13408
4.39323878288269, 13407
4.39323878288269, 13406
4.39323878288269, 13405
4.39323878288269, 13404
4.39323878288269, 13403
4.39323878288269, 13402
4.39323878288269, 13401
4.39323878288269, 13400
4.39323878288269, 13399
4.39323878288269, 13398
4.3942389488220215, 13397
4.3942389488220215, 13396
4.3942389488220215, 13395
4.3942389488220215, 13394
4.3942389488220215, 13393
4.3942389488220215, 13392
4.3942389488220215, 13391
4.3942389488220215, 13390
4.3942389488220215, 13389
4.3942389488220215, 13388
4.3942389488220215, 13387
4.3942389488220215, 13386
4.3942389488220215, 13385
4.395238876342773, 13384
4.395238876342773, 13383
4.395238876342773, 13382
4.395238876342773, 13381
4.395238876342773, 13380
4.395238876342773, 13379
4.395238876342773, 13378
4.395238876342773, 13377
4.395238876342773, 13376
4.395238876342773, 13375
4.395238876342773, 13374
4.395238876342773, 13373
4.395238876342773, 13372
4.396237373352051, 13371
4.396237373352051, 13370
4.396237373352051, 13369
4.396237373352051, 13368
4.396237373352051, 13367
4.396237373352051, 13366
4.396237373352051, 13365
4.396237373352051, 13364
4.396237373352051, 13363
4.396237373352051, 13362
4.396237373352051, 13361
4.396237373352051, 13360
4.396237373352051, 13359
4.396237373352051, 13358
4.397238731384277, 13357
4.397238731384277, 13356
4.397238731384277, 13355
4.397238731384277, 13354
4.397238731384277, 13353
4.397238731384277, 13352
4.397238731384277, 13351
4.397238731384277, 13350
4.397238731384277, 13349
4.397238731384277, 13348
4.397238731384277, 13347
4.397238731384277, 13346
4.397238731384277, 13345
4.398237943649292, 13344
4.398237943649292, 13343
4.398237943649292, 13342
4.398237943649292, 13341
4.398237943649292, 13340
4.398237943649292, 13339
4.398237943649292, 13338
4.398237943649292, 13337
4.398237943649292, 13336
4.398237943649292, 13335
4.398237943649292, 13334
4.398237943649292, 13333
4.398237943649292, 13332
4.399237394332886, 13331
4.399237394332886, 13330
4.399237394332886, 13329
4.399237394332886, 13328
4.399237394332886, 13327
4.399237394332886, 13326
4.399237394332886, 13325
4.399237394332886, 13324
4.399237394332886, 13323
4.399237394332886, 13322
4.399237394332886, 13321
4.399237394332886, 13320
4.399237394332886, 13319
4.399237394332886, 13318
4.400237560272217, 13317
4.400237560272217, 13316
4.400237560272217, 13315
4.400237560272217, 13314
4.400237560272217, 13313
4.400237560272217, 13312
4.400237560272217, 13311
4.400237560272217, 13310
4.400237560272217, 13309
4.400237560272217, 13308
4.400237560272217, 13307
4.400237560272217, 13306
4.400237560272217, 13305
4.4012370109558105, 13304
4.4012370109558105, 13303
4.4012370109558105, 13302
4.4012370109558105, 13301
4.4012370109558105, 13300
4.4012370109558105, 13299
4.4012370109558105, 13298
4.4012370109558105, 13297
4.4012370109558105, 13296
4.4012370109558105, 13295
4.4012370109558105, 13294
4.4012370109558105, 13293
4.4012370109558105, 13292
4.4012370109558105, 13291
4.402237176895142, 13290
4.402237176895142, 13289
4.402237176895142, 13288
4.402237176895142, 13287
4.402237176895142, 13286
4.402237176895142, 13285
4.402237176895142, 13284
4.402237176895142, 13283
4.402237176895142, 13282
4.402237176895142, 13281
4.402237176895142, 13280
4.402237176895142, 13279
4.402237176895142, 13278
4.403237342834473, 13277
4.403237342834473, 13276
4.403237342834473, 13275
4.403237342834473, 13274
4.403237342834473, 13273
4.403237342834473, 13272
4.403237342834473, 13271
4.403237342834473, 13270
4.403790473937988, 13269
4.403790473937988, 13268
4.403790473937988, 13267
4.403790473937988, 13266
4.403790473937988, 13265
4.403790473937988, 13264
4.404237508773804, 13263
4.404237508773804, 13262
4.404237508773804, 13261
4.404237508773804, 13260
4.404237508773804, 13259
4.404237508773804, 13258
4.404237508773804, 13257
4.404237508773804, 13256
4.404237508773804, 13255
4.404237508773804, 13254
4.404237508773804, 13253
4.404237508773804, 13252
4.404237508773804, 13251
4.405236721038818, 13250
4.405236721038818, 13249
4.405236721038818, 13248
4.405236721038818, 13247
4.405236721038818, 13246
4.405236721038818, 13245
4.405236721038818, 13244
4.405236721038818, 13243
4.405236721038818, 13242
4.405236721038818, 13241
4.405236721038818, 13240
4.405236721038818, 13239
4.405236721038818, 13238
4.406236886978149, 13237
4.406236886978149, 13236
4.406236886978149, 13235
4.406236886978149, 13234
4.406236886978149, 13233
4.406236886978149, 13232
4.406236886978149, 13231
4.406236886978149, 13230
4.406236886978149, 13229
4.406236886978149, 13228
4.406236886978149, 13227
4.406236886978149, 13226
4.406236886978149, 13225
4.407261848449707, 13224
4.407261848449707, 13223
4.407261848449707, 13222
4.407261848449707, 13221
4.407261848449707, 13220
4.407261848449707, 13219
4.407261848449707, 13218
4.407261848449707, 13217
4.407261848449707, 13216
4.407261848449707, 13215
4.407261848449707, 13214
4.407261848449707, 13213
4.407261848449707, 13212
4.408262491226196, 13211
4.408262491226196, 13210
4.408262491226196, 13209
4.408262491226196, 13208
4.408262491226196, 13207
4.408262491226196, 13206
4.408262491226196, 13205
4.408262491226196, 13204
4.408262491226196, 13203
4.408262491226196, 13202
4.408262491226196, 13201
4.408262491226196, 13200
4.408262491226196, 13199
4.409266710281372, 13198
4.409266710281372, 13197
4.409266710281372, 13196
4.409266710281372, 13195
4.409266710281372, 13194
4.409266710281372, 13193
4.409266710281372, 13192
4.409266710281372, 13191
4.409266710281372, 13190
4.409266710281372, 13189
4.409266710281372, 13188
4.409266710281372, 13187
4.409266710281372, 13186
4.410272121429443, 13185
4.410272121429443, 13184
4.410272121429443, 13183
4.410272121429443, 13182
4.410272121429443, 13181
4.410272121429443, 13180
4.410272121429443, 13179
4.410272121429443, 13178
4.410272121429443, 13177
4.410272121429443, 13176
4.410272121429443, 13175
4.410272121429443, 13174
4.411261796951294, 13173
4.411261796951294, 13172
4.411261796951294, 13171
4.411261796951294, 13170
4.411261796951294, 13169
4.411261796951294, 13168
4.411261796951294, 13167
4.411261796951294, 13166
4.411261796951294, 13165
4.411261796951294, 13164
4.411261796951294, 13163
4.411261796951294, 13162
4.411261796951294, 13161
4.4122607707977295, 13160
4.4122607707977295, 13159
4.4122607707977295, 13158
4.4122607707977295, 13157
4.4122607707977295, 13156
4.4122607707977295, 13155
4.4122607707977295, 13154
4.4122607707977295, 13153
4.4122607707977295, 13152
4.4122607707977295, 13151
4.4122607707977295, 13150
4.4122607707977295, 13149
4.4122607707977295, 13148
4.413352727890015, 13147
4.413352727890015, 13146
4.413352727890015, 13145
4.413352727890015, 13144
4.413352727890015, 13143
4.413352727890015, 13142
4.414262771606445, 13141
4.414262771606445, 13140
4.414262771606445, 13139
4.414262771606445, 13138
4.414262771606445, 13137
4.414262771606445, 13136
4.414262771606445, 13135
4.414262771606445, 13134
4.414262771606445, 13133
4.414262771606445, 13132
4.414262771606445, 13131
4.415261745452881, 13130
4.415261745452881, 13129
4.415261745452881, 13128
4.415261745452881, 13127
4.415261745452881, 13126
4.415261745452881, 13125
4.415261745452881, 13124
4.415261745452881, 13123
4.415261745452881, 13122
4.415261745452881, 13121
4.415261745452881, 13120
4.415261745452881, 13119
4.415261745452881, 13118
4.416261434555054, 13117
4.416261434555054, 13116
4.416261434555054, 13115
4.416261434555054, 13114
4.416261434555054, 13113
4.416261434555054, 13112
4.416261434555054, 13111
4.416261434555054, 13110
4.416261434555054, 13109
4.416261434555054, 13108
4.416261434555054, 13107
4.416261434555054, 13106
4.416261434555054, 13105
4.417290210723877, 13104
4.417290210723877, 13103
4.417290210723877, 13102
4.417290210723877, 13101
4.417290210723877, 13100
4.417290210723877, 13099
4.417290210723877, 13098
4.417290210723877, 13097
4.417290210723877, 13096
4.417290210723877, 13095
4.417290210723877, 13094
4.417290210723877, 13093
4.417290210723877, 13092
4.41828989982605, 13091
4.41828989982605, 13090
4.41828989982605, 13089
4.41828989982605, 13088
4.41828989982605, 13087
4.41828989982605, 13086
4.41828989982605, 13085
4.41828989982605, 13084
4.41828989982605, 13083
4.41828989982605, 13082
4.41828989982605, 13081
4.41828989982605, 13080
4.41828989982605, 13079
4.41828989982605, 13078
4.419289827346802, 13077
4.419289827346802, 13076
4.419289827346802, 13075
4.419289827346802, 13074
4.419289827346802, 13073
4.419289827346802, 13072
4.419289827346802, 13071
4.419289827346802, 13070
4.419289827346802, 13069
4.419289827346802, 13068
4.419289827346802, 13067
4.419289827346802, 13066
4.419289827346802, 13065
4.420289754867554, 13064
4.420289754867554, 13063
4.420289754867554, 13062
4.420289754867554, 13061
4.420289754867554, 13060
4.420289754867554, 13059
8.84676742553711, 10003
8.84676742553711, 10002
8.84676742553711, 10001
8.84676742553711, 10000
8.84676742553711, 9999
8.84676742553711, 9998
8.84676742553711, 9997
8.847768783569336, 9996
8.847768783569336, 9995
8.847768783569336, 9994
8.847768783569336, 9993
8.847768783569336, 9992
8.847768783569336, 9991
8.847768783569336, 9990
8.847768783569336, 9989
8.847768783569336, 9988
8.847768783569336, 9987
8.847768783569336, 9986
8.847768783569336, 9985
8.847768783569336, 9984
8.848767280578613, 9983
8.848767280578613, 9982
8.848767280578613, 9981
8.848767280578613, 9980
8.848767280578613, 9979
8.848767280578613, 9978
8.848767280578613, 9977
8.848767280578613, 9976
8.848767280578613, 9975
8.848767280578613, 9974
8.848767280578613, 9973
8.848767280578613, 9972
8.848767280578613, 9971
8.849769115447998, 9970
8.849769115447998, 9969
8.849769115447998, 9968
8.849769115447998, 9967
8.849769115447998, 9966
8.849769115447998, 9965
8.849769115447998, 9964
8.849769115447998, 9963
8.849769115447998, 9962
8.849769115447998, 9961
8.849769115447998, 9960
8.849769115447998, 9959
8.849769115447998, 9958
8.849769115447998, 9957
8.850769758224487, 9956
8.850769758224487, 9955
8.850769758224487, 9954
8.850769758224487, 9953
8.850769758224487, 9952
8.850769758224487, 9951
8.850769758224487, 9950
8.850769758224487, 9949
8.850769758224487, 9948
8.850769758224487, 9947
8.850769758224487, 9946
8.850769758224487, 9945
8.850769758224487, 9944
8.85176968574524, 9943
8.85176968574524, 9942
8.85176968574524, 9941
8.85176968574524, 9940
8.85176968574524, 9939
8.85176968574524, 9938
8.85176968574524, 9937
8.85176968574524, 9936
8.85176968574524, 9935
8.85176968574524, 9934
8.85176968574524, 9933
8.85176968574524, 9932
8.85176968574524, 9931
8.852769613265991, 9930
8.852769613265991, 9929
8.852769613265991, 9928
8.852769613265991, 9927
8.852769613265991, 9926
8.852769613265991, 9925
8.852769613265991, 9924
8.852769613265991, 9923
8.852769613265991, 9922
8.852769613265991, 9921
8.852769613265991, 9920
8.852769613265991, 9919
8.852769613265991, 9918
8.852769613265991, 9917
8.85376787185669, 9916
8.85376787185669, 9915
8.85376787185669, 9914
8.85376787185669, 9913
8.85376787185669, 9912
8.85376787185669, 9911
8.85376787185669, 9910
8.85376787185669, 9909
8.85376787185669, 9908
8.85376787185669, 9907
8.85376787185669, 9906
8.85376787185669, 9905
8.85376787185669, 9904
8.854769706726074, 9903
8.854769706726074, 9902
8.854769706726074, 9901
8.854769706726074, 9900
8.854769706726074, 9899
8.854769706726074, 9898
8.854769706726074, 9897
8.854769706726074, 9896
8.854769706726074, 9895
8.854769706726074, 9894
8.854769706726074, 9893
8.854769706726074, 9892
8.854769706726074, 9891
8.855769157409668, 9890
8.855769157409668, 9889
8.855769157409668, 9888
8.855769157409668, 9887
8.855769157409668, 9886
8.855769157409668, 9885
8.855769157409668, 9884
8.855769157409668, 9883
8.855769157409668, 9882
8.855769157409668, 9881
8.855769157409668, 9880
8.855769157409668, 9879
8.856769800186157, 9878
8.856769800186157, 9877
8.856769800186157, 9876
8.856769800186157, 9875
8.856769800186157, 9874
8.856769800186157, 9873
8.856769800186157, 9872
8.856769800186157, 9871
8.856769800186157, 9870
8.856769800186157, 9869
8.856769800186157, 9868
8.856769800186157, 9867
8.856769800186157, 9866
8.857768297195435, 9865
8.857768297195435, 9864
8.857768297195435, 9863
8.857768297195435, 9862
8.857768297195435, 9861
8.857768297195435, 9860
8.857768297195435, 9859
8.857768297195435, 9858
8.857768297195435, 9857
8.857768297195435, 9856
