0.24131393432617188, 14059
0.24131393432617188, 14058
0.24131393432617188, 14057
0.24131393432617188, 14056
0.24131393432617188, 14055
0.24131393432617188, 14054
0.24131393432617188, 14053
0.24131393432617188, 14052
0.24131393432617188, 14051
0.24231457710266113, 14050
0.24231457710266113, 14049
0.24231457710266113, 14048
0.24231457710266113, 14047
0.24231457710266113, 14046
0.24231457710266113, 14045
0.24231457710266113, 14044
0.24231457710266113, 14043
0.24231457710266113, 14042
0.24231457710266113, 14041
0.24331307411193848, 14040
0.24331307411193848, 14039
0.24331307411193848, 14038
0.24331307411193848, 14037
0.24331307411193848, 14036
0.24331307411193848, 14035
0.24331307411193848, 14034
0.24331307411193848, 14033
0.24331307411193848, 14032
0.24331307411193848, 14031
0.24331307411193848, 14030
0.24331307411193848, 14029
0.24331307411193848, 14028
0.24331307411193848, 14027
0.24431371688842773, 14026
0.24431371688842773, 14025
0.24431371688842773, 14024
0.24431371688842773, 14023
0.24431371688842773, 14022
0.24431371688842773, 14021
0.24431371688842773, 14020
0.24431371688842773, 14019
0.24431371688842773, 14018
0.24431371688842773, 14017
0.24431371688842773, 14016
0.24431371688842773, 14015
0.24431371688842773, 14014
0.24431371688842773, 14013
0.2453145980834961, 14012
0.2453145980834961, 14011
0.2453145980834961, 14010
0.2453145980834961, 14009
0.2453145980834961, 14008
0.2453145980834961, 14007
0.2453145980834961, 14006
0.2453145980834961, 14005
0.2453145980834961, 14004
0.2453145980834961, 14003
0.2453145980834961, 14002
0.2453145980834961, 14001
0.2453145980834961, 14000
0.24631428718566895, 13999
0.24631428718566895, 13998
0.24631428718566895, 13997
0.24631428718566895, 13996
0.24631428718566895, 13995
0.24631428718566895, 13994
0.24631428718566895, 13993
0.24631428718566895, 13992
0.24631428718566895, 13991
0.24631428718566895, 13990
0.24631428718566895, 13989
0.24631428718566895, 13988
0.24631428718566895, 13987
0.24631428718566895, 13986
0.2473154067993164, 13985
0.2473154067993164, 13984
0.2473154067993164, 13983
0.2473154067993164, 13982
0.2473154067993164, 13981
0.2473154067993164, 13980
0.2473154067993164, 13979
0.2473154067993164, 13978
0.2473154067993164, 13977
0.2473154067993164, 13976
0.2473154067993164, 13975
0.2473154067993164, 13974
0.2473154067993164, 13973
0.24831652641296387, 13972
0.24831652641296387, 13971
0.24831652641296387, 13970
0.24831652641296387, 13969
0.24831652641296387, 13968
0.24831652641296387, 13967
0.24831652641296387, 13966
0.24831652641296387, 13965
0.24831652641296387, 13964
0.24831652641296387, 13963
0.24831652641296387, 13962
0.24831652641296387, 13961
0.24831652641296387, 13960
0.24831652641296387, 13959
0.24931645393371582, 13958
0.24931645393371582, 13957
0.24931645393371582, 13956
0.24931645393371582, 13955
0.24931645393371582, 13954
0.24931645393371582, 13953
0.24931645393371582, 13952
0.24931645393371582, 13951
0.24931645393371582, 13950
0.24931645393371582, 13949
0.24931645393371582, 13948
0.24931645393371582, 13947
0.2503175735473633, 13946
0.2503175735473633, 13945
0.2503175735473633, 13944
0.2503175735473633, 13943
0.2503175735473633, 13942
0.2503175735473633, 13941
0.2503175735473633, 13940
0.2503175735473633, 13939
0.2503175735473633, 13938
0.2503175735473633, 13937
0.2503175735473633, 13936
0.2503175735473633, 13935
0.2503175735473633, 13934
0.2513148784637451, 13933
0.2513148784637451, 13932
0.2513148784637451, 13931
0.2513148784637451, 13930
0.2513148784637451, 13929
0.2513148784637451, 13928
0.2513148784637451, 13927
0.2513148784637451, 13926
0.2513148784637451, 13925
0.2513148784637451, 13924
0.2513148784637451, 13923
0.2513148784637451, 13922
0.25231361389160156, 13921
0.25231361389160156, 13920
0.25231361389160156, 13919
0.25231361389160156, 13918
0.25231361389160156, 13917
0.25231361389160156, 13916
0.25231361389160156, 13915
0.25231361389160156, 13914
0.25231361389160156, 13913
0.25231361389160156, 13912
0.25231361389160156, 13911
0.25231361389160156, 13910
0.2533133029937744, 13909
0.2533133029937744, 13908
0.2533133029937744, 13907
0.2533133029937744, 13906
0.2533133029937744, 13905
0.2533133029937744, 13904
0.2533133029937744, 13903
0.2533133029937744, 13902
0.2533133029937744, 13901
0.2533133029937744, 13900
0.2533133029937744, 13899
0.2533133029937744, 13898
0.2533133029937744, 13897
0.2543156147003174, 13896
0.2543156147003174, 13895
0.2543156147003174, 13894
0.2543156147003174, 13893
0.2543156147003174, 13892
0.2543156147003174, 13891
0.2543156147003174, 13890
0.2543156147003174, 13889
0.2543156147003174, 13888
0.2543156147003174, 13887
0.2543156147003174, 13886
0.2543156147003174, 13885
0.2543156147003174, 13884
0.25531554222106934, 13883
0.25531554222106934, 13882
0.25531554222106934, 13881
0.25531554222106934, 13880
0.25531554222106934, 13879
0.25531554222106934, 13878
0.25531554222106934, 13877
0.25531554222106934, 13876
0.25531554222106934, 13875
0.25531554222106934, 13874
0.25531554222106934, 13873
0.25531554222106934, 13872
0.2563157081604004, 13871
0.2563157081604004, 13870
0.2563157081604004, 13869
0.2563157081604004, 13868
0.2563157081604004, 13867
0.2563157081604004, 13866
0.2563157081604004, 13865
0.2563157081604004, 13864
0.2563157081604004, 13863
0.2563157081604004, 13862
0.2563157081604004, 13861
0.2563157081604004, 13860
0.25731682777404785, 13859
0.25731682777404785, 13858
0.25731682777404785, 13857
0.25731682777404785, 13856
0.25731682777404785, 13855
0.25731682777404785, 13854
0.25731682777404785, 13853
0.25731682777404785, 13852
0.25731682777404785, 13851
0.25731682777404785, 13850
0.25731682777404785, 13849
0.25731682777404785, 13848
0.2583160400390625, 13847
0.2583160400390625, 13846
0.2583160400390625, 13845
0.2583160400390625, 13844
0.2583160400390625, 13843
0.2583160400390625, 13842
0.2583160400390625, 13841
0.2583160400390625, 13840
0.2583160400390625, 13839
0.2583160400390625, 13838
0.2583160400390625, 13837
0.2583160400390625, 13836
0.2583160400390625, 13835
0.25931477546691895, 13834
0.25931477546691895, 13833
0.25931477546691895, 13832
0.25931477546691895, 13831
0.25931477546691895, 13830
0.25931477546691895, 13829
0.25931477546691895, 13828
0.25931477546691895, 13827
0.25931477546691895, 13826
0.25931477546691895, 13825
0.25931477546691895, 13824
0.25931477546691895, 13823
0.260312557220459, 13822
0.260312557220459, 13821
0.260312557220459, 13820
0.260312557220459, 13819
0.260312557220459, 13818
0.260312557220459, 13817
0.260312557220459, 13816
0.260312557220459, 13815
0.260312557220459, 13814
0.260312557220459, 13813
0.260312557220459, 13812
0.260312557220459, 13811
0.26131534576416016, 13810
0.26131534576416016, 13809
0.26131534576416016, 13808
0.26131534576416016, 13807
0.26131534576416016, 13806
0.26131534576416016, 13805
0.26131534576416016, 13804
0.26131534576416016, 13803
0.26131534576416016, 13802
0.26131534576416016, 13801
0.26131534576416016, 13800
0.26131534576416016, 13799
0.26131534576416016, 13798
0.262312650680542, 13797
0.262312650680542, 13796
0.262312650680542, 13795
0.262312650680542, 13794
0.262312650680542, 13793
0.262312650680542, 13792
0.262312650680542, 13791
0.262312650680542, 13790
0.262312650680542, 13789
0.262312650680542, 13788
0.262312650680542, 13787
0.262312650680542, 13786
0.26331496238708496, 13785
0.26331496238708496, 13784
0.26331496238708496, 13783
0.26331496238708496, 13782
0.26331496238708496, 13781
0.26331496238708496, 13780
0.26331496238708496, 13779
0.26331496238708496, 13778
0.26331496238708496, 13777
0.26331496238708496, 13776
0.26331496238708496, 13775
0.26331496238708496, 13774
0.26331496238708496, 13773
0.2643144130706787, 13772
0.2643144130706787, 13771
0.2643144130706787, 13770
0.2643144130706787, 13769
0.2643144130706787, 13768
0.2643144130706787, 13767
0.2643144130706787, 13766
0.2643144130706787, 13765
0.2643144130706787, 13764
0.2643144130706787, 13763
0.2643144130706787, 13762
0.2643144130706787, 13761
0.26531434059143066, 13760
0.26531434059143066, 13759
0.26560306549072266, 13758
0.26560306549072266, 13757
0.26560306549072266, 13756
0.26560306549072266, 13755
0.26560306549072266, 13754
0.26560306549072266, 13753
0.2663145065307617, 13752
0.2663145065307617, 13751
0.2663145065307617, 13750
0.2663145065307617, 13749
0.2663145065307617, 13748
0.2663145065307617, 13747
0.2663145065307617, 13746
0.2663145065307617, 13745
0.2663145065307617, 13744
0.2663145065307617, 13743
0.2673172950744629, 13742
0.2673172950744629, 13741
0.2673172950744629, 13740
0.2673172950744629, 13739
0.2673172950744629, 13738
0.2673172950744629, 13737
0.2673172950744629, 13736
0.2673172950744629, 13735
0.26831746101379395, 13734
0.26831746101379395, 13733
0.26831746101379395, 13732
0.26831746101379395, 13731
0.26831746101379395, 13730
0.26831746101379395, 13729
0.26831746101379395, 13728
0.26831746101379395, 13727
0.26831746101379395, 13726
0.26831746101379395, 13725
0.26831746101379395, 13724
0.269315242767334, 13723
0.269315242767334, 13722
0.269315242767334, 13721
0.269315242767334, 13720
0.269315242767334, 13719
0.269315242767334, 13718
0.269315242767334, 13717
0.269315242767334, 13716
0.269315242767334, 13715
0.269315242767334, 13714
0.269315242767334, 13713
0.27031517028808594, 13712
0.27031517028808594, 13711
0.27031517028808594, 13710
0.27031517028808594, 13709
0.27031517028808594, 13708
0.27031517028808594, 13707
0.27031517028808594, 13706
0.27031517028808594, 13705
0.27031517028808594, 13704
0.27031517028808594, 13703
0.27031517028808594, 13702
0.2713158130645752, 13701
0.2713158130645752, 13700
0.2713158130645752, 13699
0.2713158130645752, 13698
0.2713158130645752, 13697
0.2713158130645752, 13696
0.2713158130645752, 13695
0.2713158130645752, 13694
0.2713158130645752, 13693
0.2713158130645752, 13692
0.2713158130645752, 13691
0.2713158130645752, 13690
0.27231383323669434, 13689
0.27231383323669434, 13688
0.27231383323669434, 13687
0.27231383323669434, 13686
0.27231383323669434, 13685
0.27231383323669434, 13684
0.27231383323669434, 13683
0.27231383323669434, 13682
0.27231383323669434, 13681
0.27231383323669434, 13680
0.2733139991760254, 13679
0.2733139991760254, 13678
0.2733139991760254, 13677
0.2733139991760254, 13676
0.2733139991760254, 13675
0.2733139991760254, 13674
0.2733139991760254, 13673
0.2733139991760254, 13672
0.2733139991760254, 13671
0.2733139991760254, 13670
0.2733139991760254, 13669
0.2733139991760254, 13668
0.2733139991760254, 13667
0.27431392669677734, 13666
0.27431392669677734, 13665
0.27431392669677734, 13664
0.27431392669677734, 13663
0.27431392669677734, 13662
0.27431392669677734, 13661
0.27431392669677734, 13660
0.27431392669677734, 13659
0.27431392669677734, 13658
0.27431392669677734, 13657
0.27431392669677734, 13656
0.27431392669677734, 13655
0.27431392669677734, 13654
0.2753145694732666, 13653
0.2753145694732666, 13652
0.2753145694732666, 13651
0.2753145694732666, 13650
0.2753145694732666, 13649
0.2753145694732666, 13648
0.2753145694732666, 13647
0.2753145694732666, 13646
0.2753145694732666, 13645
0.2753145694732666, 13644
0.2753145694732666, 13643
0.2753145694732666, 13642
0.2753145694732666, 13641
0.2753145694732666, 13640
0.2763185501098633, 13639
0.2763185501098633, 13638
0.2763185501098633, 13637
0.2763185501098633, 13636
0.2763185501098633, 13635
0.2763185501098633, 13634
0.2763185501098633, 13633
0.2763185501098633, 13632
0.2763185501098633, 13631
0.2763185501098633, 13630
0.2763185501098633, 13629
0.2763185501098633, 13628
0.2763185501098633, 13627
0.2773165702819824, 13626
0.2773165702819824, 13625
0.2773165702819824, 13624
0.2773165702819824, 13623
0.2773165702819824, 13622
0.2773165702819824, 13621
0.2773165702819824, 13620
0.2773165702819824, 13619
0.2773165702819824, 13618
0.2773165702819824, 13617
0.2773165702819824, 13616
0.2773165702819824, 13615
0.2773165702819824, 13614
0.27831435203552246, 13613
0.27831435203552246, 13612
0.27831435203552246, 13611
0.27831435203552246, 13610
0.27831435203552246, 13609
0.27831435203552246, 13608
0.27831435203552246, 13607
0.27831435203552246, 13606
0.27831435203552246, 13605
0.27831435203552246, 13604
0.27831435203552246, 13603
0.27831435203552246, 13602
0.27831435203552246, 13601
0.2793142795562744, 13600
0.2793142795562744, 13599
0.2793142795562744, 13598
0.2793142795562744, 13597
0.2793142795562744, 13596
0.2793142795562744, 13595
0.2793142795562744, 13594
0.2793142795562744, 13593
0.2793142795562744, 13592
0.2793142795562744, 13591
0.2793142795562744, 13590
0.2793142795562744, 13589
0.2793142795562744, 13588
0.280315637588501, 13587
0.280315637588501, 13586
0.280315637588501, 13585
0.280315637588501, 13584
0.280315637588501, 13583
0.280315637588501, 13582
0.280315637588501, 13581
0.280315637588501, 13580
0.280315637588501, 13579
0.280315637588501, 13578
0.280315637588501, 13577
0.280315637588501, 13576
0.280315637588501, 13575
0.28131628036499023, 13574
0.28131628036499023, 13573
0.28131628036499023, 13572
0.28131628036499023, 13571
0.28131628036499023, 13570
0.28131628036499023, 13569
0.28131628036499023, 13568
0.28131628036499023, 13567
0.28131628036499023, 13566
0.28131628036499023, 13565
0.28131628036499023, 13564
0.28131628036499023, 13563
0.2823173999786377, 13562
0.2823173999786377, 13561
0.2823173999786377, 13560
0.2823173999786377, 13559
0.2823173999786377, 13558
0.2823173999786377, 13557
0.2823173999786377, 13556
0.2823173999786377, 13555
0.2823173999786377, 13554
0.2823173999786377, 13553
0.2823173999786377, 13552
0.2823173999786377, 13551
0.2823173999786377, 13550
0.2833130359649658, 13549
0.2833130359649658, 13548
0.2833130359649658, 13547
0.2833130359649658, 13546
0.2833130359649658, 13545
0.2833130359649658, 13544
0.2833130359649658, 13543
0.2833130359649658, 13542
0.2833130359649658, 13541
0.2833130359649658, 13540
0.2833130359649658, 13539
0.2833130359649658, 13538
0.2843163013458252, 13537
0.2843163013458252, 13536
0.2843163013458252, 13535
0.2843163013458252, 13534
0.2843163013458252, 13533
0.2843163013458252, 13532
0.2843163013458252, 13531
0.2843163013458252, 13530
0.2843163013458252, 13529
0.2843163013458252, 13528
0.2843163013458252, 13527
0.2843163013458252, 13526
0.2843163013458252, 13525
0.28531670570373535, 13524
0.28531670570373535, 13523
0.28531670570373535, 13522
0.28531670570373535, 13521
0.28531670570373535, 13520
0.28531670570373535, 13519
0.28531670570373535, 13518
0.28531670570373535, 13517
0.28531670570373535, 13516
0.28531670570373535, 13515
0.28531670570373535, 13514
0.28531670570373535, 13513
0.2863166332244873, 13512
0.2863166332244873, 13511
0.2863166332244873, 13510
0.2863166332244873, 13509
0.2863166332244873, 13508
0.2863166332244873, 13507
0.2863166332244873, 13506
0.2863166332244873, 13505
0.2863166332244873, 13504
0.2863166332244873, 13503
0.2863166332244873, 13502
0.2863166332244873, 13501
0.2863166332244873, 13500
0.28731775283813477, 13499
0.28731775283813477, 13498
0.28731775283813477, 13497
3.2242631912231445, 13496
3.2242631912231445, 13495
3.2242631912231445, 13494
3.2242631912231445, 13493
3.2242631912231445, 13492
3.2242631912231445, 13491
3.2242631912231445, 13490
3.2242631912231445, 13489
3.2242631912231445, 13488
3.2242631912231445, 13487
3.2242631912231445, 13486
3.2252659797668457, 13485
3.2252659797668457, 13484
3.2252659797668457, 13483
3.2252659797668457, 13482
3.2252659797668457, 13481
3.2252659797668457, 13480
3.2252659797668457, 13479
3.2252659797668457, 13478
3.2252659797668457, 13477
3.2252659797668457, 13476
3.2252659797668457, 13475
3.2252659797668457, 13474
3.2262632846832275, 13473
3.2262632846832275, 13472
3.2262632846832275, 13471
6.580008029937744, 13470
6.580008029937744, 13469
6.580008029937744, 13468
6.580008029937744, 13467
6.580008029937744, 13466
6.580008029937744, 13465
6.580008029937744, 13464
6.5810089111328125, 13463
6.5810089111328125, 13462
6.5810089111328125, 13461
6.5810089111328125, 13460
6.5810089111328125, 13459
6.5810089111328125, 13458
6.5810089111328125, 13457
6.5810089111328125, 13456
6.5810089111328125, 13455
6.5810089111328125, 13454
6.5810089111328125, 13453
6.5810089111328125, 13452
6.582008600234985, 13451
6.582008600234985, 13450
6.582008600234985, 13449
6.582008600234985, 13448
6.582008600234985, 13447
6.582008600234985, 13446
6.582008600234985, 13445
6.582008600234985, 13444
6.582008600234985, 13443
6.582008600234985, 13442
6.582008600234985, 13441
6.582008600234985, 13440
6.582008600234985, 13439
6.583009481430054, 13438
6.583009481430054, 13437
6.583009481430054, 13436
6.583009481430054, 13435
6.583009481430054, 13434
6.583009481430054, 13433
6.583009481430054, 13432
6.583009481430054, 13431
6.584008455276489, 13430
6.584008455276489, 13429
6.584008455276489, 13428
6.584008455276489, 13427
6.584008455276489, 13426
6.584008455276489, 13425
6.584008455276489, 13424
6.584008455276489, 13423
6.584008455276489, 13422
6.584008455276489, 13421
6.585009813308716, 13420
6.585009813308716, 13419
6.585009813308716, 13418
6.585009813308716, 13417
6.585009813308716, 13416
6.585009813308716, 13415
6.585009813308716, 13414
6.585009813308716, 13413
6.585009813308716, 13412
6.585009813308716, 13411
6.585009813308716, 13410
6.585009813308716, 13409
6.586009502410889, 13408
6.586009502410889, 13407
6.586009502410889, 13406
6.586009502410889, 13405
6.586009502410889, 13404
6.586009502410889, 13403
6.586009502410889, 13402
6.586009502410889, 13401
6.586009502410889, 13400
6.586009502410889, 13399
6.586009502410889, 13398
6.586009502410889, 13397
6.587010145187378, 13396
6.587010145187378, 13395
6.587010145187378, 13394
6.587010145187378, 13393
6.587010145187378, 13392
6.587010145187378, 13391
6.587010145187378, 13390
6.587010145187378, 13389
6.587010145187378, 13388
6.587010145187378, 13387
6.587010145187378, 13386
6.587010145187378, 13385
6.5880115032196045, 13384
6.5880115032196045, 13383
6.5880115032196045, 13382
6.5880115032196045, 13381
6.5880115032196045, 13380
6.5880115032196045, 13379
6.5880115032196045, 13378
6.5880115032196045, 13377
6.5880115032196045, 13376
6.5880115032196045, 13375
6.5880115032196045, 13374
6.5880115032196045, 13373
6.58901047706604, 13372
6.58901047706604, 13371
6.58901047706604, 13370
6.58901047706604, 13369
6.58901047706604, 13368
6.58901047706604, 13367
6.58901047706604, 13366
6.58901047706604, 13365
6.58901047706604, 13364
6.58901047706604, 13363
6.58901047706604, 13362
6.58901047706604, 13361
6.590008497238159, 13360
6.590008497238159, 13359
6.590008497238159, 13358
6.590008497238159, 13357
6.590008497238159, 13356
6.590008497238159, 13355
6.590008497238159, 13354
6.590008497238159, 13353
6.590008497238159, 13352
6.590008497238159, 13351
6.590008497238159, 13350
6.590008497238159, 13349
6.591009855270386, 13348
6.591009855270386, 13347
6.591009855270386, 13346
