0.17213177680969238, 14012
0.17213177680969238, 14011
0.17213177680969238, 14010
0.17213177680969238, 14009
0.17213177680969238, 14008
0.17213177680969238, 14007
0.17213177680969238, 14006
0.172607421875, 14005
0.172607421875, 14004
0.172607421875, 14003
0.172607421875, 14002
0.172607421875, 14001
0.172607421875, 14000
0.172607421875, 13999
0.172607421875, 13998
0.172607421875, 13997
0.17313194274902344, 13996
0.17313194274902344, 13995
0.17313194274902344, 13994
0.17313194274902344, 13993
0.17313194274902344, 13992
0.17313194274902344, 13991
0.17313194274902344, 13990
0.17313194274902344, 13989
0.17313194274902344, 13988
0.17313194274902344, 13987
0.17313194274902344, 13986
0.17313194274902344, 13985
0.17313194274902344, 13984
0.17313194274902344, 13983
0.17313194274902344, 13982
0.1741318702697754, 13981
0.1741318702697754, 13980
0.1741318702697754, 13979
0.1741318702697754, 13978
0.1741318702697754, 13977
0.1741318702697754, 13976
0.1741318702697754, 13975
0.1741318702697754, 13974
0.1741318702697754, 13973
0.1741318702697754, 13972
0.1741318702697754, 13971
0.1741318702697754, 13970
0.1741318702697754, 13969
0.1741318702697754, 13968
0.1741318702697754, 13967
0.17513179779052734, 13966
0.17513179779052734, 13965
0.17513179779052734, 13964
0.17513179779052734, 13963
0.17513179779052734, 13962
0.17513179779052734, 13961
0.3541398048400879, 13960
0.3541398048400879, 13959
0.3541398048400879, 13958
0.7031164169311523, 13957
0.7041172981262207, 13956
0.7041172981262207, 13955
0.7041172981262207, 13954
0.7041172981262207, 13953
0.7041172981262207, 13952
0.7041172981262207, 13951
0.7041172981262207, 13950
0.7041172981262207, 13949
0.7041172981262207, 13948
0.7041172981262207, 13947
0.7041172981262207, 13946
0.7041172981262207, 13945
0.7041172981262207, 13944
0.7041172981262207, 13943
0.7041172981262207, 13942
0.7051169872283936, 13941
0.7051169872283936, 13940
0.7051169872283936, 13939
0.7051169872283936, 13938
0.7051169872283936, 13937
0.7051169872283936, 13936
0.7051169872283936, 13935
0.7051169872283936, 13934
0.7051169872283936, 13933
0.7051169872283936, 13932
0.7051169872283936, 13931
0.7051169872283936, 13930
0.7051169872283936, 13929
0.7051169872283936, 13928
0.7051169872283936, 13927
0.7051169872283936, 13926
0.7061169147491455, 13925
0.7061169147491455, 13924
0.7061169147491455, 13923
0.7061169147491455, 13922
0.7061169147491455, 13921
0.7061169147491455, 13920
0.7061169147491455, 13919
0.7061169147491455, 13918
0.7061169147491455, 13917
0.7061169147491455, 13916
0.7061169147491455, 13915
0.7061169147491455, 13914
0.7061169147491455, 13913
0.7061169147491455, 13912
0.7061169147491455, 13911
0.7071168422698975, 13910
0.7071168422698975, 13909
0.7071168422698975, 13908
0.7071168422698975, 13907
0.7071168422698975, 13906
0.7071168422698975, 13905
0.7071168422698975, 13904
0.7071168422698975, 13903
0.7071168422698975, 13902
0.7071168422698975, 13901
0.7071168422698975, 13900
0.7071168422698975, 13899
0.7071168422698975, 13898
0.7071168422698975, 13897
0.7071168422698975, 13896
0.7071168422698975, 13895
0.7081959247589111, 13894
0.7081959247589111, 13893
0.7081959247589111, 13892
0.7081959247589111, 13891
0.7081959247589111, 13890
0.7081959247589111, 13889
0.7081959247589111, 13888
0.7081959247589111, 13887
0.7081959247589111, 13886
0.7081959247589111, 13885
0.7081959247589111, 13884
0.7081959247589111, 13883
0.7081959247589111, 13882
0.7081959247589111, 13881
0.7081959247589111, 13880
0.709197998046875, 13879
0.709197998046875, 13878
0.709197998046875, 13877
0.709197998046875, 13876
0.709197998046875, 13875
0.709197998046875, 13874
0.709197998046875, 13873
0.709197998046875, 13872
0.709197998046875, 13871
0.709197998046875, 13870
0.709197998046875, 13869
0.709197998046875, 13868
0.709197998046875, 13867
0.709197998046875, 13866
0.7101967334747314, 13865
0.7101967334747314, 13864
0.7101967334747314, 13863
0.7101967334747314, 13862
0.7101967334747314, 13861
0.7101967334747314, 13860
0.7101967334747314, 13859
0.7101967334747314, 13858
0.7101967334747314, 13857
0.7101967334747314, 13856
0.7101967334747314, 13855
0.7101967334747314, 13854
0.7101967334747314, 13853
0.7101967334747314, 13852
0.7101967334747314, 13851
0.7111966609954834, 13850
0.7111966609954834, 13849
0.7111966609954834, 13848
0.7111966609954834, 13847
0.7111966609954834, 13846
0.7111966609954834, 13845
0.7111966609954834, 13844
0.7111966609954834, 13843
0.7111966609954834, 13842
0.7111966609954834, 13841
0.7111966609954834, 13840
0.7111966609954834, 13839
0.7111966609954834, 13838
0.7111966609954834, 13837
0.7121973037719727, 13836
0.7121973037719727, 13835
0.7121973037719727, 13834
0.7121973037719727, 13833
0.7121973037719727, 13832
0.7121973037719727, 13831
0.7121973037719727, 13830
0.7121973037719727, 13829
0.7121973037719727, 13828
0.7121973037719727, 13827
0.7121973037719727, 13826
0.7121973037719727, 13825
0.7121973037719727, 13824
0.7121973037719727, 13823
0.7121973037719727, 13822
0.7121973037719727, 13821
0.7131965160369873, 13820
0.7131965160369873, 13819
0.7131965160369873, 13818
0.7131965160369873, 13817
0.7131965160369873, 13816
0.7131965160369873, 13815
0.7131965160369873, 13814
0.7131965160369873, 13813
0.7131965160369873, 13812
0.7131965160369873, 13811
0.7131965160369873, 13810
0.7131965160369873, 13809
0.7131965160369873, 13808
0.7131965160369873, 13807
0.7131965160369873, 13806
0.7141962051391602, 13805
0.7141962051391602, 13804
0.7141962051391602, 13803
0.7141962051391602, 13802
0.7141962051391602, 13801
0.7141962051391602, 13800
0.7141962051391602, 13799
0.7141962051391602, 13798
0.7141962051391602, 13797
0.7141962051391602, 13796
0.7141962051391602, 13795
0.7141962051391602, 13794
0.7141962051391602, 13793
0.7141962051391602, 13792
0.7141962051391602, 13791
0.7151961326599121, 13790
0.7151961326599121, 13789
0.7151961326599121, 13788
0.7151961326599121, 13787
0.7151961326599121, 13786
0.7151961326599121, 13785
0.7151961326599121, 13784
0.7151961326599121, 13783
0.7151961326599121, 13782
0.7151961326599121, 13781
0.7151961326599121, 13780
0.7151961326599121, 13779
0.7151961326599121, 13778
0.7151961326599121, 13777
0.7151961326599121, 13776
0.7151961326599121, 13775
0.7161962985992432, 13774
0.7161962985992432, 13773
0.7161962985992432, 13772
0.7161962985992432, 13771
0.7161962985992432, 13770
0.7161962985992432, 13769
0.7161962985992432, 13768
0.7161962985992432, 13767
0.7161962985992432, 13766
0.7161962985992432, 13765
0.7161962985992432, 13764
0.7161962985992432, 13763
0.7161962985992432, 13762
0.7161962985992432, 13761
0.7161962985992432, 13760
0.7171962261199951, 13759
0.7171962261199951, 13758
0.7171962261199951, 13757
0.7171962261199951, 13756
0.7171962261199951, 13755
0.7171962261199951, 13754
0.7171962261199951, 13753
0.7171962261199951, 13752
0.7171962261199951, 13751
0.7171962261199951, 13750
0.7171962261199951, 13749
0.7171962261199951, 13748
0.7171962261199951, 13747
0.7171962261199951, 13746
0.7171962261199951, 13745
0.7181966304779053, 13744
0.7181966304779053, 13743
0.7181966304779053, 13742
0.7181966304779053, 13741
0.7181966304779053, 13740
0.7181966304779053, 13739
0.7181966304779053, 13738
0.7181966304779053, 13737
0.7181966304779053, 13736
0.7181966304779053, 13735
0.7181966304779053, 13734
0.7181966304779053, 13733
0.7181966304779053, 13732
0.7181966304779053, 13731
0.7181966304779053, 13730
0.7191965579986572, 13729
0.7191965579986572, 13728
0.7191965579986572, 13727
0.7191965579986572, 13726
0.7191965579986572, 13725
0.7191965579986572, 13724
0.7191965579986572, 13723
0.7191965579986572, 13722
0.7191965579986572, 13721
0.7191965579986572, 13720
0.7191965579986572, 13719
0.7191965579986572, 13718
0.7191965579986572, 13717
0.7191965579986572, 13716
0.7191965579986572, 13715
0.7201962471008301, 13714
0.7201962471008301, 13713
0.7201962471008301, 13712
0.7201962471008301, 13711
0.7201962471008301, 13710
0.7201962471008301, 13709
0.7201962471008301, 13708
0.7201962471008301, 13707
0.7201962471008301, 13706
0.7201962471008301, 13705
0.7201962471008301, 13704
0.7201962471008301, 13703
0.7201962471008301, 13702
0.7201962471008301, 13701
0.7201962471008301, 13700
0.721196174621582, 13699
0.721196174621582, 13698
0.721196174621582, 13697
0.721196174621582, 13696
0.721196174621582, 13695
0.721196174621582, 13694
0.721196174621582, 13693
0.721196174621582, 13692
0.721196174621582, 13691
0.721196174621582, 13690
0.721196174621582, 13689
0.721196174621582, 13688
0.721196174621582, 13687
0.721196174621582, 13686
0.721196174621582, 13685
0.721196174621582, 13684
0.7221963405609131, 13683
0.7221963405609131, 13682
0.7221963405609131, 13681
0.7221963405609131, 13680
0.7221963405609131, 13679
0.7221963405609131, 13678
0.7221963405609131, 13677
0.7221963405609131, 13676
0.7221963405609131, 13675
0.7221963405609131, 13674
0.7221963405609131, 13673
0.7221963405609131, 13672
0.7221963405609131, 13671
0.7221963405609131, 13670
0.7221963405609131, 13669
0.7231965065002441, 13668
0.7231965065002441, 13667
0.7231965065002441, 13666
0.7231965065002441, 13665
0.7231965065002441, 13664
0.7231965065002441, 13663
0.7231965065002441, 13662
0.7231965065002441, 13661
0.7231965065002441, 13660
0.7231965065002441, 13659
0.7231965065002441, 13658
0.7231965065002441, 13657
0.7231965065002441, 13656
0.7231965065002441, 13655
0.7231965065002441, 13654
0.7241959571838379, 13653
0.7241959571838379, 13652
0.7241959571838379, 13651
0.7241959571838379, 13650
0.7241959571838379, 13649
0.7241959571838379, 13648
0.7241959571838379, 13647
0.7241959571838379, 13646
0.7241959571838379, 13645
0.7241959571838379, 13644
0.7241959571838379, 13643
0.7241959571838379, 13642
0.7241959571838379, 13641
0.7241959571838379, 13640
0.7251968383789062, 13639
0.7251968383789062, 13638
0.7251968383789062, 13637
0.7251968383789062, 13636
0.7251968383789062, 13635
0.7251968383789062, 13634
0.7251968383789062, 13633
0.7251968383789062, 13632
0.7251968383789062, 13631
0.7251968383789062, 13630
0.7251968383789062, 13629
0.7251968383789062, 13628
0.7251968383789062, 13627
0.7251968383789062, 13626
0.7251968383789062, 13625
0.7262599468231201, 13624
0.7262599468231201, 13623
0.7262599468231201, 13622
0.7262599468231201, 13621
0.7262599468231201, 13620
0.7262599468231201, 13619
0.7262599468231201, 13618
0.7262599468231201, 13617
0.7262599468231201, 13616
0.7262599468231201, 13615
0.7262599468231201, 13614
0.7262599468231201, 13613
0.7262599468231201, 13612
0.7262599468231201, 13611
0.727196216583252, 13610
0.727196216583252, 13609
0.727196216583252, 13608
0.727196216583252, 13607
0.727196216583252, 13606
0.727196216583252, 13605
0.727196216583252, 13604
0.727196216583252, 13603
0.727196216583252, 13602
0.727196216583252, 13601
0.727196216583252, 13600
0.727196216583252, 13599
0.727196216583252, 13598
0.727196216583252, 13597
0.727196216583252, 13596
0.727196216583252, 13595
0.728196382522583, 13594
0.728196382522583, 13593
0.728196382522583, 13592
0.728196382522583, 13591
0.728196382522583, 13590
0.728196382522583, 13589
0.728196382522583, 13588
0.728196382522583, 13587
0.728196382522583, 13586
0.728196382522583, 13585
0.728196382522583, 13584
0.728196382522583, 13583
0.728196382522583, 13582
0.728196382522583, 13581
0.728196382522583, 13580
0.7292206287384033, 13579
0.7292206287384033, 13578
0.7292206287384033, 13577
0.7292206287384033, 13576
0.7292206287384033, 13575
0.7292206287384033, 13574
0.7292206287384033, 13573
0.7292206287384033, 13572
0.7292206287384033, 13571
0.7292206287384033, 13570
0.7292206287384033, 13569
0.7292206287384033, 13568
0.7292206287384033, 13567
0.7292206287384033, 13566
0.7292206287384033, 13565
0.7302215099334717, 13564
0.7302215099334717, 13563
0.7302215099334717, 13562
0.7302215099334717, 13561
0.7302215099334717, 13560
0.7302215099334717, 13559
0.7302215099334717, 13558
0.7302215099334717, 13557
0.7302215099334717, 13556
0.7302215099334717, 13555
0.7302215099334717, 13554
0.7302215099334717, 13553
0.7302215099334717, 13552
0.7302215099334717, 13551
0.7302215099334717, 13550
0.7312204837799072, 13549
0.7312204837799072, 13548
0.7312204837799072, 13547
0.7312204837799072, 13546
0.7312204837799072, 13545
0.7312204837799072, 13544
0.7312204837799072, 13543
0.7312204837799072, 13542
0.7312204837799072, 13541
0.7312204837799072, 13540
0.7312204837799072, 13539
0.7312204837799072, 13538
0.7312204837799072, 13537
0.7312204837799072, 13536
0.7312204837799072, 13535
0.7322204113006592, 13534
0.7322204113006592, 13533
0.7322204113006592, 13532
0.7322204113006592, 13531
0.7322204113006592, 13530
0.7322204113006592, 13529
0.7322204113006592, 13528
0.7322204113006592, 13527
0.7322204113006592, 13526
0.7322204113006592, 13525
0.7322204113006592, 13524
0.7322204113006592, 13523
0.7322204113006592, 13522
0.7322204113006592, 13521
0.7322204113006592, 13520
0.7332203388214111, 13519
0.7332203388214111, 13518
0.7332203388214111, 13517
0.7332203388214111, 13516
0.7332203388214111, 13515
0.7332203388214111, 13514
0.7332203388214111, 13513
0.7332203388214111, 13512
0.7332203388214111, 13511
0.7332203388214111, 13510
0.7332203388214111, 13509
0.7332203388214111, 13508
0.7332203388214111, 13507
0.7332203388214111, 13506
0.7332203388214111, 13505
0.7342205047607422, 13504
0.7342205047607422, 13503
0.7342205047607422, 13502
0.7342205047607422, 13501
0.7342205047607422, 13500
0.7342205047607422, 13499
0.7342205047607422, 13498
0.7342205047607422, 13497
0.7342205047607422, 13496
0.7342205047607422, 13495
0.7342205047607422, 13494
0.7342205047607422, 13493
0.7342205047607422, 13492
0.7342205047607422, 13491
0.7342205047607422, 13490
0.7352204322814941, 13489
0.7352204322814941, 13488
0.7352204322814941, 13487
0.7352204322814941, 13486
0.7352204322814941, 13485
0.7352204322814941, 13484
0.7352204322814941, 13483
0.7352204322814941, 13482
0.7352204322814941, 13481
0.7352204322814941, 13480
0.7352204322814941, 13479
0.7352204322814941, 13478
0.7352204322814941, 13477
0.7360777854919434, 13476
0.7360777854919434, 13475
0.7362205982208252, 13474
0.7362205982208252, 13473
0.7362205982208252, 13472
0.7362205982208252, 13471
0.7362205982208252, 13470
0.7362205982208252, 13469
0.7362205982208252, 13468
0.7362205982208252, 13467
0.7362205982208252, 13466
0.7362205982208252, 13465
0.7362205982208252, 13464
0.7362205982208252, 13463
0.7362205982208252, 13462
0.7362205982208252, 13461
0.7362205982208252, 13460
0.7372205257415771, 13459
0.7372205257415771, 13458
0.7372205257415771, 13457
0.7372205257415771, 13456
0.7372205257415771, 13455
0.7372205257415771, 13454
0.7372205257415771, 13453
0.7372205257415771, 13452
0.7372205257415771, 13451
0.7372205257415771, 13450
0.7372205257415771, 13449
0.7372205257415771, 13448
0.7372205257415771, 13447
0.7372205257415771, 13446
0.7372205257415771, 13445
0.7382204532623291, 13444
0.7382204532623291, 13443
0.7382204532623291, 13442
0.7382204532623291, 13441
0.7382204532623291, 13440
0.7382204532623291, 13439
0.7382204532623291, 13438
0.7382204532623291, 13437
0.7382204532623291, 13436
0.7382204532623291, 13435
0.7382204532623291, 13434
0.7389912605285645, 13433
0.7389912605285645, 13432
0.7389912605285645, 13431
0.7389912605285645, 13430
0.739220380783081, 13429
0.739220380783081, 13428
0.739220380783081, 13427
0.739220380783081, 13426
0.739220380783081, 13425
0.739220380783081, 13424
0.739220380783081, 13423
0.739220380783081, 13422
0.739220380783081, 13421
0.739220380783081, 13420
0.739220380783081, 13419
0.739220380783081, 13418
0.739220380783081, 13417
0.739220380783081, 13416
0.739220380783081, 13415
0.7402205467224121, 13414
0.7402205467224121, 13413
0.7402205467224121, 13412
0.7402205467224121, 13411
0.7402205467224121, 13410
0.7402205467224121, 13409
0.7402205467224121, 13408
0.7402205467224121, 13407
0.7402205467224121, 13406
0.7402205467224121, 13405
0.7402205467224121, 13404
0.7402205467224121, 13403
0.7412219047546387, 13402
0.7412219047546387, 13401
0.7412219047546387, 13400
0.7412219047546387, 13399
0.7412219047546387, 13398
0.7412219047546387, 13397
0.7412219047546387, 13396
0.7412219047546387, 13395
0.7412219047546387, 13394
0.7412219047546387, 13393
0.7412219047546387, 13392
0.7412219047546387, 13391
0.7412219047546387, 13390
0.7412219047546387, 13389
0.7412219047546387, 13388
0.7422213554382324, 13387
0.7422213554382324, 13386
0.7422213554382324, 13385
0.7422213554382324, 13384
0.7422213554382324, 13383
0.7422213554382324, 13382
0.7422213554382324, 13381
0.7422213554382324, 13380
0.7422213554382324, 13379
0.7422213554382324, 13378
0.7422213554382324, 13377
0.7422213554382324, 13376
2.722987651824951, 13318
2.722987651824951, 13317
2.722987651824951, 13316
2.722987651824951, 13315
2.723986864089966, 13314
2.723986864089966, 13313
2.723986864089966, 13312
2.723986864089966, 13311
2.723986864089966, 13310
2.723986864089966, 13309
2.723986864089966, 13308
2.723986864089966, 13307
2.723986864089966, 13306
2.723986864089966, 13305
2.723986864089966, 13304
2.723986864089966, 13303
2.723986864089966, 13302
2.723986864089966, 13301
2.723986864089966, 13300
2.7249867916107178, 13299
2.7249867916107178, 13298
2.7249867916107178, 13297
2.7249867916107178, 13296
2.7249867916107178, 13295
2.7249867916107178, 13294
2.7249867916107178, 13293
2.7249867916107178, 13292
2.7249867916107178, 13291
2.7249867916107178, 13290
2.7249867916107178, 13289
2.7249867916107178, 13288
2.7249867916107178, 13287
2.7249867916107178, 13286
2.725987672805786, 13285
2.725987672805786, 13284
2.725987672805786, 13283
2.725987672805786, 13282
2.725987672805786, 13281
2.725987672805786, 13280
2.725987672805786, 13279
2.725987672805786, 13278
2.725987672805786, 13277
2.725987672805786, 13276
2.725987672805786, 13275
2.725987672805786, 13274
2.725987672805786, 13273
2.725987672805786, 13272
7.83503532409668, 13271
7.83503532409668, 13270
7.83503532409668, 13269
7.83503532409668, 13268
7.83503532409668, 13267
7.83503532409668, 13266
7.83503532409668, 13265
7.83503532409668, 13264
7.83503532409668, 13263
7.83503532409668, 13262
7.836035490036011, 13261
7.836035490036011, 13260
7.836035490036011, 13259
7.836035490036011, 13258
7.836035490036011, 13257
7.836035490036011, 13256
7.836035490036011, 13255
7.836035490036011, 13254
7.836035490036011, 13253
7.836035490036011, 13252
7.836035490036011, 13251
7.836035490036011, 13250
7.836035490036011, 13249
7.836035490036011, 13248
7.837035179138184, 13247
7.837035179138184, 13246
7.837035179138184, 13245
7.837035179138184, 13244
7.837035179138184, 13243
7.837035179138184, 13242
7.837035179138184, 13241
7.837035179138184, 13240
7.837035179138184, 13239
