0.10596609115600586, 10974
0.10596609115600586, 10973
0.10596609115600586, 10972
0.10596609115600586, 10971
0.10596609115600586, 10970
0.10596609115600586, 10969
0.10596609115600586, 10968
0.10596609115600586, 10967
0.10596609115600586, 10966
0.10596609115600586, 10965
0.10596609115600586, 10964
0.10596609115600586, 10963
0.10596609115600586, 10962
0.10696673393249512, 10961
0.10696673393249512, 10960
0.10696673393249512, 10959
0.10696673393249512, 10958
0.10696673393249512, 10957
0.10696673393249512, 10956
0.10696673393249512, 10955
0.10696673393249512, 10954
0.10696673393249512, 10953
0.10696673393249512, 10952
0.10696673393249512, 10951
0.10696673393249512, 10950
0.10696673393249512, 10949
0.10696673393249512, 10948
0.10696673393249512, 10947
0.10696673393249512, 10946
0.10696673393249512, 10945
0.10696673393249512, 10944
0.10696673393249512, 10943
0.10796642303466797, 10942
0.10796642303466797, 10941
0.10796642303466797, 10940
0.10796642303466797, 10939
0.10796642303466797, 10938
0.10796642303466797, 10937
0.10796642303466797, 10936
0.10796642303466797, 10935
0.10796642303466797, 10934
0.10796642303466797, 10933
0.10796642303466797, 10932
0.10796642303466797, 10931
0.10796642303466797, 10930
0.10796642303466797, 10929
0.10796642303466797, 10928
0.21400141716003418, 10927
0.21500182151794434, 10926
0.21500182151794434, 10925
0.21500182151794434, 10924
0.21500182151794434, 10923
0.21500182151794434, 10922
0.21500182151794434, 10921
0.21500182151794434, 10920
0.21500182151794434, 10919
0.21500182151794434, 10918
0.21500182151794434, 10917
0.21500182151794434, 10916
0.21500182151794434, 10915
0.21500182151794434, 10914
0.21500182151794434, 10913
0.21500182151794434, 10912
0.21500182151794434, 10911
0.21500182151794434, 10910
0.21500182151794434, 10909
0.21500182151794434, 10908
0.2160019874572754, 10907
0.2160019874572754, 10906
0.2160019874572754, 10905
0.2160019874572754, 10904
0.2160019874572754, 10903
0.2160019874572754, 10902
0.2160019874572754, 10901
0.2160019874572754, 10900
0.2160019874572754, 10899
0.2160019874572754, 10898
0.2160019874572754, 10897
0.2160019874572754, 10896
0.2160019874572754, 10895
0.2160019874572754, 10894
0.2160019874572754, 10893
0.2160019874572754, 10892
0.2160019874572754, 10891
0.2160019874572754, 10890
0.2160019874572754, 10889
0.21700143814086914, 10888
0.21700143814086914, 10887
0.21700143814086914, 10886
0.21700143814086914, 10885
0.21700143814086914, 10884
0.21700143814086914, 10883
0.21700143814086914, 10882
0.21700143814086914, 10881
0.21700143814086914, 10880
0.21700143814086914, 10879
0.21700143814086914, 10878
0.21700143814086914, 10877
0.21700143814086914, 10876
0.21700143814086914, 10875
0.21700143814086914, 10874
0.21700143814086914, 10873
0.21700143814086914, 10872
0.21700143814086914, 10871
0.21700143814086914, 10870
0.21700143814086914, 10869
0.2180013656616211, 10868
0.2180013656616211, 10867
0.2180013656616211, 10866
0.2180013656616211, 10865
0.2180013656616211, 10864
0.2180013656616211, 10863
0.2180013656616211, 10862
0.21839666366577148, 10861
0.21839666366577148, 10860
0.21839666366577148, 10859
0.21839666366577148, 10858
0.21839666366577148, 10857
0.21839666366577148, 10856
0.21839666366577148, 10855
0.21839666366577148, 10854
0.21839666366577148, 10853
0.21839666366577148, 10852
0.21839666366577148, 10851
0.21839666366577148, 10850
0.21900129318237305, 10849
0.21900129318237305, 10848
0.21900129318237305, 10847
0.21900129318237305, 10846
0.21900129318237305, 10845
0.21900129318237305, 10844
0.21900129318237305, 10843
0.21900129318237305, 10842
0.21900129318237305, 10841
0.21900129318237305, 10840
0.21900129318237305, 10839
0.21900129318237305, 10838
0.21900129318237305, 10837
0.21900129318237305, 10836
0.21900129318237305, 10835
0.21900129318237305, 10834
0.21900129318237305, 10833
0.21900129318237305, 10832
0.21900129318237305, 10831
0.220001220703125, 10830
0.220001220703125, 10829
0.220001220703125, 10828
0.220001220703125, 10827
0.220001220703125, 10826
0.220001220703125, 10825
0.220001220703125, 10824
0.220001220703125, 10823
0.220001220703125, 10822
0.220001220703125, 10821
0.220001220703125, 10820
0.220001220703125, 10819
0.220001220703125, 10818
0.220001220703125, 10817
0.220001220703125, 10816
0.220001220703125, 10815
0.220001220703125, 10814
0.220001220703125, 10813
0.220001220703125, 10812
0.22100138664245605, 10811
0.22100138664245605, 10810
0.22100138664245605, 10809
0.22100138664245605, 10808
0.22100138664245605, 10807
0.22100138664245605, 10806
0.22100138664245605, 10805
0.22100138664245605, 10804
0.22100138664245605, 10803
0.22100138664245605, 10802
0.22149443626403809, 10801
0.22149443626403809, 10800
0.22149443626403809, 10799
0.22149443626403809, 10798
0.22149443626403809, 10797
0.22149443626403809, 10796
0.22149443626403809, 10795
0.22149443626403809, 10794
0.22149443626403809, 10793
0.222001314163208, 10792
0.222001314163208, 10791
0.222001314163208, 10790
0.222001314163208, 10789
0.222001314163208, 10788
0.222001314163208, 10787
0.222001314163208, 10786
0.222001314163208, 10785
0.222001314163208, 10784
0.222001314163208, 10783
0.222001314163208, 10782
0.222001314163208, 10781
0.222001314163208, 10780
0.222001314163208, 10779
0.222001314163208, 10778
0.222001314163208, 10777
0.222001314163208, 10776
0.222001314163208, 10775
0.222001314163208, 10774
0.22300148010253906, 10773
0.22300148010253906, 10772
0.22300148010253906, 10771
0.22300148010253906, 10770
0.22300148010253906, 10769
0.22300148010253906, 10768
0.22300148010253906, 10767
0.44278478622436523, 10766
0.44278478622436523, 10765
0.443037748336792, 10764
0.443037748336792, 10763
0.443037748336792, 10762
0.443037748336792, 10761
0.443037748336792, 10760
0.443037748336792, 10759
0.443037748336792, 10758
0.443037748336792, 10757
0.443037748336792, 10756
0.443037748336792, 10755
0.443037748336792, 10754
0.443037748336792, 10753
0.443037748336792, 10752
0.443037748336792, 10751
0.443037748336792, 10750
0.443037748336792, 10749
0.443037748336792, 10748
0.443037748336792, 10747
0.443037748336792, 10746
0.4440436363220215, 10745
0.4440436363220215, 10744
0.4440436363220215, 10743
0.4440436363220215, 10742
0.4440436363220215, 10741
0.4440436363220215, 10740
0.4440436363220215, 10739
0.4440436363220215, 10738
0.4444739818572998, 10737
0.4444739818572998, 10736
0.4444739818572998, 10735
0.4444739818572998, 10734
0.4444739818572998, 10733
0.4444739818572998, 10732
0.4444739818572998, 10731
0.4444739818572998, 10730
0.4444739818572998, 10729
0.4444739818572998, 10728
0.4444739818572998, 10727
0.44504332542419434, 10726
0.44504332542419434, 10725
0.44504332542419434, 10724
0.44504332542419434, 10723
0.44504332542419434, 10722
0.44504332542419434, 10721
0.44504332542419434, 10720
0.44504332542419434, 10719
0.44504332542419434, 10718
0.44504332542419434, 10717
0.44504332542419434, 10716
0.44504332542419434, 10715
0.44504332542419434, 10714
0.44504332542419434, 10713
0.44504332542419434, 10712
0.44504332542419434, 10711
0.44504332542419434, 10710
0.44504332542419434, 10709
0.44504332542419434, 10708
0.4460434913635254, 10707
0.4460434913635254, 10706
0.4460434913635254, 10705
0.4460434913635254, 10704
0.4460434913635254, 10703
0.4460434913635254, 10702
0.4460434913635254, 10701
0.4460434913635254, 10700
0.4460434913635254, 10699
0.4460434913635254, 10698
0.4460434913635254, 10697
0.4460434913635254, 10696
0.4460434913635254, 10695
0.4460434913635254, 10694
0.4460434913635254, 10693
0.4460434913635254, 10692
0.4460434913635254, 10691
0.4460434913635254, 10690
0.44704365730285645, 10689
0.44704365730285645, 10688
0.44704365730285645, 10687
0.44704365730285645, 10686
0.44704365730285645, 10685
0.44704365730285645, 10684
0.44704365730285645, 10683
0.44704365730285645, 10682
0.44704365730285645, 10681
0.44704365730285645, 10680
0.44704365730285645, 10679
0.44704365730285645, 10678
0.44704365730285645, 10677
0.44704365730285645, 10676
0.44704365730285645, 10675
0.44704365730285645, 10674
0.44704365730285645, 10673
0.44704365730285645, 10672
0.44704365730285645, 10671
0.4480438232421875, 10670
0.44814348220825195, 10669
0.44814348220825195, 10668
0.44814348220825195, 10667
0.44814348220825195, 10666
0.44814348220825195, 10665
0.44814348220825195, 10664
0.44814348220825195, 10663
0.44814348220825195, 10662
0.44814348220825195, 10661
0.44814348220825195, 10660
0.44814348220825195, 10659
0.44814348220825195, 10658
0.44814348220825195, 10657
0.44814348220825195, 10656
0.44814348220825195, 10655
0.44814348220825195, 10654
0.44814348220825195, 10653
0.44904375076293945, 10652
0.44904375076293945, 10651
0.44904375076293945, 10650
0.44904375076293945, 10649
0.44904375076293945, 10648
0.44904375076293945, 10647
0.44904375076293945, 10646
0.44904375076293945, 10645
0.44904375076293945, 10644
0.44904375076293945, 10643
0.44904375076293945, 10642
0.44904375076293945, 10641
0.44904375076293945, 10640
0.44904375076293945, 10639
0.44904375076293945, 10638
0.44904375076293945, 10637
0.44904375076293945, 10636
0.44904375076293945, 10635
0.4500434398651123, 10634
0.4500434398651123, 10633
0.4500434398651123, 10632
0.4500434398651123, 10631
0.4500434398651123, 10630
0.4500434398651123, 10629
0.4500434398651123, 10628
0.4500434398651123, 10627
0.4500434398651123, 10626
0.4500434398651123, 10625
0.4500434398651123, 10624
0.4500434398651123, 10623
0.4500434398651123, 10622
0.4500434398651123, 10621
0.4500434398651123, 10620
0.4500434398651123, 10619
0.4500434398651123, 10618
0.4500434398651123, 10617
0.4500434398651123, 10616
0.45104360580444336, 10615
0.45104360580444336, 10614
0.45104360580444336, 10613
0.45104360580444336, 10612
0.45104360580444336, 10611
0.45104360580444336, 10610
0.45104360580444336, 10609
0.45104360580444336, 10608
0.45104360580444336, 10607
0.45104360580444336, 10606
0.45104360580444336, 10605
0.45104360580444336, 10604
0.45104360580444336, 10603
0.45104360580444336, 10602
0.45104360580444336, 10601
0.45104360580444336, 10600
0.45104360580444336, 10599
0.45104360580444336, 10598
0.4520435333251953, 10597
0.4520435333251953, 10596
0.4520435333251953, 10595
0.4520435333251953, 10594
0.4520435333251953, 10593
0.4520435333251953, 10592
0.4520435333251953, 10591
0.4520435333251953, 10590
0.4520435333251953, 10589
0.4520435333251953, 10588
0.4520435333251953, 10587
0.4520435333251953, 10586
0.4520435333251953, 10585
0.4520435333251953, 10584
0.4520435333251953, 10583
0.4520435333251953, 10582
0.4520435333251953, 10581
0.4520435333251953, 10580
0.4530158042907715, 10579
0.4530158042907715, 10578
0.4530158042907715, 10577
0.4530158042907715, 10576
0.4530158042907715, 10575
0.4530158042907715, 10574
0.4530158042907715, 10573
0.4530158042907715, 10572
0.4530158042907715, 10571
0.4530158042907715, 10570
0.4530158042907715, 10569
0.4530158042907715, 10568
0.4530158042907715, 10567
0.4530158042907715, 10566
0.4530158042907715, 10565
0.4530158042907715, 10564
0.4530158042907715, 10563
0.4530158042907715, 10562
0.4540257453918457, 10561
0.4540257453918457, 10560
0.4540257453918457, 10559
0.4540257453918457, 10558
0.4540257453918457, 10557
0.4540257453918457, 10556
0.4540257453918457, 10555
0.4540257453918457, 10554
0.4540257453918457, 10553
0.4540257453918457, 10552
0.4540257453918457, 10551
0.4540257453918457, 10550
0.4540257453918457, 10549
0.4540257453918457, 10548
0.4540257453918457, 10547
0.4540257453918457, 10546
0.4540257453918457, 10545
0.4540257453918457, 10544
0.45502543449401855, 10543
0.45502543449401855, 10542
0.45502543449401855, 10541
0.45502543449401855, 10540
0.45502543449401855, 10539
0.45502543449401855, 10538
0.45502543449401855, 10537
0.45502543449401855, 10536
0.45502543449401855, 10535
0.45502543449401855, 10534
0.455564022064209, 10533
0.455564022064209, 10532
0.455564022064209, 10531
0.455564022064209, 10530
0.455564022064209, 10529
0.455564022064209, 10528
0.455564022064209, 10527
0.455564022064209, 10526
0.455564022064209, 10525
0.4560256004333496, 10524
0.4560256004333496, 10523
0.4560256004333496, 10522
0.4560256004333496, 10521
0.4560256004333496, 10520
0.4560256004333496, 10519
0.4560256004333496, 10518
0.4560256004333496, 10517
0.4560256004333496, 10516
0.4560256004333496, 10515
0.4560256004333496, 10514
0.4560256004333496, 10513
0.4560256004333496, 10512
0.4560256004333496, 10511
0.4560256004333496, 10510
0.4560256004333496, 10509
0.4560256004333496, 10508
0.4560256004333496, 10507
0.45702552795410156, 10506
0.45702552795410156, 10505
1.500959873199463, 10504
1.500959873199463, 10503
1.500959873199463, 10502
1.500959873199463, 10501
1.500959873199463, 10500
7.127960681915283, 10499
7.127960681915283, 10498
7.127960681915283, 10497
7.127960681915283, 10496
7.127960681915283, 10495
7.127960681915283, 10494
7.127960681915283, 10493
7.127960681915283, 10492
7.127960681915283, 10491
7.128961086273193, 10490
7.128961086273193, 10489
7.128961086273193, 10488
7.128961086273193, 10487
7.128961086273193, 10486
7.128961086273193, 10485
7.128961086273193, 10484
7.128961086273193, 10483
7.128961086273193, 10482
7.128961086273193, 10481
7.128961086273193, 10480
7.128961086273193, 10479
7.128961086273193, 10478
7.128961086273193, 10477
7.128961086273193, 10476
7.128961086273193, 10475
7.128961086273193, 10474
7.129960775375366, 10473
7.129960775375366, 10472
7.129960775375366, 10471
7.129960775375366, 10470
7.129960775375366, 10469
7.129960775375366, 10468
7.129960775375366, 10467
7.130396127700806, 10466
7.130396127700806, 10465
7.130396127700806, 10464
7.130396127700806, 10463
7.130396127700806, 10462
7.130396127700806, 10461
7.130396127700806, 10460
7.130396127700806, 10459
7.130396127700806, 10458
7.130396127700806, 10457
7.130961179733276, 10456
7.130961179733276, 10455
7.130961179733276, 10454
7.130961179733276, 10453
7.130961179733276, 10452
7.130961179733276, 10451
7.130961179733276, 10450
7.130961179733276, 10449
7.130961179733276, 10448
7.130961179733276, 10447
7.130961179733276, 10446
7.130961179733276, 10445
7.130961179733276, 10444
7.130961179733276, 10443
7.130961179733276, 10442
7.130961179733276, 10441
7.130961179733276, 10440
7.13196063041687, 10439
7.13196063041687, 10438
7.13196063041687, 10437
7.13196063041687, 10436
7.13196063041687, 10435
7.13196063041687, 10434
7.13196063041687, 10433
7.13196063041687, 10432
7.13196063041687, 10431
7.13196063041687, 10430
7.13196063041687, 10429
7.13196063041687, 10428
7.13196063041687, 10427
7.13196063041687, 10426
7.13196063041687, 10425
7.13196063041687, 10424
7.13196063041687, 10423
7.13196063041687, 10422
7.132985830307007, 10421
7.132985830307007, 10420
7.132985830307007, 10419
7.132985830307007, 10418
7.132985830307007, 10417
7.132985830307007, 10416
7.132985830307007, 10415
7.132985830307007, 10414
7.132985830307007, 10413
7.132985830307007, 10412
7.132985830307007, 10411
7.132985830307007, 10410
7.678283929824829, 10409
7.678283929824829, 10408
7.678283929824829, 10407
7.678283929824829, 10406
7.678283929824829, 10405
7.678283929824829, 10404
7.678283929824829, 10403
7.678283929824829, 10402
7.678283929824829, 10401
7.678283929824829, 10400
7.679285049438477, 10399
7.679285049438477, 10398
7.679285049438477, 10397
7.679285049438477, 10396
7.679285049438477, 10395
7.679285049438477, 10394
7.679285049438477, 10393
7.679285049438477, 10392
7.679285049438477, 10391
7.679285049438477, 10390
7.679285049438477, 10389
7.679285049438477, 10388
7.679285049438477, 10387
7.679285049438477, 10386
7.679285049438477, 10385
7.679285049438477, 10384
7.6802849769592285, 10383
7.6802849769592285, 10382
7.6802849769592285, 10381
7.6802849769592285, 10380
7.6802849769592285, 10379
7.6802849769592285, 10378
7.6802849769592285, 10377
7.6802849769592285, 10376
7.6802849769592285, 10375
7.6802849769592285, 10374
7.6802849769592285, 10373
7.6802849769592285, 10372
7.6802849769592285, 10371
7.6802849769592285, 10370
7.6802849769592285, 10369
7.6802849769592285, 10368
7.6802849769592285, 10367
7.681283950805664, 10366
7.681283950805664, 10365
7.681283950805664, 10364
7.681283950805664, 10363
7.681283950805664, 10362
7.681283950805664, 10361
7.681283950805664, 10360
7.681283950805664, 10359
7.681283950805664, 10358
7.681283950805664, 10357
7.681283950805664, 10356
7.681283950805664, 10355
7.681283950805664, 10354
7.681283950805664, 10353
7.681283950805664, 10352
7.681283950805664, 10351
7.682284355163574, 10350
7.682284355163574, 10349
7.682284355163574, 10348
7.682284355163574, 10347
7.682284355163574, 10346
7.682284355163574, 10345
7.682284355163574, 10344
7.682284355163574, 10343
7.682284355163574, 10342
7.6827967166900635, 10341
7.6827967166900635, 10340
7.6827967166900635, 10339
7.6827967166900635, 10338
7.6827967166900635, 10337
7.6827967166900635, 10336
7.6827967166900635, 10335
7.6827967166900635, 10334
7.6827967166900635, 10333
7.6827967166900635, 10332
7.6827967166900635, 10331
7.6827967166900635, 10330
