0.18584084510803223, 13981
0.18584084510803223, 13980
0.18584084510803223, 13979
0.18584084510803223, 13978
0.18684172630310059, 13977
0.18684172630310059, 13976
0.18684172630310059, 13975
0.18684172630310059, 13974
0.18684172630310059, 13973
0.18684172630310059, 13972
0.18684172630310059, 13971
0.18684172630310059, 13970
0.18684172630310059, 13969
0.18684172630310059, 13968
0.18684172630310059, 13967
0.18684172630310059, 13966
0.18684172630310059, 13965
0.18684172630310059, 13964
0.18684172630310059, 13963
0.18784189224243164, 13962
0.18784189224243164, 13961
0.18784189224243164, 13960
0.18784189224243164, 13959
0.18784189224243164, 13958
0.18784189224243164, 13957
0.18784189224243164, 13956
0.18784189224243164, 13955
0.18784189224243164, 13954
0.18784189224243164, 13953
0.18784189224243164, 13952
0.18784189224243164, 13951
0.18784189224243164, 13950
0.18784189224243164, 13949
0.18784189224243164, 13948
0.1888411045074463, 13947
0.1888411045074463, 13946
0.1888411045074463, 13945
0.1888411045074463, 13944
0.1888411045074463, 13943
0.1888411045074463, 13942
0.1888411045074463, 13941
0.1888411045074463, 13940
0.1888411045074463, 13939
0.1888411045074463, 13938
0.1888411045074463, 13937
0.1888411045074463, 13936
0.1888411045074463, 13935
0.1888411045074463, 13934
0.1888411045074463, 13933
0.18984103202819824, 13932
0.18984103202819824, 13931
0.18984103202819824, 13930
0.18984103202819824, 13929
0.18984103202819824, 13928
0.18984103202819824, 13927
0.18984103202819824, 13926
0.18984103202819824, 13925
0.18984103202819824, 13924
0.18984103202819824, 13923
0.18984103202819824, 13922
0.18984103202819824, 13921
0.18984103202819824, 13920
0.18984103202819824, 13919
0.18984103202819824, 13918
0.1908414363861084, 13917
0.1908414363861084, 13916
0.1908414363861084, 13915
0.1908414363861084, 13914
0.1908414363861084, 13913
0.1908414363861084, 13912
0.1908414363861084, 13911
0.1908414363861084, 13910
0.1908414363861084, 13909
0.1908414363861084, 13908
0.1908414363861084, 13907
0.1908414363861084, 13906
0.1908414363861084, 13905
0.1908414363861084, 13904
0.1908414363861084, 13903
0.19184136390686035, 13902
0.19184136390686035, 13901
0.19184136390686035, 13900
0.19184136390686035, 13899
0.19184136390686035, 13898
0.19184136390686035, 13897
0.19184136390686035, 13896
0.19184136390686035, 13895
0.19184136390686035, 13894
0.19184136390686035, 13893
0.19184136390686035, 13892
0.19184136390686035, 13891
0.19184136390686035, 13890
0.19184136390686035, 13889
0.19184136390686035, 13888
0.19184136390686035, 13887
0.1928410530090332, 13886
0.1928410530090332, 13885
0.1928410530090332, 13884
0.1928410530090332, 13883
0.1928410530090332, 13882
0.1928410530090332, 13881
0.3759782314300537, 13880
0.3759782314300537, 13879
0.37697815895080566, 13878
0.37697815895080566, 13877
0.37697815895080566, 13876
0.37697815895080566, 13875
0.37697815895080566, 13874
0.37697815895080566, 13873
0.37697815895080566, 13872
0.37697815895080566, 13871
0.37697815895080566, 13870
0.37697815895080566, 13869
0.37697815895080566, 13868
0.37697815895080566, 13867
0.37697815895080566, 13866
0.37697815895080566, 13865
0.37697815895080566, 13864
0.3779778480529785, 13863
0.3779778480529785, 13862
0.3779778480529785, 13861
0.3779778480529785, 13860
0.3779778480529785, 13859
0.3779778480529785, 13858
0.3779778480529785, 13857
0.3779778480529785, 13856
0.3779778480529785, 13855
0.3779778480529785, 13854
0.3779778480529785, 13853
0.3779778480529785, 13852
0.3779778480529785, 13851
0.3779778480529785, 13850
0.3788585662841797, 13849
0.3788585662841797, 13848
0.3789799213409424, 13847
0.3789799213409424, 13846
0.3789799213409424, 13845
0.3789799213409424, 13844
0.3789799213409424, 13843
0.3789799213409424, 13842
0.3789799213409424, 13841
0.3789799213409424, 13840
0.3789799213409424, 13839
0.3789799213409424, 13838
0.3789799213409424, 13837
0.3789799213409424, 13836
0.3789799213409424, 13835
0.3789799213409424, 13834
0.3789799213409424, 13833
0.3799779415130615, 13832
0.3799779415130615, 13831
0.3799779415130615, 13830
0.3799779415130615, 13829
0.3799779415130615, 13828
0.3799779415130615, 13827
0.3799779415130615, 13826
0.3799779415130615, 13825
0.3799779415130615, 13824
0.3799779415130615, 13823
0.3799779415130615, 13822
0.3799779415130615, 13821
0.3799779415130615, 13820
0.3799779415130615, 13819
0.3799779415130615, 13818
0.3809776306152344, 13817
0.3809776306152344, 13816
0.3809776306152344, 13815
0.3809776306152344, 13814
0.3809776306152344, 13813
0.3809776306152344, 13812
0.3809776306152344, 13811
0.3809776306152344, 13810
0.3809776306152344, 13809
0.3809776306152344, 13808
0.3809776306152344, 13807
0.3809776306152344, 13806
0.3809776306152344, 13805
0.3818209171295166, 13804
0.3818209171295166, 13803
0.38198161125183105, 13802
0.38198161125183105, 13801
0.38198161125183105, 13800
0.38198161125183105, 13799
0.38198161125183105, 13798
0.38198161125183105, 13797
0.38198161125183105, 13796
0.38198161125183105, 13795
0.38198161125183105, 13794
0.38198161125183105, 13793
0.38198161125183105, 13792
0.38198161125183105, 13791
0.38198161125183105, 13790
0.38198161125183105, 13789
0.38198161125183105, 13788
0.38198161125183105, 13787
0.3829784393310547, 13786
0.3829784393310547, 13785
0.3829784393310547, 13784
0.3829784393310547, 13783
0.3829784393310547, 13782
0.3829784393310547, 13781
0.3829784393310547, 13780
0.3829784393310547, 13779
0.3829784393310547, 13778
0.3829784393310547, 13777
0.3829784393310547, 13776
0.3829784393310547, 13775
0.3829784393310547, 13774
0.3829784393310547, 13773
0.3829784393310547, 13772
0.38397812843322754, 13771
0.38397812843322754, 13770
0.38397812843322754, 13769
0.38397812843322754, 13768
0.38397812843322754, 13767
0.38397812843322754, 13766
0.38397812843322754, 13765
0.38397812843322754, 13764
0.38397812843322754, 13763
0.38397812843322754, 13762
0.38397812843322754, 13761
0.38397812843322754, 13760
0.38397812843322754, 13759
0.38397812843322754, 13758
0.38397812843322754, 13757
0.38397812843322754, 13756
0.38501524925231934, 13755
0.38501524925231934, 13754
0.38501524925231934, 13753
0.38501524925231934, 13752
0.38501524925231934, 13751
0.3853414058685303, 13750
0.3853414058685303, 13749
0.3853414058685303, 13748
0.3853414058685303, 13747
0.3853414058685303, 13746
0.3853414058685303, 13745
0.3853414058685303, 13744
0.3853414058685303, 13743
0.3853414058685303, 13742
0.3853414058685303, 13741
0.3860158920288086, 13740
0.3860158920288086, 13739
0.3860158920288086, 13738
0.3860158920288086, 13737
0.3860158920288086, 13736
0.3860158920288086, 13735
0.3860158920288086, 13734
0.3860158920288086, 13733
0.3860158920288086, 13732
0.3860158920288086, 13731
0.3860158920288086, 13730
0.3860158920288086, 13729
0.3860158920288086, 13728
0.3860158920288086, 13727
0.3860158920288086, 13726
0.3860158920288086, 13725
0.38701367378234863, 13724
0.38701367378234863, 13723
0.38701367378234863, 13722
0.38701367378234863, 13721
0.38701367378234863, 13720
0.38701367378234863, 13719
0.38701367378234863, 13718
0.38701367378234863, 13717
0.38701367378234863, 13716
0.38701367378234863, 13715
0.38701367378234863, 13714
0.38701367378234863, 13713
0.38701367378234863, 13712
0.38701367378234863, 13711
0.38701367378234863, 13710
0.3880140781402588, 13709
0.3880140781402588, 13708
0.3880140781402588, 13707
0.3880140781402588, 13706
0.3880140781402588, 13705
0.3880140781402588, 13704
0.3880140781402588, 13703
0.3880140781402588, 13702
0.3880140781402588, 13701
0.3880140781402588, 13700
0.3880140781402588, 13699
0.3887367248535156, 13698
0.3887367248535156, 13697
0.3887367248535156, 13696
0.3887367248535156, 13695
0.3887367248535156, 13694
0.38901591300964355, 13693
0.38901591300964355, 13692
0.38901591300964355, 13691
0.38901591300964355, 13690
0.38901591300964355, 13689
0.38901591300964355, 13688
0.38901591300964355, 13687
0.38901591300964355, 13686
0.38901591300964355, 13685
0.38901591300964355, 13684
0.38901591300964355, 13683
0.38901591300964355, 13682
0.38901591300964355, 13681
0.38901591300964355, 13680
0.38901591300964355, 13679
0.3900139331817627, 13678
0.3900139331817627, 13677
0.3900139331817627, 13676
0.3900139331817627, 13675
0.3900139331817627, 13674
0.3900139331817627, 13673
0.3900139331817627, 13672
0.3900139331817627, 13671
0.3900139331817627, 13670
0.3900139331817627, 13669
0.3900139331817627, 13668
0.3900139331817627, 13667
0.3900139331817627, 13666
0.3900139331817627, 13665
0.3900139331817627, 13664
0.39101386070251465, 13663
0.39101386070251465, 13662
0.39101386070251465, 13661
0.39101386070251465, 13660
0.39101386070251465, 13659
0.3913438320159912, 13658
0.3913438320159912, 13657
0.3913438320159912, 13656
0.3913438320159912, 13655
0.3913438320159912, 13654
0.3913438320159912, 13653
0.3913438320159912, 13652
0.3913438320159912, 13651
0.3913438320159912, 13650
0.3920166492462158, 13649
0.3920166492462158, 13648
0.3920166492462158, 13647
0.3920166492462158, 13646
0.3920166492462158, 13645
0.3920166492462158, 13644
0.3920166492462158, 13643
0.3920166492462158, 13642
0.3920166492462158, 13641
0.3920166492462158, 13640
0.3920166492462158, 13639
0.3920166492462158, 13638
0.3920166492462158, 13637
0.3920166492462158, 13636
0.3920166492462158, 13635
0.39301538467407227, 13634
0.39301538467407227, 13633
0.39301538467407227, 13632
0.39301538467407227, 13631
0.39301538467407227, 13630
0.39301538467407227, 13629
0.39301538467407227, 13628
0.39301538467407227, 13627
0.39301538467407227, 13626
0.39301538467407227, 13625
0.39301538467407227, 13624
0.39301538467407227, 13623
0.39301538467407227, 13622
0.39301538467407227, 13621
0.39301538467407227, 13620
0.3940155506134033, 13619
0.3940155506134033, 13618
0.3940155506134033, 13617
0.3940155506134033, 13616
0.3940155506134033, 13615
0.3940155506134033, 13614
0.3940155506134033, 13613
0.3940155506134033, 13612
0.3940155506134033, 13611
0.3940155506134033, 13610
0.3940155506134033, 13609
0.3940155506134033, 13608
0.3940155506134033, 13607
0.3940155506134033, 13606
0.3940155506134033, 13605
0.3940155506134033, 13604
0.3950510025024414, 13603
0.3950510025024414, 13602
0.3950510025024414, 13601
0.3950510025024414, 13600
0.3950510025024414, 13599
0.3950510025024414, 13598
0.3950510025024414, 13597
0.3950510025024414, 13596
0.3950510025024414, 13595
0.3950510025024414, 13594
0.3950510025024414, 13593
0.3950510025024414, 13592
0.3950510025024414, 13591
0.3950510025024414, 13590
0.39605236053466797, 13589
0.39605236053466797, 13588
0.39605236053466797, 13587
0.39605236053466797, 13586
0.39605236053466797, 13585
0.39605236053466797, 13584
0.39605236053466797, 13583
0.39605236053466797, 13582
0.39605236053466797, 13581
0.39605236053466797, 13580
0.39605236053466797, 13579
0.39605236053466797, 13578
0.39605236053466797, 13577
0.39605236053466797, 13576
0.39605236053466797, 13575
0.3970508575439453, 13574
0.3970508575439453, 13573
0.3970508575439453, 13572
0.3970508575439453, 13571
0.3970508575439453, 13570
0.3970508575439453, 13569
0.3970508575439453, 13568
0.3970508575439453, 13567
0.3970508575439453, 13566
0.3970508575439453, 13565
0.3970508575439453, 13564
0.3970508575439453, 13563
0.3970508575439453, 13562
0.3970508575439453, 13561
0.3970508575439453, 13560
0.3970508575439453, 13559
0.39805150032043457, 13558
0.39805150032043457, 13557
0.39805150032043457, 13556
0.39805150032043457, 13555
0.39805150032043457, 13554
0.39805150032043457, 13553
0.39805150032043457, 13552
0.39805150032043457, 13551
0.39805150032043457, 13550
0.39805150032043457, 13549
0.39805150032043457, 13548
0.39805150032043457, 13547
0.39805150032043457, 13546
0.39805150032043457, 13545
0.39805150032043457, 13544
0.39905524253845215, 13543
0.39905524253845215, 13542
0.39905524253845215, 13541
0.39905524253845215, 13540
0.39905524253845215, 13539
0.39905524253845215, 13538
0.39905524253845215, 13537
0.39905524253845215, 13536
0.39905524253845215, 13535
0.39905524253845215, 13534
0.39905524253845215, 13533
0.39905524253845215, 13532
1.2198922634124756, 13531
1.2198922634124756, 13530
1.2198922634124756, 13529
1.2208914756774902, 13528
1.2208914756774902, 13527
1.2208914756774902, 13526
1.2208914756774902, 13525
1.2208914756774902, 13524
1.2208914756774902, 13523
1.2208914756774902, 13522
1.2208914756774902, 13521
1.2208914756774902, 13520
1.2208914756774902, 13519
1.2208914756774902, 13518
1.2208914756774902, 13517
1.2208914756774902, 13516
1.2208914756774902, 13515
1.221893072128296, 13514
1.221893072128296, 13513
1.221893072128296, 13512
1.221893072128296, 13511
1.221893072128296, 13510
1.221893072128296, 13509
1.221893072128296, 13508
1.221893072128296, 13507
1.221893072128296, 13506
1.221893072128296, 13505
1.221893072128296, 13504
1.221893072128296, 13503
1.221893072128296, 13502
1.221893072128296, 13501
1.221893072128296, 13500
1.222893238067627, 13499
1.222893238067627, 13498
1.222893238067627, 13497
1.222893238067627, 13496
1.222893238067627, 13495
1.222893238067627, 13494
1.222893238067627, 13493
1.4141466617584229, 13492
1.4141466617584229, 13491
1.4141466617584229, 13490
1.4141466617584229, 13489
1.4141466617584229, 13488
1.4141466617584229, 13487
1.4141466617584229, 13486
1.4141466617584229, 13485
1.4141466617584229, 13484
1.4141466617584229, 13483
1.4141466617584229, 13482
1.4141466617584229, 13481
1.4141466617584229, 13480
1.4141466617584229, 13479
1.415147066116333, 13478
1.415147066116333, 13477
1.415147066116333, 13476
1.415147066116333, 13475
1.415147066116333, 13474
1.415147066116333, 13473
1.415147066116333, 13472
1.415147066116333, 13471
1.415147066116333, 13470
1.415147066116333, 13469
1.415147066116333, 13468
1.415147066116333, 13467
1.415147066116333, 13466
1.415147066116333, 13465
1.415147066116333, 13464
1.416200876235962, 13463
1.416200876235962, 13462
1.416200876235962, 13461
1.416200876235962, 13460
1.416200876235962, 13459
1.416200876235962, 13458
1.416200876235962, 13457
1.416200876235962, 13456
1.416200876235962, 13455
1.416200876235962, 13454
1.416200876235962, 13453
1.416200876235962, 13452
1.416200876235962, 13451
1.4171473979949951, 13450
1.4171473979949951, 13449
1.4171473979949951, 13448
1.4171473979949951, 13447
1.4171473979949951, 13446
1.4171473979949951, 13445
1.4171473979949951, 13444
1.4171473979949951, 13443
1.4171473979949951, 13442
1.4171473979949951, 13441
1.4171473979949951, 13440
1.4171473979949951, 13439
1.4171473979949951, 13438
1.4171473979949951, 13437
1.4181466102600098, 13436
1.4181466102600098, 13435
1.4181466102600098, 13434
1.4181466102600098, 13433
1.4181466102600098, 13432
1.4181466102600098, 13431
1.4181466102600098, 13430
1.4181466102600098, 13429
1.4181466102600098, 13428
1.4181466102600098, 13427
1.4181466102600098, 13426
1.4181466102600098, 13425
1.4181466102600098, 13424
1.4181466102600098, 13423
1.41914701461792, 13422
1.41914701461792, 13421
1.41914701461792, 13420
1.41914701461792, 13419
1.41914701461792, 13418
1.41914701461792, 13417
1.41914701461792, 13416
1.41914701461792, 13415
1.41914701461792, 13414
1.41914701461792, 13413
1.41914701461792, 13412
1.41914701461792, 13411
1.41914701461792, 13410
1.41914701461792, 13409
1.41914701461792, 13408
1.4201467037200928, 13407
1.4201467037200928, 13406
1.4201467037200928, 13405
1.420339584350586, 13404
1.420339584350586, 13403
1.420339584350586, 13402
1.420339584350586, 13401
1.420339584350586, 13400
1.420339584350586, 13399
1.420339584350586, 13398
1.420339584350586, 13397
1.420339584350586, 13396
1.420339584350586, 13395
1.420339584350586, 13394
1.420339584350586, 13393
1.4211468696594238, 13392
1.4211468696594238, 13391
1.4211468696594238, 13390
1.4211468696594238, 13389
1.4211468696594238, 13388
1.4211468696594238, 13387
1.4211468696594238, 13386
1.4211468696594238, 13385
1.4211468696594238, 13384
1.4211468696594238, 13383
1.4211468696594238, 13382
1.4211468696594238, 13381
1.4211468696594238, 13380
1.4211468696594238, 13379
1.4211468696594238, 13378
1.4221465587615967, 13377
1.4221465587615967, 13376
1.4221465587615967, 13375
1.4221465587615967, 13374
1.4221465587615967, 13373
1.4221465587615967, 13372
1.4221465587615967, 13371
1.4221465587615967, 13370
1.4221465587615967, 13369
1.4221465587615967, 13368
1.4221465587615967, 13367
1.4221465587615967, 13366
1.4221465587615967, 13365
1.4231469631195068, 13364
1.4231469631195068, 13363
1.4231469631195068, 13362
1.4231469631195068, 13361
1.4231469631195068, 13360
1.4231469631195068, 13359
1.4231469631195068, 13358
1.4231469631195068, 13357
1.4231469631195068, 13356
1.4231469631195068, 13355
1.4231469631195068, 13354
1.4231469631195068, 13353
1.4231469631195068, 13352
1.4231469631195068, 13351
1.4231469631195068, 13350
1.4241466522216797, 13349
1.4241466522216797, 13348
1.4241466522216797, 13347
1.4241466522216797, 13346
1.4241466522216797, 13345
1.4241466522216797, 13344
1.4241466522216797, 13343
1.4241466522216797, 13342
1.4241466522216797, 13341
1.4247472286224365, 13340
1.4247472286224365, 13339
1.4247472286224365, 13338
1.4247472286224365, 13337
1.4247472286224365, 13336
1.4251477718353271, 13335
1.4251477718353271, 13334
1.4251477718353271, 13333
1.4251477718353271, 13332
1.4251477718353271, 13331
1.4251477718353271, 13330
1.4251477718353271, 13329
1.4251477718353271, 13328
1.4251477718353271, 13327
1.4251477718353271, 13326
1.4251477718353271, 13325
1.4251477718353271, 13324
3.8378982543945312, 10604
3.8378982543945312, 10603
3.8378982543945312, 10602
3.8388986587524414, 10601
3.8388986587524414, 10600
3.8388986587524414, 10599
3.8388986587524414, 10598
3.8388986587524414, 10597
3.8388986587524414, 10596
3.8388986587524414, 10595
3.8388986587524414, 10594
3.8388986587524414, 10593
3.8388986587524414, 10592
3.8388986587524414, 10591
3.8398988246917725, 10590
3.8398988246917725, 10589
3.8398988246917725, 10588
3.8398988246917725, 10587
3.8398988246917725, 10586
3.8398988246917725, 10585
3.8398988246917725, 10584
3.8398988246917725, 10583
3.8398988246917725, 10582
3.8398988246917725, 10581
3.8398988246917725, 10580
3.8398988246917725, 10579
3.8398988246917725, 10578
3.8398988246917725, 10577
3.840898275375366, 10576
3.840898275375366, 10575
3.840898275375366, 10574
3.840898275375366, 10573
3.840898275375366, 10572
3.840898275375366, 10571
3.840898275375366, 10570
3.840898275375366, 10569
3.840898275375366, 10568
3.840898275375366, 10567
3.8417911529541016, 10566
3.8418984413146973, 10565
3.8418984413146973, 10564
3.8418984413146973, 10563
3.8418984413146973, 10562
3.8418984413146973, 10561
3.8418984413146973, 10560
3.8418984413146973, 10559
3.8418984413146973, 10558
3.8418984413146973, 10557
3.8418984413146973, 10556
3.8418984413146973, 10555
3.8418984413146973, 10554
3.8418984413146973, 10553
3.8418984413146973, 10552
3.84289813041687, 10551
3.84289813041687, 10550
3.84289813041687, 10549
3.84289813041687, 10548
3.84289813041687, 10547
3.84289813041687, 10546
3.84289813041687, 10545
3.84289813041687, 10544
3.84289813041687, 10543
3.84289813041687, 10542
3.84289813041687, 10541
3.84289813041687, 10540
3.84289813041687, 10539
3.84289813041687, 10538
3.843898296356201, 10537
3.843898296356201, 10536
3.843898296356201, 10535
3.843898296356201, 10534
3.843898296356201, 10533
3.843898296356201, 10532
3.843898296356201, 10531
3.843898296356201, 10530
3.843898296356201, 10529
3.843898296356201, 10528
3.843898296356201, 10527
3.843898296356201, 10526
3.843898296356201, 10525
3.8449220657348633, 10524
3.8449220657348633, 10523
3.8449220657348633, 10522
3.8449220657348633, 10521
3.8449220657348633, 10520
3.8449220657348633, 10519
3.8449220657348633, 10518
3.8449220657348633, 10517
3.8449220657348633, 10516
3.8449220657348633, 10515
3.8449220657348633, 10514
3.8449220657348633, 10513
3.8459219932556152, 10512
3.8459219932556152, 10511
3.8459219932556152, 10510
3.8459219932556152, 10509
3.8459219932556152, 10508
3.8459219932556152, 10507
3.8463268280029297, 10506
3.8463268280029297, 10505
3.8463268280029297, 10504
3.8463268280029297, 10503
3.8463268280029297, 10502
3.8463268280029297, 10501
3.8463268280029297, 10500
3.8463268280029297, 10499
3.846921920776367, 10498
3.846921920776367, 10497
3.846921920776367, 10496
3.846921920776367, 10495
3.846921920776367, 10494
3.846921920776367, 10493
3.846921920776367, 10492
3.846921920776367, 10491
3.846921920776367, 10490
3.846921920776367, 10489
3.846921920776367, 10488
3.846921920776367, 10487
3.846921920776367, 10486
3.847921848297119, 10485
3.847921848297119, 10484
3.847921848297119, 10483
3.847921848297119, 10482
3.847921848297119, 10481
3.847921848297119, 10480
3.847921848297119, 10479
3.847921848297119, 10478
3.847921848297119, 10477
3.847921848297119, 10476
3.847921848297119, 10475
3.847921848297119, 10474
3.847921848297119, 10473
3.847921848297119, 10472
3.848921775817871, 10471
3.848921775817871, 10470
3.848921775817871, 10469
3.848921775817871, 10468
3.848921775817871, 10467
3.848921775817871, 10466
3.848921775817871, 10465
3.848921775817871, 10464
3.848921775817871, 10463
3.848921775817871, 10462
3.848921775817871, 10461
3.848921775817871, 10460
3.848921775817871, 10459
3.848921775817871, 10458
3.8499221801757812, 10457
3.8499221801757812, 10456
3.8499221801757812, 10455
3.8499221801757812, 10454
3.8499221801757812, 10453
3.8499221801757812, 10452
3.8499221801757812, 10451
3.8499221801757812, 10450
3.8499221801757812, 10449
3.8499221801757812, 10448
3.8499221801757812, 10447
3.8499221801757812, 10446
3.8499221801757812, 10445
3.8499221801757812, 10444
3.850922107696533, 10443
3.850922107696533, 10442
3.850922107696533, 10441
3.850922107696533, 10440
3.850922107696533, 10439
3.850922107696533, 10438
3.850922107696533, 10437
3.850922107696533, 10436
3.850922107696533, 10435
3.850922107696533, 10434
3.850922107696533, 10433
3.850922107696533, 10432
3.8517940044403076, 10431
3.8517940044403076, 10430
3.851922035217285, 10429
3.851922035217285, 10428
3.851922035217285, 10427
3.851922035217285, 10426
3.851922035217285, 10425
3.851922035217285, 10424
3.851922035217285, 10423
3.851922035217285, 10422
3.851922035217285, 10421
3.851922035217285, 10420
3.851922035217285, 10419
3.851922035217285, 10418
3.851922035217285, 10417
3.851922035217285, 10416
3.852921962738037, 10415
3.852921962738037, 10414
3.852921962738037, 10413
3.852921962738037, 10412
3.852921962738037, 10411
3.852921962738037, 10410
3.852921962738037, 10409
3.852921962738037, 10408
3.852921962738037, 10407
3.852921962738037, 10406
3.852921962738037, 10405
3.852921962738037, 10404
3.852921962738037, 10403
3.852921962738037, 10402
3.853921890258789, 10401
3.853921890258789, 10400
3.853921890258789, 10399
3.853921890258789, 10398
3.853921890258789, 10397
3.853921890258789, 10396
3.853921890258789, 10395
3.853921890258789, 10394
3.853921890258789, 10393
3.853921890258789, 10392
3.853921890258789, 10391
3.853921890258789, 10390
3.854999303817749, 10389
3.854999303817749, 10388
3.854999303817749, 10387
3.854999303817749, 10386
3.854999303817749, 10385
3.854999303817749, 10384
3.854999303817749, 10383
3.854999303817749, 10382
3.854999303817749, 10381
3.854999303817749, 10380
3.854999303817749, 10379
3.855949640274048, 10378
3.855949640274048, 10377
3.855949640274048, 10376
3.855949640274048, 10375
3.855949640274048, 10374
3.855949640274048, 10373
3.855949640274048, 10372
3.855949640274048, 10371
3.855949640274048, 10370
3.855949640274048, 10369
3.855949640274048, 10368
3.855949640274048, 10367
3.855949640274048, 10366
3.856947183609009, 10365
3.856947183609009, 10364
3.856947183609009, 10363
3.856947183609009, 10362
3.856947183609009, 10361
3.856947183609009, 10360
3.856947183609009, 10359
3.856947183609009, 10358
3.856947183609009, 10357
3.856947183609009, 10356
3.856947183609009, 10355
3.856947183609009, 10354
3.856947183609009, 10353
3.856947183609009, 10352
3.8579468727111816, 10351
3.8579468727111816, 10350
3.8579468727111816, 10349
3.8579468727111816, 10348
3.8579468727111816, 10347
3.8579468727111816, 10346
3.8579468727111816, 10345
3.8579468727111816, 10344
3.8579468727111816, 10343
3.8579468727111816, 10342
3.8579468727111816, 10341
3.8589470386505127, 10340
3.8589470386505127, 10339
3.8589470386505127, 10338
3.8589470386505127, 10337
3.8589470386505127, 10336
3.8589470386505127, 10335
3.8589470386505127, 10334
3.8589470386505127, 10333
3.8589470386505127, 10332
3.8589470386505127, 10331
3.8589470386505127, 10330
3.8589470386505127, 10329
3.8589470386505127, 10328
3.8589470386505127, 10327
3.8599469661712646, 10326
3.8599469661712646, 10325
3.8599469661712646, 10324
3.8599469661712646, 10323
3.8599469661712646, 10322
3.8599469661712646, 10321
3.8599469661712646, 10320
3.8599469661712646, 10319
3.8599469661712646, 10318
3.8599469661712646, 10317
3.8599469661712646, 10316
3.8599469661712646, 10315
3.8599469661712646, 10314
3.8599469661712646, 10313
3.8609468936920166, 10312
3.8609468936920166, 10311
3.8609468936920166, 10310
3.8609468936920166, 10309
3.8609468936920166, 10308
3.8609468936920166, 10307
3.8609468936920166, 10306
3.8609468936920166, 10305
3.8609468936920166, 10304
3.8609468936920166, 10303
3.8609468936920166, 10302
3.8609468936920166, 10301
3.8619468212127686, 10300
3.8619468212127686, 10299
3.8619468212127686, 10298
3.8619468212127686, 10297
3.8619468212127686, 10296
3.8619468212127686, 10295
3.8619468212127686, 10294
3.8619468212127686, 10293
3.8619468212127686, 10292
3.8619468212127686, 10291
3.8629469871520996, 10290
3.8629469871520996, 10289
3.8629469871520996, 10288
3.8629469871520996, 10287
3.8629469871520996, 10286
3.8629469871520996, 10285
3.8629469871520996, 10284
3.8629469871520996, 10283
3.8629469871520996, 10282
3.8629469871520996, 10281
3.8629469871520996, 10280
3.8629469871520996, 10279
3.8629469871520996, 10278
3.8639471530914307, 10277
3.8639471530914307, 10276
3.8639471530914307, 10275
3.8639471530914307, 10274
3.8639471530914307, 10273
3.8639471530914307, 10272
3.8639471530914307, 10271
3.864428758621216, 10270
3.864428758621216, 10269
3.864428758621216, 10268
3.864428758621216, 10267
3.864428758621216, 10266
3.864428758621216, 10265
3.864428758621216, 10264
3.864428758621216, 10263
3.864428758621216, 10262
3.864428758621216, 10261
3.864428758621216, 10260
3.864428758621216, 10259
3.864428758621216, 10258
3.865434408187866, 10257
3.865434408187866, 10256
3.865434408187866, 10255
3.865434408187866, 10254
3.865434408187866, 10253
3.865434408187866, 10252
3.865434408187866, 10251
3.865434408187866, 10250
3.865434408187866, 10249
3.865434408187866, 10248
3.865434408187866, 10247
3.865434408187866, 10246
3.865434408187866, 10245
3.866434335708618, 10244
3.866499662399292, 10243
3.866499662399292, 10242
3.866499662399292, 10241
3.866499662399292, 10240
3.866499662399292, 10239
3.866499662399292, 10238
3.866499662399292, 10237
3.866499662399292, 10236
3.866499662399292, 10235
3.866499662399292, 10234
3.866499662399292, 10233
3.866499662399292, 10232
3.86743426322937, 10231
3.86743426322937, 10230
3.86743426322937, 10229
3.86743426322937, 10228
3.86743426322937, 10227
3.86743426322937, 10226
3.86743426322937, 10225
3.86743426322937, 10224
3.86743426322937, 10223
3.86743426322937, 10222
3.86743426322937, 10221
3.86743426322937, 10220
3.86743426322937, 10219
3.868434190750122, 10218
3.868434190750122, 10217
3.8686106204986572, 10216
3.8686106204986572, 10215
3.8686106204986572, 10214
3.8686106204986572, 10213
3.8686106204986572, 10212
3.8686106204986572, 10211
3.8686106204986572, 10210
3.8686106204986572, 10209
3.8686106204986572, 10208
3.8686106204986572, 10207
3.869434356689453, 10206
3.869434356689453, 10205
3.869434356689453, 10204
3.869434356689453, 10203
3.869434356689453, 10202
3.869434356689453, 10201
3.869434356689453, 10200
3.869434356689453, 10199
3.869434356689453, 10198
3.869434356689453, 10197
3.869434356689453, 10196
3.869434356689453, 10195
3.869434356689453, 10194
3.870434284210205, 10193
3.870434284210205, 10192
3.870434284210205, 10191
3.870434284210205, 10190
3.870434284210205, 10189
3.870434284210205, 10188
3.870434284210205, 10187
3.870434284210205, 10186
3.870434284210205, 10185
3.870434284210205, 10184
3.870434284210205, 10183
3.870434284210205, 10182
3.8714346885681152, 10181
3.8714346885681152, 10180
3.8714346885681152, 10179
3.8714346885681152, 10178
3.8714346885681152, 10177
3.8714346885681152, 10176
3.8714346885681152, 10175
3.8714346885681152, 10174
3.8714346885681152, 10173
3.8714346885681152, 10172
3.8714346885681152, 10171
3.8714346885681152, 10170
3.8714346885681152, 10169
3.872434139251709, 10168
3.872434139251709, 10167
3.872434139251709, 10166
3.872434139251709, 10165
3.872434139251709, 10164
3.872434139251709, 10163
3.872434139251709, 10162
3.872434139251709, 10161
3.872434139251709, 10160
3.872434139251709, 10159
3.872434139251709, 10158
3.872434139251709, 10157
3.872434139251709, 10156
3.872434139251709, 10155
3.87343430519104, 10154
3.87343430519104, 10153
3.87343430519104, 10152
3.87343430519104, 10151
3.87343430519104, 10150
3.87343430519104, 10149
3.87343430519104, 10148
3.8739547729492188, 10147
3.8739547729492188, 10146
3.8739547729492188, 10145
3.8739547729492188, 10144
3.8739547729492188, 10143
3.8739547729492188, 10142
3.8739547729492188, 10141
3.8739547729492188, 10140
3.8739547729492188, 10139
3.8739547729492188, 10138
3.8739547729492188, 10137
3.8739547729492188, 10136
3.8739547729492188, 10135
3.8739547729492188, 10134
3.8749592304229736, 10133
3.8749592304229736, 10132
3.8749592304229736, 10131
3.8749592304229736, 10130
3.8749592304229736, 10129
3.8749592304229736, 10128
3.8749592304229736, 10127
3.8749592304229736, 10126
3.8749592304229736, 10125
3.8749592304229736, 10124
3.8749592304229736, 10123
3.8749592304229736, 10122
3.8759593963623047, 10121
3.8759593963623047, 10120
3.8759593963623047, 10119
3.8759593963623047, 10118
3.8759593963623047, 10117
3.8759593963623047, 10116
3.8759593963623047, 10115
3.8759593963623047, 10114
3.8759593963623047, 10113
3.8759593963623047, 10112
3.8759593963623047, 10111
3.8759593963623047, 10110
3.8769590854644775, 10109
3.8769590854644775, 10108
3.8769590854644775, 10107
3.8769590854644775, 10106
3.8769590854644775, 10105
3.8769590854644775, 10104
3.8769590854644775, 10103
3.8769590854644775, 10102
3.8769590854644775, 10101
3.8769590854644775, 10100
3.8769590854644775, 10099
3.8769590854644775, 10098
3.8769590854644775, 10097
3.8769590854644775, 10096
3.8779587745666504, 10095
3.8779587745666504, 10094
3.8779587745666504, 10093
3.8779587745666504, 10092
3.8779587745666504, 10091
3.8779587745666504, 10090
3.8779587745666504, 10089
3.8779587745666504, 10088
3.8779587745666504, 10087
3.8779587745666504, 10086
3.8779587745666504, 10085
3.8779587745666504, 10084
3.8779587745666504, 10083
3.8789589405059814, 10082
3.8789589405059814, 10081
3.8789589405059814, 10080
3.8789589405059814, 10079
3.8789589405059814, 10078
3.8789589405059814, 10077
3.8789589405059814, 10076
3.8789589405059814, 10075
3.8789589405059814, 10074
3.8789589405059814, 10073
3.8789589405059814, 10072
3.8789589405059814, 10071
3.8789589405059814, 10070
3.8789589405059814, 10069
3.8799588680267334, 10068
3.8799588680267334, 10067
3.8799588680267334, 10066
3.8799588680267334, 10065
3.8799588680267334, 10064
3.8799588680267334, 10063
3.8799588680267334, 10062
3.8799588680267334, 10061
3.8799588680267334, 10060
3.8799588680267334, 10059
3.8799588680267334, 10058
3.8799588680267334, 10057
3.8809590339660645, 10056
3.8809590339660645, 10055
3.8809590339660645, 10054
3.8809590339660645, 10053
3.8809590339660645, 10052
3.8809590339660645, 10051
3.8809590339660645, 10050
3.8809590339660645, 10049
3.8809590339660645, 10048
3.8809590339660645, 10047
3.8809590339660645, 10046
3.8819589614868164, 10045
3.8819589614868164, 10044
3.8819589614868164, 10043
3.8819589614868164, 10042
3.8819589614868164, 10041
3.8819589614868164, 10040
3.8819589614868164, 10039
3.8819589614868164, 10038
3.8819589614868164, 10037
3.8819589614868164, 10036
3.8819589614868164, 10035
3.8819589614868164, 10034
3.8819589614868164, 10033
3.8819589614868164, 10032
3.8829586505889893, 10031
3.8829586505889893, 10030
3.8829586505889893, 10029
3.8829586505889893, 10028
3.8829586505889893, 10027
3.8829586505889893, 10026
3.8829586505889893, 10025
3.8829586505889893, 10024
3.8829586505889893, 10023
3.8829586505889893, 10022
3.8829586505889893, 10021
3.8829586505889893, 10020
3.8829586505889893, 10019
3.8829586505889893, 10018
3.8839588165283203, 10017
3.8839588165283203, 10016
3.8839588165283203, 10015
3.8839588165283203, 10014
3.8839588165283203, 10013
3.8839588165283203, 10012
3.8839588165283203, 10011
3.8839588165283203, 10010
3.8839588165283203, 10009
3.8839588165283203, 10008
3.8839588165283203, 10007
3.8839588165283203, 10006
3.8839588165283203, 10005
3.8849589824676514, 10004
3.8849589824676514, 10003
3.8849589824676514, 10002
3.8849589824676514, 10001
3.8849589824676514, 10000
3.8849589824676514, 9999
3.8849589824676514, 9998
3.8849589824676514, 9997
3.8849589824676514, 9996
3.8849589824676514, 9995
3.8849589824676514, 9994
3.8849589824676514, 9993
3.8849589824676514, 9992
3.885958671569824, 9991
3.885958671569824, 9990
3.885958671569824, 9989
3.885958671569824, 9988
3.885958671569824, 9987
3.885958671569824, 9986
3.885958671569824, 9985
3.885958671569824, 9984
3.885958671569824, 9983
3.885958671569824, 9982
3.885958671569824, 9981
3.885958671569824, 9980
3.885958671569824, 9979
3.8869593143463135, 9978
3.8869593143463135, 9977
3.8869593143463135, 9976
3.8869593143463135, 9975
3.8869593143463135, 9974
3.8869593143463135, 9973
3.8869593143463135, 9972
3.8869593143463135, 9971
3.8869593143463135, 9970
3.8869593143463135, 9969
3.8869593143463135, 9968
3.8869593143463135, 9967
3.8869593143463135, 9966
3.8869593143463135, 9965
3.8879587650299072, 9964
3.8879587650299072, 9963
3.8879587650299072, 9962
3.8879587650299072, 9961
3.8879587650299072, 9960
3.8879587650299072, 9959
3.8879587650299072, 9958
3.8879587650299072, 9957
3.8879587650299072, 9956
3.8879587650299072, 9955
3.8879587650299072, 9954
3.8879587650299072, 9953
3.8879587650299072, 9952
3.888958692550659, 9951
3.888958692550659, 9950
3.888958692550659, 9949
3.888958692550659, 9948
3.888958692550659, 9947
3.888958692550659, 9946
3.888958692550659, 9945
3.888958692550659, 9944
3.888958692550659, 9943
3.888958692550659, 9942
3.888958692550659, 9941
3.888958692550659, 9940
3.888958692550659, 9939
3.888958692550659, 9938
3.889958620071411, 9937
3.889958620071411, 9936
3.889958620071411, 9935
3.889958620071411, 9934
3.889958620071411, 9933
3.889958620071411, 9932
3.889958620071411, 9931
3.889958620071411, 9930
3.889958620071411, 9929
3.889958620071411, 9928
3.889958620071411, 9927
3.889958620071411, 9926
3.889958620071411, 9925
3.889958620071411, 9924
3.890958786010742, 9923
3.890958786010742, 9922
3.890958786010742, 9921
3.890958786010742, 9920
3.890958786010742, 9919
3.890958786010742, 9918
3.890958786010742, 9917
3.890958786010742, 9916
3.890958786010742, 9915
3.890958786010742, 9914
3.890958786010742, 9913
3.890958786010742, 9912
3.890958786010742, 9911
3.891958713531494, 9910
3.891958713531494, 9909
3.891958713531494, 9908
3.891958713531494, 9907
3.891958713531494, 9906
3.891958713531494, 9905
3.891958713531494, 9904
3.891958713531494, 9903
3.891958713531494, 9902
3.891958713531494, 9901
3.891958713531494, 9900
3.891958713531494, 9899
3.891958713531494, 9898
3.8929591178894043, 9897
3.8929591178894043, 9896
3.8929591178894043, 9895
3.8929591178894043, 9894
3.8929591178894043, 9893
3.8929591178894043, 9892
3.8929591178894043, 9891
3.8929591178894043, 9890
3.8929591178894043, 9889
3.8929591178894043, 9888
3.8929591178894043, 9887
3.8929591178894043, 9886
3.8929591178894043, 9885
3.8929591178894043, 9884
3.893958806991577, 9883
3.893958806991577, 9882
3.893958806991577, 9881
3.893958806991577, 9880
3.893958806991577, 9879
3.893958806991577, 9878
3.893958806991577, 9877
3.893958806991577, 9876
3.893958806991577, 9875
3.893958806991577, 9874
3.893958806991577, 9873
3.893958806991577, 9872
3.893958806991577, 9871
3.893958806991577, 9870
3.894958972930908, 9869
3.894958972930908, 9868
3.894958972930908, 9867
3.894958972930908, 9866
3.894958972930908, 9865
3.894958972930908, 9864
3.894958972930908, 9863
3.894958972930908, 9862
3.894958972930908, 9861
3.894958972930908, 9860
3.894958972930908, 9859
3.894958972930908, 9858
3.894958972930908, 9857
3.89595890045166, 9856
3.89595890045166, 9855
3.89595890045166, 9854
3.89595890045166, 9853
3.89595890045166, 9852
3.89595890045166, 9851
3.89595890045166, 9850
3.89595890045166, 9849
3.89595890045166, 9848
3.89595890045166, 9847
3.89595890045166, 9846
3.89595890045166, 9845
3.89595890045166, 9844
3.89595890045166, 9843
3.896958827972412, 9842
3.896958827972412, 9841
3.896958827972412, 9840
3.896958827972412, 9839
3.896958827972412, 9838
3.8973276615142822, 9837
3.8973276615142822, 9836
3.8973276615142822, 9835
3.8973276615142822, 9834
3.8973276615142822, 9833
3.8973276615142822, 9832
3.8973276615142822, 9831
3.8973276615142822, 9830
3.8973276615142822, 9829
3.897958755493164, 9828
3.897958755493164, 9827
3.897958755493164, 9826
3.897958755493164, 9825
3.897958755493164, 9824
3.897958755493164, 9823
3.897958755493164, 9822
3.897958755493164, 9821
3.897958755493164, 9820
3.897958755493164, 9819
3.897958755493164, 9818
3.897958755493164, 9817
3.897958755493164, 9816
3.897958755493164, 9815
3.8989593982696533, 9814
3.8989593982696533, 9813
3.8989593982696533, 9812
3.8989593982696533, 9811
3.8989593982696533, 9810
3.8989593982696533, 9809
3.8989593982696533, 9808
3.8989593982696533, 9807
3.8989593982696533, 9806
3.8989593982696533, 9805
6.961915731430054, 9804
6.961915731430054, 9803
6.961915731430054, 9802
6.9629175662994385, 9801
6.9629175662994385, 9800
6.9629175662994385, 9799
6.9629175662994385, 9798
6.9629175662994385, 9797
6.9629175662994385, 9796
6.9629175662994385, 9795
