0.16916203498840332, 14074
0.16916203498840332, 14073
0.16916203498840332, 14072
0.16916203498840332, 14071
0.16916203498840332, 14070
0.17016291618347168, 14069
0.17016291618347168, 14068
0.17016291618347168, 14067
0.17016291618347168, 14066
0.17016291618347168, 14065
0.17016291618347168, 14064
0.17016291618347168, 14063
0.17016291618347168, 14062
0.17016291618347168, 14061
0.17016291618347168, 14060
0.17016291618347168, 14059
0.17016291618347168, 14058
0.17016291618347168, 14057
0.17016291618347168, 14056
0.17016291618347168, 14055
0.17116355895996094, 14054
0.17116355895996094, 14053
0.3340597152709961, 14036
0.3340597152709961, 14035
0.3340597152709961, 14034
0.3340597152709961, 14033
0.3340597152709961, 14032
0.3340597152709961, 14031
0.3340597152709961, 14030
0.3340597152709961, 14029
0.3340597152709961, 14028
0.3340597152709961, 14027
0.33505940437316895, 14026
0.33505940437316895, 14025
0.33505940437316895, 14024
0.33505940437316895, 14023
0.33505940437316895, 14022
0.33505940437316895, 14021
0.33505940437316895, 14020
0.33505940437316895, 14019
0.33505940437316895, 14018
0.33505940437316895, 14017
0.33505940437316895, 14016
0.33505940437316895, 14015
0.33505940437316895, 14014
0.33505940437316895, 14013
0.33505940437316895, 14012
0.3360598087310791, 14011
0.3360598087310791, 14010
0.3360598087310791, 14009
0.3360598087310791, 14008
0.3360598087310791, 14007
0.3360598087310791, 14006
0.3360598087310791, 14005
0.3360598087310791, 14004
0.3360598087310791, 14003
0.3360598087310791, 14002
0.3360598087310791, 14001
0.3360598087310791, 14000
0.3360598087310791, 13999
0.3360598087310791, 13998
0.3360598087310791, 13997
0.33706045150756836, 13996
0.33706045150756836, 13995
0.33706045150756836, 13994
0.33706045150756836, 13993
0.33706045150756836, 13992
0.33706045150756836, 13991
0.33706045150756836, 13990
0.33706045150756836, 13989
0.33706045150756836, 13988
0.33706045150756836, 13987
0.33706045150756836, 13986
0.33706045150756836, 13985
0.33706045150756836, 13984
0.33706045150756836, 13983
0.33706045150756836, 13982
0.3380610942840576, 13981
0.3380610942840576, 13980
0.3380610942840576, 13979
0.3380610942840576, 13978
0.3380610942840576, 13977
0.3380610942840576, 13976
0.3380610942840576, 13975
0.3380610942840576, 13974
0.3380610942840576, 13973
0.3380610942840576, 13972
0.3380610942840576, 13971
0.3380610942840576, 13970
0.3380610942840576, 13969
0.3380610942840576, 13968
0.3380610942840576, 13967
0.3380610942840576, 13966
0.3380610942840576, 13965
0.3380610942840576, 13964
0.3380610942840576, 13963
0.3380610942840576, 13962
0.3380610942840576, 13961
0.33942294120788574, 13960
0.33942294120788574, 13959
0.33942294120788574, 13958
0.33942294120788574, 13957
0.33942294120788574, 13956
0.33942294120788574, 13955
0.33942294120788574, 13954
0.33942294120788574, 13953
0.33942294120788574, 13952
0.33942294120788574, 13951
0.33942294120788574, 13950
0.33942294120788574, 13949
0.33942294120788574, 13948
0.33942294120788574, 13947
0.33942294120788574, 13946
0.3405020236968994, 13945
0.3405020236968994, 13944
0.3405020236968994, 13943
0.3405020236968994, 13942
0.3405020236968994, 13941
0.3405020236968994, 13940
0.3405020236968994, 13939
0.3405020236968994, 13938
0.3405020236968994, 13937
0.3405020236968994, 13936
0.3405020236968994, 13935
0.3405020236968994, 13934
0.3405020236968994, 13933
0.3405020236968994, 13932
0.3405020236968994, 13931
0.3414309024810791, 13930
0.3414309024810791, 13929
0.3414309024810791, 13928
0.3414309024810791, 13927
0.3414309024810791, 13926
0.3414309024810791, 13925
0.3414309024810791, 13924
0.3414309024810791, 13923
0.3414309024810791, 13922
0.3414309024810791, 13921
0.3414309024810791, 13920
0.3414309024810791, 13919
0.3414309024810791, 13918
0.3414309024810791, 13917
0.3414309024810791, 13916
0.3414309024810791, 13915
0.34243106842041016, 13914
0.34243106842041016, 13913
0.34243106842041016, 13912
0.34243106842041016, 13911
0.34243106842041016, 13910
0.34243106842041016, 13909
0.34243106842041016, 13908
0.34243106842041016, 13907
0.34243106842041016, 13906
0.34243106842041016, 13905
0.34243106842041016, 13904
0.34243106842041016, 13903
0.34243106842041016, 13902
0.34243106842041016, 13901
0.34243106842041016, 13900
0.3434309959411621, 13899
0.3434309959411621, 13898
0.3434309959411621, 13897
0.3434309959411621, 13896
0.3434309959411621, 13895
0.3434309959411621, 13894
0.3434309959411621, 13893
0.3434309959411621, 13892
0.3434309959411621, 13891
0.3434309959411621, 13890
0.3434309959411621, 13889
0.3434309959411621, 13888
0.3434309959411621, 13887
0.3434309959411621, 13886
0.3434309959411621, 13885
0.3434309959411621, 13884
0.34443068504333496, 13883
0.34443068504333496, 13882
0.34443068504333496, 13881
0.34443068504333496, 13880
0.34443068504333496, 13879
0.34443068504333496, 13878
0.34443068504333496, 13877
0.34443068504333496, 13876
0.34443068504333496, 13875
0.34443068504333496, 13874
0.34443068504333496, 13873
0.34443068504333496, 13872
0.34443068504333496, 13871
0.34443068504333496, 13870
0.34443068504333496, 13869
0.345430850982666, 13868
0.345430850982666, 13867
0.345430850982666, 13866
0.345430850982666, 13865
0.345430850982666, 13864
0.345430850982666, 13863
0.345430850982666, 13862
0.345430850982666, 13861
0.345430850982666, 13860
0.3459949493408203, 13859
0.3460502624511719, 13858
0.3460502624511719, 13857
0.3460502624511719, 13856
0.3460502624511719, 13855
0.3460502624511719, 13854
0.3460502624511719, 13853
0.3464317321777344, 13852
0.3464317321777344, 13851
0.3464317321777344, 13850
0.3464317321777344, 13849
0.3464317321777344, 13848
0.3464317321777344, 13847
0.3464317321777344, 13846
0.3464317321777344, 13845
0.3464317321777344, 13844
0.3464317321777344, 13843
0.3464317321777344, 13842
0.3464317321777344, 13841
0.3464317321777344, 13840
0.3464317321777344, 13839
0.3464317321777344, 13838
0.347430944442749, 13837
0.347430944442749, 13836
0.347430944442749, 13835
0.347430944442749, 13834
0.347430944442749, 13833
0.347430944442749, 13832
0.347430944442749, 13831
0.347430944442749, 13830
0.347430944442749, 13829
0.347430944442749, 13828
0.347430944442749, 13827
0.347430944442749, 13826
0.347430944442749, 13825
0.347430944442749, 13824
0.347430944442749, 13823
0.3484306335449219, 13822
0.3484306335449219, 13821
0.3484306335449219, 13820
0.3484306335449219, 13819
0.3484306335449219, 13818
0.3484306335449219, 13817
0.3484306335449219, 13816
0.3484306335449219, 13815
0.3484306335449219, 13814
0.3484306335449219, 13813
0.3484306335449219, 13812
0.3484306335449219, 13811
0.3484306335449219, 13810
0.3484306335449219, 13809
0.3484306335449219, 13808
0.3484306335449219, 13807
0.3494601249694824, 13806
0.3494601249694824, 13805
0.3494601249694824, 13804
0.3494601249694824, 13803
0.3494601249694824, 13802
0.3494601249694824, 13801
0.3494601249694824, 13800
0.3494601249694824, 13799
0.3494601249694824, 13798
0.3494601249694824, 13797
0.3494601249694824, 13796
0.3494601249694824, 13795
0.3494601249694824, 13794
0.3494601249694824, 13793
0.3494601249694824, 13792
0.3504600524902344, 13791
0.3504600524902344, 13790
0.3504600524902344, 13789
0.3504600524902344, 13788
0.3504600524902344, 13787
0.3504600524902344, 13786
0.3504600524902344, 13785
0.3504600524902344, 13784
0.3504600524902344, 13783
0.3504600524902344, 13782
0.3504600524902344, 13781
0.3504600524902344, 13780
0.3504600524902344, 13779
0.3504600524902344, 13778
0.3504600524902344, 13777
0.3515126705169678, 13776
0.3515126705169678, 13775
0.3515126705169678, 13774
0.3515126705169678, 13773
0.3515126705169678, 13772
0.3515126705169678, 13771
0.3515126705169678, 13770
0.3515126705169678, 13769
0.3515126705169678, 13768
0.3515126705169678, 13767
0.3515126705169678, 13766
0.3515126705169678, 13765
0.3515126705169678, 13764
0.3515126705169678, 13763
0.3524601459503174, 13762
0.3524601459503174, 13761
0.3524601459503174, 13760
0.3524601459503174, 13759
0.3524601459503174, 13758
0.3524601459503174, 13757
0.3524601459503174, 13756
0.3524601459503174, 13755
0.3524601459503174, 13754
0.3524601459503174, 13753
0.3524601459503174, 13752
0.3524601459503174, 13751
0.3524601459503174, 13750
0.3524601459503174, 13749
0.3524601459503174, 13748
0.35346078872680664, 13747
0.35346078872680664, 13746
0.35346078872680664, 13745
0.35346078872680664, 13744
0.35346078872680664, 13743
0.35346078872680664, 13742
0.35346078872680664, 13741
0.35346078872680664, 13740
0.35346078872680664, 13739
0.35346078872680664, 13738
0.35346078872680664, 13737
0.35346078872680664, 13736
0.35346078872680664, 13735
0.35346078872680664, 13734
0.35346078872680664, 13733
0.354459285736084, 13732
0.354459285736084, 13731
0.354459285736084, 13730
0.354459285736084, 13729
0.354459285736084, 13728
0.354459285736084, 13727
0.354459285736084, 13726
0.354459285736084, 13725
0.354459285736084, 13724
0.354459285736084, 13723
0.354459285736084, 13722
0.354459285736084, 13721
0.354459285736084, 13720
0.354459285736084, 13719
0.354459285736084, 13718
0.354459285736084, 13717
0.35545945167541504, 13716
0.35545945167541504, 13715
0.35560107231140137, 13714
0.35560107231140137, 13713
0.35560107231140137, 13712
0.35560107231140137, 13711
0.35560107231140137, 13710
0.35560107231140137, 13709
0.35560107231140137, 13708
0.35560107231140137, 13707
0.35560107231140137, 13706
0.35560107231140137, 13705
0.35560107231140137, 13704
0.35560107231140137, 13703
0.3564603328704834, 13702
0.3564603328704834, 13701
0.3564603328704834, 13700
0.3564603328704834, 13699
0.3564603328704834, 13698
0.3564603328704834, 13697
0.3564603328704834, 13696
0.3564603328704834, 13695
0.3564603328704834, 13694
0.3564603328704834, 13693
0.3564603328704834, 13692
0.3564603328704834, 13691
0.3564603328704834, 13690
0.3564603328704834, 13689
0.3564603328704834, 13688
0.35746121406555176, 13687
0.35746121406555176, 13686
0.35746121406555176, 13685
0.35746121406555176, 13684
0.35746121406555176, 13683
0.35746121406555176, 13682
0.35746121406555176, 13681
0.35746121406555176, 13680
0.35746121406555176, 13679
0.35746121406555176, 13678
0.35746121406555176, 13677
0.35746121406555176, 13676
0.35746121406555176, 13675
0.35746121406555176, 13674
0.35746121406555176, 13673
0.3584587574005127, 13672
0.3584587574005127, 13671
0.3584587574005127, 13670
0.3584587574005127, 13669
0.3584587574005127, 13668
0.3584587574005127, 13667
0.3584587574005127, 13666
0.3584587574005127, 13665
0.3584587574005127, 13664
0.3584587574005127, 13663
0.3584587574005127, 13662
0.3584587574005127, 13661
0.3584587574005127, 13660
0.3584587574005127, 13659
0.35945868492126465, 13658
0.35945868492126465, 13657
0.35945868492126465, 13656
0.35945868492126465, 13655
0.35945868492126465, 13654
0.35945868492126465, 13653
0.35945868492126465, 13652
0.35945868492126465, 13651
0.35945868492126465, 13650
0.35945868492126465, 13649
0.35945868492126465, 13648
0.35945868492126465, 13647
0.35945868492126465, 13646
0.35945868492126465, 13645
0.35945868492126465, 13644
0.3604583740234375, 13643
0.3604583740234375, 13642
0.3604583740234375, 13641
0.3604583740234375, 13640
0.3604583740234375, 13639
0.3604583740234375, 13638
0.3604583740234375, 13637
0.3604583740234375, 13636
0.3604583740234375, 13635
0.3604583740234375, 13634
0.3604583740234375, 13633
0.3604583740234375, 13632
0.3604583740234375, 13631
0.3604583740234375, 13630
0.3604583740234375, 13629
0.36145830154418945, 13628
0.36145830154418945, 13627
0.36145830154418945, 13626
0.36145830154418945, 13625
0.36145830154418945, 13624
0.36145830154418945, 13623
0.36145830154418945, 13622
0.36145830154418945, 13621
0.36145830154418945, 13620
0.36145830154418945, 13619
0.36145830154418945, 13618
0.36145830154418945, 13617
0.36145830154418945, 13616
0.36145830154418945, 13615
0.3624582290649414, 13614
0.3624582290649414, 13613
0.3624582290649414, 13612
0.3624582290649414, 13611
0.3624582290649414, 13610
0.3624582290649414, 13609
0.3624582290649414, 13608
0.3624582290649414, 13607
0.3624582290649414, 13606
0.3624582290649414, 13605
0.3624582290649414, 13604
0.3624582290649414, 13603
0.3624582290649414, 13602
0.3624582290649414, 13601
0.36345863342285156, 13600
0.36345863342285156, 13599
0.36345863342285156, 13598
0.36345863342285156, 13597
0.36345863342285156, 13596
0.36345863342285156, 13595
0.36345863342285156, 13594
0.36345863342285156, 13593
0.36345863342285156, 13592
0.36345863342285156, 13591
0.36345863342285156, 13590
0.36345863342285156, 13589
0.36345863342285156, 13588
0.36345863342285156, 13587
0.36345863342285156, 13586
0.3644580841064453, 13585
0.3644580841064453, 13584
0.3644580841064453, 13583
0.3644580841064453, 13582
0.3644580841064453, 13581
0.3644580841064453, 13580
0.3644580841064453, 13579
0.3644580841064453, 13578
0.3644580841064453, 13577
0.3644580841064453, 13576
0.3644580841064453, 13575
0.3644580841064453, 13574
0.3644580841064453, 13573
0.3644580841064453, 13572
0.36545848846435547, 13571
0.36545848846435547, 13570
0.36545848846435547, 13569
0.36545848846435547, 13568
0.36545848846435547, 13567
0.36545848846435547, 13566
0.36545848846435547, 13565
0.3659682273864746, 13564
0.3659682273864746, 13563
0.3659682273864746, 13562
0.3659682273864746, 13561
0.3659682273864746, 13560
0.3659682273864746, 13559
0.3659682273864746, 13558
0.3664584159851074, 13557
0.3664584159851074, 13556
0.3664584159851074, 13555
0.3664584159851074, 13554
0.3664584159851074, 13553
0.3664584159851074, 13552
0.3664584159851074, 13551
0.3664584159851074, 13550
0.3664584159851074, 13549
0.3664584159851074, 13548
0.3664584159851074, 13547
0.3664584159851074, 13546
0.3664584159851074, 13545
0.3664584159851074, 13544
0.3674581050872803, 13543
0.3674581050872803, 13542
0.8850822448730469, 13541
0.8850822448730469, 13540
0.8850822448730469, 13539
0.8850822448730469, 13538
0.8850822448730469, 13537
0.8850822448730469, 13536
0.8850822448730469, 13535
0.8850822448730469, 13534
0.8850822448730469, 13533
0.8860020637512207, 13532
0.8860821723937988, 13531
0.8860821723937988, 13530
0.8860821723937988, 13529
0.8860821723937988, 13528
0.8860821723937988, 13527
0.8860821723937988, 13526
0.8860821723937988, 13525
0.8860821723937988, 13524
0.8860821723937988, 13523
0.8860821723937988, 13522
0.8860821723937988, 13521
0.8860821723937988, 13520
0.8860821723937988, 13519
0.8860821723937988, 13518
0.8860821723937988, 13517
0.887082576751709, 13516
0.887082576751709, 13515
0.887082576751709, 13514
0.887082576751709, 13513
0.887082576751709, 13512
0.887082576751709, 13511
0.887082576751709, 13510
0.887082576751709, 13509
0.887082576751709, 13508
0.887082576751709, 13507
0.887082576751709, 13506
0.887082576751709, 13505
0.887082576751709, 13504
0.887082576751709, 13503
0.8880820274353027, 13502
0.8880820274353027, 13501
0.8880820274353027, 13500
0.8880820274353027, 13499
0.8880820274353027, 13498
0.8880820274353027, 13497
0.8880820274353027, 13496
0.8880820274353027, 13495
0.8880820274353027, 13494
0.8880820274353027, 13493
0.8880820274353027, 13492
0.8880820274353027, 13491
0.8880820274353027, 13490
0.8880820274353027, 13489
0.8880820274353027, 13488
0.8890824317932129, 13487
0.8890824317932129, 13486
0.8890824317932129, 13485
0.8890824317932129, 13484
0.8890824317932129, 13483
0.8890824317932129, 13482
0.8890824317932129, 13481
0.8890824317932129, 13480
0.8890824317932129, 13479
0.8890824317932129, 13478
0.8890824317932129, 13477
0.8890824317932129, 13476
0.8890824317932129, 13475
0.8890824317932129, 13474
0.8890824317932129, 13473
0.8901469707489014, 13472
0.8901469707489014, 13471
0.8901469707489014, 13470
0.8901469707489014, 13469
0.8901469707489014, 13468
0.8901469707489014, 13467
0.8901469707489014, 13466
0.8901469707489014, 13465
0.8901469707489014, 13464
0.8901469707489014, 13463
0.8901469707489014, 13462
0.8901469707489014, 13461
0.8901469707489014, 13460
0.8901469707489014, 13459
0.8910822868347168, 13458
0.8910822868347168, 13457
0.8910822868347168, 13456
0.8910822868347168, 13455
0.8910822868347168, 13454
0.8910822868347168, 13453
0.8910822868347168, 13452
0.8910822868347168, 13451
0.8910822868347168, 13450
0.8910822868347168, 13449
0.8910822868347168, 13448
0.8910822868347168, 13447
0.8910822868347168, 13446
0.8910822868347168, 13445
0.8910822868347168, 13444
0.8920822143554688, 13443
0.8920822143554688, 13442
0.8920822143554688, 13441
0.8920822143554688, 13440
0.8920822143554688, 13439
0.8920822143554688, 13438
0.8920822143554688, 13437
0.8920822143554688, 13436
0.8920822143554688, 13435
0.8920822143554688, 13434
0.8920822143554688, 13433
0.8920822143554688, 13432
0.8920822143554688, 13431
0.8920822143554688, 13430
0.8920822143554688, 13429
0.8930821418762207, 13428
0.8930821418762207, 13427
0.8930821418762207, 13426
0.8930821418762207, 13425
0.8930821418762207, 13424
0.8930821418762207, 13423
0.8934972286224365, 13422
0.8934972286224365, 13421
0.8934972286224365, 13420
0.8934972286224365, 13419
0.8934972286224365, 13418
0.8934972286224365, 13417
0.8934972286224365, 13416
0.8934972286224365, 13415
0.8940823078155518, 13414
1.4341402053833008, 13413
1.4341402053833008, 13412
1.4341402053833008, 13411
1.4341402053833008, 13410
1.4341402053833008, 13409
1.4341402053833008, 13408
1.4341402053833008, 13407
1.4351401329040527, 13406
1.4351401329040527, 13405
1.4351401329040527, 13404
1.4351401329040527, 13403
1.4351401329040527, 13402
1.4351401329040527, 13401
1.4351401329040527, 13400
1.4351401329040527, 13399
1.4351401329040527, 13398
1.4351401329040527, 13397
1.4351401329040527, 13396
1.4359817504882812, 13395
1.4359817504882812, 13394
1.4361398220062256, 13393
1.4361398220062256, 13392
1.4361398220062256, 13391
1.4361398220062256, 13390
1.4361398220062256, 13389
1.4361398220062256, 13388
1.4361398220062256, 13387
1.4361398220062256, 13386
1.4361398220062256, 13385
1.4361398220062256, 13384
1.4361398220062256, 13383
1.4361398220062256, 13382
1.4361398220062256, 13381
1.4361398220062256, 13380
1.4371402263641357, 13379
1.4371402263641357, 13378
1.4371402263641357, 13377
1.4371402263641357, 13376
1.4371402263641357, 13375
1.4371402263641357, 13374
1.4371402263641357, 13373
1.4371402263641357, 13372
1.4371402263641357, 13371
1.4371402263641357, 13370
1.4371402263641357, 13369
1.4371402263641357, 13368
1.4371402263641357, 13367
1.4381401538848877, 13366
1.4381401538848877, 13365
1.4381401538848877, 13364
1.4381401538848877, 13363
1.4381401538848877, 13362
1.4381401538848877, 13361
1.4381401538848877, 13360
1.4381401538848877, 13359
1.4381401538848877, 13358
1.4381401538848877, 13357
1.4381401538848877, 13356
1.4381401538848877, 13355
1.4381401538848877, 13354
1.4381401538848877, 13353
1.439166784286499, 13352
1.439166784286499, 13351
1.439166784286499, 13350
1.439166784286499, 13349
1.439166784286499, 13348
1.439166784286499, 13347
1.439166784286499, 13346
1.439166784286499, 13345
1.439166784286499, 13344
1.439166784286499, 13343
1.439166784286499, 13342
1.439166784286499, 13341
1.439166784286499, 13340
1.439166784286499, 13339
1.4401664733886719, 13338
1.4401664733886719, 13337
1.4401664733886719, 13336
1.4401664733886719, 13335
1.4401664733886719, 13334
1.4401664733886719, 13333
1.4401664733886719, 13332
1.440678358078003, 13331
1.440678358078003, 13330
1.440678358078003, 13329
1.440678358078003, 13328
1.440678358078003, 13327
1.440678358078003, 13326
1.440678358078003, 13325
1.440678358078003, 13324
1.440678358078003, 13323
1.440678358078003, 13322
1.440678358078003, 13321
1.440678358078003, 13320
1.440678358078003, 13319
1.440678358078003, 13318
1.441683292388916, 13317
1.441683292388916, 13316
1.441683292388916, 13315
1.441683292388916, 13314
1.441683292388916, 13313
1.441683292388916, 13312
1.441683292388916, 13311
1.441683292388916, 13310
1.441683292388916, 13309
1.441683292388916, 13308
1.441683292388916, 13307
1.441683292388916, 13306
1.441683292388916, 13305
1.442683219909668, 13304
1.442683219909668, 13303
1.442683219909668, 13302
1.442683219909668, 13301
1.442683219909668, 13300
1.442683219909668, 13299
1.442683219909668, 13298
1.442683219909668, 13297
1.442683219909668, 13296
1.442683219909668, 13295
1.442683219909668, 13294
1.442683219909668, 13293
1.442683219909668, 13292
1.442683219909668, 13291
1.4437484741210938, 13290
1.4437484741210938, 13289
1.4437484741210938, 13288
1.4437484741210938, 13287
1.4437484741210938, 13286
1.4437484741210938, 13285
1.4437484741210938, 13284
1.4437484741210938, 13283
1.4437484741210938, 13282
1.4437484741210938, 13281
1.4437484741210938, 13280
1.4446845054626465, 13279
1.4446845054626465, 13278
1.4446845054626465, 13277
1.4446845054626465, 13276
8.53115963935852, 13224
8.53115963935852, 13223
8.53115963935852, 13222
8.53115963935852, 13221
8.532159328460693, 13220
8.532159328460693, 13219
8.532159328460693, 13218
8.532159328460693, 13217
8.532159328460693, 13216
8.532159328460693, 13215
8.532159328460693, 13214
8.53262996673584, 13213
8.53262996673584, 13212
8.53262996673584, 13211
8.53262996673584, 13210
8.53262996673584, 13209
8.53262996673584, 13208
8.53262996673584, 13207
8.533159017562866, 13206
8.533159017562866, 13205
8.533159017562866, 13204
8.533159017562866, 13203
8.533159017562866, 13202
8.533159017562866, 13201
8.533159017562866, 13200
8.533159017562866, 13199
8.533159017562866, 13198
8.533159017562866, 13197
8.533159017562866, 13196
8.533159017562866, 13195
8.533159017562866, 13194
8.533159017562866, 13193
8.534159183502197, 13192
8.534159183502197, 13191
8.534159183502197, 13190
8.534159183502197, 13189
8.534159183502197, 13188
8.534159183502197, 13187
8.534159183502197, 13186
8.534159183502197, 13185
8.534159183502197, 13184
8.534159183502197, 13183
8.534159183502197, 13182
8.534159183502197, 13181
8.534159183502197, 13180
8.534159183502197, 13179
8.53515911102295, 13178
8.53515911102295, 13177
8.53515911102295, 13176
8.53515911102295, 13175
8.53515911102295, 13174
8.53515911102295, 13173
8.53515911102295, 13172
8.53515911102295, 13171
