0.19875764846801758, 14008
0.19875764846801758, 14007
0.19875764846801758, 14006
0.19875764846801758, 14005
0.19875764846801758, 14004
0.19875764846801758, 14003
0.19875764846801758, 14002
0.19875764846801758, 14001
0.19875764846801758, 14000
0.19875764846801758, 13999
0.19875764846801758, 13998
0.19875764846801758, 13997
0.19875764846801758, 13996
0.19875764846801758, 13995
0.19975805282592773, 13994
0.19975805282592773, 13993
0.19975805282592773, 13992
0.19975805282592773, 13991
0.19975805282592773, 13990
0.19975805282592773, 13989
0.19975805282592773, 13988
0.19975805282592773, 13987
0.19975805282592773, 13986
0.19975805282592773, 13985
0.19975805282592773, 13984
0.19975805282592773, 13983
0.19975805282592773, 13982
0.19975805282592773, 13981
0.19975805282592773, 13980
0.2007584571838379, 13979
0.2007584571838379, 13978
0.2007584571838379, 13977
0.2007584571838379, 13976
0.2007584571838379, 13975
0.2007584571838379, 13974
0.2007584571838379, 13973
0.2007584571838379, 13972
0.2007584571838379, 13971
0.2007584571838379, 13970
0.2007584571838379, 13969
0.2007584571838379, 13968
0.2007584571838379, 13967
0.2007584571838379, 13966
0.2007584571838379, 13965
0.2007584571838379, 13964
0.20175814628601074, 13963
0.20175814628601074, 13962
0.20175814628601074, 13961
0.20175814628601074, 13960
0.20175814628601074, 13959
0.20175814628601074, 13958
0.20175814628601074, 13957
0.20175814628601074, 13956
0.20175814628601074, 13955
0.20175814628601074, 13954
0.20175814628601074, 13953
0.20175814628601074, 13952
0.20175814628601074, 13951
0.20175814628601074, 13950
0.2027578353881836, 13949
0.2027578353881836, 13948
0.2027578353881836, 13947
0.2027578353881836, 13946
0.2027578353881836, 13945
0.2027578353881836, 13944
0.2027578353881836, 13943
0.2027578353881836, 13942
0.2027578353881836, 13941
0.2027578353881836, 13940
0.2027578353881836, 13939
0.2027578353881836, 13938
0.2027578353881836, 13937
0.2027578353881836, 13936
0.2027578353881836, 13935
0.20376157760620117, 13934
0.20376157760620117, 13933
0.20376157760620117, 13932
0.20376157760620117, 13931
0.20376157760620117, 13930
0.20376157760620117, 13929
0.20376157760620117, 13928
0.20376157760620117, 13927
0.20376157760620117, 13926
0.20376157760620117, 13925
0.20376157760620117, 13924
0.20376157760620117, 13923
0.20376157760620117, 13922
0.2047710418701172, 13921
0.2047710418701172, 13920
0.2047710418701172, 13919
0.2047710418701172, 13918
0.2047710418701172, 13917
0.2047710418701172, 13916
0.2047710418701172, 13915
0.2047710418701172, 13914
0.2047710418701172, 13913
0.2047710418701172, 13912
0.20577001571655273, 13911
0.20577001571655273, 13910
0.20577001571655273, 13909
0.20577001571655273, 13908
0.20577001571655273, 13907
0.20577001571655273, 13906
0.20577001571655273, 13905
0.20577001571655273, 13904
0.20577001571655273, 13903
0.20577001571655273, 13902
0.20577001571655273, 13901
0.20577001571655273, 13900
0.2067716121673584, 13899
0.2067716121673584, 13898
0.2067716121673584, 13897
0.2067716121673584, 13896
0.2067716121673584, 13895
0.2067716121673584, 13894
0.2067716121673584, 13893
0.2067716121673584, 13892
0.2067716121673584, 13891
0.2067716121673584, 13890
0.2067716121673584, 13889
0.2067716121673584, 13888
0.2067716121673584, 13887
0.2067716121673584, 13886
0.2067716121673584, 13885
0.20777010917663574, 13884
0.20777010917663574, 13883
0.20777010917663574, 13882
0.20777010917663574, 13881
0.20777010917663574, 13880
0.20777010917663574, 13879
0.20777010917663574, 13878
0.20777010917663574, 13877
0.20777010917663574, 13876
0.20777010917663574, 13875
0.20777010917663574, 13874
0.20777010917663574, 13873
0.20777010917663574, 13872
0.20777010917663574, 13871
0.2087700366973877, 13870
0.2087700366973877, 13869
0.2087700366973877, 13868
0.2087700366973877, 13867
0.2087700366973877, 13866
0.2087700366973877, 13865
0.2087700366973877, 13864
0.2087700366973877, 13863
0.2087700366973877, 13862
0.2087700366973877, 13861
0.2087700366973877, 13860
0.2087700366973877, 13859
0.2087700366973877, 13858
0.2087700366973877, 13857
0.2087700366973877, 13856
0.20977187156677246, 13855
0.20977187156677246, 13854
0.20977187156677246, 13853
0.20977187156677246, 13852
0.20977187156677246, 13851
0.20977187156677246, 13850
0.20977187156677246, 13849
0.20977187156677246, 13848
0.20977187156677246, 13847
0.20977187156677246, 13846
0.20977187156677246, 13845
0.20977187156677246, 13844
0.20977187156677246, 13843
0.20977187156677246, 13842
0.20977187156677246, 13841
0.20977187156677246, 13840
0.2107701301574707, 13839
0.2107701301574707, 13838
0.2107701301574707, 13837
0.2107701301574707, 13836
0.2107701301574707, 13835
0.2107701301574707, 13834
0.2107701301574707, 13833
0.2107701301574707, 13832
0.2107701301574707, 13831
0.21177220344543457, 13830
0.21177220344543457, 13829
0.21177220344543457, 13828
0.21177220344543457, 13827
0.21177220344543457, 13826
0.21177220344543457, 13825
0.21177220344543457, 13824
0.21177220344543457, 13823
0.21177220344543457, 13822
0.21177220344543457, 13821
0.21177220344543457, 13820
0.21277284622192383, 13819
0.21277284622192383, 13818
0.21277284622192383, 13817
0.21277284622192383, 13816
0.21277284622192383, 13815
0.21277284622192383, 13814
0.21277284622192383, 13813
0.21277284622192383, 13812
0.21277284622192383, 13811
0.21277284622192383, 13810
0.21277284622192383, 13809
0.21277284622192383, 13808
0.21277284622192383, 13807
0.21277284622192383, 13806
0.21377038955688477, 13805
0.21377038955688477, 13804
0.21377038955688477, 13803
0.21377038955688477, 13802
0.21377038955688477, 13801
0.21377038955688477, 13800
0.21377038955688477, 13799
0.21377038955688477, 13798
0.21377038955688477, 13797
0.21377038955688477, 13796
0.21377038955688477, 13795
0.21377038955688477, 13794
0.21377038955688477, 13793
0.21377038955688477, 13792
0.2147691249847412, 13791
0.2147691249847412, 13790
0.2147691249847412, 13789
0.2147691249847412, 13788
0.2147691249847412, 13787
0.2147691249847412, 13786
0.2147691249847412, 13785
0.2147691249847412, 13784
0.2147691249847412, 13783
0.2147691249847412, 13782
0.2147691249847412, 13781
0.2147691249847412, 13780
0.2147691249847412, 13779
0.2147691249847412, 13778
0.21577143669128418, 13777
0.21577143669128418, 13776
0.21577143669128418, 13775
0.21577143669128418, 13774
0.21577143669128418, 13773
0.21577143669128418, 13772
0.21577143669128418, 13771
0.21577143669128418, 13770
0.21577143669128418, 13769
0.21577143669128418, 13768
0.21577143669128418, 13767
0.21577143669128418, 13766
0.21577143669128418, 13765
0.21577143669128418, 13764
0.21577143669128418, 13763
0.21677136421203613, 13762
0.21677136421203613, 13761
0.21677136421203613, 13760
0.21677136421203613, 13759
0.21677136421203613, 13758
0.21677136421203613, 13757
0.21677136421203613, 13756
0.21677136421203613, 13755
0.21677136421203613, 13754
0.21677136421203613, 13753
0.21677136421203613, 13752
0.21677136421203613, 13751
0.21677136421203613, 13750
0.21677136421203613, 13749
0.21677136421203613, 13748
0.21677136421203613, 13747
0.21777033805847168, 13746
0.21777033805847168, 13745
0.21777033805847168, 13744
0.21777033805847168, 13743
0.21777033805847168, 13742
0.21777033805847168, 13741
0.21777033805847168, 13740
0.21777033805847168, 13739
0.21777033805847168, 13738
0.21777033805847168, 13737
0.21777033805847168, 13736
0.21777033805847168, 13735
0.21777033805847168, 13734
0.21777033805847168, 13733
0.21876859664916992, 13732
0.21876859664916992, 13731
0.21876859664916992, 13730
0.21876859664916992, 13729
0.21876859664916992, 13728
0.21876859664916992, 13727
0.21876859664916992, 13726
0.21876859664916992, 13725
0.21876859664916992, 13724
0.21876859664916992, 13723
0.21876859664916992, 13722
0.21876859664916992, 13721
0.21876859664916992, 13720
0.21876859664916992, 13719
0.21876859664916992, 13718
0.21976971626281738, 13717
0.21976971626281738, 13716
0.21976971626281738, 13715
0.21976971626281738, 13714
0.21976971626281738, 13713
0.21976971626281738, 13712
0.21976971626281738, 13711
0.21976971626281738, 13710
0.21976971626281738, 13709
0.21976971626281738, 13708
0.22077012062072754, 13707
0.22077012062072754, 13706
0.22077012062072754, 13705
0.22077012062072754, 13704
0.22077012062072754, 13703
0.22077012062072754, 13702
0.22077012062072754, 13701
0.22077012062072754, 13700
0.22077012062072754, 13699
0.22077012062072754, 13698
0.22077012062072754, 13697
0.22077012062072754, 13696
0.22077012062072754, 13695
0.22176861763000488, 13694
0.22176861763000488, 13693
0.22176861763000488, 13692
0.22176861763000488, 13691
0.22176861763000488, 13690
0.22176861763000488, 13689
0.22176861763000488, 13688
0.22176861763000488, 13687
0.22176861763000488, 13686
0.22176861763000488, 13685
0.22176861763000488, 13684
0.22176861763000488, 13683
0.22176861763000488, 13682
0.22176861763000488, 13681
0.22277188301086426, 13680
0.22277188301086426, 13679
0.22277188301086426, 13678
0.22277188301086426, 13677
0.22277188301086426, 13676
0.22277188301086426, 13675
0.22277188301086426, 13674
0.22277188301086426, 13673
0.22277188301086426, 13672
0.22277188301086426, 13671
0.22277188301086426, 13670
0.2237699031829834, 13669
0.2237699031829834, 13668
0.2237699031829834, 13667
0.2237699031829834, 13666
0.2237699031829834, 13665
0.2237699031829834, 13664
0.2237699031829834, 13663
0.2237699031829834, 13662
0.2237699031829834, 13661
0.2237699031829834, 13660
0.22477173805236816, 13659
0.22477173805236816, 13658
0.22477173805236816, 13657
0.22477173805236816, 13656
0.22477173805236816, 13655
0.22477173805236816, 13654
0.22477173805236816, 13653
0.22477173805236816, 13652
0.22477173805236816, 13651
0.22477173805236816, 13650
0.22477173805236816, 13649
0.22477173805236816, 13648
0.2257699966430664, 13647
0.2257699966430664, 13646
0.2257699966430664, 13645
0.2257699966430664, 13644
0.2257699966430664, 13643
0.2257699966430664, 13642
0.2257699966430664, 13641
0.2257699966430664, 13640
0.2257699966430664, 13639
0.2257699966430664, 13638
0.2257699966430664, 13637
0.22677111625671387, 13636
0.22677111625671387, 13635
0.22677111625671387, 13634
0.22677111625671387, 13633
0.22677111625671387, 13632
0.22677111625671387, 13631
0.22677111625671387, 13630
0.22677111625671387, 13629
0.22677111625671387, 13628
0.22677111625671387, 13627
0.22677111625671387, 13626
0.22777271270751953, 13625
0.22777271270751953, 13624
0.22777271270751953, 13623
0.22777271270751953, 13622
0.22777271270751953, 13621
0.22777271270751953, 13620
0.22777271270751953, 13619
0.22777271270751953, 13618
0.22777271270751953, 13617
0.22777271270751953, 13616
0.22777271270751953, 13615
0.22877049446105957, 13614
0.22877049446105957, 13613
0.22877049446105957, 13612
0.22877049446105957, 13611
0.22877049446105957, 13610
0.22877049446105957, 13609
0.22877049446105957, 13608
0.22877049446105957, 13607
0.22877049446105957, 13606
0.22877049446105957, 13605
0.22877049446105957, 13604
0.22877049446105957, 13603
0.22976994514465332, 13602
0.22976994514465332, 13601
0.22976994514465332, 13600
0.22976994514465332, 13599
0.22976994514465332, 13598
0.22976994514465332, 13597
0.22976994514465332, 13596
0.22976994514465332, 13595
0.22976994514465332, 13594
0.22976994514465332, 13593
0.22976994514465332, 13592
0.22976994514465332, 13591
0.23076891899108887, 13590
0.23076891899108887, 13589
0.23076891899108887, 13588
0.23076891899108887, 13587
0.23076891899108887, 13586
0.23076891899108887, 13585
0.23076891899108887, 13584
0.23076891899108887, 13583
0.23076891899108887, 13582
0.23076891899108887, 13581
0.23076891899108887, 13580
0.23076891899108887, 13579
0.23177075386047363, 13578
0.23177075386047363, 13577
0.23177075386047363, 13576
0.23177075386047363, 13575
0.23177075386047363, 13574
0.23177075386047363, 13573
0.23177075386047363, 13572
0.23177075386047363, 13571
0.23177075386047363, 13570
0.23177075386047363, 13569
0.23177075386047363, 13568
0.23177075386047363, 13567
0.23177075386047363, 13566
0.23177075386047363, 13565
0.23276996612548828, 13564
0.23276996612548828, 13563
0.23276996612548828, 13562
0.23276996612548828, 13561
0.4238419532775879, 13560
0.4238419532775879, 13559
0.4238419532775879, 13558
0.4238419532775879, 13557
0.4238419532775879, 13556
0.4238419532775879, 13555
0.4238419532775879, 13554
0.4238419532775879, 13553
0.4238419532775879, 13552
0.4238419532775879, 13551
0.4238419532775879, 13550
0.42484211921691895, 13549
0.42484211921691895, 13548
0.42484211921691895, 13547
0.42484211921691895, 13546
0.42484211921691895, 13545
0.42484211921691895, 13544
0.42484211921691895, 13543
0.42484211921691895, 13542
0.42484211921691895, 13541
0.42484211921691895, 13540
0.42484211921691895, 13539
0.42484211921691895, 13538
0.42484211921691895, 13537
0.42484211921691895, 13536
0.4258410930633545, 13535
0.4258410930633545, 13534
0.4258410930633545, 13533
0.4258410930633545, 13532
0.4258410930633545, 13531
0.4258410930633545, 13530
0.4258410930633545, 13529
0.4258410930633545, 13528
0.4258410930633545, 13527
0.4258410930633545, 13526
0.4258410930633545, 13525
0.4258410930633545, 13524
0.4258410930633545, 13523
0.4258410930633545, 13522
0.42684054374694824, 13521
0.42684054374694824, 13520
0.42684054374694824, 13519
0.42684054374694824, 13518
0.42684054374694824, 13517
0.42684054374694824, 13516
0.42684054374694824, 13515
0.42684054374694824, 13514
0.42684054374694824, 13513
0.42684054374694824, 13512
0.42684054374694824, 13511
0.42684054374694824, 13510
0.42684054374694824, 13509
0.42684054374694824, 13508
0.42684054374694824, 13507
0.4278416633605957, 13506
0.4278416633605957, 13505
0.4278416633605957, 13504
0.4278416633605957, 13503
0.4278416633605957, 13502
0.4278416633605957, 13501
0.4278416633605957, 13500
0.4278416633605957, 13499
0.4278416633605957, 13498
0.4278416633605957, 13497
0.4278416633605957, 13496
0.4278416633605957, 13495
0.4278416633605957, 13494
0.4278416633605957, 13493
0.42884206771850586, 13492
0.42884206771850586, 13491
0.42884206771850586, 13490
0.42884206771850586, 13489
0.42884206771850586, 13488
0.42884206771850586, 13487
0.42884206771850586, 13486
0.42884206771850586, 13485
0.42884206771850586, 13484
0.42884206771850586, 13483
0.42884206771850586, 13482
0.42884206771850586, 13481
0.42884206771850586, 13480
0.42884206771850586, 13479
0.42884206771850586, 13478
0.4298410415649414, 13477
0.42992711067199707, 13476
0.42992711067199707, 13475
0.42992711067199707, 13474
0.42992711067199707, 13473
0.42992711067199707, 13472
0.42992711067199707, 13471
0.42992711067199707, 13470
0.42992711067199707, 13469
0.42992711067199707, 13468
2.080951690673828, 13467
2.080951690673828, 13466
2.080951690673828, 13465
2.080951690673828, 13464
2.081817626953125, 13463
2.081817626953125, 13462
2.081817626953125, 13461
2.081817626953125, 13460
2.081817626953125, 13459
2.081817626953125, 13458
2.081817626953125, 13457
2.081817626953125, 13456
2.081817626953125, 13455
2.081817626953125, 13454
2.081817626953125, 13453
3.9030630588531494, 13452
3.9030630588531494, 13451
3.9030630588531494, 13450
3.9030630588531494, 13449
3.9030630588531494, 13448
3.9030630588531494, 13447
3.9030630588531494, 13446
3.9030630588531494, 13445
3.9030630588531494, 13444
3.9030630588531494, 13443
3.9030630588531494, 13442
3.9030630588531494, 13441
3.9040637016296387, 13440
3.9040637016296387, 13439
3.9040637016296387, 13438
3.9040637016296387, 13437
3.9040637016296387, 13436
3.9040637016296387, 13435
3.9040637016296387, 13434
3.9040637016296387, 13433
3.9040637016296387, 13432
3.9040637016296387, 13431
3.9040637016296387, 13430
3.9040637016296387, 13429
3.9040637016296387, 13428
3.9040637016296387, 13427
3.9040637016296387, 13426
3.9050629138946533, 13425
3.9050629138946533, 13424
3.9050629138946533, 13423
3.9050629138946533, 13422
3.9050629138946533, 13421
3.9050629138946533, 13420
3.9050629138946533, 13419
3.9050629138946533, 13418
3.9050629138946533, 13417
3.9050629138946533, 13416
3.9050629138946533, 13415
3.9050629138946533, 13414
3.9050629138946533, 13413
3.9050629138946533, 13412
3.9050629138946533, 13411
3.9060628414154053, 13410
3.9060628414154053, 13409
3.9060628414154053, 13408
3.9060628414154053, 13407
3.9060628414154053, 13406
3.9060628414154053, 13405
3.9060628414154053, 13404
3.9060628414154053, 13403
3.9060628414154053, 13402
3.9060628414154053, 13401
3.9060628414154053, 13400
3.9060628414154053, 13399
3.9060628414154053, 13398
3.9060628414154053, 13397
3.9060628414154053, 13396
3.9070627689361572, 13395
3.9070627689361572, 13394
3.9070627689361572, 13393
3.9070627689361572, 13392
3.9070627689361572, 13391
3.9070627689361572, 13390
3.9070627689361572, 13389
3.9070627689361572, 13388
3.9070627689361572, 13387
3.9070627689361572, 13386
3.9070627689361572, 13385
3.9070627689361572, 13384
3.9070627689361572, 13383
3.9070627689361572, 13382
3.9080629348754883, 13381
3.9080629348754883, 13380
3.9080629348754883, 13379
3.9080629348754883, 13378
3.9080629348754883, 13377
3.9080629348754883, 13376
3.9080629348754883, 13375
3.9080629348754883, 13374
3.9080629348754883, 13373
3.9080629348754883, 13372
3.9080629348754883, 13371
3.9080629348754883, 13370
3.9080629348754883, 13369
3.9080629348754883, 13368
3.9080629348754883, 13367
3.909062623977661, 13366
3.909062623977661, 13365
3.909062623977661, 13364
3.909062623977661, 13363
3.909062623977661, 13362
3.909062623977661, 13361
3.909062623977661, 13360
3.909062623977661, 13359
3.909062623977661, 13358
3.909062623977661, 13357
3.909062623977661, 13356
3.909062623977661, 13355
3.909062623977661, 13354
3.9100635051727295, 13353
3.9100635051727295, 13352
3.9100635051727295, 13351
3.9100635051727295, 13350
3.9100635051727295, 13349
