0.18121838569641113, 14043
0.18121838569641113, 14042
0.18121838569641113, 14041
0.18221807479858398, 14040
0.18221807479858398, 14039
0.18221807479858398, 14038
0.18221807479858398, 14037
0.18221807479858398, 14036
0.18221807479858398, 14035
0.18221807479858398, 14034
0.18221807479858398, 14033
0.18221807479858398, 14032
0.18221807479858398, 14031
0.18221807479858398, 14030
0.18221807479858398, 14029
0.18221807479858398, 14028
0.18221807479858398, 14027
0.18221807479858398, 14026
0.18221807479858398, 14025
0.18321776390075684, 14024
0.18321776390075684, 14023
0.18321776390075684, 14022
0.18321776390075684, 14021
0.18321776390075684, 14020
0.18321776390075684, 14019
0.18321776390075684, 14018
0.18321776390075684, 14017
0.18321776390075684, 14016
0.18321776390075684, 14015
0.18321776390075684, 14014
0.18321776390075684, 14013
0.18321776390075684, 14012
0.18321776390075684, 14011
0.18321776390075684, 14010
0.1842179298400879, 14009
0.1842179298400879, 14008
0.1842179298400879, 14007
0.1842179298400879, 14006
0.1842179298400879, 14005
0.1842179298400879, 14004
0.1842179298400879, 14003
0.1842179298400879, 14002
0.1842179298400879, 14001
0.1842179298400879, 14000
0.1842179298400879, 13999
0.1842179298400879, 13998
0.1842179298400879, 13997
0.1842179298400879, 13996
0.1842179298400879, 13995
0.18522167205810547, 13994
0.18522167205810547, 13993
0.18522167205810547, 13992
0.18522167205810547, 13991
0.18522167205810547, 13990
0.18522167205810547, 13989
0.18522167205810547, 13988
0.18522167205810547, 13987
0.18522167205810547, 13986
0.18522167205810547, 13985
0.18522167205810547, 13984
0.18522167205810547, 13983
0.18522167205810547, 13982
0.18522167205810547, 13981
0.18522167205810547, 13980
0.18622064590454102, 13979
0.18622064590454102, 13978
0.18622064590454102, 13977
0.18622064590454102, 13976
0.18622064590454102, 13975
0.18622064590454102, 13974
0.18622064590454102, 13973
0.18622064590454102, 13972
0.18622064590454102, 13971
0.18622064590454102, 13970
0.18622064590454102, 13969
0.18622064590454102, 13968
0.18622064590454102, 13967
0.18622064590454102, 13966
0.18622064590454102, 13965
0.18721818923950195, 13964
0.18721818923950195, 13963
0.18721818923950195, 13962
0.18721818923950195, 13961
0.18721818923950195, 13960
0.18721818923950195, 13959
0.18721818923950195, 13958
0.18721818923950195, 13957
0.18721818923950195, 13956
0.18721818923950195, 13955
0.18721818923950195, 13954
0.18721818923950195, 13953
0.18721818923950195, 13952
0.18721818923950195, 13951
0.18721818923950195, 13950
0.18721818923950195, 13949
0.1882176399230957, 13948
0.18829083442687988, 13947
0.18829083442687988, 13946
0.18829083442687988, 13945
0.18829083442687988, 13944
0.18829083442687988, 13943
0.18829083442687988, 13942
0.18829083442687988, 13941
0.18829083442687988, 13940
0.18829083442687988, 13939
0.18829083442687988, 13938
0.18829083442687988, 13937
0.18829083442687988, 13936
0.18829083442687988, 13935
0.18829083442687988, 13934
0.18921780586242676, 13933
0.18921780586242676, 13932
0.18921780586242676, 13931
0.18921780586242676, 13930
0.18921780586242676, 13929
0.18921780586242676, 13928
0.18921780586242676, 13927
0.18921780586242676, 13926
0.18921780586242676, 13925
0.18921780586242676, 13924
0.18921780586242676, 13923
0.18921780586242676, 13922
0.18921780586242676, 13921
0.18921780586242676, 13920
0.19022107124328613, 13919
0.19022107124328613, 13918
0.19022107124328613, 13917
0.19022107124328613, 13916
0.19022107124328613, 13915
0.19022107124328613, 13914
0.19022107124328613, 13913
0.19022107124328613, 13912
0.19022107124328613, 13911
0.19022107124328613, 13910
0.19022107124328613, 13909
0.19022107124328613, 13908
0.19022107124328613, 13907
0.19022107124328613, 13906
0.19122099876403809, 13905
0.19122099876403809, 13904
0.19122099876403809, 13903
0.19122099876403809, 13902
0.19122099876403809, 13901
0.19122099876403809, 13900
0.19122099876403809, 13899
0.19122099876403809, 13898
0.19122099876403809, 13897
0.19122099876403809, 13896
0.19122099876403809, 13895
0.19122099876403809, 13894
0.19122099876403809, 13893
0.19122099876403809, 13892
0.19122099876403809, 13891
0.19221806526184082, 13890
0.19221806526184082, 13889
0.19221806526184082, 13888
0.19221806526184082, 13887
0.19221806526184082, 13886
0.19221806526184082, 13885
0.19221806526184082, 13884
0.19221806526184082, 13883
0.36203718185424805, 13882
0.36298274993896484, 13881
0.36298274993896484, 13880
0.36298274993896484, 13879
0.36298274993896484, 13878
0.36298274993896484, 13877
0.36298274993896484, 13876
0.36298274993896484, 13875
0.36298274993896484, 13874
0.36298274993896484, 13873
0.36298274993896484, 13872
0.36298274993896484, 13871
0.36298274993896484, 13870
0.36298274993896484, 13869
0.36298274993896484, 13868
0.3639817237854004, 13867
0.3639817237854004, 13866
0.3639817237854004, 13865
0.3639817237854004, 13864
0.3639817237854004, 13863
0.3639817237854004, 13862
0.3639817237854004, 13861
0.3639817237854004, 13860
0.3639817237854004, 13859
0.3639817237854004, 13858
0.3639817237854004, 13857
0.3639817237854004, 13856
0.3639817237854004, 13855
0.3639817237854004, 13854
0.364990234375, 13853
0.364990234375, 13852
0.364990234375, 13851
0.364990234375, 13850
0.364990234375, 13849
0.364990234375, 13848
0.364990234375, 13847
0.364990234375, 13846
0.364990234375, 13845
0.364990234375, 13844
0.364990234375, 13843
0.364990234375, 13842
0.364990234375, 13841
0.364990234375, 13840
0.364990234375, 13839
0.3659815788269043, 13838
0.3659815788269043, 13837
0.3659815788269043, 13836
0.3659815788269043, 13835
0.3659815788269043, 13834
0.3659815788269043, 13833
0.3659815788269043, 13832
0.3659815788269043, 13831
0.3659815788269043, 13830
0.3659815788269043, 13829
0.3659815788269043, 13828
0.3659815788269043, 13827
0.3659815788269043, 13826
0.3659815788269043, 13825
0.3659815788269043, 13824
0.36698150634765625, 13823
0.36698150634765625, 13822
0.36698150634765625, 13821
0.36698150634765625, 13820
0.36698150634765625, 13819
0.36698150634765625, 13818
0.36698150634765625, 13817
0.36698150634765625, 13816
0.36698150634765625, 13815
0.36698150634765625, 13814
0.36698150634765625, 13813
0.36698150634765625, 13812
0.36698150634765625, 13811
0.36698150634765625, 13810
0.36698150634765625, 13809
0.3679814338684082, 13808
0.3679814338684082, 13807
0.3679814338684082, 13806
0.3679814338684082, 13805
0.3679814338684082, 13804
0.3679814338684082, 13803
0.3679814338684082, 13802
0.3679814338684082, 13801
0.3679814338684082, 13800
0.3679814338684082, 13799
0.3679814338684082, 13798
0.3679814338684082, 13797
0.3679814338684082, 13796
0.3679814338684082, 13795
0.3679814338684082, 13794
0.36898112297058105, 13793
0.36898112297058105, 13792
0.36898112297058105, 13791
0.36898112297058105, 13790
0.36898112297058105, 13789
0.36898112297058105, 13788
0.36898112297058105, 13787
0.36898112297058105, 13786
0.36898112297058105, 13785
0.36898112297058105, 13784
0.36898112297058105, 13783
0.36898112297058105, 13782
0.36898112297058105, 13781
0.36898112297058105, 13780
0.36898112297058105, 13779
0.3699812889099121, 13778
0.3699812889099121, 13777
0.3699812889099121, 13776
0.3699812889099121, 13775
0.3699812889099121, 13774
0.3699812889099121, 13773
0.3699812889099121, 13772
0.3699812889099121, 13771
0.3699812889099121, 13770
0.3699812889099121, 13769
0.3699812889099121, 13768
0.3699812889099121, 13767
0.3699812889099121, 13766
0.3699812889099121, 13765
0.3699812889099121, 13764
0.37098121643066406, 13763
0.37098121643066406, 13762
0.37098121643066406, 13761
0.5494892597198486, 13760
0.5494892597198486, 13759
0.5494892597198486, 13758
0.5494892597198486, 13757
0.5494892597198486, 13756
0.5494892597198486, 13755
0.5494892597198486, 13754
0.5494892597198486, 13753
0.5494892597198486, 13752
0.5494892597198486, 13751
0.5504896640777588, 13750
0.5504896640777588, 13749
0.5504896640777588, 13748
0.5504896640777588, 13747
0.5504896640777588, 13746
0.5504896640777588, 13745
0.5504896640777588, 13744
0.7305011749267578, 13743
0.7305011749267578, 13742
0.7305011749267578, 13741
0.7305011749267578, 13740
0.7305011749267578, 13739
0.7305011749267578, 13738
0.7305011749267578, 13737
0.7305011749267578, 13736
0.7305011749267578, 13735
0.7305011749267578, 13734
0.7315022945404053, 13733
0.7315022945404053, 13732
0.7315022945404053, 13731
0.7315022945404053, 13730
0.7315022945404053, 13729
0.7315022945404053, 13728
0.7315022945404053, 13727
0.7315022945404053, 13726
0.7319991588592529, 13725
0.7319991588592529, 13724
0.7319991588592529, 13723
0.7319991588592529, 13722
0.7319991588592529, 13721
0.7319991588592529, 13720
0.7319991588592529, 13719
0.7325010299682617, 13718
0.7325010299682617, 13717
0.7325010299682617, 13716
0.7325010299682617, 13715
0.7325010299682617, 13714
0.7325010299682617, 13713
0.7325010299682617, 13712
0.7325010299682617, 13711
0.7325010299682617, 13710
0.7325010299682617, 13709
0.7325010299682617, 13708
0.7325010299682617, 13707
0.7325010299682617, 13706
0.7325010299682617, 13705
0.7325010299682617, 13704
0.7335007190704346, 13703
0.7335007190704346, 13702
0.7335007190704346, 13701
0.7335007190704346, 13700
0.7335007190704346, 13699
0.7335007190704346, 13698
0.7335007190704346, 13697
0.7335007190704346, 13696
0.7335007190704346, 13695
0.7335007190704346, 13694
0.7335007190704346, 13693
0.7335007190704346, 13692
0.7335007190704346, 13691
0.7335007190704346, 13690
0.7335007190704346, 13689
0.7345020771026611, 13688
0.7345020771026611, 13687
0.7345020771026611, 13686
0.7345020771026611, 13685
0.7345020771026611, 13684
0.7345020771026611, 13683
0.7345020771026611, 13682
0.7345020771026611, 13681
0.7345020771026611, 13680
0.7345020771026611, 13679
0.7345020771026611, 13678
0.7345020771026611, 13677
0.7345020771026611, 13676
0.7345020771026611, 13675
0.7345020771026611, 13674
1.71846604347229, 13673
1.71846604347229, 13672
1.71846604347229, 13671
1.71846604347229, 13670
1.7194664478302002, 13669
1.7194664478302002, 13668
1.7194664478302002, 13667
1.7194664478302002, 13666
1.7194664478302002, 13665
1.7194664478302002, 13664
1.7194664478302002, 13663
1.7194664478302002, 13662
1.7194664478302002, 13661
1.7194664478302002, 13660
1.7194664478302002, 13659
1.7194664478302002, 13658
1.7194664478302002, 13657
1.7194664478302002, 13656
1.7194664478302002, 13655
1.7204666137695312, 13654
1.7204666137695312, 13653
1.7204666137695312, 13652
1.7204666137695312, 13651
1.7204666137695312, 13650
1.7204666137695312, 13649
1.7204666137695312, 13648
1.7204666137695312, 13647
1.7204666137695312, 13646
1.7204666137695312, 13645
1.7204666137695312, 13644
1.7204666137695312, 13643
1.7204666137695312, 13642
1.7204666137695312, 13641
1.7204666137695312, 13640
1.7214667797088623, 13639
1.7214667797088623, 13638
1.7214667797088623, 13637
1.7214667797088623, 13636
1.7214667797088623, 13635
1.7214667797088623, 13634
1.7214667797088623, 13633
1.7214667797088623, 13632
1.7214667797088623, 13631
1.7214667797088623, 13630
1.7214667797088623, 13629
1.7214667797088623, 13628
1.7214667797088623, 13627
1.7214667797088623, 13626
1.7214667797088623, 13625
1.722466230392456, 13624
1.722466230392456, 13623
1.722466230392456, 13622
1.722466230392456, 13621
1.722466230392456, 13620
1.722466230392456, 13619
1.722466230392456, 13618
1.722466230392456, 13617
1.722466230392456, 13616
1.722466230392456, 13615
1.722466230392456, 13614
1.722466230392456, 13613
1.722466230392456, 13612
1.722466230392456, 13611
1.723466396331787, 13610
1.723466396331787, 13609
1.723466396331787, 13608
1.723466396331787, 13607
1.723466396331787, 13606
1.723466396331787, 13605
1.723466396331787, 13604
1.723466396331787, 13603
1.723466396331787, 13602
1.723466396331787, 13601
1.723466396331787, 13600
1.723466396331787, 13599
1.723466396331787, 13598
1.723466396331787, 13597
1.723466396331787, 13596
1.724466323852539, 13595
1.724466323852539, 13594
1.724466323852539, 13593
1.724466323852539, 13592
1.724466323852539, 13591
1.724466323852539, 13590
1.724466323852539, 13589
1.724466323852539, 13588
1.724466323852539, 13587
1.724466323852539, 13586
1.724466323852539, 13585
1.724466323852539, 13584
1.724466323852539, 13583
1.724466323852539, 13582
1.725466251373291, 13581
1.725466251373291, 13580
1.725466251373291, 13579
1.725466251373291, 13578
1.725466251373291, 13577
1.725466251373291, 13576
1.725466251373291, 13575
1.725466251373291, 13574
1.725466251373291, 13573
1.725466251373291, 13572
1.726468563079834, 13571
1.726468563079834, 13570
1.726468563079834, 13569
1.726468563079834, 13568
1.726468563079834, 13567
1.726468563079834, 13566
1.726468563079834, 13565
1.726468563079834, 13564
1.726468563079834, 13563
1.726468563079834, 13562
1.7274670600891113, 13561
1.7274670600891113, 13560
1.7274670600891113, 13559
1.7274670600891113, 13558
1.7274670600891113, 13557
1.7274670600891113, 13556
1.7274670600891113, 13555
1.7274670600891113, 13554
1.7274670600891113, 13553
1.7274670600891113, 13552
1.7274670600891113, 13551
1.7284667491912842, 13550
1.7284667491912842, 13549
1.7284667491912842, 13548
1.7284667491912842, 13547
1.7289166450500488, 13546
1.7289166450500488, 13545
1.7289166450500488, 13544
1.7289166450500488, 13543
1.7289166450500488, 13542
1.7289166450500488, 13541
1.7289166450500488, 13540
1.7289166450500488, 13539
1.729466199874878, 13538
1.729466199874878, 13537
1.729466199874878, 13536
1.729466199874878, 13535
1.729466199874878, 13534
1.729466199874878, 13533
1.729466199874878, 13532
1.729466199874878, 13531
1.729466199874878, 13530
1.729466199874878, 13529
1.729466199874878, 13528
1.7304661273956299, 13527
1.7304661273956299, 13526
1.7304661273956299, 13525
1.7304661273956299, 13524
1.7304661273956299, 13523
1.7304661273956299, 13522
1.7304661273956299, 13521
1.7304661273956299, 13520
1.7304661273956299, 13519
1.7304661273956299, 13518
1.7304661273956299, 13517
1.7304661273956299, 13516
1.7304661273956299, 13515
1.7304661273956299, 13514
1.731466293334961, 13513
1.731466293334961, 13512
1.731466293334961, 13511
1.731466293334961, 13510
1.731466293334961, 13509
1.731466293334961, 13508
1.731466293334961, 13507
1.731466293334961, 13506
1.731989860534668, 13505
1.731989860534668, 13504
1.731989860534668, 13503
1.731989860534668, 13502
1.731989860534668, 13501
1.731989860534668, 13500
1.731989860534668, 13499
1.732466220855713, 13498
1.732466220855713, 13497
1.732466220855713, 13496
1.732466220855713, 13495
1.732466220855713, 13494
1.732466220855713, 13493
1.732466220855713, 13492
1.732466220855713, 13491
1.732466220855713, 13490
1.732466220855713, 13489
1.732466220855713, 13488
1.732466220855713, 13487
1.732466220855713, 13486
1.732466220855713, 13485
1.732466220855713, 13484
1.7334659099578857, 13483
1.7334659099578857, 13482
1.7334659099578857, 13481
1.7334659099578857, 13480
1.7334659099578857, 13479
1.7334659099578857, 13478
1.7334659099578857, 13477
1.7334659099578857, 13476
1.7334659099578857, 13475
1.7334659099578857, 13474
1.7334659099578857, 13473
1.7334659099578857, 13472
1.7334659099578857, 13471
1.7334659099578857, 13470
1.7334659099578857, 13469
1.734466552734375, 13468
1.734466552734375, 13467
1.734466552734375, 13466
1.734466552734375, 13465
1.734466552734375, 13464
1.734466552734375, 13463
1.734466552734375, 13462
1.734466552734375, 13461
1.734466552734375, 13460
1.734466552734375, 13459
1.734466552734375, 13458
1.734466552734375, 13457
1.734466552734375, 13456
1.734466552734375, 13455
1.7354662418365479, 13454
1.7354662418365479, 13453
1.7354662418365479, 13452
1.7354662418365479, 13451
1.7354662418365479, 13450
1.7354662418365479, 13449
1.7354662418365479, 13448
1.7354662418365479, 13447
1.7359669208526611, 13446
1.7359669208526611, 13445
1.7359669208526611, 13444
1.7359669208526611, 13443
1.7359669208526611, 13442
1.7359669208526611, 13441
1.7359669208526611, 13440
1.7359669208526611, 13439
1.7359669208526611, 13438
1.7359669208526611, 13437
1.7359669208526611, 13436
1.7359669208526611, 13435
1.7359669208526611, 13434
1.7359669208526611, 13433
1.7369730472564697, 13432
1.7369730472564697, 13431
1.7369730472564697, 13430
1.7369730472564697, 13429
1.7369730472564697, 13428
1.7369730472564697, 13427
1.7369730472564697, 13426
1.7369730472564697, 13425
1.7369730472564697, 13424
1.7369730472564697, 13423
1.7369730472564697, 13422
1.7369730472564697, 13421
1.7369730472564697, 13420
1.7369730472564697, 13419
1.7369730472564697, 13418
1.7379729747772217, 13417
1.7379729747772217, 13416
1.7379729747772217, 13415
1.7379729747772217, 13414
1.7379729747772217, 13413
1.7379729747772217, 13412
1.7379729747772217, 13411
1.7379729747772217, 13410
1.7379729747772217, 13409
1.7379729747772217, 13408
1.7379729747772217, 13407
1.7379729747772217, 13406
1.7379729747772217, 13405
1.7379729747772217, 13404
1.7389731407165527, 13403
1.7389731407165527, 13402
1.7389731407165527, 13401
1.7389731407165527, 13400
1.7389731407165527, 13399
1.7389731407165527, 13398
1.7389731407165527, 13397
1.7389731407165527, 13396
1.7389731407165527, 13395
1.7389731407165527, 13394
1.7389731407165527, 13393
1.7389731407165527, 13392
1.7389731407165527, 13391
3.1534440517425537, 13390
3.1534440517425537, 13389
3.154444456100464, 13388
3.154444456100464, 13387
3.154444456100464, 13386
3.730437755584717, 13385
3.730437755584717, 13384
3.730437755584717, 13383
3.7314372062683105, 13382
3.7314372062683105, 13381
3.7314372062683105, 13380
3.7314372062683105, 13379
3.7314372062683105, 13378
3.7314372062683105, 13377
3.7314372062683105, 13376
3.7319893836975098, 13375
3.7319893836975098, 13374
3.7319893836975098, 13373
3.7319893836975098, 13372
3.7319893836975098, 13371
3.7319893836975098, 13370
3.7324373722076416, 13369
3.7324373722076416, 13368
3.7324373722076416, 13367
3.7324373722076416, 13366
3.7324373722076416, 13365
3.7324373722076416, 13364
3.7324373722076416, 13363
3.7324373722076416, 13362
3.7324373722076416, 13361
3.7324373722076416, 13360
3.7324373722076416, 13359
3.7324373722076416, 13358
3.7324373722076416, 13357
3.7324373722076416, 13356
3.7334377765655518, 13355
3.7334377765655518, 13354
3.7334377765655518, 13353
3.7334377765655518, 13352
3.7334377765655518, 13351
3.7334377765655518, 13350
3.7334377765655518, 13349
3.7334377765655518, 13348
3.7334377765655518, 13347
3.7334377765655518, 13346
3.7334377765655518, 13345
3.7334377765655518, 13344
3.7334377765655518, 13343
3.7334377765655518, 13342
3.734438419342041, 13341
3.734438419342041, 13340
3.734438419342041, 13339
3.734438419342041, 13338
3.734438419342041, 13337
3.734438419342041, 13336
3.734438419342041, 13335
3.734438419342041, 13334
3.734438419342041, 13333
3.734438419342041, 13332
3.734438419342041, 13331
3.734438419342041, 13330
3.734438419342041, 13329
3.7354378700256348, 13328
3.7354378700256348, 13327
3.7354378700256348, 13326
3.7354378700256348, 13325
3.7354378700256348, 13324
3.7354378700256348, 13323
3.7354378700256348, 13322
3.7354378700256348, 13321
3.7354378700256348, 13320
3.7354378700256348, 13319
3.7354378700256348, 13318
3.7354378700256348, 13317
3.7354378700256348, 13316
3.7354378700256348, 13315
3.7364377975463867, 13314
3.7364377975463867, 13313
3.7364377975463867, 13312
3.7364377975463867, 13311
3.7364377975463867, 13310
3.7364377975463867, 13309
3.7364377975463867, 13308
3.7364377975463867, 13307
3.7364377975463867, 13306
3.7364377975463867, 13305
3.7364377975463867, 13304
3.7364377975463867, 13303
3.7364377975463867, 13302
3.7364377975463867, 13301
3.7374367713928223, 13300
3.7374367713928223, 13299
3.7374367713928223, 13298
3.7374367713928223, 13297
3.7374367713928223, 13296
3.7374367713928223, 13295
3.7374367713928223, 13294
3.7374367713928223, 13293
3.7374367713928223, 13292
3.7374367713928223, 13291
3.7374367713928223, 13290
3.7374367713928223, 13289
3.7374367713928223, 13288
3.7374367713928223, 13287
3.738438129425049, 13286
3.738438129425049, 13285
3.738438129425049, 13284
3.738438129425049, 13283
3.738438129425049, 13282
3.738438129425049, 13281
3.738438129425049, 13280
3.738438129425049, 13279
3.738438129425049, 13278
3.738438129425049, 13277
3.738438129425049, 13276
3.738438129425049, 13275
3.738438129425049, 13274
3.738438129425049, 13273
3.7394375801086426, 13272
3.7394375801086426, 13271
3.7394375801086426, 13270
3.7394375801086426, 13269
3.7394375801086426, 13268
3.7394375801086426, 13267
3.7394375801086426, 13266
3.7394375801086426, 13265
3.7394375801086426, 13264
3.7394375801086426, 13263
3.7394375801086426, 13262
3.7394375801086426, 13261
3.7394375801086426, 13260
3.7394375801086426, 13259
3.740438222885132, 13258
3.740438222885132, 13257
3.740438222885132, 13256
3.740438222885132, 13255
3.740438222885132, 13254
3.740438222885132, 13253
3.740438222885132, 13252
3.740438222885132, 13251
3.740438222885132, 13250
3.740438222885132, 13249
3.740438222885132, 13248
3.7414398193359375, 13247
3.7414398193359375, 13246
3.7414398193359375, 13245
3.7414398193359375, 13244
3.7414398193359375, 13243
3.7414398193359375, 13242
3.7414398193359375, 13241
3.7414398193359375, 13240
3.7414398193359375, 13239
3.7414398193359375, 13238
3.7414398193359375, 13237
3.7414398193359375, 13236
3.7414398193359375, 13235
3.7424373626708984, 13234
3.7424373626708984, 13233
3.7424373626708984, 13232
3.7424373626708984, 13231
3.7424373626708984, 13230
3.7424373626708984, 13229
3.7424373626708984, 13228
3.7424373626708984, 13227
3.7424373626708984, 13226
3.7424373626708984, 13225
3.7424373626708984, 13224
3.7424373626708984, 13223
3.7434370517730713, 13222
3.7434370517730713, 13221
3.7434370517730713, 13220
3.7434370517730713, 13219
3.7434370517730713, 13218
3.7434370517730713, 13217
3.7434370517730713, 13216
3.7434370517730713, 13215
3.7434370517730713, 13214
3.7434370517730713, 13213
3.7434370517730713, 13212
3.7434370517730713, 13211
3.7434370517730713, 13210
3.7434370517730713, 13209
3.7444374561309814, 13208
3.7444374561309814, 13207
3.7444374561309814, 13206
3.7444374561309814, 13205
3.7444374561309814, 13204
3.7444374561309814, 13203
3.7444374561309814, 13202
3.7444374561309814, 13201
3.7444374561309814, 13200
3.7444374561309814, 13199
3.7444374561309814, 13198
3.7444374561309814, 13197
3.7444374561309814, 13196
3.7444374561309814, 13195
3.745436668395996, 13194
3.745436668395996, 13193
3.745436668395996, 13192
3.745436668395996, 13191
3.745436668395996, 13190
3.745436668395996, 13189
3.745436668395996, 13188
3.745436668395996, 13187
3.745436668395996, 13186
3.745436668395996, 13185
3.745436668395996, 13184
3.745436668395996, 13183
3.745436668395996, 13182
3.745436668395996, 13181
3.7464370727539062, 13180
3.7464370727539062, 13179
3.7464370727539062, 13178
3.7464370727539062, 13177
5.940203666687012, 13176
5.940203666687012, 13175
5.940203666687012, 13174
5.940203666687012, 13173
5.940203666687012, 13172
5.940203666687012, 13171
5.940203666687012, 13170
5.940203666687012, 13169
5.940203666687012, 13168
5.940203666687012, 13167
5.940203666687012, 13166
5.941204071044922, 13165
5.941204071044922, 13164
5.941204071044922, 13163
5.941204071044922, 13162
5.941204071044922, 13161
5.941204071044922, 13160
5.941204071044922, 13159
5.941204071044922, 13158
5.941204071044922, 13157
5.941204071044922, 13156
5.941204071044922, 13155
5.941204071044922, 13154
5.941204071044922, 13153
5.941204071044922, 13152
5.941204071044922, 13151
5.9422690868377686, 13150
5.9422690868377686, 13149
5.9422690868377686, 13148
5.9422690868377686, 13147
5.9422690868377686, 13146
5.9422690868377686, 13145
5.9422690868377686, 13144
5.9422690868377686, 13143
5.9422690868377686, 13142
5.9422690868377686, 13141
5.9422690868377686, 13140
5.9422690868377686, 13139
5.9422690868377686, 13138
5.943204402923584, 13137
5.943204402923584, 13136
5.943204402923584, 13135
5.943204402923584, 13134
5.943204402923584, 13133
5.943204402923584, 13132
5.943204402923584, 13131
5.943204402923584, 13130
5.943204402923584, 13129
5.943204402923584, 13128
5.943204402923584, 13127
5.943204402923584, 13126
5.944033622741699, 13125
5.944033622741699, 13124
5.944033622741699, 13123
5.944203853607178, 13122
5.944203853607178, 13121
5.944203853607178, 13120
5.944203853607178, 13119
5.944203853607178, 13118
5.944203853607178, 13117
5.944203853607178, 13116
5.944203853607178, 13115
5.944203853607178, 13114
5.944203853607178, 13113
5.944203853607178, 13112
5.944203853607178, 13111
5.944203853607178, 13110
5.944203853607178, 13109
5.945203542709351, 13108
5.945203542709351, 13107
5.945203542709351, 13106
5.945203542709351, 13105
5.945203542709351, 13104
5.945203542709351, 13103
5.945203542709351, 13102
5.945203542709351, 13101
5.945203542709351, 13100
5.945203542709351, 13099
5.945203542709351, 13098
5.945203542709351, 13097
5.945203542709351, 13096
5.945203542709351, 13095
5.946203947067261, 13094
5.946203947067261, 13093
5.946203947067261, 13092
5.946203947067261, 13091
5.946203947067261, 13090
5.946203947067261, 13089
5.946203947067261, 13088
5.946203947067261, 13087
5.946203947067261, 13086
5.946203947067261, 13085
5.946203947067261, 13084
5.946203947067261, 13083
5.946203947067261, 13082
5.946203947067261, 13081
5.946203947067261, 13080
5.947204113006592, 13079
5.947204113006592, 13078
5.947204113006592, 13077
5.947204113006592, 13076
5.947204113006592, 13075
5.947204113006592, 13074
5.947204113006592, 13073
5.947204113006592, 13072
5.947204113006592, 13071
5.947204113006592, 13070
5.947204113006592, 13069
5.947204113006592, 13068
5.947204113006592, 13067
5.947204113006592, 13066
5.948203802108765, 13065
5.948203802108765, 13064
5.948203802108765, 13063
5.948203802108765, 13062
5.948203802108765, 13061
5.948203802108765, 13060
5.948203802108765, 13059
5.948203802108765, 13058
5.948203802108765, 13057
5.948203802108765, 13056
5.948203802108765, 13055
5.948203802108765, 13054
5.948203802108765, 13053
5.948203802108765, 13052
5.949205160140991, 13051
5.949205160140991, 13050
5.949205160140991, 13049
5.949205160140991, 13048
5.949205160140991, 13047
5.949205160140991, 13046
5.949205160140991, 13045
5.949205160140991, 13044
5.949205160140991, 13043
5.949205160140991, 13042
5.949205160140991, 13041
5.949205160140991, 13040
5.949205160140991, 13039
5.949205160140991, 13038
5.950204372406006, 13037
5.950204372406006, 13036
5.950204372406006, 13035
5.950204372406006, 13034
5.950204372406006, 13033
5.950204372406006, 13032
5.950204372406006, 13031
5.950204372406006, 13030
5.950204372406006, 13029
5.950204372406006, 13028
5.950204372406006, 13027
5.950204372406006, 13026
5.950204372406006, 13025
5.950204372406006, 13024
5.951204299926758, 13023
5.951204299926758, 13022
5.951204299926758, 13021
5.951204299926758, 13020
5.951204299926758, 13019
5.951204299926758, 13018
5.951204299926758, 13017
5.951204299926758, 13016
5.951204299926758, 13015
5.951204299926758, 13014
5.951204299926758, 13013
5.951204299926758, 13012
5.951204299926758, 13011
5.951204299926758, 13010
5.95220422744751, 13009
5.95220422744751, 13008
5.95220422744751, 13007
5.95220422744751, 13006
5.95220422744751, 13005
5.95220422744751, 13004
5.95220422744751, 13003
5.95220422744751, 13002
5.95220422744751, 13001
5.95220422744751, 13000
5.952961444854736, 12999
5.952961444854736, 12998
5.952961444854736, 12997
5.952961444854736, 12996
5.953204154968262, 12995
5.953204154968262, 12994
5.953204154968262, 12993
5.953204154968262, 12992
5.953469276428223, 12991
5.953469276428223, 12990
5.953469276428223, 12989
5.953469276428223, 12988
5.953469276428223, 12987
5.953469276428223, 12986
5.953469276428223, 12985
5.953469276428223, 12984
5.953469276428223, 12983
5.953469276428223, 12982
5.954204320907593, 12981
5.954204320907593, 12980
5.954204320907593, 12979
5.954204320907593, 12978
5.954204320907593, 12977
5.954204320907593, 12976
5.954204320907593, 12975
5.954204320907593, 12974
5.954204320907593, 12973
5.954204320907593, 12972
5.954204320907593, 12971
7.395364046096802, 10082
7.395364046096802, 10081
7.395364046096802, 10080
7.396364212036133, 10079
7.396364212036133, 10078
7.396364212036133, 10077
7.396364212036133, 10076
7.396364212036133, 10075
7.396364212036133, 10074
7.396364212036133, 10073
7.396364212036133, 10072
7.396364212036133, 10071
7.396364212036133, 10070
7.396364212036133, 10069
7.396364212036133, 10068
7.396364212036133, 10067
7.397363185882568, 10066
7.397363185882568, 10065
7.397363185882568, 10064
7.397363185882568, 10063
7.397363185882568, 10062
7.397363185882568, 10061
7.397363185882568, 10060
7.397363185882568, 10059
7.397363185882568, 10058
7.397363185882568, 10057
7.397363185882568, 10056
7.397363185882568, 10055
7.398363351821899, 10054
7.398363351821899, 10053
7.398363351821899, 10052
7.398363351821899, 10051
7.398363351821899, 10050
7.398363351821899, 10049
7.398363351821899, 10048
7.398363351821899, 10047
7.398363351821899, 10046
7.398363351821899, 10045
7.398363351821899, 10044
7.398363351821899, 10043
7.398363351821899, 10042
7.398363351821899, 10041
7.399363279342651, 10040
7.399363279342651, 10039
7.399363279342651, 10038
7.399363279342651, 10037
7.399363279342651, 10036
7.399363279342651, 10035
7.399363279342651, 10034
7.399363279342651, 10033
7.399363279342651, 10032
7.399363279342651, 10031
7.399363279342651, 10030
7.399363279342651, 10029
7.399363279342651, 10028
7.399363279342651, 10027
7.400363206863403, 10026
7.400363206863403, 10025
7.400363206863403, 10024
7.400363206863403, 10023
7.400363206863403, 10022
7.400363206863403, 10021
7.400363206863403, 10020
7.400363206863403, 10019
7.400363206863403, 10018
7.400363206863403, 10017
7.400363206863403, 10016
7.400363206863403, 10015
7.400363206863403, 10014
7.400363206863403, 10013
7.401363134384155, 10012
7.401363134384155, 10011
7.401363134384155, 10010
7.401363134384155, 10009
7.401363134384155, 10008
7.401363134384155, 10007
7.401363134384155, 10006
7.401363134384155, 10005
7.401956796646118, 10004
7.401956796646118, 10003
7.401956796646118, 10002
7.401956796646118, 10001
7.401956796646118, 10000
7.402363300323486, 9999
7.402363300323486, 9998
7.402363300323486, 9997
7.402363300323486, 9996
7.402363300323486, 9995
7.402363300323486, 9994
7.402363300323486, 9993
7.402363300323486, 9992
7.402363300323486, 9991
7.402363300323486, 9990
7.402363300323486, 9989
7.402363300323486, 9988
7.402363300323486, 9987
7.402363300323486, 9986
7.403362989425659, 9985
7.403362989425659, 9984
7.403362989425659, 9983
7.403362989425659, 9982
7.403362989425659, 9981
7.403362989425659, 9980
7.403362989425659, 9979
7.403362989425659, 9978
7.403362989425659, 9977
7.403362989425659, 9976
7.403362989425659, 9975
7.403362989425659, 9974
7.403362989425659, 9973
7.403362989425659, 9972
7.404362916946411, 9971
7.404362916946411, 9970
7.404362916946411, 9969
7.404362916946411, 9968
7.404362916946411, 9967
7.404362916946411, 9966
7.404362916946411, 9965
7.404362916946411, 9964
7.404362916946411, 9963
7.404362916946411, 9962
7.404362916946411, 9961
7.404362916946411, 9960
7.404362916946411, 9959
7.404362916946411, 9958
7.405363082885742, 9957
7.405363082885742, 9956
7.405363082885742, 9955
7.405363082885742, 9954
7.405363082885742, 9953
7.405363082885742, 9952
7.405363082885742, 9951
7.405363082885742, 9950
7.405363082885742, 9949
7.405363082885742, 9948
7.405363082885742, 9947
7.405363082885742, 9946
7.405363082885742, 9945
7.405363082885742, 9944
7.406391859054565, 9943
7.406391859054565, 9942
7.406391859054565, 9941
7.406391859054565, 9940
7.406391859054565, 9939
7.406391859054565, 9938
7.406391859054565, 9937
7.406391859054565, 9936
7.406391859054565, 9935
7.406391859054565, 9934
7.406391859054565, 9933
7.406391859054565, 9932
7.406391859054565, 9931
7.40739107131958, 9930
7.40739107131958, 9929
7.40739107131958, 9928
7.40739107131958, 9927
7.40739107131958, 9926
7.40739107131958, 9925
7.40739107131958, 9924
7.40739107131958, 9923
7.40739107131958, 9922
7.40739107131958, 9921
7.40739107131958, 9920
7.40739107131958, 9919
7.40739107131958, 9918
7.408391714096069, 9917
7.408391714096069, 9916
7.4085142612457275, 9915
7.4085142612457275, 9914
7.4085142612457275, 9913
7.4085142612457275, 9912
7.4085142612457275, 9911
7.4085142612457275, 9910
7.4085142612457275, 9909
7.4085142612457275, 9908
7.4085142612457275, 9907
7.4085142612457275, 9906
7.4085142612457275, 9905
7.4085142612457275, 9904
7.409391164779663, 9903
7.409391164779663, 9902
7.409391164779663, 9901
7.409391164779663, 9900
7.409391164779663, 9899
7.409391164779663, 9898
7.409391164779663, 9897
7.409391164779663, 9896
7.409391164779663, 9895
7.4100501537323, 9894
7.4100501537323, 9893
7.4100501537323, 9892
7.410392761230469, 9891
7.410392761230469, 9890
7.410392761230469, 9889
7.410392761230469, 9888
7.410392761230469, 9887
7.410392761230469, 9886
7.410392761230469, 9885
7.410392761230469, 9884
7.410392761230469, 9883
7.410392761230469, 9882
7.410392761230469, 9881
7.410392761230469, 9880
7.410392761230469, 9879
7.410392761230469, 9878
7.411391019821167, 9877
7.411391019821167, 9876
7.411391019821167, 9875
7.411391019821167, 9874
7.411391019821167, 9873
7.411391019821167, 9872
7.411391019821167, 9871
7.411391019821167, 9870
7.411391019821167, 9869
7.411391019821167, 9868
7.411391019821167, 9867
7.411391019821167, 9866
7.412391185760498, 9865
7.412391185760498, 9864
7.412391185760498, 9863
7.412391185760498, 9862
