0.1230006217956543, 10974
0.1230006217956543, 10973
0.12400197982788086, 10972
0.12400197982788086, 10971
0.12400197982788086, 10970
0.12400197982788086, 10969
0.12400197982788086, 10968
0.12400197982788086, 10967
0.12400197982788086, 10966
0.12400197982788086, 10965
0.12400197982788086, 10964
0.12400197982788086, 10963
0.12400197982788086, 10962
0.12400197982788086, 10961
0.12400197982788086, 10960
0.12400197982788086, 10959
0.12400197982788086, 10958
0.12400197982788086, 10957
0.12400197982788086, 10956
0.12400197982788086, 10955
0.12400197982788086, 10954
0.12500405311584473, 10953
0.12500405311584473, 10952
0.12500405311584473, 10951
0.12500405311584473, 10950
0.12500405311584473, 10949
0.12500405311584473, 10948
0.12500405311584473, 10947
0.12500405311584473, 10946
0.12500405311584473, 10945
0.12500405311584473, 10944
0.12500405311584473, 10943
0.12500405311584473, 10942
0.12500405311584473, 10941
0.12500405311584473, 10940
0.12500405311584473, 10939
0.12500405311584473, 10938
0.12500405311584473, 10937
0.12600207328796387, 10936
0.12600207328796387, 10935
0.12600207328796387, 10934
0.12600207328796387, 10933
0.12600207328796387, 10932
0.12600207328796387, 10931
0.12600207328796387, 10930
0.12600207328796387, 10929
0.12600207328796387, 10928
0.23520731925964355, 10927
0.23520731925964355, 10926
0.23520731925964355, 10925
0.23520731925964355, 10924
0.2362079620361328, 10923
0.2362079620361328, 10922
0.2362079620361328, 10921
0.2362079620361328, 10920
0.2362079620361328, 10919
0.2362079620361328, 10918
0.2362079620361328, 10917
0.2362079620361328, 10916
0.2362079620361328, 10915
0.2362079620361328, 10914
0.2362079620361328, 10913
0.2362079620361328, 10912
0.2362079620361328, 10911
0.2362079620361328, 10910
0.2362079620361328, 10909
0.2362079620361328, 10908
0.2362079620361328, 10907
0.2362079620361328, 10906
0.2362079620361328, 10905
0.23720717430114746, 10904
0.23720717430114746, 10903
0.23720717430114746, 10902
0.23720717430114746, 10901
0.23720717430114746, 10900
0.23720717430114746, 10899
0.23720717430114746, 10898
0.23720717430114746, 10897
0.23720717430114746, 10896
0.23720717430114746, 10895
0.23720717430114746, 10894
0.23720717430114746, 10893
0.23720717430114746, 10892
0.23720717430114746, 10891
0.23720717430114746, 10890
0.23720717430114746, 10889
0.23720717430114746, 10888
0.23720717430114746, 10887
0.23720717430114746, 10886
0.23820710182189941, 10885
0.23820710182189941, 10884
0.23820710182189941, 10883
0.23820710182189941, 10882
0.23820710182189941, 10881
0.23820710182189941, 10880
0.23820710182189941, 10879
0.23820710182189941, 10878
0.23820710182189941, 10877
0.23820710182189941, 10876
0.23820710182189941, 10875
0.23820710182189941, 10874
0.23820710182189941, 10873
0.23820710182189941, 10872
0.23820710182189941, 10871
0.23820710182189941, 10870
0.23820710182189941, 10869
0.23820710182189941, 10868
0.23820710182189941, 10867
0.23820710182189941, 10866
0.23920798301696777, 10865
0.23920798301696777, 10864
0.23920798301696777, 10863
0.23920798301696777, 10862
0.23920798301696777, 10861
0.23920798301696777, 10860
0.23920798301696777, 10859
0.23920798301696777, 10858
0.23920798301696777, 10857
0.23920798301696777, 10856
0.23920798301696777, 10855
0.23920798301696777, 10854
0.23920798301696777, 10853
0.23920798301696777, 10852
0.23920798301696777, 10851
0.23920798301696777, 10850
0.23920798301696777, 10849
0.23920798301696777, 10848
0.23920798301696777, 10847
0.2402334213256836, 10846
0.2402334213256836, 10845
0.2402334213256836, 10844
0.2402334213256836, 10843
0.2402334213256836, 10842
0.2402334213256836, 10841
0.2402334213256836, 10840
0.2402334213256836, 10839
0.2402334213256836, 10838
0.2402334213256836, 10837
0.2402334213256836, 10836
0.2402334213256836, 10835
0.2402334213256836, 10834
0.2402334213256836, 10833
0.2402334213256836, 10832
0.2402334213256836, 10831
0.2402334213256836, 10830
0.2402334213256836, 10829
0.2402334213256836, 10828
0.24123311042785645, 10827
0.24123311042785645, 10826
0.24123311042785645, 10825
0.24123311042785645, 10824
0.24123311042785645, 10823
0.24123311042785645, 10822
0.24123311042785645, 10821
0.24123311042785645, 10820
0.24123311042785645, 10819
0.24123311042785645, 10818
0.24123311042785645, 10817
0.24123311042785645, 10816
0.24123311042785645, 10815
0.24123311042785645, 10814
0.24123311042785645, 10813
0.24123311042785645, 10812
0.24123311042785645, 10811
0.24123311042785645, 10810
0.2422337532043457, 10809
0.2422337532043457, 10808
0.2422337532043457, 10807
0.2422337532043457, 10806
0.2422337532043457, 10805
0.2422337532043457, 10804
0.2422337532043457, 10803
0.2422337532043457, 10802
0.2422337532043457, 10801
0.2422337532043457, 10800
0.2422337532043457, 10799
0.2422337532043457, 10798
0.2422337532043457, 10797
0.2422337532043457, 10796
0.2422337532043457, 10795
0.2422337532043457, 10794
0.2422337532043457, 10793
0.2422337532043457, 10792
0.24323344230651855, 10791
0.24323344230651855, 10790
0.24323344230651855, 10789
0.24323344230651855, 10788
0.24323344230651855, 10787
0.24323344230651855, 10786
0.24323344230651855, 10785
0.24323344230651855, 10784
0.24323344230651855, 10783
0.24323344230651855, 10782
0.24323344230651855, 10781
0.24323344230651855, 10780
0.24323344230651855, 10779
0.24323344230651855, 10778
0.24323344230651855, 10777
0.24323344230651855, 10776
0.24323344230651855, 10775
0.24323344230651855, 10774
0.24423432350158691, 10773
0.24423432350158691, 10772
0.24423432350158691, 10771
0.24423432350158691, 10770
0.24423432350158691, 10769
0.24423432350158691, 10768
0.24423432350158691, 10767
0.47913432121276855, 10766
0.47913432121276855, 10765
0.47913432121276855, 10764
0.47913432121276855, 10763
0.47913432121276855, 10762
0.47913432121276855, 10761
0.47913432121276855, 10760
0.47913432121276855, 10759
0.47913432121276855, 10758
0.47913432121276855, 10757
0.4801356792449951, 10756
0.4801356792449951, 10755
0.4801356792449951, 10754
0.4801356792449951, 10753
0.4801356792449951, 10752
0.4801356792449951, 10751
0.4801356792449951, 10750
0.4801356792449951, 10749
0.4801356792449951, 10748
0.4801356792449951, 10747
0.4801356792449951, 10746
0.4801356792449951, 10745
0.4801356792449951, 10744
0.4801356792449951, 10743
0.4801356792449951, 10742
0.4801356792449951, 10741
0.4801356792449951, 10740
0.4811370372772217, 10739
0.4811370372772217, 10738
0.4811370372772217, 10737
0.4811370372772217, 10736
0.4811370372772217, 10735
0.4811370372772217, 10734
0.4811370372772217, 10733
0.4811370372772217, 10732
0.4811370372772217, 10731
0.4811370372772217, 10730
0.4811370372772217, 10729
0.4811370372772217, 10728
0.4811370372772217, 10727
0.4811370372772217, 10726
0.4811370372772217, 10725
0.4811370372772217, 10724
0.4811370372772217, 10723
0.4821350574493408, 10722
0.4821350574493408, 10721
0.4821350574493408, 10720
0.4821350574493408, 10719
0.4821350574493408, 10718
0.4821350574493408, 10717
0.4821350574493408, 10716
0.4821350574493408, 10715
0.4821350574493408, 10714
0.4821350574493408, 10713
0.4821350574493408, 10712
0.4821350574493408, 10711
0.4821350574493408, 10710
0.4821350574493408, 10709
0.4821350574493408, 10708
0.4821350574493408, 10707
0.4821350574493408, 10706
0.48313450813293457, 10705
0.48313450813293457, 10704
0.48313450813293457, 10703
0.48313450813293457, 10702
0.48313450813293457, 10701
0.48313450813293457, 10700
0.48313450813293457, 10699
0.48313450813293457, 10698
0.48313450813293457, 10697
0.48313450813293457, 10696
0.48313450813293457, 10695
0.48313450813293457, 10694
0.48313450813293457, 10693
0.48313450813293457, 10692
0.48313450813293457, 10691
0.48313450813293457, 10690
0.48413538932800293, 10689
0.48413538932800293, 10688
0.48413538932800293, 10687
0.48413538932800293, 10686
0.48413538932800293, 10685
0.48413538932800293, 10684
0.48413538932800293, 10683
0.48413538932800293, 10682
0.48413538932800293, 10681
0.48413538932800293, 10680
0.48413538932800293, 10679
0.48413538932800293, 10678
0.48413538932800293, 10677
0.48413538932800293, 10676
0.48413538932800293, 10675
0.48413538932800293, 10674
0.4851372241973877, 10673
0.4851372241973877, 10672
0.4851372241973877, 10671
0.4851372241973877, 10670
0.4851372241973877, 10669
0.4851372241973877, 10668
0.4851372241973877, 10667
0.4851372241973877, 10666
0.4851372241973877, 10665
0.4851372241973877, 10664
0.4851372241973877, 10663
0.4851372241973877, 10662
0.4851372241973877, 10661
0.4851372241973877, 10660
0.4851372241973877, 10659
0.4861338138580322, 10658
0.4861338138580322, 10657
0.4861338138580322, 10656
0.4861338138580322, 10655
0.4861338138580322, 10654
0.4861338138580322, 10653
0.4861338138580322, 10652
0.4861338138580322, 10651
0.4861338138580322, 10650
0.4861338138580322, 10649
0.4861338138580322, 10648
0.4861338138580322, 10647
0.4861338138580322, 10646
0.4861338138580322, 10645
0.4861338138580322, 10644
0.4871327877044678, 10643
0.4871327877044678, 10642
0.4871327877044678, 10641
0.4871327877044678, 10640
0.4871327877044678, 10639
0.4871327877044678, 10638
0.4871327877044678, 10637
0.4871327877044678, 10636
0.4871327877044678, 10635
0.4871327877044678, 10634
0.4871327877044678, 10633
0.4871327877044678, 10632
0.4871327877044678, 10631
0.4871327877044678, 10630
0.4871327877044678, 10629
0.4871327877044678, 10628
0.4881324768066406, 10627
0.4881324768066406, 10626
0.4881324768066406, 10625
0.4881324768066406, 10624
0.4881324768066406, 10623
0.4881324768066406, 10622
0.4881324768066406, 10621
0.4881324768066406, 10620
0.4881324768066406, 10619
0.4881324768066406, 10618
0.4881324768066406, 10617
0.4881324768066406, 10616
0.4881324768066406, 10615
0.4881324768066406, 10614
0.4881324768066406, 10613
0.4881324768066406, 10612
0.4891347885131836, 10611
0.4891347885131836, 10610
0.4891347885131836, 10609
0.4891347885131836, 10608
0.4891347885131836, 10607
0.4891347885131836, 10606
0.4891347885131836, 10605
0.4891347885131836, 10604
0.4891347885131836, 10603
0.4891347885131836, 10602
0.4891347885131836, 10601
0.4891347885131836, 10600
0.4891347885131836, 10599
0.4891347885131836, 10598
0.4891347885131836, 10597
0.4891347885131836, 10596
0.49013280868530273, 10595
0.49013280868530273, 10594
0.49013280868530273, 10593
0.49013280868530273, 10592
0.49013280868530273, 10591
0.49013280868530273, 10590
0.49013280868530273, 10589
0.49013280868530273, 10588
0.49013280868530273, 10587
0.49013280868530273, 10586
0.49013280868530273, 10585
0.49013280868530273, 10584
0.49013280868530273, 10583
0.49013280868530273, 10582
0.49013280868530273, 10581
0.49013280868530273, 10580
0.4911327362060547, 10579
0.4911327362060547, 10578
0.4911327362060547, 10577
0.4911327362060547, 10576
0.4911327362060547, 10575
0.4911327362060547, 10574
0.4911327362060547, 10573
0.4911327362060547, 10572
0.4911327362060547, 10571
0.4911327362060547, 10570
0.4911327362060547, 10569
0.4911327362060547, 10568
0.4911327362060547, 10567
0.4911327362060547, 10566
0.4911327362060547, 10565
0.4911327362060547, 10564
0.4911327362060547, 10563
0.49213647842407227, 10562
0.49213647842407227, 10561
0.49213647842407227, 10560
0.49213647842407227, 10559
0.49213647842407227, 10558
0.49213647842407227, 10557
0.49213647842407227, 10556
0.49213647842407227, 10555
0.49213647842407227, 10554
0.49213647842407227, 10553
0.49213647842407227, 10552
0.49213647842407227, 10551
0.49213647842407227, 10550
0.49213647842407227, 10549
0.49213647842407227, 10548
0.49213647842407227, 10547
0.4931361675262451, 10546
0.4931361675262451, 10545
0.4931361675262451, 10544
0.4931361675262451, 10543
0.4931361675262451, 10542
0.4931361675262451, 10541
0.4931361675262451, 10540
0.4931361675262451, 10539
0.4931361675262451, 10538
0.4931361675262451, 10537
0.4931361675262451, 10536
0.4931361675262451, 10535
0.4931361675262451, 10534
0.4931361675262451, 10533
0.4931361675262451, 10532
0.4931361675262451, 10531
0.49413466453552246, 10530
0.49413466453552246, 10529
0.49413466453552246, 10528
0.49413466453552246, 10527
0.49413466453552246, 10526
0.49413466453552246, 10525
0.49413466453552246, 10524
0.49413466453552246, 10523
0.49413466453552246, 10522
0.49413466453552246, 10521
0.49413466453552246, 10520
0.49413466453552246, 10519
0.49413466453552246, 10518
0.49413466453552246, 10517
0.49413466453552246, 10516
0.49413466453552246, 10515
0.49413466453552246, 10514
0.4951329231262207, 10513
0.4951329231262207, 10512
0.4951329231262207, 10511
0.4951329231262207, 10510
0.4951329231262207, 10509
0.4951329231262207, 10508
0.4951329231262207, 10507
0.4951329231262207, 10506
0.4951329231262207, 10505
1.7915925979614258, 10504
1.7925937175750732, 10503
1.7925937175750732, 10502
1.7925937175750732, 10501
1.7935962677001953, 10500
8.190170526504517, 10499
8.190170526504517, 10498
8.190170526504517, 10497
8.190170526504517, 10496
8.190170526504517, 10495
8.190170526504517, 10494
8.190170526504517, 10493
8.190170526504517, 10492
8.190170526504517, 10491
8.190170526504517, 10490
8.190170526504517, 10489
8.191172122955322, 10488
8.191172122955322, 10487
8.191172122955322, 10486
8.191172122955322, 10485
8.191172122955322, 10484
8.191172122955322, 10483
8.191172122955322, 10482
8.191172122955322, 10481
8.191172122955322, 10480
8.191172122955322, 10479
8.191172122955322, 10478
8.191172122955322, 10477
8.191172122955322, 10476
8.191172122955322, 10475
8.191172122955322, 10474
8.192171096801758, 10473
8.192171096801758, 10472
8.192171096801758, 10471
8.192171096801758, 10470
8.192171096801758, 10469
8.192171096801758, 10468
8.192171096801758, 10467
8.192171096801758, 10466
8.192171096801758, 10465
8.192171096801758, 10464
8.192171096801758, 10463
8.192171096801758, 10462
8.192171096801758, 10461
8.192171096801758, 10460
8.192171096801758, 10459
8.193170309066772, 10458
8.193170309066772, 10457
8.193170309066772, 10456
8.193170309066772, 10455
8.193170309066772, 10454
8.193170309066772, 10453
8.193170309066772, 10452
8.193170309066772, 10451
8.193170309066772, 10450
8.193170309066772, 10449
8.193170309066772, 10448
8.193170309066772, 10447
8.193170309066772, 10446
8.193170309066772, 10445
8.193170309066772, 10444
8.194172143936157, 10443
8.194172143936157, 10442
8.194172143936157, 10441
8.194172143936157, 10440
8.194172143936157, 10439
8.194172143936157, 10438
8.194172143936157, 10437
8.194172143936157, 10436
8.194172143936157, 10435
8.194172143936157, 10434
8.194172143936157, 10433
8.194172143936157, 10432
8.194172143936157, 10431
8.194172143936157, 10430
8.194172143936157, 10429
8.195171356201172, 10428
8.195171356201172, 10427
8.195171356201172, 10426
8.195171356201172, 10425
8.195171356201172, 10424
8.195171356201172, 10423
8.195171356201172, 10422
8.195171356201172, 10421
8.195171356201172, 10420
8.195171356201172, 10419
8.195171356201172, 10418
8.195171356201172, 10417
8.195171356201172, 10416
8.195171356201172, 10415
8.196171283721924, 10414
8.196171283721924, 10413
8.196171283721924, 10412
8.196171283721924, 10411
8.196171283721924, 10410
8.814923524856567, 10409
8.815924167633057, 10408
8.815924167633057, 10407
8.815924167633057, 10406
8.815924167633057, 10405
8.815924167633057, 10404
8.815924167633057, 10403
8.815924167633057, 10402
8.815924167633057, 10401
8.815924167633057, 10400
8.815924167633057, 10399
8.815924167633057, 10398
8.815924167633057, 10397
8.815924167633057, 10396
8.815924167633057, 10395
8.815924167633057, 10394
8.81692361831665, 10393
8.81692361831665, 10392
8.81692361831665, 10391
8.81692361831665, 10390
8.81692361831665, 10389
8.81692361831665, 10388
8.81692361831665, 10387
8.81692361831665, 10386
8.81692361831665, 10385
8.81692361831665, 10384
8.81692361831665, 10383
8.81692361831665, 10382
8.81692361831665, 10381
8.81692361831665, 10380
8.81692361831665, 10379
8.81692361831665, 10378
8.817923545837402, 10377
8.817923545837402, 10376
8.817923545837402, 10375
8.817923545837402, 10374
8.817923545837402, 10373
8.817923545837402, 10372
8.817923545837402, 10371
8.817923545837402, 10370
8.817923545837402, 10369
8.817923545837402, 10368
8.817923545837402, 10367
8.817923545837402, 10366
8.817923545837402, 10365
8.817923545837402, 10364
8.818923711776733, 10363
8.818923711776733, 10362
8.818923711776733, 10361
8.818923711776733, 10360
8.818923711776733, 10359
8.818923711776733, 10358
8.818923711776733, 10357
8.818923711776733, 10356
8.818923711776733, 10355
8.818923711776733, 10354
8.818923711776733, 10353
8.818923711776733, 10352
8.818923711776733, 10351
8.818923711776733, 10350
8.819927453994751, 10349
8.819927453994751, 10348
8.819927453994751, 10347
8.819927453994751, 10346
8.819927453994751, 10345
8.819927453994751, 10344
8.819927453994751, 10343
8.819927453994751, 10342
8.819927453994751, 10341
8.819927453994751, 10340
8.819927453994751, 10339
8.819927453994751, 10338
8.819927453994751, 10337
8.819927453994751, 10336
8.819927453994751, 10335
8.820924282073975, 10334
8.820924282073975, 10333
8.820924282073975, 10332
8.820924282073975, 10331
8.820924282073975, 10330
