0.18009686470031738, 14044
0.1810445785522461, 14043
0.1810445785522461, 14042
0.1810445785522461, 14041
0.1810445785522461, 14040
0.1810445785522461, 14039
0.1810445785522461, 14038
0.1810445785522461, 14037
0.1810445785522461, 14036
0.1810445785522461, 14035
0.1810445785522461, 14034
0.1810445785522461, 14033
0.1810445785522461, 14032
0.1810445785522461, 14031
0.1810445785522461, 14030
0.1810445785522461, 14029
0.1810445785522461, 14028
0.18204355239868164, 14027
0.18204355239868164, 14026
0.18204355239868164, 14025
0.18204355239868164, 14024
0.18204355239868164, 14023
0.18204355239868164, 14022
0.18204355239868164, 14021
0.18204355239868164, 14020
0.18204355239868164, 14019
0.18204355239868164, 14018
0.18204355239868164, 14017
0.18204355239868164, 14016
0.18204355239868164, 14015
0.18204355239868164, 14014
0.18204355239868164, 14013
0.35630273818969727, 14012
0.35630273818969727, 14011
0.35630273818969727, 14010
0.35630273818969727, 14009
0.3571758270263672, 14008
0.3571758270263672, 14007
0.3573031425476074, 14006
0.3573031425476074, 14005
0.3573031425476074, 14004
0.3573031425476074, 14003
0.3573031425476074, 14002
0.3573031425476074, 14001
0.3573031425476074, 14000
0.3573031425476074, 13999
0.3573031425476074, 13998
0.3573031425476074, 13997
0.3573031425476074, 13996
0.3573031425476074, 13995
0.3573031425476074, 13994
0.3573031425476074, 13993
0.3573031425476074, 13992
0.3573031425476074, 13991
0.3583033084869385, 13990
0.3583033084869385, 13989
0.3583033084869385, 13988
0.3583033084869385, 13987
0.3583033084869385, 13986
0.3583033084869385, 13985
0.3583033084869385, 13984
0.3583033084869385, 13983
0.3583033084869385, 13982
0.3583033084869385, 13981
0.3583033084869385, 13980
0.3583033084869385, 13979
0.3583033084869385, 13978
0.3583033084869385, 13977
0.3583033084869385, 13976
0.35930371284484863, 13975
0.35930371284484863, 13974
0.35930371284484863, 13973
0.35930371284484863, 13972
0.35930371284484863, 13971
0.35930371284484863, 13970
0.35930371284484863, 13969
0.35930371284484863, 13968
0.35930371284484863, 13967
0.35930371284484863, 13966
0.35930371284484863, 13965
0.35930371284484863, 13964
0.35930371284484863, 13963
0.35930371284484863, 13962
0.35930371284484863, 13961
0.35930371284484863, 13960
0.35930371284484863, 13959
0.360332727432251, 13958
0.360332727432251, 13957
0.360332727432251, 13956
0.360332727432251, 13955
0.360332727432251, 13954
0.360332727432251, 13953
0.360332727432251, 13952
0.360332727432251, 13951
0.360332727432251, 13950
0.360332727432251, 13949
0.360332727432251, 13948
0.360332727432251, 13947
0.360332727432251, 13946
0.360332727432251, 13945
0.360332727432251, 13944
0.36133313179016113, 13943
0.36133313179016113, 13942
0.36133313179016113, 13941
0.36133313179016113, 13940
0.36133313179016113, 13939
0.36133313179016113, 13938
0.36133313179016113, 13937
0.36133313179016113, 13936
0.36133313179016113, 13935
0.36133313179016113, 13934
0.36133313179016113, 13933
0.36133313179016113, 13932
0.36133313179016113, 13931
0.36133313179016113, 13930
0.36133313179016113, 13929
0.36133313179016113, 13928
0.3623323440551758, 13927
0.3623323440551758, 13926
0.3623323440551758, 13925
0.3623323440551758, 13924
0.3623323440551758, 13923
0.3623323440551758, 13922
0.3623323440551758, 13921
0.3623323440551758, 13920
0.3623323440551758, 13919
0.3623323440551758, 13918
0.3623323440551758, 13917
0.3623323440551758, 13916
0.3623323440551758, 13915
0.3623323440551758, 13914
0.3623323440551758, 13913
0.3623323440551758, 13912
0.36333250999450684, 13911
0.36333250999450684, 13910
0.36333250999450684, 13909
0.36333250999450684, 13908
0.36333250999450684, 13907
0.36333250999450684, 13906
0.36333250999450684, 13905
0.36333250999450684, 13904
0.36333250999450684, 13903
0.36333250999450684, 13902
0.36333250999450684, 13901
0.36333250999450684, 13900
0.36333250999450684, 13899
0.36333250999450684, 13898
0.36333250999450684, 13897
0.36333250999450684, 13896
0.3643324375152588, 13895
0.3643977642059326, 13894
0.3643977642059326, 13893
0.3643977642059326, 13892
0.3643977642059326, 13891
0.3643977642059326, 13890
0.3643977642059326, 13889
0.3643977642059326, 13888
0.3643977642059326, 13887
0.3643977642059326, 13886
0.3643977642059326, 13885
0.3643977642059326, 13884
0.3643977642059326, 13883
0.3643977642059326, 13882
0.3643977642059326, 13881
0.3643977642059326, 13880
0.36533212661743164, 13879
0.36533212661743164, 13878
0.36533212661743164, 13877
0.36533212661743164, 13876
0.36533212661743164, 13875
0.36533212661743164, 13874
0.36533212661743164, 13873
0.36533212661743164, 13872
0.36533212661743164, 13871
0.36533212661743164, 13870
0.36533212661743164, 13869
0.36533212661743164, 13868
0.36533212661743164, 13867
0.36533212661743164, 13866
0.36533212661743164, 13865
0.36533212661743164, 13864
0.3663942813873291, 13863
0.3663942813873291, 13862
0.3663942813873291, 13861
0.3663942813873291, 13860
0.3663942813873291, 13859
0.3663942813873291, 13858
0.3663942813873291, 13857
0.3663942813873291, 13856
0.3663942813873291, 13855
0.3663942813873291, 13854
0.3663942813873291, 13853
0.3663942813873291, 13852
0.3663942813873291, 13851
0.3663942813873291, 13850
0.3663942813873291, 13849
0.3673439025878906, 13848
0.3673439025878906, 13847
0.3673439025878906, 13846
0.3673439025878906, 13845
0.3673439025878906, 13844
0.3673439025878906, 13843
0.3673439025878906, 13842
0.3673439025878906, 13841
0.3673439025878906, 13840
0.3673439025878906, 13839
0.3673439025878906, 13838
0.3673439025878906, 13837
0.3673439025878906, 13836
0.3673439025878906, 13835
0.3673439025878906, 13834
0.3683323860168457, 13833
0.3683323860168457, 13832
0.3683323860168457, 13831
0.3683323860168457, 13830
0.3683323860168457, 13829
0.3683323860168457, 13828
0.3683323860168457, 13827
0.3683323860168457, 13826
0.3683323860168457, 13825
0.3683323860168457, 13824
0.3683323860168457, 13823
0.3683323860168457, 13822
0.3683323860168457, 13821
0.3683323860168457, 13820
0.3683323860168457, 13819
0.36933255195617676, 13818
0.36933255195617676, 13817
0.36933255195617676, 13816
0.36933255195617676, 13815
0.36933255195617676, 13814
0.36933255195617676, 13813
0.36933255195617676, 13812
0.36933255195617676, 13811
0.36933255195617676, 13810
0.36933255195617676, 13809
0.36933255195617676, 13808
0.36933255195617676, 13807
0.36933255195617676, 13806
0.36933255195617676, 13805
0.36933255195617676, 13804
0.36933255195617676, 13803
0.3703627586364746, 13802
0.9063420295715332, 13801
0.9063420295715332, 13800
0.9063420295715332, 13799
0.9063420295715332, 13798
0.9067044258117676, 13797
0.9067044258117676, 13796
0.9067044258117676, 13795
0.9067044258117676, 13794
0.9067044258117676, 13793
0.9067044258117676, 13792
0.9067044258117676, 13791
0.9067044258117676, 13790
0.9067044258117676, 13789
0.9067044258117676, 13788
0.9073419570922852, 13787
0.9073419570922852, 13786
0.9073419570922852, 13785
0.9073419570922852, 13784
0.9073419570922852, 13783
0.9073419570922852, 13782
0.9073419570922852, 13781
0.9073419570922852, 13780
0.9073419570922852, 13779
0.9073419570922852, 13778
0.9073419570922852, 13777
0.9073419570922852, 13776
0.9073419570922852, 13775
0.9073419570922852, 13774
0.9073419570922852, 13773
0.9083418846130371, 13772
0.9083418846130371, 13771
0.9083418846130371, 13770
0.9083418846130371, 13769
0.9083418846130371, 13768
0.9083418846130371, 13767
1.4511947631835938, 13766
1.4511947631835938, 13765
1.4511947631835938, 13764
1.4511947631835938, 13763
1.4511947631835938, 13762
1.4511947631835938, 13761
1.4511947631835938, 13760
1.4511947631835938, 13759
1.452195644378662, 13758
1.452195644378662, 13757
1.452195644378662, 13756
1.452195644378662, 13755
1.452195644378662, 13754
1.452195644378662, 13753
1.452195644378662, 13752
1.452195644378662, 13751
1.452195644378662, 13750
1.452195644378662, 13749
1.452195644378662, 13748
1.452195644378662, 13747
1.452195644378662, 13746
1.452195644378662, 13745
1.4531946182250977, 13744
1.4531946182250977, 13743
1.4531946182250977, 13742
1.4531946182250977, 13741
1.4531946182250977, 13740
1.4531946182250977, 13739
1.4531946182250977, 13738
1.4531946182250977, 13737
1.4531946182250977, 13736
1.4531946182250977, 13735
1.4531946182250977, 13734
1.4531946182250977, 13733
1.4531946182250977, 13732
1.4531946182250977, 13731
1.4531946182250977, 13730
1.4541943073272705, 13729
1.4541943073272705, 13728
1.4541943073272705, 13727
1.4541943073272705, 13726
1.4541943073272705, 13725
1.4541943073272705, 13724
1.4541943073272705, 13723
1.4541943073272705, 13722
1.4541943073272705, 13721
1.4541943073272705, 13720
1.4541943073272705, 13719
1.4541943073272705, 13718
1.4541943073272705, 13717
1.4541943073272705, 13716
1.4541943073272705, 13715
1.4551947116851807, 13714
1.4551947116851807, 13713
1.4551947116851807, 13712
1.4551947116851807, 13711
1.4551947116851807, 13710
1.4551947116851807, 13709
1.4551947116851807, 13708
1.4551947116851807, 13707
1.4551947116851807, 13706
1.4551947116851807, 13705
1.4551947116851807, 13704
1.4551947116851807, 13703
1.4551947116851807, 13702
1.4551947116851807, 13701
1.4561946392059326, 13700
1.4561946392059326, 13699
1.4561946392059326, 13698
1.4561946392059326, 13697
1.4561946392059326, 13696
1.4561946392059326, 13695
1.4561946392059326, 13694
1.4561946392059326, 13693
1.4561946392059326, 13692
1.4561946392059326, 13691
1.4561946392059326, 13690
1.4568941593170166, 13689
1.4568941593170166, 13688
1.4568941593170166, 13687
1.4568941593170166, 13686
1.4571945667266846, 13685
1.4571945667266846, 13684
1.4571945667266846, 13683
1.4571945667266846, 13682
1.4571945667266846, 13681
1.4571945667266846, 13680
1.4571945667266846, 13679
1.4571945667266846, 13678
1.4571945667266846, 13677
1.4571945667266846, 13676
1.4571945667266846, 13675
1.4571945667266846, 13674
1.4571945667266846, 13673
1.4571945667266846, 13672
1.4571945667266846, 13671
1.4581944942474365, 13670
1.4581944942474365, 13669
1.4581944942474365, 13668
1.4581944942474365, 13667
1.4581944942474365, 13666
1.4581944942474365, 13665
1.4581944942474365, 13664
1.4581944942474365, 13663
1.4581944942474365, 13662
1.4581944942474365, 13661
1.4581944942474365, 13660
1.4581944942474365, 13659
1.4581944942474365, 13658
1.4581944942474365, 13657
1.4591946601867676, 13656
1.4591946601867676, 13655
1.4591946601867676, 13654
1.4591946601867676, 13653
1.4591946601867676, 13652
1.4591946601867676, 13651
1.4591946601867676, 13650
1.4591946601867676, 13649
1.4591946601867676, 13648
1.4591946601867676, 13647
1.4591946601867676, 13646
1.4591946601867676, 13645
1.4591946601867676, 13644
1.4591946601867676, 13643
1.4591946601867676, 13642
1.4601945877075195, 13641
1.4601945877075195, 13640
1.4601945877075195, 13639
1.4601945877075195, 13638
1.4601945877075195, 13637
1.4601945877075195, 13636
1.4601945877075195, 13635
1.4601945877075195, 13634
1.4601945877075195, 13633
1.4611945152282715, 13632
1.4611945152282715, 13631
1.4611945152282715, 13630
1.4611945152282715, 13629
1.4611945152282715, 13628
1.4611945152282715, 13627
1.4611945152282715, 13626
1.4611945152282715, 13625
1.4611945152282715, 13624
1.4611945152282715, 13623
1.4611945152282715, 13622
1.4621944427490234, 13621
1.4621944427490234, 13620
1.4621944427490234, 13619
1.4621944427490234, 13618
1.4621944427490234, 13617
1.4621944427490234, 13616
1.4621944427490234, 13615
1.4621944427490234, 13614
1.4621944427490234, 13613
1.4621944427490234, 13612
1.4631943702697754, 13611
1.4631943702697754, 13610
1.4631943702697754, 13609
1.4631943702697754, 13608
1.4631943702697754, 13607
1.4631943702697754, 13606
1.4631943702697754, 13605
1.4631943702697754, 13604
1.4631943702697754, 13603
1.4631943702697754, 13602
1.4641945362091064, 13601
1.4641945362091064, 13600
1.4641945362091064, 13599
1.4641945362091064, 13598
1.4641945362091064, 13597
1.4641945362091064, 13596
1.4641945362091064, 13595
1.4641945362091064, 13594
1.4641945362091064, 13593
1.4641945362091064, 13592
1.4651944637298584, 13591
1.4651944637298584, 13590
1.4651944637298584, 13589
1.4651944637298584, 13588
1.4651944637298584, 13587
1.4651944637298584, 13586
1.4651944637298584, 13585
1.4651944637298584, 13584
1.4651944637298584, 13583
1.4651944637298584, 13582
1.4651944637298584, 13581
1.4661946296691895, 13580
1.4661946296691895, 13579
1.6730000972747803, 13578
1.6730000972747803, 13577
1.6730000972747803, 13576
1.6730000972747803, 13575
1.6730000972747803, 13574
1.6730000972747803, 13573
1.6730000972747803, 13572
1.6739983558654785, 13571
1.6739983558654785, 13570
1.6739983558654785, 13569
1.6739983558654785, 13568
1.6739983558654785, 13567
1.6739983558654785, 13566
1.6739983558654785, 13565
1.6739983558654785, 13564
1.6739983558654785, 13563
1.6739983558654785, 13562
1.6739983558654785, 13561
1.6739983558654785, 13560
1.6739983558654785, 13559
1.6739983558654785, 13558
1.674999475479126, 13557
1.674999475479126, 13556
1.674999475479126, 13555
1.674999475479126, 13554
1.674999475479126, 13553
1.674999475479126, 13552
1.674999475479126, 13551
1.674999475479126, 13550
1.674999475479126, 13549
1.674999475479126, 13548
1.674999475479126, 13547
1.674999475479126, 13546
1.674999475479126, 13545
1.674999475479126, 13544
1.674999475479126, 13543
1.6760005950927734, 13542
1.6760005950927734, 13541
1.6760005950927734, 13540
1.6760005950927734, 13539
1.6760005950927734, 13538
1.6760005950927734, 13537
1.6760005950927734, 13536
1.6760005950927734, 13535
1.6760005950927734, 13534
1.6760005950927734, 13533
1.6760005950927734, 13532
1.6760005950927734, 13531
1.6760005950927734, 13530
1.6760005950927734, 13529
1.6760005950927734, 13528
1.6770002841949463, 13527
1.6770002841949463, 13526
1.6770002841949463, 13525
1.6770002841949463, 13524
1.6770002841949463, 13523
1.6770002841949463, 13522
1.6770002841949463, 13521
1.6770002841949463, 13520
1.6770002841949463, 13519
1.6770002841949463, 13518
1.6770002841949463, 13517
1.6770002841949463, 13516
1.6770002841949463, 13515
1.6770002841949463, 13514
1.6770002841949463, 13513
1.6779990196228027, 13512
1.6779990196228027, 13511
1.6779990196228027, 13510
1.6779990196228027, 13509
1.6779990196228027, 13508
1.6779990196228027, 13507
1.6779990196228027, 13506
1.6779990196228027, 13505
1.6779990196228027, 13504
1.6779990196228027, 13503
1.6779990196228027, 13502
1.6779990196228027, 13501
1.6779990196228027, 13500
1.6779990196228027, 13499
1.6779990196228027, 13498
1.6790070533752441, 13497
1.6790070533752441, 13496
1.6790070533752441, 13495
1.6790070533752441, 13494
1.6790070533752441, 13493
1.6790070533752441, 13492
1.6790070533752441, 13491
1.6790070533752441, 13490
1.6790070533752441, 13489
1.6790070533752441, 13488
1.6790070533752441, 13487
1.6790070533752441, 13486
1.6790070533752441, 13485
1.6790070533752441, 13484
1.6790070533752441, 13483
1.6800005435943604, 13482
1.6800005435943604, 13481
1.6800005435943604, 13480
1.6800005435943604, 13479
1.6800005435943604, 13478
1.6800005435943604, 13477
1.6800005435943604, 13476
1.6800005435943604, 13475
1.6800005435943604, 13474
1.6800005435943604, 13473
1.6800005435943604, 13472
1.6800005435943604, 13471
1.6800005435943604, 13470
1.6800005435943604, 13469
1.6810004711151123, 13468
1.6810004711151123, 13467
1.6810004711151123, 13466
1.6810004711151123, 13465
1.6810004711151123, 13464
1.6810004711151123, 13463
1.6810004711151123, 13462
1.6810004711151123, 13461
1.6810004711151123, 13460
1.6810004711151123, 13459
1.6810004711151123, 13458
1.6810004711151123, 13457
1.6810004711151123, 13456
1.6810004711151123, 13455
1.6810004711151123, 13454
1.6820001602172852, 13453
1.6820001602172852, 13452
1.6820001602172852, 13451
1.6820001602172852, 13450
1.6820001602172852, 13449
1.6820001602172852, 13448
1.6820001602172852, 13447
1.6820001602172852, 13446
1.6820001602172852, 13445
1.6820001602172852, 13444
1.6820001602172852, 13443
1.6820001602172852, 13442
1.6820001602172852, 13441
1.6820001602172852, 13440
1.6820001602172852, 13439
1.683000087738037, 13438
1.683000087738037, 13437
1.683000087738037, 13436
1.683000087738037, 13435
1.683000087738037, 13434
1.683000087738037, 13433
1.683000087738037, 13432
1.683000087738037, 13431
1.683000087738037, 13430
1.683000087738037, 13429
1.683000087738037, 13428
1.683000087738037, 13427
1.683000087738037, 13426
1.683000087738037, 13425
1.683000087738037, 13424
1.6839993000030518, 13423
1.6839993000030518, 13422
1.6839993000030518, 13421
1.6839993000030518, 13420
1.6839993000030518, 13419
1.6839993000030518, 13418
1.6839993000030518, 13417
1.6839993000030518, 13416
1.6839993000030518, 13415
1.6839993000030518, 13414
1.6839993000030518, 13413
1.6839993000030518, 13412
1.6839993000030518, 13411
1.6839993000030518, 13410
1.6849994659423828, 13409
1.6849994659423828, 13408
1.6849994659423828, 13407
1.6849994659423828, 13406
1.6849994659423828, 13405
1.6849994659423828, 13404
1.6849994659423828, 13403
1.6849994659423828, 13402
1.6849994659423828, 13401
1.6849994659423828, 13400
1.6849994659423828, 13399
1.6849994659423828, 13398
1.6849994659423828, 13397
1.6849994659423828, 13396
1.6849994659423828, 13395
1.6859989166259766, 13394
1.6859989166259766, 13393
1.6859989166259766, 13392
1.6859989166259766, 13391
1.6859989166259766, 13390
1.6859989166259766, 13389
1.6859989166259766, 13388
1.6859989166259766, 13387
1.6859989166259766, 13386
1.6859989166259766, 13385
1.6859989166259766, 13384
1.6859989166259766, 13383
1.6859989166259766, 13382
1.6859989166259766, 13381
1.6869983673095703, 13380
1.6869983673095703, 13379
1.6869983673095703, 13378
1.6869983673095703, 13377
1.6869983673095703, 13376
1.6869983673095703, 13375
1.6869983673095703, 13374
1.6869983673095703, 13373
1.6869983673095703, 13372
1.6869983673095703, 13371
1.6869983673095703, 13370
1.6879997253417969, 13369
1.6879997253417969, 13368
1.6879997253417969, 13367
1.6879997253417969, 13366
1.6879997253417969, 13365
1.6879997253417969, 13364
1.6879997253417969, 13363
1.6879997253417969, 13362
1.6879997253417969, 13361
1.6879997253417969, 13360
1.6879997253417969, 13359
1.6879997253417969, 13358
1.6879997253417969, 13357
1.6879997253417969, 13356
1.6889996528625488, 13355
1.6889996528625488, 13354
1.6889996528625488, 13353
1.6889996528625488, 13352
1.6889996528625488, 13351
1.6889996528625488, 13350
1.6889996528625488, 13349
1.6889996528625488, 13348
1.6889996528625488, 13347
1.6889996528625488, 13346
1.6889996528625488, 13345
1.6889996528625488, 13344
1.6889996528625488, 13343
1.6889996528625488, 13342
1.6889996528625488, 13341
1.690000057220459, 13340
1.690000057220459, 13339
1.690000057220459, 13338
1.690000057220459, 13337
1.690000057220459, 13336
1.690000057220459, 13335
1.690000057220459, 13334
1.690000057220459, 13333
1.690000057220459, 13332
1.690000057220459, 13331
1.690000057220459, 13330
1.690000057220459, 13329
1.690000057220459, 13328
1.690000057220459, 13327
1.690000057220459, 13326
1.6909995079040527, 13325
1.6909995079040527, 13324
1.6909995079040527, 13323
1.6909995079040527, 13322
1.6909995079040527, 13321
1.6909995079040527, 13320
1.6909995079040527, 13319
1.6909995079040527, 13318
1.6909995079040527, 13317
1.6909995079040527, 13316
1.6909995079040527, 13315
1.6909995079040527, 13314
1.6909995079040527, 13313
1.6909995079040527, 13312
1.6919996738433838, 13311
1.6919996738433838, 13310
1.6919996738433838, 13309
1.6919996738433838, 13308
1.6919996738433838, 13307
1.6919996738433838, 13306
1.6919996738433838, 13305
1.6919996738433838, 13304
1.6919996738433838, 13303
1.6919996738433838, 13302
1.6919996738433838, 13301
1.6919996738433838, 13300
1.6919996738433838, 13299
1.6919996738433838, 13298
1.6919996738433838, 13297
1.6929996013641357, 13296
1.6929996013641357, 13295
