0.11821341514587402, 10948
0.11821341514587402, 10947
0.11821341514587402, 10946
0.11821341514587402, 10945
0.11821341514587402, 10944
0.11821341514587402, 10943
0.11821341514587402, 10942
0.11821341514587402, 10941
0.11921358108520508, 10940
0.11921358108520508, 10939
0.11921358108520508, 10938
0.11921358108520508, 10937
0.11921358108520508, 10936
0.11921358108520508, 10935
0.11921358108520508, 10934
0.11921358108520508, 10933
0.11921358108520508, 10932
0.11921358108520508, 10931
0.11921358108520508, 10930
0.11921358108520508, 10929
0.11921358108520508, 10928
0.11921358108520508, 10927
0.11921358108520508, 10926
0.11921358108520508, 10925
0.11921358108520508, 10924
0.12021303176879883, 10923
0.12021303176879883, 10922
0.12021303176879883, 10921
0.12021303176879883, 10920
0.12021303176879883, 10919
0.12021303176879883, 10918
0.12021303176879883, 10917
0.12021303176879883, 10916
0.12021303176879883, 10915
0.12021303176879883, 10914
0.12021303176879883, 10913
0.12021303176879883, 10912
0.12021303176879883, 10911
0.12021303176879883, 10910
0.12021303176879883, 10909
0.12021303176879883, 10908
0.12021303176879883, 10907
0.12121295928955078, 10906
0.12121295928955078, 10905
0.12121295928955078, 10904
0.12121295928955078, 10903
0.12121295928955078, 10902
0.12121295928955078, 10901
0.12121295928955078, 10900
0.12121295928955078, 10899
0.12121295928955078, 10898
0.12121295928955078, 10897
0.12121295928955078, 10896
0.12121295928955078, 10895
0.12121295928955078, 10894
0.12121295928955078, 10893
0.12121295928955078, 10892
0.12121295928955078, 10891
0.12121295928955078, 10890
0.12221813201904297, 10889
0.12221813201904297, 10888
0.12221813201904297, 10887
0.12238669395446777, 10886
0.12238669395446777, 10885
0.12238669395446777, 10884
0.12238669395446777, 10883
0.12238669395446777, 10882
0.12238669395446777, 10881
0.12238669395446777, 10880
0.12238669395446777, 10879
0.12238669395446777, 10878
0.12238669395446777, 10877
0.12238669395446777, 10876
0.12238669395446777, 10875
0.12238669395446777, 10874
0.12321615219116211, 10873
0.12321615219116211, 10872
0.12321615219116211, 10871
0.12321615219116211, 10870
0.12321615219116211, 10869
0.12321615219116211, 10868
0.12321615219116211, 10867
0.12321615219116211, 10866
0.12321615219116211, 10865
0.12321615219116211, 10864
0.12321615219116211, 10863
0.12321615219116211, 10862
0.12321615219116211, 10861
0.12321615219116211, 10860
0.12321615219116211, 10859
0.12321615219116211, 10858
0.12421512603759766, 10857
0.12421512603759766, 10856
0.12421512603759766, 10855
0.12421512603759766, 10854
0.12421512603759766, 10853
0.12421512603759766, 10852
0.12421512603759766, 10851
0.12421512603759766, 10850
0.12421512603759766, 10849
0.12421512603759766, 10848
0.12421512603759766, 10847
0.12421512603759766, 10846
0.12421512603759766, 10845
0.12421512603759766, 10844
0.12421512603759766, 10843
0.12421512603759766, 10842
0.12521624565124512, 10841
0.12521624565124512, 10840
0.12521624565124512, 10839
0.12521624565124512, 10838
0.12521624565124512, 10837
0.12521624565124512, 10836
0.12521624565124512, 10835
0.12521624565124512, 10834
0.12521624565124512, 10833
0.2481822967529297, 10832
0.2481822967529297, 10831
0.2481822967529297, 10830
0.2481822967529297, 10829
0.2481822967529297, 10828
0.2481822967529297, 10827
0.2481822967529297, 10826
0.2481822967529297, 10825
0.2481822967529297, 10824
0.2481822967529297, 10823
0.2481822967529297, 10822
0.2481822967529297, 10821
0.2481822967529297, 10820
0.2481822967529297, 10819
0.24918150901794434, 10818
0.3689393997192383, 10817
0.3689393997192383, 10816
0.3689393997192383, 10815
0.3689393997192383, 10814
0.3689393997192383, 10813
0.3689393997192383, 10812
0.3689393997192383, 10811
0.36993908882141113, 10810
0.36993908882141113, 10809
0.36993908882141113, 10808
0.36993908882141113, 10807
0.36993908882141113, 10806
0.36993908882141113, 10805
0.36993908882141113, 10804
0.36993908882141113, 10803
0.36993908882141113, 10802
0.36993908882141113, 10801
0.36993908882141113, 10800
0.36993908882141113, 10799
0.36993908882141113, 10798
0.36993908882141113, 10797
0.36993908882141113, 10796
0.36993908882141113, 10795
0.36993908882141113, 10794
0.36993908882141113, 10793
0.3709390163421631, 10792
0.3709390163421631, 10791
0.3709390163421631, 10790
0.3709390163421631, 10789
0.3709390163421631, 10788
0.3709390163421631, 10787
0.3709390163421631, 10786
0.3709390163421631, 10785
0.3709390163421631, 10784
0.3709390163421631, 10783
0.3709390163421631, 10782
0.3709390163421631, 10781
0.3709390163421631, 10780
0.3709390163421631, 10779
0.3709390163421631, 10778
0.3709390163421631, 10777
0.3709390163421631, 10776
0.37193942070007324, 10775
0.37193942070007324, 10774
0.37193942070007324, 10773
0.37193942070007324, 10772
0.37193942070007324, 10771
0.37193942070007324, 10770
0.37193942070007324, 10769
0.37193942070007324, 10768
0.37193942070007324, 10767
0.37193942070007324, 10766
0.37193942070007324, 10765
0.37193942070007324, 10764
0.37193942070007324, 10763
0.37193942070007324, 10762
0.37193942070007324, 10761
0.37193942070007324, 10760
0.37193942070007324, 10759
0.3729393482208252, 10758
0.3729393482208252, 10757
0.3729393482208252, 10756
0.3729393482208252, 10755
0.3729393482208252, 10754
0.3729393482208252, 10753
0.3729393482208252, 10752
0.3729393482208252, 10751
0.3729393482208252, 10750
0.3729393482208252, 10749
0.3729393482208252, 10748
0.3729393482208252, 10747
0.3729393482208252, 10746
0.3729393482208252, 10745
0.3729393482208252, 10744
0.3729393482208252, 10743
0.3729393482208252, 10742
0.37393951416015625, 10741
0.37393951416015625, 10740
0.37393951416015625, 10739
0.37393951416015625, 10738
0.37393951416015625, 10737
0.37393951416015625, 10736
0.37393951416015625, 10735
0.37393951416015625, 10734
0.37393951416015625, 10733
0.37393951416015625, 10732
0.37393951416015625, 10731
0.37393951416015625, 10730
0.37393951416015625, 10729
0.37393951416015625, 10728
0.37393951416015625, 10727
0.37393951416015625, 10726
0.3749396800994873, 10725
0.3749396800994873, 10724
0.3749396800994873, 10723
0.3749396800994873, 10722
0.3749396800994873, 10721
0.3749396800994873, 10720
0.3749396800994873, 10719
0.3749396800994873, 10718
0.3749396800994873, 10717
0.3749396800994873, 10716
0.3749396800994873, 10715
0.3749396800994873, 10714
0.3749396800994873, 10713
0.3749396800994873, 10712
0.3749396800994873, 10711
0.3749396800994873, 10710
0.3749396800994873, 10709
0.37593936920166016, 10708
0.37593936920166016, 10707
0.37593936920166016, 10706
0.37593936920166016, 10705
0.37593936920166016, 10704
0.37593936920166016, 10703
0.37593936920166016, 10702
0.37593936920166016, 10701
0.37593936920166016, 10700
0.37593936920166016, 10699
0.37593936920166016, 10698
0.37593936920166016, 10697
0.37593936920166016, 10696
0.37593936920166016, 10695
0.37593936920166016, 10694
0.37593936920166016, 10693
0.37593936920166016, 10692
0.3769395351409912, 10691
0.3770589828491211, 10690
0.3770589828491211, 10689
0.3770589828491211, 10688
0.3770589828491211, 10687
0.3770589828491211, 10686
0.3770589828491211, 10685
0.3770589828491211, 10684
0.3770589828491211, 10683
0.3770589828491211, 10682
0.3770589828491211, 10681
0.3770589828491211, 10680
0.3770589828491211, 10679
0.3770589828491211, 10678
0.3770589828491211, 10677
0.3770589828491211, 10676
0.37793946266174316, 10675
0.37793946266174316, 10674
0.37793946266174316, 10673
0.37793946266174316, 10672
0.37793946266174316, 10671
0.37793946266174316, 10670
0.37793946266174316, 10669
0.37793946266174316, 10668
0.37793946266174316, 10667
0.37793946266174316, 10666
0.37793946266174316, 10665
0.37793946266174316, 10664
0.37793946266174316, 10663
0.37793946266174316, 10662
0.37793946266174316, 10661
0.37793946266174316, 10660
0.37894248962402344, 10659
0.37894248962402344, 10658
0.37894248962402344, 10657
0.37894248962402344, 10656
0.37894248962402344, 10655
0.37894248962402344, 10654
0.37894248962402344, 10653
0.37894248962402344, 10652
0.37894248962402344, 10651
1.1962015628814697, 10650
1.1962015628814697, 10649
1.1962015628814697, 10648
1.1962015628814697, 10647
1.1962015628814697, 10646
1.1962015628814697, 10645
1.1962015628814697, 10644
1.1962015628814697, 10643
1.1962015628814697, 10642
1.1962015628814697, 10641
1.1962015628814697, 10640
1.1962015628814697, 10639
1.1962015628814697, 10638
1.1962015628814697, 10637
1.1962015628814697, 10636
1.1972293853759766, 10635
1.1972293853759766, 10634
1.1972293853759766, 10633
1.1972293853759766, 10632
1.1972293853759766, 10631
1.1972293853759766, 10630
1.1972293853759766, 10629
1.1972293853759766, 10628
1.1972293853759766, 10627
1.1972293853759766, 10626
1.1972293853759766, 10625
1.1972293853759766, 10624
1.1972293853759766, 10623
1.1972293853759766, 10622
1.1972293853759766, 10621
1.1982264518737793, 10620
1.1982264518737793, 10619
1.1982264518737793, 10618
1.1982264518737793, 10617
1.1982264518737793, 10616
1.1982264518737793, 10615
1.1982264518737793, 10614
1.1982264518737793, 10613
1.1982264518737793, 10612
1.1982264518737793, 10611
1.1982264518737793, 10610
1.1982264518737793, 10609
1.1982264518737793, 10608
1.1982264518737793, 10607
1.1982264518737793, 10606
1.1982264518737793, 10605
1.1992254257202148, 10604
1.1992254257202148, 10603
1.1992254257202148, 10602
1.1992254257202148, 10601
1.1992254257202148, 10600
1.1992254257202148, 10599
1.1992254257202148, 10598
1.1992254257202148, 10597
1.1992254257202148, 10596
1.1992254257202148, 10595
1.1992254257202148, 10594
1.1992254257202148, 10593
1.1992254257202148, 10592
1.1992254257202148, 10591
1.1992254257202148, 10590
1.1992254257202148, 10589
1.2002251148223877, 10588
1.2002251148223877, 10587
1.2002251148223877, 10586
1.2002251148223877, 10585
1.2002251148223877, 10584
1.2002251148223877, 10583
1.2002251148223877, 10582
1.2002251148223877, 10581
1.2002251148223877, 10580
1.2002251148223877, 10579
1.2002251148223877, 10578
1.2002251148223877, 10577
1.2002251148223877, 10576
1.2002251148223877, 10575
1.2002251148223877, 10574
1.2012250423431396, 10573
1.2012250423431396, 10572
1.2012250423431396, 10571
1.2012250423431396, 10570
1.2012250423431396, 10569
1.2012250423431396, 10568
1.2012250423431396, 10567
1.2012250423431396, 10566
1.2012250423431396, 10565
1.2012250423431396, 10564
1.2012250423431396, 10563
1.2012250423431396, 10562
1.8900136947631836, 10561
1.8900136947631836, 10560
1.8900136947631836, 10559
1.8900136947631836, 10558
1.8900136947631836, 10557
1.8900136947631836, 10556
1.8900136947631836, 10555
1.8900136947631836, 10554
1.8900136947631836, 10553
1.8900136947631836, 10552
1.8900136947631836, 10551
1.8910138607025146, 10550
1.8910138607025146, 10549
1.8910138607025146, 10548
1.8910138607025146, 10547
1.8910138607025146, 10546
1.8910138607025146, 10545
1.8910138607025146, 10544
1.8910138607025146, 10543
1.8910138607025146, 10542
1.8910138607025146, 10541
1.8910138607025146, 10540
1.8910138607025146, 10539
1.8910138607025146, 10538
1.8910138607025146, 10537
1.8910138607025146, 10536
1.8910138607025146, 10535
1.8920135498046875, 10534
1.8920135498046875, 10533
1.8920135498046875, 10532
1.8920135498046875, 10531
1.8920135498046875, 10530
1.8920135498046875, 10529
1.8920135498046875, 10528
1.8920135498046875, 10527
1.8920135498046875, 10526
1.8920135498046875, 10525
1.8920135498046875, 10524
1.8920135498046875, 10523
1.8920135498046875, 10522
1.8920135498046875, 10521
1.8920135498046875, 10520
1.8920135498046875, 10519
1.8930137157440186, 10518
1.8930137157440186, 10517
1.8930137157440186, 10516
1.8930137157440186, 10515
1.8930137157440186, 10514
1.8930137157440186, 10513
1.8930137157440186, 10512
1.8930137157440186, 10511
1.8930137157440186, 10510
1.8930137157440186, 10509
1.8930137157440186, 10508
1.8930137157440186, 10507
1.8930137157440186, 10506
1.8930137157440186, 10505
1.8930137157440186, 10504
1.8939428329467773, 10503
1.8940136432647705, 10502
1.8940136432647705, 10501
1.8940136432647705, 10500
1.8940136432647705, 10499
1.8940136432647705, 10498
1.8940136432647705, 10497
1.8940136432647705, 10496
1.8940136432647705, 10495
1.8940136432647705, 10494
1.8940136432647705, 10493
1.8940136432647705, 10492
1.8940136432647705, 10491
1.8940136432647705, 10490
1.8940136432647705, 10489
1.8940136432647705, 10488
4.581160068511963, 10487
4.581160068511963, 10486
4.581160068511963, 10485
4.581160068511963, 10484
4.581160068511963, 10483
4.581160068511963, 10482
4.582160472869873, 10481
4.582160472869873, 10480
4.582160472869873, 10479
4.582160472869873, 10478
4.582160472869873, 10477
4.582160472869873, 10476
4.582160472869873, 10475
4.582160472869873, 10474
4.582160472869873, 10473
4.582160472869873, 10472
4.582160472869873, 10471
4.582160472869873, 10470
4.582160472869873, 10469
4.582160472869873, 10468
4.582160472869873, 10467
4.582160472869873, 10466
4.583159685134888, 10465
4.583159685134888, 10464
4.583159685134888, 10463
4.583159685134888, 10462
4.583159685134888, 10461
4.583159685134888, 10460
4.583159685134888, 10459
4.583159685134888, 10458
4.583159685134888, 10457
4.583159685134888, 10456
4.583159685134888, 10455
4.583159685134888, 10454
4.583159685134888, 10453
4.583159685134888, 10452
4.583159685134888, 10451
4.583159685134888, 10450
4.58415961265564, 10449
4.58415961265564, 10448
4.58415961265564, 10447
4.58415961265564, 10446
4.58415961265564, 10445
4.58415961265564, 10444
4.58415961265564, 10443
4.58415961265564, 10442
4.58415961265564, 10441
4.58415961265564, 10440
4.58415961265564, 10439
4.58415961265564, 10438
4.58415961265564, 10437
4.58415961265564, 10436
4.58415961265564, 10435
4.585160493850708, 10434
4.585160493850708, 10433
4.585160493850708, 10432
4.585160493850708, 10431
4.585160493850708, 10430
4.585160493850708, 10429
4.585160493850708, 10428
4.585160493850708, 10427
4.585160493850708, 10426
4.585160493850708, 10425
4.585160493850708, 10424
4.585160493850708, 10423
4.585160493850708, 10422
4.585160493850708, 10421
4.585160493850708, 10420
