0.19498801231384277, 13999
0.19498801231384277, 13998
0.19498801231384277, 13997
0.19498801231384277, 13996
0.19498801231384277, 13995
0.19498801231384277, 13994
0.19498801231384277, 13993
0.19498801231384277, 13992
0.19498801231384277, 13991
0.19498801231384277, 13990
0.19598793983459473, 13989
0.19598793983459473, 13988
0.19598793983459473, 13987
0.19598793983459473, 13986
0.19598793983459473, 13985
0.19598793983459473, 13984
0.19598793983459473, 13983
0.19598793983459473, 13982
0.19598793983459473, 13981
0.19598793983459473, 13980
0.19598793983459473, 13979
0.19598793983459473, 13978
0.19598793983459473, 13977
0.19598793983459473, 13976
0.19698858261108398, 13975
0.19698858261108398, 13974
0.19698858261108398, 13973
0.19698858261108398, 13972
0.19698858261108398, 13971
0.19698858261108398, 13970
0.19698858261108398, 13969
0.19698858261108398, 13968
0.19698858261108398, 13967
0.19698858261108398, 13966
0.19698858261108398, 13965
0.19698858261108398, 13964
0.19698858261108398, 13963
0.19698858261108398, 13962
0.19698858261108398, 13961
0.19798851013183594, 13960
0.19798851013183594, 13959
0.19798851013183594, 13958
0.19798851013183594, 13957
0.19798851013183594, 13956
0.19798851013183594, 13955
0.19798851013183594, 13954
0.19798851013183594, 13953
0.19798851013183594, 13952
0.19798851013183594, 13951
0.19798851013183594, 13950
0.19798851013183594, 13949
0.19798851013183594, 13948
0.19798851013183594, 13947
0.19798851013183594, 13946
0.1989905834197998, 13945
0.1989905834197998, 13944
0.1989905834197998, 13943
0.1989905834197998, 13942
0.1989905834197998, 13941
0.1989905834197998, 13940
0.1989905834197998, 13939
0.1989905834197998, 13938
0.1989905834197998, 13937
0.1989905834197998, 13936
0.1989905834197998, 13935
0.1989905834197998, 13934
0.1989905834197998, 13933
0.1989905834197998, 13932
0.1989905834197998, 13931
0.1989905834197998, 13930
0.19999003410339355, 13929
0.19999003410339355, 13928
0.19999003410339355, 13927
0.19999003410339355, 13926
0.19999003410339355, 13925
0.19999003410339355, 13924
0.19999003410339355, 13923
0.19999003410339355, 13922
0.19999003410339355, 13921
0.19999003410339355, 13920
0.19999003410339355, 13919
0.19999003410339355, 13918
0.19999003410339355, 13917
0.19999003410339355, 13916
0.19999003410339355, 13915
0.20099234580993652, 13914
0.20099234580993652, 13913
0.20099234580993652, 13912
0.20099234580993652, 13911
0.20099234580993652, 13910
0.20099234580993652, 13909
0.20099234580993652, 13908
0.20099234580993652, 13907
0.20099234580993652, 13906
0.20099234580993652, 13905
0.20099234580993652, 13904
0.20099234580993652, 13903
0.20099234580993652, 13902
0.20099234580993652, 13901
0.20099234580993652, 13900
0.20198822021484375, 13899
0.20198822021484375, 13898
0.20198822021484375, 13897
0.20198822021484375, 13896
0.20198822021484375, 13895
0.20198822021484375, 13894
0.20198822021484375, 13893
0.20198822021484375, 13892
0.20198822021484375, 13891
0.20198822021484375, 13890
0.20198822021484375, 13889
0.20198822021484375, 13888
0.20198822021484375, 13887
0.20198822021484375, 13886
0.20198822021484375, 13885
0.2029876708984375, 13884
0.2029876708984375, 13883
0.2029876708984375, 13882
0.2029876708984375, 13881
0.2029876708984375, 13880
0.20333576202392578, 13879
0.20333576202392578, 13878
0.20333576202392578, 13877
0.20333576202392578, 13876
0.20333576202392578, 13875
0.20333576202392578, 13874
0.20333576202392578, 13873
0.20333576202392578, 13872
0.20333576202392578, 13871
0.20333576202392578, 13870
0.20398855209350586, 13869
0.20398855209350586, 13868
0.20398855209350586, 13867
0.20398855209350586, 13866
0.20398855209350586, 13865
0.20398855209350586, 13864
0.20398855209350586, 13863
0.20398855209350586, 13862
0.20398855209350586, 13861
0.20398855209350586, 13860
0.20398855209350586, 13859
0.20398855209350586, 13858
0.20398855209350586, 13857
0.20398855209350586, 13856
0.20398855209350586, 13855
0.20398855209350586, 13854
0.2049877643585205, 13853
0.2049877643585205, 13852
0.2049877643585205, 13851
0.22501707077026367, 10438
0.22602057456970215, 10437
0.22602057456970215, 10436
0.22602057456970215, 10435
0.22602057456970215, 10434
0.22602057456970215, 10433
0.22602057456970215, 10432
0.22602057456970215, 10431
0.22602057456970215, 10430
0.22602057456970215, 10429
0.22602057456970215, 10428
0.22602057456970215, 10427
0.227020263671875, 10426
0.227020263671875, 10425
0.227020263671875, 10424
0.227020263671875, 10423
0.227020263671875, 10422
0.227020263671875, 10421
0.227020263671875, 10420
0.227020263671875, 10419
0.227020263671875, 10418
0.227020263671875, 10417
0.227020263671875, 10416
0.227020263671875, 10415
0.22801971435546875, 10414
0.22801971435546875, 10413
0.22801971435546875, 10412
0.22801971435546875, 10411
0.22801971435546875, 10410
0.22801971435546875, 10409
0.22801971435546875, 10408
0.22801971435546875, 10407
0.22801971435546875, 10406
0.22801971435546875, 10405
0.22801971435546875, 10404
0.22801971435546875, 10403
0.2290191650390625, 10402
0.2290191650390625, 10401
0.2290191650390625, 10400
0.2290191650390625, 10399
0.2290191650390625, 10398
0.2290191650390625, 10397
0.2290191650390625, 10396
0.2290191650390625, 10395
0.2290191650390625, 10394
0.2290191650390625, 10393
0.2290191650390625, 10392
0.2290191650390625, 10391
0.2290191650390625, 10390
0.2290191650390625, 10389
0.23001885414123535, 10388
0.23001885414123535, 10387
0.23001885414123535, 10386
0.23001885414123535, 10385
0.23001885414123535, 10384
0.23001885414123535, 10383
0.23001885414123535, 10382
0.23001885414123535, 10381
0.23001885414123535, 10380
0.23001885414123535, 10379
0.23001885414123535, 10378
0.23001885414123535, 10377
0.23001885414123535, 10376
0.23001885414123535, 10375
0.2310166358947754, 10374
0.2310166358947754, 10373
0.2310166358947754, 10372
0.2310166358947754, 10371
0.2310166358947754, 10370
0.2310166358947754, 10369
0.2310166358947754, 10368
0.2310166358947754, 10367
0.2310166358947754, 10366
0.2310166358947754, 10365
0.2310166358947754, 10364
0.2310166358947754, 10363
0.2310166358947754, 10362
0.23201799392700195, 10361
0.23201799392700195, 10360
0.23212003707885742, 10359
0.23212003707885742, 10358
0.23212003707885742, 10357
0.23212003707885742, 10356
0.23212003707885742, 10355
0.23212003707885742, 10354
0.23212003707885742, 10353
0.23212003707885742, 10352
0.23212003707885742, 10351
0.23212003707885742, 10350
0.23212003707885742, 10349
0.23212003707885742, 10348
0.23212003707885742, 10347
0.2330188751220703, 10346
0.2330188751220703, 10345
0.2330188751220703, 10344
0.2330188751220703, 10343
0.2330188751220703, 10342
0.2330188751220703, 10341
0.2330188751220703, 10340
0.2330188751220703, 10339
0.2330188751220703, 10338
0.2330188751220703, 10337
0.2330188751220703, 10336
0.2330188751220703, 10335
0.2330188751220703, 10334
0.2330188751220703, 10333
0.2330188751220703, 10332
0.23401713371276855, 10331
0.23401713371276855, 10330
0.23401713371276855, 10329
0.23401713371276855, 10328
0.23401713371276855, 10327
0.23401713371276855, 10326
0.23401713371276855, 10325
0.23401713371276855, 10324
0.23401713371276855, 10323
0.23401713371276855, 10322
0.23401713371276855, 10321
0.23401713371276855, 10320
0.2350175380706787, 10319
0.2350175380706787, 10318
0.2350175380706787, 10317
0.2350175380706787, 10316
0.2350175380706787, 10315
0.2350175380706787, 10314
0.2350175380706787, 10313
0.2350175380706787, 10312
0.23557257652282715, 10311
0.23557257652282715, 10310
0.23557257652282715, 10309
0.23557257652282715, 10308
0.23557257652282715, 10307
0.23557257652282715, 10306
0.23601865768432617, 10305
0.23601865768432617, 10304
0.23601865768432617, 10303
0.23601865768432617, 10302
0.23601865768432617, 10301
0.23601865768432617, 10300
0.23601865768432617, 10299
0.23601865768432617, 10298
0.23601865768432617, 10297
0.23601865768432617, 10296
0.23601865768432617, 10295
0.23601865768432617, 10294
0.23601865768432617, 10293
0.23701763153076172, 10292
0.23701763153076172, 10291
0.23701763153076172, 10290
0.23701763153076172, 10289
0.23701763153076172, 10288
0.23701763153076172, 10287
0.23701763153076172, 10286
0.23701763153076172, 10285
0.23701763153076172, 10284
0.23701763153076172, 10283
0.23701763153076172, 10282
0.23701763153076172, 10281
0.23701763153076172, 10280
0.23701763153076172, 10279
0.23701763153076172, 10278
0.23801684379577637, 10277
0.23801684379577637, 10276
0.23801684379577637, 10275
0.23801684379577637, 10274
0.23801684379577637, 10273
0.23801684379577637, 10272
0.23801684379577637, 10271
0.23801684379577637, 10270
0.23871397972106934, 10269
0.23871397972106934, 10268
0.23901772499084473, 10267
0.23901772499084473, 10266
0.23901772499084473, 10265
0.23901772499084473, 10264
0.23901772499084473, 10263
0.23901772499084473, 10262
0.23901772499084473, 10261
0.23901772499084473, 10260
0.23901772499084473, 10259
0.23901772499084473, 10258
0.23901772499084473, 10257
0.23901772499084473, 10256
0.23901772499084473, 10255
0.24001789093017578, 10254
0.24001789093017578, 10253
0.24001789093017578, 10252
0.24001789093017578, 10251
0.24001789093017578, 10250
0.24001789093017578, 10249
0.24001789093017578, 10248
0.24001789093017578, 10247
0.24001789093017578, 10246
0.24001789093017578, 10245
0.24001789093017578, 10244
0.24001789093017578, 10243
0.24001789093017578, 10242
0.24001789093017578, 10241
0.24001789093017578, 10240
0.24101758003234863, 10239
0.2410902976989746, 10238
0.2410902976989746, 10237
0.2410902976989746, 10236
0.2410902976989746, 10235
0.2410902976989746, 10234
0.2410902976989746, 10233
0.2410902976989746, 10232
0.2410902976989746, 10231
0.2410902976989746, 10230
0.2410902976989746, 10229
0.2410902976989746, 10228
0.2410902976989746, 10227
0.2410902976989746, 10226
0.24210596084594727, 10225
0.24210596084594727, 10224
0.24210596084594727, 10223
0.24210596084594727, 10222
0.24210596084594727, 10221
0.24210596084594727, 10220
0.24210596084594727, 10219
0.24210596084594727, 10218
0.24210596084594727, 10217
0.24210596084594727, 10216
0.24210596084594727, 10215
0.24210596084594727, 10214
0.24210596084594727, 10213
0.24210596084594727, 10212
0.2431049346923828, 10211
0.2431049346923828, 10210
0.2431049346923828, 10209
0.2431049346923828, 10208
0.2431049346923828, 10207
0.2431049346923828, 10206
0.2431049346923828, 10205
0.2431049346923828, 10204
0.2431049346923828, 10203
0.2431049346923828, 10202
0.2431049346923828, 10201
0.2431049346923828, 10200
0.2431049346923828, 10199
0.2441091537475586, 10198
0.2441091537475586, 10197
0.2441091537475586, 10196
0.2441091537475586, 10195
0.2441091537475586, 10194
0.2441091537475586, 10193
0.2441091537475586, 10192
0.2441091537475586, 10191
0.2441091537475586, 10190
0.2441091537475586, 10189
0.2441091537475586, 10188
0.2441091537475586, 10187
0.2441091537475586, 10186
0.2451014518737793, 10185
0.2451014518737793, 10184
0.2451014518737793, 10183
0.2451014518737793, 10182
0.2451014518737793, 10181
0.2451014518737793, 10180
0.2451014518737793, 10179
0.2451014518737793, 10178
0.2451014518737793, 10177
0.2451014518737793, 10176
0.2451014518737793, 10175
0.2451014518737793, 10174
0.2451014518737793, 10173
0.2451014518737793, 10172
0.2451014518737793, 10171
0.24610018730163574, 10170
0.24610018730163574, 10169
0.24610018730163574, 10168
0.24610018730163574, 10167
0.24610018730163574, 10166
0.24610018730163574, 10165
0.24610018730163574, 10164
0.24610018730163574, 10163
0.24610018730163574, 10162
0.24610018730163574, 10161
0.24610018730163574, 10160
0.24610018730163574, 10159
0.24610018730163574, 10158
0.24610018730163574, 10157
0.2471001148223877, 10156
0.2471001148223877, 10155
0.2471001148223877, 10154
0.2471001148223877, 10153
0.2471001148223877, 10152
0.2471001148223877, 10151
0.2471001148223877, 10150
0.2471001148223877, 10149
0.2471001148223877, 10148
0.24771332740783691, 10147
0.24771332740783691, 10146
0.24771332740783691, 10145
0.24771332740783691, 10144
0.24771332740783691, 10143
0.24771332740783691, 10142
0.24809980392456055, 10141
0.24809980392456055, 10140
0.24809980392456055, 10139
0.24809980392456055, 10138
0.24809980392456055, 10137
0.24809980392456055, 10136
0.24809980392456055, 10135
0.24809980392456055, 10134
0.24809980392456055, 10133
0.24809980392456055, 10132
0.24809980392456055, 10131
0.24809980392456055, 10130
0.24809980392456055, 10129
0.24809980392456055, 10128
0.2490994930267334, 10127
0.2490994930267334, 10126
0.2490994930267334, 10125
0.2490994930267334, 10124
0.2490994930267334, 10123
0.2490994930267334, 10122
0.2490994930267334, 10121
0.2490994930267334, 10120
0.2490994930267334, 10119
0.2490994930267334, 10118
0.2490994930267334, 10117
0.2490994930267334, 10116
0.2490994930267334, 10115
0.2490994930267334, 10114
0.2490994930267334, 10113
0.25010204315185547, 10112
0.25010204315185547, 10111
0.25010204315185547, 10110
0.25010204315185547, 10109
0.25010204315185547, 10108
0.25010204315185547, 10107
0.25010204315185547, 10106
0.25010204315185547, 10105
0.25010204315185547, 10104
0.25010204315185547, 10103
0.25010204315185547, 10102
0.25010204315185547, 10101
0.25010204315185547, 10100
0.25010204315185547, 10099
0.25010204315185547, 10098
0.2511003017425537, 10097
0.2511003017425537, 10096
0.2511003017425537, 10095
0.2511003017425537, 10094
0.2511003017425537, 10093
0.2511003017425537, 10092
0.2511003017425537, 10091
0.2511003017425537, 10090
0.2511003017425537, 10089
0.2511003017425537, 10088
0.2511003017425537, 10087
0.2511003017425537, 10086
0.2511003017425537, 10085
0.2511003017425537, 10084
0.2511003017425537, 10083
0.25212645530700684, 10082
0.25223517417907715, 10081
0.25223517417907715, 10080
0.25223517417907715, 10079
0.25223517417907715, 10078
0.25223517417907715, 10077
0.25223517417907715, 10076
0.25223517417907715, 10075
0.25223517417907715, 10074
0.25223517417907715, 10073
0.25223517417907715, 10072
0.25223517417907715, 10071
0.25223517417907715, 10070
0.25223517417907715, 10069
0.25223517417907715, 10068
0.2531261444091797, 10067
0.2531261444091797, 10066
0.2531261444091797, 10065
0.2531261444091797, 10064
0.2531261444091797, 10063
0.2531261444091797, 10062
0.2531261444091797, 10061
0.2531261444091797, 10060
0.2531261444091797, 10059
0.2531261444091797, 10058
0.2531261444091797, 10057
0.2531261444091797, 10056
0.2531261444091797, 10055
0.2531261444091797, 10054
0.25412416458129883, 10053
0.25412416458129883, 10052
0.25412416458129883, 10051
0.25412416458129883, 10050
0.25412416458129883, 10049
0.25412416458129883, 10048
0.25412416458129883, 10047
0.25412416458129883, 10046
0.25412416458129883, 10045
0.25412416458129883, 10044
0.25412416458129883, 10043
0.25412416458129883, 10042
0.25412416458129883, 10041
0.25412416458129883, 10040
0.25412416458129883, 10039
0.2551276683807373, 10038
0.2551276683807373, 10037
0.2551276683807373, 10036
0.2551276683807373, 10035
0.2551276683807373, 10034
0.2551276683807373, 10033
0.2551276683807373, 10032
0.2551276683807373, 10031
0.2551276683807373, 10030
0.2551276683807373, 10029
0.25584959983825684, 10028
0.25584959983825684, 10027
0.25612616539001465, 10026
0.25612616539001465, 10025
0.25612616539001465, 10024
0.25612616539001465, 10023
0.25612616539001465, 10022
0.25612616539001465, 10021
0.25612616539001465, 10020
0.25612616539001465, 10019
0.25612616539001465, 10018
0.25612616539001465, 10017
0.25612616539001465, 10016
0.25612616539001465, 10015
0.25612616539001465, 10014
0.25612616539001465, 10013
0.2571244239807129, 10012
0.2571244239807129, 10011
0.2571244239807129, 10010
0.2571244239807129, 10009
0.2571244239807129, 10008
0.2571244239807129, 10007
0.2571244239807129, 10006
0.2571244239807129, 10005
0.2571244239807129, 10004
0.2571244239807129, 10003
0.2571244239807129, 10002
0.2571244239807129, 10001
0.2571244239807129, 10000
0.25812387466430664, 9999
0.25812387466430664, 9998
0.25812387466430664, 9997
0.25812387466430664, 9996
0.25812387466430664, 9995
0.25812387466430664, 9994
0.25812387466430664, 9993
0.25812387466430664, 9992
0.25812387466430664, 9991
0.25812387466430664, 9990
0.25812387466430664, 9989
0.25812387466430664, 9988
0.25812387466430664, 9987
0.25812387466430664, 9986
0.2591235637664795, 9985
0.2591235637664795, 9984
0.2591235637664795, 9983
0.2591235637664795, 9982
0.2591235637664795, 9981
0.2591235637664795, 9980
0.2591235637664795, 9979
0.2591235637664795, 9978
0.2591235637664795, 9977
0.2591235637664795, 9976
0.2591235637664795, 9975
0.2591235637664795, 9974
0.2591235637664795, 9973
0.2591235637664795, 9972
0.2591235637664795, 9971
0.26012372970581055, 9970
0.26012372970581055, 9969
0.26012372970581055, 9968
0.26012372970581055, 9967
0.26012372970581055, 9966
0.26012372970581055, 9965
0.26012372970581055, 9964
0.26012372970581055, 9963
0.26012372970581055, 9962
0.26012372970581055, 9961
0.26012372970581055, 9960
0.26012372970581055, 9959
0.26012372970581055, 9958
0.26012372970581055, 9957
0.26012372970581055, 9956
0.2611236572265625, 9955
0.2611236572265625, 9954
0.2611236572265625, 9953
0.2611236572265625, 9952
0.2611236572265625, 9951
0.2611236572265625, 9950
0.2611236572265625, 9949
0.2611236572265625, 9948
0.2611236572265625, 9947
0.2611236572265625, 9946
0.2611236572265625, 9945
0.2611236572265625, 9944
0.2611236572265625, 9943
0.2611236572265625, 9942
0.26212382316589355, 9941
0.26212382316589355, 9940
0.26212382316589355, 9939
0.26212382316589355, 9938
0.26212382316589355, 9937
0.26212382316589355, 9936
0.26212382316589355, 9935
0.26212382316589355, 9934
0.26212382316589355, 9933
0.26212382316589355, 9932
0.26212382316589355, 9931
0.26212382316589355, 9930
0.26212382316589355, 9929
0.26212382316589355, 9928
0.2631237506866455, 9927
0.2631237506866455, 9926
0.2631237506866455, 9925
0.2631237506866455, 9924
0.2631237506866455, 9923
0.2631237506866455, 9922
0.2631237506866455, 9921
0.2631237506866455, 9920
0.2631237506866455, 9919
0.2631237506866455, 9918
0.2631237506866455, 9917
0.2631237506866455, 9916
0.2631237506866455, 9915
0.2631237506866455, 9914
0.2631237506866455, 9913
0.26412391662597656, 9912
0.26412391662597656, 9911
0.26412391662597656, 9910
0.26412391662597656, 9909
0.26412391662597656, 9908
0.26412391662597656, 9907
0.26412391662597656, 9906
0.26412391662597656, 9905
0.26412391662597656, 9904
0.26412391662597656, 9903
0.26412391662597656, 9902
0.26412391662597656, 9901
0.26412391662597656, 9900
0.26412391662597656, 9899
0.26412391662597656, 9898
0.2651238441467285, 9897
0.2651238441467285, 9896
0.2651238441467285, 9895
0.2651238441467285, 9894
0.2651238441467285, 9893
0.2651238441467285, 9892
0.2651238441467285, 9891
0.2651238441467285, 9890
0.2651238441467285, 9889
0.2651238441467285, 9888
0.2651238441467285, 9887
0.2651238441467285, 9886
0.2651238441467285, 9885
0.2651238441467285, 9884
0.2651238441467285, 9883
0.26612377166748047, 9882
0.26612377166748047, 9881
0.26612377166748047, 9880
0.26612377166748047, 9879
0.26612377166748047, 9878
0.26612377166748047, 9877
0.26612377166748047, 9876
0.26612377166748047, 9875
0.26612377166748047, 9874
0.26612377166748047, 9873
0.26612377166748047, 9872
0.26612377166748047, 9871
0.26612377166748047, 9870
0.26612377166748047, 9869
0.2671244144439697, 9868
0.2671244144439697, 9867
0.2671244144439697, 9866
0.2671244144439697, 9865
0.2671244144439697, 9864
0.2671244144439697, 9863
0.2671244144439697, 9862
0.2671244144439697, 9861
0.2671244144439697, 9860
0.2671244144439697, 9859
0.2671244144439697, 9858
0.2671244144439697, 9857
0.2671244144439697, 9856
0.2671244144439697, 9855
0.2671244144439697, 9854
0.2681238651275635, 9853
0.2681238651275635, 9852
0.2681238651275635, 9851
0.2681238651275635, 9850
0.2681238651275635, 9849
0.2681238651275635, 9848
0.2681238651275635, 9847
0.2681238651275635, 9846
0.2681238651275635, 9845
0.2681238651275635, 9844
0.2681238651275635, 9843
0.2681238651275635, 9842
0.2681238651275635, 9841
0.2681238651275635, 9840
0.2681238651275635, 9839
0.26917505264282227, 9838
0.26917505264282227, 9837
0.26917505264282227, 9836
0.26917505264282227, 9835
0.26917505264282227, 9834
0.26917505264282227, 9833
0.26917505264282227, 9832
0.26917505264282227, 9831
0.26917505264282227, 9830
0.26917505264282227, 9829
0.26917505264282227, 9828
0.26917505264282227, 9827
0.26917505264282227, 9826
0.26917505264282227, 9825
0.2701239585876465, 9824
0.2701239585876465, 9823
0.2701239585876465, 9822
0.2701239585876465, 9821
0.2701239585876465, 9820
0.2701239585876465, 9819
