0.19806671142578125, 14031
0.19806671142578125, 14030
0.19806671142578125, 14029
0.19806671142578125, 14028
0.1990671157836914, 14027
0.1990671157836914, 14026
0.1990671157836914, 14025
0.1990671157836914, 14024
0.1990671157836914, 14023
0.1990671157836914, 14022
0.1990671157836914, 14021
0.1990671157836914, 14020
0.1990671157836914, 14019
0.1990671157836914, 14018
0.1990671157836914, 14017
0.1990671157836914, 14016
0.1990671157836914, 14015
0.1990671157836914, 14014
0.1990671157836914, 14013
0.20006680488586426, 14012
0.20006680488586426, 14011
0.20006680488586426, 14010
0.20006680488586426, 14009
0.20006680488586426, 14008
0.20006680488586426, 14007
0.20006680488586426, 14006
0.20006680488586426, 14005
0.20006680488586426, 14004
0.20006680488586426, 14003
0.20006680488586426, 14002
0.20006680488586426, 14001
0.20006680488586426, 14000
0.20006680488586426, 13999
0.20006680488586426, 13998
0.2010667324066162, 13997
0.2010667324066162, 13996
0.2010667324066162, 13995
0.2010667324066162, 13994
0.2010667324066162, 13993
0.2010667324066162, 13992
0.2010667324066162, 13991
0.2010667324066162, 13990
0.2010667324066162, 13989
0.2010667324066162, 13988
0.2010667324066162, 13987
0.2010667324066162, 13986
0.2010667324066162, 13985
0.2010667324066162, 13984
0.2010667324066162, 13983
0.2010667324066162, 13982
0.20206665992736816, 13981
0.20206665992736816, 13980
0.20206665992736816, 13979
0.20206665992736816, 13978
0.20206665992736816, 13977
0.20206665992736816, 13976
0.20206665992736816, 13975
0.20206665992736816, 13974
0.20206665992736816, 13973
0.20206665992736816, 13972
0.20206665992736816, 13971
0.20206665992736816, 13970
0.20206665992736816, 13969
0.20206665992736816, 13968
0.20206665992736816, 13967
0.20306706428527832, 13966
0.20306706428527832, 13965
0.20306706428527832, 13964
0.20306706428527832, 13963
0.20306706428527832, 13962
0.20306706428527832, 13961
0.20306706428527832, 13960
0.20306706428527832, 13959
0.20306706428527832, 13958
0.20306706428527832, 13957
0.20306706428527832, 13956
0.20306706428527832, 13955
0.20306706428527832, 13954
0.20306706428527832, 13953
0.20306706428527832, 13952
0.20406746864318848, 13951
0.20406746864318848, 13950
0.20406746864318848, 13949
0.20406746864318848, 13948
0.20406746864318848, 13947
0.20406746864318848, 13946
0.20406746864318848, 13945
0.20406746864318848, 13944
0.20406746864318848, 13943
0.20406746864318848, 13942
0.20406746864318848, 13941
0.20406746864318848, 13940
0.20406746864318848, 13939
0.20406746864318848, 13938
0.20406746864318848, 13937
0.20506668090820312, 13936
0.20506668090820312, 13935
0.20506668090820312, 13934
0.20506668090820312, 13933
0.20506668090820312, 13932
0.20506668090820312, 13931
0.20506668090820312, 13930
0.20506668090820312, 13929
0.20506668090820312, 13928
0.20506668090820312, 13927
0.20506668090820312, 13926
0.20506668090820312, 13925
0.20506668090820312, 13924
0.20506668090820312, 13923
0.20606780052185059, 13922
0.20606780052185059, 13921
0.20606780052185059, 13920
0.20606780052185059, 13919
0.20606780052185059, 13918
0.20606780052185059, 13917
0.20606780052185059, 13916
0.20606780052185059, 13915
0.20606780052185059, 13914
0.20606780052185059, 13913
0.20606780052185059, 13912
0.20606780052185059, 13911
0.20606780052185059, 13910
0.20606780052185059, 13909
0.20606780052185059, 13908
0.20706725120544434, 13907
0.20706725120544434, 13906
0.20706725120544434, 13905
0.20706725120544434, 13904
0.20706725120544434, 13903
0.20706725120544434, 13902
0.20706725120544434, 13901
0.20706725120544434, 13900
0.20706725120544434, 13899
0.20706725120544434, 13898
0.20706725120544434, 13897
0.20706725120544434, 13896
0.20706725120544434, 13895
0.20706725120544434, 13894
0.20706725120544434, 13893
0.2080674171447754, 13892
0.2080674171447754, 13891
0.2080674171447754, 13890
0.2080674171447754, 13889
0.2080674171447754, 13888
0.2080674171447754, 13887
0.2080674171447754, 13886
0.2080674171447754, 13885
0.2080674171447754, 13884
0.2080674171447754, 13883
0.2080674171447754, 13882
0.2080674171447754, 13881
0.2080674171447754, 13880
0.23414111137390137, 9864
0.23414111137390137, 9863
0.23414111137390137, 9862
0.23414111137390137, 9861
0.23414111137390137, 9860
0.23514270782470703, 9859
0.23514270782470703, 9858
0.23514270782470703, 9857
0.23514270782470703, 9856
0.23514270782470703, 9855
0.23514270782470703, 9854
0.23514270782470703, 9853
0.23514270782470703, 9852
0.23514270782470703, 9851
0.23514270782470703, 9850
0.23514270782470703, 9849
