0.19600152969360352, 14064
0.19600152969360352, 14063
0.19600152969360352, 14062
0.19600152969360352, 14061
0.19600152969360352, 14060
0.19600152969360352, 14059
0.19600152969360352, 14058
0.19600152969360352, 14057
0.19600152969360352, 14056
0.19600152969360352, 14055
0.19700241088867188, 14054
0.19700241088867188, 14053
0.19700241088867188, 14052
0.19700241088867188, 14051
0.19700241088867188, 14050
0.19700241088867188, 14049
0.19700241088867188, 14048
0.19700241088867188, 14047
0.19700241088867188, 14046
0.39502429962158203, 14045
0.39502429962158203, 14044
0.39502429962158203, 14043
0.39502429962158203, 14042
0.39502429962158203, 14041
0.39502429962158203, 14040
0.39502429962158203, 14039
0.39502429962158203, 14038
0.39502429962158203, 14037
0.39502429962158203, 14036
0.39502429962158203, 14035
0.39502429962158203, 14034
0.3960247039794922, 14033
0.3960247039794922, 14032
0.3960247039794922, 14031
0.3960247039794922, 14030
0.3960247039794922, 14029
0.3960247039794922, 14028
0.3960247039794922, 14027
0.3960247039794922, 14026
0.3960247039794922, 14025
0.3960247039794922, 14024
0.3960247039794922, 14023
0.3960247039794922, 14022
0.3960247039794922, 14021
0.3960247039794922, 14020
0.3960247039794922, 14019
0.39702439308166504, 14018
0.39702439308166504, 14017
0.39702439308166504, 14016
0.39702439308166504, 14015
0.39702439308166504, 14014
0.39702439308166504, 14013
0.39702439308166504, 14012
0.39702439308166504, 14011
0.39702439308166504, 14010
0.39702439308166504, 14009
0.39702439308166504, 14008
0.39702439308166504, 14007
0.39702439308166504, 14006
0.39702439308166504, 14005
0.39805006980895996, 14004
0.39805006980895996, 14003
0.39805006980895996, 14002
0.39805006980895996, 14001
0.39805006980895996, 14000
0.39805006980895996, 13999
0.39805006980895996, 13998
0.39805006980895996, 13997
0.39805006980895996, 13996
0.39805006980895996, 13995
0.39805006980895996, 13994
0.39805006980895996, 13993
0.39805006980895996, 13992
0.39805006980895996, 13991
0.39805006980895996, 13990
0.39805006980895996, 13989
0.3990499973297119, 13988
0.3990499973297119, 13987
0.3990499973297119, 13986
0.3990499973297119, 13985
0.3990499973297119, 13984
0.3990499973297119, 13983
0.3990499973297119, 13982
0.3990499973297119, 13981
0.3990499973297119, 13980
0.3990499973297119, 13979
0.3990499973297119, 13978
0.3990499973297119, 13977
0.3990499973297119, 13976
0.4000508785247803, 13975
0.4000508785247803, 13974
0.4000508785247803, 13973
0.4000508785247803, 13972
0.4000508785247803, 13971
0.4000508785247803, 13970
0.4000508785247803, 13969
0.4000508785247803, 13968
0.4000508785247803, 13967
0.4000508785247803, 13966
0.4000508785247803, 13965
0.5870907306671143, 13352
0.5870907306671143, 13351
0.5870907306671143, 13350
0.5870907306671143, 13349
0.5870907306671143, 13348
0.5870907306671143, 13347
0.5870907306671143, 13346
0.5870907306671143, 13345
0.5881016254425049, 13344
0.5881016254425049, 13343
0.5881016254425049, 13342
0.5881016254425049, 13341
0.5881016254425049, 13340
0.5881016254425049, 13339
0.5881016254425049, 13338
0.5881016254425049, 13337
0.5881016254425049, 13336
0.5881016254425049, 13335
0.5881016254425049, 13334
0.5881016254425049, 13333
0.5881016254425049, 13332
0.5881016254425049, 13331
0.5891010761260986, 13330
5.052936792373657, 13329
5.052936792373657, 13328
5.052936792373657, 13327
5.052936792373657, 13326
5.052936792373657, 13325
5.052936792373657, 13324
5.052936792373657, 13323
5.052936792373657, 13322
5.053938627243042, 13321
5.053938627243042, 13320
5.053938627243042, 13319
5.053938627243042, 13318
5.053938627243042, 13317
5.053938627243042, 13316
5.053938627243042, 13315
5.053938627243042, 13314
5.053938627243042, 13313
5.053938627243042, 13312
5.053938627243042, 13311
5.053938627243042, 13310
5.053938627243042, 13309
5.053938627243042, 13308
5.054937362670898, 13307
5.054937362670898, 13306
5.054937362670898, 13305
5.054937362670898, 13304
5.054937362670898, 13303
5.054937362670898, 13302
5.054937362670898, 13301
5.054937362670898, 13300
5.054937362670898, 13299
5.054937362670898, 13298
5.054937362670898, 13297
5.054937362670898, 13296
5.054937362670898, 13295
5.055937051773071, 13294
5.055937051773071, 13293
5.055937051773071, 13292
5.055937051773071, 13291
5.055937051773071, 13290
5.055937051773071, 13289
5.055937051773071, 13288
5.055937051773071, 13287
5.055937051773071, 13286
5.055937051773071, 13285
5.055937051773071, 13284
5.055937051773071, 13283
5.055937051773071, 13282
5.055937051773071, 13281
5.056937217712402, 13280
5.056937217712402, 13279
5.056937217712402, 13278
5.056937217712402, 13277
5.056937217712402, 13276
5.056937217712402, 13275
5.056937217712402, 13274
5.056937217712402, 13273
5.056937217712402, 13272
5.056937217712402, 13271
5.056937217712402, 13270
5.056937217712402, 13269
5.056937217712402, 13268
5.056937217712402, 13267
5.0579915046691895, 13266
5.0579915046691895, 13265
5.0579915046691895, 13264
5.0579915046691895, 13263
5.0579915046691895, 13262
5.0579915046691895, 13261
5.0579915046691895, 13260
5.0579915046691895, 13259
5.0579915046691895, 13258
5.0579915046691895, 13257
5.0579915046691895, 13256
5.0579915046691895, 13255
5.0579915046691895, 13254
5.0579915046691895, 13253
5.058991193771362, 13252
5.058991193771362, 13251
5.058991193771362, 13250
5.058991193771362, 13249
5.058991193771362, 13248
5.058991193771362, 13247
5.058991193771362, 13246
6.348897695541382, 13093
6.348897695541382, 13092
6.349898099899292, 13091
6.349898099899292, 13090
6.349898099899292, 13089
6.349898099899292, 13088
6.349898099899292, 13087
6.349898099899292, 13086
6.349898099899292, 13085
6.349898099899292, 13084
6.349898099899292, 13083
6.349898099899292, 13082
6.349898099899292, 13081
6.349898099899292, 13080
6.349898099899292, 13079
6.350897550582886, 13078
6.350897550582886, 13077
6.350897550582886, 13076
6.350897550582886, 13075
6.350897550582886, 13074
6.350897550582886, 13073
6.350897550582886, 13072
6.350897550582886, 13071
6.350897550582886, 13070
6.350897550582886, 13069
6.3518970012664795, 13068
6.3518970012664795, 13067
6.3518970012664795, 13066
6.3518970012664795, 13065
6.3518970012664795, 13064
6.3518970012664795, 13063
6.3518970012664795, 13062
6.3518970012664795, 13061
6.3518970012664795, 13060
6.3518970012664795, 13059
6.3518970012664795, 13058
6.3528971672058105, 13057
6.3528971672058105, 13056
6.3528971672058105, 13055
6.3528971672058105, 13054
6.3528971672058105, 13053
6.3528971672058105, 13052
6.3528971672058105, 13051
6.3528971672058105, 13050
6.3528971672058105, 13049
6.3528971672058105, 13048
6.3528971672058105, 13047
6.3538970947265625, 13046
6.3538970947265625, 13045
6.3538970947265625, 13044
6.3538970947265625, 13043
6.3538970947265625, 13042
6.3538970947265625, 13041
6.3538970947265625, 13040
6.3538970947265625, 13039
6.3538970947265625, 13038
6.3538970947265625, 13037
6.3548972606658936, 13036
6.3548972606658936, 13035
6.3548972606658936, 13034
6.3548972606658936, 13033
6.3548972606658936, 13032
6.3548972606658936, 13031
6.3548972606658936, 13030
6.3548972606658936, 13029
6.3548972606658936, 13028
6.3548972606658936, 13027
6.3548972606658936, 13026
6.355897665023804, 13025
6.355897665023804, 13024
6.355897665023804, 13023
6.355897665023804, 13022
6.355897665023804, 13021
6.355897665023804, 13020
6.355897665023804, 13019
6.355897665023804, 13018
6.355897665023804, 13017
6.355897665023804, 13016
6.356897592544556, 13015
6.356897592544556, 13014
6.356897592544556, 13013
6.356897592544556, 13012
6.356897592544556, 13011
6.356897592544556, 13010
6.356897592544556, 13009
6.356897592544556, 13008
6.356897592544556, 13007
6.356897592544556, 13006
6.357897520065308, 13005
6.357897520065308, 13004
6.357897520065308, 13003
6.357897520065308, 13002
6.357897520065308, 13001
6.357897520065308, 13000
6.357897520065308, 12999
6.357897520065308, 12998
6.357897520065308, 12997
6.357897520065308, 12996
6.358898639678955, 12995
6.358898639678955, 12994
6.358898639678955, 12993
6.358898639678955, 12992
6.358898639678955, 12991
6.358898639678955, 12990
6.358898639678955, 12989
6.358898639678955, 12988
6.358898639678955, 12987
6.358898639678955, 12986
6.359898090362549, 12985
6.359898090362549, 12984
6.359898090362549, 12983
6.359898090362549, 12982
6.359898090362549, 12981
6.359898090362549, 12980
6.359898090362549, 12979
6.359898090362549, 12978
6.359898090362549, 12977
6.359898090362549, 12976
6.359898090362549, 12975
6.359898090362549, 12974
6.359898090362549, 12973
6.359898090362549, 12972
6.360899209976196, 12971
6.360899209976196, 12970
6.360899209976196, 12969
6.360899209976196, 12968
6.360899209976196, 12967
6.360899209976196, 12966
6.360899209976196, 12965
6.360899209976196, 12964
6.360899209976196, 12963
6.360899209976196, 12962
6.360899209976196, 12961
6.360899209976196, 12960
6.360899209976196, 12959
6.360899209976196, 12958
6.36189866065979, 12957
6.36189866065979, 12956
6.36189866065979, 12955
6.36189866065979, 12954
6.36189866065979, 12953
6.36189866065979, 12952
6.36189866065979, 12951
6.36189866065979, 12950
6.36189866065979, 12949
6.36189866065979, 12948
6.36189866065979, 12947
6.36189866065979, 12946
6.36189866065979, 12945
6.36189866065979, 12944
6.3628973960876465, 12943
6.3628973960876465, 12942
6.3628973960876465, 12941
6.3628973960876465, 12940
6.3628973960876465, 12939
6.3628973960876465, 12938
6.3628973960876465, 12937
6.3628973960876465, 12936
6.3628973960876465, 12935
6.3628973960876465, 12934
6.3628973960876465, 12933
6.3628973960876465, 12932
6.3628973960876465, 12931
