0.17895746231079102, 14055
0.17895746231079102, 14054
0.17895746231079102, 14053
0.17895746231079102, 14052
0.17895746231079102, 14051
0.17895746231079102, 14050
0.17895746231079102, 14049
0.17895746231079102, 14048
0.17995762825012207, 14047
0.17995762825012207, 14046
0.17995762825012207, 14045
0.17995762825012207, 14044
0.17995762825012207, 14043
0.17995762825012207, 14042
0.17995762825012207, 14041
0.17995762825012207, 14040
0.17995762825012207, 14039
0.17995762825012207, 14038
0.17995762825012207, 14037
0.17995762825012207, 14036
0.17995762825012207, 14035
0.17995762825012207, 14034
0.17995762825012207, 14033
0.17995762825012207, 14032
0.18095827102661133, 14031
0.18095827102661133, 14030
0.18095827102661133, 14029
0.18095827102661133, 14028
0.18095827102661133, 14027
0.18095827102661133, 14026
0.18095827102661133, 14025
0.18095827102661133, 14024
0.18095827102661133, 14023
0.18095827102661133, 14022
0.18095827102661133, 14021
0.18095827102661133, 14020
0.18095827102661133, 14019
0.18095827102661133, 14018
0.18095827102661133, 14017
0.18195796012878418, 14016
0.18195796012878418, 14015
0.18195796012878418, 14014
0.18195796012878418, 14013
0.18195796012878418, 14012
0.18195796012878418, 14011
0.18195796012878418, 14010
0.18195796012878418, 14009
0.18195796012878418, 14008
0.18195796012878418, 14007
0.18195796012878418, 14006
0.18195796012878418, 14005
0.18195796012878418, 14004
0.18195796012878418, 14003
0.18195796012878418, 14002
0.18195796012878418, 14001
0.18295717239379883, 14000
0.18295717239379883, 13999
0.18295717239379883, 13998
0.18295717239379883, 13997
0.18295717239379883, 13996
0.18295717239379883, 13995
0.18295717239379883, 13994
0.18295717239379883, 13993
0.18295717239379883, 13992
0.18295717239379883, 13991
0.18295717239379883, 13990
0.18295717239379883, 13989
0.18295717239379883, 13988
0.18295717239379883, 13987
0.18295717239379883, 13986
0.18395709991455078, 13985
0.18395709991455078, 13984
0.18395709991455078, 13983
0.18395709991455078, 13982
0.18395709991455078, 13981
0.18395709991455078, 13980
0.18395709991455078, 13979
0.18395709991455078, 13978
0.18395709991455078, 13977
0.18395709991455078, 13976
0.18395709991455078, 13975
0.18395709991455078, 13974
0.18395709991455078, 13973
0.18395709991455078, 13972
0.18395709991455078, 13971
0.18395709991455078, 13970
0.18495702743530273, 13969
0.18495702743530273, 13968
0.18495702743530273, 13967
0.18495702743530273, 13966
0.18495702743530273, 13965
0.18495702743530273, 13964
0.18495702743530273, 13963
0.18495702743530273, 13962
0.18495702743530273, 13961
0.18495702743530273, 13960
0.18495702743530273, 13959
0.18495702743530273, 13958
0.18495702743530273, 13957
0.18495702743530273, 13956
0.18495702743530273, 13955
0.1859571933746338, 13954
0.1859571933746338, 13953
0.1859571933746338, 13952
0.1859571933746338, 13951
0.1859571933746338, 13950
0.1859571933746338, 13949
0.1859571933746338, 13948
0.1859571933746338, 13947
0.1859571933746338, 13946
0.1859571933746338, 13945
0.1859571933746338, 13944
0.1859571933746338, 13943
0.1859571933746338, 13942
0.1859571933746338, 13941
0.1859571933746338, 13940
0.1859571933746338, 13939
0.18695735931396484, 13938
0.18695735931396484, 13937
0.18695735931396484, 13936
0.18695735931396484, 13935
0.18695735931396484, 13934
0.18695735931396484, 13933
0.18695735931396484, 13932
0.18695735931396484, 13931
0.18695735931396484, 13930
0.18695735931396484, 13929
0.18695735931396484, 13928
0.18695735931396484, 13927
0.18695735931396484, 13926
0.18695735931396484, 13925
0.18695735931396484, 13924
0.1879572868347168, 13923
0.1879572868347168, 13922
0.1879572868347168, 13921
0.1879572868347168, 13920
0.18821406364440918, 13919
0.18821406364440918, 13918
0.18821406364440918, 13917
0.18821406364440918, 13916
0.18821406364440918, 13915
0.18821406364440918, 13914
0.18821406364440918, 13913
0.18821406364440918, 13912
0.18821406364440918, 13911
0.18821406364440918, 13910
0.18821406364440918, 13909
0.18821406364440918, 13908
0.18895792961120605, 13907
0.18895792961120605, 13906
0.18895792961120605, 13905
0.18895792961120605, 13904
0.18895792961120605, 13903
0.18895792961120605, 13902
0.36509084701538086, 13901
0.36509084701538086, 13900
0.36509084701538086, 13899
0.36509084701538086, 13898
0.36509084701538086, 13897
0.36509084701538086, 13896
0.36509084701538086, 13895
0.36509084701538086, 13894
0.366091251373291, 13893
0.366091251373291, 13892
0.366091251373291, 13891
0.366091251373291, 13890
0.366091251373291, 13889
0.366091251373291, 13888
0.366091251373291, 13887
0.366091251373291, 13886
0.366091251373291, 13885
0.366091251373291, 13884
0.366091251373291, 13883
0.366091251373291, 13882
0.366091251373291, 13881
0.366091251373291, 13880
0.366091251373291, 13879
0.366091251373291, 13878
0.36709046363830566, 13877
0.36709046363830566, 13876
0.36709046363830566, 13875
0.36709046363830566, 13874
0.36709046363830566, 13873
0.36709046363830566, 13872
0.36709046363830566, 13871
0.36709046363830566, 13870
0.36709046363830566, 13869
0.36709046363830566, 13868
0.36709046363830566, 13867
0.36709046363830566, 13866
0.36709046363830566, 13865
0.36709046363830566, 13864
0.36709046363830566, 13863
0.3680906295776367, 13862
0.3680906295776367, 13861
0.3680906295776367, 13860
0.3680906295776367, 13859
0.3680906295776367, 13858
0.3680906295776367, 13857
0.3680906295776367, 13856
0.3680906295776367, 13855
0.3680906295776367, 13854
0.3680906295776367, 13853
0.3680906295776367, 13852
0.3680906295776367, 13851
0.3680906295776367, 13850
0.3680906295776367, 13849
0.3680906295776367, 13848
0.3690910339355469, 13847
0.3690910339355469, 13846
0.3690910339355469, 13845
0.3690910339355469, 13844
0.3690910339355469, 13843
0.3690910339355469, 13842
0.3690910339355469, 13841
0.3690910339355469, 13840
0.3690910339355469, 13839
0.3690910339355469, 13838
0.3690910339355469, 13837
0.3690910339355469, 13836
0.3690910339355469, 13835
0.3690910339355469, 13834
0.3690910339355469, 13833
0.37009119987487793, 13832
0.37009119987487793, 13831
0.37009119987487793, 13830
0.37009119987487793, 13829
0.37009119987487793, 13828
0.37009119987487793, 13827
0.37009119987487793, 13826
0.37009119987487793, 13825
0.37009119987487793, 13824
0.37009119987487793, 13823
0.37009119987487793, 13822
0.37009119987487793, 13821
0.37009119987487793, 13820
0.5441555976867676, 13819
0.5441555976867676, 13818
0.5441555976867676, 13817
0.5441555976867676, 13816
0.5441555976867676, 13815
0.5441555976867676, 13814
0.5441555976867676, 13813
0.5441555976867676, 13812
0.5450253486633301, 13811
0.5450253486633301, 13810
0.5450253486633301, 13809
0.5450253486633301, 13808
0.5450253486633301, 13807
0.5450253486633301, 13806
0.5450253486633301, 13805
0.5450253486633301, 13804
0.5450253486633301, 13803
0.5450253486633301, 13802
0.5450253486633301, 13801
0.5450253486633301, 13800
0.5460250377655029, 13799
0.5460250377655029, 13798
0.5460250377655029, 13797
0.5460250377655029, 13796
0.5460250377655029, 13795
0.5460250377655029, 13794
0.5460250377655029, 13793
0.5460250377655029, 13792
0.5460250377655029, 13791
0.5460250377655029, 13790
0.5460250377655029, 13789
0.5460250377655029, 13788
0.547025203704834, 13787
0.547025203704834, 13786
0.547025203704834, 13785
0.547025203704834, 13784
0.547025203704834, 13783
0.547025203704834, 13782
0.547025203704834, 13781
0.547025203704834, 13780
0.547025203704834, 13779
0.5480251312255859, 13778
0.5480251312255859, 13777
0.5480251312255859, 13776
0.5480251312255859, 13775
0.5480251312255859, 13774
0.5480251312255859, 13773
0.5480251312255859, 13772
0.5480251312255859, 13771
0.5480251312255859, 13770
0.5480251312255859, 13769
0.5480251312255859, 13768
0.5490255355834961, 13767
0.5490255355834961, 13766
0.5490255355834961, 13765
0.5490255355834961, 13764
0.5490255355834961, 13763
0.5490255355834961, 13762
0.5490255355834961, 13761
0.5490255355834961, 13760
0.5490255355834961, 13759
0.5490255355834961, 13758
0.5490255355834961, 13757
0.5490255355834961, 13756
0.5490255355834961, 13755
0.550025224685669, 13754
0.5501303672790527, 13753
0.7291326522827148, 13752
0.7291326522827148, 13751
0.7291326522827148, 13750
0.7291326522827148, 13749
0.7291326522827148, 13748
0.7291326522827148, 13747
0.7291326522827148, 13746
0.7291326522827148, 13745
0.730133056640625, 13744
0.730133056640625, 13743
0.730133056640625, 13742
0.730133056640625, 13741
0.730133056640625, 13740
0.730133056640625, 13739
0.730133056640625, 13738
0.730133056640625, 13737
0.730133056640625, 13736
0.730133056640625, 13735
0.730133056640625, 13734
0.730133056640625, 13733
0.7311570644378662, 13732
0.7311570644378662, 13731
0.7311570644378662, 13730
0.7311570644378662, 13729
0.7311570644378662, 13728
0.7311570644378662, 13727
0.7311570644378662, 13726
1.11997652053833, 13725
1.11997652053833, 13724
1.11997652053833, 13723
1.11997652053833, 13722
1.11997652053833, 13721
1.11997652053833, 13720
1.11997652053833, 13719
1.11997652053833, 13718
1.11997652053833, 13717
1.11997652053833, 13716
1.1209776401519775, 13715
1.1209776401519775, 13714
1.1209776401519775, 13713
1.1209776401519775, 13712
1.1209776401519775, 13711
1.1209776401519775, 13710
1.1209776401519775, 13709
1.1209776401519775, 13708
1.1209776401519775, 13707
1.1209776401519775, 13706
1.1209776401519775, 13705
1.121976613998413, 13704
1.121976613998413, 13703
1.121976613998413, 13702
1.121976613998413, 13701
1.121976613998413, 13700
1.121976613998413, 13699
1.121976613998413, 13698
1.121976613998413, 13697
1.121976613998413, 13696
1.121976613998413, 13695
1.1229767799377441, 13694
1.1229767799377441, 13693
1.1229767799377441, 13692
1.1229767799377441, 13691
1.1229767799377441, 13690
1.1229767799377441, 13689
1.1229767799377441, 13688
1.1229767799377441, 13687
1.1229767799377441, 13686
1.1229767799377441, 13685
1.1229767799377441, 13684
1.1229767799377441, 13683
1.123976469039917, 13682
1.123976469039917, 13681
1.123976469039917, 13680
1.123976469039917, 13679
1.123976469039917, 13678
1.123976469039917, 13677
1.123976469039917, 13676
1.123976469039917, 13675
1.123976469039917, 13674
1.123976469039917, 13673
1.1249780654907227, 13672
1.1249780654907227, 13671
1.1249780654907227, 13670
1.1249780654907227, 13669
1.1249780654907227, 13668
1.1249780654907227, 13667
1.1249780654907227, 13666
1.1249780654907227, 13665
1.1249780654907227, 13664
1.1249780654907227, 13663
1.1249780654907227, 13662
1.125976800918579, 13661
1.125976800918579, 13660
1.125976800918579, 13659
1.125976800918579, 13658
1.125976800918579, 13657
1.125976800918579, 13656
1.125976800918579, 13655
1.125976800918579, 13654
1.125976800918579, 13653
1.125976800918579, 13652
1.125976800918579, 13651
1.1269762516021729, 13650
1.1269762516021729, 13649
1.1269762516021729, 13648
1.1269762516021729, 13647
1.1269762516021729, 13646
1.1269762516021729, 13645
1.1269762516021729, 13644
1.1269762516021729, 13643
1.1269762516021729, 13642
1.1279776096343994, 13641
1.1279776096343994, 13640
1.1279776096343994, 13639
1.1279776096343994, 13638
1.1279776096343994, 13637
1.1279776096343994, 13636
1.1279776096343994, 13635
1.1279776096343994, 13634
1.1279776096343994, 13633
1.1279776096343994, 13632
1.128976821899414, 13631
1.128976821899414, 13630
1.128976821899414, 13629
1.128976821899414, 13628
1.128976821899414, 13627
1.128976821899414, 13626
1.128976821899414, 13625
1.128976821899414, 13624
1.128976821899414, 13623
1.128976821899414, 13622
1.128976821899414, 13621
1.1299769878387451, 13620
1.1299769878387451, 13619
1.1299769878387451, 13618
1.1299769878387451, 13617
1.1299769878387451, 13616
1.1299769878387451, 13615
1.1299769878387451, 13614
1.1299769878387451, 13613
1.1299769878387451, 13612
1.1299769878387451, 13611
1.1309773921966553, 13610
1.1309773921966553, 13609
1.1309773921966553, 13608
1.1309773921966553, 13607
1.1309773921966553, 13606
1.1309773921966553, 13605
1.1309773921966553, 13604
1.1309773921966553, 13603
1.1309773921966553, 13602
1.1309773921966553, 13601
1.1319758892059326, 13600
1.1319758892059326, 13599
1.1319758892059326, 13598
1.1319758892059326, 13597
1.1319758892059326, 13596
1.1319758892059326, 13595
1.1319758892059326, 13594
1.1319758892059326, 13593
1.1319758892059326, 13592
1.1319758892059326, 13591
1.1319758892059326, 13590
1.132978916168213, 13589
1.132978916168213, 13588
1.132978916168213, 13587
1.132978916168213, 13586
1.132978916168213, 13585
1.132978916168213, 13584
1.132978916168213, 13583
1.132978916168213, 13582
1.132978916168213, 13581
1.132978916168213, 13580
1.132978916168213, 13579
1.132978916168213, 13578
1.132978916168213, 13577
1.132978916168213, 13576
1.132978916168213, 13575
1.133976936340332, 13574
1.133976936340332, 13573
1.133976936340332, 13572
1.133976936340332, 13571
1.133976936340332, 13570
1.133976936340332, 13569
1.133976936340332, 13568
1.133976936340332, 13567
1.133976936340332, 13566
1.133976936340332, 13565
1.133976936340332, 13564
1.133976936340332, 13563
1.133976936340332, 13562
1.133976936340332, 13561
1.133976936340332, 13560
1.1349754333496094, 13559
1.1349754333496094, 13558
1.1349754333496094, 13557
1.1349754333496094, 13556
1.1349754333496094, 13555
1.1349754333496094, 13554
1.1349754333496094, 13553
1.1349754333496094, 13552
1.1349754333496094, 13551
1.1349754333496094, 13550
1.1349754333496094, 13549
1.1349754333496094, 13548
1.1349754333496094, 13547
1.1349754333496094, 13546
1.1349754333496094, 13545
1.1359751224517822, 13544
1.1359751224517822, 13543
1.1359751224517822, 13542
1.1359751224517822, 13541
1.1359751224517822, 13540
1.1359751224517822, 13539
1.1359751224517822, 13538
1.1359751224517822, 13537
1.1359751224517822, 13536
1.1359751224517822, 13535
1.1359751224517822, 13534
1.1359751224517822, 13533
1.1359751224517822, 13532
1.1359751224517822, 13531
1.1359751224517822, 13530
1.1369757652282715, 13529
1.1369757652282715, 13528
1.1369757652282715, 13527
1.1369757652282715, 13526
1.1369757652282715, 13525
1.1369757652282715, 13524
1.1369757652282715, 13523
1.1369757652282715, 13522
1.1369757652282715, 13521
1.1369757652282715, 13520
1.1369757652282715, 13519
1.1369757652282715, 13518
1.1369757652282715, 13517
1.1369757652282715, 13516
1.1369757652282715, 13515
1.1369757652282715, 13514
1.1379754543304443, 13513
1.1379754543304443, 13512
1.1379754543304443, 13511
1.1379754543304443, 13510
1.1379754543304443, 13509
1.1379754543304443, 13508
1.1379754543304443, 13507
1.1379754543304443, 13506
1.1379754543304443, 13505
1.1379754543304443, 13504
1.1379754543304443, 13503
1.1379754543304443, 13502
1.1379754543304443, 13501
1.1379754543304443, 13500
1.1379754543304443, 13499
1.1389760971069336, 13498
1.1389760971069336, 13497
1.1389760971069336, 13496
1.1389760971069336, 13495
1.1389760971069336, 13494
1.1389760971069336, 13493
1.1389760971069336, 13492
1.1389760971069336, 13491
1.1389760971069336, 13490
1.1389760971069336, 13489
1.1389760971069336, 13488
1.1389760971069336, 13487
1.1389760971069336, 13486
1.1389760971069336, 13485
1.1389760971069336, 13484
1.1399760246276855, 13483
1.1399760246276855, 13482
1.1399760246276855, 13481
1.1399760246276855, 13480
1.1399760246276855, 13479
1.1399760246276855, 13478
1.1399760246276855, 13477
1.1399760246276855, 13476
1.1399760246276855, 13475
1.1399760246276855, 13474
1.1399760246276855, 13473
1.1399760246276855, 13472
1.1399760246276855, 13471
1.1399760246276855, 13470
1.1399760246276855, 13469
1.1399760246276855, 13468
1.1409776210784912, 13467
1.1409776210784912, 13466
1.1409776210784912, 13465
1.1409776210784912, 13464
1.1409776210784912, 13463
1.1409776210784912, 13462
1.1409776210784912, 13461
1.1409776210784912, 13460
1.1409776210784912, 13459
1.1409776210784912, 13458
1.1409776210784912, 13457
1.1409776210784912, 13456
1.1409776210784912, 13455
1.1409776210784912, 13454
1.1409776210784912, 13453
1.1419763565063477, 13452
1.1419763565063477, 13451
1.1419763565063477, 13450
1.1419763565063477, 13449
1.1419763565063477, 13448
1.1419763565063477, 13447
1.1419763565063477, 13446
1.1419763565063477, 13445
1.1419763565063477, 13444
1.1419763565063477, 13443
1.1419763565063477, 13442
1.1419763565063477, 13441
1.1419763565063477, 13440
1.1419763565063477, 13439
1.1429805755615234, 13438
1.1429805755615234, 13437
1.1429805755615234, 13436
1.1429805755615234, 13435
1.1429805755615234, 13434
1.1429805755615234, 13433
1.1429805755615234, 13432
1.1429805755615234, 13431
1.1429805755615234, 13430
1.1429805755615234, 13429
1.1429805755615234, 13428
1.1429805755615234, 13427
1.1429805755615234, 13426
1.1429805755615234, 13425
1.143977403640747, 13424
1.143977403640747, 13423
1.143977403640747, 13422
1.143977403640747, 13421
1.143977403640747, 13420
1.143977403640747, 13419
1.143977403640747, 13418
1.143977403640747, 13417
1.143977403640747, 13416
1.143977403640747, 13415
1.143977403640747, 13414
1.143977403640747, 13413
1.143977403640747, 13412
1.143977403640747, 13411
1.143977403640747, 13410
1.1449754238128662, 13409
1.1449754238128662, 13408
1.1449754238128662, 13407
1.1449754238128662, 13406
1.1449754238128662, 13405
1.1449754238128662, 13404
1.1449754238128662, 13403
1.1449754238128662, 13402
1.1449754238128662, 13401
1.1449754238128662, 13400
1.1449754238128662, 13399
1.1449754238128662, 13398
1.1449754238128662, 13397
1.1449754238128662, 13396
1.1449754238128662, 13395
1.1459753513336182, 13394
1.1459753513336182, 13393
1.1459753513336182, 13392
1.1459753513336182, 13391
1.1459753513336182, 13390
1.1459753513336182, 13389
1.1459753513336182, 13388
1.1459753513336182, 13387
1.1459753513336182, 13386
1.1459753513336182, 13385
1.1459753513336182, 13384
1.1459753513336182, 13383
1.1459753513336182, 13382
1.1459753513336182, 13381
1.1469757556915283, 13380
1.1469757556915283, 13379
1.1469757556915283, 13378
1.1469757556915283, 13377
1.1469757556915283, 13376
1.1469757556915283, 13375
1.1469757556915283, 13374
1.1469757556915283, 13373
1.1469757556915283, 13372
1.1469757556915283, 13371
1.5102593898773193, 13370
1.5102593898773193, 13369
1.5102593898773193, 13368
1.5102593898773193, 13367
1.5102593898773193, 13366
1.5102593898773193, 13365
1.5102593898773193, 13364
1.5102593898773193, 13363
1.5102593898773193, 13362
1.5112600326538086, 13361
1.5112600326538086, 13360
1.5112600326538086, 13359
1.5112600326538086, 13358
1.5112600326538086, 13357
1.5112600326538086, 13356
1.5112600326538086, 13355
1.5112600326538086, 13354
1.5112600326538086, 13353
1.5112600326538086, 13352
1.5112600326538086, 13351
1.5112600326538086, 13350
1.5112600326538086, 13349
1.5112600326538086, 13348
1.5122599601745605, 13347
1.5122599601745605, 13346
1.5122599601745605, 13345
1.5122599601745605, 13344
1.5122599601745605, 13343
1.5122599601745605, 13342
1.5122599601745605, 13341
1.5122599601745605, 13340
1.5122599601745605, 13339
1.5122599601745605, 13338
1.5122599601745605, 13337
1.5122599601745605, 13336
1.5122599601745605, 13335
1.5122599601745605, 13334
1.5122599601745605, 13333
1.513258934020996, 13332
1.513258934020996, 13331
1.513258934020996, 13330
1.513258934020996, 13329
1.513258934020996, 13328
1.513258934020996, 13327
1.513258934020996, 13326
1.513258934020996, 13325
1.513258934020996, 13324
1.513258934020996, 13323
1.513258934020996, 13322
1.513258934020996, 13321
1.513258934020996, 13320
1.513258934020996, 13319
1.513258934020996, 13318
1.5142593383789062, 13317
1.5142593383789062, 13316
1.5142593383789062, 13315
1.5142593383789062, 13314
1.5142593383789062, 13313
1.5142593383789062, 13312
1.5142593383789062, 13311
1.5142593383789062, 13310
1.5142593383789062, 13309
1.5142593383789062, 13308
1.5142593383789062, 13307
1.5142593383789062, 13306
1.5142593383789062, 13305
1.5142593383789062, 13304
1.5142593383789062, 13303
1.5152626037597656, 13302
1.5152626037597656, 13301
1.5152626037597656, 13300
1.5152626037597656, 13299
1.5152626037597656, 13298
1.5152626037597656, 13297
1.5152626037597656, 13296
1.5152626037597656, 13295
1.5152626037597656, 13294
1.5152626037597656, 13293
1.5152626037597656, 13292
1.5152626037597656, 13291
1.5152626037597656, 13290
1.5152626037597656, 13289
1.5162608623504639, 13288
1.5162608623504639, 13287
1.5162608623504639, 13286
1.5162608623504639, 13285
1.5162608623504639, 13284
1.5162608623504639, 13283
1.5162608623504639, 13282
1.5162608623504639, 13281
1.5162608623504639, 13280
1.5162608623504639, 13279
1.5162608623504639, 13278
1.5162608623504639, 13277
1.5162608623504639, 13276
1.5162608623504639, 13275
1.5162608623504639, 13274
1.517259120941162, 13273
1.517259120941162, 13272
1.517259120941162, 13271
1.517259120941162, 13270
1.517259120941162, 13269
1.517259120941162, 13268
1.517259120941162, 13267
1.5177559852600098, 13266
1.5177559852600098, 13265
1.5177559852600098, 13264
1.5177559852600098, 13263
1.5177559852600098, 13262
1.5177559852600098, 13261
1.518258810043335, 13260
1.518258810043335, 13259
1.518258810043335, 13258
1.518258810043335, 13257
1.518258810043335, 13256
1.518258810043335, 13255
1.518258810043335, 13254
1.518258810043335, 13253
1.518258810043335, 13252
1.518258810043335, 13251
1.518258810043335, 13250
1.518258810043335, 13249
1.518258810043335, 13248
1.518258810043335, 13247
1.518258810043335, 13246
1.519258737564087, 13245
1.519258737564087, 13244
1.519258737564087, 13243
1.519258737564087, 13242
1.519258737564087, 13241
1.519258737564087, 13240
1.519258737564087, 13239
1.519258737564087, 13238
1.519258737564087, 13237
1.519258737564087, 13236
1.519258737564087, 13235
1.519258737564087, 13234
1.519258737564087, 13233
1.519258737564087, 13232
1.519258737564087, 13231
1.5202586650848389, 13230
1.5202586650848389, 13229
1.5202586650848389, 13228
1.5202586650848389, 13227
1.5202586650848389, 13226
1.5202586650848389, 13225
1.5202586650848389, 13224
1.5202586650848389, 13223
1.5202586650848389, 13222
1.5202586650848389, 13221
1.5202586650848389, 13220
1.5202586650848389, 13219
1.521263837814331, 13218
1.521263837814331, 13217
1.521263837814331, 13216
1.521263837814331, 13215
1.521263837814331, 13214
1.521263837814331, 13213
1.521263837814331, 13212
1.521263837814331, 13211
1.521263837814331, 13210
1.521263837814331, 13209
1.521263837814331, 13208
1.521263837814331, 13207
1.521263837814331, 13206
1.521263837814331, 13205
1.522261619567871, 13204
1.522261619567871, 13203
1.522261619567871, 13202
1.522261619567871, 13201
1.522261619567871, 13200
1.522261619567871, 13199
1.522261619567871, 13198
1.522261619567871, 13197
1.522261619567871, 13196
1.522261619567871, 13195
1.522261619567871, 13194
1.522261619567871, 13193
1.522261619567871, 13192
1.522261619567871, 13191
1.522261619567871, 13190
1.5232603549957275, 13189
1.5232603549957275, 13188
1.5232603549957275, 13187
1.5232603549957275, 13186
1.5232603549957275, 13185
1.5232603549957275, 13184
1.5232603549957275, 13183
1.5232603549957275, 13182
1.5232603549957275, 13181
1.5232603549957275, 13180
1.5232603549957275, 13179
1.5232603549957275, 13178
1.5232603549957275, 13177
1.5232603549957275, 13176
1.5232603549957275, 13175
1.5242588520050049, 13174
1.5242588520050049, 13173
1.5242588520050049, 13172
1.5242588520050049, 13171
1.5242588520050049, 13170
1.5242588520050049, 13169
1.5242588520050049, 13168
6.741966009140015, 10407
6.741966009140015, 10406
6.741966009140015, 10405
6.741966009140015, 10404
6.742966413497925, 10403
6.742966413497925, 10402
6.742966413497925, 10401
6.742966413497925, 10400
6.742966413497925, 10399
6.742966413497925, 10398
6.742966413497925, 10397
6.742966413497925, 10396
6.742966413497925, 10395
6.742966413497925, 10394
6.742966413497925, 10393
6.742966413497925, 10392
6.743966579437256, 10391
6.743966579437256, 10390
6.743966579437256, 10389
6.743966579437256, 10388
6.743966579437256, 10387
6.743966579437256, 10386
6.743966579437256, 10385
6.743966579437256, 10384
6.743966579437256, 10383
6.743966579437256, 10382
6.743966579437256, 10381
6.743966579437256, 10380
6.743966579437256, 10379
6.743966579437256, 10378
6.74496603012085, 10377
6.74496603012085, 10376
6.74496603012085, 10375
6.74496603012085, 10374
6.74496603012085, 10373
6.74496603012085, 10372
6.74496603012085, 10371
6.74496603012085, 10370
6.74496603012085, 10369
6.74496603012085, 10368
6.74496603012085, 10367
6.745741844177246, 10366
6.745741844177246, 10365
6.745741844177246, 10364
6.745741844177246, 10363
6.745966196060181, 10362
6.745966196060181, 10361
6.745966196060181, 10360
6.745966196060181, 10359
6.745966196060181, 10358
6.745966196060181, 10357
6.745966196060181, 10356
6.745966196060181, 10355
6.745966196060181, 10354
6.745966196060181, 10353
6.745966196060181, 10352
6.745966196060181, 10351
6.745966196060181, 10350
6.745966196060181, 10349
6.746966123580933, 10348
6.746966123580933, 10347
6.746966123580933, 10346
6.746966123580933, 10345
6.746966123580933, 10344
6.746966123580933, 10343
6.746966123580933, 10342
6.746966123580933, 10341
6.746966123580933, 10340
6.746966123580933, 10339
6.746966123580933, 10338
6.746966123580933, 10337
6.746966123580933, 10336
6.746966123580933, 10335
6.747966051101685, 10334
6.747966051101685, 10333
6.747966051101685, 10332
6.747966051101685, 10331
6.747966051101685, 10330
6.747966051101685, 10329
6.747966051101685, 10328
6.747966051101685, 10327
6.747966051101685, 10326
6.747966051101685, 10325
6.747966051101685, 10324
6.747966051101685, 10323
6.747966051101685, 10322
6.7489659786224365, 10321
6.7489659786224365, 10320
6.7489659786224365, 10319
6.7489659786224365, 10318
6.7489659786224365, 10317
6.7489659786224365, 10316
6.7489659786224365, 10315
6.7489659786224365, 10314
6.7489659786224365, 10313
6.7489659786224365, 10312
6.7489659786224365, 10311
6.7489659786224365, 10310
6.7489659786224365, 10309
6.7489659786224365, 10308
6.7489659786224365, 10307
6.749966144561768, 10306
6.749966144561768, 10305
6.749966144561768, 10304
6.749966144561768, 10303
6.749966144561768, 10302
6.749966144561768, 10301
6.749966144561768, 10300
6.749966144561768, 10299
6.749966144561768, 10298
6.749966144561768, 10297
6.749966144561768, 10296
6.749966144561768, 10295
6.749966144561768, 10294
6.749966144561768, 10293
6.7509660720825195, 10292
6.7509660720825195, 10291
6.7509660720825195, 10290
6.7509660720825195, 10289
6.7509660720825195, 10288
6.7509660720825195, 10287
6.7509660720825195, 10286
6.7509660720825195, 10285
6.7509660720825195, 10284
6.7509660720825195, 10283
6.7509660720825195, 10282
6.7509660720825195, 10281
6.7509660720825195, 10280
6.7519659996032715, 10279
6.7519659996032715, 10278
6.7519659996032715, 10277
6.7519659996032715, 10276
6.7519659996032715, 10275
6.7519659996032715, 10274
6.7519659996032715, 10273
6.7519659996032715, 10272
6.7519659996032715, 10271
6.7519659996032715, 10270
6.7519659996032715, 10269
6.7519659996032715, 10268
6.7519659996032715, 10267
6.7519659996032715, 10266
6.7529661655426025, 10265
6.7529661655426025, 10264
6.7531373500823975, 10263
6.7531373500823975, 10262
6.7531373500823975, 10261
6.7531373500823975, 10260
6.7531373500823975, 10259
6.7531373500823975, 10258
6.7531373500823975, 10257
6.7531373500823975, 10256
6.7531373500823975, 10255
6.7531373500823975, 10254
6.7531373500823975, 10253
6.753966569900513, 10252
6.753966569900513, 10251
6.753966569900513, 10250
6.753966569900513, 10249
6.753966569900513, 10248
6.753966569900513, 10247
6.753966569900513, 10246
6.753966569900513, 10245
6.753966569900513, 10244
6.753966569900513, 10243
6.753966569900513, 10242
6.753966569900513, 10241
6.753966569900513, 10240
6.7549660205841064, 10239
6.7549660205841064, 10238
6.7549660205841064, 10237
6.7549660205841064, 10236
6.7549660205841064, 10235
6.7549660205841064, 10234
6.7549660205841064, 10233
6.7549660205841064, 10232
6.7549660205841064, 10231
6.7549660205841064, 10230
6.7549660205841064, 10229
6.7549660205841064, 10228
6.7559661865234375, 10227
6.7559661865234375, 10226
6.7559661865234375, 10225
6.7559661865234375, 10224
6.7559661865234375, 10223
6.7559661865234375, 10222
6.7559661865234375, 10221
6.7559661865234375, 10220
6.7559661865234375, 10219
6.7559661865234375, 10218
6.7559661865234375, 10217
6.7559661865234375, 10216
6.7559661865234375, 10215
6.7569661140441895, 10214
6.7569661140441895, 10213
6.7569661140441895, 10212
6.7569661140441895, 10211
6.7569661140441895, 10210
6.7569661140441895, 10209
6.7569661140441895, 10208
6.7569661140441895, 10207
6.7569661140441895, 10206
6.7569661140441895, 10205
6.757742166519165, 10204
6.757742166519165, 10203
6.757742166519165, 10202
6.757966041564941, 10201
6.757966041564941, 10200
6.757966041564941, 10199
6.75821590423584, 10198
6.75821590423584, 10197
6.75821590423584, 10196
6.75821590423584, 10195
6.75821590423584, 10194
6.75821590423584, 10193
6.75821590423584, 10192
6.75821590423584, 10191
6.75821590423584, 10190
6.75821590423584, 10189
6.75821590423584, 10188
6.758965969085693, 10187
6.758965969085693, 10186
6.758965969085693, 10185
6.758965969085693, 10184
6.758965969085693, 10183
6.758965969085693, 10182
6.758965969085693, 10181
6.758965969085693, 10180
6.758965969085693, 10179
6.758965969085693, 10178
6.758965969085693, 10177
6.758965969085693, 10176
6.758965969085693, 10175
6.759965896606445, 10174
6.759965896606445, 10173
6.759965896606445, 10172
6.759965896606445, 10171
6.759965896606445, 10170
6.759965896606445, 10169
6.759965896606445, 10168
6.759965896606445, 10167
6.759965896606445, 10166
6.759965896606445, 10165
6.759965896606445, 10164
6.759965896606445, 10163
6.759965896606445, 10162
6.76099419593811, 10161
6.761102914810181, 10160
6.761102914810181, 10159
6.761102914810181, 10158
6.761102914810181, 10157
6.761102914810181, 10156
6.761102914810181, 10155
6.761102914810181, 10154
6.761102914810181, 10153
6.761102914810181, 10152
6.761102914810181, 10151
6.761102914810181, 10150
6.761102914810181, 10149
6.761102914810181, 10148
6.761993885040283, 10147
6.761993885040283, 10146
6.761993885040283, 10145
6.761993885040283, 10144
6.761993885040283, 10143
6.761993885040283, 10142
6.761993885040283, 10141
6.761993885040283, 10140
6.761993885040283, 10139
6.761993885040283, 10138
6.761993885040283, 10137
6.761993885040283, 10136
6.761993885040283, 10135
6.762994050979614, 10134
6.762994050979614, 10133
6.762994050979614, 10132
6.762994050979614, 10131
6.762994050979614, 10130
6.762994050979614, 10129
6.762994050979614, 10128
6.762994050979614, 10127
6.762994050979614, 10126
6.76374363899231, 10125
6.76374363899231, 10124
6.76374363899231, 10123
6.763993978500366, 10122
6.763993978500366, 10121
6.763993978500366, 10120
6.763993978500366, 10119
6.763993978500366, 10118
6.763993978500366, 10117
6.763993978500366, 10116
6.763993978500366, 10115
6.763993978500366, 10114
6.763993978500366, 10113
6.763993978500366, 10112
6.763993978500366, 10111
6.763993978500366, 10110
6.763993978500366, 10109
6.764993906021118, 10108
6.765068054199219, 10107
6.765068054199219, 10106
6.765068054199219, 10105
6.765068054199219, 10104
6.765068054199219, 10103
6.765068054199219, 10102
6.765068054199219, 10101
6.765068054199219, 10100
6.765068054199219, 10099
6.765068054199219, 10098
6.765068054199219, 10097
6.765068054199219, 10096
6.765994071960449, 10095
6.765994071960449, 10094
6.765994071960449, 10093
6.765994071960449, 10092
6.765994071960449, 10091
6.765994071960449, 10090
6.765994071960449, 10089
6.765994071960449, 10088
6.765994071960449, 10087
6.765994071960449, 10086
6.765994071960449, 10085
6.765994071960449, 10084
6.765994071960449, 10083
6.765994071960449, 10082
6.766993999481201, 10081
6.766993999481201, 10080
6.766993999481201, 10079
6.766993999481201, 10078
6.766993999481201, 10077
6.766993999481201, 10076
6.766993999481201, 10075
6.766993999481201, 10074
6.766993999481201, 10073
6.766993999481201, 10072
6.766993999481201, 10071
6.766993999481201, 10070
6.766993999481201, 10069
6.767993927001953, 10068
6.767993927001953, 10067
6.767993927001953, 10066
6.767993927001953, 10065
6.767993927001953, 10064
6.767993927001953, 10063
6.767993927001953, 10062
6.767993927001953, 10061
6.767993927001953, 10060
6.767993927001953, 10059
6.767993927001953, 10058
6.767993927001953, 10057
6.767993927001953, 10056
6.767993927001953, 10055
6.768993854522705, 10054
6.768993854522705, 10053
6.768993854522705, 10052
6.768993854522705, 10051
6.768993854522705, 10050
6.768993854522705, 10049
6.768993854522705, 10048
6.768993854522705, 10047
6.768993854522705, 10046
6.768993854522705, 10045
6.768993854522705, 10044
6.768993854522705, 10043
6.768993854522705, 10042
6.769994497299194, 10041
6.769994497299194, 10040
6.769994497299194, 10039
6.769994497299194, 10038
6.769994497299194, 10037
6.769994497299194, 10036
6.769994497299194, 10035
6.769994497299194, 10034
6.769994497299194, 10033
6.769994497299194, 10032
6.769994497299194, 10031
6.769994497299194, 10030
6.769994497299194, 10029
6.769994497299194, 10028
6.770993709564209, 10027
6.770993709564209, 10026
6.770993709564209, 10025
6.770993709564209, 10024
6.770993709564209, 10023
6.770993709564209, 10022
6.770993709564209, 10021
6.770993709564209, 10020
6.770993709564209, 10019
6.770993709564209, 10018
6.770993709564209, 10017
6.770993709564209, 10016
6.770993709564209, 10015
6.770993709564209, 10014
6.771993637084961, 10013
6.771993637084961, 10012
6.771993637084961, 10011
6.771993637084961, 10010
6.771993637084961, 10009
6.771993637084961, 10008
6.771993637084961, 10007
6.771993637084961, 10006
6.771993637084961, 10005
6.771993637084961, 10004
6.771993637084961, 10003
6.771993637084961, 10002
6.771993637084961, 10001
6.772993803024292, 10000
6.772993803024292, 9999
6.772993803024292, 9998
6.772993803024292, 9997
6.772993803024292, 9996
6.772993803024292, 9995
6.772993803024292, 9994
6.772993803024292, 9993
6.772993803024292, 9992
6.772993803024292, 9991
6.772993803024292, 9990
6.772993803024292, 9989
6.772993803024292, 9988
6.772993803024292, 9987
6.773993730545044, 9986
6.773993730545044, 9985
6.773993730545044, 9984
6.773993730545044, 9983
6.773993730545044, 9982
6.773993730545044, 9981
6.773993730545044, 9980
6.773993730545044, 9979
6.774571657180786, 9978
6.774571657180786, 9977
6.774571657180786, 9976
6.774571657180786, 9975
6.774571657180786, 9974
6.774571657180786, 9973
6.774571657180786, 9972
6.774571657180786, 9971
6.774571657180786, 9970
6.774571657180786, 9969
6.774571657180786, 9968
6.774571657180786, 9967
6.774571657180786, 9966
6.774571657180786, 9965
6.775577545166016, 9964
6.775577545166016, 9963
6.775577545166016, 9962
6.775577545166016, 9961
6.775577545166016, 9960
6.775577545166016, 9959
6.775577545166016, 9958
6.775577545166016, 9957
6.775577545166016, 9956
6.775577545166016, 9955
6.775577545166016, 9954
6.775577545166016, 9953
6.775577545166016, 9952
6.776577472686768, 9951
6.776577472686768, 9950
6.776577472686768, 9949
6.776577472686768, 9948
6.776577472686768, 9947
6.776577472686768, 9946
6.776577472686768, 9945
6.776577472686768, 9944
6.776577472686768, 9943
6.776577472686768, 9942
6.776577472686768, 9941
6.776577472686768, 9940
6.776577472686768, 9939
6.776577472686768, 9938
6.77757716178894, 9937
6.77757716178894, 9936
6.77757716178894, 9935
6.77757716178894, 9934
6.77757716178894, 9933
6.77757716178894, 9932
6.77757716178894, 9931
6.77757716178894, 9930
6.7782111167907715, 9929
6.7782111167907715, 9928
6.7782111167907715, 9927
6.7782111167907715, 9926
6.7782111167907715, 9925
6.7782111167907715, 9924
6.778577566146851, 9923
6.778577566146851, 9922
6.778577566146851, 9921
6.778577566146851, 9920
6.778577566146851, 9919
6.778577566146851, 9918
6.778577566146851, 9917
6.778577566146851, 9916
6.778577566146851, 9915
6.778577566146851, 9914
6.778577566146851, 9913
6.778577566146851, 9912
6.778577566146851, 9911
6.778577566146851, 9910
6.7795774936676025, 9909
6.7795774936676025, 9908
6.7795774936676025, 9907
6.7795774936676025, 9906
6.7795774936676025, 9905
6.7795774936676025, 9904
6.7795774936676025, 9903
6.780100584030151, 9902
6.780100584030151, 9901
6.780100584030151, 9900
6.780100584030151, 9899
6.780100584030151, 9898
6.780100584030151, 9897
6.780100584030151, 9896
6.780100584030151, 9895
6.780100584030151, 9894
6.780100584030151, 9893
6.780100584030151, 9892
6.780100584030151, 9891
6.780100584030151, 9890
6.781105995178223, 9889
6.781105995178223, 9888
6.781105995178223, 9887
6.781105995178223, 9886
6.781105995178223, 9885
6.781105995178223, 9884
6.781105995178223, 9883
6.781105995178223, 9882
6.781105995178223, 9881
6.781105995178223, 9880
6.781105995178223, 9879
6.781105995178223, 9878
6.781105995178223, 9877
6.781105995178223, 9876
6.782105922698975, 9875
6.782105922698975, 9874
6.782105922698975, 9873
6.782105922698975, 9872
6.782105922698975, 9871
6.782105922698975, 9870
6.782105922698975, 9869
6.782105922698975, 9868
6.782105922698975, 9867
6.782105922698975, 9866
6.782105922698975, 9865
6.782105922698975, 9864
6.782105922698975, 9863
6.782105922698975, 9862
6.783105850219727, 9861
6.783105850219727, 9860
6.783105850219727, 9859
6.783105850219727, 9858
6.783105850219727, 9857
6.783105850219727, 9856
6.783105850219727, 9855
6.783105850219727, 9854
6.783105850219727, 9853
6.783105850219727, 9852
6.783105850219727, 9851
6.783105850219727, 9850
6.783105850219727, 9849
6.783105850219727, 9848
6.7841057777404785, 9847
6.7841057777404785, 9846
6.7841057777404785, 9845
6.7841057777404785, 9844
6.7841057777404785, 9843
6.7841057777404785, 9842
