0.19123339653015137, 14077
0.19123339653015137, 14076
0.19123339653015137, 14075
0.19123339653015137, 14074
0.19123339653015137, 14073
0.19123339653015137, 14072
0.19123339653015137, 14071
0.19123339653015137, 14070
0.19123339653015137, 14069
0.19123339653015137, 14068
0.19123339653015137, 14067
0.19197726249694824, 14066
0.19197726249694824, 14065
0.19224047660827637, 14064
0.19224047660827637, 14063
0.19224047660827637, 14062
0.19224047660827637, 14061
0.19224047660827637, 14060
0.19224047660827637, 14059
0.19224047660827637, 14058
0.19224047660827637, 14057
0.19224047660827637, 14056
0.19224047660827637, 14055
0.19224047660827637, 14054
0.19224047660827637, 14053
0.19224047660827637, 14052
0.19224047660827637, 14051
0.19224047660827637, 14050
0.19324064254760742, 14049
0.19324064254760742, 14048
0.19324064254760742, 14047
0.19324064254760742, 14046
0.19324064254760742, 14045
0.19324064254760742, 14044
0.19324064254760742, 14043
0.19324064254760742, 14042
0.19324064254760742, 14041
0.19324064254760742, 14040
0.19324064254760742, 14039
0.19324064254760742, 14038
0.19324064254760742, 14037
0.19324064254760742, 14036
0.19424057006835938, 14035
0.19424057006835938, 14034
0.19424057006835938, 14033
0.19424057006835938, 14032
0.19424057006835938, 14031
0.19424057006835938, 14030
0.19424057006835938, 14029
0.19424057006835938, 14028
0.19424057006835938, 14027
0.19424057006835938, 14026
0.19424057006835938, 14025
0.19424057006835938, 14024
0.19424057006835938, 14023
0.19424057006835938, 14022
0.19424057006835938, 14021
0.19524359703063965, 14020
0.19524359703063965, 14019
0.19524359703063965, 14018
0.19524359703063965, 14017
0.19524359703063965, 14016
0.19524359703063965, 14015
0.19524359703063965, 14014
0.19524359703063965, 14013
0.19524359703063965, 14012
0.19524359703063965, 14011
0.19524359703063965, 14010
0.19524359703063965, 14009
0.19524359703063965, 14008
0.196242094039917, 14007
0.196242094039917, 14006
0.196242094039917, 14005
0.196242094039917, 14004
0.196242094039917, 14003
0.196242094039917, 14002
0.196242094039917, 14001
0.196242094039917, 14000
0.196242094039917, 13999
0.196242094039917, 13998
0.196242094039917, 13997
0.196242094039917, 13996
0.196242094039917, 13995
0.196242094039917, 13994
0.196242094039917, 13993
0.19724249839782715, 13992
0.19724249839782715, 13991
0.19724249839782715, 13990
0.19724249839782715, 13989
0.19724249839782715, 13988
0.19724249839782715, 13987
0.19724249839782715, 13986
0.19724249839782715, 13985
0.19724249839782715, 13984
0.19724249839782715, 13983
0.19724249839782715, 13982
0.19724249839782715, 13981
0.19724249839782715, 13980
0.19724249839782715, 13979
0.19724249839782715, 13978
0.1982409954071045, 13977
0.1982409954071045, 13976
0.1982409954071045, 13975
0.1982409954071045, 13974
0.1982409954071045, 13973
0.1982409954071045, 13972
0.1982409954071045, 13971
0.1982409954071045, 13970
0.1982409954071045, 13969
0.1982409954071045, 13968
0.1982409954071045, 13967
0.1982409954071045, 13966
0.1982409954071045, 13965
0.1982409954071045, 13964
0.1982409954071045, 13963
0.19924044609069824, 13962
0.19924044609069824, 13961
0.19924044609069824, 13960
0.19924044609069824, 13959
0.19924044609069824, 13958
0.19924044609069824, 13957
0.19924044609069824, 13956
0.19924044609069824, 13955
0.19924044609069824, 13954
0.19924044609069824, 13953
0.19924044609069824, 13952
0.19924044609069824, 13951
0.19924044609069824, 13950
0.19924044609069824, 13949
0.19924044609069824, 13948
0.2002406120300293, 13947
0.2002406120300293, 13946
0.2002406120300293, 13945
0.2002406120300293, 13944
0.2002406120300293, 13943
0.2002406120300293, 13942
0.2002406120300293, 13941
0.2002406120300293, 13940
0.2002406120300293, 13939
0.2002406120300293, 13938
0.2002406120300293, 13937
0.2002406120300293, 13936
0.2002406120300293, 13935
0.2002406120300293, 13934
0.2002406120300293, 13933
0.2002406120300293, 13932
0.20124125480651855, 13931
0.20124125480651855, 13930
0.20124125480651855, 13929
0.20124125480651855, 13928
0.20124125480651855, 13927
0.20124125480651855, 13926
0.20124125480651855, 13925
0.20124125480651855, 13924
0.20124125480651855, 13923
0.20124125480651855, 13922
0.20124125480651855, 13921
0.20124125480651855, 13920
0.20124125480651855, 13919
0.20124125480651855, 13918
0.20224237442016602, 13917
0.20224237442016602, 13916
0.20224237442016602, 13915
0.20224237442016602, 13914
0.20224237442016602, 13913
0.20224237442016602, 13912
0.20224237442016602, 13911
0.20224237442016602, 13910
0.20224237442016602, 13909
0.20224237442016602, 13908
0.20224237442016602, 13907
0.20224237442016602, 13906
0.20324039459228516, 13905
0.20324039459228516, 13904
0.20324039459228516, 13903
0.20324039459228516, 13902
0.20324039459228516, 13901
0.20324039459228516, 13900
0.20324039459228516, 13899
0.20324039459228516, 13898
0.20324039459228516, 13897
0.20324039459228516, 13896
0.20324039459228516, 13895
0.20324039459228516, 13894
0.20324039459228516, 13893
0.20324039459228516, 13892
0.20424103736877441, 13891
0.20424103736877441, 13890
0.20424103736877441, 13889
0.20424103736877441, 13888
0.20424103736877441, 13887
0.20424103736877441, 13886
0.20424103736877441, 13885
0.20424103736877441, 13884
0.20424103736877441, 13883
0.20424103736877441, 13882
0.20424103736877441, 13881
0.20424103736877441, 13880
0.20424103736877441, 13879
0.20424103736877441, 13878
0.20424103736877441, 13877
0.20524311065673828, 13876
0.20524311065673828, 13875
0.20524311065673828, 13874
0.20524311065673828, 13873
0.20524311065673828, 13872
0.20524311065673828, 13871
0.20524311065673828, 13870
0.20524311065673828, 13869
0.20524311065673828, 13868
0.20524311065673828, 13867
0.20524311065673828, 13866
0.20597434043884277, 13865
0.20597434043884277, 13864
0.20597434043884277, 13863
0.20597434043884277, 13862
0.20624327659606934, 13861
0.20624327659606934, 13860
0.20640969276428223, 13859
0.20640969276428223, 13858
0.20640969276428223, 13857
0.20640969276428223, 13856
0.20640969276428223, 13855
0.20640969276428223, 13854
0.20640969276428223, 13853
0.20640969276428223, 13852
0.20640969276428223, 13851
0.20640969276428223, 13850
0.20640969276428223, 13849
0.20640969276428223, 13848
0.20724153518676758, 13847
0.20724153518676758, 13846
0.20724153518676758, 13845
0.20724153518676758, 13844
0.20724153518676758, 13843
0.20724153518676758, 13842
0.20724153518676758, 13841
0.20724153518676758, 13840
0.20724153518676758, 13839
0.20724153518676758, 13838
0.20724153518676758, 13837
0.20824027061462402, 13836
0.20824027061462402, 13835
0.20824027061462402, 13834
0.20824027061462402, 13833
0.20824027061462402, 13832
0.20824027061462402, 13831
0.20824027061462402, 13830
0.20824027061462402, 13829
0.20824027061462402, 13828
0.20897293090820312, 13827
0.20897293090820312, 13826
0.209242582321167, 13825
0.209242582321167, 13824
0.209242582321167, 13823
0.209242582321167, 13822
0.209242582321167, 13821
0.209242582321167, 13820
0.209242582321167, 13819
0.209242582321167, 13818
0.209242582321167, 13817
0.209242582321167, 13816
0.209242582321167, 13815
0.21024012565612793, 13814
0.21024012565612793, 13813
0.21024012565612793, 13812
0.21024012565612793, 13811
0.21024012565612793, 13810
0.21024012565612793, 13809
0.21024012565612793, 13808
0.21024012565612793, 13807
0.21024012565612793, 13806
0.21024012565612793, 13805
0.21123957633972168, 13804
0.21123957633972168, 13803
0.21123957633972168, 13802
0.21123957633972168, 13801
0.21123957633972168, 13800
0.21123957633972168, 13799
0.21123957633972168, 13798
0.21123957633972168, 13797
0.21123957633972168, 13796
0.21123957633972168, 13795
0.21123957633972168, 13794
0.21224117279052734, 13793
0.21224117279052734, 13792
0.21234822273254395, 13791
0.21234822273254395, 13790
0.21234822273254395, 13789
0.21234822273254395, 13788
0.21234822273254395, 13787
0.21234822273254395, 13786
0.21234822273254395, 13785
0.21234822273254395, 13784
0.2132401466369629, 13783
0.2132401466369629, 13782
0.2132401466369629, 13781
0.2132401466369629, 13780
0.2132401466369629, 13779
0.2132401466369629, 13778
0.2132401466369629, 13777
0.2132401466369629, 13776
0.2132401466369629, 13775
0.2132401466369629, 13774
0.2132401466369629, 13773
0.2132401466369629, 13772
0.2132401466369629, 13771
0.21423983573913574, 13770
0.21423983573913574, 13769
0.21423983573913574, 13768
0.21423983573913574, 13767
0.21423983573913574, 13766
0.21423983573913574, 13765
0.21423983573913574, 13764
0.21423983573913574, 13763
0.21423983573913574, 13762
0.21423983573913574, 13761
0.2149336338043213, 13760
0.2149336338043213, 13759
0.2149336338043213, 13758
0.2149336338043213, 13757
0.2152400016784668, 13756
0.2152400016784668, 13755
0.2152400016784668, 13754
0.2152400016784668, 13753
0.2152400016784668, 13752
0.2152400016784668, 13751
0.2152400016784668, 13750
0.2152400016784668, 13749
0.2152400016784668, 13748
0.2152400016784668, 13747
0.2152400016784668, 13746
0.2152400016784668, 13745
0.2152400016784668, 13744
0.2152400016784668, 13743
0.2152400016784668, 13742
0.2152400016784668, 13741
0.21624112129211426, 13740
0.21624112129211426, 13739
0.21624112129211426, 13738
0.21624112129211426, 13737
0.21624112129211426, 13736
0.21624112129211426, 13735
0.21624112129211426, 13734
0.21624112129211426, 13733
0.21624112129211426, 13732
0.21624112129211426, 13731
0.21624112129211426, 13730
0.21624112129211426, 13729
2.5391879081726074, 13728
2.5401875972747803, 13727
2.5401875972747803, 13726
2.5401875972747803, 13725
2.5401875972747803, 13724
2.5401875972747803, 13723
2.5401875972747803, 13722
2.5401875972747803, 13721
2.5401875972747803, 13720
2.5401875972747803, 13719
2.5401875972747803, 13718
2.5401875972747803, 13717
2.5401875972747803, 13716
2.5401875972747803, 13715
2.5401875972747803, 13714
2.5411880016326904, 13713
2.5411880016326904, 13712
2.5411880016326904, 13711
2.5411880016326904, 13710
2.5411880016326904, 13709
2.5411880016326904, 13708
2.5411880016326904, 13707
2.5411880016326904, 13706
2.5411880016326904, 13705
2.5411880016326904, 13704
2.5411880016326904, 13703
2.5411880016326904, 13702
2.5411880016326904, 13701
2.5411880016326904, 13700
2.5421886444091797, 13699
2.5421886444091797, 13698
2.5421886444091797, 13697
2.5421886444091797, 13696
2.5421886444091797, 13695
2.5421886444091797, 13694
2.5421886444091797, 13693
2.5421886444091797, 13692
2.5421886444091797, 13691
2.5421886444091797, 13690
2.5421886444091797, 13689
2.5421886444091797, 13688
2.5421886444091797, 13687
2.5431883335113525, 13686
2.5431883335113525, 13685
2.5431883335113525, 13684
2.5431883335113525, 13683
2.5431883335113525, 13682
2.5431883335113525, 13681
2.5431883335113525, 13680
2.5431883335113525, 13679
2.5431883335113525, 13678
2.5431883335113525, 13677
2.5431883335113525, 13676
2.5431883335113525, 13675
2.5431883335113525, 13674
2.5431883335113525, 13673
2.5441887378692627, 13672
2.5441887378692627, 13671
2.5441887378692627, 13670
2.5441887378692627, 13669
2.5441887378692627, 13668
2.5441887378692627, 13667
2.5441887378692627, 13666
2.5441887378692627, 13665
2.5441887378692627, 13664
2.5441887378692627, 13663
2.5441887378692627, 13662
2.5441887378692627, 13661
2.5441887378692627, 13660
2.5441887378692627, 13659
2.54518723487854, 13658
2.54518723487854, 13657
2.54518723487854, 13656
2.54518723487854, 13655
2.54518723487854, 13654
2.54518723487854, 13653
2.54518723487854, 13652
2.54518723487854, 13651
2.54518723487854, 13650
2.54518723487854, 13649
2.54518723487854, 13648
2.54518723487854, 13647
2.54518723487854, 13646
2.54518723487854, 13645
2.54518723487854, 13644
2.5461864471435547, 13643
2.5461864471435547, 13642
2.5461864471435547, 13641
2.5461864471435547, 13640
2.5461864471435547, 13639
2.5461864471435547, 13638
2.5461864471435547, 13637
2.5461864471435547, 13636
2.5461864471435547, 13635
2.5461864471435547, 13634
2.5461864471435547, 13633
2.5461864471435547, 13632
2.5461864471435547, 13631
2.5461864471435547, 13630
2.5471866130828857, 13629
2.5471866130828857, 13628
2.5471866130828857, 13627
2.5471866130828857, 13626
2.5471866130828857, 13625
2.5471866130828857, 13624
2.5471866130828857, 13623
2.5471866130828857, 13622
2.5471866130828857, 13621
2.5471866130828857, 13620
2.5471866130828857, 13619
2.5471866130828857, 13618
2.5471866130828857, 13617
2.5471866130828857, 13616
2.5471866130828857, 13615
2.5481863021850586, 13614
2.5481863021850586, 13613
2.5481863021850586, 13612
2.5481863021850586, 13611
2.5481863021850586, 13610
2.5481863021850586, 13609
2.5481863021850586, 13608
2.5481863021850586, 13607
2.5481863021850586, 13606
2.5481863021850586, 13605
2.5481863021850586, 13604
2.5481863021850586, 13603
2.5481863021850586, 13602
2.5481863021850586, 13601
2.5491864681243896, 13600
2.5491864681243896, 13599
2.5491864681243896, 13598
2.5491864681243896, 13597
2.5491864681243896, 13596
2.5491864681243896, 13595
2.5491864681243896, 13594
2.5491864681243896, 13593
2.5491864681243896, 13592
2.5491864681243896, 13591
2.5491864681243896, 13590
2.5491864681243896, 13589
2.5491864681243896, 13588
2.5491864681243896, 13587
2.5491864681243896, 13586
2.5501866340637207, 13585
2.5501866340637207, 13584
2.5501866340637207, 13583
2.5501866340637207, 13582
2.5501866340637207, 13581
2.5501866340637207, 13580
2.5501866340637207, 13579
2.5501866340637207, 13578
2.5501866340637207, 13577
2.5501866340637207, 13576
2.5501866340637207, 13575
2.5501866340637207, 13574
2.5501866340637207, 13573
2.5501866340637207, 13572
2.5511865615844727, 13571
2.5511865615844727, 13570
2.5511865615844727, 13569
2.5511865615844727, 13568
2.5511865615844727, 13567
2.5511865615844727, 13566
2.5511865615844727, 13565
2.5511865615844727, 13564
2.5511865615844727, 13563
2.5511865615844727, 13562
2.5511865615844727, 13561
2.5511865615844727, 13560
2.5511865615844727, 13559
2.5511865615844727, 13558
2.5511865615844727, 13557
2.552203416824341, 13556
2.552203416824341, 13555
2.552203416824341, 13554
2.552203416824341, 13553
2.552203416824341, 13552
2.552203416824341, 13551
2.552203416824341, 13550
2.552203416824341, 13549
2.552203416824341, 13548
2.552203416824341, 13547
2.552203416824341, 13546
2.552203416824341, 13545
2.552203416824341, 13544
2.552203416824341, 13543
2.552203416824341, 13542
2.553203582763672, 13541
2.553203582763672, 13540
2.553203582763672, 13539
2.553203582763672, 13538
2.553203582763672, 13537
2.553203582763672, 13536
2.553203582763672, 13535
2.553203582763672, 13534
2.553203582763672, 13533
2.553203582763672, 13532
2.553203582763672, 13531
2.553203582763672, 13530
2.553203582763672, 13529
2.553203582763672, 13528
2.554203510284424, 13527
2.554203510284424, 13526
2.554203510284424, 13525
2.554203510284424, 13524
2.554203510284424, 13523
2.554203510284424, 13522
2.554615020751953, 13521
2.554615020751953, 13520
2.554615020751953, 13519
2.554615020751953, 13518
2.554615020751953, 13517
2.554615020751953, 13516
2.554615020751953, 13515
2.554615020751953, 13514
2.554615020751953, 13513
2.555203437805176, 13512
2.555203437805176, 13511
2.555203437805176, 13510
2.555203437805176, 13509
2.555203437805176, 13508
2.555203437805176, 13507
2.555203437805176, 13506
2.555203437805176, 13505
2.555203437805176, 13504
2.555203437805176, 13503
3.469407558441162, 13502
3.470417022705078, 13501
3.470417022705078, 13500
3.470417022705078, 13499
3.470417022705078, 13498
3.470417022705078, 13497
3.470417022705078, 13496
3.470417022705078, 13495
3.470417022705078, 13494
3.470417022705078, 13493
3.470417022705078, 13492
3.470417022705078, 13491
3.470417022705078, 13490
3.470417022705078, 13489
3.471417188644409, 13488
3.471417188644409, 13487
3.471417188644409, 13486
3.471417188644409, 13485
3.471417188644409, 13484
3.471417188644409, 13483
3.471417188644409, 13482
3.471417188644409, 13481
3.471417188644409, 13480
3.471417188644409, 13479
3.471417188644409, 13478
3.471417188644409, 13477
3.471417188644409, 13476
3.471417188644409, 13475
3.472416639328003, 13474
3.472416639328003, 13473
3.472416639328003, 13472
3.472416639328003, 13471
3.472416639328003, 13470
3.472416639328003, 13469
3.472416639328003, 13468
3.472416639328003, 13467
3.472416639328003, 13466
3.472416639328003, 13465
3.472416639328003, 13464
3.472416639328003, 13463
3.472416639328003, 13462
3.472416639328003, 13461
3.473416328430176, 13460
3.473416328430176, 13459
3.473416328430176, 13458
3.473416328430176, 13457
3.473416328430176, 13456
3.473416328430176, 13455
3.473416328430176, 13454
3.473947525024414, 13453
3.473947525024414, 13452
3.473947525024414, 13451
3.473947525024414, 13450
3.473947525024414, 13449
3.473947525024414, 13448
3.473947525024414, 13447
3.4744162559509277, 13446
3.4744162559509277, 13445
3.4744162559509277, 13444
3.4744162559509277, 13443
3.4744162559509277, 13442
3.4744162559509277, 13441
3.4744162559509277, 13440
3.4744162559509277, 13439
3.4744162559509277, 13438
3.4744162559509277, 13437
3.4744162559509277, 13436
3.4744162559509277, 13435
3.4744162559509277, 13434
3.4744162559509277, 13433
3.4754159450531006, 13432
3.4754159450531006, 13431
3.4754159450531006, 13430
3.4754159450531006, 13429
3.4754159450531006, 13428
3.4754159450531006, 13427
3.4754159450531006, 13426
3.4754159450531006, 13425
3.4754159450531006, 13424
3.4754159450531006, 13423
3.4754159450531006, 13422
3.4754159450531006, 13421
3.4754159450531006, 13420
3.4754159450531006, 13419
3.4764161109924316, 13418
3.4764161109924316, 13417
3.4764161109924316, 13416
3.4764161109924316, 13415
3.4764161109924316, 13414
3.4764161109924316, 13413
3.4764161109924316, 13412
3.4764161109924316, 13411
3.4764161109924316, 13410
3.4764161109924316, 13409
3.4764161109924316, 13408
3.4764161109924316, 13407
3.4764161109924316, 13406
3.4764161109924316, 13405
3.4774160385131836, 13404
3.4774160385131836, 13403
3.4774160385131836, 13402
3.4774160385131836, 13401
3.4774160385131836, 13400
3.4774160385131836, 13399
3.4774160385131836, 13398
3.4774160385131836, 13397
3.4774160385131836, 13396
3.4774160385131836, 13395
3.4774160385131836, 13394
3.4774160385131836, 13393
3.4774160385131836, 13392
3.4774160385131836, 13391
3.478416919708252, 13390
3.478416919708252, 13389
3.478416919708252, 13388
3.478416919708252, 13387
3.478416919708252, 13386
3.478416919708252, 13385
3.478416919708252, 13384
3.478416919708252, 13383
3.478416919708252, 13382
3.4791269302368164, 13381
3.4791269302368164, 13380
3.4791269302368164, 13379
3.4791269302368164, 13378
3.4794161319732666, 13377
3.4794161319732666, 13376
3.4794161319732666, 13375
3.4794161319732666, 13374
3.4794161319732666, 13373
3.4794161319732666, 13372
3.4794161319732666, 13371
3.4794161319732666, 13370
3.4794161319732666, 13369
3.4794161319732666, 13368
3.4794161319732666, 13367
3.4794161319732666, 13366
3.4794161319732666, 13365
3.4794161319732666, 13364
3.4804158210754395, 13363
3.4804158210754395, 13362
3.4804158210754395, 13361
3.4804158210754395, 13360
3.4804158210754395, 13359
3.4804158210754395, 13358
3.4804158210754395, 13357
3.4804158210754395, 13356
3.4804158210754395, 13355
3.4804158210754395, 13354
3.4804158210754395, 13353
3.4804158210754395, 13352
3.4804158210754395, 13351
3.481417179107666, 13350
3.481417179107666, 13349
3.481417179107666, 13348
3.481417179107666, 13347
3.481417179107666, 13346
3.481417179107666, 13345
3.481417179107666, 13344
3.481417179107666, 13343
3.481417179107666, 13342
3.481417179107666, 13341
3.481417179107666, 13340
3.481417179107666, 13339
3.481417179107666, 13338
3.481417179107666, 13337
3.481417179107666, 13336
3.4824161529541016, 13335
3.4824161529541016, 13334
3.4824161529541016, 13333
3.4824161529541016, 13332
3.4824161529541016, 13331
3.4824161529541016, 13330
3.4824161529541016, 13329
3.4824161529541016, 13328
3.4824161529541016, 13327
3.4824161529541016, 13326
3.4824161529541016, 13325
3.4824161529541016, 13324
3.4824161529541016, 13323
3.483416795730591, 13322
3.483416795730591, 13321
3.483416795730591, 13320
3.483416795730591, 13319
3.483416795730591, 13318
3.483416795730591, 13317
3.483416795730591, 13316
3.483416795730591, 13315
3.483416795730591, 13314
3.483416795730591, 13313
3.483416795730591, 13312
3.483416795730591, 13311
3.483416795730591, 13310
3.483416795730591, 13309
3.483416795730591, 13308
3.484416961669922, 13307
3.484416961669922, 13306
3.484416961669922, 13305
3.484416961669922, 13304
3.484416961669922, 13303
3.484416961669922, 13302
3.484416961669922, 13301
3.484416961669922, 13300
3.484416961669922, 13299
3.484416961669922, 13298
3.484416961669922, 13297
3.484416961669922, 13296
3.484416961669922, 13295
3.4854164123535156, 13294
3.4854164123535156, 13293
3.4854164123535156, 13292
3.4854164123535156, 13291
3.4854164123535156, 13290
3.4854164123535156, 13289
3.4854164123535156, 13288
3.4854164123535156, 13287
3.4854164123535156, 13286
3.4854164123535156, 13285
3.4854164123535156, 13284
3.4854164123535156, 13283
3.4854164123535156, 13282
3.4854164123535156, 13281
3.4864161014556885, 13280
3.4864161014556885, 13279
3.4864161014556885, 13278
3.4864161014556885, 13277
3.4864161014556885, 13276
3.4864161014556885, 13275
3.4864161014556885, 13274
3.4864161014556885, 13273
3.4864161014556885, 13272
3.4864161014556885, 13271
3.4864161014556885, 13270
3.4864161014556885, 13269
3.4864161014556885, 13268
3.487416982650757, 13267
3.487416982650757, 13266
3.487416982650757, 13265
3.487416982650757, 13264
3.487416982650757, 13263
3.487416982650757, 13262
3.487416982650757, 13261
3.487416982650757, 13260
3.487416982650757, 13259
3.487416982650757, 13258
3.487416982650757, 13257
3.487416982650757, 13256
3.487416982650757, 13255
3.4884166717529297, 13254
3.4884166717529297, 13253
3.4884166717529297, 13252
3.4884166717529297, 13251
3.4884166717529297, 13250
3.4884166717529297, 13249
3.4884166717529297, 13248
3.4884166717529297, 13247
3.4884166717529297, 13246
3.4884166717529297, 13245
3.4884166717529297, 13244
3.4884166717529297, 13243
3.4884166717529297, 13242
3.489417314529419, 13241
3.489417314529419, 13240
3.489417314529419, 13239
3.489417314529419, 13238
3.489417314529419, 13237
3.489417314529419, 13236
3.489417314529419, 13235
3.489417314529419, 13234
3.489417314529419, 13233
3.489417314529419, 13232
3.489417314529419, 13231
3.489417314529419, 13230
3.489417314529419, 13229
3.489417314529419, 13228
3.490417003631592, 13227
3.490417003631592, 13226
3.490417003631592, 13225
3.490417003631592, 13224
3.490417003631592, 13223
3.490417003631592, 13222
3.490417003631592, 13221
3.490417003631592, 13220
3.490417003631592, 13219
3.490417003631592, 13218
3.490417003631592, 13217
3.490417003631592, 13216
3.490417003631592, 13215
3.490417003631592, 13214
3.490417003631592, 13213
3.4914159774780273, 13212
3.4914159774780273, 13211
3.4914159774780273, 13210
3.4914159774780273, 13209
3.4914159774780273, 13208
3.4914159774780273, 13207
3.4914159774780273, 13206
3.4914159774780273, 13205
3.4914159774780273, 13204
3.4914159774780273, 13203
3.4914159774780273, 13202
3.4914159774780273, 13201
3.4914159774780273, 13200
3.4914159774780273, 13199
3.4924163818359375, 13198
3.4924163818359375, 13197
3.4924163818359375, 13196
3.4924163818359375, 13195
3.4924163818359375, 13194
3.4924163818359375, 13193
3.4924163818359375, 13192
3.4924163818359375, 13191
3.4924163818359375, 13190
3.4924163818359375, 13189
3.4924163818359375, 13188
3.4924163818359375, 13187
3.4924163818359375, 13186
3.4934170246124268, 13185
3.4934170246124268, 13184
3.4934170246124268, 13183
3.4934170246124268, 13182
3.4934170246124268, 13181
3.4934170246124268, 13180
3.4934170246124268, 13179
3.4934170246124268, 13178
3.4934170246124268, 13177
3.4934170246124268, 13176
3.4934170246124268, 13175
3.4934170246124268, 13174
3.4934170246124268, 13173
3.4934170246124268, 13172
3.4944167137145996, 13171
3.4944167137145996, 13170
3.4944167137145996, 13169
3.4944167137145996, 13168
3.4944167137145996, 13167
3.4944167137145996, 13166
3.4944167137145996, 13165
3.4944167137145996, 13164
3.4944167137145996, 13163
3.4944167137145996, 13162
3.4944167137145996, 13161
3.4944167137145996, 13160
3.4944167137145996, 13159
3.4944167137145996, 13158
3.4954164028167725, 13157
3.4954164028167725, 13156
3.4954164028167725, 13155
3.4954164028167725, 13154
3.4954164028167725, 13153
3.4954164028167725, 13152
3.4954164028167725, 13151
3.4954164028167725, 13150
3.4954164028167725, 13149
3.4954164028167725, 13148
3.4954164028167725, 13147
3.4954164028167725, 13146
3.4954164028167725, 13145
3.4954164028167725, 13144
3.4964160919189453, 13143
3.4964160919189453, 13142
3.4964160919189453, 13141
3.4964160919189453, 13140
3.4964160919189453, 13139
3.4964160919189453, 13138
3.4964160919189453, 13137
3.4964160919189453, 13136
3.4964160919189453, 13135
3.4964160919189453, 13134
3.4964160919189453, 13133
3.4964160919189453, 13132
3.4964160919189453, 13131
3.4964160919189453, 13130
3.4974162578582764, 13129
3.4974162578582764, 13128
3.4974162578582764, 13127
3.4974162578582764, 13126
3.4974162578582764, 13125
3.4974162578582764, 13124
3.4974162578582764, 13123
3.4974162578582764, 13122
3.4974162578582764, 13121
3.4974162578582764, 13120
3.4974162578582764, 13119
3.4974162578582764, 13118
3.4974162578582764, 13117
3.4974162578582764, 13116
3.498415946960449, 13115
3.498415946960449, 13114
3.498415946960449, 13113
3.498415946960449, 13112
3.498415946960449, 13111
3.498415946960449, 13110
3.498415946960449, 13109
3.498415946960449, 13108
3.498415946960449, 13107
3.498415946960449, 13106
3.498415946960449, 13105
3.498415946960449, 13104
3.498415946960449, 13103
3.499415874481201, 13102
3.499415874481201, 13101
3.499415874481201, 13100
3.499415874481201, 13099
3.499415874481201, 13098
3.499415874481201, 13097
3.499415874481201, 13096
3.499415874481201, 13095
3.499415874481201, 13094
3.499415874481201, 13093
3.499415874481201, 13092
3.499415874481201, 13091
3.499415874481201, 13090
3.499415874481201, 13089
3.5004160404205322, 13088
3.5004160404205322, 13087
3.5004160404205322, 13086
3.5004160404205322, 13085
3.5004160404205322, 13084
3.5004160404205322, 13083
3.5004160404205322, 13082
3.5004160404205322, 13081
3.5004160404205322, 13080
3.5004160404205322, 13079
3.5004160404205322, 13078
3.5004160404205322, 13077
3.5004160404205322, 13076
3.5004160404205322, 13075
3.501495599746704, 13074
3.501495599746704, 13073
3.501495599746704, 13072
3.501495599746704, 13071
3.501495599746704, 13070
3.501495599746704, 13069
3.501495599746704, 13068
3.501495599746704, 13067
3.501495599746704, 13066
3.501495599746704, 13065
3.501495599746704, 13064
3.501495599746704, 13063
3.501495599746704, 13062
3.501495599746704, 13061
3.5025055408477783, 13060
3.5025055408477783, 13059
3.5025055408477783, 13058
3.5025055408477783, 13057
3.5025055408477783, 13056
3.5025055408477783, 13055
3.5025055408477783, 13054
3.5025055408477783, 13053
3.5025055408477783, 13052
3.5025055408477783, 13051
3.5025055408477783, 13050
3.5025055408477783, 13049
3.5025055408477783, 13048
3.5025055408477783, 13047
3.5035054683685303, 13046
3.5035054683685303, 13045
3.5035054683685303, 13044
3.5035054683685303, 13043
3.5035054683685303, 13042
3.5035054683685303, 13041
3.5035054683685303, 13040
3.5035054683685303, 13039
3.5035054683685303, 13038
3.5035054683685303, 13037
3.5035054683685303, 13036
3.5035054683685303, 13035
3.5035054683685303, 13034
3.504504442214966, 13033
3.504579782485962, 13032
3.504579782485962, 13031
3.504579782485962, 13030
3.504579782485962, 13029
3.504579782485962, 13028
3.504579782485962, 13027
3.504579782485962, 13026
3.504579782485962, 13025
3.504579782485962, 13024
3.504579782485962, 13023
3.504579782485962, 13022
3.504579782485962, 13021
3.504579782485962, 13020
3.505504608154297, 13019
3.505504608154297, 13018
3.505504608154297, 13017
3.505504608154297, 13016
3.505504608154297, 13015
3.505504608154297, 13014
3.505504608154297, 13013
3.505504608154297, 13012
3.505504608154297, 13011
3.505504608154297, 13010
3.505504608154297, 13009
3.505504608154297, 13008
3.505504608154297, 13007
3.505504608154297, 13006
3.506504535675049, 13005
3.506504535675049, 13004
3.506504535675049, 13003
3.506504535675049, 13002
3.506504535675049, 13001
3.506504535675049, 13000
3.506504535675049, 12999
3.506504535675049, 12998
3.506504535675049, 12997
3.506504535675049, 12996
3.506504535675049, 12995
3.506504535675049, 12994
3.506504535675049, 12993
3.506504535675049, 12992
3.507504463195801, 12991
3.507504463195801, 12990
3.507504463195801, 12989
3.507504463195801, 12988
3.507504463195801, 12987
3.507504463195801, 12986
3.507504463195801, 12985
3.507504463195801, 12984
3.507504463195801, 12983
3.507504463195801, 12982
3.507504463195801, 12981
3.507504463195801, 12980
3.507504463195801, 12979
3.507504463195801, 12978
3.5085043907165527, 12977
3.5085043907165527, 12976
3.5085043907165527, 12975
3.5085043907165527, 12974
3.5085043907165527, 12973
3.5085043907165527, 12972
3.5085043907165527, 12971
3.5085043907165527, 12970
3.5085043907165527, 12969
3.5085043907165527, 12968
3.5085043907165527, 12967
3.5085043907165527, 12966
3.5085043907165527, 12965
3.509504795074463, 12964
3.509504795074463, 12963
3.509504795074463, 12962
3.509504795074463, 12961
3.509504795074463, 12960
3.509504795074463, 12959
3.509504795074463, 12958
3.509504795074463, 12957
3.509504795074463, 12956
3.509504795074463, 12955
3.509504795074463, 12954
3.509504795074463, 12953
3.509504795074463, 12952
3.509504795074463, 12951
3.510504961013794, 12950
3.510504961013794, 12949
3.510504961013794, 12948
3.510504961013794, 12947
3.510504961013794, 12946
3.510504961013794, 12945
3.510504961013794, 12944
3.510504961013794, 12943
3.510504961013794, 12942
3.510504961013794, 12941
3.510504961013794, 12940
3.510504961013794, 12939
3.510504961013794, 12938
3.510504961013794, 12937
3.5115113258361816, 12936
4.26169753074646, 9867
4.26169753074646, 9866
4.26169753074646, 9865
4.26169753074646, 9864
4.26169753074646, 9863
4.26169753074646, 9862
4.26169753074646, 9861
4.26169753074646, 9860
4.26169753074646, 9859
4.26169753074646, 9858
4.26169753074646, 9857
4.262698173522949, 9856
4.262698173522949, 9855
4.262698173522949, 9854
4.262698173522949, 9853
4.262698173522949, 9852
4.262698173522949, 9851
4.262698173522949, 9850
4.262698173522949, 9849
4.262698173522949, 9848
4.262698173522949, 9847
4.262698173522949, 9846
4.262698173522949, 9845
4.263698577880859, 9844
4.263698577880859, 9843
4.263698577880859, 9842
4.263698577880859, 9841
4.263698577880859, 9840
