0.1857447624206543, 14042
0.18677377700805664, 14041
0.18677377700805664, 14040
0.18677377700805664, 14039
0.18677377700805664, 14038
0.18677377700805664, 14037
0.18677377700805664, 14036
0.18677377700805664, 14035
0.18677377700805664, 14034
0.18677377700805664, 14033
0.18677377700805664, 14032
0.18677377700805664, 14031
0.18677377700805664, 14030
0.18677377700805664, 14029
0.18677377700805664, 14028
0.18677377700805664, 14027
0.18677377700805664, 14026
0.1877727508544922, 14025
0.1877727508544922, 14024
0.1877727508544922, 14023
0.1877727508544922, 14022
0.1877727508544922, 14021
0.1877727508544922, 14020
0.1877727508544922, 14019
0.1877727508544922, 14018
0.1877727508544922, 14017
0.1877727508544922, 14016
0.1877727508544922, 14015
0.1877727508544922, 14014
0.1877727508544922, 14013
0.1877727508544922, 14012
0.1877727508544922, 14011
0.1877727508544922, 14010
0.18877291679382324, 14009
0.18877291679382324, 14008
0.18877291679382324, 14007
0.18877291679382324, 14006
0.18877291679382324, 14005
0.18877291679382324, 14004
0.18877291679382324, 14003
0.18877291679382324, 14002
0.18877291679382324, 14001
0.1894092559814453, 14000
0.1894092559814453, 13999
0.1894092559814453, 13998
0.1894092559814453, 13997
0.1894092559814453, 13996
0.1894092559814453, 13995
0.1897728443145752, 13994
0.1897728443145752, 13993
0.1897728443145752, 13992
0.1897728443145752, 13991
0.1897728443145752, 13990
0.1897728443145752, 13989
0.1897728443145752, 13988
0.1897728443145752, 13987
0.1897728443145752, 13986
0.1897728443145752, 13985
0.1897728443145752, 13984
0.1897728443145752, 13983
0.1897728443145752, 13982
0.1897728443145752, 13981
0.1897728443145752, 13980
0.19077301025390625, 13979
0.19077301025390625, 13978
0.19077301025390625, 13977
0.19077301025390625, 13976
0.19077301025390625, 13975
0.19077301025390625, 13974
0.19077301025390625, 13973
0.19077301025390625, 13972
0.19077301025390625, 13971
0.19077301025390625, 13970
0.19077301025390625, 13969
0.1917738914489746, 13968
0.1917738914489746, 13967
0.1917738914489746, 13966
0.1917738914489746, 13965
0.1917738914489746, 13964
0.1917738914489746, 13963
0.1917738914489746, 13962
0.1917738914489746, 13961
0.1917738914489746, 13960
0.1917738914489746, 13959
0.1917738914489746, 13958
0.1917738914489746, 13957
0.1917738914489746, 13956
0.1917738914489746, 13955
0.1917738914489746, 13954
0.19277358055114746, 13953
0.19277358055114746, 13952
0.19277358055114746, 13951
0.19277358055114746, 13950
0.19277358055114746, 13949
0.19277358055114746, 13948
0.19277358055114746, 13947
0.19277358055114746, 13946
0.19277358055114746, 13945
0.19277358055114746, 13944
0.19277358055114746, 13943
0.19277358055114746, 13942
0.19277358055114746, 13941
0.19277358055114746, 13940
0.19277358055114746, 13939
0.19277358055114746, 13938
0.1937727928161621, 13937
0.1937727928161621, 13936
0.1937727928161621, 13935
0.1937727928161621, 13934
0.1937727928161621, 13933
0.1937727928161621, 13932
0.1937727928161621, 13931
0.1937727928161621, 13930
0.1937727928161621, 13929
0.1937727928161621, 13928
0.1937727928161621, 13927
0.1937727928161621, 13926
0.1937727928161621, 13925
0.1937727928161621, 13924
0.1937727928161621, 13923
0.19477295875549316, 13922
0.19484472274780273, 13921
0.19484472274780273, 13920
0.19484472274780273, 13919
0.19484472274780273, 13918
0.19484472274780273, 13917
0.19484472274780273, 13916
0.19484472274780273, 13915
0.19484472274780273, 13914
0.19484472274780273, 13913
0.19484472274780273, 13912
0.19484472274780273, 13911
0.19484472274780273, 13910
0.19484472274780273, 13909
0.19484472274780273, 13908
0.19577503204345703, 13907
0.19577503204345703, 13906
0.19577503204345703, 13905
0.19577503204345703, 13904
0.19577503204345703, 13903
0.19577503204345703, 13902
0.19577503204345703, 13901
0.19577503204345703, 13900
0.19577503204345703, 13899
0.19577503204345703, 13898
0.19577503204345703, 13897
0.19577503204345703, 13896
0.19577503204345703, 13895
0.19577503204345703, 13894
0.19677281379699707, 13893
0.19677281379699707, 13892
0.19677281379699707, 13891
0.19677281379699707, 13890
0.19677281379699707, 13889
0.19677281379699707, 13888
0.19677281379699707, 13887
0.19677281379699707, 13886
0.19677281379699707, 13885
0.19677281379699707, 13884
0.19677281379699707, 13883
0.19677281379699707, 13882
0.19677281379699707, 13881
0.19677281379699707, 13880
0.19677281379699707, 13879
0.19777297973632812, 13878
0.19777297973632812, 13877
0.19777297973632812, 13876
0.19777297973632812, 13875
0.19777297973632812, 13874
0.19777297973632812, 13873
0.19777297973632812, 13872
0.19777297973632812, 13871
0.19777297973632812, 13870
0.19777297973632812, 13869
0.19777297973632812, 13868
0.19777297973632812, 13867
0.19777297973632812, 13866
0.19777297973632812, 13865
0.19777297973632812, 13864
0.19877338409423828, 13863
0.19877338409423828, 13862
0.19877338409423828, 13861
0.19877338409423828, 13860
0.19877338409423828, 13859
0.19877338409423828, 13858
0.19877338409423828, 13857
0.19877338409423828, 13856
0.19877338409423828, 13855
0.19877338409423828, 13854
0.19877338409423828, 13853
0.19877338409423828, 13852
0.19877338409423828, 13851
0.19877338409423828, 13850
0.19877338409423828, 13849
1.1797056198120117, 13848
1.1797056198120117, 13847
1.1797056198120117, 13846
1.1797056198120117, 13845
1.1797056198120117, 13844
1.1807060241699219, 13843
1.1807060241699219, 13842
1.1807060241699219, 13841
1.1807060241699219, 13840
1.1807060241699219, 13839
1.1807060241699219, 13838
1.1807060241699219, 13837
1.1807060241699219, 13836
1.1807060241699219, 13835
1.1807060241699219, 13834
1.1807060241699219, 13833
1.1807060241699219, 13832
1.1807060241699219, 13831
1.1817080974578857, 13830
1.1817080974578857, 13829
1.1817080974578857, 13828
1.1817080974578857, 13827
1.1817080974578857, 13826
1.1817080974578857, 13825
1.1817080974578857, 13824
1.1817080974578857, 13823
1.1817080974578857, 13822
1.1817080974578857, 13821
1.1817080974578857, 13820
1.1817080974578857, 13819
1.1817080974578857, 13818
1.1817080974578857, 13817
1.1817080974578857, 13816
1.182706594467163, 13815
1.182706594467163, 13814
1.182706594467163, 13813
1.182706594467163, 13812
1.182706594467163, 13811
1.182706594467163, 13810
1.182706594467163, 13809
1.182706594467163, 13808
1.182706594467163, 13807
1.182706594467163, 13806
1.182706594467163, 13805
1.182706594467163, 13804
1.182706594467163, 13803
1.182706594467163, 13802
1.182706594467163, 13801
1.1837069988250732, 13800
1.1837069988250732, 13799
1.1837069988250732, 13798
1.1837069988250732, 13797
1.1837069988250732, 13796
1.1837069988250732, 13795
1.1837069988250732, 13794
1.1837069988250732, 13793
1.1837069988250732, 13792
1.1837069988250732, 13791
1.1837069988250732, 13790
1.1837069988250732, 13789
1.1837069988250732, 13788
1.1837069988250732, 13787
1.1837069988250732, 13786
1.184706687927246, 13785
1.184706687927246, 13784
1.184706687927246, 13783
1.184706687927246, 13782
1.184706687927246, 13781
1.184706687927246, 13780
1.184706687927246, 13779
1.184706687927246, 13778
1.184706687927246, 13777
1.184706687927246, 13776
1.184706687927246, 13775
1.184706687927246, 13774
1.184706687927246, 13773
1.184706687927246, 13772
1.1857059001922607, 13771
1.1857059001922607, 13770
1.1857059001922607, 13769
1.1857059001922607, 13768
1.1857059001922607, 13767
1.1857059001922607, 13766
1.1857059001922607, 13765
1.1857059001922607, 13764
1.1857059001922607, 13763
1.1857059001922607, 13762
1.1857059001922607, 13761
1.1857059001922607, 13760
1.1857059001922607, 13759
1.1857059001922607, 13758
1.1857059001922607, 13757
1.186739444732666, 13756
1.186739444732666, 13755
1.186739444732666, 13754
1.186739444732666, 13753
1.186739444732666, 13752
1.186739444732666, 13751
1.186739444732666, 13750
1.186739444732666, 13749
1.186739444732666, 13748
1.186739444732666, 13747
1.186739444732666, 13746
1.186739444732666, 13745
1.186739444732666, 13744
1.186739444732666, 13743
1.186739444732666, 13742
1.187739372253418, 13741
1.187739372253418, 13740
1.187739372253418, 13739
1.187739372253418, 13738
1.187739372253418, 13737
1.187739372253418, 13736
1.187739372253418, 13735
1.187739372253418, 13734
1.187739372253418, 13733
1.187739372253418, 13732
1.187739372253418, 13731
1.187739372253418, 13730
1.187739372253418, 13729
1.187739372253418, 13728
1.187739372253418, 13727
1.1887390613555908, 13726
1.1887390613555908, 13725
1.1887390613555908, 13724
1.1887390613555908, 13723
1.1887390613555908, 13722
1.1887390613555908, 13721
1.1887390613555908, 13720
1.1887390613555908, 13719
1.1887390613555908, 13718
1.1887390613555908, 13717
1.1887390613555908, 13716
1.1887390613555908, 13715
1.1887390613555908, 13714
1.1897389888763428, 13713
1.1897389888763428, 13712
1.1897389888763428, 13711
1.1897389888763428, 13710
1.1897389888763428, 13709
1.1897389888763428, 13708
1.1897389888763428, 13707
1.1897389888763428, 13706
1.1897389888763428, 13705
1.1897389888763428, 13704
1.1897389888763428, 13703
1.1897389888763428, 13702
1.1897389888763428, 13701
1.1897389888763428, 13700
1.1897389888763428, 13699
1.190739631652832, 13698
1.190739631652832, 13697
1.190739631652832, 13696
1.190739631652832, 13695
1.190739631652832, 13694
1.190739631652832, 13693
1.190739631652832, 13692
1.190739631652832, 13691
1.190739631652832, 13690
1.190739631652832, 13689
1.190739631652832, 13688
1.190739631652832, 13687
1.190739631652832, 13686
1.190739631652832, 13685
1.190739631652832, 13684
1.1917393207550049, 13683
1.1917393207550049, 13682
1.1917393207550049, 13681
1.1917393207550049, 13680
1.1917393207550049, 13679
1.1917393207550049, 13678
1.1917393207550049, 13677
1.1917393207550049, 13676
1.1917393207550049, 13675
1.1917393207550049, 13674
1.1917393207550049, 13673
1.1917393207550049, 13672
1.1917393207550049, 13671
1.1917393207550049, 13670
1.1917393207550049, 13669
1.192739725112915, 13668
1.192739725112915, 13667
1.192739725112915, 13666
1.192739725112915, 13665
1.192739725112915, 13664
1.192739725112915, 13663
1.192739725112915, 13662
1.192739725112915, 13661
1.192739725112915, 13660
1.192739725112915, 13659
1.192739725112915, 13658
1.192739725112915, 13657
1.192739725112915, 13656
1.192739725112915, 13655
1.192739725112915, 13654
1.1937391757965088, 13653
1.1937391757965088, 13652
1.1937391757965088, 13651
1.1937391757965088, 13650
1.1937391757965088, 13649
1.1937391757965088, 13648
1.1937391757965088, 13647
1.1937391757965088, 13646
1.1937391757965088, 13645
1.1937391757965088, 13644
1.1937391757965088, 13643
1.1937391757965088, 13642
1.1937391757965088, 13641
1.1937391757965088, 13640
1.1937391757965088, 13639
1.194739580154419, 13638
1.194739580154419, 13637
1.194739580154419, 13636
1.194739580154419, 13635
1.194739580154419, 13634
1.194739580154419, 13633
1.194739580154419, 13632
1.194739580154419, 13631
1.194739580154419, 13630
1.194739580154419, 13629
1.194739580154419, 13628
1.194739580154419, 13627
1.194739580154419, 13626
1.194739580154419, 13625
1.1957404613494873, 13624
1.1957404613494873, 13623
1.1957404613494873, 13622
1.1957404613494873, 13621
1.1957404613494873, 13620
1.1957404613494873, 13619
1.1957404613494873, 13618
1.1957404613494873, 13617
1.1957404613494873, 13616
1.1957404613494873, 13615
1.1957404613494873, 13614
1.1957404613494873, 13613
1.1957404613494873, 13612
1.1957404613494873, 13611
1.1967389583587646, 13610
1.1967389583587646, 13609
1.1967389583587646, 13608
1.1967389583587646, 13607
1.1967389583587646, 13606
1.1967389583587646, 13605
1.1967389583587646, 13604
1.1967389583587646, 13603
1.1967389583587646, 13602
1.1967389583587646, 13601
1.1967389583587646, 13600
1.1967389583587646, 13599
1.1967389583587646, 13598
1.1967389583587646, 13597
1.1967389583587646, 13596
1.1977388858795166, 13595
1.1977388858795166, 13594
1.1978929042816162, 13593
1.1978929042816162, 13592
1.1978929042816162, 13591
1.1978929042816162, 13590
1.1978929042816162, 13589
1.1978929042816162, 13588
1.1978929042816162, 13587
1.1978929042816162, 13586
1.1978929042816162, 13585
1.1978929042816162, 13584
1.1978929042816162, 13583
1.1978929042816162, 13582
1.1978929042816162, 13581
1.1987388134002686, 13580
1.1987388134002686, 13579
1.1987388134002686, 13578
1.1987388134002686, 13577
1.1987388134002686, 13576
1.1987388134002686, 13575
1.1987388134002686, 13574
1.1987388134002686, 13573
1.1987388134002686, 13572
1.1987388134002686, 13571
1.1987388134002686, 13570
1.1987388134002686, 13569
1.1987388134002686, 13568
1.1987388134002686, 13567
1.1987388134002686, 13566
1.1997387409210205, 13565
1.1997387409210205, 13564
1.1997387409210205, 13563
1.1997387409210205, 13562
1.1997387409210205, 13561
1.1997387409210205, 13560
1.1997387409210205, 13559
1.1997387409210205, 13558
1.1997387409210205, 13557
1.1997387409210205, 13556
1.1997387409210205, 13555
1.1997387409210205, 13554
1.1997387409210205, 13553
1.1997387409210205, 13552
1.2007386684417725, 13551
1.2007386684417725, 13550
1.2007386684417725, 13549
1.2007386684417725, 13548
1.2007386684417725, 13547
1.2007386684417725, 13546
1.2007386684417725, 13545
1.2007386684417725, 13544
1.2007386684417725, 13543
1.2007386684417725, 13542
1.2007386684417725, 13541
1.2007386684417725, 13540
1.2007386684417725, 13539
1.2007386684417725, 13538
1.2007386684417725, 13537
1.2017390727996826, 13536
1.2017390727996826, 13535
1.2017390727996826, 13534
1.2017390727996826, 13533
1.2017390727996826, 13532
1.2017390727996826, 13531
1.2017390727996826, 13530
1.2017390727996826, 13529
1.2017390727996826, 13528
1.2017390727996826, 13527
1.2017390727996826, 13526
1.2017390727996826, 13525
1.2017390727996826, 13524
1.2017390727996826, 13523
1.2017390727996826, 13522
1.2028179168701172, 13521
1.2028179168701172, 13520
1.2028179168701172, 13519
1.2028179168701172, 13518
1.2028179168701172, 13517
1.2028179168701172, 13516
1.2028179168701172, 13515
1.2028179168701172, 13514
1.2028179168701172, 13513
1.2028179168701172, 13512
1.2028179168701172, 13511
1.2028179168701172, 13510
1.2028179168701172, 13509
1.2028179168701172, 13508
1.2037391662597656, 13507
1.2037391662597656, 13506
1.2037391662597656, 13505
1.2037391662597656, 13504
1.2037391662597656, 13503
1.2037391662597656, 13502
1.2037391662597656, 13501
1.2037391662597656, 13500
1.2037391662597656, 13499
1.2037391662597656, 13498
1.2037391662597656, 13497
1.2037391662597656, 13496
1.2037391662597656, 13495
1.2037391662597656, 13494
1.2037391662597656, 13493
1.2047483921051025, 13492
3.230628728866577, 13491
3.230628728866577, 13490
3.230628728866577, 13489
3.230628728866577, 13488
3.230628728866577, 13487
3.231628656387329, 13486
3.231628656387329, 13485
3.231628656387329, 13484
3.231628656387329, 13483
3.231628656387329, 13482
3.231628656387329, 13481
3.231628656387329, 13480
3.231628656387329, 13479
3.231628656387329, 13478
3.231628656387329, 13477
3.231628656387329, 13476
3.231628656387329, 13475
3.231628656387329, 13474
3.231628656387329, 13473
3.232628345489502, 13472
3.2327122688293457, 13471
3.2327122688293457, 13470
3.2327122688293457, 13469
3.2327122688293457, 13468
3.2327122688293457, 13467
3.2327122688293457, 13466
3.2327122688293457, 13465
3.2327122688293457, 13464
3.2327122688293457, 13463
3.2327122688293457, 13462
3.2327122688293457, 13461
3.2327122688293457, 13460
3.233628749847412, 13459
3.233628749847412, 13458
3.233628749847412, 13457
3.233628749847412, 13456
3.233628749847412, 13455
3.233628749847412, 13454
3.233628749847412, 13453
3.233628749847412, 13452
3.233628749847412, 13451
3.233628749847412, 13450
3.233628749847412, 13449
3.233628749847412, 13448
3.233628749847412, 13447
3.233628749847412, 13446
3.234628677368164, 13445
3.234628677368164, 13444
3.234628677368164, 13443
3.234628677368164, 13442
3.234628677368164, 13441
3.234628677368164, 13440
3.234628677368164, 13439
3.234628677368164, 13438
3.234628677368164, 13437
3.234628677368164, 13436
3.234628677368164, 13435
3.234628677368164, 13434
3.234628677368164, 13433
3.234628677368164, 13432
3.235628843307495, 13431
3.235628843307495, 13430
3.235628843307495, 13429
3.235628843307495, 13428
3.235628843307495, 13427
3.235628843307495, 13426
3.235628843307495, 13425
3.235628843307495, 13424
3.235628843307495, 13423
3.235628843307495, 13422
3.235628843307495, 13421
3.235628843307495, 13420
3.235628843307495, 13419
3.235628843307495, 13418
3.236628532409668, 13417
3.236628532409668, 13416
3.2367284297943115, 13415
3.2367284297943115, 13414
3.2367284297943115, 13413
3.2367284297943115, 13412
3.2367284297943115, 13411
3.2367284297943115, 13410
3.2367284297943115, 13409
3.2367284297943115, 13408
3.2367284297943115, 13407
3.2367284297943115, 13406
3.2367284297943115, 13405
3.2367284297943115, 13404
3.237628698348999, 13403
3.237628698348999, 13402
3.237628698348999, 13401
3.237628698348999, 13400
3.237628698348999, 13399
3.237628698348999, 13398
3.237628698348999, 13397
3.237628698348999, 13396
3.237628698348999, 13395
3.237628698348999, 13394
3.237628698348999, 13393
3.237628698348999, 13392
3.237628698348999, 13391
3.237628698348999, 13390
3.238628625869751, 13389
3.238628625869751, 13388
3.238628625869751, 13387
3.238628625869751, 13386
3.238628625869751, 13385
3.238628625869751, 13384
3.238628625869751, 13383
3.238628625869751, 13382
3.238628625869751, 13381
3.2392873764038086, 13380
3.2392873764038086, 13379
3.2392873764038086, 13378
3.2396295070648193, 13377
3.2396295070648193, 13376
3.2396295070648193, 13375
3.2396295070648193, 13374
3.2396295070648193, 13373
3.2396295070648193, 13372
3.2396295070648193, 13371
3.2396295070648193, 13370
3.2396295070648193, 13369
3.2396295070648193, 13368
3.2396295070648193, 13367
3.2396295070648193, 13366
3.2396295070648193, 13365
3.2396295070648193, 13364
3.240628719329834, 13363
3.240628719329834, 13362
3.240628719329834, 13361
3.240628719329834, 13360
3.240628719329834, 13359
3.240628719329834, 13358
3.240628719329834, 13357
3.240628719329834, 13356
3.240628719329834, 13355
3.240628719329834, 13354
3.240628719329834, 13353
3.240628719329834, 13352
3.240628719329834, 13351
3.240628719329834, 13350
3.241628408432007, 13349
3.241628408432007, 13348
3.241628408432007, 13347
3.241628408432007, 13346
3.241628408432007, 13345
3.241628408432007, 13344
3.241628408432007, 13343
3.241628408432007, 13342
3.241628408432007, 13341
3.241628408432007, 13340
3.241628408432007, 13339
3.241628408432007, 13338
3.241628408432007, 13337
3.242628574371338, 13336
3.242628574371338, 13335
3.242628574371338, 13334
3.242628574371338, 13333
3.242628574371338, 13332
3.242628574371338, 13331
3.242628574371338, 13330
3.242628574371338, 13329
3.242628574371338, 13328
3.242628574371338, 13327
3.242628574371338, 13326
3.242628574371338, 13325
3.242628574371338, 13324
6.7548723220825195, 13323
6.7548723220825195, 13322
6.755872488021851, 13321
6.755872488021851, 13320
6.755872488021851, 13319
6.755872488021851, 13318
6.755872488021851, 13317
6.755872488021851, 13316
6.755872488021851, 13315
6.755872488021851, 13314
6.755872488021851, 13313
6.755872488021851, 13312
6.755872488021851, 13311
6.755872488021851, 13310
6.755872488021851, 13309
6.755872488021851, 13308
6.755872488021851, 13307
6.756895542144775, 13306
6.756895542144775, 13305
6.756895542144775, 13304
6.756895542144775, 13303
6.756895542144775, 13302
6.756895542144775, 13301
6.756895542144775, 13300
6.756895542144775, 13299
6.756895542144775, 13298
6.756895542144775, 13297
6.756895542144775, 13296
6.756895542144775, 13295
6.756895542144775, 13294
6.756895542144775, 13293
6.756895542144775, 13292
6.757895231246948, 13291
6.757895231246948, 13290
6.757895231246948, 13289
6.757895231246948, 13288
6.757895231246948, 13287
6.757895231246948, 13286
6.757895231246948, 13285
6.757895231246948, 13284
6.757895231246948, 13283
6.757895231246948, 13282
6.757895231246948, 13281
6.757895231246948, 13280
6.757895231246948, 13279
6.757895231246948, 13278
6.7588951587677, 13277
6.7588951587677, 13276
6.7588951587677, 13275
6.7588951587677, 13274
6.7588951587677, 13273
6.7588951587677, 13272
6.7588951587677, 13271
6.7588951587677, 13270
6.7588951587677, 13269
6.7588951587677, 13268
6.7588951587677, 13267
6.7588951587677, 13266
6.7588951587677, 13265
6.7588951587677, 13264
6.7588951587677, 13263
6.759895324707031, 13262
6.759895324707031, 13261
6.759895324707031, 13260
6.759895324707031, 13259
6.759895324707031, 13258
6.759895324707031, 13257
6.759895324707031, 13256
6.759895324707031, 13255
6.759895324707031, 13254
6.759895324707031, 13253
6.759895324707031, 13252
6.759895324707031, 13251
6.759895324707031, 13250
6.759895324707031, 13249
6.760895252227783, 13248
6.760895252227783, 13247
6.760895252227783, 13246
6.760895252227783, 13245
6.760895252227783, 13244
6.760895252227783, 13243
6.760895252227783, 13242
6.760895252227783, 13241
6.760895252227783, 13240
6.760895252227783, 13239
6.760895252227783, 13238
6.760895252227783, 13237
6.760895252227783, 13236
6.760895252227783, 13235
6.760895252227783, 13234
6.761895179748535, 13233
6.761895179748535, 13232
6.761895179748535, 13231
6.761895179748535, 13230
6.761895179748535, 13229
6.761895179748535, 13228
6.761895179748535, 13227
6.761895179748535, 13226
6.761895179748535, 13225
6.761895179748535, 13224
6.761895179748535, 13223
6.761895179748535, 13222
6.761895179748535, 13221
6.761895179748535, 13220
6.762895107269287, 13219
6.762895107269287, 13218
6.762895107269287, 13217
6.762895107269287, 13216
6.762895107269287, 13215
6.762895107269287, 13214
6.762895107269287, 13213
6.762895107269287, 13212
6.762895107269287, 13211
6.762895107269287, 13210
6.762895107269287, 13209
6.762895107269287, 13208
6.762895107269287, 13207
6.762895107269287, 13206
6.76389479637146, 13205
6.76389479637146, 13204
6.76389479637146, 13203
6.76389479637146, 13202
6.76389479637146, 13201
6.76389479637146, 13200
6.76389479637146, 13199
6.76389479637146, 13198
6.76389479637146, 13197
6.76389479637146, 13196
6.76389479637146, 13195
6.76389479637146, 13194
6.76389479637146, 13193
6.76389479637146, 13192
6.76489520072937, 13191
6.76489520072937, 13190
6.76489520072937, 13189
6.76489520072937, 13188
6.76489520072937, 13187
6.76489520072937, 13186
6.76489520072937, 13185
6.76489520072937, 13184
6.76489520072937, 13183
6.76489520072937, 13182
6.76489520072937, 13181
6.76589560508728, 13180
6.76589560508728, 13179
