0.17490196228027344, 13985
0.17490196228027344, 13984
0.17490196228027344, 13983
0.17490196228027344, 13982
0.17490196228027344, 13981
0.17490196228027344, 13980
0.17490196228027344, 13979
0.17490196228027344, 13978
0.17490196228027344, 13977
0.17490196228027344, 13976
0.17490196228027344, 13975
0.1758403778076172, 13974
0.1758403778076172, 13973
0.1758403778076172, 13972
0.1758403778076172, 13971
0.1758403778076172, 13970
0.1758403778076172, 13969
0.1758403778076172, 13968
0.1758403778076172, 13967
0.1758403778076172, 13966
0.1758403778076172, 13965
0.1758403778076172, 13964
0.1758403778076172, 13963
0.1758403778076172, 13962
0.1758403778076172, 13961
0.1758403778076172, 13960
0.17684078216552734, 13959
0.1768965721130371, 13958
0.1768965721130371, 13957
0.1768965721130371, 13956
0.1768965721130371, 13955
0.1768965721130371, 13954
0.1768965721130371, 13953
0.1768965721130371, 13952
0.1768965721130371, 13951
0.1768965721130371, 13950
0.1768965721130371, 13949
0.1768965721130371, 13948
0.1768965721130371, 13947
0.1768965721130371, 13946
0.1768965721130371, 13945
0.1768965721130371, 13944
0.1778409481048584, 13943
0.1778409481048584, 13942
0.1778409481048584, 13941
0.1778409481048584, 13940
0.1778409481048584, 13939
0.1778409481048584, 13938
0.1778409481048584, 13937
0.1778409481048584, 13936
0.1778409481048584, 13935
0.1778409481048584, 13934
0.1778409481048584, 13933
0.1778409481048584, 13932
0.1778409481048584, 13931
0.1778409481048584, 13930
0.17884087562561035, 13929
0.17884087562561035, 13928
0.17884087562561035, 13927
0.17884087562561035, 13926
0.17884087562561035, 13925
0.17884087562561035, 13924
0.17884087562561035, 13923
0.17884087562561035, 13922
0.17884087562561035, 13921
0.17884087562561035, 13920
0.17884087562561035, 13919
0.17884087562561035, 13918
0.17884087562561035, 13917
0.17884087562561035, 13916
0.17884087562561035, 13915
0.17984342575073242, 13914
0.17984342575073242, 13913
0.17984342575073242, 13912
0.17984342575073242, 13911
0.17984342575073242, 13910
0.17984342575073242, 13909
0.17984342575073242, 13908
0.17984342575073242, 13907
0.17984342575073242, 13906
0.17984342575073242, 13905
0.17984342575073242, 13904
0.17984342575073242, 13903
0.17984342575073242, 13902
0.17984342575073242, 13901
0.17984342575073242, 13900
0.18083977699279785, 13899
0.18083977699279785, 13898
0.18083977699279785, 13897
0.18083977699279785, 13896
0.18083977699279785, 13895
0.18083977699279785, 13894
0.18083977699279785, 13893
0.18083977699279785, 13892
0.18083977699279785, 13891
0.18083977699279785, 13890
0.18083977699279785, 13889
0.18083977699279785, 13888
0.18083977699279785, 13887
0.18083977699279785, 13886
0.18083977699279785, 13885
0.18083977699279785, 13884
0.1818397045135498, 13883
0.1818397045135498, 13882
0.1818397045135498, 13881
0.1818397045135498, 13880
0.1818397045135498, 13879
0.1818397045135498, 13878
0.1818397045135498, 13877
0.1818397045135498, 13876
0.1818397045135498, 13875
0.182417631149292, 13874
0.182417631149292, 13873
0.182417631149292, 13872
0.182417631149292, 13871
0.182417631149292, 13870
0.182417631149292, 13869
0.182417631149292, 13868
0.18284010887145996, 13867
0.18284010887145996, 13866
0.18284010887145996, 13865
0.18284010887145996, 13864
0.18284010887145996, 13863
0.18284010887145996, 13862
0.18284010887145996, 13861
0.18284010887145996, 13860
0.18284010887145996, 13859
0.18284010887145996, 13858
0.18284010887145996, 13857
0.18284010887145996, 13856
0.18284010887145996, 13855
0.18284010887145996, 13854
0.18284010887145996, 13853
0.18384003639221191, 13852
0.18384003639221191, 13851
0.18384003639221191, 13850
0.18384003639221191, 13849
0.18384003639221191, 13848
0.18384003639221191, 13847
0.18384003639221191, 13846
0.18384003639221191, 13845
0.18384003639221191, 13844
0.18384003639221191, 13843
0.18384003639221191, 13842
0.18384003639221191, 13841
0.18384003639221191, 13840
0.18384003639221191, 13839
0.18384003639221191, 13838
0.18384003639221191, 13837
0.18483972549438477, 13836
0.18490815162658691, 13835
0.18490815162658691, 13834
0.18490815162658691, 13833
0.18490815162658691, 13832
0.18490815162658691, 13831
0.18490815162658691, 13830
0.18490815162658691, 13829
0.18490815162658691, 13828
0.18490815162658691, 13827
0.18490815162658691, 13826
0.18490815162658691, 13825
0.18490815162658691, 13824
0.18490815162658691, 13823
0.18490815162658691, 13822
0.18490815162658691, 13821
0.18584108352661133, 13820
0.18584108352661133, 13819
0.18584108352661133, 13818
0.18584108352661133, 13817
0.18584108352661133, 13816
0.18584108352661133, 13815
0.18584108352661133, 13814
0.18584108352661133, 13813
0.18584108352661133, 13812
0.18584108352661133, 13811
0.18584108352661133, 13810
0.18584108352661133, 13809
0.18584108352661133, 13808
0.18584108352661133, 13807
0.18584108352661133, 13806
0.18683981895446777, 13805
0.18683981895446777, 13804
0.18683981895446777, 13803
0.18683981895446777, 13802
0.18683981895446777, 13801
0.18683981895446777, 13800
0.18683981895446777, 13799
0.18683981895446777, 13798
0.18683981895446777, 13797
0.18683981895446777, 13796
0.18683981895446777, 13795
0.18683981895446777, 13794
0.18683981895446777, 13793
0.18683981895446777, 13792
0.18683981895446777, 13791
0.18683981895446777, 13790
0.18784022331237793, 13789
0.18784022331237793, 13788
0.18784022331237793, 13787
0.18784022331237793, 13786
0.18784022331237793, 13785
0.18784022331237793, 13784
0.18784022331237793, 13783
0.18784022331237793, 13782
0.18784022331237793, 13781
0.18784022331237793, 13780
0.18784022331237793, 13779
0.18784022331237793, 13778
0.18784022331237793, 13777
0.18784022331237793, 13776
0.18784022331237793, 13775
0.18784022331237793, 13774
0.18884038925170898, 13773
0.18884038925170898, 13772
0.18884038925170898, 13771
0.18884038925170898, 13770
0.18884038925170898, 13769
0.18884038925170898, 13768
0.18884038925170898, 13767
0.18884038925170898, 13766
0.18884038925170898, 13765
0.18884038925170898, 13764
0.18884038925170898, 13763
0.18884038925170898, 13762
0.18884038925170898, 13761
0.18884038925170898, 13760
0.18984079360961914, 13759
0.18984079360961914, 13758
0.18984079360961914, 13757
0.18984079360961914, 13756
0.18984079360961914, 13755
0.18984079360961914, 13754
0.18984079360961914, 13753
0.18984079360961914, 13752
0.18984079360961914, 13751
0.18984079360961914, 13750
0.18984079360961914, 13749
0.18984079360961914, 13748
0.18984079360961914, 13747
0.18984079360961914, 13746
0.18984079360961914, 13745
0.18984079360961914, 13744
0.1908400058746338, 13743
0.1908400058746338, 13742
0.1908400058746338, 13741
0.1908400058746338, 13740
0.1908400058746338, 13739
0.1908400058746338, 13738
0.1908400058746338, 13737
0.1908400058746338, 13736
0.1908400058746338, 13735
0.1908400058746338, 13734
0.1908400058746338, 13733
0.1908400058746338, 13732
0.1908400058746338, 13731
0.1908400058746338, 13730
0.1908400058746338, 13729
0.19183945655822754, 13728
0.19183945655822754, 13727
0.19183945655822754, 13726
0.19183945655822754, 13725
0.19183945655822754, 13724
0.19183945655822754, 13723
0.19183945655822754, 13722
0.19183945655822754, 13721
0.19183945655822754, 13720
0.19183945655822754, 13719
0.19183945655822754, 13718
0.19183945655822754, 13717
0.19183945655822754, 13716
0.19183945655822754, 13715
0.19183945655822754, 13714
0.1928403377532959, 13713
0.1928403377532959, 13712
0.1928403377532959, 13711
0.1928403377532959, 13710
0.1928403377532959, 13709
0.1928403377532959, 13708
0.1928403377532959, 13707
0.1928403377532959, 13706
0.1928403377532959, 13705
0.1928403377532959, 13704
0.1928403377532959, 13703
0.1928403377532959, 13702
0.1928403377532959, 13701
0.1928403377532959, 13700
0.1928403377532959, 13699
0.1928403377532959, 13698
0.19392728805541992, 13697
0.19392728805541992, 13696
0.19392728805541992, 13695
0.19392728805541992, 13694
0.19392728805541992, 13693
0.19392728805541992, 13692
0.19392728805541992, 13691
0.19392728805541992, 13690
0.19392728805541992, 13689
0.19392728805541992, 13688
0.19392728805541992, 13687
0.19392728805541992, 13686
0.1948413848876953, 13685
0.1948413848876953, 13684
0.1948413848876953, 13683
0.1948413848876953, 13682
0.1948413848876953, 13681
0.1948413848876953, 13680
0.1948413848876953, 13679
0.1948413848876953, 13678
0.1948413848876953, 13677
0.1948413848876953, 13676
0.1948413848876953, 13675
0.1948413848876953, 13674
0.1948413848876953, 13673
0.1948413848876953, 13672
0.1948413848876953, 13671
0.19584012031555176, 13670
0.19584012031555176, 13669
0.19584012031555176, 13668
0.19584012031555176, 13667
0.19584012031555176, 13666
0.19584012031555176, 13665
0.19584012031555176, 13664
0.19584012031555176, 13663
0.19584012031555176, 13662
0.19584012031555176, 13661
0.19584012031555176, 13660
0.19584012031555176, 13659
0.19584012031555176, 13658
0.19584012031555176, 13657
0.19584012031555176, 13656
0.19684267044067383, 13655
0.19684267044067383, 13654
0.19684267044067383, 13653
0.19684267044067383, 13652
0.19684267044067383, 13651
0.19684267044067383, 13650
0.19684267044067383, 13649
0.19684267044067383, 13648
0.19684267044067383, 13647
0.19684267044067383, 13646
0.19684267044067383, 13645
0.19684267044067383, 13644
0.19684267044067383, 13643
0.19684267044067383, 13642
0.19684267044067383, 13641
0.19784235954284668, 13640
0.19784235954284668, 13639
0.19784235954284668, 13638
0.19784235954284668, 13637
0.19784235954284668, 13636
0.19784235954284668, 13635
0.19784235954284668, 13634
0.19784235954284668, 13633
0.19784235954284668, 13632
0.19784235954284668, 13631
0.19784235954284668, 13630
0.19784235954284668, 13629
0.19784235954284668, 13628
0.19784235954284668, 13627
0.19784235954284668, 13626
0.19884037971496582, 13625
0.19884037971496582, 13624
0.19884037971496582, 13623
0.19884037971496582, 13622
0.19884037971496582, 13621
0.19884037971496582, 13620
0.19884037971496582, 13619
0.19884037971496582, 13618
0.19884037971496582, 13617
0.19884037971496582, 13616
0.19884037971496582, 13615
0.19884037971496582, 13614
0.19884037971496582, 13613
0.19884037971496582, 13612
0.19884037971496582, 13611
0.19983959197998047, 13610
0.19983959197998047, 13609
0.19983959197998047, 13608
0.19983959197998047, 13607
0.19983959197998047, 13606
0.19983959197998047, 13605
0.19983959197998047, 13604
0.19983959197998047, 13603
0.19983959197998047, 13602
0.19983959197998047, 13601
0.19983959197998047, 13600
0.19983959197998047, 13599
0.19983959197998047, 13598
0.19983959197998047, 13597
0.19983959197998047, 13596
0.20084118843078613, 13595
0.20084118843078613, 13594
0.20084118843078613, 13593
0.20084118843078613, 13592
0.20084118843078613, 13591
0.20084118843078613, 13590
0.20084118843078613, 13589
0.20084118843078613, 13588
0.20084118843078613, 13587
0.20084118843078613, 13586
0.20084118843078613, 13585
0.20084118843078613, 13584
0.20084118843078613, 13583
0.20084118843078613, 13582
0.20084118843078613, 13581
0.20183944702148438, 13580
0.20183944702148438, 13579
0.20183944702148438, 13578
0.20183944702148438, 13577
0.20183944702148438, 13576
0.20183944702148438, 13575
0.20183944702148438, 13574
0.20183944702148438, 13573
0.20183944702148438, 13572
0.20183944702148438, 13571
0.20183944702148438, 13570
0.20183944702148438, 13569
0.20183944702148438, 13568
0.20183944702148438, 13567
0.20272183418273926, 13566
0.20284008979797363, 13565
0.20284008979797363, 13564
0.20284008979797363, 13563
0.20284008979797363, 13562
0.20284008979797363, 13561
0.20284008979797363, 13560
0.20284008979797363, 13559
0.20284008979797363, 13558
0.20284008979797363, 13557
0.20284008979797363, 13556
0.20284008979797363, 13555
0.20284008979797363, 13554
0.20284008979797363, 13553
0.20284008979797363, 13552
0.20284008979797363, 13551
0.20284008979797363, 13550
0.20383977890014648, 13549
0.20383977890014648, 13548
0.20383977890014648, 13547
0.20383977890014648, 13546
0.20383977890014648, 13545
0.20383977890014648, 13544
0.20383977890014648, 13543
0.20383977890014648, 13542
0.20383977890014648, 13541
0.20383977890014648, 13540
0.20383977890014648, 13539
0.20383977890014648, 13538
0.20383977890014648, 13537
0.20383977890014648, 13536
0.20383977890014648, 13535
0.20483970642089844, 13534
0.20483970642089844, 13533
0.20483970642089844, 13532
0.20483970642089844, 13531
0.20483970642089844, 13530
0.20483970642089844, 13529
0.20483970642089844, 13528
0.20483970642089844, 13527
0.20483970642089844, 13526
0.20483970642089844, 13525
0.20483970642089844, 13524
0.20483970642089844, 13523
0.20483970642089844, 13522
0.20483970642089844, 13521
0.20483970642089844, 13520
0.205841064453125, 13519
0.205841064453125, 13518
0.205841064453125, 13517
0.205841064453125, 13516
0.205841064453125, 13515
0.205841064453125, 13514
0.205841064453125, 13513
0.205841064453125, 13512
0.205841064453125, 13511
0.205841064453125, 13510
0.205841064453125, 13509
0.205841064453125, 13508
0.205841064453125, 13507
0.205841064453125, 13506
0.205841064453125, 13505
0.20684003829956055, 13504
0.20684003829956055, 13503
0.20684003829956055, 13502
0.20684003829956055, 13501
0.20684003829956055, 13500
0.20684003829956055, 13499
0.20684003829956055, 13498
0.20684003829956055, 13497
0.20684003829956055, 13496
0.20684003829956055, 13495
0.20684003829956055, 13494
0.20684003829956055, 13493
0.20684003829956055, 13492
0.20684003829956055, 13491
0.20684003829956055, 13490
0.20684003829956055, 13489
0.20784258842468262, 13488
0.20784258842468262, 13487
0.20784258842468262, 13486
0.20784258842468262, 13485
0.20784258842468262, 13484
0.20784258842468262, 13483
0.20784258842468262, 13482
0.20784258842468262, 13481
0.20784258842468262, 13480
0.20784258842468262, 13479
0.20784258842468262, 13478
0.20784258842468262, 13477
0.20784258842468262, 13476
0.20784258842468262, 13475
0.20784258842468262, 13474
0.20884490013122559, 13473
0.20884490013122559, 13472
0.20884490013122559, 13471
0.20884490013122559, 13470
0.20884490013122559, 13469
0.20884490013122559, 13468
0.20884490013122559, 13467
0.20884490013122559, 13466
0.20884490013122559, 13465
0.20884490013122559, 13464
0.20884490013122559, 13463
0.20884490013122559, 13462
0.20884490013122559, 13461
0.20884490013122559, 13460
0.20884490013122559, 13459
0.2098407745361328, 13458
0.2098407745361328, 13457
0.2098407745361328, 13456
0.2098407745361328, 13455
0.2098407745361328, 13454
0.2098407745361328, 13453
0.21084022521972656, 13452
0.21084022521972656, 13451
0.21084022521972656, 13450
0.21084022521972656, 13449
0.21084022521972656, 13448
0.21084022521972656, 13447
0.21084022521972656, 13446
0.21184015274047852, 13445
0.21184015274047852, 13444
0.21184015274047852, 13443
0.21184015274047852, 13442
0.5707299709320068, 13441
0.5707299709320068, 13440
0.5707299709320068, 13439
0.5717952251434326, 13438
0.5717952251434326, 13437
0.5717952251434326, 13436
0.5717952251434326, 13435
0.5717952251434326, 13434
0.5717952251434326, 13433
0.5717952251434326, 13432
0.5717952251434326, 13431
0.5717952251434326, 13430
0.5717952251434326, 13429
0.5717952251434326, 13428
0.5717952251434326, 13427
0.5717952251434326, 13426
0.5717952251434326, 13425
0.5727307796478271, 13424
0.5727307796478271, 13423
0.5727307796478271, 13422
0.5727307796478271, 13421
0.5727307796478271, 13420
0.5727307796478271, 13419
0.5727307796478271, 13418
0.5727307796478271, 13417
0.5727307796478271, 13416
0.5727307796478271, 13415
0.5727307796478271, 13414
0.5727307796478271, 13413
0.5727307796478271, 13412
0.5727307796478271, 13411
0.5737302303314209, 13410
0.5737302303314209, 13409
0.5737302303314209, 13408
0.5737302303314209, 13407
0.5737302303314209, 13406
0.5737302303314209, 13405
0.5737302303314209, 13404
0.5737302303314209, 13403
0.5737302303314209, 13402
0.5737302303314209, 13401
0.5737302303314209, 13400
0.5737302303314209, 13399
0.5737302303314209, 13398
0.5737302303314209, 13397
0.5737302303314209, 13396
0.574730396270752, 13395
0.574730396270752, 13394
0.574730396270752, 13393
0.574730396270752, 13392
0.574730396270752, 13391
0.574730396270752, 13390
0.574730396270752, 13389
0.574730396270752, 13388
0.574730396270752, 13387
0.574730396270752, 13386
0.5754146575927734, 13385
0.5754146575927734, 13384
0.5754146575927734, 13383
0.5754146575927734, 13382
0.5754146575927734, 13381
0.5757300853729248, 13380
0.5757300853729248, 13379
0.5757300853729248, 13378
0.5757300853729248, 13377
0.5757300853729248, 13376
0.5757300853729248, 13375
0.5757300853729248, 13374
0.5757300853729248, 13373
0.5757300853729248, 13372
0.5757300853729248, 13371
0.5757300853729248, 13370
0.5757300853729248, 13369
0.5757300853729248, 13368
0.5757300853729248, 13367
0.5757300853729248, 13366
0.5767302513122559, 13365
0.5767302513122559, 13364
0.5767302513122559, 13363
0.5767302513122559, 13362
0.5767302513122559, 13361
0.5767302513122559, 13360
0.5767302513122559, 13359
0.5767302513122559, 13358
0.5767302513122559, 13357
0.5767302513122559, 13356
0.5767302513122559, 13355
0.5767302513122559, 13354
0.5767302513122559, 13353
0.5777301788330078, 13352
0.5777301788330078, 13351
0.5777301788330078, 13350
0.5777301788330078, 13349
0.5777301788330078, 13348
0.5777301788330078, 13347
0.5777301788330078, 13346
0.5777301788330078, 13345
0.5777301788330078, 13344
0.5777301788330078, 13343
0.5777301788330078, 13342
0.5777301788330078, 13341
0.5777301788330078, 13340
0.5785942077636719, 13339
0.5785942077636719, 13338
0.5785942077636719, 13337
0.5785942077636719, 13336
0.5785942077636719, 13335
0.5785942077636719, 13334
0.5785942077636719, 13333
0.5785942077636719, 13332
0.5785942077636719, 13331
0.5785942077636719, 13330
0.5785942077636719, 13329
0.5785942077636719, 13328
0.5785942077636719, 13327
0.5785942077636719, 13326
0.5785942077636719, 13325
0.5796010494232178, 13324
0.5796010494232178, 13323
0.5796010494232178, 13322
0.5796010494232178, 13321
0.5796010494232178, 13320
0.5796010494232178, 13319
0.5796010494232178, 13318
0.5796010494232178, 13317
0.5796010494232178, 13316
0.5796010494232178, 13315
0.5796010494232178, 13314
0.5796010494232178, 13313
0.5796010494232178, 13312
0.5796010494232178, 13311
0.5806007385253906, 13310
0.5806007385253906, 13309
0.5806007385253906, 13308
0.5806007385253906, 13307
0.5806007385253906, 13306
0.5806007385253906, 13305
0.5806007385253906, 13304
0.5806007385253906, 13303
0.5806007385253906, 13302
0.5806007385253906, 13301
0.5806007385253906, 13300
0.5806007385253906, 13299
0.5806007385253906, 13298
0.5806007385253906, 13297
0.5806007385253906, 13296
0.5816006660461426, 13295
0.5816006660461426, 13294
0.5816006660461426, 13293
0.5816006660461426, 13292
0.5816006660461426, 13291
0.5816006660461426, 13290
0.5816006660461426, 13289
0.5816006660461426, 13288
0.5816006660461426, 13287
0.5816006660461426, 13286
0.5816006660461426, 13285
0.5816006660461426, 13284
0.5816006660461426, 13283
0.5816006660461426, 13282
0.5826008319854736, 13281
0.5826008319854736, 13280
0.5826008319854736, 13279
0.5826008319854736, 13278
0.5826008319854736, 13277
0.5826008319854736, 13276
0.5826008319854736, 13275
0.5826008319854736, 13274
0.5826008319854736, 13273
0.5826008319854736, 13272
0.5826008319854736, 13271
0.5826008319854736, 13270
0.5836021900177002, 13269
0.5836021900177002, 13268
0.5836021900177002, 13267
0.5836021900177002, 13266
0.5836021900177002, 13265
0.5836021900177002, 13264
0.5836021900177002, 13263
0.5836021900177002, 13262
0.5836021900177002, 13261
0.5836021900177002, 13260
0.5846023559570312, 13259
0.5846023559570312, 13258
0.5846023559570312, 13257
0.5846023559570312, 13256
0.5846023559570312, 13255
0.5846023559570312, 13254
0.5846023559570312, 13253
0.5846023559570312, 13252
0.5846023559570312, 13251
0.5846023559570312, 13250
0.5846023559570312, 13249
0.5846023559570312, 13248
0.5846023559570312, 13247
0.5846023559570312, 13246
0.5846023559570312, 13245
0.5856010913848877, 13244
0.5856010913848877, 13243
0.5856010913848877, 13242
0.5856010913848877, 13241
0.5856010913848877, 13240
0.5856010913848877, 13239
0.5856010913848877, 13238
0.5856010913848877, 13237
0.5856010913848877, 13236
0.5856010913848877, 13235
5.167928457260132, 13234
5.168928146362305, 13233
5.168928146362305, 13232
5.168928146362305, 13231
5.168928146362305, 13230
5.168928146362305, 13229
5.168928146362305, 13228
5.168928146362305, 13227
5.168928146362305, 13226
5.168928146362305, 13225
5.168928146362305, 13224
5.168928146362305, 13223
5.168928146362305, 13222
5.168928146362305, 13221
5.168928146362305, 13220
5.168928146362305, 13219
5.169928312301636, 13218
5.169928312301636, 13217
5.169928312301636, 13216
5.169928312301636, 13215
5.169928312301636, 13214
5.169928312301636, 13213
5.169928312301636, 13212
5.169928312301636, 13211
5.169928312301636, 13210
5.169928312301636, 13209
5.169928312301636, 13208
5.169928312301636, 13207
5.169928312301636, 13206
5.169928312301636, 13205
5.169928312301636, 13204
5.170929431915283, 13203
5.170929431915283, 13202
5.170929431915283, 13201
5.170929431915283, 13200
5.170929431915283, 13199
5.170929431915283, 13198
5.170929431915283, 13197
5.170929431915283, 13196
5.170929431915283, 13195
5.170929431915283, 13194
5.170929431915283, 13193
5.170929431915283, 13192
5.170929431915283, 13191
5.170929431915283, 13190
5.171927452087402, 13189
5.171927452087402, 13188
5.171927452087402, 13187
5.171927452087402, 13186
5.171927452087402, 13185
5.171927452087402, 13184
5.171927452087402, 13183
5.171927452087402, 13182
5.171927452087402, 13181
5.171927452087402, 13180
5.171927452087402, 13179
5.171927452087402, 13178
5.171927452087402, 13177
5.171927452087402, 13176
5.172927379608154, 13175
5.172927379608154, 13174
5.172927379608154, 13173
5.172927379608154, 13172
5.172927379608154, 13171
5.172927379608154, 13170
5.172927379608154, 13169
5.173412799835205, 13168
5.173412799835205, 13167
5.173412799835205, 13166
5.173412799835205, 13165
5.173412799835205, 13164
5.173412799835205, 13163
5.173412799835205, 13162
5.173412799835205, 13161
5.1739277839660645, 13160
5.1739277839660645, 13159
5.1739277839660645, 13158
5.1739277839660645, 13157
5.1739277839660645, 13156
5.1739277839660645, 13155
5.1739277839660645, 13154
5.1739277839660645, 13153
5.1739277839660645, 13152
5.1739277839660645, 13151
5.1739277839660645, 13150
5.1739277839660645, 13149
5.1739277839660645, 13148
5.1739277839660645, 13147
5.174927711486816, 13146
5.174927711486816, 13145
5.174927711486816, 13144
5.174927711486816, 13143
5.174927711486816, 13142
5.174927711486816, 13141
5.174927711486816, 13140
5.174927711486816, 13139
5.174927711486816, 13138
5.174927711486816, 13137
5.174927711486816, 13136
5.174927711486816, 13135
5.174927711486816, 13134
5.174927711486816, 13133
5.174927711486816, 13132
5.175927400588989, 13131
5.176003456115723, 13130
5.176003456115723, 13129
5.176003456115723, 13128
5.176003456115723, 13127
5.176003456115723, 13126
5.176003456115723, 13125
5.176003456115723, 13124
5.176003456115723, 13123
5.176003456115723, 13122
5.176003456115723, 13121
5.176003456115723, 13120
5.176938772201538, 13119
5.176938772201538, 13118
5.176938772201538, 13117
5.176938772201538, 13116
5.176938772201538, 13115
5.176938772201538, 13114
5.176938772201538, 13113
5.176938772201538, 13112
5.176938772201538, 13111
5.176938772201538, 13110
5.176938772201538, 13109
5.176938772201538, 13108
5.176938772201538, 13107
5.176938772201538, 13106
5.177930593490601, 13105
5.177930593490601, 13104
5.177930593490601, 13103
5.177930593490601, 13102
5.177930593490601, 13101
5.177930593490601, 13100
5.177930593490601, 13099
5.177930593490601, 13098
5.177930593490601, 13097
5.177930593490601, 13096
5.177930593490601, 13095
5.177930593490601, 13094
5.177930593490601, 13093
5.178927659988403, 13092
5.178927659988403, 13091
5.178927659988403, 13090
5.178927659988403, 13089
5.178927659988403, 13088
5.178927659988403, 13087
5.178927659988403, 13086
5.178927659988403, 13085
5.178927659988403, 13084
5.178927659988403, 13083
5.178927659988403, 13082
5.178927659988403, 13081
5.178927659988403, 13080
5.178927659988403, 13079
5.179928779602051, 13078
5.179928779602051, 13077
5.179928779602051, 13076
5.179928779602051, 13075
5.179928779602051, 13074
5.179928779602051, 13073
5.179928779602051, 13072
5.179928779602051, 13071
5.179928779602051, 13070
5.179928779602051, 13069
5.179928779602051, 13068
5.179928779602051, 13067
5.179928779602051, 13066
5.179928779602051, 13065
5.179928779602051, 13064
5.180927991867065, 13063
5.180927991867065, 13062
5.180927991867065, 13061
5.180927991867065, 13060
5.180927991867065, 13059
5.180927991867065, 13058
5.180927991867065, 13057
5.180927991867065, 13056
5.180927991867065, 13055
5.180927991867065, 13054
5.180927991867065, 13053
5.180927991867065, 13052
5.181747913360596, 13051
5.181747913360596, 13050
5.181927680969238, 13049
5.181927680969238, 13048
5.181927680969238, 13047
5.181927680969238, 13046
5.181927680969238, 13045
5.181927680969238, 13044
5.181927680969238, 13043
5.181927680969238, 13042
5.181927680969238, 13041
5.181927680969238, 13040
5.181927680969238, 13039
5.181927680969238, 13038
5.181927680969238, 13037
5.181927680969238, 13036
5.181927680969238, 13035
5.182927370071411, 13034
5.182927370071411, 13033
5.182927370071411, 13032
5.182927370071411, 13031
5.182927370071411, 13030
5.182927370071411, 13029
5.182927370071411, 13028
5.182927370071411, 13027
5.182927370071411, 13026
5.182927370071411, 13025
5.182927370071411, 13024
5.182927370071411, 13023
5.182927370071411, 13022
5.182927370071411, 13021
5.183927297592163, 13020
5.183927297592163, 13019
5.183927297592163, 13018
5.183927297592163, 13017
5.183927297592163, 13016
5.183927297592163, 13015
5.183927297592163, 13014
5.183927297592163, 13013
5.183927297592163, 13012
5.183927297592163, 13011
5.183927297592163, 13010
5.183927297592163, 13009
5.183927297592163, 13008
5.183927297592163, 13007
5.18492865562439, 13006
5.18492865562439, 13005
5.18492865562439, 13004
5.18492865562439, 13003
5.18492865562439, 13002
5.18492865562439, 13001
5.18492865562439, 13000
5.18492865562439, 12999
5.18492865562439, 12998
5.18492865562439, 12997
5.18492865562439, 12996
5.18492865562439, 12995
5.18492865562439, 12994
5.18492865562439, 12993
5.185927867889404, 12992
5.185927867889404, 12991
5.185927867889404, 12990
5.185927867889404, 12989
5.185927867889404, 12988
5.185927867889404, 12987
5.185927867889404, 12986
5.185927867889404, 12985
5.185927867889404, 12984
5.185927867889404, 12983
5.185927867889404, 12982
5.185927867889404, 12981
5.185927867889404, 12980
5.186878442764282, 12979
5.186935901641846, 12978
5.186935901641846, 12977
5.186935901641846, 12976
5.186935901641846, 12975
5.186935901641846, 12974
5.186935901641846, 12973
5.186935901641846, 12972
5.186935901641846, 12971
5.186935901641846, 12970
5.186935901641846, 12969
5.186935901641846, 12968
5.186935901641846, 12967
5.186935901641846, 12966
5.187929153442383, 12965
5.187929153442383, 12964
5.187929153442383, 12963
5.187929153442383, 12962
5.187929153442383, 12961
5.187929153442383, 12960
5.187929153442383, 12959
5.187929153442383, 12958
5.187929153442383, 12957
5.187929153442383, 12956
5.187929153442383, 12955
5.187929153442383, 12954
5.187929153442383, 12953
5.187929153442383, 12952
5.188928127288818, 12951
5.188928127288818, 12950
5.188928127288818, 12949
5.188928127288818, 12948
5.188928127288818, 12947
5.188928127288818, 12946
5.188928127288818, 12945
5.188928127288818, 12944
5.188928127288818, 12943
5.188928127288818, 12942
5.188928127288818, 12941
5.188928127288818, 12940
5.188928127288818, 12939
5.189812898635864, 12938
5.189812898635864, 12937
5.189812898635864, 12936
5.189812898635864, 12935
5.189812898635864, 12934
5.189812898635864, 12933
5.189812898635864, 12932
5.189812898635864, 12931
5.189812898635864, 12930
5.189812898635864, 12929
5.189812898635864, 12928
5.189812898635864, 12927
5.189812898635864, 12926
5.189812898635864, 12925
5.190805196762085, 12924
5.190805196762085, 12923
5.1909520626068115, 12922
5.1909520626068115, 12921
5.1909520626068115, 12920
5.1909520626068115, 12919
5.1909520626068115, 12918
5.1909520626068115, 12917
5.1909520626068115, 12916
5.1909520626068115, 12915
5.1909520626068115, 12914
5.1909520626068115, 12913
5.1909520626068115, 12912
5.1909520626068115, 12911
5.191806793212891, 12910
5.191806793212891, 12909
5.191806793212891, 12908
5.191806793212891, 12907
5.191806793212891, 12906
5.191806793212891, 12905
5.191806793212891, 12904
5.191806793212891, 12903
5.191806793212891, 12902
5.191806793212891, 12901
5.191806793212891, 12900
5.191806793212891, 12899
5.191806793212891, 12898
5.192806005477905, 12897
5.192806005477905, 12896
5.192806005477905, 12895
5.192806005477905, 12894
5.192806005477905, 12893
5.192806005477905, 12892
5.192806005477905, 12891
5.192806005477905, 12890
5.192806005477905, 12889
5.192806005477905, 12888
5.192806005477905, 12887
5.192806005477905, 12886
5.192806005477905, 12885
5.192806005477905, 12884
5.193804979324341, 12883
5.193804979324341, 12882
5.193804979324341, 12881
5.193804979324341, 12880
5.193804979324341, 12879
5.193804979324341, 12878
5.193804979324341, 12877
5.193804979324341, 12876
5.193804979324341, 12875
5.193804979324341, 12874
5.193804979324341, 12873
5.193804979324341, 12872
5.193804979324341, 12871
5.193804979324341, 12870
5.1948041915893555, 12869
5.1948041915893555, 12868
5.1948041915893555, 12867
5.1948041915893555, 12866
5.1948041915893555, 12865
5.1948041915893555, 12864
5.1948041915893555, 12863
5.1948041915893555, 12862
5.1948041915893555, 12861
5.1948041915893555, 12860
5.1948041915893555, 12859
5.1948041915893555, 12858
5.1948041915893555, 12857
5.1948041915893555, 12856
7.169005870819092, 10064
7.169005870819092, 10063
7.169005870819092, 10062
7.169005870819092, 10061
7.170009613037109, 10060
7.170009613037109, 10059
7.170009613037109, 10058
7.170009613037109, 10057
7.170009613037109, 10056
7.170009613037109, 10055
7.170009613037109, 10054
7.170009613037109, 10053
7.170009613037109, 10052
7.170009613037109, 10051
7.170009613037109, 10050
7.170009613037109, 10049
7.17100715637207, 10048
7.17100715637207, 10047
7.17100715637207, 10046
7.17100715637207, 10045
7.17100715637207, 10044
7.17100715637207, 10043
7.17100715637207, 10042
7.17100715637207, 10041
7.17100715637207, 10040
7.17100715637207, 10039
7.17100715637207, 10038
7.17100715637207, 10037
7.17100715637207, 10036
7.17100715637207, 10035
7.172006845474243, 10034
7.172006845474243, 10033
7.172006845474243, 10032
7.172006845474243, 10031
7.172006845474243, 10030
7.172006845474243, 10029
7.172006845474243, 10028
7.172006845474243, 10027
7.172006845474243, 10026
7.172006845474243, 10025
7.172006845474243, 10024
7.172006845474243, 10023
7.173005819320679, 10022
7.173005819320679, 10021
7.173005819320679, 10020
7.173005819320679, 10019
7.173005819320679, 10018
7.173005819320679, 10017
7.173005819320679, 10016
7.173005819320679, 10015
7.173005819320679, 10014
7.173005819320679, 10013
7.173005819320679, 10012
7.173005819320679, 10011
7.173005819320679, 10010
7.173005819320679, 10009
7.174005746841431, 10008
7.174005746841431, 10007
7.174005746841431, 10006
7.174005746841431, 10005
7.174005746841431, 10004
7.174005746841431, 10003
7.174005746841431, 10002
7.174005746841431, 10001
7.174005746841431, 10000
7.174005746841431, 9999
7.174005746841431, 9998
7.174005746841431, 9997
7.174005746841431, 9996
7.175006151199341, 9995
7.175006151199341, 9994
7.175006151199341, 9993
7.175006151199341, 9992
7.175006151199341, 9991
7.175006151199341, 9990
7.175006151199341, 9989
7.175006151199341, 9988
7.175006151199341, 9987
7.175006151199341, 9986
7.175006151199341, 9985
7.175006151199341, 9984
7.175006151199341, 9983
7.175006151199341, 9982
7.176006078720093, 9981
7.176006078720093, 9980
7.176006078720093, 9979
7.176006078720093, 9978
7.176006078720093, 9977
7.176006078720093, 9976
7.176006078720093, 9975
7.176006078720093, 9974
7.176006078720093, 9973
7.176006078720093, 9972
7.176006078720093, 9971
7.176006078720093, 9970
7.176923513412476, 9969
7.177006006240845, 9968
7.177006006240845, 9967
7.177006006240845, 9966
7.177006006240845, 9965
7.177006006240845, 9964
7.177006006240845, 9963
7.177006006240845, 9962
7.177006006240845, 9961
7.177006006240845, 9960
7.177006006240845, 9959
7.177006006240845, 9958
7.177006006240845, 9957
7.177006006240845, 9956
7.177006006240845, 9955
7.178006172180176, 9954
7.178006172180176, 9953
7.178006172180176, 9952
7.178006172180176, 9951
7.178006172180176, 9950
7.178006172180176, 9949
7.178006172180176, 9948
7.178006172180176, 9947
7.178006172180176, 9946
7.178006172180176, 9945
7.178006172180176, 9944
7.178006172180176, 9943
7.178006172180176, 9942
7.179007053375244, 9941
7.179007053375244, 9940
7.179007053375244, 9939
7.179007053375244, 9938
7.179007053375244, 9937
7.179007053375244, 9936
7.179007053375244, 9935
7.179007053375244, 9934
7.179007053375244, 9933
7.179007053375244, 9932
7.179007053375244, 9931
7.179007053375244, 9930
7.179007053375244, 9929
7.179007053375244, 9928
7.180006265640259, 9927
7.180006265640259, 9926
7.180006265640259, 9925
7.180006265640259, 9924
7.180006265640259, 9923
7.180006265640259, 9922
7.180006265640259, 9921
7.180006265640259, 9920
7.180006265640259, 9919
7.180006265640259, 9918
7.180006265640259, 9917
7.180006265640259, 9916
7.180006265640259, 9915
7.180006265640259, 9914
7.181007146835327, 9913
7.181007146835327, 9912
7.181007146835327, 9911
7.181007146835327, 9910
7.181007146835327, 9909
7.181007146835327, 9908
7.181007146835327, 9907
7.181007146835327, 9906
7.181007146835327, 9905
7.181007146835327, 9904
7.181007146835327, 9903
7.181007146835327, 9902
7.181007146835327, 9901
7.182006120681763, 9900
7.182006120681763, 9899
7.182006120681763, 9898
7.182006120681763, 9897
7.182006120681763, 9896
7.182006120681763, 9895
7.182006120681763, 9894
7.182006120681763, 9893
7.182006120681763, 9892
7.182006120681763, 9891
7.182006120681763, 9890
7.182006120681763, 9889
7.182006120681763, 9888
7.182006120681763, 9887
7.1830058097839355, 9886
7.1830058097839355, 9885
7.1830058097839355, 9884
7.1830058097839355, 9883
7.1830058097839355, 9882
7.1830058097839355, 9881
7.1830058097839355, 9880
7.1830058097839355, 9879
7.1830058097839355, 9878
7.1830058097839355, 9877
7.1830058097839355, 9876
7.1830058097839355, 9875
7.1830058097839355, 9874
7.1830058097839355, 9873
7.184005975723267, 9872
7.184005975723267, 9871
7.184005975723267, 9870
7.184005975723267, 9869
7.184005975723267, 9868
7.184005975723267, 9867
7.184005975723267, 9866
7.184005975723267, 9865
7.184005975723267, 9864
7.184005975723267, 9863
7.184005975723267, 9862
7.184005975723267, 9861
7.184005975723267, 9860
7.184005975723267, 9859
7.185062646865845, 9858
7.185062646865845, 9857
7.185062646865845, 9856
7.185062646865845, 9855
7.185062646865845, 9854
7.185062646865845, 9853
7.185062646865845, 9852
7.185062646865845, 9851
7.185062646865845, 9850
7.185062646865845, 9849
7.185062646865845, 9848
7.185062646865845, 9847
7.18600606918335, 9846
7.18600606918335, 9845
7.18600606918335, 9844
7.18600606918335, 9843
7.18600606918335, 9842
7.18600606918335, 9841
7.18600606918335, 9840
7.18600606918335, 9839
7.18600606918335, 9838
7.18600606918335, 9837
7.18600606918335, 9836
7.18600606918335, 9835
7.18600606918335, 9834
7.187005996704102, 9833
7.187005996704102, 9832
7.187005996704102, 9831
7.187005996704102, 9830
7.187005996704102, 9829
7.187443494796753, 9828
7.187443494796753, 9827
7.187443494796753, 9826
7.187443494796753, 9825
7.187443494796753, 9824
7.187443494796753, 9823
7.187443494796753, 9822
7.188007116317749, 9821
7.188007116317749, 9820
7.188007116317749, 9819
7.188007116317749, 9818
7.188007116317749, 9817
7.188007116317749, 9816
7.188007116317749, 9815
7.188007116317749, 9814
7.188007116317749, 9813
7.188007116317749, 9812
7.188007116317749, 9811
7.188007116317749, 9810
7.188007116317749, 9809
7.188007116317749, 9808
7.1890058517456055, 9807
7.1890058517456055, 9806
7.1890058517456055, 9805
7.1890058517456055, 9804
7.1890058517456055, 9803
7.1890058517456055, 9802
7.1890058517456055, 9801
7.1890058517456055, 9800
7.1890058517456055, 9799
