0.1734027862548828, 14082
0.1734027862548828, 14081
0.1734027862548828, 14080
0.1734027862548828, 14079
0.1734027862548828, 14078
0.1734027862548828, 14077
0.1734027862548828, 14076
0.17440485954284668, 14075
0.17440485954284668, 14074
0.17440485954284668, 14073
0.17440485954284668, 14072
0.17440485954284668, 14071
0.17440485954284668, 14070
0.17440485954284668, 14069
0.17440485954284668, 14068
0.17440485954284668, 14067
0.17440485954284668, 14066
0.17440485954284668, 14065
0.17440485954284668, 14064
0.17440485954284668, 14063
0.17440485954284668, 14062
0.17440485954284668, 14061
0.17540478706359863, 14060
0.17540478706359863, 14059
0.17540478706359863, 14058
0.17540478706359863, 14057
0.17540478706359863, 14056
0.17540478706359863, 14055
0.17540478706359863, 14054
0.175886869430542, 14053
0.175886869430542, 14052
0.175886869430542, 14051
0.175886869430542, 14050
0.175886869430542, 14049
0.175886869430542, 14048
0.175886869430542, 14047
0.175886869430542, 14046
0.1764049530029297, 14045
0.1764049530029297, 14044
0.1764049530029297, 14043
0.1764049530029297, 14042
0.1764049530029297, 14041
0.1764049530029297, 14040
0.1764049530029297, 14039
0.1764049530029297, 14038
0.1764049530029297, 14037
0.1764049530029297, 14036
0.1764049530029297, 14035
0.1764049530029297, 14034
0.1764049530029297, 14033
0.1764049530029297, 14032
0.1764049530029297, 14031
0.17740345001220703, 14030
0.17748069763183594, 14029
0.17748069763183594, 14028
0.17748069763183594, 14027
0.17748069763183594, 14026
0.17798995971679688, 14025
0.17798995971679688, 14024
0.17798995971679688, 14023
0.17798995971679688, 14022
0.17798995971679688, 14021
0.17798995971679688, 14020
0.17798995971679688, 14019
0.17798995971679688, 14018
0.17798995971679688, 14017
0.17798995971679688, 14016
0.17798995971679688, 14015
0.17900323867797852, 14014
0.17900323867797852, 14013
0.17900323867797852, 14012
0.17900323867797852, 14011
0.17900323867797852, 14010
0.17900323867797852, 14009
0.17900323867797852, 14008
0.17900323867797852, 14007
0.17900323867797852, 14006
0.17900323867797852, 14005
0.17900323867797852, 14004
0.17900323867797852, 14003
0.17900323867797852, 14002
0.17900323867797852, 14001
0.17900323867797852, 14000
0.18000292778015137, 13999
0.18000292778015137, 13998
0.18000292778015137, 13997
0.18000292778015137, 13996
0.18000292778015137, 13995
0.18000292778015137, 13994
0.18000292778015137, 13993
0.18000292778015137, 13992
0.18000292778015137, 13991
0.18000292778015137, 13990
0.18000292778015137, 13989
0.18000292778015137, 13988
0.18000292778015137, 13987
0.18000292778015137, 13986
0.18000292778015137, 13985
0.18100214004516602, 13984
0.18100214004516602, 13983
0.18100214004516602, 13982
0.18100214004516602, 13981
0.18100214004516602, 13980
0.18100214004516602, 13979
0.18100214004516602, 13978
0.18100214004516602, 13977
0.18100214004516602, 13976
0.18100214004516602, 13975
0.18100214004516602, 13974
0.18100214004516602, 13973
0.18100214004516602, 13972
0.18100214004516602, 13971
0.18100214004516602, 13970
0.18200206756591797, 13969
0.18200206756591797, 13968
0.18200206756591797, 13967
0.18200206756591797, 13966
0.18200206756591797, 13965
0.18200206756591797, 13964
0.18200206756591797, 13963
0.18200206756591797, 13962
0.18200206756591797, 13961
0.18200206756591797, 13960
0.18200206756591797, 13959
0.18200206756591797, 13958
0.18200206756591797, 13957
0.18200206756591797, 13956
0.18200206756591797, 13955
0.18300175666809082, 13954
0.18300175666809082, 13953
0.18300175666809082, 13952
0.18300175666809082, 13951
0.18300175666809082, 13950
0.18300175666809082, 13949
0.18300175666809082, 13948
0.18342018127441406, 13947
0.18342018127441406, 13946
0.18342018127441406, 13945
0.18342018127441406, 13944
0.18342018127441406, 13943
0.18342018127441406, 13942
0.18342018127441406, 13941
0.18342018127441406, 13940
0.18342018127441406, 13939
0.18400216102600098, 13938
0.18400216102600098, 13937
0.18400216102600098, 13936
0.18400216102600098, 13935
0.18400216102600098, 13934
0.18400216102600098, 13933
0.18400216102600098, 13932
0.18400216102600098, 13931
0.18400216102600098, 13930
0.18400216102600098, 13929
0.18400216102600098, 13928
0.18400216102600098, 13927
0.18400216102600098, 13926
0.18400216102600098, 13925
0.18400216102600098, 13924
0.18500185012817383, 13923
0.18500185012817383, 13922
0.18500185012817383, 13921
0.18500185012817383, 13920
0.18500185012817383, 13919
0.18500185012817383, 13918
0.18500185012817383, 13917
0.18500185012817383, 13916
0.18500185012817383, 13915
0.18500185012817383, 13914
0.18500185012817383, 13913
0.18500185012817383, 13912
0.18500185012817383, 13911
0.18500185012817383, 13910
0.18593668937683105, 13909
0.18600201606750488, 13908
0.18600201606750488, 13907
0.18600201606750488, 13906
0.18600201606750488, 13905
0.18600201606750488, 13904
0.18600201606750488, 13903
0.18600201606750488, 13902
0.18600201606750488, 13901
0.18600201606750488, 13900
0.18600201606750488, 13899
0.18600201606750488, 13898
0.18600201606750488, 13897
0.18600201606750488, 13896
0.18600201606750488, 13895
0.18600201606750488, 13894
0.18600201606750488, 13893
0.18700194358825684, 13892
0.18700194358825684, 13891
0.18700194358825684, 13890
0.18700194358825684, 13889
0.18700194358825684, 13888
0.18700194358825684, 13887
0.18700194358825684, 13886
0.18700194358825684, 13885
0.18700194358825684, 13884
0.18700194358825684, 13883
0.18700194358825684, 13882
0.18700194358825684, 13881
0.18700194358825684, 13880
0.18700194358825684, 13879
0.18700194358825684, 13878
0.1880018711090088, 13877
0.1880018711090088, 13876
0.1880018711090088, 13875
0.1880018711090088, 13874
0.1880018711090088, 13873
0.1880018711090088, 13872
0.1880018711090088, 13871
0.1880018711090088, 13870
0.1880018711090088, 13869
0.1880018711090088, 13868
0.1880018711090088, 13867
0.1880018711090088, 13866
0.1880018711090088, 13865
0.18883037567138672, 13864
0.18883037567138672, 13863
0.18883037567138672, 13862
0.18883037567138672, 13861
0.18883037567138672, 13860
0.18883037567138672, 13859
0.18883037567138672, 13858
0.18883037567138672, 13857
0.18883037567138672, 13856
0.18883037567138672, 13855
0.18883037567138672, 13854
0.18883037567138672, 13853
0.18883037567138672, 13852
0.18883037567138672, 13851
0.189835786819458, 13850
0.189835786819458, 13849
0.189835786819458, 13848
0.189835786819458, 13847
0.189835786819458, 13846
0.189835786819458, 13845
0.189835786819458, 13844
0.189835786819458, 13843
0.189835786819458, 13842
0.189835786819458, 13841
0.189835786819458, 13840
0.189835786819458, 13839
0.189835786819458, 13838
0.189835786819458, 13837
0.189835786819458, 13836
0.19083571434020996, 13835
0.19083571434020996, 13834
0.19083571434020996, 13833
0.19083571434020996, 13832
0.19083571434020996, 13831
0.19083571434020996, 13830
0.19083571434020996, 13829
0.19083571434020996, 13828
0.19083571434020996, 13827
0.19083571434020996, 13826
0.19083571434020996, 13825
0.19083571434020996, 13824
0.19083571434020996, 13823
0.19083571434020996, 13822
0.19083571434020996, 13821
0.19083571434020996, 13820
0.19183588027954102, 13819
0.19183588027954102, 13818
0.19183588027954102, 13817
0.19183588027954102, 13816
0.19183588027954102, 13815
0.19183588027954102, 13814
0.19183588027954102, 13813
0.19183588027954102, 13812
0.19183588027954102, 13811
0.19183588027954102, 13810
0.19183588027954102, 13809
0.19183588027954102, 13808
0.19183588027954102, 13807
0.19183588027954102, 13806
0.19183588027954102, 13805
0.19283580780029297, 13804
0.19283580780029297, 13803
0.19283580780029297, 13802
0.19283580780029297, 13801
0.19283580780029297, 13800
0.19283580780029297, 13799
0.19283580780029297, 13798
0.19283580780029297, 13797
0.19283580780029297, 13796
0.19283580780029297, 13795
0.19283580780029297, 13794
0.19283580780029297, 13793
0.19283580780029297, 13792
0.19283580780029297, 13791
0.19283580780029297, 13790
0.19383597373962402, 13789
0.19383597373962402, 13788
0.19383597373962402, 13787
0.19383597373962402, 13786
0.19383597373962402, 13785
0.19383597373962402, 13784
0.19383597373962402, 13783
0.19383597373962402, 13782
0.19383597373962402, 13781
0.19383597373962402, 13780
0.19383597373962402, 13779
0.19383597373962402, 13778
0.19383597373962402, 13777
0.3757205009460449, 13776
0.3757205009460449, 13775
0.3757205009460449, 13774
0.3757205009460449, 13773
0.3757205009460449, 13772
0.3757205009460449, 13771
0.3757205009460449, 13770
0.3767209053039551, 13769
0.3767209053039551, 13768
0.3767209053039551, 13767
0.3767209053039551, 13766
0.3767209053039551, 13765
0.3767209053039551, 13764
0.3767209053039551, 13763
0.3767209053039551, 13762
0.3767209053039551, 13761
0.3767209053039551, 13760
0.3767209053039551, 13759
0.3767209053039551, 13758
0.3767209053039551, 13757
0.3767209053039551, 13756
0.3767209053039551, 13755
0.37772059440612793, 13754
0.37772059440612793, 13753
0.37772059440612793, 13752
0.37772059440612793, 13751
0.37772059440612793, 13750
0.37772059440612793, 13749
0.37772059440612793, 13748
0.37772059440612793, 13747
0.37772059440612793, 13746
0.37772059440612793, 13745
0.37772059440612793, 13744
0.37772059440612793, 13743
0.37772059440612793, 13742
0.37772059440612793, 13741
0.37772059440612793, 13740
0.3787202835083008, 13739
0.3787202835083008, 13738
0.3787202835083008, 13737
0.3787202835083008, 13736
0.3787202835083008, 13735
0.3787202835083008, 13734
0.3787202835083008, 13733
0.3787202835083008, 13732
0.3787202835083008, 13731
0.3787202835083008, 13730
0.3787202835083008, 13729
0.3787202835083008, 13728
0.3787202835083008, 13727
0.3787202835083008, 13726
0.3787202835083008, 13725
0.37972021102905273, 13724
0.37972021102905273, 13723
0.37972021102905273, 13722
0.37972021102905273, 13721
0.37972021102905273, 13720
0.37972021102905273, 13719
0.37972021102905273, 13718
0.37972021102905273, 13717
0.37972021102905273, 13716
0.37972021102905273, 13715
0.37972021102905273, 13714
0.37972021102905273, 13713
0.37972021102905273, 13712
0.37972021102905273, 13711
0.37972021102905273, 13710
0.3807199001312256, 13709
0.3807199001312256, 13708
0.3807199001312256, 13707
0.3807199001312256, 13706
0.3807199001312256, 13705
0.3807199001312256, 13704
0.3807199001312256, 13703
0.3807199001312256, 13702
0.3807199001312256, 13701
0.3807199001312256, 13700
0.3807199001312256, 13699
0.3807199001312256, 13698
0.3807199001312256, 13697
0.3807199001312256, 13696
0.3807199001312256, 13695
0.38172006607055664, 13694
0.38172006607055664, 13693
0.38172006607055664, 13692
0.38172006607055664, 13691
0.38172006607055664, 13690
0.38172006607055664, 13689
0.38172006607055664, 13688
0.38172006607055664, 13687
0.38172006607055664, 13686
0.38172006607055664, 13685
0.38172006607055664, 13684
0.38172006607055664, 13683
0.38172006607055664, 13682
0.38172006607055664, 13681
0.38172006607055664, 13680
0.38172006607055664, 13679
0.3827199935913086, 13678
0.3827199935913086, 13677
0.3827199935913086, 13676
0.3827199935913086, 13675
0.3827199935913086, 13674
0.3827199935913086, 13673
0.3827199935913086, 13672
0.3827199935913086, 13671
0.3827199935913086, 13670
0.3827199935913086, 13669
0.3827199935913086, 13668
0.3827199935913086, 13667
0.3827199935913086, 13666
0.3827199935913086, 13665
0.3827199935913086, 13664
0.38372111320495605, 13663
0.38372111320495605, 13662
0.38372111320495605, 13661
0.38372111320495605, 13660
0.38372111320495605, 13659
0.38372111320495605, 13658
0.38372111320495605, 13657
0.38372111320495605, 13656
0.38372111320495605, 13655
0.38372111320495605, 13654
0.38372111320495605, 13653
0.38372111320495605, 13652
0.38372111320495605, 13651
0.38372111320495605, 13650
0.38372111320495605, 13649
0.38372111320495605, 13648
0.3847205638885498, 13647
0.3847205638885498, 13646
0.3847205638885498, 13645
0.3847205638885498, 13644
0.3847205638885498, 13643
0.3847205638885498, 13642
0.3847205638885498, 13641
0.3847205638885498, 13640
0.3847205638885498, 13639
0.3847205638885498, 13638
0.3847205638885498, 13637
0.3847205638885498, 13636
0.3847205638885498, 13635
0.3847205638885498, 13634
0.3847205638885498, 13633
0.38571977615356445, 13632
0.38571977615356445, 13631
0.38571977615356445, 13630
0.38571977615356445, 13629
0.38571977615356445, 13628
0.38571977615356445, 13627
0.38571977615356445, 13626
0.38571977615356445, 13625
0.38571977615356445, 13624
0.38571977615356445, 13623
0.38571977615356445, 13622
0.38571977615356445, 13621
0.38571977615356445, 13620
0.38571977615356445, 13619
0.38571977615356445, 13618
0.3867201805114746, 13617
0.3867201805114746, 13616
0.3867201805114746, 13615
0.3867201805114746, 13614
0.3867201805114746, 13613
0.3867201805114746, 13612
0.3867201805114746, 13611
0.3867201805114746, 13610
0.3867201805114746, 13609
0.3867201805114746, 13608
0.3867201805114746, 13607
0.3867201805114746, 13606
0.3867201805114746, 13605
0.3867201805114746, 13604
0.3867201805114746, 13603
2.147857666015625, 13602
2.1488587856292725, 13601
2.1488587856292725, 13600
2.1488587856292725, 13599
2.1488587856292725, 13598
2.1488587856292725, 13597
2.1488587856292725, 13596
2.1488587856292725, 13595
2.1488587856292725, 13594
2.1488587856292725, 13593
2.1488587856292725, 13592
2.1488587856292725, 13591
2.1488587856292725, 13590
2.1488587856292725, 13589
2.1488587856292725, 13588
2.14985728263855, 13587
3.019786834716797, 13586
3.019786834716797, 13585
3.019786834716797, 13584
3.019786834716797, 13583
3.019786834716797, 13582
3.020786762237549, 13581
3.020786762237549, 13580
3.020786762237549, 13579
3.020786762237549, 13578
3.020786762237549, 13577
3.020786762237549, 13576
3.020786762237549, 13575
3.020786762237549, 13574
3.020786762237549, 13573
3.0214109420776367, 13572
3.0214109420776367, 13571
3.0214109420776367, 13570
3.0214109420776367, 13569
3.0214109420776367, 13568
3.021786689758301, 13567
3.021786689758301, 13566
3.021786689758301, 13565
3.021786689758301, 13564
3.021786689758301, 13563
3.021786689758301, 13562
3.021786689758301, 13561
3.021786689758301, 13560
3.021786689758301, 13559
3.021786689758301, 13558
3.021786689758301, 13557
3.021786689758301, 13556
3.021786689758301, 13555
3.021786689758301, 13554
3.021786689758301, 13553
3.0227866172790527, 13552
3.0227866172790527, 13551
3.0227866172790527, 13550
3.0227866172790527, 13549
3.0227866172790527, 13548
3.0227866172790527, 13547
3.0227866172790527, 13546
3.0227866172790527, 13545
3.0227866172790527, 13544
3.0227866172790527, 13543
3.0227866172790527, 13542
3.0227866172790527, 13541
3.0227866172790527, 13540
3.0227866172790527, 13539
3.0237865447998047, 13538
3.0237865447998047, 13537
3.0237865447998047, 13536
3.0237865447998047, 13535
3.0237865447998047, 13534
3.0237865447998047, 13533
3.0237865447998047, 13532
3.0237865447998047, 13531
3.0237865447998047, 13530
3.0237865447998047, 13529
3.0237865447998047, 13528
3.0237865447998047, 13527
3.0237865447998047, 13526
3.0247867107391357, 13525
3.0248513221740723, 13524
3.0248513221740723, 13523
3.0248513221740723, 13522
3.0248513221740723, 13521
3.0248513221740723, 13520
3.0248513221740723, 13519
3.0248513221740723, 13518
3.0248513221740723, 13517
3.0248513221740723, 13516
3.0248513221740723, 13515
3.0248513221740723, 13514
3.0248513221740723, 13513
3.025787115097046, 13512
3.025787115097046, 13511
3.025787115097046, 13510
3.025787115097046, 13509
3.025787115097046, 13508
3.025787115097046, 13507
3.025787115097046, 13506
3.025787115097046, 13505
3.025787115097046, 13504
3.025787115097046, 13503
3.025787115097046, 13502
3.025787115097046, 13501
3.025787115097046, 13500
3.025787115097046, 13499
3.026787042617798, 13498
3.026787042617798, 13497
3.026787042617798, 13496
3.026787042617798, 13495
3.026787042617798, 13494
3.026787042617798, 13493
3.026787042617798, 13492
3.026787042617798, 13491
3.026787042617798, 13490
3.026787042617798, 13489
3.026787042617798, 13488
3.026787042617798, 13487
3.026787042617798, 13486
3.026787042617798, 13485
3.0277867317199707, 13484
3.0277867317199707, 13483
3.0277867317199707, 13482
3.0277867317199707, 13481
3.0277867317199707, 13480
3.0277867317199707, 13479
3.0277867317199707, 13478
3.0277867317199707, 13477
3.0277867317199707, 13476
3.0277867317199707, 13475
3.0277867317199707, 13474
3.0277867317199707, 13473
3.0277867317199707, 13472
3.0277867317199707, 13471
3.0277867317199707, 13470
3.0287866592407227, 13469
3.0287866592407227, 13468
3.0287866592407227, 13467
3.0287866592407227, 13466
3.0287866592407227, 13465
3.0287866592407227, 13464
3.0287866592407227, 13463
3.0287866592407227, 13462
3.0287866592407227, 13461
3.0287866592407227, 13460
3.0287866592407227, 13459
3.0287866592407227, 13458
3.0287866592407227, 13457
3.0287866592407227, 13456
3.0297868251800537, 13455
3.0297868251800537, 13454
3.0297868251800537, 13453
3.0297868251800537, 13452
3.0297868251800537, 13451
3.0297868251800537, 13450
3.0297868251800537, 13449
3.0297868251800537, 13448
3.0297868251800537, 13447
3.0297868251800537, 13446
3.0297868251800537, 13445
3.0297868251800537, 13444
3.0297868251800537, 13443
3.0307867527008057, 13442
3.0307867527008057, 13441
3.0307867527008057, 13440
3.0307867527008057, 13439
3.0307867527008057, 13438
3.0307867527008057, 13437
3.0307867527008057, 13436
3.0307867527008057, 13435
3.0307867527008057, 13434
3.0307867527008057, 13433
3.0307867527008057, 13432
3.0307867527008057, 13431
3.0316050052642822, 13430
3.0316050052642822, 13429
3.0317866802215576, 13428
3.0317866802215576, 13427
3.0317866802215576, 13426
3.0317866802215576, 13425
3.0317866802215576, 13424
3.0317866802215576, 13423
3.0317866802215576, 13422
3.0317866802215576, 13421
3.0317866802215576, 13420
3.0317866802215576, 13419
3.0317866802215576, 13418
3.0317866802215576, 13417
3.0317866802215576, 13416
3.0317866802215576, 13415
3.0327868461608887, 13414
3.0327868461608887, 13413
3.0327868461608887, 13412
3.0327868461608887, 13411
3.0327868461608887, 13410
3.0327868461608887, 13409
3.0327868461608887, 13408
3.0327868461608887, 13407
3.0327868461608887, 13406
3.0327868461608887, 13405
3.0327868461608887, 13404
3.0327868461608887, 13403
3.0327868461608887, 13402
3.033722162246704, 13401
3.0337867736816406, 13400
3.0337867736816406, 13399
3.0337867736816406, 13398
3.0337867736816406, 13397
3.0337867736816406, 13396
3.0337867736816406, 13395
3.0337867736816406, 13394
3.0337867736816406, 13393
3.0337867736816406, 13392
3.0337867736816406, 13391
3.0337867736816406, 13390
3.0337867736816406, 13389
3.0337867736816406, 13388
3.0337867736816406, 13387
3.0347867012023926, 13386
3.0347867012023926, 13385
3.0347867012023926, 13384
3.0347867012023926, 13383
3.0347867012023926, 13382
3.0347867012023926, 13381
3.0347867012023926, 13380
3.0347867012023926, 13379
3.0347867012023926, 13378
3.0347867012023926, 13377
3.0347867012023926, 13376
3.0347867012023926, 13375
3.0347867012023926, 13374
3.0347867012023926, 13373
3.0357866287231445, 13372
3.035881280899048, 13371
3.035881280899048, 13370
3.035881280899048, 13369
3.035881280899048, 13368
3.035881280899048, 13367
3.035881280899048, 13366
3.035881280899048, 13365
3.035881280899048, 13364
3.035881280899048, 13363
3.035881280899048, 13362
3.035881280899048, 13361
3.035881280899048, 13360
3.0367867946624756, 13359
3.0367867946624756, 13358
3.0367867946624756, 13357
3.0367867946624756, 13356
3.0367867946624756, 13355
3.0367867946624756, 13354
3.0367867946624756, 13353
3.0367867946624756, 13352
3.0367867946624756, 13351
3.0367867946624756, 13350
3.0367867946624756, 13349
3.0367867946624756, 13348
3.0367867946624756, 13347
3.0367867946624756, 13346
3.0377867221832275, 13345
3.0377867221832275, 13344
3.0377867221832275, 13343
3.0377867221832275, 13342
3.0377867221832275, 13341
3.0377867221832275, 13340
3.0377867221832275, 13339
3.0377867221832275, 13338
3.0377867221832275, 13337
3.0377867221832275, 13336
3.0377867221832275, 13335
3.0377867221832275, 13334
3.0377867221832275, 13333
3.0377867221832275, 13332
3.0387866497039795, 13331
3.0387866497039795, 13330
3.0387866497039795, 13329
3.0387866497039795, 13328
3.0387866497039795, 13327
3.0387866497039795, 13326
3.0387866497039795, 13325
3.0387866497039795, 13324
3.0387866497039795, 13323
3.0387866497039795, 13322
3.0387866497039795, 13321
3.0387866497039795, 13320
3.0387866497039795, 13319
3.0397865772247314, 13318
3.0397865772247314, 13317
3.0397865772247314, 13316
3.0397865772247314, 13315
3.0397865772247314, 13314
3.0397865772247314, 13313
3.0397865772247314, 13312
3.0397865772247314, 13311
3.0397865772247314, 13310
