0.23477530479431152, 14074
0.23477530479431152, 14073
0.23477530479431152, 14072
0.23477530479431152, 14071
0.23477530479431152, 14070
0.2357771396636963, 14069
0.2357771396636963, 14068
0.2357771396636963, 14067
0.2357771396636963, 14066
0.2357771396636963, 14065
0.2357771396636963, 14064
0.2357771396636963, 14063
0.2357771396636963, 14062
0.2357771396636963, 14061
0.2357771396636963, 14060
0.2357771396636963, 14059
0.2357771396636963, 14058
0.2357771396636963, 14057
0.2357771396636963, 14056
0.23677611351013184, 14055
0.23677611351013184, 14054
0.23677611351013184, 14053
0.23677611351013184, 14052
0.23677611351013184, 14051
0.23677611351013184, 14050
0.23677611351013184, 14049
0.23677611351013184, 14048
0.23677611351013184, 14047
0.23677611351013184, 14046
0.23677611351013184, 14045
0.23677611351013184, 14044
0.23677611351013184, 14043
0.23677611351013184, 14042
0.23777461051940918, 14041
0.23782753944396973, 14040
0.23782753944396973, 14039
0.23782753944396973, 14038
0.23782753944396973, 14037
0.23782753944396973, 14036
0.23782753944396973, 14035
0.23782753944396973, 14034
0.23782753944396973, 14033
0.23782753944396973, 14032
0.23782753944396973, 14031
0.23782753944396973, 14030
0.23782753944396973, 14029
0.23782753944396973, 14028
0.23782753944396973, 14027
0.23877549171447754, 14026
0.23877549171447754, 14025
0.23877549171447754, 14024
0.23877549171447754, 14023
0.23877549171447754, 14022
0.23877549171447754, 14021
0.23877549171447754, 14020
0.23877549171447754, 14019
0.23877549171447754, 14018
0.23877549171447754, 14017
0.23877549171447754, 14016
0.23877549171447754, 14015
0.23877549171447754, 14014
0.23877549171447754, 14013
0.2397754192352295, 14012
0.2397754192352295, 14011
0.2397754192352295, 14010
0.2397754192352295, 14009
0.2397754192352295, 14008
0.2397754192352295, 14007
0.2397754192352295, 14006
0.2397754192352295, 14005
0.2397754192352295, 14004
0.2397754192352295, 14003
0.469743013381958, 14002
0.469743013381958, 14001
0.469743013381958, 14000
0.469743013381958, 13999
0.469743013381958, 13998
0.469743013381958, 13997
0.469743013381958, 13996
0.47074389457702637, 13995
0.47074389457702637, 13994
0.47074389457702637, 13993
0.47074389457702637, 13992
0.47074389457702637, 13991
0.47074389457702637, 13990
0.47074389457702637, 13989
0.47074389457702637, 13988
0.47074389457702637, 13987
0.47074389457702637, 13986
0.47074389457702637, 13985
0.47074389457702637, 13984
0.47074389457702637, 13983
0.47074389457702637, 13982
0.47074389457702637, 13981
0.4717435836791992, 13980
0.4717435836791992, 13979
0.4717435836791992, 13978
0.4717435836791992, 13977
0.4717435836791992, 13976
0.4717435836791992, 13975
0.4717435836791992, 13974
0.4717435836791992, 13973
0.4717435836791992, 13972
0.4717435836791992, 13971
0.4717435836791992, 13970
0.4717435836791992, 13969
0.4717435836791992, 13968
0.4717435836791992, 13967
0.4717435836791992, 13966
0.4727437496185303, 13965
0.4727437496185303, 13964
0.4727437496185303, 13963
0.4727437496185303, 13962
0.4727437496185303, 13961
0.4727437496185303, 13960
0.4727437496185303, 13959
0.4727437496185303, 13958
0.4727437496185303, 13957
0.4727437496185303, 13956
0.4727437496185303, 13955
0.4727437496185303, 13954
0.4727437496185303, 13953
0.4727437496185303, 13952
0.4737429618835449, 13951
0.4737429618835449, 13950
0.4737429618835449, 13949
0.4737429618835449, 13948
0.4737429618835449, 13947
0.4737429618835449, 13946
0.4737429618835449, 13945
0.4737429618835449, 13944
0.4737429618835449, 13943
0.4737429618835449, 13942
0.4737429618835449, 13941
0.4737429618835449, 13940
0.4737429618835449, 13939
0.4737429618835449, 13938
0.4747440814971924, 13937
0.4747440814971924, 13936
0.4747440814971924, 13935
0.4747440814971924, 13934
0.4747440814971924, 13933
0.4747440814971924, 13932
0.4747440814971924, 13931
0.4747440814971924, 13930
0.4747440814971924, 13929
0.4747440814971924, 13928
0.4747440814971924, 13927
0.4747440814971924, 13926
0.4747440814971924, 13925
0.4747440814971924, 13924
0.47574329376220703, 13923
0.47574329376220703, 13922
0.47574329376220703, 13921
0.47574329376220703, 13920
0.47574329376220703, 13919
0.47574329376220703, 13918
0.47574329376220703, 13917
0.47574329376220703, 13916
0.47574329376220703, 13915
0.47574329376220703, 13914
0.47574329376220703, 13913
0.47574329376220703, 13912
0.47574329376220703, 13911
0.47574329376220703, 13910
0.4767444133758545, 13909
0.4767444133758545, 13908
0.4767444133758545, 13907
0.4767444133758545, 13906
0.4767444133758545, 13905
0.4767444133758545, 13904
0.4767444133758545, 13903
0.4767444133758545, 13902
0.4767444133758545, 13901
0.4767444133758545, 13900
0.4767444133758545, 13899
0.4767444133758545, 13898
0.4767444133758545, 13897
0.47774457931518555, 13896
0.47774457931518555, 13895
0.47774457931518555, 13894
0.47774457931518555, 13893
0.47774457931518555, 13892
0.47774457931518555, 13891
0.47774457931518555, 13890
0.47774457931518555, 13889
0.47774457931518555, 13888
0.47774457931518555, 13887
0.47774457931518555, 13886
0.47774457931518555, 13885
0.47774457931518555, 13884
0.47774457931518555, 13883
0.478745698928833, 13882
0.478745698928833, 13881
0.478745698928833, 13880
0.478745698928833, 13879
0.478745698928833, 13878
0.478745698928833, 13877
0.478745698928833, 13876
0.478745698928833, 13875
0.478745698928833, 13874
0.478745698928833, 13873
0.478745698928833, 13872
0.478745698928833, 13871
0.478745698928833, 13870
0.478745698928833, 13869
0.47974443435668945, 13868
0.47974443435668945, 13867
0.47974443435668945, 13866
0.47974443435668945, 13865
0.47974443435668945, 13864
0.47974443435668945, 13863
0.47974443435668945, 13862
0.47974443435668945, 13861
0.47974443435668945, 13860
0.47974443435668945, 13859
0.47974443435668945, 13858
0.47974443435668945, 13857
0.47974443435668945, 13856
0.9477047920227051, 13855
0.9477047920227051, 13854
0.9477047920227051, 13853
0.9477047920227051, 13852
0.9477047920227051, 13851
0.9477047920227051, 13850
0.9477047920227051, 13849
0.9477047920227051, 13848
0.9477047920227051, 13847
0.9477047920227051, 13846
0.9477047920227051, 13845
0.9477047920227051, 13844
0.9477047920227051, 13843
0.9477047920227051, 13842
0.9487056732177734, 13841
0.9487056732177734, 13840
0.9487056732177734, 13839
0.9487056732177734, 13838
0.9487056732177734, 13837
0.9487056732177734, 13836
0.9487056732177734, 13835
0.9487056732177734, 13834
0.9487056732177734, 13833
0.9487056732177734, 13832
0.9487056732177734, 13831
0.9487056732177734, 13830
0.9487056732177734, 13829
0.9487056732177734, 13828
0.94970703125, 13827
0.94970703125, 13826
0.94970703125, 13825
0.94970703125, 13824
0.94970703125, 13823
0.94970703125, 13822
0.94970703125, 13821
0.94970703125, 13820
0.94970703125, 13819
0.94970703125, 13818
0.94970703125, 13817
0.9507079124450684, 13816
0.9507079124450684, 13815
0.9507079124450684, 13814
0.9507079124450684, 13813
0.9507079124450684, 13812
0.9507079124450684, 13811
0.9507079124450684, 13810
0.9507079124450684, 13809
0.9507079124450684, 13808
0.9507079124450684, 13807
0.9507079124450684, 13806
0.9507079124450684, 13805
0.9507079124450684, 13804
0.9507079124450684, 13803
0.9517073631286621, 13802
0.9517073631286621, 13801
0.9517073631286621, 13800
0.9517073631286621, 13799
0.9517073631286621, 13798
0.9517073631286621, 13797
0.9517073631286621, 13796
0.9517073631286621, 13795
0.9517073631286621, 13794
0.9517073631286621, 13793
0.9517073631286621, 13792
0.9517073631286621, 13791
0.9517073631286621, 13790
0.9517073631286621, 13789
0.9517073631286621, 13788
0.952707052230835, 13787
0.952707052230835, 13786
0.952707052230835, 13785
0.952707052230835, 13784
0.952707052230835, 13783
0.952707052230835, 13782
0.952707052230835, 13781
0.952707052230835, 13780
0.952707052230835, 13779
0.952707052230835, 13778
0.952707052230835, 13777
0.952707052230835, 13776
0.952707052230835, 13775
0.952707052230835, 13774
0.952707052230835, 13773
0.9537074565887451, 13772
0.9537074565887451, 13771
0.9537074565887451, 13770
0.9537074565887451, 13769
0.9537074565887451, 13768
0.9537074565887451, 13767
0.9537074565887451, 13766
0.9537074565887451, 13765
0.9537074565887451, 13764
0.9537074565887451, 13763
0.9537074565887451, 13762
0.9537074565887451, 13761
0.9537074565887451, 13760
0.9537074565887451, 13759
0.9547080993652344, 13758
0.9547080993652344, 13757
0.9547080993652344, 13756
0.9547080993652344, 13755
0.9547080993652344, 13754
0.9547080993652344, 13753
0.9547080993652344, 13752
0.9547080993652344, 13751
0.9547080993652344, 13750
0.9547080993652344, 13749
0.9547080993652344, 13748
0.9547080993652344, 13747
0.9547080993652344, 13746
0.9547080993652344, 13745
0.9557054042816162, 13744
0.9557054042816162, 13743
0.9557054042816162, 13742
0.9557054042816162, 13741
0.9557054042816162, 13740
0.9557054042816162, 13739
0.9557054042816162, 13738
0.9557054042816162, 13737
0.9557054042816162, 13736
0.9557054042816162, 13735
0.9557054042816162, 13734
0.9557054042816162, 13733
0.9557054042816162, 13732
0.9557054042816162, 13731
0.9557054042816162, 13730
0.956709623336792, 13729
0.956709623336792, 13728
0.956709623336792, 13727
0.956709623336792, 13726
0.956709623336792, 13725
0.956709623336792, 13724
0.956709623336792, 13723
0.956709623336792, 13722
0.956709623336792, 13721
0.956709623336792, 13720
0.956709623336792, 13719
0.956709623336792, 13718
0.956709623336792, 13717
0.9577066898345947, 13716
0.9577066898345947, 13715
0.9577066898345947, 13714
0.9577066898345947, 13713
0.9577066898345947, 13712
0.9577066898345947, 13711
0.9577066898345947, 13710
0.9577066898345947, 13709
0.9577066898345947, 13708
0.9577066898345947, 13707
0.9577066898345947, 13706
0.9577066898345947, 13705
0.9577066898345947, 13704
0.9587094783782959, 13703
0.9587094783782959, 13702
0.9587094783782959, 13701
0.9587094783782959, 13700
0.9587094783782959, 13699
0.9587094783782959, 13698
0.9587094783782959, 13697
0.9587094783782959, 13696
0.9587094783782959, 13695
0.9587094783782959, 13694
0.9587094783782959, 13693
0.9587094783782959, 13692
0.9587094783782959, 13691
0.9597060680389404, 13690
0.9597060680389404, 13689
0.9597060680389404, 13688
0.9597060680389404, 13687
0.9597060680389404, 13686
0.9597060680389404, 13685
0.9597060680389404, 13684
0.9597060680389404, 13683
0.9597060680389404, 13682
0.9597060680389404, 13681
0.9597060680389404, 13680
0.9597060680389404, 13679
0.9597060680389404, 13678
0.9607055187225342, 13677
0.9607055187225342, 13676
0.9607055187225342, 13675
0.9607055187225342, 13674
0.9607055187225342, 13673
0.9607055187225342, 13672
0.9607055187225342, 13671
0.9607055187225342, 13670
0.9607055187225342, 13669
0.9607055187225342, 13668
0.9607055187225342, 13667
0.9607055187225342, 13666
0.9607055187225342, 13665
0.961707353591919, 13664
0.961707353591919, 13663
0.961707353591919, 13662
0.961707353591919, 13661
0.961707353591919, 13660
0.961707353591919, 13659
0.961707353591919, 13658
0.961707353591919, 13657
0.961707353591919, 13656
0.961707353591919, 13655
0.961707353591919, 13654
0.961707353591919, 13653
0.961707353591919, 13652
0.9627058506011963, 13651
0.9627058506011963, 13650
0.9627058506011963, 13649
0.9627058506011963, 13648
0.9627058506011963, 13647
0.9627058506011963, 13646
0.9627058506011963, 13645
0.9627058506011963, 13644
0.9627058506011963, 13643
0.9627058506011963, 13642
0.9627058506011963, 13641
0.9637072086334229, 13640
0.9637072086334229, 13639
0.9637072086334229, 13638
0.9637072086334229, 13637
0.9637072086334229, 13636
0.9637072086334229, 13635
0.9637072086334229, 13634
0.9637072086334229, 13633
0.9637072086334229, 13632
0.9637072086334229, 13631
0.9647054672241211, 13630
0.9647054672241211, 13629
0.9647054672241211, 13628
0.9647054672241211, 13627
0.9647054672241211, 13626
0.9647054672241211, 13625
0.9647054672241211, 13624
0.9647054672241211, 13623
0.9647054672241211, 13622
0.9647054672241211, 13621
0.9657068252563477, 13620
0.9657068252563477, 13619
0.9657068252563477, 13618
0.9657068252563477, 13617
0.9657068252563477, 13616
0.9657068252563477, 13615
0.9657068252563477, 13614
0.9657068252563477, 13613
0.9667096138000488, 13612
0.9667096138000488, 13611
0.9667096138000488, 13610
0.9667096138000488, 13609
0.9667096138000488, 13608
0.9667096138000488, 13607
0.9667096138000488, 13606
0.9667096138000488, 13605
0.9677090644836426, 13604
0.9677090644836426, 13603
0.9677090644836426, 13602
0.9677090644836426, 13601
0.9677090644836426, 13600
0.9677090644836426, 13599
0.9677090644836426, 13598
0.9677090644836426, 13597
0.9677090644836426, 13596
0.9677090644836426, 13595
0.968707799911499, 13594
0.968707799911499, 13593
0.968707799911499, 13592
0.968707799911499, 13591
0.968707799911499, 13590
0.968707799911499, 13589
0.968707799911499, 13588
0.968707799911499, 13587
0.968707799911499, 13586
0.968707799911499, 13585
0.968707799911499, 13584
0.9697093963623047, 13583
0.9697093963623047, 13582
0.9697093963623047, 13581
0.9697093963623047, 13580
0.9697093963623047, 13579
0.9697093963623047, 13578
0.9697093963623047, 13577
0.9697093963623047, 13576
0.9697093963623047, 13575
0.970710277557373, 13574
0.970710277557373, 13573
0.970710277557373, 13572
0.970710277557373, 13571
0.970710277557373, 13570
0.970710277557373, 13569
0.970710277557373, 13568
0.970710277557373, 13567
0.970710277557373, 13566
0.970710277557373, 13565
0.970710277557373, 13564
0.970710277557373, 13563
0.970710277557373, 13562
0.9717097282409668, 13561
0.9717097282409668, 13560
0.9717097282409668, 13559
0.9717097282409668, 13558
0.9717097282409668, 13557
0.9717097282409668, 13556
0.9717097282409668, 13555
0.9717097282409668, 13554
0.9717097282409668, 13553
0.9717097282409668, 13552
0.9717097282409668, 13551
0.9717097282409668, 13550
0.9717097282409668, 13549
0.9727067947387695, 13548
0.9727067947387695, 13547
0.9727067947387695, 13546
0.9727067947387695, 13545
0.9727067947387695, 13544
0.9727067947387695, 13543
0.9727067947387695, 13542
0.9727067947387695, 13541
0.9727067947387695, 13540
0.9727067947387695, 13539
0.9727067947387695, 13538
0.9727067947387695, 13537
0.9727067947387695, 13536
2.6976382732391357, 13535
2.6986403465270996, 13534
2.6986403465270996, 13533
2.6986403465270996, 13532
2.6986403465270996, 13531
2.6986403465270996, 13530
2.6986403465270996, 13529
2.6986403465270996, 13528
7.7378928661346436, 13527
7.7378928661346436, 13526
7.7378928661346436, 13525
7.7378928661346436, 13524
7.7378928661346436, 13523
7.7378928661346436, 13522
7.7378928661346436, 13521
7.7378928661346436, 13520
7.7378928661346436, 13519
7.7378928661346436, 13518
7.7378928661346436, 13517
7.7378928661346436, 13516
7.738889932632446, 13515
7.738889932632446, 13514
7.739075422286987, 13513
7.739075422286987, 13512
7.739075422286987, 13511
7.739075422286987, 13510
7.739075422286987, 13509
7.739075422286987, 13508
7.739075422286987, 13507
7.739075422286987, 13506
7.739075422286987, 13505
7.739075422286987, 13504
7.739075422286987, 13503
7.739892482757568, 13502
7.739892482757568, 13501
7.739892482757568, 13500
7.739892482757568, 13499
7.739892482757568, 13498
7.739892482757568, 13497
7.739892482757568, 13496
7.739892482757568, 13495
7.739892482757568, 13494
7.739892482757568, 13493
7.739892482757568, 13492
7.739892482757568, 13491
7.739892482757568, 13490
7.739892482757568, 13489
7.74089241027832, 13488
7.74089241027832, 13487
7.74089241027832, 13486
7.74089241027832, 13485
7.74089241027832, 13484
7.74089241027832, 13483
7.74089241027832, 13482
7.74089241027832, 13481
7.74089241027832, 13480
7.74089241027832, 13479
7.74089241027832, 13478
7.74089241027832, 13477
8.92099380493164, 13009
8.92099380493164, 13008
8.92099380493164, 13007
8.92099380493164, 13006
8.92099380493164, 13005
8.921992778778076, 13004
8.921992778778076, 13003
8.921992778778076, 13002
8.921992778778076, 13001
8.921992778778076, 13000
8.921992778778076, 12999
8.921992778778076, 12998
8.921992778778076, 12997
8.921992778778076, 12996
8.921992778778076, 12995
8.921992778778076, 12994
8.921992778778076, 12993
8.922995328903198, 12992
8.922995328903198, 12991
8.922995328903198, 12990
8.922995328903198, 12989
8.922995328903198, 12988
8.922995328903198, 12987
8.922995328903198, 12986
8.922995328903198, 12985
8.922995328903198, 12984
8.922995328903198, 12983
8.922995328903198, 12982
8.922995328903198, 12981
8.923991918563843, 12980
8.923991918563843, 12979
8.923991918563843, 12978
8.923991918563843, 12977
8.923991918563843, 12976
8.923991918563843, 12975
8.923991918563843, 12974
8.923991918563843, 12973
8.923991918563843, 12972
8.923991918563843, 12971
8.923991918563843, 12970
8.923991918563843, 12969
8.92499566078186, 12968
8.92499566078186, 12967
8.92499566078186, 12966
8.92499566078186, 12965
8.92499566078186, 12964
8.92499566078186, 12963
8.92499566078186, 12962
8.92499566078186, 12961
8.92499566078186, 12960
8.92499566078186, 12959
8.92499566078186, 12958
8.92499566078186, 12957
8.925992250442505, 12956
8.925992250442505, 12955
8.925992250442505, 12954
8.925992250442505, 12953
8.925992250442505, 12952
8.925992250442505, 12951
8.925992250442505, 12950
8.925992250442505, 12949
8.925992250442505, 12948
8.925992250442505, 12947
8.925992250442505, 12946
8.926995515823364, 12945
8.926995515823364, 12944
8.926995515823364, 12943
8.926995515823364, 12942
8.926995515823364, 12941
8.926995515823364, 12940
8.926995515823364, 12939
8.926995515823364, 12938
8.926995515823364, 12937
8.926995515823364, 12936
8.926995515823364, 12935
8.926995515823364, 12934
8.927992343902588, 12933
8.927992343902588, 12932
8.927992343902588, 12931
8.927992343902588, 12930
8.927992343902588, 12929
8.927992343902588, 12928
8.927992343902588, 12927
8.927992343902588, 12926
8.927992343902588, 12925
8.927992343902588, 12924
8.927992343902588, 12923
8.928990602493286, 12922
8.928990602493286, 12921
8.928990602493286, 12920
8.928990602493286, 12919
8.928990602493286, 12918
8.928990602493286, 12917
8.928990602493286, 12916
8.928990602493286, 12915
8.928990602493286, 12914
8.928990602493286, 12913
8.928990602493286, 12912
8.928990602493286, 12911
8.929991006851196, 12910
8.930108070373535, 12909
8.930108070373535, 12908
8.930108070373535, 12907
8.930108070373535, 12906
8.930108070373535, 12905
8.930108070373535, 12904
8.930108070373535, 12903
8.930108070373535, 12902
8.930108070373535, 12901
8.930108070373535, 12900
8.930108070373535, 12899
8.931069612503052, 12898
8.931069612503052, 12897
8.931069612503052, 12896
8.931069612503052, 12895
8.931069612503052, 12894
8.931069612503052, 12893
8.931069612503052, 12892
8.931992053985596, 12891
8.931992053985596, 12890
8.931992053985596, 12889
8.931992053985596, 12888
8.931992053985596, 12887
8.931992053985596, 12886
8.931992053985596, 12885
8.931992053985596, 12884
8.931992053985596, 12883
8.932994842529297, 12882
8.932994842529297, 12881
8.932994842529297, 12880
8.932994842529297, 12879
8.932994842529297, 12878
8.932994842529297, 12877
8.932994842529297, 12876
8.932994842529297, 12875
8.932994842529297, 12874
8.932994842529297, 12873
8.932994842529297, 12872
8.932994842529297, 12871
8.933990001678467, 12870
8.933990001678467, 12869
8.933990001678467, 12868
8.933990001678467, 12867
8.933990001678467, 12866
8.933990001678467, 12865
8.933990001678467, 12864
8.933990001678467, 12863
8.933990001678467, 12862
8.933990001678467, 12861
8.933990001678467, 12860
8.934989929199219, 12859
8.934989929199219, 12858
8.934989929199219, 12857
8.934989929199219, 12856
8.934989929199219, 12855
8.934989929199219, 12854
8.934989929199219, 12853
8.934989929199219, 12852
8.934989929199219, 12851
8.934989929199219, 12850
8.934989929199219, 12849
8.935991048812866, 12848
8.935991048812866, 12847
8.935991048812866, 12846
8.935991048812866, 12845
8.935991048812866, 12844
8.935991048812866, 12843
8.935991048812866, 12842
8.935991048812866, 12841
8.935991048812866, 12840
8.935991048812866, 12839
8.935991048812866, 12838
8.935991048812866, 12837
8.936990737915039, 12836
8.936990737915039, 12835
8.936990737915039, 12834
8.936990737915039, 12833
8.936990737915039, 12832
8.936990737915039, 12831
8.936990737915039, 12830
8.936990737915039, 12829
8.936990737915039, 12828
8.936990737915039, 12827
8.936990737915039, 12826
8.937993288040161, 12825
8.937993288040161, 12824
8.937993288040161, 12823
8.937993288040161, 12822
8.937993288040161, 12821
8.937993288040161, 12820
8.937993288040161, 12819
8.937993288040161, 12818
8.937993288040161, 12817
8.937993288040161, 12816
8.937993288040161, 12815
8.937993288040161, 12814
8.938992738723755, 12813
8.938992738723755, 12812
8.938992738723755, 12811
8.938992738723755, 12810
8.938992738723755, 12809
8.938992738723755, 12808
8.938992738723755, 12807
8.938992738723755, 12806
8.938992738723755, 12805
8.938992738723755, 12804
8.938992738723755, 12803
8.939993381500244, 12802
8.939993381500244, 12801
8.939993381500244, 12800
8.939993381500244, 12799
8.939993381500244, 12798
8.939993381500244, 12797
8.939993381500244, 12796
8.939993381500244, 12795
8.939993381500244, 12794
8.939993381500244, 12793
8.939993381500244, 12792
8.940994024276733, 12791
8.940994024276733, 12790
8.940994024276733, 12789
8.940994024276733, 12788
8.940994024276733, 12787
8.940994024276733, 12786
8.940994024276733, 12785
8.940994024276733, 12784
8.940994024276733, 12783
8.940994024276733, 12782
8.940994024276733, 12781
8.942009687423706, 12780
8.942009687423706, 12779
8.942009687423706, 12778
8.942009687423706, 12777
8.942009687423706, 12776
8.942009687423706, 12775
8.942009687423706, 12774
8.942009687423706, 12773
8.942009687423706, 12772
8.942009687423706, 12771
8.942009687423706, 12770
8.942009687423706, 12769
8.942993640899658, 12768
8.942993640899658, 12767
8.942993640899658, 12766
8.942993640899658, 12765
8.942993640899658, 12764
8.942993640899658, 12763
8.942993640899658, 12762
8.942993640899658, 12761
8.942993640899658, 12760
8.942993640899658, 12759
8.942993640899658, 12758
8.942993640899658, 12757
8.943995475769043, 12756
8.943995475769043, 12755
8.943995475769043, 12754
8.943995475769043, 12753
8.943995475769043, 12752
8.943995475769043, 12751
8.943995475769043, 12750
8.943995475769043, 12749
8.943995475769043, 12748
8.943995475769043, 12747
8.943995475769043, 12746
8.944991827011108, 12745
8.944991827011108, 12744
8.944991827011108, 12743
8.944991827011108, 12742
8.944991827011108, 12741
8.944991827011108, 12740
8.944991827011108, 12739
8.944991827011108, 12738
8.944991827011108, 12737
8.944991827011108, 12736
8.944991827011108, 12735
8.944991827011108, 12734
8.945990085601807, 12733
8.945990085601807, 12732
8.945990085601807, 12731
8.945990085601807, 12730
8.945990085601807, 12729
8.945990085601807, 12728
8.945990085601807, 12727
8.945990085601807, 12726
8.945990085601807, 12725
8.946994543075562, 12724
8.946994543075562, 12723
