0.1861577033996582, 13944
0.1861577033996582, 13943
0.1861577033996582, 13942
0.1861577033996582, 13941
0.1861577033996582, 13940
0.1861577033996582, 13939
0.1861577033996582, 13938
0.18715834617614746, 13937
0.18715834617614746, 13936
0.18715834617614746, 13935
0.18715834617614746, 13934
0.18715834617614746, 13933
0.18715834617614746, 13932
0.18715834617614746, 13931
0.18715834617614746, 13930
0.18715834617614746, 13929
0.18715834617614746, 13928
0.18715834617614746, 13927
0.18715834617614746, 13926
0.18715834617614746, 13925
0.18715834617614746, 13924
0.18715834617614746, 13923
0.1881577968597412, 13922
0.1881577968597412, 13921
0.1881577968597412, 13920
0.1881577968597412, 13919
0.1881577968597412, 13918
0.1881577968597412, 13917
0.1881577968597412, 13916
0.1881577968597412, 13915
0.1881577968597412, 13914
0.1881577968597412, 13913
0.1881577968597412, 13912
0.1881577968597412, 13911
0.1881577968597412, 13910
0.1881577968597412, 13909
0.18915677070617676, 13908
0.18915677070617676, 13907
0.18915677070617676, 13906
0.18915677070617676, 13905
0.18915677070617676, 13904
0.18915677070617676, 13903
0.18915677070617676, 13902
0.18915677070617676, 13901
0.18915677070617676, 13900
0.18915677070617676, 13899
0.18915677070617676, 13898
0.18915677070617676, 13897
0.18915677070617676, 13896
0.18915677070617676, 13895
0.18915677070617676, 13894
0.19015717506408691, 13893
0.19015717506408691, 13892
0.19015717506408691, 13891
0.19015717506408691, 13890
0.19015717506408691, 13889
0.19015717506408691, 13888
0.19015717506408691, 13887
0.19015717506408691, 13886
0.19015717506408691, 13885
0.19015717506408691, 13884
0.19015717506408691, 13883
0.19015717506408691, 13882
0.19015717506408691, 13881
0.19015717506408691, 13880
0.19015717506408691, 13879
0.19115710258483887, 13878
0.19115710258483887, 13877
0.19115710258483887, 13876
0.19115710258483887, 13875
0.19115710258483887, 13874
0.19115710258483887, 13873
0.19115710258483887, 13872
0.19115710258483887, 13871
0.19115710258483887, 13870
0.19115710258483887, 13869
0.19115710258483887, 13868
0.19115710258483887, 13867
0.19115710258483887, 13866
0.19115710258483887, 13865
0.19215655326843262, 13864
0.19225144386291504, 13863
0.19225144386291504, 13862
0.19225144386291504, 13861
0.19225144386291504, 13860
0.19225144386291504, 13859
0.19225144386291504, 13858
0.19225144386291504, 13857
0.19225144386291504, 13856
0.19225144386291504, 13855
0.19225144386291504, 13854
0.19225144386291504, 13853
0.19225144386291504, 13852
0.19315838813781738, 13851
0.19315838813781738, 13850
0.19315838813781738, 13849
0.19315838813781738, 13848
0.19315838813781738, 13847
0.19315838813781738, 13846
0.19315838813781738, 13845
0.19315838813781738, 13844
0.19315838813781738, 13843
0.19315838813781738, 13842
0.19315838813781738, 13841
0.19315838813781738, 13840
0.19315838813781738, 13839
0.19315838813781738, 13838
0.19315838813781738, 13837
0.19415807723999023, 13836
0.19415807723999023, 13835
0.19415807723999023, 13834
0.19415807723999023, 13833
0.19415807723999023, 13832
0.19415807723999023, 13831
0.19415807723999023, 13830
0.19415807723999023, 13829
0.19415807723999023, 13828
0.19415807723999023, 13827
0.19415807723999023, 13826
0.19515752792358398, 13825
0.19515752792358398, 13824
0.19515752792358398, 13823
0.19515752792358398, 13822
0.19515752792358398, 13821
0.19515752792358398, 13820
0.19515752792358398, 13819
0.19515752792358398, 13818
0.19515752792358398, 13817
0.19515752792358398, 13816
0.19615721702575684, 13815
0.19615721702575684, 13814
0.19615721702575684, 13813
0.19615721702575684, 13812
0.19615721702575684, 13811
0.19615721702575684, 13810
0.19615721702575684, 13809
0.19615721702575684, 13808
0.19615721702575684, 13807
0.19615721702575684, 13806
0.19615721702575684, 13805
0.19615721702575684, 13804
0.19615721702575684, 13803
0.1971571445465088, 13802
0.1971571445465088, 13801
0.1971571445465088, 13800
0.1971571445465088, 13799
0.1971571445465088, 13798
0.1971571445465088, 13797
0.1971571445465088, 13796
0.1971571445465088, 13795
0.1971571445465088, 13794
0.1971571445465088, 13793
0.1971571445465088, 13792
0.1971571445465088, 13791
0.1971571445465088, 13790
0.1971571445465088, 13789
0.19815611839294434, 13788
0.19815611839294434, 13787
0.19815611839294434, 13786
0.19815611839294434, 13785
0.19815611839294434, 13784
0.19815611839294434, 13783
0.19815611839294434, 13782
0.19815611839294434, 13781
0.19815611839294434, 13780
0.19815611839294434, 13779
0.19815611839294434, 13778
0.19815611839294434, 13777
0.19815611839294434, 13776
0.1991567611694336, 13775
0.1991567611694336, 13774
0.1991567611694336, 13773
0.1991567611694336, 13772
0.1991567611694336, 13771
0.1991567611694336, 13770
0.1991567611694336, 13769
0.1991567611694336, 13768
0.1991567611694336, 13767
0.1991567611694336, 13766
0.1991567611694336, 13765
0.1991567611694336, 13764
0.1991567611694336, 13763
0.1991567611694336, 13762
0.20015549659729004, 13761
0.20015549659729004, 13760
0.20015549659729004, 13759
0.20015549659729004, 13758
0.20015549659729004, 13757
0.20015549659729004, 13756
0.20015549659729004, 13755
0.20015549659729004, 13754
0.20015549659729004, 13753
0.20015549659729004, 13752
0.20015549659729004, 13751
0.20015549659729004, 13750
0.20015549659729004, 13749
0.20015549659729004, 13748
0.2011551856994629, 13747
0.2011551856994629, 13746
0.2011551856994629, 13745
0.2011551856994629, 13744
0.2011551856994629, 13743
0.2011551856994629, 13742
0.2011551856994629, 13741
0.2011551856994629, 13740
0.2011551856994629, 13739
0.2011551856994629, 13738
0.2011551856994629, 13737
0.2011551856994629, 13736
0.2011551856994629, 13735
0.2011551856994629, 13734
0.20215535163879395, 13733
0.20215535163879395, 13732
0.20215535163879395, 13731
0.20215535163879395, 13730
0.20215535163879395, 13729
0.20215535163879395, 13728
0.20215535163879395, 13727
0.20215535163879395, 13726
0.20215535163879395, 13725
0.20215535163879395, 13724
0.20215535163879395, 13723
0.20215535163879395, 13722
0.20215535163879395, 13721
0.2031552791595459, 13720
0.2032301425933838, 13719
0.2032301425933838, 13718
0.2032301425933838, 13717
0.2032301425933838, 13716
0.2032301425933838, 13715
0.2032301425933838, 13714
0.2032301425933838, 13713
0.2032301425933838, 13712
0.2032301425933838, 13711
0.2032301425933838, 13710
0.2032301425933838, 13709
0.2032301425933838, 13708
0.20415520668029785, 13707
0.20415520668029785, 13706
0.20415520668029785, 13705
0.20415520668029785, 13704
0.20415520668029785, 13703
0.20415520668029785, 13702
0.20415520668029785, 13701
0.20415520668029785, 13700
0.20415520668029785, 13699
0.20415520668029785, 13698
0.20415520668029785, 13697
0.20415520668029785, 13696
0.20415520668029785, 13695
0.20415520668029785, 13694
0.2051551342010498, 13693
0.2051551342010498, 13692
0.2051551342010498, 13691
0.2051551342010498, 13690
0.2051551342010498, 13689
0.2051551342010498, 13688
0.2051551342010498, 13687
0.2051551342010498, 13686
0.2051551342010498, 13685
0.2051551342010498, 13684
0.2051551342010498, 13683
0.2051551342010498, 13682
0.2051551342010498, 13681
0.2051551342010498, 13680
0.20615506172180176, 13679
0.20615506172180176, 13678
0.20615506172180176, 13677
0.20615506172180176, 13676
0.20615506172180176, 13675
0.20615506172180176, 13674
0.20615506172180176, 13673
0.20615506172180176, 13672
0.20615506172180176, 13671
0.20615506172180176, 13670
0.20615506172180176, 13669
0.20615506172180176, 13668
0.20615506172180176, 13667
0.2071552276611328, 13666
0.2071552276611328, 13665
0.2071552276611328, 13664
0.2071552276611328, 13663
0.2071552276611328, 13662
0.2071552276611328, 13661
0.2071552276611328, 13660
0.2071552276611328, 13659
0.2071552276611328, 13658
0.2071552276611328, 13657
0.2071552276611328, 13656
0.2071552276611328, 13655
0.2071552276611328, 13654
0.2071552276611328, 13653
0.20815515518188477, 13652
0.20815515518188477, 13651
0.20815515518188477, 13650
0.20815515518188477, 13649
0.20815515518188477, 13648
0.20815515518188477, 13647
0.20815515518188477, 13646
0.20815515518188477, 13645
0.20815515518188477, 13644
0.20815515518188477, 13643
0.20915555953979492, 13642
0.20915555953979492, 13641
0.20915555953979492, 13640
0.20915555953979492, 13639
0.20915555953979492, 13638
0.20915555953979492, 13637
0.20915555953979492, 13636
0.20915555953979492, 13635
0.20915555953979492, 13634
0.20915555953979492, 13633
0.20915555953979492, 13632
0.20915555953979492, 13631
0.21015524864196777, 13630
0.21015524864196777, 13629
0.21015524864196777, 13628
0.21015524864196777, 13627
0.21015524864196777, 13626
0.21015524864196777, 13625
0.21015524864196777, 13624
0.21015524864196777, 13623
0.21015524864196777, 13622
0.21015524864196777, 13621
0.21015524864196777, 13620
0.21015524864196777, 13619
0.21015524864196777, 13618
0.21015524864196777, 13617
0.21115517616271973, 13616
0.21115517616271973, 13615
0.21115517616271973, 13614
0.21115517616271973, 13613
0.21115517616271973, 13612
0.21115517616271973, 13611
0.21115517616271973, 13610
0.21115517616271973, 13609
0.21115517616271973, 13608
0.21115517616271973, 13607
0.21115517616271973, 13606
0.21115517616271973, 13605
0.21115517616271973, 13604
0.21115517616271973, 13603
0.21215510368347168, 13602
0.21215510368347168, 13601
0.21215510368347168, 13600
0.21215510368347168, 13599
0.21215510368347168, 13598
0.21215510368347168, 13597
0.21215510368347168, 13596
0.21215510368347168, 13595
0.21275782585144043, 13594
0.21275782585144043, 13593
0.21275782585144043, 13592
0.21275782585144043, 13591
0.21275782585144043, 13590
0.21275782585144043, 13589
0.21315717697143555, 13588
0.21315717697143555, 13587
0.21315717697143555, 13586
0.21315717697143555, 13585
0.21315717697143555, 13584
0.21315717697143555, 13583
0.21315717697143555, 13582
0.21315717697143555, 13581
0.21315717697143555, 13580
0.21315717697143555, 13579
0.21315717697143555, 13578
0.21315717697143555, 13577
0.21315717697143555, 13576
0.2141571044921875, 13575
0.2141571044921875, 13574
0.2141571044921875, 13573
0.2141571044921875, 13572
0.2141571044921875, 13571
0.2141571044921875, 13570
0.2141571044921875, 13569
0.2141571044921875, 13568
0.2141571044921875, 13567
0.2141571044921875, 13566
0.2141571044921875, 13565
0.2141571044921875, 13564
0.2141571044921875, 13563
0.2141571044921875, 13562
0.21515655517578125, 13561
0.21515655517578125, 13560
0.21515655517578125, 13559
0.21515655517578125, 13558
0.21515655517578125, 13557
0.21515655517578125, 13556
0.21515655517578125, 13555
0.21515655517578125, 13554
0.21515655517578125, 13553
0.21515655517578125, 13552
0.21515655517578125, 13551
0.21515655517578125, 13550
0.21515655517578125, 13549
0.21515655517578125, 13548
0.21615958213806152, 13547
0.21615958213806152, 13546
0.21615958213806152, 13545
0.21615958213806152, 13544
0.21615958213806152, 13543
0.21615958213806152, 13542
0.21615958213806152, 13541
0.21615958213806152, 13540
0.21615958213806152, 13539
0.21615958213806152, 13538
0.21615958213806152, 13537
0.21615958213806152, 13536
0.21615958213806152, 13535
0.21715688705444336, 13534
0.21715688705444336, 13533
0.21715688705444336, 13532
0.21715688705444336, 13531
0.21715688705444336, 13530
0.21715688705444336, 13529
0.21715688705444336, 13528
0.21715688705444336, 13527
0.21715688705444336, 13526
0.21715688705444336, 13525
0.21715688705444336, 13524
0.21715688705444336, 13523
0.21715688705444336, 13522
0.21715688705444336, 13521
0.21815705299377441, 13520
0.21815705299377441, 13519
0.21815705299377441, 13518
0.21815705299377441, 13517
0.21815705299377441, 13516
0.21815705299377441, 13515
0.21815705299377441, 13514
0.21815705299377441, 13513
0.21815705299377441, 13512
0.2187633514404297, 13511
0.2187633514404297, 13510
0.2187633514404297, 13509
0.2187633514404297, 13508
0.2187633514404297, 13507
0.21915698051452637, 13506
0.21915698051452637, 13505
0.21915698051452637, 13504
0.21915698051452637, 13503
0.21915698051452637, 13502
0.21915698051452637, 13501
0.21915698051452637, 13500
0.21915698051452637, 13499
0.21915698051452637, 13498
0.21915698051452637, 13497
0.21915698051452637, 13496
0.21915698051452637, 13495
0.21915698051452637, 13494
0.21915698051452637, 13493
0.22015714645385742, 13492
0.22015714645385742, 13491
0.22015714645385742, 13490
0.22015714645385742, 13489
0.22015714645385742, 13488
0.22015714645385742, 13487
0.22015714645385742, 13486
0.22015714645385742, 13485
0.22015714645385742, 13484
0.22015714645385742, 13483
0.22015714645385742, 13482
0.22015714645385742, 13481
0.22015714645385742, 13480
0.22015714645385742, 13479
0.22015714645385742, 13478
0.22115683555603027, 13477
0.22115683555603027, 13476
0.22115683555603027, 13475
0.22115683555603027, 13474
0.22115683555603027, 13473
0.22115683555603027, 13472
0.22115683555603027, 13471
0.22115683555603027, 13470
0.22115683555603027, 13469
0.22115683555603027, 13468
0.22115683555603027, 13467
0.22115683555603027, 13466
0.22115683555603027, 13465
0.22115683555603027, 13464
0.22215795516967773, 13463
0.22215795516967773, 13462
0.22215795516967773, 13461
0.22215795516967773, 13460
0.22215795516967773, 13459
0.22215795516967773, 13458
0.22215795516967773, 13457
0.22215795516967773, 13456
0.22215795516967773, 13455
0.22215795516967773, 13454
0.22215795516967773, 13453
0.22215795516967773, 13452
0.22215795516967773, 13451
0.2231581211090088, 13450
0.22323155403137207, 13449
0.22323155403137207, 13448
0.22323155403137207, 13447
0.22323155403137207, 13446
0.22323155403137207, 13445
0.22323155403137207, 13444
0.22323155403137207, 13443
0.22323155403137207, 13442
0.22323155403137207, 13441
0.22323155403137207, 13440
0.22323155403137207, 13439
0.22415733337402344, 13438
0.22415733337402344, 13437
0.22415733337402344, 13436
0.22415733337402344, 13435
0.22415733337402344, 13434
0.22415733337402344, 13433
0.22415733337402344, 13432
0.22415733337402344, 13431
0.22415733337402344, 13430
0.22415733337402344, 13429
0.22415733337402344, 13428
0.22415733337402344, 13427
0.22415733337402344, 13426
0.22415733337402344, 13425
0.2251582145690918, 13424
0.2251582145690918, 13423
0.2251582145690918, 13422
0.2251582145690918, 13421
0.2251582145690918, 13420
0.2251582145690918, 13419
0.2251582145690918, 13418
0.2251582145690918, 13417
0.2251582145690918, 13416
0.2251582145690918, 13415
