0.18626165390014648, 14101
0.18626165390014648, 14100
0.18626165390014648, 14099
0.18626165390014648, 14098
0.18626165390014648, 14097
0.18626165390014648, 14096
0.18626165390014648, 14095
0.18626165390014648, 14094
0.18726110458374023, 14093
0.18726110458374023, 14092
0.1874091625213623, 14091
0.1874091625213623, 14090
0.1874091625213623, 14089
0.1874091625213623, 14088
0.1874091625213623, 14087
0.1874091625213623, 14086
0.1874091625213623, 14085
0.1874091625213623, 14084
0.1874091625213623, 14083
0.1874091625213623, 14082
0.1874091625213623, 14081
0.1874091625213623, 14080
0.1874091625213623, 14079
0.1874091625213623, 14078
0.1882631778717041, 14077
0.1882631778717041, 14076
0.1882631778717041, 14075
0.1882631778717041, 14074
0.1882631778717041, 14073
0.1882631778717041, 14072
0.1882631778717041, 14071
0.1882631778717041, 14070
0.1882631778717041, 14069
0.1882631778717041, 14068
0.1882631778717041, 14067
0.1882631778717041, 14066
0.1882631778717041, 14065
0.1882631778717041, 14064
0.18926215171813965, 14063
0.18926215171813965, 14062
0.18926215171813965, 14061
0.18926215171813965, 14060
0.18926215171813965, 14059
0.18926215171813965, 14058
0.18926215171813965, 14057
0.18926215171813965, 14056
0.18926215171813965, 14055
0.18926215171813965, 14054
0.18926215171813965, 14053
0.18926215171813965, 14052
0.18926215171813965, 14051
0.18926215171813965, 14050
0.18926215171813965, 14049
0.18926215171813965, 14048
0.1902616024017334, 14047
0.1902616024017334, 14046
0.1902616024017334, 14045
0.1902616024017334, 14044
0.1902616024017334, 14043
0.1902616024017334, 14042
0.1902616024017334, 14041
0.1902616024017334, 14040
0.1902616024017334, 14039
0.1902616024017334, 14038
0.1902616024017334, 14037
0.1902616024017334, 14036
0.1902616024017334, 14035
0.1902616024017334, 14034
0.1902616024017334, 14033
0.19126248359680176, 14032
0.19126248359680176, 14031
0.19126248359680176, 14030
0.19126248359680176, 14029
0.19126248359680176, 14028
0.19126248359680176, 14027
0.19126248359680176, 14026
0.19126248359680176, 14025
0.19126248359680176, 14024
0.19126248359680176, 14023
0.19126248359680176, 14022
0.19126248359680176, 14021
0.19126248359680176, 14020
0.19126248359680176, 14019
0.19126248359680176, 14018
0.1922614574432373, 14017
0.1922614574432373, 14016
0.1922614574432373, 14015
0.1922614574432373, 14014
0.1922614574432373, 14013
0.1922614574432373, 14012
0.1922614574432373, 14011
0.1922614574432373, 14010
0.1922614574432373, 14009
0.1922614574432373, 14008
0.1922614574432373, 14007
0.1922614574432373, 14006
0.1922614574432373, 14005
0.1922614574432373, 14004
0.1922614574432373, 14003
0.19326138496398926, 14002
0.19326138496398926, 14001
0.19326138496398926, 14000
0.19326138496398926, 13999
0.19326138496398926, 13998
0.19326138496398926, 13997
0.19326138496398926, 13996
0.19326138496398926, 13995
0.19326138496398926, 13994
0.19326138496398926, 13993
0.19326138496398926, 13992
0.19326138496398926, 13991
0.19326138496398926, 13990
0.19326138496398926, 13989
0.19326138496398926, 13988
0.19426250457763672, 13987
0.19426250457763672, 13986
0.19426250457763672, 13985
0.19426250457763672, 13984
0.19426250457763672, 13983
0.19426250457763672, 13982
0.19426250457763672, 13981
0.19426250457763672, 13980
0.19426250457763672, 13979
0.19426250457763672, 13978
0.19426250457763672, 13977
0.19426250457763672, 13976
0.19426250457763672, 13975
0.19426250457763672, 13974
0.19426250457763672, 13973
0.19526195526123047, 13972
0.19526195526123047, 13971
0.19526195526123047, 13970
0.19526195526123047, 13969
0.19526195526123047, 13968
0.19526195526123047, 13967
0.19526195526123047, 13966
0.19526195526123047, 13965
0.19526195526123047, 13964
0.19526195526123047, 13963
0.19526195526123047, 13962
0.19526195526123047, 13961
0.19526195526123047, 13960
0.3749363422393799, 13959
0.3749363422393799, 13958
0.3749363422393799, 13957
0.3749363422393799, 13956
0.3749363422393799, 13955
0.3749363422393799, 13954
0.3749363422393799, 13953
0.3749363422393799, 13952
0.3749363422393799, 13951
0.3749363422393799, 13950
0.37593722343444824, 13949
0.37593722343444824, 13948
0.37593722343444824, 13947
0.37593722343444824, 13946
0.37593722343444824, 13945
0.37593722343444824, 13944
0.37593722343444824, 13943
0.37593722343444824, 13942
0.37593722343444824, 13941
0.37593722343444824, 13940
0.37593722343444824, 13939
0.37593722343444824, 13938
0.37593722343444824, 13937
0.37593722343444824, 13936
0.3769361972808838, 13935
0.3769361972808838, 13934
0.3769361972808838, 13933
0.3769361972808838, 13932
0.3769361972808838, 13931
0.3769361972808838, 13930
0.3769361972808838, 13929
0.3769361972808838, 13928
0.3769361972808838, 13927
0.3769361972808838, 13926
0.3769361972808838, 13925
0.3769361972808838, 13924
0.3769361972808838, 13923
0.3769361972808838, 13922
0.3769361972808838, 13921
0.37793636322021484, 13920
0.37793636322021484, 13919
0.37793636322021484, 13918
0.37793636322021484, 13917
0.37793636322021484, 13916
0.37793636322021484, 13915
0.37793636322021484, 13914
0.37793636322021484, 13913
0.37793636322021484, 13912
0.37793636322021484, 13911
0.37793636322021484, 13910
0.37793636322021484, 13909
0.37793636322021484, 13908
0.37793636322021484, 13907
0.3789360523223877, 13906
0.3789360523223877, 13905
0.3789360523223877, 13904
0.3789360523223877, 13903
0.3789360523223877, 13902
0.3789360523223877, 13901
0.3789360523223877, 13900
0.3789360523223877, 13899
0.3789360523223877, 13898
0.3789360523223877, 13897
0.3789360523223877, 13896
0.3789360523223877, 13895
0.3789360523223877, 13894
0.3789360523223877, 13893
0.3789360523223877, 13892
0.37993597984313965, 13891
0.37993597984313965, 13890
0.37993597984313965, 13889
0.37993597984313965, 13888
0.37993597984313965, 13887
0.37993597984313965, 13886
0.37993597984313965, 13885
0.37993597984313965, 13884
0.37993597984313965, 13883
0.37993597984313965, 13882
0.37993597984313965, 13881
0.37993597984313965, 13880
0.37993597984313965, 13879
0.37993597984313965, 13878
0.380936861038208, 13877
0.380936861038208, 13876
0.380936861038208, 13875
0.380936861038208, 13874
0.380936861038208, 13873
0.380936861038208, 13872
0.380936861038208, 13871
0.380936861038208, 13870
0.380936861038208, 13869
0.380936861038208, 13868
0.380936861038208, 13867
0.380936861038208, 13866
0.380936861038208, 13865
0.380936861038208, 13864
0.38193631172180176, 13863
0.38193631172180176, 13862
0.38193631172180176, 13861
0.38193631172180176, 13860
0.38193631172180176, 13859
0.38193631172180176, 13858
0.38193631172180176, 13857
0.38193631172180176, 13856
0.38193631172180176, 13855
0.38193631172180176, 13854
0.38193631172180176, 13853
0.38193631172180176, 13852
0.38193631172180176, 13851
0.38193631172180176, 13850
0.38193631172180176, 13849
0.3829364776611328, 13848
0.3829364776611328, 13847
0.3829364776611328, 13846
0.3829364776611328, 13845
0.3829364776611328, 13844
0.3829364776611328, 13843
0.3829364776611328, 13842
0.3829364776611328, 13841
0.3829364776611328, 13840
0.3829364776611328, 13839
0.38393712043762207, 13838
0.38393712043762207, 13837
0.38393712043762207, 13836
0.38393712043762207, 13835
0.38393712043762207, 13834
0.38393712043762207, 13833
0.38393712043762207, 13832
0.38393712043762207, 13831
0.38393712043762207, 13830
0.38393712043762207, 13829
0.38393712043762207, 13828
0.38393712043762207, 13827
0.38393712043762207, 13826
0.38393712043762207, 13825
0.3849356174468994, 13824
0.3849356174468994, 13823
0.3849356174468994, 13822
0.3849356174468994, 13821
0.3849356174468994, 13820
0.3849356174468994, 13819
0.3849356174468994, 13818
0.3849356174468994, 13817
0.3849356174468994, 13816
0.3849356174468994, 13815
0.3849356174468994, 13814
0.3849356174468994, 13813
0.3849356174468994, 13812
0.3849356174468994, 13811
0.3849356174468994, 13810
0.38593482971191406, 13809
0.38593482971191406, 13808
0.38593482971191406, 13807
0.38593482971191406, 13806
0.38593482971191406, 13805
0.38593482971191406, 13804
0.38593482971191406, 13803
0.38593482971191406, 13802
0.38593482971191406, 13801
0.38593482971191406, 13800
0.38593482971191406, 13799
0.38593482971191406, 13798
0.38593482971191406, 13797
0.38593482971191406, 13796
0.3869349956512451, 13795
0.3869349956512451, 13794
0.3869349956512451, 13793
0.3869349956512451, 13792
0.3869349956512451, 13791
0.3869349956512451, 13790
0.3869349956512451, 13789
0.3869349956512451, 13788
0.3869349956512451, 13787
0.3869349956512451, 13786
0.3869349956512451, 13785
0.3869349956512451, 13784
0.3869349956512451, 13783
0.3869349956512451, 13782
0.38793468475341797, 13781
0.38793468475341797, 13780
0.38793468475341797, 13779
0.38793468475341797, 13778
0.38793468475341797, 13777
0.38793468475341797, 13776
0.38793468475341797, 13775
0.38793468475341797, 13774
0.38793468475341797, 13773
0.38793468475341797, 13772
0.38793468475341797, 13771
0.38793468475341797, 13770
0.38793468475341797, 13769
0.38793468475341797, 13768
0.38793468475341797, 13767
0.388934850692749, 13766
0.388934850692749, 13765
0.388934850692749, 13764
0.388934850692749, 13763
0.388934850692749, 13762
0.388934850692749, 13761
0.388934850692749, 13760
0.388934850692749, 13759
0.388934850692749, 13758
0.388934850692749, 13757
0.388934850692749, 13756
0.388934850692749, 13755
0.388934850692749, 13754
0.388934850692749, 13753
0.389934778213501, 13752
0.389934778213501, 13751
0.389934778213501, 13750
0.389934778213501, 13749
0.389934778213501, 13748
0.389934778213501, 13747
0.389934778213501, 13746
0.389934778213501, 13745
0.389934778213501, 13744
0.389934778213501, 13743
0.389934778213501, 13742
0.389934778213501, 13741
0.39076852798461914, 13740
0.39076852798461914, 13739
0.39076852798461914, 13738
0.3909718990325928, 13737
0.3909718990325928, 13736
0.3909718990325928, 13735
0.3909718990325928, 13734
0.3909718990325928, 13733
0.3909718990325928, 13732
0.3909718990325928, 13731
0.3909718990325928, 13730
0.3909718990325928, 13729
0.3909718990325928, 13728
0.3909718990325928, 13727
0.3909718990325928, 13726
0.3909718990325928, 13725
0.3909718990325928, 13724
0.3909718990325928, 13723
0.3919713497161865, 13722
0.3919713497161865, 13721
0.3919713497161865, 13720
0.3919713497161865, 13719
0.3919713497161865, 13718
0.3919713497161865, 13717
0.3919713497161865, 13716
0.3919713497161865, 13715
0.3919713497161865, 13714
0.3919713497161865, 13713
0.3919713497161865, 13712
0.3919713497161865, 13711
0.3919713497161865, 13710
0.3919713497161865, 13709
0.3929715156555176, 13708
0.3929715156555176, 13707
0.3929715156555176, 13706
0.3929715156555176, 13705
0.3929715156555176, 13704
0.3929715156555176, 13703
0.3929715156555176, 13702
0.3929715156555176, 13701
0.3929715156555176, 13700
0.3929715156555176, 13699
0.3929715156555176, 13698
0.3929715156555176, 13697
0.3929715156555176, 13696
0.3929715156555176, 13695
0.3929715156555176, 13694
0.39397168159484863, 13693
0.39397168159484863, 13692
0.39397168159484863, 13691
0.39397168159484863, 13690
0.39397168159484863, 13689
0.39397168159484863, 13688
0.39397168159484863, 13687
0.39397168159484863, 13686
0.39397168159484863, 13685
0.39397168159484863, 13684
0.39397168159484863, 13683
0.39397168159484863, 13682
0.39397168159484863, 13681
0.39397168159484863, 13680
0.3949713706970215, 13679
0.3949713706970215, 13678
0.3949713706970215, 13677
0.3949713706970215, 13676
0.3949713706970215, 13675
0.3949713706970215, 13674
0.3949713706970215, 13673
0.3949713706970215, 13672
0.3949713706970215, 13671
0.3949713706970215, 13670
0.3949713706970215, 13669
0.3949713706970215, 13668
0.3949713706970215, 13667
0.3949713706970215, 13666
0.3949713706970215, 13665
0.39597129821777344, 13664
0.39597129821777344, 13663
0.39597129821777344, 13662
0.39597129821777344, 13661
0.39597129821777344, 13660
0.39597129821777344, 13659
0.39597129821777344, 13658
0.39597129821777344, 13657
0.39597129821777344, 13656
0.39597129821777344, 13655
0.39597129821777344, 13654
0.39597129821777344, 13653
0.39597129821777344, 13652
0.39597129821777344, 13651
0.39597129821777344, 13650
0.3969712257385254, 13649
0.3969712257385254, 13648
0.3969712257385254, 13647
0.3969712257385254, 13646
0.3969712257385254, 13645
0.3969712257385254, 13644
0.3969712257385254, 13643
0.3969712257385254, 13642
0.3969712257385254, 13641
0.3969712257385254, 13640
0.3969712257385254, 13639
0.3969712257385254, 13638
0.3969712257385254, 13637
0.3978695869445801, 13636
0.39797115325927734, 13635
0.39797115325927734, 13634
0.39797115325927734, 13633
0.39797115325927734, 13632
0.39797115325927734, 13631
0.39797115325927734, 13630
0.39797115325927734, 13629
0.39797115325927734, 13628
0.39797115325927734, 13627
0.39797115325927734, 13626
0.39797115325927734, 13625
0.39797115325927734, 13624
0.39797115325927734, 13623
0.39797115325927734, 13622
0.39797115325927734, 13621
0.3989713191986084, 13620
0.3989713191986084, 13619
0.3989713191986084, 13618
0.3989713191986084, 13617
0.3989713191986084, 13616
0.3989713191986084, 13615
0.3989713191986084, 13614
0.3989713191986084, 13613
0.3989713191986084, 13612
0.3989713191986084, 13611
0.3989713191986084, 13610
0.39997386932373047, 13609
0.39997386932373047, 13608
0.39997386932373047, 13607
0.39997386932373047, 13606
0.39997386932373047, 13605
0.39997386932373047, 13604
0.39997386932373047, 13603
0.39997386932373047, 13602
0.39997386932373047, 13601
0.39997386932373047, 13600
0.39997386932373047, 13599
0.4009718894958496, 13598
0.4009718894958496, 13597
0.4009718894958496, 13596
0.4009718894958496, 13595
0.4009718894958496, 13594
0.4009718894958496, 13593
0.4009718894958496, 13592
0.4009718894958496, 13591
0.4009718894958496, 13590
0.4009718894958496, 13589
0.4009718894958496, 13588
0.4009718894958496, 13587
0.4009718894958496, 13586
0.4009718894958496, 13585
0.40197181701660156, 13584
0.40197181701660156, 13583
0.40197181701660156, 13582
0.40197181701660156, 13581
0.40197181701660156, 13580
0.40197181701660156, 13579
0.40197181701660156, 13578
0.40197181701660156, 13577
0.40197181701660156, 13576
0.40197181701660156, 13575
0.40197181701660156, 13574
0.40197181701660156, 13573
0.40197181701660156, 13572
0.40197181701660156, 13571
0.40197181701660156, 13570
0.4029719829559326, 13569
0.4029719829559326, 13568
0.4029719829559326, 13567
0.4029719829559326, 13566
0.4029719829559326, 13565
0.4029719829559326, 13564
0.4029719829559326, 13563
0.4029719829559326, 13562
0.4029719829559326, 13561
0.4029719829559326, 13560
0.4029719829559326, 13559
0.4029719829559326, 13558
0.4029719829559326, 13557
0.4029719829559326, 13556
0.4029719829559326, 13555
0.4039726257324219, 13554
0.4039726257324219, 13553
0.4039726257324219, 13552
0.4039726257324219, 13551
0.4039726257324219, 13550
0.4039726257324219, 13549
0.4039726257324219, 13548
0.4039726257324219, 13547
0.4039726257324219, 13546
0.4039726257324219, 13545
0.4039726257324219, 13544
0.4039726257324219, 13543
0.4039726257324219, 13542
0.4049720764160156, 13541
0.4049720764160156, 13540
0.4049720764160156, 13539
0.4049720764160156, 13538
0.4049720764160156, 13537
0.4049720764160156, 13536
0.4049720764160156, 13535
0.4049720764160156, 13534
0.4049720764160156, 13533
0.4049720764160156, 13532
0.4049720764160156, 13531
0.4049720764160156, 13530
0.4049720764160156, 13529
0.4049720764160156, 13528
0.4049720764160156, 13527
0.4059717655181885, 13526
0.4059717655181885, 13525
0.4059717655181885, 13524
0.4059717655181885, 13523
0.4059717655181885, 13522
0.4059717655181885, 13521
0.40639376640319824, 13520
0.40639376640319824, 13519
0.40639376640319824, 13518
0.40639376640319824, 13517
0.40639376640319824, 13516
0.40639376640319824, 13515
0.40639376640319824, 13514
0.40639376640319824, 13513
0.40697216987609863, 13512
0.40697216987609863, 13511
0.40697216987609863, 13510
0.40697216987609863, 13509
0.40697216987609863, 13508
0.40697216987609863, 13507
0.40697216987609863, 13506
0.40697216987609863, 13505
0.40697216987609863, 13504
0.40697216987609863, 13503
0.40697216987609863, 13502
0.40697216987609863, 13501
0.40697216987609863, 13500
0.40697216987609863, 13499
0.4079723358154297, 13498
0.4079723358154297, 13497
0.4079723358154297, 13496
0.4079723358154297, 13495
0.4079723358154297, 13494
0.4079723358154297, 13493
0.4079723358154297, 13492
0.4079723358154297, 13491
0.4079723358154297, 13490
0.4079723358154297, 13489
0.4079723358154297, 13488
0.4079723358154297, 13487
0.4079723358154297, 13486
0.4079723358154297, 13485
0.40897226333618164, 13484
0.40897226333618164, 13483
0.40897226333618164, 13482
0.40897226333618164, 13481
0.40897226333618164, 13480
0.40897226333618164, 13479
0.40897226333618164, 13478
0.40897226333618164, 13477
0.40897226333618164, 13476
0.40897226333618164, 13475
0.40897226333618164, 13474
0.40897226333618164, 13473
0.40897226333618164, 13472
0.40897226333618164, 13471
0.4099721908569336, 13470
0.4099721908569336, 13469
0.4099721908569336, 13468
0.4099721908569336, 13467
0.4099721908569336, 13466
0.4099721908569336, 13465
0.4099721908569336, 13464
0.4099721908569336, 13463
0.4099721908569336, 13462
0.4099721908569336, 13461
0.4099721908569336, 13460
0.4099721908569336, 13459
0.4099721908569336, 13458
0.41097235679626465, 13457
0.41097235679626465, 13456
0.41097235679626465, 13455
0.41097235679626465, 13454
0.41097235679626465, 13453
0.41097235679626465, 13452
0.41097235679626465, 13451
0.41097235679626465, 13450
0.41097235679626465, 13449
0.41097235679626465, 13448
0.41097235679626465, 13447
0.41097235679626465, 13446
0.41097235679626465, 13445
0.41097235679626465, 13444
0.41097235679626465, 13443
0.4119722843170166, 13442
0.4119722843170166, 13441
0.4119722843170166, 13440
0.4119722843170166, 13439
0.4119722843170166, 13438
0.4119722843170166, 13437
0.4119722843170166, 13436
0.4119722843170166, 13435
0.4119722843170166, 13434
0.4119722843170166, 13433
0.4119722843170166, 13432
0.4119722843170166, 13431
0.4119722843170166, 13430
0.4119722843170166, 13429
0.41297221183776855, 13428
0.41297221183776855, 13427
0.41297221183776855, 13426
0.41297221183776855, 13425
0.41297221183776855, 13424
0.41297221183776855, 13423
0.41297221183776855, 13422
0.41297221183776855, 13421
0.41297221183776855, 13420
0.41297221183776855, 13419
0.41297221183776855, 13418
0.41297221183776855, 13417
0.41297221183776855, 13416
0.41297221183776855, 13415
0.4139716625213623, 13414
0.4139716625213623, 13413
0.4139716625213623, 13412
0.4139716625213623, 13411
0.4139716625213623, 13410
0.4139716625213623, 13409
0.4139716625213623, 13408
0.4139716625213623, 13407
0.4139716625213623, 13406
0.4139716625213623, 13405
0.4139716625213623, 13404
0.4139716625213623, 13403
0.4139716625213623, 13402
0.4139716625213623, 13401
0.41497182846069336, 13400
0.41503167152404785, 13399
0.41503167152404785, 13398
0.41503167152404785, 13397
0.41503167152404785, 13396
0.41503167152404785, 13395
0.41503167152404785, 13394
0.41503167152404785, 13393
0.41503167152404785, 13392
0.41503167152404785, 13391
0.41503167152404785, 13390
0.41503167152404785, 13389
0.41597914695739746, 13388
0.41597914695739746, 13387
0.41597914695739746, 13386
0.41597914695739746, 13385
0.41597914695739746, 13384
0.41597914695739746, 13383
0.41597914695739746, 13382
0.41597914695739746, 13381
0.41597914695739746, 13380
0.41597914695739746, 13379
0.41597914695739746, 13378
0.41597914695739746, 13377
0.41597914695739746, 13376
0.4169747829437256, 13375
0.4169747829437256, 13374
0.4169747829437256, 13373
0.4169747829437256, 13372
0.4169747829437256, 13371
0.4169747829437256, 13370
0.4169747829437256, 13369
0.4169747829437256, 13368
0.4169747829437256, 13367
0.4169747829437256, 13366
0.4169747829437256, 13365
0.4169747829437256, 13364
0.4169747829437256, 13363
0.4169747829437256, 13362
0.41797423362731934, 13361
0.41797423362731934, 13360
0.41797423362731934, 13359
0.41797423362731934, 13358
0.41797423362731934, 13357
0.41797423362731934, 13356
0.41797423362731934, 13355
0.41797423362731934, 13354
0.41797423362731934, 13353
0.41797423362731934, 13352
0.41797423362731934, 13351
0.41797423362731934, 13350
0.41797423362731934, 13349
0.41797423362731934, 13348
0.418973445892334, 13347
0.418973445892334, 13346
0.418973445892334, 13345
0.418973445892334, 13344
0.418973445892334, 13343
0.418973445892334, 13342
0.418973445892334, 13341
0.418973445892334, 13340
0.418973445892334, 13339
0.418973445892334, 13338
0.418973445892334, 13337
0.418973445892334, 13336
0.418973445892334, 13335
0.418973445892334, 13334
0.418973445892334, 13333
0.4199717044830322, 13332
0.4199717044830322, 13331
0.4199717044830322, 13330
1.7829432487487793, 10019
1.7829432487487793, 10018
1.7829432487487793, 10017
1.7829432487487793, 10016
1.7829432487487793, 10015
1.7829432487487793, 10014
1.7829432487487793, 10013
1.7829432487487793, 10012
1.7829432487487793, 10011
1.7829432487487793, 10010
1.7839431762695312, 10009
1.7839431762695312, 10008
1.7839431762695312, 10007
1.7839431762695312, 10006
1.7839431762695312, 10005
1.7839431762695312, 10004
1.7839431762695312, 10003
1.7839431762695312, 10002
1.7839431762695312, 10001
1.7839431762695312, 10000
1.7839431762695312, 9999
1.7839431762695312, 9998
1.7839431762695312, 9997
1.7839431762695312, 9996
1.7849433422088623, 9995
1.7849433422088623, 9994
1.7849433422088623, 9993
1.7849433422088623, 9992
1.7849433422088623, 9991
1.7849433422088623, 9990
1.7849433422088623, 9989
1.7849433422088623, 9988
1.7849433422088623, 9987
1.7849433422088623, 9986
1.7849433422088623, 9985
1.7849433422088623, 9984
1.7849433422088623, 9983
1.7849433422088623, 9982
1.7859430313110352, 9981
1.7859430313110352, 9980
1.7859430313110352, 9979
1.7859430313110352, 9978
1.7859430313110352, 9977
1.7859430313110352, 9976
1.7859430313110352, 9975
1.7859430313110352, 9974
1.7859430313110352, 9973
1.7859430313110352, 9972
1.7859430313110352, 9971
1.786942720413208, 9970
1.786942720413208, 9969
1.786942720413208, 9968
1.786942720413208, 9967
1.786942720413208, 9966
1.786942720413208, 9965
1.786942720413208, 9964
1.786942720413208, 9963
1.786942720413208, 9962
1.786942720413208, 9961
1.786942720413208, 9960
1.786942720413208, 9959
1.786942720413208, 9958
1.786942720413208, 9957
1.787942886352539, 9956
1.787942886352539, 9955
1.787942886352539, 9954
1.787942886352539, 9953
1.787942886352539, 9952
1.787942886352539, 9951
1.787942886352539, 9950
1.787942886352539, 9949
1.787942886352539, 9948
1.787942886352539, 9947
1.787942886352539, 9946
1.787942886352539, 9945
1.787942886352539, 9944
1.787942886352539, 9943
1.7889430522918701, 9942
1.7889430522918701, 9941
1.7889430522918701, 9940
1.7889430522918701, 9939
1.7889430522918701, 9938
1.7889430522918701, 9937
1.7889430522918701, 9936
1.7889430522918701, 9935
1.7889430522918701, 9934
1.7889430522918701, 9933
1.7889430522918701, 9932
1.7889430522918701, 9931
1.7889430522918701, 9930
1.7889430522918701, 9929
1.789942979812622, 9928
1.789942979812622, 9927
1.789942979812622, 9926
1.789942979812622, 9925
1.789942979812622, 9924
1.789942979812622, 9923
1.789942979812622, 9922
1.789942979812622, 9921
1.789942979812622, 9920
1.789942979812622, 9919
1.789942979812622, 9918
1.789942979812622, 9917
1.789942979812622, 9916
1.789942979812622, 9915
1.790942907333374, 9914
1.790942907333374, 9913
1.790942907333374, 9912
1.790942907333374, 9911
1.790942907333374, 9910
1.790942907333374, 9909
1.790942907333374, 9908
1.790942907333374, 9907
1.790942907333374, 9906
1.790942907333374, 9905
1.790942907333374, 9904
1.790942907333374, 9903
1.790942907333374, 9902
1.790942907333374, 9901
1.791942834854126, 9900
1.791942834854126, 9899
1.791942834854126, 9898
1.791942834854126, 9897
1.791942834854126, 9896
1.791942834854126, 9895
1.791942834854126, 9894
1.791942834854126, 9893
1.791942834854126, 9892
1.791942834854126, 9891
1.791942834854126, 9890
1.791942834854126, 9889
1.791942834854126, 9888
1.791942834854126, 9887
1.792942762374878, 9886
1.792942762374878, 9885
1.792942762374878, 9884
1.792942762374878, 9883
5.23303484916687, 9882
5.23303484916687, 9881
5.23303484916687, 9880
5.23303484916687, 9879
5.23303484916687, 9878
5.23303484916687, 9877
5.23303484916687, 9876
5.23303484916687, 9875
5.23303484916687, 9874
5.23303484916687, 9873
5.23303484916687, 9872
5.23303484916687, 9871
5.234034776687622, 9870
5.234034776687622, 9869
5.234034776687622, 9868
5.234034776687622, 9867
5.234034776687622, 9866
5.234034776687622, 9865
5.234034776687622, 9864
5.234034776687622, 9863
5.234034776687622, 9862
5.234034776687622, 9861
5.234034776687622, 9860
5.234034776687622, 9859
5.234034776687622, 9858
5.234034776687622, 9857
5.235034704208374, 9856
5.235034704208374, 9855
5.235034704208374, 9854
5.235034704208374, 9853
5.235034704208374, 9852
5.235034704208374, 9851
5.235034704208374, 9850
5.235034704208374, 9849
5.235034704208374, 9848
5.235034704208374, 9847
5.235034704208374, 9846
5.235034704208374, 9845
5.235034704208374, 9844
5.235034704208374, 9843
5.236035346984863, 9842
5.236035346984863, 9841
5.236035346984863, 9840
5.236035346984863, 9839
5.236035346984863, 9838
5.236417531967163, 9837
5.236417531967163, 9836
5.236417531967163, 9835
5.236417531967163, 9834
5.236417531967163, 9833
5.236417531967163, 9832
5.236417531967163, 9831
5.236417531967163, 9830
5.236417531967163, 9829
5.237035274505615, 9828
5.237035274505615, 9827
5.237035274505615, 9826
5.237035274505615, 9825
5.237035274505615, 9824
5.237035274505615, 9823
5.237035274505615, 9822
5.237035274505615, 9821
5.237035274505615, 9820
5.237035274505615, 9819
5.237035274505615, 9818
5.237035274505615, 9817
5.237880706787109, 9816
5.237880706787109, 9815
5.238035202026367, 9814
5.238035202026367, 9813
5.238035202026367, 9812
5.238035202026367, 9811
