0.17149758338928223, 14059
0.17149758338928223, 14058
0.17149758338928223, 14057
0.17149758338928223, 14056
0.17149758338928223, 14055
0.17149758338928223, 14054
0.17149758338928223, 14053
0.17149758338928223, 14052
0.17249727249145508, 14051
0.17249727249145508, 14050
0.17259907722473145, 14049
0.17259907722473145, 14048
0.17259907722473145, 14047
0.17259907722473145, 14046
0.17259907722473145, 14045
0.17259907722473145, 14044
0.17259907722473145, 14043
0.17259907722473145, 14042
0.17259907722473145, 14041
0.17259907722473145, 14040
0.17259907722473145, 14039
0.17336654663085938, 14038
0.17336654663085938, 14037
0.17351770401000977, 14036
0.17351770401000977, 14035
0.17351770401000977, 14034
0.17351770401000977, 14033
0.17351770401000977, 14032
0.17351770401000977, 14031
0.17351770401000977, 14030
0.17351770401000977, 14029
0.17351770401000977, 14028
0.17351770401000977, 14027
0.17351770401000977, 14026
0.17351770401000977, 14025
0.17351770401000977, 14024
0.17351770401000977, 14023
0.17351770401000977, 14022
0.17351770401000977, 14021
0.1745164394378662, 14020
0.1745164394378662, 14019
0.1745164394378662, 14018
0.1745164394378662, 14017
0.1745164394378662, 14016
0.1745164394378662, 14015
0.1745164394378662, 14014
0.1745164394378662, 14013
0.1745164394378662, 14012
0.1745164394378662, 14011
0.1745164394378662, 14010
0.1745164394378662, 14009
0.1745164394378662, 14008
0.1745164394378662, 14007
0.17558002471923828, 14006
0.17558002471923828, 14005
0.17558002471923828, 14004
0.17558002471923828, 14003
0.17558002471923828, 14002
0.17558002471923828, 14001
0.17558002471923828, 14000
0.17558002471923828, 13999
0.17558002471923828, 13998
0.17558002471923828, 13997
0.17558002471923828, 13996
0.17558002471923828, 13995
0.17558002471923828, 13994
0.17558002471923828, 13993
0.17651987075805664, 13992
0.17651987075805664, 13991
0.17651987075805664, 13990
0.17651987075805664, 13989
0.17651987075805664, 13988
0.17651987075805664, 13987
0.17651987075805664, 13986
0.17651987075805664, 13985
0.17651987075805664, 13984
0.17651987075805664, 13983
0.17651987075805664, 13982
0.17651987075805664, 13981
0.17651987075805664, 13980
0.17651987075805664, 13979
0.17651987075805664, 13978
0.1775202751159668, 13977
0.1775202751159668, 13976
0.1775202751159668, 13975
0.1775202751159668, 13974
0.1775202751159668, 13973
0.1775202751159668, 13972
0.1775202751159668, 13971
0.1775202751159668, 13970
0.1775202751159668, 13969
0.1775202751159668, 13968
0.1775202751159668, 13967
0.1775202751159668, 13966
0.1775202751159668, 13965
0.1775202751159668, 13964
0.17851662635803223, 13963
0.17851662635803223, 13962
0.17851662635803223, 13961
0.17851662635803223, 13960
0.17851662635803223, 13959
0.17851662635803223, 13958
0.17851662635803223, 13957
0.17851662635803223, 13956
0.17851662635803223, 13955
0.17851662635803223, 13954
0.17851662635803223, 13953
0.17851662635803223, 13952
0.17851662635803223, 13951
0.17851662635803223, 13950
0.17851662635803223, 13949
0.1795177459716797, 13948
0.1795177459716797, 13947
0.1795177459716797, 13946
0.1795177459716797, 13945
0.1795177459716797, 13944
0.1795177459716797, 13943
0.1795177459716797, 13942
0.1795177459716797, 13941
0.1795177459716797, 13940
0.1795177459716797, 13939
0.1795177459716797, 13938
0.1795177459716797, 13937
0.1795177459716797, 13936
0.1795177459716797, 13935
0.1795177459716797, 13934
0.18051743507385254, 13933
0.18051743507385254, 13932
0.18051743507385254, 13931
0.18051743507385254, 13930
0.18051743507385254, 13929
0.18051743507385254, 13928
0.18051743507385254, 13927
0.18051743507385254, 13926
0.18051743507385254, 13925
0.18051743507385254, 13924
0.18051743507385254, 13923
0.18051743507385254, 13922
0.18051743507385254, 13921
0.18051743507385254, 13920
0.18051743507385254, 13919
0.18051743507385254, 13918
0.18151640892028809, 13917
0.18151640892028809, 13916
0.18151640892028809, 13915
0.18151640892028809, 13914
0.18151640892028809, 13913
0.18151640892028809, 13912
0.18151640892028809, 13911
0.18151640892028809, 13910
0.18151640892028809, 13909
0.18151640892028809, 13908
0.18151640892028809, 13907
0.18151640892028809, 13906
0.18151640892028809, 13905
0.18151640892028809, 13904
0.18151640892028809, 13903
0.18251705169677734, 13902
0.18251705169677734, 13901
0.18251705169677734, 13900
0.18251705169677734, 13899
0.18251705169677734, 13898
0.18251705169677734, 13897
0.18251705169677734, 13896
0.18251705169677734, 13895
0.18251705169677734, 13894
0.18251705169677734, 13893
0.18251705169677734, 13892
0.18251705169677734, 13891
0.18251705169677734, 13890
0.18251705169677734, 13889
0.18251705169677734, 13888
0.18355488777160645, 13887
0.18355488777160645, 13886
0.18355488777160645, 13885
0.18355488777160645, 13884
0.18355488777160645, 13883
0.18355488777160645, 13882
0.18355488777160645, 13881
0.18399477005004883, 13880
0.18399477005004883, 13879
0.18399477005004883, 13878
0.18399477005004883, 13877
0.18399477005004883, 13876
0.18399477005004883, 13875
0.18399477005004883, 13874
0.18399477005004883, 13873
0.1845533847808838, 13872
0.1845533847808838, 13871
0.1845533847808838, 13870
0.1845533847808838, 13869
0.1845533847808838, 13868
0.1845533847808838, 13867
0.1845533847808838, 13866
0.1845533847808838, 13865
0.1845533847808838, 13864
0.1845533847808838, 13863
0.1845533847808838, 13862
0.1845533847808838, 13861
0.8642780780792236, 13860
0.8642780780792236, 13859
0.8642780780792236, 13858
0.8642780780792236, 13857
0.8642780780792236, 13856
0.8652772903442383, 13855
0.8652772903442383, 13854
0.8652772903442383, 13853
0.8652772903442383, 13852
0.8652772903442383, 13851
0.8652772903442383, 13850
0.8652772903442383, 13849
0.8652772903442383, 13848
0.8652772903442383, 13847
0.8652772903442383, 13846
0.8652772903442383, 13845
0.8652772903442383, 13844
0.8652772903442383, 13843
0.8652772903442383, 13842
0.8652772903442383, 13841
0.8662776947021484, 13840
0.8662776947021484, 13839
0.8662776947021484, 13838
0.8662776947021484, 13837
0.8662776947021484, 13836
0.8662776947021484, 13835
0.8662776947021484, 13834
0.8662776947021484, 13833
0.8662776947021484, 13832
0.8662776947021484, 13831
0.8662776947021484, 13830
0.8662776947021484, 13829
0.8662776947021484, 13828
0.8662776947021484, 13827
0.8662776947021484, 13826
0.8672773838043213, 13825
0.8672773838043213, 13824
0.8672773838043213, 13823
0.8674476146697998, 13822
0.8674476146697998, 13821
0.8674476146697998, 13820
0.8674476146697998, 13819
0.8674476146697998, 13818
0.8674476146697998, 13817
0.8674476146697998, 13816
0.8674476146697998, 13815
0.8674476146697998, 13814
0.8674476146697998, 13813
0.8674476146697998, 13812
0.8674476146697998, 13811
0.8682775497436523, 13810
0.8682775497436523, 13809
0.8682775497436523, 13808
0.8682775497436523, 13807
0.8682775497436523, 13806
0.8682775497436523, 13805
0.8682775497436523, 13804
0.8682775497436523, 13803
0.8682775497436523, 13802
0.8682775497436523, 13801
0.8682775497436523, 13800
0.8682775497436523, 13799
0.8682775497436523, 13798
0.8682775497436523, 13797
0.8682775497436523, 13796
0.8692770004272461, 13795
0.8692770004272461, 13794
0.8692770004272461, 13793
0.8692770004272461, 13792
0.8692770004272461, 13791
0.8692770004272461, 13790
0.8692770004272461, 13789
0.8692770004272461, 13788
0.8692770004272461, 13787
0.8692770004272461, 13786
0.8692770004272461, 13785
0.8692770004272461, 13784
0.8692770004272461, 13783
0.8692770004272461, 13782
0.8692770004272461, 13781
0.870276927947998, 13780
0.870276927947998, 13779
0.870276927947998, 13778
0.870276927947998, 13777
0.870276927947998, 13776
0.870276927947998, 13775
0.870276927947998, 13774
0.870276927947998, 13773
0.870276927947998, 13772
0.870276927947998, 13771
0.870276927947998, 13770
0.870276927947998, 13769
0.870276927947998, 13768
0.870276927947998, 13767
0.8712775707244873, 13766
0.8712775707244873, 13765
0.8712775707244873, 13764
0.8712775707244873, 13763
0.8712775707244873, 13762
0.8712775707244873, 13761
0.8712775707244873, 13760
0.8712775707244873, 13759
0.8712775707244873, 13758
0.8712775707244873, 13757
0.8712775707244873, 13756
0.8712775707244873, 13755
0.8712775707244873, 13754
0.8712775707244873, 13753
0.8712775707244873, 13752
0.8722772598266602, 13751
0.8722772598266602, 13750
0.8722772598266602, 13749
0.8722772598266602, 13748
0.8722772598266602, 13747
0.8722772598266602, 13746
0.8722772598266602, 13745
0.8722772598266602, 13744
0.8722772598266602, 13743
0.8722772598266602, 13742
0.8722772598266602, 13741
0.8722772598266602, 13740
0.8722772598266602, 13739
0.8722772598266602, 13738
0.8722772598266602, 13737
0.8722772598266602, 13736
0.873276948928833, 13735
0.873276948928833, 13734
0.873276948928833, 13733
0.873276948928833, 13732
0.873276948928833, 13731
0.873276948928833, 13730
0.873276948928833, 13729
0.873276948928833, 13728
0.873276948928833, 13727
0.873276948928833, 13726
0.873276948928833, 13725
0.873276948928833, 13724
0.873276948928833, 13723
0.873276948928833, 13722
0.873276948928833, 13721
0.8742787837982178, 13720
0.8742787837982178, 13719
0.8742787837982178, 13718
0.8742787837982178, 13717
0.8742787837982178, 13716
0.8742787837982178, 13715
0.8742787837982178, 13714
0.8742787837982178, 13713
0.8742787837982178, 13712
0.8742787837982178, 13711
0.8742787837982178, 13710
0.8742787837982178, 13709
0.8742787837982178, 13708
0.8742787837982178, 13707
0.8752777576446533, 13706
0.8752777576446533, 13705
0.8752777576446533, 13704
0.8752777576446533, 13703
0.8752777576446533, 13702
0.8752777576446533, 13701
0.8752777576446533, 13700
0.8752777576446533, 13699
0.8752777576446533, 13698
0.8752777576446533, 13697
0.8752777576446533, 13696
0.8752777576446533, 13695
0.8752777576446533, 13694
0.8752777576446533, 13693
0.8752777576446533, 13692
0.876276969909668, 13691
0.876276969909668, 13690
0.876276969909668, 13689
0.876276969909668, 13688
0.876276969909668, 13687
0.876276969909668, 13686
0.876276969909668, 13685
0.876276969909668, 13684
0.876276969909668, 13683
0.876276969909668, 13682
0.876276969909668, 13681
0.876276969909668, 13680
0.876276969909668, 13679
0.876276969909668, 13678
0.877277135848999, 13677
0.8773434162139893, 13676
0.8773434162139893, 13675
0.8773434162139893, 13674
0.8773434162139893, 13673
0.8773434162139893, 13672
0.8773434162139893, 13671
0.8773434162139893, 13670
0.8773434162139893, 13669
0.8773434162139893, 13668
0.8773434162139893, 13667
0.8773434162139893, 13666
0.8773434162139893, 13665
0.8773434162139893, 13664
0.8773434162139893, 13663
0.8783531188964844, 13662
0.8783531188964844, 13661
0.8783531188964844, 13660
0.8783531188964844, 13659
0.8783531188964844, 13658
0.8783531188964844, 13657
0.8783531188964844, 13656
0.8783531188964844, 13655
0.8792805671691895, 13654
0.8792805671691895, 13653
0.8792805671691895, 13652
0.8792805671691895, 13651
0.8792805671691895, 13650
0.8792805671691895, 13649
0.8792805671691895, 13648
0.8792805671691895, 13647
0.8792805671691895, 13646
0.8792805671691895, 13645
0.8792805671691895, 13644
0.8802797794342041, 13643
0.8802797794342041, 13642
0.8802797794342041, 13641
0.8802797794342041, 13640
0.8802797794342041, 13639
0.8802797794342041, 13638
0.8802797794342041, 13637
0.8802797794342041, 13636
0.8802797794342041, 13635
0.8802797794342041, 13634
0.8802797794342041, 13633
0.8812801837921143, 13632
0.8812801837921143, 13631
0.8812801837921143, 13630
0.8812801837921143, 13629
0.8812801837921143, 13628
0.8812801837921143, 13627
0.8812801837921143, 13626
0.8812801837921143, 13625
0.8812801837921143, 13624
0.8812801837921143, 13623
0.8812801837921143, 13622
0.8812801837921143, 13621
0.8812801837921143, 13620
0.8812801837921143, 13619
0.8812801837921143, 13618
0.8822779655456543, 13617
0.8822779655456543, 13616
0.8822779655456543, 13615
0.8822779655456543, 13614
0.8822779655456543, 13613
0.8822779655456543, 13612
0.8822779655456543, 13611
0.8822779655456543, 13610
0.8822779655456543, 13609
0.8822779655456543, 13608
0.8822779655456543, 13607
0.8822779655456543, 13606
0.8832769393920898, 13605
0.8832769393920898, 13604
0.8832769393920898, 13603
0.8832769393920898, 13602
0.8832769393920898, 13601
0.8832769393920898, 13600
0.8832769393920898, 13599
0.8832769393920898, 13598
0.8832769393920898, 13597
0.8832769393920898, 13596
0.8832769393920898, 13595
0.8832769393920898, 13594
0.8832769393920898, 13593
0.8832769393920898, 13592
0.8842780590057373, 13591
0.8842780590057373, 13590
0.8842780590057373, 13589
0.8842780590057373, 13588
0.8842780590057373, 13587
0.8842780590057373, 13586
0.8842780590057373, 13585
0.8842780590057373, 13584
0.8842780590057373, 13583
0.8842780590057373, 13582
0.8842780590057373, 13581
0.8842780590057373, 13580
0.8842780590057373, 13579
0.8852765560150146, 13578
0.8852765560150146, 13577
0.8852765560150146, 13576
0.8852765560150146, 13575
0.8852765560150146, 13574
0.8852765560150146, 13573
0.8852765560150146, 13572
0.8852765560150146, 13571
0.8852765560150146, 13570
0.8852765560150146, 13569
0.8862767219543457, 13568
0.8862767219543457, 13567
0.8862767219543457, 13566
0.8862767219543457, 13565
0.8862767219543457, 13564
0.8862767219543457, 13563
0.8862767219543457, 13562
0.8862767219543457, 13561
0.8862767219543457, 13560
0.8862767219543457, 13559
0.8862767219543457, 13558
0.8872640132904053, 13557
0.8872640132904053, 13556
0.8872640132904053, 13555
0.8872640132904053, 13554
0.8872640132904053, 13553
0.8872640132904053, 13552
0.8872640132904053, 13551
0.8872640132904053, 13550
0.8872640132904053, 13549
0.8872640132904053, 13548
0.8872640132904053, 13547
0.8872640132904053, 13546
0.8872640132904053, 13545
0.8872640132904053, 13544
0.8872640132904053, 13543
0.8882763385772705, 13542
0.8882763385772705, 13541
0.8882763385772705, 13540
0.8882763385772705, 13539
0.8882763385772705, 13538
0.8882763385772705, 13537
0.8882763385772705, 13536
0.8882763385772705, 13535
0.8882763385772705, 13534
0.8882763385772705, 13533
0.8882763385772705, 13532
0.8882763385772705, 13531
0.8882763385772705, 13530
0.8882763385772705, 13529
0.8882763385772705, 13528
0.8892767429351807, 13527
0.8892767429351807, 13526
0.8892767429351807, 13525
0.8892767429351807, 13524
0.8892767429351807, 13523
0.8892767429351807, 13522
0.8892767429351807, 13521
0.8892767429351807, 13520
0.8892767429351807, 13519
0.8892767429351807, 13518
0.8892767429351807, 13517
0.8892767429351807, 13516
0.8892767429351807, 13515
0.8892767429351807, 13514
0.8892767429351807, 13513
0.8902766704559326, 13512
0.8902766704559326, 13511
0.8902766704559326, 13510
0.8902766704559326, 13509
0.8902766704559326, 13508
0.8902766704559326, 13507
0.8902766704559326, 13506
0.8902766704559326, 13505
0.8902766704559326, 13504
0.8902766704559326, 13503
0.8902766704559326, 13502
0.8902766704559326, 13501
0.8902766704559326, 13500
0.8902766704559326, 13499
0.8912765979766846, 13498
0.8912765979766846, 13497
0.8912765979766846, 13496
0.8912765979766846, 13495
0.8912765979766846, 13494
0.8912765979766846, 13493
0.8912765979766846, 13492
0.8912765979766846, 13491
0.8912765979766846, 13490
0.8912765979766846, 13489
0.8912765979766846, 13488
0.8912765979766846, 13487
0.8912765979766846, 13486
0.8912765979766846, 13485
0.8912765979766846, 13484
0.8922767639160156, 13483
0.8922767639160156, 13482
0.8922767639160156, 13481
0.8922767639160156, 13480
0.8922767639160156, 13479
0.8922767639160156, 13478
0.8922767639160156, 13477
0.8922767639160156, 13476
0.8922767639160156, 13475
0.8922767639160156, 13474
0.8922767639160156, 13473
0.8922767639160156, 13472
0.8922767639160156, 13471
0.8922767639160156, 13470
0.893277645111084, 13469
0.893277645111084, 13468
0.893277645111084, 13467
0.893277645111084, 13466
0.893277645111084, 13465
0.893277645111084, 13464
0.893277645111084, 13463
0.893277645111084, 13462
0.893277645111084, 13461
0.893277645111084, 13460
0.893277645111084, 13459
0.893277645111084, 13458
0.893277645111084, 13457
0.893277645111084, 13456
0.8942768573760986, 13455
0.8942768573760986, 13454
0.8942768573760986, 13453
0.8942768573760986, 13452
0.8942768573760986, 13451
0.8942768573760986, 13450
0.8942768573760986, 13449
0.8942768573760986, 13448
0.8942768573760986, 13447
0.8942768573760986, 13446
0.8942768573760986, 13445
0.8942768573760986, 13444
0.8952817916870117, 13443
0.8952817916870117, 13442
0.8952817916870117, 13441
0.8952817916870117, 13440
0.8952817916870117, 13439
0.8952817916870117, 13438
0.8952817916870117, 13437
0.8952817916870117, 13436
0.8952817916870117, 13435
0.8952817916870117, 13434
0.8952817916870117, 13433
0.8952817916870117, 13432
0.8952817916870117, 13431
0.8952817916870117, 13430
0.8962769508361816, 13429
0.8962769508361816, 13428
0.8962769508361816, 13427
0.8962769508361816, 13426
0.8962769508361816, 13425
0.8962769508361816, 13424
0.8962769508361816, 13423
0.8962769508361816, 13422
0.8962769508361816, 13421
0.8962769508361816, 13420
0.8962769508361816, 13419
0.8962769508361816, 13418
0.8962769508361816, 13417
0.8962769508361816, 13416
0.8972766399383545, 13415
0.8972766399383545, 13414
0.8972766399383545, 13413
0.8972766399383545, 13412
0.8972766399383545, 13411
0.8972766399383545, 13410
0.8972766399383545, 13409
0.8972766399383545, 13408
0.8972766399383545, 13407
0.8972766399383545, 13406
0.8972766399383545, 13405
0.8972766399383545, 13404
0.8972766399383545, 13403
0.8972766399383545, 13402
0.8972766399383545, 13401
0.8982768058776855, 13400
0.8982768058776855, 13399
0.8982768058776855, 13398
0.8982768058776855, 13397
0.8982768058776855, 13396
0.8982768058776855, 13395
0.8982768058776855, 13394
0.8982768058776855, 13393
0.8982768058776855, 13392
0.8982768058776855, 13391
0.8982768058776855, 13390
0.8982768058776855, 13389
0.8982768058776855, 13388
0.8982768058776855, 13387
0.8982768058776855, 13386
0.8992764949798584, 13385
0.8992764949798584, 13384
0.8992764949798584, 13383
0.8992764949798584, 13382
0.8992764949798584, 13381
0.8992764949798584, 13380
0.8992764949798584, 13379
0.8992764949798584, 13378
0.8992764949798584, 13377
0.8992764949798584, 13376
0.8992764949798584, 13375
0.8992764949798584, 13374
0.8992764949798584, 13373
0.8992764949798584, 13372
0.9002766609191895, 13371
0.9002766609191895, 13370
0.9002766609191895, 13369
0.9004645347595215, 13368
0.9004645347595215, 13367
0.9004645347595215, 13366
0.9004645347595215, 13365
0.9004645347595215, 13364
0.9004645347595215, 13363
0.9004645347595215, 13362
0.9004645347595215, 13361
0.9004645347595215, 13360
0.9004645347595215, 13359
0.9004645347595215, 13358
0.9012765884399414, 13357
0.9012765884399414, 13356
0.9012765884399414, 13355
0.9012765884399414, 13354
0.9012765884399414, 13353
0.9012765884399414, 13352
0.9012765884399414, 13351
0.9012765884399414, 13350
0.9012765884399414, 13349
0.9012765884399414, 13348
0.9012765884399414, 13347
0.9012765884399414, 13346
0.9012765884399414, 13345
0.9012765884399414, 13344
0.9012765884399414, 13343
0.9022767543792725, 13342
0.9022767543792725, 13341
0.9022767543792725, 13340
0.9022767543792725, 13339
0.9022767543792725, 13338
0.9022767543792725, 13337
0.9022767543792725, 13336
0.9022767543792725, 13335
0.9022767543792725, 13334
0.9022767543792725, 13333
0.9022767543792725, 13332
0.9022767543792725, 13331
0.9022767543792725, 13330
0.9032766819000244, 13329
0.9032766819000244, 13328
0.9032766819000244, 13327
0.9032766819000244, 13326
0.9032766819000244, 13325
0.9032766819000244, 13324
0.9032766819000244, 13323
0.9032766819000244, 13322
0.9032766819000244, 13321
0.9032766819000244, 13320
0.9032766819000244, 13319
0.9032766819000244, 13318
0.9032766819000244, 13317
0.9032766819000244, 13316
0.9032766819000244, 13315
0.9042766094207764, 13314
0.9042766094207764, 13313
0.9042766094207764, 13312
0.9042766094207764, 13311
0.9042766094207764, 13310
0.9042766094207764, 13309
0.9042766094207764, 13308
0.9042766094207764, 13307
0.9042766094207764, 13306
0.9042766094207764, 13305
0.9042766094207764, 13304
0.9042766094207764, 13303
0.9042766094207764, 13302
0.9042766094207764, 13301
0.9042766094207764, 13300
0.9052765369415283, 13299
0.9052765369415283, 13298
0.9052765369415283, 13297
0.9052765369415283, 13296
0.9052765369415283, 13295
0.9052765369415283, 13294
0.9052765369415283, 13293
0.9052765369415283, 13292
0.9052765369415283, 13291
0.9052765369415283, 13290
0.9052765369415283, 13289
0.9052765369415283, 13288
0.9052765369415283, 13287
0.9052765369415283, 13286
0.9052765369415283, 13285
0.9062769412994385, 13284
0.9062769412994385, 13283
1.74062180519104, 13282
1.74062180519104, 13281
1.7416222095489502, 13280
1.7416222095489502, 13279
1.7416222095489502, 13278
1.7416222095489502, 13277
1.7416222095489502, 13276
1.7416222095489502, 13275
1.7416222095489502, 13274
1.7416222095489502, 13273
1.7416222095489502, 13272
1.7416222095489502, 13271
1.7416222095489502, 13270
1.7416222095489502, 13269
1.7416222095489502, 13268
1.7416222095489502, 13267
1.742621898651123, 13266
1.742621898651123, 13265
1.742621898651123, 13264
1.742621898651123, 13263
1.742621898651123, 13262
1.742621898651123, 13261
1.742621898651123, 13260
1.742621898651123, 13259
1.742621898651123, 13258
1.742621898651123, 13257
1.742621898651123, 13256
1.742621898651123, 13255
1.742621898651123, 13254
1.742621898651123, 13253
1.742621898651123, 13252
1.743621826171875, 13251
1.743621826171875, 13250
1.743621826171875, 13249
1.743621826171875, 13248
1.743621826171875, 13247
1.743621826171875, 13246
1.743621826171875, 13245
1.743621826171875, 13244
1.743621826171875, 13243
1.743621826171875, 13242
1.743621826171875, 13241
1.743621826171875, 13240
1.743621826171875, 13239
1.743621826171875, 13238
1.744621753692627, 13237
1.744621753692627, 13236
1.744621753692627, 13235
1.744621753692627, 13234
1.744621753692627, 13233
1.744621753692627, 13232
1.744621753692627, 13231
1.744621753692627, 13230
1.744621753692627, 13229
1.744621753692627, 13228
1.744621753692627, 13227
1.744621753692627, 13226
1.744621753692627, 13225
1.744621753692627, 13224
1.7456226348876953, 13223
1.7456226348876953, 13222
1.7456226348876953, 13221
1.7456226348876953, 13220
1.7456226348876953, 13219
1.7456226348876953, 13218
1.7456226348876953, 13217
1.7456226348876953, 13216
1.7456226348876953, 13215
