0.1823434829711914, 14060
0.1823434829711914, 14059
0.1823434829711914, 14058
0.1823434829711914, 14057
0.1823434829711914, 14056
0.1823434829711914, 14055
0.18334317207336426, 14054
0.18334317207336426, 14053
0.18334317207336426, 14052
0.18334317207336426, 14051
0.18334317207336426, 14050
0.1836700439453125, 14049
0.1836700439453125, 14048
0.1836700439453125, 14047
0.1836700439453125, 14046
0.1836700439453125, 14045
0.1836700439453125, 14044
0.1836700439453125, 14043
0.1836700439453125, 14042
0.18417716026306152, 14041
0.18417716026306152, 14040
0.18417716026306152, 14039
0.18417716026306152, 14038
0.18417716026306152, 14037
0.18417716026306152, 14036
0.18417716026306152, 14035
0.18417716026306152, 14034
0.18417716026306152, 14033
0.18417716026306152, 14032
0.18417716026306152, 14031
0.18417716026306152, 14030
0.18417716026306152, 14029
0.18518829345703125, 14028
0.18518829345703125, 14027
0.18518829345703125, 14026
0.18518829345703125, 14025
0.18518829345703125, 14024
0.18518829345703125, 14023
0.18518829345703125, 14022
0.18518829345703125, 14021
0.18518829345703125, 14020
0.18518829345703125, 14019
0.18518829345703125, 14018
0.18518829345703125, 14017
0.18518829345703125, 14016
0.18518829345703125, 14015
0.1861858367919922, 14014
0.1861858367919922, 14013
0.1861858367919922, 14012
0.1861858367919922, 14011
0.1861858367919922, 14010
0.1861858367919922, 14009
0.1861858367919922, 14008
0.1861858367919922, 14007
0.1861858367919922, 14006
0.1861858367919922, 14005
0.1861858367919922, 14004
0.1861858367919922, 14003
0.1861858367919922, 14002
0.1861858367919922, 14001
0.1861858367919922, 14000
0.18718624114990234, 13999
0.18718624114990234, 13998
0.18718624114990234, 13997
0.18718624114990234, 13996
0.18718624114990234, 13995
0.18718624114990234, 13994
0.18718624114990234, 13993
0.18718624114990234, 13992
0.18718624114990234, 13991
0.18718624114990234, 13990
0.18718624114990234, 13989
0.18718624114990234, 13988
0.18718624114990234, 13987
0.18718624114990234, 13986
0.18718624114990234, 13985
0.1881856918334961, 13984
0.1881856918334961, 13983
0.1881856918334961, 13982
0.1881856918334961, 13981
0.1881856918334961, 13980
0.1881856918334961, 13979
0.1881856918334961, 13978
0.1881856918334961, 13977
0.1881856918334961, 13976
0.1881856918334961, 13975
0.1881856918334961, 13974
0.1881856918334961, 13973
0.1881856918334961, 13972
0.1881856918334961, 13971
0.1881856918334961, 13970
0.18918776512145996, 13969
0.18918776512145996, 13968
0.18918776512145996, 13967
0.18918776512145996, 13966
0.18918776512145996, 13965
0.18918776512145996, 13964
0.18918776512145996, 13963
0.18918776512145996, 13962
0.18918776512145996, 13961
0.18918776512145996, 13960
0.18918776512145996, 13959
0.18918776512145996, 13958
0.18918776512145996, 13957
0.18918776512145996, 13956
0.18918776512145996, 13955
0.18918776512145996, 13954
0.1901865005493164, 13953
0.1901865005493164, 13952
0.1901865005493164, 13951
0.1901865005493164, 13950
0.1901865005493164, 13949
0.1901865005493164, 13948
0.1901865005493164, 13947
0.1901865005493164, 13946
0.1901865005493164, 13945
0.1901865005493164, 13944
0.1901865005493164, 13943
0.1901865005493164, 13942
0.1901865005493164, 13941
0.1901865005493164, 13940
0.1901865005493164, 13939
0.19118571281433105, 13938
0.19118571281433105, 13937
0.19118571281433105, 13936
0.19118571281433105, 13935
0.19118571281433105, 13934
0.19118571281433105, 13933
0.19118571281433105, 13932
0.19118571281433105, 13931
0.19118571281433105, 13930
0.19118571281433105, 13929
0.19118571281433105, 13928
0.19118571281433105, 13927
0.19118571281433105, 13926
0.19118571281433105, 13925
0.19118571281433105, 13924
0.1921858787536621, 13923
0.1921858787536621, 13922
0.1921858787536621, 13921
0.1921858787536621, 13920
0.1921858787536621, 13919
0.1921858787536621, 13918
0.1921858787536621, 13917
0.1921858787536621, 13916
0.1921858787536621, 13915
0.1921858787536621, 13914
0.1921858787536621, 13913
0.19318675994873047, 13912
0.19318675994873047, 13911
0.19318675994873047, 13910
0.19318675994873047, 13909
0.19318675994873047, 13908
0.19318675994873047, 13907
0.19318675994873047, 13906
0.19318675994873047, 13905
0.19318675994873047, 13904
0.19318675994873047, 13903
0.19318675994873047, 13902
0.19318675994873047, 13901
0.19318675994873047, 13900
0.19418740272521973, 13899
0.19418740272521973, 13898
0.19418740272521973, 13897
0.19418740272521973, 13896
0.19418740272521973, 13895
0.19418740272521973, 13894
0.19418740272521973, 13893
0.19418740272521973, 13892
0.19418740272521973, 13891
0.19418740272521973, 13890
0.19418740272521973, 13889
0.19418740272521973, 13888
0.19418740272521973, 13887
0.19418740272521973, 13886
0.19418740272521973, 13885
0.19418740272521973, 13884
0.1951894760131836, 13883
0.1951894760131836, 13882
0.1951894760131836, 13881
0.1951894760131836, 13880
0.1951894760131836, 13879
0.1951894760131836, 13878
0.1951894760131836, 13877
0.1951894760131836, 13876
0.1951894760131836, 13875
0.1951894760131836, 13874
0.1951894760131836, 13873
0.1951894760131836, 13872
0.1951894760131836, 13871
0.1951894760131836, 13870
0.19618678092956543, 13869
0.19618678092956543, 13868
0.19618678092956543, 13867
0.19618678092956543, 13866
0.3901071548461914, 13865
0.3901071548461914, 13864
0.3901071548461914, 13863
0.3901071548461914, 13862
0.3901071548461914, 13861
0.3901071548461914, 13860
0.3901071548461914, 13859
0.3901071548461914, 13858
0.3901071548461914, 13857
0.3901071548461914, 13856
0.39110755920410156, 13855
0.39110755920410156, 13854
0.39110755920410156, 13853
0.39110755920410156, 13852
0.39110755920410156, 13851
0.39110755920410156, 13850
0.39110755920410156, 13849
0.39110755920410156, 13848
0.39110755920410156, 13847
0.39110755920410156, 13846
0.39110755920410156, 13845
0.39110755920410156, 13844
0.39110755920410156, 13843
0.39110755920410156, 13842
0.39110755920410156, 13841
0.39110755920410156, 13840
0.39210987091064453, 13839
0.39210987091064453, 13838
0.39210987091064453, 13837
0.39210987091064453, 13836
0.39210987091064453, 13835
0.39210987091064453, 13834
0.39210987091064453, 13833
0.39210987091064453, 13832
0.39210987091064453, 13831
0.39210987091064453, 13830
0.39210987091064453, 13829
0.39210987091064453, 13828
0.39210987091064453, 13827
0.39210987091064453, 13826
0.39210987091064453, 13825
0.3931081295013428, 13824
0.3931081295013428, 13823
0.3931081295013428, 13822
0.3931081295013428, 13821
0.3931081295013428, 13820
0.3931081295013428, 13819
0.3931081295013428, 13818
0.3931081295013428, 13817
0.3931081295013428, 13816
0.3931081295013428, 13815
0.3931081295013428, 13814
0.3931081295013428, 13813
0.3931081295013428, 13812
0.3931081295013428, 13811
0.3931081295013428, 13810
0.39411163330078125, 13809
0.39411163330078125, 13808
0.39411163330078125, 13807
0.39411163330078125, 13806
0.39411163330078125, 13805
0.39411163330078125, 13804
0.39411163330078125, 13803
0.39411163330078125, 13802
0.39411163330078125, 13801
0.39411163330078125, 13800
0.39411163330078125, 13799
0.39411163330078125, 13798
0.39411163330078125, 13797
0.39411163330078125, 13796
0.39411163330078125, 13795
0.39411163330078125, 13794
0.3951432704925537, 13793
0.3951432704925537, 13792
0.3951432704925537, 13791
0.3951432704925537, 13790
0.3951432704925537, 13789
0.3951432704925537, 13788
0.3951432704925537, 13787
0.3951432704925537, 13786
0.3951432704925537, 13785
0.3951432704925537, 13784
0.3951432704925537, 13783
0.3951432704925537, 13782
0.3951432704925537, 13781
0.3951432704925537, 13780
0.39614248275756836, 13779
0.39614248275756836, 13778
0.39614248275756836, 13777
0.39614248275756836, 13776
0.39614248275756836, 13775
0.39614248275756836, 13774
0.39614248275756836, 13773
0.39614248275756836, 13772
0.39614248275756836, 13771
0.39614248275756836, 13770
0.39614248275756836, 13769
0.39614248275756836, 13768
0.39614248275756836, 13767
0.39614248275756836, 13766
0.39614248275756836, 13765
0.3971419334411621, 13764
0.3971419334411621, 13763
0.3971419334411621, 13762
0.3971419334411621, 13761
0.3971419334411621, 13760
0.3971419334411621, 13759
0.3971419334411621, 13758
0.3971419334411621, 13757
0.3971419334411621, 13756
0.3971419334411621, 13755
0.3971419334411621, 13754
0.3971419334411621, 13753
0.3971419334411621, 13752
0.3971419334411621, 13751
0.39814329147338867, 13750
0.39814329147338867, 13749
0.39814329147338867, 13748
0.39814329147338867, 13747
0.39814329147338867, 13746
0.39814329147338867, 13745
0.5789825916290283, 13744
0.5789825916290283, 13743
0.5789825916290283, 13742
0.5789825916290283, 13741
0.5789825916290283, 13740
0.5789825916290283, 13739
0.5789825916290283, 13738
0.5789825916290283, 13737
0.5789825916290283, 13736
0.5789825916290283, 13735
0.5789825916290283, 13734
0.5799822807312012, 13733
0.5799822807312012, 13732
0.5799822807312012, 13731
0.5799822807312012, 13730
0.5799822807312012, 13729
0.5799822807312012, 13728
0.5799822807312012, 13727
0.5799822807312012, 13726
0.5799822807312012, 13725
0.5799822807312012, 13724
0.5799822807312012, 13723
0.5799822807312012, 13722
0.5799822807312012, 13721
0.5799822807312012, 13720
0.5799822807312012, 13719
0.5799822807312012, 13718
0.5809817314147949, 13717
0.5809817314147949, 13716
0.5809817314147949, 13715
0.5809817314147949, 13714
0.5809817314147949, 13713
0.5809817314147949, 13712
0.5809817314147949, 13711
0.5809817314147949, 13710
0.5809817314147949, 13709
0.5809817314147949, 13708
0.5809817314147949, 13707
0.5809817314147949, 13706
0.5809817314147949, 13705
0.5809817314147949, 13704
0.5819835662841797, 13703
0.5820410251617432, 13702
0.5820410251617432, 13701
0.5820410251617432, 13700
0.5820410251617432, 13699
0.5820410251617432, 13698
0.5820410251617432, 13697
0.5820410251617432, 13696
0.5820410251617432, 13695
0.5820410251617432, 13694
0.5820410251617432, 13693
0.5820410251617432, 13692
0.5820410251617432, 13691
0.5820410251617432, 13690
0.5820410251617432, 13689
0.5829818248748779, 13688
0.5829818248748779, 13687
0.5829818248748779, 13686
0.5829818248748779, 13685
0.5829818248748779, 13684
0.5829818248748779, 13683
0.5829818248748779, 13682
0.5829818248748779, 13681
0.5829818248748779, 13680
0.5829818248748779, 13679
0.5829818248748779, 13678
0.5829818248748779, 13677
0.5829818248748779, 13676
0.5829818248748779, 13675
0.5829818248748779, 13674
0.583981990814209, 13673
0.583981990814209, 13672
0.583981990814209, 13671
0.583981990814209, 13670
0.583981990814209, 13669
0.583981990814209, 13668
0.583981990814209, 13667
0.583981990814209, 13666
0.583981990814209, 13665
0.583981990814209, 13664
0.583981990814209, 13663
0.583981990814209, 13662
0.583981990814209, 13661
0.583981990814209, 13660
0.5849828720092773, 13659
0.5850715637207031, 13658
0.5850715637207031, 13657
0.5850715637207031, 13656
0.5850715637207031, 13655
0.5850715637207031, 13654
0.5850715637207031, 13653
0.5850715637207031, 13652
0.5850715637207031, 13651
0.5850715637207031, 13650
0.5850715637207031, 13649
0.5850715637207031, 13648
0.5850715637207031, 13647
0.5850715637207031, 13646
0.5850715637207031, 13645
0.5859816074371338, 13644
0.5859816074371338, 13643
0.5859816074371338, 13642
0.5859816074371338, 13641
0.5859816074371338, 13640
0.5859816074371338, 13639
0.5859816074371338, 13638
0.5859816074371338, 13637
0.5859816074371338, 13636
0.5859816074371338, 13635
0.5859816074371338, 13634
0.5859816074371338, 13633
0.5859816074371338, 13632
0.5869872570037842, 13631
0.5869872570037842, 13630
0.5869872570037842, 13629
0.5869872570037842, 13628
0.5869872570037842, 13627
0.5869872570037842, 13626
0.5869872570037842, 13625
0.5869872570037842, 13624
0.5869872570037842, 13623
0.5869872570037842, 13622
0.5869872570037842, 13621
0.5869872570037842, 13620
0.5869872570037842, 13619
0.5869872570037842, 13618
0.5869872570037842, 13617
0.5879819393157959, 13616
0.5879819393157959, 13615
0.5879819393157959, 13614
0.5879819393157959, 13613
0.5879819393157959, 13612
0.5879819393157959, 13611
0.9726338386535645, 13237
0.9726338386535645, 13236
0.9726338386535645, 13235
0.9736344814300537, 13234
0.9736344814300537, 13233
0.9736344814300537, 13232
0.9736344814300537, 13231
0.9736344814300537, 13230
0.9736344814300537, 13229
0.9736344814300537, 13228
0.9736344814300537, 13227
0.9741630554199219, 13226
0.9741630554199219, 13225
0.9741630554199219, 13224
0.9741630554199219, 13223
0.9741630554199219, 13222
0.9741630554199219, 13221
0.9741630554199219, 13220
0.9741630554199219, 13219
0.9741630554199219, 13218
0.9741630554199219, 13217
0.9741630554199219, 13216
0.9741630554199219, 13215
0.9741630554199219, 13214
0.9741630554199219, 13213
0.9741630554199219, 13212
0.9751689434051514, 13211
0.9751689434051514, 13210
0.9751689434051514, 13209
0.9751689434051514, 13208
0.9751689434051514, 13207
0.9751689434051514, 13206
0.9751689434051514, 13205
0.9751689434051514, 13204
0.9751689434051514, 13203
0.9751689434051514, 13202
0.9751689434051514, 13201
0.9751689434051514, 13200
0.9751689434051514, 13199
0.9751689434051514, 13198
0.9761683940887451, 13197
0.9761683940887451, 13196
0.9761683940887451, 13195
0.9761683940887451, 13194
0.9761683940887451, 13193
0.9761683940887451, 13192
0.9761683940887451, 13191
0.9761683940887451, 13190
0.9761683940887451, 13189
0.9761683940887451, 13188
0.9761683940887451, 13187
0.9761683940887451, 13186
0.9761683940887451, 13185
0.9761683940887451, 13184
0.9761683940887451, 13183
0.9771685600280762, 13182
0.9771685600280762, 13181
0.9771685600280762, 13180
0.9771685600280762, 13179
0.9771685600280762, 13178
0.9771685600280762, 13177
0.9771685600280762, 13176
0.9771685600280762, 13175
0.9771685600280762, 13174
0.9771685600280762, 13173
0.9771685600280762, 13172
0.9771685600280762, 13171
0.9771685600280762, 13170
0.9771685600280762, 13169
0.9771685600280762, 13168
0.9782507419586182, 13167
0.9782507419586182, 13166
0.9782507419586182, 13165
0.9782507419586182, 13164
0.9782507419586182, 13163
0.9782507419586182, 13162
0.9782507419586182, 13161
0.9782507419586182, 13160
0.9782507419586182, 13159
0.9782507419586182, 13158
0.9782507419586182, 13157
0.9782507419586182, 13156
0.9782507419586182, 13155
0.9791698455810547, 13154
0.9791698455810547, 13153
0.9791698455810547, 13152
0.9791698455810547, 13151
0.9791698455810547, 13150
0.9791698455810547, 13149
0.9791698455810547, 13148
0.9791698455810547, 13147
0.9791698455810547, 13146
0.9791698455810547, 13145
0.9791698455810547, 13144
0.9791698455810547, 13143
0.9791698455810547, 13142
0.9791698455810547, 13141
0.9801685810089111, 13140
0.9801685810089111, 13139
0.9801685810089111, 13138
0.9801685810089111, 13137
0.9801685810089111, 13136
0.9801685810089111, 13135
0.9801685810089111, 13134
0.9801685810089111, 13133
0.9801685810089111, 13132
0.9801685810089111, 13131
0.9801685810089111, 13130
0.9801685810089111, 13129
0.9801685810089111, 13128
0.9801685810089111, 13127
0.9801685810089111, 13126
0.981168270111084, 13125
0.981168270111084, 13124
0.981168270111084, 13123
0.981168270111084, 13122
0.981168270111084, 13121
0.981168270111084, 13120
0.981168270111084, 13119
0.981168270111084, 13118
0.981168270111084, 13117
0.981168270111084, 13116
0.981168270111084, 13115
0.981168270111084, 13114
0.981168270111084, 13113
0.981168270111084, 13112
0.981168270111084, 13111
0.982168436050415, 13110
0.982168436050415, 13109
0.982168436050415, 13108
0.982168436050415, 13107
0.982168436050415, 13106
0.982168436050415, 13105
0.982168436050415, 13104
0.982168436050415, 13103
0.982168436050415, 13102
0.982168436050415, 13101
0.982168436050415, 13100
0.982168436050415, 13099
0.982168436050415, 13098
0.982168436050415, 13097
0.9831681251525879, 13096
0.9831681251525879, 13095
0.9831681251525879, 13094
0.9831681251525879, 13093
0.9831681251525879, 13092
0.9831681251525879, 13091
0.9831681251525879, 13090
0.9831681251525879, 13089
0.9831681251525879, 13088
0.9831681251525879, 13087
0.9831681251525879, 13086
0.9831681251525879, 13085
0.9831681251525879, 13084
0.9831681251525879, 13083
0.9831681251525879, 13082
0.984168291091919, 13081
0.984168291091919, 13080
0.984168291091919, 13079
0.984168291091919, 13078
0.984168291091919, 13077
0.984168291091919, 13076
0.984168291091919, 13075
0.984168291091919, 13074
0.984168291091919, 13073
0.984168291091919, 13072
