0.22957086563110352, 14089
0.22957086563110352, 14088
0.22957086563110352, 14087
0.22957086563110352, 14086
0.22957086563110352, 14085
0.22957086563110352, 14084
0.22957086563110352, 14083
0.22957086563110352, 14082
0.22957086563110352, 14081
0.22957086563110352, 14080
0.22957086563110352, 14079
0.22957086563110352, 14078
0.22957086563110352, 14077
0.22957086563110352, 14076
0.22957086563110352, 14075
0.23057079315185547, 14074
0.23057079315185547, 14073
0.23057079315185547, 14072
0.23057079315185547, 14071
0.23057079315185547, 14070
0.23057079315185547, 14069
0.23057079315185547, 14068
0.23057079315185547, 14067
0.23057079315185547, 14066
0.23057079315185547, 14065
0.23057079315185547, 14064
0.23057079315185547, 14063
0.23057079315185547, 14062
0.23057079315185547, 14061
0.23057079315185547, 14060
0.23157143592834473, 14059
0.4132716655731201, 14058
0.4132716655731201, 14057
0.4132716655731201, 14056
0.4132716655731201, 14055
0.4132716655731201, 14054
0.4132716655731201, 14053
0.4132716655731201, 14052
0.4132716655731201, 14051
0.4132716655731201, 14050
0.4132716655731201, 14049
0.4132716655731201, 14048
0.4142720699310303, 14047
0.4142720699310303, 14046
0.4142720699310303, 14045
0.4142720699310303, 14044
0.4142720699310303, 14043
0.4142720699310303, 14042
0.4142720699310303, 14041
0.4142720699310303, 14040
0.4142720699310303, 14039
0.4142720699310303, 14038
0.4142720699310303, 14037
0.4142720699310303, 14036
0.4142720699310303, 14035
0.4142720699310303, 14034
0.4152710437774658, 14033
0.4152710437774658, 14032
0.4152710437774658, 14031
0.4152710437774658, 14030
0.4152710437774658, 14029
0.4152710437774658, 14028
0.4152710437774658, 14027
0.4152710437774658, 14026
0.4152710437774658, 14025
0.4152710437774658, 14024
0.4152710437774658, 14023
0.4152710437774658, 14022
0.4152710437774658, 14021
0.4152710437774658, 14020
0.4152710437774658, 14019
0.416271448135376, 14018
0.4163234233856201, 14017
0.4163234233856201, 14016
0.4163234233856201, 14015
0.4163234233856201, 14014
0.4163234233856201, 14013
0.4163234233856201, 14012
0.4163234233856201, 14011
0.4163234233856201, 14010
0.4163234233856201, 14009
0.4163234233856201, 14008
0.4163234233856201, 14007
0.4163234233856201, 14006
0.4163234233856201, 14005
0.4163234233856201, 14004
0.41727185249328613, 14003
0.41727185249328613, 14002
0.41727185249328613, 14001
0.41727185249328613, 14000
0.41727185249328613, 13999
0.41727185249328613, 13998
0.41727185249328613, 13997
0.41727185249328613, 13996
0.41727185249328613, 13995
0.41727185249328613, 13994
0.41727185249328613, 13993
0.41727185249328613, 13992
0.41727185249328613, 13991
0.41727185249328613, 13990
0.41727185249328613, 13989
0.41727185249328613, 13988
0.4182708263397217, 13987
0.4182708263397217, 13986
0.4182708263397217, 13985
0.4182708263397217, 13984
0.4182708263397217, 13983
0.4182708263397217, 13982
0.4182708263397217, 13981
0.4182708263397217, 13980
0.4182708263397217, 13979
0.4182708263397217, 13978
0.4182708263397217, 13977
0.4182708263397217, 13976
0.4182708263397217, 13975
0.4182708263397217, 13974
0.4182708263397217, 13973
0.41927146911621094, 13972
0.41927146911621094, 13971
0.41927146911621094, 13970
0.41927146911621094, 13969
0.41927146911621094, 13968
0.41927146911621094, 13967
0.41927146911621094, 13966
0.41927146911621094, 13965
0.41927146911621094, 13964
0.41927146911621094, 13963
0.41927146911621094, 13962
0.41927146911621094, 13961
0.41927146911621094, 13960
0.41927146911621094, 13959
0.41927146911621094, 13958
0.4202706813812256, 13957
0.4202706813812256, 13956
0.4202706813812256, 13955
0.4202706813812256, 13954
0.4202706813812256, 13953
0.4202706813812256, 13952
0.4202706813812256, 13951
0.4202706813812256, 13950
0.4202706813812256, 13949
0.4202706813812256, 13948
0.4202706813812256, 13947
0.4202706813812256, 13946
0.42105793952941895, 13945
0.42105793952941895, 13944
0.42105793952941895, 13943
0.42127084732055664, 13942
0.42127084732055664, 13941
0.42127084732055664, 13940
0.42127084732055664, 13939
0.42127084732055664, 13938
0.42127084732055664, 13937
0.42127084732055664, 13936
0.42127084732055664, 13935
0.42127084732055664, 13934
0.42127084732055664, 13933
0.42127084732055664, 13932
0.42127084732055664, 13931
0.42127084732055664, 13930
0.42127084732055664, 13929
0.42127084732055664, 13928
0.42127084732055664, 13927
0.4222707748413086, 13926
0.4222707748413086, 13925
0.4222707748413086, 13924
0.4222707748413086, 13923
0.4222707748413086, 13922
0.4222707748413086, 13921
0.4222707748413086, 13920
0.4222707748413086, 13919
0.4222707748413086, 13918
0.4222707748413086, 13917
0.4222707748413086, 13916
0.4222707748413086, 13915
0.4222707748413086, 13914
0.4222707748413086, 13913
0.4222707748413086, 13912
0.42327094078063965, 13911
0.42327094078063965, 13910
0.42327094078063965, 13909
0.42327094078063965, 13908
0.42327094078063965, 13907
0.42327094078063965, 13906
0.42327094078063965, 13905
0.42327094078063965, 13904
0.42327094078063965, 13903
0.42327094078063965, 13902
0.42327094078063965, 13901
0.42327094078063965, 13900
0.42327094078063965, 13899
0.42327094078063965, 13898
0.4242711067199707, 13897
0.4242711067199707, 13896
0.4242711067199707, 13895
0.4242711067199707, 13894
0.4242711067199707, 13893
0.4242711067199707, 13892
0.4242711067199707, 13891
0.4242711067199707, 13890
0.4242711067199707, 13889
0.4242711067199707, 13888
0.4242711067199707, 13887
0.4242711067199707, 13886
0.4242711067199707, 13885
0.4242711067199707, 13884
0.4242711067199707, 13883
0.42527151107788086, 13882
0.42527151107788086, 13881
0.42527151107788086, 13880
0.42527151107788086, 13879
0.42527151107788086, 13878
0.42527151107788086, 13877
0.42527151107788086, 13876
0.42527151107788086, 13875
0.42527151107788086, 13874
0.42527151107788086, 13873
0.42527151107788086, 13872
0.42527151107788086, 13871
0.42527151107788086, 13870
0.42527151107788086, 13869
0.42527151107788086, 13868
0.4262714385986328, 13867
0.4262714385986328, 13866
0.4262714385986328, 13865
0.4262714385986328, 13864
0.4262714385986328, 13863
0.4262714385986328, 13862
0.4262714385986328, 13861
0.4262714385986328, 13860
0.4262714385986328, 13859
0.4262714385986328, 13858
0.4262714385986328, 13857
0.4262714385986328, 13856
0.4262714385986328, 13855
0.4262714385986328, 13854
0.42727112770080566, 13853
0.42727112770080566, 13852
0.42727112770080566, 13851
0.42727112770080566, 13850
0.42727112770080566, 13849
0.42727112770080566, 13848
0.42727112770080566, 13847
0.42727112770080566, 13846
0.42727112770080566, 13845
0.42727112770080566, 13844
0.42727112770080566, 13843
0.42727112770080566, 13842
0.42727112770080566, 13841
0.42727112770080566, 13840
0.42727112770080566, 13839
0.42827534675598145, 13838
0.42827534675598145, 13837
0.42827534675598145, 13836
0.42827534675598145, 13835
0.42827534675598145, 13834
0.42827534675598145, 13833
0.42827534675598145, 13832
0.42827534675598145, 13831
0.42827534675598145, 13830
0.42827534675598145, 13829
0.42827534675598145, 13828
0.42827534675598145, 13827
0.42827534675598145, 13826
0.42827534675598145, 13825
0.42827534675598145, 13824
0.4292745590209961, 13823
0.4292745590209961, 13822
0.4292745590209961, 13821
0.4292745590209961, 13820
0.4292745590209961, 13819
0.4292745590209961, 13818
0.4292745590209961, 13817
0.4292745590209961, 13816
0.4292745590209961, 13815
0.4292745590209961, 13814
0.4292745590209961, 13813
0.4292745590209961, 13812
0.4292745590209961, 13811
0.43027544021606445, 13810
0.43027544021606445, 13809
0.43027544021606445, 13808
0.43027544021606445, 13807
0.43027544021606445, 13806
0.43027544021606445, 13805
0.43027544021606445, 13804
0.43027544021606445, 13803
0.43027544021606445, 13802
0.43027544021606445, 13801
0.43027544021606445, 13800
0.43027544021606445, 13799
0.43027544021606445, 13798
0.43027544021606445, 13797
0.43027544021606445, 13796
0.4312751293182373, 13795
0.4312751293182373, 13794
0.4312751293182373, 13793
0.4314746856689453, 13792
0.4314746856689453, 13791
0.4314746856689453, 13790
0.4314746856689453, 13789
0.4314746856689453, 13788
0.4314746856689453, 13787
0.4314746856689453, 13786
0.4314746856689453, 13785
0.4314746856689453, 13784
0.4314746856689453, 13783
0.4314746856689453, 13782
0.4314746856689453, 13781
0.43227458000183105, 13780
0.43227458000183105, 13779
0.43227458000183105, 13778
0.43227458000183105, 13777
0.43227458000183105, 13776
0.43227458000183105, 13775
0.43227458000183105, 13774
0.43227458000183105, 13773
0.43227458000183105, 13772
0.43227458000183105, 13771
0.43227458000183105, 13770
0.43227458000183105, 13769
0.43227458000183105, 13768
0.43227458000183105, 13767
0.43227458000183105, 13766
0.43227458000183105, 13765
0.4332749843597412, 13764
0.4332749843597412, 13763
0.4332749843597412, 13762
0.4332749843597412, 13761
0.4332749843597412, 13760
0.4332749843597412, 13759
0.4332749843597412, 13758
0.4332749843597412, 13757
0.4332749843597412, 13756
0.4332749843597412, 13755
0.4332749843597412, 13754
0.4332749843597412, 13753
0.4332749843597412, 13752
0.4332749843597412, 13751
0.4332749843597412, 13750
0.43427443504333496, 13749
0.43427443504333496, 13748
0.43427443504333496, 13747
0.43427443504333496, 13746
0.43427443504333496, 13745
0.43427443504333496, 13744
0.43427443504333496, 13743
0.43427443504333496, 13742
0.43427443504333496, 13741
0.43427443504333496, 13740
0.43427443504333496, 13739
0.43427443504333496, 13738
0.43427443504333496, 13737
0.43427443504333496, 13736
0.43427443504333496, 13735
0.435274600982666, 13734
0.435274600982666, 13733
0.435274600982666, 13732
0.435274600982666, 13731
0.435274600982666, 13730
0.435274600982666, 13729
0.435274600982666, 13728
0.435274600982666, 13727
0.435274600982666, 13726
0.435274600982666, 13725
0.435274600982666, 13724
0.435274600982666, 13723
0.435274600982666, 13722
0.435274600982666, 13721
0.435274600982666, 13720
0.4363059997558594, 13719
0.4363059997558594, 13718
0.4363059997558594, 13717
0.4363059997558594, 13716
0.4363059997558594, 13715
0.4363059997558594, 13714
0.4363059997558594, 13713
0.4363059997558594, 13712
0.4363059997558594, 13711
0.4363059997558594, 13710
0.4363059997558594, 13709
0.4363059997558594, 13708
0.4363059997558594, 13707
0.4363059997558594, 13706
0.4363059997558594, 13705
0.4373056888580322, 13704
0.4373056888580322, 13703
0.4373056888580322, 13702
0.4373056888580322, 13701
0.4373056888580322, 13700
0.4373056888580322, 13699
0.4373056888580322, 13698
0.4373056888580322, 13697
0.4373056888580322, 13696
0.4373056888580322, 13695
0.4373056888580322, 13694
0.4373056888580322, 13693
0.4373056888580322, 13692
0.4373056888580322, 13691
0.4373056888580322, 13690
0.4383058547973633, 13689
0.4383058547973633, 13688
0.4383058547973633, 13687
0.4383058547973633, 13686
0.4383058547973633, 13685
0.4383058547973633, 13684
0.4383058547973633, 13683
0.4383058547973633, 13682
0.4383058547973633, 13681
0.4383058547973633, 13680
0.4383058547973633, 13679
0.4383058547973633, 13678
0.4383058547973633, 13677
0.4383058547973633, 13676
0.4383058547973633, 13675
0.43930602073669434, 13674
0.43930602073669434, 13673
0.43930602073669434, 13672
0.43930602073669434, 13671
0.43930602073669434, 13670
0.43930602073669434, 13669
0.43930602073669434, 13668
0.43930602073669434, 13667
0.43930602073669434, 13666
0.43930602073669434, 13665
0.43930602073669434, 13664
0.43930602073669434, 13663
0.43930602073669434, 13662
0.43930602073669434, 13661
0.43930602073669434, 13660
0.4403057098388672, 13659
0.4403057098388672, 13658
0.4403057098388672, 13657
0.4403057098388672, 13656
0.4403057098388672, 13655
0.4403057098388672, 13654
0.4403057098388672, 13653
0.4403057098388672, 13652
0.4403057098388672, 13651
0.4403057098388672, 13650
0.4403057098388672, 13649
0.4403057098388672, 13648
0.4403057098388672, 13647
0.4403057098388672, 13646
0.4403057098388672, 13645
0.4413034915924072, 13644
0.44140124320983887, 13643
0.44140124320983887, 13642
0.44140124320983887, 13641
0.44140124320983887, 13640
0.44140124320983887, 13639
0.44140124320983887, 13638
0.44140124320983887, 13637
0.44140124320983887, 13636
0.44140124320983887, 13635
0.44140124320983887, 13634
0.4423046112060547, 13633
0.4423046112060547, 13632
0.4423046112060547, 13631
0.4423046112060547, 13630
0.4423046112060547, 13629
0.4423046112060547, 13628
0.4423046112060547, 13627
0.4423046112060547, 13626
0.4423046112060547, 13625
0.4423046112060547, 13624
0.4423046112060547, 13623
0.4423046112060547, 13622
0.44330430030822754, 13621
0.44330430030822754, 13620
0.44330430030822754, 13619
0.44330430030822754, 13618
0.44330430030822754, 13617
0.44330430030822754, 13616
0.44330430030822754, 13615
0.44330430030822754, 13614
0.44330430030822754, 13613
0.44330430030822754, 13612
0.44330430030822754, 13611
0.44330430030822754, 13610
0.44330430030822754, 13609
0.44330430030822754, 13608
0.44330430030822754, 13607
0.4443042278289795, 13606
0.4443042278289795, 13605
0.4443042278289795, 13604
0.4443042278289795, 13603
0.4443042278289795, 13602
0.4443042278289795, 13601
0.4443042278289795, 13600
0.4443042278289795, 13599
0.4443042278289795, 13598
0.4443042278289795, 13597
0.4443042278289795, 13596
0.4443042278289795, 13595
0.4443042278289795, 13594
0.4443042278289795, 13593
0.44530415534973145, 13592
0.44530415534973145, 13591
0.44530415534973145, 13590
0.44530415534973145, 13589
0.44530415534973145, 13588
0.44530415534973145, 13587
0.44530415534973145, 13586
0.44530415534973145, 13585
0.44530415534973145, 13584
0.44530415534973145, 13583
0.44530415534973145, 13582
0.44530415534973145, 13581
0.44530415534973145, 13580
0.44530415534973145, 13579
0.44530415534973145, 13578
0.446305513381958, 13577
0.44640421867370605, 13576
0.44640421867370605, 13575
0.44640421867370605, 13574
0.44640421867370605, 13573
0.44640421867370605, 13572
0.44640421867370605, 13571
0.44640421867370605, 13570
0.44640421867370605, 13569
0.44640421867370605, 13568
0.44640421867370605, 13567
0.44640421867370605, 13566
0.44640421867370605, 13565
0.44640421867370605, 13564
0.44640421867370605, 13563
0.44730710983276367, 13562
0.44730710983276367, 13561
0.44730710983276367, 13560
0.44730710983276367, 13559
0.44730710983276367, 13558
0.44730710983276367, 13557
0.44730710983276367, 13556
0.44730710983276367, 13555
0.44730710983276367, 13554
0.44730710983276367, 13553
0.44730710983276367, 13552
0.44730710983276367, 13551
0.44730710983276367, 13550
0.44730710983276367, 13549
0.448305606842041, 13548
0.448305606842041, 13547
0.448305606842041, 13546
0.448305606842041, 13545
0.448305606842041, 13544
0.448305606842041, 13543
0.448305606842041, 13542
0.448305606842041, 13541
0.448305606842041, 13540
0.448305606842041, 13539
0.448305606842041, 13538
0.448305606842041, 13537
0.448305606842041, 13536
0.448305606842041, 13535
0.448305606842041, 13534
0.44930362701416016, 13533
0.44930362701416016, 13532
0.44930362701416016, 13531
0.44930362701416016, 13530
0.44930362701416016, 13529
0.44930362701416016, 13528
0.44930362701416016, 13527
0.44930362701416016, 13526
0.44930362701416016, 13525
0.44930362701416016, 13524
0.44930362701416016, 13523
0.44930362701416016, 13522
0.44930362701416016, 13521
0.44930362701416016, 13520
0.44930362701416016, 13519
0.45029640197753906, 13518
0.45029640197753906, 13517
0.45029640197753906, 13516
0.45029640197753906, 13515
0.45029640197753906, 13514
0.45029640197753906, 13513
0.45029640197753906, 13512
0.45029640197753906, 13511
0.45029640197753906, 13510
0.45029640197753906, 13509
0.45029640197753906, 13508
0.45029640197753906, 13507
0.45029640197753906, 13506
0.45029640197753906, 13505
0.45130467414855957, 13504
0.45130467414855957, 13503
0.45130467414855957, 13502
0.45130467414855957, 13501
0.45130467414855957, 13500
0.45130467414855957, 13499
0.45130467414855957, 13498
0.45130467414855957, 13497
0.45130467414855957, 13496
0.45130467414855957, 13495
0.45130467414855957, 13494
0.45130467414855957, 13493
0.45130467414855957, 13492
0.45130467414855957, 13491
0.45130467414855957, 13490
0.4523031711578369, 13489
0.4523031711578369, 13488
0.4523031711578369, 13487
0.4523031711578369, 13486
0.4523031711578369, 13485
0.4523031711578369, 13484
0.4523031711578369, 13483
0.4523031711578369, 13482
0.4523031711578369, 13481
0.4523031711578369, 13480
0.4523031711578369, 13479
0.4523031711578369, 13478
0.4523031711578369, 13477
0.4523031711578369, 13476
0.4523031711578369, 13475
0.45330333709716797, 13474
0.45330333709716797, 13473
0.45330333709716797, 13472
0.45330333709716797, 13471
0.45330333709716797, 13470
0.45330333709716797, 13469
0.45330333709716797, 13468
0.45330333709716797, 13467
0.45330333709716797, 13466
0.45330333709716797, 13465
0.45330333709716797, 13464
0.45330333709716797, 13463
0.45330333709716797, 13462
0.45330333709716797, 13461
0.4543032646179199, 13460
0.4543032646179199, 13459
0.4543032646179199, 13458
0.4543032646179199, 13457
0.4543032646179199, 13456
0.4543032646179199, 13455
0.4543032646179199, 13454
0.4543032646179199, 13453
0.4543032646179199, 13452
0.4543032646179199, 13451
0.4543032646179199, 13450
0.4543032646179199, 13449
0.4543032646179199, 13448
0.4543032646179199, 13447
0.4543032646179199, 13446
0.4553031921386719, 13445
0.4553031921386719, 13444
0.4553031921386719, 13443
0.4553031921386719, 13442
0.4553031921386719, 13441
0.4553031921386719, 13440
0.4553031921386719, 13439
0.4553031921386719, 13438
0.4553031921386719, 13437
0.4553031921386719, 13436
0.4553031921386719, 13435
0.4553031921386719, 13434
0.4553031921386719, 13433
0.4553031921386719, 13432
0.45630383491516113, 13431
0.45630383491516113, 13430
0.45630383491516113, 13429
0.45630383491516113, 13428
0.45630383491516113, 13427
0.45630383491516113, 13426
0.45630383491516113, 13425
0.45630383491516113, 13424
0.45630383491516113, 13423
0.45630383491516113, 13422
0.45630383491516113, 13421
0.45630383491516113, 13420
0.45630383491516113, 13419
0.45630383491516113, 13418
0.45630383491516113, 13417
0.457303524017334, 13416
0.457303524017334, 13415
0.457303524017334, 13414
0.457303524017334, 13413
0.457303524017334, 13412
0.457303524017334, 13411
0.457303524017334, 13410
0.457303524017334, 13409
0.457303524017334, 13408
0.457303524017334, 13407
0.457303524017334, 13406
0.457303524017334, 13405
0.457303524017334, 13404
0.457303524017334, 13403
0.45830512046813965, 13402
0.45830512046813965, 13401
0.45830512046813965, 13400
0.45830512046813965, 13399
0.45830512046813965, 13398
0.45830512046813965, 13397
0.45830512046813965, 13396
0.45830512046813965, 13395
0.45830512046813965, 13394
0.45830512046813965, 13393
0.45830512046813965, 13392
0.45830512046813965, 13391
0.45830512046813965, 13390
0.459303617477417, 13389
0.459303617477417, 13388
0.459303617477417, 13387
0.459303617477417, 13386
0.459303617477417, 13385
0.459303617477417, 13384
0.459303617477417, 13383
0.459303617477417, 13382
0.459303617477417, 13381
2.4265599250793457, 13380
2.4265599250793457, 13379
2.4265599250793457, 13378
2.4265599250793457, 13377
2.4265599250793457, 13376
2.4265599250793457, 13375
2.4265599250793457, 13374
2.4265599250793457, 13373
2.4275600910186768, 13372
2.4275600910186768, 13371
2.4275600910186768, 13370
2.4275600910186768, 13369
2.4275600910186768, 13368
2.4275600910186768, 13367
2.4275600910186768, 13366
2.4275600910186768, 13365
2.4275600910186768, 13364
2.4275600910186768, 13363
2.4275600910186768, 13362
2.4275600910186768, 13361
2.4275600910186768, 13360
2.4275600910186768, 13359
2.4285600185394287, 13358
2.4285600185394287, 13357
2.4285600185394287, 13356
2.4285600185394287, 13355
2.4285600185394287, 13354
2.4285600185394287, 13353
2.4285600185394287, 13352
2.4285600185394287, 13351
2.4285600185394287, 13350
2.4285600185394287, 13349
2.4285600185394287, 13348
2.4285600185394287, 13347
2.4285600185394287, 13346
2.4285600185394287, 13345
2.4295601844787598, 13344
2.4295601844787598, 13343
2.4295601844787598, 13342
2.4295601844787598, 13341
2.4295601844787598, 13340
2.4295601844787598, 13339
