0.20579910278320312, 14073
0.20579910278320312, 14072
0.20579910278320312, 14071
0.20579910278320312, 14070
0.20579910278320312, 14069
0.20579910278320312, 14068
0.20579910278320312, 14067
0.20579910278320312, 14066
0.20579910278320312, 14065
0.20579910278320312, 14064
0.20670318603515625, 14063
0.20670318603515625, 14062
0.20670318603515625, 14061
0.20670318603515625, 14060
0.20670318603515625, 14059
0.20670318603515625, 14058
0.20670318603515625, 14057
0.20670318603515625, 14056
0.20670318603515625, 14055
0.20670318603515625, 14054
0.20670318603515625, 14053
0.20670318603515625, 14052
0.20670318603515625, 14051
0.20670318603515625, 14050
0.20670318603515625, 14049
0.2077028751373291, 14048
0.2077028751373291, 14047
0.2077028751373291, 14046
0.2077028751373291, 14045
0.2077028751373291, 14044
0.2077028751373291, 14043
0.2077028751373291, 14042
0.2077028751373291, 14041
0.2077028751373291, 14040
0.2077028751373291, 14039
0.2077028751373291, 14038
0.2077028751373291, 14037
0.2077028751373291, 14036
0.2077028751373291, 14035
0.2077028751373291, 14034
0.20870304107666016, 14033
0.20870304107666016, 14032
0.20870304107666016, 14031
0.20870304107666016, 14030
0.20870304107666016, 14029
0.20870304107666016, 14028
0.20870304107666016, 14027
0.20870304107666016, 14026
0.20870304107666016, 14025
0.20870304107666016, 14024
0.20870304107666016, 14023
0.20870304107666016, 14022
0.20870304107666016, 14021
0.20870304107666016, 14020
0.20870304107666016, 14019
0.20970368385314941, 14018
0.20970368385314941, 14017
0.20970368385314941, 14016
0.20970368385314941, 14015
0.20970368385314941, 14014
0.20970368385314941, 14013
0.20970368385314941, 14012
0.20970368385314941, 14011
0.20970368385314941, 14010
0.20970368385314941, 14009
0.20970368385314941, 14008
0.20970368385314941, 14007
0.20970368385314941, 14006
0.20970368385314941, 14005
0.20970368385314941, 14004
0.21070408821105957, 14003
0.21070408821105957, 14002
0.21070408821105957, 14001
0.21070408821105957, 14000
0.21070408821105957, 13999
0.21070408821105957, 13998
0.21070408821105957, 13997
0.21070408821105957, 13996
0.21070408821105957, 13995
0.21070408821105957, 13994
0.21070408821105957, 13993
0.21070408821105957, 13992
0.21070408821105957, 13991
0.21070408821105957, 13990
0.21070408821105957, 13989
0.21170258522033691, 13988
0.21170258522033691, 13987
0.21170258522033691, 13986
0.21170258522033691, 13985
0.21170258522033691, 13984
0.21170258522033691, 13983
0.21170258522033691, 13982
0.21170258522033691, 13981
0.21170258522033691, 13980
0.21170258522033691, 13979
0.21170258522033691, 13978
0.21170258522033691, 13977
0.21170258522033691, 13976
0.21170258522033691, 13975
0.21170258522033691, 13974
0.21270370483398438, 13973
0.21270370483398438, 13972
0.21270370483398438, 13971
0.21270370483398438, 13970
0.21270370483398438, 13969
0.21270370483398438, 13968
0.21270370483398438, 13967
0.21270370483398438, 13966
0.21270370483398438, 13965
0.21270370483398438, 13964
0.21270370483398438, 13963
0.21270370483398438, 13962
0.21270370483398438, 13961
0.21270370483398438, 13960
0.21270370483398438, 13959
0.21370291709899902, 13958
0.21370291709899902, 13957
0.21370291709899902, 13956
0.21370291709899902, 13955
0.21370291709899902, 13954
0.21370291709899902, 13953
0.21370291709899902, 13952
0.21370291709899902, 13951
0.21370291709899902, 13950
0.21370291709899902, 13949
0.21370291709899902, 13948
0.21370291709899902, 13947
0.21370291709899902, 13946
0.21370291709899902, 13945
0.2147047519683838, 13944
0.2147047519683838, 13943
0.2147047519683838, 13942
0.2147047519683838, 13941
0.2147047519683838, 13940
0.2147047519683838, 13939
0.2147047519683838, 13938
0.2147047519683838, 13937
0.2147047519683838, 13936
0.2147047519683838, 13935
0.2147047519683838, 13934
0.2147047519683838, 13933
0.2147047519683838, 13932
0.2147047519683838, 13931
0.2147047519683838, 13930
0.21570301055908203, 13929
0.21570301055908203, 13928
0.21570301055908203, 13927
0.21570301055908203, 13926
0.21570301055908203, 13925
0.21570301055908203, 13924
0.21570301055908203, 13923
0.21570301055908203, 13922
0.21570301055908203, 13921
0.21570301055908203, 13920
0.21570301055908203, 13919
0.21570301055908203, 13918
0.21570301055908203, 13917
0.21570301055908203, 13916
0.21570301055908203, 13915
0.21670317649841309, 13914
0.21670317649841309, 13913
0.21670317649841309, 13912
0.21670317649841309, 13911
0.21670317649841309, 13910
0.21670317649841309, 13909
0.21670317649841309, 13908
0.21670317649841309, 13907
0.21670317649841309, 13906
0.21670317649841309, 13905
0.21670317649841309, 13904
0.21670317649841309, 13903
0.21670317649841309, 13902
0.21670317649841309, 13901
0.21670317649841309, 13900
0.21770310401916504, 13899
0.21770310401916504, 13898
0.21770310401916504, 13897
0.21770310401916504, 13896
0.21770310401916504, 13895
0.21770310401916504, 13894
0.21770310401916504, 13893
0.21770310401916504, 13892
0.21770310401916504, 13891
0.21770310401916504, 13890
0.21770310401916504, 13889
0.21770310401916504, 13888
0.21770310401916504, 13887
0.21770310401916504, 13886
0.2187032699584961, 13885
0.2187032699584961, 13884
0.2187032699584961, 13883
0.2187032699584961, 13882
0.2187032699584961, 13881
0.2187032699584961, 13880
0.2187032699584961, 13879
0.2187032699584961, 13878
0.2187032699584961, 13877
0.2187032699584961, 13876
0.2187032699584961, 13875
0.2187032699584961, 13874
0.2187032699584961, 13873
0.2187032699584961, 13872
0.21970367431640625, 13871
0.21970367431640625, 13870
0.21970367431640625, 13869
0.21970367431640625, 13868
0.21970367431640625, 13867
0.21970367431640625, 13866
0.21970367431640625, 13865
0.21970367431640625, 13864
0.21970367431640625, 13863
0.21970367431640625, 13862
0.21970367431640625, 13861
0.21970367431640625, 13860
0.21970367431640625, 13859
0.21970367431640625, 13858
0.220703125, 13857
0.220703125, 13856
0.220703125, 13855
0.220703125, 13854
0.220703125, 13853
0.220703125, 13852
0.39574265480041504, 13851
0.39574265480041504, 13850
0.39574265480041504, 13849
0.39574265480041504, 13848
0.39574265480041504, 13847
0.39574265480041504, 13846
0.39574265480041504, 13845
0.39574265480041504, 13844
0.39574265480041504, 13843
0.39574265480041504, 13842
0.39574265480041504, 13841
0.39574265480041504, 13840
0.3967418670654297, 13839
0.3967418670654297, 13838
0.3967418670654297, 13837
0.3967418670654297, 13836
0.3967418670654297, 13835
0.3967418670654297, 13834
0.3967418670654297, 13833
0.3967418670654297, 13832
0.3967418670654297, 13831
0.3967418670654297, 13830
0.3967418670654297, 13829
0.3967418670654297, 13828
0.3967418670654297, 13827
0.3967418670654297, 13826
0.3967418670654297, 13825
0.39774250984191895, 13824
0.39774250984191895, 13823
0.39774250984191895, 13822
0.39774250984191895, 13821
0.39774250984191895, 13820
0.39774250984191895, 13819
0.39774250984191895, 13818
0.39774250984191895, 13817
0.39774250984191895, 13816
0.39774250984191895, 13815
0.39774250984191895, 13814
0.39774250984191895, 13813
0.39774250984191895, 13812
0.39774250984191895, 13811
0.39774250984191895, 13810
0.39774250984191895, 13809
0.39874267578125, 13808
0.39874267578125, 13807
0.39874267578125, 13806
0.39874267578125, 13805
0.39874267578125, 13804
0.39874267578125, 13803
0.39874267578125, 13802
0.39874267578125, 13801
0.39874267578125, 13800
0.39874267578125, 13799
0.39874267578125, 13798
0.39874267578125, 13797
0.39874267578125, 13796
0.39874267578125, 13795
0.39874267578125, 13794
0.39974427223205566, 13793
0.39974427223205566, 13792
0.39974427223205566, 13791
0.39974427223205566, 13790
0.39974427223205566, 13789
0.39974427223205566, 13788
0.39974427223205566, 13787
0.39974427223205566, 13786
0.39974427223205566, 13785
0.39974427223205566, 13784
0.39974427223205566, 13783
0.39974427223205566, 13782
0.39974427223205566, 13781
0.39974427223205566, 13780
0.39974427223205566, 13779
0.39974427223205566, 13778
0.4007420539855957, 13777
0.4007420539855957, 13776
0.4007420539855957, 13775
0.4007420539855957, 13774
0.4007420539855957, 13773
0.4007420539855957, 13772
0.4007420539855957, 13771
0.4007420539855957, 13770
0.4007420539855957, 13769
0.4007420539855957, 13768
0.4007420539855957, 13767
0.4007420539855957, 13766
0.4007420539855957, 13765
0.4007420539855957, 13764
0.4007420539855957, 13763
0.40174245834350586, 13762
0.40174245834350586, 13761
0.40174245834350586, 13760
0.40174245834350586, 13759
0.40174245834350586, 13758
0.40174245834350586, 13757
0.40174245834350586, 13756
0.40174245834350586, 13755
0.40174245834350586, 13754
0.40174245834350586, 13753
0.40174245834350586, 13752
0.40174245834350586, 13751
0.40174245834350586, 13750
0.40174245834350586, 13749
0.40174245834350586, 13748
0.4027426242828369, 13747
0.4027426242828369, 13746
0.4027426242828369, 13745
0.4027426242828369, 13744
0.4027426242828369, 13743
0.4027426242828369, 13742
0.4027426242828369, 13741
0.4027426242828369, 13740
0.4027426242828369, 13739
0.4027426242828369, 13738
0.4027426242828369, 13737
0.4027426242828369, 13736
0.4027426242828369, 13735
0.4027426242828369, 13734
0.4027426242828369, 13733
0.40374231338500977, 13732
0.40374231338500977, 13731
0.40374231338500977, 13730
0.40374231338500977, 13729
0.40374231338500977, 13728
0.40374231338500977, 13727
0.40374231338500977, 13726
0.782956600189209, 13725
0.782956600189209, 13724
0.782956600189209, 13723
0.782956600189209, 13722
0.782956600189209, 13721
0.782956600189209, 13720
0.782956600189209, 13719
0.782956600189209, 13718
0.782956600189209, 13717
0.782956600189209, 13716
0.782956600189209, 13715
0.782956600189209, 13714
0.7839555740356445, 13713
0.7839555740356445, 13712
0.7839555740356445, 13711
0.7839555740356445, 13710
0.7839555740356445, 13709
0.7839555740356445, 13708
0.7839555740356445, 13707
0.7839555740356445, 13706
0.7839555740356445, 13705
0.7839555740356445, 13704
0.7839555740356445, 13703
0.7839555740356445, 13702
0.7839555740356445, 13701
0.7839555740356445, 13700
0.7839555740356445, 13699
0.7849607467651367, 13698
0.7849607467651367, 13697
0.7849607467651367, 13696
0.7849607467651367, 13695
0.7849607467651367, 13694
0.7849607467651367, 13693
0.7849607467651367, 13692
0.7849607467651367, 13691
0.7849607467651367, 13690
0.7849607467651367, 13689
0.7849607467651367, 13688
0.7849607467651367, 13687
0.7849607467651367, 13686
0.7849607467651367, 13685
0.7849607467651367, 13684
0.785956859588623, 13683
0.785956859588623, 13682
0.785956859588623, 13681
0.785956859588623, 13680
0.785956859588623, 13679
0.785956859588623, 13678
0.785956859588623, 13677
0.785956859588623, 13676
0.785956859588623, 13675
0.785956859588623, 13674
0.785956859588623, 13673
0.785956859588623, 13672
0.785956859588623, 13671
0.785956859588623, 13670
0.785956859588623, 13669
0.7869558334350586, 13668
0.7869558334350586, 13667
0.7869558334350586, 13666
0.7869558334350586, 13665
0.7869558334350586, 13664
0.7869558334350586, 13663
0.7869558334350586, 13662
0.7869558334350586, 13661
0.7869558334350586, 13660
0.7869558334350586, 13659
0.7869558334350586, 13658
0.7869558334350586, 13657
0.7869558334350586, 13656
0.7869558334350586, 13655
0.7869558334350586, 13654
0.7879588603973389, 13653
0.7879588603973389, 13652
0.7879588603973389, 13651
0.788161039352417, 13650
0.788161039352417, 13649
0.788161039352417, 13648
0.788161039352417, 13647
0.788161039352417, 13646
0.788161039352417, 13645
0.788161039352417, 13644
0.788161039352417, 13643
0.788161039352417, 13642
0.788161039352417, 13641
0.788161039352417, 13640
0.788161039352417, 13639
0.7889566421508789, 13638
0.7889566421508789, 13637
0.7889566421508789, 13636
0.7889566421508789, 13635
0.7889566421508789, 13634
0.7889566421508789, 13633
0.7889566421508789, 13632
0.7889566421508789, 13631
0.7889566421508789, 13630
0.7889566421508789, 13629
0.7889566421508789, 13628
0.7889566421508789, 13627
0.7889566421508789, 13626
0.7889566421508789, 13625
0.7899549007415771, 13624
0.7899549007415771, 13623
0.7899549007415771, 13622
0.7899549007415771, 13621
0.7899549007415771, 13620
0.7899549007415771, 13619
0.7899549007415771, 13618
0.7899549007415771, 13617
0.7899549007415771, 13616
0.7899549007415771, 13615
0.7899549007415771, 13614
0.7899549007415771, 13613
0.7899549007415771, 13612
0.7899549007415771, 13611
0.7899549007415771, 13610
0.7909567356109619, 13609
0.7909567356109619, 13608
0.7909567356109619, 13607
0.7909567356109619, 13606
0.7909567356109619, 13605
0.7909567356109619, 13604
0.7909567356109619, 13603
0.7909567356109619, 13602
0.7909567356109619, 13601
0.7909567356109619, 13600
0.7909567356109619, 13599
0.7909567356109619, 13598
0.7909567356109619, 13597
0.7909567356109619, 13596
0.7909567356109619, 13595
0.7919564247131348, 13594
0.7919564247131348, 13593
0.7919564247131348, 13592
0.7919564247131348, 13591
0.7919564247131348, 13590
0.7919564247131348, 13589
0.7919564247131348, 13588
0.7919564247131348, 13587
0.7919564247131348, 13586
0.7919564247131348, 13585
0.7919564247131348, 13584
0.7919564247131348, 13583
0.7919564247131348, 13582
0.7919564247131348, 13581
0.7919564247131348, 13580
0.7929556369781494, 13579
0.7929556369781494, 13578
0.7929556369781494, 13577
0.7929556369781494, 13576
0.7929556369781494, 13575
0.7929556369781494, 13574
0.7929556369781494, 13573
0.7929556369781494, 13572
0.7929556369781494, 13571
0.7929556369781494, 13570
0.7929556369781494, 13569
0.7929556369781494, 13568
0.7929556369781494, 13567
0.7929556369781494, 13566
0.7939553260803223, 13565
0.7939553260803223, 13564
0.7939553260803223, 13563
0.7939553260803223, 13562
0.7939553260803223, 13561
0.7939553260803223, 13560
0.7939553260803223, 13559
0.7939553260803223, 13558
0.7939553260803223, 13557
0.7939553260803223, 13556
0.7939553260803223, 13555
0.7939553260803223, 13554
0.7939553260803223, 13553
0.7939553260803223, 13552
0.7939553260803223, 13551
0.7949569225311279, 13550
0.7949569225311279, 13549
0.7949569225311279, 13548
0.7949569225311279, 13547
0.7949569225311279, 13546
0.7949569225311279, 13545
0.7949569225311279, 13544
0.7949569225311279, 13543
0.7949569225311279, 13542
0.7949569225311279, 13541
0.7949569225311279, 13540
0.7949569225311279, 13539
0.7949569225311279, 13538
0.7949569225311279, 13537
0.795957088470459, 13536
0.795957088470459, 13535
0.795957088470459, 13534
0.795957088470459, 13533
0.795957088470459, 13532
0.795957088470459, 13531
0.795957088470459, 13530
0.795957088470459, 13529
0.795957088470459, 13528
0.795957088470459, 13527
0.795957088470459, 13526
0.795957088470459, 13525
0.795957088470459, 13524
0.795957088470459, 13523
0.7969563007354736, 13522
0.7969563007354736, 13521
0.7969563007354736, 13520
0.7969563007354736, 13519
0.7969563007354736, 13518
0.7969563007354736, 13517
0.7969563007354736, 13516
0.7969563007354736, 13515
0.7969563007354736, 13514
0.7969563007354736, 13513
0.7969563007354736, 13512
0.7969563007354736, 13511
0.7969563007354736, 13510
0.7969563007354736, 13509
0.7979567050933838, 13508
3.767717123031616, 13507
3.76871657371521, 13506
3.76871657371521, 13505
3.76871657371521, 13504
3.76871657371521, 13503
3.76871657371521, 13502
3.76871657371521, 13501
3.76871657371521, 13500
3.76871657371521, 13499
3.76871657371521, 13498
3.76871657371521, 13497
3.76871657371521, 13496
3.76871657371521, 13495
3.76871657371521, 13494
3.7697181701660156, 13493
3.7697181701660156, 13492
3.7697181701660156, 13491
3.7697181701660156, 13490
3.7697181701660156, 13489
3.7697181701660156, 13488
3.7697181701660156, 13487
3.7697181701660156, 13486
3.7697181701660156, 13485
3.7697181701660156, 13484
3.7697181701660156, 13483
3.7697181701660156, 13482
3.7697181701660156, 13481
3.7697181701660156, 13480
3.7707161903381348, 13479
3.7707161903381348, 13478
3.7707161903381348, 13477
3.7707161903381348, 13476
3.7707161903381348, 13475
3.7707161903381348, 13474
3.7707161903381348, 13473
3.7707161903381348, 13472
3.7707161903381348, 13471
3.7707161903381348, 13470
3.7707161903381348, 13469
3.7707161903381348, 13468
3.771716356277466, 13467
3.771716356277466, 13466
3.771716356277466, 13465
3.771716356277466, 13464
3.771716356277466, 13463
3.771716356277466, 13462
3.771716356277466, 13461
3.771716356277466, 13460
3.771716356277466, 13459
3.771716356277466, 13458
3.771716356277466, 13457
3.771716356277466, 13456
3.771716356277466, 13455
3.771716356277466, 13454
3.772717237472534, 13453
3.772717237472534, 13452
3.772717237472534, 13451
3.772717237472534, 13450
3.772717237472534, 13449
3.772717237472534, 13448
3.772717237472534, 13447
3.772717237472534, 13446
3.772717237472534, 13445
3.772717237472534, 13444
3.772717237472534, 13443
3.772717237472534, 13442
3.772717237472534, 13441
3.773716926574707, 13440
3.773716926574707, 13439
3.773716926574707, 13438
3.773716926574707, 13437
3.773716926574707, 13436
3.773716926574707, 13435
3.773716926574707, 13434
3.773716926574707, 13433
3.773716926574707, 13432
3.773716926574707, 13431
3.773716926574707, 13430
3.773716926574707, 13429
3.773716926574707, 13428
3.773716926574707, 13427
3.7747182846069336, 13426
3.7747182846069336, 13425
3.7747182846069336, 13424
3.7747182846069336, 13423
3.7747182846069336, 13422
3.7747182846069336, 13421
3.7747182846069336, 13420
3.7747182846069336, 13419
3.7747182846069336, 13418
3.7747182846069336, 13417
3.7747182846069336, 13416
3.7747182846069336, 13415
3.7747182846069336, 13414
3.7747182846069336, 13413
3.775716781616211, 13412
3.775716781616211, 13411
3.775716781616211, 13410
3.775716781616211, 13409
3.775716781616211, 13408
3.775716781616211, 13407
3.775716781616211, 13406
3.775716781616211, 13405
3.775716781616211, 13404
3.775716781616211, 13403
3.775716781616211, 13402
3.775716781616211, 13401
3.775716781616211, 13400
3.775716781616211, 13399
3.7767200469970703, 13398
3.7767200469970703, 13397
3.7767200469970703, 13396
3.7767200469970703, 13395
3.7767200469970703, 13394
3.7767200469970703, 13393
3.7767200469970703, 13392
3.7767200469970703, 13391
3.7767200469970703, 13390
3.7767200469970703, 13389
3.7767200469970703, 13388
3.7767200469970703, 13387
3.7767200469970703, 13386
3.7767200469970703, 13385
3.777719497680664, 13384
3.777719497680664, 13383
3.777719497680664, 13382
3.777719497680664, 13381
3.777719497680664, 13380
3.777719497680664, 13379
3.777719497680664, 13378
3.777719497680664, 13377
3.777719497680664, 13376
3.777719497680664, 13375
3.777719497680664, 13374
3.777719497680664, 13373
3.777719497680664, 13372
3.777719497680664, 13371
3.7787206172943115, 13370
3.7787206172943115, 13369
3.7787206172943115, 13368
3.7787206172943115, 13367
3.7787206172943115, 13366
3.7787206172943115, 13365
3.7787206172943115, 13364
3.7787206172943115, 13363
3.7787206172943115, 13362
3.7787206172943115, 13361
3.7787206172943115, 13360
3.7787206172943115, 13359
3.7787206172943115, 13358
3.7797183990478516, 13357
3.7797183990478516, 13356
3.7797183990478516, 13355
3.7797183990478516, 13354
3.7797183990478516, 13353
3.7797183990478516, 13352
3.7797183990478516, 13351
3.7797183990478516, 13350
3.7797183990478516, 13349
3.7797183990478516, 13348
3.7797183990478516, 13347
3.7797183990478516, 13346
3.7797183990478516, 13345
3.7807223796844482, 13344
3.7807223796844482, 13343
3.7807223796844482, 13342
3.7807223796844482, 13341
3.7807223796844482, 13340
3.7807223796844482, 13339
3.7807223796844482, 13338
3.7807223796844482, 13337
3.7807223796844482, 13336
3.7807223796844482, 13335
3.7807223796844482, 13334
3.7807223796844482, 13333
3.7807223796844482, 13332
3.78171706199646, 13331
3.78171706199646, 13330
3.78171706199646, 13329
3.78171706199646, 13328
3.78171706199646, 13327
3.78171706199646, 13326
3.78171706199646, 13325
3.78171706199646, 13324
3.78171706199646, 13323
3.78171706199646, 13322
3.78171706199646, 13321
3.78171706199646, 13320
3.78171706199646, 13319
3.7827229499816895, 13318
3.7827229499816895, 13317
3.7827229499816895, 13316
3.7827229499816895, 13315
3.7827229499816895, 13314
3.7827229499816895, 13313
3.7827229499816895, 13312
3.7827229499816895, 13311
3.7827229499816895, 13310
3.7827229499816895, 13309
3.7827229499816895, 13308
3.7827229499816895, 13307
3.7837202548980713, 13306
3.7837202548980713, 13305
3.7837202548980713, 13304
3.7837202548980713, 13303
3.7837202548980713, 13302
3.7837202548980713, 13301
3.7837202548980713, 13300
3.7837202548980713, 13299
3.7837202548980713, 13298
3.7837202548980713, 13297
3.7837202548980713, 13296
3.7837202548980713, 13295
3.7837202548980713, 13294
3.784724235534668, 13293
3.784724235534668, 13292
3.784724235534668, 13291
3.784724235534668, 13290
3.784724235534668, 13289
3.784724235534668, 13288
3.784724235534668, 13287
3.784724235534668, 13286
3.784724235534668, 13285
3.784724235534668, 13284
3.784724235534668, 13283
3.7857165336608887, 13282
3.7857165336608887, 13281
3.7857165336608887, 13280
3.7857165336608887, 13279
3.7857165336608887, 13278
3.7857165336608887, 13277
3.7857165336608887, 13276
3.7857165336608887, 13275
3.7857165336608887, 13274
3.7857165336608887, 13273
3.7857165336608887, 13272
3.7857165336608887, 13271
3.7867212295532227, 13270
3.7867212295532227, 13269
3.7867212295532227, 13268
3.7867212295532227, 13267
3.7867212295532227, 13266
3.7867212295532227, 13265
3.7867212295532227, 13264
3.7867212295532227, 13263
3.7867212295532227, 13262
3.7867212295532227, 13261
3.7867212295532227, 13260
3.7867212295532227, 13259
3.7877206802368164, 13258
3.7877206802368164, 13257
3.7877206802368164, 13256
3.7877206802368164, 13255
3.7877206802368164, 13254
3.7877206802368164, 13253
3.7877206802368164, 13252
3.7877206802368164, 13251
3.7877206802368164, 13250
3.7877206802368164, 13249
3.7877206802368164, 13248
3.7877206802368164, 13247
3.7887165546417236, 13246
3.7887165546417236, 13245
3.7887165546417236, 13244
3.7887165546417236, 13243
3.7887165546417236, 13242
3.7887165546417236, 13241
3.7887165546417236, 13240
3.7887165546417236, 13239
3.7887165546417236, 13238
3.7887165546417236, 13237
3.7887165546417236, 13236
3.7887165546417236, 13235
3.789717197418213, 13234
3.789717197418213, 13233
3.789717197418213, 13232
3.789717197418213, 13231
3.789717197418213, 13230
3.789717197418213, 13229
3.789717197418213, 13228
3.789717197418213, 13227
3.789717197418213, 13226
3.789717197418213, 13225
3.789717197418213, 13224
3.789717197418213, 13223
3.7907159328460693, 13222
3.7907159328460693, 13221
3.7907159328460693, 13220
3.7907159328460693, 13219
3.7907159328460693, 13218
3.7907159328460693, 13217
3.7907159328460693, 13216
3.7907159328460693, 13215
3.7907159328460693, 13214
3.7907159328460693, 13213
3.7907159328460693, 13212
3.7907159328460693, 13211
3.791717529296875, 13210
3.791717529296875, 13209
3.791717529296875, 13208
3.791717529296875, 13207
3.791717529296875, 13206
3.791717529296875, 13205
3.791717529296875, 13204
3.791717529296875, 13203
3.791717529296875, 13202
3.791717529296875, 13201
3.791717529296875, 13200
3.791717529296875, 13199
3.792717456817627, 13198
3.792717456817627, 13197
3.792717456817627, 13196
3.792717456817627, 13195
3.792717456817627, 13194
3.792717456817627, 13193
3.792717456817627, 13192
3.792717456817627, 13191
3.792717456817627, 13190
3.792717456817627, 13189
3.792717456817627, 13188
3.792717456817627, 13187
3.792717456817627, 13186
3.7937164306640625, 13185
3.7937164306640625, 13184
3.7937164306640625, 13183
3.7939655780792236, 13182
3.7939655780792236, 13181
3.7939655780792236, 13180
3.7939655780792236, 13179
3.7939655780792236, 13178
3.7939655780792236, 13177
3.7939655780792236, 13176
3.7939655780792236, 13175
3.7939655780792236, 13174
3.7939655780792236, 13173
3.7939655780792236, 13172
3.7939655780792236, 13171
3.79496169090271, 13170
3.79496169090271, 13169
3.79496169090271, 13168
3.79496169090271, 13167
3.79496169090271, 13166
3.79496169090271, 13165
3.79496169090271, 13164
3.79496169090271, 13163
3.79496169090271, 13162
3.79496169090271, 13161
3.79496169090271, 13160
3.79496169090271, 13159
3.79496169090271, 13158
3.7959611415863037, 13157
3.7959611415863037, 13156
3.7959611415863037, 13155
3.7959611415863037, 13154
3.7959611415863037, 13153
3.7959611415863037, 13152
3.7959611415863037, 13151
3.7959611415863037, 13150
3.7959611415863037, 13149
3.7959611415863037, 13148
3.7959611415863037, 13147
3.7959611415863037, 13146
3.796961545944214, 13145
3.796961545944214, 13144
3.796961545944214, 13143
3.796961545944214, 13142
3.796961545944214, 13141
3.796961545944214, 13140
3.796961545944214, 13139
3.796961545944214, 13138
3.796961545944214, 13137
3.796961545944214, 13136
3.796961545944214, 13135
3.796961545944214, 13134
3.797962188720703, 13133
3.797962188720703, 13132
3.797962188720703, 13131
3.797962188720703, 13130
3.797962188720703, 13129
3.797962188720703, 13128
3.797962188720703, 13127
3.797962188720703, 13126
3.797962188720703, 13125
3.797962188720703, 13124
3.797962188720703, 13123
3.797962188720703, 13122
3.797962188720703, 13121
3.798961877822876, 13120
3.798961877822876, 13119
3.798961877822876, 13118
3.798961877822876, 13117
3.798961877822876, 13116
3.798961877822876, 13115
3.798961877822876, 13114
3.798961877822876, 13113
3.798961877822876, 13112
3.798961877822876, 13111
3.798961877822876, 13110
3.798961877822876, 13109
3.7999634742736816, 13108
3.7999634742736816, 13107
3.7999634742736816, 13106
3.7999634742736816, 13105
3.7999634742736816, 13104
3.7999634742736816, 13103
3.7999634742736816, 13102
3.7999634742736816, 13101
3.7999634742736816, 13100
3.7999634742736816, 13099
3.7999634742736816, 13098
3.7999634742736816, 13097
3.7999634742736816, 13096
3.8009612560272217, 13095
3.8009612560272217, 13094
3.8009612560272217, 13093
3.8009612560272217, 13092
3.8009612560272217, 13091
3.8009612560272217, 13090
3.8009612560272217, 13089
3.8009612560272217, 13088
3.8009612560272217, 13087
3.8009612560272217, 13086
3.8009612560272217, 13085
3.8019628524780273, 13084
